phenix.python
you are importing  adaptive calculator, and it does nothing. Please give it energy, force....... 

============================== Collecting inputs ==============================


                   ----------Processing X-ray data----------                   

F-obs:
  /scratch/m_zhen01/30995.lupus.uni-muenster.de/p26/02_mtz/258_FGG224-new.mtz:F-obs
Miller array info: None
Observation type: xray.amplitude
Type of data: double, size=198
Type of sigmas: None
Number of Miller indices: 198
Anomalous flag: False
Unit cell: (14.115, 12.872, 10.767, 90, 90, 90)
Space group: P 1 (No. 1)
Systematic absences: 0
Centric reflections: 0
Resolution range: 3.98584 2.50012
Completeness in resolution range: 1
Completeness with d_max=infinity: 0.75

Number of F-obs in resolution range:                   198
Number of F-obs<0 (these reflections will be rejected): 0
Number of F-obs=0 (these reflections will be used in refinement): 0
Refinement resolution range: d_max =   3.9858
                             d_min =   2.5001

R-free flags:
  /scratch/m_zhen01/30995.lupus.uni-muenster.de/p26/02_mtz/258_FGG224-new.mtz:R-free-flags
Miller array info: /scratch/m_zhen01/30995.lupus.uni-muenster.de/p26/02_mtz/258_FGG224-new.mtz:R-free-flags
Observation type: None
Type of data: int, size=198
Type of sigmas: None
Number of Miller indices: 198
Anomalous flag: False
Unit cell: (14.115, 12.872, 10.767, 90, 90, 90)
Space group: P 1 (No. 1)
Systematic absences: 0
Centric reflections: 0
Resolution range: 3.98584 2.50012
Completeness in resolution range: 1
Completeness with d_max=infinity: 0.75
Wavelength: 1.0000

Test (R-free flags) flag value: 1

Number of work/free reflections by resolution:
                                  work free  %free
  bin  1: 3.9858 - 3.6472 [14/14]   12    2  14.3%
  bin  2: 3.6472 - 3.4005 [26/26]   26    0   0.0%
  bin  3: 3.4005 - 3.2093 [17/17]   17    0   0.0%
  bin  4: 3.2093 - 3.0550 [24/24]   22    2   8.3%
  bin  5: 3.0550 - 2.9267 [20/20]   20    0   0.0%
  bin  6: 2.9267 - 2.8175 [15/15]   15    0   0.0%
  bin  7: 2.8175 - 2.7230 [18/18]   14    4  22.2%
  bin  8: 2.7230 - 2.6400 [25/25]   25    0   0.0%
  bin  9: 2.6400 - 2.5662 [21/21]   17    4  19.0%
  bin 10: 2.5662 - 2.5001 [18/18]   18    0   0.0%
                          overall  186   12   6.1%

                   ----------Processing PDB file(s)----------                  

  Monomer Library directory:
    "/tmp1/m_zhen01/phenix-installer-1.10.1-2155-intel-linux-2.6-x86_64-centos5/phenix-1.10.1-2155/modules/chem_data/mon_lib"
  Total number of atoms: 37
  Number of models: 1
  Model: ""
    Number of chains: 1
    Chain: "A"
      Number of atoms: 37
      Number of conformers: 1
      Conformer: ""
        Number of residues, atoms: 3, 37
          Classifications: {'peptide': 3}
          Modifications used: {'NH2NOTPRO': 1, 'COOH': 1}
          Link IDs: {'TRANS': 2}
  Time building chain proxies: 0.07, per 1000 atoms: 1.89
  Number of scatterers: 37
  At special positions: 0
  Unit cell: (14.115, 12.872, 10.767, 90, 90, 90)
  Space group: P 1 (No. 1)
  Number of sites at special positions: 0
  Number of scattering types: 4
    Type Number    sf(0)
     O       4      8.00
     N       3      7.00
     C      13      6.00
     H      17      1.00
    sf(0) = scattering factor at diffraction angle 0.

  Number of disulfides: simple=0, symmetry=0

  Automatic linking
    Parameters for automatic linking
      Linking & cutoffs
        Metal                : False - 3.50
        Amimo acid           : False - 1.90
        Carbohydrate         : True  - 1.99
        Ligands              : True  - 1.99
        Amino acid - RNA/DNA : False
      
  Number of custom bonds: simple=0, symmetry=0
  Time building additional restraints: 0.02
  Conformation dependent library (CDL) restraints added in 2.5 milliseconds
  
  Adding C-beta torsion restraints...
  Number of C-beta restraints generated:  2
  Time building geometry restraints manager: 0.03 seconds

  NOTE: a complete listing of the restraints can be obtained by requesting
        output of .geo file.

  Histogram of bond lengths:
        0.83 -     0.97: 12
        0.97 -     1.12: 5
        1.12 -     1.26: 3
        1.26 -     1.40: 5
        1.40 -     1.55: 12
  Bond restraints: 37
  Sorted by residual:
  bond pdb=" CE2 PHE A   1 "
       pdb=" HE2 PHE A   1 "
    ideal  model  delta    sigma   weight residual
    0.930  0.890  0.040 2.00e-02 2.50e+03 3.98e+00
  bond pdb=" CD2 PHE A   1 "
       pdb=" HD2 PHE A   1 "
    ideal  model  delta    sigma   weight residual
    0.930  0.891  0.039 2.00e-02 2.50e+03 3.79e+00
  bond pdb=" OXT GLY A   3 "
       pdb=" HXT GLY A   3 "
    ideal  model  delta    sigma   weight residual
    0.948  0.910  0.038 2.00e-02 2.50e+03 3.69e+00
  bond pdb=" CZ  PHE A   1 "
       pdb=" CE1 PHE A   1 "
    ideal  model  delta    sigma   weight residual
    1.382  1.436 -0.054 3.00e-02 1.11e+03 3.27e+00
  bond pdb=" CA  PHE A   1 "
       pdb=" N   PHE A   1 "
    ideal  model  delta    sigma   weight residual
    1.458  1.424  0.034 1.90e-02 2.77e+03 3.27e+00
  ... (remaining 32 not shown)

  Histogram of bond angle deviations from ideal:
      104.85 -   109.34: 14
      109.34 -   113.82: 13
      113.82 -   118.31: 9
      118.31 -   122.79: 16
      122.79 -   127.28: 8
  Bond angle restraints: 60
  Sorted by residual:
  angle pdb=" O   PHE A   1 "
        pdb=" C   PHE A   1 "
        pdb=" N   GLY A   2 "
      ideal   model   delta    sigma   weight residual
     123.00  125.74   -2.74 1.60e+00 3.91e-01 2.94e+00
  angle pdb=" CZ  PHE A   1 "
        pdb=" CE1 PHE A   1 "
        pdb=" CD1 PHE A   1 "
      ideal   model   delta    sigma   weight residual
     120.00  116.98    3.02 1.80e+00 3.09e-01 2.82e+00
  angle pdb=" CZ  PHE A   1 "
        pdb=" CE1 PHE A   1 "
        pdb=" HE1 PHE A   1 "
      ideal   model   delta    sigma   weight residual
     120.00  124.32   -4.32 3.00e+00 1.11e-01 2.08e+00
  angle pdb=" C   GLY A   3 "
        pdb=" CA  GLY A   3 "
        pdb=" HA1 GLY A   3 "
      ideal   model   delta    sigma   weight residual
     109.00  104.85    4.15 3.00e+00 1.11e-01 1.91e+00
  angle pdb=" C   GLY A   2 "
        pdb=" CA  GLY A   2 "
        pdb=" HA2 GLY A   2 "
      ideal   model   delta    sigma   weight residual
     109.00  113.05   -4.05 3.00e+00 1.11e-01 1.82e+00
  ... (remaining 55 not shown)

  Histogram of dihedral angle deviations from ideal:
        0.20 -    35.39: 11
       35.39 -    70.58: 1
       70.58 -   105.77: 0
      105.77 -   140.96: 0
      140.96 -   176.15: 1
  Dihedral angle restraints: 13
    sinusoidal: 3
      harmonic: 10
  Sorted by residual:
  dihedral pdb=" O   GLY A   3 "
           pdb=" C   GLY A   3 "
           pdb=" OXT GLY A   3 "
           pdb=" HXT GLY A   3 "
      ideal   model   delta  harmonic     sigma   weight residual
       0.00  176.15 -176.15     0      3.00e+01 1.11e-03 3.45e+01
  dihedral pdb=" OXT GLY A   3 "
           pdb=" C   GLY A   3 "
           pdb=" CA  GLY A   3 "
           pdb=" N   GLY A   3 "
      ideal   model   delta sinusoidal    sigma   weight residual
     160.00  113.37   46.63     2      3.00e+01 1.11e-03 2.82e+00
  dihedral pdb=" CA  GLY A   2 "
           pdb=" C   GLY A   2 "
           pdb=" N   GLY A   3 "
           pdb=" CA  GLY A   3 "
      ideal   model   delta  harmonic     sigma   weight residual
     180.00 -175.00   -5.00     0      5.00e+00 4.00e-02 9.99e-01
  ... (remaining 10 not shown)

  Histogram of chiral volume deviations from ideal:
       0.088 -    0.088: 1
       0.088 -    0.088: 0
       0.088 -    0.088: 0
       0.088 -    0.088: 0
       0.088 -    0.088: 0
  Chirality restraints: 1
  Sorted by residual:
  chirality pdb=" CA  PHE A   1 "
            pdb=" C   PHE A   1 "
            pdb=" N   PHE A   1 "
            pdb=" CB  PHE A   1 "
    both_signs  ideal   model   delta    sigma   weight residual
      False     -2.51   -2.42   -0.09 2.00e-01 2.50e+01 1.94e-01

  Planarity restraints: 6
  Sorted by residual:
                                 delta    sigma   weight rms_deltas residual
  plane pdb=" CB  PHE A   1 "   -0.019 2.00e-02 2.50e+03   1.80e-02 9.70e+00
        pdb=" CG  PHE A   1 "    0.008 2.00e-02 2.50e+03
        pdb=" CD2 PHE A   1 "    0.007 2.00e-02 2.50e+03
        pdb=" HD2 PHE A   1 "   -0.017 2.00e-02 2.50e+03
        pdb=" CE2 PHE A   1 "   -0.011 2.00e-02 2.50e+03
        pdb=" HE2 PHE A   1 "    0.043 2.00e-02 2.50e+03
        pdb=" CZ  PHE A   1 "   -0.013 2.00e-02 2.50e+03
        pdb=" HZ  PHE A   1 "   -0.023 2.00e-02 2.50e+03
        pdb=" CE1 PHE A   1 "   -0.004 2.00e-02 2.50e+03
        pdb=" HE1 PHE A   1 "    0.001 2.00e-02 2.50e+03
        pdb=" CD1 PHE A   1 "    0.006 2.00e-02 2.50e+03
        pdb=" HD1 PHE A   1 "    0.020 2.00e-02 2.50e+03
                                 delta    sigma   weight rms_deltas residual
  plane pdb=" O   GLY A   3 "   -0.012 2.00e-02 2.50e+03   1.64e-02 3.35e+00
        pdb=" C   GLY A   3 "    0.004 2.00e-02 2.50e+03
        pdb=" OXT GLY A   3 "    0.025 2.00e-02 2.50e+03
        pdb=" HXT GLY A   3 "   -0.023 2.00e-02 2.50e+03
        pdb=" CA  GLY A   3 "    0.006 2.00e-02 2.50e+03
                                 delta    sigma   weight rms_deltas residual
  plane pdb=" C   GLY A   2 "   -0.030 2.00e-02 2.50e+03   1.73e-02 3.00e+00
        pdb=" O   GLY A   2 "    0.012 2.00e-02 2.50e+03
        pdb=" CA  GLY A   2 "    0.008 2.00e-02 2.50e+03
        pdb=" N   GLY A   3 "    0.010 2.00e-02 2.50e+03
  ... (remaining 3 not shown)

  Histogram of nonbonded interaction distances:
        2.04 -     2.61: 31
        2.61 -     3.19: 53
        3.19 -     3.76: 78
        3.76 -     4.33: 65
        4.33 -     4.90: 76
  Nonbonded interactions: 303
  Sorted by model distance:
  nonbonded pdb=" HXT GLY A   3 "
            pdb=" HA1 GLY A   3 "
     model   vdw
     2.042 2.270
  nonbonded pdb=" HA2 GLY A   3 "
            pdb=" H   GLY A   3 "
     model   vdw
     2.102 1.816
  nonbonded pdb=" H2  PHE A   1 "
            pdb=" HA  PHE A   1 "
     model   vdw
     2.103 1.816
  nonbonded pdb=" HA1 GLY A   2 "
            pdb=" H   GLY A   2 "
     model   vdw
     2.112 1.816
  nonbonded pdb=" H1  PHE A   1 "
            pdb=" HA  PHE A   1 "
     model   vdw
     2.195 1.816
  ... (remaining 298 not shown)

  NOTE: a complete listing of the restraints can be obtained by requesting
        output of .geo file.

                   ----------xray_structure summary----------                  

Number of scattering types: 4
  Type Number    sf(0)   Gaussians
   O       4      7.97       2
   N       3      6.97       2
   C      13      5.97       2
   H      17      1.00       2
  sf(0) = scattering factor at diffraction angle 0.
Number of scatterers: 37
At special positions: 0
Unit cell: (14.115, 12.872, 10.767, 90, 90, 90)
Space group: P 1 (No. 1)

End of input processing
r_work=0.4409 r_free=0.3893
params.data_weight: None
params.restraints: cctbx
rmsd(b), start:  0.0910
mc:   0 R: 0.1303 rmsd(b):  0.0378 restraint_scale:  2.0 min_steps: 38
mc:   1 R: 0.0227 rmsd(b):  0.0103 restraint_scale:  2.0 min_steps: 31
mc:   2 R: 0.0082 rmsd(b):  0.0262 restraint_scale:  2.0 min_steps: 25
mc:   3 R: 0.0066 rmsd(b):  0.0272 restraint_scale:  2.0 min_steps: 11
mc:   4 R: 0.0057 rmsd(b):  0.0281 restraint_scale:  2.0 min_steps: 8
Convergence reached, stop now.
see the result structure:  ./p26/04_results/refine_cctbx/258_FGG224-new/0.6/5.pdb
Time: 5.6112
