phenix.python
you are importing  adaptive calculator, and it does nothing. Please give it energy, force....... 

============================== Collecting inputs ==============================


                   ----------Processing X-ray data----------                   

F-obs:
  /scratch/m_zhen01/30995.lupus.uni-muenster.de/p26/02_mtz/212_WGG14-new.mtz:F-obs
Miller array info: None
Observation type: xray.amplitude
Type of data: double, size=201
Type of sigmas: None
Number of Miller indices: 201
Anomalous flag: False
Unit cell: (12.294, 13.908, 11.688, 90, 90, 90)
Space group: P 1 (No. 1)
Systematic absences: 0
Centric reflections: 0
Resolution range: 3.93091 2.50228
Completeness in resolution range: 1
Completeness with d_max=infinity: 0.747212

Number of F-obs in resolution range:                   201
Number of F-obs<0 (these reflections will be rejected): 0
Number of F-obs=0 (these reflections will be used in refinement): 0
Refinement resolution range: d_max =   3.9309
                             d_min =   2.5023

R-free flags:
  /scratch/m_zhen01/30995.lupus.uni-muenster.de/p26/02_mtz/212_WGG14-new.mtz:R-free-flags
Miller array info: /scratch/m_zhen01/30995.lupus.uni-muenster.de/p26/02_mtz/212_WGG14-new.mtz:R-free-flags
Observation type: None
Type of data: int, size=201
Type of sigmas: None
Number of Miller indices: 201
Anomalous flag: False
Unit cell: (12.294, 13.908, 11.688, 90, 90, 90)
Space group: P 1 (No. 1)
Systematic absences: 0
Centric reflections: 0
Resolution range: 3.93091 2.50228
Completeness in resolution range: 1
Completeness with d_max=infinity: 0.747212
Wavelength: 1.0000

Test (R-free flags) flag value: 1

Number of work/free reflections by resolution:
                                  work free  %free
  bin  1: 3.9309 - 3.6132 [21/21]   20    1   4.8%
  bin  2: 3.6132 - 3.3783 [21/21]   21    0   0.0%
  bin  3: 3.3783 - 3.1946 [24/24]   20    4  16.7%
  bin  4: 3.1946 - 3.0453 [ 7/7 ]    7    0   0.0%
  bin  5: 3.0453 - 2.9205 [27/27]   27    0   0.0%
  bin  6: 2.9205 - 2.8139 [18/18]   16    2  11.1%
  bin  7: 2.8139 - 2.7214 [15/15]   15    0   0.0%
  bin  8: 2.7214 - 2.6399 [30/30]   30    0   0.0%
  bin  9: 2.6399 - 2.5674 [20/20]   20    0   0.0%
  bin 10: 2.5674 - 2.5023 [18/18]   18    0   0.0%
                          overall  194    7   3.5%

                   ----------Processing PDB file(s)----------                  

  Monomer Library directory:
    "/tmp1/m_zhen01/phenix-installer-1.10.1-2155-intel-linux-2.6-x86_64-centos5/phenix-1.10.1-2155/modules/chem_data/mon_lib"
  Total number of atoms: 41
  Number of models: 1
  Model: ""
    Number of chains: 1
    Chain: "A"
      Number of atoms: 41
      Number of conformers: 1
      Conformer: ""
        Number of residues, atoms: 3, 41
          Classifications: {'peptide': 3}
          Modifications used: {'NH2NOTPRO': 1, 'COOH': 1}
          Link IDs: {'TRANS': 2}
  Time building chain proxies: 0.08, per 1000 atoms: 1.95
  Number of scatterers: 41
  At special positions: 0
  Unit cell: (12.294, 13.908, 11.688, 90, 90, 90)
  Space group: P 1 (No. 1)
  Number of sites at special positions: 0
  Number of scattering types: 4
    Type Number    sf(0)
     O       4      8.00
     N       4      7.00
     C      15      6.00
     H      18      1.00
    sf(0) = scattering factor at diffraction angle 0.

  Number of disulfides: simple=0, symmetry=0

  Automatic linking
    Parameters for automatic linking
      Linking & cutoffs
        Metal                : False - 3.50
        Amimo acid           : False - 1.90
        Carbohydrate         : True  - 1.99
        Ligands              : True  - 1.99
        Amino acid - RNA/DNA : False
      
  Number of custom bonds: simple=0, symmetry=0
  Time building additional restraints: 0.03
  Conformation dependent library (CDL) restraints added in 2.4 milliseconds
  
  Adding C-beta torsion restraints...
  Number of C-beta restraints generated:  2
  Time building geometry restraints manager: 0.04 seconds

  NOTE: a complete listing of the restraints can be obtained by requesting
        output of .geo file.

  Histogram of bond lengths:
        0.82 -     0.97: 10
        0.97 -     1.11: 8
        1.11 -     1.25: 3
        1.25 -     1.39: 7
        1.39 -     1.54: 14
  Bond restraints: 42
  Sorted by residual:
  bond pdb=" CA  TRP A   1 "
       pdb=" CB  TRP A   1 "
    ideal  model  delta    sigma   weight residual
    1.530  1.484  0.046 2.00e-02 2.50e+03 5.29e+00
  bond pdb=" CB  TRP A   1 "
       pdb=" HB2 TRP A   1 "
    ideal  model  delta    sigma   weight residual
    0.970  1.010 -0.040 2.00e-02 2.50e+03 4.05e+00
  bond pdb=" N   GLY A   2 "
       pdb=" H   GLY A   2 "
    ideal  model  delta    sigma   weight residual
    0.860  0.823  0.037 2.00e-02 2.50e+03 3.38e+00
  bond pdb=" N   TRP A   1 "
       pdb=" H2  TRP A   1 "
    ideal  model  delta    sigma   weight residual
    0.960  0.995 -0.035 2.00e-02 2.50e+03 3.14e+00
  bond pdb=" CE3 TRP A   1 "
       pdb=" CD2 TRP A   1 "
    ideal  model  delta    sigma   weight residual
    1.398  1.422 -0.024 1.60e-02 3.91e+03 2.18e+00
  ... (remaining 37 not shown)

  Histogram of bond angle deviations from ideal:
      104.82 -   110.48: 25
      110.48 -   116.15: 10
      116.15 -   121.82: 16
      121.82 -   127.48: 14
      127.48 -   133.15: 4
  Bond angle restraints: 69
  Sorted by residual:
  angle pdb=" CA  TRP A   1 "
        pdb=" CB  TRP A   1 "
        pdb=" CG  TRP A   1 "
      ideal   model   delta    sigma   weight residual
     113.60  108.99    4.61 1.90e+00 2.77e-01 5.89e+00
  angle pdb=" C   TRP A   1 "
        pdb=" N   GLY A   2 "
        pdb=" CA  GLY A   2 "
      ideal   model   delta    sigma   weight residual
     121.41  117.53    3.88 1.96e+00 2.60e-01 3.92e+00
  angle pdb=" HA2 GLY A   2 "
        pdb=" CA  GLY A   2 "
        pdb=" N   GLY A   2 "
      ideal   model   delta    sigma   weight residual
     110.00  104.82    5.18 3.00e+00 1.11e-01 2.98e+00
  angle pdb=" CH2 TRP A   1 "
        pdb=" CZ3 TRP A   1 "
        pdb=" HZ3 TRP A   1 "
      ideal   model   delta    sigma   weight residual
     119.45  114.44    5.01 3.00e+00 1.11e-01 2.79e+00
  angle pdb=" HB2 TRP A   1 "
        pdb=" CB  TRP A   1 "
        pdb=" CG  TRP A   1 "
      ideal   model   delta    sigma   weight residual
     108.00  112.85   -4.85 3.00e+00 1.11e-01 2.61e+00
  ... (remaining 64 not shown)

  Histogram of dihedral angle deviations from ideal:
        0.43 -    35.91: 12
       35.91 -    71.40: 0
       71.40 -   106.88: 1
      106.88 -   142.36: 0
      142.36 -   177.84: 1
  Dihedral angle restraints: 14
    sinusoidal: 3
      harmonic: 11
  Sorted by residual:
  dihedral pdb=" O   GLY A   3 "
           pdb=" C   GLY A   3 "
           pdb=" OXT GLY A   3 "
           pdb=" HXT GLY A   3 "
      ideal   model   delta  harmonic     sigma   weight residual
       0.00  177.84 -177.84     0      3.00e+01 1.11e-03 3.51e+01
  dihedral pdb=" OXT GLY A   3 "
           pdb=" C   GLY A   3 "
           pdb=" CA  GLY A   3 "
           pdb=" N   GLY A   3 "
      ideal   model   delta sinusoidal    sigma   weight residual
     -20.00 -103.04   83.04     2      3.00e+01 1.11e-03 5.26e+00
  dihedral pdb=" CA  GLY A   2 "
           pdb=" C   GLY A   2 "
           pdb=" N   GLY A   3 "
           pdb=" CA  GLY A   3 "
      ideal   model   delta  harmonic     sigma   weight residual
     180.00  172.91    7.09     0      5.00e+00 4.00e-02 2.01e+00
  ... (remaining 11 not shown)

  Histogram of chiral volume deviations from ideal:
       0.003 -    0.003: 1
       0.003 -    0.003: 0
       0.003 -    0.003: 0
       0.003 -    0.003: 0
       0.003 -    0.003: 0
  Chirality restraints: 1
  Sorted by residual:
  chirality pdb=" CA  TRP A   1 "
            pdb=" C   TRP A   1 "
            pdb=" N   TRP A   1 "
            pdb=" CB  TRP A   1 "
    both_signs  ideal   model   delta    sigma   weight residual
      False     -2.51   -2.51   -0.00 2.00e-01 2.50e+01 1.82e-04

  Planarity restraints: 6
  Sorted by residual:
                                 delta    sigma   weight rms_deltas residual
  plane pdb=" CB  TRP A   1 "    0.005 2.00e-02 2.50e+03   1.68e-02 1.13e+01
        pdb=" CG  TRP A   1 "    0.015 2.00e-02 2.50e+03
        pdb=" CD1 TRP A   1 "   -0.008 2.00e-02 2.50e+03
        pdb=" HD1 TRP A   1 "   -0.009 2.00e-02 2.50e+03
        pdb=" NE1 TRP A   1 "    0.008 2.00e-02 2.50e+03
        pdb=" HE1 TRP A   1 "   -0.026 2.00e-02 2.50e+03
        pdb=" CE2 TRP A   1 "    0.008 2.00e-02 2.50e+03
        pdb=" CZ2 TRP A   1 "    0.001 2.00e-02 2.50e+03
        pdb=" HZ2 TRP A   1 "    0.043 2.00e-02 2.50e+03
        pdb=" CH2 TRP A   1 "   -0.002 2.00e-02 2.50e+03
        pdb=" HH2 TRP A   1 "   -0.036 2.00e-02 2.50e+03
        pdb=" CZ3 TRP A   1 "    0.002 2.00e-02 2.50e+03
        pdb=" HZ3 TRP A   1 "    0.009 2.00e-02 2.50e+03
        pdb=" CE3 TRP A   1 "   -0.001 2.00e-02 2.50e+03
        pdb=" HE3 TRP A   1 "   -0.005 2.00e-02 2.50e+03
        pdb=" CD2 TRP A   1 "   -0.004 2.00e-02 2.50e+03
                                 delta    sigma   weight rms_deltas residual
  plane pdb=" O   GLY A   3 "   -0.004 2.00e-02 2.50e+03   2.18e-02 5.95e+00
        pdb=" C   GLY A   3 "   -0.020 2.00e-02 2.50e+03
        pdb=" OXT GLY A   3 "    0.035 2.00e-02 2.50e+03
        pdb=" HXT GLY A   3 "   -0.024 2.00e-02 2.50e+03
        pdb=" CA  GLY A   3 "    0.013 2.00e-02 2.50e+03
                                 delta    sigma   weight rms_deltas residual
  plane pdb=" C   GLY A   2 "    0.006 2.00e-02 2.50e+03   1.12e-02 1.26e+00
        pdb=" CA  GLY A   3 "    0.005 2.00e-02 2.50e+03
        pdb=" N   GLY A   3 "   -0.019 2.00e-02 2.50e+03
        pdb=" H   GLY A   3 "    0.009 2.00e-02 2.50e+03
  ... (remaining 3 not shown)

  Histogram of nonbonded interaction distances:
        2.05 -     2.62: 27
        2.62 -     3.19: 67
        3.19 -     3.76: 69
        3.76 -     4.33: 81
        4.33 -     4.90: 104
  Nonbonded interactions: 348
  Sorted by model distance:
  nonbonded pdb=" HXT GLY A   3 "
            pdb=" HA2 GLY A   3 "
     model   vdw
     2.050 2.270
  nonbonded pdb=" HA  TRP A   1 "
            pdb=" H1  TRP A   1 "
     model   vdw
     2.133 1.816
  nonbonded pdb=" HA1 GLY A   3 "
            pdb=" H   GLY A   3 "
     model   vdw
     2.171 1.816
  nonbonded pdb=" HH2 TRP A   1 "
            pdb=" HZ3 TRP A   1 "
     model   vdw
     2.256 1.680
  nonbonded pdb=" HA2 GLY A   2 "
            pdb=" H   GLY A   2 "
     model   vdw
     2.295 1.816
  ... (remaining 343 not shown)

  NOTE: a complete listing of the restraints can be obtained by requesting
        output of .geo file.

                   ----------xray_structure summary----------                  

Number of scattering types: 4
  Type Number    sf(0)   Gaussians
   O       4      7.97       2
   N       4      6.97       2
   C      15      5.97       2
   H      18      1.00       2
  sf(0) = scattering factor at diffraction angle 0.
Number of scatterers: 41
At special positions: 0
Unit cell: (12.294, 13.908, 11.688, 90, 90, 90)
Space group: P 1 (No. 1)

End of input processing
r_work=0.4917 r_free=0.2555
params.data_weight: None
params.restraints: cctbx
rmsd(b), start:  0.0845
mc:   0 R: 0.2373 rmsd(b):  0.1419 restraint_scale:  2.0 min_steps: 54
mc:   1 R: 0.2446 rmsd(b):  0.1657 restraint_scale:  4.0 min_steps: 35
mc:   2 R: 0.2534 rmsd(b):  0.1077 restraint_scale:  8.0 min_steps: 22
mc:   3 R: 0.2517 rmsd(b):  0.0552 restraint_scale: 16.0 min_steps: 35
mc:   4 R: 0.2517 rmsd(b):  0.0552 restraint_scale: 32.0 min_steps: 1
Convergence reached, stop now.
see the result structure:  ./p26/04_results/refine_cctbx/212_WGG14-new/1.5/4.pdb
Time: 5.7753
