phenix.python
you are importing  adaptive calculator, and it does nothing. Please give it energy, force....... 

============================== Collecting inputs ==============================


                   ----------Processing X-ray data----------                   

F-obs:
  /scratch/m_zhen01/30995.lupus.uni-muenster.de/p26/02_mtz/221_GGF14-new.mtz:F-obs
Miller array info: None
Observation type: xray.amplitude
Type of data: double, size=187
Type of sigmas: None
Number of Miller indices: 187
Anomalous flag: False
Unit cell: (15.174, 11.899, 10.178, 90, 90, 90)
Space group: P 1 (No. 1)
Systematic absences: 0
Centric reflections: 0
Resolution range: 3.98257 2.50946
Completeness in resolution range: 1
Completeness with d_max=infinity: 0.766393

Number of F-obs in resolution range:                   187
Number of F-obs<0 (these reflections will be rejected): 0
Number of F-obs=0 (these reflections will be used in refinement): 0
Refinement resolution range: d_max =   3.9826
                             d_min =   2.5095

R-free flags:
  /scratch/m_zhen01/30995.lupus.uni-muenster.de/p26/02_mtz/221_GGF14-new.mtz:R-free-flags
Miller array info: /scratch/m_zhen01/30995.lupus.uni-muenster.de/p26/02_mtz/221_GGF14-new.mtz:R-free-flags
Observation type: None
Type of data: int, size=187
Type of sigmas: None
Number of Miller indices: 187
Anomalous flag: False
Unit cell: (15.174, 11.899, 10.178, 90, 90, 90)
Space group: P 1 (No. 1)
Systematic absences: 0
Centric reflections: 0
Resolution range: 3.98257 2.50946
Completeness in resolution range: 1
Completeness with d_max=infinity: 0.766393
Wavelength: 1.0000

Test (R-free flags) flag value: 1

Number of work/free reflections by resolution:
                                  work free  %free
  bin  1: 3.9826 - 3.6493 [18/18]   14    4  22.2%
  bin  2: 3.6493 - 3.4055 [28/28]   28    0   0.0%
  bin  3: 3.4055 - 3.2160 [ 9/9 ]    7    2  22.2%
  bin  4: 3.2160 - 3.0627 [20/20]   20    0   0.0%
  bin  5: 3.0627 - 2.9349 [24/24]   24    0   0.0%
  bin  6: 2.9349 - 2.8262 [14/14]   12    2  14.3%
  bin  7: 2.8262 - 2.7319 [22/22]   22    0   0.0%
  bin  8: 2.7319 - 2.6491 [14/14]   14    0   0.0%
  bin  9: 2.6491 - 2.5755 [12/12]    8    4  33.3%
  bin 10: 2.5755 - 2.5095 [26/26]   26    0   0.0%
                          overall  175   12   6.4%

                   ----------Processing PDB file(s)----------                  

  Monomer Library directory:
    "/tmp1/m_zhen01/phenix-installer-1.10.1-2155-intel-linux-2.6-x86_64-centos5/phenix-1.10.1-2155/modules/chem_data/mon_lib"
  Total number of atoms: 37
  Number of models: 1
  Model: ""
    Number of chains: 1
    Chain: "A"
      Number of atoms: 37
      Number of conformers: 1
      Conformer: ""
        Number of residues, atoms: 3, 37
          Classifications: {'peptide': 3}
          Modifications used: {'NH2NOTPRO': 1, 'COOH': 1}
          Link IDs: {'TRANS': 2}
  Time building chain proxies: 0.07, per 1000 atoms: 1.89
  Number of scatterers: 37
  At special positions: 0
  Unit cell: (15.174, 11.899, 10.178, 90, 90, 90)
  Space group: P 1 (No. 1)
  Number of sites at special positions: 0
  Number of scattering types: 4
    Type Number    sf(0)
     O       4      8.00
     N       3      7.00
     C      13      6.00
     H      17      1.00
    sf(0) = scattering factor at diffraction angle 0.

  Number of disulfides: simple=0, symmetry=0

  Automatic linking
    Parameters for automatic linking
      Linking & cutoffs
        Metal                : False - 3.50
        Amimo acid           : False - 1.90
        Carbohydrate         : True  - 1.99
        Ligands              : True  - 1.99
        Amino acid - RNA/DNA : False
      
  Number of custom bonds: simple=0, symmetry=0
  Time building additional restraints: 0.02
  Conformation dependent library (CDL) restraints added in 2.5 milliseconds
  
  Adding C-beta torsion restraints...
  Number of C-beta restraints generated:  2
  Time building geometry restraints manager: 0.03 seconds

  NOTE: a complete listing of the restraints can be obtained by requesting
        output of .geo file.

  Histogram of bond lengths:
        0.84 -     0.98: 16
        0.98 -     1.12: 1
        1.12 -     1.26: 3
        1.26 -     1.40: 8
        1.40 -     1.54: 9
  Bond restraints: 37
  Sorted by residual:
  bond pdb=" CE2 PHE A   3 "
       pdb=" HE2 PHE A   3 "
    ideal  model  delta    sigma   weight residual
    0.930  0.856  0.074 2.00e-02 2.50e+03 1.37e+01
  bond pdb=" CA  GLY A   1 "
       pdb=" N   GLY A   1 "
    ideal  model  delta    sigma   weight residual
    1.451  1.495 -0.044 1.60e-02 3.91e+03 7.49e+00
  bond pdb=" CA  GLY A   2 "
       pdb=" N   GLY A   2 "
    ideal  model  delta    sigma   weight residual
    1.449  1.486 -0.037 1.45e-02 4.76e+03 6.46e+00
  bond pdb=" C   GLY A   1 "
       pdb=" N   GLY A   2 "
    ideal  model  delta    sigma   weight residual
    1.331  1.304  0.026 1.46e-02 4.69e+03 3.28e+00
  bond pdb=" CA  PHE A   3 "
       pdb=" N   PHE A   3 "
    ideal  model  delta    sigma   weight residual
    1.458  1.490 -0.032 1.90e-02 2.77e+03 2.76e+00
  ... (remaining 32 not shown)

  Histogram of bond angle deviations from ideal:
      104.95 -   109.45: 16
      109.45 -   113.96: 11
      113.96 -   118.47: 5
      118.47 -   122.98: 24
      122.98 -   127.48: 4
  Bond angle restraints: 60
  Sorted by residual:
  angle pdb=" HB1 PHE A   3 "
        pdb=" CB  PHE A   3 "
        pdb=" HB2 PHE A   3 "
      ideal   model   delta    sigma   weight residual
     110.00  104.95    5.05 3.00e+00 1.11e-01 2.84e+00
  angle pdb=" HB2 PHE A   3 "
        pdb=" CB  PHE A   3 "
        pdb=" CG  PHE A   3 "
      ideal   model   delta    sigma   weight residual
     108.00  112.19   -4.19 3.00e+00 1.11e-01 1.95e+00
  angle pdb=" HA1 GLY A   2 "
        pdb=" CA  GLY A   2 "
        pdb=" HA2 GLY A   2 "
      ideal   model   delta    sigma   weight residual
     109.00  112.23   -3.23 3.00e+00 1.11e-01 1.16e+00
  angle pdb=" C   GLY A   1 "
        pdb=" N   GLY A   2 "
        pdb=" H   GLY A   2 "
      ideal   model   delta    sigma   weight residual
     124.30  127.48   -3.18 3.00e+00 1.11e-01 1.13e+00
  angle pdb=" C   GLY A   1 "
        pdb=" CA  GLY A   1 "
        pdb=" N   GLY A   1 "
      ideal   model   delta    sigma   weight residual
     113.30  110.28    3.02 2.90e+00 1.19e-01 1.08e+00
  ... (remaining 55 not shown)

  Histogram of dihedral angle deviations from ideal:
        0.05 -    36.03: 11
       36.03 -    72.02: 1
       72.02 -   108.00: 0
      108.00 -   143.98: 0
      143.98 -   179.96: 1
  Dihedral angle restraints: 13
    sinusoidal: 3
      harmonic: 10
  Sorted by residual:
  dihedral pdb=" O   PHE A   3 "
           pdb=" C   PHE A   3 "
           pdb=" OXT PHE A   3 "
           pdb=" HXT PHE A   3 "
      ideal   model   delta  harmonic     sigma   weight residual
       0.00 -179.96  179.96     0      3.00e+01 1.11e-03 3.60e+01
  dihedral pdb=" OXT PHE A   3 "
           pdb=" C   PHE A   3 "
           pdb=" CA  PHE A   3 "
           pdb=" N   PHE A   3 "
      ideal   model   delta sinusoidal    sigma   weight residual
     -20.00  -71.41   51.41     2      3.00e+01 1.11e-03 3.26e+00
  dihedral pdb=" CA  PHE A   3 "
           pdb=" CB  PHE A   3 "
           pdb=" CG  PHE A   3 "
           pdb=" CD1 PHE A   3 "
      ideal   model   delta sinusoidal    sigma   weight residual
     -90.00  -70.32  -19.68     2      2.00e+01 2.50e-03 1.36e+00
  ... (remaining 10 not shown)

  Histogram of chiral volume deviations from ideal:
       0.094 -    0.094: 1
       0.094 -    0.094: 0
       0.094 -    0.094: 0
       0.094 -    0.094: 0
       0.094 -    0.094: 0
  Chirality restraints: 1
  Sorted by residual:
  chirality pdb=" CA  PHE A   3 "
            pdb=" C   PHE A   3 "
            pdb=" N   PHE A   3 "
            pdb=" CB  PHE A   3 "
    both_signs  ideal   model   delta    sigma   weight residual
      False     -2.51   -2.60    0.09 2.00e-01 2.50e+01 2.23e-01

  Planarity restraints: 6
  Sorted by residual:
                                 delta    sigma   weight rms_deltas residual
  plane pdb=" CB  PHE A   3 "    0.008 2.00e-02 2.50e+03   1.36e-02 5.53e+00
        pdb=" CG  PHE A   3 "    0.011 2.00e-02 2.50e+03
        pdb=" CD1 PHE A   3 "   -0.003 2.00e-02 2.50e+03
        pdb=" HD1 PHE A   3 "   -0.005 2.00e-02 2.50e+03
        pdb=" CE1 PHE A   3 "    0.002 2.00e-02 2.50e+03
        pdb=" HE1 PHE A   3 "   -0.006 2.00e-02 2.50e+03
        pdb=" CZ  PHE A   3 "   -0.023 2.00e-02 2.50e+03
        pdb=" HZ  PHE A   3 "    0.029 2.00e-02 2.50e+03
        pdb=" CE2 PHE A   3 "   -0.013 2.00e-02 2.50e+03
        pdb=" HE2 PHE A   3 "    0.003 2.00e-02 2.50e+03
        pdb=" CD2 PHE A   3 "    0.014 2.00e-02 2.50e+03
        pdb=" HD2 PHE A   3 "   -0.016 2.00e-02 2.50e+03
                                 delta    sigma   weight rms_deltas residual
  plane pdb=" C   GLY A   1 "    0.012 2.00e-02 2.50e+03   2.22e-02 4.92e+00
        pdb=" CA  GLY A   2 "    0.009 2.00e-02 2.50e+03
        pdb=" N   GLY A   2 "   -0.038 2.00e-02 2.50e+03
        pdb=" H   GLY A   2 "    0.017 2.00e-02 2.50e+03
                                 delta    sigma   weight rms_deltas residual
  plane pdb=" C   GLY A   2 "    0.009 2.00e-02 2.50e+03   1.79e-02 3.19e+00
        pdb=" CA  PHE A   3 "    0.008 2.00e-02 2.50e+03
        pdb=" N   PHE A   3 "   -0.031 2.00e-02 2.50e+03
        pdb=" H   PHE A   3 "    0.013 2.00e-02 2.50e+03
  ... (remaining 3 not shown)

  Histogram of nonbonded interaction distances:
        1.80 -     2.42: 16
        2.42 -     3.04: 58
        3.04 -     3.66: 71
        3.66 -     4.28: 77
        4.28 -     4.90: 116
  Nonbonded interactions: 338
  Sorted by model distance:
  nonbonded pdb=" O   GLY A   1 "
            pdb=" H   PHE A   3 "
     model   vdw
     1.800 1.970
  nonbonded pdb=" O   GLY A   2 "
            pdb=" HXT PHE A   3 "
     model   vdw
     1.850 1.970
  nonbonded pdb=" HXT PHE A   3 "
            pdb=" HB1 PHE A   3 "
     model   vdw
     1.904 2.270
  nonbonded pdb=" HA1 GLY A   2 "
            pdb=" H   GLY A   2 "
     model   vdw
     2.087 1.816
  nonbonded pdb=" H2  GLY A   1 "
            pdb=" H   GLY A   2 "
     model   vdw
     2.102 2.100
  ... (remaining 333 not shown)

  NOTE: a complete listing of the restraints can be obtained by requesting
        output of .geo file.

                   ----------xray_structure summary----------                  

Number of scattering types: 4
  Type Number    sf(0)   Gaussians
   O       4      7.97       2
   N       3      6.97       2
   C      13      5.97       2
   H      17      1.00       2
  sf(0) = scattering factor at diffraction angle 0.
Number of scatterers: 37
At special positions: 0
Unit cell: (15.174, 11.899, 10.178, 90, 90, 90)
Space group: P 1 (No. 1)

End of input processing
r_work=0.2343 r_free=0.1912
params.data_weight: None
params.restraints: cctbx
rmsd(b), start:  0.0905
mc:   0 R: 0.0295 rmsd(b):  0.0176 restraint_scale:  1.0 min_steps: 21
mc:   1 R: 0.0088 rmsd(b):  0.0146 restraint_scale:  1.0 min_steps: 26
mc:   2 R: 0.0076 rmsd(b):  0.0246 restraint_scale:  1.0 min_steps: 27
mc:   3 R: 0.0079 rmsd(b):  0.0256 restraint_scale:  1.0 min_steps: 6
Convergence reached, stop now.
see the result structure:  ./p26/04_results/refine_cctbx/221_GGF14-new/0.3/6.pdb
Time: 5.1485
