phenix.python
you are importing  adaptive calculator, and it does nothing. Please give it energy, force....... 

============================== Collecting inputs ==============================


                   ----------Processing X-ray data----------                   

F-obs:
  /scratch/m_zhen01/30995.lupus.uni-muenster.de/p26/02_mtz/251_GFA04-new.mtz:F-obs
Miller array info: None
Observation type: xray.amplitude
Type of data: double, size=233
Type of sigmas: None
Number of Miller indices: 233
Anomalous flag: False
Unit cell: (14.309, 10.346, 15.667, 90, 90, 90)
Space group: P 1 (No. 1)
Systematic absences: 0
Centric reflections: 0
Resolution range: 3.91675 2.50414
Completeness in resolution range: 1
Completeness with d_max=infinity: 0.744409

Number of F-obs in resolution range:                   233
Number of F-obs<0 (these reflections will be rejected): 0
Number of F-obs=0 (these reflections will be used in refinement): 0
Refinement resolution range: d_max =   3.9167
                             d_min =   2.5041

R-free flags:
  /scratch/m_zhen01/30995.lupus.uni-muenster.de/p26/02_mtz/251_GFA04-new.mtz:R-free-flags
Miller array info: /scratch/m_zhen01/30995.lupus.uni-muenster.de/p26/02_mtz/251_GFA04-new.mtz:R-free-flags
Observation type: None
Type of data: int, size=233
Type of sigmas: None
Number of Miller indices: 233
Anomalous flag: False
Unit cell: (14.309, 10.346, 15.667, 90, 90, 90)
Space group: P 1 (No. 1)
Systematic absences: 0
Centric reflections: 0
Resolution range: 3.91675 2.50414
Completeness in resolution range: 1
Completeness with d_max=infinity: 0.744409
Wavelength: 1.0000

Test (R-free flags) flag value: 1

Number of work/free reflections by resolution:
                                  work free  %free
  bin  1: 3.9168 - 3.6049 [19/19]   19    0   0.0%
  bin  2: 3.6049 - 3.3733 [24/24]   24    0   0.0%
  bin  3: 3.3733 - 3.1918 [30/30]   28    2   6.7%
  bin  4: 3.1918 - 3.0439 [25/25]   23    2   8.0%
  bin  5: 3.0439 - 2.9201 [12/12]   12    0   0.0%
  bin  6: 2.9201 - 2.8142 [35/35]   31    4  11.4%
  bin  7: 2.8142 - 2.7222 [16/16]   16    0   0.0%
  bin  8: 2.7222 - 2.6412 [14/14]   14    0   0.0%
  bin  9: 2.6412 - 2.5690 [22/22]   22    0   0.0%
  bin 10: 2.5690 - 2.5041 [36/36]   34    2   5.6%
                          overall  223   10   4.3%

                   ----------Processing PDB file(s)----------                  

  Monomer Library directory:
    "/tmp1/m_zhen01/phenix-installer-1.10.1-2155-intel-linux-2.6-x86_64-centos5/phenix-1.10.1-2155/modules/chem_data/mon_lib"
  Total number of atoms: 40
  Number of models: 1
  Model: ""
    Number of chains: 1
    Chain: "A"
      Number of atoms: 40
      Number of conformers: 1
      Conformer: ""
        Number of residues, atoms: 3, 40
          Classifications: {'peptide': 3}
          Modifications used: {'NH2NOTPRO': 1, 'COOH': 1}
          Link IDs: {'TRANS': 2}
  Time building chain proxies: 0.09, per 1000 atoms: 2.25
  Number of scatterers: 40
  At special positions: 0
  Unit cell: (14.309, 10.346, 15.667, 90, 90, 90)
  Space group: P 1 (No. 1)
  Number of sites at special positions: 0
  Number of scattering types: 4
    Type Number    sf(0)
     O       4      8.00
     N       3      7.00
     C      14      6.00
     H      19      1.00
    sf(0) = scattering factor at diffraction angle 0.

  Number of disulfides: simple=0, symmetry=0

  Automatic linking
    Parameters for automatic linking
      Linking & cutoffs
        Metal                : False - 3.50
        Amimo acid           : False - 1.90
        Carbohydrate         : True  - 1.99
        Ligands              : True  - 1.99
        Amino acid - RNA/DNA : False
      
  Number of custom bonds: simple=0, symmetry=0
  Time building additional restraints: 0.03
  Conformation dependent library (CDL) restraints added in 3.5 milliseconds
  
  Adding C-beta torsion restraints...
  Number of C-beta restraints generated:  4
  Time building geometry restraints manager: 0.04 seconds

  NOTE: a complete listing of the restraints can be obtained by requesting
        output of .geo file.

  Histogram of bond lengths:
        0.84 -     0.98: 16
        0.98 -     1.13: 3
        1.13 -     1.27: 3
        1.27 -     1.42: 9
        1.42 -     1.56: 9
  Bond restraints: 40
  Sorted by residual:
  bond pdb=" CD1 PHE A   2 "
       pdb=" HD1 PHE A   2 "
    ideal  model  delta    sigma   weight residual
    0.930  0.993 -0.063 2.00e-02 2.50e+03 9.81e+00
  bond pdb=" O   ALA A   3 "
       pdb=" C   ALA A   3 "
    ideal  model  delta    sigma   weight residual
    1.185  1.131  0.054 2.00e-02 2.50e+03 7.40e+00
  bond pdb=" CE1 PHE A   2 "
       pdb=" HE1 PHE A   2 "
    ideal  model  delta    sigma   weight residual
    0.930  0.980 -0.050 2.00e-02 2.50e+03 6.18e+00
  bond pdb=" CD2 PHE A   2 "
       pdb=" HD2 PHE A   2 "
    ideal  model  delta    sigma   weight residual
    0.930  0.888  0.042 2.00e-02 2.50e+03 4.49e+00
  bond pdb=" CD1 PHE A   2 "
       pdb=" CE1 PHE A   2 "
    ideal  model  delta    sigma   weight residual
    1.382  1.331  0.051 3.00e-02 1.11e+03 2.85e+00
  ... (remaining 35 not shown)

  Histogram of bond angle deviations from ideal:
      104.43 -   108.47: 10
      108.47 -   112.51: 20
      112.51 -   116.55: 7
      116.55 -   120.59: 16
      120.59 -   124.64: 13
  Bond angle restraints: 66
  Sorted by residual:
  angle pdb=" CG  PHE A   2 "
        pdb=" CB  PHE A   2 "
        pdb=" CA  PHE A   2 "
      ideal   model   delta    sigma   weight residual
     113.80  110.94    2.86 1.00e+00 1.00e+00 8.18e+00
  angle pdb=" CA  GLY A   1 "
        pdb=" C   GLY A   1 "
        pdb=" N   PHE A   2 "
      ideal   model   delta    sigma   weight residual
     116.20  120.90   -4.70 2.00e+00 2.50e-01 5.53e+00
  angle pdb=" CA  GLY A   1 "
        pdb=" N   GLY A   1 "
        pdb=" H1  GLY A   1 "
      ideal   model   delta    sigma   weight residual
     109.47  114.88   -5.41 3.00e+00 1.11e-01 3.25e+00
  angle pdb=" HA2 GLY A   1 "
        pdb=" CA  GLY A   1 "
        pdb=" N   GLY A   1 "
      ideal   model   delta    sigma   weight residual
     110.00  104.99    5.01 3.00e+00 1.11e-01 2.78e+00
  angle pdb=" CB  PHE A   2 "
        pdb=" CG  PHE A   2 "
        pdb=" CD2 PHE A   2 "
      ideal   model   delta    sigma   weight residual
     120.70  123.36   -2.66 1.70e+00 3.46e-01 2.45e+00
  ... (remaining 61 not shown)

  Histogram of dihedral angle deviations from ideal:
        0.28 -     4.53: 13
        4.53 -     8.78: 0
        8.78 -    13.03: 1
       13.03 -    17.28: 1
       17.28 -    21.53: 1
  Dihedral angle restraints: 16
    sinusoidal: 4
      harmonic: 12
  Sorted by residual:
  dihedral pdb=" HB3 ALA A   3 "
           pdb=" CA  ALA A   3 "
           pdb=" CB  ALA A   3 "
           pdb=" N   ALA A   3 "
      ideal   model   delta sinusoidal    sigma   weight residual
      60.00   43.78   16.22     3      1.50e+01 4.44e-03 1.61e+00
  dihedral pdb=" C   ALA A   3 "
           pdb=" N   ALA A   3 "
           pdb=" CA  ALA A   3 "
           pdb=" CB  ALA A   3 "
      ideal   model   delta  harmonic     sigma   weight residual
    -122.60 -125.14    2.54     0      2.50e+00 1.60e-01 1.03e+00
  dihedral pdb=" OXT ALA A   3 "
           pdb=" C   ALA A   3 "
           pdb=" CA  ALA A   3 "
           pdb=" N   ALA A   3 "
      ideal   model   delta sinusoidal    sigma   weight residual
     160.00  138.47   21.53     2      3.00e+01 1.11e-03 7.18e-01
  ... (remaining 13 not shown)

  Histogram of chiral volume deviations from ideal:
       0.022 -    0.023: 1
       0.023 -    0.025: 0
       0.025 -    0.026: 0
       0.026 -    0.027: 0
       0.027 -    0.028: 1
  Chirality restraints: 2
  Sorted by residual:
  chirality pdb=" CA  ALA A   3 "
            pdb=" C   ALA A   3 "
            pdb=" CB  ALA A   3 "
            pdb=" N   ALA A   3 "
    both_signs  ideal   model   delta    sigma   weight residual
      False      2.48    2.51   -0.03 2.00e-01 2.50e+01 2.03e-02
  chirality pdb=" CA  PHE A   2 "
            pdb=" CB  PHE A   2 "
            pdb=" C   PHE A   2 "
            pdb=" N   PHE A   2 "
    both_signs  ideal   model   delta    sigma   weight residual
      False     -2.51   -2.53    0.02 2.00e-01 2.50e+01 1.22e-02

  Planarity restraints: 6
  Sorted by residual:
                                 delta    sigma   weight rms_deltas residual
  plane pdb=" CB  PHE A   2 "   -0.016 2.00e-02 2.50e+03   1.41e-02 5.96e+00
        pdb=" CG  PHE A   2 "    0.034 2.00e-02 2.50e+03
        pdb=" CD1 PHE A   2 "    0.010 2.00e-02 2.50e+03
        pdb=" HD1 PHE A   2 "    0.004 2.00e-02 2.50e+03
        pdb=" CE1 PHE A   2 "   -0.007 2.00e-02 2.50e+03
        pdb=" HE1 PHE A   2 "   -0.009 2.00e-02 2.50e+03
        pdb=" CZ  PHE A   2 "   -0.015 2.00e-02 2.50e+03
        pdb=" HZ  PHE A   2 "    0.002 2.00e-02 2.50e+03
        pdb=" CE2 PHE A   2 "    0.013 2.00e-02 2.50e+03
        pdb=" HE2 PHE A   2 "    0.008 2.00e-02 2.50e+03
        pdb=" CD2 PHE A   2 "   -0.009 2.00e-02 2.50e+03
        pdb=" HD2 PHE A   2 "   -0.015 2.00e-02 2.50e+03
                                 delta    sigma   weight rms_deltas residual
  plane pdb=" O   ALA A   3 "   -0.012 2.00e-02 2.50e+03   1.78e-02 3.96e+00
        pdb=" C   ALA A   3 "    0.035 2.00e-02 2.50e+03
        pdb=" OXT ALA A   3 "   -0.003 2.00e-02 2.50e+03
        pdb=" HXT ALA A   3 "   -0.007 2.00e-02 2.50e+03
        pdb=" CA  ALA A   3 "   -0.013 2.00e-02 2.50e+03
                                 delta    sigma   weight rms_deltas residual
  plane pdb=" C   PHE A   2 "   -0.027 2.00e-02 2.50e+03   1.57e-02 2.46e+00
        pdb=" O   PHE A   2 "    0.011 2.00e-02 2.50e+03
        pdb=" CA  PHE A   2 "    0.008 2.00e-02 2.50e+03
        pdb=" N   ALA A   3 "    0.009 2.00e-02 2.50e+03
  ... (remaining 3 not shown)

  Histogram of nonbonded interaction distances:
        1.58 -     2.25: 4
        2.25 -     2.91: 61
        2.91 -     3.57: 68
        3.57 -     4.24: 81
        4.24 -     4.90: 97
  Nonbonded interactions: 311
  Sorted by model distance:
  nonbonded pdb=" HA2 GLY A   1 "
            pdb=" H2  GLY A   1 "
     model   vdw
     1.581 1.816
  nonbonded pdb=" O   ALA A   3 "
            pdb=" HXT ALA A   3 "
     model   vdw
     2.196 2.056
  nonbonded pdb=" HB2 ALA A   3 "
            pdb=" HA  ALA A   3 "
     model   vdw
     2.212 1.952
  nonbonded pdb=" HA  PHE A   2 "
            pdb=" H   ALA A   3 "
     model   vdw
     2.212 2.270
  nonbonded pdb=" HE2 PHE A   2 "
            pdb=" HD2 PHE A   2 "
     model   vdw
     2.259 1.680
  ... (remaining 306 not shown)

  NOTE: a complete listing of the restraints can be obtained by requesting
        output of .geo file.

                   ----------xray_structure summary----------                  

Number of scattering types: 4
  Type Number    sf(0)   Gaussians
   O       4      7.97       2
   N       3      6.97       2
   C      14      5.97       2
   H      19      1.00       2
  sf(0) = scattering factor at diffraction angle 0.
Number of scatterers: 40
At special positions: 0
Unit cell: (14.309, 10.346, 15.667, 90, 90, 90)
Space group: P 1 (No. 1)

End of input processing
r_work=0.5320 r_free=0.6235
params.data_weight: None
params.restraints: cctbx
rmsd(b), start:  0.0923
mc:   0 R: 0.2627 rmsd(b):  0.0841 restraint_scale:  2.0 min_steps: 52
mc:   1 R: 0.2013 rmsd(b):  0.0824 restraint_scale:  4.0 min_steps: 40
mc:   2 R: 0.2209 rmsd(b):  0.0620 restraint_scale:  8.0 min_steps: 28
mc:   3 R: 0.2631 rmsd(b):  0.0266 restraint_scale:  8.0 min_steps: 47
mc:   4 R: 0.2466 rmsd(b):  0.0375 restraint_scale: 16.0 min_steps: 38
mc:   5 R: 0.3029 rmsd(b):  0.0140 restraint_scale: 16.0 min_steps: 53
mc:   6 R: 0.3118 rmsd(b):  0.0118 restraint_scale: 16.0 min_steps: 32
mc:   7 R: 0.2793 rmsd(b):  0.0227 restraint_scale: 16.0 min_steps: 24
mc:   8 R: 0.2781 rmsd(b):  0.0218 restraint_scale: 16.0 min_steps: 9
mc:   9 R: 0.2629 rmsd(b):  0.0278 restraint_scale: 16.0 min_steps: 16
mc:  10 R: 0.2638 rmsd(b):  0.0274 restraint_scale: 16.0 min_steps: 10
Convergence reached, stop now.
see the result structure:  ./p26/04_results/refine_cctbx/251_GFA04-new/1.2/8.pdb
Time: 8.0537
