phenix.python
you are importing  adaptive calculator, and it does nothing. Please give it energy, force....... 

============================== Collecting inputs ==============================


                   ----------Processing X-ray data----------                   

F-obs:
  /scratch/m_zhen01/30993.lupus.uni-muenster.de/p26/02_mtz/201_WG12-new.mtz:F-obs
Miller array info: None
Observation type: xray.amplitude
Type of data: double, size=181
Type of sigmas: None
Number of Miller indices: 181
Anomalous flag: False
Unit cell: (13.714, 12.215, 10.637, 90, 90, 90)
Space group: P 1 (No. 1)
Systematic absences: 0
Centric reflections: 0
Resolution range: 3.97392 2.50207
Completeness in resolution range: 1
Completeness with d_max=infinity: 0.763713

Number of F-obs in resolution range:                   181
Number of F-obs<0 (these reflections will be rejected): 0
Number of F-obs=0 (these reflections will be used in refinement): 0
Refinement resolution range: d_max =   3.9739
                             d_min =   2.5021

R-free flags:
  /scratch/m_zhen01/30993.lupus.uni-muenster.de/p26/02_mtz/201_WG12-new.mtz:R-free-flags
Miller array info: /scratch/m_zhen01/30993.lupus.uni-muenster.de/p26/02_mtz/201_WG12-new.mtz:R-free-flags
Observation type: None
Type of data: int, size=181
Type of sigmas: None
Number of Miller indices: 181
Anomalous flag: False
Unit cell: (13.714, 12.215, 10.637, 90, 90, 90)
Space group: P 1 (No. 1)
Systematic absences: 0
Centric reflections: 0
Resolution range: 3.97392 2.50207
Completeness in resolution range: 1
Completeness with d_max=infinity: 0.763713
Wavelength: 1.0000

Test (R-free flags) flag value: 1

Number of work/free reflections by resolution:
                                  work free  %free
  bin  1: 3.9739 - 3.6405 [22/22]   16    6  27.3%
  bin  2: 3.6405 - 3.3967 [18/18]   18    0   0.0%
  bin  3: 3.3967 - 3.2074 [18/18]   18    0   0.0%
  bin  4: 3.2074 - 3.0543 [12/12]   12    0   0.0%
  bin  5: 3.0543 - 2.9268 [21/21]   19    2   9.5%
  bin  6: 2.9268 - 2.8182 [18/18]   18    0   0.0%
  bin  7: 2.8182 - 2.7241 [17/17]   17    0   0.0%
  bin  8: 2.7241 - 2.6414 [13/13]   13    0   0.0%
  bin  9: 2.6414 - 2.5680 [26/26]   22    4  15.4%
  bin 10: 2.5680 - 2.5021 [16/16]   16    0   0.0%
                          overall  169   12   6.6%

                   ----------Processing PDB file(s)----------                  

  Monomer Library directory:
    "/tmp1/m_zhen01/phenix-installer-1.10.1-2155-intel-linux-2.6-x86_64-centos5/phenix-1.10.1-2155/modules/chem_data/mon_lib"
  Total number of atoms: 34
  Number of models: 1
  Model: ""
    Number of chains: 1
    Chain: "A"
      Number of atoms: 34
      Number of conformers: 1
      Conformer: ""
        Number of residues, atoms: 2, 34
          Classifications: {'peptide': 2}
          Modifications used: {'NH2NOTPRO': 1, 'COOH': 1}
          Link IDs: {'TRANS': 1}
  Time building chain proxies: 0.08, per 1000 atoms: 2.35
  Number of scatterers: 34
  At special positions: 0
  Unit cell: (13.714, 12.215, 10.637, 90, 90, 90)
  Space group: P 1 (No. 1)
  Number of sites at special positions: 0
  Number of scattering types: 4
    Type Number    sf(0)
     O       3      8.00
     N       3      7.00
     C      13      6.00
     H      15      1.00
    sf(0) = scattering factor at diffraction angle 0.

  Number of disulfides: simple=0, symmetry=0

  Automatic linking
    Parameters for automatic linking
      Linking & cutoffs
        Metal                : False - 3.50
        Amimo acid           : False - 1.90
        Carbohydrate         : True  - 1.99
        Ligands              : True  - 1.99
        Amino acid - RNA/DNA : False
      
  Number of custom bonds: simple=0, symmetry=0
  Time building additional restraints: 0.02
  Conformation dependent library (CDL) restraints added in 427.0 microseconds
  
  Adding C-beta torsion restraints...
  Number of C-beta restraints generated:  2
  Time building geometry restraints manager: 0.03 seconds

  NOTE: a complete listing of the restraints can be obtained by requesting
        output of .geo file.

  Histogram of bond lengths:
        0.84 -     0.98: 14
        0.98 -     1.13: 1
        1.13 -     1.27: 2
        1.27 -     1.42: 11
        1.42 -     1.57: 7
  Bond restraints: 35
  Sorted by residual:
  bond pdb=" CB  TRP A   1 "
       pdb=" CG  TRP A   1 "
    ideal  model  delta    sigma   weight residual
    1.498  1.566 -0.068 3.10e-02 1.04e+03 4.82e+00
  bond pdb=" CG  TRP A   1 "
       pdb=" CD2 TRP A   1 "
    ideal  model  delta    sigma   weight residual
    1.433  1.472 -0.039 1.80e-02 3.09e+03 4.78e+00
  bond pdb=" CD1 TRP A   1 "
       pdb=" HD1 TRP A   1 "
    ideal  model  delta    sigma   weight residual
    0.930  0.971 -0.041 2.00e-02 2.50e+03 4.24e+00
  bond pdb=" NE1 TRP A   1 "
       pdb=" HE1 TRP A   1 "
    ideal  model  delta    sigma   weight residual
    0.860  0.893 -0.033 2.00e-02 2.50e+03 2.78e+00
  bond pdb=" NE1 TRP A   1 "
       pdb=" CE2 TRP A   1 "
    ideal  model  delta    sigma   weight residual
    1.370  1.386 -0.016 1.10e-02 8.26e+03 2.12e+00
  ... (remaining 30 not shown)

  Histogram of bond angle deviations from ideal:
      105.30 -   111.17: 22
      111.17 -   117.03: 5
      117.03 -   122.90: 21
      122.90 -   128.77: 7
      128.77 -   134.64: 2
  Bond angle restraints: 57
  Sorted by residual:
  angle pdb=" CA  TRP A   1 "
        pdb=" C   TRP A   1 "
        pdb=" N   GLY A   2 "
      ideal   model   delta    sigma   weight residual
     116.20  120.50   -4.30 2.00e+00 2.50e-01 4.62e+00
  angle pdb=" O   TRP A   1 "
        pdb=" C   TRP A   1 "
        pdb=" CA  TRP A   1 "
      ideal   model   delta    sigma   weight residual
     120.80  117.40    3.40 1.70e+00 3.46e-01 4.00e+00
  angle pdb=" CA  TRP A   1 "
        pdb=" CB  TRP A   1 "
        pdb=" CG  TRP A   1 "
      ideal   model   delta    sigma   weight residual
     113.60  109.89    3.71 1.90e+00 2.77e-01 3.81e+00
  angle pdb=" C   TRP A   1 "
        pdb=" N   GLY A   2 "
        pdb=" CA  GLY A   2 "
      ideal   model   delta    sigma   weight residual
     121.70  118.75    2.95 1.80e+00 3.09e-01 2.69e+00
  angle pdb=" C   GLY A   2 "
        pdb=" OXT GLY A   2 "
        pdb=" HXT GLY A   2 "
      ideal   model   delta    sigma   weight residual
     108.00  112.44   -4.44 3.00e+00 1.11e-01 2.19e+00
  ... (remaining 52 not shown)

  Histogram of dihedral angle deviations from ideal:
        0.79 -    35.77: 11
       35.77 -    70.75: 1
       70.75 -   105.73: 0
      105.73 -   140.71: 0
      140.71 -   175.69: 1
  Dihedral angle restraints: 13
    sinusoidal: 3
      harmonic: 10
  Sorted by residual:
  dihedral pdb=" O   GLY A   2 "
           pdb=" C   GLY A   2 "
           pdb=" OXT GLY A   2 "
           pdb=" HXT GLY A   2 "
      ideal   model   delta  harmonic     sigma   weight residual
       0.00  175.69 -175.69     0      3.00e+01 1.11e-03 3.43e+01
  dihedral pdb=" OXT GLY A   2 "
           pdb=" C   GLY A   2 "
           pdb=" CA  GLY A   2 "
           pdb=" N   GLY A   2 "
      ideal   model   delta sinusoidal    sigma   weight residual
     -20.00  -85.08   65.08     2      3.00e+01 1.11e-03 4.39e+00
  dihedral pdb=" C   TRP A   1 "
           pdb=" N   TRP A   1 "
           pdb=" CA  TRP A   1 "
           pdb=" CB  TRP A   1 "
      ideal   model   delta  harmonic     sigma   weight residual
    -122.60 -118.47   -4.13     0      2.50e+00 1.60e-01 2.72e+00
  ... (remaining 10 not shown)

  Histogram of chiral volume deviations from ideal:
       0.151 -    0.151: 1
       0.151 -    0.151: 0
       0.151 -    0.151: 0
       0.151 -    0.151: 0
       0.151 -    0.151: 0
  Chirality restraints: 1
  Sorted by residual:
  chirality pdb=" CA  TRP A   1 "
            pdb=" C   TRP A   1 "
            pdb=" N   TRP A   1 "
            pdb=" CB  TRP A   1 "
    both_signs  ideal   model   delta    sigma   weight residual
      False     -2.51   -2.66    0.15 2.00e-01 2.50e+01 5.74e-01

  Planarity restraints: 4
  Sorted by residual:
                                 delta    sigma   weight rms_deltas residual
  plane pdb=" CB  TRP A   1 "   -0.029 2.00e-02 2.50e+03   1.59e-02 1.02e+01
        pdb=" CG  TRP A   1 "    0.010 2.00e-02 2.50e+03
        pdb=" CD1 TRP A   1 "   -0.004 2.00e-02 2.50e+03
        pdb=" HD1 TRP A   1 "    0.025 2.00e-02 2.50e+03
        pdb=" NE1 TRP A   1 "   -0.015 2.00e-02 2.50e+03
        pdb=" HE1 TRP A   1 "   -0.004 2.00e-02 2.50e+03
        pdb=" CE2 TRP A   1 "   -0.011 2.00e-02 2.50e+03
        pdb=" CZ2 TRP A   1 "   -0.002 2.00e-02 2.50e+03
        pdb=" HZ2 TRP A   1 "    0.008 2.00e-02 2.50e+03
        pdb=" CH2 TRP A   1 "   -0.005 2.00e-02 2.50e+03
        pdb=" HH2 TRP A   1 "   -0.015 2.00e-02 2.50e+03
        pdb=" CZ3 TRP A   1 "    0.036 2.00e-02 2.50e+03
        pdb=" HZ3 TRP A   1 "   -0.012 2.00e-02 2.50e+03
        pdb=" CE3 TRP A   1 "    0.004 2.00e-02 2.50e+03
        pdb=" HE3 TRP A   1 "   -0.001 2.00e-02 2.50e+03
        pdb=" CD2 TRP A   1 "    0.017 2.00e-02 2.50e+03
                                 delta    sigma   weight rms_deltas residual
  plane pdb=" C   TRP A   1 "    0.036 2.00e-02 2.50e+03   2.09e-02 4.36e+00
        pdb=" O   TRP A   1 "   -0.013 2.00e-02 2.50e+03
        pdb=" CA  TRP A   1 "   -0.010 2.00e-02 2.50e+03
        pdb=" N   GLY A   2 "   -0.013 2.00e-02 2.50e+03
                                 delta    sigma   weight rms_deltas residual
  plane pdb=" O   GLY A   2 "    0.017 2.00e-02 2.50e+03   1.61e-02 3.23e+00
        pdb=" C   GLY A   2 "   -0.023 2.00e-02 2.50e+03
        pdb=" OXT GLY A   2 "   -0.013 2.00e-02 2.50e+03
        pdb=" HXT GLY A   2 "    0.017 2.00e-02 2.50e+03
        pdb=" CA  GLY A   2 "    0.002 2.00e-02 2.50e+03
  ... (remaining 1 not shown)

  Histogram of nonbonded interaction distances:
        1.92 -     2.51: 19
        2.51 -     3.11: 45
        3.11 -     3.70: 58
        3.70 -     4.30: 61
        4.30 -     4.89: 80
  Nonbonded interactions: 263
  Sorted by model distance:
  nonbonded pdb=" H1  TRP A   1 "
            pdb=" H   GLY A   2 "
     model   vdw
     1.917 2.100
  nonbonded pdb=" HA  TRP A   1 "
            pdb=" H2  TRP A   1 "
     model   vdw
     1.939 1.816
  nonbonded pdb=" HA1 GLY A   2 "
            pdb=" H   GLY A   2 "
     model   vdw
     2.127 1.816
  nonbonded pdb=" HZ3 TRP A   1 "
            pdb=" HE3 TRP A   1 "
     model   vdw
     2.237 1.680
  nonbonded pdb=" H1  TRP A   1 "
            pdb=" N   GLY A   2 "
     model   vdw
     2.253 2.650
  ... (remaining 258 not shown)

  NOTE: a complete listing of the restraints can be obtained by requesting
        output of .geo file.

                   ----------xray_structure summary----------                  

Number of scattering types: 4
  Type Number    sf(0)   Gaussians
   O       3      7.97       2
   N       3      6.97       2
   C      13      5.97       2
   H      15      1.00       2
  sf(0) = scattering factor at diffraction angle 0.
Number of scatterers: 34
At special positions: 0
Unit cell: (13.714, 12.215, 10.637, 90, 90, 90)
Space group: P 1 (No. 1)

End of input processing
r_work=0.4645 r_free=0.2693
params.data_weight: 0.0
params.restraints: cctbx
rmsd(b), start:  0.0857
mc:   0 R: 0.4663 rmsd(b):  0.0012 restraint_scale:  1.0 min_steps: 56
mc:   1 R: 0.4732 rmsd(b):  0.0007 restraint_scale:  1.0 min_steps: 56
mc:   2 R: 0.4710 rmsd(b):  0.0004 restraint_scale:  1.0 min_steps: 52
mc:   3 R: 0.4705 rmsd(b):  0.0005 restraint_scale:  1.0 min_steps: 53
mc:   4 R: 0.4628 rmsd(b):  0.0005 restraint_scale:  1.0 min_steps: 53
mc:   5 R: 0.4599 rmsd(b):  0.0006 restraint_scale:  1.0 min_steps: 55
mc:   6 R: 0.4506 rmsd(b):  0.0007 restraint_scale:  1.0 min_steps: 52
mc:   7 R: 0.4490 rmsd(b):  0.0005 restraint_scale:  1.0 min_steps: 56
mc:   8 R: 0.4443 rmsd(b):  0.0006 restraint_scale:  1.0 min_steps: 53
mc:   9 R: 0.4442 rmsd(b):  0.0005 restraint_scale:  1.0 min_steps: 53
Convergence reached, stop now.
see the result structure:  ./p26/04_results/opt_cctbx/201_WG12-new/0.6/8.pdb
Time: 6.4249
