phenix.python
you are importing  adaptive calculator, and it does nothing. Please give it energy, force....... 

============================== Collecting inputs ==============================


                   ----------Processing X-ray data----------                   

F-obs:
  /scratch/m_zhen01/30994.lupus.uni-muenster.de/p26/02_mtz/219_WGG10-new.mtz:F-obs
Miller array info: None
Observation type: xray.amplitude
Type of data: double, size=215
Type of sigmas: None
Number of Miller indices: 215
Anomalous flag: False
Unit cell: (15.338, 10.259, 14.201, 90, 90, 90)
Space group: P 1 (No. 1)
Systematic absences: 0
Centric reflections: 0
Resolution range: 3.84637 2.51193
Completeness in resolution range: 1
Completeness with d_max=infinity: 0.728814

Number of F-obs in resolution range:                   215
Number of F-obs<0 (these reflections will be rejected): 0
Number of F-obs=0 (these reflections will be used in refinement): 0
Refinement resolution range: d_max =   3.8464
                             d_min =   2.5119

R-free flags:
  /scratch/m_zhen01/30994.lupus.uni-muenster.de/p26/02_mtz/219_WGG10-new.mtz:R-free-flags
Miller array info: /scratch/m_zhen01/30994.lupus.uni-muenster.de/p26/02_mtz/219_WGG10-new.mtz:R-free-flags
Observation type: None
Type of data: int, size=215
Type of sigmas: None
Number of Miller indices: 215
Anomalous flag: False
Unit cell: (15.338, 10.259, 14.201, 90, 90, 90)
Space group: P 1 (No. 1)
Systematic absences: 0
Centric reflections: 0
Resolution range: 3.84637 2.51193
Completeness in resolution range: 1
Completeness with d_max=infinity: 0.728814
Wavelength: 1.0000

Test (R-free flags) flag value: 1

Number of work/free reflections by resolution:
                                  work free  %free
  bin  1: 3.8464 - 3.5621 [19/19]   17    2  10.5%
  bin  2: 3.5621 - 3.3467 [24/24]   22    2   8.3%
  bin  3: 3.3467 - 3.1755 [26/26]   26    0   0.0%
  bin  4: 3.1755 - 3.0347 [19/19]   19    0   0.0%
  bin  5: 3.0347 - 2.9160 [18/18]   16    2  11.1%
  bin  6: 2.9160 - 2.8139 [29/29]   29    0   0.0%
  bin  7: 2.8139 - 2.7247 [22/22]   20    2   9.1%
  bin  8: 2.7247 - 2.6459 [10/10]   10    0   0.0%
  bin  9: 2.6459 - 2.5754 [24/24]   24    0   0.0%
  bin 10: 2.5754 - 2.5119 [24/24]   20    4  16.7%
                          overall  203   12   5.6%

                   ----------Processing PDB file(s)----------                  

  Monomer Library directory:
    "/tmp1/m_zhen01/phenix-installer-1.10.1-2155-intel-linux-2.6-x86_64-centos5/phenix-1.10.1-2155/modules/chem_data/mon_lib"
  Total number of atoms: 41
  Number of models: 1
  Model: ""
    Number of chains: 1
    Chain: "A"
      Number of atoms: 41
      Number of conformers: 1
      Conformer: ""
        Number of residues, atoms: 3, 41
          Classifications: {'peptide': 3}
          Modifications used: {'NH2NOTPRO': 1, 'COOH': 1}
          Link IDs: {'TRANS': 2}
  Time building chain proxies: 0.07, per 1000 atoms: 1.71
  Number of scatterers: 41
  At special positions: 0
  Unit cell: (15.338, 10.259, 14.201, 90, 90, 90)
  Space group: P 1 (No. 1)
  Number of sites at special positions: 0
  Number of scattering types: 4
    Type Number    sf(0)
     O       4      8.00
     N       4      7.00
     C      15      6.00
     H      18      1.00
    sf(0) = scattering factor at diffraction angle 0.

  Number of disulfides: simple=0, symmetry=0

  Automatic linking
    Parameters for automatic linking
      Linking & cutoffs
        Metal                : False - 3.50
        Amimo acid           : False - 1.90
        Carbohydrate         : True  - 1.99
        Ligands              : True  - 1.99
        Amino acid - RNA/DNA : False
      
  Number of custom bonds: simple=0, symmetry=0
  Time building additional restraints: 0.03
  Conformation dependent library (CDL) restraints added in 2.9 milliseconds
  
  Adding C-beta torsion restraints...
  Number of C-beta restraints generated:  2
  Time building geometry restraints manager: 0.03 seconds

  NOTE: a complete listing of the restraints can be obtained by requesting
        output of .geo file.

  Histogram of bond lengths:
        0.81 -     0.95: 11
        0.95 -     1.10: 7
        1.10 -     1.24: 3
        1.24 -     1.38: 9
        1.38 -     1.52: 12
  Bond restraints: 42
  Sorted by residual:
  bond pdb=" NE1 TRP A   1 "
       pdb=" HE1 TRP A   1 "
    ideal  model  delta    sigma   weight residual
    0.860  0.811  0.049 2.00e-02 2.50e+03 5.91e+00
  bond pdb=" CA  TRP A   1 "
       pdb=" HA  TRP A   1 "
    ideal  model  delta    sigma   weight residual
    0.970  1.017 -0.047 2.00e-02 2.50e+03 5.58e+00
  bond pdb=" N   GLY A   2 "
       pdb=" H   GLY A   2 "
    ideal  model  delta    sigma   weight residual
    0.860  0.900 -0.040 2.00e-02 2.50e+03 3.97e+00
  bond pdb=" C   GLY A   2 "
       pdb=" O   GLY A   2 "
    ideal  model  delta    sigma   weight residual
    1.235  1.210  0.025 1.35e-02 5.49e+03 3.47e+00
  bond pdb=" N   GLY A   3 "
       pdb=" H   GLY A   3 "
    ideal  model  delta    sigma   weight residual
    0.860  0.827  0.033 2.00e-02 2.50e+03 2.79e+00
  ... (remaining 37 not shown)

  Histogram of bond angle deviations from ideal:
      101.37 -   108.13: 14
      108.13 -   114.89: 18
      114.89 -   121.64: 22
      121.64 -   128.40: 11
      128.40 -   135.16: 4
  Bond angle restraints: 69
  Sorted by residual:
  angle pdb=" HA1 GLY A   3 "
        pdb=" CA  GLY A   3 "
        pdb=" HA2 GLY A   3 "
      ideal   model   delta    sigma   weight residual
     109.00  101.37    7.63 3.00e+00 1.11e-01 6.46e+00
  angle pdb=" C   GLY A   2 "
        pdb=" N   GLY A   3 "
        pdb=" H   GLY A   3 "
      ideal   model   delta    sigma   weight residual
     124.30  119.00    5.30 3.00e+00 1.11e-01 3.13e+00
  angle pdb=" CG  TRP A   1 "
        pdb=" CD1 TRP A   1 "
        pdb=" HD1 TRP A   1 "
      ideal   model   delta    sigma   weight residual
     124.90  130.02   -5.12 3.00e+00 1.11e-01 2.91e+00
  angle pdb=" CA  TRP A   1 "
        pdb=" N   TRP A   1 "
        pdb=" H1  TRP A   1 "
      ideal   model   delta    sigma   weight residual
     109.47  104.38    5.09 3.00e+00 1.11e-01 2.88e+00
  angle pdb=" CZ2 TRP A   1 "
        pdb=" CH2 TRP A   1 "
        pdb=" CZ3 TRP A   1 "
      ideal   model   delta    sigma   weight residual
     121.50  119.33    2.17 1.30e+00 5.92e-01 2.79e+00
  ... (remaining 64 not shown)

  Histogram of dihedral angle deviations from ideal:
        0.69 -    36.19: 12
       36.19 -    71.70: 0
       71.70 -   107.20: 1
      107.20 -   142.70: 0
      142.70 -   178.20: 1
  Dihedral angle restraints: 14
    sinusoidal: 3
      harmonic: 11
  Sorted by residual:
  dihedral pdb=" O   GLY A   3 "
           pdb=" C   GLY A   3 "
           pdb=" OXT GLY A   3 "
           pdb=" HXT GLY A   3 "
      ideal   model   delta  harmonic     sigma   weight residual
       0.00 -178.20  178.20     0      3.00e+01 1.11e-03 3.53e+01
  dihedral pdb=" OXT GLY A   3 "
           pdb=" C   GLY A   3 "
           pdb=" CA  GLY A   3 "
           pdb=" N   GLY A   3 "
      ideal   model   delta sinusoidal    sigma   weight residual
     160.00   79.29   80.71     2      3.00e+01 1.11e-03 5.19e+00
  dihedral pdb=" CA  TRP A   1 "
           pdb=" CB  TRP A   1 "
           pdb=" CG  TRP A   1 "
           pdb=" CD1 TRP A   1 "
      ideal   model   delta sinusoidal    sigma   weight residual
     -90.00 -111.15   21.15     2      2.00e+01 2.50e-03 1.56e+00
  ... (remaining 11 not shown)

  Histogram of chiral volume deviations from ideal:
       0.006 -    0.006: 1
       0.006 -    0.006: 0
       0.006 -    0.006: 0
       0.006 -    0.006: 0
       0.006 -    0.006: 0
  Chirality restraints: 1
  Sorted by residual:
  chirality pdb=" CA  TRP A   1 "
            pdb=" C   TRP A   1 "
            pdb=" N   TRP A   1 "
            pdb=" CB  TRP A   1 "
    both_signs  ideal   model   delta    sigma   weight residual
      False     -2.51   -2.50   -0.01 2.00e-01 2.50e+01 9.38e-04

  Planarity restraints: 6
  Sorted by residual:
                                 delta    sigma   weight rms_deltas residual
  plane pdb=" CB  TRP A   1 "    0.009 2.00e-02 2.50e+03   1.28e-02 6.58e+00
        pdb=" CG  TRP A   1 "   -0.006 2.00e-02 2.50e+03
        pdb=" CD1 TRP A   1 "   -0.001 2.00e-02 2.50e+03
        pdb=" HD1 TRP A   1 "   -0.009 2.00e-02 2.50e+03
        pdb=" NE1 TRP A   1 "   -0.012 2.00e-02 2.50e+03
        pdb=" HE1 TRP A   1 "    0.024 2.00e-02 2.50e+03
        pdb=" CE2 TRP A   1 "    0.003 2.00e-02 2.50e+03
        pdb=" CZ2 TRP A   1 "   -0.005 2.00e-02 2.50e+03
        pdb=" HZ2 TRP A   1 "    0.011 2.00e-02 2.50e+03
        pdb=" CH2 TRP A   1 "   -0.024 2.00e-02 2.50e+03
        pdb=" HH2 TRP A   1 "    0.008 2.00e-02 2.50e+03
        pdb=" CZ3 TRP A   1 "   -0.015 2.00e-02 2.50e+03
        pdb=" HZ3 TRP A   1 "    0.018 2.00e-02 2.50e+03
        pdb=" CE3 TRP A   1 "   -0.011 2.00e-02 2.50e+03
        pdb=" HE3 TRP A   1 "    0.015 2.00e-02 2.50e+03
        pdb=" CD2 TRP A   1 "   -0.006 2.00e-02 2.50e+03
                                 delta    sigma   weight rms_deltas residual
  plane pdb=" C   GLY A   2 "   -0.028 2.00e-02 2.50e+03   1.63e-02 2.66e+00
        pdb=" O   GLY A   2 "    0.011 2.00e-02 2.50e+03
        pdb=" CA  GLY A   2 "    0.008 2.00e-02 2.50e+03
        pdb=" N   GLY A   3 "    0.010 2.00e-02 2.50e+03
                                 delta    sigma   weight rms_deltas residual
  plane pdb=" C   GLY A   2 "   -0.006 2.00e-02 2.50e+03   1.22e-02 1.49e+00
        pdb=" CA  GLY A   3 "   -0.006 2.00e-02 2.50e+03
        pdb=" N   GLY A   3 "    0.021 2.00e-02 2.50e+03
        pdb=" H   GLY A   3 "   -0.009 2.00e-02 2.50e+03
  ... (remaining 3 not shown)

  Histogram of nonbonded interaction distances:
        2.08 -     2.65: 30
        2.65 -     3.21: 72
        3.21 -     3.77: 78
        3.77 -     4.33: 66
        4.33 -     4.89: 96
  Nonbonded interactions: 342
  Sorted by model distance:
  nonbonded pdb=" HE1 TRP A   1 "
            pdb=" O   GLY A   3 "
     model   vdw
     2.083 1.970
  nonbonded pdb=" HA1 GLY A   2 "
            pdb=" H   GLY A   2 "
     model   vdw
     2.195 1.816
  nonbonded pdb=" HXT GLY A   3 "
            pdb=" HA1 GLY A   3 "
     model   vdw
     2.203 2.270
  nonbonded pdb=" H1  TRP A   1 "
            pdb=" HB1 TRP A   1 "
     model   vdw
     2.216 2.270
  nonbonded pdb=" HA2 GLY A   3 "
            pdb=" H   GLY A   3 "
     model   vdw
     2.242 1.816
  ... (remaining 337 not shown)

  NOTE: a complete listing of the restraints can be obtained by requesting
        output of .geo file.

                   ----------xray_structure summary----------                  

Number of scattering types: 4
  Type Number    sf(0)   Gaussians
   O       4      7.97       2
   N       4      6.97       2
   C      15      5.97       2
   H      18      1.00       2
  sf(0) = scattering factor at diffraction angle 0.
Number of scatterers: 41
At special positions: 0
Unit cell: (15.338, 10.259, 14.201, 90, 90, 90)
Space group: P 1 (No. 1)

End of input processing
r_work=0.2422 r_free=0.2715
params.data_weight: 0.0
params.restraints: qm
rmsd(b), start:  0.0911
mc:   0 R: 0.2051 rmsd(b):  0.0268 restraint_scale:  1.0 min_steps: 52
mc:   1 R: 0.1989 rmsd(b):  0.0267 restraint_scale:  1.0 min_steps: 20
mc:   2 R: 0.1981 rmsd(b):  0.0267 restraint_scale:  1.0 min_steps: 16
Convergence reached, stop now.
see the result structure:  ./p26/04_results/opt_qm/219_WGG10-new/0.3/4.pdb
Time: 112.3176
