phenix.python
you are importing  adaptive calculator, and it does nothing. Please give it energy, force....... 

============================== Collecting inputs ==============================


                   ----------Processing X-ray data----------                   

F-obs:
  /scratch/m_zhen01/30993.lupus.uni-muenster.de/p26/02_mtz/216_WGG11-new.mtz:F-obs
Miller array info: None
Observation type: xray.amplitude
Type of data: double, size=229
Type of sigmas: None
Number of Miller indices: 229
Anomalous flag: False
Unit cell: (15.298, 10.638, 14.264, 90, 90, 90)
Space group: P 1 (No. 1)
Systematic absences: 0
Centric reflections: 0
Resolution range: 3.86469 2.50082
Completeness in resolution range: 1
Completeness with d_max=infinity: 0.7411

Number of F-obs in resolution range:                   229
Number of F-obs<0 (these reflections will be rejected): 0
Number of F-obs=0 (these reflections will be used in refinement): 0
Refinement resolution range: d_max =   3.8647
                             d_min =   2.5008

R-free flags:
  /scratch/m_zhen01/30993.lupus.uni-muenster.de/p26/02_mtz/216_WGG11-new.mtz:R-free-flags
Miller array info: /scratch/m_zhen01/30993.lupus.uni-muenster.de/p26/02_mtz/216_WGG11-new.mtz:R-free-flags
Observation type: None
Type of data: int, size=229
Type of sigmas: None
Number of Miller indices: 229
Anomalous flag: False
Unit cell: (15.298, 10.638, 14.264, 90, 90, 90)
Space group: P 1 (No. 1)
Systematic absences: 0
Centric reflections: 0
Resolution range: 3.86469 2.50082
Completeness in resolution range: 1
Completeness with d_max=infinity: 0.7411
Wavelength: 1.0000

Test (R-free flags) flag value: 1

Number of work/free reflections by resolution:
                                  work free  %free
  bin  1: 3.8647 - 3.5696 [19/19]   11    8  42.1%
  bin  2: 3.5696 - 3.3480 [32/32]   32    0   0.0%
  bin  3: 3.3480 - 3.1728 [26/26]   26    0   0.0%
  bin  4: 3.1728 - 3.0294 [19/19]   19    0   0.0%
  bin  5: 3.0294 - 2.9088 [20/20]   16    4  20.0%
  bin  6: 2.9088 - 2.8054 [29/29]   29    0   0.0%
  bin  7: 2.8054 - 2.7153 [16/16]   16    0   0.0%
  bin  8: 2.7153 - 2.6357 [17/17]   17    0   0.0%
  bin  9: 2.6357 - 2.5647 [26/26]   22    4  15.4%
  bin 10: 2.5647 - 2.5008 [25/25]   25    0   0.0%
                          overall  213   16   7.0%

                   ----------Processing PDB file(s)----------                  

  Monomer Library directory:
    "/tmp1/m_zhen01/phenix-installer-1.10.1-2155-intel-linux-2.6-x86_64-centos5/phenix-1.10.1-2155/modules/chem_data/mon_lib"
  Total number of atoms: 41
  Number of models: 1
  Model: ""
    Number of chains: 1
    Chain: "A"
      Number of atoms: 41
      Number of conformers: 1
      Conformer: ""
        Number of residues, atoms: 3, 41
          Classifications: {'peptide': 3}
          Modifications used: {'NH2NOTPRO': 1, 'COOH': 1}
          Link IDs: {'TRANS': 2}
  Time building chain proxies: 0.07, per 1000 atoms: 1.71
  Number of scatterers: 41
  At special positions: 0
  Unit cell: (15.298, 10.638, 14.264, 90, 90, 90)
  Space group: P 1 (No. 1)
  Number of sites at special positions: 0
  Number of scattering types: 4
    Type Number    sf(0)
     O       4      8.00
     N       4      7.00
     C      15      6.00
     H      18      1.00
    sf(0) = scattering factor at diffraction angle 0.

  Number of disulfides: simple=0, symmetry=0

  Automatic linking
    Parameters for automatic linking
      Linking & cutoffs
        Metal                : False - 3.50
        Amimo acid           : False - 1.90
        Carbohydrate         : True  - 1.99
        Ligands              : True  - 1.99
        Amino acid - RNA/DNA : False
      
  Number of custom bonds: simple=0, symmetry=0
  Time building additional restraints: 0.02
  Conformation dependent library (CDL) restraints added in 2.4 milliseconds
  
  Adding C-beta torsion restraints...
  Number of C-beta restraints generated:  2
  Time building geometry restraints manager: 0.03 seconds

  NOTE: a complete listing of the restraints can be obtained by requesting
        output of .geo file.

  Histogram of bond lengths:
        0.83 -     0.97: 17
        0.97 -     1.12: 1
        1.12 -     1.27: 3
        1.27 -     1.41: 11
        1.41 -     1.56: 10
  Bond restraints: 42
  Sorted by residual:
  bond pdb=" CA  TRP A   1 "
       pdb=" N   TRP A   1 "
    ideal  model  delta    sigma   weight residual
    1.458  1.518 -0.060 1.90e-02 2.77e+03 1.01e+01
  bond pdb=" CA  GLY A   3 "
       pdb=" N   GLY A   3 "
    ideal  model  delta    sigma   weight residual
    1.451  1.483 -0.032 1.60e-02 3.91e+03 3.91e+00
  bond pdb=" C   GLY A   3 "
       pdb=" CA  GLY A   3 "
    ideal  model  delta    sigma   weight residual
    1.516  1.552 -0.036 1.80e-02 3.09e+03 3.91e+00
  bond pdb=" C   GLY A   2 "
       pdb=" CA  GLY A   2 "
    ideal  model  delta    sigma   weight residual
    1.514  1.537 -0.023 1.41e-02 5.03e+03 2.57e+00
  bond pdb=" N   GLY A   2 "
       pdb=" H   GLY A   2 "
    ideal  model  delta    sigma   weight residual
    0.860  0.892 -0.032 2.00e-02 2.50e+03 2.54e+00
  ... (remaining 37 not shown)

  Histogram of bond angle deviations from ideal:
      103.77 -   109.83: 19
      109.83 -   115.89: 15
      115.89 -   121.96: 19
      121.96 -   128.02: 13
      128.02 -   134.08: 3
  Bond angle restraints: 69
  Sorted by residual:
  angle pdb=" CA  TRP A   1 "
        pdb=" CB  TRP A   1 "
        pdb=" CG  TRP A   1 "
      ideal   model   delta    sigma   weight residual
     113.60  109.17    4.43 1.90e+00 2.77e-01 5.43e+00
  angle pdb=" HA1 GLY A   2 "
        pdb=" CA  GLY A   2 "
        pdb=" HA2 GLY A   2 "
      ideal   model   delta    sigma   weight residual
     109.00  103.77    5.23 3.00e+00 1.11e-01 3.04e+00
  angle pdb=" C   GLY A   3 "
        pdb=" CA  GLY A   3 "
        pdb=" N   GLY A   3 "
      ideal   model   delta    sigma   weight residual
     113.30  118.33   -5.03 2.90e+00 1.19e-01 3.01e+00
  angle pdb=" OXT GLY A   3 "
        pdb=" C   GLY A   3 "
        pdb=" CA  GLY A   3 "
      ideal   model   delta    sigma   weight residual
     118.60  123.80   -5.20 3.00e+00 1.11e-01 3.00e+00
  angle pdb=" C   GLY A   2 "
        pdb=" CA  GLY A   2 "
        pdb=" HA1 GLY A   2 "
      ideal   model   delta    sigma   weight residual
     109.00  103.99    5.01 3.00e+00 1.11e-01 2.79e+00
  ... (remaining 64 not shown)

  Histogram of dihedral angle deviations from ideal:
        0.21 -     6.67: 11
        6.67 -    13.13: 1
       13.13 -    19.60: 0
       19.60 -    26.06: 1
       26.06 -    32.52: 1
  Dihedral angle restraints: 14
    sinusoidal: 3
      harmonic: 11
  Sorted by residual:
  dihedral pdb=" N   TRP A   1 "
           pdb=" CA  TRP A   1 "
           pdb=" CB  TRP A   1 "
           pdb=" CG  TRP A   1 "
      ideal   model   delta sinusoidal    sigma   weight residual
      60.00   35.34   24.66     3      1.50e+01 4.44e-03 3.43e+00
  dihedral pdb=" CA  TRP A   1 "
           pdb=" C   TRP A   1 "
           pdb=" N   GLY A   2 "
           pdb=" CA  GLY A   2 "
      ideal   model   delta  harmonic     sigma   weight residual
    -180.00 -171.94   -8.06     0      5.00e+00 4.00e-02 2.60e+00
  dihedral pdb=" OXT GLY A   3 "
           pdb=" C   GLY A   3 "
           pdb=" CA  GLY A   3 "
           pdb=" N   GLY A   3 "
      ideal   model   delta sinusoidal    sigma   weight residual
     160.00 -167.48  -32.52     2      3.00e+01 1.11e-03 1.54e+00
  ... (remaining 11 not shown)

  Histogram of chiral volume deviations from ideal:
       0.129 -    0.129: 1
       0.129 -    0.129: 0
       0.129 -    0.129: 0
       0.129 -    0.129: 0
       0.129 -    0.129: 0
  Chirality restraints: 1
  Sorted by residual:
  chirality pdb=" CA  TRP A   1 "
            pdb=" C   TRP A   1 "
            pdb=" N   TRP A   1 "
            pdb=" CB  TRP A   1 "
    both_signs  ideal   model   delta    sigma   weight residual
      False     -2.51   -2.64    0.13 2.00e-01 2.50e+01 4.19e-01

  Planarity restraints: 6
  Sorted by residual:
                                 delta    sigma   weight rms_deltas residual
  plane pdb=" CB  TRP A   1 "   -0.022 2.00e-02 2.50e+03   1.29e-02 6.66e+00
        pdb=" CG  TRP A   1 "    0.017 2.00e-02 2.50e+03
        pdb=" CD1 TRP A   1 "    0.002 2.00e-02 2.50e+03
        pdb=" HD1 TRP A   1 "   -0.005 2.00e-02 2.50e+03
        pdb=" NE1 TRP A   1 "    0.007 2.00e-02 2.50e+03
        pdb=" HE1 TRP A   1 "    0.012 2.00e-02 2.50e+03
        pdb=" CE2 TRP A   1 "   -0.011 2.00e-02 2.50e+03
        pdb=" CZ2 TRP A   1 "    0.013 2.00e-02 2.50e+03
        pdb=" HZ2 TRP A   1 "   -0.007 2.00e-02 2.50e+03
        pdb=" CH2 TRP A   1 "   -0.006 2.00e-02 2.50e+03
        pdb=" HH2 TRP A   1 "   -0.006 2.00e-02 2.50e+03
        pdb=" CZ3 TRP A   1 "   -0.004 2.00e-02 2.50e+03
        pdb=" HZ3 TRP A   1 "    0.002 2.00e-02 2.50e+03
        pdb=" CE3 TRP A   1 "   -0.010 2.00e-02 2.50e+03
        pdb=" HE3 TRP A   1 "    0.031 2.00e-02 2.50e+03
        pdb=" CD2 TRP A   1 "   -0.012 2.00e-02 2.50e+03
                                 delta    sigma   weight rms_deltas residual
  plane pdb=" C   GLY A   2 "   -0.005 2.00e-02 2.50e+03   9.41e-03 8.86e-01
        pdb=" CA  GLY A   3 "   -0.004 2.00e-02 2.50e+03
        pdb=" N   GLY A   3 "    0.016 2.00e-02 2.50e+03
        pdb=" H   GLY A   3 "   -0.007 2.00e-02 2.50e+03
                                 delta    sigma   weight rms_deltas residual
  plane pdb=" C   GLY A   2 "    0.013 2.00e-02 2.50e+03   7.56e-03 5.72e-01
        pdb=" O   GLY A   2 "   -0.005 2.00e-02 2.50e+03
        pdb=" CA  GLY A   2 "   -0.004 2.00e-02 2.50e+03
        pdb=" N   GLY A   3 "   -0.004 2.00e-02 2.50e+03
  ... (remaining 3 not shown)

  Histogram of nonbonded interaction distances:
        1.50 -     2.18: 3
        2.18 -     2.86: 49
        2.86 -     3.54: 65
        3.54 -     4.21: 73
        4.21 -     4.89: 88
  Nonbonded interactions: 278
  Sorted by model distance:
  nonbonded pdb=" HA  TRP A   1 "
            pdb=" H2  TRP A   1 "
     model   vdw
     1.503 1.816
  nonbonded pdb=" C   TRP A   1 "
            pdb=" H2  TRP A   1 "
     model   vdw
     1.934 2.240
  nonbonded pdb=" H2  TRP A   1 "
            pdb=" H   GLY A   2 "
     model   vdw
     1.975 2.100
  nonbonded pdb=" H2  TRP A   1 "
            pdb=" N   GLY A   2 "
     model   vdw
     2.184 2.650
  nonbonded pdb=" O   GLY A   3 "
            pdb=" HXT GLY A   3 "
     model   vdw
     2.184 2.056
  ... (remaining 273 not shown)

  NOTE: a complete listing of the restraints can be obtained by requesting
        output of .geo file.

                   ----------xray_structure summary----------                  

Number of scattering types: 4
  Type Number    sf(0)   Gaussians
   O       4      7.97       2
   N       4      6.97       2
   C      15      5.97       2
   H      18      1.00       2
  sf(0) = scattering factor at diffraction angle 0.
Number of scatterers: 41
At special positions: 0
Unit cell: (15.298, 10.638, 14.264, 90, 90, 90)
Space group: P 1 (No. 1)

End of input processing
r_work=0.5578 r_free=0.4233
params.data_weight: 0.0
params.restraints: cctbx
rmsd(b), start:  0.0906
mc:   0 R: 0.5714 rmsd(b):  0.0007 restraint_scale:  1.0 min_steps: 54
mc:   1 R: 0.5676 rmsd(b):  0.0006 restraint_scale:  1.0 min_steps: 54
mc:   2 R: 0.5682 rmsd(b):  0.0004 restraint_scale:  1.0 min_steps: 55
mc:   3 R: 0.5700 rmsd(b):  0.0005 restraint_scale:  1.0 min_steps: 56
mc:   4 R: 0.5715 rmsd(b):  0.0003 restraint_scale:  1.0 min_steps: 53
mc:   5 R: 0.5738 rmsd(b):  0.0006 restraint_scale:  1.0 min_steps: 57
mc:   6 R: 0.5746 rmsd(b):  0.0003 restraint_scale:  1.0 min_steps: 52
mc:   7 R: 0.5760 rmsd(b):  0.0005 restraint_scale:  1.0 min_steps: 56
mc:   8 R: 0.5763 rmsd(b):  0.0003 restraint_scale:  1.0 min_steps: 54
mc:   9 R: 0.5777 rmsd(b):  0.0005 restraint_scale:  1.0 min_steps: 54
mc:  10 R: 0.5771 rmsd(b):  0.0003 restraint_scale:  1.0 min_steps: 55
mc:  11 R: 0.5772 rmsd(b):  0.0004 restraint_scale:  1.0 min_steps: 55
mc:  12 R: 0.5761 rmsd(b):  0.0003 restraint_scale:  1.0 min_steps: 57
mc:  13 R: 0.5756 rmsd(b):  0.0005 restraint_scale:  1.0 min_steps: 57
mc:  14 R: 0.5748 rmsd(b):  0.0005 restraint_scale:  1.0 min_steps: 54
mc:  15 R: 0.5732 rmsd(b):  0.0005 restraint_scale:  1.0 min_steps: 53
mc:  16 R: 0.5731 rmsd(b):  0.0004 restraint_scale:  1.0 min_steps: 56
Convergence reached, stop now.
see the result structure:  ./p26/04_results/opt_cctbx/216_WGG11-new/1.5/9.pdb
Time: 8.5401
