phenix.python
you are importing  adaptive calculator, and it does nothing. Please give it energy, force....... 

============================== Collecting inputs ==============================


                   ----------Processing X-ray data----------                   

F-obs:
  /scratch/m_zhen01/30995.lupus.uni-muenster.de/p26/02_mtz/212_WGG14-new.mtz:F-obs
Miller array info: None
Observation type: xray.amplitude
Type of data: double, size=201
Type of sigmas: None
Number of Miller indices: 201
Anomalous flag: False
Unit cell: (12.294, 13.908, 11.688, 90, 90, 90)
Space group: P 1 (No. 1)
Systematic absences: 0
Centric reflections: 0
Resolution range: 3.93091 2.50228
Completeness in resolution range: 1
Completeness with d_max=infinity: 0.747212

Number of F-obs in resolution range:                   201
Number of F-obs<0 (these reflections will be rejected): 0
Number of F-obs=0 (these reflections will be used in refinement): 0
Refinement resolution range: d_max =   3.9309
                             d_min =   2.5023

R-free flags:
  /scratch/m_zhen01/30995.lupus.uni-muenster.de/p26/02_mtz/212_WGG14-new.mtz:R-free-flags
Miller array info: /scratch/m_zhen01/30995.lupus.uni-muenster.de/p26/02_mtz/212_WGG14-new.mtz:R-free-flags
Observation type: None
Type of data: int, size=201
Type of sigmas: None
Number of Miller indices: 201
Anomalous flag: False
Unit cell: (12.294, 13.908, 11.688, 90, 90, 90)
Space group: P 1 (No. 1)
Systematic absences: 0
Centric reflections: 0
Resolution range: 3.93091 2.50228
Completeness in resolution range: 1
Completeness with d_max=infinity: 0.747212
Wavelength: 1.0000

Test (R-free flags) flag value: 1

Number of work/free reflections by resolution:
                                  work free  %free
  bin  1: 3.9309 - 3.6132 [21/21]   20    1   4.8%
  bin  2: 3.6132 - 3.3783 [21/21]   21    0   0.0%
  bin  3: 3.3783 - 3.1946 [24/24]   20    4  16.7%
  bin  4: 3.1946 - 3.0453 [ 7/7 ]    7    0   0.0%
  bin  5: 3.0453 - 2.9205 [27/27]   27    0   0.0%
  bin  6: 2.9205 - 2.8139 [18/18]   16    2  11.1%
  bin  7: 2.8139 - 2.7214 [15/15]   15    0   0.0%
  bin  8: 2.7214 - 2.6399 [30/30]   30    0   0.0%
  bin  9: 2.6399 - 2.5674 [20/20]   20    0   0.0%
  bin 10: 2.5674 - 2.5023 [18/18]   18    0   0.0%
                          overall  194    7   3.5%

                   ----------Processing PDB file(s)----------                  

  Monomer Library directory:
    "/tmp1/m_zhen01/phenix-installer-1.10.1-2155-intel-linux-2.6-x86_64-centos5/phenix-1.10.1-2155/modules/chem_data/mon_lib"
  Total number of atoms: 41
  Number of models: 1
  Model: ""
    Number of chains: 1
    Chain: "A"
      Number of atoms: 41
      Number of conformers: 1
      Conformer: ""
        Number of residues, atoms: 3, 41
          Classifications: {'peptide': 3}
          Modifications used: {'NH2NOTPRO': 1, 'COOH': 1}
          Link IDs: {'TRANS': 2}
  Time building chain proxies: 0.08, per 1000 atoms: 1.95
  Number of scatterers: 41
  At special positions: 0
  Unit cell: (12.294, 13.908, 11.688, 90, 90, 90)
  Space group: P 1 (No. 1)
  Number of sites at special positions: 0
  Number of scattering types: 4
    Type Number    sf(0)
     O       4      8.00
     N       4      7.00
     C      15      6.00
     H      18      1.00
    sf(0) = scattering factor at diffraction angle 0.

  Number of disulfides: simple=0, symmetry=0

  Automatic linking
    Parameters for automatic linking
      Linking & cutoffs
        Metal                : False - 3.50
        Amimo acid           : False - 1.90
        Carbohydrate         : True  - 1.99
        Ligands              : True  - 1.99
        Amino acid - RNA/DNA : False
      
  Number of custom bonds: simple=0, symmetry=0
  Time building additional restraints: 0.02
  Conformation dependent library (CDL) restraints added in 2.4 milliseconds
  
  Adding C-beta torsion restraints...
  Number of C-beta restraints generated:  2
  Time building geometry restraints manager: 0.03 seconds

  NOTE: a complete listing of the restraints can be obtained by requesting
        output of .geo file.

  Histogram of bond lengths:
        0.84 -     0.98: 17
        0.98 -     1.12: 1
        1.12 -     1.26: 3
        1.26 -     1.40: 8
        1.40 -     1.53: 13
  Bond restraints: 42
  Sorted by residual:
  bond pdb=" CH2 TRP A   1 "
       pdb=" HH2 TRP A   1 "
    ideal  model  delta    sigma   weight residual
    0.930  0.974 -0.044 2.00e-02 2.50e+03 4.78e+00
  bond pdb=" CZ3 TRP A   1 "
       pdb=" HZ3 TRP A   1 "
    ideal  model  delta    sigma   weight residual
    0.930  0.974 -0.044 2.00e-02 2.50e+03 4.74e+00
  bond pdb=" CA  GLY A   2 "
       pdb=" HA2 GLY A   2 "
    ideal  model  delta    sigma   weight residual
    0.970  0.930  0.040 2.00e-02 2.50e+03 3.98e+00
  bond pdb=" CD1 TRP A   1 "
       pdb=" HD1 TRP A   1 "
    ideal  model  delta    sigma   weight residual
    0.930  0.964 -0.034 2.00e-02 2.50e+03 2.94e+00
  bond pdb=" CH2 TRP A   1 "
       pdb=" CZ3 TRP A   1 "
    ideal  model  delta    sigma   weight residual
    1.400  1.441 -0.041 2.50e-02 1.60e+03 2.68e+00
  ... (remaining 37 not shown)

  Histogram of bond angle deviations from ideal:
      104.61 -   110.45: 22
      110.45 -   116.29: 9
      116.29 -   122.13: 26
      122.13 -   127.97: 10
      127.97 -   133.81: 2
  Bond angle restraints: 69
  Sorted by residual:
  angle pdb=" C   GLY A   3 "
        pdb=" CA  GLY A   3 "
        pdb=" N   GLY A   3 "
      ideal   model   delta    sigma   weight residual
     113.30  119.65   -6.35 2.90e+00 1.19e-01 4.79e+00
  angle pdb=" C   GLY A   2 "
        pdb=" CA  GLY A   2 "
        pdb=" HA1 GLY A   2 "
      ideal   model   delta    sigma   weight residual
     109.00  114.25   -5.25 3.00e+00 1.11e-01 3.06e+00
  angle pdb=" HA1 GLY A   2 "
        pdb=" CA  GLY A   2 "
        pdb=" N   GLY A   2 "
      ideal   model   delta    sigma   weight residual
     110.00  104.98    5.02 3.00e+00 1.11e-01 2.80e+00
  angle pdb=" CA  GLY A   3 "
        pdb=" N   GLY A   3 "
        pdb=" H   GLY A   3 "
      ideal   model   delta    sigma   weight residual
     114.00  118.49   -4.49 3.00e+00 1.11e-01 2.24e+00
  angle pdb=" HA1 GLY A   3 "
        pdb=" CA  GLY A   3 "
        pdb=" HA2 GLY A   3 "
      ideal   model   delta    sigma   weight residual
     109.00  104.61    4.39 3.00e+00 1.11e-01 2.14e+00
  ... (remaining 64 not shown)

  Histogram of dihedral angle deviations from ideal:
        0.50 -    35.22: 12
       35.22 -    69.93: 0
       69.93 -   104.65: 1
      104.65 -   139.36: 0
      139.36 -   174.08: 1
  Dihedral angle restraints: 14
    sinusoidal: 3
      harmonic: 11
  Sorted by residual:
  dihedral pdb=" O   GLY A   3 "
           pdb=" C   GLY A   3 "
           pdb=" OXT GLY A   3 "
           pdb=" HXT GLY A   3 "
      ideal   model   delta  harmonic     sigma   weight residual
       0.00 -174.08  174.08     0      3.00e+01 1.11e-03 3.37e+01
  dihedral pdb=" CA  GLY A   2 "
           pdb=" C   GLY A   2 "
           pdb=" N   GLY A   3 "
           pdb=" CA  GLY A   3 "
      ideal   model   delta  harmonic     sigma   weight residual
    -180.00 -165.77  -14.23     0      5.00e+00 4.00e-02 8.10e+00
  dihedral pdb=" OXT GLY A   3 "
           pdb=" C   GLY A   3 "
           pdb=" CA  GLY A   3 "
           pdb=" N   GLY A   3 "
      ideal   model   delta sinusoidal    sigma   weight residual
     160.00   86.76   73.24     2      3.00e+01 1.11e-03 4.89e+00
  ... (remaining 11 not shown)

  Histogram of chiral volume deviations from ideal:
       0.086 -    0.086: 1
       0.086 -    0.086: 0
       0.086 -    0.086: 0
       0.086 -    0.086: 0
       0.086 -    0.086: 0
  Chirality restraints: 1
  Sorted by residual:
  chirality pdb=" CA  TRP A   1 "
            pdb=" C   TRP A   1 "
            pdb=" N   TRP A   1 "
            pdb=" CB  TRP A   1 "
    both_signs  ideal   model   delta    sigma   weight residual
      False     -2.51   -2.42   -0.09 2.00e-01 2.50e+01 1.86e-01

  Planarity restraints: 6
  Sorted by residual:
                                 delta    sigma   weight rms_deltas residual
  plane pdb=" CB  TRP A   1 "   -0.032 2.00e-02 2.50e+03   1.98e-02 1.56e+01
        pdb=" CG  TRP A   1 "    0.011 2.00e-02 2.50e+03
        pdb=" CD1 TRP A   1 "   -0.011 2.00e-02 2.50e+03
        pdb=" HD1 TRP A   1 "   -0.021 2.00e-02 2.50e+03
        pdb=" NE1 TRP A   1 "    0.013 2.00e-02 2.50e+03
        pdb=" HE1 TRP A   1 "    0.035 2.00e-02 2.50e+03
        pdb=" CE2 TRP A   1 "    0.003 2.00e-02 2.50e+03
        pdb=" CZ2 TRP A   1 "   -0.025 2.00e-02 2.50e+03
        pdb=" HZ2 TRP A   1 "    0.010 2.00e-02 2.50e+03
        pdb=" CH2 TRP A   1 "   -0.016 2.00e-02 2.50e+03
        pdb=" HH2 TRP A   1 "   -0.020 2.00e-02 2.50e+03
        pdb=" CZ3 TRP A   1 "    0.008 2.00e-02 2.50e+03
        pdb=" HZ3 TRP A   1 "   -0.007 2.00e-02 2.50e+03
        pdb=" CE3 TRP A   1 "    0.005 2.00e-02 2.50e+03
        pdb=" HE3 TRP A   1 "    0.039 2.00e-02 2.50e+03
        pdb=" CD2 TRP A   1 "    0.008 2.00e-02 2.50e+03
                                 delta    sigma   weight rms_deltas residual
  plane pdb=" O   GLY A   3 "   -0.025 2.00e-02 2.50e+03   2.30e-02 6.63e+00
        pdb=" C   GLY A   3 "    0.036 2.00e-02 2.50e+03
        pdb=" OXT GLY A   3 "    0.015 2.00e-02 2.50e+03
        pdb=" HXT GLY A   3 "   -0.022 2.00e-02 2.50e+03
        pdb=" CA  GLY A   3 "   -0.004 2.00e-02 2.50e+03
                                 delta    sigma   weight rms_deltas residual
  plane pdb=" C   GLY A   2 "   -0.004 2.00e-02 2.50e+03   7.26e-03 5.28e-01
        pdb=" CA  GLY A   3 "   -0.003 2.00e-02 2.50e+03
        pdb=" N   GLY A   3 "    0.012 2.00e-02 2.50e+03
        pdb=" H   GLY A   3 "   -0.006 2.00e-02 2.50e+03
  ... (remaining 3 not shown)

  Histogram of nonbonded interaction distances:
        1.89 -     2.49: 21
        2.49 -     3.09: 53
        3.09 -     3.69: 79
        3.69 -     4.29: 86
        4.29 -     4.89: 100
  Nonbonded interactions: 339
  Sorted by model distance:
  nonbonded pdb=" H2  TRP A   1 "
            pdb=" H   GLY A   2 "
     model   vdw
     1.894 2.100
  nonbonded pdb=" HA  TRP A   1 "
            pdb=" H1  TRP A   1 "
     model   vdw
     2.146 1.816
  nonbonded pdb=" HA  TRP A   1 "
            pdb=" H2  TRP A   1 "
     model   vdw
     2.185 1.816
  nonbonded pdb=" HZ2 TRP A   1 "
            pdb=" HH2 TRP A   1 "
     model   vdw
     2.289 1.680
  nonbonded pdb=" O   GLY A   2 "
            pdb=" HA1 GLY A   3 "
     model   vdw
     2.307 2.740
  ... (remaining 334 not shown)

  NOTE: a complete listing of the restraints can be obtained by requesting
        output of .geo file.

                   ----------xray_structure summary----------                  

Number of scattering types: 4
  Type Number    sf(0)   Gaussians
   O       4      7.97       2
   N       4      6.97       2
   C      15      5.97       2
   H      18      1.00       2
  sf(0) = scattering factor at diffraction angle 0.
Number of scatterers: 41
At special positions: 0
Unit cell: (12.294, 13.908, 11.688, 90, 90, 90)
Space group: P 1 (No. 1)

End of input processing
r_work=0.4061 r_free=0.2950
params.data_weight: None
params.restraints: cctbx
rmsd(b), start:  0.0809
mc:   0 R: 0.1289 rmsd(b):  0.1030 restraint_scale:  2.0 min_steps: 23
mc:   1 R: 0.0886 rmsd(b):  0.1013 restraint_scale:  4.0 min_steps: 11
mc:   2 R: 0.0698 rmsd(b):  0.0835 restraint_scale:  8.0 min_steps: 9
mc:   3 R: 0.0508 rmsd(b):  0.0364 restraint_scale: 16.0 min_steps: 30
mc:   4 R: 0.0456 rmsd(b):  0.0423 restraint_scale: 32.0 min_steps: 11
mc:   5 R: 0.0399 rmsd(b):  0.0207 restraint_scale: 32.0 min_steps: 14
mc:   6 R: 0.0376 rmsd(b):  0.0232 restraint_scale: 32.0 min_steps: 4
mc:   7 R: 0.0376 rmsd(b):  0.0232 restraint_scale: 32.0 min_steps: 1
Convergence reached, stop now.
see the result structure:  ./p26/04_results/refine_cctbx/212_WGG14-new/0.6/9.pdb
Time: 6.0684
