phenix.python
you are importing  adaptive calculator, and it does nothing. Please give it energy, force....... 

============================== Collecting inputs ==============================


                   ----------Processing X-ray data----------                   

F-obs:
  /scratch/m_zhen01/30993.lupus.uni-muenster.de/p26/02_mtz/250_GFA05-new.mtz:F-obs
Miller array info: None
Observation type: xray.amplitude
Type of data: double, size=233
Type of sigmas: None
Number of Miller indices: 233
Anomalous flag: False
Unit cell: (15.714, 10.32, 14.336, 90, 90, 90)
Space group: P 1 (No. 1)
Systematic absences: 0
Centric reflections: 0
Resolution range: 3.9285 2.50627
Completeness in resolution range: 1
Completeness with d_max=infinity: 0.744409

Number of F-obs in resolution range:                   233
Number of F-obs<0 (these reflections will be rejected): 0
Number of F-obs=0 (these reflections will be used in refinement): 0
Refinement resolution range: d_max =   3.9285
                             d_min =   2.5063

R-free flags:
  /scratch/m_zhen01/30993.lupus.uni-muenster.de/p26/02_mtz/250_GFA05-new.mtz:R-free-flags
Miller array info: /scratch/m_zhen01/30993.lupus.uni-muenster.de/p26/02_mtz/250_GFA05-new.mtz:R-free-flags
Observation type: None
Type of data: int, size=233
Type of sigmas: None
Number of Miller indices: 233
Anomalous flag: False
Unit cell: (15.714, 10.32, 14.336, 90, 90, 90)
Space group: P 1 (No. 1)
Systematic absences: 0
Centric reflections: 0
Resolution range: 3.9285 2.50627
Completeness in resolution range: 1
Completeness with d_max=infinity: 0.744409
Wavelength: 1.0000

Test (R-free flags) flag value: 1

Number of work/free reflections by resolution:
                                  work free  %free
  bin  1: 3.9285 - 3.6134 [19/19]   15    4  21.1%
  bin  2: 3.6134 - 3.3799 [24/24]   24    0   0.0%
  bin  3: 3.3799 - 3.1971 [30/30]   30    0   0.0%
  bin  4: 3.1971 - 3.0483 [21/21]   21    0   0.0%
  bin  5: 3.0483 - 2.9238 [16/16]   14    2  12.5%
  bin  6: 2.9238 - 2.8175 [35/35]   35    0   0.0%
  bin  7: 2.8175 - 2.7251 [16/16]   14    2  12.5%
  bin  8: 2.7251 - 2.6438 [14/14]   14    0   0.0%
  bin  9: 2.6438 - 2.5714 [24/24]   24    0   0.0%
  bin 10: 2.5714 - 2.5063 [34/34]   30    4  11.8%
                          overall  221   12   5.2%

                   ----------Processing PDB file(s)----------                  

  Monomer Library directory:
    "/tmp1/m_zhen01/phenix-installer-1.10.1-2155-intel-linux-2.6-x86_64-centos5/phenix-1.10.1-2155/modules/chem_data/mon_lib"
  Total number of atoms: 40
  Number of models: 1
  Model: ""
    Number of chains: 1
    Chain: "A"
      Number of atoms: 40
      Number of conformers: 1
      Conformer: ""
        Number of residues, atoms: 3, 40
          Classifications: {'peptide': 3}
          Modifications used: {'NH2NOTPRO': 1, 'COOH': 1}
          Link IDs: {'TRANS': 2}
  Time building chain proxies: 0.09, per 1000 atoms: 2.25
  Number of scatterers: 40
  At special positions: 0
  Unit cell: (15.714, 10.32, 14.336, 90, 90, 90)
  Space group: P 1 (No. 1)
  Number of sites at special positions: 0
  Number of scattering types: 4
    Type Number    sf(0)
     O       4      8.00
     N       3      7.00
     C      14      6.00
     H      19      1.00
    sf(0) = scattering factor at diffraction angle 0.

  Number of disulfides: simple=0, symmetry=0

  Automatic linking
    Parameters for automatic linking
      Linking & cutoffs
        Metal                : False - 3.50
        Amimo acid           : False - 1.90
        Carbohydrate         : True  - 1.99
        Ligands              : True  - 1.99
        Amino acid - RNA/DNA : False
      
  Number of custom bonds: simple=0, symmetry=0
  Time building additional restraints: 0.03
  Conformation dependent library (CDL) restraints added in 3.2 milliseconds
  
  Adding C-beta torsion restraints...
  Number of C-beta restraints generated:  4
  Time building geometry restraints manager: 0.04 seconds

  NOTE: a complete listing of the restraints can be obtained by requesting
        output of .geo file.

  Histogram of bond lengths:
        0.85 -     0.99: 18
        0.99 -     1.13: 1
        1.13 -     1.27: 3
        1.27 -     1.40: 7
        1.40 -     1.54: 11
  Bond restraints: 40
  Sorted by residual:
  bond pdb=" N   PHE A   2 "
       pdb=" H   PHE A   2 "
    ideal  model  delta    sigma   weight residual
    0.860  0.900 -0.040 2.00e-02 2.50e+03 3.93e+00
  bond pdb=" CD2 PHE A   2 "
       pdb=" HD2 PHE A   2 "
    ideal  model  delta    sigma   weight residual
    0.930  0.963 -0.033 2.00e-02 2.50e+03 2.75e+00
  bond pdb=" CZ  PHE A   2 "
       pdb=" CE2 PHE A   2 "
    ideal  model  delta    sigma   weight residual
    1.382  1.431 -0.049 3.00e-02 1.11e+03 2.63e+00
  bond pdb=" CA  GLY A   1 "
       pdb=" HA1 GLY A   1 "
    ideal  model  delta    sigma   weight residual
    0.970  0.939  0.031 2.00e-02 2.50e+03 2.43e+00
  bond pdb=" CA  GLY A   1 "
       pdb=" N   GLY A   1 "
    ideal  model  delta    sigma   weight residual
    1.451  1.427  0.024 1.60e-02 3.91e+03 2.17e+00
  ... (remaining 35 not shown)

  Histogram of bond angle deviations from ideal:
      103.85 -   107.98: 8
      107.98 -   112.10: 19
      112.10 -   116.23: 10
      116.23 -   120.36: 13
      120.36 -   124.48: 16
  Bond angle restraints: 66
  Sorted by residual:
  angle pdb=" CB  PHE A   2 "
        pdb=" CA  PHE A   2 "
        pdb=" C   PHE A   2 "
      ideal   model   delta    sigma   weight residual
     109.38  113.10   -3.72 1.80e+00 3.09e-01 4.27e+00
  angle pdb=" C   ALA A   3 "
        pdb=" CA  ALA A   3 "
        pdb=" HA  ALA A   3 "
      ideal   model   delta    sigma   weight residual
     109.00  103.85    5.15 3.00e+00 1.11e-01 2.95e+00
  angle pdb=" C   GLY A   1 "
        pdb=" CA  GLY A   1 "
        pdb=" N   GLY A   1 "
      ideal   model   delta    sigma   weight residual
     113.30  108.56    4.74 2.90e+00 1.19e-01 2.67e+00
  angle pdb=" HB2 PHE A   2 "
        pdb=" CB  PHE A   2 "
        pdb=" CA  PHE A   2 "
      ideal   model   delta    sigma   weight residual
     109.00  113.38   -4.38 3.00e+00 1.11e-01 2.13e+00
  angle pdb=" CE1 PHE A   2 "
        pdb=" CZ  PHE A   2 "
        pdb=" CE2 PHE A   2 "
      ideal   model   delta    sigma   weight residual
     120.00  117.45    2.55 1.80e+00 3.09e-01 2.01e+00
  ... (remaining 61 not shown)

  Histogram of dihedral angle deviations from ideal:
        0.16 -     3.58: 8
        3.58 -     6.99: 3
        6.99 -    10.40: 3
       10.40 -    13.81: 1
       13.81 -    17.23: 1
  Dihedral angle restraints: 16
    sinusoidal: 4
      harmonic: 12
  Sorted by residual:
  dihedral pdb=" C   PHE A   2 "
           pdb=" N   PHE A   2 "
           pdb=" CA  PHE A   2 "
           pdb=" CB  PHE A   2 "
      ideal   model   delta  harmonic     sigma   weight residual
    -122.60 -126.36    3.76     0      2.50e+00 1.60e-01 2.27e+00
  dihedral pdb=" CA  GLY A   1 "
           pdb=" C   GLY A   1 "
           pdb=" N   PHE A   2 "
           pdb=" CA  PHE A   2 "
      ideal   model   delta  harmonic     sigma   weight residual
     180.00  172.82    7.18     0      5.00e+00 4.00e-02 2.06e+00
  dihedral pdb=" N   PHE A   2 "
           pdb=" C   PHE A   2 "
           pdb=" CA  PHE A   2 "
           pdb=" CB  PHE A   2 "
      ideal   model   delta  harmonic     sigma   weight residual
     122.80  125.67   -2.87     0      2.50e+00 1.60e-01 1.32e+00
  ... (remaining 13 not shown)

  Histogram of chiral volume deviations from ideal:
       0.100 -    0.105: 1
       0.105 -    0.110: 0
       0.110 -    0.115: 0
       0.115 -    0.120: 0
       0.120 -    0.125: 1
  Chirality restraints: 2
  Sorted by residual:
  chirality pdb=" CA  ALA A   3 "
            pdb=" C   ALA A   3 "
            pdb=" CB  ALA A   3 "
            pdb=" N   ALA A   3 "
    both_signs  ideal   model   delta    sigma   weight residual
      False      2.48    2.36    0.12 2.00e-01 2.50e+01 3.89e-01
  chirality pdb=" CA  PHE A   2 "
            pdb=" CB  PHE A   2 "
            pdb=" C   PHE A   2 "
            pdb=" N   PHE A   2 "
    both_signs  ideal   model   delta    sigma   weight residual
      False     -2.51   -2.41   -0.10 2.00e-01 2.50e+01 2.48e-01

  Planarity restraints: 6
  Sorted by residual:
                                 delta    sigma   weight rms_deltas residual
  plane pdb=" O   ALA A   3 "   -0.017 2.00e-02 2.50e+03   2.16e-02 5.85e+00
        pdb=" C   ALA A   3 "    0.032 2.00e-02 2.50e+03
        pdb=" OXT ALA A   3 "   -0.028 2.00e-02 2.50e+03
        pdb=" HXT ALA A   3 "    0.016 2.00e-02 2.50e+03
        pdb=" CA  ALA A   3 "   -0.002 2.00e-02 2.50e+03
                                 delta    sigma   weight rms_deltas residual
  plane pdb=" CB  PHE A   2 "    0.010 2.00e-02 2.50e+03   1.35e-02 5.50e+00
        pdb=" CG  PHE A   2 "   -0.023 2.00e-02 2.50e+03
        pdb=" CD1 PHE A   2 "   -0.019 2.00e-02 2.50e+03
        pdb=" HD1 PHE A   2 "    0.026 2.00e-02 2.50e+03
        pdb=" CE1 PHE A   2 "   -0.013 2.00e-02 2.50e+03
        pdb=" HE1 PHE A   2 "    0.003 2.00e-02 2.50e+03
        pdb=" CZ  PHE A   2 "   -0.001 2.00e-02 2.50e+03
        pdb=" HZ  PHE A   2 "    0.011 2.00e-02 2.50e+03
        pdb=" CE2 PHE A   2 "    0.002 2.00e-02 2.50e+03
        pdb=" HE2 PHE A   2 "    0.003 2.00e-02 2.50e+03
        pdb=" CD2 PHE A   2 "   -0.010 2.00e-02 2.50e+03
        pdb=" HD2 PHE A   2 "    0.011 2.00e-02 2.50e+03
                                 delta    sigma   weight rms_deltas residual
  plane pdb=" C   GLY A   1 "    0.008 2.00e-02 2.50e+03   1.55e-02 2.39e+00
        pdb=" CA  PHE A   2 "    0.007 2.00e-02 2.50e+03
        pdb=" N   PHE A   2 "   -0.027 2.00e-02 2.50e+03
        pdb=" H   PHE A   2 "    0.012 2.00e-02 2.50e+03
  ... (remaining 3 not shown)

  Histogram of nonbonded interaction distances:
        1.91 -     2.51: 27
        2.51 -     3.10: 49
        3.10 -     3.70: 66
        3.70 -     4.29: 77
        4.29 -     4.89: 96
  Nonbonded interactions: 315
  Sorted by model distance:
  nonbonded pdb=" HA2 GLY A   1 "
            pdb=" H2  GLY A   1 "
     model   vdw
     1.915 1.816
  nonbonded pdb=" HB1 PHE A   2 "
            pdb=" HA  PHE A   2 "
     model   vdw
     2.166 1.952
  nonbonded pdb=" O   ALA A   3 "
            pdb=" HXT ALA A   3 "
     model   vdw
     2.223 2.056
  nonbonded pdb=" HA  PHE A   2 "
            pdb=" H   ALA A   3 "
     model   vdw
     2.242 2.270
  nonbonded pdb=" HB1 ALA A   3 "
            pdb=" HA  ALA A   3 "
     model   vdw
     2.254 1.952
  ... (remaining 310 not shown)

  NOTE: a complete listing of the restraints can be obtained by requesting
        output of .geo file.

                   ----------xray_structure summary----------                  

Number of scattering types: 4
  Type Number    sf(0)   Gaussians
   O       4      7.97       2
   N       3      6.97       2
   C      14      5.97       2
   H      19      1.00       2
  sf(0) = scattering factor at diffraction angle 0.
Number of scatterers: 40
At special positions: 0
Unit cell: (15.714, 10.32, 14.336, 90, 90, 90)
Space group: P 1 (No. 1)

End of input processing
r_work=0.5270 r_free=0.5778
params.data_weight: 0.0
params.restraints: cctbx
rmsd(b), start:  0.0901
mc:   0 R: 0.5319 rmsd(b):  0.0013 restraint_scale:  1.0 min_steps: 53
mc:   1 R: 0.5305 rmsd(b):  0.0006 restraint_scale:  1.0 min_steps: 56
mc:   2 R: 0.5246 rmsd(b):  0.0006 restraint_scale:  1.0 min_steps: 53
mc:   3 R: 0.5244 rmsd(b):  0.0005 restraint_scale:  1.0 min_steps: 53
mc:   4 R: 0.5218 rmsd(b):  0.0006 restraint_scale:  1.0 min_steps: 53
mc:   5 R: 0.5215 rmsd(b):  0.0005 restraint_scale:  1.0 min_steps: 53
mc:   6 R: 0.5201 rmsd(b):  0.0005 restraint_scale:  1.0 min_steps: 55
mc:   7 R: 0.5199 rmsd(b):  0.0005 restraint_scale:  1.0 min_steps: 55
mc:   8 R: 0.5190 rmsd(b):  0.0005 restraint_scale:  1.0 min_steps: 55
Convergence reached, stop now.
see the result structure:  ./p26/04_results/opt_cctbx/250_GFA05-new/1.5/3.pdb
Time: 6.4712
