phenix.python
you are importing  adaptive calculator, and it does nothing. Please give it energy, force....... 

============================== Collecting inputs ==============================


                   ----------Processing X-ray data----------                   

F-obs:
  /scratch/m_zhen01/30995.lupus.uni-muenster.de/p26/02_mtz/214_WGG01-new.mtz:F-obs
Miller array info: None
Observation type: xray.amplitude
Type of data: double, size=217
Type of sigmas: None
Number of Miller indices: 217
Anomalous flag: False
Unit cell: (13.095, 10.667, 15.45, 90, 90, 90)
Space group: P 1 (No. 1)
Systematic absences: 0
Centric reflections: 0
Resolution range: 3.99458 2.5031
Completeness in resolution range: 1
Completeness with d_max=infinity: 0.756098

Number of F-obs in resolution range:                   217
Number of F-obs<0 (these reflections will be rejected): 0
Number of F-obs=0 (these reflections will be used in refinement): 0
Refinement resolution range: d_max =   3.9946
                             d_min =   2.5031

R-free flags:
  /scratch/m_zhen01/30995.lupus.uni-muenster.de/p26/02_mtz/214_WGG01-new.mtz:R-free-flags
Miller array info: /scratch/m_zhen01/30995.lupus.uni-muenster.de/p26/02_mtz/214_WGG01-new.mtz:R-free-flags
Observation type: None
Type of data: int, size=217
Type of sigmas: None
Number of Miller indices: 217
Anomalous flag: False
Unit cell: (13.095, 10.667, 15.45, 90, 90, 90)
Space group: P 1 (No. 1)
Systematic absences: 0
Centric reflections: 0
Resolution range: 3.99458 2.5031
Completeness in resolution range: 1
Completeness with d_max=infinity: 0.756098
Wavelength: 1.0000

Test (R-free flags) flag value: 1

Number of work/free reflections by resolution:
                                  work free  %free
  bin  1: 3.9946 - 3.6541 [19/19]   15    4  21.1%
  bin  2: 3.6541 - 3.4062 [23/23]   23    0   0.0%
  bin  3: 3.4062 - 3.2143 [21/21]   19    2   9.5%
  bin  4: 3.2143 - 3.0595 [33/33]   33    0   0.0%
  bin  5: 3.0595 - 2.9307 [10/10]   10    0   0.0%
  bin  6: 2.9307 - 2.8212 [28/28]   28    0   0.0%
  bin  7: 2.8212 - 2.7265 [16/16]   12    4  25.0%
  bin  8: 2.7265 - 2.6433 [19/19]   19    0   0.0%
  bin  9: 2.6433 - 2.5694 [26/26]   22    4  15.4%
  bin 10: 2.5694 - 2.5031 [22/22]   22    0   0.0%
                          overall  203   14   6.5%

                   ----------Processing PDB file(s)----------                  

  Monomer Library directory:
    "/tmp1/m_zhen01/phenix-installer-1.10.1-2155-intel-linux-2.6-x86_64-centos5/phenix-1.10.1-2155/modules/chem_data/mon_lib"
  Total number of atoms: 41
  Number of models: 1
  Model: ""
    Number of chains: 1
    Chain: "A"
      Number of atoms: 41
      Number of conformers: 1
      Conformer: ""
        Number of residues, atoms: 3, 41
          Classifications: {'peptide': 3}
          Modifications used: {'NH2NOTPRO': 1, 'COOH': 1}
          Link IDs: {'TRANS': 2}
  Time building chain proxies: 0.08, per 1000 atoms: 1.95
  Number of scatterers: 41
  At special positions: 0
  Unit cell: (13.095, 10.667, 15.45, 90, 90, 90)
  Space group: P 1 (No. 1)
  Number of sites at special positions: 0
  Number of scattering types: 4
    Type Number    sf(0)
     O       4      8.00
     N       4      7.00
     C      15      6.00
     H      18      1.00
    sf(0) = scattering factor at diffraction angle 0.

  Number of disulfides: simple=0, symmetry=0

  Automatic linking
    Parameters for automatic linking
      Linking & cutoffs
        Metal                : False - 3.50
        Amimo acid           : False - 1.90
        Carbohydrate         : True  - 1.99
        Ligands              : True  - 1.99
        Amino acid - RNA/DNA : False
      
  Number of custom bonds: simple=0, symmetry=0
  Time building additional restraints: 0.03
  Conformation dependent library (CDL) restraints added in 2.4 milliseconds
  
  Adding C-beta torsion restraints...
  Number of C-beta restraints generated:  2
  Time building geometry restraints manager: 0.04 seconds

  NOTE: a complete listing of the restraints can be obtained by requesting
        output of .geo file.

  Histogram of bond lengths:
        0.82 -     0.96: 8
        0.96 -     1.10: 10
        1.10 -     1.24: 3
        1.24 -     1.38: 10
        1.38 -     1.52: 11
  Bond restraints: 42
  Sorted by residual:
  bond pdb=" CH2 TRP A   1 "
       pdb=" HH2 TRP A   1 "
    ideal  model  delta    sigma   weight residual
    0.930  0.879  0.051 2.00e-02 2.50e+03 6.51e+00
  bond pdb=" CA  GLY A   3 "
       pdb=" HA1 GLY A   3 "
    ideal  model  delta    sigma   weight residual
    0.970  1.016 -0.046 2.00e-02 2.50e+03 5.34e+00
  bond pdb=" CE2 TRP A   1 "
       pdb=" CD2 TRP A   1 "
    ideal  model  delta    sigma   weight residual
    1.409  1.374  0.035 1.70e-02 3.46e+03 4.21e+00
  bond pdb=" N   GLY A   2 "
       pdb=" H   GLY A   2 "
    ideal  model  delta    sigma   weight residual
    0.860  0.820  0.040 2.00e-02 2.50e+03 3.94e+00
  bond pdb=" N   GLY A   3 "
       pdb=" H   GLY A   3 "
    ideal  model  delta    sigma   weight residual
    0.860  0.822  0.038 2.00e-02 2.50e+03 3.70e+00
  ... (remaining 37 not shown)

  Histogram of bond angle deviations from ideal:
      103.16 -   109.20: 14
      109.20 -   115.24: 18
      115.24 -   121.28: 21
      121.28 -   127.31: 12
      127.31 -   133.35: 4
  Bond angle restraints: 69
  Sorted by residual:
  angle pdb=" C   GLY A   3 "
        pdb=" CA  GLY A   3 "
        pdb=" HA2 GLY A   3 "
      ideal   model   delta    sigma   weight residual
     109.00  103.16    5.84 3.00e+00 1.11e-01 3.79e+00
  angle pdb=" HA1 GLY A   3 "
        pdb=" CA  GLY A   3 "
        pdb=" HA2 GLY A   3 "
      ideal   model   delta    sigma   weight residual
     109.00  114.51   -5.51 3.00e+00 1.11e-01 3.37e+00
  angle pdb=" N   TRP A   1 "
        pdb=" CA  TRP A   1 "
        pdb=" CB  TRP A   1 "
      ideal   model   delta    sigma   weight residual
     110.50  107.93    2.57 1.70e+00 3.46e-01 2.28e+00
  angle pdb=" HA1 GLY A   2 "
        pdb=" CA  GLY A   2 "
        pdb=" N   GLY A   2 "
      ideal   model   delta    sigma   weight residual
     110.00  105.58    4.42 3.00e+00 1.11e-01 2.17e+00
  angle pdb=" C   GLY A   2 "
        pdb=" N   GLY A   3 "
        pdb=" CA  GLY A   3 "
      ideal   model   delta    sigma   weight residual
     121.70  119.10    2.60 1.80e+00 3.09e-01 2.09e+00
  ... (remaining 64 not shown)

  Histogram of dihedral angle deviations from ideal:
        0.59 -    35.63: 12
       35.63 -    70.67: 0
       70.67 -   105.72: 1
      105.72 -   140.76: 0
      140.76 -   175.80: 1
  Dihedral angle restraints: 14
    sinusoidal: 3
      harmonic: 11
  Sorted by residual:
  dihedral pdb=" O   GLY A   3 "
           pdb=" C   GLY A   3 "
           pdb=" OXT GLY A   3 "
           pdb=" HXT GLY A   3 "
      ideal   model   delta  harmonic     sigma   weight residual
       0.00 -175.80  175.80     0      3.00e+01 1.11e-03 3.43e+01
  dihedral pdb=" OXT GLY A   3 "
           pdb=" C   GLY A   3 "
           pdb=" CA  GLY A   3 "
           pdb=" N   GLY A   3 "
      ideal   model   delta sinusoidal    sigma   weight residual
     160.00   87.91   72.09     2      3.00e+01 1.11e-03 4.83e+00
  dihedral pdb=" N   TRP A   1 "
           pdb=" C   TRP A   1 "
           pdb=" CA  TRP A   1 "
           pdb=" CB  TRP A   1 "
      ideal   model   delta  harmonic     sigma   weight residual
     122.80  119.57    3.23     0      2.50e+00 1.60e-01 1.67e+00
  ... (remaining 11 not shown)

  Histogram of chiral volume deviations from ideal:
       0.058 -    0.058: 1
       0.058 -    0.058: 0
       0.058 -    0.058: 0
       0.058 -    0.058: 0
       0.058 -    0.058: 0
  Chirality restraints: 1
  Sorted by residual:
  chirality pdb=" CA  TRP A   1 "
            pdb=" C   TRP A   1 "
            pdb=" N   TRP A   1 "
            pdb=" CB  TRP A   1 "
    both_signs  ideal   model   delta    sigma   weight residual
      False     -2.51   -2.57    0.06 2.00e-01 2.50e+01 8.48e-02

  Planarity restraints: 6
  Sorted by residual:
                                 delta    sigma   weight rms_deltas residual
  plane pdb=" CB  TRP A   1 "   -0.031 2.00e-02 2.50e+03   1.82e-02 1.32e+01
        pdb=" CG  TRP A   1 "    0.023 2.00e-02 2.50e+03
        pdb=" CD1 TRP A   1 "    0.013 2.00e-02 2.50e+03
        pdb=" HD1 TRP A   1 "    0.002 2.00e-02 2.50e+03
        pdb=" NE1 TRP A   1 "    0.011 2.00e-02 2.50e+03
        pdb=" HE1 TRP A   1 "   -0.010 2.00e-02 2.50e+03
        pdb=" CE2 TRP A   1 "    0.012 2.00e-02 2.50e+03
        pdb=" CZ2 TRP A   1 "   -0.018 2.00e-02 2.50e+03
        pdb=" HZ2 TRP A   1 "   -0.005 2.00e-02 2.50e+03
        pdb=" CH2 TRP A   1 "   -0.023 2.00e-02 2.50e+03
        pdb=" HH2 TRP A   1 "    0.024 2.00e-02 2.50e+03
        pdb=" CZ3 TRP A   1 "   -0.018 2.00e-02 2.50e+03
        pdb=" HZ3 TRP A   1 "    0.019 2.00e-02 2.50e+03
        pdb=" CE3 TRP A   1 "   -0.026 2.00e-02 2.50e+03
        pdb=" HE3 TRP A   1 "    0.021 2.00e-02 2.50e+03
        pdb=" CD2 TRP A   1 "    0.007 2.00e-02 2.50e+03
                                 delta    sigma   weight rms_deltas residual
  plane pdb=" O   GLY A   3 "   -0.014 2.00e-02 2.50e+03   1.99e-02 4.95e+00
        pdb=" C   GLY A   3 "    0.002 2.00e-02 2.50e+03
        pdb=" OXT GLY A   3 "    0.031 2.00e-02 2.50e+03
        pdb=" HXT GLY A   3 "   -0.027 2.00e-02 2.50e+03
        pdb=" CA  GLY A   3 "    0.008 2.00e-02 2.50e+03
                                 delta    sigma   weight rms_deltas residual
  plane pdb=" C   GLY A   2 "    0.017 2.00e-02 2.50e+03   1.01e-02 1.01e+00
        pdb=" O   GLY A   2 "   -0.007 2.00e-02 2.50e+03
        pdb=" CA  GLY A   2 "   -0.005 2.00e-02 2.50e+03
        pdb=" N   GLY A   3 "   -0.006 2.00e-02 2.50e+03
  ... (remaining 3 not shown)

  Histogram of nonbonded interaction distances:
        1.89 -     2.49: 19
        2.49 -     3.09: 66
        3.09 -     3.69: 77
        3.69 -     4.29: 73
        4.29 -     4.89: 103
  Nonbonded interactions: 338
  Sorted by model distance:
  nonbonded pdb=" HE1 TRP A   1 "
            pdb=" O   GLY A   3 "
     model   vdw
     1.892 1.970
  nonbonded pdb=" HA1 GLY A   2 "
            pdb=" H   GLY A   2 "
     model   vdw
     2.097 1.816
  nonbonded pdb=" HA2 GLY A   3 "
            pdb=" H   GLY A   3 "
     model   vdw
     2.116 1.816
  nonbonded pdb=" HXT GLY A   3 "
            pdb=" HA1 GLY A   3 "
     model   vdw
     2.156 2.270
  nonbonded pdb=" HA  TRP A   1 "
            pdb=" H2  TRP A   1 "
     model   vdw
     2.216 1.816
  ... (remaining 333 not shown)

  NOTE: a complete listing of the restraints can be obtained by requesting
        output of .geo file.

                   ----------xray_structure summary----------                  

Number of scattering types: 4
  Type Number    sf(0)   Gaussians
   O       4      7.97       2
   N       4      6.97       2
   C      15      5.97       2
   H      18      1.00       2
  sf(0) = scattering factor at diffraction angle 0.
Number of scatterers: 41
At special positions: 0
Unit cell: (13.095, 10.667, 15.45, 90, 90, 90)
Space group: P 1 (No. 1)

End of input processing
r_work=0.1717 r_free=0.1483
params.data_weight: None
params.restraints: cctbx
rmsd(b), start:  0.0883
mc:   0 R: 0.0246 rmsd(b):  0.0181 restraint_scale:  1.0 min_steps: 26
mc:   1 R: 0.0051 rmsd(b):  0.0204 restraint_scale:  1.0 min_steps: 23
mc:   2 R: 0.0046 rmsd(b):  0.0209 restraint_scale:  1.0 min_steps: 10
Convergence reached, stop now.
see the result structure:  ./p26/04_results/refine_cctbx/214_WGG01-new/0.3/6.pdb
Time: 5.1714
