phenix.python
you are importing  adaptive calculator, and it does nothing. Please give it energy, force....... 

============================== Collecting inputs ==============================


                   ----------Processing X-ray data----------                   

F-obs:
  /scratch/m_zhen01/30995.lupus.uni-muenster.de/p26/02_mtz/245_GFA06-new.mtz:F-obs
Miller array info: None
Observation type: xray.amplitude
Type of data: double, size=236
Type of sigmas: None
Number of Miller indices: 236
Anomalous flag: False
Unit cell: (12.522, 17.481, 10.617, 90, 90, 90)
Space group: P 1 (No. 1)
Systematic absences: 0
Centric reflections: 0
Resolution range: 3.95801 2.50258
Completeness in resolution range: 1
Completeness with d_max=infinity: 0.763754

Number of F-obs in resolution range:                   236
Number of F-obs<0 (these reflections will be rejected): 0
Number of F-obs=0 (these reflections will be used in refinement): 0
Refinement resolution range: d_max =   3.9580
                             d_min =   2.5026

R-free flags:
  /scratch/m_zhen01/30995.lupus.uni-muenster.de/p26/02_mtz/245_GFA06-new.mtz:R-free-flags
Miller array info: /scratch/m_zhen01/30995.lupus.uni-muenster.de/p26/02_mtz/245_GFA06-new.mtz:R-free-flags
Observation type: None
Type of data: int, size=236
Type of sigmas: None
Number of Miller indices: 236
Anomalous flag: False
Unit cell: (12.522, 17.481, 10.617, 90, 90, 90)
Space group: P 1 (No. 1)
Systematic absences: 0
Centric reflections: 0
Resolution range: 3.95801 2.50258
Completeness in resolution range: 1
Completeness with d_max=infinity: 0.763754
Wavelength: 1.0000

Test (R-free flags) flag value: 1

Number of work/free reflections by resolution:
                                  work free  %free
  bin  1: 3.9580 - 3.6307 [30/30]   26    4  13.3%
  bin  2: 3.6307 - 3.3903 [18/18]   18    0   0.0%
  bin  3: 3.3903 - 3.2031 [34/34]   30    4  11.8%
  bin  4: 3.2031 - 3.0514 [15/15]   15    0   0.0%
  bin  5: 3.0514 - 2.9249 [28/28]   28    0   0.0%
  bin  6: 2.9249 - 2.8170 [25/25]   23    2   8.0%
  bin  7: 2.8170 - 2.7235 [14/14]   14    0   0.0%
  bin  8: 2.7235 - 2.6413 [29/29]   29    0   0.0%
  bin  9: 2.6413 - 2.5682 [24/24]   20    4  16.7%
  bin 10: 2.5682 - 2.5026 [19/19]   19    0   0.0%
                          overall  222   14   5.9%

                   ----------Processing PDB file(s)----------                  

  Monomer Library directory:
    "/tmp1/m_zhen01/phenix-installer-1.10.1-2155-intel-linux-2.6-x86_64-centos5/phenix-1.10.1-2155/modules/chem_data/mon_lib"
  Total number of atoms: 40
  Number of models: 1
  Model: ""
    Number of chains: 1
    Chain: "A"
      Number of atoms: 40
      Number of conformers: 1
      Conformer: ""
        Number of residues, atoms: 3, 40
          Classifications: {'peptide': 3}
          Modifications used: {'NH2NOTPRO': 1, 'COOH': 1}
          Link IDs: {'TRANS': 2}
  Time building chain proxies: 0.08, per 1000 atoms: 2.00
  Number of scatterers: 40
  At special positions: 0
  Unit cell: (12.522, 17.481, 10.617, 90, 90, 90)
  Space group: P 1 (No. 1)
  Number of sites at special positions: 0
  Number of scattering types: 4
    Type Number    sf(0)
     O       4      8.00
     N       3      7.00
     C      14      6.00
     H      19      1.00
    sf(0) = scattering factor at diffraction angle 0.

  Number of disulfides: simple=0, symmetry=0

  Automatic linking
    Parameters for automatic linking
      Linking & cutoffs
        Metal                : False - 3.50
        Amimo acid           : False - 1.90
        Carbohydrate         : True  - 1.99
        Ligands              : True  - 1.99
        Amino acid - RNA/DNA : False
      
  Number of custom bonds: simple=0, symmetry=0
  Time building additional restraints: 0.03
  Conformation dependent library (CDL) restraints added in 3.6 milliseconds
  
  Adding C-beta torsion restraints...
  Number of C-beta restraints generated:  4
  Time building geometry restraints manager: 0.03 seconds

  NOTE: a complete listing of the restraints can be obtained by requesting
        output of .geo file.

  Histogram of bond lengths:
        0.85 -     1.00: 18
        1.00 -     1.14: 1
        1.14 -     1.29: 3
        1.29 -     1.44: 10
        1.44 -     1.58: 8
  Bond restraints: 40
  Sorted by residual:
  bond pdb=" CZ  PHE A   2 "
       pdb=" HZ  PHE A   2 "
    ideal  model  delta    sigma   weight residual
    0.930  0.883  0.047 2.00e-02 2.50e+03 5.47e+00
  bond pdb=" C   GLY A   1 "
       pdb=" N   PHE A   2 "
    ideal  model  delta    sigma   weight residual
    1.331  1.365 -0.034 1.51e-02 4.39e+03 5.12e+00
  bond pdb=" N   PHE A   2 "
       pdb=" H   PHE A   2 "
    ideal  model  delta    sigma   weight residual
    0.860  0.904 -0.044 2.00e-02 2.50e+03 4.83e+00
  bond pdb=" CB  PHE A   2 "
       pdb=" HB2 PHE A   2 "
    ideal  model  delta    sigma   weight residual
    0.970  0.927  0.043 2.00e-02 2.50e+03 4.72e+00
  bond pdb=" CB  ALA A   3 "
       pdb=" HB1 ALA A   3 "
    ideal  model  delta    sigma   weight residual
    0.970  0.929  0.041 2.00e-02 2.50e+03 4.31e+00
  ... (remaining 35 not shown)

  Histogram of bond angle deviations from ideal:
      105.20 -   109.05: 17
      109.05 -   112.90: 14
      112.90 -   116.75: 6
      116.75 -   120.60: 12
      120.60 -   124.44: 17
  Bond angle restraints: 66
  Sorted by residual:
  angle pdb=" CG  PHE A   2 "
        pdb=" CB  PHE A   2 "
        pdb=" CA  PHE A   2 "
      ideal   model   delta    sigma   weight residual
     113.80  115.51   -1.71 1.00e+00 1.00e+00 2.92e+00
  angle pdb=" O   GLY A   1 "
        pdb=" C   GLY A   1 "
        pdb=" N   PHE A   2 "
      ideal   model   delta    sigma   weight residual
     123.00  120.97    2.03 1.60e+00 3.91e-01 1.61e+00
  angle pdb=" HA1 GLY A   1 "
        pdb=" CA  GLY A   1 "
        pdb=" HA2 GLY A   1 "
      ideal   model   delta    sigma   weight residual
     109.00  105.20    3.80 3.00e+00 1.11e-01 1.60e+00
  angle pdb=" H1  GLY A   1 "
        pdb=" N   GLY A   1 "
        pdb=" H2  GLY A   1 "
      ideal   model   delta    sigma   weight residual
     109.47  105.80    3.67 3.00e+00 1.11e-01 1.50e+00
  angle pdb=" CB  PHE A   2 "
        pdb=" CA  PHE A   2 "
        pdb=" N   PHE A   2 "
      ideal   model   delta    sigma   weight residual
     110.53  112.55   -2.02 1.66e+00 3.63e-01 1.48e+00
  ... (remaining 61 not shown)

  Histogram of dihedral angle deviations from ideal:
        0.24 -    35.76: 14
       35.76 -    71.29: 1
       71.29 -   106.81: 0
      106.81 -   142.33: 0
      142.33 -   177.86: 1
  Dihedral angle restraints: 16
    sinusoidal: 4
      harmonic: 12
  Sorted by residual:
  dihedral pdb=" O   ALA A   3 "
           pdb=" C   ALA A   3 "
           pdb=" OXT ALA A   3 "
           pdb=" HXT ALA A   3 "
      ideal   model   delta  harmonic     sigma   weight residual
       0.00  177.86 -177.86     0      3.00e+01 1.11e-03 3.51e+01
  dihedral pdb=" OXT ALA A   3 "
           pdb=" C   ALA A   3 "
           pdb=" CA  ALA A   3 "
           pdb=" N   ALA A   3 "
      ideal   model   delta sinusoidal    sigma   weight residual
     160.00  115.40   44.60     2      3.00e+01 1.11e-03 2.63e+00
  dihedral pdb=" CA  GLY A   1 "
           pdb=" C   GLY A   1 "
           pdb=" N   PHE A   2 "
           pdb=" CA  PHE A   2 "
      ideal   model   delta  harmonic     sigma   weight residual
     180.00  172.47    7.53     0      5.00e+00 4.00e-02 2.27e+00
  ... (remaining 13 not shown)

  Histogram of chiral volume deviations from ideal:
       0.049 -    0.054: 1
       0.054 -    0.059: 0
       0.059 -    0.064: 0
       0.064 -    0.069: 0
       0.069 -    0.075: 1
  Chirality restraints: 2
  Sorted by residual:
  chirality pdb=" CA  PHE A   2 "
            pdb=" CB  PHE A   2 "
            pdb=" C   PHE A   2 "
            pdb=" N   PHE A   2 "
    both_signs  ideal   model   delta    sigma   weight residual
      False     -2.51   -2.58    0.07 2.00e-01 2.50e+01 1.39e-01
  chirality pdb=" CA  ALA A   3 "
            pdb=" C   ALA A   3 "
            pdb=" CB  ALA A   3 "
            pdb=" N   ALA A   3 "
    both_signs  ideal   model   delta    sigma   weight residual
      False      2.48    2.53   -0.05 2.00e-01 2.50e+01 6.07e-02

  Planarity restraints: 6
  Sorted by residual:
                                 delta    sigma   weight rms_deltas residual
  plane pdb=" CB  PHE A   2 "    0.003 2.00e-02 2.50e+03   1.27e-02 4.86e+00
        pdb=" CG  PHE A   2 "    0.007 2.00e-02 2.50e+03
        pdb=" CD2 PHE A   2 "    0.015 2.00e-02 2.50e+03
        pdb=" HD2 PHE A   2 "   -0.005 2.00e-02 2.50e+03
        pdb=" CE2 PHE A   2 "   -0.001 2.00e-02 2.50e+03
        pdb=" HE2 PHE A   2 "   -0.011 2.00e-02 2.50e+03
        pdb=" CZ  PHE A   2 "    0.000 2.00e-02 2.50e+03
        pdb=" HZ  PHE A   2 "   -0.003 2.00e-02 2.50e+03
        pdb=" CE1 PHE A   2 "    0.031 2.00e-02 2.50e+03
        pdb=" HE1 PHE A   2 "   -0.003 2.00e-02 2.50e+03
        pdb=" CD1 PHE A   2 "   -0.021 2.00e-02 2.50e+03
        pdb=" HD1 PHE A   2 "   -0.010 2.00e-02 2.50e+03
                                 delta    sigma   weight rms_deltas residual
  plane pdb=" C   PHE A   2 "   -0.023 2.00e-02 2.50e+03   1.32e-02 1.75e+00
        pdb=" O   PHE A   2 "    0.009 2.00e-02 2.50e+03
        pdb=" CA  PHE A   2 "    0.006 2.00e-02 2.50e+03
        pdb=" N   ALA A   3 "    0.008 2.00e-02 2.50e+03
                                 delta    sigma   weight rms_deltas residual
  plane pdb=" O   ALA A   3 "   -0.009 2.00e-02 2.50e+03   8.27e-03 8.56e-01
        pdb=" C   ALA A   3 "    0.013 2.00e-02 2.50e+03
        pdb=" OXT ALA A   3 "    0.005 2.00e-02 2.50e+03
        pdb=" HXT ALA A   3 "   -0.008 2.00e-02 2.50e+03
        pdb=" CA  ALA A   3 "   -0.001 2.00e-02 2.50e+03
  ... (remaining 3 not shown)

  Histogram of nonbonded interaction distances:
        2.01 -     2.59: 29
        2.59 -     3.17: 53
        3.17 -     3.74: 65
        3.74 -     4.32: 54
        4.32 -     4.89: 84
  Nonbonded interactions: 285
  Sorted by model distance:
  nonbonded pdb=" HXT ALA A   3 "
            pdb=" HA  ALA A   3 "
     model   vdw
     2.013 2.270
  nonbonded pdb=" HE2 PHE A   2 "
            pdb=" HZ  PHE A   2 "
     model   vdw
     2.222 1.680
  nonbonded pdb=" HB2 PHE A   2 "
            pdb=" HA  PHE A   2 "
     model   vdw
     2.238 1.952
  nonbonded pdb=" HE1 PHE A   2 "
            pdb=" HD1 PHE A   2 "
     model   vdw
     2.268 1.680
  nonbonded pdb=" HA1 GLY A   1 "
            pdb=" H2  GLY A   1 "
     model   vdw
     2.284 1.816
  ... (remaining 280 not shown)

  NOTE: a complete listing of the restraints can be obtained by requesting
        output of .geo file.

                   ----------xray_structure summary----------                  

Number of scattering types: 4
  Type Number    sf(0)   Gaussians
   O       4      7.97       2
   N       3      6.97       2
   C      14      5.97       2
   H      19      1.00       2
  sf(0) = scattering factor at diffraction angle 0.
Number of scatterers: 40
At special positions: 0
Unit cell: (12.522, 17.481, 10.617, 90, 90, 90)
Space group: P 1 (No. 1)

End of input processing
r_work=0.4123 r_free=0.5421
params.data_weight: None
params.restraints: cctbx
rmsd(b), start:  0.0980
mc:   0 R: 0.1211 rmsd(b):  0.0483 restraint_scale:  2.0 min_steps: 48
mc:   1 R: 0.0156 rmsd(b):  0.0063 restraint_scale:  1.0 min_steps: 39
mc:   2 R: 0.0040 rmsd(b):  0.0231 restraint_scale:  1.0 min_steps: 42
Convergence reached, stop now.
see the result structure:  ./p26/04_results/refine_cctbx/245_GFA06-new/0.6/0.pdb
Time: 5.6693
