phenix.python
you are importing  adaptive calculator, and it does nothing. Please give it energy, force....... 

============================== Collecting inputs ==============================


                   ----------Processing X-ray data----------                   

F-obs:
  /scratch/m_zhen01/30993.lupus.uni-muenster.de/p26/02_mtz/208_WGG04-new.mtz:F-obs
Miller array info: None
Observation type: xray.amplitude
Type of data: double, size=231
Type of sigmas: None
Number of Miller indices: 231
Anomalous flag: False
Unit cell: (12.308, 13.023, 13.953, 90, 90, 90)
Space group: P 1 (No. 1)
Systematic absences: 0
Centric reflections: 0
Resolution range: 3.93605 2.50671
Completeness in resolution range: 1
Completeness with d_max=infinity: 0.759868

Number of F-obs in resolution range:                   231
Number of F-obs<0 (these reflections will be rejected): 0
Number of F-obs=0 (these reflections will be used in refinement): 0
Refinement resolution range: d_max =   3.9360
                             d_min =   2.5067

R-free flags:
  /scratch/m_zhen01/30993.lupus.uni-muenster.de/p26/02_mtz/208_WGG04-new.mtz:R-free-flags
Miller array info: /scratch/m_zhen01/30993.lupus.uni-muenster.de/p26/02_mtz/208_WGG04-new.mtz:R-free-flags
Observation type: None
Type of data: int, size=231
Type of sigmas: None
Number of Miller indices: 231
Anomalous flag: False
Unit cell: (12.308, 13.023, 13.953, 90, 90, 90)
Space group: P 1 (No. 1)
Systematic absences: 0
Centric reflections: 0
Resolution range: 3.93605 2.50671
Completeness in resolution range: 1
Completeness with d_max=infinity: 0.759868
Wavelength: 1.0000

Test (R-free flags) flag value: 1

Number of work/free reflections by resolution:
                                  work free  %free
  bin  1: 3.9360 - 3.6184 [22/22]   22    0   0.0%
  bin  2: 3.6184 - 3.3835 [27/27]   26    1   3.7%
  bin  3: 3.3835 - 3.1997 [17/17]   13    4  23.5%
  bin  4: 3.1997 - 3.0503 [27/27]   27    0   0.0%
  bin  5: 3.0503 - 2.9254 [26/26]   26    0   0.0%
  bin  6: 2.9254 - 2.8187 [14/14]   14    0   0.0%
  bin  7: 2.8187 - 2.7261 [31/31]   23    8  25.8%
  bin  8: 2.7261 - 2.6445 [20/20]   20    0   0.0%
  bin  9: 2.6445 - 2.5719 [13/13]   13    0   0.0%
  bin 10: 2.5719 - 2.5067 [34/34]   34    0   0.0%
                          overall  218   13   5.6%

                   ----------Processing PDB file(s)----------                  

  Monomer Library directory:
    "/tmp1/m_zhen01/phenix-installer-1.10.1-2155-intel-linux-2.6-x86_64-centos5/phenix-1.10.1-2155/modules/chem_data/mon_lib"
  Total number of atoms: 41
  Number of models: 1
  Model: ""
    Number of chains: 1
    Chain: "A"
      Number of atoms: 41
      Number of conformers: 1
      Conformer: ""
        Number of residues, atoms: 3, 41
          Classifications: {'peptide': 3}
          Modifications used: {'NH2NOTPRO': 1, 'COOH': 1}
          Link IDs: {'TRANS': 2}
  Time building chain proxies: 0.08, per 1000 atoms: 1.95
  Number of scatterers: 41
  At special positions: 0
  Unit cell: (12.308, 13.023, 13.953, 90, 90, 90)
  Space group: P 1 (No. 1)
  Number of sites at special positions: 0
  Number of scattering types: 4
    Type Number    sf(0)
     O       4      8.00
     N       4      7.00
     C      15      6.00
     H      18      1.00
    sf(0) = scattering factor at diffraction angle 0.

  Number of disulfides: simple=0, symmetry=0

  Automatic linking
    Parameters for automatic linking
      Linking & cutoffs
        Metal                : False - 3.50
        Amimo acid           : False - 1.90
        Carbohydrate         : True  - 1.99
        Ligands              : True  - 1.99
        Amino acid - RNA/DNA : False
      
  Number of custom bonds: simple=0, symmetry=0
  Time building additional restraints: 0.02
  Conformation dependent library (CDL) restraints added in 2.4 milliseconds
  
  Adding C-beta torsion restraints...
  Number of C-beta restraints generated:  2
  Time building geometry restraints manager: 0.03 seconds

  NOTE: a complete listing of the restraints can be obtained by requesting
        output of .geo file.

  Histogram of bond lengths:
        0.83 -     0.97: 11
        0.97 -     1.12: 7
        1.12 -     1.26: 3
        1.26 -     1.40: 11
        1.40 -     1.55: 10
  Bond restraints: 42
  Sorted by residual:
  bond pdb=" C   GLY A   2 "
       pdb=" N   GLY A   3 "
    ideal  model  delta    sigma   weight residual
    1.329  1.371 -0.042 1.40e-02 5.10e+03 9.01e+00
  bond pdb=" CA  GLY A   2 "
       pdb=" HA2 GLY A   2 "
    ideal  model  delta    sigma   weight residual
    0.970  1.022 -0.052 2.00e-02 2.50e+03 6.77e+00
  bond pdb=" N   TRP A   1 "
       pdb=" H2  TRP A   1 "
    ideal  model  delta    sigma   weight residual
    0.960  0.913  0.047 2.00e-02 2.50e+03 5.61e+00
  bond pdb=" CZ3 TRP A   1 "
       pdb=" HZ3 TRP A   1 "
    ideal  model  delta    sigma   weight residual
    0.930  0.894  0.036 2.00e-02 2.50e+03 3.21e+00
  bond pdb=" CH2 TRP A   1 "
       pdb=" HH2 TRP A   1 "
    ideal  model  delta    sigma   weight residual
    0.930  0.896  0.034 2.00e-02 2.50e+03 2.84e+00
  ... (remaining 37 not shown)

  Histogram of bond angle deviations from ideal:
      105.73 -   111.58: 29
      111.58 -   117.42: 7
      117.42 -   123.27: 26
      123.27 -   129.12: 4
      129.12 -   134.96: 3
  Bond angle restraints: 69
  Sorted by residual:
  angle pdb=" CG  TRP A   1 "
        pdb=" CD1 TRP A   1 "
        pdb=" HD1 TRP A   1 "
      ideal   model   delta    sigma   weight residual
     124.90  119.28    5.62 3.00e+00 1.11e-01 3.51e+00
  angle pdb=" HD1 TRP A   1 "
        pdb=" CD1 TRP A   1 "
        pdb=" NE1 TRP A   1 "
      ideal   model   delta    sigma   weight residual
     124.90  130.24   -5.34 3.00e+00 1.11e-01 3.17e+00
  angle pdb=" CA  GLY A   2 "
        pdb=" N   GLY A   2 "
        pdb=" H   GLY A   2 "
      ideal   model   delta    sigma   weight residual
     114.00  119.16   -5.16 3.00e+00 1.11e-01 2.96e+00
  angle pdb=" CA  GLY A   3 "
        pdb=" N   GLY A   3 "
        pdb=" H   GLY A   3 "
      ideal   model   delta    sigma   weight residual
     114.00  118.73   -4.73 3.00e+00 1.11e-01 2.49e+00
  angle pdb=" C   GLY A   2 "
        pdb=" CA  GLY A   2 "
        pdb=" N   GLY A   2 "
      ideal   model   delta    sigma   weight residual
     113.18  109.51    3.67 2.37e+00 1.78e-01 2.39e+00
  ... (remaining 64 not shown)

  Histogram of dihedral angle deviations from ideal:
        0.10 -    35.45: 13
       35.45 -    70.79: 0
       70.79 -   106.14: 0
      106.14 -   141.49: 0
      141.49 -   176.84: 1
  Dihedral angle restraints: 14
    sinusoidal: 3
      harmonic: 11
  Sorted by residual:
  dihedral pdb=" O   GLY A   3 "
           pdb=" C   GLY A   3 "
           pdb=" OXT GLY A   3 "
           pdb=" HXT GLY A   3 "
      ideal   model   delta  harmonic     sigma   weight residual
       0.00 -176.84  176.84     0      3.00e+01 1.11e-03 3.47e+01
  dihedral pdb=" OXT GLY A   3 "
           pdb=" C   GLY A   3 "
           pdb=" CA  GLY A   3 "
           pdb=" N   GLY A   3 "
      ideal   model   delta sinusoidal    sigma   weight residual
     160.00  127.74   32.26     2      3.00e+01 1.11e-03 1.52e+00
  dihedral pdb=" CA  TRP A   1 "
           pdb=" CB  TRP A   1 "
           pdb=" CG  TRP A   1 "
           pdb=" CD1 TRP A   1 "
      ideal   model   delta sinusoidal    sigma   weight residual
     -90.00  -75.50  -14.50     2      2.00e+01 2.50e-03 7.53e-01
  ... (remaining 11 not shown)

  Histogram of chiral volume deviations from ideal:
       0.021 -    0.021: 1
       0.021 -    0.021: 0
       0.021 -    0.021: 0
       0.021 -    0.021: 0
       0.021 -    0.021: 0
  Chirality restraints: 1
  Sorted by residual:
  chirality pdb=" CA  TRP A   1 "
            pdb=" C   TRP A   1 "
            pdb=" N   TRP A   1 "
            pdb=" CB  TRP A   1 "
    both_signs  ideal   model   delta    sigma   weight residual
      False     -2.51   -2.53    0.02 2.00e-01 2.50e+01 1.06e-02

  Planarity restraints: 6
  Sorted by residual:
                                 delta    sigma   weight rms_deltas residual
  plane pdb=" CB  TRP A   1 "    0.003 2.00e-02 2.50e+03   1.72e-02 1.19e+01
        pdb=" CG  TRP A   1 "   -0.018 2.00e-02 2.50e+03
        pdb=" CD1 TRP A   1 "    0.006 2.00e-02 2.50e+03
        pdb=" HD1 TRP A   1 "   -0.006 2.00e-02 2.50e+03
        pdb=" NE1 TRP A   1 "   -0.013 2.00e-02 2.50e+03
        pdb=" HE1 TRP A   1 "    0.007 2.00e-02 2.50e+03
        pdb=" CE2 TRP A   1 "    0.018 2.00e-02 2.50e+03
        pdb=" CZ2 TRP A   1 "   -0.023 2.00e-02 2.50e+03
        pdb=" HZ2 TRP A   1 "    0.005 2.00e-02 2.50e+03
        pdb=" CH2 TRP A   1 "   -0.027 2.00e-02 2.50e+03
        pdb=" HH2 TRP A   1 "    0.009 2.00e-02 2.50e+03
        pdb=" CZ3 TRP A   1 "    0.017 2.00e-02 2.50e+03
        pdb=" HZ3 TRP A   1 "    0.001 2.00e-02 2.50e+03
        pdb=" CE3 TRP A   1 "    0.013 2.00e-02 2.50e+03
        pdb=" HE3 TRP A   1 "   -0.027 2.00e-02 2.50e+03
        pdb=" CD2 TRP A   1 "    0.035 2.00e-02 2.50e+03
                                 delta    sigma   weight rms_deltas residual
  plane pdb=" O   GLY A   3 "    0.015 2.00e-02 2.50e+03   1.62e-02 3.27e+00
        pdb=" C   GLY A   3 "   -0.031 2.00e-02 2.50e+03
        pdb=" OXT GLY A   3 "    0.004 2.00e-02 2.50e+03
        pdb=" HXT GLY A   3 "    0.006 2.00e-02 2.50e+03
        pdb=" CA  GLY A   3 "    0.007 2.00e-02 2.50e+03
                                 delta    sigma   weight rms_deltas residual
  plane pdb=" C   GLY A   2 "   -0.007 2.00e-02 2.50e+03   1.54e-02 2.36e+00
        pdb=" CA  GLY A   3 "   -0.007 2.00e-02 2.50e+03
        pdb=" N   GLY A   3 "    0.026 2.00e-02 2.50e+03
        pdb=" H   GLY A   3 "   -0.012 2.00e-02 2.50e+03
  ... (remaining 3 not shown)

  Histogram of nonbonded interaction distances:
        2.05 -     2.62: 31
        2.62 -     3.19: 62
        3.19 -     3.76: 57
        3.76 -     4.32: 69
        4.32 -     4.89: 100
  Nonbonded interactions: 319
  Sorted by model distance:
  nonbonded pdb=" HXT GLY A   3 "
            pdb=" HA1 GLY A   3 "
     model   vdw
     2.052 2.270
  nonbonded pdb=" HA  TRP A   1 "
            pdb=" H2  TRP A   1 "
     model   vdw
     2.209 1.816
  nonbonded pdb=" H1  TRP A   1 "
            pdb=" H   GLY A   2 "
     model   vdw
     2.218 2.100
  nonbonded pdb=" HZ2 TRP A   1 "
            pdb=" HH2 TRP A   1 "
     model   vdw
     2.240 1.680
  nonbonded pdb=" HZ3 TRP A   1 "
            pdb=" HE3 TRP A   1 "
     model   vdw
     2.247 1.680
  ... (remaining 314 not shown)

  NOTE: a complete listing of the restraints can be obtained by requesting
        output of .geo file.

                   ----------xray_structure summary----------                  

Number of scattering types: 4
  Type Number    sf(0)   Gaussians
   O       4      7.97       2
   N       4      6.97       2
   C      15      5.97       2
   H      18      1.00       2
  sf(0) = scattering factor at diffraction angle 0.
Number of scatterers: 41
At special positions: 0
Unit cell: (12.308, 13.023, 13.953, 90, 90, 90)
Space group: P 1 (No. 1)

End of input processing
r_work=0.3408 r_free=0.2875
params.data_weight: 0.0
params.restraints: cctbx
rmsd(b), start:  0.0891
mc:   0 R: 0.3488 rmsd(b):  0.0006 restraint_scale:  1.0 min_steps: 56
mc:   1 R: 0.3572 rmsd(b):  0.0007 restraint_scale:  1.0 min_steps: 55
mc:   2 R: 0.3623 rmsd(b):  0.0005 restraint_scale:  1.0 min_steps: 55
mc:   3 R: 0.3710 rmsd(b):  0.0006 restraint_scale:  1.0 min_steps: 56
mc:   4 R: 0.3725 rmsd(b):  0.0004 restraint_scale:  1.0 min_steps: 54
mc:   5 R: 0.3791 rmsd(b):  0.0005 restraint_scale:  1.0 min_steps: 53
mc:   6 R: 0.3805 rmsd(b):  0.0004 restraint_scale:  1.0 min_steps: 55
mc:   7 R: 0.3848 rmsd(b):  0.0005 restraint_scale:  1.0 min_steps: 54
mc:   8 R: 0.3861 rmsd(b):  0.0004 restraint_scale:  1.0 min_steps: 53
mc:   9 R: 0.3890 rmsd(b):  0.0004 restraint_scale:  1.0 min_steps: 56
mc:  10 R: 0.3914 rmsd(b):  0.0003 restraint_scale:  1.0 min_steps: 53
mc:  11 R: 0.3949 rmsd(b):  0.0004 restraint_scale:  1.0 min_steps: 53
mc:  12 R: 0.3952 rmsd(b):  0.0003 restraint_scale:  1.0 min_steps: 53
Convergence reached, stop now.
see the result structure:  ./p26/04_results/opt_cctbx/208_WGG04-new/0.6/3.pdb
Time: 7.5278
