phenix.python
you are importing  adaptive calculator, and it does nothing. Please give it energy, force....... 

============================== Collecting inputs ==============================


                   ----------Processing X-ray data----------                   

F-obs:
  /scratch/m_zhen01/30995.lupus.uni-muenster.de/p26/02_mtz/204_WG04-new.mtz:F-obs
Miller array info: None
Observation type: xray.amplitude
Type of data: double, size=193
Type of sigmas: None
Number of Miller indices: 193
Anomalous flag: False
Unit cell: (9.785, 13.624, 14.786, 90, 90, 90)
Space group: P 1 (No. 1)
Systematic absences: 0
Centric reflections: 0
Resolution range: 3.99309 2.50482
Completeness in resolution range: 1
Completeness with d_max=infinity: 0.756863

Number of F-obs in resolution range:                   193
Number of F-obs<0 (these reflections will be rejected): 0
Number of F-obs=0 (these reflections will be used in refinement): 0
Refinement resolution range: d_max =   3.9931
                             d_min =   2.5048

R-free flags:
  /scratch/m_zhen01/30995.lupus.uni-muenster.de/p26/02_mtz/204_WG04-new.mtz:R-free-flags
Miller array info: /scratch/m_zhen01/30995.lupus.uni-muenster.de/p26/02_mtz/204_WG04-new.mtz:R-free-flags
Observation type: None
Type of data: int, size=193
Type of sigmas: None
Number of Miller indices: 193
Anomalous flag: False
Unit cell: (9.785, 13.624, 14.786, 90, 90, 90)
Space group: P 1 (No. 1)
Systematic absences: 0
Centric reflections: 0
Resolution range: 3.99309 2.50482
Completeness in resolution range: 1
Completeness with d_max=infinity: 0.756863
Wavelength: 1.0000

Test (R-free flags) flag value: 1

Number of work/free reflections by resolution:
                                  work free  %free
  bin  1: 3.9931 - 3.6539 [23/23]   23    0   0.0%
  bin  2: 3.6539 - 3.4068 [14/14]   12    2  14.3%
  bin  3: 3.4068 - 3.2153 [24/24]   22    2   8.3%
  bin  4: 3.2153 - 3.0607 [26/26]   26    0   0.0%
  bin  5: 3.0607 - 2.9321 [15/15]   15    0   0.0%
  bin  6: 2.9321 - 2.8228 [18/18]   18    0   0.0%
  bin  7: 2.8228 - 2.7281 [24/24]   20    4  16.7%
  bin  8: 2.7281 - 2.6449 [21/21]   21    0   0.0%
  bin  9: 2.6449 - 2.5711 [18/18]   18    0   0.0%
  bin 10: 2.5711 - 2.5048 [10/10]   10    0   0.0%
                          overall  185    8   4.1%

                   ----------Processing PDB file(s)----------                  

  Monomer Library directory:
    "/tmp1/m_zhen01/phenix-installer-1.10.1-2155-intel-linux-2.6-x86_64-centos5/phenix-1.10.1-2155/modules/chem_data/mon_lib"
  Total number of atoms: 34
  Number of models: 1
  Model: ""
    Number of chains: 1
    Chain: "A"
      Number of atoms: 34
      Number of conformers: 1
      Conformer: ""
        Number of residues, atoms: 2, 34
          Classifications: {'peptide': 2}
          Modifications used: {'NH2NOTPRO': 1, 'COOH': 1}
          Link IDs: {'TRANS': 1}
  Time building chain proxies: 0.08, per 1000 atoms: 2.35
  Number of scatterers: 34
  At special positions: 0
  Unit cell: (9.785, 13.624, 14.786, 90, 90, 90)
  Space group: P 1 (No. 1)
  Number of sites at special positions: 0
  Number of scattering types: 4
    Type Number    sf(0)
     O       3      8.00
     N       3      7.00
     C      13      6.00
     H      15      1.00
    sf(0) = scattering factor at diffraction angle 0.

  Number of disulfides: simple=0, symmetry=0

  Automatic linking
    Parameters for automatic linking
      Linking & cutoffs
        Metal                : False - 3.50
        Amimo acid           : False - 1.90
        Carbohydrate         : True  - 1.99
        Ligands              : True  - 1.99
        Amino acid - RNA/DNA : False
      
  Number of custom bonds: simple=0, symmetry=0
  Time building additional restraints: 0.02
  Conformation dependent library (CDL) restraints added in 439.9 microseconds
  
  Adding C-beta torsion restraints...
  Number of C-beta restraints generated:  2
  Time building geometry restraints manager: 0.02 seconds

  NOTE: a complete listing of the restraints can be obtained by requesting
        output of .geo file.

  Histogram of bond lengths:
        0.84 -     0.98: 10
        0.98 -     1.13: 5
        1.13 -     1.27: 2
        1.27 -     1.41: 10
        1.41 -     1.56: 8
  Bond restraints: 35
  Sorted by residual:
  bond pdb=" CH2 TRP A   1 "
       pdb=" HH2 TRP A   1 "
    ideal  model  delta    sigma   weight residual
    0.930  0.868  0.062 2.00e-02 2.50e+03 9.72e+00
  bond pdb=" OXT GLY A   2 "
       pdb=" HXT GLY A   2 "
    ideal  model  delta    sigma   weight residual
    0.948  0.991 -0.043 2.00e-02 2.50e+03 4.55e+00
  bond pdb=" CB  TRP A   1 "
       pdb=" HB2 TRP A   1 "
    ideal  model  delta    sigma   weight residual
    0.970  1.007 -0.037 2.00e-02 2.50e+03 3.35e+00
  bond pdb=" CZ3 TRP A   1 "
       pdb=" HZ3 TRP A   1 "
    ideal  model  delta    sigma   weight residual
    0.930  0.895  0.035 2.00e-02 2.50e+03 3.09e+00
  bond pdb=" CZ2 TRP A   1 "
       pdb=" HZ2 TRP A   1 "
    ideal  model  delta    sigma   weight residual
    0.930  0.962 -0.032 2.00e-02 2.50e+03 2.54e+00
  ... (remaining 30 not shown)

  Histogram of bond angle deviations from ideal:
      106.22 -   112.13: 25
      112.13 -   118.05: 6
      118.05 -   123.96: 20
      123.96 -   129.88: 5
      129.88 -   135.79: 1
  Bond angle restraints: 57
  Sorted by residual:
  angle pdb=" CA  GLY A   2 "
        pdb=" N   GLY A   2 "
        pdb=" H   GLY A   2 "
      ideal   model   delta    sigma   weight residual
     114.00  120.58   -6.58 3.00e+00 1.11e-01 4.81e+00
  angle pdb=" CA  TRP A   1 "
        pdb=" CB  TRP A   1 "
        pdb=" CG  TRP A   1 "
      ideal   model   delta    sigma   weight residual
     113.60  109.66    3.94 1.90e+00 2.77e-01 4.30e+00
  angle pdb=" CG  TRP A   1 "
        pdb=" CD2 TRP A   1 "
        pdb=" CE3 TRP A   1 "
      ideal   model   delta    sigma   weight residual
     133.90  135.79   -1.89 1.00e+00 1.00e+00 3.59e+00
  angle pdb=" C   TRP A   1 "
        pdb=" N   GLY A   2 "
        pdb=" H   GLY A   2 "
      ideal   model   delta    sigma   weight residual
     124.30  119.47    4.83 3.00e+00 1.11e-01 2.60e+00
  angle pdb=" HD1 TRP A   1 "
        pdb=" CD1 TRP A   1 "
        pdb=" NE1 TRP A   1 "
      ideal   model   delta    sigma   weight residual
     124.90  128.80   -3.90 3.00e+00 1.11e-01 1.69e+00
  ... (remaining 52 not shown)

  Histogram of dihedral angle deviations from ideal:
        0.21 -    35.77: 11
       35.77 -    71.34: 1
       71.34 -   106.91: 0
      106.91 -   142.48: 0
      142.48 -   178.05: 1
  Dihedral angle restraints: 13
    sinusoidal: 3
      harmonic: 10
  Sorted by residual:
  dihedral pdb=" O   GLY A   2 "
           pdb=" OXT GLY A   2 "
           pdb=" C   GLY A   2 "
           pdb=" HXT GLY A   2 "
      ideal   model   delta  harmonic     sigma   weight residual
       0.00 -178.05  178.05     0      3.00e+01 1.11e-03 3.52e+01
  dihedral pdb=" OXT GLY A   2 "
           pdb=" C   GLY A   2 "
           pdb=" CA  GLY A   2 "
           pdb=" N   GLY A   2 "
      ideal   model   delta sinusoidal    sigma   weight residual
     160.00   89.98   70.02     2      3.00e+01 1.11e-03 4.71e+00
  dihedral pdb=" C   TRP A   1 "
           pdb=" N   TRP A   1 "
           pdb=" CA  TRP A   1 "
           pdb=" CB  TRP A   1 "
      ideal   model   delta  harmonic     sigma   weight residual
    -122.60 -120.07   -2.53     0      2.50e+00 1.60e-01 1.02e+00
  ... (remaining 10 not shown)

  Histogram of chiral volume deviations from ideal:
       0.135 -    0.135: 1
       0.135 -    0.135: 0
       0.135 -    0.135: 0
       0.135 -    0.135: 0
       0.135 -    0.135: 0
  Chirality restraints: 1
  Sorted by residual:
  chirality pdb=" CA  TRP A   1 "
            pdb=" C   TRP A   1 "
            pdb=" N   TRP A   1 "
            pdb=" CB  TRP A   1 "
    both_signs  ideal   model   delta    sigma   weight residual
      False     -2.51   -2.65    0.14 2.00e-01 2.50e+01 4.58e-01

  Planarity restraints: 4
  Sorted by residual:
                                 delta    sigma   weight rms_deltas residual
  plane pdb=" CB  TRP A   1 "   -0.018 2.00e-02 2.50e+03   1.22e-02 5.91e+00
        pdb=" CG  TRP A   1 "    0.021 2.00e-02 2.50e+03
        pdb=" CD1 TRP A   1 "    0.005 2.00e-02 2.50e+03
        pdb=" HD1 TRP A   1 "    0.010 2.00e-02 2.50e+03
        pdb=" NE1 TRP A   1 "    0.020 2.00e-02 2.50e+03
        pdb=" HE1 TRP A   1 "   -0.019 2.00e-02 2.50e+03
        pdb=" CE2 TRP A   1 "   -0.004 2.00e-02 2.50e+03
        pdb=" CZ2 TRP A   1 "   -0.001 2.00e-02 2.50e+03
        pdb=" HZ2 TRP A   1 "   -0.008 2.00e-02 2.50e+03
        pdb=" CH2 TRP A   1 "   -0.010 2.00e-02 2.50e+03
        pdb=" HH2 TRP A   1 "    0.013 2.00e-02 2.50e+03
        pdb=" CZ3 TRP A   1 "    0.000 2.00e-02 2.50e+03
        pdb=" HZ3 TRP A   1 "    0.009 2.00e-02 2.50e+03
        pdb=" CE3 TRP A   1 "    0.002 2.00e-02 2.50e+03
        pdb=" HE3 TRP A   1 "   -0.003 2.00e-02 2.50e+03
        pdb=" CD2 TRP A   1 "   -0.016 2.00e-02 2.50e+03
                                 delta    sigma   weight rms_deltas residual
  plane pdb=" C   TRP A   1 "   -0.008 2.00e-02 2.50e+03   1.66e-02 2.77e+00
        pdb=" CA  GLY A   2 "   -0.008 2.00e-02 2.50e+03
        pdb=" N   GLY A   2 "    0.029 2.00e-02 2.50e+03
        pdb=" H   GLY A   2 "   -0.013 2.00e-02 2.50e+03
                                 delta    sigma   weight rms_deltas residual
  plane pdb=" C   TRP A   1 "    0.021 2.00e-02 2.50e+03   1.24e-02 1.54e+00
        pdb=" O   TRP A   1 "   -0.008 2.00e-02 2.50e+03
        pdb=" CA  TRP A   1 "   -0.006 2.00e-02 2.50e+03
        pdb=" N   GLY A   2 "   -0.007 2.00e-02 2.50e+03
  ... (remaining 1 not shown)

  Histogram of nonbonded interaction distances:
        1.83 -     2.44: 12
        2.44 -     3.05: 45
        3.05 -     3.67: 72
        3.67 -     4.28: 62
        4.28 -     4.89: 77
  Nonbonded interactions: 268
  Sorted by model distance:
  nonbonded pdb=" H1  TRP A   1 "
            pdb=" H   GLY A   2 "
     model   vdw
     1.830 2.100
  nonbonded pdb=" HXT GLY A   2 "
            pdb=" HA1 GLY A   2 "
     model   vdw
     2.145 2.270
  nonbonded pdb=" N   TRP A   1 "
            pdb=" H   GLY A   2 "
     model   vdw
     2.209 2.650
  nonbonded pdb=" HH2 TRP A   1 "
            pdb=" HZ3 TRP A   1 "
     model   vdw
     2.227 1.680
  nonbonded pdb=" HA2 GLY A   2 "
            pdb=" H   GLY A   2 "
     model   vdw
     2.239 1.816
  ... (remaining 263 not shown)

  NOTE: a complete listing of the restraints can be obtained by requesting
        output of .geo file.

                   ----------xray_structure summary----------                  

Number of scattering types: 4
  Type Number    sf(0)   Gaussians
   O       3      7.97       2
   N       3      6.97       2
   C      13      5.97       2
   H      15      1.00       2
  sf(0) = scattering factor at diffraction angle 0.
Number of scatterers: 34
At special positions: 0
Unit cell: (9.785, 13.624, 14.786, 90, 90, 90)
Space group: P 1 (No. 1)

End of input processing
r_work=0.2779 r_free=0.1208
params.data_weight: None
params.restraints: cctbx
rmsd(b), start:  0.0884
mc:   0 R: 0.1039 rmsd(b):  0.0901 restraint_scale:  2.0 min_steps: 18
mc:   1 R: 0.0602 rmsd(b):  0.0521 restraint_scale:  4.0 min_steps: 13
mc:   2 R: 0.0372 rmsd(b):  0.0263 restraint_scale:  4.0 min_steps: 7
mc:   3 R: 0.0181 rmsd(b):  0.0406 restraint_scale:  8.0 min_steps: 12
mc:   4 R: 0.0153 rmsd(b):  0.0423 restraint_scale: 16.0 min_steps: 5
mc:   5 R: 0.0126 rmsd(b):  0.0226 restraint_scale: 16.0 min_steps: 13
mc:   6 R: 0.0094 rmsd(b):  0.0324 restraint_scale: 32.0 min_steps: 13
mc:   7 R: 0.0155 rmsd(b):  0.0069 restraint_scale: 16.0 min_steps: 21
mc:   8 R: 0.0087 rmsd(b):  0.0220 restraint_scale: 16.0 min_steps: 16
mc:   9 R: 0.0089 rmsd(b):  0.0219 restraint_scale: 16.0 min_steps: 4
Convergence reached, stop now.
see the result structure:  ./p26/04_results/refine_cctbx/204_WG04-new/0.3/8.pdb
Time: 6.4224
