phenix.python
you are importing  adaptive calculator, and it does nothing. Please give it energy, force....... 

============================== Collecting inputs ==============================


                   ----------Processing X-ray data----------                   

F-obs:
  /scratch/m_zhen01/30995.lupus.uni-muenster.de/p26/02_mtz/254_FGG300-new.mtz:F-obs
Miller array info: None
Observation type: xray.amplitude
Type of data: double, size=210
Type of sigmas: None
Number of Miller indices: 210
Anomalous flag: False
Unit cell: (16.768, 12.41, 9.912, 90, 90, 90)
Space group: P 1 (No. 1)
Systematic absences: 0
Centric reflections: 0
Resolution range: 3.97154 2.50919
Completeness in resolution range: 1
Completeness with d_max=infinity: 0.758123

Number of F-obs in resolution range:                   210
Number of F-obs<0 (these reflections will be rejected): 0
Number of F-obs=0 (these reflections will be used in refinement): 0
Refinement resolution range: d_max =   3.9715
                             d_min =   2.5092

R-free flags:
  /scratch/m_zhen01/30995.lupus.uni-muenster.de/p26/02_mtz/254_FGG300-new.mtz:R-free-flags
Miller array info: /scratch/m_zhen01/30995.lupus.uni-muenster.de/p26/02_mtz/254_FGG300-new.mtz:R-free-flags
Observation type: None
Type of data: int, size=210
Type of sigmas: None
Number of Miller indices: 210
Anomalous flag: False
Unit cell: (16.768, 12.41, 9.912, 90, 90, 90)
Space group: P 1 (No. 1)
Systematic absences: 0
Centric reflections: 0
Resolution range: 3.97154 2.50919
Completeness in resolution range: 1
Completeness with d_max=infinity: 0.758123
Wavelength: 1.0000

Test (R-free flags) flag value: 1

Number of work/free reflections by resolution:
                                  work free  %free
  bin  1: 3.9715 - 3.6422 [28/28]   24    4  14.3%
  bin  2: 3.6422 - 3.4005 [14/14]   14    0   0.0%
  bin  3: 3.4005 - 3.2124 [12/12]   12    0   0.0%
  bin  4: 3.2124 - 3.0601 [35/35]   31    4  11.4%
  bin  5: 3.0601 - 2.9331 [16/16]   16    0   0.0%
  bin  6: 2.9331 - 2.8248 [22/22]   18    4  18.2%
  bin  7: 2.8248 - 2.7309 [23/23]   23    0   0.0%
  bin  8: 2.7309 - 2.6484 [10/10]   10    0   0.0%
  bin  9: 2.6484 - 2.5750 [24/24]   20    4  16.7%
  bin 10: 2.5750 - 2.5092 [26/26]   26    0   0.0%
                          overall  194   16   7.6%

                   ----------Processing PDB file(s)----------                  

  Monomer Library directory:
    "/tmp1/m_zhen01/phenix-installer-1.10.1-2155-intel-linux-2.6-x86_64-centos5/phenix-1.10.1-2155/modules/chem_data/mon_lib"
  Total number of atoms: 37
  Number of models: 1
  Model: ""
    Number of chains: 1
    Chain: "A"
      Number of atoms: 37
      Number of conformers: 1
      Conformer: ""
        Number of residues, atoms: 3, 37
          Classifications: {'peptide': 3}
          Modifications used: {'NH2NOTPRO': 1, 'COOH': 1}
          Link IDs: {'TRANS': 2}
  Time building chain proxies: 0.07, per 1000 atoms: 1.89
  Number of scatterers: 37
  At special positions: 0
  Unit cell: (16.768, 12.41, 9.912, 90, 90, 90)
  Space group: P 1 (No. 1)
  Number of sites at special positions: 0
  Number of scattering types: 4
    Type Number    sf(0)
     O       4      8.00
     N       3      7.00
     C      13      6.00
     H      17      1.00
    sf(0) = scattering factor at diffraction angle 0.

  Number of disulfides: simple=0, symmetry=0

  Automatic linking
    Parameters for automatic linking
      Linking & cutoffs
        Metal                : False - 3.50
        Amimo acid           : False - 1.90
        Carbohydrate         : True  - 1.99
        Ligands              : True  - 1.99
        Amino acid - RNA/DNA : False
      
  Number of custom bonds: simple=0, symmetry=0
  Time building additional restraints: 0.02
  Conformation dependent library (CDL) restraints added in 2.5 milliseconds
  
  Adding C-beta torsion restraints...
  Number of C-beta restraints generated:  2
  Time building geometry restraints manager: 0.03 seconds

  NOTE: a complete listing of the restraints can be obtained by requesting
        output of .geo file.

  Histogram of bond lengths:
        0.84 -     0.98: 16
        0.98 -     1.12: 1
        1.12 -     1.26: 2
        1.26 -     1.40: 8
        1.40 -     1.54: 10
  Bond restraints: 37
  Sorted by residual:
  bond pdb=" C   GLY A   3 "
       pdb=" OXT GLY A   3 "
    ideal  model  delta    sigma   weight residual
    1.330  1.281  0.049 2.00e-02 2.50e+03 6.12e+00
  bond pdb=" CA  GLY A   2 "
       pdb=" HA1 GLY A   2 "
    ideal  model  delta    sigma   weight residual
    0.970  0.927  0.043 2.00e-02 2.50e+03 4.59e+00
  bond pdb=" N   GLY A   2 "
       pdb=" H   GLY A   2 "
    ideal  model  delta    sigma   weight residual
    0.860  0.901 -0.041 2.00e-02 2.50e+03 4.14e+00
  bond pdb=" C   PHE A   1 "
       pdb=" O   PHE A   1 "
    ideal  model  delta    sigma   weight residual
    1.231  1.268 -0.037 2.00e-02 2.50e+03 3.51e+00
  bond pdb=" CB  PHE A   1 "
       pdb=" CG  PHE A   1 "
    ideal  model  delta    sigma   weight residual
    1.502  1.459  0.043 2.30e-02 1.89e+03 3.50e+00
  ... (remaining 32 not shown)

  Histogram of bond angle deviations from ideal:
      104.49 -   108.89: 17
      108.89 -   113.30: 8
      113.30 -   117.70: 6
      117.70 -   122.11: 24
      122.11 -   126.51: 5
  Bond angle restraints: 60
  Sorted by residual:
  angle pdb=" C   GLY A   3 "
        pdb=" CA  GLY A   3 "
        pdb=" N   GLY A   3 "
      ideal   model   delta    sigma   weight residual
     113.30  120.47   -7.17 2.90e+00 1.19e-01 6.12e+00
  angle pdb=" HA2 GLY A   3 "
        pdb=" CA  GLY A   3 "
        pdb=" N   GLY A   3 "
      ideal   model   delta    sigma   weight residual
     110.00  104.49    5.51 3.00e+00 1.11e-01 3.37e+00
  angle pdb=" C   PHE A   1 "
        pdb=" N   GLY A   2 "
        pdb=" CA  GLY A   2 "
      ideal   model   delta    sigma   weight residual
     121.41  118.55    2.86 1.96e+00 2.60e-01 2.13e+00
  angle pdb=" C   GLY A   2 "
        pdb=" CA  GLY A   2 "
        pdb=" N   GLY A   2 "
      ideal   model   delta    sigma   weight residual
     113.18  116.52   -3.34 2.37e+00 1.78e-01 1.99e+00
  angle pdb=" HA  PHE A   1 "
        pdb=" CA  PHE A   1 "
        pdb=" CB  PHE A   1 "
      ideal   model   delta    sigma   weight residual
     109.00  105.03    3.97 3.00e+00 1.11e-01 1.75e+00
  ... (remaining 55 not shown)

  Histogram of dihedral angle deviations from ideal:
        0.01 -     4.16: 9
        4.16 -     8.31: 0
        8.31 -    12.47: 2
       12.47 -    16.62: 0
       16.62 -    20.77: 2
  Dihedral angle restraints: 13
    sinusoidal: 3
      harmonic: 10
  Sorted by residual:
  dihedral pdb=" CA  GLY A   2 "
           pdb=" C   GLY A   2 "
           pdb=" N   GLY A   3 "
           pdb=" CA  GLY A   3 "
      ideal   model   delta  harmonic     sigma   weight residual
    -180.00 -162.24  -17.76     0      5.00e+00 4.00e-02 1.26e+01
  dihedral pdb=" CA  PHE A   1 "
           pdb=" C   PHE A   1 "
           pdb=" N   GLY A   2 "
           pdb=" CA  GLY A   2 "
      ideal   model   delta  harmonic     sigma   weight residual
    -180.00 -168.18  -11.82     0      5.00e+00 4.00e-02 5.59e+00
  dihedral pdb=" OXT GLY A   3 "
           pdb=" C   GLY A   3 "
           pdb=" CA  GLY A   3 "
           pdb=" N   GLY A   3 "
      ideal   model   delta sinusoidal    sigma   weight residual
     160.00 -179.23  -20.77     2      3.00e+01 1.11e-03 6.71e-01
  ... (remaining 10 not shown)

  Histogram of chiral volume deviations from ideal:
       0.006 -    0.006: 1
       0.006 -    0.006: 0
       0.006 -    0.006: 0
       0.006 -    0.006: 0
       0.006 -    0.006: 0
  Chirality restraints: 1
  Sorted by residual:
  chirality pdb=" CA  PHE A   1 "
            pdb=" C   PHE A   1 "
            pdb=" N   PHE A   1 "
            pdb=" CB  PHE A   1 "
    both_signs  ideal   model   delta    sigma   weight residual
      False     -2.51   -2.50   -0.01 2.00e-01 2.50e+01 8.83e-04

  Planarity restraints: 6
  Sorted by residual:
                                 delta    sigma   weight rms_deltas residual
  plane pdb=" CB  PHE A   1 "   -0.013 2.00e-02 2.50e+03   9.88e-03 2.93e+00
        pdb=" CG  PHE A   1 "    0.024 2.00e-02 2.50e+03
        pdb=" CD2 PHE A   1 "   -0.002 2.00e-02 2.50e+03
        pdb=" HD2 PHE A   1 "    0.009 2.00e-02 2.50e+03
        pdb=" CE2 PHE A   1 "    0.003 2.00e-02 2.50e+03
        pdb=" HE2 PHE A   1 "   -0.015 2.00e-02 2.50e+03
        pdb=" CZ  PHE A   1 "   -0.001 2.00e-02 2.50e+03
        pdb=" HZ  PHE A   1 "    0.002 2.00e-02 2.50e+03
        pdb=" CE1 PHE A   1 "   -0.002 2.00e-02 2.50e+03
        pdb=" HE1 PHE A   1 "    0.005 2.00e-02 2.50e+03
        pdb=" CD1 PHE A   1 "   -0.000 2.00e-02 2.50e+03
        pdb=" HD1 PHE A   1 "   -0.009 2.00e-02 2.50e+03
                                 delta    sigma   weight rms_deltas residual
  plane pdb=" O   GLY A   3 "    0.008 2.00e-02 2.50e+03   9.93e-03 1.23e+00
        pdb=" C   GLY A   3 "   -0.013 2.00e-02 2.50e+03
        pdb=" OXT GLY A   3 "    0.014 2.00e-02 2.50e+03
        pdb=" HXT GLY A   3 "   -0.008 2.00e-02 2.50e+03
        pdb=" CA  GLY A   3 "    0.000 2.00e-02 2.50e+03
                                 delta    sigma   weight rms_deltas residual
  plane pdb=" C   PHE A   1 "    0.005 2.00e-02 2.50e+03   9.54e-03 9.09e-01
        pdb=" CA  GLY A   2 "    0.004 2.00e-02 2.50e+03
        pdb=" N   GLY A   2 "   -0.016 2.00e-02 2.50e+03
        pdb=" H   GLY A   2 "    0.007 2.00e-02 2.50e+03
  ... (remaining 3 not shown)

  Histogram of nonbonded interaction distances:
        2.07 -     2.63: 33
        2.63 -     3.20: 40
        3.20 -     3.76: 53
        3.76 -     4.32: 43
        4.32 -     4.88: 62
  Nonbonded interactions: 231
  Sorted by model distance:
  nonbonded pdb=" H2  PHE A   1 "
            pdb=" H   GLY A   2 "
     model   vdw
     2.073 2.100
  nonbonded pdb=" O   GLY A   3 "
            pdb=" HXT GLY A   3 "
     model   vdw
     2.228 2.056
  nonbonded pdb=" HE2 PHE A   1 "
            pdb=" HZ  PHE A   1 "
     model   vdw
     2.245 1.680
  nonbonded pdb=" HA  PHE A   1 "
            pdb=" HB2 PHE A   1 "
     model   vdw
     2.253 1.952
  nonbonded pdb=" N   PHE A   1 "
            pdb=" H   GLY A   2 "
     model   vdw
     2.263 2.650
  ... (remaining 226 not shown)

  NOTE: a complete listing of the restraints can be obtained by requesting
        output of .geo file.

                   ----------xray_structure summary----------                  

Number of scattering types: 4
  Type Number    sf(0)   Gaussians
   O       4      7.97       2
   N       3      6.97       2
   C      13      5.97       2
   H      17      1.00       2
  sf(0) = scattering factor at diffraction angle 0.
Number of scatterers: 37
At special positions: 0
Unit cell: (16.768, 12.41, 9.912, 90, 90, 90)
Space group: P 1 (No. 1)

End of input processing
r_work=0.5694 r_free=0.5318
params.data_weight: None
params.restraints: cctbx
rmsd(b), start:  0.0905
mc:   0 R: 0.3167 rmsd(b):  0.0781 restraint_scale:  2.0 min_steps: 51
mc:   1 R: 0.0588 rmsd(b):  0.0183 restraint_scale:  2.0 min_steps: 35
mc:   2 R: 0.0187 rmsd(b):  0.0217 restraint_scale:  2.0 min_steps: 15
mc:   3 R: 0.0096 rmsd(b):  0.0270 restraint_scale:  2.0 min_steps: 40
mc:   4 R: 0.0081 rmsd(b):  0.0313 restraint_scale:  4.0 min_steps: 16
mc:   5 R: 0.0079 rmsd(b):  0.0301 restraint_scale:  8.0 min_steps: 12
Convergence reached, stop now.
see the result structure:  ./p26/04_results/refine_cctbx/254_FGG300-new/1.2/5.pdb
Time: 5.9055
