phenix.python
you are importing  adaptive calculator, and it does nothing. Please give it energy, force....... 

============================== Collecting inputs ==============================


                   ----------Processing X-ray data----------                   

F-obs:
  /scratch/m_zhen01/31011.lupus.uni-muenster.de/p26/02_mtz/208_WGG04-new.mtz:F-obs
Miller array info: None
Observation type: xray.amplitude
Type of data: double, size=231
Type of sigmas: None
Number of Miller indices: 231
Anomalous flag: False
Unit cell: (12.308, 13.023, 13.953, 90, 90, 90)
Space group: P 1 (No. 1)
Systematic absences: 0
Centric reflections: 0
Resolution range: 3.93605 2.50671
Completeness in resolution range: 1
Completeness with d_max=infinity: 0.759868

Number of F-obs in resolution range:                   231
Number of F-obs<0 (these reflections will be rejected): 0
Number of F-obs=0 (these reflections will be used in refinement): 0
Refinement resolution range: d_max =   3.9360
                             d_min =   2.5067

R-free flags:
  /scratch/m_zhen01/31011.lupus.uni-muenster.de/p26/02_mtz/208_WGG04-new.mtz:R-free-flags
Miller array info: /scratch/m_zhen01/31011.lupus.uni-muenster.de/p26/02_mtz/208_WGG04-new.mtz:R-free-flags
Observation type: None
Type of data: int, size=231
Type of sigmas: None
Number of Miller indices: 231
Anomalous flag: False
Unit cell: (12.308, 13.023, 13.953, 90, 90, 90)
Space group: P 1 (No. 1)
Systematic absences: 0
Centric reflections: 0
Resolution range: 3.93605 2.50671
Completeness in resolution range: 1
Completeness with d_max=infinity: 0.759868
Wavelength: 1.0000

Test (R-free flags) flag value: 1

Number of work/free reflections by resolution:
                                  work free  %free
  bin  1: 3.9360 - 3.6184 [22/22]   22    0   0.0%
  bin  2: 3.6184 - 3.3835 [27/27]   26    1   3.7%
  bin  3: 3.3835 - 3.1997 [17/17]   13    4  23.5%
  bin  4: 3.1997 - 3.0503 [27/27]   27    0   0.0%
  bin  5: 3.0503 - 2.9254 [26/26]   26    0   0.0%
  bin  6: 2.9254 - 2.8187 [14/14]   14    0   0.0%
  bin  7: 2.8187 - 2.7261 [31/31]   23    8  25.8%
  bin  8: 2.7261 - 2.6445 [20/20]   20    0   0.0%
  bin  9: 2.6445 - 2.5719 [13/13]   13    0   0.0%
  bin 10: 2.5719 - 2.5067 [34/34]   34    0   0.0%
                          overall  218   13   5.6%

                   ----------Processing PDB file(s)----------                  

  Monomer Library directory:
    "/tmp1/m_zhen01/phenix-installer-1.10.1-2155-intel-linux-2.6-x86_64-centos5/phenix-1.10.1-2155/modules/chem_data/mon_lib"
  Total number of atoms: 41
  Number of models: 1
  Model: ""
    Number of chains: 1
    Chain: "A"
      Number of atoms: 41
      Number of conformers: 1
      Conformer: ""
        Number of residues, atoms: 3, 41
          Classifications: {'peptide': 3}
          Modifications used: {'NH2NOTPRO': 1, 'COOH': 1}
          Link IDs: {'TRANS': 2}
  Time building chain proxies: 0.08, per 1000 atoms: 1.95
  Number of scatterers: 41
  At special positions: 0
  Unit cell: (12.308, 13.023, 13.953, 90, 90, 90)
  Space group: P 1 (No. 1)
  Number of sites at special positions: 0
  Number of scattering types: 4
    Type Number    sf(0)
     O       4      8.00
     N       4      7.00
     C      15      6.00
     H      18      1.00
    sf(0) = scattering factor at diffraction angle 0.

  Number of disulfides: simple=0, symmetry=0

  Automatic linking
    Parameters for automatic linking
      Linking & cutoffs
        Metal                : False - 3.50
        Amimo acid           : False - 1.90
        Carbohydrate         : True  - 1.99
        Ligands              : True  - 1.99
        Amino acid - RNA/DNA : False
      
  Number of custom bonds: simple=0, symmetry=0
  Time building additional restraints: 0.02
  Conformation dependent library (CDL) restraints added in 2.9 milliseconds
  
  Adding C-beta torsion restraints...
  Number of C-beta restraints generated:  2
  Time building geometry restraints manager: 0.03 seconds

  NOTE: a complete listing of the restraints can be obtained by requesting
        output of .geo file.

  Histogram of bond lengths:
        0.82 -     0.96: 10
        0.96 -     1.10: 8
        1.10 -     1.25: 3
        1.25 -     1.39: 11
        1.39 -     1.54: 10
  Bond restraints: 42
  Sorted by residual:
  bond pdb=" C   TRP A   1 "
       pdb=" O   TRP A   1 "
    ideal  model  delta    sigma   weight residual
    1.231  1.177  0.054 2.00e-02 2.50e+03 7.42e+00
  bond pdb=" NE1 TRP A   1 "
       pdb=" HE1 TRP A   1 "
    ideal  model  delta    sigma   weight residual
    0.860  0.912 -0.052 2.00e-02 2.50e+03 6.87e+00
  bond pdb=" N   GLY A   2 "
       pdb=" H   GLY A   2 "
    ideal  model  delta    sigma   weight residual
    0.860  0.815  0.045 2.00e-02 2.50e+03 4.97e+00
  bond pdb=" CZ3 TRP A   1 "
       pdb=" HZ3 TRP A   1 "
    ideal  model  delta    sigma   weight residual
    0.930  0.973 -0.043 2.00e-02 2.50e+03 4.68e+00
  bond pdb=" CH2 TRP A   1 "
       pdb=" HH2 TRP A   1 "
    ideal  model  delta    sigma   weight residual
    0.930  0.970 -0.040 2.00e-02 2.50e+03 3.94e+00
  ... (remaining 37 not shown)

  Histogram of bond angle deviations from ideal:
      101.67 -   108.52: 12
      108.52 -   115.38: 20
      115.38 -   122.24: 25
      122.24 -   129.09: 11
      129.09 -   135.95: 1
  Bond angle restraints: 69
  Sorted by residual:
  angle pdb=" C   TRP A   1 "
        pdb=" CA  TRP A   1 "
        pdb=" HA  TRP A   1 "
      ideal   model   delta    sigma   weight residual
     109.00  101.67    7.33 3.00e+00 1.11e-01 5.98e+00
  angle pdb=" C   GLY A   2 "
        pdb=" N   GLY A   3 "
        pdb=" H   GLY A   3 "
      ideal   model   delta    sigma   weight residual
     124.30  117.88    6.42 3.00e+00 1.11e-01 4.57e+00
  angle pdb=" C   GLY A   2 "
        pdb=" N   GLY A   3 "
        pdb=" CA  GLY A   3 "
      ideal   model   delta    sigma   weight residual
     121.70  125.47   -3.77 1.80e+00 3.09e-01 4.38e+00
  angle pdb=" CG  TRP A   1 "
        pdb=" CD2 TRP A   1 "
        pdb=" CE3 TRP A   1 "
      ideal   model   delta    sigma   weight residual
     133.90  135.95   -2.05 1.00e+00 1.00e+00 4.21e+00
  angle pdb=" HA1 GLY A   3 "
        pdb=" CA  GLY A   3 "
        pdb=" N   GLY A   3 "
      ideal   model   delta    sigma   weight residual
     110.00  104.66    5.34 3.00e+00 1.11e-01 3.17e+00
  ... (remaining 64 not shown)

  Histogram of dihedral angle deviations from ideal:
        0.34 -    35.76: 13
       35.76 -    71.18: 0
       71.18 -   106.60: 0
      106.60 -   142.02: 0
      142.02 -   177.44: 1
  Dihedral angle restraints: 14
    sinusoidal: 3
      harmonic: 11
  Sorted by residual:
  dihedral pdb=" O   GLY A   3 "
           pdb=" C   GLY A   3 "
           pdb=" OXT GLY A   3 "
           pdb=" HXT GLY A   3 "
      ideal   model   delta  harmonic     sigma   weight residual
       0.00 -177.44  177.44     0      3.00e+01 1.11e-03 3.50e+01
  dihedral pdb=" CA  GLY A   2 "
           pdb=" C   GLY A   2 "
           pdb=" N   GLY A   3 "
           pdb=" CA  GLY A   3 "
      ideal   model   delta  harmonic     sigma   weight residual
     180.00  173.30    6.70     0      5.00e+00 4.00e-02 1.80e+00
  dihedral pdb=" OXT GLY A   3 "
           pdb=" C   GLY A   3 "
           pdb=" CA  GLY A   3 "
           pdb=" N   GLY A   3 "
      ideal   model   delta sinusoidal    sigma   weight residual
     160.00 -168.39  -31.61     2      3.00e+01 1.11e-03 1.46e+00
  ... (remaining 11 not shown)

  Histogram of chiral volume deviations from ideal:
       0.025 -    0.025: 1
       0.025 -    0.025: 0
       0.025 -    0.025: 0
       0.025 -    0.025: 0
       0.025 -    0.025: 0
  Chirality restraints: 1
  Sorted by residual:
  chirality pdb=" CA  TRP A   1 "
            pdb=" C   TRP A   1 "
            pdb=" N   TRP A   1 "
            pdb=" CB  TRP A   1 "
    both_signs  ideal   model   delta    sigma   weight residual
      False     -2.51   -2.49   -0.03 2.00e-01 2.50e+01 1.60e-02

  Planarity restraints: 6
  Sorted by residual:
                                 delta    sigma   weight rms_deltas residual
  plane pdb=" CB  TRP A   1 "   -0.006 2.00e-02 2.50e+03   2.25e-02 2.02e+01
        pdb=" CG  TRP A   1 "   -0.009 2.00e-02 2.50e+03
        pdb=" CD1 TRP A   1 "    0.005 2.00e-02 2.50e+03
        pdb=" HD1 TRP A   1 "    0.024 2.00e-02 2.50e+03
        pdb=" NE1 TRP A   1 "   -0.010 2.00e-02 2.50e+03
        pdb=" HE1 TRP A   1 "   -0.035 2.00e-02 2.50e+03
        pdb=" CE2 TRP A   1 "    0.028 2.00e-02 2.50e+03
        pdb=" CZ2 TRP A   1 "   -0.034 2.00e-02 2.50e+03
        pdb=" HZ2 TRP A   1 "    0.051 2.00e-02 2.50e+03
        pdb=" CH2 TRP A   1 "   -0.002 2.00e-02 2.50e+03
        pdb=" HH2 TRP A   1 "   -0.004 2.00e-02 2.50e+03
        pdb=" CZ3 TRP A   1 "   -0.004 2.00e-02 2.50e+03
        pdb=" HZ3 TRP A   1 "   -0.006 2.00e-02 2.50e+03
        pdb=" CE3 TRP A   1 "   -0.013 2.00e-02 2.50e+03
        pdb=" HE3 TRP A   1 "    0.030 2.00e-02 2.50e+03
        pdb=" CD2 TRP A   1 "   -0.016 2.00e-02 2.50e+03
                                 delta    sigma   weight rms_deltas residual
  plane pdb=" C   TRP A   1 "   -0.040 2.00e-02 2.50e+03   2.29e-02 5.24e+00
        pdb=" O   TRP A   1 "    0.016 2.00e-02 2.50e+03
        pdb=" CA  TRP A   1 "    0.011 2.00e-02 2.50e+03
        pdb=" N   GLY A   2 "    0.013 2.00e-02 2.50e+03
                                 delta    sigma   weight rms_deltas residual
  plane pdb=" O   GLY A   3 "    0.009 2.00e-02 2.50e+03   9.43e-03 1.11e+00
        pdb=" C   GLY A   3 "   -0.009 2.00e-02 2.50e+03
        pdb=" OXT GLY A   3 "   -0.012 2.00e-02 2.50e+03
        pdb=" HXT GLY A   3 "    0.012 2.00e-02 2.50e+03
        pdb=" CA  GLY A   3 "   -0.001 2.00e-02 2.50e+03
  ... (remaining 3 not shown)

  Histogram of nonbonded interaction distances:
        2.21 -     2.75: 50
        2.75 -     3.29: 51
        3.29 -     3.82: 50
        3.82 -     4.36: 57
        4.36 -     4.90: 82
  Nonbonded interactions: 290
  Sorted by model distance:
  nonbonded pdb=" HA  TRP A   1 "
            pdb=" H2  TRP A   1 "
     model   vdw
     2.211 1.816
  nonbonded pdb=" O   GLY A   3 "
            pdb=" H   GLY A   3 "
     model   vdw
     2.219 1.970
  nonbonded pdb=" HA  TRP A   1 "
            pdb=" HB2 TRP A   1 "
     model   vdw
     2.266 1.952
  nonbonded pdb=" HZ3 TRP A   1 "
            pdb=" HE3 TRP A   1 "
     model   vdw
     2.282 1.680
  nonbonded pdb=" HA1 GLY A   2 "
            pdb=" H   GLY A   2 "
     model   vdw
     2.324 1.816
  ... (remaining 285 not shown)

  NOTE: a complete listing of the restraints can be obtained by requesting
        output of .geo file.

                   ----------xray_structure summary----------                  

Number of scattering types: 4
  Type Number    sf(0)   Gaussians
   O       4      7.97       2
   N       4      6.97       2
   C      15      5.97       2
   H      18      1.00       2
  sf(0) = scattering factor at diffraction angle 0.
Number of scatterers: 41
At special positions: 0
Unit cell: (12.308, 13.023, 13.953, 90, 90, 90)
Space group: P 1 (No. 1)

End of input processing
r_work=0.4194 r_free=0.4225
params.data_weight: None
params.restraints: qm
rmsd(b), start:  0.0821
mc:   0 R: 0.1680 rmsd(b):  0.1714 restraint_scale:  2.0 min_steps: 53
mc:   1 R: 0.0808 rmsd(b):  0.2903 restraint_scale:  4.0 min_steps: 52
mc:   2 R: 0.0801 rmsd(b):  0.2973 restraint_scale:  8.0 min_steps: 8
mc:   3 R: 0.0821 rmsd(b):  0.2985 restraint_scale: 16.0 min_steps: 3
mc:   4 R: 0.1047 rmsd(b):  0.3105 restraint_scale: 32.0 min_steps: 15
mc:   5 R: 0.1406 rmsd(b):  0.3209 restraint_scale: 64.0 min_steps: 45
mc:   6 R: 0.2162 rmsd(b):  0.4024 restraint_scale: 128.0 min_steps: 52
mc:   7 R: 0.2385 rmsd(b):  0.3584 restraint_scale: 256.0 min_steps: 52
mc:   8 R: 0.2501 rmsd(b):  0.3674 restraint_scale: 512.0 min_steps: 17
mc:   9 R: 0.2851 rmsd(b):  0.3751 restraint_scale: 1024.0 min_steps: 50
mc:  10 R: 0.2856 rmsd(b):  0.3755 restraint_scale: 2048.0 min_steps: 17
Convergence reached, stop now.
see the result structure:  ./p26/04_results/refine_qm/208_WGG04-new/0.9/2.pdb
Time: 469.3717
