phenix.python
you are importing  adaptive calculator, and it does nothing. Please give it energy, force....... 

============================== Collecting inputs ==============================


                   ----------Processing X-ray data----------                   

F-obs:
  /scratch/m_zhen01/30993.lupus.uni-muenster.de/p26/02_mtz/248_GFA01-new.mtz:F-obs
Miller array info: None
Observation type: xray.amplitude
Type of data: double, size=227
Type of sigmas: None
Number of Miller indices: 227
Anomalous flag: False
Unit cell: (9.958, 13.159, 16.81, 90, 90, 90)
Space group: P 1 (No. 1)
Systematic absences: 0
Centric reflections: 0
Resolution range: 3.97031 2.50701
Completeness in resolution range: 1
Completeness with d_max=infinity: 0.761745

Number of F-obs in resolution range:                   227
Number of F-obs<0 (these reflections will be rejected): 0
Number of F-obs=0 (these reflections will be used in refinement): 0
Refinement resolution range: d_max =   3.9703
                             d_min =   2.5070

R-free flags:
  /scratch/m_zhen01/30993.lupus.uni-muenster.de/p26/02_mtz/248_GFA01-new.mtz:R-free-flags
Miller array info: /scratch/m_zhen01/30993.lupus.uni-muenster.de/p26/02_mtz/248_GFA01-new.mtz:R-free-flags
Observation type: None
Type of data: int, size=227
Type of sigmas: None
Number of Miller indices: 227
Anomalous flag: False
Unit cell: (9.958, 13.159, 16.81, 90, 90, 90)
Space group: P 1 (No. 1)
Systematic absences: 0
Centric reflections: 0
Resolution range: 3.97031 2.50701
Completeness in resolution range: 1
Completeness with d_max=infinity: 0.761745
Wavelength: 1.0000

Test (R-free flags) flag value: 1

Number of work/free reflections by resolution:
                                  work free  %free
  bin  1: 3.9703 - 3.6405 [24/24]   22    2   8.3%
  bin  2: 3.6405 - 3.3985 [16/16]   16    0   0.0%
  bin  3: 3.3985 - 3.2103 [31/31]   27    4  12.9%
  bin  4: 3.2103 - 3.0579 [28/28]   28    0   0.0%
  bin  5: 3.0579 - 2.9308 [10/10]   10    0   0.0%
  bin  6: 2.9308 - 2.8226 [28/28]   28    0   0.0%
  bin  7: 2.8226 - 2.7287 [15/15]   15    0   0.0%
  bin  8: 2.7287 - 2.6462 [18/18]   16    2  11.1%
  bin  9: 2.6462 - 2.5728 [33/33]   29    4  12.1%
  bin 10: 2.5728 - 2.5070 [24/24]   24    0   0.0%
                          overall  215   12   5.3%

                   ----------Processing PDB file(s)----------                  

  Monomer Library directory:
    "/tmp1/m_zhen01/phenix-installer-1.10.1-2155-intel-linux-2.6-x86_64-centos5/phenix-1.10.1-2155/modules/chem_data/mon_lib"
  Total number of atoms: 40
  Number of models: 1
  Model: ""
    Number of chains: 1
    Chain: "A"
      Number of atoms: 40
      Number of conformers: 1
      Conformer: ""
        Number of residues, atoms: 3, 40
          Classifications: {'peptide': 3}
          Modifications used: {'NH2NOTPRO': 1, 'COOH': 1}
          Link IDs: {'TRANS': 2}
  Time building chain proxies: 0.08, per 1000 atoms: 2.00
  Number of scatterers: 40
  At special positions: 0
  Unit cell: (9.958, 13.159, 16.81, 90, 90, 90)
  Space group: P 1 (No. 1)
  Number of sites at special positions: 0
  Number of scattering types: 4
    Type Number    sf(0)
     O       4      8.00
     N       3      7.00
     C      14      6.00
     H      19      1.00
    sf(0) = scattering factor at diffraction angle 0.

  Number of disulfides: simple=0, symmetry=0

  Automatic linking
    Parameters for automatic linking
      Linking & cutoffs
        Metal                : False - 3.50
        Amimo acid           : False - 1.90
        Carbohydrate         : True  - 1.99
        Ligands              : True  - 1.99
        Amino acid - RNA/DNA : False
      
  Number of custom bonds: simple=0, symmetry=0
  Time building additional restraints: 0.03
  Conformation dependent library (CDL) restraints added in 3.9 milliseconds
  
  Adding C-beta torsion restraints...
  Number of C-beta restraints generated:  4
  Time building geometry restraints manager: 0.05 seconds

  NOTE: a complete listing of the restraints can be obtained by requesting
        output of .geo file.

  Histogram of bond lengths:
        0.78 -     0.93: 3
        0.93 -     1.09: 16
        1.09 -     1.25: 3
        1.25 -     1.40: 9
        1.40 -     1.56: 9
  Bond restraints: 40
  Sorted by residual:
  bond pdb=" N   ALA A   3 "
       pdb=" H   ALA A   3 "
    ideal  model  delta    sigma   weight residual
    0.860  0.775  0.085 2.00e-02 2.50e+03 1.79e+01
  bond pdb=" C   PHE A   2 "
       pdb=" O   PHE A   2 "
    ideal  model  delta    sigma   weight residual
    1.234  1.184  0.050 1.20e-02 6.94e+03 1.73e+01
  bond pdb=" CZ  PHE A   2 "
       pdb=" HZ  PHE A   2 "
    ideal  model  delta    sigma   weight residual
    0.930  0.968 -0.038 2.00e-02 2.50e+03 3.59e+00
  bond pdb=" CA  PHE A   2 "
       pdb=" HA  PHE A   2 "
    ideal  model  delta    sigma   weight residual
    0.970  0.936  0.034 2.00e-02 2.50e+03 2.95e+00
  bond pdb=" CB  PHE A   2 "
       pdb=" CA  PHE A   2 "
    ideal  model  delta    sigma   weight residual
    1.533  1.561 -0.028 1.65e-02 3.67e+03 2.86e+00
  ... (remaining 35 not shown)

  Histogram of bond angle deviations from ideal:
      103.39 -   107.35: 7
      107.35 -   111.31: 18
      111.31 -   115.27: 10
      115.27 -   119.23: 8
      119.23 -   123.19: 23
  Bond angle restraints: 66
  Sorted by residual:
  angle pdb=" HA1 GLY A   1 "
        pdb=" CA  GLY A   1 "
        pdb=" HA2 GLY A   1 "
      ideal   model   delta    sigma   weight residual
     109.00  103.39    5.61 3.00e+00 1.11e-01 3.49e+00
  angle pdb=" C   ALA A   3 "
        pdb=" OXT ALA A   3 "
        pdb=" HXT ALA A   3 "
      ideal   model   delta    sigma   weight residual
     108.00  112.85   -4.85 3.00e+00 1.11e-01 2.62e+00
  angle pdb=" HA  ALA A   3 "
        pdb=" CA  ALA A   3 "
        pdb=" N   ALA A   3 "
      ideal   model   delta    sigma   weight residual
     110.00  105.36    4.64 3.00e+00 1.11e-01 2.39e+00
  angle pdb=" OXT ALA A   3 "
        pdb=" C   ALA A   3 "
        pdb=" CA  ALA A   3 "
      ideal   model   delta    sigma   weight residual
     118.60  123.16   -4.56 3.00e+00 1.11e-01 2.31e+00
  angle pdb=" CG  PHE A   2 "
        pdb=" CB  PHE A   2 "
        pdb=" CA  PHE A   2 "
      ideal   model   delta    sigma   weight residual
     113.80  115.30   -1.50 1.00e+00 1.00e+00 2.24e+00
  ... (remaining 61 not shown)

  Histogram of dihedral angle deviations from ideal:
        0.17 -     2.85: 11
        2.85 -     5.53: 2
        5.53 -     8.20: 2
        8.20 -    10.88: 0
       10.88 -    13.56: 1
  Dihedral angle restraints: 16
    sinusoidal: 4
      harmonic: 12
  Sorted by residual:
  dihedral pdb=" CG  PHE A   2 "
           pdb=" CB  PHE A   2 "
           pdb=" CA  PHE A   2 "
           pdb=" N   PHE A   2 "
      ideal   model   delta sinusoidal    sigma   weight residual
     180.00  166.44   13.56     3      1.50e+01 4.44e-03 1.15e+00
  dihedral pdb=" CA  PHE A   2 "
           pdb=" C   PHE A   2 "
           pdb=" N   ALA A   3 "
           pdb=" CA  ALA A   3 "
      ideal   model   delta  harmonic     sigma   weight residual
    -180.00 -175.27   -4.73     0      5.00e+00 4.00e-02 8.95e-01
  dihedral pdb=" N   ALA A   3 "
           pdb=" C   ALA A   3 "
           pdb=" CA  ALA A   3 "
           pdb=" CB  ALA A   3 "
      ideal   model   delta  harmonic     sigma   weight residual
     122.90  121.05    1.85     0      2.50e+00 1.60e-01 5.50e-01
  ... (remaining 13 not shown)

  Histogram of chiral volume deviations from ideal:
       0.067 -    0.070: 1
       0.070 -    0.073: 0
       0.073 -    0.076: 0
       0.076 -    0.078: 0
       0.078 -    0.081: 1
  Chirality restraints: 2
  Sorted by residual:
  chirality pdb=" CA  ALA A   3 "
            pdb=" C   ALA A   3 "
            pdb=" CB  ALA A   3 "
            pdb=" N   ALA A   3 "
    both_signs  ideal   model   delta    sigma   weight residual
      False      2.48    2.57   -0.08 2.00e-01 2.50e+01 1.65e-01
  chirality pdb=" CA  PHE A   2 "
            pdb=" CB  PHE A   2 "
            pdb=" C   PHE A   2 "
            pdb=" N   PHE A   2 "
    both_signs  ideal   model   delta    sigma   weight residual
      False     -2.51   -2.58    0.07 2.00e-01 2.50e+01 1.13e-01

  Planarity restraints: 6
  Sorted by residual:
                                 delta    sigma   weight rms_deltas residual
  plane pdb=" C   PHE A   2 "   -0.031 2.00e-02 2.50e+03   1.81e-02 3.26e+00
        pdb=" O   PHE A   2 "    0.012 2.00e-02 2.50e+03
        pdb=" CA  PHE A   2 "    0.009 2.00e-02 2.50e+03
        pdb=" N   ALA A   3 "    0.010 2.00e-02 2.50e+03
                                 delta    sigma   weight rms_deltas residual
  plane pdb=" O   ALA A   3 "   -0.009 2.00e-02 2.50e+03   1.23e-02 1.88e+00
        pdb=" C   ALA A   3 "    0.013 2.00e-02 2.50e+03
        pdb=" OXT ALA A   3 "   -0.019 2.00e-02 2.50e+03
        pdb=" HXT ALA A   3 "    0.012 2.00e-02 2.50e+03
        pdb=" CA  ALA A   3 "    0.002 2.00e-02 2.50e+03
                                 delta    sigma   weight rms_deltas residual
  plane pdb=" CB  PHE A   2 "    0.003 2.00e-02 2.50e+03   6.86e-03 1.41e+00
        pdb=" CG  PHE A   2 "   -0.009 2.00e-02 2.50e+03
        pdb=" CD1 PHE A   2 "    0.009 2.00e-02 2.50e+03
        pdb=" HD1 PHE A   2 "   -0.011 2.00e-02 2.50e+03
        pdb=" CE1 PHE A   2 "    0.004 2.00e-02 2.50e+03
        pdb=" HE1 PHE A   2 "    0.004 2.00e-02 2.50e+03
        pdb=" CZ  PHE A   2 "    0.004 2.00e-02 2.50e+03
        pdb=" HZ  PHE A   2 "   -0.007 2.00e-02 2.50e+03
        pdb=" CE2 PHE A   2 "   -0.001 2.00e-02 2.50e+03
        pdb=" HE2 PHE A   2 "   -0.003 2.00e-02 2.50e+03
        pdb=" CD2 PHE A   2 "    0.013 2.00e-02 2.50e+03
        pdb=" HD2 PHE A   2 "   -0.004 2.00e-02 2.50e+03
  ... (remaining 3 not shown)

  Histogram of nonbonded interaction distances:
        2.20 -     2.74: 48
        2.74 -     3.28: 56
        3.28 -     3.82: 54
        3.82 -     4.36: 75
        4.36 -     4.90: 86
  Nonbonded interactions: 319
  Sorted by model distance:
  nonbonded pdb=" HA2 GLY A   1 "
            pdb=" H1  GLY A   1 "
     model   vdw
     2.203 1.816
  nonbonded pdb=" O   ALA A   3 "
            pdb=" H   ALA A   3 "
     model   vdw
     2.220 1.970
  nonbonded pdb=" HE2 PHE A   2 "
            pdb=" HD2 PHE A   2 "
     model   vdw
     2.255 1.680
  nonbonded pdb=" HB1 PHE A   2 "
            pdb=" HA  PHE A   2 "
     model   vdw
     2.260 1.952
  nonbonded pdb=" HA1 GLY A   1 "
            pdb=" H2  GLY A   1 "
     model   vdw
     2.302 1.816
  ... (remaining 314 not shown)

  NOTE: a complete listing of the restraints can be obtained by requesting
        output of .geo file.

                   ----------xray_structure summary----------                  

Number of scattering types: 4
  Type Number    sf(0)   Gaussians
   O       4      7.97       2
   N       3      6.97       2
   C      14      5.97       2
   H      19      1.00       2
  sf(0) = scattering factor at diffraction angle 0.
Number of scatterers: 40
At special positions: 0
Unit cell: (9.958, 13.159, 16.81, 90, 90, 90)
Space group: P 1 (No. 1)

End of input processing
r_work=0.1639 r_free=0.1390
params.data_weight: 0.0
params.restraints: cctbx
rmsd(b), start:  0.0870
mc:   0 R: 0.1479 rmsd(b):  0.0007 restraint_scale:  1.0 min_steps: 53
mc:   1 R: 0.1472 rmsd(b):  0.0007 restraint_scale:  1.0 min_steps: 55
mc:   2 R: 0.1826 rmsd(b):  0.0006 restraint_scale:  1.0 min_steps: 54
mc:   3 R: 0.1863 rmsd(b):  0.0006 restraint_scale:  1.0 min_steps: 53
mc:   4 R: 0.1986 rmsd(b):  0.0005 restraint_scale:  1.0 min_steps: 54
mc:   5 R: 0.2038 rmsd(b):  0.0004 restraint_scale:  1.0 min_steps: 55
mc:   6 R: 0.2097 rmsd(b):  0.0004 restraint_scale:  1.0 min_steps: 53
mc:   7 R: 0.2127 rmsd(b):  0.0004 restraint_scale:  1.0 min_steps: 55
mc:   8 R: 0.2177 rmsd(b):  0.0004 restraint_scale:  1.0 min_steps: 55
mc:   9 R: 0.2191 rmsd(b):  0.0005 restraint_scale:  1.0 min_steps: 53
mc:  10 R: 0.2215 rmsd(b):  0.0005 restraint_scale:  1.0 min_steps: 54
mc:  11 R: 0.2233 rmsd(b):  0.0005 restraint_scale:  1.0 min_steps: 52
mc:  12 R: 0.2259 rmsd(b):  0.0005 restraint_scale:  1.0 min_steps: 56
mc:  13 R: 0.2268 rmsd(b):  0.0005 restraint_scale:  1.0 min_steps: 56
Convergence reached, stop now.
see the result structure:  ./p26/04_results/opt_cctbx/248_GFA01-new/0.3/8.pdb
Time: 7.6576
