phenix.python
you are importing  adaptive calculator, and it does nothing. Please give it energy, force....... 

============================== Collecting inputs ==============================


                   ----------Processing X-ray data----------                   

F-obs:
  /scratch/m_zhen01/30995.lupus.uni-muenster.de/p26/02_mtz/224_GGF12-new.mtz:F-obs
Miller array info: None
Observation type: xray.amplitude
Type of data: double, size=206
Type of sigmas: None
Number of Miller indices: 206
Anomalous flag: False
Unit cell: (11.522, 12.779, 13.991, 90, 90, 90)
Space group: P 1 (No. 1)
Systematic absences: 0
Centric reflections: 0
Resolution range: 3.99537 2.50202
Completeness in resolution range: 1
Completeness with d_max=infinity: 0.746377

Number of F-obs in resolution range:                   206
Number of F-obs<0 (these reflections will be rejected): 0
Number of F-obs=0 (these reflections will be used in refinement): 0
Refinement resolution range: d_max =   3.9954
                             d_min =   2.5020

R-free flags:
  /scratch/m_zhen01/30995.lupus.uni-muenster.de/p26/02_mtz/224_GGF12-new.mtz:R-free-flags
Miller array info: /scratch/m_zhen01/30995.lupus.uni-muenster.de/p26/02_mtz/224_GGF12-new.mtz:R-free-flags
Observation type: None
Type of data: int, size=206
Type of sigmas: None
Number of Miller indices: 206
Anomalous flag: False
Unit cell: (11.522, 12.779, 13.991, 90, 90, 90)
Space group: P 1 (No. 1)
Systematic absences: 0
Centric reflections: 0
Resolution range: 3.99537 2.50202
Completeness in resolution range: 1
Completeness with d_max=infinity: 0.746377
Wavelength: 1.0000

Test (R-free flags) flag value: 1

Number of work/free reflections by resolution:
                                  work free  %free
  bin  1: 3.9954 - 3.6541 [13/13]   13    0   0.0%
  bin  2: 3.6541 - 3.4058 [27/27]   23    4  14.8%
  bin  3: 3.4058 - 3.2137 [20/20]   18    2  10.0%
  bin  4: 3.2137 - 3.0587 [21/21]   21    0   0.0%
  bin  5: 3.0587 - 2.9298 [20/20]   20    0   0.0%
  bin  6: 2.9298 - 2.8203 [15/15]   15    0   0.0%
  bin  7: 2.8203 - 2.7254 [27/27]   23    4  14.8%
  bin  8: 2.7254 - 2.6422 [18/18]   18    0   0.0%
  bin  9: 2.6422 - 2.5683 [30/30]   26    4  13.3%
  bin 10: 2.5683 - 2.5020 [15/15]   15    0   0.0%
                          overall  192   14   6.8%

                   ----------Processing PDB file(s)----------                  

  Monomer Library directory:
    "/tmp1/m_zhen01/phenix-installer-1.10.1-2155-intel-linux-2.6-x86_64-centos5/phenix-1.10.1-2155/modules/chem_data/mon_lib"
  Total number of atoms: 37
  Number of models: 1
  Model: ""
    Number of chains: 1
    Chain: "A"
      Number of atoms: 37
      Number of conformers: 1
      Conformer: ""
        Number of residues, atoms: 3, 37
          Classifications: {'peptide': 3}
          Modifications used: {'NH2NOTPRO': 1, 'COOH': 1}
          Link IDs: {'TRANS': 2}
  Time building chain proxies: 0.07, per 1000 atoms: 1.89
  Number of scatterers: 37
  At special positions: 0
  Unit cell: (11.522, 12.779, 13.991, 90, 90, 90)
  Space group: P 1 (No. 1)
  Number of sites at special positions: 0
  Number of scattering types: 4
    Type Number    sf(0)
     O       4      8.00
     N       3      7.00
     C      13      6.00
     H      17      1.00
    sf(0) = scattering factor at diffraction angle 0.

  Number of disulfides: simple=0, symmetry=0

  Automatic linking
    Parameters for automatic linking
      Linking & cutoffs
        Metal                : False - 3.50
        Amimo acid           : False - 1.90
        Carbohydrate         : True  - 1.99
        Ligands              : True  - 1.99
        Amino acid - RNA/DNA : False
      
  Number of custom bonds: simple=0, symmetry=0
  Time building additional restraints: 0.02
  Conformation dependent library (CDL) restraints added in 2.8 milliseconds
  
  Adding C-beta torsion restraints...
  Number of C-beta restraints generated:  2
  Time building geometry restraints manager: 0.03 seconds

  NOTE: a complete listing of the restraints can be obtained by requesting
        output of .geo file.

  Histogram of bond lengths:
        0.83 -     0.97: 13
        0.97 -     1.12: 4
        1.12 -     1.27: 3
        1.27 -     1.41: 8
        1.41 -     1.56: 9
  Bond restraints: 37
  Sorted by residual:
  bond pdb=" N   GLY A   1 "
       pdb=" H2  GLY A   1 "
    ideal  model  delta    sigma   weight residual
    0.960  0.994 -0.034 2.00e-02 2.50e+03 2.87e+00
  bond pdb=" C   PHE A   3 "
       pdb=" CA  PHE A   3 "
    ideal  model  delta    sigma   weight residual
    1.525  1.559 -0.034 2.10e-02 2.27e+03 2.66e+00
  bond pdb=" N   GLY A   2 "
       pdb=" H   GLY A   2 "
    ideal  model  delta    sigma   weight residual
    0.860  0.829  0.031 2.00e-02 2.50e+03 2.45e+00
  bond pdb=" CA  GLY A   2 "
       pdb=" N   GLY A   2 "
    ideal  model  delta    sigma   weight residual
    1.449  1.471 -0.022 1.45e-02 4.76e+03 2.33e+00
  bond pdb=" CE1 PHE A   3 "
       pdb=" HE1 PHE A   3 "
    ideal  model  delta    sigma   weight residual
    0.930  0.960 -0.030 2.00e-02 2.50e+03 2.22e+00
  ... (remaining 32 not shown)

  Histogram of bond angle deviations from ideal:
      104.29 -   108.57: 10
      108.57 -   112.86: 12
      112.86 -   117.14: 7
      117.14 -   121.42: 24
      121.42 -   125.70: 7
  Bond angle restraints: 60
  Sorted by residual:
  angle pdb=" C   GLY A   1 "
        pdb=" CA  GLY A   1 "
        pdb=" N   GLY A   1 "
      ideal   model   delta    sigma   weight residual
     113.30  105.38    7.92 2.90e+00 1.19e-01 7.46e+00
  angle pdb=" CA  PHE A   3 "
        pdb=" CB  PHE A   3 "
        pdb=" CG  PHE A   3 "
      ideal   model   delta    sigma   weight residual
     113.80  115.89   -2.09 1.00e+00 1.00e+00 4.38e+00
  angle pdb=" CA  GLY A   2 "
        pdb=" N   GLY A   2 "
        pdb=" H   GLY A   2 "
      ideal   model   delta    sigma   weight residual
     114.00  120.06   -6.06 3.00e+00 1.11e-01 4.08e+00
  angle pdb=" CA  GLY A   1 "
        pdb=" C   GLY A   1 "
        pdb=" N   GLY A   2 "
      ideal   model   delta    sigma   weight residual
     116.20  120.01   -3.81 2.00e+00 2.50e-01 3.63e+00
  angle pdb=" C   GLY A   1 "
        pdb=" N   GLY A   2 "
        pdb=" H   GLY A   2 "
      ideal   model   delta    sigma   weight residual
     124.30  118.89    5.41 3.00e+00 1.11e-01 3.26e+00
  ... (remaining 55 not shown)

  Histogram of dihedral angle deviations from ideal:
        0.14 -     5.66: 11
        5.66 -    11.17: 1
       11.17 -    16.69: 0
       16.69 -    22.20: 0
       22.20 -    27.72: 1
  Dihedral angle restraints: 13
    sinusoidal: 3
      harmonic: 10
  Sorted by residual:
  dihedral pdb=" N   PHE A   3 "
           pdb=" CA  PHE A   3 "
           pdb=" CB  PHE A   3 "
           pdb=" CG  PHE A   3 "
      ideal   model   delta sinusoidal    sigma   weight residual
      60.00   87.72  -27.72     3      1.50e+01 4.44e-03 4.18e+00
  dihedral pdb=" CA  PHE A   3 "
           pdb=" CB  PHE A   3 "
           pdb=" CG  PHE A   3 "
           pdb=" CD1 PHE A   3 "
      ideal   model   delta sinusoidal    sigma   weight residual
      90.00   81.68    8.32     2      2.00e+01 2.50e-03 2.51e-01
  dihedral pdb=" CA  GLY A   2 "
           pdb=" C   GLY A   2 "
           pdb=" N   PHE A   3 "
           pdb=" CA  PHE A   3 "
      ideal   model   delta  harmonic     sigma   weight residual
     180.00  177.81    2.19     0      5.00e+00 4.00e-02 1.91e-01
  ... (remaining 10 not shown)

  Histogram of chiral volume deviations from ideal:
       0.026 -    0.026: 1
       0.026 -    0.026: 0
       0.026 -    0.026: 0
       0.026 -    0.026: 0
       0.026 -    0.026: 0
  Chirality restraints: 1
  Sorted by residual:
  chirality pdb=" CA  PHE A   3 "
            pdb=" C   PHE A   3 "
            pdb=" N   PHE A   3 "
            pdb=" CB  PHE A   3 "
    both_signs  ideal   model   delta    sigma   weight residual
      False     -2.51   -2.54    0.03 2.00e-01 2.50e+01 1.72e-02

  Planarity restraints: 6
  Sorted by residual:
                                 delta    sigma   weight rms_deltas residual
  plane pdb=" C   GLY A   2 "   -0.008 2.00e-02 2.50e+03   1.51e-02 2.27e+00
        pdb=" CA  PHE A   3 "   -0.006 2.00e-02 2.50e+03
        pdb=" N   PHE A   3 "    0.026 2.00e-02 2.50e+03
        pdb=" H   PHE A   3 "   -0.012 2.00e-02 2.50e+03
                                 delta    sigma   weight rms_deltas residual
  plane pdb=" CB  PHE A   3 "    0.006 2.00e-02 2.50e+03   8.55e-03 2.19e+00
        pdb=" CG  PHE A   3 "    0.009 2.00e-02 2.50e+03
        pdb=" CD1 PHE A   3 "   -0.014 2.00e-02 2.50e+03
        pdb=" HD1 PHE A   3 "    0.001 2.00e-02 2.50e+03
        pdb=" CE1 PHE A   3 "    0.007 2.00e-02 2.50e+03
        pdb=" HE1 PHE A   3 "   -0.005 2.00e-02 2.50e+03
        pdb=" CZ  PHE A   3 "   -0.012 2.00e-02 2.50e+03
        pdb=" HZ  PHE A   3 "    0.013 2.00e-02 2.50e+03
        pdb=" CE2 PHE A   3 "    0.008 2.00e-02 2.50e+03
        pdb=" HE2 PHE A   3 "   -0.005 2.00e-02 2.50e+03
        pdb=" CD2 PHE A   3 "    0.001 2.00e-02 2.50e+03
        pdb=" HD2 PHE A   3 "   -0.008 2.00e-02 2.50e+03
                                 delta    sigma   weight rms_deltas residual
  plane pdb=" O   PHE A   3 "    0.006 2.00e-02 2.50e+03   7.17e-03 6.42e-01
        pdb=" C   PHE A   3 "   -0.013 2.00e-02 2.50e+03
        pdb=" OXT PHE A   3 "    0.006 2.00e-02 2.50e+03
        pdb=" HXT PHE A   3 "   -0.002 2.00e-02 2.50e+03
        pdb=" CA  PHE A   3 "    0.003 2.00e-02 2.50e+03
  ... (remaining 3 not shown)

  Histogram of nonbonded interaction distances:
        2.15 -     2.70: 33
        2.70 -     3.25: 49
        3.25 -     3.80: 50
        3.80 -     4.35: 50
        4.35 -     4.90: 63
  Nonbonded interactions: 245
  Sorted by model distance:
  nonbonded pdb=" HA  PHE A   3 "
            pdb=" HB1 PHE A   3 "
     model   vdw
     2.152 1.952
  nonbonded pdb=" HB2 PHE A   3 "
            pdb=" HD2 PHE A   3 "
     model   vdw
     2.232 2.270
  nonbonded pdb=" HA1 GLY A   1 "
            pdb=" H1  GLY A   1 "
     model   vdw
     2.236 1.816
  nonbonded pdb=" HZ  PHE A   3 "
            pdb=" HE2 PHE A   3 "
     model   vdw
     2.263 1.680
  nonbonded pdb=" HD1 PHE A   3 "
            pdb=" HE1 PHE A   3 "
     model   vdw
     2.304 1.680
  ... (remaining 240 not shown)

  NOTE: a complete listing of the restraints can be obtained by requesting
        output of .geo file.

                   ----------xray_structure summary----------                  

Number of scattering types: 4
  Type Number    sf(0)   Gaussians
   O       4      7.97       2
   N       3      6.97       2
   C      13      5.97       2
   H      17      1.00       2
  sf(0) = scattering factor at diffraction angle 0.
Number of scatterers: 37
At special positions: 0
Unit cell: (11.522, 12.779, 13.991, 90, 90, 90)
Space group: P 1 (No. 1)

End of input processing
r_work=0.5570 r_free=0.4568
params.data_weight: None
params.restraints: cctbx
rmsd(b), start:  0.0866
mc:   0 R: 0.2828 rmsd(b):  0.2358 restraint_scale:  2.0 min_steps: 48
mc:   1 R: 0.2752 rmsd(b):  0.1883 restraint_scale:  4.0 min_steps: 37
mc:   2 R: 0.3134 rmsd(b):  0.0705 restraint_scale:  8.0 min_steps: 37
mc:   3 R: 0.3223 rmsd(b):  0.0535 restraint_scale: 16.0 min_steps: 16
mc:   4 R: 0.3415 rmsd(b):  0.0287 restraint_scale: 16.0 min_steps: 44
mc:   5 R: 0.3474 rmsd(b):  0.0206 restraint_scale: 16.0 min_steps: 24
mc:   6 R: 0.3474 rmsd(b):  0.0205 restraint_scale: 16.0 min_steps: 3
Convergence reached, stop now.
see the result structure:  ./p26/04_results/refine_cctbx/224_GGF12-new/1.5/3.pdb
Time: 7.3811
