phenix.python
you are importing  adaptive calculator, and it does nothing. Please give it energy, force....... 

============================== Collecting inputs ==============================


                   ----------Processing X-ray data----------                   

F-obs:
  /scratch/m_zhen01/30993.lupus.uni-muenster.de/p26/02_mtz/199_WG15-new.mtz:F-obs
Miller array info: None
Observation type: xray.amplitude
Type of data: double, size=186
Type of sigmas: None
Number of Miller indices: 186
Anomalous flag: False
Unit cell: (11.802, 13.932, 11.218, 90, 90, 90)
Space group: P 1 (No. 1)
Systematic absences: 0
Centric reflections: 0
Resolution range: 3.934 2.51963
Completeness in resolution range: 1
Completeness with d_max=infinity: 0.746988

Number of F-obs in resolution range:                   186
Number of F-obs<0 (these reflections will be rejected): 0
Number of F-obs=0 (these reflections will be used in refinement): 0
Refinement resolution range: d_max =   3.9340
                             d_min =   2.5196

R-free flags:
  /scratch/m_zhen01/30993.lupus.uni-muenster.de/p26/02_mtz/199_WG15-new.mtz:R-free-flags
Miller array info: /scratch/m_zhen01/30993.lupus.uni-muenster.de/p26/02_mtz/199_WG15-new.mtz:R-free-flags
Observation type: None
Type of data: int, size=186
Type of sigmas: None
Number of Miller indices: 186
Anomalous flag: False
Unit cell: (11.802, 13.932, 11.218, 90, 90, 90)
Space group: P 1 (No. 1)
Systematic absences: 0
Centric reflections: 0
Resolution range: 3.934 2.51963
Completeness in resolution range: 1
Completeness with d_max=infinity: 0.746988
Wavelength: 1.0000

Test (R-free flags) flag value: 1

Number of work/free reflections by resolution:
                                  work free  %free
  bin  1: 3.9340 - 3.6227 [12/12]   10    2  16.7%
  bin  2: 3.6227 - 3.3911 [29/29]   27    2   6.9%
  bin  3: 3.3911 - 3.2093 [12/12]   12    0   0.0%
  bin  4: 3.2093 - 3.0612 [18/18]   18    0   0.0%
  bin  5: 3.0612 - 2.9370 [11/11]   11    0   0.0%
  bin  6: 2.9370 - 2.8309 [26/26]   26    0   0.0%
  bin  7: 2.8309 - 2.7386 [12/12]    8    4  33.3%
  bin  8: 2.7386 - 2.6572 [18/18]   14    4  22.2%
  bin  9: 2.6572 - 2.5848 [26/26]   26    0   0.0%
  bin 10: 2.5848 - 2.5196 [22/22]   22    0   0.0%
                          overall  174   12   6.5%

                   ----------Processing PDB file(s)----------                  

  Monomer Library directory:
    "/tmp1/m_zhen01/phenix-installer-1.10.1-2155-intel-linux-2.6-x86_64-centos5/phenix-1.10.1-2155/modules/chem_data/mon_lib"
  Total number of atoms: 34
  Number of models: 1
  Model: ""
    Number of chains: 1
    Chain: "A"
      Number of atoms: 34
      Number of conformers: 1
      Conformer: ""
        Number of residues, atoms: 2, 34
          Classifications: {'peptide': 2}
          Modifications used: {'NH2NOTPRO': 1, 'COOH': 1}
          Link IDs: {'TRANS': 1}
  Time building chain proxies: 0.07, per 1000 atoms: 2.06
  Number of scatterers: 34
  At special positions: 0
  Unit cell: (11.802, 13.932, 11.218, 90, 90, 90)
  Space group: P 1 (No. 1)
  Number of sites at special positions: 0
  Number of scattering types: 4
    Type Number    sf(0)
     O       3      8.00
     N       3      7.00
     C      13      6.00
     H      15      1.00
    sf(0) = scattering factor at diffraction angle 0.

  Number of disulfides: simple=0, symmetry=0

  Automatic linking
    Parameters for automatic linking
      Linking & cutoffs
        Metal                : False - 3.50
        Amimo acid           : False - 1.90
        Carbohydrate         : True  - 1.99
        Ligands              : True  - 1.99
        Amino acid - RNA/DNA : False
      
  Number of custom bonds: simple=0, symmetry=0
  Time building additional restraints: 0.02
  Conformation dependent library (CDL) restraints added in 420.1 microseconds
  
  Adding C-beta torsion restraints...
  Number of C-beta restraints generated:  2
  Time building geometry restraints manager: 0.03 seconds

  NOTE: a complete listing of the restraints can be obtained by requesting
        output of .geo file.

  Histogram of bond lengths:
        0.87 -     1.01: 15
        1.01 -     1.15: 0
        1.15 -     1.28: 2
        1.28 -     1.42: 11
        1.42 -     1.56: 7
  Bond restraints: 35
  Sorted by residual:
  bond pdb=" CA  TRP A   1 "
       pdb=" HA  TRP A   1 "
    ideal  model  delta    sigma   weight residual
    0.970  1.010 -0.040 2.00e-02 2.50e+03 3.94e+00
  bond pdb=" CA  GLY A   2 "
       pdb=" N   GLY A   2 "
    ideal  model  delta    sigma   weight residual
    1.451  1.482 -0.031 1.60e-02 3.91e+03 3.69e+00
  bond pdb=" C   TRP A   1 "
       pdb=" N   GLY A   2 "
    ideal  model  delta    sigma   weight residual
    1.329  1.305  0.024 1.40e-02 5.10e+03 3.05e+00
  bond pdb=" C   TRP A   1 "
       pdb=" O   TRP A   1 "
    ideal  model  delta    sigma   weight residual
    1.231  1.197  0.034 2.00e-02 2.50e+03 2.93e+00
  bond pdb=" CD1 TRP A   1 "
       pdb=" HD1 TRP A   1 "
    ideal  model  delta    sigma   weight residual
    0.930  0.961 -0.031 2.00e-02 2.50e+03 2.40e+00
  ... (remaining 30 not shown)

  Histogram of bond angle deviations from ideal:
      105.02 -   110.71: 19
      110.71 -   116.41: 9
      116.41 -   122.10: 17
      122.10 -   127.79: 10
      127.79 -   133.48: 2
  Bond angle restraints: 57
  Sorted by residual:
  angle pdb=" CA  TRP A   1 "
        pdb=" CB  TRP A   1 "
        pdb=" CG  TRP A   1 "
      ideal   model   delta    sigma   weight residual
     113.60  109.49    4.11 1.90e+00 2.77e-01 4.69e+00
  angle pdb=" CA  TRP A   1 "
        pdb=" N   TRP A   1 "
        pdb=" H1  TRP A   1 "
      ideal   model   delta    sigma   weight residual
     109.47  115.38   -5.91 3.00e+00 1.11e-01 3.88e+00
  angle pdb=" C   GLY A   2 "
        pdb=" OXT GLY A   2 "
        pdb=" HXT GLY A   2 "
      ideal   model   delta    sigma   weight residual
     108.00  112.67   -4.67 3.00e+00 1.11e-01 2.42e+00
  angle pdb=" HB1 TRP A   1 "
        pdb=" CB  TRP A   1 "
        pdb=" HB2 TRP A   1 "
      ideal   model   delta    sigma   weight residual
     110.00  114.32   -4.32 3.00e+00 1.11e-01 2.07e+00
  angle pdb=" C   TRP A   1 "
        pdb=" CA  TRP A   1 "
        pdb=" HA  TRP A   1 "
      ideal   model   delta    sigma   weight residual
     109.00  105.02    3.98 3.00e+00 1.11e-01 1.76e+00
  ... (remaining 52 not shown)

  Histogram of dihedral angle deviations from ideal:
        0.12 -     7.42: 12
        7.42 -    14.72: 0
       14.72 -    22.01: 0
       22.01 -    29.31: 0
       29.31 -    36.61: 1
  Dihedral angle restraints: 13
    sinusoidal: 3
      harmonic: 10
  Sorted by residual:
  dihedral pdb=" OXT GLY A   2 "
           pdb=" C   GLY A   2 "
           pdb=" CA  GLY A   2 "
           pdb=" N   GLY A   2 "
      ideal   model   delta sinusoidal    sigma   weight residual
     -20.00  -56.61   36.61     2      3.00e+01 1.11e-03 1.90e+00
  dihedral pdb=" C   TRP A   1 "
           pdb=" N   TRP A   1 "
           pdb=" CA  TRP A   1 "
           pdb=" CB  TRP A   1 "
      ideal   model   delta  harmonic     sigma   weight residual
    -122.60 -119.27   -3.33     0      2.50e+00 1.60e-01 1.77e+00
  dihedral pdb=" N   TRP A   1 "
           pdb=" C   TRP A   1 "
           pdb=" CA  TRP A   1 "
           pdb=" CB  TRP A   1 "
      ideal   model   delta  harmonic     sigma   weight residual
     122.80  120.33    2.47     0      2.50e+00 1.60e-01 9.80e-01
  ... (remaining 10 not shown)

  Histogram of chiral volume deviations from ideal:
       0.156 -    0.156: 1
       0.156 -    0.156: 0
       0.156 -    0.156: 0
       0.156 -    0.156: 0
       0.156 -    0.156: 0
  Chirality restraints: 1
  Sorted by residual:
  chirality pdb=" CA  TRP A   1 "
            pdb=" C   TRP A   1 "
            pdb=" N   TRP A   1 "
            pdb=" CB  TRP A   1 "
    both_signs  ideal   model   delta    sigma   weight residual
      False     -2.51   -2.67    0.16 2.00e-01 2.50e+01 6.08e-01

  Planarity restraints: 4
  Sorted by residual:
                                 delta    sigma   weight rms_deltas residual
  plane pdb=" CB  TRP A   1 "   -0.048 2.00e-02 2.50e+03   2.22e-02 1.96e+01
        pdb=" CG  TRP A   1 "    0.025 2.00e-02 2.50e+03
        pdb=" CD1 TRP A   1 "    0.040 2.00e-02 2.50e+03
        pdb=" HD1 TRP A   1 "   -0.026 2.00e-02 2.50e+03
        pdb=" NE1 TRP A   1 "    0.007 2.00e-02 2.50e+03
        pdb=" HE1 TRP A   1 "    0.019 2.00e-02 2.50e+03
        pdb=" CE2 TRP A   1 "   -0.003 2.00e-02 2.50e+03
        pdb=" CZ2 TRP A   1 "   -0.002 2.00e-02 2.50e+03
        pdb=" HZ2 TRP A   1 "   -0.022 2.00e-02 2.50e+03
        pdb=" CH2 TRP A   1 "    0.004 2.00e-02 2.50e+03
        pdb=" HH2 TRP A   1 "   -0.016 2.00e-02 2.50e+03
        pdb=" CZ3 TRP A   1 "   -0.008 2.00e-02 2.50e+03
        pdb=" HZ3 TRP A   1 "    0.014 2.00e-02 2.50e+03
        pdb=" CE3 TRP A   1 "   -0.009 2.00e-02 2.50e+03
        pdb=" HE3 TRP A   1 "    0.033 2.00e-02 2.50e+03
        pdb=" CD2 TRP A   1 "   -0.008 2.00e-02 2.50e+03
                                 delta    sigma   weight rms_deltas residual
  plane pdb=" C   TRP A   1 "    0.008 2.00e-02 2.50e+03   1.44e-02 2.08e+00
        pdb=" CA  GLY A   2 "    0.006 2.00e-02 2.50e+03
        pdb=" N   GLY A   2 "   -0.025 2.00e-02 2.50e+03
        pdb=" H   GLY A   2 "    0.011 2.00e-02 2.50e+03
                                 delta    sigma   weight rms_deltas residual
  plane pdb=" O   GLY A   2 "    0.003 2.00e-02 2.50e+03   1.05e-02 1.37e+00
        pdb=" C   GLY A   2 "   -0.015 2.00e-02 2.50e+03
        pdb=" OXT GLY A   2 "   -0.009 2.00e-02 2.50e+03
        pdb=" HXT GLY A   2 "    0.012 2.00e-02 2.50e+03
        pdb=" CA  GLY A   2 "    0.010 2.00e-02 2.50e+03
  ... (remaining 1 not shown)

  Histogram of nonbonded interaction distances:
        2.26 -     2.78: 43
        2.78 -     3.31: 45
        3.31 -     3.83: 51
        3.83 -     4.36: 53
        4.36 -     4.88: 74
  Nonbonded interactions: 266
  Sorted by model distance:
  nonbonded pdb=" HZ3 TRP A   1 "
            pdb=" HE3 TRP A   1 "
     model   vdw
     2.257 1.680
  nonbonded pdb=" HZ2 TRP A   1 "
            pdb=" HH2 TRP A   1 "
     model   vdw
     2.283 1.680
  nonbonded pdb=" HA1 GLY A   2 "
            pdb=" H   GLY A   2 "
     model   vdw
     2.284 1.816
  nonbonded pdb=" HA  TRP A   1 "
            pdb=" H2  TRP A   1 "
     model   vdw
     2.334 1.816
  nonbonded pdb=" N   TRP A   1 "
            pdb=" H   GLY A   2 "
     model   vdw
     2.343 2.650
  ... (remaining 261 not shown)

  NOTE: a complete listing of the restraints can be obtained by requesting
        output of .geo file.

                   ----------xray_structure summary----------                  

Number of scattering types: 4
  Type Number    sf(0)   Gaussians
   O       3      7.97       2
   N       3      6.97       2
   C      13      5.97       2
   H      15      1.00       2
  sf(0) = scattering factor at diffraction angle 0.
Number of scatterers: 34
At special positions: 0
Unit cell: (11.802, 13.932, 11.218, 90, 90, 90)
Space group: P 1 (No. 1)

End of input processing
r_work=0.4437 r_free=0.3404
params.data_weight: 0.0
params.restraints: cctbx
rmsd(b), start:  0.0787
mc:   0 R: 0.4485 rmsd(b):  0.0010 restraint_scale:  1.0 min_steps: 56
mc:   1 R: 0.4570 rmsd(b):  0.0011 restraint_scale:  1.0 min_steps: 54
mc:   2 R: 0.4633 rmsd(b):  0.0006 restraint_scale:  1.0 min_steps: 56
mc:   3 R: 0.4667 rmsd(b):  0.0006 restraint_scale:  1.0 min_steps: 53
mc:   4 R: 0.4676 rmsd(b):  0.0004 restraint_scale:  1.0 min_steps: 54
mc:   5 R: 0.4741 rmsd(b):  0.0006 restraint_scale:  1.0 min_steps: 53
mc:   6 R: 0.4742 rmsd(b):  0.0004 restraint_scale:  1.0 min_steps: 54
mc:   7 R: 0.4781 rmsd(b):  0.0004 restraint_scale:  1.0 min_steps: 55
mc:   8 R: 0.4793 rmsd(b):  0.0004 restraint_scale:  1.0 min_steps: 55
mc:   9 R: 0.4839 rmsd(b):  0.0005 restraint_scale:  1.0 min_steps: 53
mc:  10 R: 0.4848 rmsd(b):  0.0004 restraint_scale:  1.0 min_steps: 53
Convergence reached, stop now.
see the result structure:  ./p26/04_results/opt_cctbx/199_WG15-new/0.9/1.pdb
Time: 6.5758
