phenix.python
you are importing  adaptive calculator, and it does nothing. Please give it energy, force....... 

============================== Collecting inputs ==============================


                   ----------Processing X-ray data----------                   

F-obs:
  /scratch/m_zhen01/30994.lupus.uni-muenster.de/p26/02_mtz/207_WGG08-new.mtz:F-obs
Miller array info: None
Observation type: xray.amplitude
Type of data: double, size=218
Type of sigmas: None
Number of Miller indices: 218
Anomalous flag: False
Unit cell: (13.023, 14.053, 11.967, 90, 90, 90)
Space group: P 1 (No. 1)
Systematic absences: 0
Centric reflections: 0
Resolution range: 3.989 2.50428
Completeness in resolution range: 1
Completeness with d_max=infinity: 0.751724

Number of F-obs in resolution range:                   218
Number of F-obs<0 (these reflections will be rejected): 0
Number of F-obs=0 (these reflections will be used in refinement): 0
Refinement resolution range: d_max =   3.9890
                             d_min =   2.5043

R-free flags:
  /scratch/m_zhen01/30994.lupus.uni-muenster.de/p26/02_mtz/207_WGG08-new.mtz:R-free-flags
Miller array info: /scratch/m_zhen01/30994.lupus.uni-muenster.de/p26/02_mtz/207_WGG08-new.mtz:R-free-flags
Observation type: None
Type of data: int, size=218
Type of sigmas: None
Number of Miller indices: 218
Anomalous flag: False
Unit cell: (13.023, 14.053, 11.967, 90, 90, 90)
Space group: P 1 (No. 1)
Systematic absences: 0
Centric reflections: 0
Resolution range: 3.989 2.50428
Completeness in resolution range: 1
Completeness with d_max=infinity: 0.751724
Wavelength: 1.0000

Test (R-free flags) flag value: 1

Number of work/free reflections by resolution:
                                  work free  %free
  bin  1: 3.9890 - 3.6511 [23/23]   19    4  17.4%
  bin  2: 3.6511 - 3.4047 [21/21]   21    0   0.0%
  bin  3: 3.4047 - 3.2137 [19/19]   19    0   0.0%
  bin  4: 3.2137 - 3.0594 [28/28]   28    0   0.0%
  bin  5: 3.0594 - 2.9310 [21/21]   17    4  19.0%
  bin  6: 2.9310 - 2.8218 [18/18]   14    4  22.2%
  bin  7: 2.8218 - 2.7273 [25/25]   25    0   0.0%
  bin  8: 2.7273 - 2.6442 [28/28]   24    4  14.3%
  bin  9: 2.6442 - 2.5705 [13/13]   13    0   0.0%
  bin 10: 2.5705 - 2.5043 [22/22]   18    4  18.2%
                          overall  198   20   9.2%

                   ----------Processing PDB file(s)----------                  

  Monomer Library directory:
    "/tmp1/m_zhen01/phenix-installer-1.10.1-2155-intel-linux-2.6-x86_64-centos5/phenix-1.10.1-2155/modules/chem_data/mon_lib"
  Total number of atoms: 41
  Number of models: 1
  Model: ""
    Number of chains: 1
    Chain: "A"
      Number of atoms: 41
      Number of conformers: 1
      Conformer: ""
        Number of residues, atoms: 3, 41
          Classifications: {'peptide': 3}
          Modifications used: {'NH2NOTPRO': 1, 'COOH': 1}
          Link IDs: {'TRANS': 2}
  Time building chain proxies: 0.08, per 1000 atoms: 1.95
  Number of scatterers: 41
  At special positions: 0
  Unit cell: (13.023, 14.053, 11.967, 90, 90, 90)
  Space group: P 1 (No. 1)
  Number of sites at special positions: 0
  Number of scattering types: 4
    Type Number    sf(0)
     O       4      8.00
     N       4      7.00
     C      15      6.00
     H      18      1.00
    sf(0) = scattering factor at diffraction angle 0.

  Number of disulfides: simple=0, symmetry=0

  Automatic linking
    Parameters for automatic linking
      Linking & cutoffs
        Metal                : False - 3.50
        Amimo acid           : False - 1.90
        Carbohydrate         : True  - 1.99
        Ligands              : True  - 1.99
        Amino acid - RNA/DNA : False
      
  Number of custom bonds: simple=0, symmetry=0
  Time building additional restraints: 0.03
  Conformation dependent library (CDL) restraints added in 2.8 milliseconds
  
  Adding C-beta torsion restraints...
  Number of C-beta restraints generated:  2
  Time building geometry restraints manager: 0.04 seconds

  NOTE: a complete listing of the restraints can be obtained by requesting
        output of .geo file.

  Histogram of bond lengths:
        0.83 -     0.97: 12
        0.97 -     1.12: 6
        1.12 -     1.26: 3
        1.26 -     1.40: 8
        1.40 -     1.54: 13
  Bond restraints: 42
  Sorted by residual:
  bond pdb=" CH2 TRP A   1 "
       pdb=" HH2 TRP A   1 "
    ideal  model  delta    sigma   weight residual
    0.930  0.890  0.040 2.00e-02 2.50e+03 4.02e+00
  bond pdb=" CZ2 TRP A   1 "
       pdb=" HZ2 TRP A   1 "
    ideal  model  delta    sigma   weight residual
    0.930  0.894  0.036 2.00e-02 2.50e+03 3.33e+00
  bond pdb=" CB  TRP A   1 "
       pdb=" HB2 TRP A   1 "
    ideal  model  delta    sigma   weight residual
    0.970  1.004 -0.034 2.00e-02 2.50e+03 2.84e+00
  bond pdb=" O   GLY A   3 "
       pdb=" C   GLY A   3 "
    ideal  model  delta    sigma   weight residual
    1.185  1.216 -0.031 2.00e-02 2.50e+03 2.45e+00
  bond pdb=" CD1 TRP A   1 "
       pdb=" HD1 TRP A   1 "
    ideal  model  delta    sigma   weight residual
    0.930  0.899  0.031 2.00e-02 2.50e+03 2.41e+00
  ... (remaining 37 not shown)

  Histogram of bond angle deviations from ideal:
      104.11 -   109.95: 22
      109.95 -   115.79: 14
      115.79 -   121.64: 14
      121.64 -   127.48: 15
      127.48 -   133.32: 4
  Bond angle restraints: 69
  Sorted by residual:
  angle pdb=" C   GLY A   2 "
        pdb=" CA  GLY A   2 "
        pdb=" HA2 GLY A   2 "
      ideal   model   delta    sigma   weight residual
     109.00  113.99   -4.99 3.00e+00 1.11e-01 2.77e+00
  angle pdb=" OXT GLY A   3 "
        pdb=" C   GLY A   3 "
        pdb=" CA  GLY A   3 "
      ideal   model   delta    sigma   weight residual
     118.60  113.70    4.90 3.00e+00 1.11e-01 2.67e+00
  angle pdb=" HA1 GLY A   3 "
        pdb=" CA  GLY A   3 "
        pdb=" HA2 GLY A   3 "
      ideal   model   delta    sigma   weight residual
     109.00  104.11    4.89 3.00e+00 1.11e-01 2.66e+00
  angle pdb=" C   TRP A   1 "
        pdb=" N   GLY A   2 "
        pdb=" H   GLY A   2 "
      ideal   model   delta    sigma   weight residual
     124.30  129.07   -4.77 3.00e+00 1.11e-01 2.53e+00
  angle pdb=" O   GLY A   3 "
        pdb=" C   GLY A   3 "
        pdb=" CA  GLY A   3 "
      ideal   model   delta    sigma   weight residual
     118.60  122.63   -4.03 3.00e+00 1.11e-01 1.80e+00
  ... (remaining 64 not shown)

  Histogram of dihedral angle deviations from ideal:
        0.03 -    35.98: 12
       35.98 -    71.93: 1
       71.93 -   107.88: 0
      107.88 -   143.83: 0
      143.83 -   179.79: 1
  Dihedral angle restraints: 14
    sinusoidal: 3
      harmonic: 11
  Sorted by residual:
  dihedral pdb=" O   GLY A   3 "
           pdb=" C   GLY A   3 "
           pdb=" OXT GLY A   3 "
           pdb=" HXT GLY A   3 "
      ideal   model   delta  harmonic     sigma   weight residual
       0.00  179.79 -179.79     0      3.00e+01 1.11e-03 3.59e+01
  dihedral pdb=" OXT GLY A   3 "
           pdb=" C   GLY A   3 "
           pdb=" CA  GLY A   3 "
           pdb=" N   GLY A   3 "
      ideal   model   delta sinusoidal    sigma   weight residual
     -20.00  -74.37   54.37     2      3.00e+01 1.11e-03 3.52e+00
  dihedral pdb=" CA  TRP A   1 "
           pdb=" CB  TRP A   1 "
           pdb=" CG  TRP A   1 "
           pdb=" CD1 TRP A   1 "
      ideal   model   delta sinusoidal    sigma   weight residual
     -90.00 -122.23   32.23     2      2.00e+01 2.50e-03 3.41e+00
  ... (remaining 11 not shown)

  Histogram of chiral volume deviations from ideal:
       0.038 -    0.038: 1
       0.038 -    0.038: 0
       0.038 -    0.038: 0
       0.038 -    0.038: 0
       0.038 -    0.038: 0
  Chirality restraints: 1
  Sorted by residual:
  chirality pdb=" CA  TRP A   1 "
            pdb=" C   TRP A   1 "
            pdb=" N   TRP A   1 "
            pdb=" CB  TRP A   1 "
    both_signs  ideal   model   delta    sigma   weight residual
      False     -2.51   -2.47   -0.04 2.00e-01 2.50e+01 3.68e-02

  Planarity restraints: 6
  Sorted by residual:
                                 delta    sigma   weight rms_deltas residual
  plane pdb=" CB  TRP A   1 "   -0.006 2.00e-02 2.50e+03   1.86e-02 1.38e+01
        pdb=" CG  TRP A   1 "    0.017 2.00e-02 2.50e+03
        pdb=" CD1 TRP A   1 "    0.027 2.00e-02 2.50e+03
        pdb=" HD1 TRP A   1 "    0.004 2.00e-02 2.50e+03
        pdb=" NE1 TRP A   1 "   -0.044 2.00e-02 2.50e+03
        pdb=" HE1 TRP A   1 "    0.013 2.00e-02 2.50e+03
        pdb=" CE2 TRP A   1 "   -0.011 2.00e-02 2.50e+03
        pdb=" CZ2 TRP A   1 "   -0.024 2.00e-02 2.50e+03
        pdb=" HZ2 TRP A   1 "    0.015 2.00e-02 2.50e+03
        pdb=" CH2 TRP A   1 "   -0.010 2.00e-02 2.50e+03
        pdb=" HH2 TRP A   1 "    0.008 2.00e-02 2.50e+03
        pdb=" CZ3 TRP A   1 "    0.013 2.00e-02 2.50e+03
        pdb=" HZ3 TRP A   1 "    0.018 2.00e-02 2.50e+03
        pdb=" CE3 TRP A   1 "   -0.005 2.00e-02 2.50e+03
        pdb=" HE3 TRP A   1 "   -0.025 2.00e-02 2.50e+03
        pdb=" CD2 TRP A   1 "    0.009 2.00e-02 2.50e+03
                                 delta    sigma   weight rms_deltas residual
  plane pdb=" C   TRP A   1 "   -0.024 2.00e-02 2.50e+03   1.40e-02 1.96e+00
        pdb=" O   TRP A   1 "    0.009 2.00e-02 2.50e+03
        pdb=" CA  TRP A   1 "    0.007 2.00e-02 2.50e+03
        pdb=" N   GLY A   2 "    0.008 2.00e-02 2.50e+03
                                 delta    sigma   weight rms_deltas residual
  plane pdb=" C   TRP A   1 "    0.007 2.00e-02 2.50e+03   1.34e-02 1.79e+00
        pdb=" CA  GLY A   2 "    0.005 2.00e-02 2.50e+03
        pdb=" N   GLY A   2 "   -0.023 2.00e-02 2.50e+03
        pdb=" H   GLY A   2 "    0.011 2.00e-02 2.50e+03
  ... (remaining 3 not shown)

  Histogram of nonbonded interaction distances:
        1.87 -     2.48: 20
        2.48 -     3.08: 65
        3.08 -     3.69: 66
        3.69 -     4.29: 90
        4.29 -     4.90: 116
  Nonbonded interactions: 357
  Sorted by model distance:
  nonbonded pdb=" O   GLY A   2 "
            pdb=" HXT GLY A   3 "
     model   vdw
     1.873 1.970
  nonbonded pdb=" O   TRP A   1 "
            pdb=" H   GLY A   3 "
     model   vdw
     2.108 1.970
  nonbonded pdb=" HA2 GLY A   2 "
            pdb=" H   GLY A   2 "
     model   vdw
     2.129 1.816
  nonbonded pdb=" HA1 GLY A   3 "
            pdb=" H   GLY A   3 "
     model   vdw
     2.182 1.816
  nonbonded pdb=" HXT GLY A   3 "
            pdb=" HA2 GLY A   3 "
     model   vdw
     2.189 2.270
  ... (remaining 352 not shown)

  NOTE: a complete listing of the restraints can be obtained by requesting
        output of .geo file.

                   ----------xray_structure summary----------                  

Number of scattering types: 4
  Type Number    sf(0)   Gaussians
   O       4      7.97       2
   N       4      6.97       2
   C      15      5.97       2
   H      18      1.00       2
  sf(0) = scattering factor at diffraction angle 0.
Number of scatterers: 41
At special positions: 0
Unit cell: (13.023, 14.053, 11.967, 90, 90, 90)
Space group: P 1 (No. 1)

End of input processing
r_work=0.2085 r_free=0.2259
params.data_weight: 0.0
params.restraints: qm
rmsd(b), start:  0.0896
mc:   0 R: 0.1946 rmsd(b):  0.0263 restraint_scale:  1.0 min_steps: 55
mc:   1 R: 0.1946 rmsd(b):  0.0263 restraint_scale:  1.0 min_steps: 9
Convergence reached, stop now.
see the result structure:  ./p26/04_results/opt_qm/207_WGG08-new/0.3/8.pdb
Time: 77.0709
