phenix.python
you are importing  adaptive calculator, and it does nothing. Please give it energy, force....... 

============================== Collecting inputs ==============================


                   ----------Processing X-ray data----------                   

F-obs:
  /scratch/m_zhen01/31011.lupus.uni-muenster.de/p26/02_mtz/246_GFA16-new.mtz:F-obs
Miller array info: None
Observation type: xray.amplitude
Type of data: double, size=210
Type of sigmas: None
Number of Miller indices: 210
Anomalous flag: False
Unit cell: (17.049, 11.973, 10.115, 90, 90, 90)
Space group: P 1 (No. 1)
Systematic absences: 0
Centric reflections: 0
Resolution range: 3.991 2.50138
Completeness in resolution range: 1
Completeness with d_max=infinity: 0.76087

Number of F-obs in resolution range:                   210
Number of F-obs<0 (these reflections will be rejected): 0
Number of F-obs=0 (these reflections will be used in refinement): 0
Refinement resolution range: d_max =   3.9910
                             d_min =   2.5014

R-free flags:
  /scratch/m_zhen01/31011.lupus.uni-muenster.de/p26/02_mtz/246_GFA16-new.mtz:R-free-flags
Miller array info: /scratch/m_zhen01/31011.lupus.uni-muenster.de/p26/02_mtz/246_GFA16-new.mtz:R-free-flags
Observation type: None
Type of data: int, size=210
Type of sigmas: None
Number of Miller indices: 210
Anomalous flag: False
Unit cell: (17.049, 11.973, 10.115, 90, 90, 90)
Space group: P 1 (No. 1)
Systematic absences: 0
Centric reflections: 0
Resolution range: 3.991 2.50138
Completeness in resolution range: 1
Completeness with d_max=infinity: 0.76087
Wavelength: 1.0000

Test (R-free flags) flag value: 1

Number of work/free reflections by resolution:
                                  work free  %free
  bin  1: 3.9910 - 3.6510 [23/23]   21    2   8.7%
  bin  2: 3.6510 - 3.4035 [21/21]   21    0   0.0%
  bin  3: 3.4035 - 3.2119 [17/17]   15    2  11.8%
  bin  4: 3.2119 - 3.0572 [28/28]   28    0   0.0%
  bin  5: 3.0572 - 2.9286 [15/15]   15    0   0.0%
  bin  6: 2.9286 - 2.8192 [27/27]   25    2   7.4%
  bin  7: 2.8192 - 2.7245 [24/24]   24    0   0.0%
  bin  8: 2.7245 - 2.6414 [12/12]   12    0   0.0%
  bin  9: 2.6414 - 2.5676 [14/14]   10    4  28.6%
  bin 10: 2.5676 - 2.5014 [29/29]   29    0   0.0%
                          overall  200   10   4.8%

                   ----------Processing PDB file(s)----------                  

  Monomer Library directory:
    "/tmp1/m_zhen01/phenix-installer-1.10.1-2155-intel-linux-2.6-x86_64-centos5/phenix-1.10.1-2155/modules/chem_data/mon_lib"
  Total number of atoms: 40
  Number of models: 1
  Model: ""
    Number of chains: 1
    Chain: "A"
      Number of atoms: 40
      Number of conformers: 1
      Conformer: ""
        Number of residues, atoms: 3, 40
          Classifications: {'peptide': 3}
          Modifications used: {'NH2NOTPRO': 1, 'COOH': 1}
          Link IDs: {'TRANS': 2}
  Time building chain proxies: 0.09, per 1000 atoms: 2.25
  Number of scatterers: 40
  At special positions: 0
  Unit cell: (17.049, 11.973, 10.115, 90, 90, 90)
  Space group: P 1 (No. 1)
  Number of sites at special positions: 0
  Number of scattering types: 4
    Type Number    sf(0)
     O       4      8.00
     N       3      7.00
     C      14      6.00
     H      19      1.00
    sf(0) = scattering factor at diffraction angle 0.

  Number of disulfides: simple=0, symmetry=0

  Automatic linking
    Parameters for automatic linking
      Linking & cutoffs
        Metal                : False - 3.50
        Amimo acid           : False - 1.90
        Carbohydrate         : True  - 1.99
        Ligands              : True  - 1.99
        Amino acid - RNA/DNA : False
      
  Number of custom bonds: simple=0, symmetry=0
  Time building additional restraints: 0.03
  Conformation dependent library (CDL) restraints added in 3.9 milliseconds
  
  Adding C-beta torsion restraints...
  Number of C-beta restraints generated:  4
  Time building geometry restraints manager: 0.03 seconds

  NOTE: a complete listing of the restraints can be obtained by requesting
        output of .geo file.

  Histogram of bond lengths:
        0.85 -     1.00: 19
        1.00 -     1.16: 0
        1.16 -     1.31: 3
        1.31 -     1.47: 10
        1.47 -     1.62: 8
  Bond restraints: 40
  Sorted by residual:
  bond pdb=" CA  ALA A   3 "
       pdb=" CB  ALA A   3 "
    ideal  model  delta    sigma   weight residual
    1.521  1.620 -0.099 3.30e-02 9.18e+02 8.98e+00
  bond pdb=" N   PHE A   2 "
       pdb=" H   PHE A   2 "
    ideal  model  delta    sigma   weight residual
    0.860  0.912 -0.052 2.00e-02 2.50e+03 6.77e+00
  bond pdb=" CZ  PHE A   2 "
       pdb=" HZ  PHE A   2 "
    ideal  model  delta    sigma   weight residual
    0.930  0.879  0.051 2.00e-02 2.50e+03 6.51e+00
  bond pdb=" C   ALA A   3 "
       pdb=" CA  ALA A   3 "
    ideal  model  delta    sigma   weight residual
    1.525  1.473  0.052 2.10e-02 2.27e+03 6.02e+00
  bond pdb=" C   GLY A   1 "
       pdb=" N   PHE A   2 "
    ideal  model  delta    sigma   weight residual
    1.332  1.364 -0.031 1.40e-02 5.10e+03 4.94e+00
  ... (remaining 35 not shown)

  Histogram of bond angle deviations from ideal:
      105.74 -   109.81: 18
      109.81 -   113.87: 15
      113.87 -   117.93: 6
      117.93 -   122.00: 21
      122.00 -   126.06: 6
  Bond angle restraints: 66
  Sorted by residual:
  angle pdb=" C   PHE A   2 "
        pdb=" N   ALA A   3 "
        pdb=" CA  ALA A   3 "
      ideal   model   delta    sigma   weight residual
     121.70  126.06   -4.36 1.80e+00 3.09e-01 5.87e+00
  angle pdb=" H1  GLY A   1 "
        pdb=" N   GLY A   1 "
        pdb=" H2  GLY A   1 "
      ideal   model   delta    sigma   weight residual
     109.47  115.93   -6.46 3.00e+00 1.11e-01 4.63e+00
  angle pdb=" CA  PHE A   2 "
        pdb=" C   PHE A   2 "
        pdb=" N   ALA A   3 "
      ideal   model   delta    sigma   weight residual
     116.84  113.24    3.60 1.71e+00 3.42e-01 4.43e+00
  angle pdb=" O   PHE A   2 "
        pdb=" C   PHE A   2 "
        pdb=" CA  PHE A   2 "
      ideal   model   delta    sigma   weight residual
     120.51  123.19   -2.68 1.43e+00 4.89e-01 3.51e+00
  angle pdb=" C   ALA A   3 "
        pdb=" OXT ALA A   3 "
        pdb=" HXT ALA A   3 "
      ideal   model   delta    sigma   weight residual
     108.00  113.47   -5.47 3.00e+00 1.11e-01 3.33e+00
  ... (remaining 61 not shown)

  Histogram of dihedral angle deviations from ideal:
        0.10 -    35.80: 14
       35.80 -    71.49: 1
       71.49 -   107.19: 0
      107.19 -   142.88: 0
      142.88 -   178.58: 1
  Dihedral angle restraints: 16
    sinusoidal: 4
      harmonic: 12
  Sorted by residual:
  dihedral pdb=" O   ALA A   3 "
           pdb=" C   ALA A   3 "
           pdb=" OXT ALA A   3 "
           pdb=" HXT ALA A   3 "
      ideal   model   delta  harmonic     sigma   weight residual
       0.00  178.58 -178.58     0      3.00e+01 1.11e-03 3.54e+01
  dihedral pdb=" CG  PHE A   2 "
           pdb=" CB  PHE A   2 "
           pdb=" CA  PHE A   2 "
           pdb=" N   PHE A   2 "
      ideal   model   delta sinusoidal    sigma   weight residual
     -60.00  -89.76   29.76     3      1.50e+01 4.44e-03 4.68e+00
  dihedral pdb=" OXT ALA A   3 "
           pdb=" C   ALA A   3 "
           pdb=" CA  ALA A   3 "
           pdb=" N   ALA A   3 "
      ideal   model   delta sinusoidal    sigma   weight residual
     -20.00  -77.04   57.04     2      3.00e+01 1.11e-03 3.75e+00
  ... (remaining 13 not shown)

  Histogram of chiral volume deviations from ideal:
       0.021 -    0.023: 1
       0.023 -    0.025: 0
       0.025 -    0.027: 0
       0.027 -    0.029: 0
       0.029 -    0.031: 1
  Chirality restraints: 2
  Sorted by residual:
  chirality pdb=" CA  ALA A   3 "
            pdb=" C   ALA A   3 "
            pdb=" CB  ALA A   3 "
            pdb=" N   ALA A   3 "
    both_signs  ideal   model   delta    sigma   weight residual
      False      2.48    2.52   -0.03 2.00e-01 2.50e+01 2.38e-02
  chirality pdb=" CA  PHE A   2 "
            pdb=" CB  PHE A   2 "
            pdb=" C   PHE A   2 "
            pdb=" N   PHE A   2 "
    both_signs  ideal   model   delta    sigma   weight residual
      False     -2.51   -2.49   -0.02 2.00e-01 2.50e+01 1.12e-02

  Planarity restraints: 6
  Sorted by residual:
                                 delta    sigma   weight rms_deltas residual
  plane pdb=" CB  PHE A   2 "    0.015 2.00e-02 2.50e+03   1.02e-02 3.15e+00
        pdb=" CG  PHE A   2 "    0.008 2.00e-02 2.50e+03
        pdb=" CD1 PHE A   2 "   -0.003 2.00e-02 2.50e+03
        pdb=" HD1 PHE A   2 "   -0.016 2.00e-02 2.50e+03
        pdb=" CE1 PHE A   2 "    0.002 2.00e-02 2.50e+03
        pdb=" HE1 PHE A   2 "   -0.006 2.00e-02 2.50e+03
        pdb=" CZ  PHE A   2 "    0.018 2.00e-02 2.50e+03
        pdb=" HZ  PHE A   2 "    0.005 2.00e-02 2.50e+03
        pdb=" CE2 PHE A   2 "   -0.004 2.00e-02 2.50e+03
        pdb=" HE2 PHE A   2 "   -0.009 2.00e-02 2.50e+03
        pdb=" CD2 PHE A   2 "    0.004 2.00e-02 2.50e+03
        pdb=" HD2 PHE A   2 "   -0.014 2.00e-02 2.50e+03
                                 delta    sigma   weight rms_deltas residual
  plane pdb=" C   GLY A   1 "    0.007 2.00e-02 2.50e+03   1.24e-02 1.54e+00
        pdb=" CA  PHE A   2 "    0.006 2.00e-02 2.50e+03
        pdb=" N   PHE A   2 "   -0.021 2.00e-02 2.50e+03
        pdb=" H   PHE A   2 "    0.009 2.00e-02 2.50e+03
                                 delta    sigma   weight rms_deltas residual
  plane pdb=" C   GLY A   1 "    0.012 2.00e-02 2.50e+03   6.85e-03 4.69e-01
        pdb=" O   GLY A   1 "   -0.005 2.00e-02 2.50e+03
        pdb=" CA  GLY A   1 "   -0.003 2.00e-02 2.50e+03
        pdb=" N   PHE A   2 "   -0.004 2.00e-02 2.50e+03
  ... (remaining 3 not shown)

  Histogram of nonbonded interaction distances:
        1.79 -     2.41: 15
        2.41 -     3.03: 68
        3.03 -     3.65: 68
        3.65 -     4.27: 66
        4.27 -     4.89: 88
  Nonbonded interactions: 305
  Sorted by model distance:
  nonbonded pdb=" HA1 GLY A   1 "
            pdb=" H2  GLY A   1 "
     model   vdw
     1.790 1.816
  nonbonded pdb=" O   GLY A   1 "
            pdb=" H   ALA A   3 "
     model   vdw
     1.828 1.970
  nonbonded pdb=" HXT ALA A   3 "
            pdb=" HB2 ALA A   3 "
     model   vdw
     1.971 2.270
  nonbonded pdb=" HA  ALA A   3 "
            pdb=" H   ALA A   3 "
     model   vdw
     2.081 1.816
  nonbonded pdb=" O   PHE A   2 "
            pdb=" HXT ALA A   3 "
     model   vdw
     2.141 1.970
  ... (remaining 300 not shown)

  NOTE: a complete listing of the restraints can be obtained by requesting
        output of .geo file.

                   ----------xray_structure summary----------                  

Number of scattering types: 4
  Type Number    sf(0)   Gaussians
   O       4      7.97       2
   N       3      6.97       2
   C      14      5.97       2
   H      19      1.00       2
  sf(0) = scattering factor at diffraction angle 0.
Number of scatterers: 40
At special positions: 0
Unit cell: (17.049, 11.973, 10.115, 90, 90, 90)
Space group: P 1 (No. 1)

End of input processing
r_work=0.5375 r_free=0.6355
params.data_weight: None
params.restraints: qm
rmsd(b), start:  0.0940
mc:   0 R: 0.4168 rmsd(b):  0.6688 restraint_scale:  2.0 min_steps: 51
mc:   1 R: 0.3049 rmsd(b):  0.6957 restraint_scale:  4.0 min_steps: 42
mc:   2 R: 0.2619 rmsd(b):  0.5880 restraint_scale:  8.0 min_steps: 54
mc:   3 R: 0.2619 rmsd(b):  0.5880 restraint_scale: 16.0 min_steps: 1
Convergence reached, stop now.
see the result structure:  ./p26/04_results/refine_qm/246_GFA16-new/1.5/8.pdb
Time: 3382.4863
