phenix.python
you are importing  adaptive calculator, and it does nothing. Please give it energy, force....... 

============================== Collecting inputs ==============================


                   ----------Processing X-ray data----------                   

F-obs:
  /scratch/m_zhen01/30993.lupus.uni-muenster.de/p26/02_mtz/200_WG13-new.mtz:F-obs
Miller array info: None
Observation type: xray.amplitude
Type of data: double, size=182
Type of sigmas: None
Number of Miller indices: 182
Anomalous flag: False
Unit cell: (12.646, 10.326, 13.899, 90, 90, 90)
Space group: P 1 (No. 1)
Systematic absences: 0
Centric reflections: 0
Resolution range: 3.99915 2.51363
Completeness in resolution range: 1
Completeness with d_max=infinity: 0.752066

Number of F-obs in resolution range:                   182
Number of F-obs<0 (these reflections will be rejected): 0
Number of F-obs=0 (these reflections will be used in refinement): 0
Refinement resolution range: d_max =   3.9992
                             d_min =   2.5136

R-free flags:
  /scratch/m_zhen01/30993.lupus.uni-muenster.de/p26/02_mtz/200_WG13-new.mtz:R-free-flags
Miller array info: /scratch/m_zhen01/30993.lupus.uni-muenster.de/p26/02_mtz/200_WG13-new.mtz:R-free-flags
Observation type: None
Type of data: int, size=182
Type of sigmas: None
Number of Miller indices: 182
Anomalous flag: False
Unit cell: (12.646, 10.326, 13.899, 90, 90, 90)
Space group: P 1 (No. 1)
Systematic absences: 0
Centric reflections: 0
Resolution range: 3.99915 2.51363
Completeness in resolution range: 1
Completeness with d_max=infinity: 0.752066
Wavelength: 1.0000

Test (R-free flags) flag value: 1

Number of work/free reflections by resolution:
                                  work free  %free
  bin  1: 3.9992 - 3.6617 [18/18]   16    2  11.1%
  bin  2: 3.6617 - 3.4154 [14/14]   14    0   0.0%
  bin  3: 3.4154 - 3.2243 [22/22]   20    2   9.1%
  bin  4: 3.2243 - 3.0698 [15/15]   15    0   0.0%
  bin  5: 3.0698 - 2.9413 [30/30]   28    2   6.7%
  bin  6: 2.9413 - 2.8319 [ 8/8 ]    8    0   0.0%
  bin  7: 2.8319 - 2.7371 [15/15]   15    0   0.0%
  bin  8: 2.7371 - 2.6539 [18/18]   16    2  11.1%
  bin  9: 2.6539 - 2.5800 [23/23]   23    0   0.0%
  bin 10: 2.5800 - 2.5136 [19/19]   19    0   0.0%
                          overall  174    8   4.4%

                   ----------Processing PDB file(s)----------                  

  Monomer Library directory:
    "/tmp1/m_zhen01/phenix-installer-1.10.1-2155-intel-linux-2.6-x86_64-centos5/phenix-1.10.1-2155/modules/chem_data/mon_lib"
  Total number of atoms: 34
  Number of models: 1
  Model: ""
    Number of chains: 1
    Chain: "A"
      Number of atoms: 34
      Number of conformers: 1
      Conformer: ""
        Number of residues, atoms: 2, 34
          Classifications: {'peptide': 2}
          Modifications used: {'NH2NOTPRO': 1, 'COOH': 1}
          Link IDs: {'TRANS': 1}
  Time building chain proxies: 0.09, per 1000 atoms: 2.65
  Number of scatterers: 34
  At special positions: 0
  Unit cell: (12.646, 10.326, 13.899, 90, 90, 90)
  Space group: P 1 (No. 1)
  Number of sites at special positions: 0
  Number of scattering types: 4
    Type Number    sf(0)
     O       3      8.00
     N       3      7.00
     C      13      6.00
     H      15      1.00
    sf(0) = scattering factor at diffraction angle 0.

  Number of disulfides: simple=0, symmetry=0

  Automatic linking
    Parameters for automatic linking
      Linking & cutoffs
        Metal                : False - 3.50
        Amimo acid           : False - 1.90
        Carbohydrate         : True  - 1.99
        Ligands              : True  - 1.99
        Amino acid - RNA/DNA : False
      
  Number of custom bonds: simple=0, symmetry=0
  Time building additional restraints: 0.02
  Conformation dependent library (CDL) restraints added in 528.1 microseconds
  
  Adding C-beta torsion restraints...
  Number of C-beta restraints generated:  2
  Time building geometry restraints manager: 0.03 seconds

  NOTE: a complete listing of the restraints can be obtained by requesting
        output of .geo file.

  Histogram of bond lengths:
        0.80 -     0.95: 7
        0.95 -     1.10: 8
        1.10 -     1.25: 2
        1.25 -     1.40: 11
        1.40 -     1.55: 7
  Bond restraints: 35
  Sorted by residual:
  bond pdb=" N   GLY A   2 "
       pdb=" H   GLY A   2 "
    ideal  model  delta    sigma   weight residual
    0.860  0.795  0.065 2.00e-02 2.50e+03 1.04e+01
  bond pdb=" CB  TRP A   1 "
       pdb=" HB2 TRP A   1 "
    ideal  model  delta    sigma   weight residual
    0.970  1.025 -0.055 2.00e-02 2.50e+03 7.62e+00
  bond pdb=" C   GLY A   2 "
       pdb=" CA  GLY A   2 "
    ideal  model  delta    sigma   weight residual
    1.516  1.467  0.049 1.80e-02 3.09e+03 7.26e+00
  bond pdb=" O   GLY A   2 "
       pdb=" C   GLY A   2 "
    ideal  model  delta    sigma   weight residual
    1.185  1.142  0.043 2.00e-02 2.50e+03 4.53e+00
  bond pdb=" CB  TRP A   1 "
       pdb=" HB1 TRP A   1 "
    ideal  model  delta    sigma   weight residual
    0.970  1.000 -0.030 2.00e-02 2.50e+03 2.19e+00
  ... (remaining 30 not shown)

  Histogram of bond angle deviations from ideal:
      103.51 -   109.37: 14
      109.37 -   115.23: 11
      115.23 -   121.09: 15
      121.09 -   126.96: 13
      126.96 -   132.82: 4
  Bond angle restraints: 57
  Sorted by residual:
  angle pdb=" OXT GLY A   2 "
        pdb=" C   GLY A   2 "
        pdb=" CA  GLY A   2 "
      ideal   model   delta    sigma   weight residual
     118.60  112.50    6.10 3.00e+00 1.11e-01 4.14e+00
  angle pdb=" C   GLY A   2 "
        pdb=" CA  GLY A   2 "
        pdb=" N   GLY A   2 "
      ideal   model   delta    sigma   weight residual
     113.30  119.07   -5.77 2.90e+00 1.19e-01 3.95e+00
  angle pdb=" C   GLY A   2 "
        pdb=" CA  GLY A   2 "
        pdb=" HA1 GLY A   2 "
      ideal   model   delta    sigma   weight residual
     109.00  103.51    5.49 3.00e+00 1.11e-01 3.35e+00
  angle pdb=" HA  TRP A   1 "
        pdb=" CA  TRP A   1 "
        pdb=" CB  TRP A   1 "
      ideal   model   delta    sigma   weight residual
     109.00  104.19    4.81 3.00e+00 1.11e-01 2.57e+00
  angle pdb=" CA  TRP A   1 "
        pdb=" CB  TRP A   1 "
        pdb=" HB2 TRP A   1 "
      ideal   model   delta    sigma   weight residual
     109.00  104.44    4.56 3.00e+00 1.11e-01 2.31e+00
  ... (remaining 52 not shown)

  Histogram of dihedral angle deviations from ideal:
        0.14 -     3.57: 10
        3.57 -     7.00: 0
        7.00 -    10.44: 1
       10.44 -    13.87: 0
       13.87 -    17.30: 2
  Dihedral angle restraints: 13
    sinusoidal: 3
      harmonic: 10
  Sorted by residual:
  dihedral pdb=" CA  TRP A   1 "
           pdb=" C   TRP A   1 "
           pdb=" N   GLY A   2 "
           pdb=" CA  GLY A   2 "
      ideal   model   delta  harmonic     sigma   weight residual
     180.00  172.72    7.28     0      5.00e+00 4.00e-02 2.12e+00
  dihedral pdb=" CA  TRP A   1 "
           pdb=" CB  TRP A   1 "
           pdb=" CG  TRP A   1 "
           pdb=" CD1 TRP A   1 "
      ideal   model   delta sinusoidal    sigma   weight residual
     -90.00  -75.57  -14.43     2      2.00e+01 2.50e-03 7.45e-01
  dihedral pdb=" C   TRP A   1 "
           pdb=" N   TRP A   1 "
           pdb=" CA  TRP A   1 "
           pdb=" CB  TRP A   1 "
      ideal   model   delta  harmonic     sigma   weight residual
    -122.60 -124.52    1.92     0      2.50e+00 1.60e-01 5.91e-01
  ... (remaining 10 not shown)

  Histogram of chiral volume deviations from ideal:
       0.051 -    0.051: 1
       0.051 -    0.051: 0
       0.051 -    0.051: 0
       0.051 -    0.051: 0
       0.051 -    0.051: 0
  Chirality restraints: 1
  Sorted by residual:
  chirality pdb=" CA  TRP A   1 "
            pdb=" C   TRP A   1 "
            pdb=" N   TRP A   1 "
            pdb=" CB  TRP A   1 "
    both_signs  ideal   model   delta    sigma   weight residual
      False     -2.51   -2.46   -0.05 2.00e-01 2.50e+01 6.43e-02

  Planarity restraints: 4
  Sorted by residual:
                                 delta    sigma   weight rms_deltas residual
  plane pdb=" CB  TRP A   1 "    0.003 2.00e-02 2.50e+03   1.12e-02 5.00e+00
        pdb=" CG  TRP A   1 "   -0.015 2.00e-02 2.50e+03
        pdb=" CD1 TRP A   1 "   -0.003 2.00e-02 2.50e+03
        pdb=" HD1 TRP A   1 "    0.025 2.00e-02 2.50e+03
        pdb=" NE1 TRP A   1 "   -0.002 2.00e-02 2.50e+03
        pdb=" HE1 TRP A   1 "    0.003 2.00e-02 2.50e+03
        pdb=" CE2 TRP A   1 "   -0.013 2.00e-02 2.50e+03
        pdb=" CZ2 TRP A   1 "   -0.004 2.00e-02 2.50e+03
        pdb=" HZ2 TRP A   1 "   -0.001 2.00e-02 2.50e+03
        pdb=" CH2 TRP A   1 "    0.009 2.00e-02 2.50e+03
        pdb=" HH2 TRP A   1 "   -0.007 2.00e-02 2.50e+03
        pdb=" CZ3 TRP A   1 "    0.005 2.00e-02 2.50e+03
        pdb=" HZ3 TRP A   1 "    0.020 2.00e-02 2.50e+03
        pdb=" CE3 TRP A   1 "    0.007 2.00e-02 2.50e+03
        pdb=" HE3 TRP A   1 "   -0.014 2.00e-02 2.50e+03
        pdb=" CD2 TRP A   1 "   -0.012 2.00e-02 2.50e+03
                                 delta    sigma   weight rms_deltas residual
  plane pdb=" O   GLY A   2 "   -0.004 2.00e-02 2.50e+03   5.37e-03 3.61e-01
        pdb=" C   GLY A   2 "    0.007 2.00e-02 2.50e+03
        pdb=" OXT GLY A   2 "   -0.007 2.00e-02 2.50e+03
        pdb=" HXT GLY A   2 "    0.004 2.00e-02 2.50e+03
        pdb=" CA  GLY A   2 "    0.000 2.00e-02 2.50e+03
                                 delta    sigma   weight rms_deltas residual
  plane pdb=" C   TRP A   1 "   -0.001 2.00e-02 2.50e+03   1.80e-03 3.23e-02
        pdb=" CA  GLY A   2 "   -0.001 2.00e-02 2.50e+03
        pdb=" N   GLY A   2 "    0.003 2.00e-02 2.50e+03
        pdb=" H   GLY A   2 "   -0.001 2.00e-02 2.50e+03
  ... (remaining 1 not shown)

  Histogram of nonbonded interaction distances:
        2.23 -     2.76: 32
        2.76 -     3.29: 51
        3.29 -     3.82: 52
        3.82 -     4.34: 59
        4.34 -     4.87: 59
  Nonbonded interactions: 253
  Sorted by model distance:
  nonbonded pdb=" HA  TRP A   1 "
            pdb=" HB1 TRP A   1 "
     model   vdw
     2.235 1.952
  nonbonded pdb=" OXT GLY A   2 "
            pdb=" HA1 GLY A   2 "
     model   vdw
     2.252 2.192
  nonbonded pdb=" HA  TRP A   1 "
            pdb=" HB2 TRP A   1 "
     model   vdw
     2.258 1.952
  nonbonded pdb=" HH2 TRP A   1 "
            pdb=" HZ3 TRP A   1 "
     model   vdw
     2.262 1.680
  nonbonded pdb=" HZ2 TRP A   1 "
            pdb=" HH2 TRP A   1 "
     model   vdw
     2.298 1.680
  ... (remaining 248 not shown)

  NOTE: a complete listing of the restraints can be obtained by requesting
        output of .geo file.

                   ----------xray_structure summary----------                  

Number of scattering types: 4
  Type Number    sf(0)   Gaussians
   O       3      7.97       2
   N       3      6.97       2
   C      13      5.97       2
   H      15      1.00       2
  sf(0) = scattering factor at diffraction angle 0.
Number of scatterers: 34
At special positions: 0
Unit cell: (12.646, 10.326, 13.899, 90, 90, 90)
Space group: P 1 (No. 1)

End of input processing
r_work=0.4583 r_free=0.7409
params.data_weight: 0.0
params.restraints: cctbx
rmsd(b), start:  0.0894
mc:   0 R: 0.4411 rmsd(b):  0.0010 restraint_scale:  1.0 min_steps: 55
mc:   1 R: 0.4254 rmsd(b):  0.0012 restraint_scale:  1.0 min_steps: 54
mc:   2 R: 0.3804 rmsd(b):  0.0008 restraint_scale:  1.0 min_steps: 53
mc:   3 R: 0.3725 rmsd(b):  0.0007 restraint_scale:  1.0 min_steps: 56
mc:   4 R: 0.3559 rmsd(b):  0.0004 restraint_scale:  1.0 min_steps: 54
mc:   5 R: 0.3508 rmsd(b):  0.0006 restraint_scale:  1.0 min_steps: 54
mc:   6 R: 0.3404 rmsd(b):  0.0004 restraint_scale:  1.0 min_steps: 54
mc:   7 R: 0.3335 rmsd(b):  0.0006 restraint_scale:  1.0 min_steps: 54
mc:   8 R: 0.3308 rmsd(b):  0.0003 restraint_scale:  1.0 min_steps: 53
mc:   9 R: 0.3256 rmsd(b):  0.0005 restraint_scale:  1.0 min_steps: 54
mc:  10 R: 0.3238 rmsd(b):  0.0003 restraint_scale:  1.0 min_steps: 53
mc:  11 R: 0.3199 rmsd(b):  0.0004 restraint_scale:  1.0 min_steps: 54
mc:  12 R: 0.3186 rmsd(b):  0.0003 restraint_scale:  1.0 min_steps: 55
mc:  13 R: 0.3144 rmsd(b):  0.0004 restraint_scale:  1.0 min_steps: 53
mc:  14 R: 0.3131 rmsd(b):  0.0003 restraint_scale:  1.0 min_steps: 57
mc:  15 R: 0.3116 rmsd(b):  0.0004 restraint_scale:  1.0 min_steps: 54
mc:  16 R: 0.3108 rmsd(b):  0.0003 restraint_scale:  1.0 min_steps: 52
Convergence reached, stop now.
see the result structure:  ./p26/04_results/opt_cctbx/200_WG13-new/0.6/5.pdb
Time: 7.9473
