phenix.python
you are importing  adaptive calculator, and it does nothing. Please give it energy, force....... 

============================== Collecting inputs ==============================


                   ----------Processing X-ray data----------                   

F-obs:
  /scratch/m_zhen01/30995.lupus.uni-muenster.de/p26/02_mtz/195_WG01-new.mtz:F-obs
Miller array info: None
Observation type: xray.amplitude
Type of data: double, size=188
Type of sigmas: None
Number of Miller indices: 188
Anomalous flag: False
Unit cell: (15.133, 10.304, 12.331, 90, 90, 90)
Space group: P 1 (No. 1)
Systematic absences: 0
Centric reflections: 0
Resolution range: 3.96662 2.52157
Completeness in resolution range: 1
Completeness with d_max=infinity: 0.752

Number of F-obs in resolution range:                   188
Number of F-obs<0 (these reflections will be rejected): 0
Number of F-obs=0 (these reflections will be used in refinement): 0
Refinement resolution range: d_max =   3.9666
                             d_min =   2.5216

R-free flags:
  /scratch/m_zhen01/30995.lupus.uni-muenster.de/p26/02_mtz/195_WG01-new.mtz:R-free-flags
Miller array info: /scratch/m_zhen01/30995.lupus.uni-muenster.de/p26/02_mtz/195_WG01-new.mtz:R-free-flags
Observation type: None
Type of data: int, size=188
Type of sigmas: None
Number of Miller indices: 188
Anomalous flag: False
Unit cell: (15.133, 10.304, 12.331, 90, 90, 90)
Space group: P 1 (No. 1)
Systematic absences: 0
Centric reflections: 0
Resolution range: 3.96662 2.52157
Completeness in resolution range: 1
Completeness with d_max=infinity: 0.752
Wavelength: 1.0000

Test (R-free flags) flag value: 1

Number of work/free reflections by resolution:
                                  work free  %free
  bin  1: 3.9666 - 3.6445 [21/21]   17    4  19.0%
  bin  2: 3.6445 - 3.4067 [25/25]   25    0   0.0%
  bin  3: 3.4067 - 3.2209 [10/10]    6    4  40.0%
  bin  4: 3.2209 - 3.0700 [19/19]   19    0   0.0%
  bin  5: 3.0700 - 2.9438 [25/25]   23    2   8.0%
  bin  6: 2.9438 - 2.8362 [16/16]   16    0   0.0%
  bin  7: 2.8362 - 2.7427 [18/18]   18    0   0.0%
  bin  8: 2.7427 - 2.6605 [14/14]   14    0   0.0%
  bin  9: 2.6605 - 2.5873 [20/20]   20    0   0.0%
  bin 10: 2.5873 - 2.5216 [20/20]   18    2  10.0%
                          overall  176   12   6.4%

                   ----------Processing PDB file(s)----------                  

  Monomer Library directory:
    "/tmp1/m_zhen01/phenix-installer-1.10.1-2155-intel-linux-2.6-x86_64-centos5/phenix-1.10.1-2155/modules/chem_data/mon_lib"
  Total number of atoms: 34
  Number of models: 1
  Model: ""
    Number of chains: 1
    Chain: "A"
      Number of atoms: 34
      Number of conformers: 1
      Conformer: ""
        Number of residues, atoms: 2, 34
          Classifications: {'peptide': 2}
          Modifications used: {'NH2NOTPRO': 1, 'COOH': 1}
          Link IDs: {'TRANS': 1}
  Time building chain proxies: 0.07, per 1000 atoms: 2.06
  Number of scatterers: 34
  At special positions: 0
  Unit cell: (15.133, 10.304, 12.331, 90, 90, 90)
  Space group: P 1 (No. 1)
  Number of sites at special positions: 0
  Number of scattering types: 4
    Type Number    sf(0)
     O       3      8.00
     N       3      7.00
     C      13      6.00
     H      15      1.00
    sf(0) = scattering factor at diffraction angle 0.

  Number of disulfides: simple=0, symmetry=0

  Automatic linking
    Parameters for automatic linking
      Linking & cutoffs
        Metal                : False - 3.50
        Amimo acid           : False - 1.90
        Carbohydrate         : True  - 1.99
        Ligands              : True  - 1.99
        Amino acid - RNA/DNA : False
      
  Number of custom bonds: simple=0, symmetry=0
  Time building additional restraints: 0.02
  Conformation dependent library (CDL) restraints added in 440.8 microseconds
  
  Adding C-beta torsion restraints...
  Number of C-beta restraints generated:  2
  Time building geometry restraints manager: 0.02 seconds

  NOTE: a complete listing of the restraints can be obtained by requesting
        output of .geo file.

  Histogram of bond lengths:
        0.78 -     0.94: 7
        0.94 -     1.09: 8
        1.09 -     1.25: 2
        1.25 -     1.41: 6
        1.41 -     1.57: 12
  Bond restraints: 35
  Sorted by residual:
  bond pdb=" N   GLY A   2 "
       pdb=" H   GLY A   2 "
    ideal  model  delta    sigma   weight residual
    0.860  0.777  0.083 2.00e-02 2.50e+03 1.74e+01
  bond pdb=" CB  TRP A   1 "
       pdb=" CG  TRP A   1 "
    ideal  model  delta    sigma   weight residual
    1.498  1.564 -0.066 3.10e-02 1.04e+03 4.56e+00
  bond pdb=" C   TRP A   1 "
       pdb=" CA  TRP A   1 "
    ideal  model  delta    sigma   weight residual
    1.525  1.569 -0.044 2.10e-02 2.27e+03 4.38e+00
  bond pdb=" O   GLY A   2 "
       pdb=" C   GLY A   2 "
    ideal  model  delta    sigma   weight residual
    1.185  1.225 -0.040 2.00e-02 2.50e+03 3.98e+00
  bond pdb=" CZ3 TRP A   1 "
       pdb=" CE3 TRP A   1 "
    ideal  model  delta    sigma   weight residual
    1.382  1.438 -0.056 3.00e-02 1.11e+03 3.49e+00
  ... (remaining 30 not shown)

  Histogram of bond angle deviations from ideal:
      103.95 -   110.09: 16
      110.09 -   116.24: 11
      116.24 -   122.39: 18
      122.39 -   128.54: 9
      128.54 -   134.69: 3
  Bond angle restraints: 57
  Sorted by residual:
  angle pdb=" C   TRP A   1 "
        pdb=" CA  TRP A   1 "
        pdb=" CB  TRP A   1 "
      ideal   model   delta    sigma   weight residual
     110.10  114.25   -4.15 1.90e+00 2.77e-01 4.77e+00
  angle pdb=" CB  TRP A   1 "
        pdb=" CG  TRP A   1 "
        pdb=" CD2 TRP A   1 "
      ideal   model   delta    sigma   weight residual
     126.80  129.75   -2.95 1.40e+00 5.10e-01 4.44e+00
  angle pdb=" HA  TRP A   1 "
        pdb=" CA  TRP A   1 "
        pdb=" N   TRP A   1 "
      ideal   model   delta    sigma   weight residual
     110.00  103.95    6.05 3.00e+00 1.11e-01 4.07e+00
  angle pdb=" CB  TRP A   1 "
        pdb=" CG  TRP A   1 "
        pdb=" CD1 TRP A   1 "
      ideal   model   delta    sigma   weight residual
     126.90  123.98    2.92 1.50e+00 4.44e-01 3.79e+00
  angle pdb=" HA1 GLY A   2 "
        pdb=" CA  GLY A   2 "
        pdb=" N   GLY A   2 "
      ideal   model   delta    sigma   weight residual
     110.00  105.08    4.92 3.00e+00 1.11e-01 2.69e+00
  ... (remaining 52 not shown)

  Histogram of dihedral angle deviations from ideal:
        0.13 -    35.09: 12
       35.09 -    70.05: 0
       70.05 -   105.00: 0
      105.00 -   139.96: 0
      139.96 -   174.92: 1
  Dihedral angle restraints: 13
    sinusoidal: 3
      harmonic: 10
  Sorted by residual:
  dihedral pdb=" O   GLY A   2 "
           pdb=" C   GLY A   2 "
           pdb=" OXT GLY A   2 "
           pdb=" HXT GLY A   2 "
      ideal   model   delta  harmonic     sigma   weight residual
       0.00  174.92 -174.92     0      3.00e+01 1.11e-03 3.40e+01
  dihedral pdb=" C   TRP A   1 "
           pdb=" N   TRP A   1 "
           pdb=" CA  TRP A   1 "
           pdb=" CB  TRP A   1 "
      ideal   model   delta  harmonic     sigma   weight residual
    -122.60 -125.91    3.31     0      2.50e+00 1.60e-01 1.76e+00
  dihedral pdb=" N   TRP A   1 "
           pdb=" CA  TRP A   1 "
           pdb=" CB  TRP A   1 "
           pdb=" CG  TRP A   1 "
      ideal   model   delta sinusoidal    sigma   weight residual
      60.00   72.74  -12.74     3      1.50e+01 4.44e-03 1.02e+00
  ... (remaining 10 not shown)

  Histogram of chiral volume deviations from ideal:
       0.039 -    0.039: 1
       0.039 -    0.039: 0
       0.039 -    0.039: 0
       0.039 -    0.039: 0
       0.039 -    0.039: 0
  Chirality restraints: 1
  Sorted by residual:
  chirality pdb=" CA  TRP A   1 "
            pdb=" C   TRP A   1 "
            pdb=" N   TRP A   1 "
            pdb=" CB  TRP A   1 "
    both_signs  ideal   model   delta    sigma   weight residual
      False     -2.51   -2.55    0.04 2.00e-01 2.50e+01 3.87e-02

  Planarity restraints: 4
  Sorted by residual:
                                 delta    sigma   weight rms_deltas residual
  plane pdb=" CB  TRP A   1 "    0.027 2.00e-02 2.50e+03   1.61e-02 1.04e+01
        pdb=" CG  TRP A   1 "   -0.014 2.00e-02 2.50e+03
        pdb=" CD1 TRP A   1 "   -0.025 2.00e-02 2.50e+03
        pdb=" HD1 TRP A   1 "    0.007 2.00e-02 2.50e+03
        pdb=" NE1 TRP A   1 "   -0.018 2.00e-02 2.50e+03
        pdb=" HE1 TRP A   1 "   -0.001 2.00e-02 2.50e+03
        pdb=" CE2 TRP A   1 "    0.015 2.00e-02 2.50e+03
        pdb=" CZ2 TRP A   1 "    0.028 2.00e-02 2.50e+03
        pdb=" HZ2 TRP A   1 "    0.014 2.00e-02 2.50e+03
        pdb=" CH2 TRP A   1 "    0.008 2.00e-02 2.50e+03
        pdb=" HH2 TRP A   1 "   -0.013 2.00e-02 2.50e+03
        pdb=" CZ3 TRP A   1 "   -0.020 2.00e-02 2.50e+03
        pdb=" HZ3 TRP A   1 "   -0.005 2.00e-02 2.50e+03
        pdb=" CE3 TRP A   1 "    0.004 2.00e-02 2.50e+03
        pdb=" HE3 TRP A   1 "    0.010 2.00e-02 2.50e+03
        pdb=" CD2 TRP A   1 "   -0.015 2.00e-02 2.50e+03
                                 delta    sigma   weight rms_deltas residual
  plane pdb=" O   GLY A   2 "    0.019 2.00e-02 2.50e+03   1.85e-02 4.30e+00
        pdb=" C   GLY A   2 "   -0.025 2.00e-02 2.50e+03
        pdb=" OXT GLY A   2 "   -0.016 2.00e-02 2.50e+03
        pdb=" HXT GLY A   2 "    0.021 2.00e-02 2.50e+03
        pdb=" CA  GLY A   2 "    0.001 2.00e-02 2.50e+03
                                 delta    sigma   weight rms_deltas residual
  plane pdb=" C   TRP A   1 "   -0.022 2.00e-02 2.50e+03   1.29e-02 1.66e+00
        pdb=" O   TRP A   1 "    0.008 2.00e-02 2.50e+03
        pdb=" CA  TRP A   1 "    0.006 2.00e-02 2.50e+03
        pdb=" N   GLY A   2 "    0.008 2.00e-02 2.50e+03
  ... (remaining 1 not shown)

  Histogram of nonbonded interaction distances:
        1.89 -     2.49: 18
        2.49 -     3.09: 47
        3.09 -     3.69: 66
        3.69 -     4.29: 61
        4.29 -     4.88: 70
  Nonbonded interactions: 262
  Sorted by model distance:
  nonbonded pdb=" H1  TRP A   1 "
            pdb=" H   GLY A   2 "
     model   vdw
     1.894 2.100
  nonbonded pdb=" HXT GLY A   2 "
            pdb=" H   GLY A   2 "
     model   vdw
     1.904 2.100
  nonbonded pdb=" HZ2 TRP A   1 "
            pdb=" HH2 TRP A   1 "
     model   vdw
     2.246 1.680
  nonbonded pdb=" H2  TRP A   1 "
            pdb=" HB1 TRP A   1 "
     model   vdw
     2.249 2.270
  nonbonded pdb=" HA2 GLY A   2 "
            pdb=" H   GLY A   2 "
     model   vdw
     2.258 1.816
  ... (remaining 257 not shown)

  NOTE: a complete listing of the restraints can be obtained by requesting
        output of .geo file.

                   ----------xray_structure summary----------                  

Number of scattering types: 4
  Type Number    sf(0)   Gaussians
   O       3      7.97       2
   N       3      6.97       2
   C      13      5.97       2
   H      15      1.00       2
  sf(0) = scattering factor at diffraction angle 0.
Number of scatterers: 34
At special positions: 0
Unit cell: (15.133, 10.304, 12.331, 90, 90, 90)
Space group: P 1 (No. 1)

End of input processing
r_work=0.5299 r_free=0.4819
params.data_weight: None
params.restraints: cctbx
rmsd(b), start:  0.0952
mc:   0 R: 0.2265 rmsd(b):  0.0979 restraint_scale:  2.0 min_steps: 30
mc:   1 R: 0.0977 rmsd(b):  0.0642 restraint_scale:  4.0 min_steps: 35
mc:   2 R: 0.0263 rmsd(b):  0.0215 restraint_scale:  4.0 min_steps: 52
mc:   3 R: 0.0109 rmsd(b):  0.0302 restraint_scale:  8.0 min_steps: 52
mc:   4 R: 0.0079 rmsd(b):  0.0440 restraint_scale: 16.0 min_steps: 26
mc:   5 R: 0.0084 rmsd(b):  0.0297 restraint_scale: 16.0 min_steps: 32
mc:   6 R: 0.0085 rmsd(b):  0.0291 restraint_scale: 16.0 min_steps: 4
Convergence reached, stop now.
see the result structure:  ./p26/04_results/refine_cctbx/195_WG01-new/1.2/8.pdb
Time: 6.5243
