phenix.python
you are importing  adaptive calculator, and it does nothing. Please give it energy, force....... 

============================== Collecting inputs ==============================


                   ----------Processing X-ray data----------                   

F-obs:
  /scratch/m_zhen01/31011.lupus.uni-muenster.de/p26/02_mtz/195_WG01-new.mtz:F-obs
Miller array info: None
Observation type: xray.amplitude
Type of data: double, size=188
Type of sigmas: None
Number of Miller indices: 188
Anomalous flag: False
Unit cell: (15.133, 10.304, 12.331, 90, 90, 90)
Space group: P 1 (No. 1)
Systematic absences: 0
Centric reflections: 0
Resolution range: 3.96662 2.52157
Completeness in resolution range: 1
Completeness with d_max=infinity: 0.752

Number of F-obs in resolution range:                   188
Number of F-obs<0 (these reflections will be rejected): 0
Number of F-obs=0 (these reflections will be used in refinement): 0
Refinement resolution range: d_max =   3.9666
                             d_min =   2.5216

R-free flags:
  /scratch/m_zhen01/31011.lupus.uni-muenster.de/p26/02_mtz/195_WG01-new.mtz:R-free-flags
Miller array info: /scratch/m_zhen01/31011.lupus.uni-muenster.de/p26/02_mtz/195_WG01-new.mtz:R-free-flags
Observation type: None
Type of data: int, size=188
Type of sigmas: None
Number of Miller indices: 188
Anomalous flag: False
Unit cell: (15.133, 10.304, 12.331, 90, 90, 90)
Space group: P 1 (No. 1)
Systematic absences: 0
Centric reflections: 0
Resolution range: 3.96662 2.52157
Completeness in resolution range: 1
Completeness with d_max=infinity: 0.752
Wavelength: 1.0000

Test (R-free flags) flag value: 1

Number of work/free reflections by resolution:
                                  work free  %free
  bin  1: 3.9666 - 3.6445 [21/21]   17    4  19.0%
  bin  2: 3.6445 - 3.4067 [25/25]   25    0   0.0%
  bin  3: 3.4067 - 3.2209 [10/10]    6    4  40.0%
  bin  4: 3.2209 - 3.0700 [19/19]   19    0   0.0%
  bin  5: 3.0700 - 2.9438 [25/25]   23    2   8.0%
  bin  6: 2.9438 - 2.8362 [16/16]   16    0   0.0%
  bin  7: 2.8362 - 2.7427 [18/18]   18    0   0.0%
  bin  8: 2.7427 - 2.6605 [14/14]   14    0   0.0%
  bin  9: 2.6605 - 2.5873 [20/20]   20    0   0.0%
  bin 10: 2.5873 - 2.5216 [20/20]   18    2  10.0%
                          overall  176   12   6.4%

                   ----------Processing PDB file(s)----------                  

  Monomer Library directory:
    "/tmp1/m_zhen01/phenix-installer-1.10.1-2155-intel-linux-2.6-x86_64-centos5/phenix-1.10.1-2155/modules/chem_data/mon_lib"
  Total number of atoms: 34
  Number of models: 1
  Model: ""
    Number of chains: 1
    Chain: "A"
      Number of atoms: 34
      Number of conformers: 1
      Conformer: ""
        Number of residues, atoms: 2, 34
          Classifications: {'peptide': 2}
          Modifications used: {'NH2NOTPRO': 1, 'COOH': 1}
          Link IDs: {'TRANS': 1}
  Time building chain proxies: 0.08, per 1000 atoms: 2.35
  Number of scatterers: 34
  At special positions: 0
  Unit cell: (15.133, 10.304, 12.331, 90, 90, 90)
  Space group: P 1 (No. 1)
  Number of sites at special positions: 0
  Number of scattering types: 4
    Type Number    sf(0)
     O       3      8.00
     N       3      7.00
     C      13      6.00
     H      15      1.00
    sf(0) = scattering factor at diffraction angle 0.

  Number of disulfides: simple=0, symmetry=0

  Automatic linking
    Parameters for automatic linking
      Linking & cutoffs
        Metal                : False - 3.50
        Amimo acid           : False - 1.90
        Carbohydrate         : True  - 1.99
        Ligands              : True  - 1.99
        Amino acid - RNA/DNA : False
      
  Number of custom bonds: simple=0, symmetry=0
  Time building additional restraints: 0.02
  Conformation dependent library (CDL) restraints added in 427.0 microseconds
  
  Adding C-beta torsion restraints...
  Number of C-beta restraints generated:  2
  Time building geometry restraints manager: 0.03 seconds

  NOTE: a complete listing of the restraints can be obtained by requesting
        output of .geo file.

  Histogram of bond lengths:
        0.82 -     0.96: 13
        0.96 -     1.10: 2
        1.10 -     1.24: 2
        1.24 -     1.38: 4
        1.38 -     1.51: 14
  Bond restraints: 35
  Sorted by residual:
  bond pdb=" CA  TRP A   1 "
       pdb=" CB  TRP A   1 "
    ideal  model  delta    sigma   weight residual
    1.530  1.481  0.049 2.00e-02 2.50e+03 6.04e+00
  bond pdb=" C   TRP A   1 "
       pdb=" O   TRP A   1 "
    ideal  model  delta    sigma   weight residual
    1.231  1.188  0.043 2.00e-02 2.50e+03 4.67e+00
  bond pdb=" CB  TRP A   1 "
       pdb=" HB2 TRP A   1 "
    ideal  model  delta    sigma   weight residual
    0.970  0.928  0.042 2.00e-02 2.50e+03 4.50e+00
  bond pdb=" CB  TRP A   1 "
       pdb=" HB1 TRP A   1 "
    ideal  model  delta    sigma   weight residual
    0.970  0.930  0.040 2.00e-02 2.50e+03 3.92e+00
  bond pdb=" CA  GLY A   2 "
       pdb=" HA1 GLY A   2 "
    ideal  model  delta    sigma   weight residual
    0.970  0.932  0.038 2.00e-02 2.50e+03 3.67e+00
  ... (remaining 30 not shown)

  Histogram of bond angle deviations from ideal:
      103.27 -   109.56: 12
      109.56 -   115.84: 16
      115.84 -   122.13: 15
      122.13 -   128.41: 11
      128.41 -   134.69: 3
  Bond angle restraints: 57
  Sorted by residual:
  angle pdb=" OXT GLY A   2 "
        pdb=" C   GLY A   2 "
        pdb=" CA  GLY A   2 "
      ideal   model   delta    sigma   weight residual
     118.60  110.49    8.11 3.00e+00 1.11e-01 7.31e+00
  angle pdb=" O   GLY A   2 "
        pdb=" C   GLY A   2 "
        pdb=" CA  GLY A   2 "
      ideal   model   delta    sigma   weight residual
     118.60  125.48   -6.88 3.00e+00 1.11e-01 5.26e+00
  angle pdb=" HD1 TRP A   1 "
        pdb=" CD1 TRP A   1 "
        pdb=" NE1 TRP A   1 "
      ideal   model   delta    sigma   weight residual
     124.90  118.89    6.01 3.00e+00 1.11e-01 4.01e+00
  angle pdb=" HA1 GLY A   2 "
        pdb=" CA  GLY A   2 "
        pdb=" HA2 GLY A   2 "
      ideal   model   delta    sigma   weight residual
     109.00  103.27    5.73 3.00e+00 1.11e-01 3.65e+00
  angle pdb=" CG  TRP A   1 "
        pdb=" CD1 TRP A   1 "
        pdb=" HD1 TRP A   1 "
      ideal   model   delta    sigma   weight residual
     124.90  130.44   -5.54 3.00e+00 1.11e-01 3.42e+00
  ... (remaining 52 not shown)

  Histogram of dihedral angle deviations from ideal:
        0.22 -    35.87: 11
       35.87 -    71.51: 1
       71.51 -   107.16: 0
      107.16 -   142.80: 0
      142.80 -   178.44: 1
  Dihedral angle restraints: 13
    sinusoidal: 3
      harmonic: 10
  Sorted by residual:
  dihedral pdb=" O   GLY A   2 "
           pdb=" C   GLY A   2 "
           pdb=" OXT GLY A   2 "
           pdb=" HXT GLY A   2 "
      ideal   model   delta  harmonic     sigma   weight residual
       0.00 -178.44  178.44     0      3.00e+01 1.11e-03 3.54e+01
  dihedral pdb=" OXT GLY A   2 "
           pdb=" C   GLY A   2 "
           pdb=" CA  GLY A   2 "
           pdb=" N   GLY A   2 "
      ideal   model   delta sinusoidal    sigma   weight residual
     -20.00  -77.67   57.67     2      3.00e+01 1.11e-03 3.81e+00
  dihedral pdb=" CA  TRP A   1 "
           pdb=" C   TRP A   1 "
           pdb=" N   GLY A   2 "
           pdb=" CA  GLY A   2 "
      ideal   model   delta  harmonic     sigma   weight residual
     180.00  175.04    4.96     0      5.00e+00 4.00e-02 9.85e-01
  ... (remaining 10 not shown)

  Histogram of chiral volume deviations from ideal:
       0.162 -    0.162: 1
       0.162 -    0.162: 0
       0.162 -    0.162: 0
       0.162 -    0.162: 0
       0.162 -    0.162: 0
  Chirality restraints: 1
  Sorted by residual:
  chirality pdb=" CA  TRP A   1 "
            pdb=" C   TRP A   1 "
            pdb=" N   TRP A   1 "
            pdb=" CB  TRP A   1 "
    both_signs  ideal   model   delta    sigma   weight residual
      False     -2.51   -2.35   -0.16 2.00e-01 2.50e+01 6.58e-01

  Planarity restraints: 4
  Sorted by residual:
                                 delta    sigma   weight rms_deltas residual
  plane pdb=" CB  TRP A   1 "    0.002 2.00e-02 2.50e+03   1.08e-02 4.65e+00
        pdb=" CG  TRP A   1 "    0.004 2.00e-02 2.50e+03
        pdb=" CD1 TRP A   1 "    0.018 2.00e-02 2.50e+03
        pdb=" HD1 TRP A   1 "   -0.016 2.00e-02 2.50e+03
        pdb=" NE1 TRP A   1 "   -0.016 2.00e-02 2.50e+03
        pdb=" HE1 TRP A   1 "    0.006 2.00e-02 2.50e+03
        pdb=" CE2 TRP A   1 "    0.005 2.00e-02 2.50e+03
        pdb=" CZ2 TRP A   1 "    0.003 2.00e-02 2.50e+03
        pdb=" HZ2 TRP A   1 "    0.002 2.00e-02 2.50e+03
        pdb=" CH2 TRP A   1 "   -0.005 2.00e-02 2.50e+03
        pdb=" HH2 TRP A   1 "    0.015 2.00e-02 2.50e+03
        pdb=" CZ3 TRP A   1 "   -0.019 2.00e-02 2.50e+03
        pdb=" HZ3 TRP A   1 "   -0.010 2.00e-02 2.50e+03
        pdb=" CE3 TRP A   1 "    0.004 2.00e-02 2.50e+03
        pdb=" HE3 TRP A   1 "    0.013 2.00e-02 2.50e+03
        pdb=" CD2 TRP A   1 "   -0.006 2.00e-02 2.50e+03
                                 delta    sigma   weight rms_deltas residual
  plane pdb=" O   GLY A   2 "    0.010 2.00e-02 2.50e+03   1.73e-02 3.74e+00
        pdb=" C   GLY A   2 "   -0.031 2.00e-02 2.50e+03
        pdb=" OXT GLY A   2 "    0.017 2.00e-02 2.50e+03
        pdb=" HXT GLY A   2 "   -0.006 2.00e-02 2.50e+03
        pdb=" CA  GLY A   2 "    0.011 2.00e-02 2.50e+03
                                 delta    sigma   weight rms_deltas residual
  plane pdb=" C   TRP A   1 "    0.006 2.00e-02 2.50e+03   1.13e-02 1.27e+00
        pdb=" CA  GLY A   2 "    0.005 2.00e-02 2.50e+03
        pdb=" N   GLY A   2 "   -0.019 2.00e-02 2.50e+03
        pdb=" H   GLY A   2 "    0.008 2.00e-02 2.50e+03
  ... (remaining 1 not shown)

  Histogram of nonbonded interaction distances:
        1.69 -     2.33: 12
        2.33 -     2.97: 37
        2.97 -     3.61: 69
        3.61 -     4.25: 60
        4.25 -     4.89: 80
  Nonbonded interactions: 258
  Sorted by model distance:
  nonbonded pdb=" H1  TRP A   1 "
            pdb=" H   GLY A   2 "
     model   vdw
     1.693 2.100
  nonbonded pdb=" HXT GLY A   2 "
            pdb=" HA2 GLY A   2 "
     model   vdw
     2.082 2.270
  nonbonded pdb=" HH2 TRP A   1 "
            pdb=" HZ3 TRP A   1 "
     model   vdw
     2.203 1.680
  nonbonded pdb=" HA1 GLY A   2 "
            pdb=" H   GLY A   2 "
     model   vdw
     2.212 1.816
  nonbonded pdb=" HXT GLY A   2 "
            pdb=" CA  GLY A   2 "
     model   vdw
     2.232 2.376
  ... (remaining 253 not shown)

  NOTE: a complete listing of the restraints can be obtained by requesting
        output of .geo file.

                   ----------xray_structure summary----------                  

Number of scattering types: 4
  Type Number    sf(0)   Gaussians
   O       3      7.97       2
   N       3      6.97       2
   C      13      5.97       2
   H      15      1.00       2
  sf(0) = scattering factor at diffraction angle 0.
Number of scatterers: 34
At special positions: 0
Unit cell: (15.133, 10.304, 12.331, 90, 90, 90)
Space group: P 1 (No. 1)

End of input processing
r_work=0.1580 r_free=0.1683
params.data_weight: None
params.restraints: qm
rmsd(b), start:  0.0938
mc:   0 R: 0.0259 rmsd(b):  0.0185 restraint_scale:  1.0 min_steps: 28
mc:   1 R: 0.0059 rmsd(b):  0.0335 restraint_scale:  2.0 min_steps: 35
mc:   2 R: 0.0058 rmsd(b):  0.0336 restraint_scale:  4.0 min_steps: 6
Convergence reached, stop now.
see the result structure:  ./p26/04_results/refine_qm/195_WG01-new/0.3/7.pdb
Time: 115.2532
