phenix.python
you are importing  adaptive calculator, and it does nothing. Please give it energy, force....... 

============================== Collecting inputs ==============================


                   ----------Processing X-ray data----------                   

F-obs:
  /scratch/m_zhen01/30995.lupus.uni-muenster.de/p26/02_mtz/260_FGG412-new.mtz:F-obs
Miller array info: None
Observation type: xray.amplitude
Type of data: double, size=198
Type of sigmas: None
Number of Miller indices: 198
Anomalous flag: False
Unit cell: (13.225, 13.658, 10.482, 90, 90, 90)
Space group: P 1 (No. 1)
Systematic absences: 0
Centric reflections: 0
Resolution range: 3.98202 2.52056
Completeness in resolution range: 1
Completeness with d_max=infinity: 0.767442

Number of F-obs in resolution range:                   198
Number of F-obs<0 (these reflections will be rejected): 0
Number of F-obs=0 (these reflections will be used in refinement): 0
Refinement resolution range: d_max =   3.9820
                             d_min =   2.5206

R-free flags:
  /scratch/m_zhen01/30995.lupus.uni-muenster.de/p26/02_mtz/260_FGG412-new.mtz:R-free-flags
Miller array info: /scratch/m_zhen01/30995.lupus.uni-muenster.de/p26/02_mtz/260_FGG412-new.mtz:R-free-flags
Observation type: None
Type of data: int, size=198
Type of sigmas: None
Number of Miller indices: 198
Anomalous flag: False
Unit cell: (13.225, 13.658, 10.482, 90, 90, 90)
Space group: P 1 (No. 1)
Systematic absences: 0
Centric reflections: 0
Resolution range: 3.98202 2.52056
Completeness in resolution range: 1
Completeness with d_max=infinity: 0.767442
Wavelength: 1.0000

Test (R-free flags) flag value: 1

Number of work/free reflections by resolution:
                                  work free  %free
  bin  1: 3.9820 - 3.6539 [20/20]   20    0   0.0%
  bin  2: 3.6539 - 3.4127 [16/16]   16    0   0.0%
  bin  3: 3.4127 - 3.2247 [23/23]   21    2   8.7%
  bin  4: 3.2247 - 3.0724 [14/14]   12    2  14.3%
  bin  5: 3.0724 - 2.9452 [28/28]   28    0   0.0%
  bin  6: 2.9452 - 2.8368 [10/10]   10    0   0.0%
  bin  7: 2.8368 - 2.7428 [12/12]   10    2  16.7%
  bin  8: 2.7428 - 2.6601 [25/25]   23    2   8.0%
  bin  9: 2.6601 - 2.5866 [26/26]   26    0   0.0%
  bin 10: 2.5866 - 2.5206 [24/24]   24    0   0.0%
                          overall  190    8   4.0%

                   ----------Processing PDB file(s)----------                  

  Monomer Library directory:
    "/tmp1/m_zhen01/phenix-installer-1.10.1-2155-intel-linux-2.6-x86_64-centos5/phenix-1.10.1-2155/modules/chem_data/mon_lib"
  Total number of atoms: 37
  Number of models: 1
  Model: ""
    Number of chains: 1
    Chain: "A"
      Number of atoms: 37
      Number of conformers: 1
      Conformer: ""
        Number of residues, atoms: 3, 37
          Classifications: {'peptide': 3}
          Modifications used: {'NH2NOTPRO': 1, 'COOH': 1}
          Link IDs: {'TRANS': 2}
  Time building chain proxies: 0.07, per 1000 atoms: 1.89
  Number of scatterers: 37
  At special positions: 0
  Unit cell: (13.225, 13.658, 10.482, 90, 90, 90)
  Space group: P 1 (No. 1)
  Number of sites at special positions: 0
  Number of scattering types: 4
    Type Number    sf(0)
     O       4      8.00
     N       3      7.00
     C      13      6.00
     H      17      1.00
    sf(0) = scattering factor at diffraction angle 0.

  Number of disulfides: simple=0, symmetry=0

  Automatic linking
    Parameters for automatic linking
      Linking & cutoffs
        Metal                : False - 3.50
        Amimo acid           : False - 1.90
        Carbohydrate         : True  - 1.99
        Ligands              : True  - 1.99
        Amino acid - RNA/DNA : False
      
  Number of custom bonds: simple=0, symmetry=0
  Time building additional restraints: 0.02
  Conformation dependent library (CDL) restraints added in 2.5 milliseconds
  
  Adding C-beta torsion restraints...
  Number of C-beta restraints generated:  2
  Time building geometry restraints manager: 0.03 seconds

  NOTE: a complete listing of the restraints can be obtained by requesting
        output of .geo file.

  Histogram of bond lengths:
        0.79 -     0.94: 5
        0.94 -     1.09: 12
        1.09 -     1.23: 2
        1.23 -     1.38: 4
        1.38 -     1.53: 14
  Bond restraints: 37
  Sorted by residual:
  bond pdb=" N   GLY A   2 "
       pdb=" H   GLY A   2 "
    ideal  model  delta    sigma   weight residual
    0.860  0.786  0.074 2.00e-02 2.50e+03 1.37e+01
  bond pdb=" CZ  PHE A   1 "
       pdb=" HZ  PHE A   1 "
    ideal  model  delta    sigma   weight residual
    0.930  0.877  0.053 2.00e-02 2.50e+03 6.89e+00
  bond pdb=" CA  GLY A   3 "
       pdb=" N   GLY A   3 "
    ideal  model  delta    sigma   weight residual
    1.451  1.482 -0.031 1.60e-02 3.91e+03 3.83e+00
  bond pdb=" CG  PHE A   1 "
       pdb=" CD1 PHE A   1 "
    ideal  model  delta    sigma   weight residual
    1.384  1.423 -0.039 2.10e-02 2.27e+03 3.50e+00
  bond pdb=" CA  PHE A   1 "
       pdb=" N   PHE A   1 "
    ideal  model  delta    sigma   weight residual
    1.458  1.492 -0.034 1.90e-02 2.77e+03 3.15e+00
  ... (remaining 32 not shown)

  Histogram of bond angle deviations from ideal:
      102.52 -   107.91: 8
      107.91 -   113.29: 17
      113.29 -   118.67: 9
      118.67 -   124.05: 22
      124.05 -   129.43: 4
  Bond angle restraints: 60
  Sorted by residual:
  angle pdb=" N   PHE A   1 "
        pdb=" CA  PHE A   1 "
        pdb=" HA  PHE A   1 "
      ideal   model   delta    sigma   weight residual
     110.00  102.52    7.48 3.00e+00 1.11e-01 6.21e+00
  angle pdb=" CA  PHE A   1 "
        pdb=" N   PHE A   1 "
        pdb=" H1  PHE A   1 "
      ideal   model   delta    sigma   weight residual
     109.47  116.81   -7.34 3.00e+00 1.11e-01 5.99e+00
  angle pdb=" C   PHE A   1 "
        pdb=" N   GLY A   2 "
        pdb=" H   GLY A   2 "
      ideal   model   delta    sigma   weight residual
     124.30  129.43   -5.13 3.00e+00 1.11e-01 2.93e+00
  angle pdb=" CB  PHE A   1 "
        pdb=" CG  PHE A   1 "
        pdb=" CD2 PHE A   1 "
      ideal   model   delta    sigma   weight residual
     120.70  117.87    2.83 1.70e+00 3.46e-01 2.77e+00
  angle pdb=" CA  PHE A   1 "
        pdb=" CB  PHE A   1 "
        pdb=" CG  PHE A   1 "
      ideal   model   delta    sigma   weight residual
     113.80  115.44   -1.64 1.00e+00 1.00e+00 2.70e+00
  ... (remaining 55 not shown)

  Histogram of dihedral angle deviations from ideal:
        0.19 -     2.58: 8
        2.58 -     4.97: 3
        4.97 -     7.36: 0
        7.36 -     9.75: 1
        9.75 -    12.15: 1
  Dihedral angle restraints: 13
    sinusoidal: 3
      harmonic: 10
  Sorted by residual:
  dihedral pdb=" N   PHE A   1 "
           pdb=" CA  PHE A   1 "
           pdb=" CB  PHE A   1 "
           pdb=" CG  PHE A   1 "
      ideal   model   delta sinusoidal    sigma   weight residual
      60.00   47.85   12.15     3      1.50e+01 4.44e-03 9.27e-01
  dihedral pdb=" CA  GLY A   2 "
           pdb=" C   GLY A   2 "
           pdb=" N   GLY A   3 "
           pdb=" CA  GLY A   3 "
      ideal   model   delta  harmonic     sigma   weight residual
    -180.00 -176.96   -3.04     0      5.00e+00 4.00e-02 3.70e-01
  dihedral pdb=" C   PHE A   1 "
           pdb=" N   PHE A   1 "
           pdb=" CA  PHE A   1 "
           pdb=" CB  PHE A   1 "
      ideal   model   delta  harmonic     sigma   weight residual
    -122.60 -124.06    1.46     0      2.50e+00 1.60e-01 3.41e-01
  ... (remaining 10 not shown)

  Histogram of chiral volume deviations from ideal:
       0.011 -    0.011: 1
       0.011 -    0.011: 0
       0.011 -    0.011: 0
       0.011 -    0.011: 0
       0.011 -    0.011: 0
  Chirality restraints: 1
  Sorted by residual:
  chirality pdb=" CA  PHE A   1 "
            pdb=" C   PHE A   1 "
            pdb=" N   PHE A   1 "
            pdb=" CB  PHE A   1 "
    both_signs  ideal   model   delta    sigma   weight residual
      False     -2.51   -2.52    0.01 2.00e-01 2.50e+01 2.84e-03

  Planarity restraints: 6
  Sorted by residual:
                                 delta    sigma   weight rms_deltas residual
  plane pdb=" CB  PHE A   1 "    0.030 2.00e-02 2.50e+03   1.26e-02 4.76e+00
        pdb=" CG  PHE A   1 "   -0.017 2.00e-02 2.50e+03
        pdb=" CD2 PHE A   1 "   -0.002 2.00e-02 2.50e+03
        pdb=" HD2 PHE A   1 "   -0.012 2.00e-02 2.50e+03
        pdb=" CE2 PHE A   1 "   -0.008 2.00e-02 2.50e+03
        pdb=" HE2 PHE A   1 "    0.006 2.00e-02 2.50e+03
        pdb=" CZ  PHE A   1 "    0.014 2.00e-02 2.50e+03
        pdb=" HZ  PHE A   1 "    0.003 2.00e-02 2.50e+03
        pdb=" CE1 PHE A   1 "   -0.005 2.00e-02 2.50e+03
        pdb=" HE1 PHE A   1 "    0.007 2.00e-02 2.50e+03
        pdb=" CD1 PHE A   1 "   -0.005 2.00e-02 2.50e+03
        pdb=" HD1 PHE A   1 "   -0.012 2.00e-02 2.50e+03
                                 delta    sigma   weight rms_deltas residual
  plane pdb=" C   GLY A   2 "    0.012 2.00e-02 2.50e+03   2.15e-02 4.60e+00
        pdb=" CA  GLY A   3 "    0.009 2.00e-02 2.50e+03
        pdb=" N   GLY A   3 "   -0.037 2.00e-02 2.50e+03
        pdb=" H   GLY A   3 "    0.016 2.00e-02 2.50e+03
                                 delta    sigma   weight rms_deltas residual
  plane pdb=" O   GLY A   3 "    0.001 2.00e-02 2.50e+03   1.24e-02 1.91e+00
        pdb=" C   GLY A   3 "    0.009 2.00e-02 2.50e+03
        pdb=" OXT GLY A   3 "    0.017 2.00e-02 2.50e+03
        pdb=" HXT GLY A   3 "   -0.017 2.00e-02 2.50e+03
        pdb=" CA  GLY A   3 "   -0.010 2.00e-02 2.50e+03
  ... (remaining 3 not shown)

  Histogram of nonbonded interaction distances:
        2.22 -     2.75: 42
        2.75 -     3.28: 38
        3.28 -     3.82: 57
        3.82 -     4.35: 50
        4.35 -     4.88: 78
  Nonbonded interactions: 265
  Sorted by model distance:
  nonbonded pdb=" H2  PHE A   1 "
            pdb=" H   GLY A   2 "
     model   vdw
     2.217 2.100
  nonbonded pdb=" O   GLY A   3 "
            pdb=" HXT GLY A   3 "
     model   vdw
     2.266 2.056
  nonbonded pdb=" HA  PHE A   1 "
            pdb=" HB2 PHE A   1 "
     model   vdw
     2.267 1.952
  nonbonded pdb=" H1  PHE A   1 "
            pdb=" HA  PHE A   1 "
     model   vdw
     2.273 1.816
  nonbonded pdb=" HA2 GLY A   3 "
            pdb=" H   GLY A   3 "
     model   vdw
     2.281 1.816
  ... (remaining 260 not shown)

  NOTE: a complete listing of the restraints can be obtained by requesting
        output of .geo file.

                   ----------xray_structure summary----------                  

Number of scattering types: 4
  Type Number    sf(0)   Gaussians
   O       4      7.97       2
   N       3      6.97       2
   C      13      5.97       2
   H      17      1.00       2
  sf(0) = scattering factor at diffraction angle 0.
Number of scatterers: 37
At special positions: 0
Unit cell: (13.225, 13.658, 10.482, 90, 90, 90)
Space group: P 1 (No. 1)

End of input processing
r_work=0.5318 r_free=0.3865
params.data_weight: None
params.restraints: cctbx
rmsd(b), start:  0.0921
mc:   0 R: 0.2446 rmsd(b):  0.1494 restraint_scale:  2.0 min_steps: 49
mc:   1 R: 0.2789 rmsd(b):  0.0649 restraint_scale:  4.0 min_steps: 40
mc:   2 R: 0.2531 rmsd(b):  0.0709 restraint_scale:  8.0 min_steps: 52
mc:   3 R: 0.2597 rmsd(b):  0.0309 restraint_scale: 16.0 min_steps: 36
mc:   4 R: 0.2656 rmsd(b):  0.0247 restraint_scale: 16.0 min_steps: 7
mc:   5 R: 0.2475 rmsd(b):  0.0354 restraint_scale: 32.0 min_steps: 12
mc:   6 R: 0.2947 rmsd(b):  0.0066 restraint_scale: 16.0 min_steps: 53
mc:   7 R: 0.2751 rmsd(b):  0.0363 restraint_scale: 32.0 min_steps: 29
mc:   8 R: 0.2886 rmsd(b):  0.0128 restraint_scale: 32.0 min_steps: 28
mc:   9 R: 0.2886 rmsd(b):  0.0128 restraint_scale: 32.0 min_steps: 1
Convergence reached, stop now.
see the result structure:  ./p26/04_results/refine_cctbx/260_FGG412-new/1.2/9.pdb
Time: 7.4795
