phenix.python
you are importing  adaptive calculator, and it does nothing. Please give it energy, force....... 

============================== Collecting inputs ==============================


                   ----------Processing X-ray data----------                   

F-obs:
  /scratch/m_zhen01/30995.lupus.uni-muenster.de/p26/02_mtz/217_WGG09-new.mtz:F-obs
Miller array info: None
Observation type: xray.amplitude
Type of data: double, size=226
Type of sigmas: None
Number of Miller indices: 226
Anomalous flag: False
Unit cell: (13.892, 11.261, 14.204, 90, 90, 90)
Space group: P 1 (No. 1)
Systematic absences: 0
Centric reflections: 0
Resolution range: 3.91224 2.50738
Completeness in resolution range: 1
Completeness with d_max=infinity: 0.748344

Number of F-obs in resolution range:                   226
Number of F-obs<0 (these reflections will be rejected): 0
Number of F-obs=0 (these reflections will be used in refinement): 0
Refinement resolution range: d_max =   3.9122
                             d_min =   2.5074

R-free flags:
  /scratch/m_zhen01/30995.lupus.uni-muenster.de/p26/02_mtz/217_WGG09-new.mtz:R-free-flags
Miller array info: /scratch/m_zhen01/30995.lupus.uni-muenster.de/p26/02_mtz/217_WGG09-new.mtz:R-free-flags
Observation type: None
Type of data: int, size=226
Type of sigmas: None
Number of Miller indices: 226
Anomalous flag: False
Unit cell: (13.892, 11.261, 14.204, 90, 90, 90)
Space group: P 1 (No. 1)
Systematic absences: 0
Centric reflections: 0
Resolution range: 3.91224 2.50738
Completeness in resolution range: 1
Completeness with d_max=infinity: 0.748344
Wavelength: 1.0000

Test (R-free flags) flag value: 1

Number of work/free reflections by resolution:
                                  work free  %free
  bin  1: 3.9122 - 3.6033 [23/23]   15    8  34.8%
  bin  2: 3.6033 - 3.3735 [22/22]   22    0   0.0%
  bin  3: 3.3735 - 3.1929 [32/32]   32    0   0.0%
  bin  4: 3.1929 - 3.0457 [ 8/8 ]    8    0   0.0%
  bin  5: 3.0457 - 2.9224 [22/22]   18    4  18.2%
  bin  6: 2.9224 - 2.8168 [21/21]   21    0   0.0%
  bin  7: 2.8168 - 2.7251 [26/26]   26    0   0.0%
  bin  8: 2.7251 - 2.6442 [26/26]   26    0   0.0%
  bin  9: 2.6442 - 2.5722 [10/10]   10    0   0.0%
  bin 10: 2.5722 - 2.5074 [36/36]   28    8  22.2%
                          overall  206   20   8.8%

                   ----------Processing PDB file(s)----------                  

  Monomer Library directory:
    "/tmp1/m_zhen01/phenix-installer-1.10.1-2155-intel-linux-2.6-x86_64-centos5/phenix-1.10.1-2155/modules/chem_data/mon_lib"
  Total number of atoms: 41
  Number of models: 1
  Model: ""
    Number of chains: 1
    Chain: "A"
      Number of atoms: 41
      Number of conformers: 1
      Conformer: ""
        Number of residues, atoms: 3, 41
          Classifications: {'peptide': 3}
          Modifications used: {'NH2NOTPRO': 1, 'COOH': 1}
          Link IDs: {'TRANS': 2}
  Time building chain proxies: 0.07, per 1000 atoms: 1.71
  Number of scatterers: 41
  At special positions: 0
  Unit cell: (13.892, 11.261, 14.204, 90, 90, 90)
  Space group: P 1 (No. 1)
  Number of sites at special positions: 0
  Number of scattering types: 4
    Type Number    sf(0)
     O       4      8.00
     N       4      7.00
     C      15      6.00
     H      18      1.00
    sf(0) = scattering factor at diffraction angle 0.

  Number of disulfides: simple=0, symmetry=0

  Automatic linking
    Parameters for automatic linking
      Linking & cutoffs
        Metal                : False - 3.50
        Amimo acid           : False - 1.90
        Carbohydrate         : True  - 1.99
        Ligands              : True  - 1.99
        Amino acid - RNA/DNA : False
      
  Number of custom bonds: simple=0, symmetry=0
  Time building additional restraints: 0.02
  Conformation dependent library (CDL) restraints added in 2.2 milliseconds
  
  Adding C-beta torsion restraints...
  Number of C-beta restraints generated:  2
  Time building geometry restraints manager: 0.03 seconds

  NOTE: a complete listing of the restraints can be obtained by requesting
        output of .geo file.

  Histogram of bond lengths:
        0.87 -     1.00: 15
        1.00 -     1.14: 3
        1.14 -     1.28: 3
        1.28 -     1.42: 11
        1.42 -     1.56: 10
  Bond restraints: 42
  Sorted by residual:
  bond pdb=" N   TRP A   1 "
       pdb=" H2  TRP A   1 "
    ideal  model  delta    sigma   weight residual
    0.960  0.915  0.045 2.00e-02 2.50e+03 5.01e+00
  bond pdb=" CA  GLY A   3 "
       pdb=" HA1 GLY A   3 "
    ideal  model  delta    sigma   weight residual
    0.970  1.013 -0.043 2.00e-02 2.50e+03 4.66e+00
  bond pdb=" CB  TRP A   1 "
       pdb=" HB1 TRP A   1 "
    ideal  model  delta    sigma   weight residual
    0.970  1.010 -0.040 2.00e-02 2.50e+03 4.09e+00
  bond pdb=" CA  GLY A   2 "
       pdb=" HA1 GLY A   2 "
    ideal  model  delta    sigma   weight residual
    0.970  1.008 -0.038 2.00e-02 2.50e+03 3.66e+00
  bond pdb=" CE3 TRP A   1 "
       pdb=" CD2 TRP A   1 "
    ideal  model  delta    sigma   weight residual
    1.398  1.368  0.030 1.60e-02 3.91e+03 3.46e+00
  ... (remaining 37 not shown)

  Histogram of bond angle deviations from ideal:
      103.46 -   109.36: 21
      109.36 -   115.27: 14
      115.27 -   121.18: 16
      121.18 -   127.08: 15
      127.08 -   132.99: 3
  Bond angle restraints: 69
  Sorted by residual:
  angle pdb=" CE2 TRP A   1 "
        pdb=" CD2 TRP A   1 "
        pdb=" CE3 TRP A   1 "
      ideal   model   delta    sigma   weight residual
     118.80  120.82   -2.02 1.00e+00 1.00e+00 4.07e+00
  angle pdb=" HA1 GLY A   2 "
        pdb=" CA  GLY A   2 "
        pdb=" HA2 GLY A   2 "
      ideal   model   delta    sigma   weight residual
     109.00  103.46    5.54 3.00e+00 1.11e-01 3.41e+00
  angle pdb=" C   TRP A   1 "
        pdb=" CA  TRP A   1 "
        pdb=" N   TRP A   1 "
      ideal   model   delta    sigma   weight residual
     111.00  106.56    4.44 2.80e+00 1.28e-01 2.51e+00
  angle pdb=" CA  TRP A   1 "
        pdb=" CB  TRP A   1 "
        pdb=" HB2 TRP A   1 "
      ideal   model   delta    sigma   weight residual
     109.00  112.76   -3.76 3.00e+00 1.11e-01 1.57e+00
  angle pdb=" O   TRP A   1 "
        pdb=" C   TRP A   1 "
        pdb=" N   GLY A   2 "
      ideal   model   delta    sigma   weight residual
     123.00  124.92   -1.92 1.60e+00 3.91e-01 1.43e+00
  ... (remaining 64 not shown)

  Histogram of dihedral angle deviations from ideal:
        0.20 -    36.00: 12
       36.00 -    71.80: 1
       71.80 -   107.60: 0
      107.60 -   143.40: 0
      143.40 -   179.20: 1
  Dihedral angle restraints: 14
    sinusoidal: 3
      harmonic: 11
  Sorted by residual:
  dihedral pdb=" O   GLY A   3 "
           pdb=" C   GLY A   3 "
           pdb=" OXT GLY A   3 "
           pdb=" HXT GLY A   3 "
      ideal   model   delta  harmonic     sigma   weight residual
       0.00 -179.20  179.20     0      3.00e+01 1.11e-03 3.57e+01
  dihedral pdb=" OXT GLY A   3 "
           pdb=" C   GLY A   3 "
           pdb=" CA  GLY A   3 "
           pdb=" N   GLY A   3 "
      ideal   model   delta sinusoidal    sigma   weight residual
     160.00   97.90   62.10     2      3.00e+01 1.11e-03 4.17e+00
  dihedral pdb=" CA  TRP A   1 "
           pdb=" CB  TRP A   1 "
           pdb=" CG  TRP A   1 "
           pdb=" CD1 TRP A   1 "
      ideal   model   delta sinusoidal    sigma   weight residual
     -90.00 -107.62   17.62     2      2.00e+01 2.50e-03 1.10e+00
  ... (remaining 11 not shown)

  Histogram of chiral volume deviations from ideal:
       0.129 -    0.129: 1
       0.129 -    0.129: 0
       0.129 -    0.129: 0
       0.129 -    0.129: 0
       0.129 -    0.129: 0
  Chirality restraints: 1
  Sorted by residual:
  chirality pdb=" CA  TRP A   1 "
            pdb=" C   TRP A   1 "
            pdb=" N   TRP A   1 "
            pdb=" CB  TRP A   1 "
    both_signs  ideal   model   delta    sigma   weight residual
      False     -2.51   -2.64    0.13 2.00e-01 2.50e+01 4.15e-01

  Planarity restraints: 6
  Sorted by residual:
                                 delta    sigma   weight rms_deltas residual
  plane pdb=" CB  TRP A   1 "   -0.021 2.00e-02 2.50e+03   1.75e-02 1.22e+01
        pdb=" CG  TRP A   1 "    0.019 2.00e-02 2.50e+03
        pdb=" CD1 TRP A   1 "    0.023 2.00e-02 2.50e+03
        pdb=" HD1 TRP A   1 "   -0.028 2.00e-02 2.50e+03
        pdb=" NE1 TRP A   1 "   -0.019 2.00e-02 2.50e+03
        pdb=" HE1 TRP A   1 "    0.037 2.00e-02 2.50e+03
        pdb=" CE2 TRP A   1 "   -0.011 2.00e-02 2.50e+03
        pdb=" CZ2 TRP A   1 "   -0.020 2.00e-02 2.50e+03
        pdb=" HZ2 TRP A   1 "    0.002 2.00e-02 2.50e+03
        pdb=" CH2 TRP A   1 "   -0.005 2.00e-02 2.50e+03
        pdb=" HH2 TRP A   1 "   -0.006 2.00e-02 2.50e+03
        pdb=" CZ3 TRP A   1 "    0.011 2.00e-02 2.50e+03
        pdb=" HZ3 TRP A   1 "   -0.007 2.00e-02 2.50e+03
        pdb=" CE3 TRP A   1 "    0.016 2.00e-02 2.50e+03
        pdb=" HE3 TRP A   1 "    0.008 2.00e-02 2.50e+03
        pdb=" CD2 TRP A   1 "   -0.000 2.00e-02 2.50e+03
                                 delta    sigma   weight rms_deltas residual
  plane pdb=" C   TRP A   1 "   -0.007 2.00e-02 2.50e+03   1.28e-02 1.64e+00
        pdb=" CA  GLY A   2 "   -0.006 2.00e-02 2.50e+03
        pdb=" N   GLY A   2 "    0.022 2.00e-02 2.50e+03
        pdb=" H   GLY A   2 "   -0.010 2.00e-02 2.50e+03
                                 delta    sigma   weight rms_deltas residual
  plane pdb=" O   GLY A   3 "   -0.004 2.00e-02 2.50e+03   8.07e-03 8.15e-01
        pdb=" C   GLY A   3 "    0.015 2.00e-02 2.50e+03
        pdb=" OXT GLY A   3 "   -0.008 2.00e-02 2.50e+03
        pdb=" HXT GLY A   3 "    0.002 2.00e-02 2.50e+03
        pdb=" CA  GLY A   3 "   -0.005 2.00e-02 2.50e+03
  ... (remaining 3 not shown)

  Histogram of nonbonded interaction distances:
        2.02 -     2.60: 27
        2.60 -     3.17: 62
        3.17 -     3.75: 78
        3.75 -     4.32: 74
        4.32 -     4.90: 105
  Nonbonded interactions: 346
  Sorted by model distance:
  nonbonded pdb=" HE1 TRP A   1 "
            pdb=" O   GLY A   3 "
     model   vdw
     2.025 1.970
  nonbonded pdb=" HA2 GLY A   3 "
            pdb=" H   GLY A   3 "
     model   vdw
     2.172 1.816
  nonbonded pdb=" HA  TRP A   1 "
            pdb=" H   GLY A   2 "
     model   vdw
     2.234 2.270
  nonbonded pdb=" HA2 GLY A   2 "
            pdb=" H   GLY A   2 "
     model   vdw
     2.240 1.816
  nonbonded pdb=" HXT GLY A   3 "
            pdb=" HA1 GLY A   3 "
     model   vdw
     2.240 2.270
  ... (remaining 341 not shown)

  NOTE: a complete listing of the restraints can be obtained by requesting
        output of .geo file.

                   ----------xray_structure summary----------                  

Number of scattering types: 4
  Type Number    sf(0)   Gaussians
   O       4      7.97       2
   N       4      6.97       2
   C      15      5.97       2
   H      18      1.00       2
  sf(0) = scattering factor at diffraction angle 0.
Number of scatterers: 41
At special positions: 0
Unit cell: (13.892, 11.261, 14.204, 90, 90, 90)
Space group: P 1 (No. 1)

End of input processing
r_work=0.2456 r_free=0.2380
params.data_weight: None
params.restraints: cctbx
rmsd(b), start:  0.0793
mc:   0 R: 0.0344 rmsd(b):  0.0147 restraint_scale:  1.0 min_steps: 28
mc:   1 R: 0.0047 rmsd(b):  0.0135 restraint_scale:  1.0 min_steps: 28
Convergence reached, stop now.
see the result structure:  ./p26/04_results/refine_cctbx/217_WGG09-new/0.3/2.pdb
Time: 5.0416
