phenix.python
you are importing  adaptive calculator, and it does nothing. Please give it energy, force....... 

============================== Collecting inputs ==============================


                   ----------Processing X-ray data----------                   

F-obs:
  /scratch/m_zhen01/30995.lupus.uni-muenster.de/p26/02_mtz/217_WGG09-new.mtz:F-obs
Miller array info: None
Observation type: xray.amplitude
Type of data: double, size=226
Type of sigmas: None
Number of Miller indices: 226
Anomalous flag: False
Unit cell: (13.892, 11.261, 14.204, 90, 90, 90)
Space group: P 1 (No. 1)
Systematic absences: 0
Centric reflections: 0
Resolution range: 3.91224 2.50738
Completeness in resolution range: 1
Completeness with d_max=infinity: 0.748344

Number of F-obs in resolution range:                   226
Number of F-obs<0 (these reflections will be rejected): 0
Number of F-obs=0 (these reflections will be used in refinement): 0
Refinement resolution range: d_max =   3.9122
                             d_min =   2.5074

R-free flags:
  /scratch/m_zhen01/30995.lupus.uni-muenster.de/p26/02_mtz/217_WGG09-new.mtz:R-free-flags
Miller array info: /scratch/m_zhen01/30995.lupus.uni-muenster.de/p26/02_mtz/217_WGG09-new.mtz:R-free-flags
Observation type: None
Type of data: int, size=226
Type of sigmas: None
Number of Miller indices: 226
Anomalous flag: False
Unit cell: (13.892, 11.261, 14.204, 90, 90, 90)
Space group: P 1 (No. 1)
Systematic absences: 0
Centric reflections: 0
Resolution range: 3.91224 2.50738
Completeness in resolution range: 1
Completeness with d_max=infinity: 0.748344
Wavelength: 1.0000

Test (R-free flags) flag value: 1

Number of work/free reflections by resolution:
                                  work free  %free
  bin  1: 3.9122 - 3.6033 [23/23]   15    8  34.8%
  bin  2: 3.6033 - 3.3735 [22/22]   22    0   0.0%
  bin  3: 3.3735 - 3.1929 [32/32]   32    0   0.0%
  bin  4: 3.1929 - 3.0457 [ 8/8 ]    8    0   0.0%
  bin  5: 3.0457 - 2.9224 [22/22]   18    4  18.2%
  bin  6: 2.9224 - 2.8168 [21/21]   21    0   0.0%
  bin  7: 2.8168 - 2.7251 [26/26]   26    0   0.0%
  bin  8: 2.7251 - 2.6442 [26/26]   26    0   0.0%
  bin  9: 2.6442 - 2.5722 [10/10]   10    0   0.0%
  bin 10: 2.5722 - 2.5074 [36/36]   28    8  22.2%
                          overall  206   20   8.8%

                   ----------Processing PDB file(s)----------                  

  Monomer Library directory:
    "/tmp1/m_zhen01/phenix-installer-1.10.1-2155-intel-linux-2.6-x86_64-centos5/phenix-1.10.1-2155/modules/chem_data/mon_lib"
  Total number of atoms: 41
  Number of models: 1
  Model: ""
    Number of chains: 1
    Chain: "A"
      Number of atoms: 41
      Number of conformers: 1
      Conformer: ""
        Number of residues, atoms: 3, 41
          Classifications: {'peptide': 3}
          Modifications used: {'NH2NOTPRO': 1, 'COOH': 1}
          Link IDs: {'TRANS': 2}
  Time building chain proxies: 0.08, per 1000 atoms: 1.95
  Number of scatterers: 41
  At special positions: 0
  Unit cell: (13.892, 11.261, 14.204, 90, 90, 90)
  Space group: P 1 (No. 1)
  Number of sites at special positions: 0
  Number of scattering types: 4
    Type Number    sf(0)
     O       4      8.00
     N       4      7.00
     C      15      6.00
     H      18      1.00
    sf(0) = scattering factor at diffraction angle 0.

  Number of disulfides: simple=0, symmetry=0

  Automatic linking
    Parameters for automatic linking
      Linking & cutoffs
        Metal                : False - 3.50
        Amimo acid           : False - 1.90
        Carbohydrate         : True  - 1.99
        Ligands              : True  - 1.99
        Amino acid - RNA/DNA : False
      
  Number of custom bonds: simple=0, symmetry=0
  Time building additional restraints: 0.03
  Conformation dependent library (CDL) restraints added in 2.5 milliseconds
  
  Adding C-beta torsion restraints...
  Number of C-beta restraints generated:  2
  Time building geometry restraints manager: 0.04 seconds

  NOTE: a complete listing of the restraints can be obtained by requesting
        output of .geo file.

  Histogram of bond lengths:
        0.85 -     0.99: 13
        0.99 -     1.12: 5
        1.12 -     1.26: 3
        1.26 -     1.40: 11
        1.40 -     1.54: 10
  Bond restraints: 42
  Sorted by residual:
  bond pdb=" CB  TRP A   1 "
       pdb=" HB1 TRP A   1 "
    ideal  model  delta    sigma   weight residual
    0.970  1.017 -0.047 2.00e-02 2.50e+03 5.64e+00
  bond pdb=" CA  GLY A   3 "
       pdb=" HA1 GLY A   3 "
    ideal  model  delta    sigma   weight residual
    0.970  1.017 -0.047 2.00e-02 2.50e+03 5.48e+00
  bond pdb=" CA  GLY A   2 "
       pdb=" N   GLY A   2 "
    ideal  model  delta    sigma   weight residual
    1.449  1.418  0.031 1.45e-02 4.76e+03 4.67e+00
  bond pdb=" CA  GLY A   3 "
       pdb=" HA2 GLY A   3 "
    ideal  model  delta    sigma   weight residual
    0.970  1.013 -0.043 2.00e-02 2.50e+03 4.67e+00
  bond pdb=" CE3 TRP A   1 "
       pdb=" CD2 TRP A   1 "
    ideal  model  delta    sigma   weight residual
    1.398  1.427 -0.029 1.60e-02 3.91e+03 3.28e+00
  ... (remaining 37 not shown)

  Histogram of bond angle deviations from ideal:
      103.91 -   109.96: 21
      109.96 -   116.01: 14
      116.01 -   122.06: 18
      122.06 -   128.11: 14
      128.11 -   134.15: 2
  Bond angle restraints: 69
  Sorted by residual:
  angle pdb=" O   GLY A   2 "
        pdb=" C   GLY A   2 "
        pdb=" CA  GLY A   2 "
      ideal   model   delta    sigma   weight residual
     120.57  116.73    3.84 1.74e+00 3.30e-01 4.87e+00
  angle pdb=" H1  TRP A   1 "
        pdb=" N   TRP A   1 "
        pdb=" H2  TRP A   1 "
      ideal   model   delta    sigma   weight residual
     109.47  114.66   -5.19 3.00e+00 1.11e-01 2.99e+00
  angle pdb=" CA  GLY A   2 "
        pdb=" C   GLY A   2 "
        pdb=" N   GLY A   3 "
      ideal   model   delta    sigma   weight residual
     116.69  120.00   -3.31 2.04e+00 2.40e-01 2.63e+00
  angle pdb=" HB1 TRP A   1 "
        pdb=" CB  TRP A   1 "
        pdb=" HB2 TRP A   1 "
      ideal   model   delta    sigma   weight residual
     110.00  114.62   -4.62 3.00e+00 1.11e-01 2.38e+00
  angle pdb=" O   TRP A   1 "
        pdb=" C   TRP A   1 "
        pdb=" N   GLY A   2 "
      ideal   model   delta    sigma   weight residual
     123.00  120.58    2.42 1.60e+00 3.91e-01 2.29e+00
  ... (remaining 64 not shown)

  Histogram of dihedral angle deviations from ideal:
        0.12 -    34.97: 12
       34.97 -    69.82: 1
       69.82 -   104.66: 0
      104.66 -   139.51: 0
      139.51 -   174.36: 1
  Dihedral angle restraints: 14
    sinusoidal: 3
      harmonic: 11
  Sorted by residual:
  dihedral pdb=" O   GLY A   3 "
           pdb=" C   GLY A   3 "
           pdb=" OXT GLY A   3 "
           pdb=" HXT GLY A   3 "
      ideal   model   delta  harmonic     sigma   weight residual
       0.00 -174.36  174.36     0      3.00e+01 1.11e-03 3.38e+01
  dihedral pdb=" OXT GLY A   3 "
           pdb=" C   GLY A   3 "
           pdb=" CA  GLY A   3 "
           pdb=" N   GLY A   3 "
      ideal   model   delta sinusoidal    sigma   weight residual
     160.00   91.29   68.71     2      3.00e+01 1.11e-03 4.63e+00
  dihedral pdb=" CG  TRP A   1 "
           pdb=" CE3 TRP A   1 "
           pdb=" CD2 TRP A   1 "
           pdb=" HE3 TRP A   1 "
      ideal   model   delta  harmonic     sigma   weight residual
       0.00   -7.06    7.06     0      5.00e+00 4.00e-02 1.99e+00
  ... (remaining 11 not shown)

  Histogram of chiral volume deviations from ideal:
       0.016 -    0.016: 1
       0.016 -    0.016: 0
       0.016 -    0.016: 0
       0.016 -    0.016: 0
       0.016 -    0.016: 0
  Chirality restraints: 1
  Sorted by residual:
  chirality pdb=" CA  TRP A   1 "
            pdb=" C   TRP A   1 "
            pdb=" N   TRP A   1 "
            pdb=" CB  TRP A   1 "
    both_signs  ideal   model   delta    sigma   weight residual
      False     -2.51   -2.49   -0.02 2.00e-01 2.50e+01 6.34e-03

  Planarity restraints: 6
  Sorted by residual:
                                 delta    sigma   weight rms_deltas residual
  plane pdb=" CB  TRP A   1 "   -0.015 2.00e-02 2.50e+03   1.73e-02 1.19e+01
        pdb=" CG  TRP A   1 "   -0.003 2.00e-02 2.50e+03
        pdb=" CD1 TRP A   1 "    0.005 2.00e-02 2.50e+03
        pdb=" HD1 TRP A   1 "   -0.005 2.00e-02 2.50e+03
        pdb=" NE1 TRP A   1 "    0.019 2.00e-02 2.50e+03
        pdb=" HE1 TRP A   1 "    0.014 2.00e-02 2.50e+03
        pdb=" CE2 TRP A   1 "   -0.002 2.00e-02 2.50e+03
        pdb=" CZ2 TRP A   1 "    0.010 2.00e-02 2.50e+03
        pdb=" HZ2 TRP A   1 "   -0.021 2.00e-02 2.50e+03
        pdb=" CH2 TRP A   1 "   -0.003 2.00e-02 2.50e+03
        pdb=" HH2 TRP A   1 "   -0.012 2.00e-02 2.50e+03
        pdb=" CZ3 TRP A   1 "   -0.012 2.00e-02 2.50e+03
        pdb=" HZ3 TRP A   1 "    0.033 2.00e-02 2.50e+03
        pdb=" CE3 TRP A   1 "   -0.036 2.00e-02 2.50e+03
        pdb=" HE3 TRP A   1 "    0.026 2.00e-02 2.50e+03
        pdb=" CD2 TRP A   1 "    0.001 2.00e-02 2.50e+03
                                 delta    sigma   weight rms_deltas residual
  plane pdb=" O   GLY A   3 "   -0.020 2.00e-02 2.50e+03   2.64e-02 8.70e+00
        pdb=" C   GLY A   3 "    0.005 2.00e-02 2.50e+03
        pdb=" OXT GLY A   3 "    0.040 2.00e-02 2.50e+03
        pdb=" HXT GLY A   3 "   -0.036 2.00e-02 2.50e+03
        pdb=" CA  GLY A   3 "    0.011 2.00e-02 2.50e+03
                                 delta    sigma   weight rms_deltas residual
  plane pdb=" C   TRP A   1 "    0.032 2.00e-02 2.50e+03   1.82e-02 3.33e+00
        pdb=" O   TRP A   1 "   -0.012 2.00e-02 2.50e+03
        pdb=" CA  TRP A   1 "   -0.009 2.00e-02 2.50e+03
        pdb=" N   GLY A   2 "   -0.010 2.00e-02 2.50e+03
  ... (remaining 3 not shown)

  Histogram of nonbonded interaction distances:
        2.08 -     2.64: 35
        2.64 -     3.21: 57
        3.21 -     3.77: 75
        3.77 -     4.33: 77
        4.33 -     4.90: 97
  Nonbonded interactions: 341
  Sorted by model distance:
  nonbonded pdb=" HE1 TRP A   1 "
            pdb=" O   GLY A   3 "
     model   vdw
     2.080 1.970
  nonbonded pdb=" HXT GLY A   3 "
            pdb=" HA1 GLY A   3 "
     model   vdw
     2.107 2.270
  nonbonded pdb=" HA2 GLY A   3 "
            pdb=" H   GLY A   3 "
     model   vdw
     2.148 1.816
  nonbonded pdb=" HA2 GLY A   2 "
            pdb=" H   GLY A   2 "
     model   vdw
     2.197 1.816
  nonbonded pdb=" HA  TRP A   1 "
            pdb=" H   GLY A   2 "
     model   vdw
     2.267 2.270
  ... (remaining 336 not shown)

  NOTE: a complete listing of the restraints can be obtained by requesting
        output of .geo file.

                   ----------xray_structure summary----------                  

Number of scattering types: 4
  Type Number    sf(0)   Gaussians
   O       4      7.97       2
   N       4      6.97       2
   C      15      5.97       2
   H      18      1.00       2
  sf(0) = scattering factor at diffraction angle 0.
Number of scatterers: 41
At special positions: 0
Unit cell: (13.892, 11.261, 14.204, 90, 90, 90)
Space group: P 1 (No. 1)

End of input processing
r_work=0.2483 r_free=0.1855
params.data_weight: None
params.restraints: cctbx
rmsd(b), start:  0.0793
mc:   0 R: 0.0262 rmsd(b):  0.0114 restraint_scale:  1.0 min_steps: 28
mc:   1 R: 0.0039 rmsd(b):  0.0157 restraint_scale:  1.0 min_steps: 28
Convergence reached, stop now.
see the result structure:  ./p26/04_results/refine_cctbx/217_WGG09-new/0.3/6.pdb
Time: 4.9922
