phenix.python
you are importing  adaptive calculator, and it does nothing. Please give it energy, force....... 

============================== Collecting inputs ==============================


                   ----------Processing X-ray data----------                   

F-obs:
  /scratch/m_zhen01/30995.lupus.uni-muenster.de/p26/02_mtz/240_GFA11-new.mtz:F-obs
Miller array info: None
Observation type: xray.amplitude
Type of data: double, size=256
Type of sigmas: None
Number of Miller indices: 256
Anomalous flag: False
Unit cell: (16.574, 13.229, 10.986, 90, 90, 90)
Space group: P 1 (No. 1)
Systematic absences: 0
Centric reflections: 0
Resolution range: 3.97299 2.50733
Completeness in resolution range: 1
Completeness with d_max=infinity: 0.773414

Number of F-obs in resolution range:                   256
Number of F-obs<0 (these reflections will be rejected): 0
Number of F-obs=0 (these reflections will be used in refinement): 0
Refinement resolution range: d_max =   3.9730
                             d_min =   2.5073

R-free flags:
  /scratch/m_zhen01/30995.lupus.uni-muenster.de/p26/02_mtz/240_GFA11-new.mtz:R-free-flags
Miller array info: /scratch/m_zhen01/30995.lupus.uni-muenster.de/p26/02_mtz/240_GFA11-new.mtz:R-free-flags
Observation type: None
Type of data: int, size=256
Type of sigmas: None
Number of Miller indices: 256
Anomalous flag: False
Unit cell: (16.574, 13.229, 10.986, 90, 90, 90)
Space group: P 1 (No. 1)
Systematic absences: 0
Centric reflections: 0
Resolution range: 3.97299 2.50733
Completeness in resolution range: 1
Completeness with d_max=infinity: 0.773414
Wavelength: 1.0000

Test (R-free flags) flag value: 1

Number of work/free reflections by resolution:
                                  work free  %free
  bin  1: 3.9730 - 3.6423 [33/33]   25    8  24.2%
  bin  2: 3.6423 - 3.3999 [14/14]   14    0   0.0%
  bin  3: 3.3999 - 3.2114 [30/30]   30    0   0.0%
  bin  4: 3.2114 - 3.0588 [28/28]   24    4  14.3%
  bin  5: 3.0588 - 2.9315 [22/22]   22    0   0.0%
  bin  6: 2.9315 - 2.8232 [18/18]   18    0   0.0%
  bin  7: 2.8232 - 2.7292 [26/26]   24    2   7.7%
  bin  8: 2.7292 - 2.6466 [26/26]   26    0   0.0%
  bin  9: 2.6466 - 2.5732 [23/23]   23    0   0.0%
  bin 10: 2.5732 - 2.5073 [36/36]   34    2   5.6%
                          overall  240   16   6.2%

                   ----------Processing PDB file(s)----------                  

  Monomer Library directory:
    "/tmp1/m_zhen01/phenix-installer-1.10.1-2155-intel-linux-2.6-x86_64-centos5/phenix-1.10.1-2155/modules/chem_data/mon_lib"
  Total number of atoms: 40
  Number of models: 1
  Model: ""
    Number of chains: 1
    Chain: "A"
      Number of atoms: 40
      Number of conformers: 1
      Conformer: ""
        Number of residues, atoms: 3, 40
          Classifications: {'peptide': 3}
          Modifications used: {'NH2NOTPRO': 1, 'COOH': 1}
          Link IDs: {'TRANS': 2}
  Time building chain proxies: 0.08, per 1000 atoms: 2.00
  Number of scatterers: 40
  At special positions: 0
  Unit cell: (16.574, 13.229, 10.986, 90, 90, 90)
  Space group: P 1 (No. 1)
  Number of sites at special positions: 0
  Number of scattering types: 4
    Type Number    sf(0)
     O       4      8.00
     N       3      7.00
     C      14      6.00
     H      19      1.00
    sf(0) = scattering factor at diffraction angle 0.

  Number of disulfides: simple=0, symmetry=0

  Automatic linking
    Parameters for automatic linking
      Linking & cutoffs
        Metal                : False - 3.50
        Amimo acid           : False - 1.90
        Carbohydrate         : True  - 1.99
        Ligands              : True  - 1.99
        Amino acid - RNA/DNA : False
      
  Number of custom bonds: simple=0, symmetry=0
  Time building additional restraints: 0.03
  Conformation dependent library (CDL) restraints added in 3.5 milliseconds
  
  Adding C-beta torsion restraints...
  Number of C-beta restraints generated:  4
  Time building geometry restraints manager: 0.03 seconds

  NOTE: a complete listing of the restraints can be obtained by requesting
        output of .geo file.

  Histogram of bond lengths:
        0.88 -     1.01: 17
        1.01 -     1.14: 2
        1.14 -     1.27: 3
        1.27 -     1.40: 8
        1.40 -     1.54: 10
  Bond restraints: 40
  Sorted by residual:
  bond pdb=" CB  ALA A   3 "
       pdb=" HB3 ALA A   3 "
    ideal  model  delta    sigma   weight residual
    0.970  1.032 -0.062 2.00e-02 2.50e+03 9.69e+00
  bond pdb=" CA  GLY A   1 "
       pdb=" HA1 GLY A   1 "
    ideal  model  delta    sigma   weight residual
    0.970  1.022 -0.052 2.00e-02 2.50e+03 6.73e+00
  bond pdb=" C   ALA A   3 "
       pdb=" OXT ALA A   3 "
    ideal  model  delta    sigma   weight residual
    1.330  1.282  0.048 2.00e-02 2.50e+03 5.64e+00
  bond pdb=" CB  PHE A   2 "
       pdb=" HB1 PHE A   2 "
    ideal  model  delta    sigma   weight residual
    0.970  0.923  0.047 2.00e-02 2.50e+03 5.41e+00
  bond pdb=" CZ  PHE A   2 "
       pdb=" HZ  PHE A   2 "
    ideal  model  delta    sigma   weight residual
    0.930  0.885  0.045 2.00e-02 2.50e+03 5.00e+00
  ... (remaining 35 not shown)

  Histogram of bond angle deviations from ideal:
      105.72 -   109.77: 19
      109.77 -   113.82: 15
      113.82 -   117.87: 7
      117.87 -   121.92: 18
      121.92 -   125.97: 7
  Bond angle restraints: 66
  Sorted by residual:
  angle pdb=" OXT ALA A   3 "
        pdb=" C   ALA A   3 "
        pdb=" CA  ALA A   3 "
      ideal   model   delta    sigma   weight residual
     118.60  125.97   -7.37 3.00e+00 1.11e-01 6.03e+00
  angle pdb=" O   ALA A   3 "
        pdb=" C   ALA A   3 "
        pdb=" CA  ALA A   3 "
      ideal   model   delta    sigma   weight residual
     118.60  113.51    5.09 3.00e+00 1.11e-01 2.87e+00
  angle pdb=" HB2 PHE A   2 "
        pdb=" CB  PHE A   2 "
        pdb=" CA  PHE A   2 "
      ideal   model   delta    sigma   weight residual
     109.00  113.97   -4.97 3.00e+00 1.11e-01 2.74e+00
  angle pdb=" CA  ALA A   3 "
        pdb=" CB  ALA A   3 "
        pdb=" HB1 ALA A   3 "
      ideal   model   delta    sigma   weight residual
     109.00  113.44   -4.44 3.00e+00 1.11e-01 2.19e+00
  angle pdb=" O   GLY A   1 "
        pdb=" C   GLY A   1 "
        pdb=" CA  GLY A   1 "
      ideal   model   delta    sigma   weight residual
     120.80  117.85    2.95 2.10e+00 2.27e-01 1.98e+00
  ... (remaining 61 not shown)

  Histogram of dihedral angle deviations from ideal:
        0.01 -    35.33: 15
       35.33 -    70.65: 0
       70.65 -   105.97: 0
      105.97 -   141.28: 0
      141.28 -   176.60: 1
  Dihedral angle restraints: 16
    sinusoidal: 4
      harmonic: 12
  Sorted by residual:
  dihedral pdb=" O   ALA A   3 "
           pdb=" C   ALA A   3 "
           pdb=" OXT ALA A   3 "
           pdb=" HXT ALA A   3 "
      ideal   model   delta  harmonic     sigma   weight residual
       0.00 -176.60  176.60     0      3.00e+01 1.11e-03 3.47e+01
  dihedral pdb=" CA  GLY A   1 "
           pdb=" C   GLY A   1 "
           pdb=" N   PHE A   2 "
           pdb=" CA  PHE A   2 "
      ideal   model   delta  harmonic     sigma   weight residual
     180.00  171.36    8.64     0      5.00e+00 4.00e-02 2.99e+00
  dihedral pdb=" C   ALA A   3 "
           pdb=" N   ALA A   3 "
           pdb=" CA  ALA A   3 "
           pdb=" CB  ALA A   3 "
      ideal   model   delta  harmonic     sigma   weight residual
    -122.60 -119.98   -2.62     0      2.50e+00 1.60e-01 1.10e+00
  ... (remaining 13 not shown)

  Histogram of chiral volume deviations from ideal:
       0.022 -    0.035: 1
       0.035 -    0.049: 0
       0.049 -    0.062: 0
       0.062 -    0.076: 0
       0.076 -    0.089: 1
  Chirality restraints: 2
  Sorted by residual:
  chirality pdb=" CA  ALA A   3 "
            pdb=" C   ALA A   3 "
            pdb=" CB  ALA A   3 "
            pdb=" N   ALA A   3 "
    both_signs  ideal   model   delta    sigma   weight residual
      False      2.48    2.57   -0.09 2.00e-01 2.50e+01 1.99e-01
  chirality pdb=" CA  PHE A   2 "
            pdb=" CB  PHE A   2 "
            pdb=" C   PHE A   2 "
            pdb=" N   PHE A   2 "
    both_signs  ideal   model   delta    sigma   weight residual
      False     -2.51   -2.53    0.02 2.00e-01 2.50e+01 1.16e-02

  Planarity restraints: 6
  Sorted by residual:
                                 delta    sigma   weight rms_deltas residual
  plane pdb=" CB  PHE A   2 "   -0.033 2.00e-02 2.50e+03   1.58e-02 7.51e+00
        pdb=" CG  PHE A   2 "    0.018 2.00e-02 2.50e+03
        pdb=" CD2 PHE A   2 "    0.008 2.00e-02 2.50e+03
        pdb=" HD2 PHE A   2 "    0.024 2.00e-02 2.50e+03
        pdb=" CE2 PHE A   2 "   -0.004 2.00e-02 2.50e+03
        pdb=" HE2 PHE A   2 "   -0.011 2.00e-02 2.50e+03
        pdb=" CZ  PHE A   2 "   -0.010 2.00e-02 2.50e+03
        pdb=" HZ  PHE A   2 "   -0.015 2.00e-02 2.50e+03
        pdb=" CE1 PHE A   2 "    0.023 2.00e-02 2.50e+03
        pdb=" HE1 PHE A   2 "    0.004 2.00e-02 2.50e+03
        pdb=" CD1 PHE A   2 "   -0.003 2.00e-02 2.50e+03
        pdb=" HD1 PHE A   2 "   -0.002 2.00e-02 2.50e+03
                                 delta    sigma   weight rms_deltas residual
  plane pdb=" C   PHE A   2 "    0.009 2.00e-02 2.50e+03   1.58e-02 2.48e+00
        pdb=" CA  ALA A   3 "    0.007 2.00e-02 2.50e+03
        pdb=" N   ALA A   3 "   -0.027 2.00e-02 2.50e+03
        pdb=" H   ALA A   3 "    0.011 2.00e-02 2.50e+03
                                 delta    sigma   weight rms_deltas residual
  plane pdb=" C   GLY A   1 "    0.008 2.00e-02 2.50e+03   1.50e-02 2.25e+00
        pdb=" CA  PHE A   2 "    0.007 2.00e-02 2.50e+03
        pdb=" N   PHE A   2 "   -0.026 2.00e-02 2.50e+03
        pdb=" H   PHE A   2 "    0.011 2.00e-02 2.50e+03
  ... (remaining 3 not shown)

  Histogram of nonbonded interaction distances:
        1.85 -     2.46: 21
        2.46 -     3.06: 62
        3.06 -     3.67: 65
        3.67 -     4.28: 78
        4.28 -     4.89: 72
  Nonbonded interactions: 298
  Sorted by model distance:
  nonbonded pdb=" C   GLY A   1 "
            pdb=" H2  GLY A   1 "
     model   vdw
     1.849 2.240
  nonbonded pdb=" HA1 GLY A   1 "
            pdb=" H2  GLY A   1 "
     model   vdw
     2.124 1.816
  nonbonded pdb=" HA2 GLY A   1 "
            pdb=" H1  GLY A   1 "
     model   vdw
     2.134 1.816
  nonbonded pdb=" H   PHE A   2 "
            pdb=" H   ALA A   3 "
     model   vdw
     2.206 2.100
  nonbonded pdb=" HB2 ALA A   3 "
            pdb=" HA  ALA A   3 "
     model   vdw
     2.241 1.952
  ... (remaining 293 not shown)

  NOTE: a complete listing of the restraints can be obtained by requesting
        output of .geo file.

                   ----------xray_structure summary----------                  

Number of scattering types: 4
  Type Number    sf(0)   Gaussians
   O       4      7.97       2
   N       3      6.97       2
   C      14      5.97       2
   H      19      1.00       2
  sf(0) = scattering factor at diffraction angle 0.
Number of scatterers: 40
At special positions: 0
Unit cell: (16.574, 13.229, 10.986, 90, 90, 90)
Space group: P 1 (No. 1)

End of input processing
r_work=0.5462 r_free=0.6006
params.data_weight: None
params.restraints: cctbx
rmsd(b), start:  0.0864
mc:   0 R: 0.2353 rmsd(b):  0.0570 restraint_scale:  2.0 min_steps: 47
mc:   1 R: 0.0368 rmsd(b):  0.0092 restraint_scale:  1.0 min_steps: 34
mc:   2 R: 0.0086 rmsd(b):  0.0259 restraint_scale:  1.0 min_steps: 38
mc:   3 R: 0.0078 rmsd(b):  0.0305 restraint_scale:  2.0 min_steps: 16
Convergence reached, stop now.
see the result structure:  ./p26/04_results/refine_cctbx/240_GFA11-new/0.9/5.pdb
Time: 5.6720
