phenix.python
you are importing  adaptive calculator, and it does nothing. Please give it energy, force....... 

============================== Collecting inputs ==============================


                   ----------Processing X-ray data----------                   

F-obs:
  /scratch/m_zhen01/31011.lupus.uni-muenster.de/p26/02_mtz/210_WGG05-new.mtz:F-obs
Miller array info: None
Observation type: xray.amplitude
Type of data: double, size=239
Type of sigmas: None
Number of Miller indices: 239
Anomalous flag: False
Unit cell: (13.15, 12.243, 14.308, 90, 90, 90)
Space group: P 1 (No. 1)
Systematic absences: 0
Centric reflections: 0
Resolution range: 3.96517 2.5095
Completeness in resolution range: 1
Completeness with d_max=infinity: 0.766026

Number of F-obs in resolution range:                   239
Number of F-obs<0 (these reflections will be rejected): 0
Number of F-obs=0 (these reflections will be used in refinement): 0
Refinement resolution range: d_max =   3.9652
                             d_min =   2.5095

R-free flags:
  /scratch/m_zhen01/31011.lupus.uni-muenster.de/p26/02_mtz/210_WGG05-new.mtz:R-free-flags
Miller array info: /scratch/m_zhen01/31011.lupus.uni-muenster.de/p26/02_mtz/210_WGG05-new.mtz:R-free-flags
Observation type: None
Type of data: int, size=239
Type of sigmas: None
Number of Miller indices: 239
Anomalous flag: False
Unit cell: (13.15, 12.243, 14.308, 90, 90, 90)
Space group: P 1 (No. 1)
Systematic absences: 0
Centric reflections: 0
Resolution range: 3.96517 2.5095
Completeness in resolution range: 1
Completeness with d_max=infinity: 0.766026
Wavelength: 1.0000

Test (R-free flags) flag value: 1

Number of work/free reflections by resolution:
                                  work free  %free
  bin  1: 3.9652 - 3.6383 [26/26]   18    8  30.8%
  bin  2: 3.6383 - 3.3980 [27/27]   27    0   0.0%
  bin  3: 3.3980 - 3.2108 [15/15]   15    0   0.0%
  bin  4: 3.2108 - 3.0590 [27/27]   27    0   0.0%
  bin  5: 3.0590 - 2.9324 [20/20]   20    0   0.0%
  bin  6: 2.9324 - 2.8244 [23/23]   19    4  17.4%
  bin  7: 2.8244 - 2.7308 [26/26]   24    2   7.7%
  bin  8: 2.7308 - 2.6485 [20/20]   18    2  10.0%
  bin  9: 2.6485 - 2.5752 [21/21]   21    0   0.0%
  bin 10: 2.5752 - 2.5095 [34/34]   34    0   0.0%
                          overall  223   16   6.7%

                   ----------Processing PDB file(s)----------                  

  Monomer Library directory:
    "/tmp1/m_zhen01/phenix-installer-1.10.1-2155-intel-linux-2.6-x86_64-centos5/phenix-1.10.1-2155/modules/chem_data/mon_lib"
  Total number of atoms: 41
  Number of models: 1
  Model: ""
    Number of chains: 1
    Chain: "A"
      Number of atoms: 41
      Number of conformers: 1
      Conformer: ""
        Number of residues, atoms: 3, 41
          Classifications: {'peptide': 3}
          Modifications used: {'NH2NOTPRO': 1, 'COOH': 1}
          Link IDs: {'TRANS': 2}
  Time building chain proxies: 0.08, per 1000 atoms: 1.95
  Number of scatterers: 41
  At special positions: 0
  Unit cell: (13.15, 12.243, 14.308, 90, 90, 90)
  Space group: P 1 (No. 1)
  Number of sites at special positions: 0
  Number of scattering types: 4
    Type Number    sf(0)
     O       4      8.00
     N       4      7.00
     C      15      6.00
     H      18      1.00
    sf(0) = scattering factor at diffraction angle 0.

  Number of disulfides: simple=0, symmetry=0

  Automatic linking
    Parameters for automatic linking
      Linking & cutoffs
        Metal                : False - 3.50
        Amimo acid           : False - 1.90
        Carbohydrate         : True  - 1.99
        Ligands              : True  - 1.99
        Amino acid - RNA/DNA : False
      
  Number of custom bonds: simple=0, symmetry=0
  Time building additional restraints: 0.03
  Conformation dependent library (CDL) restraints added in 2.9 milliseconds
  
  Adding C-beta torsion restraints...
  Number of C-beta restraints generated:  2
  Time building geometry restraints manager: 0.03 seconds

  NOTE: a complete listing of the restraints can be obtained by requesting
        output of .geo file.

  Histogram of bond lengths:
        0.87 -     1.01: 18
        1.01 -     1.15: 0
        1.15 -     1.29: 3
        1.29 -     1.42: 13
        1.42 -     1.56: 8
  Bond restraints: 42
  Sorted by residual:
  bond pdb=" C   GLY A   2 "
       pdb=" N   GLY A   3 "
    ideal  model  delta    sigma   weight residual
    1.329  1.293  0.036 1.40e-02 5.10e+03 6.47e+00
  bond pdb=" N   GLY A   3 "
       pdb=" H   GLY A   3 "
    ideal  model  delta    sigma   weight residual
    0.860  0.902 -0.042 2.00e-02 2.50e+03 4.38e+00
  bond pdb=" C   GLY A   3 "
       pdb=" OXT GLY A   3 "
    ideal  model  delta    sigma   weight residual
    1.330  1.370 -0.040 2.00e-02 2.50e+03 3.96e+00
  bond pdb=" N   TRP A   1 "
       pdb=" H1  TRP A   1 "
    ideal  model  delta    sigma   weight residual
    0.960  0.923  0.037 2.00e-02 2.50e+03 3.48e+00
  bond pdb=" C   TRP A   1 "
       pdb=" CA  TRP A   1 "
    ideal  model  delta    sigma   weight residual
    1.525  1.561 -0.036 2.10e-02 2.27e+03 2.92e+00
  ... (remaining 37 not shown)

  Histogram of bond angle deviations from ideal:
      101.74 -   108.04: 13
      108.04 -   114.34: 19
      114.34 -   120.63: 16
      120.63 -   126.93: 19
      126.93 -   133.22: 2
  Bond angle restraints: 69
  Sorted by residual:
  angle pdb=" C   GLY A   3 "
        pdb=" OXT GLY A   3 "
        pdb=" HXT GLY A   3 "
      ideal   model   delta    sigma   weight residual
     108.00  101.74    6.26 3.00e+00 1.11e-01 4.35e+00
  angle pdb=" C   TRP A   1 "
        pdb=" CA  TRP A   1 "
        pdb=" N   TRP A   1 "
      ideal   model   delta    sigma   weight residual
     111.00  114.97   -3.97 2.80e+00 1.28e-01 2.01e+00
  angle pdb=" O   TRP A   1 "
        pdb=" C   TRP A   1 "
        pdb=" CA  TRP A   1 "
      ideal   model   delta    sigma   weight residual
     120.80  118.72    2.08 1.70e+00 3.46e-01 1.50e+00
  angle pdb=" C   GLY A   3 "
        pdb=" CA  GLY A   3 "
        pdb=" HA2 GLY A   3 "
      ideal   model   delta    sigma   weight residual
     109.00  105.40    3.60 3.00e+00 1.11e-01 1.44e+00
  angle pdb=" CA  TRP A   1 "
        pdb=" CB  TRP A   1 "
        pdb=" CG  TRP A   1 "
      ideal   model   delta    sigma   weight residual
     113.60  111.39    2.21 1.90e+00 2.77e-01 1.35e+00
  ... (remaining 64 not shown)

  Histogram of dihedral angle deviations from ideal:
        0.05 -    16.67: 12
       16.67 -    33.29: 0
       33.29 -    49.92: 1
       49.92 -    66.54: 0
       66.54 -    83.16: 1
  Dihedral angle restraints: 14
    sinusoidal: 3
      harmonic: 11
  Sorted by residual:
  dihedral pdb=" OXT GLY A   3 "
           pdb=" C   GLY A   3 "
           pdb=" CA  GLY A   3 "
           pdb=" N   GLY A   3 "
      ideal   model   delta sinusoidal    sigma   weight residual
     -20.00 -103.16   83.16     2      3.00e+01 1.11e-03 5.26e+00
  dihedral pdb=" CA  TRP A   1 "
           pdb=" CB  TRP A   1 "
           pdb=" CG  TRP A   1 "
           pdb=" CD1 TRP A   1 "
      ideal   model   delta sinusoidal    sigma   weight residual
     -90.00  -52.97  -37.03     2      2.00e+01 2.50e-03 4.35e+00
  dihedral pdb=" N   TRP A   1 "
           pdb=" CA  TRP A   1 "
           pdb=" CB  TRP A   1 "
           pdb=" CG  TRP A   1 "
      ideal   model   delta sinusoidal    sigma   weight residual
      60.00   73.12  -13.12     3      1.50e+01 4.44e-03 1.08e+00
  ... (remaining 11 not shown)

  Histogram of chiral volume deviations from ideal:
       0.004 -    0.004: 1
       0.004 -    0.004: 0
       0.004 -    0.004: 0
       0.004 -    0.004: 0
       0.004 -    0.004: 0
  Chirality restraints: 1
  Sorted by residual:
  chirality pdb=" CA  TRP A   1 "
            pdb=" C   TRP A   1 "
            pdb=" N   TRP A   1 "
            pdb=" CB  TRP A   1 "
    both_signs  ideal   model   delta    sigma   weight residual
      False     -2.51   -2.51   -0.00 2.00e-01 2.50e+01 4.23e-04

  Planarity restraints: 6
  Sorted by residual:
                                 delta    sigma   weight rms_deltas residual
  plane pdb=" CB  TRP A   1 "   -0.026 2.00e-02 2.50e+03   1.60e-02 1.03e+01
        pdb=" CG  TRP A   1 "    0.022 2.00e-02 2.50e+03
        pdb=" CD1 TRP A   1 "    0.005 2.00e-02 2.50e+03
        pdb=" HD1 TRP A   1 "    0.000 2.00e-02 2.50e+03
        pdb=" NE1 TRP A   1 "   -0.023 2.00e-02 2.50e+03
        pdb=" HE1 TRP A   1 "    0.004 2.00e-02 2.50e+03
        pdb=" CE2 TRP A   1 "   -0.010 2.00e-02 2.50e+03
        pdb=" CZ2 TRP A   1 "   -0.008 2.00e-02 2.50e+03
        pdb=" HZ2 TRP A   1 "    0.035 2.00e-02 2.50e+03
        pdb=" CH2 TRP A   1 "   -0.017 2.00e-02 2.50e+03
        pdb=" HH2 TRP A   1 "   -0.016 2.00e-02 2.50e+03
        pdb=" CZ3 TRP A   1 "    0.006 2.00e-02 2.50e+03
        pdb=" HZ3 TRP A   1 "   -0.003 2.00e-02 2.50e+03
        pdb=" CE3 TRP A   1 "    0.004 2.00e-02 2.50e+03
        pdb=" HE3 TRP A   1 "    0.017 2.00e-02 2.50e+03
        pdb=" CD2 TRP A   1 "    0.010 2.00e-02 2.50e+03
                                 delta    sigma   weight rms_deltas residual
  plane pdb=" O   GLY A   3 "    0.010 2.00e-02 2.50e+03   1.80e-02 4.06e+00
        pdb=" C   GLY A   3 "   -0.035 2.00e-02 2.50e+03
        pdb=" OXT GLY A   3 "    0.002 2.00e-02 2.50e+03
        pdb=" HXT GLY A   3 "    0.009 2.00e-02 2.50e+03
        pdb=" CA  GLY A   3 "    0.014 2.00e-02 2.50e+03
                                 delta    sigma   weight rms_deltas residual
  plane pdb=" C   TRP A   1 "   -0.028 2.00e-02 2.50e+03   1.62e-02 2.62e+00
        pdb=" O   TRP A   1 "    0.011 2.00e-02 2.50e+03
        pdb=" CA  TRP A   1 "    0.008 2.00e-02 2.50e+03
        pdb=" N   GLY A   2 "    0.010 2.00e-02 2.50e+03
  ... (remaining 3 not shown)

  Histogram of nonbonded interaction distances:
        1.90 -     2.50: 19
        2.50 -     3.10: 57
        3.10 -     3.70: 73
        3.70 -     4.30: 70
        4.30 -     4.90: 103
  Nonbonded interactions: 322
  Sorted by model distance:
  nonbonded pdb=" H1  TRP A   1 "
            pdb=" H   GLY A   2 "
     model   vdw
     1.899 2.100
  nonbonded pdb=" O   GLY A   3 "
            pdb=" HXT GLY A   3 "
     model   vdw
     2.144 2.056
  nonbonded pdb=" HA1 GLY A   3 "
            pdb=" H   GLY A   3 "
     model   vdw
     2.209 1.816
  nonbonded pdb=" H   GLY A   2 "
            pdb=" H   GLY A   3 "
     model   vdw
     2.211 2.100
  nonbonded pdb=" HA  TRP A   1 "
            pdb=" HB2 TRP A   1 "
     model   vdw
     2.265 1.952
  ... (remaining 317 not shown)

  NOTE: a complete listing of the restraints can be obtained by requesting
        output of .geo file.

                   ----------xray_structure summary----------                  

Number of scattering types: 4
  Type Number    sf(0)   Gaussians
   O       4      7.97       2
   N       4      6.97       2
   C      15      5.97       2
   H      18      1.00       2
  sf(0) = scattering factor at diffraction angle 0.
Number of scatterers: 41
At special positions: 0
Unit cell: (13.15, 12.243, 14.308, 90, 90, 90)
Space group: P 1 (No. 1)

End of input processing
r_work=0.5971 r_free=0.5733
params.data_weight: None
params.restraints: qm
rmsd(b), start:  0.0777
mc:   0 R: 0.4182 rmsd(b):  0.4576 restraint_scale:  2.0 min_steps: 11
mc:   1 R: 0.3494 rmsd(b):  1.1815 restraint_scale:  4.0 min_steps: 54
mc:   2 R: 0.3050 rmsd(b):  1.1872 restraint_scale:  8.0 min_steps: 56
mc:   3 R: 0.3320 rmsd(b):  1.2838 restraint_scale: 16.0 min_steps: 54
mc:   4 R: 0.3280 rmsd(b):  1.3044 restraint_scale: 32.0 min_steps: 29
mc:   5 R: 0.3354 rmsd(b):  1.3195 restraint_scale: 64.0 min_steps: 21
mc:   6 R: 0.3567 rmsd(b):  1.3331 restraint_scale: 128.0 min_steps: 52
mc:   7 R: 0.3725 rmsd(b):  1.3904 restraint_scale: 256.0 min_steps: 52
mc:   8 R: 0.3785 rmsd(b):  1.4609 restraint_scale: 512.0 min_steps: 52
mc:   9 R: 0.3800 rmsd(b):  1.4649 restraint_scale: 1024.0 min_steps: 28
mc:  10 R: 0.4258 rmsd(b):  1.4798 restraint_scale: 2048.0 min_steps: 59
mc:  11 R: 0.4203 rmsd(b):  1.4848 restraint_scale: 4096.0 min_steps: 55
mc:  12 R: 0.4264 rmsd(b):  1.4935 restraint_scale: 8192.0 min_steps: 56
mc:  13 R: 0.4264 rmsd(b):  1.4935 restraint_scale: 16384.0 min_steps: 7
Convergence reached, stop now.
see the result structure:  ./p26/04_results/refine_qm/210_WGG05-new/1.5/0.pdb
Time: 792.3503
