phenix.python
you are importing  adaptive calculator, and it does nothing. Please give it energy, force....... 

============================== Collecting inputs ==============================


                   ----------Processing X-ray data----------                   

F-obs:
  /scratch/m_zhen01/31011.lupus.uni-muenster.de/p26/02_mtz/210_WGG05-new.mtz:F-obs
Miller array info: None
Observation type: xray.amplitude
Type of data: double, size=239
Type of sigmas: None
Number of Miller indices: 239
Anomalous flag: False
Unit cell: (13.15, 12.243, 14.308, 90, 90, 90)
Space group: P 1 (No. 1)
Systematic absences: 0
Centric reflections: 0
Resolution range: 3.96517 2.5095
Completeness in resolution range: 1
Completeness with d_max=infinity: 0.766026

Number of F-obs in resolution range:                   239
Number of F-obs<0 (these reflections will be rejected): 0
Number of F-obs=0 (these reflections will be used in refinement): 0
Refinement resolution range: d_max =   3.9652
                             d_min =   2.5095

R-free flags:
  /scratch/m_zhen01/31011.lupus.uni-muenster.de/p26/02_mtz/210_WGG05-new.mtz:R-free-flags
Miller array info: /scratch/m_zhen01/31011.lupus.uni-muenster.de/p26/02_mtz/210_WGG05-new.mtz:R-free-flags
Observation type: None
Type of data: int, size=239
Type of sigmas: None
Number of Miller indices: 239
Anomalous flag: False
Unit cell: (13.15, 12.243, 14.308, 90, 90, 90)
Space group: P 1 (No. 1)
Systematic absences: 0
Centric reflections: 0
Resolution range: 3.96517 2.5095
Completeness in resolution range: 1
Completeness with d_max=infinity: 0.766026
Wavelength: 1.0000

Test (R-free flags) flag value: 1

Number of work/free reflections by resolution:
                                  work free  %free
  bin  1: 3.9652 - 3.6383 [26/26]   18    8  30.8%
  bin  2: 3.6383 - 3.3980 [27/27]   27    0   0.0%
  bin  3: 3.3980 - 3.2108 [15/15]   15    0   0.0%
  bin  4: 3.2108 - 3.0590 [27/27]   27    0   0.0%
  bin  5: 3.0590 - 2.9324 [20/20]   20    0   0.0%
  bin  6: 2.9324 - 2.8244 [23/23]   19    4  17.4%
  bin  7: 2.8244 - 2.7308 [26/26]   24    2   7.7%
  bin  8: 2.7308 - 2.6485 [20/20]   18    2  10.0%
  bin  9: 2.6485 - 2.5752 [21/21]   21    0   0.0%
  bin 10: 2.5752 - 2.5095 [34/34]   34    0   0.0%
                          overall  223   16   6.7%

                   ----------Processing PDB file(s)----------                  

  Monomer Library directory:
    "/tmp1/m_zhen01/phenix-installer-1.10.1-2155-intel-linux-2.6-x86_64-centos5/phenix-1.10.1-2155/modules/chem_data/mon_lib"
  Total number of atoms: 41
  Number of models: 1
  Model: ""
    Number of chains: 1
    Chain: "A"
      Number of atoms: 41
      Number of conformers: 1
      Conformer: ""
        Number of residues, atoms: 3, 41
          Classifications: {'peptide': 3}
          Modifications used: {'NH2NOTPRO': 1, 'COOH': 1}
          Link IDs: {'TRANS': 2}
  Time building chain proxies: 0.08, per 1000 atoms: 1.95
  Number of scatterers: 41
  At special positions: 0
  Unit cell: (13.15, 12.243, 14.308, 90, 90, 90)
  Space group: P 1 (No. 1)
  Number of sites at special positions: 0
  Number of scattering types: 4
    Type Number    sf(0)
     O       4      8.00
     N       4      7.00
     C      15      6.00
     H      18      1.00
    sf(0) = scattering factor at diffraction angle 0.

  Number of disulfides: simple=0, symmetry=0

  Automatic linking
    Parameters for automatic linking
      Linking & cutoffs
        Metal                : False - 3.50
        Amimo acid           : False - 1.90
        Carbohydrate         : True  - 1.99
        Ligands              : True  - 1.99
        Amino acid - RNA/DNA : False
      
  Number of custom bonds: simple=0, symmetry=0
  Time building additional restraints: 0.03
  Conformation dependent library (CDL) restraints added in 2.9 milliseconds
  
  Adding C-beta torsion restraints...
  Number of C-beta restraints generated:  2
  Time building geometry restraints manager: 0.04 seconds

  NOTE: a complete listing of the restraints can be obtained by requesting
        output of .geo file.

  Histogram of bond lengths:
        0.81 -     0.96: 11
        0.96 -     1.11: 7
        1.11 -     1.27: 3
        1.27 -     1.42: 11
        1.42 -     1.57: 10
  Bond restraints: 42
  Sorted by residual:
  bond pdb=" N   GLY A   2 "
       pdb=" H   GLY A   2 "
    ideal  model  delta    sigma   weight residual
    0.860  0.813  0.047 2.00e-02 2.50e+03 5.43e+00
  bond pdb=" CZ3 TRP A   1 "
       pdb=" HZ3 TRP A   1 "
    ideal  model  delta    sigma   weight residual
    0.930  0.887  0.043 2.00e-02 2.50e+03 4.62e+00
  bond pdb=" C   TRP A   1 "
       pdb=" CA  TRP A   1 "
    ideal  model  delta    sigma   weight residual
    1.525  1.567 -0.042 2.10e-02 2.27e+03 3.91e+00
  bond pdb=" C   GLY A   3 "
       pdb=" OXT GLY A   3 "
    ideal  model  delta    sigma   weight residual
    1.330  1.296  0.034 2.00e-02 2.50e+03 2.89e+00
  bond pdb=" CA  GLY A   2 "
       pdb=" N   GLY A   2 "
    ideal  model  delta    sigma   weight residual
    1.449  1.473 -0.024 1.45e-02 4.76e+03 2.78e+00
  ... (remaining 37 not shown)

  Histogram of bond angle deviations from ideal:
      103.70 -   109.58: 19
      109.58 -   115.46: 14
      115.46 -   121.35: 18
      121.35 -   127.23: 15
      127.23 -   133.11: 3
  Bond angle restraints: 69
  Sorted by residual:
  angle pdb=" N   TRP A   1 "
        pdb=" CA  TRP A   1 "
        pdb=" CB  TRP A   1 "
      ideal   model   delta    sigma   weight residual
     110.50  105.85    4.65 1.70e+00 3.46e-01 7.48e+00
  angle pdb=" C   GLY A   3 "
        pdb=" OXT GLY A   3 "
        pdb=" HXT GLY A   3 "
      ideal   model   delta    sigma   weight residual
     108.00  114.13   -6.13 3.00e+00 1.11e-01 4.18e+00
  angle pdb=" CA  TRP A   1 "
        pdb=" C   TRP A   1 "
        pdb=" N   GLY A   2 "
      ideal   model   delta    sigma   weight residual
     116.20  119.89   -3.69 2.00e+00 2.50e-01 3.40e+00
  angle pdb=" C   TRP A   1 "
        pdb=" CA  TRP A   1 "
        pdb=" N   TRP A   1 "
      ideal   model   delta    sigma   weight residual
     111.00  116.02   -5.02 2.80e+00 1.28e-01 3.21e+00
  angle pdb=" HA1 GLY A   3 "
        pdb=" CA  GLY A   3 "
        pdb=" HA2 GLY A   3 "
      ideal   model   delta    sigma   weight residual
     109.00  103.70    5.30 3.00e+00 1.11e-01 3.12e+00
  ... (remaining 64 not shown)

  Histogram of dihedral angle deviations from ideal:
        0.69 -    17.07: 12
       17.07 -    33.44: 0
       33.44 -    49.81: 1
       49.81 -    66.19: 0
       66.19 -    82.56: 1
  Dihedral angle restraints: 14
    sinusoidal: 3
      harmonic: 11
  Sorted by residual:
  dihedral pdb=" OXT GLY A   3 "
           pdb=" C   GLY A   3 "
           pdb=" CA  GLY A   3 "
           pdb=" N   GLY A   3 "
      ideal   model   delta sinusoidal    sigma   weight residual
     -20.00 -102.56   82.56     2      3.00e+01 1.11e-03 5.24e+00
  dihedral pdb=" CA  TRP A   1 "
           pdb=" CB  TRP A   1 "
           pdb=" CG  TRP A   1 "
           pdb=" CD1 TRP A   1 "
      ideal   model   delta sinusoidal    sigma   weight residual
     -90.00  -54.85  -35.15     2      2.00e+01 2.50e-03 3.98e+00
  dihedral pdb=" N   TRP A   1 "
           pdb=" CA  TRP A   1 "
           pdb=" CB  TRP A   1 "
           pdb=" CG  TRP A   1 "
      ideal   model   delta sinusoidal    sigma   weight residual
      60.00   75.30  -15.30     3      1.50e+01 4.44e-03 1.44e+00
  ... (remaining 11 not shown)

  Histogram of chiral volume deviations from ideal:
       0.039 -    0.039: 1
       0.039 -    0.039: 0
       0.039 -    0.039: 0
       0.039 -    0.039: 0
       0.039 -    0.039: 0
  Chirality restraints: 1
  Sorted by residual:
  chirality pdb=" CA  TRP A   1 "
            pdb=" C   TRP A   1 "
            pdb=" N   TRP A   1 "
            pdb=" CB  TRP A   1 "
    both_signs  ideal   model   delta    sigma   weight residual
      False     -2.51   -2.55    0.04 2.00e-01 2.50e+01 3.84e-02

  Planarity restraints: 6
  Sorted by residual:
                                 delta    sigma   weight rms_deltas residual
  plane pdb=" CB  TRP A   1 "    0.007 2.00e-02 2.50e+03   1.57e-02 9.87e+00
        pdb=" CG  TRP A   1 "   -0.015 2.00e-02 2.50e+03
        pdb=" CD1 TRP A   1 "   -0.021 2.00e-02 2.50e+03
        pdb=" HD1 TRP A   1 "    0.013 2.00e-02 2.50e+03
        pdb=" NE1 TRP A   1 "   -0.013 2.00e-02 2.50e+03
        pdb=" HE1 TRP A   1 "    0.010 2.00e-02 2.50e+03
        pdb=" CE2 TRP A   1 "    0.015 2.00e-02 2.50e+03
        pdb=" CZ2 TRP A   1 "   -0.004 2.00e-02 2.50e+03
        pdb=" HZ2 TRP A   1 "   -0.012 2.00e-02 2.50e+03
        pdb=" CH2 TRP A   1 "   -0.004 2.00e-02 2.50e+03
        pdb=" HH2 TRP A   1 "    0.027 2.00e-02 2.50e+03
        pdb=" CZ3 TRP A   1 "   -0.004 2.00e-02 2.50e+03
        pdb=" HZ3 TRP A   1 "   -0.031 2.00e-02 2.50e+03
        pdb=" CE3 TRP A   1 "    0.025 2.00e-02 2.50e+03
        pdb=" HE3 TRP A   1 "    0.005 2.00e-02 2.50e+03
        pdb=" CD2 TRP A   1 "    0.004 2.00e-02 2.50e+03
                                 delta    sigma   weight rms_deltas residual
  plane pdb=" C   GLY A   2 "    0.013 2.00e-02 2.50e+03   2.50e-02 6.27e+00
        pdb=" CA  GLY A   3 "    0.011 2.00e-02 2.50e+03
        pdb=" N   GLY A   3 "   -0.043 2.00e-02 2.50e+03
        pdb=" H   GLY A   3 "    0.019 2.00e-02 2.50e+03
                                 delta    sigma   weight rms_deltas residual
  plane pdb=" C   TRP A   1 "    0.018 2.00e-02 2.50e+03   1.02e-02 1.05e+00
        pdb=" O   TRP A   1 "   -0.007 2.00e-02 2.50e+03
        pdb=" CA  TRP A   1 "   -0.005 2.00e-02 2.50e+03
        pdb=" N   GLY A   2 "   -0.006 2.00e-02 2.50e+03
  ... (remaining 3 not shown)

  Histogram of nonbonded interaction distances:
        2.05 -     2.62: 27
        2.62 -     3.19: 61
        3.19 -     3.76: 66
        3.76 -     4.33: 63
        4.33 -     4.89: 95
  Nonbonded interactions: 312
  Sorted by model distance:
  nonbonded pdb=" H2  TRP A   1 "
            pdb=" HD1 TRP A   1 "
     model   vdw
     2.053 2.100
  nonbonded pdb=" HA1 GLY A   3 "
            pdb=" H   GLY A   3 "
     model   vdw
     2.156 1.816
  nonbonded pdb=" H   GLY A   2 "
            pdb=" H   GLY A   3 "
     model   vdw
     2.219 2.100
  nonbonded pdb=" HA  TRP A   1 "
            pdb=" HB2 TRP A   1 "
     model   vdw
     2.248 1.952
  nonbonded pdb=" HZ3 TRP A   1 "
            pdb=" HE3 TRP A   1 "
     model   vdw
     2.282 1.680
  ... (remaining 307 not shown)

  NOTE: a complete listing of the restraints can be obtained by requesting
        output of .geo file.

                   ----------xray_structure summary----------                  

Number of scattering types: 4
  Type Number    sf(0)   Gaussians
   O       4      7.97       2
   N       4      6.97       2
   C      15      5.97       2
   H      18      1.00       2
  sf(0) = scattering factor at diffraction angle 0.
Number of scatterers: 41
At special positions: 0
Unit cell: (13.15, 12.243, 14.308, 90, 90, 90)
Space group: P 1 (No. 1)

End of input processing
r_work=0.5953 r_free=0.5937
params.data_weight: None
params.restraints: qm
rmsd(b), start:  0.0885
mc:   0 R: 0.4237 rmsd(b):  1.1668 restraint_scale:  2.0 min_steps: 53
mc:   1 R: 0.2737 rmsd(b):  1.3524 restraint_scale:  4.0 min_steps: 58
mc:   2 R: 0.2797 rmsd(b):  1.4624 restraint_scale:  8.0 min_steps: 15
mc:   3 R: 0.3321 rmsd(b):  1.4105 restraint_scale: 16.0 min_steps: 53
mc:   4 R: 0.3201 rmsd(b):  1.4280 restraint_scale: 32.0 min_steps: 31
mc:   5 R: 0.3364 rmsd(b):  1.4463 restraint_scale: 64.0 min_steps: 53
mc:   6 R: 0.3522 rmsd(b):  1.3955 restraint_scale: 128.0 min_steps: 57
mc:   7 R: 0.3686 rmsd(b):  1.3842 restraint_scale: 256.0 min_steps: 52
mc:   8 R: 0.3686 rmsd(b):  1.3838 restraint_scale: 512.0 min_steps: 6
Convergence reached, stop now.
see the result structure:  ./p26/04_results/refine_qm/210_WGG05-new/1.5/5.pdb
Time: 696.8944
