phenix.python
you are importing  adaptive calculator, and it does nothing. Please give it energy, force....... 

============================== Collecting inputs ==============================


                   ----------Processing X-ray data----------                   

F-obs:
  /scratch/m_zhen01/31011.lupus.uni-muenster.de/p26/02_mtz/242_GFA08-new.mtz:F-obs
Miller array info: None
Observation type: xray.amplitude
Type of data: double, size=248
Type of sigmas: None
Number of Miller indices: 248
Anomalous flag: False
Unit cell: (10.911, 16.632, 13.445, 90, 90, 90)
Space group: P 1 (No. 1)
Systematic absences: 0
Centric reflections: 0
Resolution range: 3.98211 2.5164
Completeness in resolution range: 1
Completeness with d_max=infinity: 0.75841

Number of F-obs in resolution range:                   248
Number of F-obs<0 (these reflections will be rejected): 0
Number of F-obs=0 (these reflections will be used in refinement): 0
Refinement resolution range: d_max =   3.9821
                             d_min =   2.5164

R-free flags:
  /scratch/m_zhen01/31011.lupus.uni-muenster.de/p26/02_mtz/242_GFA08-new.mtz:R-free-flags
Miller array info: /scratch/m_zhen01/31011.lupus.uni-muenster.de/p26/02_mtz/242_GFA08-new.mtz:R-free-flags
Observation type: None
Type of data: int, size=248
Type of sigmas: None
Number of Miller indices: 248
Anomalous flag: False
Unit cell: (10.911, 16.632, 13.445, 90, 90, 90)
Space group: P 1 (No. 1)
Systematic absences: 0
Centric reflections: 0
Resolution range: 3.98211 2.5164
Completeness in resolution range: 1
Completeness with d_max=infinity: 0.75841
Wavelength: 1.0000

Test (R-free flags) flag value: 1

Number of work/free reflections by resolution:
                                  work free  %free
  bin  1: 3.9821 - 3.6521 [28/28]   26    2   7.1%
  bin  2: 3.6521 - 3.4100 [15/15]   15    0   0.0%
  bin  3: 3.4100 - 3.2214 [30/30]   28    2   6.7%
  bin  4: 3.2214 - 3.0687 [28/28]   26    2   7.1%
  bin  5: 3.0687 - 2.9414 [22/22]   22    0   0.0%
  bin  6: 2.9414 - 2.8328 [18/18]   18    0   0.0%
  bin  7: 2.8328 - 2.7387 [23/23]   23    0   0.0%
  bin  8: 2.7387 - 2.6560 [30/30]   28    2   6.7%
  bin  9: 2.6560 - 2.5824 [24/24]   22    2   8.3%
  bin 10: 2.5824 - 2.5164 [30/30]   30    0   0.0%
                          overall  238   10   4.0%

                   ----------Processing PDB file(s)----------                  

  Monomer Library directory:
    "/tmp1/m_zhen01/phenix-installer-1.10.1-2155-intel-linux-2.6-x86_64-centos5/phenix-1.10.1-2155/modules/chem_data/mon_lib"
  Total number of atoms: 40
  Number of models: 1
  Model: ""
    Number of chains: 1
    Chain: "A"
      Number of atoms: 40
      Number of conformers: 1
      Conformer: ""
        Number of residues, atoms: 3, 40
          Classifications: {'peptide': 3}
          Modifications used: {'NH2NOTPRO': 1, 'COOH': 1}
          Link IDs: {'TRANS': 2}
  Time building chain proxies: 0.09, per 1000 atoms: 2.25
  Number of scatterers: 40
  At special positions: 0
  Unit cell: (10.911, 16.632, 13.445, 90, 90, 90)
  Space group: P 1 (No. 1)
  Number of sites at special positions: 0
  Number of scattering types: 4
    Type Number    sf(0)
     O       4      8.00
     N       3      7.00
     C      14      6.00
     H      19      1.00
    sf(0) = scattering factor at diffraction angle 0.

  Number of disulfides: simple=0, symmetry=0

  Automatic linking
    Parameters for automatic linking
      Linking & cutoffs
        Metal                : False - 3.50
        Amimo acid           : False - 1.90
        Carbohydrate         : True  - 1.99
        Ligands              : True  - 1.99
        Amino acid - RNA/DNA : False
      
  Number of custom bonds: simple=0, symmetry=0
  Time building additional restraints: 0.03
  Conformation dependent library (CDL) restraints added in 3.8 milliseconds
  
  Adding C-beta torsion restraints...
  Number of C-beta restraints generated:  4
  Time building geometry restraints manager: 0.03 seconds

  NOTE: a complete listing of the restraints can be obtained by requesting
        output of .geo file.

  Histogram of bond lengths:
        0.89 -     1.02: 19
        1.02 -     1.15: 0
        1.15 -     1.29: 3
        1.29 -     1.42: 9
        1.42 -     1.55: 9
  Bond restraints: 40
  Sorted by residual:
  bond pdb=" N   ALA A   3 "
       pdb=" H   ALA A   3 "
    ideal  model  delta    sigma   weight residual
    0.860  0.911 -0.051 2.00e-02 2.50e+03 6.44e+00
  bond pdb=" C   PHE A   2 "
       pdb=" CA  PHE A   2 "
    ideal  model  delta    sigma   weight residual
    1.523  1.549 -0.026 1.34e-02 5.57e+03 3.71e+00
  bond pdb=" N   GLY A   1 "
       pdb=" H1  GLY A   1 "
    ideal  model  delta    sigma   weight residual
    0.960  0.998 -0.038 2.00e-02 2.50e+03 3.57e+00
  bond pdb=" CD1 PHE A   2 "
       pdb=" CE1 PHE A   2 "
    ideal  model  delta    sigma   weight residual
    1.382  1.326  0.056 3.00e-02 1.11e+03 3.47e+00
  bond pdb=" CA  PHE A   2 "
       pdb=" N   PHE A   2 "
    ideal  model  delta    sigma   weight residual
    1.457  1.480 -0.023 1.29e-02 6.01e+03 3.18e+00
  ... (remaining 35 not shown)

  Histogram of bond angle deviations from ideal:
      104.54 -   109.13: 16
      109.13 -   113.72: 16
      113.72 -   118.31: 9
      118.31 -   122.90: 21
      122.90 -   127.49: 4
  Bond angle restraints: 66
  Sorted by residual:
  angle pdb=" C   PHE A   2 "
        pdb=" N   ALA A   3 "
        pdb=" CA  ALA A   3 "
      ideal   model   delta    sigma   weight residual
     121.70  127.49   -5.79 1.80e+00 3.09e-01 1.03e+01
  angle pdb=" OXT ALA A   3 "
        pdb=" C   ALA A   3 "
        pdb=" CA  ALA A   3 "
      ideal   model   delta    sigma   weight residual
     118.60  124.91   -6.31 3.00e+00 1.11e-01 4.42e+00
  angle pdb=" C   GLY A   1 "
        pdb=" CA  GLY A   1 "
        pdb=" HA2 GLY A   1 "
      ideal   model   delta    sigma   weight residual
     109.00  104.54    4.46 3.00e+00 1.11e-01 2.21e+00
  angle pdb=" C   GLY A   1 "
        pdb=" CA  GLY A   1 "
        pdb=" HA1 GLY A   1 "
      ideal   model   delta    sigma   weight residual
     109.00  105.02    3.98 3.00e+00 1.11e-01 1.76e+00
  angle pdb=" CA  ALA A   3 "
        pdb=" N   ALA A   3 "
        pdb=" H   ALA A   3 "
      ideal   model   delta    sigma   weight residual
     114.00  110.16    3.84 3.00e+00 1.11e-01 1.64e+00
  ... (remaining 61 not shown)

  Histogram of dihedral angle deviations from ideal:
        0.15 -    35.68: 15
       35.68 -    71.21: 0
       71.21 -   106.73: 0
      106.73 -   142.26: 0
      142.26 -   177.78: 1
  Dihedral angle restraints: 16
    sinusoidal: 4
      harmonic: 12
  Sorted by residual:
  dihedral pdb=" O   ALA A   3 "
           pdb=" C   ALA A   3 "
           pdb=" OXT ALA A   3 "
           pdb=" HXT ALA A   3 "
      ideal   model   delta  harmonic     sigma   weight residual
       0.00 -177.78  177.78     0      3.00e+01 1.11e-03 3.51e+01
  dihedral pdb=" CA  GLY A   1 "
           pdb=" C   GLY A   1 "
           pdb=" N   PHE A   2 "
           pdb=" CA  PHE A   2 "
      ideal   model   delta  harmonic     sigma   weight residual
     180.00 -171.57   -8.43     0      5.00e+00 4.00e-02 2.84e+00
  dihedral pdb=" N   ALA A   3 "
           pdb=" C   ALA A   3 "
           pdb=" CA  ALA A   3 "
           pdb=" CB  ALA A   3 "
      ideal   model   delta  harmonic     sigma   weight residual
     122.90  125.12   -2.22     0      2.50e+00 1.60e-01 7.89e-01
  ... (remaining 13 not shown)

  Histogram of chiral volume deviations from ideal:
       0.012 -    0.023: 1
       0.023 -    0.035: 0
       0.035 -    0.047: 0
       0.047 -    0.058: 0
       0.058 -    0.070: 1
  Chirality restraints: 2
  Sorted by residual:
  chirality pdb=" CA  ALA A   3 "
            pdb=" C   ALA A   3 "
            pdb=" CB  ALA A   3 "
            pdb=" N   ALA A   3 "
    both_signs  ideal   model   delta    sigma   weight residual
      False      2.48    2.41    0.07 2.00e-01 2.50e+01 1.22e-01
  chirality pdb=" CA  PHE A   2 "
            pdb=" CB  PHE A   2 "
            pdb=" C   PHE A   2 "
            pdb=" N   PHE A   2 "
    both_signs  ideal   model   delta    sigma   weight residual
      False     -2.51   -2.52    0.01 2.00e-01 2.50e+01 3.31e-03

  Planarity restraints: 6
  Sorted by residual:
                                 delta    sigma   weight rms_deltas residual
  plane pdb=" CB  PHE A   2 "    0.002 2.00e-02 2.50e+03   1.83e-02 1.01e+01
        pdb=" CG  PHE A   2 "   -0.019 2.00e-02 2.50e+03
        pdb=" CD1 PHE A   2 "   -0.013 2.00e-02 2.50e+03
        pdb=" HD1 PHE A   2 "    0.020 2.00e-02 2.50e+03
        pdb=" CE1 PHE A   2 "   -0.002 2.00e-02 2.50e+03
        pdb=" HE1 PHE A   2 "    0.007 2.00e-02 2.50e+03
        pdb=" CZ  PHE A   2 "   -0.008 2.00e-02 2.50e+03
        pdb=" HZ  PHE A   2 "    0.003 2.00e-02 2.50e+03
        pdb=" CE2 PHE A   2 "   -0.041 2.00e-02 2.50e+03
        pdb=" HE2 PHE A   2 "    0.031 2.00e-02 2.50e+03
        pdb=" CD2 PHE A   2 "    0.016 2.00e-02 2.50e+03
        pdb=" HD2 PHE A   2 "    0.004 2.00e-02 2.50e+03
                                 delta    sigma   weight rms_deltas residual
  plane pdb=" O   ALA A   3 "   -0.011 2.00e-02 2.50e+03   1.29e-02 2.10e+00
        pdb=" C   ALA A   3 "    0.025 2.00e-02 2.50e+03
        pdb=" OXT ALA A   3 "   -0.005 2.00e-02 2.50e+03
        pdb=" HXT ALA A   3 "   -0.003 2.00e-02 2.50e+03
        pdb=" CA  ALA A   3 "   -0.006 2.00e-02 2.50e+03
                                 delta    sigma   weight rms_deltas residual
  plane pdb=" C   GLY A   1 "   -0.023 2.00e-02 2.50e+03   1.31e-02 1.71e+00
        pdb=" O   GLY A   1 "    0.009 2.00e-02 2.50e+03
        pdb=" CA  GLY A   1 "    0.006 2.00e-02 2.50e+03
        pdb=" N   PHE A   2 "    0.008 2.00e-02 2.50e+03
  ... (remaining 3 not shown)

  Histogram of nonbonded interaction distances:
        1.75 -     2.38: 13
        2.38 -     3.01: 66
        3.01 -     3.64: 59
        3.64 -     4.27: 76
        4.27 -     4.90: 97
  Nonbonded interactions: 311
  Sorted by model distance:
  nonbonded pdb=" H   PHE A   2 "
            pdb=" H   ALA A   3 "
     model   vdw
     1.754 2.100
  nonbonded pdb=" HD1 PHE A   2 "
            pdb=" HE1 PHE A   2 "
     model   vdw
     2.194 1.680
  nonbonded pdb=" HB1 ALA A   3 "
            pdb=" H   ALA A   3 "
     model   vdw
     2.243 2.270
  nonbonded pdb=" HZ  PHE A   2 "
            pdb=" HE2 PHE A   2 "
     model   vdw
     2.276 1.680
  nonbonded pdb=" O   GLY A   1 "
            pdb=" HB2 PHE A   2 "
     model   vdw
     2.280 2.740
  ... (remaining 306 not shown)

  NOTE: a complete listing of the restraints can be obtained by requesting
        output of .geo file.

                   ----------xray_structure summary----------                  

Number of scattering types: 4
  Type Number    sf(0)   Gaussians
   O       4      7.97       2
   N       3      6.97       2
   C      14      5.97       2
   H      19      1.00       2
  sf(0) = scattering factor at diffraction angle 0.
Number of scatterers: 40
At special positions: 0
Unit cell: (10.911, 16.632, 13.445, 90, 90, 90)
Space group: P 1 (No. 1)

End of input processing
r_work=0.6045 r_free=0.4271
params.data_weight: None
params.restraints: qm
rmsd(b), start:  0.0845
mc:   0 R: 0.2885 rmsd(b):  1.0414 restraint_scale:  2.0 min_steps: 53
mc:   1 R: 0.2909 rmsd(b):  1.0414 restraint_scale:  4.0 min_steps: 4
mc:   2 R: 0.2968 rmsd(b):  1.0483 restraint_scale:  8.0 min_steps: 22
mc:   3 R: 0.3080 rmsd(b):  1.0407 restraint_scale: 16.0 min_steps: 6
mc:   4 R: 0.3080 rmsd(b):  1.0407 restraint_scale: 32.0 min_steps: 1
Convergence reached, stop now.
see the result structure:  ./p26/04_results/refine_qm/242_GFA08-new/1.2/4.pdb
Time: 1789.0384
