phenix.python
you are importing  adaptive calculator, and it does nothing. Please give it energy, force....... 

============================== Collecting inputs ==============================


                   ----------Processing X-ray data----------                   

F-obs:
  /scratch/m_zhen01/30995.lupus.uni-muenster.de/p26/02_mtz/200_WG13-new.mtz:F-obs
Miller array info: None
Observation type: xray.amplitude
Type of data: double, size=182
Type of sigmas: None
Number of Miller indices: 182
Anomalous flag: False
Unit cell: (12.646, 10.326, 13.899, 90, 90, 90)
Space group: P 1 (No. 1)
Systematic absences: 0
Centric reflections: 0
Resolution range: 3.99915 2.51363
Completeness in resolution range: 1
Completeness with d_max=infinity: 0.752066

Number of F-obs in resolution range:                   182
Number of F-obs<0 (these reflections will be rejected): 0
Number of F-obs=0 (these reflections will be used in refinement): 0
Refinement resolution range: d_max =   3.9992
                             d_min =   2.5136

R-free flags:
  /scratch/m_zhen01/30995.lupus.uni-muenster.de/p26/02_mtz/200_WG13-new.mtz:R-free-flags
Miller array info: /scratch/m_zhen01/30995.lupus.uni-muenster.de/p26/02_mtz/200_WG13-new.mtz:R-free-flags
Observation type: None
Type of data: int, size=182
Type of sigmas: None
Number of Miller indices: 182
Anomalous flag: False
Unit cell: (12.646, 10.326, 13.899, 90, 90, 90)
Space group: P 1 (No. 1)
Systematic absences: 0
Centric reflections: 0
Resolution range: 3.99915 2.51363
Completeness in resolution range: 1
Completeness with d_max=infinity: 0.752066
Wavelength: 1.0000

Test (R-free flags) flag value: 1

Number of work/free reflections by resolution:
                                  work free  %free
  bin  1: 3.9992 - 3.6617 [18/18]   16    2  11.1%
  bin  2: 3.6617 - 3.4154 [14/14]   14    0   0.0%
  bin  3: 3.4154 - 3.2243 [22/22]   20    2   9.1%
  bin  4: 3.2243 - 3.0698 [15/15]   15    0   0.0%
  bin  5: 3.0698 - 2.9413 [30/30]   28    2   6.7%
  bin  6: 2.9413 - 2.8319 [ 8/8 ]    8    0   0.0%
  bin  7: 2.8319 - 2.7371 [15/15]   15    0   0.0%
  bin  8: 2.7371 - 2.6539 [18/18]   16    2  11.1%
  bin  9: 2.6539 - 2.5800 [23/23]   23    0   0.0%
  bin 10: 2.5800 - 2.5136 [19/19]   19    0   0.0%
                          overall  174    8   4.4%

                   ----------Processing PDB file(s)----------                  

  Monomer Library directory:
    "/tmp1/m_zhen01/phenix-installer-1.10.1-2155-intel-linux-2.6-x86_64-centos5/phenix-1.10.1-2155/modules/chem_data/mon_lib"
  Total number of atoms: 34
  Number of models: 1
  Model: ""
    Number of chains: 1
    Chain: "A"
      Number of atoms: 34
      Number of conformers: 1
      Conformer: ""
        Number of residues, atoms: 2, 34
          Classifications: {'peptide': 2}
          Modifications used: {'NH2NOTPRO': 1, 'COOH': 1}
          Link IDs: {'TRANS': 1}
  Time building chain proxies: 0.07, per 1000 atoms: 2.06
  Number of scatterers: 34
  At special positions: 0
  Unit cell: (12.646, 10.326, 13.899, 90, 90, 90)
  Space group: P 1 (No. 1)
  Number of sites at special positions: 0
  Number of scattering types: 4
    Type Number    sf(0)
     O       3      8.00
     N       3      7.00
     C      13      6.00
     H      15      1.00
    sf(0) = scattering factor at diffraction angle 0.

  Number of disulfides: simple=0, symmetry=0

  Automatic linking
    Parameters for automatic linking
      Linking & cutoffs
        Metal                : False - 3.50
        Amimo acid           : False - 1.90
        Carbohydrate         : True  - 1.99
        Ligands              : True  - 1.99
        Amino acid - RNA/DNA : False
      
  Number of custom bonds: simple=0, symmetry=0
  Time building additional restraints: 0.02
  Conformation dependent library (CDL) restraints added in 442.0 microseconds
  
  Adding C-beta torsion restraints...
  Number of C-beta restraints generated:  2
  Time building geometry restraints manager: 0.03 seconds

  NOTE: a complete listing of the restraints can be obtained by requesting
        output of .geo file.

  Histogram of bond lengths:
        0.81 -     0.96: 11
        0.96 -     1.11: 4
        1.11 -     1.26: 2
        1.26 -     1.41: 9
        1.41 -     1.56: 9
  Bond restraints: 35
  Sorted by residual:
  bond pdb=" CD1 TRP A   1 "
       pdb=" HD1 TRP A   1 "
    ideal  model  delta    sigma   weight residual
    0.930  0.877  0.053 2.00e-02 2.50e+03 6.96e+00
  bond pdb=" CA  GLY A   2 "
       pdb=" HA2 GLY A   2 "
    ideal  model  delta    sigma   weight residual
    0.970  1.020 -0.050 2.00e-02 2.50e+03 6.36e+00
  bond pdb=" N   GLY A   2 "
       pdb=" H   GLY A   2 "
    ideal  model  delta    sigma   weight residual
    0.860  0.815  0.045 2.00e-02 2.50e+03 5.09e+00
  bond pdb=" CE3 TRP A   1 "
       pdb=" CD2 TRP A   1 "
    ideal  model  delta    sigma   weight residual
    1.398  1.430 -0.032 1.60e-02 3.91e+03 3.90e+00
  bond pdb=" CG  TRP A   1 "
       pdb=" CD1 TRP A   1 "
    ideal  model  delta    sigma   weight residual
    1.365  1.316  0.049 2.50e-02 1.60e+03 3.83e+00
  ... (remaining 30 not shown)

  Histogram of bond angle deviations from ideal:
      104.91 -   110.94: 20
      110.94 -   116.97: 8
      116.97 -   122.99: 15
      122.99 -   129.02: 12
      129.02 -   135.04: 2
  Bond angle restraints: 57
  Sorted by residual:
  angle pdb=" CA  TRP A   1 "
        pdb=" N   TRP A   1 "
        pdb=" H1  TRP A   1 "
      ideal   model   delta    sigma   weight residual
     109.47  119.11   -9.64 3.00e+00 1.11e-01 1.03e+01
  angle pdb=" C   TRP A   1 "
        pdb=" CA  TRP A   1 "
        pdb=" CB  TRP A   1 "
      ideal   model   delta    sigma   weight residual
     110.10  114.39   -4.29 1.90e+00 2.77e-01 5.11e+00
  angle pdb=" C   TRP A   1 "
        pdb=" CA  TRP A   1 "
        pdb=" N   TRP A   1 "
      ideal   model   delta    sigma   weight residual
     111.00  106.20    4.80 2.80e+00 1.28e-01 2.93e+00
  angle pdb=" CA  TRP A   1 "
        pdb=" CB  TRP A   1 "
        pdb=" HB2 TRP A   1 "
      ideal   model   delta    sigma   weight residual
     109.00  114.13   -5.13 3.00e+00 1.11e-01 2.92e+00
  angle pdb=" NE1 TRP A   1 "
        pdb=" CE2 TRP A   1 "
        pdb=" CD2 TRP A   1 "
      ideal   model   delta    sigma   weight residual
     107.40  105.52    1.88 1.30e+00 5.92e-01 2.09e+00
  ... (remaining 52 not shown)

  Histogram of dihedral angle deviations from ideal:
        0.09 -     6.20: 12
        6.20 -    12.30: 0
       12.30 -    18.41: 0
       18.41 -    24.52: 0
       24.52 -    30.62: 1
  Dihedral angle restraints: 13
    sinusoidal: 3
      harmonic: 10
  Sorted by residual:
  dihedral pdb=" OXT GLY A   2 "
           pdb=" C   GLY A   2 "
           pdb=" CA  GLY A   2 "
           pdb=" N   GLY A   2 "
      ideal   model   delta sinusoidal    sigma   weight residual
     160.00 -169.38  -30.62     2      3.00e+01 1.11e-03 1.38e+00
  dihedral pdb=" N   TRP A   1 "
           pdb=" C   TRP A   1 "
           pdb=" CA  TRP A   1 "
           pdb=" CB  TRP A   1 "
      ideal   model   delta  harmonic     sigma   weight residual
     122.80  120.23    2.57     0      2.50e+00 1.60e-01 1.06e+00
  dihedral pdb=" C   TRP A   1 "
           pdb=" N   TRP A   1 "
           pdb=" CA  TRP A   1 "
           pdb=" CB  TRP A   1 "
      ideal   model   delta  harmonic     sigma   weight residual
    -122.60 -123.69    1.09     0      2.50e+00 1.60e-01 1.89e-01
  ... (remaining 10 not shown)

  Histogram of chiral volume deviations from ideal:
       0.133 -    0.133: 1
       0.133 -    0.133: 0
       0.133 -    0.133: 0
       0.133 -    0.133: 0
       0.133 -    0.133: 0
  Chirality restraints: 1
  Sorted by residual:
  chirality pdb=" CA  TRP A   1 "
            pdb=" C   TRP A   1 "
            pdb=" N   TRP A   1 "
            pdb=" CB  TRP A   1 "
    both_signs  ideal   model   delta    sigma   weight residual
      False     -2.51   -2.64    0.13 2.00e-01 2.50e+01 4.40e-01

  Planarity restraints: 4
  Sorted by residual:
                                 delta    sigma   weight rms_deltas residual
  plane pdb=" CB  TRP A   1 "   -0.038 2.00e-02 2.50e+03   1.31e-02 6.86e+00
        pdb=" CG  TRP A   1 "    0.016 2.00e-02 2.50e+03
        pdb=" CD1 TRP A   1 "    0.009 2.00e-02 2.50e+03
        pdb=" HD1 TRP A   1 "   -0.005 2.00e-02 2.50e+03
        pdb=" NE1 TRP A   1 "   -0.004 2.00e-02 2.50e+03
        pdb=" HE1 TRP A   1 "    0.006 2.00e-02 2.50e+03
        pdb=" CE2 TRP A   1 "    0.013 2.00e-02 2.50e+03
        pdb=" CZ2 TRP A   1 "   -0.006 2.00e-02 2.50e+03
        pdb=" HZ2 TRP A   1 "   -0.002 2.00e-02 2.50e+03
        pdb=" CH2 TRP A   1 "   -0.011 2.00e-02 2.50e+03
        pdb=" HH2 TRP A   1 "   -0.011 2.00e-02 2.50e+03
        pdb=" CZ3 TRP A   1 "    0.004 2.00e-02 2.50e+03
        pdb=" HZ3 TRP A   1 "   -0.003 2.00e-02 2.50e+03
        pdb=" CE3 TRP A   1 "    0.006 2.00e-02 2.50e+03
        pdb=" HE3 TRP A   1 "    0.017 2.00e-02 2.50e+03
        pdb=" CD2 TRP A   1 "    0.011 2.00e-02 2.50e+03
                                 delta    sigma   weight rms_deltas residual
  plane pdb=" C   TRP A   1 "   -0.026 2.00e-02 2.50e+03   1.51e-02 2.28e+00
        pdb=" O   TRP A   1 "    0.010 2.00e-02 2.50e+03
        pdb=" CA  TRP A   1 "    0.007 2.00e-02 2.50e+03
        pdb=" N   GLY A   2 "    0.009 2.00e-02 2.50e+03
                                 delta    sigma   weight rms_deltas residual
  plane pdb=" C   TRP A   1 "    0.005 2.00e-02 2.50e+03   1.04e-02 1.07e+00
        pdb=" CA  GLY A   2 "    0.004 2.00e-02 2.50e+03
        pdb=" N   GLY A   2 "   -0.018 2.00e-02 2.50e+03
        pdb=" H   GLY A   2 "    0.008 2.00e-02 2.50e+03
  ... (remaining 1 not shown)

  Histogram of nonbonded interaction distances:
        2.06 -     2.63: 23
        2.63 -     3.20: 44
        3.20 -     3.76: 67
        3.76 -     4.33: 79
        4.33 -     4.90: 81
  Nonbonded interactions: 294
  Sorted by model distance:
  nonbonded pdb=" H2  TRP A   1 "
            pdb=" HB1 TRP A   1 "
     model   vdw
     2.061 2.270
  nonbonded pdb=" HZ2 TRP A   1 "
            pdb=" HH2 TRP A   1 "
     model   vdw
     2.250 1.680
  nonbonded pdb=" HH2 TRP A   1 "
            pdb=" HZ3 TRP A   1 "
     model   vdw
     2.287 1.680
  nonbonded pdb=" H2  TRP A   1 "
            pdb=" CB  TRP A   1 "
     model   vdw
     2.309 2.376
  nonbonded pdb=" HA  TRP A   1 "
            pdb=" H1  TRP A   1 "
     model   vdw
     2.321 1.816
  ... (remaining 289 not shown)

  NOTE: a complete listing of the restraints can be obtained by requesting
        output of .geo file.

                   ----------xray_structure summary----------                  

Number of scattering types: 4
  Type Number    sf(0)   Gaussians
   O       3      7.97       2
   N       3      6.97       2
   C      13      5.97       2
   H      15      1.00       2
  sf(0) = scattering factor at diffraction angle 0.
Number of scatterers: 34
At special positions: 0
Unit cell: (12.646, 10.326, 13.899, 90, 90, 90)
Space group: P 1 (No. 1)

End of input processing
r_work=0.2154 r_free=0.1996
params.data_weight: None
params.restraints: cctbx
rmsd(b), start:  0.0885
mc:   0 R: 0.0462 rmsd(b):  0.0246 restraint_scale:  1.0 min_steps: 24
mc:   1 R: 0.0100 rmsd(b):  0.0192 restraint_scale:  1.0 min_steps: 18
mc:   2 R: 0.0064 rmsd(b):  0.0301 restraint_scale:  2.0 min_steps: 27
mc:   3 R: 0.0062 rmsd(b):  0.0291 restraint_scale:  2.0 min_steps: 13
Convergence reached, stop now.
see the result structure:  ./p26/04_results/refine_cctbx/200_WG13-new/0.3/1.pdb
Time: 5.2113
