phenix.python
you are importing  adaptive calculator, and it does nothing. Please give it energy, force....... 

============================== Collecting inputs ==============================


                   ----------Processing X-ray data----------                   

F-obs:
  /scratch/m_zhen01/30995.lupus.uni-muenster.de/p26/02_mtz/192_WG10-new.mtz:F-obs
Miller array info: None
Observation type: xray.amplitude
Type of data: double, size=187
Type of sigmas: None
Number of Miller indices: 187
Anomalous flag: False
Unit cell: (13.922, 12.016, 11.088, 90, 90, 90)
Space group: P 1 (No. 1)
Systematic absences: 0
Centric reflections: 0
Resolution range: 3.91036 2.51701
Completeness in resolution range: 1
Completeness with d_max=infinity: 0.74502

Number of F-obs in resolution range:                   187
Number of F-obs<0 (these reflections will be rejected): 0
Number of F-obs=0 (these reflections will be used in refinement): 0
Refinement resolution range: d_max =   3.9104
                             d_min =   2.5170

R-free flags:
  /scratch/m_zhen01/30995.lupus.uni-muenster.de/p26/02_mtz/192_WG10-new.mtz:R-free-flags
Miller array info: /scratch/m_zhen01/30995.lupus.uni-muenster.de/p26/02_mtz/192_WG10-new.mtz:R-free-flags
Observation type: None
Type of data: int, size=187
Type of sigmas: None
Number of Miller indices: 187
Anomalous flag: False
Unit cell: (13.922, 12.016, 11.088, 90, 90, 90)
Space group: P 1 (No. 1)
Systematic absences: 0
Centric reflections: 0
Resolution range: 3.91036 2.51701
Completeness in resolution range: 1
Completeness with d_max=infinity: 0.74502
Wavelength: 1.0000

Test (R-free flags) flag value: 1

Number of work/free reflections by resolution:
                                  work free  %free
  bin  1: 3.9104 - 3.6062 [15/15]   15    0   0.0%
  bin  2: 3.6062 - 3.3789 [25/25]   25    0   0.0%
  bin  3: 3.3789 - 3.1999 [16/16]   16    0   0.0%
  bin  4: 3.1999 - 3.0536 [18/18]   10    8  44.4%
  bin  5: 3.0536 - 2.9309 [13/13]   11    2  15.4%
  bin  6: 2.9309 - 2.8258 [24/24]   24    0   0.0%
  bin  7: 2.8258 - 2.7343 [ 8/8 ]    8    0   0.0%
  bin  8: 2.7343 - 2.6537 [22/22]   20    2   9.1%
  bin  9: 2.6537 - 2.5817 [24/24]   24    0   0.0%
  bin 10: 2.5817 - 2.5170 [22/22]   22    0   0.0%
                          overall  175   12   6.4%

                   ----------Processing PDB file(s)----------                  

  Monomer Library directory:
    "/tmp1/m_zhen01/phenix-installer-1.10.1-2155-intel-linux-2.6-x86_64-centos5/phenix-1.10.1-2155/modules/chem_data/mon_lib"
  Total number of atoms: 34
  Number of models: 1
  Model: ""
    Number of chains: 1
    Chain: "A"
      Number of atoms: 34
      Number of conformers: 1
      Conformer: ""
        Number of residues, atoms: 2, 34
          Classifications: {'peptide': 2}
          Modifications used: {'NH2NOTPRO': 1, 'COOH': 1}
          Link IDs: {'TRANS': 1}
  Time building chain proxies: 0.07, per 1000 atoms: 2.06
  Number of scatterers: 34
  At special positions: 0
  Unit cell: (13.922, 12.016, 11.088, 90, 90, 90)
  Space group: P 1 (No. 1)
  Number of sites at special positions: 0
  Number of scattering types: 4
    Type Number    sf(0)
     O       3      8.00
     N       3      7.00
     C      13      6.00
     H      15      1.00
    sf(0) = scattering factor at diffraction angle 0.

  Number of disulfides: simple=0, symmetry=0

  Automatic linking
    Parameters for automatic linking
      Linking & cutoffs
        Metal                : False - 3.50
        Amimo acid           : False - 1.90
        Carbohydrate         : True  - 1.99
        Ligands              : True  - 1.99
        Amino acid - RNA/DNA : False
      
  Number of custom bonds: simple=0, symmetry=0
  Time building additional restraints: 0.02
  Conformation dependent library (CDL) restraints added in 568.2 microseconds
  
  Adding C-beta torsion restraints...
  Number of C-beta restraints generated:  2
  Time building geometry restraints manager: 0.02 seconds

  NOTE: a complete listing of the restraints can be obtained by requesting
        output of .geo file.

  Histogram of bond lengths:
        0.84 -     0.98: 13
        0.98 -     1.12: 2
        1.12 -     1.26: 2
        1.26 -     1.40: 9
        1.40 -     1.54: 9
  Bond restraints: 35
  Sorted by residual:
  bond pdb=" CA  GLY A   2 "
       pdb=" HA1 GLY A   2 "
    ideal  model  delta    sigma   weight residual
    0.970  0.919  0.051 2.00e-02 2.50e+03 6.55e+00
  bond pdb=" CZ3 TRP A   1 "
       pdb=" HZ3 TRP A   1 "
    ideal  model  delta    sigma   weight residual
    0.930  0.974 -0.044 2.00e-02 2.50e+03 4.78e+00
  bond pdb=" CB  TRP A   1 "
       pdb=" HB1 TRP A   1 "
    ideal  model  delta    sigma   weight residual
    0.970  1.007 -0.037 2.00e-02 2.50e+03 3.34e+00
  bond pdb=" CA  GLY A   2 "
       pdb=" HA2 GLY A   2 "
    ideal  model  delta    sigma   weight residual
    0.970  0.934  0.036 2.00e-02 2.50e+03 3.19e+00
  bond pdb=" CE3 TRP A   1 "
       pdb=" HE3 TRP A   1 "
    ideal  model  delta    sigma   weight residual
    0.930  0.963 -0.033 2.00e-02 2.50e+03 2.75e+00
  ... (remaining 30 not shown)

  Histogram of bond angle deviations from ideal:
      102.61 -   108.91: 15
      108.91 -   115.20: 11
      115.20 -   121.49: 16
      121.49 -   127.79: 13
      127.79 -   134.08: 2
  Bond angle restraints: 57
  Sorted by residual:
  angle pdb=" CA  TRP A   1 "
        pdb=" N   TRP A   1 "
        pdb=" H1  TRP A   1 "
      ideal   model   delta    sigma   weight residual
     109.47  102.61    6.86 3.00e+00 1.11e-01 5.23e+00
  angle pdb=" OXT GLY A   2 "
        pdb=" C   GLY A   2 "
        pdb=" CA  GLY A   2 "
      ideal   model   delta    sigma   weight residual
     118.60  124.17   -5.57 3.00e+00 1.11e-01 3.45e+00
  angle pdb=" C   GLY A   2 "
        pdb=" CA  GLY A   2 "
        pdb=" HA2 GLY A   2 "
      ideal   model   delta    sigma   weight residual
     109.00  104.04    4.96 3.00e+00 1.11e-01 2.73e+00
  angle pdb=" CG  TRP A   1 "
        pdb=" CD1 TRP A   1 "
        pdb=" NE1 TRP A   1 "
      ideal   model   delta    sigma   weight residual
     110.20  108.69    1.51 1.30e+00 5.92e-01 1.35e+00
  angle pdb=" CZ2 TRP A   1 "
        pdb=" CH2 TRP A   1 "
        pdb=" CZ3 TRP A   1 "
      ideal   model   delta    sigma   weight residual
     121.50  122.93   -1.43 1.30e+00 5.92e-01 1.20e+00
  ... (remaining 52 not shown)

  Histogram of dihedral angle deviations from ideal:
        0.34 -     4.22: 10
        4.22 -     8.10: 1
        8.10 -    11.99: 0
       11.99 -    15.87: 1
       15.87 -    19.76: 1
  Dihedral angle restraints: 13
    sinusoidal: 3
      harmonic: 10
  Sorted by residual:
  dihedral pdb=" CA  TRP A   1 "
           pdb=" CB  TRP A   1 "
           pdb=" CG  TRP A   1 "
           pdb=" CD1 TRP A   1 "
      ideal   model   delta sinusoidal    sigma   weight residual
     -90.00  -70.24  -19.76     2      2.00e+01 2.50e-03 1.37e+00
  dihedral pdb=" C   TRP A   1 "
           pdb=" N   TRP A   1 "
           pdb=" CA  TRP A   1 "
           pdb=" CB  TRP A   1 "
      ideal   model   delta  harmonic     sigma   weight residual
    -122.60 -124.08    1.48     0      2.50e+00 1.60e-01 3.51e-01
  dihedral pdb=" N   TRP A   1 "
           pdb=" C   TRP A   1 "
           pdb=" CA  TRP A   1 "
           pdb=" CB  TRP A   1 "
      ideal   model   delta  harmonic     sigma   weight residual
     122.80  124.28   -1.48     0      2.50e+00 1.60e-01 3.49e-01
  ... (remaining 10 not shown)

  Histogram of chiral volume deviations from ideal:
       0.117 -    0.117: 1
       0.117 -    0.117: 0
       0.117 -    0.117: 0
       0.117 -    0.117: 0
       0.117 -    0.117: 0
  Chirality restraints: 1
  Sorted by residual:
  chirality pdb=" CA  TRP A   1 "
            pdb=" C   TRP A   1 "
            pdb=" N   TRP A   1 "
            pdb=" CB  TRP A   1 "
    both_signs  ideal   model   delta    sigma   weight residual
      False     -2.51   -2.39   -0.12 2.00e-01 2.50e+01 3.43e-01

  Planarity restraints: 4
  Sorted by residual:
                                 delta    sigma   weight rms_deltas residual
  plane pdb=" CB  TRP A   1 "   -0.026 2.00e-02 2.50e+03   1.14e-02 5.20e+00
        pdb=" CG  TRP A   1 "    0.005 2.00e-02 2.50e+03
        pdb=" CD1 TRP A   1 "    0.007 2.00e-02 2.50e+03
        pdb=" HD1 TRP A   1 "   -0.005 2.00e-02 2.50e+03
        pdb=" NE1 TRP A   1 "   -0.009 2.00e-02 2.50e+03
        pdb=" HE1 TRP A   1 "    0.016 2.00e-02 2.50e+03
        pdb=" CE2 TRP A   1 "    0.010 2.00e-02 2.50e+03
        pdb=" CZ2 TRP A   1 "   -0.004 2.00e-02 2.50e+03
        pdb=" HZ2 TRP A   1 "   -0.017 2.00e-02 2.50e+03
        pdb=" CH2 TRP A   1 "   -0.007 2.00e-02 2.50e+03
        pdb=" HH2 TRP A   1 "   -0.002 2.00e-02 2.50e+03
        pdb=" CZ3 TRP A   1 "    0.001 2.00e-02 2.50e+03
        pdb=" HZ3 TRP A   1 "    0.002 2.00e-02 2.50e+03
        pdb=" CE3 TRP A   1 "    0.009 2.00e-02 2.50e+03
        pdb=" HE3 TRP A   1 "    0.000 2.00e-02 2.50e+03
        pdb=" CD2 TRP A   1 "    0.021 2.00e-02 2.50e+03
                                 delta    sigma   weight rms_deltas residual
  plane pdb=" C   TRP A   1 "   -0.006 2.00e-02 2.50e+03   1.12e-02 1.26e+00
        pdb=" CA  GLY A   2 "   -0.005 2.00e-02 2.50e+03
        pdb=" N   GLY A   2 "    0.019 2.00e-02 2.50e+03
        pdb=" H   GLY A   2 "   -0.009 2.00e-02 2.50e+03
                                 delta    sigma   weight rms_deltas residual
  plane pdb=" C   TRP A   1 "    0.004 2.00e-02 2.50e+03   2.14e-03 4.58e-02
        pdb=" O   TRP A   1 "   -0.001 2.00e-02 2.50e+03
        pdb=" CA  TRP A   1 "   -0.001 2.00e-02 2.50e+03
        pdb=" N   GLY A   2 "   -0.001 2.00e-02 2.50e+03
  ... (remaining 1 not shown)

  Histogram of nonbonded interaction distances:
        2.21 -     2.75: 29
        2.75 -     3.28: 45
        3.28 -     3.82: 54
        3.82 -     4.36: 62
        4.36 -     4.89: 58
  Nonbonded interactions: 248
  Sorted by model distance:
  nonbonded pdb=" HA  TRP A   1 "
            pdb=" H1  TRP A   1 "
     model   vdw
     2.211 1.816
  nonbonded pdb=" O   GLY A   2 "
            pdb=" HXT GLY A   2 "
     model   vdw
     2.260 2.056
  nonbonded pdb=" HH2 TRP A   1 "
            pdb=" HZ3 TRP A   1 "
     model   vdw
     2.300 1.680
  nonbonded pdb=" HA  TRP A   1 "
            pdb=" HB1 TRP A   1 "
     model   vdw
     2.330 1.952
  nonbonded pdb=" H1  TRP A   1 "
            pdb=" HD1 TRP A   1 "
     model   vdw
     2.332 2.100
  ... (remaining 243 not shown)

  NOTE: a complete listing of the restraints can be obtained by requesting
        output of .geo file.

                   ----------xray_structure summary----------                  

Number of scattering types: 4
  Type Number    sf(0)   Gaussians
   O       3      7.97       2
   N       3      6.97       2
   C      13      5.97       2
   H      15      1.00       2
  sf(0) = scattering factor at diffraction angle 0.
Number of scatterers: 34
At special positions: 0
Unit cell: (13.922, 12.016, 11.088, 90, 90, 90)
Space group: P 1 (No. 1)

End of input processing
r_work=0.3973 r_free=0.4213
params.data_weight: None
params.restraints: cctbx
rmsd(b), start:  0.0827
mc:   0 R: 0.1259 rmsd(b):  0.0614 restraint_scale:  2.0 min_steps: 29
mc:   1 R: 0.0197 rmsd(b):  0.0122 restraint_scale:  2.0 min_steps: 30
mc:   2 R: 0.0103 rmsd(b):  0.0165 restraint_scale:  2.0 min_steps: 35
mc:   3 R: 0.0068 rmsd(b):  0.0560 restraint_scale:  4.0 min_steps: 37
mc:   4 R: 0.0069 rmsd(b):  0.0557 restraint_scale:  8.0 min_steps: 14
Convergence reached, stop now.
see the result structure:  ./p26/04_results/refine_cctbx/192_WG10-new/0.6/0.pdb
Time: 6.1523
