phenix.python
you are importing  adaptive calculator, and it does nothing. Please give it energy, force....... 

============================== Collecting inputs ==============================


                   ----------Processing X-ray data----------                   

F-obs:
  /scratch/m_zhen01/30995.lupus.uni-muenster.de/p26/02_mtz/191_WG03-new.mtz:F-obs
Miller array info: None
Observation type: xray.amplitude
Type of data: double, size=190
Type of sigmas: None
Number of Miller indices: 190
Anomalous flag: False
Unit cell: (13.42, 12.587, 10.96, 90, 90, 90)
Space group: P 1 (No. 1)
Systematic absences: 0
Centric reflections: 0
Resolution range: 3.94978 2.50559
Completeness in resolution range: 1
Completeness with d_max=infinity: 0.753968

Number of F-obs in resolution range:                   190
Number of F-obs<0 (these reflections will be rejected): 0
Number of F-obs=0 (these reflections will be used in refinement): 0
Refinement resolution range: d_max =   3.9498
                             d_min =   2.5056

R-free flags:
  /scratch/m_zhen01/30995.lupus.uni-muenster.de/p26/02_mtz/191_WG03-new.mtz:R-free-flags
Miller array info: /scratch/m_zhen01/30995.lupus.uni-muenster.de/p26/02_mtz/191_WG03-new.mtz:R-free-flags
Observation type: None
Type of data: int, size=190
Type of sigmas: None
Number of Miller indices: 190
Anomalous flag: False
Unit cell: (13.42, 12.587, 10.96, 90, 90, 90)
Space group: P 1 (No. 1)
Systematic absences: 0
Centric reflections: 0
Resolution range: 3.94978 2.50559
Completeness in resolution range: 1
Completeness with d_max=infinity: 0.753968
Wavelength: 1.0000

Test (R-free flags) flag value: 1

Number of work/free reflections by resolution:
                                  work free  %free
  bin  1: 3.9498 - 3.6267 [17/17]   17    0   0.0%
  bin  2: 3.6267 - 3.3887 [20/20]   20    0   0.0%
  bin  3: 3.3887 - 3.2030 [21/21]   21    0   0.0%
  bin  4: 3.2030 - 3.0523 [19/19]   11    8  42.1%
  bin  5: 3.0523 - 2.9264 [20/20]   20    0   0.0%
  bin  6: 2.9264 - 2.8191 [14/14]   14    0   0.0%
  bin  7: 2.8191 - 2.7259 [17/17]   17    0   0.0%
  bin  8: 2.7259 - 2.6440 [17/17]   17    0   0.0%
  bin  9: 2.6440 - 2.5711 [20/20]   16    4  20.0%
  bin 10: 2.5711 - 2.5056 [25/25]   25    0   0.0%
                          overall  178   12   6.3%

                   ----------Processing PDB file(s)----------                  

  Monomer Library directory:
    "/tmp1/m_zhen01/phenix-installer-1.10.1-2155-intel-linux-2.6-x86_64-centos5/phenix-1.10.1-2155/modules/chem_data/mon_lib"
  Total number of atoms: 34
  Number of models: 1
  Model: ""
    Number of chains: 1
    Chain: "A"
      Number of atoms: 34
      Number of conformers: 1
      Conformer: ""
        Number of residues, atoms: 2, 34
          Classifications: {'peptide': 2}
          Modifications used: {'NH2NOTPRO': 1, 'COOH': 1}
          Link IDs: {'TRANS': 1}
  Time building chain proxies: 0.08, per 1000 atoms: 2.35
  Number of scatterers: 34
  At special positions: 0
  Unit cell: (13.42, 12.587, 10.96, 90, 90, 90)
  Space group: P 1 (No. 1)
  Number of sites at special positions: 0
  Number of scattering types: 4
    Type Number    sf(0)
     O       3      8.00
     N       3      7.00
     C      13      6.00
     H      15      1.00
    sf(0) = scattering factor at diffraction angle 0.

  Number of disulfides: simple=0, symmetry=0

  Automatic linking
    Parameters for automatic linking
      Linking & cutoffs
        Metal                : False - 3.50
        Amimo acid           : False - 1.90
        Carbohydrate         : True  - 1.99
        Ligands              : True  - 1.99
        Amino acid - RNA/DNA : False
      
  Number of custom bonds: simple=0, symmetry=0
  Time building additional restraints: 0.02
  Conformation dependent library (CDL) restraints added in 447.0 microseconds
  
  Adding C-beta torsion restraints...
  Number of C-beta restraints generated:  2
  Time building geometry restraints manager: 0.02 seconds

  NOTE: a complete listing of the restraints can be obtained by requesting
        output of .geo file.

  Histogram of bond lengths:
        0.85 -     0.99: 14
        0.99 -     1.14: 1
        1.14 -     1.28: 2
        1.28 -     1.43: 11
        1.43 -     1.58: 7
  Bond restraints: 35
  Sorted by residual:
  bond pdb=" CA  GLY A   2 "
       pdb=" HA1 GLY A   2 "
    ideal  model  delta    sigma   weight residual
    0.970  0.913  0.057 2.00e-02 2.50e+03 8.11e+00
  bond pdb=" CB  TRP A   1 "
       pdb=" CG  TRP A   1 "
    ideal  model  delta    sigma   weight residual
    1.498  1.576 -0.078 3.10e-02 1.04e+03 6.26e+00
  bond pdb=" CD1 TRP A   1 "
       pdb=" HD1 TRP A   1 "
    ideal  model  delta    sigma   weight residual
    0.930  0.887  0.043 2.00e-02 2.50e+03 4.70e+00
  bond pdb=" C   GLY A   2 "
       pdb=" CA  GLY A   2 "
    ideal  model  delta    sigma   weight residual
    1.516  1.478  0.038 1.80e-02 3.09e+03 4.45e+00
  bond pdb=" OXT GLY A   2 "
       pdb=" HXT GLY A   2 "
    ideal  model  delta    sigma   weight residual
    0.948  0.907  0.041 2.00e-02 2.50e+03 4.11e+00
  ... (remaining 30 not shown)

  Histogram of bond angle deviations from ideal:
      102.84 -   109.28: 13
      109.28 -   115.72: 14
      115.72 -   122.15: 18
      122.15 -   128.59: 9
      128.59 -   135.03: 3
  Bond angle restraints: 57
  Sorted by residual:
  angle pdb=" CB  TRP A   1 "
        pdb=" CG  TRP A   1 "
        pdb=" CD2 TRP A   1 "
      ideal   model   delta    sigma   weight residual
     126.80  131.53   -4.73 1.40e+00 5.10e-01 1.14e+01
  angle pdb=" CB  TRP A   1 "
        pdb=" CG  TRP A   1 "
        pdb=" CD1 TRP A   1 "
      ideal   model   delta    sigma   weight residual
     126.90  122.75    4.15 1.50e+00 4.44e-01 7.65e+00
  angle pdb=" C   GLY A   2 "
        pdb=" OXT GLY A   2 "
        pdb=" HXT GLY A   2 "
      ideal   model   delta    sigma   weight residual
     108.00  113.40   -5.40 3.00e+00 1.11e-01 3.25e+00
  angle pdb=" HB2 TRP A   1 "
        pdb=" CB  TRP A   1 "
        pdb=" CG  TRP A   1 "
      ideal   model   delta    sigma   weight residual
     108.00  102.84    5.16 3.00e+00 1.11e-01 2.96e+00
  angle pdb=" C   TRP A   1 "
        pdb=" CA  TRP A   1 "
        pdb=" N   TRP A   1 "
      ideal   model   delta    sigma   weight residual
     111.00  106.85    4.15 2.80e+00 1.28e-01 2.20e+00
  ... (remaining 52 not shown)

  Histogram of dihedral angle deviations from ideal:
        0.26 -    35.14: 11
       35.14 -    70.02: 1
       70.02 -   104.90: 0
      104.90 -   139.78: 0
      139.78 -   174.66: 1
  Dihedral angle restraints: 13
    sinusoidal: 3
      harmonic: 10
  Sorted by residual:
  dihedral pdb=" O   GLY A   2 "
           pdb=" C   GLY A   2 "
           pdb=" OXT GLY A   2 "
           pdb=" HXT GLY A   2 "
      ideal   model   delta  harmonic     sigma   weight residual
       0.00 -174.66  174.66     0      3.00e+01 1.11e-03 3.39e+01
  dihedral pdb=" OXT GLY A   2 "
           pdb=" C   GLY A   2 "
           pdb=" CA  GLY A   2 "
           pdb=" N   GLY A   2 "
      ideal   model   delta sinusoidal    sigma   weight residual
     -20.00  -60.64   40.64     2      3.00e+01 1.11e-03 2.26e+00
  dihedral pdb=" C   TRP A   1 "
           pdb=" N   TRP A   1 "
           pdb=" CA  TRP A   1 "
           pdb=" CB  TRP A   1 "
      ideal   model   delta  harmonic     sigma   weight residual
    -122.60 -119.83   -2.77     0      2.50e+00 1.60e-01 1.22e+00
  ... (remaining 10 not shown)

  Histogram of chiral volume deviations from ideal:
       0.214 -    0.214: 1
       0.214 -    0.214: 0
       0.214 -    0.214: 0
       0.214 -    0.214: 0
       0.214 -    0.214: 0
  Chirality restraints: 1
  Sorted by residual:
  chirality pdb=" CA  TRP A   1 "
            pdb=" C   TRP A   1 "
            pdb=" N   TRP A   1 "
            pdb=" CB  TRP A   1 "
    both_signs  ideal   model   delta    sigma   weight residual
      False     -2.51   -2.72    0.21 2.00e-01 2.50e+01 1.14e+00

  Planarity restraints: 4
  Sorted by residual:
                                 delta    sigma   weight rms_deltas residual
  plane pdb=" CB  TRP A   1 "    0.011 2.00e-02 2.50e+03   1.66e-02 1.10e+01
        pdb=" CG  TRP A   1 "   -0.018 2.00e-02 2.50e+03
        pdb=" CD1 TRP A   1 "    0.020 2.00e-02 2.50e+03
        pdb=" HD1 TRP A   1 "   -0.004 2.00e-02 2.50e+03
        pdb=" NE1 TRP A   1 "   -0.027 2.00e-02 2.50e+03
        pdb=" HE1 TRP A   1 "   -0.017 2.00e-02 2.50e+03
        pdb=" CE2 TRP A   1 "    0.024 2.00e-02 2.50e+03
        pdb=" CZ2 TRP A   1 "    0.024 2.00e-02 2.50e+03
        pdb=" HZ2 TRP A   1 "    0.015 2.00e-02 2.50e+03
        pdb=" CH2 TRP A   1 "   -0.025 2.00e-02 2.50e+03
        pdb=" HH2 TRP A   1 "    0.008 2.00e-02 2.50e+03
        pdb=" CZ3 TRP A   1 "   -0.014 2.00e-02 2.50e+03
        pdb=" HZ3 TRP A   1 "   -0.006 2.00e-02 2.50e+03
        pdb=" CE3 TRP A   1 "   -0.003 2.00e-02 2.50e+03
        pdb=" HE3 TRP A   1 "    0.011 2.00e-02 2.50e+03
        pdb=" CD2 TRP A   1 "    0.002 2.00e-02 2.50e+03
                                 delta    sigma   weight rms_deltas residual
  plane pdb=" O   GLY A   2 "   -0.023 2.00e-02 2.50e+03   2.21e-02 6.13e+00
        pdb=" C   GLY A   2 "    0.040 2.00e-02 2.50e+03
        pdb=" OXT GLY A   2 "    0.007 2.00e-02 2.50e+03
        pdb=" HXT GLY A   2 "   -0.017 2.00e-02 2.50e+03
        pdb=" CA  GLY A   2 "   -0.007 2.00e-02 2.50e+03
                                 delta    sigma   weight rms_deltas residual
  plane pdb=" C   TRP A   1 "   -0.023 2.00e-02 2.50e+03   1.35e-02 1.82e+00
        pdb=" O   TRP A   1 "    0.009 2.00e-02 2.50e+03
        pdb=" CA  TRP A   1 "    0.007 2.00e-02 2.50e+03
        pdb=" N   GLY A   2 "    0.008 2.00e-02 2.50e+03
  ... (remaining 1 not shown)

  Histogram of nonbonded interaction distances:
        2.04 -     2.61: 21
        2.61 -     3.18: 49
        3.18 -     3.75: 52
        3.75 -     4.32: 57
        4.32 -     4.89: 69
  Nonbonded interactions: 248
  Sorted by model distance:
  nonbonded pdb=" HA1 GLY A   2 "
            pdb=" H   GLY A   2 "
     model   vdw
     2.042 1.816
  nonbonded pdb=" H2  TRP A   1 "
            pdb=" H   GLY A   2 "
     model   vdw
     2.206 2.100
  nonbonded pdb=" HA  TRP A   1 "
            pdb=" H1  TRP A   1 "
     model   vdw
     2.218 1.816
  nonbonded pdb=" N   TRP A   1 "
            pdb=" H   GLY A   2 "
     model   vdw
     2.239 2.650
  nonbonded pdb=" O   TRP A   1 "
            pdb=" HXT GLY A   2 "
     model   vdw
     2.247 1.970
  ... (remaining 243 not shown)

  NOTE: a complete listing of the restraints can be obtained by requesting
        output of .geo file.

                   ----------xray_structure summary----------                  

Number of scattering types: 4
  Type Number    sf(0)   Gaussians
   O       3      7.97       2
   N       3      6.97       2
   C      13      5.97       2
   H      15      1.00       2
  sf(0) = scattering factor at diffraction angle 0.
Number of scatterers: 34
At special positions: 0
Unit cell: (13.42, 12.587, 10.96, 90, 90, 90)
Space group: P 1 (No. 1)

End of input processing
r_work=0.5601 r_free=0.4761
params.data_weight: None
params.restraints: cctbx
rmsd(b), start:  0.0909
mc:   0 R: 0.1011 rmsd(b):  0.0367 restraint_scale:  2.0 min_steps: 39
mc:   1 R: 0.0246 rmsd(b):  0.0150 restraint_scale:  2.0 min_steps: 20
mc:   2 R: 0.0190 rmsd(b):  0.0265 restraint_scale:  2.0 min_steps: 16
mc:   3 R: 0.0189 rmsd(b):  0.0269 restraint_scale:  2.0 min_steps: 3
Convergence reached, stop now.
see the result structure:  ./p26/04_results/refine_cctbx/191_WG03-new/0.9/7.pdb
Time: 5.1534
