phenix.python
you are importing  adaptive calculator, and it does nothing. Please give it energy, force....... 

============================== Collecting inputs ==============================


                   ----------Processing X-ray data----------                   

F-obs:
  /scratch/m_zhen01/30995.lupus.uni-muenster.de/p26/02_mtz/240_GFA11-new.mtz:F-obs
Miller array info: None
Observation type: xray.amplitude
Type of data: double, size=256
Type of sigmas: None
Number of Miller indices: 256
Anomalous flag: False
Unit cell: (16.574, 13.229, 10.986, 90, 90, 90)
Space group: P 1 (No. 1)
Systematic absences: 0
Centric reflections: 0
Resolution range: 3.97299 2.50733
Completeness in resolution range: 1
Completeness with d_max=infinity: 0.773414

Number of F-obs in resolution range:                   256
Number of F-obs<0 (these reflections will be rejected): 0
Number of F-obs=0 (these reflections will be used in refinement): 0
Refinement resolution range: d_max =   3.9730
                             d_min =   2.5073

R-free flags:
  /scratch/m_zhen01/30995.lupus.uni-muenster.de/p26/02_mtz/240_GFA11-new.mtz:R-free-flags
Miller array info: /scratch/m_zhen01/30995.lupus.uni-muenster.de/p26/02_mtz/240_GFA11-new.mtz:R-free-flags
Observation type: None
Type of data: int, size=256
Type of sigmas: None
Number of Miller indices: 256
Anomalous flag: False
Unit cell: (16.574, 13.229, 10.986, 90, 90, 90)
Space group: P 1 (No. 1)
Systematic absences: 0
Centric reflections: 0
Resolution range: 3.97299 2.50733
Completeness in resolution range: 1
Completeness with d_max=infinity: 0.773414
Wavelength: 1.0000

Test (R-free flags) flag value: 1

Number of work/free reflections by resolution:
                                  work free  %free
  bin  1: 3.9730 - 3.6423 [33/33]   25    8  24.2%
  bin  2: 3.6423 - 3.3999 [14/14]   14    0   0.0%
  bin  3: 3.3999 - 3.2114 [30/30]   30    0   0.0%
  bin  4: 3.2114 - 3.0588 [28/28]   24    4  14.3%
  bin  5: 3.0588 - 2.9315 [22/22]   22    0   0.0%
  bin  6: 2.9315 - 2.8232 [18/18]   18    0   0.0%
  bin  7: 2.8232 - 2.7292 [26/26]   24    2   7.7%
  bin  8: 2.7292 - 2.6466 [26/26]   26    0   0.0%
  bin  9: 2.6466 - 2.5732 [23/23]   23    0   0.0%
  bin 10: 2.5732 - 2.5073 [36/36]   34    2   5.6%
                          overall  240   16   6.2%

                   ----------Processing PDB file(s)----------                  

  Monomer Library directory:
    "/tmp1/m_zhen01/phenix-installer-1.10.1-2155-intel-linux-2.6-x86_64-centos5/phenix-1.10.1-2155/modules/chem_data/mon_lib"
  Total number of atoms: 40
  Number of models: 1
  Model: ""
    Number of chains: 1
    Chain: "A"
      Number of atoms: 40
      Number of conformers: 1
      Conformer: ""
        Number of residues, atoms: 3, 40
          Classifications: {'peptide': 3}
          Modifications used: {'NH2NOTPRO': 1, 'COOH': 1}
          Link IDs: {'TRANS': 2}
  Time building chain proxies: 0.10, per 1000 atoms: 2.50
  Number of scatterers: 40
  At special positions: 0
  Unit cell: (16.574, 13.229, 10.986, 90, 90, 90)
  Space group: P 1 (No. 1)
  Number of sites at special positions: 0
  Number of scattering types: 4
    Type Number    sf(0)
     O       4      8.00
     N       3      7.00
     C      14      6.00
     H      19      1.00
    sf(0) = scattering factor at diffraction angle 0.

  Number of disulfides: simple=0, symmetry=0

  Automatic linking
    Parameters for automatic linking
      Linking & cutoffs
        Metal                : False - 3.50
        Amimo acid           : False - 1.90
        Carbohydrate         : True  - 1.99
        Ligands              : True  - 1.99
        Amino acid - RNA/DNA : False
      
  Number of custom bonds: simple=0, symmetry=0
  Time building additional restraints: 0.03
  Conformation dependent library (CDL) restraints added in 3.4 milliseconds
  
  Adding C-beta torsion restraints...
  Number of C-beta restraints generated:  4
  Time building geometry restraints manager: 0.03 seconds

  NOTE: a complete listing of the restraints can be obtained by requesting
        output of .geo file.

  Histogram of bond lengths:
        0.87 -     1.00: 18
        1.00 -     1.14: 1
        1.14 -     1.27: 3
        1.27 -     1.41: 7
        1.41 -     1.54: 11
  Bond restraints: 40
  Sorted by residual:
  bond pdb=" CE1 PHE A   2 "
       pdb=" CD1 PHE A   2 "
    ideal  model  delta    sigma   weight residual
    1.382  1.466 -0.084 3.00e-02 1.11e+03 7.82e+00
  bond pdb=" CE2 PHE A   2 "
       pdb=" CZ  PHE A   2 "
    ideal  model  delta    sigma   weight residual
    1.382  1.452 -0.070 3.00e-02 1.11e+03 5.38e+00
  bond pdb=" C   ALA A   3 "
       pdb=" CA  ALA A   3 "
    ideal  model  delta    sigma   weight residual
    1.525  1.480  0.045 2.10e-02 2.27e+03 4.53e+00
  bond pdb=" N   GLY A   1 "
       pdb=" H1  GLY A   1 "
    ideal  model  delta    sigma   weight residual
    0.960  0.921  0.039 2.00e-02 2.50e+03 3.71e+00
  bond pdb=" CD1 PHE A   2 "
       pdb=" HD1 PHE A   2 "
    ideal  model  delta    sigma   weight residual
    0.930  0.895  0.035 2.00e-02 2.50e+03 3.14e+00
  ... (remaining 35 not shown)

  Histogram of bond angle deviations from ideal:
      101.91 -   107.24: 5
      107.24 -   112.57: 26
      112.57 -   117.91: 8
      117.91 -   123.24: 23
      123.24 -   128.57: 4
  Bond angle restraints: 66
  Sorted by residual:
  angle pdb=" C   ALA A   3 "
        pdb=" OXT ALA A   3 "
        pdb=" HXT ALA A   3 "
      ideal   model   delta    sigma   weight residual
     108.00  118.13  -10.13 3.00e+00 1.11e-01 1.14e+01
  angle pdb=" O   PHE A   2 "
        pdb=" C   PHE A   2 "
        pdb=" CA  PHE A   2 "
      ideal   model   delta    sigma   weight residual
     118.97  122.32   -3.35 1.07e+00 8.73e-01 9.82e+00
  angle pdb=" HB2 PHE A   2 "
        pdb=" CB  PHE A   2 "
        pdb=" CA  PHE A   2 "
      ideal   model   delta    sigma   weight residual
     109.00  101.91    7.09 3.00e+00 1.11e-01 5.59e+00
  angle pdb=" C   PHE A   2 "
        pdb=" CA  PHE A   2 "
        pdb=" N   PHE A   2 "
      ideal   model   delta    sigma   weight residual
     113.97  111.07    2.90 1.28e+00 6.10e-01 5.15e+00
  angle pdb=" C   GLY A   1 "
        pdb=" N   PHE A   2 "
        pdb=" CA  PHE A   2 "
      ideal   model   delta    sigma   weight residual
     122.11  118.52    3.59 1.64e+00 3.72e-01 4.79e+00
  ... (remaining 61 not shown)

  Histogram of dihedral angle deviations from ideal:
        1.22 -    36.53: 15
       36.53 -    71.85: 0
       71.85 -   107.16: 0
      107.16 -   142.48: 0
      142.48 -   177.79: 1
  Dihedral angle restraints: 16
    sinusoidal: 4
      harmonic: 12
  Sorted by residual:
  dihedral pdb=" O   ALA A   3 "
           pdb=" C   ALA A   3 "
           pdb=" OXT ALA A   3 "
           pdb=" HXT ALA A   3 "
      ideal   model   delta  harmonic     sigma   weight residual
       0.00  177.79 -177.79     0      3.00e+01 1.11e-03 3.51e+01
  dihedral pdb=" CD1 PHE A   2 "
           pdb=" CB  PHE A   2 "
           pdb=" CG  PHE A   2 "
           pdb=" CA  PHE A   2 "
      ideal   model   delta sinusoidal    sigma   weight residual
     -90.00  -64.41  -25.59     2      2.00e+01 2.50e-03 2.24e+00
  dihedral pdb=" N   ALA A   3 "
           pdb=" C   ALA A   3 "
           pdb=" CA  ALA A   3 "
           pdb=" CB  ALA A   3 "
      ideal   model   delta  harmonic     sigma   weight residual
     122.90  120.00    2.90     0      2.50e+00 1.60e-01 1.34e+00
  ... (remaining 13 not shown)

  Histogram of chiral volume deviations from ideal:
       0.034 -    0.047: 1
       0.047 -    0.060: 0
       0.060 -    0.073: 0
       0.073 -    0.086: 0
       0.086 -    0.099: 1
  Chirality restraints: 2
  Sorted by residual:
  chirality pdb=" CA  PHE A   2 "
            pdb=" CB  PHE A   2 "
            pdb=" C   PHE A   2 "
            pdb=" N   PHE A   2 "
    both_signs  ideal   model   delta    sigma   weight residual
      False     -2.51   -2.61    0.10 2.00e-01 2.50e+01 2.44e-01
  chirality pdb=" CA  ALA A   3 "
            pdb=" C   ALA A   3 "
            pdb=" CB  ALA A   3 "
            pdb=" N   ALA A   3 "
    both_signs  ideal   model   delta    sigma   weight residual
      False      2.48    2.45    0.03 2.00e-01 2.50e+01 2.94e-02

  Planarity restraints: 6
  Sorted by residual:
                                 delta    sigma   weight rms_deltas residual
  plane pdb=" CB  PHE A   2 "   -0.004 2.00e-02 2.50e+03   1.09e-02 3.56e+00
        pdb=" CG  PHE A   2 "    0.004 2.00e-02 2.50e+03
        pdb=" CD2 PHE A   2 "   -0.012 2.00e-02 2.50e+03
        pdb=" HD2 PHE A   2 "   -0.000 2.00e-02 2.50e+03
        pdb=" CE2 PHE A   2 "    0.018 2.00e-02 2.50e+03
        pdb=" HE2 PHE A   2 "   -0.013 2.00e-02 2.50e+03
        pdb=" CZ  PHE A   2 "    0.002 2.00e-02 2.50e+03
        pdb=" HZ  PHE A   2 "    0.010 2.00e-02 2.50e+03
        pdb=" CE1 PHE A   2 "   -0.009 2.00e-02 2.50e+03
        pdb=" HE1 PHE A   2 "   -0.015 2.00e-02 2.50e+03
        pdb=" CD1 PHE A   2 "    0.019 2.00e-02 2.50e+03
        pdb=" HD1 PHE A   2 "   -0.000 2.00e-02 2.50e+03
                                 delta    sigma   weight rms_deltas residual
  plane pdb=" O   ALA A   3 "   -0.005 2.00e-02 2.50e+03   1.29e-02 2.09e+00
        pdb=" C   ALA A   3 "   -0.007 2.00e-02 2.50e+03
        pdb=" OXT ALA A   3 "    0.022 2.00e-02 2.50e+03
        pdb=" HXT ALA A   3 "   -0.016 2.00e-02 2.50e+03
        pdb=" CA  ALA A   3 "    0.006 2.00e-02 2.50e+03
                                 delta    sigma   weight rms_deltas residual
  plane pdb=" C   PHE A   2 "    0.023 2.00e-02 2.50e+03   1.32e-02 1.73e+00
        pdb=" O   PHE A   2 "   -0.009 2.00e-02 2.50e+03
        pdb=" CA  PHE A   2 "   -0.007 2.00e-02 2.50e+03
        pdb=" N   ALA A   3 "   -0.008 2.00e-02 2.50e+03
  ... (remaining 3 not shown)

  Histogram of nonbonded interaction distances:
        2.07 -     2.63: 41
        2.63 -     3.20: 59
        3.20 -     3.77: 70
        3.77 -     4.33: 75
        4.33 -     4.90: 91
  Nonbonded interactions: 336
  Sorted by model distance:
  nonbonded pdb=" HXT ALA A   3 "
            pdb=" H   ALA A   3 "
     model   vdw
     2.066 2.100
  nonbonded pdb=" H   PHE A   2 "
            pdb=" H   ALA A   3 "
     model   vdw
     2.066 2.100
  nonbonded pdb=" HB2 PHE A   2 "
            pdb=" HA  PHE A   2 "
     model   vdw
     2.184 1.952
  nonbonded pdb=" HB3 ALA A   3 "
            pdb=" H   ALA A   3 "
     model   vdw
     2.260 2.270
  nonbonded pdb=" HB2 ALA A   3 "
            pdb=" HA  ALA A   3 "
     model   vdw
     2.266 1.952
  ... (remaining 331 not shown)

  NOTE: a complete listing of the restraints can be obtained by requesting
        output of .geo file.

                   ----------xray_structure summary----------                  

Number of scattering types: 4
  Type Number    sf(0)   Gaussians
   O       4      7.97       2
   N       3      6.97       2
   C      14      5.97       2
   H      19      1.00       2
  sf(0) = scattering factor at diffraction angle 0.
Number of scatterers: 40
At special positions: 0
Unit cell: (16.574, 13.229, 10.986, 90, 90, 90)
Space group: P 1 (No. 1)

End of input processing
r_work=0.5450 r_free=0.5511
params.data_weight: None
params.restraints: cctbx
rmsd(b), start:  0.0916
mc:   0 R: 0.3017 rmsd(b):  0.1030 restraint_scale:  2.0 min_steps: 53
mc:   1 R: 0.1467 rmsd(b):  0.1059 restraint_scale:  4.0 min_steps: 33
mc:   2 R: 0.1837 rmsd(b):  0.0565 restraint_scale:  8.0 min_steps: 23
mc:   3 R: 0.2025 rmsd(b):  0.0424 restraint_scale: 16.0 min_steps: 15
mc:   4 R: 0.2353 rmsd(b):  0.0275 restraint_scale: 16.0 min_steps: 30
mc:   5 R: 0.2415 rmsd(b):  0.0254 restraint_scale: 16.0 min_steps: 10
mc:   6 R: 0.2599 rmsd(b):  0.0223 restraint_scale: 16.0 min_steps: 54
mc:   7 R: 0.2191 rmsd(b):  0.0208 restraint_scale: 16.0 min_steps: 52
mc:   8 R: 0.2146 rmsd(b):  0.0229 restraint_scale: 16.0 min_steps: 7
mc:   9 R: 0.2146 rmsd(b):  0.0229 restraint_scale: 16.0 min_steps: 1
Convergence reached, stop now.
see the result structure:  ./p26/04_results/refine_cctbx/240_GFA11-new/1.5/3.pdb
Time: 7.1787
