phenix.python
you are importing  adaptive calculator, and it does nothing. Please give it energy, force....... 

============================== Collecting inputs ==============================


                   ----------Processing X-ray data----------                   

F-obs:
  /scratch/m_zhen01/30995.lupus.uni-muenster.de/p26/02_mtz/249_GFA14-new.mtz:F-obs
Miller array info: None
Observation type: xray.amplitude
Type of data: double, size=218
Type of sigmas: None
Number of Miller indices: 218
Anomalous flag: False
Unit cell: (9.884, 15.925, 13.822, 90, 90, 90)
Space group: P 1 (No. 1)
Systematic absences: 0
Centric reflections: 0
Resolution range: 3.98786 2.52038
Completeness in resolution range: 1
Completeness with d_max=infinity: 0.746575

Number of F-obs in resolution range:                   218
Number of F-obs<0 (these reflections will be rejected): 0
Number of F-obs=0 (these reflections will be used in refinement): 0
Refinement resolution range: d_max =   3.9879
                             d_min =   2.5204

R-free flags:
  /scratch/m_zhen01/30995.lupus.uni-muenster.de/p26/02_mtz/249_GFA14-new.mtz:R-free-flags
Miller array info: /scratch/m_zhen01/30995.lupus.uni-muenster.de/p26/02_mtz/249_GFA14-new.mtz:R-free-flags
Observation type: None
Type of data: int, size=218
Type of sigmas: None
Number of Miller indices: 218
Anomalous flag: False
Unit cell: (9.884, 15.925, 13.822, 90, 90, 90)
Space group: P 1 (No. 1)
Systematic absences: 0
Centric reflections: 0
Resolution range: 3.98786 2.52038
Completeness in resolution range: 1
Completeness with d_max=infinity: 0.746575
Wavelength: 1.0000

Test (R-free flags) flag value: 1

Number of work/free reflections by resolution:
                                  work free  %free
  bin  1: 3.9879 - 3.6576 [19/19]   19    0   0.0%
  bin  2: 3.6576 - 3.4151 [19/19]   17    2  10.5%
  bin  3: 3.4151 - 3.2264 [19/19]   19    0   0.0%
  bin  4: 3.2264 - 3.0734 [27/27]   27    0   0.0%
  bin  5: 3.0734 - 2.9459 [24/24]   20    4  16.7%
  bin  6: 2.9459 - 2.8372 [16/16]   16    0   0.0%
  bin  7: 2.8372 - 2.7430 [29/29]   25    4  13.8%
  bin  8: 2.7430 - 2.6602 [12/12]   12    0   0.0%
  bin  9: 2.6602 - 2.5865 [25/25]   23    2   8.0%
  bin 10: 2.5865 - 2.5204 [28/28]   28    0   0.0%
                          overall  206   12   5.5%

                   ----------Processing PDB file(s)----------                  

  Monomer Library directory:
    "/tmp1/m_zhen01/phenix-installer-1.10.1-2155-intel-linux-2.6-x86_64-centos5/phenix-1.10.1-2155/modules/chem_data/mon_lib"
  Total number of atoms: 40
  Number of models: 1
  Model: ""
    Number of chains: 1
    Chain: "A"
      Number of atoms: 40
      Number of conformers: 1
      Conformer: ""
        Number of residues, atoms: 3, 40
          Classifications: {'peptide': 3}
          Modifications used: {'NH2NOTPRO': 1, 'COOH': 1}
          Link IDs: {'TRANS': 2}
  Time building chain proxies: 0.08, per 1000 atoms: 2.00
  Number of scatterers: 40
  At special positions: 0
  Unit cell: (9.884, 15.925, 13.822, 90, 90, 90)
  Space group: P 1 (No. 1)
  Number of sites at special positions: 0
  Number of scattering types: 4
    Type Number    sf(0)
     O       4      8.00
     N       3      7.00
     C      14      6.00
     H      19      1.00
    sf(0) = scattering factor at diffraction angle 0.

  Number of disulfides: simple=0, symmetry=0

  Automatic linking
    Parameters for automatic linking
      Linking & cutoffs
        Metal                : False - 3.50
        Amimo acid           : False - 1.90
        Carbohydrate         : True  - 1.99
        Ligands              : True  - 1.99
        Amino acid - RNA/DNA : False
      
  Number of custom bonds: simple=0, symmetry=0
  Time building additional restraints: 0.03
  Conformation dependent library (CDL) restraints added in 3.4 milliseconds
  
  Adding C-beta torsion restraints...
  Number of C-beta restraints generated:  4
  Time building geometry restraints manager: 0.04 seconds

  NOTE: a complete listing of the restraints can be obtained by requesting
        output of .geo file.

  Histogram of bond lengths:
        0.87 -     1.01: 19
        1.01 -     1.16: 0
        1.16 -     1.30: 3
        1.30 -     1.44: 9
        1.44 -     1.59: 9
  Bond restraints: 40
  Sorted by residual:
  bond pdb=" CA  ALA A   3 "
       pdb=" HA  ALA A   3 "
    ideal  model  delta    sigma   weight residual
    0.970  0.926  0.044 2.00e-02 2.50e+03 4.74e+00
  bond pdb=" CA  ALA A   3 "
       pdb=" CB  ALA A   3 "
    ideal  model  delta    sigma   weight residual
    1.521  1.590 -0.069 3.30e-02 9.18e+02 4.31e+00
  bond pdb=" CG  PHE A   2 "
       pdb=" CD1 PHE A   2 "
    ideal  model  delta    sigma   weight residual
    1.384  1.422 -0.038 2.10e-02 2.27e+03 3.24e+00
  bond pdb=" N   GLY A   1 "
       pdb=" H2  GLY A   1 "
    ideal  model  delta    sigma   weight residual
    0.960  0.995 -0.035 2.00e-02 2.50e+03 3.13e+00
  bond pdb=" N   PHE A   2 "
       pdb=" H   PHE A   2 "
    ideal  model  delta    sigma   weight residual
    0.860  0.894 -0.034 2.00e-02 2.50e+03 2.90e+00
  ... (remaining 35 not shown)

  Histogram of bond angle deviations from ideal:
      104.78 -   109.05: 14
      109.05 -   113.32: 19
      113.32 -   117.60: 5
      117.60 -   121.87: 23
      121.87 -   126.14: 5
  Bond angle restraints: 66
  Sorted by residual:
  angle pdb=" O   PHE A   2 "
        pdb=" C   PHE A   2 "
        pdb=" N   ALA A   3 "
      ideal   model   delta    sigma   weight residual
     123.15  120.15    3.00 1.30e+00 5.92e-01 5.31e+00
  angle pdb=" C   ALA A   3 "
        pdb=" CA  ALA A   3 "
        pdb=" N   ALA A   3 "
      ideal   model   delta    sigma   weight residual
     111.00  105.62    5.38 2.80e+00 1.28e-01 3.69e+00
  angle pdb=" C   GLY A   1 "
        pdb=" N   PHE A   2 "
        pdb=" CA  PHE A   2 "
      ideal   model   delta    sigma   weight residual
     122.59  119.77    2.82 1.57e+00 4.06e-01 3.22e+00
  angle pdb=" CA  GLY A   1 "
        pdb=" C   GLY A   1 "
        pdb=" N   PHE A   2 "
      ideal   model   delta    sigma   weight residual
     116.20  118.96   -2.76 2.00e+00 2.50e-01 1.91e+00
  angle pdb=" CB  PHE A   2 "
        pdb=" CA  PHE A   2 "
        pdb=" N   PHE A   2 "
      ideal   model   delta    sigma   weight residual
     111.55  109.18    2.37 1.74e+00 3.30e-01 1.86e+00
  ... (remaining 61 not shown)

  Histogram of dihedral angle deviations from ideal:
        0.01 -     4.82: 12
        4.82 -     9.62: 1
        9.62 -    14.43: 2
       14.43 -    19.24: 0
       19.24 -    24.04: 1
  Dihedral angle restraints: 16
    sinusoidal: 4
      harmonic: 12
  Sorted by residual:
  dihedral pdb=" CA  GLY A   1 "
           pdb=" C   GLY A   1 "
           pdb=" N   PHE A   2 "
           pdb=" CA  PHE A   2 "
      ideal   model   delta  harmonic     sigma   weight residual
    -180.00 -172.32   -7.68     0      5.00e+00 4.00e-02 2.36e+00
  dihedral pdb=" N   ALA A   3 "
           pdb=" C   ALA A   3 "
           pdb=" CA  ALA A   3 "
           pdb=" CB  ALA A   3 "
      ideal   model   delta  harmonic     sigma   weight residual
     122.90  119.65    3.25     0      2.50e+00 1.60e-01 1.69e+00
  dihedral pdb=" OXT ALA A   3 "
           pdb=" C   ALA A   3 "
           pdb=" CA  ALA A   3 "
           pdb=" N   ALA A   3 "
      ideal   model   delta sinusoidal    sigma   weight residual
     160.00 -175.96  -24.04     2      3.00e+01 1.11e-03 8.85e-01
  ... (remaining 13 not shown)

  Histogram of chiral volume deviations from ideal:
       0.015 -    0.064: 1
       0.064 -    0.113: 0
       0.113 -    0.163: 0
       0.163 -    0.212: 0
       0.212 -    0.261: 1
  Chirality restraints: 2
  Sorted by residual:
  chirality pdb=" CA  ALA A   3 "
            pdb=" C   ALA A   3 "
            pdb=" CB  ALA A   3 "
            pdb=" N   ALA A   3 "
    both_signs  ideal   model   delta    sigma   weight residual
      False      2.48    2.75   -0.26 2.00e-01 2.50e+01 1.70e+00
  chirality pdb=" CA  PHE A   2 "
            pdb=" CB  PHE A   2 "
            pdb=" C   PHE A   2 "
            pdb=" N   PHE A   2 "
    both_signs  ideal   model   delta    sigma   weight residual
      False     -2.51   -2.50   -0.02 2.00e-01 2.50e+01 5.66e-03

  Planarity restraints: 6
  Sorted by residual:
                                 delta    sigma   weight rms_deltas residual
  plane pdb=" CB  PHE A   2 "   -0.003 2.00e-02 2.50e+03   1.24e-02 4.65e+00
        pdb=" CG  PHE A   2 "    0.001 2.00e-02 2.50e+03
        pdb=" CD2 PHE A   2 "   -0.014 2.00e-02 2.50e+03
        pdb=" HD2 PHE A   2 "    0.023 2.00e-02 2.50e+03
        pdb=" CE2 PHE A   2 "   -0.004 2.00e-02 2.50e+03
        pdb=" HE2 PHE A   2 "   -0.019 2.00e-02 2.50e+03
        pdb=" CZ  PHE A   2 "    0.016 2.00e-02 2.50e+03
        pdb=" HZ  PHE A   2 "    0.013 2.00e-02 2.50e+03
        pdb=" CE1 PHE A   2 "   -0.002 2.00e-02 2.50e+03
        pdb=" HE1 PHE A   2 "   -0.010 2.00e-02 2.50e+03
        pdb=" CD1 PHE A   2 "   -0.012 2.00e-02 2.50e+03
        pdb=" HD1 PHE A   2 "    0.011 2.00e-02 2.50e+03
                                 delta    sigma   weight rms_deltas residual
  plane pdb=" C   PHE A   2 "   -0.010 2.00e-02 2.50e+03   1.87e-02 3.50e+00
        pdb=" CA  ALA A   3 "   -0.008 2.00e-02 2.50e+03
        pdb=" N   ALA A   3 "    0.032 2.00e-02 2.50e+03
        pdb=" H   ALA A   3 "   -0.014 2.00e-02 2.50e+03
                                 delta    sigma   weight rms_deltas residual
  plane pdb=" O   ALA A   3 "   -0.002 2.00e-02 2.50e+03   1.25e-02 1.95e+00
        pdb=" C   ALA A   3 "    0.017 2.00e-02 2.50e+03
        pdb=" OXT ALA A   3 "    0.012 2.00e-02 2.50e+03
        pdb=" HXT ALA A   3 "   -0.015 2.00e-02 2.50e+03
        pdb=" CA  ALA A   3 "   -0.011 2.00e-02 2.50e+03
  ... (remaining 3 not shown)

  Histogram of nonbonded interaction distances:
        2.17 -     2.72: 43
        2.72 -     3.26: 61
        3.26 -     3.81: 67
        3.81 -     4.35: 71
        4.35 -     4.90: 94
  Nonbonded interactions: 336
  Sorted by model distance:
  nonbonded pdb=" HA  ALA A   3 "
            pdb=" H   ALA A   3 "
     model   vdw
     2.172 1.816
  nonbonded pdb=" HB1 PHE A   2 "
            pdb=" HA  PHE A   2 "
     model   vdw
     2.210 1.952
  nonbonded pdb=" HZ  PHE A   2 "
            pdb=" HE1 PHE A   2 "
     model   vdw
     2.242 1.680
  nonbonded pdb=" HE1 PHE A   2 "
            pdb=" HD1 PHE A   2 "
     model   vdw
     2.280 1.680
  nonbonded pdb=" HD2 PHE A   2 "
            pdb=" HE2 PHE A   2 "
     model   vdw
     2.287 1.680
  ... (remaining 331 not shown)

  NOTE: a complete listing of the restraints can be obtained by requesting
        output of .geo file.

                   ----------xray_structure summary----------                  

Number of scattering types: 4
  Type Number    sf(0)   Gaussians
   O       4      7.97       2
   N       3      6.97       2
   C      14      5.97       2
   H      19      1.00       2
  sf(0) = scattering factor at diffraction angle 0.
Number of scatterers: 40
At special positions: 0
Unit cell: (9.884, 15.925, 13.822, 90, 90, 90)
Space group: P 1 (No. 1)

End of input processing
r_work=0.5341 r_free=0.5410
params.data_weight: None
params.restraints: cctbx
rmsd(b), start:  0.0922
mc:   0 R: 0.2716 rmsd(b):  0.2110 restraint_scale:  2.0 min_steps: 54
mc:   1 R: 0.2532 rmsd(b):  0.1409 restraint_scale:  4.0 min_steps: 25
mc:   2 R: 0.2606 rmsd(b):  0.0808 restraint_scale:  8.0 min_steps: 31
mc:   3 R: 0.2683 rmsd(b):  0.0417 restraint_scale: 16.0 min_steps: 40
mc:   4 R: 0.2923 rmsd(b):  0.0284 restraint_scale: 16.0 min_steps: 46
mc:   5 R: 0.2853 rmsd(b):  0.0322 restraint_scale: 32.0 min_steps: 11
mc:   6 R: 0.3310 rmsd(b):  0.0075 restraint_scale: 16.0 min_steps: 52
mc:   7 R: 0.3037 rmsd(b):  0.0193 restraint_scale: 16.0 min_steps: 33
mc:   8 R: 0.2816 rmsd(b):  0.0334 restraint_scale: 32.0 min_steps: 22
mc:   9 R: 0.3004 rmsd(b):  0.0211 restraint_scale: 32.0 min_steps: 16
mc:  10 R: 0.3133 rmsd(b):  0.0128 restraint_scale: 32.0 min_steps: 17
mc:  11 R: 0.3055 rmsd(b):  0.0171 restraint_scale: 32.0 min_steps: 9
mc:  12 R: 0.3086 rmsd(b):  0.0149 restraint_scale: 32.0 min_steps: 7
mc:  13 R: 0.3170 rmsd(b):  0.0111 restraint_scale: 32.0 min_steps: 29
mc:  14 R: 0.3130 rmsd(b):  0.0130 restraint_scale: 32.0 min_steps: 16
mc:  15 R: 0.3121 rmsd(b):  0.0137 restraint_scale: 32.0 min_steps: 5
Convergence reached, stop now.
see the result structure:  ./p26/04_results/refine_cctbx/249_GFA14-new/1.5/1.pdb
Time: 8.7277
