phenix.python
you are importing  adaptive calculator, and it does nothing. Please give it energy, force....... 

============================== Collecting inputs ==============================


                   ----------Processing X-ray data----------                   

F-obs:
  /scratch/m_zhen01/31011.lupus.uni-muenster.de/p26/02_mtz/221_GGF14-new.mtz:F-obs
Miller array info: None
Observation type: xray.amplitude
Type of data: double, size=187
Type of sigmas: None
Number of Miller indices: 187
Anomalous flag: False
Unit cell: (15.174, 11.899, 10.178, 90, 90, 90)
Space group: P 1 (No. 1)
Systematic absences: 0
Centric reflections: 0
Resolution range: 3.98257 2.50946
Completeness in resolution range: 1
Completeness with d_max=infinity: 0.766393

Number of F-obs in resolution range:                   187
Number of F-obs<0 (these reflections will be rejected): 0
Number of F-obs=0 (these reflections will be used in refinement): 0
Refinement resolution range: d_max =   3.9826
                             d_min =   2.5095

R-free flags:
  /scratch/m_zhen01/31011.lupus.uni-muenster.de/p26/02_mtz/221_GGF14-new.mtz:R-free-flags
Miller array info: /scratch/m_zhen01/31011.lupus.uni-muenster.de/p26/02_mtz/221_GGF14-new.mtz:R-free-flags
Observation type: None
Type of data: int, size=187
Type of sigmas: None
Number of Miller indices: 187
Anomalous flag: False
Unit cell: (15.174, 11.899, 10.178, 90, 90, 90)
Space group: P 1 (No. 1)
Systematic absences: 0
Centric reflections: 0
Resolution range: 3.98257 2.50946
Completeness in resolution range: 1
Completeness with d_max=infinity: 0.766393
Wavelength: 1.0000

Test (R-free flags) flag value: 1

Number of work/free reflections by resolution:
                                  work free  %free
  bin  1: 3.9826 - 3.6493 [18/18]   14    4  22.2%
  bin  2: 3.6493 - 3.4055 [28/28]   28    0   0.0%
  bin  3: 3.4055 - 3.2160 [ 9/9 ]    7    2  22.2%
  bin  4: 3.2160 - 3.0627 [20/20]   20    0   0.0%
  bin  5: 3.0627 - 2.9349 [24/24]   24    0   0.0%
  bin  6: 2.9349 - 2.8262 [14/14]   12    2  14.3%
  bin  7: 2.8262 - 2.7319 [22/22]   22    0   0.0%
  bin  8: 2.7319 - 2.6491 [14/14]   14    0   0.0%
  bin  9: 2.6491 - 2.5755 [12/12]    8    4  33.3%
  bin 10: 2.5755 - 2.5095 [26/26]   26    0   0.0%
                          overall  175   12   6.4%

                   ----------Processing PDB file(s)----------                  

  Monomer Library directory:
    "/tmp1/m_zhen01/phenix-installer-1.10.1-2155-intel-linux-2.6-x86_64-centos5/phenix-1.10.1-2155/modules/chem_data/mon_lib"
  Total number of atoms: 37
  Number of models: 1
  Model: ""
    Number of chains: 1
    Chain: "A"
      Number of atoms: 37
      Number of conformers: 1
      Conformer: ""
        Number of residues, atoms: 3, 37
          Classifications: {'peptide': 3}
          Modifications used: {'NH2NOTPRO': 1, 'COOH': 1}
          Link IDs: {'TRANS': 2}
  Time building chain proxies: 0.07, per 1000 atoms: 1.89
  Number of scatterers: 37
  At special positions: 0
  Unit cell: (15.174, 11.899, 10.178, 90, 90, 90)
  Space group: P 1 (No. 1)
  Number of sites at special positions: 0
  Number of scattering types: 4
    Type Number    sf(0)
     O       4      8.00
     N       3      7.00
     C      13      6.00
     H      17      1.00
    sf(0) = scattering factor at diffraction angle 0.

  Number of disulfides: simple=0, symmetry=0

  Automatic linking
    Parameters for automatic linking
      Linking & cutoffs
        Metal                : False - 3.50
        Amimo acid           : False - 1.90
        Carbohydrate         : True  - 1.99
        Ligands              : True  - 1.99
        Amino acid - RNA/DNA : False
      
  Number of custom bonds: simple=0, symmetry=0
  Time building additional restraints: 0.02
  Conformation dependent library (CDL) restraints added in 2.9 milliseconds
  
  Adding C-beta torsion restraints...
  Number of C-beta restraints generated:  2
  Time building geometry restraints manager: 0.03 seconds

  NOTE: a complete listing of the restraints can be obtained by requesting
        output of .geo file.

  Histogram of bond lengths:
        0.88 -     1.02: 17
        1.02 -     1.15: 0
        1.15 -     1.29: 3
        1.29 -     1.42: 9
        1.42 -     1.56: 8
  Bond restraints: 37
  Sorted by residual:
  bond pdb=" N   PHE A   3 "
       pdb=" H   PHE A   3 "
    ideal  model  delta    sigma   weight residual
    0.860  0.929 -0.069 2.00e-02 2.50e+03 1.18e+01
  bond pdb=" CB  PHE A   3 "
       pdb=" HB1 PHE A   3 "
    ideal  model  delta    sigma   weight residual
    0.970  1.017 -0.047 2.00e-02 2.50e+03 5.41e+00
  bond pdb=" CZ  PHE A   3 "
       pdb=" HZ  PHE A   3 "
    ideal  model  delta    sigma   weight residual
    0.930  0.966 -0.036 2.00e-02 2.50e+03 3.30e+00
  bond pdb=" N   GLY A   1 "
       pdb=" H1  GLY A   1 "
    ideal  model  delta    sigma   weight residual
    0.960  0.990 -0.030 2.00e-02 2.50e+03 2.19e+00
  bond pdb=" C   PHE A   3 "
       pdb=" CA  PHE A   3 "
    ideal  model  delta    sigma   weight residual
    1.525  1.555 -0.030 2.10e-02 2.27e+03 2.10e+00
  ... (remaining 32 not shown)

  Histogram of bond angle deviations from ideal:
      104.39 -   108.24: 9
      108.24 -   112.09: 13
      112.09 -   115.94: 7
      115.94 -   119.79: 12
      119.79 -   123.64: 19
  Bond angle restraints: 60
  Sorted by residual:
  angle pdb=" CA  PHE A   3 "
        pdb=" CB  PHE A   3 "
        pdb=" CG  PHE A   3 "
      ideal   model   delta    sigma   weight residual
     113.80  111.79    2.01 1.00e+00 1.00e+00 4.05e+00
  angle pdb=" HB1 PHE A   3 "
        pdb=" CB  PHE A   3 "
        pdb=" HB2 PHE A   3 "
      ideal   model   delta    sigma   weight residual
     110.00  104.77    5.23 3.00e+00 1.11e-01 3.04e+00
  angle pdb=" HA2 GLY A   2 "
        pdb=" CA  GLY A   2 "
        pdb=" N   GLY A   2 "
      ideal   model   delta    sigma   weight residual
     110.00  104.86    5.14 3.00e+00 1.11e-01 2.93e+00
  angle pdb=" C   GLY A   2 "
        pdb=" CA  GLY A   2 "
        pdb=" HA2 GLY A   2 "
      ideal   model   delta    sigma   weight residual
     109.00  104.39    4.61 3.00e+00 1.11e-01 2.36e+00
  angle pdb=" HB2 PHE A   3 "
        pdb=" CB  PHE A   3 "
        pdb=" CG  PHE A   3 "
      ideal   model   delta    sigma   weight residual
     108.00  112.48   -4.48 3.00e+00 1.11e-01 2.23e+00
  ... (remaining 55 not shown)

  Histogram of dihedral angle deviations from ideal:
        0.07 -    35.34: 12
       35.34 -    70.61: 0
       70.61 -   105.88: 0
      105.88 -   141.16: 0
      141.16 -   176.43: 1
  Dihedral angle restraints: 13
    sinusoidal: 3
      harmonic: 10
  Sorted by residual:
  dihedral pdb=" O   PHE A   3 "
           pdb=" C   PHE A   3 "
           pdb=" OXT PHE A   3 "
           pdb=" HXT PHE A   3 "
      ideal   model   delta  harmonic     sigma   weight residual
       0.00 -176.43  176.43     0      3.00e+01 1.11e-03 3.46e+01
  dihedral pdb=" CA  GLY A   2 "
           pdb=" C   GLY A   2 "
           pdb=" N   PHE A   3 "
           pdb=" CA  PHE A   3 "
      ideal   model   delta  harmonic     sigma   weight residual
     180.00  163.16   16.84     0      5.00e+00 4.00e-02 1.13e+01
  dihedral pdb=" OXT PHE A   3 "
           pdb=" C   PHE A   3 "
           pdb=" CA  PHE A   3 "
           pdb=" N   PHE A   3 "
      ideal   model   delta sinusoidal    sigma   weight residual
     -20.00  -41.33   21.33     2      3.00e+01 1.11e-03 7.06e-01
  ... (remaining 10 not shown)

  Histogram of chiral volume deviations from ideal:
       0.088 -    0.088: 1
       0.088 -    0.088: 0
       0.088 -    0.088: 0
       0.088 -    0.088: 0
       0.088 -    0.088: 0
  Chirality restraints: 1
  Sorted by residual:
  chirality pdb=" CA  PHE A   3 "
            pdb=" C   PHE A   3 "
            pdb=" N   PHE A   3 "
            pdb=" CB  PHE A   3 "
    both_signs  ideal   model   delta    sigma   weight residual
      False     -2.51   -2.60    0.09 2.00e-01 2.50e+01 1.92e-01

  Planarity restraints: 6
  Sorted by residual:
                                 delta    sigma   weight rms_deltas residual
  plane pdb=" CB  PHE A   3 "   -0.014 2.00e-02 2.50e+03   1.63e-02 7.94e+00
        pdb=" CG  PHE A   3 "   -0.010 2.00e-02 2.50e+03
        pdb=" CD1 PHE A   3 "    0.002 2.00e-02 2.50e+03
        pdb=" HD1 PHE A   3 "   -0.016 2.00e-02 2.50e+03
        pdb=" CE1 PHE A   3 "    0.007 2.00e-02 2.50e+03
        pdb=" HE1 PHE A   3 "    0.020 2.00e-02 2.50e+03
        pdb=" CZ  PHE A   3 "    0.004 2.00e-02 2.50e+03
        pdb=" HZ  PHE A   3 "   -0.010 2.00e-02 2.50e+03
        pdb=" CE2 PHE A   3 "    0.000 2.00e-02 2.50e+03
        pdb=" HE2 PHE A   3 "   -0.030 2.00e-02 2.50e+03
        pdb=" CD2 PHE A   3 "    0.015 2.00e-02 2.50e+03
        pdb=" HD2 PHE A   3 "    0.030 2.00e-02 2.50e+03
                                 delta    sigma   weight rms_deltas residual
  plane pdb=" O   PHE A   3 "   -0.016 2.00e-02 2.50e+03   1.58e-02 3.13e+00
        pdb=" C   PHE A   3 "    0.029 2.00e-02 2.50e+03
        pdb=" OXT PHE A   3 "    0.003 2.00e-02 2.50e+03
        pdb=" HXT PHE A   3 "   -0.011 2.00e-02 2.50e+03
        pdb=" CA  PHE A   3 "   -0.005 2.00e-02 2.50e+03
                                 delta    sigma   weight rms_deltas residual
  plane pdb=" C   GLY A   2 "    0.020 2.00e-02 2.50e+03   1.14e-02 1.29e+00
        pdb=" O   GLY A   2 "   -0.007 2.00e-02 2.50e+03
        pdb=" CA  GLY A   2 "   -0.006 2.00e-02 2.50e+03
        pdb=" N   PHE A   3 "   -0.007 2.00e-02 2.50e+03
  ... (remaining 3 not shown)

  Histogram of nonbonded interaction distances:
        1.45 -     2.14: 2
        2.14 -     2.83: 49
        2.83 -     3.52: 75
        3.52 -     4.21: 66
        4.21 -     4.89: 99
  Nonbonded interactions: 291
  Sorted by model distance:
  nonbonded pdb=" HA1 GLY A   1 "
            pdb=" H2  GLY A   1 "
     model   vdw
     1.452 1.816
  nonbonded pdb=" O   GLY A   2 "
            pdb=" HXT PHE A   3 "
     model   vdw
     1.662 1.970
  nonbonded pdb=" HA2 GLY A   1 "
            pdb=" H2  GLY A   1 "
     model   vdw
     2.142 1.816
  nonbonded pdb=" HA  PHE A   3 "
            pdb=" H   PHE A   3 "
     model   vdw
     2.181 1.816
  nonbonded pdb=" C   GLY A   2 "
            pdb=" HXT PHE A   3 "
     model   vdw
     2.230 2.800
  ... (remaining 286 not shown)

  NOTE: a complete listing of the restraints can be obtained by requesting
        output of .geo file.

                   ----------xray_structure summary----------                  

Number of scattering types: 4
  Type Number    sf(0)   Gaussians
   O       4      7.97       2
   N       3      6.97       2
   C      13      5.97       2
   H      17      1.00       2
  sf(0) = scattering factor at diffraction angle 0.
Number of scatterers: 37
At special positions: 0
Unit cell: (15.174, 11.899, 10.178, 90, 90, 90)
Space group: P 1 (No. 1)

End of input processing
r_work=0.5988 r_free=0.3315
params.data_weight: None
params.restraints: qm
rmsd(b), start:  0.0777
mc:   0 R: 0.2523 rmsd(b):  0.8565 restraint_scale:  2.0 min_steps: 52
mc:   1 R: 0.1657 rmsd(b):  0.9492 restraint_scale:  4.0 min_steps: 45
mc:   2 R: 0.1598 rmsd(b):  1.0008 restraint_scale:  8.0 min_steps: 20
mc:   3 R: 0.1871 rmsd(b):  0.9970 restraint_scale: 16.0 min_steps: 20
mc:   4 R: 0.1953 rmsd(b):  0.9946 restraint_scale: 32.0 min_steps: 12
mc:   5 R: 0.2165 rmsd(b):  0.9859 restraint_scale: 64.0 min_steps: 32
mc:   6 R: 0.2308 rmsd(b):  0.9790 restraint_scale: 128.0 min_steps: 24
mc:   7 R: 0.2684 rmsd(b):  0.9073 restraint_scale: 256.0 min_steps: 53
mc:   8 R: 0.2768 rmsd(b):  0.8927 restraint_scale: 512.0 min_steps: 30
mc:   9 R: 0.2771 rmsd(b):  0.8924 restraint_scale: 1024.0 min_steps: 10
Convergence reached, stop now.
see the result structure:  ./p26/04_results/refine_qm/221_GGF14-new/1.5/4.pdb
Time: 411.9378
