phenix.python
you are importing  adaptive calculator, and it does nothing. Please give it energy, force....... 

============================== Collecting inputs ==============================


                   ----------Processing X-ray data----------                   

F-obs:
  /scratch/m_zhen01/30995.lupus.uni-muenster.de/p26/02_mtz/260_FGG412-new.mtz:F-obs
Miller array info: None
Observation type: xray.amplitude
Type of data: double, size=198
Type of sigmas: None
Number of Miller indices: 198
Anomalous flag: False
Unit cell: (13.225, 13.658, 10.482, 90, 90, 90)
Space group: P 1 (No. 1)
Systematic absences: 0
Centric reflections: 0
Resolution range: 3.98202 2.52056
Completeness in resolution range: 1
Completeness with d_max=infinity: 0.767442

Number of F-obs in resolution range:                   198
Number of F-obs<0 (these reflections will be rejected): 0
Number of F-obs=0 (these reflections will be used in refinement): 0
Refinement resolution range: d_max =   3.9820
                             d_min =   2.5206

R-free flags:
  /scratch/m_zhen01/30995.lupus.uni-muenster.de/p26/02_mtz/260_FGG412-new.mtz:R-free-flags
Miller array info: /scratch/m_zhen01/30995.lupus.uni-muenster.de/p26/02_mtz/260_FGG412-new.mtz:R-free-flags
Observation type: None
Type of data: int, size=198
Type of sigmas: None
Number of Miller indices: 198
Anomalous flag: False
Unit cell: (13.225, 13.658, 10.482, 90, 90, 90)
Space group: P 1 (No. 1)
Systematic absences: 0
Centric reflections: 0
Resolution range: 3.98202 2.52056
Completeness in resolution range: 1
Completeness with d_max=infinity: 0.767442
Wavelength: 1.0000

Test (R-free flags) flag value: 1

Number of work/free reflections by resolution:
                                  work free  %free
  bin  1: 3.9820 - 3.6539 [20/20]   20    0   0.0%
  bin  2: 3.6539 - 3.4127 [16/16]   16    0   0.0%
  bin  3: 3.4127 - 3.2247 [23/23]   21    2   8.7%
  bin  4: 3.2247 - 3.0724 [14/14]   12    2  14.3%
  bin  5: 3.0724 - 2.9452 [28/28]   28    0   0.0%
  bin  6: 2.9452 - 2.8368 [10/10]   10    0   0.0%
  bin  7: 2.8368 - 2.7428 [12/12]   10    2  16.7%
  bin  8: 2.7428 - 2.6601 [25/25]   23    2   8.0%
  bin  9: 2.6601 - 2.5866 [26/26]   26    0   0.0%
  bin 10: 2.5866 - 2.5206 [24/24]   24    0   0.0%
                          overall  190    8   4.0%

                   ----------Processing PDB file(s)----------                  

  Monomer Library directory:
    "/tmp1/m_zhen01/phenix-installer-1.10.1-2155-intel-linux-2.6-x86_64-centos5/phenix-1.10.1-2155/modules/chem_data/mon_lib"
  Total number of atoms: 37
  Number of models: 1
  Model: ""
    Number of chains: 1
    Chain: "A"
      Number of atoms: 37
      Number of conformers: 1
      Conformer: ""
        Number of residues, atoms: 3, 37
          Classifications: {'peptide': 3}
          Modifications used: {'NH2NOTPRO': 1, 'COOH': 1}
          Link IDs: {'TRANS': 2}
  Time building chain proxies: 0.07, per 1000 atoms: 1.89
  Number of scatterers: 37
  At special positions: 0
  Unit cell: (13.225, 13.658, 10.482, 90, 90, 90)
  Space group: P 1 (No. 1)
  Number of sites at special positions: 0
  Number of scattering types: 4
    Type Number    sf(0)
     O       4      8.00
     N       3      7.00
     C      13      6.00
     H      17      1.00
    sf(0) = scattering factor at diffraction angle 0.

  Number of disulfides: simple=0, symmetry=0

  Automatic linking
    Parameters for automatic linking
      Linking & cutoffs
        Metal                : False - 3.50
        Amimo acid           : False - 1.90
        Carbohydrate         : True  - 1.99
        Ligands              : True  - 1.99
        Amino acid - RNA/DNA : False
      
  Number of custom bonds: simple=0, symmetry=0
  Time building additional restraints: 0.02
  Conformation dependent library (CDL) restraints added in 2.5 milliseconds
  
  Adding C-beta torsion restraints...
  Number of C-beta restraints generated:  2
  Time building geometry restraints manager: 0.03 seconds

  NOTE: a complete listing of the restraints can be obtained by requesting
        output of .geo file.

  Histogram of bond lengths:
        0.86 -     1.00: 16
        1.00 -     1.14: 1
        1.14 -     1.28: 3
        1.28 -     1.42: 9
        1.42 -     1.56: 8
  Bond restraints: 37
  Sorted by residual:
  bond pdb=" CA  GLY A   2 "
       pdb=" HA1 GLY A   2 "
    ideal  model  delta    sigma   weight residual
    0.970  1.027 -0.057 2.00e-02 2.50e+03 8.04e+00
  bond pdb=" N   GLY A   2 "
       pdb=" H   GLY A   2 "
    ideal  model  delta    sigma   weight residual
    0.860  0.903 -0.043 2.00e-02 2.50e+03 4.64e+00
  bond pdb=" CA  GLY A   3 "
       pdb=" HA2 GLY A   3 "
    ideal  model  delta    sigma   weight residual
    0.970  0.928  0.042 2.00e-02 2.50e+03 4.51e+00
  bond pdb=" C   GLY A   3 "
       pdb=" CA  GLY A   3 "
    ideal  model  delta    sigma   weight residual
    1.516  1.481  0.035 1.80e-02 3.09e+03 3.82e+00
  bond pdb=" CB  PHE A   1 "
       pdb=" CG  PHE A   1 "
    ideal  model  delta    sigma   weight residual
    1.502  1.459  0.043 2.30e-02 1.89e+03 3.42e+00
  ... (remaining 32 not shown)

  Histogram of bond angle deviations from ideal:
      103.23 -   107.50: 9
      107.50 -   111.77: 12
      111.77 -   116.04: 8
      116.04 -   120.30: 17
      120.30 -   124.57: 14
  Bond angle restraints: 60
  Sorted by residual:
  angle pdb=" HA2 GLY A   2 "
        pdb=" CA  GLY A   2 "
        pdb=" N   GLY A   2 "
      ideal   model   delta    sigma   weight residual
     110.00  103.23    6.77 3.00e+00 1.11e-01 5.09e+00
  angle pdb=" C   GLY A   3 "
        pdb=" CA  GLY A   3 "
        pdb=" HA2 GLY A   3 "
      ideal   model   delta    sigma   weight residual
     109.00  115.06   -6.06 3.00e+00 1.11e-01 4.08e+00
  angle pdb=" H1  PHE A   1 "
        pdb=" N   PHE A   1 "
        pdb=" H2  PHE A   1 "
      ideal   model   delta    sigma   weight residual
     109.47  115.08   -5.61 3.00e+00 1.11e-01 3.49e+00
  angle pdb=" C   GLY A   2 "
        pdb=" CA  GLY A   2 "
        pdb=" N   GLY A   2 "
      ideal   model   delta    sigma   weight residual
     113.18  117.15   -3.97 2.37e+00 1.78e-01 2.80e+00
  angle pdb=" O   PHE A   1 "
        pdb=" C   PHE A   1 "
        pdb=" CA  PHE A   1 "
      ideal   model   delta    sigma   weight residual
     120.80  118.17    2.63 1.70e+00 3.46e-01 2.40e+00
  ... (remaining 55 not shown)

  Histogram of dihedral angle deviations from ideal:
        0.10 -     8.27: 11
        8.27 -    16.44: 1
       16.44 -    24.61: 0
       24.61 -    32.78: 0
       32.78 -    40.94: 1
  Dihedral angle restraints: 13
    sinusoidal: 3
      harmonic: 10
  Sorted by residual:
  dihedral pdb=" CA  PHE A   1 "
           pdb=" C   PHE A   1 "
           pdb=" N   GLY A   2 "
           pdb=" CA  GLY A   2 "
      ideal   model   delta  harmonic     sigma   weight residual
    -180.00 -170.71   -9.29     0      5.00e+00 4.00e-02 3.45e+00
  dihedral pdb=" OXT GLY A   3 "
           pdb=" C   GLY A   3 "
           pdb=" CA  GLY A   3 "
           pdb=" N   GLY A   3 "
      ideal   model   delta sinusoidal    sigma   weight residual
     -20.00   20.94  -40.94     2      3.00e+01 1.11e-03 2.29e+00
  dihedral pdb=" CD2 PHE A   1 "
           pdb=" CG  PHE A   1 "
           pdb=" CD1 PHE A   1 "
           pdb=" HD1 PHE A   1 "
      ideal   model   delta  harmonic     sigma   weight residual
    -180.00 -177.03   -2.97     0      5.00e+00 4.00e-02 3.52e-01
  ... (remaining 10 not shown)

  Histogram of chiral volume deviations from ideal:
       0.004 -    0.004: 1
       0.004 -    0.004: 0
       0.004 -    0.004: 0
       0.004 -    0.004: 0
       0.004 -    0.004: 0
  Chirality restraints: 1
  Sorted by residual:
  chirality pdb=" CA  PHE A   1 "
            pdb=" C   PHE A   1 "
            pdb=" N   PHE A   1 "
            pdb=" CB  PHE A   1 "
    both_signs  ideal   model   delta    sigma   weight residual
      False     -2.51   -2.51   -0.00 2.00e-01 2.50e+01 3.64e-04

  Planarity restraints: 6
  Sorted by residual:
                                 delta    sigma   weight rms_deltas residual
  plane pdb=" CB  PHE A   1 "   -0.002 2.00e-02 2.50e+03   1.35e-02 5.45e+00
        pdb=" CG  PHE A   1 "   -0.027 2.00e-02 2.50e+03
        pdb=" CD2 PHE A   1 "    0.014 2.00e-02 2.50e+03
        pdb=" HD2 PHE A   1 "    0.012 2.00e-02 2.50e+03
        pdb=" CE2 PHE A   1 "   -0.019 2.00e-02 2.50e+03
        pdb=" HE2 PHE A   1 "    0.011 2.00e-02 2.50e+03
        pdb=" CZ  PHE A   1 "   -0.013 2.00e-02 2.50e+03
        pdb=" HZ  PHE A   1 "    0.008 2.00e-02 2.50e+03
        pdb=" CE1 PHE A   1 "   -0.007 2.00e-02 2.50e+03
        pdb=" HE1 PHE A   1 "    0.004 2.00e-02 2.50e+03
        pdb=" CD1 PHE A   1 "    0.002 2.00e-02 2.50e+03
        pdb=" HD1 PHE A   1 "    0.018 2.00e-02 2.50e+03
                                 delta    sigma   weight rms_deltas residual
  plane pdb=" O   GLY A   3 "    0.013 2.00e-02 2.50e+03   1.75e-02 3.83e+00
        pdb=" C   GLY A   3 "   -0.033 2.00e-02 2.50e+03
        pdb=" OXT GLY A   3 "    0.013 2.00e-02 2.50e+03
        pdb=" HXT GLY A   3 "   -0.002 2.00e-02 2.50e+03
        pdb=" CA  GLY A   3 "    0.009 2.00e-02 2.50e+03
                                 delta    sigma   weight rms_deltas residual
  plane pdb=" C   PHE A   1 "    0.006 2.00e-02 2.50e+03   3.28e-03 1.08e-01
        pdb=" O   PHE A   1 "   -0.002 2.00e-02 2.50e+03
        pdb=" CA  PHE A   1 "   -0.002 2.00e-02 2.50e+03
        pdb=" N   GLY A   2 "   -0.002 2.00e-02 2.50e+03
  ... (remaining 3 not shown)

  Histogram of nonbonded interaction distances:
        1.97 -     2.55: 26
        2.55 -     3.14: 47
        3.14 -     3.72: 57
        3.72 -     4.31: 60
        4.31 -     4.89: 79
  Nonbonded interactions: 269
  Sorted by model distance:
  nonbonded pdb=" H1  PHE A   1 "
            pdb=" H   GLY A   2 "
     model   vdw
     1.966 2.100
  nonbonded pdb=" HA2 GLY A   2 "
            pdb=" H   GLY A   3 "
     model   vdw
     2.207 2.270
  nonbonded pdb=" HD2 PHE A   1 "
            pdb=" HE2 PHE A   1 "
     model   vdw
     2.240 1.680
  nonbonded pdb=" HZ  PHE A   1 "
            pdb=" HE1 PHE A   1 "
     model   vdw
     2.262 1.680
  nonbonded pdb=" O   GLY A   3 "
            pdb=" HXT GLY A   3 "
     model   vdw
     2.278 2.056
  ... (remaining 264 not shown)

  NOTE: a complete listing of the restraints can be obtained by requesting
        output of .geo file.

                   ----------xray_structure summary----------                  

Number of scattering types: 4
  Type Number    sf(0)   Gaussians
   O       4      7.97       2
   N       3      6.97       2
   C      13      5.97       2
   H      17      1.00       2
  sf(0) = scattering factor at diffraction angle 0.
Number of scatterers: 37
At special positions: 0
Unit cell: (13.225, 13.658, 10.482, 90, 90, 90)
Space group: P 1 (No. 1)

End of input processing
r_work=0.5390 r_free=0.5769
params.data_weight: None
params.restraints: cctbx
rmsd(b), start:  0.0843
mc:   0 R: 0.3461 rmsd(b):  0.1915 restraint_scale:  2.0 min_steps: 51
mc:   1 R: 0.4630 rmsd(b):  0.0046 restraint_scale:  1.0 min_steps: 52
mc:   2 R: 0.3363 rmsd(b):  0.0983 restraint_scale:  2.0 min_steps: 53
mc:   3 R: 0.2374 rmsd(b):  0.0563 restraint_scale:  4.0 min_steps: 54
mc:   4 R: 0.0362 rmsd(b):  0.0112 restraint_scale:  4.0 min_steps: 40
mc:   5 R: 0.0111 rmsd(b):  0.0655 restraint_scale:  8.0 min_steps: 24
mc:   6 R: 0.0132 rmsd(b):  0.0332 restraint_scale: 16.0 min_steps: 10
mc:   7 R: 0.0146 rmsd(b):  0.0249 restraint_scale: 16.0 min_steps: 12
mc:   8 R: 0.0146 rmsd(b):  0.0234 restraint_scale: 16.0 min_steps: 4
Convergence reached, stop now.
see the result structure:  ./p26/04_results/refine_cctbx/260_FGG412-new/1.5/8.pdb
Time: 6.8297
