phenix.python
you are importing  adaptive calculator, and it does nothing. Please give it energy, force....... 

============================== Collecting inputs ==============================


                   ----------Processing X-ray data----------                   

F-obs:
  /scratch/m_zhen01/30995.lupus.uni-muenster.de/p26/02_mtz/260_FGG412-new.mtz:F-obs
Miller array info: None
Observation type: xray.amplitude
Type of data: double, size=198
Type of sigmas: None
Number of Miller indices: 198
Anomalous flag: False
Unit cell: (13.225, 13.658, 10.482, 90, 90, 90)
Space group: P 1 (No. 1)
Systematic absences: 0
Centric reflections: 0
Resolution range: 3.98202 2.52056
Completeness in resolution range: 1
Completeness with d_max=infinity: 0.767442

Number of F-obs in resolution range:                   198
Number of F-obs<0 (these reflections will be rejected): 0
Number of F-obs=0 (these reflections will be used in refinement): 0
Refinement resolution range: d_max =   3.9820
                             d_min =   2.5206

R-free flags:
  /scratch/m_zhen01/30995.lupus.uni-muenster.de/p26/02_mtz/260_FGG412-new.mtz:R-free-flags
Miller array info: /scratch/m_zhen01/30995.lupus.uni-muenster.de/p26/02_mtz/260_FGG412-new.mtz:R-free-flags
Observation type: None
Type of data: int, size=198
Type of sigmas: None
Number of Miller indices: 198
Anomalous flag: False
Unit cell: (13.225, 13.658, 10.482, 90, 90, 90)
Space group: P 1 (No. 1)
Systematic absences: 0
Centric reflections: 0
Resolution range: 3.98202 2.52056
Completeness in resolution range: 1
Completeness with d_max=infinity: 0.767442
Wavelength: 1.0000

Test (R-free flags) flag value: 1

Number of work/free reflections by resolution:
                                  work free  %free
  bin  1: 3.9820 - 3.6539 [20/20]   20    0   0.0%
  bin  2: 3.6539 - 3.4127 [16/16]   16    0   0.0%
  bin  3: 3.4127 - 3.2247 [23/23]   21    2   8.7%
  bin  4: 3.2247 - 3.0724 [14/14]   12    2  14.3%
  bin  5: 3.0724 - 2.9452 [28/28]   28    0   0.0%
  bin  6: 2.9452 - 2.8368 [10/10]   10    0   0.0%
  bin  7: 2.8368 - 2.7428 [12/12]   10    2  16.7%
  bin  8: 2.7428 - 2.6601 [25/25]   23    2   8.0%
  bin  9: 2.6601 - 2.5866 [26/26]   26    0   0.0%
  bin 10: 2.5866 - 2.5206 [24/24]   24    0   0.0%
                          overall  190    8   4.0%

                   ----------Processing PDB file(s)----------                  

  Monomer Library directory:
    "/tmp1/m_zhen01/phenix-installer-1.10.1-2155-intel-linux-2.6-x86_64-centos5/phenix-1.10.1-2155/modules/chem_data/mon_lib"
  Total number of atoms: 37
  Number of models: 1
  Model: ""
    Number of chains: 1
    Chain: "A"
      Number of atoms: 37
      Number of conformers: 1
      Conformer: ""
        Number of residues, atoms: 3, 37
          Classifications: {'peptide': 3}
          Modifications used: {'NH2NOTPRO': 1, 'COOH': 1}
          Link IDs: {'TRANS': 2}
  Time building chain proxies: 0.07, per 1000 atoms: 1.89
  Number of scatterers: 37
  At special positions: 0
  Unit cell: (13.225, 13.658, 10.482, 90, 90, 90)
  Space group: P 1 (No. 1)
  Number of sites at special positions: 0
  Number of scattering types: 4
    Type Number    sf(0)
     O       4      8.00
     N       3      7.00
     C      13      6.00
     H      17      1.00
    sf(0) = scattering factor at diffraction angle 0.

  Number of disulfides: simple=0, symmetry=0

  Automatic linking
    Parameters for automatic linking
      Linking & cutoffs
        Metal                : False - 3.50
        Amimo acid           : False - 1.90
        Carbohydrate         : True  - 1.99
        Ligands              : True  - 1.99
        Amino acid - RNA/DNA : False
      
  Number of custom bonds: simple=0, symmetry=0
  Time building additional restraints: 0.02
  Conformation dependent library (CDL) restraints added in 2.5 milliseconds
  
  Adding C-beta torsion restraints...
  Number of C-beta restraints generated:  2
  Time building geometry restraints manager: 0.02 seconds

  NOTE: a complete listing of the restraints can be obtained by requesting
        output of .geo file.

  Histogram of bond lengths:
        0.83 -     0.97: 16
        0.97 -     1.11: 1
        1.11 -     1.25: 3
        1.25 -     1.39: 6
        1.39 -     1.53: 11
  Bond restraints: 37
  Sorted by residual:
  bond pdb=" CA  GLY A   2 "
       pdb=" HA1 GLY A   2 "
    ideal  model  delta    sigma   weight residual
    0.970  0.917  0.053 2.00e-02 2.50e+03 6.96e+00
  bond pdb=" CB  PHE A   1 "
       pdb=" HB1 PHE A   1 "
    ideal  model  delta    sigma   weight residual
    0.970  0.919  0.051 2.00e-02 2.50e+03 6.45e+00
  bond pdb=" CZ  PHE A   1 "
       pdb=" HZ  PHE A   1 "
    ideal  model  delta    sigma   weight residual
    0.930  0.885  0.045 2.00e-02 2.50e+03 5.09e+00
  bond pdb=" CB  PHE A   1 "
       pdb=" CG  PHE A   1 "
    ideal  model  delta    sigma   weight residual
    1.502  1.454  0.048 2.30e-02 1.89e+03 4.43e+00
  bond pdb=" O   GLY A   3 "
       pdb=" C   GLY A   3 "
    ideal  model  delta    sigma   weight residual
    1.185  1.227 -0.042 2.00e-02 2.50e+03 4.38e+00
  ... (remaining 32 not shown)

  Histogram of bond angle deviations from ideal:
      104.20 -   108.26: 9
      108.26 -   112.32: 12
      112.32 -   116.37: 8
      116.37 -   120.43: 17
      120.43 -   124.49: 14
  Bond angle restraints: 60
  Sorted by residual:
  angle pdb=" H1  PHE A   1 "
        pdb=" N   PHE A   1 "
        pdb=" H2  PHE A   1 "
      ideal   model   delta    sigma   weight residual
     109.47  117.12   -7.65 3.00e+00 1.11e-01 6.50e+00
  angle pdb=" HA1 GLY A   3 "
        pdb=" CA  GLY A   3 "
        pdb=" N   GLY A   3 "
      ideal   model   delta    sigma   weight residual
     110.00  104.20    5.80 3.00e+00 1.11e-01 3.73e+00
  angle pdb=" O   GLY A   2 "
        pdb=" C   GLY A   2 "
        pdb=" N   GLY A   3 "
      ideal   model   delta    sigma   weight residual
     122.70  120.59    2.11 1.30e+00 5.92e-01 2.63e+00
  angle pdb=" CD2 PHE A   1 "
        pdb=" CG  PHE A   1 "
        pdb=" CD1 PHE A   1 "
      ideal   model   delta    sigma   weight residual
     118.60  120.97   -2.37 1.50e+00 4.44e-01 2.49e+00
  angle pdb=" C   PHE A   1 "
        pdb=" CA  PHE A   1 "
        pdb=" HA  PHE A   1 "
      ideal   model   delta    sigma   weight residual
     109.00  104.75    4.25 3.00e+00 1.11e-01 2.01e+00
  ... (remaining 55 not shown)

  Histogram of dihedral angle deviations from ideal:
        0.14 -     3.98: 7
        3.98 -     7.82: 5
        7.82 -    11.66: 0
       11.66 -    15.50: 0
       15.50 -    19.34: 1
  Dihedral angle restraints: 13
    sinusoidal: 3
      harmonic: 10
  Sorted by residual:
  dihedral pdb=" CA  PHE A   1 "
           pdb=" C   PHE A   1 "
           pdb=" N   GLY A   2 "
           pdb=" CA  GLY A   2 "
      ideal   model   delta  harmonic     sigma   weight residual
    -180.00 -174.38   -5.62     0      5.00e+00 4.00e-02 1.26e+00
  dihedral pdb=" CG  PHE A   1 "
           pdb=" CE1 PHE A   1 "
           pdb=" CD1 PHE A   1 "
           pdb=" HE1 PHE A   1 "
      ideal   model   delta  harmonic     sigma   weight residual
     180.00  175.51    4.49     0      5.00e+00 4.00e-02 8.05e-01
  dihedral pdb=" OXT GLY A   3 "
           pdb=" C   GLY A   3 "
           pdb=" CA  GLY A   3 "
           pdb=" N   GLY A   3 "
      ideal   model   delta sinusoidal    sigma   weight residual
     -20.00   -0.66  -19.34     2      3.00e+01 1.11e-03 5.85e-01
  ... (remaining 10 not shown)

  Histogram of chiral volume deviations from ideal:
       0.035 -    0.035: 1
       0.035 -    0.035: 0
       0.035 -    0.035: 0
       0.035 -    0.035: 0
       0.035 -    0.035: 0
  Chirality restraints: 1
  Sorted by residual:
  chirality pdb=" CA  PHE A   1 "
            pdb=" C   PHE A   1 "
            pdb=" N   PHE A   1 "
            pdb=" CB  PHE A   1 "
    both_signs  ideal   model   delta    sigma   weight residual
      False     -2.51   -2.55    0.03 2.00e-01 2.50e+01 3.02e-02

  Planarity restraints: 6
  Sorted by residual:
                                 delta    sigma   weight rms_deltas residual
  plane pdb=" CB  PHE A   1 "    0.014 2.00e-02 2.50e+03   1.86e-02 1.03e+01
        pdb=" CG  PHE A   1 "   -0.004 2.00e-02 2.50e+03
        pdb=" CD2 PHE A   1 "   -0.011 2.00e-02 2.50e+03
        pdb=" HD2 PHE A   1 "    0.027 2.00e-02 2.50e+03
        pdb=" CE2 PHE A   1 "   -0.002 2.00e-02 2.50e+03
        pdb=" HE2 PHE A   1 "   -0.027 2.00e-02 2.50e+03
        pdb=" CZ  PHE A   1 "    0.016 2.00e-02 2.50e+03
        pdb=" HZ  PHE A   1 "    0.011 2.00e-02 2.50e+03
        pdb=" CE1 PHE A   1 "   -0.027 2.00e-02 2.50e+03
        pdb=" HE1 PHE A   1 "    0.030 2.00e-02 2.50e+03
        pdb=" CD1 PHE A   1 "   -0.014 2.00e-02 2.50e+03
        pdb=" HD1 PHE A   1 "   -0.013 2.00e-02 2.50e+03
                                 delta    sigma   weight rms_deltas residual
  plane pdb=" C   PHE A   1 "    0.008 2.00e-02 2.50e+03   1.48e-02 2.20e+00
        pdb=" CA  GLY A   2 "    0.007 2.00e-02 2.50e+03
        pdb=" N   GLY A   2 "   -0.026 2.00e-02 2.50e+03
        pdb=" H   GLY A   2 "    0.011 2.00e-02 2.50e+03
                                 delta    sigma   weight rms_deltas residual
  plane pdb=" O   GLY A   3 "   -0.008 2.00e-02 2.50e+03   1.31e-02 2.14e+00
        pdb=" C   GLY A   3 "    0.008 2.00e-02 2.50e+03
        pdb=" OXT GLY A   3 "   -0.021 2.00e-02 2.50e+03
        pdb=" HXT GLY A   3 "    0.016 2.00e-02 2.50e+03
        pdb=" CA  GLY A   3 "    0.005 2.00e-02 2.50e+03
  ... (remaining 3 not shown)

  Histogram of nonbonded interaction distances:
        1.98 -     2.56: 32
        2.56 -     3.13: 46
        3.13 -     3.70: 61
        3.70 -     4.28: 68
        4.28 -     4.85: 66
  Nonbonded interactions: 273
  Sorted by model distance:
  nonbonded pdb=" H1  PHE A   1 "
            pdb=" H   GLY A   2 "
     model   vdw
     1.983 2.100
  nonbonded pdb=" H2  PHE A   1 "
            pdb=" HA  PHE A   1 "
     model   vdw
     2.106 1.816
  nonbonded pdb=" H2  PHE A   1 "
            pdb=" HB2 PHE A   1 "
     model   vdw
     2.208 2.270
  nonbonded pdb=" HA2 GLY A   2 "
            pdb=" H   GLY A   3 "
     model   vdw
     2.219 2.270
  nonbonded pdb=" OXT GLY A   3 "
            pdb=" H   GLY A   3 "
     model   vdw
     2.219 1.970
  ... (remaining 268 not shown)

  NOTE: a complete listing of the restraints can be obtained by requesting
        output of .geo file.

                   ----------xray_structure summary----------                  

Number of scattering types: 4
  Type Number    sf(0)   Gaussians
   O       4      7.97       2
   N       3      6.97       2
   C      13      5.97       2
   H      17      1.00       2
  sf(0) = scattering factor at diffraction angle 0.
Number of scatterers: 37
At special positions: 0
Unit cell: (13.225, 13.658, 10.482, 90, 90, 90)
Space group: P 1 (No. 1)

End of input processing
r_work=0.5312 r_free=0.4044
params.data_weight: None
params.restraints: cctbx
rmsd(b), start:  0.0956
mc:   0 R: 0.3325 rmsd(b):  0.0762 restraint_scale:  2.0 min_steps: 53
mc:   1 R: 0.3075 rmsd(b):  0.0914 restraint_scale:  4.0 min_steps: 47
mc:   2 R: 0.3318 rmsd(b):  0.0652 restraint_scale:  8.0 min_steps: 22
mc:   3 R: 0.3650 rmsd(b):  0.0363 restraint_scale: 16.0 min_steps: 23
mc:   4 R: 0.3522 rmsd(b):  0.0181 restraint_scale: 16.0 min_steps: 52
mc:   5 R: 0.3507 rmsd(b):  0.0219 restraint_scale: 16.0 min_steps: 4
mc:   6 R: 0.3602 rmsd(b):  0.0111 restraint_scale: 16.0 min_steps: 20
mc:   7 R: 0.3545 rmsd(b):  0.0187 restraint_scale: 16.0 min_steps: 18
mc:   8 R: 0.3579 rmsd(b):  0.0135 restraint_scale: 16.0 min_steps: 11
mc:   9 R: 0.3508 rmsd(b):  0.0270 restraint_scale: 16.0 min_steps: 16
mc:  10 R: 0.3606 rmsd(b):  0.0105 restraint_scale: 16.0 min_steps: 26
mc:  11 R: 0.3576 rmsd(b):  0.0165 restraint_scale: 16.0 min_steps: 9
mc:  12 R: 0.3478 rmsd(b):  0.0322 restraint_scale: 32.0 min_steps: 16
mc:  13 R: 0.3609 rmsd(b):  0.0094 restraint_scale: 16.0 min_steps: 26
mc:  14 R: 0.3581 rmsd(b):  0.0142 restraint_scale: 16.0 min_steps: 10
mc:  15 R: 0.3582 rmsd(b):  0.0137 restraint_scale: 16.0 min_steps: 4
Convergence reached, stop now.
see the result structure:  ./p26/04_results/refine_cctbx/260_FGG412-new/1.5/9.pdb
Time: 8.1456
