phenix.python
you are importing  adaptive calculator, and it does nothing. Please give it energy, force....... 

============================== Collecting inputs ==============================


                   ----------Processing X-ray data----------                   

F-obs:
  /scratch/m_zhen01/30995.lupus.uni-muenster.de/p26/02_mtz/203_WG11-new.mtz:F-obs
Miller array info: None
Observation type: xray.amplitude
Type of data: double, size=181
Type of sigmas: None
Number of Miller indices: 181
Anomalous flag: False
Unit cell: (13.071, 13.502, 9.907, 90, 90, 90)
Space group: P 1 (No. 1)
Systematic absences: 0
Centric reflections: 0
Resolution range: 3.99375 2.52768
Completeness in resolution range: 1
Completeness with d_max=infinity: 0.770213

Number of F-obs in resolution range:                   181
Number of F-obs<0 (these reflections will be rejected): 0
Number of F-obs=0 (these reflections will be used in refinement): 0
Refinement resolution range: d_max =   3.9937
                             d_min =   2.5277

R-free flags:
  /scratch/m_zhen01/30995.lupus.uni-muenster.de/p26/02_mtz/203_WG11-new.mtz:R-free-flags
Miller array info: /scratch/m_zhen01/30995.lupus.uni-muenster.de/p26/02_mtz/203_WG11-new.mtz:R-free-flags
Observation type: None
Type of data: int, size=181
Type of sigmas: None
Number of Miller indices: 181
Anomalous flag: False
Unit cell: (13.071, 13.502, 9.907, 90, 90, 90)
Space group: P 1 (No. 1)
Systematic absences: 0
Centric reflections: 0
Resolution range: 3.99375 2.52768
Completeness in resolution range: 1
Completeness with d_max=infinity: 0.770213
Wavelength: 1.0000

Test (R-free flags) flag value: 1

Number of work/free reflections by resolution:
                                  work free  %free
  bin  1: 3.9937 - 3.6645 [24/24]   24    0   0.0%
  bin  2: 3.6645 - 3.4226 [10/10]   10    0   0.0%
  bin  3: 3.4226 - 3.2340 [13/13]    9    4  30.8%
  bin  4: 3.2340 - 3.0811 [28/28]   28    0   0.0%
  bin  5: 3.0811 - 2.9536 [16/16]   16    0   0.0%
  bin  6: 2.9536 - 2.8449 [20/20]   12    8  40.0%
  bin  7: 2.8449 - 2.7506 [ 6/6 ]    6    0   0.0%
  bin  8: 2.7506 - 2.6677 [17/17]   17    0   0.0%
  bin  9: 2.6677 - 2.5939 [19/19]   19    0   0.0%
  bin 10: 2.5939 - 2.5277 [28/28]   28    0   0.0%
                          overall  169   12   6.6%

                   ----------Processing PDB file(s)----------                  

  Monomer Library directory:
    "/tmp1/m_zhen01/phenix-installer-1.10.1-2155-intel-linux-2.6-x86_64-centos5/phenix-1.10.1-2155/modules/chem_data/mon_lib"
  Total number of atoms: 34
  Number of models: 1
  Model: ""
    Number of chains: 1
    Chain: "A"
      Number of atoms: 34
      Number of conformers: 1
      Conformer: ""
        Number of residues, atoms: 2, 34
          Classifications: {'peptide': 2}
          Modifications used: {'NH2NOTPRO': 1, 'COOH': 1}
          Link IDs: {'TRANS': 1}
  Time building chain proxies: 0.07, per 1000 atoms: 2.06
  Number of scatterers: 34
  At special positions: 0
  Unit cell: (13.071, 13.502, 9.907, 90, 90, 90)
  Space group: P 1 (No. 1)
  Number of sites at special positions: 0
  Number of scattering types: 4
    Type Number    sf(0)
     O       3      8.00
     N       3      7.00
     C      13      6.00
     H      15      1.00
    sf(0) = scattering factor at diffraction angle 0.

  Number of disulfides: simple=0, symmetry=0

  Automatic linking
    Parameters for automatic linking
      Linking & cutoffs
        Metal                : False - 3.50
        Amimo acid           : False - 1.90
        Carbohydrate         : True  - 1.99
        Ligands              : True  - 1.99
        Amino acid - RNA/DNA : False
      
  Number of custom bonds: simple=0, symmetry=0
  Time building additional restraints: 0.02
  Conformation dependent library (CDL) restraints added in 446.1 microseconds
  
  Adding C-beta torsion restraints...
  Number of C-beta restraints generated:  2
  Time building geometry restraints manager: 0.02 seconds

  NOTE: a complete listing of the restraints can be obtained by requesting
        output of .geo file.

  Histogram of bond lengths:
        0.85 -     0.99: 15
        0.99 -     1.13: 0
        1.13 -     1.28: 2
        1.28 -     1.42: 11
        1.42 -     1.56: 7
  Bond restraints: 35
  Sorted by residual:
  bond pdb=" CZ3 TRP A   1 "
       pdb=" HZ3 TRP A   1 "
    ideal  model  delta    sigma   weight residual
    0.930  0.971 -0.041 2.00e-02 2.50e+03 4.10e+00
  bond pdb=" CA  TRP A   1 "
       pdb=" HA  TRP A   1 "
    ideal  model  delta    sigma   weight residual
    0.970  0.930  0.040 2.00e-02 2.50e+03 4.02e+00
  bond pdb=" CB  TRP A   1 "
       pdb=" HB1 TRP A   1 "
    ideal  model  delta    sigma   weight residual
    0.970  0.930  0.040 2.00e-02 2.50e+03 3.98e+00
  bond pdb=" CD1 TRP A   1 "
       pdb=" HD1 TRP A   1 "
    ideal  model  delta    sigma   weight residual
    0.930  0.893  0.037 2.00e-02 2.50e+03 3.40e+00
  bond pdb=" CE3 TRP A   1 "
       pdb=" HE3 TRP A   1 "
    ideal  model  delta    sigma   weight residual
    0.930  0.966 -0.036 2.00e-02 2.50e+03 3.17e+00
  ... (remaining 30 not shown)

  Histogram of bond angle deviations from ideal:
      104.92 -   110.58: 19
      110.58 -   116.23: 9
      116.23 -   121.88: 13
      121.88 -   127.53: 12
      127.53 -   133.18: 4
  Bond angle restraints: 57
  Sorted by residual:
  angle pdb=" O   TRP A   1 "
        pdb=" C   TRP A   1 "
        pdb=" N   GLY A   2 "
      ideal   model   delta    sigma   weight residual
     123.00  118.11    4.89 1.60e+00 3.91e-01 9.35e+00
  angle pdb=" C   GLY A   2 "
        pdb=" CA  GLY A   2 "
        pdb=" N   GLY A   2 "
      ideal   model   delta    sigma   weight residual
     113.30  107.35    5.95 2.90e+00 1.19e-01 4.20e+00
  angle pdb=" O   TRP A   1 "
        pdb=" C   TRP A   1 "
        pdb=" CA  TRP A   1 "
      ideal   model   delta    sigma   weight residual
     120.80  123.83   -3.03 1.70e+00 3.46e-01 3.18e+00
  angle pdb=" HB2 TRP A   1 "
        pdb=" CB  TRP A   1 "
        pdb=" CG  TRP A   1 "
      ideal   model   delta    sigma   weight residual
     108.00  113.20   -5.20 3.00e+00 1.11e-01 3.01e+00
  angle pdb=" HA1 GLY A   2 "
        pdb=" CA  GLY A   2 "
        pdb=" HA2 GLY A   2 "
      ideal   model   delta    sigma   weight residual
     109.00  114.19   -5.19 3.00e+00 1.11e-01 2.99e+00
  ... (remaining 52 not shown)

  Histogram of dihedral angle deviations from ideal:
        0.07 -     6.82: 11
        6.82 -    13.58: 1
       13.58 -    20.33: 0
       20.33 -    27.08: 0
       27.08 -    33.84: 1
  Dihedral angle restraints: 13
    sinusoidal: 3
      harmonic: 10
  Sorted by residual:
  dihedral pdb=" OXT GLY A   2 "
           pdb=" C   GLY A   2 "
           pdb=" CA  GLY A   2 "
           pdb=" N   GLY A   2 "
      ideal   model   delta sinusoidal    sigma   weight residual
     -20.00  -53.84   33.84     2      3.00e+01 1.11e-03 1.65e+00
  dihedral pdb=" C   TRP A   1 "
           pdb=" N   TRP A   1 "
           pdb=" CA  TRP A   1 "
           pdb=" CB  TRP A   1 "
      ideal   model   delta  harmonic     sigma   weight residual
    -122.60 -125.63    3.03     0      2.50e+00 1.60e-01 1.47e+00
  dihedral pdb=" N   TRP A   1 "
           pdb=" C   TRP A   1 "
           pdb=" CA  TRP A   1 "
           pdb=" CB  TRP A   1 "
      ideal   model   delta  harmonic     sigma   weight residual
     122.80  125.49   -2.69     0      2.50e+00 1.60e-01 1.15e+00
  ... (remaining 10 not shown)

  Histogram of chiral volume deviations from ideal:
       0.060 -    0.060: 1
       0.060 -    0.060: 0
       0.060 -    0.060: 0
       0.060 -    0.060: 0
       0.060 -    0.060: 0
  Chirality restraints: 1
  Sorted by residual:
  chirality pdb=" CA  TRP A   1 "
            pdb=" C   TRP A   1 "
            pdb=" N   TRP A   1 "
            pdb=" CB  TRP A   1 "
    both_signs  ideal   model   delta    sigma   weight residual
      False     -2.51   -2.45   -0.06 2.00e-01 2.50e+01 9.05e-02

  Planarity restraints: 4
  Sorted by residual:
                                 delta    sigma   weight rms_deltas residual
  plane pdb=" CB  TRP A   1 "    0.005 2.00e-02 2.50e+03   1.11e-02 4.90e+00
        pdb=" CG  TRP A   1 "    0.009 2.00e-02 2.50e+03
        pdb=" CD1 TRP A   1 "   -0.005 2.00e-02 2.50e+03
        pdb=" HD1 TRP A   1 "   -0.002 2.00e-02 2.50e+03
        pdb=" NE1 TRP A   1 "    0.010 2.00e-02 2.50e+03
        pdb=" HE1 TRP A   1 "    0.007 2.00e-02 2.50e+03
        pdb=" CE2 TRP A   1 "   -0.000 2.00e-02 2.50e+03
        pdb=" CZ2 TRP A   1 "   -0.027 2.00e-02 2.50e+03
        pdb=" HZ2 TRP A   1 "    0.011 2.00e-02 2.50e+03
        pdb=" CH2 TRP A   1 "   -0.013 2.00e-02 2.50e+03
        pdb=" HH2 TRP A   1 "    0.014 2.00e-02 2.50e+03
        pdb=" CZ3 TRP A   1 "    0.006 2.00e-02 2.50e+03
        pdb=" HZ3 TRP A   1 "    0.010 2.00e-02 2.50e+03
        pdb=" CE3 TRP A   1 "   -0.011 2.00e-02 2.50e+03
        pdb=" HE3 TRP A   1 "    0.003 2.00e-02 2.50e+03
        pdb=" CD2 TRP A   1 "   -0.014 2.00e-02 2.50e+03
                                 delta    sigma   weight rms_deltas residual
  plane pdb=" O   GLY A   2 "    0.012 2.00e-02 2.50e+03   1.74e-02 3.77e+00
        pdb=" C   GLY A   2 "   -0.034 2.00e-02 2.50e+03
        pdb=" OXT GLY A   2 "    0.011 2.00e-02 2.50e+03
        pdb=" HXT GLY A   2 "    0.000 2.00e-02 2.50e+03
        pdb=" CA  GLY A   2 "    0.010 2.00e-02 2.50e+03
                                 delta    sigma   weight rms_deltas residual
  plane pdb=" C   TRP A   1 "   -0.027 2.00e-02 2.50e+03   1.59e-02 2.52e+00
        pdb=" O   TRP A   1 "    0.010 2.00e-02 2.50e+03
        pdb=" CA  TRP A   1 "    0.008 2.00e-02 2.50e+03
        pdb=" N   GLY A   2 "    0.009 2.00e-02 2.50e+03
  ... (remaining 1 not shown)

  Histogram of nonbonded interaction distances:
        2.13 -     2.68: 24
        2.68 -     3.23: 42
        3.23 -     3.78: 65
        3.78 -     4.34: 67
        4.34 -     4.89: 66
  Nonbonded interactions: 264
  Sorted by model distance:
  nonbonded pdb=" H1  TRP A   1 "
            pdb=" HD1 TRP A   1 "
     model   vdw
     2.126 2.100
  nonbonded pdb=" O   GLY A   2 "
            pdb=" HXT GLY A   2 "
     model   vdw
     2.235 2.056
  nonbonded pdb=" HA  TRP A   1 "
            pdb=" HB1 TRP A   1 "
     model   vdw
     2.245 1.952
  nonbonded pdb=" HA  TRP A   1 "
            pdb=" HB2 TRP A   1 "
     model   vdw
     2.247 1.952
  nonbonded pdb=" HZ2 TRP A   1 "
            pdb=" HH2 TRP A   1 "
     model   vdw
     2.274 1.680
  ... (remaining 259 not shown)

  NOTE: a complete listing of the restraints can be obtained by requesting
        output of .geo file.

                   ----------xray_structure summary----------                  

Number of scattering types: 4
  Type Number    sf(0)   Gaussians
   O       3      7.97       2
   N       3      6.97       2
   C      13      5.97       2
   H      15      1.00       2
  sf(0) = scattering factor at diffraction angle 0.
Number of scatterers: 34
At special positions: 0
Unit cell: (13.071, 13.502, 9.907, 90, 90, 90)
Space group: P 1 (No. 1)

End of input processing
r_work=0.4953 r_free=0.5978
params.data_weight: None
params.restraints: cctbx
rmsd(b), start:  0.0884
mc:   0 R: 0.1702 rmsd(b):  0.0665 restraint_scale:  2.0 min_steps: 24
mc:   1 R: 0.0244 rmsd(b):  0.0120 restraint_scale:  2.0 min_steps: 31
mc:   2 R: 0.0063 rmsd(b):  0.0378 restraint_scale:  4.0 min_steps: 36
mc:   3 R: 0.0065 rmsd(b):  0.0374 restraint_scale:  8.0 min_steps: 10
Convergence reached, stop now.
see the result structure:  ./p26/04_results/refine_cctbx/203_WG11-new/0.6/9.pdb
Time: 5.2433
