phenix.python
you are importing  adaptive calculator, and it does nothing. Please give it energy, force....... 

============================== Collecting inputs ==============================


                   ----------Processing X-ray data----------                   

F-obs:
  /scratch/m_zhen01/30995.lupus.uni-muenster.de/p26/02_mtz/215_WGG07-new.mtz:F-obs
Miller array info: None
Observation type: xray.amplitude
Type of data: double, size=201
Type of sigmas: None
Number of Miller indices: 201
Anomalous flag: False
Unit cell: (12.289, 11.691, 13.906, 90, 90, 90)
Space group: P 1 (No. 1)
Systematic absences: 0
Centric reflections: 0
Resolution range: 3.9294 2.50153
Completeness in resolution range: 1
Completeness with d_max=infinity: 0.747212

Number of F-obs in resolution range:                   201
Number of F-obs<0 (these reflections will be rejected): 0
Number of F-obs=0 (these reflections will be used in refinement): 0
Refinement resolution range: d_max =   3.9294
                             d_min =   2.5015

R-free flags:
  /scratch/m_zhen01/30995.lupus.uni-muenster.de/p26/02_mtz/215_WGG07-new.mtz:R-free-flags
Miller array info: /scratch/m_zhen01/30995.lupus.uni-muenster.de/p26/02_mtz/215_WGG07-new.mtz:R-free-flags
Observation type: None
Type of data: int, size=201
Type of sigmas: None
Number of Miller indices: 201
Anomalous flag: False
Unit cell: (12.289, 11.691, 13.906, 90, 90, 90)
Space group: P 1 (No. 1)
Systematic absences: 0
Centric reflections: 0
Resolution range: 3.9294 2.50153
Completeness in resolution range: 1
Completeness with d_max=infinity: 0.747212
Wavelength: 1.0000

Test (R-free flags) flag value: 1

Number of work/free reflections by resolution:
                                  work free  %free
  bin  1: 3.9294 - 3.6119 [21/21]   16    5  23.8%
  bin  2: 3.6119 - 3.3772 [21/21]   21    0   0.0%
  bin  3: 3.3772 - 3.1936 [24/24]   24    0   0.0%
  bin  4: 3.1936 - 3.0443 [ 7/7 ]    7    0   0.0%
  bin  5: 3.0443 - 2.9196 [27/27]   27    0   0.0%
  bin  6: 2.9196 - 2.8131 [18/18]   14    4  22.2%
  bin  7: 2.8131 - 2.7206 [15/15]   11    4  26.7%
  bin  8: 2.7206 - 2.6391 [32/32]   32    0   0.0%
  bin  9: 2.6391 - 2.5666 [18/18]   18    0   0.0%
  bin 10: 2.5666 - 2.5015 [18/18]   18    0   0.0%
                          overall  188   13   6.5%

                   ----------Processing PDB file(s)----------                  

  Monomer Library directory:
    "/tmp1/m_zhen01/phenix-installer-1.10.1-2155-intel-linux-2.6-x86_64-centos5/phenix-1.10.1-2155/modules/chem_data/mon_lib"
  Total number of atoms: 41
  Number of models: 1
  Model: ""
    Number of chains: 1
    Chain: "A"
      Number of atoms: 41
      Number of conformers: 1
      Conformer: ""
        Number of residues, atoms: 3, 41
          Classifications: {'peptide': 3}
          Modifications used: {'NH2NOTPRO': 1, 'COOH': 1}
          Link IDs: {'TRANS': 2}
  Time building chain proxies: 0.07, per 1000 atoms: 1.71
  Number of scatterers: 41
  At special positions: 0
  Unit cell: (12.289, 11.691, 13.906, 90, 90, 90)
  Space group: P 1 (No. 1)
  Number of sites at special positions: 0
  Number of scattering types: 4
    Type Number    sf(0)
     O       4      8.00
     N       4      7.00
     C      15      6.00
     H      18      1.00
    sf(0) = scattering factor at diffraction angle 0.

  Number of disulfides: simple=0, symmetry=0

  Automatic linking
    Parameters for automatic linking
      Linking & cutoffs
        Metal                : False - 3.50
        Amimo acid           : False - 1.90
        Carbohydrate         : True  - 1.99
        Ligands              : True  - 1.99
        Amino acid - RNA/DNA : False
      
  Number of custom bonds: simple=0, symmetry=0
  Time building additional restraints: 0.02
  Conformation dependent library (CDL) restraints added in 2.4 milliseconds
  
  Adding C-beta torsion restraints...
  Number of C-beta restraints generated:  2
  Time building geometry restraints manager: 0.03 seconds

  NOTE: a complete listing of the restraints can be obtained by requesting
        output of .geo file.

  Histogram of bond lengths:
        0.83 -     0.97: 15
        0.97 -     1.11: 3
        1.11 -     1.25: 3
        1.25 -     1.39: 10
        1.39 -     1.53: 11
  Bond restraints: 42
  Sorted by residual:
  bond pdb=" CH2 TRP A   1 "
       pdb=" HH2 TRP A   1 "
    ideal  model  delta    sigma   weight residual
    0.930  0.877  0.053 2.00e-02 2.50e+03 7.06e+00
  bond pdb=" C   GLY A   3 "
       pdb=" OXT GLY A   3 "
    ideal  model  delta    sigma   weight residual
    1.330  1.289  0.041 2.00e-02 2.50e+03 4.14e+00
  bond pdb=" CZ3 TRP A   1 "
       pdb=" HZ3 TRP A   1 "
    ideal  model  delta    sigma   weight residual
    0.930  0.893  0.037 2.00e-02 2.50e+03 3.41e+00
  bond pdb=" CB  TRP A   1 "
       pdb=" HB1 TRP A   1 "
    ideal  model  delta    sigma   weight residual
    0.970  0.936  0.034 2.00e-02 2.50e+03 2.95e+00
  bond pdb=" C   GLY A   2 "
       pdb=" N   GLY A   3 "
    ideal  model  delta    sigma   weight residual
    1.329  1.351 -0.022 1.40e-02 5.10e+03 2.54e+00
  ... (remaining 37 not shown)

  Histogram of bond angle deviations from ideal:
      102.14 -   108.54: 11
      108.54 -   114.94: 23
      114.94 -   121.33: 17
      121.33 -   127.73: 14
      127.73 -   134.13: 4
  Bond angle restraints: 69
  Sorted by residual:
  angle pdb=" O   GLY A   2 "
        pdb=" C   GLY A   2 "
        pdb=" CA  GLY A   2 "
      ideal   model   delta    sigma   weight residual
     120.57  125.01   -4.44 1.74e+00 3.30e-01 6.51e+00
  angle pdb=" C   GLY A   2 "
        pdb=" CA  GLY A   2 "
        pdb=" HA1 GLY A   2 "
      ideal   model   delta    sigma   weight residual
     109.00  102.14    6.86 3.00e+00 1.11e-01 5.23e+00
  angle pdb=" C   GLY A   3 "
        pdb=" CA  GLY A   3 "
        pdb=" N   GLY A   3 "
      ideal   model   delta    sigma   weight residual
     113.30  107.44    5.86 2.90e+00 1.19e-01 4.09e+00
  angle pdb=" CA  TRP A   1 "
        pdb=" CB  TRP A   1 "
        pdb=" CG  TRP A   1 "
      ideal   model   delta    sigma   weight residual
     113.60  110.12    3.48 1.90e+00 2.77e-01 3.36e+00
  angle pdb=" C   GLY A   2 "
        pdb=" CA  GLY A   2 "
        pdb=" N   GLY A   2 "
      ideal   model   delta    sigma   weight residual
     113.18  116.71   -3.53 2.37e+00 1.78e-01 2.22e+00
  ... (remaining 64 not shown)

  Histogram of dihedral angle deviations from ideal:
        0.33 -    35.22: 12
       35.22 -    70.11: 0
       70.11 -   104.99: 1
      104.99 -   139.88: 0
      139.88 -   174.77: 1
  Dihedral angle restraints: 14
    sinusoidal: 3
      harmonic: 11
  Sorted by residual:
  dihedral pdb=" O   GLY A   3 "
           pdb=" C   GLY A   3 "
           pdb=" OXT GLY A   3 "
           pdb=" HXT GLY A   3 "
      ideal   model   delta  harmonic     sigma   weight residual
       0.00  174.77 -174.77     0      3.00e+01 1.11e-03 3.39e+01
  dihedral pdb=" CA  GLY A   2 "
           pdb=" C   GLY A   2 "
           pdb=" N   GLY A   3 "
           pdb=" CA  GLY A   3 "
      ideal   model   delta  harmonic     sigma   weight residual
    -180.00 -163.84  -16.16     0      5.00e+00 4.00e-02 1.04e+01
  dihedral pdb=" CA  TRP A   1 "
           pdb=" C   TRP A   1 "
           pdb=" N   GLY A   2 "
           pdb=" CA  GLY A   2 "
      ideal   model   delta  harmonic     sigma   weight residual
    -180.00 -168.23  -11.77     0      5.00e+00 4.00e-02 5.54e+00
  ... (remaining 11 not shown)

  Histogram of chiral volume deviations from ideal:
       0.008 -    0.008: 1
       0.008 -    0.008: 0
       0.008 -    0.008: 0
       0.008 -    0.008: 0
       0.008 -    0.008: 0
  Chirality restraints: 1
  Sorted by residual:
  chirality pdb=" CA  TRP A   1 "
            pdb=" C   TRP A   1 "
            pdb=" N   TRP A   1 "
            pdb=" CB  TRP A   1 "
    both_signs  ideal   model   delta    sigma   weight residual
      False     -2.51   -2.50   -0.01 2.00e-01 2.50e+01 1.52e-03

  Planarity restraints: 6
  Sorted by residual:
                                 delta    sigma   weight rms_deltas residual
  plane pdb=" CB  TRP A   1 "   -0.002 2.00e-02 2.50e+03   1.43e-02 8.20e+00
        pdb=" CG  TRP A   1 "    0.016 2.00e-02 2.50e+03
        pdb=" CD1 TRP A   1 "   -0.017 2.00e-02 2.50e+03
        pdb=" HD1 TRP A   1 "   -0.007 2.00e-02 2.50e+03
        pdb=" NE1 TRP A   1 "    0.029 2.00e-02 2.50e+03
        pdb=" HE1 TRP A   1 "   -0.023 2.00e-02 2.50e+03
        pdb=" CE2 TRP A   1 "    0.018 2.00e-02 2.50e+03
        pdb=" CZ2 TRP A   1 "   -0.004 2.00e-02 2.50e+03
        pdb=" HZ2 TRP A   1 "    0.008 2.00e-02 2.50e+03
        pdb=" CH2 TRP A   1 "   -0.001 2.00e-02 2.50e+03
        pdb=" HH2 TRP A   1 "    0.002 2.00e-02 2.50e+03
        pdb=" CZ3 TRP A   1 "    0.003 2.00e-02 2.50e+03
        pdb=" HZ3 TRP A   1 "   -0.018 2.00e-02 2.50e+03
        pdb=" CE3 TRP A   1 "   -0.013 2.00e-02 2.50e+03
        pdb=" HE3 TRP A   1 "    0.018 2.00e-02 2.50e+03
        pdb=" CD2 TRP A   1 "   -0.008 2.00e-02 2.50e+03
                                 delta    sigma   weight rms_deltas residual
  plane pdb=" O   GLY A   3 "    0.021 2.00e-02 2.50e+03   2.06e-02 5.28e+00
        pdb=" C   GLY A   3 "   -0.036 2.00e-02 2.50e+03
        pdb=" OXT GLY A   3 "   -0.007 2.00e-02 2.50e+03
        pdb=" HXT GLY A   3 "    0.016 2.00e-02 2.50e+03
        pdb=" CA  GLY A   3 "    0.005 2.00e-02 2.50e+03
                                 delta    sigma   weight rms_deltas residual
  plane pdb=" C   TRP A   1 "    0.012 2.00e-02 2.50e+03   2.29e-02 5.26e+00
        pdb=" CA  GLY A   2 "    0.010 2.00e-02 2.50e+03
        pdb=" N   GLY A   2 "   -0.039 2.00e-02 2.50e+03
        pdb=" H   GLY A   2 "    0.017 2.00e-02 2.50e+03
  ... (remaining 3 not shown)

  Histogram of nonbonded interaction distances:
        2.00 -     2.57: 28
        2.57 -     3.14: 57
        3.14 -     3.72: 72
        3.72 -     4.29: 88
        4.29 -     4.86: 94
  Nonbonded interactions: 339
  Sorted by model distance:
  nonbonded pdb=" HXT GLY A   3 "
            pdb=" HA2 GLY A   3 "
     model   vdw
     1.997 2.270
  nonbonded pdb=" H   GLY A   2 "
            pdb=" H   GLY A   3 "
     model   vdw
     1.998 2.100
  nonbonded pdb=" HA1 GLY A   3 "
            pdb=" H   GLY A   3 "
     model   vdw
     2.085 1.816
  nonbonded pdb=" O   GLY A   2 "
            pdb=" HXT GLY A   3 "
     model   vdw
     2.165 1.970
  nonbonded pdb=" HA  TRP A   1 "
            pdb=" HB2 TRP A   1 "
     model   vdw
     2.229 1.952
  ... (remaining 334 not shown)

  NOTE: a complete listing of the restraints can be obtained by requesting
        output of .geo file.

                   ----------xray_structure summary----------                  

Number of scattering types: 4
  Type Number    sf(0)   Gaussians
   O       4      7.97       2
   N       4      6.97       2
   C      15      5.97       2
   H      18      1.00       2
  sf(0) = scattering factor at diffraction angle 0.
Number of scatterers: 41
At special positions: 0
Unit cell: (12.289, 11.691, 13.906, 90, 90, 90)
Space group: P 1 (No. 1)

End of input processing
r_work=0.4926 r_free=0.4603
params.data_weight: None
params.restraints: cctbx
rmsd(b), start:  0.0934
mc:   0 R: 0.3609 rmsd(b):  0.0794 restraint_scale:  2.0 min_steps: 38
mc:   1 R: 0.3322 rmsd(b):  0.0813 restraint_scale:  4.0 min_steps: 15
mc:   2 R: 0.3347 rmsd(b):  0.0625 restraint_scale:  8.0 min_steps: 9
mc:   3 R: 0.3447 rmsd(b):  0.0372 restraint_scale: 16.0 min_steps: 34
mc:   4 R: 0.3619 rmsd(b):  0.0288 restraint_scale: 16.0 min_steps: 21
mc:   5 R: 0.3766 rmsd(b):  0.0130 restraint_scale: 16.0 min_steps: 28
mc:   6 R: 0.3795 rmsd(b):  0.0168 restraint_scale: 16.0 min_steps: 18
mc:   7 R: 0.3787 rmsd(b):  0.0147 restraint_scale: 16.0 min_steps: 8
mc:   8 R: 0.3755 rmsd(b):  0.0222 restraint_scale: 16.0 min_steps: 16
mc:   9 R: 0.3772 rmsd(b):  0.0162 restraint_scale: 16.0 min_steps: 7
mc:  10 R: 0.3871 rmsd(b):  0.0074 restraint_scale:  8.0 min_steps: 24
mc:  11 R: 0.3829 rmsd(b):  0.0343 restraint_scale: 16.0 min_steps: 24
mc:  12 R: 0.3689 rmsd(b):  0.0304 restraint_scale: 32.0 min_steps: 24
mc:  13 R: 0.3872 rmsd(b):  0.0110 restraint_scale: 32.0 min_steps: 25
mc:  14 R: 0.3976 rmsd(b):  0.0072 restraint_scale: 16.0 min_steps: 30
mc:  15 R: 0.3925 rmsd(b):  0.0144 restraint_scale: 16.0 min_steps: 13
mc:  16 R: 0.3857 rmsd(b):  0.0357 restraint_scale: 32.0 min_steps: 16
mc:  17 R: 0.3824 rmsd(b):  0.0154 restraint_scale: 32.0 min_steps: 24
mc:  18 R: 0.3998 rmsd(b):  0.0056 restraint_scale: 16.0 min_steps: 42
mc:  19 R: 0.3959 rmsd(b):  0.0123 restraint_scale: 16.0 min_steps: 9
mc:  20 R: 0.3956 rmsd(b):  0.0124 restraint_scale: 16.0 min_steps: 6
Convergence reached, stop now.
see the result structure:  ./p26/04_results/refine_cctbx/215_WGG07-new/1.5/5.pdb
Time: 9.8502
