phenix.python
you are importing  adaptive calculator, and it does nothing. Please give it energy, force....... 

============================== Collecting inputs ==============================


                   ----------Processing X-ray data----------                   

F-obs:
  /scratch/m_zhen01/30993.lupus.uni-muenster.de/p26/02_mtz/262_FGG470-new.mtz:F-obs
Miller array info: None
Observation type: xray.amplitude
Type of data: double, size=196
Type of sigmas: None
Number of Miller indices: 196
Anomalous flag: False
Unit cell: (14.065, 13.516, 10.568, 90, 90, 90)
Space group: P 1 (No. 1)
Systematic absences: 0
Centric reflections: 0
Resolution range: 3.99149 2.52197
Completeness in resolution range: 1
Completeness with d_max=infinity: 0.742424

Number of F-obs in resolution range:                   196
Number of F-obs<0 (these reflections will be rejected): 0
Number of F-obs=0 (these reflections will be used in refinement): 0
Refinement resolution range: d_max =   3.9915
                             d_min =   2.5220

R-free flags:
  /scratch/m_zhen01/30993.lupus.uni-muenster.de/p26/02_mtz/262_FGG470-new.mtz:R-free-flags
Miller array info: /scratch/m_zhen01/30993.lupus.uni-muenster.de/p26/02_mtz/262_FGG470-new.mtz:R-free-flags
Observation type: None
Type of data: int, size=196
Type of sigmas: None
Number of Miller indices: 196
Anomalous flag: False
Unit cell: (14.065, 13.516, 10.568, 90, 90, 90)
Space group: P 1 (No. 1)
Systematic absences: 0
Centric reflections: 0
Resolution range: 3.99149 2.52197
Completeness in resolution range: 1
Completeness with d_max=infinity: 0.742424
Wavelength: 1.0000

Test (R-free flags) flag value: 1

Number of work/free reflections by resolution:
                                  work free  %free
  bin  1: 3.9915 - 3.6606 [12/12]   12    0   0.0%
  bin  2: 3.6606 - 3.4177 [18/18]   10    8  44.4%
  bin  3: 3.4177 - 3.2287 [29/29]   29    0   0.0%
  bin  4: 3.2287 - 3.0756 [24/24]   24    0   0.0%
  bin  5: 3.0756 - 2.9480 [14/14]   14    0   0.0%
  bin  6: 2.9480 - 2.8392 [16/16]   16    0   0.0%
  bin  7: 2.8392 - 2.7448 [21/21]   21    0   0.0%
  bin  8: 2.7448 - 2.6619 [21/21]   17    4  19.0%
  bin  9: 2.6619 - 2.5882 [23/23]   19    4  17.4%
  bin 10: 2.5882 - 2.5220 [18/18]   18    0   0.0%
                          overall  180   16   8.2%

                   ----------Processing PDB file(s)----------                  

  Monomer Library directory:
    "/tmp1/m_zhen01/phenix-installer-1.10.1-2155-intel-linux-2.6-x86_64-centos5/phenix-1.10.1-2155/modules/chem_data/mon_lib"
  Total number of atoms: 37
  Number of models: 1
  Model: ""
    Number of chains: 1
    Chain: "A"
      Number of atoms: 37
      Number of conformers: 1
      Conformer: ""
        Number of residues, atoms: 3, 37
          Classifications: {'peptide': 3}
          Modifications used: {'NH2NOTPRO': 1, 'COOH': 1}
          Link IDs: {'TRANS': 2}
  Time building chain proxies: 0.07, per 1000 atoms: 1.89
  Number of scatterers: 37
  At special positions: 0
  Unit cell: (14.065, 13.516, 10.568, 90, 90, 90)
  Space group: P 1 (No. 1)
  Number of sites at special positions: 0
  Number of scattering types: 4
    Type Number    sf(0)
     O       4      8.00
     N       3      7.00
     C      13      6.00
     H      17      1.00
    sf(0) = scattering factor at diffraction angle 0.

  Number of disulfides: simple=0, symmetry=0

  Automatic linking
    Parameters for automatic linking
      Linking & cutoffs
        Metal                : False - 3.50
        Amimo acid           : False - 1.90
        Carbohydrate         : True  - 1.99
        Ligands              : True  - 1.99
        Amino acid - RNA/DNA : False
      
  Number of custom bonds: simple=0, symmetry=0
  Time building additional restraints: 0.02
  Conformation dependent library (CDL) restraints added in 2.5 milliseconds
  
  Adding C-beta torsion restraints...
  Number of C-beta restraints generated:  2
  Time building geometry restraints manager: 0.03 seconds

  NOTE: a complete listing of the restraints can be obtained by requesting
        output of .geo file.

  Histogram of bond lengths:
        0.87 -     1.01: 17
        1.01 -     1.15: 0
        1.15 -     1.29: 3
        1.29 -     1.43: 7
        1.43 -     1.57: 10
  Bond restraints: 37
  Sorted by residual:
  bond pdb=" CB  PHE A   1 "
       pdb=" CG  PHE A   1 "
    ideal  model  delta    sigma   weight residual
    1.502  1.570 -0.068 2.30e-02 1.89e+03 8.61e+00
  bond pdb=" CD2 PHE A   1 "
       pdb=" HD2 PHE A   1 "
    ideal  model  delta    sigma   weight residual
    0.930  0.980 -0.050 2.00e-02 2.50e+03 6.17e+00
  bond pdb=" CD1 PHE A   1 "
       pdb=" HD1 PHE A   1 "
    ideal  model  delta    sigma   weight residual
    0.930  0.978 -0.048 2.00e-02 2.50e+03 5.84e+00
  bond pdb=" CE1 PHE A   1 "
       pdb=" CD1 PHE A   1 "
    ideal  model  delta    sigma   weight residual
    1.382  1.452 -0.070 3.00e-02 1.11e+03 5.46e+00
  bond pdb=" C   PHE A   1 "
       pdb=" CA  PHE A   1 "
    ideal  model  delta    sigma   weight residual
    1.525  1.480  0.045 2.10e-02 2.27e+03 4.64e+00
  ... (remaining 32 not shown)

  Histogram of bond angle deviations from ideal:
      103.42 -   107.62: 5
      107.62 -   111.83: 17
      111.83 -   116.04: 6
      116.04 -   120.24: 17
      120.24 -   124.45: 15
  Bond angle restraints: 60
  Sorted by residual:
  angle pdb=" C   GLY A   2 "
        pdb=" CA  GLY A   2 "
        pdb=" N   GLY A   2 "
      ideal   model   delta    sigma   weight residual
     113.18  108.74    4.44 2.37e+00 1.78e-01 3.50e+00
  angle pdb=" HA1 GLY A   2 "
        pdb=" CA  GLY A   2 "
        pdb=" HA2 GLY A   2 "
      ideal   model   delta    sigma   weight residual
     109.00  103.42    5.58 3.00e+00 1.11e-01 3.46e+00
  angle pdb=" HA2 GLY A   3 "
        pdb=" CA  GLY A   3 "
        pdb=" N   GLY A   3 "
      ideal   model   delta    sigma   weight residual
     110.00  105.13    4.87 3.00e+00 1.11e-01 2.64e+00
  angle pdb=" N   PHE A   1 "
        pdb=" CA  PHE A   1 "
        pdb=" CB  PHE A   1 "
      ideal   model   delta    sigma   weight residual
     110.50  113.09   -2.59 1.70e+00 3.46e-01 2.32e+00
  angle pdb=" O   GLY A   2 "
        pdb=" C   GLY A   2 "
        pdb=" CA  GLY A   2 "
      ideal   model   delta    sigma   weight residual
     120.57  117.97    2.60 1.74e+00 3.30e-01 2.23e+00
  ... (remaining 55 not shown)

  Histogram of dihedral angle deviations from ideal:
        0.22 -     3.85: 10
        3.85 -     7.48: 1
        7.48 -    11.11: 1
       11.11 -    14.74: 0
       14.74 -    18.38: 1
  Dihedral angle restraints: 13
    sinusoidal: 3
      harmonic: 10
  Sorted by residual:
  dihedral pdb=" N   PHE A   1 "
           pdb=" C   PHE A   1 "
           pdb=" CA  PHE A   1 "
           pdb=" CB  PHE A   1 "
      ideal   model   delta  harmonic     sigma   weight residual
     122.80  124.87   -2.07     0      2.50e+00 1.60e-01 6.85e-01
  dihedral pdb=" CA  PHE A   1 "
           pdb=" C   PHE A   1 "
           pdb=" N   GLY A   2 "
           pdb=" CA  GLY A   2 "
      ideal   model   delta  harmonic     sigma   weight residual
     180.00  175.87    4.13     0      5.00e+00 4.00e-02 6.83e-01
  dihedral pdb=" N   PHE A   1 "
           pdb=" CA  PHE A   1 "
           pdb=" CB  PHE A   1 "
           pdb=" CG  PHE A   1 "
      ideal   model   delta sinusoidal    sigma   weight residual
      60.00   50.20    9.80     3      1.50e+01 4.44e-03 6.10e-01
  ... (remaining 10 not shown)

  Histogram of chiral volume deviations from ideal:
       0.108 -    0.108: 1
       0.108 -    0.108: 0
       0.108 -    0.108: 0
       0.108 -    0.108: 0
       0.108 -    0.108: 0
  Chirality restraints: 1
  Sorted by residual:
  chirality pdb=" CA  PHE A   1 "
            pdb=" C   PHE A   1 "
            pdb=" N   PHE A   1 "
            pdb=" CB  PHE A   1 "
    both_signs  ideal   model   delta    sigma   weight residual
      False     -2.51   -2.40   -0.11 2.00e-01 2.50e+01 2.93e-01

  Planarity restraints: 6
  Sorted by residual:
                                 delta    sigma   weight rms_deltas residual
  plane pdb=" C   GLY A   2 "   -0.054 2.00e-02 2.50e+03   3.14e-02 9.88e+00
        pdb=" O   GLY A   2 "    0.020 2.00e-02 2.50e+03
        pdb=" CA  GLY A   2 "    0.016 2.00e-02 2.50e+03
        pdb=" N   GLY A   3 "    0.019 2.00e-02 2.50e+03
                                 delta    sigma   weight rms_deltas residual
  plane pdb=" CB  PHE A   1 "    0.013 2.00e-02 2.50e+03   9.23e-03 2.56e+00
        pdb=" CG  PHE A   1 "   -0.015 2.00e-02 2.50e+03
        pdb=" CD2 PHE A   1 "    0.011 2.00e-02 2.50e+03
        pdb=" HD2 PHE A   1 "   -0.013 2.00e-02 2.50e+03
        pdb=" CE2 PHE A   1 "   -0.006 2.00e-02 2.50e+03
        pdb=" HE2 PHE A   1 "    0.006 2.00e-02 2.50e+03
        pdb=" CZ  PHE A   1 "   -0.006 2.00e-02 2.50e+03
        pdb=" HZ  PHE A   1 "    0.013 2.00e-02 2.50e+03
        pdb=" CE1 PHE A   1 "   -0.000 2.00e-02 2.50e+03
        pdb=" HE1 PHE A   1 "   -0.008 2.00e-02 2.50e+03
        pdb=" CD1 PHE A   1 "    0.001 2.00e-02 2.50e+03
        pdb=" HD1 PHE A   1 "    0.004 2.00e-02 2.50e+03
                                 delta    sigma   weight rms_deltas residual
  plane pdb=" O   GLY A   3 "   -0.006 2.00e-02 2.50e+03   8.37e-03 8.75e-01
        pdb=" C   GLY A   3 "    0.011 2.00e-02 2.50e+03
        pdb=" OXT GLY A   3 "   -0.012 2.00e-02 2.50e+03
        pdb=" HXT GLY A   3 "    0.007 2.00e-02 2.50e+03
        pdb=" CA  GLY A   3 "   -0.000 2.00e-02 2.50e+03
  ... (remaining 3 not shown)

  Histogram of nonbonded interaction distances:
        2.16 -     2.71: 38
        2.71 -     3.26: 44
        3.26 -     3.80: 56
        3.80 -     4.35: 58
        4.35 -     4.90: 76
  Nonbonded interactions: 272
  Sorted by model distance:
  nonbonded pdb=" H1  PHE A   1 "
            pdb=" HA  PHE A   1 "
     model   vdw
     2.163 1.816
  nonbonded pdb=" HA1 GLY A   2 "
            pdb=" H   GLY A   2 "
     model   vdw
     2.180 1.816
  nonbonded pdb=" O   GLY A   3 "
            pdb=" HXT GLY A   3 "
     model   vdw
     2.236 2.056
  nonbonded pdb=" H1  PHE A   1 "
            pdb=" H   GLY A   2 "
     model   vdw
     2.257 2.100
  nonbonded pdb=" HA  PHE A   1 "
            pdb=" HB2 PHE A   1 "
     model   vdw
     2.293 1.952
  ... (remaining 267 not shown)

  NOTE: a complete listing of the restraints can be obtained by requesting
        output of .geo file.

                   ----------xray_structure summary----------                  

Number of scattering types: 4
  Type Number    sf(0)   Gaussians
   O       4      7.97       2
   N       3      6.97       2
   C      13      5.97       2
   H      17      1.00       2
  sf(0) = scattering factor at diffraction angle 0.
Number of scatterers: 37
At special positions: 0
Unit cell: (14.065, 13.516, 10.568, 90, 90, 90)
Space group: P 1 (No. 1)

End of input processing
r_work=0.4094 r_free=0.3416
params.data_weight: 0.0
params.restraints: cctbx
rmsd(b), start:  0.0822
mc:   0 R: 0.3969 rmsd(b):  0.0010 restraint_scale:  1.0 min_steps: 53
mc:   1 R: 0.3358 rmsd(b):  0.0006 restraint_scale:  1.0 min_steps: 54
mc:   2 R: 0.3199 rmsd(b):  0.0006 restraint_scale:  1.0 min_steps: 54
mc:   3 R: 0.3131 rmsd(b):  0.0006 restraint_scale:  1.0 min_steps: 53
mc:   4 R: 0.2922 rmsd(b):  0.0005 restraint_scale:  1.0 min_steps: 52
mc:   5 R: 0.2887 rmsd(b):  0.0006 restraint_scale:  1.0 min_steps: 53
mc:   6 R: 0.2741 rmsd(b):  0.0005 restraint_scale:  1.0 min_steps: 54
mc:   7 R: 0.2721 rmsd(b):  0.0005 restraint_scale:  1.0 min_steps: 57
mc:   8 R: 0.2613 rmsd(b):  0.0005 restraint_scale:  1.0 min_steps: 53
mc:   9 R: 0.2602 rmsd(b):  0.0005 restraint_scale:  1.0 min_steps: 54
mc:  10 R: 0.2510 rmsd(b):  0.0005 restraint_scale:  1.0 min_steps: 54
mc:  11 R: 0.2503 rmsd(b):  0.0005 restraint_scale:  1.0 min_steps: 55
Convergence reached, stop now.
see the result structure:  ./p26/04_results/opt_cctbx/262_FGG470-new/0.6/0.pdb
Time: 7.0396
