phenix.python
you are importing  adaptive calculator, and it does nothing. Please give it energy, force....... 

============================== Collecting inputs ==============================


                   ----------Processing X-ray data----------                   

F-obs:
  /scratch/m_zhen01/30993.lupus.uni-muenster.de/p26/02_mtz/235_GGF05-new.mtz:F-obs
Miller array info: None
Observation type: xray.amplitude
Type of data: double, size=200
Type of sigmas: None
Number of Miller indices: 200
Anomalous flag: False
Unit cell: (13.215, 13.456, 11.167, 90, 90, 90)
Space group: P 1 (No. 1)
Systematic absences: 0
Centric reflections: 0
Resolution range: 3.96989 2.52592
Completeness in resolution range: 1
Completeness with d_max=infinity: 0.746269

Number of F-obs in resolution range:                   200
Number of F-obs<0 (these reflections will be rejected): 0
Number of F-obs=0 (these reflections will be used in refinement): 0
Refinement resolution range: d_max =   3.9699
                             d_min =   2.5259

R-free flags:
  /scratch/m_zhen01/30993.lupus.uni-muenster.de/p26/02_mtz/235_GGF05-new.mtz:R-free-flags
Miller array info: /scratch/m_zhen01/30993.lupus.uni-muenster.de/p26/02_mtz/235_GGF05-new.mtz:R-free-flags
Observation type: None
Type of data: int, size=200
Type of sigmas: None
Number of Miller indices: 200
Anomalous flag: False
Unit cell: (13.215, 13.456, 11.167, 90, 90, 90)
Space group: P 1 (No. 1)
Systematic absences: 0
Centric reflections: 0
Resolution range: 3.96989 2.52592
Completeness in resolution range: 1
Completeness with d_max=infinity: 0.746269
Wavelength: 1.0000

Test (R-free flags) flag value: 1

Number of work/free reflections by resolution:
                                  work free  %free
  bin  1: 3.9699 - 3.6485 [13/13]   13    0   0.0%
  bin  2: 3.6485 - 3.4110 [24/24]   24    0   0.0%
  bin  3: 3.4110 - 3.2254 [16/16]   16    0   0.0%
  bin  4: 3.2254 - 3.0745 [32/32]   24    8  25.0%
  bin  5: 3.0745 - 2.9484 [ 8/8 ]    8    0   0.0%
  bin  6: 2.9484 - 2.8407 [20/20]   20    0   0.0%
  bin  7: 2.8407 - 2.7472 [17/17]   17    0   0.0%
  bin  8: 2.7472 - 2.6649 [15/15]   15    0   0.0%
  bin  9: 2.6649 - 2.5917 [29/29]   25    4  13.8%
  bin 10: 2.5917 - 2.5259 [26/26]   26    0   0.0%
                          overall  188   12   6.0%

                   ----------Processing PDB file(s)----------                  

  Monomer Library directory:
    "/tmp1/m_zhen01/phenix-installer-1.10.1-2155-intel-linux-2.6-x86_64-centos5/phenix-1.10.1-2155/modules/chem_data/mon_lib"
  Total number of atoms: 37
  Number of models: 1
  Model: ""
    Number of chains: 1
    Chain: "A"
      Number of atoms: 37
      Number of conformers: 1
      Conformer: ""
        Number of residues, atoms: 3, 37
          Classifications: {'peptide': 3}
          Modifications used: {'NH2NOTPRO': 1, 'COOH': 1}
          Link IDs: {'TRANS': 2}
  Time building chain proxies: 0.07, per 1000 atoms: 1.89
  Number of scatterers: 37
  At special positions: 0
  Unit cell: (13.215, 13.456, 11.167, 90, 90, 90)
  Space group: P 1 (No. 1)
  Number of sites at special positions: 0
  Number of scattering types: 4
    Type Number    sf(0)
     O       4      8.00
     N       3      7.00
     C      13      6.00
     H      17      1.00
    sf(0) = scattering factor at diffraction angle 0.

  Number of disulfides: simple=0, symmetry=0

  Automatic linking
    Parameters for automatic linking
      Linking & cutoffs
        Metal                : False - 3.50
        Amimo acid           : False - 1.90
        Carbohydrate         : True  - 1.99
        Ligands              : True  - 1.99
        Amino acid - RNA/DNA : False
      
  Number of custom bonds: simple=0, symmetry=0
  Time building additional restraints: 0.02
  Conformation dependent library (CDL) restraints added in 2.5 milliseconds
  
  Adding C-beta torsion restraints...
  Number of C-beta restraints generated:  2
  Time building geometry restraints manager: 0.03 seconds

  NOTE: a complete listing of the restraints can be obtained by requesting
        output of .geo file.

  Histogram of bond lengths:
        0.86 -     1.00: 17
        1.00 -     1.14: 0
        1.14 -     1.27: 3
        1.27 -     1.41: 9
        1.41 -     1.55: 8
  Bond restraints: 37
  Sorted by residual:
  bond pdb=" C   GLY A   1 "
       pdb=" N   GLY A   2 "
    ideal  model  delta    sigma   weight residual
    1.331  1.370 -0.040 1.46e-02 4.69e+03 7.49e+00
  bond pdb=" CA  PHE A   3 "
       pdb=" N   PHE A   3 "
    ideal  model  delta    sigma   weight residual
    1.458  1.415  0.043 1.90e-02 2.77e+03 5.18e+00
  bond pdb=" CZ  PHE A   3 "
       pdb=" HZ  PHE A   3 "
    ideal  model  delta    sigma   weight residual
    0.930  0.971 -0.041 2.00e-02 2.50e+03 4.12e+00
  bond pdb=" C   GLY A   2 "
       pdb=" CA  GLY A   2 "
    ideal  model  delta    sigma   weight residual
    1.514  1.541 -0.027 1.41e-02 5.03e+03 3.65e+00
  bond pdb=" C   PHE A   3 "
       pdb=" CA  PHE A   3 "
    ideal  model  delta    sigma   weight residual
    1.525  1.490  0.035 2.10e-02 2.27e+03 2.73e+00
  ... (remaining 32 not shown)

  Histogram of bond angle deviations from ideal:
      104.68 -   109.06: 12
      109.06 -   113.45: 17
      113.45 -   117.84: 6
      117.84 -   122.22: 16
      122.22 -   126.61: 9
  Bond angle restraints: 60
  Sorted by residual:
  angle pdb=" C   PHE A   3 "
        pdb=" CA  PHE A   3 "
        pdb=" N   PHE A   3 "
      ideal   model   delta    sigma   weight residual
     111.00  104.68    6.32 2.80e+00 1.28e-01 5.10e+00
  angle pdb=" CB  PHE A   3 "
        pdb=" CG  PHE A   3 "
        pdb=" CD1 PHE A   3 "
      ideal   model   delta    sigma   weight residual
     120.70  117.26    3.44 1.70e+00 3.46e-01 4.10e+00
  angle pdb=" O   PHE A   3 "
        pdb=" C   PHE A   3 "
        pdb=" CA  PHE A   3 "
      ideal   model   delta    sigma   weight residual
     118.60  113.37    5.23 3.00e+00 1.11e-01 3.04e+00
  angle pdb=" CA  GLY A   2 "
        pdb=" N   GLY A   2 "
        pdb=" H   GLY A   2 "
      ideal   model   delta    sigma   weight residual
     114.00  108.83    5.17 3.00e+00 1.11e-01 2.96e+00
  angle pdb=" C   GLY A   1 "
        pdb=" N   GLY A   2 "
        pdb=" CA  GLY A   2 "
      ideal   model   delta    sigma   weight residual
     121.41  124.55   -3.14 1.96e+00 2.60e-01 2.57e+00
  ... (remaining 55 not shown)

  Histogram of dihedral angle deviations from ideal:
        0.03 -     3.51: 11
        3.51 -     7.00: 0
        7.00 -    10.49: 1
       10.49 -    13.97: 0
       13.97 -    17.46: 1
  Dihedral angle restraints: 13
    sinusoidal: 3
      harmonic: 10
  Sorted by residual:
  dihedral pdb=" CA  GLY A   1 "
           pdb=" C   GLY A   1 "
           pdb=" N   GLY A   2 "
           pdb=" CA  GLY A   2 "
      ideal   model   delta  harmonic     sigma   weight residual
    -180.00 -162.54  -17.46     0      5.00e+00 4.00e-02 1.22e+01
  dihedral pdb=" N   PHE A   3 "
           pdb=" C   PHE A   3 "
           pdb=" CA  PHE A   3 "
           pdb=" CB  PHE A   3 "
      ideal   model   delta  harmonic     sigma   weight residual
     122.80  120.09    2.71     0      2.50e+00 1.60e-01 1.17e+00
  dihedral pdb=" C   PHE A   3 "
           pdb=" N   PHE A   3 "
           pdb=" CA  PHE A   3 "
           pdb=" CB  PHE A   3 "
      ideal   model   delta  harmonic     sigma   weight residual
    -122.60 -120.07   -2.53     0      2.50e+00 1.60e-01 1.03e+00
  ... (remaining 10 not shown)

  Histogram of chiral volume deviations from ideal:
       0.001 -    0.001: 1
       0.001 -    0.001: 0
       0.001 -    0.001: 0
       0.001 -    0.001: 0
       0.001 -    0.001: 0
  Chirality restraints: 1
  Sorted by residual:
  chirality pdb=" CA  PHE A   3 "
            pdb=" C   PHE A   3 "
            pdb=" N   PHE A   3 "
            pdb=" CB  PHE A   3 "
    both_signs  ideal   model   delta    sigma   weight residual
      False     -2.51   -2.51    0.00 2.00e-01 2.50e+01 3.24e-05

  Planarity restraints: 6
  Sorted by residual:
                                 delta    sigma   weight rms_deltas residual
  plane pdb=" CB  PHE A   3 "   -0.008 2.00e-02 2.50e+03   1.02e-02 3.12e+00
        pdb=" CG  PHE A   3 "    0.013 2.00e-02 2.50e+03
        pdb=" CD1 PHE A   3 "    0.008 2.00e-02 2.50e+03
        pdb=" HD1 PHE A   3 "   -0.007 2.00e-02 2.50e+03
        pdb=" CE1 PHE A   3 "    0.006 2.00e-02 2.50e+03
        pdb=" HE1 PHE A   3 "    0.003 2.00e-02 2.50e+03
        pdb=" CZ  PHE A   3 "   -0.021 2.00e-02 2.50e+03
        pdb=" HZ  PHE A   3 "    0.003 2.00e-02 2.50e+03
        pdb=" CE2 PHE A   3 "   -0.011 2.00e-02 2.50e+03
        pdb=" HE2 PHE A   3 "    0.012 2.00e-02 2.50e+03
        pdb=" CD2 PHE A   3 "    0.011 2.00e-02 2.50e+03
        pdb=" HD2 PHE A   3 "   -0.007 2.00e-02 2.50e+03
                                 delta    sigma   weight rms_deltas residual
  plane pdb=" C   GLY A   2 "    0.007 2.00e-02 2.50e+03   1.31e-02 1.73e+00
        pdb=" CA  PHE A   3 "    0.006 2.00e-02 2.50e+03
        pdb=" N   PHE A   3 "   -0.023 2.00e-02 2.50e+03
        pdb=" H   PHE A   3 "    0.010 2.00e-02 2.50e+03
                                 delta    sigma   weight rms_deltas residual
  plane pdb=" O   PHE A   3 "    0.002 2.00e-02 2.50e+03   8.24e-03 8.49e-01
        pdb=" C   PHE A   3 "    0.006 2.00e-02 2.50e+03
        pdb=" OXT PHE A   3 "    0.011 2.00e-02 2.50e+03
        pdb=" HXT PHE A   3 "   -0.012 2.00e-02 2.50e+03
        pdb=" CA  PHE A   3 "   -0.007 2.00e-02 2.50e+03
  ... (remaining 3 not shown)

  Histogram of nonbonded interaction distances:
        1.87 -     2.47: 20
        2.47 -     3.07: 45
        3.07 -     3.66: 59
        3.66 -     4.26: 73
        4.26 -     4.86: 77
  Nonbonded interactions: 274
  Sorted by model distance:
  nonbonded pdb=" O   PHE A   3 "
            pdb=" H   PHE A   3 "
     model   vdw
     1.872 1.970
  nonbonded pdb=" H   GLY A   2 "
            pdb=" H   PHE A   3 "
     model   vdw
     1.960 2.100
  nonbonded pdb=" C   PHE A   3 "
            pdb=" H   PHE A   3 "
     model   vdw
     2.208 2.240
  nonbonded pdb=" HA  PHE A   3 "
            pdb=" HB1 PHE A   3 "
     model   vdw
     2.259 1.952
  nonbonded pdb=" HZ  PHE A   3 "
            pdb=" HE2 PHE A   3 "
     model   vdw
     2.283 1.680
  ... (remaining 269 not shown)

  NOTE: a complete listing of the restraints can be obtained by requesting
        output of .geo file.

                   ----------xray_structure summary----------                  

Number of scattering types: 4
  Type Number    sf(0)   Gaussians
   O       4      7.97       2
   N       3      6.97       2
   C      13      5.97       2
   H      17      1.00       2
  sf(0) = scattering factor at diffraction angle 0.
Number of scatterers: 37
At special positions: 0
Unit cell: (13.215, 13.456, 11.167, 90, 90, 90)
Space group: P 1 (No. 1)

End of input processing
r_work=0.4847 r_free=0.4245
params.data_weight: 0.0
params.restraints: cctbx
rmsd(b), start:  0.0813
mc:   0 R: 0.4954 rmsd(b):  0.0008 restraint_scale:  1.0 min_steps: 54
mc:   1 R: 0.4967 rmsd(b):  0.0005 restraint_scale:  1.0 min_steps: 54
mc:   2 R: 0.4982 rmsd(b):  0.0006 restraint_scale:  1.0 min_steps: 53
mc:   3 R: 0.4973 rmsd(b):  0.0005 restraint_scale:  1.0 min_steps: 53
mc:   4 R: 0.4977 rmsd(b):  0.0005 restraint_scale:  1.0 min_steps: 53
mc:   5 R: 0.4966 rmsd(b):  0.0005 restraint_scale:  1.0 min_steps: 53
mc:   6 R: 0.4971 rmsd(b):  0.0005 restraint_scale:  1.0 min_steps: 53
mc:   7 R: 0.4962 rmsd(b):  0.0005 restraint_scale:  1.0 min_steps: 52
mc:   8 R: 0.4964 rmsd(b):  0.0005 restraint_scale:  1.0 min_steps: 55
mc:   9 R: 0.4956 rmsd(b):  0.0005 restraint_scale:  1.0 min_steps: 54
Convergence reached, stop now.
see the result structure:  ./p26/04_results/opt_cctbx/235_GGF05-new/1.2/0.pdb
Time: 6.4262
