phenix.python
you are importing  adaptive calculator, and it does nothing. Please give it energy, force....... 

============================== Collecting inputs ==============================


                   ----------Processing X-ray data----------                   

F-obs:
  /scratch/m_zhen01/31011.lupus.uni-muenster.de/p26/02_mtz/193_WG06-new.mtz:F-obs
Miller array info: None
Observation type: xray.amplitude
Type of data: double, size=198
Type of sigmas: None
Number of Miller indices: 198
Anomalous flag: False
Unit cell: (14.078, 12.868, 10.869, 90, 90, 90)
Space group: P 1 (No. 1)
Systematic absences: 0
Centric reflections: 0
Resolution range: 3.98988 2.50317
Completeness in resolution range: 1
Completeness with d_max=infinity: 0.75

Number of F-obs in resolution range:                   198
Number of F-obs<0 (these reflections will be rejected): 0
Number of F-obs=0 (these reflections will be used in refinement): 0
Refinement resolution range: d_max =   3.9899
                             d_min =   2.5032

R-free flags:
  /scratch/m_zhen01/31011.lupus.uni-muenster.de/p26/02_mtz/193_WG06-new.mtz:R-free-flags
Miller array info: /scratch/m_zhen01/31011.lupus.uni-muenster.de/p26/02_mtz/193_WG06-new.mtz:R-free-flags
Observation type: None
Type of data: int, size=198
Type of sigmas: None
Number of Miller indices: 198
Anomalous flag: False
Unit cell: (14.078, 12.868, 10.869, 90, 90, 90)
Space group: P 1 (No. 1)
Systematic absences: 0
Centric reflections: 0
Resolution range: 3.98988 2.50317
Completeness in resolution range: 1
Completeness with d_max=infinity: 0.75
Wavelength: 1.0000

Test (R-free flags) flag value: 1

Number of work/free reflections by resolution:
                                  work free  %free
  bin  1: 3.9899 - 3.6511 [14/14]   12    2  14.3%
  bin  2: 3.6511 - 3.4043 [24/24]   24    0   0.0%
  bin  3: 3.4043 - 3.2130 [21/21]   21    0   0.0%
  bin  4: 3.2130 - 3.0586 [22/22]   20    2   9.1%
  bin  5: 3.0586 - 2.9301 [18/18]   18    0   0.0%
  bin  6: 2.9301 - 2.8208 [16/16]   16    0   0.0%
  bin  7: 2.8208 - 2.7262 [15/15]   15    0   0.0%
  bin  8: 2.7262 - 2.6431 [27/27]   23    4  14.8%
  bin  9: 2.6431 - 2.5694 [27/27]   27    0   0.0%
  bin 10: 2.5694 - 2.5032 [14/14]   14    0   0.0%
                          overall  190    8   4.0%

                   ----------Processing PDB file(s)----------                  

  Monomer Library directory:
    "/tmp1/m_zhen01/phenix-installer-1.10.1-2155-intel-linux-2.6-x86_64-centos5/phenix-1.10.1-2155/modules/chem_data/mon_lib"
  Total number of atoms: 34
  Number of models: 1
  Model: ""
    Number of chains: 1
    Chain: "A"
      Number of atoms: 34
      Number of conformers: 1
      Conformer: ""
        Number of residues, atoms: 2, 34
          Classifications: {'peptide': 2}
          Modifications used: {'NH2NOTPRO': 1, 'COOH': 1}
          Link IDs: {'TRANS': 1}
  Time building chain proxies: 0.08, per 1000 atoms: 2.35
  Number of scatterers: 34
  At special positions: 0
  Unit cell: (14.078, 12.868, 10.869, 90, 90, 90)
  Space group: P 1 (No. 1)
  Number of sites at special positions: 0
  Number of scattering types: 4
    Type Number    sf(0)
     O       3      8.00
     N       3      7.00
     C      13      6.00
     H      15      1.00
    sf(0) = scattering factor at diffraction angle 0.

  Number of disulfides: simple=0, symmetry=0

  Automatic linking
    Parameters for automatic linking
      Linking & cutoffs
        Metal                : False - 3.50
        Amimo acid           : False - 1.90
        Carbohydrate         : True  - 1.99
        Ligands              : True  - 1.99
        Amino acid - RNA/DNA : False
      
  Number of custom bonds: simple=0, symmetry=0
  Time building additional restraints: 0.02
  Conformation dependent library (CDL) restraints added in 459.2 microseconds
  
  Adding C-beta torsion restraints...
  Number of C-beta restraints generated:  2
  Time building geometry restraints manager: 0.02 seconds

  NOTE: a complete listing of the restraints can be obtained by requesting
        output of .geo file.

  Histogram of bond lengths:
        0.87 -     1.00: 15
        1.00 -     1.14: 0
        1.14 -     1.27: 2
        1.27 -     1.41: 11
        1.41 -     1.55: 7
  Bond restraints: 35
  Sorted by residual:
  bond pdb=" CZ2 TRP A   1 "
       pdb=" HZ2 TRP A   1 "
    ideal  model  delta    sigma   weight residual
    0.930  0.886  0.044 2.00e-02 2.50e+03 4.74e+00
  bond pdb=" C   GLY A   2 "
       pdb=" CA  GLY A   2 "
    ideal  model  delta    sigma   weight residual
    1.516  1.547 -0.031 1.80e-02 3.09e+03 2.91e+00
  bond pdb=" CA  TRP A   1 "
       pdb=" N   TRP A   1 "
    ideal  model  delta    sigma   weight residual
    1.458  1.490 -0.032 1.90e-02 2.77e+03 2.82e+00
  bond pdb=" CG  TRP A   1 "
       pdb=" CD2 TRP A   1 "
    ideal  model  delta    sigma   weight residual
    1.433  1.455 -0.022 1.80e-02 3.09e+03 1.44e+00
  bond pdb=" CH2 TRP A   1 "
       pdb=" HH2 TRP A   1 "
    ideal  model  delta    sigma   weight residual
    0.930  0.909  0.021 2.00e-02 2.50e+03 1.15e+00
  ... (remaining 30 not shown)

  Histogram of bond angle deviations from ideal:
      103.71 -   109.71: 16
      109.71 -   115.70: 10
      115.70 -   121.70: 18
      121.70 -   127.70: 11
      127.70 -   133.69: 2
  Bond angle restraints: 57
  Sorted by residual:
  angle pdb=" CA  TRP A   1 "
        pdb=" CB  TRP A   1 "
        pdb=" CG  TRP A   1 "
      ideal   model   delta    sigma   weight residual
     113.60  108.92    4.68 1.90e+00 2.77e-01 6.06e+00
  angle pdb=" C   TRP A   1 "
        pdb=" CA  TRP A   1 "
        pdb=" N   TRP A   1 "
      ideal   model   delta    sigma   weight residual
     111.00  116.21   -5.21 2.80e+00 1.28e-01 3.47e+00
  angle pdb=" OXT GLY A   2 "
        pdb=" C   GLY A   2 "
        pdb=" CA  GLY A   2 "
      ideal   model   delta    sigma   weight residual
     118.60  123.96   -5.36 3.00e+00 1.11e-01 3.19e+00
  angle pdb=" HA  TRP A   1 "
        pdb=" CA  TRP A   1 "
        pdb=" CB  TRP A   1 "
      ideal   model   delta    sigma   weight residual
     109.00  103.71    5.29 3.00e+00 1.11e-01 3.11e+00
  angle pdb=" O   GLY A   2 "
        pdb=" C   GLY A   2 "
        pdb=" CA  GLY A   2 "
      ideal   model   delta    sigma   weight residual
     118.60  114.84    3.76 3.00e+00 1.11e-01 1.57e+00
  ... (remaining 52 not shown)

  Histogram of dihedral angle deviations from ideal:
        0.11 -    35.64: 11
       35.64 -    71.17: 1
       71.17 -   106.71: 0
      106.71 -   142.24: 0
      142.24 -   177.77: 1
  Dihedral angle restraints: 13
    sinusoidal: 3
      harmonic: 10
  Sorted by residual:
  dihedral pdb=" O   GLY A   2 "
           pdb=" C   GLY A   2 "
           pdb=" OXT GLY A   2 "
           pdb=" HXT GLY A   2 "
      ideal   model   delta  harmonic     sigma   weight residual
       0.00 -177.77  177.77     0      3.00e+01 1.11e-03 3.51e+01
  dihedral pdb=" OXT GLY A   2 "
           pdb=" C   GLY A   2 "
           pdb=" CA  GLY A   2 "
           pdb=" N   GLY A   2 "
      ideal   model   delta sinusoidal    sigma   weight residual
     160.00  117.82   42.18     2      3.00e+01 1.11e-03 2.40e+00
  dihedral pdb=" CA  TRP A   1 "
           pdb=" C   TRP A   1 "
           pdb=" N   GLY A   2 "
           pdb=" CA  GLY A   2 "
      ideal   model   delta  harmonic     sigma   weight residual
    -180.00 -174.00   -6.00     0      5.00e+00 4.00e-02 1.44e+00
  ... (remaining 10 not shown)

  Histogram of chiral volume deviations from ideal:
       0.086 -    0.086: 1
       0.086 -    0.086: 0
       0.086 -    0.086: 0
       0.086 -    0.086: 0
       0.086 -    0.086: 0
  Chirality restraints: 1
  Sorted by residual:
  chirality pdb=" CA  TRP A   1 "
            pdb=" C   TRP A   1 "
            pdb=" N   TRP A   1 "
            pdb=" CB  TRP A   1 "
    both_signs  ideal   model   delta    sigma   weight residual
      False     -2.51   -2.42   -0.09 2.00e-01 2.50e+01 1.84e-01

  Planarity restraints: 4
  Sorted by residual:
                                 delta    sigma   weight rms_deltas residual
  plane pdb=" CB  TRP A   1 "    0.028 2.00e-02 2.50e+03   1.54e-02 9.55e+00
        pdb=" CG  TRP A   1 "   -0.005 2.00e-02 2.50e+03
        pdb=" CD1 TRP A   1 "   -0.029 2.00e-02 2.50e+03
        pdb=" HD1 TRP A   1 "    0.005 2.00e-02 2.50e+03
        pdb=" NE1 TRP A   1 "   -0.005 2.00e-02 2.50e+03
        pdb=" HE1 TRP A   1 "    0.021 2.00e-02 2.50e+03
        pdb=" CE2 TRP A   1 "   -0.008 2.00e-02 2.50e+03
        pdb=" CZ2 TRP A   1 "   -0.008 2.00e-02 2.50e+03
        pdb=" HZ2 TRP A   1 "    0.016 2.00e-02 2.50e+03
        pdb=" CH2 TRP A   1 "    0.011 2.00e-02 2.50e+03
        pdb=" HH2 TRP A   1 "   -0.007 2.00e-02 2.50e+03
        pdb=" CZ3 TRP A   1 "    0.013 2.00e-02 2.50e+03
        pdb=" HZ3 TRP A   1 "   -0.003 2.00e-02 2.50e+03
        pdb=" CE3 TRP A   1 "   -0.019 2.00e-02 2.50e+03
        pdb=" HE3 TRP A   1 "    0.011 2.00e-02 2.50e+03
        pdb=" CD2 TRP A   1 "   -0.022 2.00e-02 2.50e+03
                                 delta    sigma   weight rms_deltas residual
  plane pdb=" C   TRP A   1 "   -0.025 2.00e-02 2.50e+03   1.47e-02 2.16e+00
        pdb=" O   TRP A   1 "    0.010 2.00e-02 2.50e+03
        pdb=" CA  TRP A   1 "    0.007 2.00e-02 2.50e+03
        pdb=" N   GLY A   2 "    0.008 2.00e-02 2.50e+03
                                 delta    sigma   weight rms_deltas residual
  plane pdb=" C   TRP A   1 "    0.007 2.00e-02 2.50e+03   1.26e-02 1.60e+00
        pdb=" CA  GLY A   2 "    0.006 2.00e-02 2.50e+03
        pdb=" N   GLY A   2 "   -0.022 2.00e-02 2.50e+03
        pdb=" H   GLY A   2 "    0.010 2.00e-02 2.50e+03
  ... (remaining 1 not shown)

  Histogram of nonbonded interaction distances:
        1.91 -     2.50: 17
        2.50 -     3.10: 41
        3.10 -     3.69: 57
        3.69 -     4.29: 62
        4.29 -     4.88: 77
  Nonbonded interactions: 254
  Sorted by model distance:
  nonbonded pdb=" C   TRP A   1 "
            pdb=" H2  TRP A   1 "
     model   vdw
     1.906 2.240
  nonbonded pdb=" H2  TRP A   1 "
            pdb=" HB1 TRP A   1 "
     model   vdw
     2.014 2.270
  nonbonded pdb=" H2  TRP A   1 "
            pdb=" CB  TRP A   1 "
     model   vdw
     2.039 2.376
  nonbonded pdb=" HA  TRP A   1 "
            pdb=" H2  TRP A   1 "
     model   vdw
     2.139 1.816
  nonbonded pdb=" HA  TRP A   1 "
            pdb=" HB2 TRP A   1 "
     model   vdw
     2.182 1.952
  ... (remaining 249 not shown)

  NOTE: a complete listing of the restraints can be obtained by requesting
        output of .geo file.

                   ----------xray_structure summary----------                  

Number of scattering types: 4
  Type Number    sf(0)   Gaussians
   O       3      7.97       2
   N       3      6.97       2
   C      13      5.97       2
   H      15      1.00       2
  sf(0) = scattering factor at diffraction angle 0.
Number of scatterers: 34
At special positions: 0
Unit cell: (14.078, 12.868, 10.869, 90, 90, 90)
Space group: P 1 (No. 1)

End of input processing
r_work=0.4871 r_free=0.5899
params.data_weight: None
params.restraints: qm
rmsd(b), start:  0.0872
mc:   0 R: 0.4428 rmsd(b):  0.0275 restraint_scale:  1.0 min_steps: 52
mc:   1 R: 0.3088 rmsd(b):  0.0265 restraint_scale:  1.0 min_steps: 52
mc:   2 R: 0.1628 rmsd(b):  0.2129 restraint_scale:  2.0 min_steps: 38
mc:   3 R: 0.0438 rmsd(b):  0.1976 restraint_scale:  4.0 min_steps: 28
mc:   4 R: 0.0107 rmsd(b):  0.1805 restraint_scale:  8.0 min_steps: 52
mc:   5 R: 0.0107 rmsd(b):  0.1812 restraint_scale: 16.0 min_steps: 5
Convergence reached, stop now.
see the result structure:  ./p26/04_results/refine_qm/193_WG06-new/0.6/7.pdb
Time: 251.3954
