phenix.python
you are importing  adaptive calculator, and it does nothing. Please give it energy, force....... 

============================== Collecting inputs ==============================


                   ----------Processing X-ray data----------                   

F-obs:
  /scratch/m_zhen01/30995.lupus.uni-muenster.de/p26/02_mtz/250_GFA05-new.mtz:F-obs
Miller array info: None
Observation type: xray.amplitude
Type of data: double, size=233
Type of sigmas: None
Number of Miller indices: 233
Anomalous flag: False
Unit cell: (15.714, 10.32, 14.336, 90, 90, 90)
Space group: P 1 (No. 1)
Systematic absences: 0
Centric reflections: 0
Resolution range: 3.9285 2.50627
Completeness in resolution range: 1
Completeness with d_max=infinity: 0.744409

Number of F-obs in resolution range:                   233
Number of F-obs<0 (these reflections will be rejected): 0
Number of F-obs=0 (these reflections will be used in refinement): 0
Refinement resolution range: d_max =   3.9285
                             d_min =   2.5063

R-free flags:
  /scratch/m_zhen01/30995.lupus.uni-muenster.de/p26/02_mtz/250_GFA05-new.mtz:R-free-flags
Miller array info: /scratch/m_zhen01/30995.lupus.uni-muenster.de/p26/02_mtz/250_GFA05-new.mtz:R-free-flags
Observation type: None
Type of data: int, size=233
Type of sigmas: None
Number of Miller indices: 233
Anomalous flag: False
Unit cell: (15.714, 10.32, 14.336, 90, 90, 90)
Space group: P 1 (No. 1)
Systematic absences: 0
Centric reflections: 0
Resolution range: 3.9285 2.50627
Completeness in resolution range: 1
Completeness with d_max=infinity: 0.744409
Wavelength: 1.0000

Test (R-free flags) flag value: 1

Number of work/free reflections by resolution:
                                  work free  %free
  bin  1: 3.9285 - 3.6134 [19/19]   15    4  21.1%
  bin  2: 3.6134 - 3.3799 [24/24]   24    0   0.0%
  bin  3: 3.3799 - 3.1971 [30/30]   30    0   0.0%
  bin  4: 3.1971 - 3.0483 [21/21]   21    0   0.0%
  bin  5: 3.0483 - 2.9238 [16/16]   14    2  12.5%
  bin  6: 2.9238 - 2.8175 [35/35]   35    0   0.0%
  bin  7: 2.8175 - 2.7251 [16/16]   14    2  12.5%
  bin  8: 2.7251 - 2.6438 [14/14]   14    0   0.0%
  bin  9: 2.6438 - 2.5714 [24/24]   24    0   0.0%
  bin 10: 2.5714 - 2.5063 [34/34]   30    4  11.8%
                          overall  221   12   5.2%

                   ----------Processing PDB file(s)----------                  

  Monomer Library directory:
    "/tmp1/m_zhen01/phenix-installer-1.10.1-2155-intel-linux-2.6-x86_64-centos5/phenix-1.10.1-2155/modules/chem_data/mon_lib"
  Total number of atoms: 40
  Number of models: 1
  Model: ""
    Number of chains: 1
    Chain: "A"
      Number of atoms: 40
      Number of conformers: 1
      Conformer: ""
        Number of residues, atoms: 3, 40
          Classifications: {'peptide': 3}
          Modifications used: {'NH2NOTPRO': 1, 'COOH': 1}
          Link IDs: {'TRANS': 2}
  Time building chain proxies: 0.09, per 1000 atoms: 2.25
  Number of scatterers: 40
  At special positions: 0
  Unit cell: (15.714, 10.32, 14.336, 90, 90, 90)
  Space group: P 1 (No. 1)
  Number of sites at special positions: 0
  Number of scattering types: 4
    Type Number    sf(0)
     O       4      8.00
     N       3      7.00
     C      14      6.00
     H      19      1.00
    sf(0) = scattering factor at diffraction angle 0.

  Number of disulfides: simple=0, symmetry=0

  Automatic linking
    Parameters for automatic linking
      Linking & cutoffs
        Metal                : False - 3.50
        Amimo acid           : False - 1.90
        Carbohydrate         : True  - 1.99
        Ligands              : True  - 1.99
        Amino acid - RNA/DNA : False
      
  Number of custom bonds: simple=0, symmetry=0
  Time building additional restraints: 0.03
  Conformation dependent library (CDL) restraints added in 3.5 milliseconds
  
  Adding C-beta torsion restraints...
  Number of C-beta restraints generated:  4
  Time building geometry restraints manager: 0.04 seconds

  NOTE: a complete listing of the restraints can be obtained by requesting
        output of .geo file.

  Histogram of bond lengths:
        0.87 -     1.00: 18
        1.00 -     1.14: 1
        1.14 -     1.28: 3
        1.28 -     1.41: 8
        1.41 -     1.55: 10
  Bond restraints: 40
  Sorted by residual:
  bond pdb=" CE1 PHE A   2 "
       pdb=" HE1 PHE A   2 "
    ideal  model  delta    sigma   weight residual
    0.930  0.997 -0.067 2.00e-02 2.50e+03 1.13e+01
  bond pdb=" CB  ALA A   3 "
       pdb=" HB3 ALA A   3 "
    ideal  model  delta    sigma   weight residual
    0.970  1.009 -0.039 2.00e-02 2.50e+03 3.89e+00
  bond pdb=" CE2 PHE A   2 "
       pdb=" HE2 PHE A   2 "
    ideal  model  delta    sigma   weight residual
    0.930  0.968 -0.038 2.00e-02 2.50e+03 3.61e+00
  bond pdb=" CA  ALA A   3 "
       pdb=" HA  ALA A   3 "
    ideal  model  delta    sigma   weight residual
    0.970  0.933  0.037 2.00e-02 2.50e+03 3.36e+00
  bond pdb=" OXT ALA A   3 "
       pdb=" HXT ALA A   3 "
    ideal  model  delta    sigma   weight residual
    0.948  0.983 -0.035 2.00e-02 2.50e+03 3.10e+00
  ... (remaining 35 not shown)

  Histogram of bond angle deviations from ideal:
      103.07 -   107.43: 7
      107.43 -   111.79: 20
      111.79 -   116.14: 8
      116.14 -   120.50: 14
      120.50 -   124.86: 17
  Bond angle restraints: 66
  Sorted by residual:
  angle pdb=" CB  PHE A   2 "
        pdb=" CA  PHE A   2 "
        pdb=" C   PHE A   2 "
      ideal   model   delta    sigma   weight residual
     109.37  113.51   -4.14 1.91e+00 2.74e-01 4.71e+00
  angle pdb=" C   GLY A   1 "
        pdb=" CA  GLY A   1 "
        pdb=" HA2 GLY A   1 "
      ideal   model   delta    sigma   weight residual
     109.00  103.07    5.93 3.00e+00 1.11e-01 3.91e+00
  angle pdb=" CZ  PHE A   2 "
        pdb=" CE2 PHE A   2 "
        pdb=" CD2 PHE A   2 "
      ideal   model   delta    sigma   weight residual
     120.00  116.66    3.34 1.80e+00 3.09e-01 3.43e+00
  angle pdb=" C   PHE A   2 "
        pdb=" N   ALA A   3 "
        pdb=" CA  ALA A   3 "
      ideal   model   delta    sigma   weight residual
     121.70  124.86   -3.16 1.80e+00 3.09e-01 3.09e+00
  angle pdb=" CB  PHE A   2 "
        pdb=" CG  PHE A   2 "
        pdb=" CD1 PHE A   2 "
      ideal   model   delta    sigma   weight residual
     120.70  117.79    2.91 1.70e+00 3.46e-01 2.92e+00
  ... (remaining 61 not shown)

  Histogram of dihedral angle deviations from ideal:
        0.05 -     3.71: 9
        3.71 -     7.37: 5
        7.37 -    11.03: 1
       11.03 -    14.69: 0
       14.69 -    18.35: 1
  Dihedral angle restraints: 16
    sinusoidal: 4
      harmonic: 12
  Sorted by residual:
  dihedral pdb=" N   ALA A   3 "
           pdb=" C   ALA A   3 "
           pdb=" CA  ALA A   3 "
           pdb=" CB  ALA A   3 "
      ideal   model   delta  harmonic     sigma   weight residual
     122.90  118.71    4.19     0      2.50e+00 1.60e-01 2.81e+00
  dihedral pdb=" C   ALA A   3 "
           pdb=" N   ALA A   3 "
           pdb=" CA  ALA A   3 "
           pdb=" CB  ALA A   3 "
      ideal   model   delta  harmonic     sigma   weight residual
    -122.60 -118.58   -4.02     0      2.50e+00 1.60e-01 2.58e+00
  dihedral pdb=" HB3 ALA A   3 "
           pdb=" CA  ALA A   3 "
           pdb=" CB  ALA A   3 "
           pdb=" N   ALA A   3 "
      ideal   model   delta sinusoidal    sigma   weight residual
     180.00  161.65   18.35     3      1.50e+01 4.44e-03 2.02e+00
  ... (remaining 13 not shown)

  Histogram of chiral volume deviations from ideal:
       0.056 -    0.079: 1
       0.079 -    0.102: 0
       0.102 -    0.125: 0
       0.125 -    0.147: 0
       0.147 -    0.170: 1
  Chirality restraints: 2
  Sorted by residual:
  chirality pdb=" CA  ALA A   3 "
            pdb=" C   ALA A   3 "
            pdb=" CB  ALA A   3 "
            pdb=" N   ALA A   3 "
    both_signs  ideal   model   delta    sigma   weight residual
      False      2.48    2.66   -0.17 2.00e-01 2.50e+01 7.25e-01
  chirality pdb=" CA  PHE A   2 "
            pdb=" CB  PHE A   2 "
            pdb=" C   PHE A   2 "
            pdb=" N   PHE A   2 "
    both_signs  ideal   model   delta    sigma   weight residual
      False     -2.51   -2.45   -0.06 2.00e-01 2.50e+01 7.80e-02

  Planarity restraints: 6
  Sorted by residual:
                                 delta    sigma   weight rms_deltas residual
  plane pdb=" CB  PHE A   2 "    0.018 2.00e-02 2.50e+03   1.33e-02 5.35e+00
        pdb=" CG  PHE A   2 "   -0.023 2.00e-02 2.50e+03
        pdb=" CD1 PHE A   2 "    0.026 2.00e-02 2.50e+03
        pdb=" HD1 PHE A   2 "   -0.016 2.00e-02 2.50e+03
        pdb=" CE1 PHE A   2 "   -0.012 2.00e-02 2.50e+03
        pdb=" HE1 PHE A   2 "    0.008 2.00e-02 2.50e+03
        pdb=" CZ  PHE A   2 "   -0.001 2.00e-02 2.50e+03
        pdb=" HZ  PHE A   2 "    0.002 2.00e-02 2.50e+03
        pdb=" CE2 PHE A   2 "   -0.006 2.00e-02 2.50e+03
        pdb=" HE2 PHE A   2 "    0.010 2.00e-02 2.50e+03
        pdb=" CD2 PHE A   2 "    0.001 2.00e-02 2.50e+03
        pdb=" HD2 PHE A   2 "   -0.006 2.00e-02 2.50e+03
                                 delta    sigma   weight rms_deltas residual
  plane pdb=" O   ALA A   3 "    0.001 2.00e-02 2.50e+03   1.76e-02 3.89e+00
        pdb=" C   ALA A   3 "    0.019 2.00e-02 2.50e+03
        pdb=" OXT ALA A   3 "    0.020 2.00e-02 2.50e+03
        pdb=" HXT ALA A   3 "   -0.023 2.00e-02 2.50e+03
        pdb=" CA  ALA A   3 "   -0.016 2.00e-02 2.50e+03
                                 delta    sigma   weight rms_deltas residual
  plane pdb=" C   GLY A   1 "   -0.020 2.00e-02 2.50e+03   1.15e-02 1.31e+00
        pdb=" O   GLY A   1 "    0.008 2.00e-02 2.50e+03
        pdb=" CA  GLY A   1 "    0.006 2.00e-02 2.50e+03
        pdb=" N   PHE A   2 "    0.007 2.00e-02 2.50e+03
  ... (remaining 3 not shown)

  Histogram of nonbonded interaction distances:
        2.18 -     2.72: 44
        2.72 -     3.27: 48
        3.27 -     3.81: 64
        3.81 -     4.35: 73
        4.35 -     4.90: 83
  Nonbonded interactions: 312
  Sorted by model distance:
  nonbonded pdb=" HB2 PHE A   2 "
            pdb=" HD1 PHE A   2 "
     model   vdw
     2.182 2.270
  nonbonded pdb=" HA  PHE A   2 "
            pdb=" H   ALA A   3 "
     model   vdw
     2.202 2.270
  nonbonded pdb=" HA2 GLY A   1 "
            pdb=" H1  GLY A   1 "
     model   vdw
     2.226 1.816
  nonbonded pdb=" HB1 PHE A   2 "
            pdb=" HA  PHE A   2 "
     model   vdw
     2.284 1.952
  nonbonded pdb=" HB3 ALA A   3 "
            pdb=" HA  ALA A   3 "
     model   vdw
     2.285 1.952
  ... (remaining 307 not shown)

  NOTE: a complete listing of the restraints can be obtained by requesting
        output of .geo file.

                   ----------xray_structure summary----------                  

Number of scattering types: 4
  Type Number    sf(0)   Gaussians
   O       4      7.97       2
   N       3      6.97       2
   C      14      5.97       2
   H      19      1.00       2
  sf(0) = scattering factor at diffraction angle 0.
Number of scatterers: 40
At special positions: 0
Unit cell: (15.714, 10.32, 14.336, 90, 90, 90)
Space group: P 1 (No. 1)

End of input processing
r_work=0.5155 r_free=0.5428
params.data_weight: None
params.restraints: cctbx
rmsd(b), start:  0.0775
mc:   0 R: 0.3196 rmsd(b):  0.1323 restraint_scale:  2.0 min_steps: 43
mc:   1 R: 0.3071 rmsd(b):  0.0691 restraint_scale:  4.0 min_steps: 25
mc:   2 R: 0.3168 rmsd(b):  0.0787 restraint_scale:  8.0 min_steps: 21
mc:   3 R: 0.3275 rmsd(b):  0.0327 restraint_scale: 16.0 min_steps: 18
mc:   4 R: 0.3292 rmsd(b):  0.0331 restraint_scale: 32.0 min_steps: 16
mc:   5 R: 0.3365 rmsd(b):  0.0097 restraint_scale: 16.0 min_steps: 32
mc:   6 R: 0.3372 rmsd(b):  0.0122 restraint_scale: 16.0 min_steps: 10
mc:   7 R: 0.3326 rmsd(b):  0.0216 restraint_scale: 16.0 min_steps: 16
mc:   8 R: 0.3326 rmsd(b):  0.0215 restraint_scale: 16.0 min_steps: 4
Convergence reached, stop now.
see the result structure:  ./p26/04_results/refine_cctbx/250_GFA05-new/1.5/5.pdb
Time: 6.7800
