phenix.python
you are importing  adaptive calculator, and it does nothing. Please give it energy, force....... 

============================== Collecting inputs ==============================


                   ----------Processing X-ray data----------                   

F-obs:
  /scratch/m_zhen01/31011.lupus.uni-muenster.de/p26/02_mtz/250_GFA05-new.mtz:F-obs
Miller array info: None
Observation type: xray.amplitude
Type of data: double, size=233
Type of sigmas: None
Number of Miller indices: 233
Anomalous flag: False
Unit cell: (15.714, 10.32, 14.336, 90, 90, 90)
Space group: P 1 (No. 1)
Systematic absences: 0
Centric reflections: 0
Resolution range: 3.9285 2.50627
Completeness in resolution range: 1
Completeness with d_max=infinity: 0.744409

Number of F-obs in resolution range:                   233
Number of F-obs<0 (these reflections will be rejected): 0
Number of F-obs=0 (these reflections will be used in refinement): 0
Refinement resolution range: d_max =   3.9285
                             d_min =   2.5063

R-free flags:
  /scratch/m_zhen01/31011.lupus.uni-muenster.de/p26/02_mtz/250_GFA05-new.mtz:R-free-flags
Miller array info: /scratch/m_zhen01/31011.lupus.uni-muenster.de/p26/02_mtz/250_GFA05-new.mtz:R-free-flags
Observation type: None
Type of data: int, size=233
Type of sigmas: None
Number of Miller indices: 233
Anomalous flag: False
Unit cell: (15.714, 10.32, 14.336, 90, 90, 90)
Space group: P 1 (No. 1)
Systematic absences: 0
Centric reflections: 0
Resolution range: 3.9285 2.50627
Completeness in resolution range: 1
Completeness with d_max=infinity: 0.744409
Wavelength: 1.0000

Test (R-free flags) flag value: 1

Number of work/free reflections by resolution:
                                  work free  %free
  bin  1: 3.9285 - 3.6134 [19/19]   15    4  21.1%
  bin  2: 3.6134 - 3.3799 [24/24]   24    0   0.0%
  bin  3: 3.3799 - 3.1971 [30/30]   30    0   0.0%
  bin  4: 3.1971 - 3.0483 [21/21]   21    0   0.0%
  bin  5: 3.0483 - 2.9238 [16/16]   14    2  12.5%
  bin  6: 2.9238 - 2.8175 [35/35]   35    0   0.0%
  bin  7: 2.8175 - 2.7251 [16/16]   14    2  12.5%
  bin  8: 2.7251 - 2.6438 [14/14]   14    0   0.0%
  bin  9: 2.6438 - 2.5714 [24/24]   24    0   0.0%
  bin 10: 2.5714 - 2.5063 [34/34]   30    4  11.8%
                          overall  221   12   5.2%

                   ----------Processing PDB file(s)----------                  

  Monomer Library directory:
    "/tmp1/m_zhen01/phenix-installer-1.10.1-2155-intel-linux-2.6-x86_64-centos5/phenix-1.10.1-2155/modules/chem_data/mon_lib"
  Total number of atoms: 40
  Number of models: 1
  Model: ""
    Number of chains: 1
    Chain: "A"
      Number of atoms: 40
      Number of conformers: 1
      Conformer: ""
        Number of residues, atoms: 3, 40
          Classifications: {'peptide': 3}
          Modifications used: {'NH2NOTPRO': 1, 'COOH': 1}
          Link IDs: {'TRANS': 2}
  Time building chain proxies: 0.09, per 1000 atoms: 2.25
  Number of scatterers: 40
  At special positions: 0
  Unit cell: (15.714, 10.32, 14.336, 90, 90, 90)
  Space group: P 1 (No. 1)
  Number of sites at special positions: 0
  Number of scattering types: 4
    Type Number    sf(0)
     O       4      8.00
     N       3      7.00
     C      14      6.00
     H      19      1.00
    sf(0) = scattering factor at diffraction angle 0.

  Number of disulfides: simple=0, symmetry=0

  Automatic linking
    Parameters for automatic linking
      Linking & cutoffs
        Metal                : False - 3.50
        Amimo acid           : False - 1.90
        Carbohydrate         : True  - 1.99
        Ligands              : True  - 1.99
        Amino acid - RNA/DNA : False
      
  Number of custom bonds: simple=0, symmetry=0
  Time building additional restraints: 0.03
  Conformation dependent library (CDL) restraints added in 3.9 milliseconds
  
  Adding C-beta torsion restraints...
  Number of C-beta restraints generated:  4
  Time building geometry restraints manager: 0.04 seconds

  NOTE: a complete listing of the restraints can be obtained by requesting
        output of .geo file.

  Histogram of bond lengths:
        0.84 -     0.99: 17
        0.99 -     1.13: 2
        1.13 -     1.27: 3
        1.27 -     1.41: 9
        1.41 -     1.56: 9
  Bond restraints: 40
  Sorted by residual:
  bond pdb=" CB  ALA A   3 "
       pdb=" HB1 ALA A   3 "
    ideal  model  delta    sigma   weight residual
    0.970  1.026 -0.056 2.00e-02 2.50e+03 7.81e+00
  bond pdb=" CZ  PHE A   2 "
       pdb=" HZ  PHE A   2 "
    ideal  model  delta    sigma   weight residual
    0.930  0.884  0.046 2.00e-02 2.50e+03 5.31e+00
  bond pdb=" CG  PHE A   2 "
       pdb=" CD2 PHE A   2 "
    ideal  model  delta    sigma   weight residual
    1.384  1.346  0.038 2.10e-02 2.27e+03 3.35e+00
  bond pdb=" CA  PHE A   2 "
       pdb=" HA  PHE A   2 "
    ideal  model  delta    sigma   weight residual
    0.970  0.935  0.035 2.00e-02 2.50e+03 3.13e+00
  bond pdb=" C   PHE A   2 "
       pdb=" O   PHE A   2 "
    ideal  model  delta    sigma   weight residual
    1.235  1.218  0.016 1.22e-02 6.72e+03 1.82e+00
  ... (remaining 35 not shown)

  Histogram of bond angle deviations from ideal:
      103.80 -   108.50: 13
      108.50 -   113.20: 18
      113.20 -   117.91: 7
      117.91 -   122.61: 25
      122.61 -   127.31: 3
  Bond angle restraints: 66
  Sorted by residual:
  angle pdb=" CG  PHE A   2 "
        pdb=" CB  PHE A   2 "
        pdb=" CA  PHE A   2 "
      ideal   model   delta    sigma   weight residual
     113.80  116.50   -2.70 1.00e+00 1.00e+00 7.31e+00
  angle pdb=" C   ALA A   3 "
        pdb=" CA  ALA A   3 "
        pdb=" HA  ALA A   3 "
      ideal   model   delta    sigma   weight residual
     109.00  103.80    5.20 3.00e+00 1.11e-01 3.00e+00
  angle pdb=" HA1 GLY A   1 "
        pdb=" CA  GLY A   1 "
        pdb=" N   GLY A   1 "
      ideal   model   delta    sigma   weight residual
     110.00  105.37    4.63 3.00e+00 1.11e-01 2.39e+00
  angle pdb=" C   ALA A   3 "
        pdb=" CA  ALA A   3 "
        pdb=" N   ALA A   3 "
      ideal   model   delta    sigma   weight residual
     111.00  115.19   -4.19 2.80e+00 1.28e-01 2.23e+00
  angle pdb=" CB  PHE A   2 "
        pdb=" CA  PHE A   2 "
        pdb=" C   PHE A   2 "
      ideal   model   delta    sigma   weight residual
     109.35  111.65   -2.30 1.98e+00 2.55e-01 1.35e+00
  ... (remaining 61 not shown)

  Histogram of dihedral angle deviations from ideal:
        0.01 -     6.68: 11
        6.68 -    13.36: 3
       13.36 -    20.04: 0
       20.04 -    26.71: 1
       26.71 -    33.39: 1
  Dihedral angle restraints: 16
    sinusoidal: 4
      harmonic: 12
  Sorted by residual:
  dihedral pdb=" CA  PHE A   2 "
           pdb=" C   PHE A   2 "
           pdb=" N   ALA A   3 "
           pdb=" CA  ALA A   3 "
      ideal   model   delta  harmonic     sigma   weight residual
     180.00  171.07    8.93     0      5.00e+00 4.00e-02 3.19e+00
  dihedral pdb=" HB3 ALA A   3 "
           pdb=" CA  ALA A   3 "
           pdb=" CB  ALA A   3 "
           pdb=" N   ALA A   3 "
      ideal   model   delta sinusoidal    sigma   weight residual
     180.00  156.90   23.10     3      1.50e+01 4.44e-03 3.06e+00
  dihedral pdb=" CA  GLY A   1 "
           pdb=" C   GLY A   1 "
           pdb=" N   PHE A   2 "
           pdb=" CA  PHE A   2 "
      ideal   model   delta  harmonic     sigma   weight residual
     180.00  172.76    7.24     0      5.00e+00 4.00e-02 2.10e+00
  ... (remaining 13 not shown)

  Histogram of chiral volume deviations from ideal:
       0.012 -    0.023: 1
       0.023 -    0.034: 0
       0.034 -    0.045: 0
       0.045 -    0.056: 0
       0.056 -    0.067: 1
  Chirality restraints: 2
  Sorted by residual:
  chirality pdb=" CA  PHE A   2 "
            pdb=" CB  PHE A   2 "
            pdb=" C   PHE A   2 "
            pdb=" N   PHE A   2 "
    both_signs  ideal   model   delta    sigma   weight residual
      False     -2.51   -2.58    0.07 2.00e-01 2.50e+01 1.12e-01
  chirality pdb=" CA  ALA A   3 "
            pdb=" C   ALA A   3 "
            pdb=" CB  ALA A   3 "
            pdb=" N   ALA A   3 "
    both_signs  ideal   model   delta    sigma   weight residual
      False      2.48    2.47    0.01 2.00e-01 2.50e+01 3.52e-03

  Planarity restraints: 6
  Sorted by residual:
                                 delta    sigma   weight rms_deltas residual
  plane pdb=" CB  PHE A   2 "   -0.008 2.00e-02 2.50e+03   1.79e-02 9.57e+00
        pdb=" CG  PHE A   2 "    0.041 2.00e-02 2.50e+03
        pdb=" CD1 PHE A   2 "   -0.009 2.00e-02 2.50e+03
        pdb=" HD1 PHE A   2 "   -0.021 2.00e-02 2.50e+03
        pdb=" CE1 PHE A   2 "   -0.009 2.00e-02 2.50e+03
        pdb=" HE1 PHE A   2 "    0.030 2.00e-02 2.50e+03
        pdb=" CZ  PHE A   2 "   -0.001 2.00e-02 2.50e+03
        pdb=" HZ  PHE A   2 "   -0.020 2.00e-02 2.50e+03
        pdb=" CE2 PHE A   2 "   -0.001 2.00e-02 2.50e+03
        pdb=" HE2 PHE A   2 "    0.009 2.00e-02 2.50e+03
        pdb=" CD2 PHE A   2 "   -0.004 2.00e-02 2.50e+03
        pdb=" HD2 PHE A   2 "   -0.007 2.00e-02 2.50e+03
                                 delta    sigma   weight rms_deltas residual
  plane pdb=" O   ALA A   3 "   -0.003 2.00e-02 2.50e+03   1.30e-02 2.10e+00
        pdb=" C   ALA A   3 "    0.019 2.00e-02 2.50e+03
        pdb=" OXT ALA A   3 "    0.010 2.00e-02 2.50e+03
        pdb=" HXT ALA A   3 "   -0.015 2.00e-02 2.50e+03
        pdb=" CA  ALA A   3 "   -0.012 2.00e-02 2.50e+03
                                 delta    sigma   weight rms_deltas residual
  plane pdb=" C   PHE A   2 "    0.023 2.00e-02 2.50e+03   1.34e-02 1.79e+00
        pdb=" O   PHE A   2 "   -0.009 2.00e-02 2.50e+03
        pdb=" CA  PHE A   2 "   -0.007 2.00e-02 2.50e+03
        pdb=" N   ALA A   3 "   -0.008 2.00e-02 2.50e+03
  ... (remaining 3 not shown)

  Histogram of nonbonded interaction distances:
        2.21 -     2.75: 50
        2.75 -     3.28: 46
        3.28 -     3.82: 55
        3.82 -     4.35: 68
        4.35 -     4.89: 82
  Nonbonded interactions: 301
  Sorted by model distance:
  nonbonded pdb=" O   ALA A   3 "
            pdb=" HXT ALA A   3 "
     model   vdw
     2.212 2.056
  nonbonded pdb=" HA1 GLY A   1 "
            pdb=" H   PHE A   2 "
     model   vdw
     2.247 2.270
  nonbonded pdb=" HB3 ALA A   3 "
            pdb=" HA  ALA A   3 "
     model   vdw
     2.252 1.952
  nonbonded pdb=" HZ  PHE A   2 "
            pdb=" HE2 PHE A   2 "
     model   vdw
     2.258 1.680
  nonbonded pdb=" HE1 PHE A   2 "
            pdb=" HZ  PHE A   2 "
     model   vdw
     2.266 1.680
  ... (remaining 296 not shown)

  NOTE: a complete listing of the restraints can be obtained by requesting
        output of .geo file.

                   ----------xray_structure summary----------                  

Number of scattering types: 4
  Type Number    sf(0)   Gaussians
   O       4      7.97       2
   N       3      6.97       2
   C      14      5.97       2
   H      19      1.00       2
  sf(0) = scattering factor at diffraction angle 0.
Number of scatterers: 40
At special positions: 0
Unit cell: (15.714, 10.32, 14.336, 90, 90, 90)
Space group: P 1 (No. 1)

End of input processing
r_work=0.5233 r_free=0.4879
params.data_weight: None
params.restraints: qm
rmsd(b), start:  0.0910
mc:   0 R: 0.2414 rmsd(b):  0.5438 restraint_scale:  2.0 min_steps: 51
mc:   1 R: 0.1612 rmsd(b):  0.4837 restraint_scale:  4.0 min_steps: 37
mc:   2 R: 0.1757 rmsd(b):  0.4689 restraint_scale:  8.0 min_steps: 9
mc:   3 R: 0.2078 rmsd(b):  0.4403 restraint_scale: 16.0 min_steps: 38
mc:   4 R: 0.2198 rmsd(b):  0.4496 restraint_scale: 32.0 min_steps: 15
mc:   5 R: 0.2292 rmsd(b):  0.4607 restraint_scale: 64.0 min_steps: 13
mc:   6 R: 0.2486 rmsd(b):  0.4926 restraint_scale: 128.0 min_steps: 52
mc:   7 R: 0.2582 rmsd(b):  0.4974 restraint_scale: 256.0 min_steps: 33
mc:   8 R: 0.2951 rmsd(b):  0.5358 restraint_scale: 512.0 min_steps: 53
mc:   9 R: 0.2808 rmsd(b):  0.5601 restraint_scale: 1024.0 min_steps: 52
mc:  10 R: 0.3414 rmsd(b):  0.5849 restraint_scale: 2048.0 min_steps: 52
mc:  11 R: 0.3414 rmsd(b):  0.5849 restraint_scale: 4096.0 min_steps: 9
Convergence reached, stop now.
see the result structure:  ./p26/04_results/refine_qm/250_GFA05-new/1.2/1.pdb
Time: 511.1289
