phenix.python
you are importing  adaptive calculator, and it does nothing. Please give it energy, force....... 

============================== Collecting inputs ==============================


                   ----------Processing X-ray data----------                   

F-obs:
  /scratch/m_zhen01/31011.lupus.uni-muenster.de/p26/02_mtz/250_GFA05-new.mtz:F-obs
Miller array info: None
Observation type: xray.amplitude
Type of data: double, size=233
Type of sigmas: None
Number of Miller indices: 233
Anomalous flag: False
Unit cell: (15.714, 10.32, 14.336, 90, 90, 90)
Space group: P 1 (No. 1)
Systematic absences: 0
Centric reflections: 0
Resolution range: 3.9285 2.50627
Completeness in resolution range: 1
Completeness with d_max=infinity: 0.744409

Number of F-obs in resolution range:                   233
Number of F-obs<0 (these reflections will be rejected): 0
Number of F-obs=0 (these reflections will be used in refinement): 0
Refinement resolution range: d_max =   3.9285
                             d_min =   2.5063

R-free flags:
  /scratch/m_zhen01/31011.lupus.uni-muenster.de/p26/02_mtz/250_GFA05-new.mtz:R-free-flags
Miller array info: /scratch/m_zhen01/31011.lupus.uni-muenster.de/p26/02_mtz/250_GFA05-new.mtz:R-free-flags
Observation type: None
Type of data: int, size=233
Type of sigmas: None
Number of Miller indices: 233
Anomalous flag: False
Unit cell: (15.714, 10.32, 14.336, 90, 90, 90)
Space group: P 1 (No. 1)
Systematic absences: 0
Centric reflections: 0
Resolution range: 3.9285 2.50627
Completeness in resolution range: 1
Completeness with d_max=infinity: 0.744409
Wavelength: 1.0000

Test (R-free flags) flag value: 1

Number of work/free reflections by resolution:
                                  work free  %free
  bin  1: 3.9285 - 3.6134 [19/19]   15    4  21.1%
  bin  2: 3.6134 - 3.3799 [24/24]   24    0   0.0%
  bin  3: 3.3799 - 3.1971 [30/30]   30    0   0.0%
  bin  4: 3.1971 - 3.0483 [21/21]   21    0   0.0%
  bin  5: 3.0483 - 2.9238 [16/16]   14    2  12.5%
  bin  6: 2.9238 - 2.8175 [35/35]   35    0   0.0%
  bin  7: 2.8175 - 2.7251 [16/16]   14    2  12.5%
  bin  8: 2.7251 - 2.6438 [14/14]   14    0   0.0%
  bin  9: 2.6438 - 2.5714 [24/24]   24    0   0.0%
  bin 10: 2.5714 - 2.5063 [34/34]   30    4  11.8%
                          overall  221   12   5.2%

                   ----------Processing PDB file(s)----------                  

  Monomer Library directory:
    "/tmp1/m_zhen01/phenix-installer-1.10.1-2155-intel-linux-2.6-x86_64-centos5/phenix-1.10.1-2155/modules/chem_data/mon_lib"
  Total number of atoms: 40
  Number of models: 1
  Model: ""
    Number of chains: 1
    Chain: "A"
      Number of atoms: 40
      Number of conformers: 1
      Conformer: ""
        Number of residues, atoms: 3, 40
          Classifications: {'peptide': 3}
          Modifications used: {'NH2NOTPRO': 1, 'COOH': 1}
          Link IDs: {'TRANS': 2}
  Time building chain proxies: 0.09, per 1000 atoms: 2.25
  Number of scatterers: 40
  At special positions: 0
  Unit cell: (15.714, 10.32, 14.336, 90, 90, 90)
  Space group: P 1 (No. 1)
  Number of sites at special positions: 0
  Number of scattering types: 4
    Type Number    sf(0)
     O       4      8.00
     N       3      7.00
     C      14      6.00
     H      19      1.00
    sf(0) = scattering factor at diffraction angle 0.

  Number of disulfides: simple=0, symmetry=0

  Automatic linking
    Parameters for automatic linking
      Linking & cutoffs
        Metal                : False - 3.50
        Amimo acid           : False - 1.90
        Carbohydrate         : True  - 1.99
        Ligands              : True  - 1.99
        Amino acid - RNA/DNA : False
      
  Number of custom bonds: simple=0, symmetry=0
  Time building additional restraints: 0.03
  Conformation dependent library (CDL) restraints added in 3.9 milliseconds
  
  Adding C-beta torsion restraints...
  Number of C-beta restraints generated:  4
  Time building geometry restraints manager: 0.03 seconds

  NOTE: a complete listing of the restraints can be obtained by requesting
        output of .geo file.

  Histogram of bond lengths:
        0.86 -     0.99: 16
        0.99 -     1.13: 3
        1.13 -     1.27: 3
        1.27 -     1.40: 6
        1.40 -     1.54: 12
  Bond restraints: 40
  Sorted by residual:
  bond pdb=" CE1 PHE A   2 "
       pdb=" HE1 PHE A   2 "
    ideal  model  delta    sigma   weight residual
    0.930  0.888  0.042 2.00e-02 2.50e+03 4.34e+00
  bond pdb=" N   GLY A   1 "
       pdb=" H2  GLY A   1 "
    ideal  model  delta    sigma   weight residual
    0.960  0.994 -0.034 2.00e-02 2.50e+03 2.94e+00
  bond pdb=" CA  ALA A   3 "
       pdb=" N   ALA A   3 "
    ideal  model  delta    sigma   weight residual
    1.458  1.427  0.031 1.90e-02 2.77e+03 2.68e+00
  bond pdb=" CG  PHE A   2 "
       pdb=" CD1 PHE A   2 "
    ideal  model  delta    sigma   weight residual
    1.384  1.418 -0.034 2.10e-02 2.27e+03 2.61e+00
  bond pdb=" CB  PHE A   2 "
       pdb=" HB2 PHE A   2 "
    ideal  model  delta    sigma   weight residual
    0.970  1.000 -0.030 2.00e-02 2.50e+03 2.32e+00
  ... (remaining 35 not shown)

  Histogram of bond angle deviations from ideal:
      103.39 -   108.40: 10
      108.40 -   113.41: 22
      113.41 -   118.42: 8
      118.42 -   123.43: 24
      123.43 -   128.44: 2
  Bond angle restraints: 66
  Sorted by residual:
  angle pdb=" CA  GLY A   1 "
        pdb=" C   GLY A   1 "
        pdb=" N   PHE A   2 "
      ideal   model   delta    sigma   weight residual
     116.20  122.36   -6.16 2.00e+00 2.50e-01 9.47e+00
  angle pdb=" CE1 PHE A   2 "
        pdb=" CZ  PHE A   2 "
        pdb=" CE2 PHE A   2 "
      ideal   model   delta    sigma   weight residual
     120.00  123.55   -3.55 1.80e+00 3.09e-01 3.89e+00
  angle pdb=" C   GLY A   1 "
        pdb=" N   PHE A   2 "
        pdb=" CA  PHE A   2 "
      ideal   model   delta    sigma   weight residual
     122.29  119.12    3.17 1.65e+00 3.67e-01 3.70e+00
  angle pdb=" CA  GLY A   1 "
        pdb=" N   GLY A   1 "
        pdb=" H1  GLY A   1 "
      ideal   model   delta    sigma   weight residual
     109.47  114.95   -5.48 3.00e+00 1.11e-01 3.34e+00
  angle pdb=" O   GLY A   1 "
        pdb=" C   GLY A   1 "
        pdb=" N   PHE A   2 "
      ideal   model   delta    sigma   weight residual
     123.00  120.14    2.86 1.60e+00 3.91e-01 3.20e+00
  ... (remaining 61 not shown)

  Histogram of dihedral angle deviations from ideal:
        0.12 -     7.45: 13
        7.45 -    14.78: 1
       14.78 -    22.10: 1
       22.10 -    29.43: 0
       29.43 -    36.75: 1
  Dihedral angle restraints: 16
    sinusoidal: 4
      harmonic: 12
  Sorted by residual:
  dihedral pdb=" OXT ALA A   3 "
           pdb=" C   ALA A   3 "
           pdb=" CA  ALA A   3 "
           pdb=" N   ALA A   3 "
      ideal   model   delta sinusoidal    sigma   weight residual
     160.00  123.25   36.75     2      3.00e+01 1.11e-03 1.91e+00
  dihedral pdb=" CA  GLY A   1 "
           pdb=" C   GLY A   1 "
           pdb=" N   PHE A   2 "
           pdb=" CA  PHE A   2 "
      ideal   model   delta  harmonic     sigma   weight residual
    -180.00 -173.46   -6.54     0      5.00e+00 4.00e-02 1.71e+00
  dihedral pdb=" C   PHE A   2 "
           pdb=" N   PHE A   2 "
           pdb=" CA  PHE A   2 "
           pdb=" CB  PHE A   2 "
      ideal   model   delta  harmonic     sigma   weight residual
    -122.60 -119.70   -2.90     0      2.50e+00 1.60e-01 1.35e+00
  ... (remaining 13 not shown)

  Histogram of chiral volume deviations from ideal:
       0.006 -    0.030: 1
       0.030 -    0.054: 0
       0.054 -    0.079: 0
       0.079 -    0.103: 0
       0.103 -    0.127: 1
  Chirality restraints: 2
  Sorted by residual:
  chirality pdb=" CA  PHE A   2 "
            pdb=" CB  PHE A   2 "
            pdb=" C   PHE A   2 "
            pdb=" N   PHE A   2 "
    both_signs  ideal   model   delta    sigma   weight residual
      False     -2.51   -2.64    0.13 2.00e-01 2.50e+01 4.04e-01
  chirality pdb=" CA  ALA A   3 "
            pdb=" C   ALA A   3 "
            pdb=" CB  ALA A   3 "
            pdb=" N   ALA A   3 "
    both_signs  ideal   model   delta    sigma   weight residual
      False      2.48    2.49   -0.01 2.00e-01 2.50e+01 8.01e-04

  Planarity restraints: 6
  Sorted by residual:
                                 delta    sigma   weight rms_deltas residual
  plane pdb=" CB  PHE A   2 "    0.013 2.00e-02 2.50e+03   9.03e-03 2.44e+00
        pdb=" CG  PHE A   2 "   -0.005 2.00e-02 2.50e+03
        pdb=" CD1 PHE A   2 "   -0.004 2.00e-02 2.50e+03
        pdb=" HD1 PHE A   2 "   -0.011 2.00e-02 2.50e+03
        pdb=" CE1 PHE A   2 "    0.015 2.00e-02 2.50e+03
        pdb=" HE1 PHE A   2 "   -0.008 2.00e-02 2.50e+03
        pdb=" CZ  PHE A   2 "    0.010 2.00e-02 2.50e+03
        pdb=" HZ  PHE A   2 "   -0.001 2.00e-02 2.50e+03
        pdb=" CE2 PHE A   2 "    0.010 2.00e-02 2.50e+03
        pdb=" HE2 PHE A   2 "   -0.010 2.00e-02 2.50e+03
        pdb=" CD2 PHE A   2 "   -0.005 2.00e-02 2.50e+03
        pdb=" HD2 PHE A   2 "   -0.005 2.00e-02 2.50e+03
                                 delta    sigma   weight rms_deltas residual
  plane pdb=" C   PHE A   2 "   -0.005 2.00e-02 2.50e+03   9.81e-03 9.62e-01
        pdb=" CA  ALA A   3 "   -0.004 2.00e-02 2.50e+03
        pdb=" N   ALA A   3 "    0.017 2.00e-02 2.50e+03
        pdb=" H   ALA A   3 "   -0.007 2.00e-02 2.50e+03
                                 delta    sigma   weight rms_deltas residual
  plane pdb=" O   ALA A   3 "   -0.002 2.00e-02 2.50e+03   8.65e-03 9.36e-01
        pdb=" C   ALA A   3 "    0.013 2.00e-02 2.50e+03
        pdb=" OXT ALA A   3 "    0.006 2.00e-02 2.50e+03
        pdb=" HXT ALA A   3 "   -0.009 2.00e-02 2.50e+03
        pdb=" CA  ALA A   3 "   -0.008 2.00e-02 2.50e+03
  ... (remaining 3 not shown)

  Histogram of nonbonded interaction distances:
        2.21 -     2.75: 44
        2.75 -     3.28: 54
        3.28 -     3.81: 52
        3.81 -     4.35: 73
        4.35 -     4.88: 84
  Nonbonded interactions: 307
  Sorted by model distance:
  nonbonded pdb=" O   ALA A   3 "
            pdb=" HXT ALA A   3 "
     model   vdw
     2.215 2.056
  nonbonded pdb=" O   GLY A   1 "
            pdb=" HA  PHE A   2 "
     model   vdw
     2.233 2.740
  nonbonded pdb=" HB1 ALA A   3 "
            pdb=" HA  ALA A   3 "
     model   vdw
     2.235 1.952
  nonbonded pdb=" HA1 GLY A   1 "
            pdb=" H1  GLY A   1 "
     model   vdw
     2.258 1.816
  nonbonded pdb=" HE1 PHE A   2 "
            pdb=" HZ  PHE A   2 "
     model   vdw
     2.258 1.680
  ... (remaining 302 not shown)

  NOTE: a complete listing of the restraints can be obtained by requesting
        output of .geo file.

                   ----------xray_structure summary----------                  

Number of scattering types: 4
  Type Number    sf(0)   Gaussians
   O       4      7.97       2
   N       3      6.97       2
   C      14      5.97       2
   H      19      1.00       2
  sf(0) = scattering factor at diffraction angle 0.
Number of scatterers: 40
At special positions: 0
Unit cell: (15.714, 10.32, 14.336, 90, 90, 90)
Space group: P 1 (No. 1)

End of input processing
r_work=0.5063 r_free=0.5257
params.data_weight: None
params.restraints: qm
rmsd(b), start:  0.0853
mc:   0 R: 0.2713 rmsd(b):  0.6894 restraint_scale:  2.0 min_steps: 51
mc:   1 R: 0.1704 rmsd(b):  0.4713 restraint_scale:  4.0 min_steps: 47
mc:   2 R: 0.1794 rmsd(b):  0.4561 restraint_scale:  8.0 min_steps: 20
mc:   3 R: 0.2103 rmsd(b):  0.4411 restraint_scale: 16.0 min_steps: 18
mc:   4 R: 0.2267 rmsd(b):  0.4560 restraint_scale: 32.0 min_steps: 36
mc:   5 R: 0.2335 rmsd(b):  0.4634 restraint_scale: 64.0 min_steps: 17
mc:   6 R: 0.2521 rmsd(b):  0.4967 restraint_scale: 128.0 min_steps: 52
mc:   7 R: 0.2841 rmsd(b):  0.5284 restraint_scale: 256.0 min_steps: 52
mc:   8 R: 0.2862 rmsd(b):  0.5271 restraint_scale: 512.0 min_steps: 30
mc:   9 R: 0.2858 rmsd(b):  0.5272 restraint_scale: 1024.0 min_steps: 6
Convergence reached, stop now.
see the result structure:  ./p26/04_results/refine_qm/250_GFA05-new/1.2/8.pdb
Time: 459.5841
