phenix.python
you are importing  adaptive calculator, and it does nothing. Please give it energy, force....... 

============================== Collecting inputs ==============================


                   ----------Processing X-ray data----------                   

F-obs:
  /scratch/m_zhen01/30993.lupus.uni-muenster.de/p26/02_mtz/194_WG02-new.mtz:F-obs
Miller array info: None
Observation type: xray.amplitude
Type of data: double, size=181
Type of sigmas: None
Number of Miller indices: 181
Anomalous flag: False
Unit cell: (14.062, 12.203, 10.869, 90, 90, 90)
Space group: P 1 (No. 1)
Systematic absences: 0
Centric reflections: 0
Resolution range: 3.90747 2.52298
Completeness in resolution range: 1
Completeness with d_max=infinity: 0.738776

Number of F-obs in resolution range:                   181
Number of F-obs<0 (these reflections will be rejected): 0
Number of F-obs=0 (these reflections will be used in refinement): 0
Refinement resolution range: d_max =   3.9075
                             d_min =   2.5230

R-free flags:
  /scratch/m_zhen01/30993.lupus.uni-muenster.de/p26/02_mtz/194_WG02-new.mtz:R-free-flags
Miller array info: /scratch/m_zhen01/30993.lupus.uni-muenster.de/p26/02_mtz/194_WG02-new.mtz:R-free-flags
Observation type: None
Type of data: int, size=181
Type of sigmas: None
Number of Miller indices: 181
Anomalous flag: False
Unit cell: (14.062, 12.203, 10.869, 90, 90, 90)
Space group: P 1 (No. 1)
Systematic absences: 0
Centric reflections: 0
Resolution range: 3.90747 2.52298
Completeness in resolution range: 1
Completeness with d_max=infinity: 0.738776
Wavelength: 1.0000

Test (R-free flags) flag value: 1

Number of work/free reflections by resolution:
                                  work free  %free
  bin  1: 3.9075 - 3.6068 [15/15]   13    2  13.3%
  bin  2: 3.6068 - 3.3815 [21/21]   21    0   0.0%
  bin  3: 3.3815 - 3.2037 [20/20]   18    2  10.0%
  bin  4: 3.2037 - 3.0582 [16/16]   16    0   0.0%
  bin  5: 3.0582 - 2.9360 [21/21]   17    4  19.0%
  bin  6: 2.9360 - 2.8312 [18/18]   18    0   0.0%
  bin  7: 2.8312 - 2.7399 [ 9/9 ]    9    0   0.0%
  bin  8: 2.7399 - 2.6594 [19/19]   19    0   0.0%
  bin  9: 2.6594 - 2.5876 [26/26]   24    2   7.7%
  bin 10: 2.5876 - 2.5230 [16/16]   16    0   0.0%
                          overall  171   10   5.5%

                   ----------Processing PDB file(s)----------                  

  Monomer Library directory:
    "/tmp1/m_zhen01/phenix-installer-1.10.1-2155-intel-linux-2.6-x86_64-centos5/phenix-1.10.1-2155/modules/chem_data/mon_lib"
  Total number of atoms: 34
  Number of models: 1
  Model: ""
    Number of chains: 1
    Chain: "A"
      Number of atoms: 34
      Number of conformers: 1
      Conformer: ""
        Number of residues, atoms: 2, 34
          Classifications: {'peptide': 2}
          Modifications used: {'NH2NOTPRO': 1, 'COOH': 1}
          Link IDs: {'TRANS': 1}
  Time building chain proxies: 0.08, per 1000 atoms: 2.35
  Number of scatterers: 34
  At special positions: 0
  Unit cell: (14.062, 12.203, 10.869, 90, 90, 90)
  Space group: P 1 (No. 1)
  Number of sites at special positions: 0
  Number of scattering types: 4
    Type Number    sf(0)
     O       3      8.00
     N       3      7.00
     C      13      6.00
     H      15      1.00
    sf(0) = scattering factor at diffraction angle 0.

  Number of disulfides: simple=0, symmetry=0

  Automatic linking
    Parameters for automatic linking
      Linking & cutoffs
        Metal                : False - 3.50
        Amimo acid           : False - 1.90
        Carbohydrate         : True  - 1.99
        Ligands              : True  - 1.99
        Amino acid - RNA/DNA : False
      
  Number of custom bonds: simple=0, symmetry=0
  Time building additional restraints: 0.02
  Conformation dependent library (CDL) restraints added in 525.0 microseconds
  
  Adding C-beta torsion restraints...
  Number of C-beta restraints generated:  2
  Time building geometry restraints manager: 0.03 seconds

  NOTE: a complete listing of the restraints can be obtained by requesting
        output of .geo file.

  Histogram of bond lengths:
        0.85 -     0.98: 14
        0.98 -     1.12: 1
        1.12 -     1.26: 2
        1.26 -     1.40: 9
        1.40 -     1.53: 9
  Bond restraints: 35
  Sorted by residual:
  bond pdb=" CE3 TRP A   1 "
       pdb=" HE3 TRP A   1 "
    ideal  model  delta    sigma   weight residual
    0.930  0.971 -0.041 2.00e-02 2.50e+03 4.18e+00
  bond pdb=" CZ2 TRP A   1 "
       pdb=" HZ2 TRP A   1 "
    ideal  model  delta    sigma   weight residual
    0.930  0.968 -0.038 2.00e-02 2.50e+03 3.62e+00
  bond pdb=" CD1 TRP A   1 "
       pdb=" HD1 TRP A   1 "
    ideal  model  delta    sigma   weight residual
    0.930  0.896  0.034 2.00e-02 2.50e+03 2.88e+00
  bond pdb=" CE3 TRP A   1 "
       pdb=" CD2 TRP A   1 "
    ideal  model  delta    sigma   weight residual
    1.398  1.423 -0.025 1.60e-02 3.91e+03 2.37e+00
  bond pdb=" CZ3 TRP A   1 "
       pdb=" HZ3 TRP A   1 "
    ideal  model  delta    sigma   weight residual
    0.930  0.960 -0.030 2.00e-02 2.50e+03 2.24e+00
  ... (remaining 30 not shown)

  Histogram of bond angle deviations from ideal:
      103.02 -   109.08: 15
      109.08 -   115.14: 10
      115.14 -   121.20: 18
      121.20 -   127.26: 9
      127.26 -   133.32: 5
  Bond angle restraints: 57
  Sorted by residual:
  angle pdb=" HA2 GLY A   2 "
        pdb=" CA  GLY A   2 "
        pdb=" N   GLY A   2 "
      ideal   model   delta    sigma   weight residual
     110.00  104.40    5.60 3.00e+00 1.11e-01 3.48e+00
  angle pdb=" C   TRP A   1 "
        pdb=" CA  TRP A   1 "
        pdb=" N   TRP A   1 "
      ideal   model   delta    sigma   weight residual
     111.00  105.89    5.11 2.80e+00 1.28e-01 3.32e+00
  angle pdb=" C   GLY A   2 "
        pdb=" CA  GLY A   2 "
        pdb=" N   GLY A   2 "
      ideal   model   delta    sigma   weight residual
     113.30  118.57   -5.27 2.90e+00 1.19e-01 3.30e+00
  angle pdb=" CA  TRP A   1 "
        pdb=" CB  TRP A   1 "
        pdb=" CG  TRP A   1 "
      ideal   model   delta    sigma   weight residual
     113.60  116.92   -3.32 1.90e+00 2.77e-01 3.05e+00
  angle pdb=" OXT GLY A   2 "
        pdb=" C   GLY A   2 "
        pdb=" CA  GLY A   2 "
      ideal   model   delta    sigma   weight residual
     118.60  123.71   -5.11 3.00e+00 1.11e-01 2.90e+00
  ... (remaining 52 not shown)

  Histogram of dihedral angle deviations from ideal:
        0.79 -    36.46: 11
       36.46 -    72.13: 1
       72.13 -   107.80: 0
      107.80 -   143.47: 0
      143.47 -   179.14: 1
  Dihedral angle restraints: 13
    sinusoidal: 3
      harmonic: 10
  Sorted by residual:
  dihedral pdb=" O   GLY A   2 "
           pdb=" C   GLY A   2 "
           pdb=" OXT GLY A   2 "
           pdb=" HXT GLY A   2 "
      ideal   model   delta  harmonic     sigma   weight residual
       0.00  179.14 -179.14     0      3.00e+01 1.11e-03 3.57e+01
  dihedral pdb=" OXT GLY A   2 "
           pdb=" C   GLY A   2 "
           pdb=" CA  GLY A   2 "
           pdb=" N   GLY A   2 "
      ideal   model   delta sinusoidal    sigma   weight residual
     -20.00  -69.94   49.94     2      3.00e+01 1.11e-03 3.12e+00
  dihedral pdb=" N   TRP A   1 "
           pdb=" C   TRP A   1 "
           pdb=" CA  TRP A   1 "
           pdb=" CB  TRP A   1 "
      ideal   model   delta  harmonic     sigma   weight residual
     122.80  119.49    3.31     0      2.50e+00 1.60e-01 1.75e+00
  ... (remaining 10 not shown)

  Histogram of chiral volume deviations from ideal:
       0.121 -    0.121: 1
       0.121 -    0.121: 0
       0.121 -    0.121: 0
       0.121 -    0.121: 0
       0.121 -    0.121: 0
  Chirality restraints: 1
  Sorted by residual:
  chirality pdb=" CA  TRP A   1 "
            pdb=" C   TRP A   1 "
            pdb=" N   TRP A   1 "
            pdb=" CB  TRP A   1 "
    both_signs  ideal   model   delta    sigma   weight residual
      False     -2.51   -2.63    0.12 2.00e-01 2.50e+01 3.68e-01

  Planarity restraints: 4
  Sorted by residual:
                                 delta    sigma   weight rms_deltas residual
  plane pdb=" CB  TRP A   1 "   -0.027 2.00e-02 2.50e+03   1.80e-02 1.30e+01
        pdb=" CG  TRP A   1 "    0.039 2.00e-02 2.50e+03
        pdb=" CD1 TRP A   1 "    0.002 2.00e-02 2.50e+03
        pdb=" HD1 TRP A   1 "    0.009 2.00e-02 2.50e+03
        pdb=" NE1 TRP A   1 "   -0.027 2.00e-02 2.50e+03
        pdb=" HE1 TRP A   1 "    0.003 2.00e-02 2.50e+03
        pdb=" CE2 TRP A   1 "   -0.027 2.00e-02 2.50e+03
        pdb=" CZ2 TRP A   1 "   -0.010 2.00e-02 2.50e+03
        pdb=" HZ2 TRP A   1 "    0.006 2.00e-02 2.50e+03
        pdb=" CH2 TRP A   1 "    0.019 2.00e-02 2.50e+03
        pdb=" HH2 TRP A   1 "   -0.002 2.00e-02 2.50e+03
        pdb=" CZ3 TRP A   1 "    0.000 2.00e-02 2.50e+03
        pdb=" HZ3 TRP A   1 "   -0.005 2.00e-02 2.50e+03
        pdb=" CE3 TRP A   1 "   -0.002 2.00e-02 2.50e+03
        pdb=" HE3 TRP A   1 "   -0.007 2.00e-02 2.50e+03
        pdb=" CD2 TRP A   1 "    0.028 2.00e-02 2.50e+03
                                 delta    sigma   weight rms_deltas residual
  plane pdb=" C   TRP A   1 "    0.042 2.00e-02 2.50e+03   2.42e-02 5.86e+00
        pdb=" O   TRP A   1 "   -0.015 2.00e-02 2.50e+03
        pdb=" CA  TRP A   1 "   -0.012 2.00e-02 2.50e+03
        pdb=" N   GLY A   2 "   -0.014 2.00e-02 2.50e+03
                                 delta    sigma   weight rms_deltas residual
  plane pdb=" O   GLY A   2 "   -0.002 2.00e-02 2.50e+03   6.81e-03 5.80e-01
        pdb=" C   GLY A   2 "   -0.005 2.00e-02 2.50e+03
        pdb=" OXT GLY A   2 "    0.011 2.00e-02 2.50e+03
        pdb=" HXT GLY A   2 "   -0.008 2.00e-02 2.50e+03
        pdb=" CA  GLY A   2 "    0.004 2.00e-02 2.50e+03
  ... (remaining 1 not shown)

  Histogram of nonbonded interaction distances:
        2.10 -     2.66: 22
        2.66 -     3.21: 46
        3.21 -     3.76: 40
        3.76 -     4.32: 44
        4.32 -     4.87: 57
  Nonbonded interactions: 209
  Sorted by model distance:
  nonbonded pdb=" H2  TRP A   1 "
            pdb=" HB1 TRP A   1 "
     model   vdw
     2.104 2.270
  nonbonded pdb=" HA  TRP A   1 "
            pdb=" HB2 TRP A   1 "
     model   vdw
     2.234 1.952
  nonbonded pdb=" HZ2 TRP A   1 "
            pdb=" HH2 TRP A   1 "
     model   vdw
     2.287 1.680
  nonbonded pdb=" C   TRP A   1 "
            pdb=" H1  TRP A   1 "
     model   vdw
     2.311 2.240
  nonbonded pdb=" HZ3 TRP A   1 "
            pdb=" HE3 TRP A   1 "
     model   vdw
     2.328 1.680
  ... (remaining 204 not shown)

  NOTE: a complete listing of the restraints can be obtained by requesting
        output of .geo file.

                   ----------xray_structure summary----------                  

Number of scattering types: 4
  Type Number    sf(0)   Gaussians
   O       3      7.97       2
   N       3      6.97       2
   C      13      5.97       2
   H      15      1.00       2
  sf(0) = scattering factor at diffraction angle 0.
Number of scatterers: 34
At special positions: 0
Unit cell: (14.062, 12.203, 10.869, 90, 90, 90)
Space group: P 1 (No. 1)

End of input processing
r_work=0.5816 r_free=0.4851
params.data_weight: 0.0
params.restraints: cctbx
rmsd(b), start:  0.0830
mc:   0 R: 0.5844 rmsd(b):  0.0010 restraint_scale:  1.0 min_steps: 54
mc:   1 R: 0.5904 rmsd(b):  0.0005 restraint_scale:  1.0 min_steps: 54
mc:   2 R: 0.5926 rmsd(b):  0.0007 restraint_scale:  1.0 min_steps: 54
mc:   3 R: 0.5995 rmsd(b):  0.0005 restraint_scale:  1.0 min_steps: 57
mc:   4 R: 0.5988 rmsd(b):  0.0005 restraint_scale:  1.0 min_steps: 53
mc:   5 R: 0.6026 rmsd(b):  0.0003 restraint_scale:  1.0 min_steps: 55
mc:   6 R: 0.6015 rmsd(b):  0.0003 restraint_scale:  1.0 min_steps: 56
mc:   7 R: 0.6028 rmsd(b):  0.0003 restraint_scale:  1.0 min_steps: 55
mc:   8 R: 0.6013 rmsd(b):  0.0004 restraint_scale:  1.0 min_steps: 53
mc:   9 R: 0.6015 rmsd(b):  0.0004 restraint_scale:  1.0 min_steps: 58
mc:  10 R: 0.6000 rmsd(b):  0.0004 restraint_scale:  1.0 min_steps: 55
mc:  11 R: 0.6006 rmsd(b):  0.0003 restraint_scale:  1.0 min_steps: 55
mc:  12 R: 0.5993 rmsd(b):  0.0004 restraint_scale:  1.0 min_steps: 54
mc:  13 R: 0.5995 rmsd(b):  0.0003 restraint_scale:  1.0 min_steps: 54
mc:  14 R: 0.5985 rmsd(b):  0.0004 restraint_scale:  1.0 min_steps: 54
Convergence reached, stop now.
see the result structure:  ./p26/04_results/opt_cctbx/194_WG02-new/1.5/6.pdb
Time: 7.5387
