phenix.python
you are importing  adaptive calculator, and it does nothing. Please give it energy, force....... 

============================== Collecting inputs ==============================


                   ----------Processing X-ray data----------                   

F-obs:
  /scratch/m_zhen01/30995.lupus.uni-muenster.de/p26/02_mtz/221_GGF14-new.mtz:F-obs
Miller array info: None
Observation type: xray.amplitude
Type of data: double, size=187
Type of sigmas: None
Number of Miller indices: 187
Anomalous flag: False
Unit cell: (15.174, 11.899, 10.178, 90, 90, 90)
Space group: P 1 (No. 1)
Systematic absences: 0
Centric reflections: 0
Resolution range: 3.98257 2.50946
Completeness in resolution range: 1
Completeness with d_max=infinity: 0.766393

Number of F-obs in resolution range:                   187
Number of F-obs<0 (these reflections will be rejected): 0
Number of F-obs=0 (these reflections will be used in refinement): 0
Refinement resolution range: d_max =   3.9826
                             d_min =   2.5095

R-free flags:
  /scratch/m_zhen01/30995.lupus.uni-muenster.de/p26/02_mtz/221_GGF14-new.mtz:R-free-flags
Miller array info: /scratch/m_zhen01/30995.lupus.uni-muenster.de/p26/02_mtz/221_GGF14-new.mtz:R-free-flags
Observation type: None
Type of data: int, size=187
Type of sigmas: None
Number of Miller indices: 187
Anomalous flag: False
Unit cell: (15.174, 11.899, 10.178, 90, 90, 90)
Space group: P 1 (No. 1)
Systematic absences: 0
Centric reflections: 0
Resolution range: 3.98257 2.50946
Completeness in resolution range: 1
Completeness with d_max=infinity: 0.766393
Wavelength: 1.0000

Test (R-free flags) flag value: 1

Number of work/free reflections by resolution:
                                  work free  %free
  bin  1: 3.9826 - 3.6493 [18/18]   14    4  22.2%
  bin  2: 3.6493 - 3.4055 [28/28]   28    0   0.0%
  bin  3: 3.4055 - 3.2160 [ 9/9 ]    7    2  22.2%
  bin  4: 3.2160 - 3.0627 [20/20]   20    0   0.0%
  bin  5: 3.0627 - 2.9349 [24/24]   24    0   0.0%
  bin  6: 2.9349 - 2.8262 [14/14]   12    2  14.3%
  bin  7: 2.8262 - 2.7319 [22/22]   22    0   0.0%
  bin  8: 2.7319 - 2.6491 [14/14]   14    0   0.0%
  bin  9: 2.6491 - 2.5755 [12/12]    8    4  33.3%
  bin 10: 2.5755 - 2.5095 [26/26]   26    0   0.0%
                          overall  175   12   6.4%

                   ----------Processing PDB file(s)----------                  

  Monomer Library directory:
    "/tmp1/m_zhen01/phenix-installer-1.10.1-2155-intel-linux-2.6-x86_64-centos5/phenix-1.10.1-2155/modules/chem_data/mon_lib"
  Total number of atoms: 37
  Number of models: 1
  Model: ""
    Number of chains: 1
    Chain: "A"
      Number of atoms: 37
      Number of conformers: 1
      Conformer: ""
        Number of residues, atoms: 3, 37
          Classifications: {'peptide': 3}
          Modifications used: {'NH2NOTPRO': 1, 'COOH': 1}
          Link IDs: {'TRANS': 2}
  Time building chain proxies: 0.07, per 1000 atoms: 1.89
  Number of scatterers: 37
  At special positions: 0
  Unit cell: (15.174, 11.899, 10.178, 90, 90, 90)
  Space group: P 1 (No. 1)
  Number of sites at special positions: 0
  Number of scattering types: 4
    Type Number    sf(0)
     O       4      8.00
     N       3      7.00
     C      13      6.00
     H      17      1.00
    sf(0) = scattering factor at diffraction angle 0.

  Number of disulfides: simple=0, symmetry=0

  Automatic linking
    Parameters for automatic linking
      Linking & cutoffs
        Metal                : False - 3.50
        Amimo acid           : False - 1.90
        Carbohydrate         : True  - 1.99
        Ligands              : True  - 1.99
        Amino acid - RNA/DNA : False
      
  Number of custom bonds: simple=0, symmetry=0
  Time building additional restraints: 0.02
  Conformation dependent library (CDL) restraints added in 2.5 milliseconds
  
  Adding C-beta torsion restraints...
  Number of C-beta restraints generated:  2
  Time building geometry restraints manager: 0.03 seconds

  NOTE: a complete listing of the restraints can be obtained by requesting
        output of .geo file.

  Histogram of bond lengths:
        0.85 -     0.99: 14
        0.99 -     1.13: 3
        1.13 -     1.27: 3
        1.27 -     1.40: 9
        1.40 -     1.54: 8
  Bond restraints: 37
  Sorted by residual:
  bond pdb=" CZ  PHE A   3 "
       pdb=" HZ  PHE A   3 "
    ideal  model  delta    sigma   weight residual
    0.930  0.875  0.055 2.00e-02 2.50e+03 7.69e+00
  bond pdb=" CB  PHE A   3 "
       pdb=" HB1 PHE A   3 "
    ideal  model  delta    sigma   weight residual
    0.970  1.017 -0.047 2.00e-02 2.50e+03 5.59e+00
  bond pdb=" N   PHE A   3 "
       pdb=" H   PHE A   3 "
    ideal  model  delta    sigma   weight residual
    0.860  0.897 -0.037 2.00e-02 2.50e+03 3.45e+00
  bond pdb=" CA  GLY A   2 "
       pdb=" N   GLY A   2 "
    ideal  model  delta    sigma   weight residual
    1.449  1.474 -0.024 1.45e-02 4.76e+03 2.84e+00
  bond pdb=" CA  GLY A   1 "
       pdb=" HA1 GLY A   1 "
    ideal  model  delta    sigma   weight residual
    0.970  0.936  0.034 2.00e-02 2.50e+03 2.81e+00
  ... (remaining 32 not shown)

  Histogram of bond angle deviations from ideal:
      104.69 -   109.25: 14
      109.25 -   113.81: 16
      113.81 -   118.38: 4
      118.38 -   122.94: 20
      122.94 -   127.51: 6
  Bond angle restraints: 60
  Sorted by residual:
  angle pdb=" CA  GLY A   2 "
        pdb=" N   GLY A   2 "
        pdb=" H   GLY A   2 "
      ideal   model   delta    sigma   weight residual
     114.00  106.84    7.16 3.00e+00 1.11e-01 5.70e+00
  angle pdb=" O   PHE A   3 "
        pdb=" C   PHE A   3 "
        pdb=" CA  PHE A   3 "
      ideal   model   delta    sigma   weight residual
     118.60  112.20    6.40 3.00e+00 1.11e-01 4.55e+00
  angle pdb=" C   GLY A   1 "
        pdb=" N   GLY A   2 "
        pdb=" CA  GLY A   2 "
      ideal   model   delta    sigma   weight residual
     121.41  125.54   -4.13 1.96e+00 2.60e-01 4.44e+00
  angle pdb=" C   PHE A   3 "
        pdb=" CA  PHE A   3 "
        pdb=" CB  PHE A   3 "
      ideal   model   delta    sigma   weight residual
     110.10  113.35   -3.25 1.90e+00 2.77e-01 2.93e+00
  angle pdb=" C   PHE A   3 "
        pdb=" CA  PHE A   3 "
        pdb=" N   PHE A   3 "
      ideal   model   delta    sigma   weight residual
     111.00  106.96    4.04 2.80e+00 1.28e-01 2.09e+00
  ... (remaining 55 not shown)

  Histogram of dihedral angle deviations from ideal:
        0.01 -    35.53: 11
       35.53 -    71.06: 1
       71.06 -   106.58: 0
      106.58 -   142.10: 0
      142.10 -   177.63: 1
  Dihedral angle restraints: 13
    sinusoidal: 3
      harmonic: 10
  Sorted by residual:
  dihedral pdb=" O   PHE A   3 "
           pdb=" C   PHE A   3 "
           pdb=" OXT PHE A   3 "
           pdb=" HXT PHE A   3 "
      ideal   model   delta  harmonic     sigma   weight residual
       0.00 -177.63  177.63     0      3.00e+01 1.11e-03 3.51e+01
  dihedral pdb=" OXT PHE A   3 "
           pdb=" C   PHE A   3 "
           pdb=" CA  PHE A   3 "
           pdb=" N   PHE A   3 "
      ideal   model   delta sinusoidal    sigma   weight residual
     -20.00  -84.92   64.92     2      3.00e+01 1.11e-03 4.37e+00
  dihedral pdb=" C   PHE A   3 "
           pdb=" N   PHE A   3 "
           pdb=" CA  PHE A   3 "
           pdb=" CB  PHE A   3 "
      ideal   model   delta  harmonic     sigma   weight residual
    -122.60 -125.27    2.67     0      2.50e+00 1.60e-01 1.14e+00
  ... (remaining 10 not shown)

  Histogram of chiral volume deviations from ideal:
       0.024 -    0.024: 1
       0.024 -    0.024: 0
       0.024 -    0.024: 0
       0.024 -    0.024: 0
       0.024 -    0.024: 0
  Chirality restraints: 1
  Sorted by residual:
  chirality pdb=" CA  PHE A   3 "
            pdb=" C   PHE A   3 "
            pdb=" N   PHE A   3 "
            pdb=" CB  PHE A   3 "
    both_signs  ideal   model   delta    sigma   weight residual
      False     -2.51   -2.49   -0.02 2.00e-01 2.50e+01 1.50e-02

  Planarity restraints: 6
  Sorted by residual:
                                 delta    sigma   weight rms_deltas residual
  plane pdb=" CB  PHE A   3 "    0.012 2.00e-02 2.50e+03   1.48e-02 6.60e+00
        pdb=" CG  PHE A   3 "    0.018 2.00e-02 2.50e+03
        pdb=" CD1 PHE A   3 "   -0.009 2.00e-02 2.50e+03
        pdb=" HD1 PHE A   3 "   -0.019 2.00e-02 2.50e+03
        pdb=" CE1 PHE A   3 "   -0.020 2.00e-02 2.50e+03
        pdb=" HE1 PHE A   3 "    0.020 2.00e-02 2.50e+03
        pdb=" CZ  PHE A   3 "    0.005 2.00e-02 2.50e+03
        pdb=" HZ  PHE A   3 "    0.015 2.00e-02 2.50e+03
        pdb=" CE2 PHE A   3 "    0.003 2.00e-02 2.50e+03
        pdb=" HE2 PHE A   3 "   -0.019 2.00e-02 2.50e+03
        pdb=" CD2 PHE A   3 "   -0.015 2.00e-02 2.50e+03
        pdb=" HD2 PHE A   3 "    0.009 2.00e-02 2.50e+03
                                 delta    sigma   weight rms_deltas residual
  plane pdb=" C   GLY A   2 "    0.008 2.00e-02 2.50e+03   1.41e-02 1.97e+00
        pdb=" CA  PHE A   3 "    0.006 2.00e-02 2.50e+03
        pdb=" N   PHE A   3 "   -0.024 2.00e-02 2.50e+03
        pdb=" H   PHE A   3 "    0.010 2.00e-02 2.50e+03
                                 delta    sigma   weight rms_deltas residual
  plane pdb=" C   GLY A   1 "    0.005 2.00e-02 2.50e+03   9.65e-03 9.31e-01
        pdb=" CA  GLY A   2 "    0.004 2.00e-02 2.50e+03
        pdb=" N   GLY A   2 "   -0.017 2.00e-02 2.50e+03
        pdb=" H   GLY A   2 "    0.007 2.00e-02 2.50e+03
  ... (remaining 3 not shown)

  Histogram of nonbonded interaction distances:
        1.99 -     2.57: 28
        2.57 -     3.15: 60
        3.15 -     3.73: 66
        3.73 -     4.31: 57
        4.31 -     4.90: 105
  Nonbonded interactions: 316
  Sorted by model distance:
  nonbonded pdb=" H1  GLY A   1 "
            pdb=" H   GLY A   2 "
     model   vdw
     1.989 2.100
  nonbonded pdb=" H2  GLY A   1 "
            pdb=" HE2 PHE A   3 "
     model   vdw
     1.994 2.100
  nonbonded pdb=" HA1 GLY A   2 "
            pdb=" H   GLY A   2 "
     model   vdw
     2.041 1.816
  nonbonded pdb=" O   GLY A   2 "
            pdb=" HXT PHE A   3 "
     model   vdw
     2.055 1.970
  nonbonded pdb=" HXT PHE A   3 "
            pdb=" HB1 PHE A   3 "
     model   vdw
     2.062 2.270
  ... (remaining 311 not shown)

  NOTE: a complete listing of the restraints can be obtained by requesting
        output of .geo file.

                   ----------xray_structure summary----------                  

Number of scattering types: 4
  Type Number    sf(0)   Gaussians
   O       4      7.97       2
   N       3      6.97       2
   C      13      5.97       2
   H      17      1.00       2
  sf(0) = scattering factor at diffraction angle 0.
Number of scatterers: 37
At special positions: 0
Unit cell: (15.174, 11.899, 10.178, 90, 90, 90)
Space group: P 1 (No. 1)

End of input processing
r_work=0.5121 r_free=0.4872
params.data_weight: None
params.restraints: cctbx
rmsd(b), start:  0.0912
mc:   0 R: 0.1616 rmsd(b):  0.0950 restraint_scale:  2.0 min_steps: 36
mc:   1 R: 0.0308 rmsd(b):  0.0177 restraint_scale:  2.0 min_steps: 28
mc:   2 R: 0.0160 rmsd(b):  0.0212 restraint_scale:  2.0 min_steps: 19
mc:   3 R: 0.0134 rmsd(b):  0.0391 restraint_scale:  4.0 min_steps: 31
mc:   4 R: 0.0153 rmsd(b):  0.0421 restraint_scale:  8.0 min_steps: 11
mc:   5 R: 0.0163 rmsd(b):  0.0399 restraint_scale: 16.0 min_steps: 9
mc:   6 R: 0.0200 rmsd(b):  0.0190 restraint_scale: 16.0 min_steps: 16
mc:   7 R: 0.0185 rmsd(b):  0.0199 restraint_scale: 16.0 min_steps: 6
mc:   8 R: 0.0185 rmsd(b):  0.0199 restraint_scale: 16.0 min_steps: 1
Convergence reached, stop now.
see the result structure:  ./p26/04_results/refine_cctbx/221_GGF14-new/0.9/2.pdb
Time: 6.4003
