phenix.python
you are importing  adaptive calculator, and it does nothing. Please give it energy, force....... 

============================== Collecting inputs ==============================


                   ----------Processing X-ray data----------                   

F-obs:
  /scratch/m_zhen01/30994.lupus.uni-muenster.de/p26/02_mtz/264_FGG114-new.mtz:F-obs
Miller array info: None
Observation type: xray.amplitude
Type of data: double, size=182
Type of sigmas: None
Number of Miller indices: 182
Anomalous flag: False
Unit cell: (14.073, 12.739, 10.197, 90, 90, 90)
Space group: P 1 (No. 1)
Systematic absences: 0
Centric reflections: 0
Resolution range: 3.98038 2.50705
Completeness in resolution range: 1
Completeness with d_max=infinity: 0.752066

Number of F-obs in resolution range:                   182
Number of F-obs<0 (these reflections will be rejected): 0
Number of F-obs=0 (these reflections will be used in refinement): 0
Refinement resolution range: d_max =   3.9804
                             d_min =   2.5070

R-free flags:
  /scratch/m_zhen01/30994.lupus.uni-muenster.de/p26/02_mtz/264_FGG114-new.mtz:R-free-flags
Miller array info: /scratch/m_zhen01/30994.lupus.uni-muenster.de/p26/02_mtz/264_FGG114-new.mtz:R-free-flags
Observation type: None
Type of data: int, size=182
Type of sigmas: None
Number of Miller indices: 182
Anomalous flag: False
Unit cell: (14.073, 12.739, 10.197, 90, 90, 90)
Space group: P 1 (No. 1)
Systematic absences: 0
Centric reflections: 0
Resolution range: 3.98038 2.50705
Completeness in resolution range: 1
Completeness with d_max=infinity: 0.752066
Wavelength: 1.0000

Test (R-free flags) flag value: 1

Number of work/free reflections by resolution:
                                  work free  %free
  bin  1: 3.9804 - 3.6469 [18/18]   16    2  11.1%
  bin  2: 3.6469 - 3.4029 [17/17]   17    0   0.0%
  bin  3: 3.4029 - 3.2134 [19/19]   19    0   0.0%
  bin  4: 3.2134 - 3.0600 [17/17]   15    2  11.8%
  bin  5: 3.0600 - 2.9324 [32/32]   28    4  12.5%
  bin  6: 2.9324 - 2.8236 [ 8/8 ]    8    0   0.0%
  bin  7: 2.8236 - 2.7294 [13/13]   13    0   0.0%
  bin  8: 2.7294 - 2.6466 [24/24]   24    0   0.0%
  bin  9: 2.6466 - 2.5731 [16/16]   12    4  25.0%
  bin 10: 2.5731 - 2.5070 [18/18]   18    0   0.0%
                          overall  170   12   6.6%

                   ----------Processing PDB file(s)----------                  

  Monomer Library directory:
    "/tmp1/m_zhen01/phenix-installer-1.10.1-2155-intel-linux-2.6-x86_64-centos5/phenix-1.10.1-2155/modules/chem_data/mon_lib"
  Total number of atoms: 37
  Number of models: 1
  Model: ""
    Number of chains: 1
    Chain: "A"
      Number of atoms: 37
      Number of conformers: 1
      Conformer: ""
        Number of residues, atoms: 3, 37
          Classifications: {'peptide': 3}
          Modifications used: {'NH2NOTPRO': 1, 'COOH': 1}
          Link IDs: {'TRANS': 2}
  Time building chain proxies: 0.07, per 1000 atoms: 1.89
  Number of scatterers: 37
  At special positions: 0
  Unit cell: (14.073, 12.739, 10.197, 90, 90, 90)
  Space group: P 1 (No. 1)
  Number of sites at special positions: 0
  Number of scattering types: 4
    Type Number    sf(0)
     O       4      8.00
     N       3      7.00
     C      13      6.00
     H      17      1.00
    sf(0) = scattering factor at diffraction angle 0.

  Number of disulfides: simple=0, symmetry=0

  Automatic linking
    Parameters for automatic linking
      Linking & cutoffs
        Metal                : False - 3.50
        Amimo acid           : False - 1.90
        Carbohydrate         : True  - 1.99
        Ligands              : True  - 1.99
        Amino acid - RNA/DNA : False
      
  Number of custom bonds: simple=0, symmetry=0
  Time building additional restraints: 0.02
  Conformation dependent library (CDL) restraints added in 2.8 milliseconds
  
  Adding C-beta torsion restraints...
  Number of C-beta restraints generated:  2
  Time building geometry restraints manager: 0.02 seconds

  NOTE: a complete listing of the restraints can be obtained by requesting
        output of .geo file.

  Histogram of bond lengths:
        0.84 -     0.99: 15
        0.99 -     1.14: 2
        1.14 -     1.29: 3
        1.29 -     1.44: 9
        1.44 -     1.59: 8
  Bond restraints: 37
  Sorted by residual:
  bond pdb=" CA  GLY A   2 "
       pdb=" HA2 GLY A   2 "
    ideal  model  delta    sigma   weight residual
    0.970  0.892  0.078 2.00e-02 2.50e+03 1.51e+01
  bond pdb=" C   GLY A   2 "
       pdb=" O   GLY A   2 "
    ideal  model  delta    sigma   weight residual
    1.235  1.278 -0.043 1.35e-02 5.49e+03 1.03e+01
  bond pdb=" CZ  PHE A   1 "
       pdb=" HZ  PHE A   1 "
    ideal  model  delta    sigma   weight residual
    0.930  0.990 -0.060 2.00e-02 2.50e+03 8.96e+00
  bond pdb=" CA  PHE A   1 "
       pdb=" CB  PHE A   1 "
    ideal  model  delta    sigma   weight residual
    1.530  1.585 -0.055 2.00e-02 2.50e+03 7.69e+00
  bond pdb=" N   GLY A   2 "
       pdb=" H   GLY A   2 "
    ideal  model  delta    sigma   weight residual
    0.860  0.893 -0.033 2.00e-02 2.50e+03 2.70e+00
  ... (remaining 32 not shown)

  Histogram of bond angle deviations from ideal:
      103.61 -   108.68: 9
      108.68 -   113.76: 17
      113.76 -   118.84: 8
      118.84 -   123.92: 25
      123.92 -   128.99: 1
  Bond angle restraints: 60
  Sorted by residual:
  angle pdb=" HA  PHE A   1 "
        pdb=" CA  PHE A   1 "
        pdb=" CB  PHE A   1 "
      ideal   model   delta    sigma   weight residual
     109.00  103.61    5.39 3.00e+00 1.11e-01 3.23e+00
  angle pdb=" CA  PHE A   1 "
        pdb=" CB  PHE A   1 "
        pdb=" CG  PHE A   1 "
      ideal   model   delta    sigma   weight residual
     113.80  112.02    1.78 1.00e+00 1.00e+00 3.15e+00
  angle pdb=" C   GLY A   2 "
        pdb=" CA  GLY A   2 "
        pdb=" HA2 GLY A   2 "
      ideal   model   delta    sigma   weight residual
     109.00  104.06    4.94 3.00e+00 1.11e-01 2.72e+00
  angle pdb=" CA  GLY A   3 "
        pdb=" N   GLY A   3 "
        pdb=" H   GLY A   3 "
      ideal   model   delta    sigma   weight residual
     114.00  109.14    4.86 3.00e+00 1.11e-01 2.62e+00
  angle pdb=" C   GLY A   2 "
        pdb=" N   GLY A   3 "
        pdb=" H   GLY A   3 "
      ideal   model   delta    sigma   weight residual
     124.30  128.99   -4.69 3.00e+00 1.11e-01 2.45e+00
  ... (remaining 55 not shown)

  Histogram of dihedral angle deviations from ideal:
        0.71 -    36.48: 12
       36.48 -    72.24: 0
       72.24 -   108.01: 0
      108.01 -   143.78: 0
      143.78 -   179.54: 1
  Dihedral angle restraints: 13
    sinusoidal: 3
      harmonic: 10
  Sorted by residual:
  dihedral pdb=" O   GLY A   3 "
           pdb=" C   GLY A   3 "
           pdb=" OXT GLY A   3 "
           pdb=" HXT GLY A   3 "
      ideal   model   delta  harmonic     sigma   weight residual
       0.00  179.54 -179.54     0      3.00e+01 1.11e-03 3.58e+01
  dihedral pdb=" CA  GLY A   2 "
           pdb=" C   GLY A   2 "
           pdb=" N   GLY A   3 "
           pdb=" CA  GLY A   3 "
      ideal   model   delta  harmonic     sigma   weight residual
     180.00  172.23    7.77     0      5.00e+00 4.00e-02 2.42e+00
  dihedral pdb=" CA  PHE A   1 "
           pdb=" C   PHE A   1 "
           pdb=" N   GLY A   2 "
           pdb=" CA  GLY A   2 "
      ideal   model   delta  harmonic     sigma   weight residual
    -180.00 -172.78   -7.22     0      5.00e+00 4.00e-02 2.08e+00
  ... (remaining 10 not shown)

  Histogram of chiral volume deviations from ideal:
       0.001 -    0.001: 1
       0.001 -    0.001: 0
       0.001 -    0.001: 0
       0.001 -    0.001: 0
       0.001 -    0.001: 0
  Chirality restraints: 1
  Sorted by residual:
  chirality pdb=" CA  PHE A   1 "
            pdb=" C   PHE A   1 "
            pdb=" N   PHE A   1 "
            pdb=" CB  PHE A   1 "
    both_signs  ideal   model   delta    sigma   weight residual
      False     -2.51   -2.51    0.00 2.00e-01 2.50e+01 4.41e-05

  Planarity restraints: 6
  Sorted by residual:
                                 delta    sigma   weight rms_deltas residual
  plane pdb=" CB  PHE A   1 "    0.019 2.00e-02 2.50e+03   1.87e-02 1.05e+01
        pdb=" CG  PHE A   1 "   -0.018 2.00e-02 2.50e+03
        pdb=" CD1 PHE A   1 "   -0.008 2.00e-02 2.50e+03
        pdb=" HD1 PHE A   1 "    0.015 2.00e-02 2.50e+03
        pdb=" CE1 PHE A   1 "    0.006 2.00e-02 2.50e+03
        pdb=" HE1 PHE A   1 "   -0.008 2.00e-02 2.50e+03
        pdb=" CZ  PHE A   1 "   -0.014 2.00e-02 2.50e+03
        pdb=" HZ  PHE A   1 "    0.006 2.00e-02 2.50e+03
        pdb=" CE2 PHE A   1 "   -0.023 2.00e-02 2.50e+03
        pdb=" HE2 PHE A   1 "    0.039 2.00e-02 2.50e+03
        pdb=" CD2 PHE A   1 "    0.012 2.00e-02 2.50e+03
        pdb=" HD2 PHE A   1 "   -0.026 2.00e-02 2.50e+03
                                 delta    sigma   weight rms_deltas residual
  plane pdb=" C   GLY A   2 "    0.042 2.00e-02 2.50e+03   2.40e-02 5.78e+00
        pdb=" O   GLY A   2 "   -0.015 2.00e-02 2.50e+03
        pdb=" CA  GLY A   2 "   -0.012 2.00e-02 2.50e+03
        pdb=" N   GLY A   3 "   -0.014 2.00e-02 2.50e+03
                                 delta    sigma   weight rms_deltas residual
  plane pdb=" C   PHE A   1 "   -0.012 2.00e-02 2.50e+03   2.29e-02 5.23e+00
        pdb=" CA  GLY A   2 "   -0.010 2.00e-02 2.50e+03
        pdb=" N   GLY A   2 "    0.039 2.00e-02 2.50e+03
        pdb=" H   GLY A   2 "   -0.017 2.00e-02 2.50e+03
  ... (remaining 3 not shown)

  Histogram of nonbonded interaction distances:
        1.88 -     2.48: 18
        2.48 -     3.08: 49
        3.08 -     3.68: 64
        3.68 -     4.28: 74
        4.28 -     4.88: 82
  Nonbonded interactions: 287
  Sorted by model distance:
  nonbonded pdb=" H2  PHE A   1 "
            pdb=" HA  PHE A   1 "
     model   vdw
     1.880 1.816
  nonbonded pdb=" HXT GLY A   3 "
            pdb=" H   GLY A   3 "
     model   vdw
     2.069 2.100
  nonbonded pdb=" H   GLY A   2 "
            pdb=" H   GLY A   3 "
     model   vdw
     2.072 2.100
  nonbonded pdb=" HA1 GLY A   3 "
            pdb=" H   GLY A   3 "
     model   vdw
     2.144 1.816
  nonbonded pdb=" HXT GLY A   3 "
            pdb=" N   GLY A   3 "
     model   vdw
     2.230 2.650
  ... (remaining 282 not shown)

  NOTE: a complete listing of the restraints can be obtained by requesting
        output of .geo file.

                   ----------xray_structure summary----------                  

Number of scattering types: 4
  Type Number    sf(0)   Gaussians
   O       4      7.97       2
   N       3      6.97       2
   C      13      5.97       2
   H      17      1.00       2
  sf(0) = scattering factor at diffraction angle 0.
Number of scatterers: 37
At special positions: 0
Unit cell: (14.073, 12.739, 10.197, 90, 90, 90)
Space group: P 1 (No. 1)

End of input processing
r_work=0.4872 r_free=0.3293
params.data_weight: 0.0
params.restraints: qm
rmsd(b), start:  0.0870
mc:   0 R: 0.4638 rmsd(b):  0.0293 restraint_scale:  1.0 min_steps: 52
mc:   1 R: 0.4147 rmsd(b):  0.0296 restraint_scale:  1.0 min_steps: 53
mc:   2 R: 0.4141 rmsd(b):  0.0290 restraint_scale:  1.0 min_steps: 53
mc:   3 R: 0.4091 rmsd(b):  0.0288 restraint_scale:  1.0 min_steps: 48
mc:   4 R: 0.4091 rmsd(b):  0.0289 restraint_scale:  1.0 min_steps: 10
Convergence reached, stop now.
see the result structure:  ./p26/04_results/opt_qm/264_FGG114-new/0.9/3.pdb
Time: 222.5920
