phenix.python
you are importing  adaptive calculator, and it does nothing. Please give it energy, force....... 

============================== Collecting inputs ==============================


                   ----------Processing X-ray data----------                   

F-obs:
  /scratch/m_zhen01/31011.lupus.uni-muenster.de/p26/02_mtz/200_WG13-new.mtz:F-obs
Miller array info: None
Observation type: xray.amplitude
Type of data: double, size=182
Type of sigmas: None
Number of Miller indices: 182
Anomalous flag: False
Unit cell: (12.646, 10.326, 13.899, 90, 90, 90)
Space group: P 1 (No. 1)
Systematic absences: 0
Centric reflections: 0
Resolution range: 3.99915 2.51363
Completeness in resolution range: 1
Completeness with d_max=infinity: 0.752066

Number of F-obs in resolution range:                   182
Number of F-obs<0 (these reflections will be rejected): 0
Number of F-obs=0 (these reflections will be used in refinement): 0
Refinement resolution range: d_max =   3.9992
                             d_min =   2.5136

R-free flags:
  /scratch/m_zhen01/31011.lupus.uni-muenster.de/p26/02_mtz/200_WG13-new.mtz:R-free-flags
Miller array info: /scratch/m_zhen01/31011.lupus.uni-muenster.de/p26/02_mtz/200_WG13-new.mtz:R-free-flags
Observation type: None
Type of data: int, size=182
Type of sigmas: None
Number of Miller indices: 182
Anomalous flag: False
Unit cell: (12.646, 10.326, 13.899, 90, 90, 90)
Space group: P 1 (No. 1)
Systematic absences: 0
Centric reflections: 0
Resolution range: 3.99915 2.51363
Completeness in resolution range: 1
Completeness with d_max=infinity: 0.752066
Wavelength: 1.0000

Test (R-free flags) flag value: 1

Number of work/free reflections by resolution:
                                  work free  %free
  bin  1: 3.9992 - 3.6617 [18/18]   16    2  11.1%
  bin  2: 3.6617 - 3.4154 [14/14]   14    0   0.0%
  bin  3: 3.4154 - 3.2243 [22/22]   20    2   9.1%
  bin  4: 3.2243 - 3.0698 [15/15]   15    0   0.0%
  bin  5: 3.0698 - 2.9413 [30/30]   28    2   6.7%
  bin  6: 2.9413 - 2.8319 [ 8/8 ]    8    0   0.0%
  bin  7: 2.8319 - 2.7371 [15/15]   15    0   0.0%
  bin  8: 2.7371 - 2.6539 [18/18]   16    2  11.1%
  bin  9: 2.6539 - 2.5800 [23/23]   23    0   0.0%
  bin 10: 2.5800 - 2.5136 [19/19]   19    0   0.0%
                          overall  174    8   4.4%

                   ----------Processing PDB file(s)----------                  

  Monomer Library directory:
    "/tmp1/m_zhen01/phenix-installer-1.10.1-2155-intel-linux-2.6-x86_64-centos5/phenix-1.10.1-2155/modules/chem_data/mon_lib"
  Total number of atoms: 34
  Number of models: 1
  Model: ""
    Number of chains: 1
    Chain: "A"
      Number of atoms: 34
      Number of conformers: 1
      Conformer: ""
        Number of residues, atoms: 2, 34
          Classifications: {'peptide': 2}
          Modifications used: {'NH2NOTPRO': 1, 'COOH': 1}
          Link IDs: {'TRANS': 1}
  Time building chain proxies: 0.07, per 1000 atoms: 2.06
  Number of scatterers: 34
  At special positions: 0
  Unit cell: (12.646, 10.326, 13.899, 90, 90, 90)
  Space group: P 1 (No. 1)
  Number of sites at special positions: 0
  Number of scattering types: 4
    Type Number    sf(0)
     O       3      8.00
     N       3      7.00
     C      13      6.00
     H      15      1.00
    sf(0) = scattering factor at diffraction angle 0.

  Number of disulfides: simple=0, symmetry=0

  Automatic linking
    Parameters for automatic linking
      Linking & cutoffs
        Metal                : False - 3.50
        Amimo acid           : False - 1.90
        Carbohydrate         : True  - 1.99
        Ligands              : True  - 1.99
        Amino acid - RNA/DNA : False
      
  Number of custom bonds: simple=0, symmetry=0
  Time building additional restraints: 0.02
  Conformation dependent library (CDL) restraints added in 523.1 microseconds
  
  Adding C-beta torsion restraints...
  Number of C-beta restraints generated:  2
  Time building geometry restraints manager: 0.03 seconds

  NOTE: a complete listing of the restraints can be obtained by requesting
        output of .geo file.

  Histogram of bond lengths:
        0.84 -     0.97: 11
        0.97 -     1.11: 4
        1.11 -     1.24: 2
        1.24 -     1.37: 5
        1.37 -     1.51: 13
  Bond restraints: 35
  Sorted by residual:
  bond pdb=" CA  GLY A   2 "
       pdb=" HA2 GLY A   2 "
    ideal  model  delta    sigma   weight residual
    0.970  0.916  0.054 2.00e-02 2.50e+03 7.20e+00
  bond pdb=" CE3 TRP A   1 "
       pdb=" HE3 TRP A   1 "
    ideal  model  delta    sigma   weight residual
    0.930  0.974 -0.044 2.00e-02 2.50e+03 4.82e+00
  bond pdb=" CD1 TRP A   1 "
       pdb=" NE1 TRP A   1 "
    ideal  model  delta    sigma   weight residual
    1.374  1.337  0.037 2.10e-02 2.27e+03 3.08e+00
  bond pdb=" CD1 TRP A   1 "
       pdb=" HD1 TRP A   1 "
    ideal  model  delta    sigma   weight residual
    0.930  0.903  0.027 2.00e-02 2.50e+03 1.85e+00
  bond pdb=" CA  GLY A   2 "
       pdb=" N   GLY A   2 "
    ideal  model  delta    sigma   weight residual
    1.451  1.432  0.019 1.60e-02 3.91e+03 1.48e+00
  ... (remaining 30 not shown)

  Histogram of bond angle deviations from ideal:
      102.62 -   108.87: 16
      108.87 -   115.12: 12
      115.12 -   121.37: 13
      121.37 -   127.62: 14
      127.62 -   133.87: 2
  Bond angle restraints: 57
  Sorted by residual:
  angle pdb=" H1  TRP A   1 "
        pdb=" N   TRP A   1 "
        pdb=" H2  TRP A   1 "
      ideal   model   delta    sigma   weight residual
     109.47  102.62    6.85 3.00e+00 1.11e-01 5.21e+00
  angle pdb=" OXT GLY A   2 "
        pdb=" C   GLY A   2 "
        pdb=" CA  GLY A   2 "
      ideal   model   delta    sigma   weight residual
     118.60  114.01    4.59 3.00e+00 1.11e-01 2.34e+00
  angle pdb=" O   TRP A   1 "
        pdb=" C   TRP A   1 "
        pdb=" CA  TRP A   1 "
      ideal   model   delta    sigma   weight residual
     120.80  123.01   -2.21 1.70e+00 3.46e-01 1.69e+00
  angle pdb=" HA1 GLY A   2 "
        pdb=" CA  GLY A   2 "
        pdb=" HA2 GLY A   2 "
      ideal   model   delta    sigma   weight residual
     109.00  112.69   -3.69 3.00e+00 1.11e-01 1.51e+00
  angle pdb=" HA  TRP A   1 "
        pdb=" CA  TRP A   1 "
        pdb=" N   TRP A   1 "
      ideal   model   delta    sigma   weight residual
     110.00  107.31    2.69 3.00e+00 1.11e-01 8.07e-01
  ... (remaining 52 not shown)

  Histogram of dihedral angle deviations from ideal:
        0.25 -     4.99: 9
        4.99 -     9.73: 1
        9.73 -    14.46: 2
       14.46 -    19.20: 0
       19.20 -    23.94: 1
  Dihedral angle restraints: 13
    sinusoidal: 3
      harmonic: 10
  Sorted by residual:
  dihedral pdb=" CA  TRP A   1 "
           pdb=" CB  TRP A   1 "
           pdb=" CG  TRP A   1 "
           pdb=" CD1 TRP A   1 "
      ideal   model   delta sinusoidal    sigma   weight residual
     -90.00  -66.06  -23.94     2      2.00e+01 2.50e-03 1.98e+00
  dihedral pdb=" CG  TRP A   1 "
           pdb=" CE3 TRP A   1 "
           pdb=" CD2 TRP A   1 "
           pdb=" HE3 TRP A   1 "
      ideal   model   delta  harmonic     sigma   weight residual
       0.00   -5.19    5.19     0      5.00e+00 4.00e-02 1.08e+00
  dihedral pdb=" N   TRP A   1 "
           pdb=" CA  TRP A   1 "
           pdb=" CB  TRP A   1 "
           pdb=" CG  TRP A   1 "
      ideal   model   delta sinusoidal    sigma   weight residual
      60.00   50.01    9.99     3      1.50e+01 4.44e-03 6.34e-01
  ... (remaining 10 not shown)

  Histogram of chiral volume deviations from ideal:
       0.115 -    0.115: 1
       0.115 -    0.115: 0
       0.115 -    0.115: 0
       0.115 -    0.115: 0
       0.115 -    0.115: 0
  Chirality restraints: 1
  Sorted by residual:
  chirality pdb=" CA  TRP A   1 "
            pdb=" C   TRP A   1 "
            pdb=" N   TRP A   1 "
            pdb=" CB  TRP A   1 "
    both_signs  ideal   model   delta    sigma   weight residual
      False     -2.51   -2.40   -0.12 2.00e-01 2.50e+01 3.33e-01

  Planarity restraints: 4
  Sorted by residual:
                                 delta    sigma   weight rms_deltas residual
  plane pdb=" CB  TRP A   1 "   -0.003 2.00e-02 2.50e+03   1.28e-02 6.59e+00
        pdb=" CG  TRP A   1 "   -0.016 2.00e-02 2.50e+03
        pdb=" CD1 TRP A   1 "   -0.011 2.00e-02 2.50e+03
        pdb=" HD1 TRP A   1 "    0.010 2.00e-02 2.50e+03
        pdb=" NE1 TRP A   1 "   -0.012 2.00e-02 2.50e+03
        pdb=" HE1 TRP A   1 "    0.012 2.00e-02 2.50e+03
        pdb=" CE2 TRP A   1 "    0.004 2.00e-02 2.50e+03
        pdb=" CZ2 TRP A   1 "   -0.006 2.00e-02 2.50e+03
        pdb=" HZ2 TRP A   1 "   -0.014 2.00e-02 2.50e+03
        pdb=" CH2 TRP A   1 "    0.017 2.00e-02 2.50e+03
        pdb=" HH2 TRP A   1 "   -0.007 2.00e-02 2.50e+03
        pdb=" CZ3 TRP A   1 "    0.009 2.00e-02 2.50e+03
        pdb=" HZ3 TRP A   1 "   -0.007 2.00e-02 2.50e+03
        pdb=" CE3 TRP A   1 "   -0.005 2.00e-02 2.50e+03
        pdb=" HE3 TRP A   1 "   -0.005 2.00e-02 2.50e+03
        pdb=" CD2 TRP A   1 "    0.033 2.00e-02 2.50e+03
                                 delta    sigma   weight rms_deltas residual
  plane pdb=" O   GLY A   2 "   -0.004 2.00e-02 2.50e+03   1.26e-02 1.97e+00
        pdb=" C   GLY A   2 "   -0.003 2.00e-02 2.50e+03
        pdb=" OXT GLY A   2 "   -0.019 2.00e-02 2.50e+03
        pdb=" HXT GLY A   2 "    0.018 2.00e-02 2.50e+03
        pdb=" CA  GLY A   2 "    0.009 2.00e-02 2.50e+03
                                 delta    sigma   weight rms_deltas residual
  plane pdb=" C   TRP A   1 "   -0.004 2.00e-02 2.50e+03   7.95e-03 6.31e-01
        pdb=" CA  GLY A   2 "   -0.003 2.00e-02 2.50e+03
        pdb=" N   GLY A   2 "    0.014 2.00e-02 2.50e+03
        pdb=" H   GLY A   2 "   -0.006 2.00e-02 2.50e+03
  ... (remaining 1 not shown)

  Histogram of nonbonded interaction distances:
        2.09 -     2.65: 29
        2.65 -     3.20: 39
        3.20 -     3.76: 50
        3.76 -     4.31: 52
        4.31 -     4.87: 60
  Nonbonded interactions: 230
  Sorted by model distance:
  nonbonded pdb=" H2  TRP A   1 "
            pdb=" HD1 TRP A   1 "
     model   vdw
     2.093 2.100
  nonbonded pdb=" H2  TRP A   1 "
            pdb=" H   GLY A   2 "
     model   vdw
     2.184 2.100
  nonbonded pdb=" HA  TRP A   1 "
            pdb=" H1  TRP A   1 "
     model   vdw
     2.193 1.816
  nonbonded pdb=" HA  TRP A   1 "
            pdb=" HB1 TRP A   1 "
     model   vdw
     2.216 1.952
  nonbonded pdb=" N   TRP A   1 "
            pdb=" H   GLY A   2 "
     model   vdw
     2.280 2.650
  ... (remaining 225 not shown)

  NOTE: a complete listing of the restraints can be obtained by requesting
        output of .geo file.

                   ----------xray_structure summary----------                  

Number of scattering types: 4
  Type Number    sf(0)   Gaussians
   O       3      7.97       2
   N       3      6.97       2
   C      13      5.97       2
   H      15      1.00       2
  sf(0) = scattering factor at diffraction angle 0.
Number of scatterers: 34
At special positions: 0
Unit cell: (12.646, 10.326, 13.899, 90, 90, 90)
Space group: P 1 (No. 1)

End of input processing
r_work=0.5864 r_free=0.7457
params.data_weight: None
params.restraints: qm
rmsd(b), start:  0.0855
mc:   0 R: 0.5643 rmsd(b):  0.0270 restraint_scale:  1.0 min_steps: 52
mc:   1 R: 0.5299 rmsd(b):  0.0268 restraint_scale:  1.0 min_steps: 54
mc:   2 R: 0.5169 rmsd(b):  0.0273 restraint_scale:  1.0 min_steps: 54
mc:   3 R: 0.3211 rmsd(b):  0.1142 restraint_scale:  2.0 min_steps: 52
mc:   4 R: 0.3204 rmsd(b):  0.1218 restraint_scale:  4.0 min_steps: 13
mc:   5 R: 0.3167 rmsd(b):  0.0926 restraint_scale:  8.0 min_steps: 11
mc:   6 R: 0.3254 rmsd(b):  0.0484 restraint_scale: 16.0 min_steps: 12
mc:   7 R: 0.3372 rmsd(b):  0.0346 restraint_scale: 32.0 min_steps: 26
mc:   8 R: 0.3247 rmsd(b):  0.0427 restraint_scale: 64.0 min_steps: 9
mc:   9 R: 0.3524 rmsd(b):  0.0287 restraint_scale: 64.0 min_steps: 16
mc:  10 R: 0.3608 rmsd(b):  0.0285 restraint_scale: 64.0 min_steps: 19
mc:  11 R: 0.3601 rmsd(b):  0.0286 restraint_scale: 64.0 min_steps: 4
Convergence reached, stop now.
see the result structure:  ./p26/04_results/refine_qm/200_WG13-new/1.2/0.pdb
Time: 407.0326
