phenix.python
you are importing  adaptive calculator, and it does nothing. Please give it energy, force....... 

============================== Collecting inputs ==============================


                   ----------Processing X-ray data----------                   

F-obs:
  /scratch/m_zhen01/30993.lupus.uni-muenster.de/p26/02_mtz/213_WGG15-new.mtz:F-obs
Miller array info: None
Observation type: xray.amplitude
Type of data: double, size=215
Type of sigmas: None
Number of Miller indices: 215
Anomalous flag: False
Unit cell: (15.336, 14.208, 10.255, 90, 90, 90)
Space group: P 1 (No. 1)
Systematic absences: 0
Centric reflections: 0
Resolution range: 3.84643 2.5113
Completeness in resolution range: 1
Completeness with d_max=infinity: 0.728814

Number of F-obs in resolution range:                   215
Number of F-obs<0 (these reflections will be rejected): 0
Number of F-obs=0 (these reflections will be used in refinement): 0
Refinement resolution range: d_max =   3.8464
                             d_min =   2.5113

R-free flags:
  /scratch/m_zhen01/30993.lupus.uni-muenster.de/p26/02_mtz/213_WGG15-new.mtz:R-free-flags
Miller array info: /scratch/m_zhen01/30993.lupus.uni-muenster.de/p26/02_mtz/213_WGG15-new.mtz:R-free-flags
Observation type: None
Type of data: int, size=215
Type of sigmas: None
Number of Miller indices: 215
Anomalous flag: False
Unit cell: (15.336, 14.208, 10.255, 90, 90, 90)
Space group: P 1 (No. 1)
Systematic absences: 0
Centric reflections: 0
Resolution range: 3.84643 2.5113
Completeness in resolution range: 1
Completeness with d_max=infinity: 0.728814
Wavelength: 1.0000

Test (R-free flags) flag value: 1

Number of work/free reflections by resolution:
                                  work free  %free
  bin  1: 3.8464 - 3.5619 [19/19]   18    1   5.3%
  bin  2: 3.5619 - 3.3464 [24/24]   23    1   4.2%
  bin  3: 3.3464 - 3.1751 [26/26]   26    0   0.0%
  bin  4: 3.1751 - 3.0342 [19/19]   19    0   0.0%
  bin  5: 3.0342 - 2.9154 [18/18]   16    2  11.1%
  bin  6: 2.9154 - 2.8133 [29/29]   29    0   0.0%
  bin  7: 2.8133 - 2.7241 [22/22]   20    2   9.1%
  bin  8: 2.7241 - 2.6452 [10/10]   10    0   0.0%
  bin  9: 2.6452 - 2.5748 [24/24]   24    0   0.0%
  bin 10: 2.5748 - 2.5113 [24/24]   23    1   4.2%
                          overall  208    7   3.3%

                   ----------Processing PDB file(s)----------                  

  Monomer Library directory:
    "/tmp1/m_zhen01/phenix-installer-1.10.1-2155-intel-linux-2.6-x86_64-centos5/phenix-1.10.1-2155/modules/chem_data/mon_lib"
  Total number of atoms: 41
  Number of models: 1
  Model: ""
    Number of chains: 1
    Chain: "A"
      Number of atoms: 41
      Number of conformers: 1
      Conformer: ""
        Number of residues, atoms: 3, 41
          Classifications: {'peptide': 3}
          Modifications used: {'NH2NOTPRO': 1, 'COOH': 1}
          Link IDs: {'TRANS': 2}
  Time building chain proxies: 0.08, per 1000 atoms: 1.95
  Number of scatterers: 41
  At special positions: 0
  Unit cell: (15.336, 14.208, 10.255, 90, 90, 90)
  Space group: P 1 (No. 1)
  Number of sites at special positions: 0
  Number of scattering types: 4
    Type Number    sf(0)
     O       4      8.00
     N       4      7.00
     C      15      6.00
     H      18      1.00
    sf(0) = scattering factor at diffraction angle 0.

  Number of disulfides: simple=0, symmetry=0

  Automatic linking
    Parameters for automatic linking
      Linking & cutoffs
        Metal                : False - 3.50
        Amimo acid           : False - 1.90
        Carbohydrate         : True  - 1.99
        Ligands              : True  - 1.99
        Amino acid - RNA/DNA : False
      
  Number of custom bonds: simple=0, symmetry=0
  Time building additional restraints: 0.02
  Conformation dependent library (CDL) restraints added in 2.5 milliseconds
  
  Adding C-beta torsion restraints...
  Number of C-beta restraints generated:  2
  Time building geometry restraints manager: 0.03 seconds

  NOTE: a complete listing of the restraints can be obtained by requesting
        output of .geo file.

  Histogram of bond lengths:
        0.85 -     0.98: 14
        0.98 -     1.12: 4
        1.12 -     1.26: 3
        1.26 -     1.40: 9
        1.40 -     1.54: 12
  Bond restraints: 42
  Sorted by residual:
  bond pdb=" CE3 TRP A   1 "
       pdb=" HE3 TRP A   1 "
    ideal  model  delta    sigma   weight residual
    0.930  0.984 -0.054 2.00e-02 2.50e+03 7.25e+00
  bond pdb=" N   GLY A   3 "
       pdb=" H   GLY A   3 "
    ideal  model  delta    sigma   weight residual
    0.860  0.909 -0.049 2.00e-02 2.50e+03 5.88e+00
  bond pdb=" C   TRP A   1 "
       pdb=" O   TRP A   1 "
    ideal  model  delta    sigma   weight residual
    1.231  1.194  0.037 2.00e-02 2.50e+03 3.44e+00
  bond pdb=" CA  GLY A   2 "
       pdb=" HA2 GLY A   2 "
    ideal  model  delta    sigma   weight residual
    0.970  1.005 -0.035 2.00e-02 2.50e+03 3.05e+00
  bond pdb=" CH2 TRP A   1 "
       pdb=" CZ3 TRP A   1 "
    ideal  model  delta    sigma   weight residual
    1.400  1.364  0.036 2.50e-02 1.60e+03 2.10e+00
  ... (remaining 37 not shown)

  Histogram of bond angle deviations from ideal:
      103.47 -   109.68: 19
      109.68 -   115.89: 15
      115.89 -   122.10: 20
      122.10 -   128.31: 13
      128.31 -   134.52: 2
  Bond angle restraints: 69
  Sorted by residual:
  angle pdb=" CA  GLY A   2 "
        pdb=" C   GLY A   2 "
        pdb=" N   GLY A   3 "
      ideal   model   delta    sigma   weight residual
     114.77  118.51   -3.74 1.29e+00 6.01e-01 8.43e+00
  angle pdb=" O   GLY A   2 "
        pdb=" C   GLY A   2 "
        pdb=" CA  GLY A   2 "
      ideal   model   delta    sigma   weight residual
     121.05  119.21    1.84 9.00e-01 1.23e+00 4.16e+00
  angle pdb=" O   GLY A   3 "
        pdb=" C   GLY A   3 "
        pdb=" OXT GLY A   3 "
      ideal   model   delta    sigma   weight residual
     122.80  117.00    5.80 3.00e+00 1.11e-01 3.74e+00
  angle pdb=" O   GLY A   3 "
        pdb=" C   GLY A   3 "
        pdb=" CA  GLY A   3 "
      ideal   model   delta    sigma   weight residual
     118.60  124.01   -5.41 3.00e+00 1.11e-01 3.25e+00
  angle pdb=" O   GLY A   2 "
        pdb=" C   GLY A   2 "
        pdb=" N   GLY A   3 "
      ideal   model   delta    sigma   weight residual
     124.15  122.25    1.90 1.12e+00 7.97e-01 2.86e+00
  ... (remaining 64 not shown)

  Histogram of dihedral angle deviations from ideal:
        0.04 -    34.60: 13
       34.60 -    69.16: 0
       69.16 -   103.72: 0
      103.72 -   138.28: 0
      138.28 -   172.84: 1
  Dihedral angle restraints: 14
    sinusoidal: 3
      harmonic: 11
  Sorted by residual:
  dihedral pdb=" O   GLY A   3 "
           pdb=" C   GLY A   3 "
           pdb=" OXT GLY A   3 "
           pdb=" HXT GLY A   3 "
      ideal   model   delta  harmonic     sigma   weight residual
       0.00  172.84 -172.84     0      3.00e+01 1.11e-03 3.32e+01
  dihedral pdb=" CA  GLY A   2 "
           pdb=" C   GLY A   2 "
           pdb=" N   GLY A   3 "
           pdb=" CA  GLY A   3 "
      ideal   model   delta  harmonic     sigma   weight residual
     180.00  170.74    9.26     0      5.00e+00 4.00e-02 3.43e+00
  dihedral pdb=" CA  TRP A   1 "
           pdb=" C   TRP A   1 "
           pdb=" N   GLY A   2 "
           pdb=" CA  GLY A   2 "
      ideal   model   delta  harmonic     sigma   weight residual
    -180.00 -174.94   -5.06     0      5.00e+00 4.00e-02 1.03e+00
  ... (remaining 11 not shown)

  Histogram of chiral volume deviations from ideal:
       0.054 -    0.054: 1
       0.054 -    0.054: 0
       0.054 -    0.054: 0
       0.054 -    0.054: 0
       0.054 -    0.054: 0
  Chirality restraints: 1
  Sorted by residual:
  chirality pdb=" CA  TRP A   1 "
            pdb=" C   TRP A   1 "
            pdb=" N   TRP A   1 "
            pdb=" CB  TRP A   1 "
    both_signs  ideal   model   delta    sigma   weight residual
      False     -2.51   -2.56    0.05 2.00e-01 2.50e+01 7.27e-02

  Planarity restraints: 6
  Sorted by residual:
                                 delta    sigma   weight rms_deltas residual
  plane pdb=" CB  TRP A   1 "   -0.011 2.00e-02 2.50e+03   1.67e-02 1.12e+01
        pdb=" CG  TRP A   1 "    0.013 2.00e-02 2.50e+03
        pdb=" CD1 TRP A   1 "    0.003 2.00e-02 2.50e+03
        pdb=" HD1 TRP A   1 "   -0.008 2.00e-02 2.50e+03
        pdb=" NE1 TRP A   1 "    0.019 2.00e-02 2.50e+03
        pdb=" HE1 TRP A   1 "   -0.014 2.00e-02 2.50e+03
        pdb=" CE2 TRP A   1 "   -0.004 2.00e-02 2.50e+03
        pdb=" CZ2 TRP A   1 "   -0.004 2.00e-02 2.50e+03
        pdb=" HZ2 TRP A   1 "   -0.006 2.00e-02 2.50e+03
        pdb=" CH2 TRP A   1 "   -0.003 2.00e-02 2.50e+03
        pdb=" HH2 TRP A   1 "    0.029 2.00e-02 2.50e+03
        pdb=" CZ3 TRP A   1 "    0.002 2.00e-02 2.50e+03
        pdb=" HZ3 TRP A   1 "   -0.035 2.00e-02 2.50e+03
        pdb=" CE3 TRP A   1 "   -0.019 2.00e-02 2.50e+03
        pdb=" HE3 TRP A   1 "    0.033 2.00e-02 2.50e+03
        pdb=" CD2 TRP A   1 "    0.005 2.00e-02 2.50e+03
                                 delta    sigma   weight rms_deltas residual
  plane pdb=" O   GLY A   3 "    0.028 2.00e-02 2.50e+03   2.79e-02 9.74e+00
        pdb=" C   GLY A   3 "   -0.030 2.00e-02 2.50e+03
        pdb=" OXT GLY A   3 "   -0.031 2.00e-02 2.50e+03
        pdb=" HXT GLY A   3 "    0.035 2.00e-02 2.50e+03
        pdb=" CA  GLY A   3 "   -0.002 2.00e-02 2.50e+03
                                 delta    sigma   weight rms_deltas residual
  plane pdb=" C   GLY A   2 "   -0.007 2.00e-02 2.50e+03   1.23e-02 1.51e+00
        pdb=" CA  GLY A   3 "   -0.005 2.00e-02 2.50e+03
        pdb=" N   GLY A   3 "    0.021 2.00e-02 2.50e+03
        pdb=" H   GLY A   3 "   -0.009 2.00e-02 2.50e+03
  ... (remaining 3 not shown)

  Histogram of nonbonded interaction distances:
        2.00 -     2.58: 27
        2.58 -     3.16: 62
        3.16 -     3.73: 55
        3.73 -     4.31: 63
        4.31 -     4.88: 99
  Nonbonded interactions: 306
  Sorted by model distance:
  nonbonded pdb=" HB1 TRP A   1 "
            pdb=" H   GLY A   2 "
     model   vdw
     2.003 2.270
  nonbonded pdb=" HA2 GLY A   3 "
            pdb=" H   GLY A   3 "
     model   vdw
     2.191 1.816
  nonbonded pdb=" HH2 TRP A   1 "
            pdb=" HZ3 TRP A   1 "
     model   vdw
     2.272 1.680
  nonbonded pdb=" HZ2 TRP A   1 "
            pdb=" HH2 TRP A   1 "
     model   vdw
     2.290 1.680
  nonbonded pdb=" HXT GLY A   3 "
            pdb=" CA  GLY A   3 "
     model   vdw
     2.326 2.376
  ... (remaining 301 not shown)

  NOTE: a complete listing of the restraints can be obtained by requesting
        output of .geo file.

                   ----------xray_structure summary----------                  

Number of scattering types: 4
  Type Number    sf(0)   Gaussians
   O       4      7.97       2
   N       4      6.97       2
   C      15      5.97       2
   H      18      1.00       2
  sf(0) = scattering factor at diffraction angle 0.
Number of scatterers: 41
At special positions: 0
Unit cell: (15.336, 14.208, 10.255, 90, 90, 90)
Space group: P 1 (No. 1)

End of input processing
r_work=0.5859 r_free=0.3164
params.data_weight: 0.0
params.restraints: cctbx
rmsd(b), start:  0.0789
mc:   0 R: 0.5922 rmsd(b):  0.0011 restraint_scale:  1.0 min_steps: 55
mc:   1 R: 0.5892 rmsd(b):  0.0007 restraint_scale:  1.0 min_steps: 55
mc:   2 R: 0.5871 rmsd(b):  0.0008 restraint_scale:  1.0 min_steps: 54
mc:   3 R: 0.5807 rmsd(b):  0.0005 restraint_scale:  1.0 min_steps: 56
mc:   4 R: 0.5796 rmsd(b):  0.0004 restraint_scale:  1.0 min_steps: 52
mc:   5 R: 0.5713 rmsd(b):  0.0004 restraint_scale:  1.0 min_steps: 54
mc:   6 R: 0.5712 rmsd(b):  0.0004 restraint_scale:  1.0 min_steps: 52
mc:   7 R: 0.5666 rmsd(b):  0.0003 restraint_scale:  1.0 min_steps: 53
mc:   8 R: 0.5663 rmsd(b):  0.0003 restraint_scale:  1.0 min_steps: 55
Convergence reached, stop now.
see the result structure:  ./p26/04_results/opt_cctbx/213_WGG15-new/1.5/3.pdb
Time: 6.5155
