phenix.python
you are importing  adaptive calculator, and it does nothing. Please give it energy, force....... 

============================== Collecting inputs ==============================


                   ----------Processing X-ray data----------                   

F-obs:
  /scratch/m_zhen01/30994.lupus.uni-muenster.de/p26/02_mtz/250_GFA05-new.mtz:F-obs
Miller array info: None
Observation type: xray.amplitude
Type of data: double, size=233
Type of sigmas: None
Number of Miller indices: 233
Anomalous flag: False
Unit cell: (15.714, 10.32, 14.336, 90, 90, 90)
Space group: P 1 (No. 1)
Systematic absences: 0
Centric reflections: 0
Resolution range: 3.9285 2.50627
Completeness in resolution range: 1
Completeness with d_max=infinity: 0.744409

Number of F-obs in resolution range:                   233
Number of F-obs<0 (these reflections will be rejected): 0
Number of F-obs=0 (these reflections will be used in refinement): 0
Refinement resolution range: d_max =   3.9285
                             d_min =   2.5063

R-free flags:
  /scratch/m_zhen01/30994.lupus.uni-muenster.de/p26/02_mtz/250_GFA05-new.mtz:R-free-flags
Miller array info: /scratch/m_zhen01/30994.lupus.uni-muenster.de/p26/02_mtz/250_GFA05-new.mtz:R-free-flags
Observation type: None
Type of data: int, size=233
Type of sigmas: None
Number of Miller indices: 233
Anomalous flag: False
Unit cell: (15.714, 10.32, 14.336, 90, 90, 90)
Space group: P 1 (No. 1)
Systematic absences: 0
Centric reflections: 0
Resolution range: 3.9285 2.50627
Completeness in resolution range: 1
Completeness with d_max=infinity: 0.744409
Wavelength: 1.0000

Test (R-free flags) flag value: 1

Number of work/free reflections by resolution:
                                  work free  %free
  bin  1: 3.9285 - 3.6134 [19/19]   15    4  21.1%
  bin  2: 3.6134 - 3.3799 [24/24]   24    0   0.0%
  bin  3: 3.3799 - 3.1971 [30/30]   30    0   0.0%
  bin  4: 3.1971 - 3.0483 [21/21]   21    0   0.0%
  bin  5: 3.0483 - 2.9238 [16/16]   14    2  12.5%
  bin  6: 2.9238 - 2.8175 [35/35]   35    0   0.0%
  bin  7: 2.8175 - 2.7251 [16/16]   14    2  12.5%
  bin  8: 2.7251 - 2.6438 [14/14]   14    0   0.0%
  bin  9: 2.6438 - 2.5714 [24/24]   24    0   0.0%
  bin 10: 2.5714 - 2.5063 [34/34]   30    4  11.8%
                          overall  221   12   5.2%

                   ----------Processing PDB file(s)----------                  

  Monomer Library directory:
    "/tmp1/m_zhen01/phenix-installer-1.10.1-2155-intel-linux-2.6-x86_64-centos5/phenix-1.10.1-2155/modules/chem_data/mon_lib"
  Total number of atoms: 40
  Number of models: 1
  Model: ""
    Number of chains: 1
    Chain: "A"
      Number of atoms: 40
      Number of conformers: 1
      Conformer: ""
        Number of residues, atoms: 3, 40
          Classifications: {'peptide': 3}
          Modifications used: {'NH2NOTPRO': 1, 'COOH': 1}
          Link IDs: {'TRANS': 2}
  Time building chain proxies: 0.09, per 1000 atoms: 2.25
  Number of scatterers: 40
  At special positions: 0
  Unit cell: (15.714, 10.32, 14.336, 90, 90, 90)
  Space group: P 1 (No. 1)
  Number of sites at special positions: 0
  Number of scattering types: 4
    Type Number    sf(0)
     O       4      8.00
     N       3      7.00
     C      14      6.00
     H      19      1.00
    sf(0) = scattering factor at diffraction angle 0.

  Number of disulfides: simple=0, symmetry=0

  Automatic linking
    Parameters for automatic linking
      Linking & cutoffs
        Metal                : False - 3.50
        Amimo acid           : False - 1.90
        Carbohydrate         : True  - 1.99
        Ligands              : True  - 1.99
        Amino acid - RNA/DNA : False
      
  Number of custom bonds: simple=0, symmetry=0
  Time building additional restraints: 0.03
  Conformation dependent library (CDL) restraints added in 3.9 milliseconds
  
  Adding C-beta torsion restraints...
  Number of C-beta restraints generated:  4
  Time building geometry restraints manager: 0.04 seconds

  NOTE: a complete listing of the restraints can be obtained by requesting
        output of .geo file.

  Histogram of bond lengths:
        0.85 -     0.99: 16
        0.99 -     1.13: 3
        1.13 -     1.26: 3
        1.26 -     1.40: 6
        1.40 -     1.54: 12
  Bond restraints: 40
  Sorted by residual:
  bond pdb=" CB  PHE A   2 "
       pdb=" HB2 PHE A   2 "
    ideal  model  delta    sigma   weight residual
    0.970  1.023 -0.053 2.00e-02 2.50e+03 6.89e+00
  bond pdb=" C   ALA A   3 "
       pdb=" OXT ALA A   3 "
    ideal  model  delta    sigma   weight residual
    1.330  1.285  0.045 2.00e-02 2.50e+03 5.09e+00
  bond pdb=" CB  ALA A   3 "
       pdb=" HB3 ALA A   3 "
    ideal  model  delta    sigma   weight residual
    0.970  0.933  0.037 2.00e-02 2.50e+03 3.43e+00
  bond pdb=" CB  ALA A   3 "
       pdb=" HB1 ALA A   3 "
    ideal  model  delta    sigma   weight residual
    0.970  0.939  0.031 2.00e-02 2.50e+03 2.44e+00
  bond pdb=" CA  GLY A   1 "
       pdb=" HA2 GLY A   1 "
    ideal  model  delta    sigma   weight residual
    0.970  1.001 -0.031 2.00e-02 2.50e+03 2.39e+00
  ... (remaining 35 not shown)

  Histogram of bond angle deviations from ideal:
      101.37 -   106.30: 6
      106.30 -   111.23: 18
      111.23 -   116.15: 10
      116.15 -   121.08: 22
      121.08 -   126.01: 10
  Bond angle restraints: 66
  Sorted by residual:
  angle pdb=" CA  GLY A   1 "
        pdb=" N   GLY A   1 "
        pdb=" H1  GLY A   1 "
      ideal   model   delta    sigma   weight residual
     109.47  101.37    8.10 3.00e+00 1.11e-01 7.29e+00
  angle pdb=" HB2 PHE A   2 "
        pdb=" CB  PHE A   2 "
        pdb=" CG  PHE A   2 "
      ideal   model   delta    sigma   weight residual
     108.00  101.92    6.08 3.00e+00 1.11e-01 4.11e+00
  angle pdb=" HA  ALA A   3 "
        pdb=" CA  ALA A   3 "
        pdb=" N   ALA A   3 "
      ideal   model   delta    sigma   weight residual
     110.00  105.66    4.34 3.00e+00 1.11e-01 2.10e+00
  angle pdb=" HA2 GLY A   1 "
        pdb=" CA  GLY A   1 "
        pdb=" N   GLY A   1 "
      ideal   model   delta    sigma   weight residual
     110.00  105.70    4.30 3.00e+00 1.11e-01 2.05e+00
  angle pdb=" HB1 PHE A   2 "
        pdb=" CB  PHE A   2 "
        pdb=" CA  PHE A   2 "
      ideal   model   delta    sigma   weight residual
     109.00  113.14   -4.14 3.00e+00 1.11e-01 1.91e+00
  ... (remaining 61 not shown)

  Histogram of dihedral angle deviations from ideal:
        0.20 -     2.09: 8
        2.09 -     3.98: 2
        3.98 -     5.88: 5
        5.88 -     7.77: 0
        7.77 -     9.67: 1
  Dihedral angle restraints: 16
    sinusoidal: 4
      harmonic: 12
  Sorted by residual:
  dihedral pdb=" CA  PHE A   2 "
           pdb=" C   PHE A   2 "
           pdb=" N   ALA A   3 "
           pdb=" CA  ALA A   3 "
      ideal   model   delta  harmonic     sigma   weight residual
    -180.00 -174.25   -5.75     0      5.00e+00 4.00e-02 1.32e+00
  dihedral pdb=" CG  PHE A   2 "
           pdb=" CB  PHE A   2 "
           pdb=" CA  PHE A   2 "
           pdb=" N   PHE A   2 "
      ideal   model   delta sinusoidal    sigma   weight residual
     180.00 -170.33   -9.67     3      1.50e+01 4.44e-03 5.94e-01
  dihedral pdb=" CA  GLY A   1 "
           pdb=" C   GLY A   1 "
           pdb=" N   PHE A   2 "
           pdb=" CA  PHE A   2 "
      ideal   model   delta  harmonic     sigma   weight residual
     180.00  176.59    3.41     0      5.00e+00 4.00e-02 4.64e-01
  ... (remaining 13 not shown)

  Histogram of chiral volume deviations from ideal:
       0.065 -    0.067: 1
       0.067 -    0.069: 0
       0.069 -    0.070: 0
       0.070 -    0.072: 0
       0.072 -    0.074: 1
  Chirality restraints: 2
  Sorted by residual:
  chirality pdb=" CA  PHE A   2 "
            pdb=" CB  PHE A   2 "
            pdb=" C   PHE A   2 "
            pdb=" N   PHE A   2 "
    both_signs  ideal   model   delta    sigma   weight residual
      False     -2.51   -2.58    0.07 2.00e-01 2.50e+01 1.37e-01
  chirality pdb=" CA  ALA A   3 "
            pdb=" C   ALA A   3 "
            pdb=" CB  ALA A   3 "
            pdb=" N   ALA A   3 "
    both_signs  ideal   model   delta    sigma   weight residual
      False      2.48    2.42    0.06 2.00e-01 2.50e+01 1.06e-01

  Planarity restraints: 6
  Sorted by residual:
                                 delta    sigma   weight rms_deltas residual
  plane pdb=" C   PHE A   2 "   -0.010 2.00e-02 2.50e+03   1.89e-02 3.58e+00
        pdb=" CA  ALA A   3 "   -0.008 2.00e-02 2.50e+03
        pdb=" N   ALA A   3 "    0.033 2.00e-02 2.50e+03
        pdb=" H   ALA A   3 "   -0.014 2.00e-02 2.50e+03
                                 delta    sigma   weight rms_deltas residual
  plane pdb=" O   ALA A   3 "   -0.007 2.00e-02 2.50e+03   1.34e-02 2.23e+00
        pdb=" C   ALA A   3 "    0.005 2.00e-02 2.50e+03
        pdb=" OXT ALA A   3 "   -0.022 2.00e-02 2.50e+03
        pdb=" HXT ALA A   3 "    0.017 2.00e-02 2.50e+03
        pdb=" CA  ALA A   3 "    0.007 2.00e-02 2.50e+03
                                 delta    sigma   weight rms_deltas residual
  plane pdb=" CB  PHE A   2 "    0.001 2.00e-02 2.50e+03   8.37e-03 2.10e+00
        pdb=" CG  PHE A   2 "   -0.004 2.00e-02 2.50e+03
        pdb=" CD1 PHE A   2 "   -0.001 2.00e-02 2.50e+03
        pdb=" HD1 PHE A   2 "    0.002 2.00e-02 2.50e+03
        pdb=" CE1 PHE A   2 "    0.014 2.00e-02 2.50e+03
        pdb=" HE1 PHE A   2 "   -0.012 2.00e-02 2.50e+03
        pdb=" CZ  PHE A   2 "    0.015 2.00e-02 2.50e+03
        pdb=" HZ  PHE A   2 "   -0.006 2.00e-02 2.50e+03
        pdb=" CE2 PHE A   2 "   -0.002 2.00e-02 2.50e+03
        pdb=" HE2 PHE A   2 "   -0.001 2.00e-02 2.50e+03
        pdb=" CD2 PHE A   2 "   -0.013 2.00e-02 2.50e+03
        pdb=" HD2 PHE A   2 "    0.007 2.00e-02 2.50e+03
  ... (remaining 3 not shown)

  Histogram of nonbonded interaction distances:
        1.93 -     2.53: 25
        2.53 -     3.12: 62
        3.12 -     3.71: 65
        3.71 -     4.31: 70
        4.31 -     4.90: 95
  Nonbonded interactions: 317
  Sorted by model distance:
  nonbonded pdb=" HA1 GLY A   1 "
            pdb=" H2  GLY A   1 "
     model   vdw
     1.934 1.816
  nonbonded pdb=" H1  GLY A   1 "
            pdb=" H   PHE A   2 "
     model   vdw
     2.060 2.100
  nonbonded pdb=" O   PHE A   2 "
            pdb=" H   PHE A   2 "
     model   vdw
     2.208 1.970
  nonbonded pdb=" HB1 ALA A   3 "
            pdb=" HA  ALA A   3 "
     model   vdw
     2.215 1.952
  nonbonded pdb=" HB2 PHE A   2 "
            pdb=" HD1 PHE A   2 "
     model   vdw
     2.272 2.270
  ... (remaining 312 not shown)

  NOTE: a complete listing of the restraints can be obtained by requesting
        output of .geo file.

                   ----------xray_structure summary----------                  

Number of scattering types: 4
  Type Number    sf(0)   Gaussians
   O       4      7.97       2
   N       3      6.97       2
   C      14      5.97       2
   H      19      1.00       2
  sf(0) = scattering factor at diffraction angle 0.
Number of scatterers: 40
At special positions: 0
Unit cell: (15.714, 10.32, 14.336, 90, 90, 90)
Space group: P 1 (No. 1)

End of input processing
r_work=0.2326 r_free=0.1967
params.data_weight: 0.0
params.restraints: qm
rmsd(b), start:  0.0879
mc:   0 R: 0.2238 rmsd(b):  0.0270 restraint_scale:  1.0 min_steps: 52
mc:   1 R: 0.2219 rmsd(b):  0.0270 restraint_scale:  1.0 min_steps: 25
mc:   2 R: 0.2219 rmsd(b):  0.0269 restraint_scale:  1.0 min_steps: 6
Convergence reached, stop now.
see the result structure:  ./p26/04_results/opt_qm/250_GFA05-new/0.3/0.pdb
Time: 106.2711
