phenix.python
you are importing  adaptive calculator, and it does nothing. Please give it energy, force....... 

============================== Collecting inputs ==============================


                   ----------Processing X-ray data----------                   

F-obs:
  /scratch/m_zhen01/30994.lupus.uni-muenster.de/p26/02_mtz/239_GFA02-new.mtz:F-obs
Miller array info: None
Observation type: xray.amplitude
Type of data: double, size=236
Type of sigmas: None
Number of Miller indices: 236
Anomalous flag: False
Unit cell: (13.94, 13.832, 11.842, 90, 90, 90)
Space group: P 1 (No. 1)
Systematic absences: 0
Centric reflections: 0
Resolution range: 3.94733 2.50633
Completeness in resolution range: 1
Completeness with d_max=infinity: 0.75641

Number of F-obs in resolution range:                   236
Number of F-obs<0 (these reflections will be rejected): 0
Number of F-obs=0 (these reflections will be used in refinement): 0
Refinement resolution range: d_max =   3.9473
                             d_min =   2.5063

R-free flags:
  /scratch/m_zhen01/30994.lupus.uni-muenster.de/p26/02_mtz/239_GFA02-new.mtz:R-free-flags
Miller array info: /scratch/m_zhen01/30994.lupus.uni-muenster.de/p26/02_mtz/239_GFA02-new.mtz:R-free-flags
Observation type: None
Type of data: int, size=236
Type of sigmas: None
Number of Miller indices: 236
Anomalous flag: False
Unit cell: (13.94, 13.832, 11.842, 90, 90, 90)
Space group: P 1 (No. 1)
Systematic absences: 0
Centric reflections: 0
Resolution range: 3.94733 2.50633
Completeness in resolution range: 1
Completeness with d_max=infinity: 0.75641
Wavelength: 1.0000

Test (R-free flags) flag value: 1

Number of work/free reflections by resolution:
                                  work free  %free
  bin  1: 3.9473 - 3.6255 [29/29]   25    4  13.8%
  bin  2: 3.6255 - 3.3882 [14/14]   14    0   0.0%
  bin  3: 3.3882 - 3.2029 [34/34]   26    8  23.5%
  bin  4: 3.2029 - 3.0524 [12/12]   12    0   0.0%
  bin  5: 3.0524 - 2.9268 [29/29]   29    0   0.0%
  bin  6: 2.9268 - 2.8195 [16/16]   12    4  25.0%
  bin  7: 2.8195 - 2.7265 [24/24]   24    0   0.0%
  bin  8: 2.7265 - 2.6446 [34/34]   34    0   0.0%
  bin  9: 2.6446 - 2.5718 [ 6/6 ]    6    0   0.0%
  bin 10: 2.5718 - 2.5063 [38/38]   38    0   0.0%
                          overall  220   16   6.8%

                   ----------Processing PDB file(s)----------                  

  Monomer Library directory:
    "/tmp1/m_zhen01/phenix-installer-1.10.1-2155-intel-linux-2.6-x86_64-centos5/phenix-1.10.1-2155/modules/chem_data/mon_lib"
  Total number of atoms: 40
  Number of models: 1
  Model: ""
    Number of chains: 1
    Chain: "A"
      Number of atoms: 40
      Number of conformers: 1
      Conformer: ""
        Number of residues, atoms: 3, 40
          Classifications: {'peptide': 3}
          Modifications used: {'NH2NOTPRO': 1, 'COOH': 1}
          Link IDs: {'TRANS': 2}
  Time building chain proxies: 0.09, per 1000 atoms: 2.25
  Number of scatterers: 40
  At special positions: 0
  Unit cell: (13.94, 13.832, 11.842, 90, 90, 90)
  Space group: P 1 (No. 1)
  Number of sites at special positions: 0
  Number of scattering types: 4
    Type Number    sf(0)
     O       4      8.00
     N       3      7.00
     C      14      6.00
     H      19      1.00
    sf(0) = scattering factor at diffraction angle 0.

  Number of disulfides: simple=0, symmetry=0

  Automatic linking
    Parameters for automatic linking
      Linking & cutoffs
        Metal                : False - 3.50
        Amimo acid           : False - 1.90
        Carbohydrate         : True  - 1.99
        Ligands              : True  - 1.99
        Amino acid - RNA/DNA : False
      
  Number of custom bonds: simple=0, symmetry=0
  Time building additional restraints: 0.03
  Conformation dependent library (CDL) restraints added in 3.8 milliseconds
  
  Adding C-beta torsion restraints...
  Number of C-beta restraints generated:  4
  Time building geometry restraints manager: 0.04 seconds

  NOTE: a complete listing of the restraints can be obtained by requesting
        output of .geo file.

  Histogram of bond lengths:
        0.79 -     0.95: 7
        0.95 -     1.10: 12
        1.10 -     1.25: 3
        1.25 -     1.41: 8
        1.41 -     1.56: 10
  Bond restraints: 40
  Sorted by residual:
  bond pdb=" N   PHE A   2 "
       pdb=" H   PHE A   2 "
    ideal  model  delta    sigma   weight residual
    0.860  0.793  0.067 2.00e-02 2.50e+03 1.12e+01
  bond pdb=" CB  PHE A   2 "
       pdb=" HB1 PHE A   2 "
    ideal  model  delta    sigma   weight residual
    0.970  1.016 -0.046 2.00e-02 2.50e+03 5.29e+00
  bond pdb=" CE1 PHE A   2 "
       pdb=" HE1 PHE A   2 "
    ideal  model  delta    sigma   weight residual
    0.930  0.975 -0.045 2.00e-02 2.50e+03 5.12e+00
  bond pdb=" CB  PHE A   2 "
       pdb=" HB2 PHE A   2 "
    ideal  model  delta    sigma   weight residual
    0.970  1.009 -0.039 2.00e-02 2.50e+03 3.84e+00
  bond pdb=" CB  PHE A   2 "
       pdb=" CA  PHE A   2 "
    ideal  model  delta    sigma   weight residual
    1.529  1.560 -0.031 1.78e-02 3.16e+03 3.03e+00
  ... (remaining 35 not shown)

  Histogram of bond angle deviations from ideal:
      103.05 -   107.15: 6
      107.15 -   111.24: 18
      111.24 -   115.33: 8
      115.33 -   119.42: 14
      119.42 -   123.52: 20
  Bond angle restraints: 66
  Sorted by residual:
  angle pdb=" C   PHE A   2 "
        pdb=" CA  PHE A   2 "
        pdb=" N   PHE A   2 "
      ideal   model   delta    sigma   weight residual
     113.01  115.93   -2.92 1.20e+00 6.94e-01 5.93e+00
  angle pdb=" CB  PHE A   2 "
        pdb=" CA  PHE A   2 "
        pdb=" HA  PHE A   2 "
      ideal   model   delta    sigma   weight residual
     109.00  103.05    5.95 3.00e+00 1.11e-01 3.93e+00
  angle pdb=" HA  ALA A   3 "
        pdb=" CA  ALA A   3 "
        pdb=" N   ALA A   3 "
      ideal   model   delta    sigma   weight residual
     110.00  104.46    5.54 3.00e+00 1.11e-01 3.41e+00
  angle pdb=" C   GLY A   1 "
        pdb=" CA  GLY A   1 "
        pdb=" HA2 GLY A   1 "
      ideal   model   delta    sigma   weight residual
     109.00  114.08   -5.08 3.00e+00 1.11e-01 2.87e+00
  angle pdb=" HA1 GLY A   1 "
        pdb=" CA  GLY A   1 "
        pdb=" N   GLY A   1 "
      ideal   model   delta    sigma   weight residual
     110.00  105.63    4.37 3.00e+00 1.11e-01 2.12e+00
  ... (remaining 61 not shown)

  Histogram of dihedral angle deviations from ideal:
        0.48 -     2.56: 11
        2.56 -     4.63: 4
        4.63 -     6.71: 0
        6.71 -     8.78: 0
        8.78 -    10.85: 1
  Dihedral angle restraints: 16
    sinusoidal: 4
      harmonic: 12
  Sorted by residual:
  dihedral pdb=" C   ALA A   3 "
           pdb=" N   ALA A   3 "
           pdb=" CA  ALA A   3 "
           pdb=" CB  ALA A   3 "
      ideal   model   delta  harmonic     sigma   weight residual
    -122.60 -126.11    3.51     0      2.50e+00 1.60e-01 1.97e+00
  dihedral pdb=" N   ALA A   3 "
           pdb=" C   ALA A   3 "
           pdb=" CA  ALA A   3 "
           pdb=" CB  ALA A   3 "
      ideal   model   delta  harmonic     sigma   weight residual
     122.90  126.01   -3.11     0      2.50e+00 1.60e-01 1.54e+00
  dihedral pdb=" C   PHE A   2 "
           pdb=" N   PHE A   2 "
           pdb=" CA  PHE A   2 "
           pdb=" CB  PHE A   2 "
      ideal   model   delta  harmonic     sigma   weight residual
    -122.60 -125.12    2.52     0      2.50e+00 1.60e-01 1.01e+00
  ... (remaining 13 not shown)

  Histogram of chiral volume deviations from ideal:
       0.069 -    0.070: 1
       0.070 -    0.071: 0
       0.071 -    0.071: 0
       0.071 -    0.072: 0
       0.072 -    0.073: 1
  Chirality restraints: 2
  Sorted by residual:
  chirality pdb=" CA  ALA A   3 "
            pdb=" C   ALA A   3 "
            pdb=" CB  ALA A   3 "
            pdb=" N   ALA A   3 "
    both_signs  ideal   model   delta    sigma   weight residual
      False      2.48    2.41    0.07 2.00e-01 2.50e+01 1.33e-01
  chirality pdb=" CA  PHE A   2 "
            pdb=" CB  PHE A   2 "
            pdb=" C   PHE A   2 "
            pdb=" N   PHE A   2 "
    both_signs  ideal   model   delta    sigma   weight residual
      False     -2.51   -2.44   -0.07 2.00e-01 2.50e+01 1.19e-01

  Planarity restraints: 6
  Sorted by residual:
                                 delta    sigma   weight rms_deltas residual
  plane pdb=" CB  PHE A   2 "   -0.018 2.00e-02 2.50e+03   1.09e-02 3.59e+00
        pdb=" CG  PHE A   2 "    0.017 2.00e-02 2.50e+03
        pdb=" CD1 PHE A   2 "    0.001 2.00e-02 2.50e+03
        pdb=" HD1 PHE A   2 "    0.006 2.00e-02 2.50e+03
        pdb=" CE1 PHE A   2 "   -0.014 2.00e-02 2.50e+03
        pdb=" HE1 PHE A   2 "    0.011 2.00e-02 2.50e+03
        pdb=" CZ  PHE A   2 "   -0.012 2.00e-02 2.50e+03
        pdb=" HZ  PHE A   2 "    0.002 2.00e-02 2.50e+03
        pdb=" CE2 PHE A   2 "   -0.001 2.00e-02 2.50e+03
        pdb=" HE2 PHE A   2 "    0.000 2.00e-02 2.50e+03
        pdb=" CD2 PHE A   2 "   -0.008 2.00e-02 2.50e+03
        pdb=" HD2 PHE A   2 "    0.016 2.00e-02 2.50e+03
                                 delta    sigma   weight rms_deltas residual
  plane pdb=" C   PHE A   2 "    0.005 2.00e-02 2.50e+03   9.67e-03 9.36e-01
        pdb=" CA  ALA A   3 "    0.004 2.00e-02 2.50e+03
        pdb=" N   ALA A   3 "   -0.017 2.00e-02 2.50e+03
        pdb=" H   ALA A   3 "    0.007 2.00e-02 2.50e+03
                                 delta    sigma   weight rms_deltas residual
  plane pdb=" C   PHE A   2 "   -0.013 2.00e-02 2.50e+03   7.47e-03 5.58e-01
        pdb=" O   PHE A   2 "    0.005 2.00e-02 2.50e+03
        pdb=" CA  PHE A   2 "    0.004 2.00e-02 2.50e+03
        pdb=" N   ALA A   3 "    0.004 2.00e-02 2.50e+03
  ... (remaining 3 not shown)

  Histogram of nonbonded interaction distances:
        2.14 -     2.69: 38
        2.69 -     3.24: 58
        3.24 -     3.79: 66
        3.79 -     4.34: 72
        4.34 -     4.90: 79
  Nonbonded interactions: 313
  Sorted by model distance:
  nonbonded pdb=" HA2 GLY A   1 "
            pdb=" H1  GLY A   1 "
     model   vdw
     2.136 1.816
  nonbonded pdb=" HD2 PHE A   2 "
            pdb=" H   PHE A   2 "
     model   vdw
     2.192 2.100
  nonbonded pdb=" O   ALA A   3 "
            pdb=" HXT ALA A   3 "
     model   vdw
     2.250 2.056
  nonbonded pdb=" HB1 ALA A   3 "
            pdb=" HA  ALA A   3 "
     model   vdw
     2.266 1.952
  nonbonded pdb=" HE2 PHE A   2 "
            pdb=" HD2 PHE A   2 "
     model   vdw
     2.292 1.680
  ... (remaining 308 not shown)

  NOTE: a complete listing of the restraints can be obtained by requesting
        output of .geo file.

                   ----------xray_structure summary----------                  

Number of scattering types: 4
  Type Number    sf(0)   Gaussians
   O       4      7.97       2
   N       3      6.97       2
   C      14      5.97       2
   H      19      1.00       2
  sf(0) = scattering factor at diffraction angle 0.
Number of scatterers: 40
At special positions: 0
Unit cell: (13.94, 13.832, 11.842, 90, 90, 90)
Space group: P 1 (No. 1)

End of input processing
r_work=0.2287 r_free=0.2764
params.data_weight: 0.0
params.restraints: qm
rmsd(b), start:  0.0876
mc:   0 R: 0.2859 rmsd(b):  0.0274 restraint_scale:  1.0 min_steps: 52
mc:   1 R: 0.3105 rmsd(b):  0.0272 restraint_scale:  1.0 min_steps: 52
mc:   2 R: 0.2788 rmsd(b):  0.0272 restraint_scale:  1.0 min_steps: 52
mc:   3 R: 0.2794 rmsd(b):  0.0269 restraint_scale:  1.0 min_steps: 17
Convergence reached, stop now.
see the result structure:  ./p26/04_results/opt_qm/239_GFA02-new/0.3/1.pdb
Time: 169.3398
