phenix.python
you are importing  adaptive calculator, and it does nothing. Please give it energy, force....... 

============================== Collecting inputs ==============================


                   ----------Processing X-ray data----------                   

F-obs:
  /scratch/m_zhen01/31011.lupus.uni-muenster.de/p26/02_mtz/254_FGG300-new.mtz:F-obs
Miller array info: None
Observation type: xray.amplitude
Type of data: double, size=210
Type of sigmas: None
Number of Miller indices: 210
Anomalous flag: False
Unit cell: (16.768, 12.41, 9.912, 90, 90, 90)
Space group: P 1 (No. 1)
Systematic absences: 0
Centric reflections: 0
Resolution range: 3.97154 2.50919
Completeness in resolution range: 1
Completeness with d_max=infinity: 0.758123

Number of F-obs in resolution range:                   210
Number of F-obs<0 (these reflections will be rejected): 0
Number of F-obs=0 (these reflections will be used in refinement): 0
Refinement resolution range: d_max =   3.9715
                             d_min =   2.5092

R-free flags:
  /scratch/m_zhen01/31011.lupus.uni-muenster.de/p26/02_mtz/254_FGG300-new.mtz:R-free-flags
Miller array info: /scratch/m_zhen01/31011.lupus.uni-muenster.de/p26/02_mtz/254_FGG300-new.mtz:R-free-flags
Observation type: None
Type of data: int, size=210
Type of sigmas: None
Number of Miller indices: 210
Anomalous flag: False
Unit cell: (16.768, 12.41, 9.912, 90, 90, 90)
Space group: P 1 (No. 1)
Systematic absences: 0
Centric reflections: 0
Resolution range: 3.97154 2.50919
Completeness in resolution range: 1
Completeness with d_max=infinity: 0.758123
Wavelength: 1.0000

Test (R-free flags) flag value: 1

Number of work/free reflections by resolution:
                                  work free  %free
  bin  1: 3.9715 - 3.6422 [28/28]   24    4  14.3%
  bin  2: 3.6422 - 3.4005 [14/14]   14    0   0.0%
  bin  3: 3.4005 - 3.2124 [12/12]   12    0   0.0%
  bin  4: 3.2124 - 3.0601 [35/35]   31    4  11.4%
  bin  5: 3.0601 - 2.9331 [16/16]   16    0   0.0%
  bin  6: 2.9331 - 2.8248 [22/22]   18    4  18.2%
  bin  7: 2.8248 - 2.7309 [23/23]   23    0   0.0%
  bin  8: 2.7309 - 2.6484 [10/10]   10    0   0.0%
  bin  9: 2.6484 - 2.5750 [24/24]   20    4  16.7%
  bin 10: 2.5750 - 2.5092 [26/26]   26    0   0.0%
                          overall  194   16   7.6%

                   ----------Processing PDB file(s)----------                  

  Monomer Library directory:
    "/tmp1/m_zhen01/phenix-installer-1.10.1-2155-intel-linux-2.6-x86_64-centos5/phenix-1.10.1-2155/modules/chem_data/mon_lib"
  Total number of atoms: 37
  Number of models: 1
  Model: ""
    Number of chains: 1
    Chain: "A"
      Number of atoms: 37
      Number of conformers: 1
      Conformer: ""
        Number of residues, atoms: 3, 37
          Classifications: {'peptide': 3}
          Modifications used: {'NH2NOTPRO': 1, 'COOH': 1}
          Link IDs: {'TRANS': 2}
  Time building chain proxies: 0.07, per 1000 atoms: 1.89
  Number of scatterers: 37
  At special positions: 0
  Unit cell: (16.768, 12.41, 9.912, 90, 90, 90)
  Space group: P 1 (No. 1)
  Number of sites at special positions: 0
  Number of scattering types: 4
    Type Number    sf(0)
     O       4      8.00
     N       3      7.00
     C      13      6.00
     H      17      1.00
    sf(0) = scattering factor at diffraction angle 0.

  Number of disulfides: simple=0, symmetry=0

  Automatic linking
    Parameters for automatic linking
      Linking & cutoffs
        Metal                : False - 3.50
        Amimo acid           : False - 1.90
        Carbohydrate         : True  - 1.99
        Ligands              : True  - 1.99
        Amino acid - RNA/DNA : False
      
  Number of custom bonds: simple=0, symmetry=0
  Time building additional restraints: 0.02
  Conformation dependent library (CDL) restraints added in 2.8 milliseconds
  
  Adding C-beta torsion restraints...
  Number of C-beta restraints generated:  2
  Time building geometry restraints manager: 0.03 seconds

  NOTE: a complete listing of the restraints can be obtained by requesting
        output of .geo file.

  Histogram of bond lengths:
        0.87 -     1.01: 17
        1.01 -     1.14: 0
        1.14 -     1.27: 3
        1.27 -     1.41: 9
        1.41 -     1.54: 8
  Bond restraints: 37
  Sorted by residual:
  bond pdb=" CA  GLY A   3 "
       pdb=" N   GLY A   3 "
    ideal  model  delta    sigma   weight residual
    1.451  1.504 -0.053 1.60e-02 3.91e+03 1.11e+01
  bond pdb=" CA  GLY A   2 "
       pdb=" N   GLY A   2 "
    ideal  model  delta    sigma   weight residual
    1.449  1.495 -0.046 1.45e-02 4.76e+03 1.01e+01
  bond pdb=" CA  GLY A   3 "
       pdb=" HA2 GLY A   3 "
    ideal  model  delta    sigma   weight residual
    0.970  0.933  0.037 2.00e-02 2.50e+03 3.38e+00
  bond pdb=" CD2 PHE A   1 "
       pdb=" CE2 PHE A   1 "
    ideal  model  delta    sigma   weight residual
    1.382  1.328  0.054 3.00e-02 1.11e+03 3.25e+00
  bond pdb=" C   GLY A   3 "
       pdb=" OXT GLY A   3 "
    ideal  model  delta    sigma   weight residual
    1.330  1.295  0.035 2.00e-02 2.50e+03 3.07e+00
  ... (remaining 32 not shown)

  Histogram of bond angle deviations from ideal:
      102.40 -   107.54: 9
      107.54 -   112.67: 13
      112.67 -   117.80: 9
      117.80 -   122.93: 26
      122.93 -   128.06: 3
  Bond angle restraints: 60
  Sorted by residual:
  angle pdb=" C   GLY A   3 "
        pdb=" CA  GLY A   3 "
        pdb=" HA2 GLY A   3 "
      ideal   model   delta    sigma   weight residual
     109.00  102.40    6.60 3.00e+00 1.11e-01 4.83e+00
  angle pdb=" CA  PHE A   1 "
        pdb=" N   PHE A   1 "
        pdb=" H1  PHE A   1 "
      ideal   model   delta    sigma   weight residual
     109.47  114.14   -4.67 3.00e+00 1.11e-01 2.42e+00
  angle pdb=" C   PHE A   1 "
        pdb=" N   GLY A   2 "
        pdb=" CA  GLY A   2 "
      ideal   model   delta    sigma   weight residual
     121.41  118.43    2.98 1.96e+00 2.60e-01 2.31e+00
  angle pdb=" C   PHE A   1 "
        pdb=" CA  PHE A   1 "
        pdb=" N   PHE A   1 "
      ideal   model   delta    sigma   weight residual
     111.00  115.19   -4.19 2.80e+00 1.28e-01 2.23e+00
  angle pdb=" HA2 GLY A   3 "
        pdb=" CA  GLY A   3 "
        pdb=" N   GLY A   3 "
      ideal   model   delta    sigma   weight residual
     110.00  114.40   -4.40 3.00e+00 1.11e-01 2.15e+00
  ... (remaining 55 not shown)

  Histogram of dihedral angle deviations from ideal:
        0.48 -     4.36: 9
        4.36 -     8.25: 2
        8.25 -    12.14: 0
       12.14 -    16.03: 0
       16.03 -    19.91: 2
  Dihedral angle restraints: 13
    sinusoidal: 3
      harmonic: 10
  Sorted by residual:
  dihedral pdb=" CA  GLY A   2 "
           pdb=" C   GLY A   2 "
           pdb=" N   GLY A   3 "
           pdb=" CA  GLY A   3 "
      ideal   model   delta  harmonic     sigma   weight residual
     180.00  171.86    8.14     0      5.00e+00 4.00e-02 2.65e+00
  dihedral pdb=" N   PHE A   1 "
           pdb=" CA  PHE A   1 "
           pdb=" CB  PHE A   1 "
           pdb=" CG  PHE A   1 "
      ideal   model   delta sinusoidal    sigma   weight residual
     -60.00  -40.09  -19.91     3      1.50e+01 4.44e-03 2.35e+00
  dihedral pdb=" CA  PHE A   1 "
           pdb=" C   PHE A   1 "
           pdb=" N   GLY A   2 "
           pdb=" CA  GLY A   2 "
      ideal   model   delta  harmonic     sigma   weight residual
     180.00 -175.62   -4.38     0      5.00e+00 4.00e-02 7.66e-01
  ... (remaining 10 not shown)

  Histogram of chiral volume deviations from ideal:
       0.084 -    0.084: 1
       0.084 -    0.084: 0
       0.084 -    0.084: 0
       0.084 -    0.084: 0
       0.084 -    0.084: 0
  Chirality restraints: 1
  Sorted by residual:
  chirality pdb=" CA  PHE A   1 "
            pdb=" C   PHE A   1 "
            pdb=" N   PHE A   1 "
            pdb=" CB  PHE A   1 "
    both_signs  ideal   model   delta    sigma   weight residual
      False     -2.51   -2.43   -0.08 2.00e-01 2.50e+01 1.75e-01

  Planarity restraints: 6
  Sorted by residual:
                                 delta    sigma   weight rms_deltas residual
  plane pdb=" C   GLY A   2 "   -0.010 2.00e-02 2.50e+03   1.86e-02 3.47e+00
        pdb=" CA  GLY A   3 "   -0.008 2.00e-02 2.50e+03
        pdb=" N   GLY A   3 "    0.032 2.00e-02 2.50e+03
        pdb=" H   GLY A   3 "   -0.014 2.00e-02 2.50e+03
                                 delta    sigma   weight rms_deltas residual
  plane pdb=" CB  PHE A   1 "    0.011 2.00e-02 2.50e+03   8.92e-03 2.39e+00
        pdb=" CG  PHE A   1 "    0.002 2.00e-02 2.50e+03
        pdb=" CD2 PHE A   1 "    0.009 2.00e-02 2.50e+03
        pdb=" HD2 PHE A   1 "   -0.014 2.00e-02 2.50e+03
        pdb=" CE2 PHE A   1 "    0.001 2.00e-02 2.50e+03
        pdb=" HE2 PHE A   1 "   -0.006 2.00e-02 2.50e+03
        pdb=" CZ  PHE A   1 "   -0.001 2.00e-02 2.50e+03
        pdb=" HZ  PHE A   1 "    0.005 2.00e-02 2.50e+03
        pdb=" CE1 PHE A   1 "    0.007 2.00e-02 2.50e+03
        pdb=" HE1 PHE A   1 "   -0.003 2.00e-02 2.50e+03
        pdb=" CD1 PHE A   1 "    0.008 2.00e-02 2.50e+03
        pdb=" HD1 PHE A   1 "   -0.020 2.00e-02 2.50e+03
                                 delta    sigma   weight rms_deltas residual
  plane pdb=" O   GLY A   3 "    0.003 2.00e-02 2.50e+03   6.23e-03 4.85e-01
        pdb=" C   GLY A   3 "   -0.012 2.00e-02 2.50e+03
        pdb=" OXT GLY A   3 "   -0.001 2.00e-02 2.50e+03
        pdb=" HXT GLY A   3 "    0.004 2.00e-02 2.50e+03
        pdb=" CA  GLY A   3 "    0.005 2.00e-02 2.50e+03
  ... (remaining 3 not shown)

  Histogram of nonbonded interaction distances:
        1.89 -     2.49: 14
        2.49 -     3.08: 61
        3.08 -     3.68: 51
        3.68 -     4.28: 57
        4.28 -     4.88: 75
  Nonbonded interactions: 258
  Sorted by model distance:
  nonbonded pdb=" O   PHE A   1 "
            pdb=" H   GLY A   3 "
     model   vdw
     1.886 1.970
  nonbonded pdb=" H1  PHE A   1 "
            pdb=" HA  PHE A   1 "
     model   vdw
     2.189 1.816
  nonbonded pdb=" O   GLY A   3 "
            pdb=" HXT GLY A   3 "
     model   vdw
     2.192 2.056
  nonbonded pdb=" HA1 GLY A   2 "
            pdb=" H   GLY A   2 "
     model   vdw
     2.213 1.816
  nonbonded pdb=" HD2 PHE A   1 "
            pdb=" HE2 PHE A   1 "
     model   vdw
     2.245 1.680
  ... (remaining 253 not shown)

  NOTE: a complete listing of the restraints can be obtained by requesting
        output of .geo file.

                   ----------xray_structure summary----------                  

Number of scattering types: 4
  Type Number    sf(0)   Gaussians
   O       4      7.97       2
   N       3      6.97       2
   C      13      5.97       2
   H      17      1.00       2
  sf(0) = scattering factor at diffraction angle 0.
Number of scatterers: 37
At special positions: 0
Unit cell: (16.768, 12.41, 9.912, 90, 90, 90)
Space group: P 1 (No. 1)

End of input processing
r_work=0.2178 r_free=0.1457
params.data_weight: None
params.restraints: qm
rmsd(b), start:  0.0830
mc:   0 R: 0.0261 rmsd(b):  0.0333 restraint_scale:  2.0 min_steps: 33
mc:   1 R: 0.0087 rmsd(b):  0.0345 restraint_scale:  4.0 min_steps: 20
mc:   2 R: 0.0064 rmsd(b):  0.0356 restraint_scale:  8.0 min_steps: 8
mc:   3 R: 0.0056 rmsd(b):  0.0354 restraint_scale: 16.0 min_steps: 9
Convergence reached, stop now.
see the result structure:  ./p26/04_results/refine_qm/254_FGG300-new/0.3/1.pdb
Time: 132.6706
