phenix.python
you are importing  adaptive calculator, and it does nothing. Please give it energy, force....... 

============================== Collecting inputs ==============================


                   ----------Processing X-ray data----------                   

F-obs:
  /scratch/m_zhen01/30994.lupus.uni-muenster.de/p26/02_mtz/202_WG08-new.mtz:F-obs
Miller array info: None
Observation type: xray.amplitude
Type of data: double, size=188
Type of sigmas: None
Number of Miller indices: 188
Anomalous flag: False
Unit cell: (13.881, 10.697, 12.924, 90, 90, 90)
Space group: P 1 (No. 1)
Systematic absences: 0
Centric reflections: 0
Resolution range: 3.9961 2.51249
Completeness in resolution range: 1
Completeness with d_max=infinity: 0.740157

Number of F-obs in resolution range:                   188
Number of F-obs<0 (these reflections will be rejected): 0
Number of F-obs=0 (these reflections will be used in refinement): 0
Refinement resolution range: d_max =   3.9961
                             d_min =   2.5125

R-free flags:
  /scratch/m_zhen01/30994.lupus.uni-muenster.de/p26/02_mtz/202_WG08-new.mtz:R-free-flags
Miller array info: /scratch/m_zhen01/30994.lupus.uni-muenster.de/p26/02_mtz/202_WG08-new.mtz:R-free-flags
Observation type: None
Type of data: int, size=188
Type of sigmas: None
Number of Miller indices: 188
Anomalous flag: False
Unit cell: (13.881, 10.697, 12.924, 90, 90, 90)
Space group: P 1 (No. 1)
Systematic absences: 0
Centric reflections: 0
Resolution range: 3.9961 2.51249
Completeness in resolution range: 1
Completeness with d_max=infinity: 0.740157
Wavelength: 1.0000

Test (R-free flags) flag value: 1

Number of work/free reflections by resolution:
                                  work free  %free
  bin  1: 3.9961 - 3.6593 [14/14]   14    0   0.0%
  bin  2: 3.6593 - 3.4133 [20/20]   19    1   5.0%
  bin  3: 3.4133 - 3.2224 [19/19]   18    1   5.3%
  bin  4: 3.2224 - 3.0682 [22/22]   22    0   0.0%
  bin  5: 3.0682 - 2.9398 [18/18]   18    0   0.0%
  bin  6: 2.9398 - 2.8305 [16/16]   16    0   0.0%
  bin  7: 2.8305 - 2.7358 [15/15]   11    4  26.7%
  bin  8: 2.7358 - 2.6527 [23/23]   19    4  17.4%
  bin  9: 2.6527 - 2.5788 [19/19]   19    0   0.0%
  bin 10: 2.5788 - 2.5125 [22/22]   22    0   0.0%
                          overall  178   10   5.3%

                   ----------Processing PDB file(s)----------                  

  Monomer Library directory:
    "/tmp1/m_zhen01/phenix-installer-1.10.1-2155-intel-linux-2.6-x86_64-centos5/phenix-1.10.1-2155/modules/chem_data/mon_lib"
  Total number of atoms: 34
  Number of models: 1
  Model: ""
    Number of chains: 1
    Chain: "A"
      Number of atoms: 34
      Number of conformers: 1
      Conformer: ""
        Number of residues, atoms: 2, 34
          Classifications: {'peptide': 2}
          Modifications used: {'NH2NOTPRO': 1, 'COOH': 1}
          Link IDs: {'TRANS': 1}
  Time building chain proxies: 0.07, per 1000 atoms: 2.06
  Number of scatterers: 34
  At special positions: 0
  Unit cell: (13.881, 10.697, 12.924, 90, 90, 90)
  Space group: P 1 (No. 1)
  Number of sites at special positions: 0
  Number of scattering types: 4
    Type Number    sf(0)
     O       3      8.00
     N       3      7.00
     C      13      6.00
     H      15      1.00
    sf(0) = scattering factor at diffraction angle 0.

  Number of disulfides: simple=0, symmetry=0

  Automatic linking
    Parameters for automatic linking
      Linking & cutoffs
        Metal                : False - 3.50
        Amimo acid           : False - 1.90
        Carbohydrate         : True  - 1.99
        Ligands              : True  - 1.99
        Amino acid - RNA/DNA : False
      
  Number of custom bonds: simple=0, symmetry=0
  Time building additional restraints: 0.02
  Conformation dependent library (CDL) restraints added in 515.0 microseconds
  
  Adding C-beta torsion restraints...
  Number of C-beta restraints generated:  2
  Time building geometry restraints manager: 0.03 seconds

  NOTE: a complete listing of the restraints can be obtained by requesting
        output of .geo file.

  Histogram of bond lengths:
        0.88 -     1.01: 15
        1.01 -     1.15: 0
        1.15 -     1.28: 2
        1.28 -     1.42: 11
        1.42 -     1.55: 7
  Bond restraints: 35
  Sorted by residual:
  bond pdb=" CB  TRP A   1 "
       pdb=" HB2 TRP A   1 "
    ideal  model  delta    sigma   weight residual
    0.970  0.919  0.051 2.00e-02 2.50e+03 6.56e+00
  bond pdb=" CH2 TRP A   1 "
       pdb=" HH2 TRP A   1 "
    ideal  model  delta    sigma   weight residual
    0.930  0.980 -0.050 2.00e-02 2.50e+03 6.34e+00
  bond pdb=" CZ3 TRP A   1 "
       pdb=" HZ3 TRP A   1 "
    ideal  model  delta    sigma   weight residual
    0.930  0.973 -0.043 2.00e-02 2.50e+03 4.54e+00
  bond pdb=" O   GLY A   2 "
       pdb=" C   GLY A   2 "
    ideal  model  delta    sigma   weight residual
    1.185  1.157  0.028 2.00e-02 2.50e+03 2.02e+00
  bond pdb=" NE1 TRP A   1 "
       pdb=" HE1 TRP A   1 "
    ideal  model  delta    sigma   weight residual
    0.860  0.888 -0.028 2.00e-02 2.50e+03 1.98e+00
  ... (remaining 30 not shown)

  Histogram of bond angle deviations from ideal:
      103.09 -   109.22: 13
      109.22 -   115.36: 14
      115.36 -   121.49: 14
      121.49 -   127.62: 13
      127.62 -   133.75: 3
  Bond angle restraints: 57
  Sorted by residual:
  angle pdb=" O   TRP A   1 "
        pdb=" C   TRP A   1 "
        pdb=" CA  TRP A   1 "
      ideal   model   delta    sigma   weight residual
     120.80  117.31    3.49 1.70e+00 3.46e-01 4.22e+00
  angle pdb=" CB  TRP A   1 "
        pdb=" CG  TRP A   1 "
        pdb=" CD2 TRP A   1 "
      ideal   model   delta    sigma   weight residual
     126.80  129.65   -2.85 1.40e+00 5.10e-01 4.14e+00
  angle pdb=" C   GLY A   2 "
        pdb=" CA  GLY A   2 "
        pdb=" HA2 GLY A   2 "
      ideal   model   delta    sigma   weight residual
     109.00  103.09    5.91 3.00e+00 1.11e-01 3.88e+00
  angle pdb=" CA  TRP A   1 "
        pdb=" C   TRP A   1 "
        pdb=" N   GLY A   2 "
      ideal   model   delta    sigma   weight residual
     116.20  119.65   -3.45 2.00e+00 2.50e-01 2.97e+00
  angle pdb=" HA1 GLY A   2 "
        pdb=" CA  GLY A   2 "
        pdb=" N   GLY A   2 "
      ideal   model   delta    sigma   weight residual
     110.00  114.93   -4.93 3.00e+00 1.11e-01 2.70e+00
  ... (remaining 52 not shown)

  Histogram of dihedral angle deviations from ideal:
        0.12 -    35.70: 12
       35.70 -    71.29: 0
       71.29 -   106.88: 0
      106.88 -   142.47: 0
      142.47 -   178.06: 1
  Dihedral angle restraints: 13
    sinusoidal: 3
      harmonic: 10
  Sorted by residual:
  dihedral pdb=" O   GLY A   2 "
           pdb=" C   GLY A   2 "
           pdb=" OXT GLY A   2 "
           pdb=" HXT GLY A   2 "
      ideal   model   delta  harmonic     sigma   weight residual
       0.00 -178.06  178.06     0      3.00e+01 1.11e-03 3.52e+01
  dihedral pdb=" N   TRP A   1 "
           pdb=" CA  TRP A   1 "
           pdb=" CB  TRP A   1 "
           pdb=" CG  TRP A   1 "
      ideal   model   delta sinusoidal    sigma   weight residual
      60.00   42.07   17.93     3      1.50e+01 4.44e-03 1.94e+00
  dihedral pdb=" CA  TRP A   1 "
           pdb=" C   TRP A   1 "
           pdb=" N   GLY A   2 "
           pdb=" CA  GLY A   2 "
      ideal   model   delta  harmonic     sigma   weight residual
     180.00 -174.65   -5.35     0      5.00e+00 4.00e-02 1.14e+00
  ... (remaining 10 not shown)

  Histogram of chiral volume deviations from ideal:
       0.020 -    0.020: 1
       0.020 -    0.020: 0
       0.020 -    0.020: 0
       0.020 -    0.020: 0
       0.020 -    0.020: 0
  Chirality restraints: 1
  Sorted by residual:
  chirality pdb=" CA  TRP A   1 "
            pdb=" C   TRP A   1 "
            pdb=" N   TRP A   1 "
            pdb=" CB  TRP A   1 "
    both_signs  ideal   model   delta    sigma   weight residual
      False     -2.51   -2.53    0.02 2.00e-01 2.50e+01 9.64e-03

  Planarity restraints: 4
  Sorted by residual:
                                 delta    sigma   weight rms_deltas residual
  plane pdb=" C   TRP A   1 "   -0.045 2.00e-02 2.50e+03   2.62e-02 6.89e+00
        pdb=" O   TRP A   1 "    0.017 2.00e-02 2.50e+03
        pdb=" CA  TRP A   1 "    0.013 2.00e-02 2.50e+03
        pdb=" N   GLY A   2 "    0.016 2.00e-02 2.50e+03
                                 delta    sigma   weight rms_deltas residual
  plane pdb=" CB  TRP A   1 "   -0.004 2.00e-02 2.50e+03   1.12e-02 5.01e+00
        pdb=" CG  TRP A   1 "   -0.012 2.00e-02 2.50e+03
        pdb=" CD1 TRP A   1 "   -0.016 2.00e-02 2.50e+03
        pdb=" HD1 TRP A   1 "    0.019 2.00e-02 2.50e+03
        pdb=" NE1 TRP A   1 "    0.015 2.00e-02 2.50e+03
        pdb=" HE1 TRP A   1 "   -0.012 2.00e-02 2.50e+03
        pdb=" CE2 TRP A   1 "    0.018 2.00e-02 2.50e+03
        pdb=" CZ2 TRP A   1 "    0.008 2.00e-02 2.50e+03
        pdb=" HZ2 TRP A   1 "   -0.015 2.00e-02 2.50e+03
        pdb=" CH2 TRP A   1 "   -0.005 2.00e-02 2.50e+03
        pdb=" HH2 TRP A   1 "    0.008 2.00e-02 2.50e+03
        pdb=" CZ3 TRP A   1 "   -0.007 2.00e-02 2.50e+03
        pdb=" HZ3 TRP A   1 "    0.000 2.00e-02 2.50e+03
        pdb=" CE3 TRP A   1 "   -0.004 2.00e-02 2.50e+03
        pdb=" HE3 TRP A   1 "    0.010 2.00e-02 2.50e+03
        pdb=" CD2 TRP A   1 "   -0.004 2.00e-02 2.50e+03
                                 delta    sigma   weight rms_deltas residual
  plane pdb=" O   GLY A   2 "    0.007 2.00e-02 2.50e+03   9.36e-03 1.10e+00
        pdb=" C   GLY A   2 "   -0.001 2.00e-02 2.50e+03
        pdb=" OXT GLY A   2 "   -0.014 2.00e-02 2.50e+03
        pdb=" HXT GLY A   2 "    0.013 2.00e-02 2.50e+03
        pdb=" CA  GLY A   2 "   -0.004 2.00e-02 2.50e+03
  ... (remaining 1 not shown)

  Histogram of nonbonded interaction distances:
        1.80 -     2.41: 12
        2.41 -     3.02: 43
        3.02 -     3.64: 45
        3.64 -     4.25: 63
        4.25 -     4.86: 72
  Nonbonded interactions: 235
  Sorted by model distance:
  nonbonded pdb=" HA  TRP A   1 "
            pdb=" H2  TRP A   1 "
     model   vdw
     1.796 1.816
  nonbonded pdb=" HXT GLY A   2 "
            pdb=" HA1 GLY A   2 "
     model   vdw
     2.080 2.270
  nonbonded pdb=" H1  TRP A   1 "
            pdb=" HD1 TRP A   1 "
     model   vdw
     2.178 2.100
  nonbonded pdb=" HA2 GLY A   2 "
            pdb=" H   GLY A   2 "
     model   vdw
     2.186 1.816
  nonbonded pdb=" HA  TRP A   1 "
            pdb=" HB1 TRP A   1 "
     model   vdw
     2.232 1.952
  ... (remaining 230 not shown)

  NOTE: a complete listing of the restraints can be obtained by requesting
        output of .geo file.

                   ----------xray_structure summary----------                  

Number of scattering types: 4
  Type Number    sf(0)   Gaussians
   O       3      7.97       2
   N       3      6.97       2
   C      13      5.97       2
   H      15      1.00       2
  sf(0) = scattering factor at diffraction angle 0.
Number of scatterers: 34
At special positions: 0
Unit cell: (13.881, 10.697, 12.924, 90, 90, 90)
Space group: P 1 (No. 1)

End of input processing
r_work=0.4920 r_free=0.5172
params.data_weight: 0.0
params.restraints: qm
rmsd(b), start:  0.0775
mc:   0 R: 0.5065 rmsd(b):  0.0275 restraint_scale:  1.0 min_steps: 52
mc:   1 R: 0.5109 rmsd(b):  0.0273 restraint_scale:  1.0 min_steps: 52
mc:   2 R: 0.5081 rmsd(b):  0.0275 restraint_scale:  1.0 min_steps: 47
mc:   3 R: 0.5080 rmsd(b):  0.0274 restraint_scale:  1.0 min_steps: 7
Convergence reached, stop now.
see the result structure:  ./p26/04_results/opt_qm/202_WG08-new/0.9/0.pdb
Time: 171.2587
