phenix.python
you are importing  adaptive calculator, and it does nothing. Please give it energy, force....... 

============================== Collecting inputs ==============================


                   ----------Processing X-ray data----------                   

F-obs:
  /scratch/m_zhen01/30993.lupus.uni-muenster.de/p26/02_mtz/212_WGG14-new.mtz:F-obs
Miller array info: None
Observation type: xray.amplitude
Type of data: double, size=201
Type of sigmas: None
Number of Miller indices: 201
Anomalous flag: False
Unit cell: (12.294, 13.908, 11.688, 90, 90, 90)
Space group: P 1 (No. 1)
Systematic absences: 0
Centric reflections: 0
Resolution range: 3.93091 2.50228
Completeness in resolution range: 1
Completeness with d_max=infinity: 0.747212

Number of F-obs in resolution range:                   201
Number of F-obs<0 (these reflections will be rejected): 0
Number of F-obs=0 (these reflections will be used in refinement): 0
Refinement resolution range: d_max =   3.9309
                             d_min =   2.5023

R-free flags:
  /scratch/m_zhen01/30993.lupus.uni-muenster.de/p26/02_mtz/212_WGG14-new.mtz:R-free-flags
Miller array info: /scratch/m_zhen01/30993.lupus.uni-muenster.de/p26/02_mtz/212_WGG14-new.mtz:R-free-flags
Observation type: None
Type of data: int, size=201
Type of sigmas: None
Number of Miller indices: 201
Anomalous flag: False
Unit cell: (12.294, 13.908, 11.688, 90, 90, 90)
Space group: P 1 (No. 1)
Systematic absences: 0
Centric reflections: 0
Resolution range: 3.93091 2.50228
Completeness in resolution range: 1
Completeness with d_max=infinity: 0.747212
Wavelength: 1.0000

Test (R-free flags) flag value: 1

Number of work/free reflections by resolution:
                                  work free  %free
  bin  1: 3.9309 - 3.6132 [21/21]   20    1   4.8%
  bin  2: 3.6132 - 3.3783 [21/21]   21    0   0.0%
  bin  3: 3.3783 - 3.1946 [24/24]   20    4  16.7%
  bin  4: 3.1946 - 3.0453 [ 7/7 ]    7    0   0.0%
  bin  5: 3.0453 - 2.9205 [27/27]   27    0   0.0%
  bin  6: 2.9205 - 2.8139 [18/18]   16    2  11.1%
  bin  7: 2.8139 - 2.7214 [15/15]   15    0   0.0%
  bin  8: 2.7214 - 2.6399 [30/30]   30    0   0.0%
  bin  9: 2.6399 - 2.5674 [20/20]   20    0   0.0%
  bin 10: 2.5674 - 2.5023 [18/18]   18    0   0.0%
                          overall  194    7   3.5%

                   ----------Processing PDB file(s)----------                  

  Monomer Library directory:
    "/tmp1/m_zhen01/phenix-installer-1.10.1-2155-intel-linux-2.6-x86_64-centos5/phenix-1.10.1-2155/modules/chem_data/mon_lib"
  Total number of atoms: 41
  Number of models: 1
  Model: ""
    Number of chains: 1
    Chain: "A"
      Number of atoms: 41
      Number of conformers: 1
      Conformer: ""
        Number of residues, atoms: 3, 41
          Classifications: {'peptide': 3}
          Modifications used: {'NH2NOTPRO': 1, 'COOH': 1}
          Link IDs: {'TRANS': 2}
  Time building chain proxies: 0.07, per 1000 atoms: 1.71
  Number of scatterers: 41
  At special positions: 0
  Unit cell: (12.294, 13.908, 11.688, 90, 90, 90)
  Space group: P 1 (No. 1)
  Number of sites at special positions: 0
  Number of scattering types: 4
    Type Number    sf(0)
     O       4      8.00
     N       4      7.00
     C      15      6.00
     H      18      1.00
    sf(0) = scattering factor at diffraction angle 0.

  Number of disulfides: simple=0, symmetry=0

  Automatic linking
    Parameters for automatic linking
      Linking & cutoffs
        Metal                : False - 3.50
        Amimo acid           : False - 1.90
        Carbohydrate         : True  - 1.99
        Ligands              : True  - 1.99
        Amino acid - RNA/DNA : False
      
  Number of custom bonds: simple=0, symmetry=0
  Time building additional restraints: 0.02
  Conformation dependent library (CDL) restraints added in 2.5 milliseconds
  
  Adding C-beta torsion restraints...
  Number of C-beta restraints generated:  2
  Time building geometry restraints manager: 0.03 seconds

  NOTE: a complete listing of the restraints can be obtained by requesting
        output of .geo file.

  Histogram of bond lengths:
        0.85 -     0.99: 18
        0.99 -     1.13: 0
        1.13 -     1.27: 3
        1.27 -     1.41: 11
        1.41 -     1.55: 10
  Bond restraints: 42
  Sorted by residual:
  bond pdb=" CB  TRP A   1 "
       pdb=" HB1 TRP A   1 "
    ideal  model  delta    sigma   weight residual
    0.970  0.911  0.059 2.00e-02 2.50e+03 8.72e+00
  bond pdb=" CZ2 TRP A   1 "
       pdb=" CH2 TRP A   1 "
    ideal  model  delta    sigma   weight residual
    1.368  1.331  0.037 1.90e-02 2.77e+03 3.80e+00
  bond pdb=" N   GLY A   2 "
       pdb=" H   GLY A   2 "
    ideal  model  delta    sigma   weight residual
    0.860  0.898 -0.038 2.00e-02 2.50e+03 3.66e+00
  bond pdb=" CE2 TRP A   1 "
       pdb=" CD2 TRP A   1 "
    ideal  model  delta    sigma   weight residual
    1.409  1.381  0.028 1.70e-02 3.46e+03 2.69e+00
  bond pdb=" CD1 TRP A   1 "
       pdb=" HD1 TRP A   1 "
    ideal  model  delta    sigma   weight residual
    0.930  0.961 -0.031 2.00e-02 2.50e+03 2.47e+00
  ... (remaining 37 not shown)

  Histogram of bond angle deviations from ideal:
      101.92 -   108.36: 14
      108.36 -   114.80: 19
      114.80 -   121.24: 19
      121.24 -   127.68: 14
      127.68 -   134.11: 3
  Bond angle restraints: 69
  Sorted by residual:
  angle pdb=" C   GLY A   3 "
        pdb=" CA  GLY A   3 "
        pdb=" N   GLY A   3 "
      ideal   model   delta    sigma   weight residual
     113.30  120.90   -7.60 2.90e+00 1.19e-01 6.86e+00
  angle pdb=" C   GLY A   3 "
        pdb=" CA  GLY A   3 "
        pdb=" HA2 GLY A   3 "
      ideal   model   delta    sigma   weight residual
     109.00  101.92    7.08 3.00e+00 1.11e-01 5.57e+00
  angle pdb=" C   GLY A   3 "
        pdb=" CA  GLY A   3 "
        pdb=" HA1 GLY A   3 "
      ideal   model   delta    sigma   weight residual
     109.00  103.97    5.03 3.00e+00 1.11e-01 2.81e+00
  angle pdb=" C   GLY A   2 "
        pdb=" CA  GLY A   2 "
        pdb=" HA1 GLY A   2 "
      ideal   model   delta    sigma   weight residual
     109.00  104.03    4.97 3.00e+00 1.11e-01 2.74e+00
  angle pdb=" CA  TRP A   1 "
        pdb=" CB  TRP A   1 "
        pdb=" HB2 TRP A   1 "
      ideal   model   delta    sigma   weight residual
     109.00  104.16    4.84 3.00e+00 1.11e-01 2.60e+00
  ... (remaining 64 not shown)

  Histogram of dihedral angle deviations from ideal:
        0.14 -    35.67: 12
       35.67 -    71.20: 0
       71.20 -   106.73: 1
      106.73 -   142.26: 0
      142.26 -   177.80: 1
  Dihedral angle restraints: 14
    sinusoidal: 3
      harmonic: 11
  Sorted by residual:
  dihedral pdb=" O   GLY A   3 "
           pdb=" C   GLY A   3 "
           pdb=" OXT GLY A   3 "
           pdb=" HXT GLY A   3 "
      ideal   model   delta  harmonic     sigma   weight residual
       0.00 -177.80  177.80     0      3.00e+01 1.11e-03 3.51e+01
  dihedral pdb=" CA  GLY A   2 "
           pdb=" C   GLY A   2 "
           pdb=" N   GLY A   3 "
           pdb=" CA  GLY A   3 "
      ideal   model   delta  harmonic     sigma   weight residual
    -180.00 -166.46  -13.54     0      5.00e+00 4.00e-02 7.33e+00
  dihedral pdb=" OXT GLY A   3 "
           pdb=" C   GLY A   3 "
           pdb=" CA  GLY A   3 "
           pdb=" N   GLY A   3 "
      ideal   model   delta sinusoidal    sigma   weight residual
     160.00   82.71   77.29     2      3.00e+01 1.11e-03 5.08e+00
  ... (remaining 11 not shown)

  Histogram of chiral volume deviations from ideal:
       0.080 -    0.080: 1
       0.080 -    0.080: 0
       0.080 -    0.080: 0
       0.080 -    0.080: 0
       0.080 -    0.080: 0
  Chirality restraints: 1
  Sorted by residual:
  chirality pdb=" CA  TRP A   1 "
            pdb=" C   TRP A   1 "
            pdb=" N   TRP A   1 "
            pdb=" CB  TRP A   1 "
    both_signs  ideal   model   delta    sigma   weight residual
      False     -2.51   -2.43   -0.08 2.00e-01 2.50e+01 1.59e-01

  Planarity restraints: 6
  Sorted by residual:
                                 delta    sigma   weight rms_deltas residual
  plane pdb=" CB  TRP A   1 "   -0.009 2.00e-02 2.50e+03   1.19e-02 5.65e+00
        pdb=" CG  TRP A   1 "    0.015 2.00e-02 2.50e+03
        pdb=" CD1 TRP A   1 "   -0.002 2.00e-02 2.50e+03
        pdb=" HD1 TRP A   1 "    0.003 2.00e-02 2.50e+03
        pdb=" NE1 TRP A   1 "    0.014 2.00e-02 2.50e+03
        pdb=" HE1 TRP A   1 "   -0.023 2.00e-02 2.50e+03
        pdb=" CE2 TRP A   1 "    0.008 2.00e-02 2.50e+03
        pdb=" CZ2 TRP A   1 "   -0.000 2.00e-02 2.50e+03
        pdb=" HZ2 TRP A   1 "   -0.007 2.00e-02 2.50e+03
        pdb=" CH2 TRP A   1 "   -0.010 2.00e-02 2.50e+03
        pdb=" HH2 TRP A   1 "    0.006 2.00e-02 2.50e+03
        pdb=" CZ3 TRP A   1 "    0.008 2.00e-02 2.50e+03
        pdb=" HZ3 TRP A   1 "    0.002 2.00e-02 2.50e+03
        pdb=" CE3 TRP A   1 "    0.007 2.00e-02 2.50e+03
        pdb=" HE3 TRP A   1 "   -0.025 2.00e-02 2.50e+03
        pdb=" CD2 TRP A   1 "    0.014 2.00e-02 2.50e+03
                                 delta    sigma   weight rms_deltas residual
  plane pdb=" O   GLY A   3 "   -0.011 2.00e-02 2.50e+03   1.39e-02 2.40e+00
        pdb=" C   GLY A   3 "    0.027 2.00e-02 2.50e+03
        pdb=" OXT GLY A   3 "   -0.007 2.00e-02 2.50e+03
        pdb=" HXT GLY A   3 "   -0.002 2.00e-02 2.50e+03
        pdb=" CA  GLY A   3 "   -0.007 2.00e-02 2.50e+03
                                 delta    sigma   weight rms_deltas residual
  plane pdb=" C   TRP A   1 "   -0.023 2.00e-02 2.50e+03   1.34e-02 1.80e+00
        pdb=" O   TRP A   1 "    0.009 2.00e-02 2.50e+03
        pdb=" CA  TRP A   1 "    0.007 2.00e-02 2.50e+03
        pdb=" N   GLY A   2 "    0.008 2.00e-02 2.50e+03
  ... (remaining 3 not shown)

  Histogram of nonbonded interaction distances:
        2.16 -     2.71: 36
        2.71 -     3.25: 57
        3.25 -     3.80: 73
        3.80 -     4.34: 80
        4.34 -     4.88: 98
  Nonbonded interactions: 344
  Sorted by model distance:
  nonbonded pdb=" HA  TRP A   1 "
            pdb=" H1  TRP A   1 "
     model   vdw
     2.164 1.816
  nonbonded pdb=" H2  TRP A   1 "
            pdb=" H   GLY A   2 "
     model   vdw
     2.179 2.100
  nonbonded pdb=" HA  TRP A   1 "
            pdb=" H2  TRP A   1 "
     model   vdw
     2.197 1.816
  nonbonded pdb=" HXT GLY A   3 "
            pdb=" HA1 GLY A   3 "
     model   vdw
     2.224 2.270
  nonbonded pdb=" HA  TRP A   1 "
            pdb=" HB2 TRP A   1 "
     model   vdw
     2.237 1.952
  ... (remaining 339 not shown)

  NOTE: a complete listing of the restraints can be obtained by requesting
        output of .geo file.

                   ----------xray_structure summary----------                  

Number of scattering types: 4
  Type Number    sf(0)   Gaussians
   O       4      7.97       2
   N       4      6.97       2
   C      15      5.97       2
   H      18      1.00       2
  sf(0) = scattering factor at diffraction angle 0.
Number of scatterers: 41
At special positions: 0
Unit cell: (12.294, 13.908, 11.688, 90, 90, 90)
Space group: P 1 (No. 1)

End of input processing
r_work=0.4088 r_free=0.3231
params.data_weight: 0.0
params.restraints: cctbx
rmsd(b), start:  0.0869
mc:   0 R: 0.3782 rmsd(b):  0.0014 restraint_scale:  1.0 min_steps: 54
mc:   1 R: 0.3709 rmsd(b):  0.0006 restraint_scale:  1.0 min_steps: 52
mc:   2 R: 0.3781 rmsd(b):  0.0006 restraint_scale:  1.0 min_steps: 55
mc:   3 R: 0.3919 rmsd(b):  0.0008 restraint_scale:  1.0 min_steps: 52
mc:   4 R: 0.3991 rmsd(b):  0.0005 restraint_scale:  1.0 min_steps: 54
mc:   5 R: 0.4157 rmsd(b):  0.0012 restraint_scale:  1.0 min_steps: 56
mc:   6 R: 0.4185 rmsd(b):  0.0005 restraint_scale:  1.0 min_steps: 53
mc:   7 R: 0.4268 rmsd(b):  0.0011 restraint_scale:  1.0 min_steps: 54
mc:   8 R: 0.4302 rmsd(b):  0.0006 restraint_scale:  1.0 min_steps: 54
mc:   9 R: 0.4376 rmsd(b):  0.0006 restraint_scale:  1.0 min_steps: 57
mc:  10 R: 0.4399 rmsd(b):  0.0005 restraint_scale:  1.0 min_steps: 56
mc:  11 R: 0.4428 rmsd(b):  0.0003 restraint_scale:  1.0 min_steps: 53
mc:  12 R: 0.4460 rmsd(b):  0.0004 restraint_scale:  1.0 min_steps: 54
mc:  13 R: 0.4475 rmsd(b):  0.0003 restraint_scale:  1.0 min_steps: 54
mc:  14 R: 0.4493 rmsd(b):  0.0004 restraint_scale:  1.0 min_steps: 54
mc:  15 R: 0.4506 rmsd(b):  0.0003 restraint_scale:  1.0 min_steps: 54
mc:  16 R: 0.4508 rmsd(b):  0.0003 restraint_scale:  1.0 min_steps: 54
mc:  17 R: 0.4515 rmsd(b):  0.0003 restraint_scale:  1.0 min_steps: 54
Convergence reached, stop now.
see the result structure:  ./p26/04_results/opt_cctbx/212_WGG14-new/0.6/1.pdb
Time: 8.5834
