phenix.python
you are importing  adaptive calculator, and it does nothing. Please give it energy, force....... 

============================== Collecting inputs ==============================


                   ----------Processing X-ray data----------                   

F-obs:
  /scratch/m_zhen01/30993.lupus.uni-muenster.de/p26/02_mtz/210_WGG05-new.mtz:F-obs
Miller array info: None
Observation type: xray.amplitude
Type of data: double, size=239
Type of sigmas: None
Number of Miller indices: 239
Anomalous flag: False
Unit cell: (13.15, 12.243, 14.308, 90, 90, 90)
Space group: P 1 (No. 1)
Systematic absences: 0
Centric reflections: 0
Resolution range: 3.96517 2.5095
Completeness in resolution range: 1
Completeness with d_max=infinity: 0.766026

Number of F-obs in resolution range:                   239
Number of F-obs<0 (these reflections will be rejected): 0
Number of F-obs=0 (these reflections will be used in refinement): 0
Refinement resolution range: d_max =   3.9652
                             d_min =   2.5095

R-free flags:
  /scratch/m_zhen01/30993.lupus.uni-muenster.de/p26/02_mtz/210_WGG05-new.mtz:R-free-flags
Miller array info: /scratch/m_zhen01/30993.lupus.uni-muenster.de/p26/02_mtz/210_WGG05-new.mtz:R-free-flags
Observation type: None
Type of data: int, size=239
Type of sigmas: None
Number of Miller indices: 239
Anomalous flag: False
Unit cell: (13.15, 12.243, 14.308, 90, 90, 90)
Space group: P 1 (No. 1)
Systematic absences: 0
Centric reflections: 0
Resolution range: 3.96517 2.5095
Completeness in resolution range: 1
Completeness with d_max=infinity: 0.766026
Wavelength: 1.0000

Test (R-free flags) flag value: 1

Number of work/free reflections by resolution:
                                  work free  %free
  bin  1: 3.9652 - 3.6383 [26/26]   18    8  30.8%
  bin  2: 3.6383 - 3.3980 [27/27]   27    0   0.0%
  bin  3: 3.3980 - 3.2108 [15/15]   15    0   0.0%
  bin  4: 3.2108 - 3.0590 [27/27]   27    0   0.0%
  bin  5: 3.0590 - 2.9324 [20/20]   20    0   0.0%
  bin  6: 2.9324 - 2.8244 [23/23]   19    4  17.4%
  bin  7: 2.8244 - 2.7308 [26/26]   24    2   7.7%
  bin  8: 2.7308 - 2.6485 [20/20]   18    2  10.0%
  bin  9: 2.6485 - 2.5752 [21/21]   21    0   0.0%
  bin 10: 2.5752 - 2.5095 [34/34]   34    0   0.0%
                          overall  223   16   6.7%

                   ----------Processing PDB file(s)----------                  

  Monomer Library directory:
    "/tmp1/m_zhen01/phenix-installer-1.10.1-2155-intel-linux-2.6-x86_64-centos5/phenix-1.10.1-2155/modules/chem_data/mon_lib"
  Total number of atoms: 41
  Number of models: 1
  Model: ""
    Number of chains: 1
    Chain: "A"
      Number of atoms: 41
      Number of conformers: 1
      Conformer: ""
        Number of residues, atoms: 3, 41
          Classifications: {'peptide': 3}
          Modifications used: {'NH2NOTPRO': 1, 'COOH': 1}
          Link IDs: {'TRANS': 2}
  Time building chain proxies: 0.09, per 1000 atoms: 2.20
  Number of scatterers: 41
  At special positions: 0
  Unit cell: (13.15, 12.243, 14.308, 90, 90, 90)
  Space group: P 1 (No. 1)
  Number of sites at special positions: 0
  Number of scattering types: 4
    Type Number    sf(0)
     O       4      8.00
     N       4      7.00
     C      15      6.00
     H      18      1.00
    sf(0) = scattering factor at diffraction angle 0.

  Number of disulfides: simple=0, symmetry=0

  Automatic linking
    Parameters for automatic linking
      Linking & cutoffs
        Metal                : False - 3.50
        Amimo acid           : False - 1.90
        Carbohydrate         : True  - 1.99
        Ligands              : True  - 1.99
        Amino acid - RNA/DNA : False
      
  Number of custom bonds: simple=0, symmetry=0
  Time building additional restraints: 0.02
  Conformation dependent library (CDL) restraints added in 2.4 milliseconds
  
  Adding C-beta torsion restraints...
  Number of C-beta restraints generated:  2
  Time building geometry restraints manager: 0.03 seconds

  NOTE: a complete listing of the restraints can be obtained by requesting
        output of .geo file.

  Histogram of bond lengths:
        0.87 -     1.00: 18
        1.00 -     1.14: 0
        1.14 -     1.27: 3
        1.27 -     1.41: 11
        1.41 -     1.54: 10
  Bond restraints: 42
  Sorted by residual:
  bond pdb=" N   GLY A   2 "
       pdb=" H   GLY A   2 "
    ideal  model  delta    sigma   weight residual
    0.860  0.914 -0.054 2.00e-02 2.50e+03 7.32e+00
  bond pdb=" CZ3 TRP A   1 "
       pdb=" HZ3 TRP A   1 "
    ideal  model  delta    sigma   weight residual
    0.930  0.960 -0.030 2.00e-02 2.50e+03 2.21e+00
  bond pdb=" CA  GLY A   3 "
       pdb=" HA1 GLY A   3 "
    ideal  model  delta    sigma   weight residual
    0.970  0.996 -0.026 2.00e-02 2.50e+03 1.66e+00
  bond pdb=" CA  TRP A   1 "
       pdb=" HA  TRP A   1 "
    ideal  model  delta    sigma   weight residual
    0.970  0.993 -0.023 2.00e-02 2.50e+03 1.34e+00
  bond pdb=" CB  TRP A   1 "
       pdb=" CG  TRP A   1 "
    ideal  model  delta    sigma   weight residual
    1.498  1.462  0.036 3.10e-02 1.04e+03 1.31e+00
  ... (remaining 37 not shown)

  Histogram of bond angle deviations from ideal:
      103.88 -   109.95: 21
      109.95 -   116.02: 12
      116.02 -   122.10: 21
      122.10 -   128.17: 13
      128.17 -   134.24: 2
  Bond angle restraints: 69
  Sorted by residual:
  angle pdb=" HA1 GLY A   3 "
        pdb=" CA  GLY A   3 "
        pdb=" HA2 GLY A   3 "
      ideal   model   delta    sigma   weight residual
     109.00  104.52    4.48 3.00e+00 1.11e-01 2.23e+00
  angle pdb=" C   GLY A   3 "
        pdb=" OXT GLY A   3 "
        pdb=" HXT GLY A   3 "
      ideal   model   delta    sigma   weight residual
     108.00  103.88    4.12 3.00e+00 1.11e-01 1.88e+00
  angle pdb=" O   GLY A   3 "
        pdb=" C   GLY A   3 "
        pdb=" CA  GLY A   3 "
      ideal   model   delta    sigma   weight residual
     118.60  114.68    3.92 3.00e+00 1.11e-01 1.71e+00
  angle pdb=" CA  TRP A   1 "
        pdb=" CB  TRP A   1 "
        pdb=" CG  TRP A   1 "
      ideal   model   delta    sigma   weight residual
     113.60  111.20    2.40 1.90e+00 2.77e-01 1.60e+00
  angle pdb=" C   GLY A   2 "
        pdb=" CA  GLY A   2 "
        pdb=" N   GLY A   2 "
      ideal   model   delta    sigma   weight residual
     113.18  116.10   -2.92 2.37e+00 1.78e-01 1.52e+00
  ... (remaining 64 not shown)

  Histogram of dihedral angle deviations from ideal:
        0.24 -    17.58: 12
       17.58 -    34.92: 1
       34.92 -    52.26: 0
       52.26 -    69.60: 0
       69.60 -    86.94: 1
  Dihedral angle restraints: 14
    sinusoidal: 3
      harmonic: 11
  Sorted by residual:
  dihedral pdb=" OXT GLY A   3 "
           pdb=" C   GLY A   3 "
           pdb=" CA  GLY A   3 "
           pdb=" N   GLY A   3 "
      ideal   model   delta sinusoidal    sigma   weight residual
     160.00 -113.06  -86.94     2      3.00e+01 1.11e-03 5.32e+00
  dihedral pdb=" CA  TRP A   1 "
           pdb=" CB  TRP A   1 "
           pdb=" CG  TRP A   1 "
           pdb=" CD1 TRP A   1 "
      ideal   model   delta sinusoidal    sigma   weight residual
     -90.00  -58.53  -31.47     2      2.00e+01 2.50e-03 3.27e+00
  dihedral pdb=" CA  TRP A   1 "
           pdb=" C   TRP A   1 "
           pdb=" N   GLY A   2 "
           pdb=" CA  GLY A   2 "
      ideal   model   delta  harmonic     sigma   weight residual
     180.00  173.14    6.86     0      5.00e+00 4.00e-02 1.88e+00
  ... (remaining 11 not shown)

  Histogram of chiral volume deviations from ideal:
       0.096 -    0.096: 1
       0.096 -    0.096: 0
       0.096 -    0.096: 0
       0.096 -    0.096: 0
       0.096 -    0.096: 0
  Chirality restraints: 1
  Sorted by residual:
  chirality pdb=" CA  TRP A   1 "
            pdb=" C   TRP A   1 "
            pdb=" N   TRP A   1 "
            pdb=" CB  TRP A   1 "
    both_signs  ideal   model   delta    sigma   weight residual
      False     -2.51   -2.61    0.10 2.00e-01 2.50e+01 2.29e-01

  Planarity restraints: 6
  Sorted by residual:
                                 delta    sigma   weight rms_deltas residual
  plane pdb=" C   TRP A   1 "    0.035 2.00e-02 2.50e+03   2.03e-02 4.10e+00
        pdb=" O   TRP A   1 "   -0.013 2.00e-02 2.50e+03
        pdb=" CA  TRP A   1 "   -0.010 2.00e-02 2.50e+03
        pdb=" N   GLY A   2 "   -0.012 2.00e-02 2.50e+03
                                 delta    sigma   weight rms_deltas residual
  plane pdb=" O   GLY A   3 "   -0.011 2.00e-02 2.50e+03   1.61e-02 3.24e+00
        pdb=" C   GLY A   3 "    0.032 2.00e-02 2.50e+03
        pdb=" OXT GLY A   3 "   -0.008 2.00e-02 2.50e+03
        pdb=" HXT GLY A   3 "   -0.002 2.00e-02 2.50e+03
        pdb=" CA  GLY A   3 "   -0.010 2.00e-02 2.50e+03
                                 delta    sigma   weight rms_deltas residual
  plane pdb=" CB  TRP A   1 "    0.010 2.00e-02 2.50e+03   8.83e-03 3.12e+00
        pdb=" CG  TRP A   1 "   -0.015 2.00e-02 2.50e+03
        pdb=" CD1 TRP A   1 "   -0.015 2.00e-02 2.50e+03
        pdb=" HD1 TRP A   1 "   -0.002 2.00e-02 2.50e+03
        pdb=" NE1 TRP A   1 "   -0.005 2.00e-02 2.50e+03
        pdb=" HE1 TRP A   1 "    0.017 2.00e-02 2.50e+03
        pdb=" CE2 TRP A   1 "    0.002 2.00e-02 2.50e+03
        pdb=" CZ2 TRP A   1 "   -0.004 2.00e-02 2.50e+03
        pdb=" HZ2 TRP A   1 "   -0.003 2.00e-02 2.50e+03
        pdb=" CH2 TRP A   1 "    0.009 2.00e-02 2.50e+03
        pdb=" HH2 TRP A   1 "   -0.004 2.00e-02 2.50e+03
        pdb=" CZ3 TRP A   1 "    0.003 2.00e-02 2.50e+03
        pdb=" HZ3 TRP A   1 "   -0.010 2.00e-02 2.50e+03
        pdb=" CE3 TRP A   1 "    0.005 2.00e-02 2.50e+03
        pdb=" HE3 TRP A   1 "    0.001 2.00e-02 2.50e+03
        pdb=" CD2 TRP A   1 "    0.010 2.00e-02 2.50e+03
  ... (remaining 3 not shown)

  Histogram of nonbonded interaction distances:
        2.05 -     2.62: 31
        2.62 -     3.19: 60
        3.19 -     3.76: 63
        3.76 -     4.33: 76
        4.33 -     4.90: 96
  Nonbonded interactions: 326
  Sorted by model distance:
  nonbonded pdb=" H2  TRP A   1 "
            pdb=" H   GLY A   2 "
     model   vdw
     2.054 2.100
  nonbonded pdb=" HA1 GLY A   3 "
            pdb=" H   GLY A   3 "
     model   vdw
     2.136 1.816
  nonbonded pdb=" N   TRP A   1 "
            pdb=" H   GLY A   2 "
     model   vdw
     2.181 2.650
  nonbonded pdb=" O   GLY A   3 "
            pdb=" HXT GLY A   3 "
     model   vdw
     2.258 2.056
  nonbonded pdb=" H1  TRP A   1 "
            pdb=" HB1 TRP A   1 "
     model   vdw
     2.272 2.270
  ... (remaining 321 not shown)

  NOTE: a complete listing of the restraints can be obtained by requesting
        output of .geo file.

                   ----------xray_structure summary----------                  

Number of scattering types: 4
  Type Number    sf(0)   Gaussians
   O       4      7.97       2
   N       4      6.97       2
   C      15      5.97       2
   H      18      1.00       2
  sf(0) = scattering factor at diffraction angle 0.
Number of scatterers: 41
At special positions: 0
Unit cell: (13.15, 12.243, 14.308, 90, 90, 90)
Space group: P 1 (No. 1)

End of input processing
r_work=0.5988 r_free=0.5814
params.data_weight: 0.0
params.restraints: cctbx
rmsd(b), start:  0.0762
mc:   0 R: 0.5884 rmsd(b):  0.0006 restraint_scale:  1.0 min_steps: 54
mc:   1 R: 0.5775 rmsd(b):  0.0005 restraint_scale:  1.0 min_steps: 54
mc:   2 R: 0.5644 rmsd(b):  0.0008 restraint_scale:  1.0 min_steps: 55
mc:   3 R: 0.5633 rmsd(b):  0.0004 restraint_scale:  1.0 min_steps: 53
mc:   4 R: 0.5591 rmsd(b):  0.0007 restraint_scale:  1.0 min_steps: 52
mc:   5 R: 0.5563 rmsd(b):  0.0004 restraint_scale:  1.0 min_steps: 54
mc:   6 R: 0.5511 rmsd(b):  0.0007 restraint_scale:  1.0 min_steps: 53
mc:   7 R: 0.5497 rmsd(b):  0.0004 restraint_scale:  1.0 min_steps: 52
mc:   8 R: 0.5474 rmsd(b):  0.0006 restraint_scale:  1.0 min_steps: 54
mc:   9 R: 0.5465 rmsd(b):  0.0004 restraint_scale:  1.0 min_steps: 54
mc:  10 R: 0.5447 rmsd(b):  0.0006 restraint_scale:  1.0 min_steps: 53
mc:  11 R: 0.5435 rmsd(b):  0.0005 restraint_scale:  1.0 min_steps: 54
mc:  12 R: 0.5404 rmsd(b):  0.0006 restraint_scale:  1.0 min_steps: 53
mc:  13 R: 0.5366 rmsd(b):  0.0004 restraint_scale:  1.0 min_steps: 52
mc:  14 R: 0.5346 rmsd(b):  0.0005 restraint_scale:  1.0 min_steps: 54
mc:  15 R: 0.5208 rmsd(b):  0.0009 restraint_scale:  1.0 min_steps: 56
mc:  16 R: 0.5181 rmsd(b):  0.0005 restraint_scale:  1.0 min_steps: 54
mc:  17 R: 0.5040 rmsd(b):  0.0007 restraint_scale:  1.0 min_steps: 54
mc:  18 R: 0.5039 rmsd(b):  0.0004 restraint_scale:  1.0 min_steps: 54
mc:  19 R: 0.5076 rmsd(b):  0.0005 restraint_scale:  1.0 min_steps: 56
mc:  20 R: 0.5087 rmsd(b):  0.0004 restraint_scale:  1.0 min_steps: 53
mc:  21 R: 0.5088 rmsd(b):  0.0005 restraint_scale:  1.0 min_steps: 53
mc:  22 R: 0.5092 rmsd(b):  0.0004 restraint_scale:  1.0 min_steps: 52
mc:  23 R: 0.5082 rmsd(b):  0.0005 restraint_scale:  1.0 min_steps: 52
mc:  24 R: 0.5085 rmsd(b):  0.0004 restraint_scale:  1.0 min_steps: 55
Convergence reached, stop now.
see the result structure:  ./p26/04_results/opt_cctbx/210_WGG05-new/1.5/1.pdb
Time: 10.3006
