phenix.python
you are importing  adaptive calculator, and it does nothing. Please give it energy, force....... 

============================== Collecting inputs ==============================


                   ----------Processing X-ray data----------                   

F-obs:
  /scratch/m_zhen01/30994.lupus.uni-muenster.de/p26/02_mtz/262_FGG470-new.mtz:F-obs
Miller array info: None
Observation type: xray.amplitude
Type of data: double, size=196
Type of sigmas: None
Number of Miller indices: 196
Anomalous flag: False
Unit cell: (14.065, 13.516, 10.568, 90, 90, 90)
Space group: P 1 (No. 1)
Systematic absences: 0
Centric reflections: 0
Resolution range: 3.99149 2.52197
Completeness in resolution range: 1
Completeness with d_max=infinity: 0.742424

Number of F-obs in resolution range:                   196
Number of F-obs<0 (these reflections will be rejected): 0
Number of F-obs=0 (these reflections will be used in refinement): 0
Refinement resolution range: d_max =   3.9915
                             d_min =   2.5220

R-free flags:
  /scratch/m_zhen01/30994.lupus.uni-muenster.de/p26/02_mtz/262_FGG470-new.mtz:R-free-flags
Miller array info: /scratch/m_zhen01/30994.lupus.uni-muenster.de/p26/02_mtz/262_FGG470-new.mtz:R-free-flags
Observation type: None
Type of data: int, size=196
Type of sigmas: None
Number of Miller indices: 196
Anomalous flag: False
Unit cell: (14.065, 13.516, 10.568, 90, 90, 90)
Space group: P 1 (No. 1)
Systematic absences: 0
Centric reflections: 0
Resolution range: 3.99149 2.52197
Completeness in resolution range: 1
Completeness with d_max=infinity: 0.742424
Wavelength: 1.0000

Test (R-free flags) flag value: 1

Number of work/free reflections by resolution:
                                  work free  %free
  bin  1: 3.9915 - 3.6606 [12/12]   12    0   0.0%
  bin  2: 3.6606 - 3.4177 [18/18]   10    8  44.4%
  bin  3: 3.4177 - 3.2287 [29/29]   29    0   0.0%
  bin  4: 3.2287 - 3.0756 [24/24]   24    0   0.0%
  bin  5: 3.0756 - 2.9480 [14/14]   14    0   0.0%
  bin  6: 2.9480 - 2.8392 [16/16]   16    0   0.0%
  bin  7: 2.8392 - 2.7448 [21/21]   21    0   0.0%
  bin  8: 2.7448 - 2.6619 [21/21]   17    4  19.0%
  bin  9: 2.6619 - 2.5882 [23/23]   19    4  17.4%
  bin 10: 2.5882 - 2.5220 [18/18]   18    0   0.0%
                          overall  180   16   8.2%

                   ----------Processing PDB file(s)----------                  

  Monomer Library directory:
    "/tmp1/m_zhen01/phenix-installer-1.10.1-2155-intel-linux-2.6-x86_64-centos5/phenix-1.10.1-2155/modules/chem_data/mon_lib"
  Total number of atoms: 37
  Number of models: 1
  Model: ""
    Number of chains: 1
    Chain: "A"
      Number of atoms: 37
      Number of conformers: 1
      Conformer: ""
        Number of residues, atoms: 3, 37
          Classifications: {'peptide': 3}
          Modifications used: {'NH2NOTPRO': 1, 'COOH': 1}
          Link IDs: {'TRANS': 2}
  Time building chain proxies: 0.07, per 1000 atoms: 1.89
  Number of scatterers: 37
  At special positions: 0
  Unit cell: (14.065, 13.516, 10.568, 90, 90, 90)
  Space group: P 1 (No. 1)
  Number of sites at special positions: 0
  Number of scattering types: 4
    Type Number    sf(0)
     O       4      8.00
     N       3      7.00
     C      13      6.00
     H      17      1.00
    sf(0) = scattering factor at diffraction angle 0.

  Number of disulfides: simple=0, symmetry=0

  Automatic linking
    Parameters for automatic linking
      Linking & cutoffs
        Metal                : False - 3.50
        Amimo acid           : False - 1.90
        Carbohydrate         : True  - 1.99
        Ligands              : True  - 1.99
        Amino acid - RNA/DNA : False
      
  Number of custom bonds: simple=0, symmetry=0
  Time building additional restraints: 0.02
  Conformation dependent library (CDL) restraints added in 3.0 milliseconds
  
  Adding C-beta torsion restraints...
  Number of C-beta restraints generated:  2
  Time building geometry restraints manager: 0.03 seconds

  NOTE: a complete listing of the restraints can be obtained by requesting
        output of .geo file.

  Histogram of bond lengths:
        0.84 -     0.98: 14
        0.98 -     1.13: 3
        1.13 -     1.27: 3
        1.27 -     1.42: 9
        1.42 -     1.56: 8
  Bond restraints: 37
  Sorted by residual:
  bond pdb=" C   PHE A   1 "
       pdb=" N   GLY A   2 "
    ideal  model  delta    sigma   weight residual
    1.329  1.356 -0.027 1.24e-02 6.50e+03 4.76e+00
  bond pdb=" C   PHE A   1 "
       pdb=" CA  PHE A   1 "
    ideal  model  delta    sigma   weight residual
    1.525  1.561 -0.036 2.10e-02 2.27e+03 3.02e+00
  bond pdb=" C   GLY A   3 "
       pdb=" OXT GLY A   3 "
    ideal  model  delta    sigma   weight residual
    1.330  1.357 -0.027 2.00e-02 2.50e+03 1.87e+00
  bond pdb=" N   PHE A   1 "
       pdb=" H2  PHE A   1 "
    ideal  model  delta    sigma   weight residual
    0.960  0.987 -0.027 2.00e-02 2.50e+03 1.80e+00
  bond pdb=" CA  GLY A   3 "
       pdb=" HA1 GLY A   3 "
    ideal  model  delta    sigma   weight residual
    0.970  0.944  0.026 2.00e-02 2.50e+03 1.74e+00
  ... (remaining 32 not shown)

  Histogram of bond angle deviations from ideal:
      101.95 -   107.15: 8
      107.15 -   112.34: 16
      112.34 -   117.54: 7
      117.54 -   122.73: 25
      122.73 -   127.93: 4
  Bond angle restraints: 60
  Sorted by residual:
  angle pdb=" O   GLY A   2 "
        pdb=" C   GLY A   2 "
        pdb=" CA  GLY A   2 "
      ideal   model   delta    sigma   weight residual
     121.04  122.71   -1.67 7.90e-01 1.60e+00 4.46e+00
  angle pdb=" HB1 PHE A   1 "
        pdb=" CB  PHE A   1 "
        pdb=" CG  PHE A   1 "
      ideal   model   delta    sigma   weight residual
     108.00  101.95    6.05 3.00e+00 1.11e-01 4.06e+00
  angle pdb=" CZ  PHE A   1 "
        pdb=" CE1 PHE A   1 "
        pdb=" CD1 PHE A   1 "
      ideal   model   delta    sigma   weight residual
     120.00  116.59    3.41 1.80e+00 3.09e-01 3.59e+00
  angle pdb=" CA  PHE A   1 "
        pdb=" C   PHE A   1 "
        pdb=" N   GLY A   2 "
      ideal   model   delta    sigma   weight residual
     116.20  119.99   -3.79 2.00e+00 2.50e-01 3.59e+00
  angle pdb=" C   GLY A   2 "
        pdb=" CA  GLY A   2 "
        pdb=" N   GLY A   2 "
      ideal   model   delta    sigma   weight residual
     111.42  113.97   -2.55 1.51e+00 4.39e-01 2.85e+00
  ... (remaining 55 not shown)

  Histogram of dihedral angle deviations from ideal:
        0.60 -    10.27: 11
       10.27 -    19.95: 1
       19.95 -    29.62: 0
       29.62 -    39.30: 0
       39.30 -    48.98: 1
  Dihedral angle restraints: 13
    sinusoidal: 3
      harmonic: 10
  Sorted by residual:
  dihedral pdb=" OXT GLY A   3 "
           pdb=" C   GLY A   3 "
           pdb=" CA  GLY A   3 "
           pdb=" N   GLY A   3 "
      ideal   model   delta sinusoidal    sigma   weight residual
     160.00 -151.02  -48.98     2      3.00e+01 1.11e-03 3.04e+00
  dihedral pdb=" N   PHE A   1 "
           pdb=" CA  PHE A   1 "
           pdb=" CB  PHE A   1 "
           pdb=" CG  PHE A   1 "
      ideal   model   delta sinusoidal    sigma   weight residual
      60.00   73.45  -13.45     3      1.50e+01 4.44e-03 1.13e+00
  dihedral pdb=" CA  PHE A   1 "
           pdb=" C   PHE A   1 "
           pdb=" N   GLY A   2 "
           pdb=" CA  GLY A   2 "
      ideal   model   delta  harmonic     sigma   weight residual
     180.00  176.71    3.29     0      5.00e+00 4.00e-02 4.34e-01
  ... (remaining 10 not shown)

  Histogram of chiral volume deviations from ideal:
       0.081 -    0.081: 1
       0.081 -    0.081: 0
       0.081 -    0.081: 0
       0.081 -    0.081: 0
       0.081 -    0.081: 0
  Chirality restraints: 1
  Sorted by residual:
  chirality pdb=" CA  PHE A   1 "
            pdb=" C   PHE A   1 "
            pdb=" N   PHE A   1 "
            pdb=" CB  PHE A   1 "
    both_signs  ideal   model   delta    sigma   weight residual
      False     -2.51   -2.59    0.08 2.00e-01 2.50e+01 1.65e-01

  Planarity restraints: 6
  Sorted by residual:
                                 delta    sigma   weight rms_deltas residual
  plane pdb=" CB  PHE A   1 "   -0.014 2.00e-02 2.50e+03   1.61e-02 7.81e+00
        pdb=" CG  PHE A   1 "    0.015 2.00e-02 2.50e+03
        pdb=" CD2 PHE A   1 "   -0.001 2.00e-02 2.50e+03
        pdb=" HD2 PHE A   1 "   -0.013 2.00e-02 2.50e+03
        pdb=" CE2 PHE A   1 "    0.009 2.00e-02 2.50e+03
        pdb=" HE2 PHE A   1 "    0.024 2.00e-02 2.50e+03
        pdb=" CZ  PHE A   1 "   -0.010 2.00e-02 2.50e+03
        pdb=" HZ  PHE A   1 "   -0.035 2.00e-02 2.50e+03
        pdb=" CE1 PHE A   1 "    0.020 2.00e-02 2.50e+03
        pdb=" HE1 PHE A   1 "    0.005 2.00e-02 2.50e+03
        pdb=" CD1 PHE A   1 "    0.006 2.00e-02 2.50e+03
        pdb=" HD1 PHE A   1 "   -0.006 2.00e-02 2.50e+03
                                 delta    sigma   weight rms_deltas residual
  plane pdb=" O   GLY A   3 "    0.004 2.00e-02 2.50e+03   1.69e-02 3.58e+00
        pdb=" C   GLY A   3 "    0.009 2.00e-02 2.50e+03
        pdb=" OXT GLY A   3 "    0.024 2.00e-02 2.50e+03
        pdb=" HXT GLY A   3 "   -0.024 2.00e-02 2.50e+03
        pdb=" CA  GLY A   3 "   -0.013 2.00e-02 2.50e+03
                                 delta    sigma   weight rms_deltas residual
  plane pdb=" C   GLY A   2 "   -0.005 2.00e-02 2.50e+03   1.03e-02 1.07e+00
        pdb=" CA  GLY A   3 "   -0.005 2.00e-02 2.50e+03
        pdb=" N   GLY A   3 "    0.018 2.00e-02 2.50e+03
        pdb=" H   GLY A   3 "   -0.008 2.00e-02 2.50e+03
  ... (remaining 3 not shown)

  Histogram of nonbonded interaction distances:
        2.13 -     2.68: 36
        2.68 -     3.23: 49
        3.23 -     3.78: 55
        3.78 -     4.34: 61
        4.34 -     4.89: 74
  Nonbonded interactions: 275
  Sorted by model distance:
  nonbonded pdb=" H1  PHE A   1 "
            pdb=" HD1 PHE A   1 "
     model   vdw
     2.126 2.100
  nonbonded pdb=" HA2 GLY A   3 "
            pdb=" H   GLY A   3 "
     model   vdw
     2.197 1.816
  nonbonded pdb=" HA2 GLY A   2 "
            pdb=" H   GLY A   3 "
     model   vdw
     2.226 2.270
  nonbonded pdb=" HB1 PHE A   1 "
            pdb=" HD2 PHE A   1 "
     model   vdw
     2.227 2.270
  nonbonded pdb=" HE2 PHE A   1 "
            pdb=" HZ  PHE A   1 "
     model   vdw
     2.267 1.680
  ... (remaining 270 not shown)

  NOTE: a complete listing of the restraints can be obtained by requesting
        output of .geo file.

                   ----------xray_structure summary----------                  

Number of scattering types: 4
  Type Number    sf(0)   Gaussians
   O       4      7.97       2
   N       3      6.97       2
   C      13      5.97       2
   H      17      1.00       2
  sf(0) = scattering factor at diffraction angle 0.
Number of scatterers: 37
At special positions: 0
Unit cell: (14.065, 13.516, 10.568, 90, 90, 90)
Space group: P 1 (No. 1)

End of input processing
r_work=0.5370 r_free=0.4654
params.data_weight: 0.0
params.restraints: qm
rmsd(b), start:  0.0904
mc:   0 R: 0.5445 rmsd(b):  0.0286 restraint_scale:  1.0 min_steps: 52
mc:   1 R: 0.5470 rmsd(b):  0.0284 restraint_scale:  1.0 min_steps: 54
mc:   2 R: 0.5453 rmsd(b):  0.0285 restraint_scale:  1.0 min_steps: 25
mc:   3 R: 0.5453 rmsd(b):  0.0285 restraint_scale:  1.0 min_steps: 1
Convergence reached, stop now.
see the result structure:  ./p26/04_results/opt_qm/262_FGG470-new/1.5/2.pdb
Time: 143.8721
