phenix.python
you are importing  adaptive calculator, and it does nothing. Please give it energy, force....... 

============================== Collecting inputs ==============================


                   ----------Processing X-ray data----------                   

F-obs:
  /scratch/m_zhen01/30993.lupus.uni-muenster.de/p26/02_mtz/191_WG03-new.mtz:F-obs
Miller array info: None
Observation type: xray.amplitude
Type of data: double, size=190
Type of sigmas: None
Number of Miller indices: 190
Anomalous flag: False
Unit cell: (13.42, 12.587, 10.96, 90, 90, 90)
Space group: P 1 (No. 1)
Systematic absences: 0
Centric reflections: 0
Resolution range: 3.94978 2.50559
Completeness in resolution range: 1
Completeness with d_max=infinity: 0.753968

Number of F-obs in resolution range:                   190
Number of F-obs<0 (these reflections will be rejected): 0
Number of F-obs=0 (these reflections will be used in refinement): 0
Refinement resolution range: d_max =   3.9498
                             d_min =   2.5056

R-free flags:
  /scratch/m_zhen01/30993.lupus.uni-muenster.de/p26/02_mtz/191_WG03-new.mtz:R-free-flags
Miller array info: /scratch/m_zhen01/30993.lupus.uni-muenster.de/p26/02_mtz/191_WG03-new.mtz:R-free-flags
Observation type: None
Type of data: int, size=190
Type of sigmas: None
Number of Miller indices: 190
Anomalous flag: False
Unit cell: (13.42, 12.587, 10.96, 90, 90, 90)
Space group: P 1 (No. 1)
Systematic absences: 0
Centric reflections: 0
Resolution range: 3.94978 2.50559
Completeness in resolution range: 1
Completeness with d_max=infinity: 0.753968
Wavelength: 1.0000

Test (R-free flags) flag value: 1

Number of work/free reflections by resolution:
                                  work free  %free
  bin  1: 3.9498 - 3.6267 [17/17]   17    0   0.0%
  bin  2: 3.6267 - 3.3887 [20/20]   20    0   0.0%
  bin  3: 3.3887 - 3.2030 [21/21]   21    0   0.0%
  bin  4: 3.2030 - 3.0523 [19/19]   11    8  42.1%
  bin  5: 3.0523 - 2.9264 [20/20]   20    0   0.0%
  bin  6: 2.9264 - 2.8191 [14/14]   14    0   0.0%
  bin  7: 2.8191 - 2.7259 [17/17]   17    0   0.0%
  bin  8: 2.7259 - 2.6440 [17/17]   17    0   0.0%
  bin  9: 2.6440 - 2.5711 [20/20]   16    4  20.0%
  bin 10: 2.5711 - 2.5056 [25/25]   25    0   0.0%
                          overall  178   12   6.3%

                   ----------Processing PDB file(s)----------                  

  Monomer Library directory:
    "/tmp1/m_zhen01/phenix-installer-1.10.1-2155-intel-linux-2.6-x86_64-centos5/phenix-1.10.1-2155/modules/chem_data/mon_lib"
  Total number of atoms: 34
  Number of models: 1
  Model: ""
    Number of chains: 1
    Chain: "A"
      Number of atoms: 34
      Number of conformers: 1
      Conformer: ""
        Number of residues, atoms: 2, 34
          Classifications: {'peptide': 2}
          Modifications used: {'NH2NOTPRO': 1, 'COOH': 1}
          Link IDs: {'TRANS': 1}
  Time building chain proxies: 0.07, per 1000 atoms: 2.06
  Number of scatterers: 34
  At special positions: 0
  Unit cell: (13.42, 12.587, 10.96, 90, 90, 90)
  Space group: P 1 (No. 1)
  Number of sites at special positions: 0
  Number of scattering types: 4
    Type Number    sf(0)
     O       3      8.00
     N       3      7.00
     C      13      6.00
     H      15      1.00
    sf(0) = scattering factor at diffraction angle 0.

  Number of disulfides: simple=0, symmetry=0

  Automatic linking
    Parameters for automatic linking
      Linking & cutoffs
        Metal                : False - 3.50
        Amimo acid           : False - 1.90
        Carbohydrate         : True  - 1.99
        Ligands              : True  - 1.99
        Amino acid - RNA/DNA : False
      
  Number of custom bonds: simple=0, symmetry=0
  Time building additional restraints: 0.02
  Conformation dependent library (CDL) restraints added in 432.0 microseconds
  
  Adding C-beta torsion restraints...
  Number of C-beta restraints generated:  2
  Time building geometry restraints manager: 0.03 seconds

  NOTE: a complete listing of the restraints can be obtained by requesting
        output of .geo file.

  Histogram of bond lengths:
        0.85 -     1.00: 14
        1.00 -     1.14: 1
        1.14 -     1.29: 2
        1.29 -     1.43: 11
        1.43 -     1.58: 7
  Bond restraints: 35
  Sorted by residual:
  bond pdb=" CA  TRP A   1 "
       pdb=" CB  TRP A   1 "
    ideal  model  delta    sigma   weight residual
    1.530  1.577 -0.047 2.00e-02 2.50e+03 5.42e+00
  bond pdb=" CA  TRP A   1 "
       pdb=" N   TRP A   1 "
    ideal  model  delta    sigma   weight residual
    1.458  1.417  0.041 1.90e-02 2.77e+03 4.56e+00
  bond pdb=" CB  TRP A   1 "
       pdb=" CG  TRP A   1 "
    ideal  model  delta    sigma   weight residual
    1.498  1.561 -0.063 3.10e-02 1.04e+03 4.12e+00
  bond pdb=" CZ3 TRP A   1 "
       pdb=" CE3 TRP A   1 "
    ideal  model  delta    sigma   weight residual
    1.382  1.439 -0.057 3.00e-02 1.11e+03 3.62e+00
  bond pdb=" CZ2 TRP A   1 "
       pdb=" CH2 TRP A   1 "
    ideal  model  delta    sigma   weight residual
    1.368  1.334  0.034 1.90e-02 2.77e+03 3.25e+00
  ... (remaining 30 not shown)

  Histogram of bond angle deviations from ideal:
      103.28 -   109.43: 12
      109.43 -   115.58: 16
      115.58 -   121.73: 14
      121.73 -   127.87: 12
      127.87 -   134.02: 3
  Bond angle restraints: 57
  Sorted by residual:
  angle pdb=" CZ2 TRP A   1 "
        pdb=" CE2 TRP A   1 "
        pdb=" CD2 TRP A   1 "
      ideal   model   delta    sigma   weight residual
     122.40  124.51   -2.11 1.00e+00 1.00e+00 4.43e+00
  angle pdb=" HA2 GLY A   2 "
        pdb=" CA  GLY A   2 "
        pdb=" N   GLY A   2 "
      ideal   model   delta    sigma   weight residual
     110.00  103.99    6.01 3.00e+00 1.11e-01 4.02e+00
  angle pdb=" C   TRP A   1 "
        pdb=" CA  TRP A   1 "
        pdb=" N   TRP A   1 "
      ideal   model   delta    sigma   weight residual
     111.00  105.98    5.02 2.80e+00 1.28e-01 3.22e+00
  angle pdb=" HB2 TRP A   1 "
        pdb=" CB  TRP A   1 "
        pdb=" CG  TRP A   1 "
      ideal   model   delta    sigma   weight residual
     108.00  112.86   -4.86 3.00e+00 1.11e-01 2.62e+00
  angle pdb=" C   GLY A   2 "
        pdb=" OXT GLY A   2 "
        pdb=" HXT GLY A   2 "
      ideal   model   delta    sigma   weight residual
     108.00  103.28    4.72 3.00e+00 1.11e-01 2.47e+00
  ... (remaining 52 not shown)

  Histogram of dihedral angle deviations from ideal:
        0.09 -    35.59: 11
       35.59 -    71.09: 1
       71.09 -   106.59: 0
      106.59 -   142.08: 0
      142.08 -   177.58: 1
  Dihedral angle restraints: 13
    sinusoidal: 3
      harmonic: 10
  Sorted by residual:
  dihedral pdb=" O   GLY A   2 "
           pdb=" C   GLY A   2 "
           pdb=" OXT GLY A   2 "
           pdb=" HXT GLY A   2 "
      ideal   model   delta  harmonic     sigma   weight residual
       0.00 -177.58  177.58     0      3.00e+01 1.11e-03 3.50e+01
  dihedral pdb=" OXT GLY A   2 "
           pdb=" C   GLY A   2 "
           pdb=" CA  GLY A   2 "
           pdb=" N   GLY A   2 "
      ideal   model   delta sinusoidal    sigma   weight residual
     -20.00  -63.87   43.87     2      3.00e+01 1.11e-03 2.56e+00
  dihedral pdb=" N   TRP A   1 "
           pdb=" C   TRP A   1 "
           pdb=" CA  TRP A   1 "
           pdb=" CB  TRP A   1 "
      ideal   model   delta  harmonic     sigma   weight residual
     122.80  121.06    1.74     0      2.50e+00 1.60e-01 4.85e-01
  ... (remaining 10 not shown)

  Histogram of chiral volume deviations from ideal:
       0.056 -    0.056: 1
       0.056 -    0.056: 0
       0.056 -    0.056: 0
       0.056 -    0.056: 0
       0.056 -    0.056: 0
  Chirality restraints: 1
  Sorted by residual:
  chirality pdb=" CA  TRP A   1 "
            pdb=" C   TRP A   1 "
            pdb=" N   TRP A   1 "
            pdb=" CB  TRP A   1 "
    both_signs  ideal   model   delta    sigma   weight residual
      False     -2.51   -2.57    0.06 2.00e-01 2.50e+01 7.75e-02

  Planarity restraints: 4
  Sorted by residual:
                                 delta    sigma   weight rms_deltas residual
  plane pdb=" CB  TRP A   1 "   -0.001 2.00e-02 2.50e+03   1.88e-02 1.41e+01
        pdb=" CG  TRP A   1 "   -0.016 2.00e-02 2.50e+03
        pdb=" CD1 TRP A   1 "    0.002 2.00e-02 2.50e+03
        pdb=" HD1 TRP A   1 "    0.004 2.00e-02 2.50e+03
        pdb=" NE1 TRP A   1 "    0.021 2.00e-02 2.50e+03
        pdb=" HE1 TRP A   1 "    0.025 2.00e-02 2.50e+03
        pdb=" CE2 TRP A   1 "   -0.005 2.00e-02 2.50e+03
        pdb=" CZ2 TRP A   1 "   -0.035 2.00e-02 2.50e+03
        pdb=" HZ2 TRP A   1 "   -0.031 2.00e-02 2.50e+03
        pdb=" CH2 TRP A   1 "    0.011 2.00e-02 2.50e+03
        pdb=" HH2 TRP A   1 "    0.036 2.00e-02 2.50e+03
        pdb=" CZ3 TRP A   1 "   -0.006 2.00e-02 2.50e+03
        pdb=" HZ3 TRP A   1 "   -0.002 2.00e-02 2.50e+03
        pdb=" CE3 TRP A   1 "   -0.007 2.00e-02 2.50e+03
        pdb=" HE3 TRP A   1 "    0.019 2.00e-02 2.50e+03
        pdb=" CD2 TRP A   1 "   -0.015 2.00e-02 2.50e+03
                                 delta    sigma   weight rms_deltas residual
  plane pdb=" O   GLY A   2 "   -0.007 2.00e-02 2.50e+03   1.65e-02 3.39e+00
        pdb=" C   GLY A   2 "   -0.007 2.00e-02 2.50e+03
        pdb=" OXT GLY A   2 "    0.026 2.00e-02 2.50e+03
        pdb=" HXT GLY A   2 "   -0.022 2.00e-02 2.50e+03
        pdb=" CA  GLY A   2 "    0.009 2.00e-02 2.50e+03
                                 delta    sigma   weight rms_deltas residual
  plane pdb=" C   TRP A   1 "    0.018 2.00e-02 2.50e+03   1.04e-02 1.07e+00
        pdb=" O   TRP A   1 "   -0.007 2.00e-02 2.50e+03
        pdb=" CA  TRP A   1 "   -0.005 2.00e-02 2.50e+03
        pdb=" N   GLY A   2 "   -0.006 2.00e-02 2.50e+03
  ... (remaining 1 not shown)

  Histogram of nonbonded interaction distances:
        2.10 -     2.66: 24
        2.66 -     3.21: 53
        3.21 -     3.77: 48
        3.77 -     4.32: 54
        4.32 -     4.88: 78
  Nonbonded interactions: 257
  Sorted by model distance:
  nonbonded pdb=" HA  TRP A   1 "
            pdb=" H1  TRP A   1 "
     model   vdw
     2.104 1.816
  nonbonded pdb=" N   TRP A   1 "
            pdb=" H   GLY A   2 "
     model   vdw
     2.167 2.650
  nonbonded pdb=" HXT GLY A   2 "
            pdb=" HA2 GLY A   2 "
     model   vdw
     2.234 2.270
  nonbonded pdb=" HXT GLY A   2 "
            pdb=" CA  GLY A   2 "
     model   vdw
     2.240 2.376
  nonbonded pdb=" HZ2 TRP A   1 "
            pdb=" HH2 TRP A   1 "
     model   vdw
     2.268 1.680
  ... (remaining 252 not shown)

  NOTE: a complete listing of the restraints can be obtained by requesting
        output of .geo file.

                   ----------xray_structure summary----------                  

Number of scattering types: 4
  Type Number    sf(0)   Gaussians
   O       3      7.97       2
   N       3      6.97       2
   C      13      5.97       2
   H      15      1.00       2
  sf(0) = scattering factor at diffraction angle 0.
Number of scatterers: 34
At special positions: 0
Unit cell: (13.42, 12.587, 10.96, 90, 90, 90)
Space group: P 1 (No. 1)

End of input processing
r_work=0.5351 r_free=0.2872
params.data_weight: 0.0
params.restraints: cctbx
rmsd(b), start:  0.0845
mc:   0 R: 0.5403 rmsd(b):  0.0008 restraint_scale:  1.0 min_steps: 54
mc:   1 R: 0.5434 rmsd(b):  0.0007 restraint_scale:  1.0 min_steps: 54
mc:   2 R: 0.5424 rmsd(b):  0.0004 restraint_scale:  1.0 min_steps: 55
mc:   3 R: 0.5415 rmsd(b):  0.0005 restraint_scale:  1.0 min_steps: 52
mc:   4 R: 0.5402 rmsd(b):  0.0005 restraint_scale:  1.0 min_steps: 53
mc:   5 R: 0.5390 rmsd(b):  0.0005 restraint_scale:  1.0 min_steps: 53
mc:   6 R: 0.5382 rmsd(b):  0.0005 restraint_scale:  1.0 min_steps: 55
mc:   7 R: 0.5379 rmsd(b):  0.0005 restraint_scale:  1.0 min_steps: 53
mc:   8 R: 0.5383 rmsd(b):  0.0005 restraint_scale:  1.0 min_steps: 55
mc:   9 R: 0.5386 rmsd(b):  0.0004 restraint_scale:  1.0 min_steps: 54
mc:  10 R: 0.5394 rmsd(b):  0.0005 restraint_scale:  1.0 min_steps: 53
Convergence reached, stop now.
see the result structure:  ./p26/04_results/opt_cctbx/191_WG03-new/0.9/3.pdb
Time: 6.6197
