phenix.python
you are importing  adaptive calculator, and it does nothing. Please give it energy, force....... 

============================== Collecting inputs ==============================


                   ----------Processing X-ray data----------                   

F-obs:
  /scratch/m_zhen01/30993.lupus.uni-muenster.de/p26/02_mtz/210_WGG05-new.mtz:F-obs
Miller array info: None
Observation type: xray.amplitude
Type of data: double, size=239
Type of sigmas: None
Number of Miller indices: 239
Anomalous flag: False
Unit cell: (13.15, 12.243, 14.308, 90, 90, 90)
Space group: P 1 (No. 1)
Systematic absences: 0
Centric reflections: 0
Resolution range: 3.96517 2.5095
Completeness in resolution range: 1
Completeness with d_max=infinity: 0.766026

Number of F-obs in resolution range:                   239
Number of F-obs<0 (these reflections will be rejected): 0
Number of F-obs=0 (these reflections will be used in refinement): 0
Refinement resolution range: d_max =   3.9652
                             d_min =   2.5095

R-free flags:
  /scratch/m_zhen01/30993.lupus.uni-muenster.de/p26/02_mtz/210_WGG05-new.mtz:R-free-flags
Miller array info: /scratch/m_zhen01/30993.lupus.uni-muenster.de/p26/02_mtz/210_WGG05-new.mtz:R-free-flags
Observation type: None
Type of data: int, size=239
Type of sigmas: None
Number of Miller indices: 239
Anomalous flag: False
Unit cell: (13.15, 12.243, 14.308, 90, 90, 90)
Space group: P 1 (No. 1)
Systematic absences: 0
Centric reflections: 0
Resolution range: 3.96517 2.5095
Completeness in resolution range: 1
Completeness with d_max=infinity: 0.766026
Wavelength: 1.0000

Test (R-free flags) flag value: 1

Number of work/free reflections by resolution:
                                  work free  %free
  bin  1: 3.9652 - 3.6383 [26/26]   18    8  30.8%
  bin  2: 3.6383 - 3.3980 [27/27]   27    0   0.0%
  bin  3: 3.3980 - 3.2108 [15/15]   15    0   0.0%
  bin  4: 3.2108 - 3.0590 [27/27]   27    0   0.0%
  bin  5: 3.0590 - 2.9324 [20/20]   20    0   0.0%
  bin  6: 2.9324 - 2.8244 [23/23]   19    4  17.4%
  bin  7: 2.8244 - 2.7308 [26/26]   24    2   7.7%
  bin  8: 2.7308 - 2.6485 [20/20]   18    2  10.0%
  bin  9: 2.6485 - 2.5752 [21/21]   21    0   0.0%
  bin 10: 2.5752 - 2.5095 [34/34]   34    0   0.0%
                          overall  223   16   6.7%

                   ----------Processing PDB file(s)----------                  

  Monomer Library directory:
    "/tmp1/m_zhen01/phenix-installer-1.10.1-2155-intel-linux-2.6-x86_64-centos5/phenix-1.10.1-2155/modules/chem_data/mon_lib"
  Total number of atoms: 41
  Number of models: 1
  Model: ""
    Number of chains: 1
    Chain: "A"
      Number of atoms: 41
      Number of conformers: 1
      Conformer: ""
        Number of residues, atoms: 3, 41
          Classifications: {'peptide': 3}
          Modifications used: {'NH2NOTPRO': 1, 'COOH': 1}
          Link IDs: {'TRANS': 2}
  Time building chain proxies: 0.08, per 1000 atoms: 1.95
  Number of scatterers: 41
  At special positions: 0
  Unit cell: (13.15, 12.243, 14.308, 90, 90, 90)
  Space group: P 1 (No. 1)
  Number of sites at special positions: 0
  Number of scattering types: 4
    Type Number    sf(0)
     O       4      8.00
     N       4      7.00
     C      15      6.00
     H      18      1.00
    sf(0) = scattering factor at diffraction angle 0.

  Number of disulfides: simple=0, symmetry=0

  Automatic linking
    Parameters for automatic linking
      Linking & cutoffs
        Metal                : False - 3.50
        Amimo acid           : False - 1.90
        Carbohydrate         : True  - 1.99
        Ligands              : True  - 1.99
        Amino acid - RNA/DNA : False
      
  Number of custom bonds: simple=0, symmetry=0
  Time building additional restraints: 0.03
  Conformation dependent library (CDL) restraints added in 2.4 milliseconds
  
  Adding C-beta torsion restraints...
  Number of C-beta restraints generated:  2
  Time building geometry restraints manager: 0.04 seconds

  NOTE: a complete listing of the restraints can be obtained by requesting
        output of .geo file.

  Histogram of bond lengths:
        0.82 -     0.97: 11
        0.97 -     1.12: 7
        1.12 -     1.26: 3
        1.26 -     1.41: 12
        1.41 -     1.56: 9
  Bond restraints: 42
  Sorted by residual:
  bond pdb=" N   GLY A   3 "
       pdb=" H   GLY A   3 "
    ideal  model  delta    sigma   weight residual
    0.860  0.822  0.038 2.00e-02 2.50e+03 3.62e+00
  bond pdb=" N   GLY A   2 "
       pdb=" H   GLY A   2 "
    ideal  model  delta    sigma   weight residual
    0.860  0.824  0.036 2.00e-02 2.50e+03 3.31e+00
  bond pdb=" CH2 TRP A   1 "
       pdb=" CZ3 TRP A   1 "
    ideal  model  delta    sigma   weight residual
    1.400  1.356  0.044 2.50e-02 1.60e+03 3.13e+00
  bond pdb=" CB  TRP A   1 "
       pdb=" HB2 TRP A   1 "
    ideal  model  delta    sigma   weight residual
    0.970  1.003 -0.033 2.00e-02 2.50e+03 2.76e+00
  bond pdb=" C   GLY A   2 "
       pdb=" N   GLY A   3 "
    ideal  model  delta    sigma   weight residual
    1.329  1.352 -0.023 1.40e-02 5.10e+03 2.68e+00
  ... (remaining 37 not shown)

  Histogram of bond angle deviations from ideal:
      103.25 -   109.39: 15
      109.39 -   115.52: 19
      115.52 -   121.65: 17
      121.65 -   127.78: 14
      127.78 -   133.91: 4
  Bond angle restraints: 69
  Sorted by residual:
  angle pdb=" HA2 GLY A   3 "
        pdb=" CA  GLY A   3 "
        pdb=" N   GLY A   3 "
      ideal   model   delta    sigma   weight residual
     110.00  103.25    6.75 3.00e+00 1.11e-01 5.06e+00
  angle pdb=" C   GLY A   2 "
        pdb=" CA  GLY A   2 "
        pdb=" N   GLY A   2 "
      ideal   model   delta    sigma   weight residual
     113.18  107.91    5.27 2.37e+00 1.78e-01 4.95e+00
  angle pdb=" CA  GLY A   2 "
        pdb=" N   GLY A   2 "
        pdb=" H   GLY A   2 "
      ideal   model   delta    sigma   weight residual
     114.00  107.44    6.56 3.00e+00 1.11e-01 4.79e+00
  angle pdb=" C   TRP A   1 "
        pdb=" N   GLY A   2 "
        pdb=" H   GLY A   2 "
      ideal   model   delta    sigma   weight residual
     124.30  129.17   -4.87 3.00e+00 1.11e-01 2.63e+00
  angle pdb=" O   GLY A   3 "
        pdb=" C   GLY A   3 "
        pdb=" OXT GLY A   3 "
      ideal   model   delta    sigma   weight residual
     122.80  118.84    3.96 3.00e+00 1.11e-01 1.74e+00
  ... (remaining 64 not shown)

  Histogram of dihedral angle deviations from ideal:
        0.27 -     4.53: 11
        4.53 -     8.78: 0
        8.78 -    13.04: 2
       13.04 -    17.30: 0
       17.30 -    21.56: 1
  Dihedral angle restraints: 14
    sinusoidal: 3
      harmonic: 11
  Sorted by residual:
  dihedral pdb=" CA  GLY A   2 "
           pdb=" C   GLY A   2 "
           pdb=" N   GLY A   3 "
           pdb=" CA  GLY A   3 "
      ideal   model   delta  harmonic     sigma   weight residual
     180.00  168.23   11.77     0      5.00e+00 4.00e-02 5.54e+00
  dihedral pdb=" OXT GLY A   3 "
           pdb=" C   GLY A   3 "
           pdb=" CA  GLY A   3 "
           pdb=" N   GLY A   3 "
      ideal   model   delta sinusoidal    sigma   weight residual
     160.00 -178.44  -21.56     2      3.00e+01 1.11e-03 7.20e-01
  dihedral pdb=" CB  TRP A   1 "
           pdb=" CG  TRP A   1 "
           pdb=" CD1 TRP A   1 "
           pdb=" HD1 TRP A   1 "
      ideal   model   delta  harmonic     sigma   weight residual
       0.00   -3.36    3.36     0      5.00e+00 4.00e-02 4.51e-01
  ... (remaining 11 not shown)

  Histogram of chiral volume deviations from ideal:
       0.114 -    0.114: 1
       0.114 -    0.114: 0
       0.114 -    0.114: 0
       0.114 -    0.114: 0
       0.114 -    0.114: 0
  Chirality restraints: 1
  Sorted by residual:
  chirality pdb=" CA  TRP A   1 "
            pdb=" C   TRP A   1 "
            pdb=" N   TRP A   1 "
            pdb=" CB  TRP A   1 "
    both_signs  ideal   model   delta    sigma   weight residual
      False     -2.51   -2.62    0.11 2.00e-01 2.50e+01 3.23e-01

  Planarity restraints: 6
  Sorted by residual:
                                 delta    sigma   weight rms_deltas residual
  plane pdb=" CB  TRP A   1 "    0.008 2.00e-02 2.50e+03   1.21e-02 5.81e+00
        pdb=" CG  TRP A   1 "    0.016 2.00e-02 2.50e+03
        pdb=" CD1 TRP A   1 "   -0.016 2.00e-02 2.50e+03
        pdb=" HD1 TRP A   1 "   -0.001 2.00e-02 2.50e+03
        pdb=" NE1 TRP A   1 "   -0.011 2.00e-02 2.50e+03
        pdb=" HE1 TRP A   1 "    0.009 2.00e-02 2.50e+03
        pdb=" CE2 TRP A   1 "    0.003 2.00e-02 2.50e+03
        pdb=" CZ2 TRP A   1 "   -0.022 2.00e-02 2.50e+03
        pdb=" HZ2 TRP A   1 "    0.006 2.00e-02 2.50e+03
        pdb=" CH2 TRP A   1 "    0.001 2.00e-02 2.50e+03
        pdb=" HH2 TRP A   1 "    0.023 2.00e-02 2.50e+03
        pdb=" CZ3 TRP A   1 "    0.007 2.00e-02 2.50e+03
        pdb=" HZ3 TRP A   1 "   -0.020 2.00e-02 2.50e+03
        pdb=" CE3 TRP A   1 "   -0.009 2.00e-02 2.50e+03
        pdb=" HE3 TRP A   1 "    0.003 2.00e-02 2.50e+03
        pdb=" CD2 TRP A   1 "    0.002 2.00e-02 2.50e+03
                                 delta    sigma   weight rms_deltas residual
  plane pdb=" C   TRP A   1 "    0.025 2.00e-02 2.50e+03   1.43e-02 2.05e+00
        pdb=" O   TRP A   1 "   -0.009 2.00e-02 2.50e+03
        pdb=" CA  TRP A   1 "   -0.007 2.00e-02 2.50e+03
        pdb=" N   GLY A   2 "   -0.008 2.00e-02 2.50e+03
                                 delta    sigma   weight rms_deltas residual
  plane pdb=" C   TRP A   1 "    0.007 2.00e-02 2.50e+03   1.34e-02 1.79e+00
        pdb=" CA  GLY A   2 "    0.005 2.00e-02 2.50e+03
        pdb=" N   GLY A   2 "   -0.023 2.00e-02 2.50e+03
        pdb=" H   GLY A   2 "    0.010 2.00e-02 2.50e+03
  ... (remaining 3 not shown)

  Histogram of nonbonded interaction distances:
        2.03 -     2.61: 24
        2.61 -     3.18: 65
        3.18 -     3.75: 85
        3.75 -     4.32: 91
        4.32 -     4.90: 124
  Nonbonded interactions: 389
  Sorted by model distance:
  nonbonded pdb=" HA2 GLY A   3 "
            pdb=" H   GLY A   3 "
     model   vdw
     2.033 1.816
  nonbonded pdb=" HA1 GLY A   2 "
            pdb=" H   GLY A   2 "
     model   vdw
     2.062 1.816
  nonbonded pdb=" HH2 TRP A   1 "
            pdb=" HZ3 TRP A   1 "
     model   vdw
     2.229 1.680
  nonbonded pdb=" HZ2 TRP A   1 "
            pdb=" HH2 TRP A   1 "
     model   vdw
     2.232 1.680
  nonbonded pdb=" O   TRP A   1 "
            pdb=" H   GLY A   3 "
     model   vdw
     2.243 1.970
  ... (remaining 384 not shown)

  NOTE: a complete listing of the restraints can be obtained by requesting
        output of .geo file.

                   ----------xray_structure summary----------                  

Number of scattering types: 4
  Type Number    sf(0)   Gaussians
   O       4      7.97       2
   N       4      6.97       2
   C      15      5.97       2
   H      18      1.00       2
  sf(0) = scattering factor at diffraction angle 0.
Number of scatterers: 41
At special positions: 0
Unit cell: (13.15, 12.243, 14.308, 90, 90, 90)
Space group: P 1 (No. 1)

End of input processing
r_work=0.1898 r_free=0.1530
params.data_weight: 0.0
params.restraints: cctbx
rmsd(b), start:  0.0884
mc:   0 R: 0.1812 rmsd(b):  0.0007 restraint_scale:  1.0 min_steps: 54
mc:   1 R: 0.2432 rmsd(b):  0.0005 restraint_scale:  1.0 min_steps: 55
mc:   2 R: 0.2490 rmsd(b):  0.0006 restraint_scale:  1.0 min_steps: 54
mc:   3 R: 0.2590 rmsd(b):  0.0005 restraint_scale:  1.0 min_steps: 53
mc:   4 R: 0.2642 rmsd(b):  0.0004 restraint_scale:  1.0 min_steps: 54
mc:   5 R: 0.2720 rmsd(b):  0.0004 restraint_scale:  1.0 min_steps: 54
mc:   6 R: 0.2743 rmsd(b):  0.0004 restraint_scale:  1.0 min_steps: 54
mc:   7 R: 0.2781 rmsd(b):  0.0004 restraint_scale:  1.0 min_steps: 53
mc:   8 R: 0.2796 rmsd(b):  0.0004 restraint_scale:  1.0 min_steps: 55
mc:   9 R: 0.2811 rmsd(b):  0.0003 restraint_scale:  1.0 min_steps: 58
mc:  10 R: 0.2825 rmsd(b):  0.0003 restraint_scale:  1.0 min_steps: 54
mc:  11 R: 0.2833 rmsd(b):  0.0004 restraint_scale:  1.0 min_steps: 55
mc:  12 R: 0.2843 rmsd(b):  0.0003 restraint_scale:  1.0 min_steps: 56
mc:  13 R: 0.2851 rmsd(b):  0.0003 restraint_scale:  1.0 min_steps: 53
Convergence reached, stop now.
see the result structure:  ./p26/04_results/opt_cctbx/210_WGG05-new/0.3/6.pdb
Time: 7.7501
