phenix.python
you are importing  adaptive calculator, and it does nothing. Please give it energy, force....... 

============================== Collecting inputs ==============================


                   ----------Processing X-ray data----------                   

F-obs:
  /scratch/m_zhen01/30994.lupus.uni-muenster.de/p26/02_mtz/256_FGG366-new.mtz:F-obs
Miller array info: None
Observation type: xray.amplitude
Type of data: double, size=225
Type of sigmas: None
Number of Miller indices: 225
Anomalous flag: False
Unit cell: (17.505, 12.566, 10.301, 90, 90, 90)
Space group: P 1 (No. 1)
Systematic absences: 0
Centric reflections: 0
Resolution range: 3.9832 2.50071
Completeness in resolution range: 1
Completeness with d_max=infinity: 0.760135

Number of F-obs in resolution range:                   225
Number of F-obs<0 (these reflections will be rejected): 0
Number of F-obs=0 (these reflections will be used in refinement): 0
Refinement resolution range: d_max =   3.9832
                             d_min =   2.5007

R-free flags:
  /scratch/m_zhen01/30994.lupus.uni-muenster.de/p26/02_mtz/256_FGG366-new.mtz:R-free-flags
Miller array info: /scratch/m_zhen01/30994.lupus.uni-muenster.de/p26/02_mtz/256_FGG366-new.mtz:R-free-flags
Observation type: None
Type of data: int, size=225
Type of sigmas: None
Number of Miller indices: 225
Anomalous flag: False
Unit cell: (17.505, 12.566, 10.301, 90, 90, 90)
Space group: P 1 (No. 1)
Systematic absences: 0
Centric reflections: 0
Resolution range: 3.9832 2.50071
Completeness in resolution range: 1
Completeness with d_max=infinity: 0.760135
Wavelength: 1.0000

Test (R-free flags) flag value: 1

Number of work/free reflections by resolution:
                                  work free  %free
  bin  1: 3.9832 - 3.6458 [28/28]   28    0   0.0%
  bin  2: 3.6458 - 3.3998 [14/14]   14    0   0.0%
  bin  3: 3.3998 - 3.2091 [32/32]   30    2   6.2%
  bin  4: 3.2091 - 3.0550 [19/19]   15    4  21.1%
  bin  5: 3.0550 - 2.9268 [30/30]   30    0   0.0%
  bin  6: 2.9268 - 2.8178 [29/29]   25    4  13.8%
  bin  7: 2.8178 - 2.7234 [ 8/8 ]    8    0   0.0%
  bin  8: 2.7234 - 2.6404 [26/26]   26    0   0.0%
  bin  9: 2.6404 - 2.5668 [17/17]   17    0   0.0%
  bin 10: 2.5668 - 2.5007 [22/22]   20    2   9.1%
                          overall  213   12   5.3%

                   ----------Processing PDB file(s)----------                  

  Monomer Library directory:
    "/tmp1/m_zhen01/phenix-installer-1.10.1-2155-intel-linux-2.6-x86_64-centos5/phenix-1.10.1-2155/modules/chem_data/mon_lib"
  Total number of atoms: 37
  Number of models: 1
  Model: ""
    Number of chains: 1
    Chain: "A"
      Number of atoms: 37
      Number of conformers: 1
      Conformer: ""
        Number of residues, atoms: 3, 37
          Classifications: {'peptide': 3}
          Modifications used: {'NH2NOTPRO': 1, 'COOH': 1}
          Link IDs: {'TRANS': 2}
  Time building chain proxies: 0.07, per 1000 atoms: 1.89
  Number of scatterers: 37
  At special positions: 0
  Unit cell: (17.505, 12.566, 10.301, 90, 90, 90)
  Space group: P 1 (No. 1)
  Number of sites at special positions: 0
  Number of scattering types: 4
    Type Number    sf(0)
     O       4      8.00
     N       3      7.00
     C      13      6.00
     H      17      1.00
    sf(0) = scattering factor at diffraction angle 0.

  Number of disulfides: simple=0, symmetry=0

  Automatic linking
    Parameters for automatic linking
      Linking & cutoffs
        Metal                : False - 3.50
        Amimo acid           : False - 1.90
        Carbohydrate         : True  - 1.99
        Ligands              : True  - 1.99
        Amino acid - RNA/DNA : False
      
  Number of custom bonds: simple=0, symmetry=0
  Time building additional restraints: 0.02
  Conformation dependent library (CDL) restraints added in 2.8 milliseconds
  
  Adding C-beta torsion restraints...
  Number of C-beta restraints generated:  2
  Time building geometry restraints manager: 0.03 seconds

  NOTE: a complete listing of the restraints can be obtained by requesting
        output of .geo file.

  Histogram of bond lengths:
        0.86 -     1.00: 17
        1.00 -     1.13: 0
        1.13 -     1.27: 3
        1.27 -     1.40: 9
        1.40 -     1.54: 8
  Bond restraints: 37
  Sorted by residual:
  bond pdb=" C   GLY A   2 "
       pdb=" CA  GLY A   2 "
    ideal  model  delta    sigma   weight residual
    1.514  1.538 -0.024 1.41e-02 5.03e+03 2.86e+00
  bond pdb=" C   GLY A   2 "
       pdb=" N   GLY A   3 "
    ideal  model  delta    sigma   weight residual
    1.329  1.352 -0.023 1.40e-02 5.10e+03 2.74e+00
  bond pdb=" N   GLY A   2 "
       pdb=" H   GLY A   2 "
    ideal  model  delta    sigma   weight residual
    0.860  0.891 -0.031 2.00e-02 2.50e+03 2.43e+00
  bond pdb=" CA  GLY A   2 "
       pdb=" N   GLY A   2 "
    ideal  model  delta    sigma   weight residual
    1.449  1.428  0.021 1.45e-02 4.76e+03 2.15e+00
  bond pdb=" CA  GLY A   3 "
       pdb=" HA1 GLY A   3 "
    ideal  model  delta    sigma   weight residual
    0.970  0.942  0.028 2.00e-02 2.50e+03 2.01e+00
  ... (remaining 32 not shown)

  Histogram of bond angle deviations from ideal:
      104.53 -   108.91: 9
      108.91 -   113.29: 18
      113.29 -   117.67: 4
      117.67 -   122.05: 24
      122.05 -   126.44: 5
  Bond angle restraints: 60
  Sorted by residual:
  angle pdb=" HA1 GLY A   2 "
        pdb=" CA  GLY A   2 "
        pdb=" N   GLY A   2 "
      ideal   model   delta    sigma   weight residual
     110.00  104.53    5.47 3.00e+00 1.11e-01 3.33e+00
  angle pdb=" C   GLY A   3 "
        pdb=" CA  GLY A   3 "
        pdb=" N   GLY A   3 "
      ideal   model   delta    sigma   weight residual
     113.30  108.23    5.07 2.90e+00 1.19e-01 3.06e+00
  angle pdb=" C   GLY A   3 "
        pdb=" OXT GLY A   3 "
        pdb=" HXT GLY A   3 "
      ideal   model   delta    sigma   weight residual
     108.00  113.16   -5.16 3.00e+00 1.11e-01 2.96e+00
  angle pdb=" C   GLY A   2 "
        pdb=" CA  GLY A   2 "
        pdb=" HA2 GLY A   2 "
      ideal   model   delta    sigma   weight residual
     109.00  113.93   -4.93 3.00e+00 1.11e-01 2.70e+00
  angle pdb=" CA  PHE A   1 "
        pdb=" CB  PHE A   1 "
        pdb=" CG  PHE A   1 "
      ideal   model   delta    sigma   weight residual
     113.80  112.54    1.26 1.00e+00 1.00e+00 1.58e+00
  ... (remaining 55 not shown)

  Histogram of dihedral angle deviations from ideal:
        0.11 -     1.97: 8
        1.97 -     3.84: 1
        3.84 -     5.70: 2
        5.70 -     7.57: 0
        7.57 -     9.43: 2
  Dihedral angle restraints: 13
    sinusoidal: 3
      harmonic: 10
  Sorted by residual:
  dihedral pdb=" CA  PHE A   1 "
           pdb=" C   PHE A   1 "
           pdb=" N   GLY A   2 "
           pdb=" CA  GLY A   2 "
      ideal   model   delta  harmonic     sigma   weight residual
     180.00  170.57    9.43     0      5.00e+00 4.00e-02 3.56e+00
  dihedral pdb=" CA  GLY A   2 "
           pdb=" C   GLY A   2 "
           pdb=" N   GLY A   3 "
           pdb=" CA  GLY A   3 "
      ideal   model   delta  harmonic     sigma   weight residual
    -180.00 -175.42   -4.58     0      5.00e+00 4.00e-02 8.40e-01
  dihedral pdb=" C   PHE A   1 "
           pdb=" N   PHE A   1 "
           pdb=" CA  PHE A   1 "
           pdb=" CB  PHE A   1 "
      ideal   model   delta  harmonic     sigma   weight residual
    -122.60 -121.36   -1.24     0      2.50e+00 1.60e-01 2.47e-01
  ... (remaining 10 not shown)

  Histogram of chiral volume deviations from ideal:
       0.025 -    0.025: 1
       0.025 -    0.025: 0
       0.025 -    0.025: 0
       0.025 -    0.025: 0
       0.025 -    0.025: 0
  Chirality restraints: 1
  Sorted by residual:
  chirality pdb=" CA  PHE A   1 "
            pdb=" C   PHE A   1 "
            pdb=" N   PHE A   1 "
            pdb=" CB  PHE A   1 "
    both_signs  ideal   model   delta    sigma   weight residual
      False     -2.51   -2.49   -0.02 2.00e-01 2.50e+01 1.53e-02

  Planarity restraints: 6
  Sorted by residual:
                                 delta    sigma   weight rms_deltas residual
  plane pdb=" C   GLY A   2 "    0.005 2.00e-02 2.50e+03   1.03e-02 1.06e+00
        pdb=" CA  GLY A   3 "    0.004 2.00e-02 2.50e+03
        pdb=" N   GLY A   3 "   -0.018 2.00e-02 2.50e+03
        pdb=" H   GLY A   3 "    0.008 2.00e-02 2.50e+03
                                 delta    sigma   weight rms_deltas residual
  plane pdb=" CB  PHE A   1 "   -0.007 2.00e-02 2.50e+03   5.23e-03 8.21e-01
        pdb=" CG  PHE A   1 "    0.000 2.00e-02 2.50e+03
        pdb=" CD2 PHE A   1 "    0.003 2.00e-02 2.50e+03
        pdb=" HD2 PHE A   1 "    0.010 2.00e-02 2.50e+03
        pdb=" CE2 PHE A   1 "   -0.008 2.00e-02 2.50e+03
        pdb=" HE2 PHE A   1 "   -0.004 2.00e-02 2.50e+03
        pdb=" CZ  PHE A   1 "   -0.004 2.00e-02 2.50e+03
        pdb=" HZ  PHE A   1 "    0.007 2.00e-02 2.50e+03
        pdb=" CE1 PHE A   1 "   -0.003 2.00e-02 2.50e+03
        pdb=" HE1 PHE A   1 "    0.001 2.00e-02 2.50e+03
        pdb=" CD1 PHE A   1 "    0.000 2.00e-02 2.50e+03
        pdb=" HD1 PHE A   1 "    0.004 2.00e-02 2.50e+03
                                 delta    sigma   weight rms_deltas residual
  plane pdb=" C   GLY A   2 "   -0.008 2.00e-02 2.50e+03   4.86e-03 2.36e-01
        pdb=" O   GLY A   2 "    0.003 2.00e-02 2.50e+03
        pdb=" CA  GLY A   2 "    0.002 2.00e-02 2.50e+03
        pdb=" N   GLY A   3 "    0.003 2.00e-02 2.50e+03
  ... (remaining 3 not shown)

  Histogram of nonbonded interaction distances:
        2.07 -     2.63: 32
        2.63 -     3.20: 47
        3.20 -     3.76: 62
        3.76 -     4.32: 47
        4.32 -     4.88: 76
  Nonbonded interactions: 264
  Sorted by model distance:
  nonbonded pdb=" HA2 GLY A   2 "
            pdb=" H   GLY A   2 "
     model   vdw
     2.070 1.816
  nonbonded pdb=" O   PHE A   1 "
            pdb=" H   GLY A   3 "
     model   vdw
     2.093 1.970
  nonbonded pdb=" H1  PHE A   1 "
            pdb=" HA  PHE A   1 "
     model   vdw
     2.175 1.816
  nonbonded pdb=" HA1 GLY A   3 "
            pdb=" H   GLY A   3 "
     model   vdw
     2.197 1.816
  nonbonded pdb=" HZ  PHE A   1 "
            pdb=" HE1 PHE A   1 "
     model   vdw
     2.271 1.680
  ... (remaining 259 not shown)

  NOTE: a complete listing of the restraints can be obtained by requesting
        output of .geo file.

                   ----------xray_structure summary----------                  

Number of scattering types: 4
  Type Number    sf(0)   Gaussians
   O       4      7.97       2
   N       3      6.97       2
   C      13      5.97       2
   H      17      1.00       2
  sf(0) = scattering factor at diffraction angle 0.
Number of scatterers: 37
At special positions: 0
Unit cell: (17.505, 12.566, 10.301, 90, 90, 90)
Space group: P 1 (No. 1)

End of input processing
r_work=0.2044 r_free=0.1813
params.data_weight: 0.0
params.restraints: qm
rmsd(b), start:  0.0868
mc:   0 R: 0.1818 rmsd(b):  0.0289 restraint_scale:  1.0 min_steps: 52
mc:   1 R: 0.1819 rmsd(b):  0.0288 restraint_scale:  1.0 min_steps: 10
Convergence reached, stop now.
see the result structure:  ./p26/04_results/opt_qm/256_FGG366-new/0.3/7.pdb
Time: 72.6146
