phenix.python
you are importing  adaptive calculator, and it does nothing. Please give it energy, force....... 

============================== Collecting inputs ==============================


                   ----------Processing X-ray data----------                   

F-obs:
  /scratch/m_zhen01/30994.lupus.uni-muenster.de/p26/02_mtz/230_GGF09-new.mtz:F-obs
Miller array info: None
Observation type: xray.amplitude
Type of data: double, size=208
Type of sigmas: None
Number of Miller indices: 208
Anomalous flag: False
Unit cell: (13.158, 10.74, 14.911, 90, 90, 90)
Space group: P 1 (No. 1)
Systematic absences: 0
Centric reflections: 0
Resolution range: 3.9658 2.51082
Completeness in resolution range: 1
Completeness with d_max=infinity: 0.742857

Number of F-obs in resolution range:                   208
Number of F-obs<0 (these reflections will be rejected): 0
Number of F-obs=0 (these reflections will be used in refinement): 0
Refinement resolution range: d_max =   3.9658
                             d_min =   2.5108

R-free flags:
  /scratch/m_zhen01/30994.lupus.uni-muenster.de/p26/02_mtz/230_GGF09-new.mtz:R-free-flags
Miller array info: /scratch/m_zhen01/30994.lupus.uni-muenster.de/p26/02_mtz/230_GGF09-new.mtz:R-free-flags
Observation type: None
Type of data: int, size=208
Type of sigmas: None
Number of Miller indices: 208
Anomalous flag: False
Unit cell: (13.158, 10.74, 14.911, 90, 90, 90)
Space group: P 1 (No. 1)
Systematic absences: 0
Centric reflections: 0
Resolution range: 3.9658 2.51082
Completeness in resolution range: 1
Completeness with d_max=infinity: 0.742857
Wavelength: 1.0000

Test (R-free flags) flag value: 1

Number of work/free reflections by resolution:
                                  work free  %free
  bin  1: 3.9658 - 3.6393 [15/15]   15    0   0.0%
  bin  2: 3.6393 - 3.3992 [25/25]   24    1   4.0%
  bin  3: 3.3992 - 3.2120 [19/19]   17    2  10.5%
  bin  4: 3.2120 - 3.0603 [34/34]   34    0   0.0%
  bin  5: 3.0603 - 2.9337 [ 7/7 ]    7    0   0.0%
  bin  6: 2.9337 - 2.8258 [20/20]   18    2  10.0%
  bin  7: 2.8258 - 2.7321 [26/26]   26    0   0.0%
  bin  8: 2.7321 - 2.6498 [15/15]   15    0   0.0%
  bin  9: 2.6498 - 2.5766 [27/27]   23    4  14.8%
  bin 10: 2.5766 - 2.5108 [20/20]   20    0   0.0%
                          overall  199    9   4.3%

                   ----------Processing PDB file(s)----------                  

  Monomer Library directory:
    "/tmp1/m_zhen01/phenix-installer-1.10.1-2155-intel-linux-2.6-x86_64-centos5/phenix-1.10.1-2155/modules/chem_data/mon_lib"
  Total number of atoms: 37
  Number of models: 1
  Model: ""
    Number of chains: 1
    Chain: "A"
      Number of atoms: 37
      Number of conformers: 1
      Conformer: ""
        Number of residues, atoms: 3, 37
          Classifications: {'peptide': 3}
          Modifications used: {'NH2NOTPRO': 1, 'COOH': 1}
          Link IDs: {'TRANS': 2}
  Time building chain proxies: 0.07, per 1000 atoms: 1.89
  Number of scatterers: 37
  At special positions: 0
  Unit cell: (13.158, 10.74, 14.911, 90, 90, 90)
  Space group: P 1 (No. 1)
  Number of sites at special positions: 0
  Number of scattering types: 4
    Type Number    sf(0)
     O       4      8.00
     N       3      7.00
     C      13      6.00
     H      17      1.00
    sf(0) = scattering factor at diffraction angle 0.

  Number of disulfides: simple=0, symmetry=0

  Automatic linking
    Parameters for automatic linking
      Linking & cutoffs
        Metal                : False - 3.50
        Amimo acid           : False - 1.90
        Carbohydrate         : True  - 1.99
        Ligands              : True  - 1.99
        Amino acid - RNA/DNA : False
      
  Number of custom bonds: simple=0, symmetry=0
  Time building additional restraints: 0.02
  Conformation dependent library (CDL) restraints added in 2.9 milliseconds
  
  Adding C-beta torsion restraints...
  Number of C-beta restraints generated:  2
  Time building geometry restraints manager: 0.03 seconds

  NOTE: a complete listing of the restraints can be obtained by requesting
        output of .geo file.

  Histogram of bond lengths:
        0.89 -     1.02: 17
        1.02 -     1.15: 0
        1.15 -     1.28: 3
        1.28 -     1.40: 7
        1.40 -     1.53: 10
  Bond restraints: 37
  Sorted by residual:
  bond pdb=" C   GLY A   1 "
       pdb=" N   GLY A   2 "
    ideal  model  delta    sigma   weight residual
    1.331  1.288  0.043 1.46e-02 4.69e+03 8.55e+00
  bond pdb=" N   PHE A   3 "
       pdb=" H   PHE A   3 "
    ideal  model  delta    sigma   weight residual
    0.860  0.907 -0.047 2.00e-02 2.50e+03 5.43e+00
  bond pdb=" N   GLY A   1 "
       pdb=" H1  GLY A   1 "
    ideal  model  delta    sigma   weight residual
    0.960  0.999 -0.039 2.00e-02 2.50e+03 3.74e+00
  bond pdb=" CE1 PHE A   3 "
       pdb=" HE1 PHE A   3 "
    ideal  model  delta    sigma   weight residual
    0.930  0.968 -0.038 2.00e-02 2.50e+03 3.64e+00
  bond pdb=" CA  GLY A   1 "
       pdb=" HA1 GLY A   1 "
    ideal  model  delta    sigma   weight residual
    0.970  1.006 -0.036 2.00e-02 2.50e+03 3.24e+00
  ... (remaining 32 not shown)

  Histogram of bond angle deviations from ideal:
      104.71 -   108.78: 13
      108.78 -   112.84: 9
      112.84 -   116.90: 7
      116.90 -   120.97: 20
      120.97 -   125.03: 11
  Bond angle restraints: 60
  Sorted by residual:
  angle pdb=" C   GLY A   1 "
        pdb=" CA  GLY A   1 "
        pdb=" HA2 GLY A   1 "
      ideal   model   delta    sigma   weight residual
     109.00  115.68   -6.68 3.00e+00 1.11e-01 4.96e+00
  angle pdb=" C   GLY A   1 "
        pdb=" CA  GLY A   1 "
        pdb=" N   GLY A   1 "
      ideal   model   delta    sigma   weight residual
     113.30  107.66    5.64 2.90e+00 1.19e-01 3.78e+00
  angle pdb=" CA  GLY A   2 "
        pdb=" N   GLY A   2 "
        pdb=" H   GLY A   2 "
      ideal   model   delta    sigma   weight residual
     114.00  118.91   -4.91 3.00e+00 1.11e-01 2.68e+00
  angle pdb=" C   PHE A   3 "
        pdb=" CA  PHE A   3 "
        pdb=" N   PHE A   3 "
      ideal   model   delta    sigma   weight residual
     111.00  106.47    4.53 2.80e+00 1.28e-01 2.61e+00
  angle pdb=" C   GLY A   2 "
        pdb=" N   PHE A   3 "
        pdb=" CA  PHE A   3 "
      ideal   model   delta    sigma   weight residual
     121.70  118.99    2.71 1.80e+00 3.09e-01 2.27e+00
  ... (remaining 55 not shown)

  Histogram of dihedral angle deviations from ideal:
        0.10 -     3.68: 9
        3.68 -     7.25: 2
        7.25 -    10.82: 1
       10.82 -    14.39: 0
       14.39 -    17.96: 1
  Dihedral angle restraints: 13
    sinusoidal: 3
      harmonic: 10
  Sorted by residual:
  dihedral pdb=" CA  GLY A   1 "
           pdb=" C   GLY A   1 "
           pdb=" N   GLY A   2 "
           pdb=" CA  GLY A   2 "
      ideal   model   delta  harmonic     sigma   weight residual
    -180.00 -173.94   -6.06     0      5.00e+00 4.00e-02 1.47e+00
  dihedral pdb=" C   PHE A   3 "
           pdb=" N   PHE A   3 "
           pdb=" CA  PHE A   3 "
           pdb=" CB  PHE A   3 "
      ideal   model   delta  harmonic     sigma   weight residual
    -122.60 -120.27   -2.33     0      2.50e+00 1.60e-01 8.66e-01
  dihedral pdb=" CG  PHE A   3 "
           pdb=" CE2 PHE A   3 "
           pdb=" CD2 PHE A   3 "
           pdb=" HE2 PHE A   3 "
      ideal   model   delta  harmonic     sigma   weight residual
     180.00  176.38    3.62     0      5.00e+00 4.00e-02 5.25e-01
  ... (remaining 10 not shown)

  Histogram of chiral volume deviations from ideal:
       0.060 -    0.060: 1
       0.060 -    0.060: 0
       0.060 -    0.060: 0
       0.060 -    0.060: 0
       0.060 -    0.060: 0
  Chirality restraints: 1
  Sorted by residual:
  chirality pdb=" CA  PHE A   3 "
            pdb=" C   PHE A   3 "
            pdb=" N   PHE A   3 "
            pdb=" CB  PHE A   3 "
    both_signs  ideal   model   delta    sigma   weight residual
      False     -2.51   -2.57    0.06 2.00e-01 2.50e+01 9.09e-02

  Planarity restraints: 6
  Sorted by residual:
                                 delta    sigma   weight rms_deltas residual
  plane pdb=" C   GLY A   1 "    0.015 2.00e-02 2.50e+03   2.93e-02 8.57e+00
        pdb=" CA  GLY A   2 "    0.013 2.00e-02 2.50e+03
        pdb=" N   GLY A   2 "   -0.050 2.00e-02 2.50e+03
        pdb=" H   GLY A   2 "    0.022 2.00e-02 2.50e+03
                                 delta    sigma   weight rms_deltas residual
  plane pdb=" CB  PHE A   3 "   -0.003 2.00e-02 2.50e+03   1.52e-02 6.92e+00
        pdb=" CG  PHE A   3 "   -0.012 2.00e-02 2.50e+03
        pdb=" CD1 PHE A   3 "    0.006 2.00e-02 2.50e+03
        pdb=" HD1 PHE A   3 "   -0.011 2.00e-02 2.50e+03
        pdb=" CE1 PHE A   3 "   -0.001 2.00e-02 2.50e+03
        pdb=" HE1 PHE A   3 "    0.004 2.00e-02 2.50e+03
        pdb=" CZ  PHE A   3 "    0.018 2.00e-02 2.50e+03
        pdb=" HZ  PHE A   3 "   -0.002 2.00e-02 2.50e+03
        pdb=" CE2 PHE A   3 "    0.011 2.00e-02 2.50e+03
        pdb=" HE2 PHE A   3 "   -0.036 2.00e-02 2.50e+03
        pdb=" CD2 PHE A   3 "   -0.002 2.00e-02 2.50e+03
        pdb=" HD2 PHE A   3 "    0.027 2.00e-02 2.50e+03
                                 delta    sigma   weight rms_deltas residual
  plane pdb=" C   GLY A   2 "   -0.018 2.00e-02 2.50e+03   1.05e-02 1.10e+00
        pdb=" O   GLY A   2 "    0.007 2.00e-02 2.50e+03
        pdb=" CA  GLY A   2 "    0.005 2.00e-02 2.50e+03
        pdb=" N   PHE A   3 "    0.006 2.00e-02 2.50e+03
  ... (remaining 3 not shown)

  Histogram of nonbonded interaction distances:
        1.90 -     2.50: 20
        2.50 -     3.09: 49
        3.09 -     3.69: 73
        3.69 -     4.28: 74
        4.28 -     4.88: 92
  Nonbonded interactions: 308
  Sorted by model distance:
  nonbonded pdb=" H1  GLY A   1 "
            pdb=" HE2 PHE A   3 "
     model   vdw
     1.902 2.100
  nonbonded pdb=" HA1 GLY A   1 "
            pdb=" H1  GLY A   1 "
     model   vdw
     2.082 1.816
  nonbonded pdb=" O   GLY A   1 "
            pdb=" H   PHE A   3 "
     model   vdw
     2.250 1.970
  nonbonded pdb=" HA2 GLY A   1 "
            pdb=" H2  GLY A   1 "
     model   vdw
     2.255 1.816
  nonbonded pdb=" HE2 PHE A   3 "
            pdb=" HD2 PHE A   3 "
     model   vdw
     2.263 1.680
  ... (remaining 303 not shown)

  NOTE: a complete listing of the restraints can be obtained by requesting
        output of .geo file.

                   ----------xray_structure summary----------                  

Number of scattering types: 4
  Type Number    sf(0)   Gaussians
   O       4      7.97       2
   N       3      6.97       2
   C      13      5.97       2
   H      17      1.00       2
  sf(0) = scattering factor at diffraction angle 0.
Number of scatterers: 37
At special positions: 0
Unit cell: (13.158, 10.74, 14.911, 90, 90, 90)
Space group: P 1 (No. 1)

End of input processing
r_work=0.3672 r_free=0.5441
params.data_weight: 0.0
params.restraints: qm
rmsd(b), start:  0.0796
mc:   0 R: 0.3646 rmsd(b):  0.0283 restraint_scale:  1.0 min_steps: 53
mc:   1 R: 0.3626 rmsd(b):  0.0281 restraint_scale:  1.0 min_steps: 18
mc:   2 R: 0.3513 rmsd(b):  0.0280 restraint_scale:  1.0 min_steps: 37
mc:   3 R: 0.3513 rmsd(b):  0.0279 restraint_scale:  1.0 min_steps: 4
Convergence reached, stop now.
see the result structure:  ./p26/04_results/opt_qm/230_GGF09-new/0.6/7.pdb
Time: 149.0509
