phenix.python
you are importing  adaptive calculator, and it does nothing. Please give it energy, force....... 

============================== Collecting inputs ==============================


                   ----------Processing X-ray data----------                   

F-obs:
  /scratch/m_zhen01/31011.lupus.uni-muenster.de/p26/02_mtz/252_FGG55-new.mtz:F-obs
Miller array info: None
Observation type: xray.amplitude
Type of data: double, size=198
Type of sigmas: None
Number of Miller indices: 198
Anomalous flag: False
Unit cell: (13.54, 12.837, 11.4, 90, 90, 90)
Space group: P 1 (No. 1)
Systematic absences: 0
Centric reflections: 0
Resolution range: 3.98871 2.50467
Completeness in resolution range: 1
Completeness with d_max=infinity: 0.744361

Number of F-obs in resolution range:                   198
Number of F-obs<0 (these reflections will be rejected): 0
Number of F-obs=0 (these reflections will be used in refinement): 0
Refinement resolution range: d_max =   3.9887
                             d_min =   2.5047

R-free flags:
  /scratch/m_zhen01/31011.lupus.uni-muenster.de/p26/02_mtz/252_FGG55-new.mtz:R-free-flags
Miller array info: /scratch/m_zhen01/31011.lupus.uni-muenster.de/p26/02_mtz/252_FGG55-new.mtz:R-free-flags
Observation type: None
Type of data: int, size=198
Type of sigmas: None
Number of Miller indices: 198
Anomalous flag: False
Unit cell: (13.54, 12.837, 11.4, 90, 90, 90)
Space group: P 1 (No. 1)
Systematic absences: 0
Centric reflections: 0
Resolution range: 3.98871 2.50467
Completeness in resolution range: 1
Completeness with d_max=infinity: 0.744361
Wavelength: 1.0000

Test (R-free flags) flag value: 1

Number of work/free reflections by resolution:
                                  work free  %free
  bin  1: 3.9887 - 3.6511 [13/13]   13    0   0.0%
  bin  2: 3.6511 - 3.4048 [28/28]   24    4  14.3%
  bin  3: 3.4048 - 3.2139 [13/13]    9    4  30.8%
  bin  4: 3.2139 - 3.0597 [23/23]   23    0   0.0%
  bin  5: 3.0597 - 2.9314 [18/18]   18    0   0.0%
  bin  6: 2.9314 - 2.8222 [21/21]   21    0   0.0%
  bin  7: 2.8222 - 2.7276 [18/18]   18    0   0.0%
  bin  8: 2.7276 - 2.6446 [21/21]   20    1   4.8%
  bin  9: 2.6446 - 2.5708 [28/28]   28    0   0.0%
  bin 10: 2.5708 - 2.5047 [15/15]   14    1   6.7%
                          overall  188   10   5.1%

                   ----------Processing PDB file(s)----------                  

  Monomer Library directory:
    "/tmp1/m_zhen01/phenix-installer-1.10.1-2155-intel-linux-2.6-x86_64-centos5/phenix-1.10.1-2155/modules/chem_data/mon_lib"
  Total number of atoms: 37
  Number of models: 1
  Model: ""
    Number of chains: 1
    Chain: "A"
      Number of atoms: 37
      Number of conformers: 1
      Conformer: ""
        Number of residues, atoms: 3, 37
          Classifications: {'peptide': 3}
          Modifications used: {'NH2NOTPRO': 1, 'COOH': 1}
          Link IDs: {'TRANS': 2}
  Time building chain proxies: 0.07, per 1000 atoms: 1.89
  Number of scatterers: 37
  At special positions: 0
  Unit cell: (13.54, 12.837, 11.4, 90, 90, 90)
  Space group: P 1 (No. 1)
  Number of sites at special positions: 0
  Number of scattering types: 4
    Type Number    sf(0)
     O       4      8.00
     N       3      7.00
     C      13      6.00
     H      17      1.00
    sf(0) = scattering factor at diffraction angle 0.

  Number of disulfides: simple=0, symmetry=0

  Automatic linking
    Parameters for automatic linking
      Linking & cutoffs
        Metal                : False - 3.50
        Amimo acid           : False - 1.90
        Carbohydrate         : True  - 1.99
        Ligands              : True  - 1.99
        Amino acid - RNA/DNA : False
      
  Number of custom bonds: simple=0, symmetry=0
  Time building additional restraints: 0.02
  Conformation dependent library (CDL) restraints added in 3.0 milliseconds
  
  Adding C-beta torsion restraints...
  Number of C-beta restraints generated:  2
  Time building geometry restraints manager: 0.03 seconds

  NOTE: a complete listing of the restraints can be obtained by requesting
        output of .geo file.

  Histogram of bond lengths:
        0.87 -     1.01: 17
        1.01 -     1.14: 0
        1.14 -     1.28: 3
        1.28 -     1.41: 8
        1.41 -     1.54: 9
  Bond restraints: 37
  Sorted by residual:
  bond pdb=" C   PHE A   1 "
       pdb=" N   GLY A   2 "
    ideal  model  delta    sigma   weight residual
    1.329  1.287  0.041 1.39e-02 5.18e+03 8.88e+00
  bond pdb=" N   GLY A   3 "
       pdb=" H   GLY A   3 "
    ideal  model  delta    sigma   weight residual
    0.860  0.916 -0.056 2.00e-02 2.50e+03 7.96e+00
  bond pdb=" CD1 PHE A   1 "
       pdb=" HD1 PHE A   1 "
    ideal  model  delta    sigma   weight residual
    0.930  0.874  0.056 2.00e-02 2.50e+03 7.79e+00
  bond pdb=" CA  PHE A   1 "
       pdb=" HA  PHE A   1 "
    ideal  model  delta    sigma   weight residual
    0.970  0.925  0.045 2.00e-02 2.50e+03 4.97e+00
  bond pdb=" CZ  PHE A   1 "
       pdb=" HZ  PHE A   1 "
    ideal  model  delta    sigma   weight residual
    0.930  0.968 -0.038 2.00e-02 2.50e+03 3.57e+00
  ... (remaining 32 not shown)

  Histogram of bond angle deviations from ideal:
      104.56 -   108.69: 11
      108.69 -   112.82: 15
      112.82 -   116.96: 5
      116.96 -   121.09: 16
      121.09 -   125.23: 13
  Bond angle restraints: 60
  Sorted by residual:
  angle pdb=" C   GLY A   2 "
        pdb=" N   GLY A   3 "
        pdb=" CA  GLY A   3 "
      ideal   model   delta    sigma   weight residual
     121.70  125.23   -3.53 1.80e+00 3.09e-01 3.84e+00
  angle pdb=" O   PHE A   1 "
        pdb=" C   PHE A   1 "
        pdb=" CA  PHE A   1 "
      ideal   model   delta    sigma   weight residual
     120.80  123.85   -3.05 1.70e+00 3.46e-01 3.21e+00
  angle pdb=" CA  PHE A   1 "
        pdb=" C   PHE A   1 "
        pdb=" N   GLY A   2 "
      ideal   model   delta    sigma   weight residual
     116.20  112.97    3.23 2.00e+00 2.50e-01 2.61e+00
  angle pdb=" C   GLY A   3 "
        pdb=" CA  GLY A   3 "
        pdb=" HA2 GLY A   3 "
      ideal   model   delta    sigma   weight residual
     109.00  105.20    3.80 3.00e+00 1.11e-01 1.60e+00
  angle pdb=" CA  PHE A   1 "
        pdb=" CB  PHE A   1 "
        pdb=" CG  PHE A   1 "
      ideal   model   delta    sigma   weight residual
     113.80  115.07   -1.27 1.00e+00 1.00e+00 1.60e+00
  ... (remaining 55 not shown)

  Histogram of dihedral angle deviations from ideal:
        0.16 -    35.33: 12
       35.33 -    70.51: 0
       70.51 -   105.69: 0
      105.69 -   140.86: 0
      140.86 -   176.04: 1
  Dihedral angle restraints: 13
    sinusoidal: 3
      harmonic: 10
  Sorted by residual:
  dihedral pdb=" O   GLY A   3 "
           pdb=" C   GLY A   3 "
           pdb=" OXT GLY A   3 "
           pdb=" HXT GLY A   3 "
      ideal   model   delta  harmonic     sigma   weight residual
       0.00 -176.04  176.04     0      3.00e+01 1.11e-03 3.44e+01
  dihedral pdb=" CA  PHE A   1 "
           pdb=" CB  PHE A   1 "
           pdb=" CG  PHE A   1 "
           pdb=" CD1 PHE A   1 "
      ideal   model   delta sinusoidal    sigma   weight residual
     -90.00 -118.42   28.42     2      2.00e+01 2.50e-03 2.72e+00
  dihedral pdb=" C   PHE A   1 "
           pdb=" N   PHE A   1 "
           pdb=" CA  PHE A   1 "
           pdb=" CB  PHE A   1 "
      ideal   model   delta  harmonic     sigma   weight residual
    -122.60 -121.20   -1.40     0      2.50e+00 1.60e-01 3.14e-01
  ... (remaining 10 not shown)

  Histogram of chiral volume deviations from ideal:
       0.003 -    0.003: 1
       0.003 -    0.003: 0
       0.003 -    0.003: 0
       0.003 -    0.003: 0
       0.003 -    0.003: 0
  Chirality restraints: 1
  Sorted by residual:
  chirality pdb=" CA  PHE A   1 "
            pdb=" C   PHE A   1 "
            pdb=" N   PHE A   1 "
            pdb=" CB  PHE A   1 "
    both_signs  ideal   model   delta    sigma   weight residual
      False     -2.51   -2.51    0.00 2.00e-01 2.50e+01 2.89e-04

  Planarity restraints: 6
  Sorted by residual:
                                 delta    sigma   weight rms_deltas residual
  plane pdb=" CB  PHE A   1 "    0.010 2.00e-02 2.50e+03   1.58e-02 7.45e+00
        pdb=" CG  PHE A   1 "   -0.014 2.00e-02 2.50e+03
        pdb=" CD2 PHE A   1 "    0.003 2.00e-02 2.50e+03
        pdb=" HD2 PHE A   1 "    0.024 2.00e-02 2.50e+03
        pdb=" CE2 PHE A   1 "   -0.017 2.00e-02 2.50e+03
        pdb=" HE2 PHE A   1 "   -0.008 2.00e-02 2.50e+03
        pdb=" CZ  PHE A   1 "    0.008 2.00e-02 2.50e+03
        pdb=" HZ  PHE A   1 "   -0.005 2.00e-02 2.50e+03
        pdb=" CE1 PHE A   1 "   -0.005 2.00e-02 2.50e+03
        pdb=" HE1 PHE A   1 "    0.034 2.00e-02 2.50e+03
        pdb=" CD1 PHE A   1 "   -0.012 2.00e-02 2.50e+03
        pdb=" HD1 PHE A   1 "   -0.018 2.00e-02 2.50e+03
                                 delta    sigma   weight rms_deltas residual
  plane pdb=" O   GLY A   3 "   -0.015 2.00e-02 2.50e+03   1.48e-02 2.75e+00
        pdb=" C   GLY A   3 "    0.016 2.00e-02 2.50e+03
        pdb=" OXT GLY A   3 "    0.017 2.00e-02 2.50e+03
        pdb=" HXT GLY A   3 "   -0.018 2.00e-02 2.50e+03
        pdb=" CA  GLY A   3 "    0.001 2.00e-02 2.50e+03
                                 delta    sigma   weight rms_deltas residual
  plane pdb=" C   PHE A   1 "    0.021 2.00e-02 2.50e+03   1.19e-02 1.42e+00
        pdb=" O   PHE A   1 "   -0.008 2.00e-02 2.50e+03
        pdb=" CA  PHE A   1 "   -0.006 2.00e-02 2.50e+03
        pdb=" N   GLY A   2 "   -0.007 2.00e-02 2.50e+03
  ... (remaining 3 not shown)

  Histogram of nonbonded interaction distances:
        2.17 -     2.71: 39
        2.71 -     3.26: 58
        3.26 -     3.80: 50
        3.80 -     4.35: 55
        4.35 -     4.89: 86
  Nonbonded interactions: 288
  Sorted by model distance:
  nonbonded pdb=" HA  PHE A   1 "
            pdb=" H   GLY A   2 "
     model   vdw
     2.165 2.270
  nonbonded pdb=" HXT GLY A   3 "
            pdb=" N   GLY A   3 "
     model   vdw
     2.203 2.650
  nonbonded pdb=" HA2 GLY A   2 "
            pdb=" H   GLY A   2 "
     model   vdw
     2.206 1.816
  nonbonded pdb=" H1  PHE A   1 "
            pdb=" HB2 PHE A   1 "
     model   vdw
     2.263 2.270
  nonbonded pdb=" HA1 GLY A   3 "
            pdb=" H   GLY A   3 "
     model   vdw
     2.268 1.816
  ... (remaining 283 not shown)

  NOTE: a complete listing of the restraints can be obtained by requesting
        output of .geo file.

                   ----------xray_structure summary----------                  

Number of scattering types: 4
  Type Number    sf(0)   Gaussians
   O       4      7.97       2
   N       3      6.97       2
   C      13      5.97       2
   H      17      1.00       2
  sf(0) = scattering factor at diffraction angle 0.
Number of scatterers: 37
At special positions: 0
Unit cell: (13.54, 12.837, 11.4, 90, 90, 90)
Space group: P 1 (No. 1)

End of input processing
r_work=0.5780 r_free=0.3764
params.data_weight: None
params.restraints: qm
rmsd(b), start:  0.0920
mc:   0 R: 0.2142 rmsd(b):  0.8135 restraint_scale:  2.0 min_steps: 52
mc:   1 R: 0.1934 rmsd(b):  0.8136 restraint_scale:  4.0 min_steps: 22
mc:   2 R: 0.1934 rmsd(b):  0.8136 restraint_scale:  8.0 min_steps: 1
Convergence reached, stop now.
see the result structure:  ./p26/04_results/refine_qm/252_FGG55-new/1.2/2.pdb
Time: 117.4681
