phenix.python
you are importing  adaptive calculator, and it does nothing. Please give it energy, force....... 

============================== Collecting inputs ==============================


                   ----------Processing X-ray data----------                   

F-obs:
  /scratch/m_zhen01/31011.lupus.uni-muenster.de/p26/02_mtz/236_GFA15-new.mtz:F-obs
Miller array info: None
Observation type: xray.amplitude
Type of data: double, size=244
Type of sigmas: None
Number of Miller indices: 244
Anomalous flag: False
Unit cell: (11.9, 11.178, 17.205, 90, 90, 90)
Space group: P 1 (No. 1)
Systematic absences: 0
Centric reflections: 0
Resolution range: 3.96667 2.50252
Completeness in resolution range: 1
Completeness with d_max=infinity: 0.772152

Number of F-obs in resolution range:                   244
Number of F-obs<0 (these reflections will be rejected): 0
Number of F-obs=0 (these reflections will be used in refinement): 0
Refinement resolution range: d_max =   3.9667
                             d_min =   2.5025

R-free flags:
  /scratch/m_zhen01/31011.lupus.uni-muenster.de/p26/02_mtz/236_GFA15-new.mtz:R-free-flags
Miller array info: /scratch/m_zhen01/31011.lupus.uni-muenster.de/p26/02_mtz/236_GFA15-new.mtz:R-free-flags
Observation type: None
Type of data: int, size=244
Type of sigmas: None
Number of Miller indices: 244
Anomalous flag: False
Unit cell: (11.9, 11.178, 17.205, 90, 90, 90)
Space group: P 1 (No. 1)
Systematic absences: 0
Centric reflections: 0
Resolution range: 3.96667 2.50252
Completeness in resolution range: 1
Completeness with d_max=infinity: 0.772152
Wavelength: 1.0000

Test (R-free flags) flag value: 1

Number of work/free reflections by resolution:
                                  work free  %free
  bin  1: 3.9667 - 3.6361 [32/32]   32    0   0.0%
  bin  2: 3.6361 - 3.3939 [19/19]   15    4  21.1%
  bin  3: 3.3939 - 3.2056 [24/24]   24    0   0.0%
  bin  4: 3.2056 - 3.0532 [20/20]   16    4  20.0%
  bin  5: 3.0532 - 2.9261 [23/23]   19    4  17.4%
  bin  6: 2.9261 - 2.8179 [21/21]   21    0   0.0%
  bin  7: 2.8179 - 2.7240 [27/27]   27    0   0.0%
  bin  8: 2.7240 - 2.6416 [18/18]   18    0   0.0%
  bin  9: 2.6416 - 2.5683 [32/32]   28    4  12.5%
  bin 10: 2.5683 - 2.5025 [28/28]   28    0   0.0%
                          overall  228   16   6.6%

                   ----------Processing PDB file(s)----------                  

  Monomer Library directory:
    "/tmp1/m_zhen01/phenix-installer-1.10.1-2155-intel-linux-2.6-x86_64-centos5/phenix-1.10.1-2155/modules/chem_data/mon_lib"
  Total number of atoms: 40
  Number of models: 1
  Model: ""
    Number of chains: 1
    Chain: "A"
      Number of atoms: 40
      Number of conformers: 1
      Conformer: ""
        Number of residues, atoms: 3, 40
          Classifications: {'peptide': 3}
          Modifications used: {'NH2NOTPRO': 1, 'COOH': 1}
          Link IDs: {'TRANS': 2}
  Time building chain proxies: 0.08, per 1000 atoms: 2.00
  Number of scatterers: 40
  At special positions: 0
  Unit cell: (11.9, 11.178, 17.205, 90, 90, 90)
  Space group: P 1 (No. 1)
  Number of sites at special positions: 0
  Number of scattering types: 4
    Type Number    sf(0)
     O       4      8.00
     N       3      7.00
     C      14      6.00
     H      19      1.00
    sf(0) = scattering factor at diffraction angle 0.

  Number of disulfides: simple=0, symmetry=0

  Automatic linking
    Parameters for automatic linking
      Linking & cutoffs
        Metal                : False - 3.50
        Amimo acid           : False - 1.90
        Carbohydrate         : True  - 1.99
        Ligands              : True  - 1.99
        Amino acid - RNA/DNA : False
      
  Number of custom bonds: simple=0, symmetry=0
  Time building additional restraints: 0.03
  Conformation dependent library (CDL) restraints added in 3.9 milliseconds
  
  Adding C-beta torsion restraints...
  Number of C-beta restraints generated:  4
  Time building geometry restraints manager: 0.03 seconds

  NOTE: a complete listing of the restraints can be obtained by requesting
        output of .geo file.

  Histogram of bond lengths:
        0.89 -     1.02: 19
        1.02 -     1.15: 0
        1.15 -     1.29: 3
        1.29 -     1.42: 8
        1.42 -     1.55: 10
  Bond restraints: 40
  Sorted by residual:
  bond pdb=" N   PHE A   2 "
       pdb=" H   PHE A   2 "
    ideal  model  delta    sigma   weight residual
    0.860  0.901 -0.041 2.00e-02 2.50e+03 4.12e+00
  bond pdb=" CG  PHE A   2 "
       pdb=" CD1 PHE A   2 "
    ideal  model  delta    sigma   weight residual
    1.384  1.344  0.040 2.10e-02 2.27e+03 3.66e+00
  bond pdb=" N   ALA A   3 "
       pdb=" H   ALA A   3 "
    ideal  model  delta    sigma   weight residual
    0.860  0.893 -0.033 2.00e-02 2.50e+03 2.66e+00
  bond pdb=" CE1 PHE A   2 "
       pdb=" CZ  PHE A   2 "
    ideal  model  delta    sigma   weight residual
    1.382  1.425 -0.043 3.00e-02 1.11e+03 2.03e+00
  bond pdb=" CZ  PHE A   2 "
       pdb=" HZ  PHE A   2 "
    ideal  model  delta    sigma   weight residual
    0.930  0.902  0.028 2.00e-02 2.50e+03 2.00e+00
  ... (remaining 35 not shown)

  Histogram of bond angle deviations from ideal:
      104.70 -   109.10: 17
      109.10 -   113.50: 15
      113.50 -   117.90: 6
      117.90 -   122.30: 22
      122.30 -   126.71: 6
  Bond angle restraints: 66
  Sorted by residual:
  angle pdb=" C   PHE A   2 "
        pdb=" N   ALA A   3 "
        pdb=" CA  ALA A   3 "
      ideal   model   delta    sigma   weight residual
     121.70  126.23   -4.53 1.80e+00 3.09e-01 6.32e+00
  angle pdb=" CD1 PHE A   2 "
        pdb=" CG  PHE A   2 "
        pdb=" CD2 PHE A   2 "
      ideal   model   delta    sigma   weight residual
     118.60  121.47   -2.87 1.50e+00 4.44e-01 3.66e+00
  angle pdb=" CB  PHE A   2 "
        pdb=" CG  PHE A   2 "
        pdb=" CD2 PHE A   2 "
      ideal   model   delta    sigma   weight residual
     120.70  117.79    2.91 1.70e+00 3.46e-01 2.92e+00
  angle pdb=" CA  ALA A   3 "
        pdb=" N   ALA A   3 "
        pdb=" H   ALA A   3 "
      ideal   model   delta    sigma   weight residual
     114.00  108.96    5.04 3.00e+00 1.11e-01 2.82e+00
  angle pdb=" CB  PHE A   2 "
        pdb=" CA  PHE A   2 "
        pdb=" N   PHE A   2 "
      ideal   model   delta    sigma   weight residual
     110.49  107.67    2.82 1.69e+00 3.50e-01 2.78e+00
  ... (remaining 61 not shown)

  Histogram of dihedral angle deviations from ideal:
        0.34 -    35.41: 15
       35.41 -    70.48: 0
       70.48 -   105.55: 0
      105.55 -   140.62: 0
      140.62 -   175.69: 1
  Dihedral angle restraints: 16
    sinusoidal: 4
      harmonic: 12
  Sorted by residual:
  dihedral pdb=" O   ALA A   3 "
           pdb=" C   ALA A   3 "
           pdb=" OXT ALA A   3 "
           pdb=" HXT ALA A   3 "
      ideal   model   delta  harmonic     sigma   weight residual
       0.00 -175.69  175.69     0      3.00e+01 1.11e-03 3.43e+01
  dihedral pdb=" CA  GLY A   1 "
           pdb=" C   GLY A   1 "
           pdb=" N   PHE A   2 "
           pdb=" CA  PHE A   2 "
      ideal   model   delta  harmonic     sigma   weight residual
    -180.00 -172.29   -7.71     0      5.00e+00 4.00e-02 2.38e+00
  dihedral pdb=" N   ALA A   3 "
           pdb=" C   ALA A   3 "
           pdb=" CA  ALA A   3 "
           pdb=" CB  ALA A   3 "
      ideal   model   delta  harmonic     sigma   weight residual
     122.90  120.80    2.10     0      2.50e+00 1.60e-01 7.08e-01
  ... (remaining 13 not shown)

  Histogram of chiral volume deviations from ideal:
       0.038 -    0.041: 1
       0.041 -    0.044: 0
       0.044 -    0.047: 0
       0.047 -    0.050: 0
       0.050 -    0.053: 1
  Chirality restraints: 2
  Sorted by residual:
  chirality pdb=" CA  PHE A   2 "
            pdb=" CB  PHE A   2 "
            pdb=" C   PHE A   2 "
            pdb=" N   PHE A   2 "
    both_signs  ideal   model   delta    sigma   weight residual
      False     -2.51   -2.46   -0.05 2.00e-01 2.50e+01 7.07e-02
  chirality pdb=" CA  ALA A   3 "
            pdb=" C   ALA A   3 "
            pdb=" CB  ALA A   3 "
            pdb=" N   ALA A   3 "
    both_signs  ideal   model   delta    sigma   weight residual
      False      2.48    2.52   -0.04 2.00e-01 2.50e+01 3.69e-02

  Planarity restraints: 6
  Sorted by residual:
                                 delta    sigma   weight rms_deltas residual
  plane pdb=" C   PHE A   2 "    0.013 2.00e-02 2.50e+03   2.27e-02 5.14e+00
        pdb=" CA  ALA A   3 "    0.010 2.00e-02 2.50e+03
        pdb=" N   ALA A   3 "   -0.039 2.00e-02 2.50e+03
        pdb=" H   ALA A   3 "    0.016 2.00e-02 2.50e+03
                                 delta    sigma   weight rms_deltas residual
  plane pdb=" O   ALA A   3 "   -0.018 2.00e-02 2.50e+03   1.70e-02 3.60e+00
        pdb=" C   ALA A   3 "    0.031 2.00e-02 2.50e+03
        pdb=" OXT ALA A   3 "    0.003 2.00e-02 2.50e+03
        pdb=" HXT ALA A   3 "   -0.012 2.00e-02 2.50e+03
        pdb=" CA  ALA A   3 "   -0.004 2.00e-02 2.50e+03
                                 delta    sigma   weight rms_deltas residual
  plane pdb=" CB  PHE A   2 "   -0.020 2.00e-02 2.50e+03   9.90e-03 2.94e+00
        pdb=" CG  PHE A   2 "   -0.003 2.00e-02 2.50e+03
        pdb=" CD1 PHE A   2 "   -0.004 2.00e-02 2.50e+03
        pdb=" HD1 PHE A   2 "    0.017 2.00e-02 2.50e+03
        pdb=" CE1 PHE A   2 "   -0.003 2.00e-02 2.50e+03
        pdb=" HE1 PHE A   2 "    0.002 2.00e-02 2.50e+03
        pdb=" CZ  PHE A   2 "   -0.008 2.00e-02 2.50e+03
        pdb=" HZ  PHE A   2 "   -0.003 2.00e-02 2.50e+03
        pdb=" CE2 PHE A   2 "   -0.000 2.00e-02 2.50e+03
        pdb=" HE2 PHE A   2 "   -0.004 2.00e-02 2.50e+03
        pdb=" CD2 PHE A   2 "    0.015 2.00e-02 2.50e+03
        pdb=" HD2 PHE A   2 "    0.011 2.00e-02 2.50e+03
  ... (remaining 3 not shown)

  Histogram of nonbonded interaction distances:
        1.69 -     2.33: 17
        2.33 -     2.97: 59
        2.97 -     3.61: 73
        3.61 -     4.26: 76
        4.26 -     4.90: 93
  Nonbonded interactions: 318
  Sorted by model distance:
  nonbonded pdb=" HA1 GLY A   1 "
            pdb=" H2  GLY A   1 "
     model   vdw
     1.688 1.816
  nonbonded pdb=" HB1 PHE A   2 "
            pdb=" H   ALA A   3 "
     model   vdw
     2.047 2.270
  nonbonded pdb=" O   GLY A   1 "
            pdb=" H   ALA A   3 "
     model   vdw
     2.092 1.970
  nonbonded pdb=" HA  PHE A   2 "
            pdb=" H   PHE A   2 "
     model   vdw
     2.106 1.816
  nonbonded pdb=" HB3 ALA A   3 "
            pdb=" H   ALA A   3 "
     model   vdw
     2.186 2.270
  ... (remaining 313 not shown)

  NOTE: a complete listing of the restraints can be obtained by requesting
        output of .geo file.

                   ----------xray_structure summary----------                  

Number of scattering types: 4
  Type Number    sf(0)   Gaussians
   O       4      7.97       2
   N       3      6.97       2
   C      14      5.97       2
   H      19      1.00       2
  sf(0) = scattering factor at diffraction angle 0.
Number of scatterers: 40
At special positions: 0
Unit cell: (11.9, 11.178, 17.205, 90, 90, 90)
Space group: P 1 (No. 1)

End of input processing
r_work=0.5688 r_free=0.5240
params.data_weight: None
params.restraints: qm
rmsd(b), start:  0.0883
mc:   0 R: 0.3300 rmsd(b):  0.6682 restraint_scale:  2.0 min_steps: 44
mc:   1 R: 0.1923 rmsd(b):  0.5465 restraint_scale:  4.0 min_steps: 52
mc:   2 R: 0.1819 rmsd(b):  0.5551 restraint_scale:  8.0 min_steps: 27
mc:   3 R: 0.1834 rmsd(b):  0.5551 restraint_scale: 16.0 min_steps: 4
