phenix.python
you are importing  adaptive calculator, and it does nothing. Please give it energy, force....... 

============================== Collecting inputs ==============================


                   ----------Processing X-ray data----------                   

F-obs:
  /scratch/m_zhen01/31011.lupus.uni-muenster.de/p26/02_mtz/256_FGG366-new.mtz:F-obs
Miller array info: None
Observation type: xray.amplitude
Type of data: double, size=225
Type of sigmas: None
Number of Miller indices: 225
Anomalous flag: False
Unit cell: (17.505, 12.566, 10.301, 90, 90, 90)
Space group: P 1 (No. 1)
Systematic absences: 0
Centric reflections: 0
Resolution range: 3.9832 2.50071
Completeness in resolution range: 1
Completeness with d_max=infinity: 0.760135

Number of F-obs in resolution range:                   225
Number of F-obs<0 (these reflections will be rejected): 0
Number of F-obs=0 (these reflections will be used in refinement): 0
Refinement resolution range: d_max =   3.9832
                             d_min =   2.5007

R-free flags:
  /scratch/m_zhen01/31011.lupus.uni-muenster.de/p26/02_mtz/256_FGG366-new.mtz:R-free-flags
Miller array info: /scratch/m_zhen01/31011.lupus.uni-muenster.de/p26/02_mtz/256_FGG366-new.mtz:R-free-flags
Observation type: None
Type of data: int, size=225
Type of sigmas: None
Number of Miller indices: 225
Anomalous flag: False
Unit cell: (17.505, 12.566, 10.301, 90, 90, 90)
Space group: P 1 (No. 1)
Systematic absences: 0
Centric reflections: 0
Resolution range: 3.9832 2.50071
Completeness in resolution range: 1
Completeness with d_max=infinity: 0.760135
Wavelength: 1.0000

Test (R-free flags) flag value: 1

Number of work/free reflections by resolution:
                                  work free  %free
  bin  1: 3.9832 - 3.6458 [28/28]   28    0   0.0%
  bin  2: 3.6458 - 3.3998 [14/14]   14    0   0.0%
  bin  3: 3.3998 - 3.2091 [32/32]   30    2   6.2%
  bin  4: 3.2091 - 3.0550 [19/19]   15    4  21.1%
  bin  5: 3.0550 - 2.9268 [30/30]   30    0   0.0%
  bin  6: 2.9268 - 2.8178 [29/29]   25    4  13.8%
  bin  7: 2.8178 - 2.7234 [ 8/8 ]    8    0   0.0%
  bin  8: 2.7234 - 2.6404 [26/26]   26    0   0.0%
  bin  9: 2.6404 - 2.5668 [17/17]   17    0   0.0%
  bin 10: 2.5668 - 2.5007 [22/22]   20    2   9.1%
                          overall  213   12   5.3%

                   ----------Processing PDB file(s)----------                  

  Monomer Library directory:
    "/tmp1/m_zhen01/phenix-installer-1.10.1-2155-intel-linux-2.6-x86_64-centos5/phenix-1.10.1-2155/modules/chem_data/mon_lib"
  Total number of atoms: 37
  Number of models: 1
  Model: ""
    Number of chains: 1
    Chain: "A"
      Number of atoms: 37
      Number of conformers: 1
      Conformer: ""
        Number of residues, atoms: 3, 37
          Classifications: {'peptide': 3}
          Modifications used: {'NH2NOTPRO': 1, 'COOH': 1}
          Link IDs: {'TRANS': 2}
  Time building chain proxies: 0.07, per 1000 atoms: 1.89
  Number of scatterers: 37
  At special positions: 0
  Unit cell: (17.505, 12.566, 10.301, 90, 90, 90)
  Space group: P 1 (No. 1)
  Number of sites at special positions: 0
  Number of scattering types: 4
    Type Number    sf(0)
     O       4      8.00
     N       3      7.00
     C      13      6.00
     H      17      1.00
    sf(0) = scattering factor at diffraction angle 0.

  Number of disulfides: simple=0, symmetry=0

  Automatic linking
    Parameters for automatic linking
      Linking & cutoffs
        Metal                : False - 3.50
        Amimo acid           : False - 1.90
        Carbohydrate         : True  - 1.99
        Ligands              : True  - 1.99
        Amino acid - RNA/DNA : False
      
  Number of custom bonds: simple=0, symmetry=0
  Time building additional restraints: 0.02
  Conformation dependent library (CDL) restraints added in 2.8 milliseconds
  
  Adding C-beta torsion restraints...
  Number of C-beta restraints generated:  2
  Time building geometry restraints manager: 0.02 seconds

  NOTE: a complete listing of the restraints can be obtained by requesting
        output of .geo file.

  Histogram of bond lengths:
        0.86 -     1.00: 17
        1.00 -     1.14: 0
        1.14 -     1.27: 3
        1.27 -     1.41: 8
        1.41 -     1.55: 9
  Bond restraints: 37
  Sorted by residual:
  bond pdb=" C   PHE A   1 "
       pdb=" O   PHE A   1 "
    ideal  model  delta    sigma   weight residual
    1.231  1.182  0.049 2.00e-02 2.50e+03 5.93e+00
  bond pdb=" CA  GLY A   2 "
       pdb=" N   GLY A   2 "
    ideal  model  delta    sigma   weight residual
    1.449  1.419  0.030 1.45e-02 4.76e+03 4.29e+00
  bond pdb=" C   GLY A   2 "
       pdb=" O   GLY A   2 "
    ideal  model  delta    sigma   weight residual
    1.235  1.209  0.026 1.35e-02 5.49e+03 3.72e+00
  bond pdb=" CA  GLY A   2 "
       pdb=" HA2 GLY A   2 "
    ideal  model  delta    sigma   weight residual
    0.970  0.934  0.036 2.00e-02 2.50e+03 3.33e+00
  bond pdb=" N   PHE A   1 "
       pdb=" H2  PHE A   1 "
    ideal  model  delta    sigma   weight residual
    0.960  0.992 -0.032 2.00e-02 2.50e+03 2.54e+00
  ... (remaining 32 not shown)

  Histogram of bond angle deviations from ideal:
      101.80 -   106.98: 5
      106.98 -   112.16: 19
      112.16 -   117.34: 7
      117.34 -   122.52: 24
      122.52 -   127.70: 5
  Bond angle restraints: 60
  Sorted by residual:
  angle pdb=" C   GLY A   3 "
        pdb=" OXT GLY A   3 "
        pdb=" HXT GLY A   3 "
      ideal   model   delta    sigma   weight residual
     108.00  101.80    6.20 3.00e+00 1.11e-01 4.27e+00
  angle pdb=" HA1 GLY A   2 "
        pdb=" CA  GLY A   2 "
        pdb=" HA2 GLY A   2 "
      ideal   model   delta    sigma   weight residual
     109.00  114.32   -5.32 3.00e+00 1.11e-01 3.15e+00
  angle pdb=" C   PHE A   1 "
        pdb=" N   GLY A   2 "
        pdb=" CA  GLY A   2 "
      ideal   model   delta    sigma   weight residual
     121.41  118.68    2.73 1.96e+00 2.60e-01 1.95e+00
  angle pdb=" CA  PHE A   1 "
        pdb=" CB  PHE A   1 "
        pdb=" CG  PHE A   1 "
      ideal   model   delta    sigma   weight residual
     113.80  112.41    1.39 1.00e+00 1.00e+00 1.94e+00
  angle pdb=" HA2 GLY A   3 "
        pdb=" CA  GLY A   3 "
        pdb=" N   GLY A   3 "
      ideal   model   delta    sigma   weight residual
     110.00  106.14    3.86 3.00e+00 1.11e-01 1.65e+00
  ... (remaining 55 not shown)

  Histogram of dihedral angle deviations from ideal:
        0.13 -     2.45: 10
        2.45 -     4.77: 1
        4.77 -     7.10: 1
        7.10 -     9.42: 0
        9.42 -    11.74: 1
  Dihedral angle restraints: 13
    sinusoidal: 3
      harmonic: 10
  Sorted by residual:
  dihedral pdb=" OXT GLY A   3 "
           pdb=" C   GLY A   3 "
           pdb=" CA  GLY A   3 "
           pdb=" N   GLY A   3 "
      ideal   model   delta sinusoidal    sigma   weight residual
     160.00  148.26   11.74     2      3.00e+01 1.11e-03 2.21e-01
  dihedral pdb=" CA  PHE A   1 "
           pdb=" CB  PHE A   1 "
           pdb=" CG  PHE A   1 "
           pdb=" CD1 PHE A   1 "
      ideal   model   delta sinusoidal    sigma   weight residual
     -90.00  -84.67   -5.33     2      2.00e+01 2.50e-03 1.03e-01
  dihedral pdb=" N   PHE A   1 "
           pdb=" CA  PHE A   1 "
           pdb=" CB  PHE A   1 "
           pdb=" CG  PHE A   1 "
      ideal   model   delta sinusoidal    sigma   weight residual
     -60.00  -63.75    3.75     3      1.50e+01 4.44e-03 9.12e-02
  ... (remaining 10 not shown)

  Histogram of chiral volume deviations from ideal:
       0.007 -    0.007: 1
       0.007 -    0.007: 0
       0.007 -    0.007: 0
       0.007 -    0.007: 0
       0.007 -    0.007: 0
  Chirality restraints: 1
  Sorted by residual:
  chirality pdb=" CA  PHE A   1 "
            pdb=" C   PHE A   1 "
            pdb=" N   PHE A   1 "
            pdb=" CB  PHE A   1 "
    both_signs  ideal   model   delta    sigma   weight residual
      False     -2.51   -2.52    0.01 2.00e-01 2.50e+01 1.24e-03

  Planarity restraints: 6
  Sorted by residual:
                                 delta    sigma   weight rms_deltas residual
  plane pdb=" C   PHE A   1 "    0.009 2.00e-02 2.50e+03   1.71e-02 2.92e+00
        pdb=" CA  GLY A   2 "    0.007 2.00e-02 2.50e+03
        pdb=" N   GLY A   2 "   -0.029 2.00e-02 2.50e+03
        pdb=" H   GLY A   2 "    0.013 2.00e-02 2.50e+03
                                 delta    sigma   weight rms_deltas residual
  plane pdb=" CB  PHE A   1 "    0.004 2.00e-02 2.50e+03   5.35e-03 8.59e-01
        pdb=" CG  PHE A   1 "   -0.009 2.00e-02 2.50e+03
        pdb=" CD2 PHE A   1 "   -0.001 2.00e-02 2.50e+03
        pdb=" HD2 PHE A   1 "   -0.001 2.00e-02 2.50e+03
        pdb=" CE2 PHE A   1 "   -0.002 2.00e-02 2.50e+03
        pdb=" HE2 PHE A   1 "   -0.000 2.00e-02 2.50e+03
        pdb=" CZ  PHE A   1 "    0.005 2.00e-02 2.50e+03
        pdb=" HZ  PHE A   1 "    0.007 2.00e-02 2.50e+03
        pdb=" CE1 PHE A   1 "   -0.002 2.00e-02 2.50e+03
        pdb=" HE1 PHE A   1 "   -0.010 2.00e-02 2.50e+03
        pdb=" CD1 PHE A   1 "    0.003 2.00e-02 2.50e+03
        pdb=" HD1 PHE A   1 "    0.007 2.00e-02 2.50e+03
                                 delta    sigma   weight rms_deltas residual
  plane pdb=" O   GLY A   3 "    0.004 2.00e-02 2.50e+03   5.82e-03 4.24e-01
        pdb=" C   GLY A   3 "   -0.004 2.00e-02 2.50e+03
        pdb=" OXT GLY A   3 "    0.009 2.00e-02 2.50e+03
        pdb=" HXT GLY A   3 "   -0.007 2.00e-02 2.50e+03
        pdb=" CA  GLY A   3 "   -0.002 2.00e-02 2.50e+03
  ... (remaining 3 not shown)

  Histogram of nonbonded interaction distances:
        2.14 -     2.69: 44
        2.69 -     3.24: 47
        3.24 -     3.79: 46
        3.79 -     4.34: 45
        4.34 -     4.89: 70
  Nonbonded interactions: 252
  Sorted by model distance:
  nonbonded pdb=" HA2 GLY A   2 "
            pdb=" H   GLY A   2 "
     model   vdw
     2.137 1.816
  nonbonded pdb=" H1  PHE A   1 "
            pdb=" HD2 PHE A   1 "
     model   vdw
     2.179 2.100
  nonbonded pdb=" O   GLY A   3 "
            pdb=" HXT GLY A   3 "
     model   vdw
     2.209 2.056
  nonbonded pdb=" HE1 PHE A   1 "
            pdb=" HD1 PHE A   1 "
     model   vdw
     2.248 1.680
  nonbonded pdb=" HD2 PHE A   1 "
            pdb=" HE2 PHE A   1 "
     model   vdw
     2.272 1.680
  ... (remaining 247 not shown)

  NOTE: a complete listing of the restraints can be obtained by requesting
        output of .geo file.

                   ----------xray_structure summary----------                  

Number of scattering types: 4
  Type Number    sf(0)   Gaussians
   O       4      7.97       2
   N       3      6.97       2
   C      13      5.97       2
   H      17      1.00       2
  sf(0) = scattering factor at diffraction angle 0.
Number of scatterers: 37
At special positions: 0
Unit cell: (17.505, 12.566, 10.301, 90, 90, 90)
Space group: P 1 (No. 1)

End of input processing
r_work=0.4138 r_free=0.3555
params.data_weight: None
params.restraints: qm
rmsd(b), start:  0.0919
mc:   0 R: 0.1065 rmsd(b):  0.0456 restraint_scale:  2.0 min_steps: 42
mc:   1 R: 0.0271 rmsd(b):  0.0279 restraint_scale:  2.0 min_steps: 39
mc:   2 R: 0.0112 rmsd(b):  0.0408 restraint_scale:  4.0 min_steps: 22
mc:   3 R: 0.0084 rmsd(b):  0.0551 restraint_scale:  8.0 min_steps: 22
mc:   4 R: 0.0093 rmsd(b):  0.0411 restraint_scale: 16.0 min_steps: 18
mc:   5 R: 0.0091 rmsd(b):  0.0411 restraint_scale: 32.0 min_steps: 11
Convergence reached, stop now.
see the result structure:  ./p26/04_results/refine_qm/256_FGG366-new/0.6/3.pdb
Time: 237.6001
