phenix.python
you are importing  adaptive calculator, and it does nothing. Please give it energy, force....... 

============================== Collecting inputs ==============================


                   ----------Processing X-ray data----------                   

F-obs:
  /scratch/m_zhen01/30995.lupus.uni-muenster.de/p26/02_mtz/262_FGG470-new.mtz:F-obs
Miller array info: None
Observation type: xray.amplitude
Type of data: double, size=196
Type of sigmas: None
Number of Miller indices: 196
Anomalous flag: False
Unit cell: (14.065, 13.516, 10.568, 90, 90, 90)
Space group: P 1 (No. 1)
Systematic absences: 0
Centric reflections: 0
Resolution range: 3.99149 2.52197
Completeness in resolution range: 1
Completeness with d_max=infinity: 0.742424

Number of F-obs in resolution range:                   196
Number of F-obs<0 (these reflections will be rejected): 0
Number of F-obs=0 (these reflections will be used in refinement): 0
Refinement resolution range: d_max =   3.9915
                             d_min =   2.5220

R-free flags:
  /scratch/m_zhen01/30995.lupus.uni-muenster.de/p26/02_mtz/262_FGG470-new.mtz:R-free-flags
Miller array info: /scratch/m_zhen01/30995.lupus.uni-muenster.de/p26/02_mtz/262_FGG470-new.mtz:R-free-flags
Observation type: None
Type of data: int, size=196
Type of sigmas: None
Number of Miller indices: 196
Anomalous flag: False
Unit cell: (14.065, 13.516, 10.568, 90, 90, 90)
Space group: P 1 (No. 1)
Systematic absences: 0
Centric reflections: 0
Resolution range: 3.99149 2.52197
Completeness in resolution range: 1
Completeness with d_max=infinity: 0.742424
Wavelength: 1.0000

Test (R-free flags) flag value: 1

Number of work/free reflections by resolution:
                                  work free  %free
  bin  1: 3.9915 - 3.6606 [12/12]   12    0   0.0%
  bin  2: 3.6606 - 3.4177 [18/18]   10    8  44.4%
  bin  3: 3.4177 - 3.2287 [29/29]   29    0   0.0%
  bin  4: 3.2287 - 3.0756 [24/24]   24    0   0.0%
  bin  5: 3.0756 - 2.9480 [14/14]   14    0   0.0%
  bin  6: 2.9480 - 2.8392 [16/16]   16    0   0.0%
  bin  7: 2.8392 - 2.7448 [21/21]   21    0   0.0%
  bin  8: 2.7448 - 2.6619 [21/21]   17    4  19.0%
  bin  9: 2.6619 - 2.5882 [23/23]   19    4  17.4%
  bin 10: 2.5882 - 2.5220 [18/18]   18    0   0.0%
                          overall  180   16   8.2%

                   ----------Processing PDB file(s)----------                  

  Monomer Library directory:
    "/tmp1/m_zhen01/phenix-installer-1.10.1-2155-intel-linux-2.6-x86_64-centos5/phenix-1.10.1-2155/modules/chem_data/mon_lib"
  Total number of atoms: 37
  Number of models: 1
  Model: ""
    Number of chains: 1
    Chain: "A"
      Number of atoms: 37
      Number of conformers: 1
      Conformer: ""
        Number of residues, atoms: 3, 37
          Classifications: {'peptide': 3}
          Modifications used: {'NH2NOTPRO': 1, 'COOH': 1}
          Link IDs: {'TRANS': 2}
  Time building chain proxies: 0.07, per 1000 atoms: 1.89
  Number of scatterers: 37
  At special positions: 0
  Unit cell: (14.065, 13.516, 10.568, 90, 90, 90)
  Space group: P 1 (No. 1)
  Number of sites at special positions: 0
  Number of scattering types: 4
    Type Number    sf(0)
     O       4      8.00
     N       3      7.00
     C      13      6.00
     H      17      1.00
    sf(0) = scattering factor at diffraction angle 0.

  Number of disulfides: simple=0, symmetry=0

  Automatic linking
    Parameters for automatic linking
      Linking & cutoffs
        Metal                : False - 3.50
        Amimo acid           : False - 1.90
        Carbohydrate         : True  - 1.99
        Ligands              : True  - 1.99
        Amino acid - RNA/DNA : False
      
  Number of custom bonds: simple=0, symmetry=0
  Time building additional restraints: 0.02
  Conformation dependent library (CDL) restraints added in 2.5 milliseconds
  
  Adding C-beta torsion restraints...
  Number of C-beta restraints generated:  2
  Time building geometry restraints manager: 0.03 seconds

  NOTE: a complete listing of the restraints can be obtained by requesting
        output of .geo file.

  Histogram of bond lengths:
        0.82 -     0.96: 9
        0.96 -     1.10: 8
        1.10 -     1.25: 3
        1.25 -     1.39: 7
        1.39 -     1.54: 10
  Bond restraints: 37
  Sorted by residual:
  bond pdb=" N   GLY A   2 "
       pdb=" H   GLY A   2 "
    ideal  model  delta    sigma   weight residual
    0.860  0.906 -0.046 2.00e-02 2.50e+03 5.38e+00
  bond pdb=" OXT GLY A   3 "
       pdb=" HXT GLY A   3 "
    ideal  model  delta    sigma   weight residual
    0.948  0.992 -0.044 2.00e-02 2.50e+03 4.94e+00
  bond pdb=" N   GLY A   3 "
       pdb=" H   GLY A   3 "
    ideal  model  delta    sigma   weight residual
    0.860  0.817  0.043 2.00e-02 2.50e+03 4.69e+00
  bond pdb=" CA  PHE A   1 "
       pdb=" HA  PHE A   1 "
    ideal  model  delta    sigma   weight residual
    0.970  1.012 -0.042 2.00e-02 2.50e+03 4.34e+00
  bond pdb=" CA  GLY A   2 "
       pdb=" N   GLY A   2 "
    ideal  model  delta    sigma   weight residual
    1.449  1.478 -0.029 1.45e-02 4.76e+03 3.89e+00
  ... (remaining 32 not shown)

  Histogram of bond angle deviations from ideal:
      102.60 -   107.57: 8
      107.57 -   112.53: 16
      112.53 -   117.50: 8
      117.50 -   122.47: 24
      122.47 -   127.44: 4
  Bond angle restraints: 60
  Sorted by residual:
  angle pdb=" C   GLY A   3 "
        pdb=" OXT GLY A   3 "
        pdb=" HXT GLY A   3 "
      ideal   model   delta    sigma   weight residual
     108.00  102.60    5.40 3.00e+00 1.11e-01 3.24e+00
  angle pdb=" CA  PHE A   1 "
        pdb=" CB  PHE A   1 "
        pdb=" CG  PHE A   1 "
      ideal   model   delta    sigma   weight residual
     113.80  112.15    1.65 1.00e+00 1.00e+00 2.72e+00
  angle pdb=" C   GLY A   2 "
        pdb=" N   GLY A   3 "
        pdb=" CA  GLY A   3 "
      ideal   model   delta    sigma   weight residual
     121.70  118.84    2.86 1.80e+00 3.09e-01 2.53e+00
  angle pdb=" CA  PHE A   1 "
        pdb=" N   PHE A   1 "
        pdb=" H1  PHE A   1 "
      ideal   model   delta    sigma   weight residual
     109.47  104.83    4.64 3.00e+00 1.11e-01 2.39e+00
  angle pdb=" N   PHE A   1 "
        pdb=" CA  PHE A   1 "
        pdb=" CB  PHE A   1 "
      ideal   model   delta    sigma   weight residual
     110.50  107.97    2.53 1.70e+00 3.46e-01 2.22e+00
  ... (remaining 55 not shown)

  Histogram of dihedral angle deviations from ideal:
        0.08 -     2.25: 7
        2.25 -     4.41: 3
        4.41 -     6.58: 2
        6.58 -     8.75: 0
        8.75 -    10.91: 1
  Dihedral angle restraints: 13
    sinusoidal: 3
      harmonic: 10
  Sorted by residual:
  dihedral pdb=" CA  GLY A   2 "
           pdb=" C   GLY A   2 "
           pdb=" N   GLY A   3 "
           pdb=" CA  GLY A   3 "
      ideal   model   delta  harmonic     sigma   weight residual
     180.00 -174.36   -5.64     0      5.00e+00 4.00e-02 1.27e+00
  dihedral pdb=" CA  PHE A   1 "
           pdb=" C   PHE A   1 "
           pdb=" N   GLY A   2 "
           pdb=" CA  GLY A   2 "
      ideal   model   delta  harmonic     sigma   weight residual
     180.00  175.18    4.82     0      5.00e+00 4.00e-02 9.29e-01
  dihedral pdb=" HZ  PHE A   1 "
           pdb=" CZ  PHE A   1 "
           pdb=" CE1 PHE A   1 "
           pdb=" CD1 PHE A   1 "
      ideal   model   delta  harmonic     sigma   weight residual
     180.00  175.93    4.07     0      5.00e+00 4.00e-02 6.63e-01
  ... (remaining 10 not shown)

  Histogram of chiral volume deviations from ideal:
       0.011 -    0.011: 1
       0.011 -    0.011: 0
       0.011 -    0.011: 0
       0.011 -    0.011: 0
       0.011 -    0.011: 0
  Chirality restraints: 1
  Sorted by residual:
  chirality pdb=" CA  PHE A   1 "
            pdb=" C   PHE A   1 "
            pdb=" N   PHE A   1 "
            pdb=" CB  PHE A   1 "
    both_signs  ideal   model   delta    sigma   weight residual
      False     -2.51   -2.52    0.01 2.00e-01 2.50e+01 3.28e-03

  Planarity restraints: 6
  Sorted by residual:
                                 delta    sigma   weight rms_deltas residual
  plane pdb=" CB  PHE A   1 "   -0.011 2.00e-02 2.50e+03   1.78e-02 9.51e+00
        pdb=" CG  PHE A   1 "    0.015 2.00e-02 2.50e+03
        pdb=" CD2 PHE A   1 "   -0.012 2.00e-02 2.50e+03
        pdb=" HD2 PHE A   1 "    0.025 2.00e-02 2.50e+03
        pdb=" CE2 PHE A   1 "   -0.013 2.00e-02 2.50e+03
        pdb=" HE2 PHE A   1 "   -0.020 2.00e-02 2.50e+03
        pdb=" CZ  PHE A   1 "   -0.006 2.00e-02 2.50e+03
        pdb=" HZ  PHE A   1 "    0.039 2.00e-02 2.50e+03
        pdb=" CE1 PHE A   1 "   -0.019 2.00e-02 2.50e+03
        pdb=" HE1 PHE A   1 "   -0.010 2.00e-02 2.50e+03
        pdb=" CD1 PHE A   1 "    0.000 2.00e-02 2.50e+03
        pdb=" HD1 PHE A   1 "    0.011 2.00e-02 2.50e+03
                                 delta    sigma   weight rms_deltas residual
  plane pdb=" C   GLY A   2 "   -0.037 2.00e-02 2.50e+03   2.12e-02 4.51e+00
        pdb=" O   GLY A   2 "    0.014 2.00e-02 2.50e+03
        pdb=" CA  GLY A   2 "    0.011 2.00e-02 2.50e+03
        pdb=" N   GLY A   3 "    0.012 2.00e-02 2.50e+03
                                 delta    sigma   weight rms_deltas residual
  plane pdb=" C   PHE A   1 "    0.006 2.00e-02 2.50e+03   1.04e-02 1.07e+00
        pdb=" CA  GLY A   2 "    0.005 2.00e-02 2.50e+03
        pdb=" N   GLY A   2 "   -0.018 2.00e-02 2.50e+03
        pdb=" H   GLY A   2 "    0.008 2.00e-02 2.50e+03
  ... (remaining 3 not shown)

  Histogram of nonbonded interaction distances:
        2.16 -     2.71: 39
        2.71 -     3.26: 52
        3.26 -     3.81: 48
        3.81 -     4.35: 57
        4.35 -     4.90: 86
  Nonbonded interactions: 282
  Sorted by model distance:
  nonbonded pdb=" O   GLY A   3 "
            pdb=" HXT GLY A   3 "
     model   vdw
     2.164 2.056
  nonbonded pdb=" HZ  PHE A   1 "
            pdb=" HE1 PHE A   1 "
     model   vdw
     2.227 1.680
  nonbonded pdb=" HA1 GLY A   2 "
            pdb=" H   GLY A   2 "
     model   vdw
     2.282 1.816
  nonbonded pdb=" HA  PHE A   1 "
            pdb=" HB2 PHE A   1 "
     model   vdw
     2.286 1.952
  nonbonded pdb=" H2  PHE A   1 "
            pdb=" H   GLY A   2 "
     model   vdw
     2.299 2.100
  ... (remaining 277 not shown)

  NOTE: a complete listing of the restraints can be obtained by requesting
        output of .geo file.

                   ----------xray_structure summary----------                  

Number of scattering types: 4
  Type Number    sf(0)   Gaussians
   O       4      7.97       2
   N       3      6.97       2
   C      13      5.97       2
   H      17      1.00       2
  sf(0) = scattering factor at diffraction angle 0.
Number of scatterers: 37
At special positions: 0
Unit cell: (14.065, 13.516, 10.568, 90, 90, 90)
Space group: P 1 (No. 1)

End of input processing
r_work=0.3325 r_free=0.2695
params.data_weight: None
params.restraints: cctbx
rmsd(b), start:  0.0826
mc:   0 R: 0.0661 rmsd(b):  0.0204 restraint_scale:  1.0 min_steps: 37
mc:   1 R: 0.0140 rmsd(b):  0.0239 restraint_scale:  1.0 min_steps: 25
mc:   2 R: 0.0063 rmsd(b):  0.0449 restraint_scale:  2.0 min_steps: 23
mc:   3 R: 0.0054 rmsd(b):  0.0455 restraint_scale:  4.0 min_steps: 17
Convergence reached, stop now.
see the result structure:  ./p26/04_results/refine_cctbx/262_FGG470-new/0.6/2.pdb
Time: 5.6102
