phenix.python
you are importing  adaptive calculator, and it does nothing. Please give it energy, force....... 

============================== Collecting inputs ==============================


                   ----------Processing X-ray data----------                   

F-obs:
  /scratch/m_zhen01/30995.lupus.uni-muenster.de/p26/02_mtz/214_WGG01-new.mtz:F-obs
Miller array info: None
Observation type: xray.amplitude
Type of data: double, size=217
Type of sigmas: None
Number of Miller indices: 217
Anomalous flag: False
Unit cell: (13.095, 10.667, 15.45, 90, 90, 90)
Space group: P 1 (No. 1)
Systematic absences: 0
Centric reflections: 0
Resolution range: 3.99458 2.5031
Completeness in resolution range: 1
Completeness with d_max=infinity: 0.756098

Number of F-obs in resolution range:                   217
Number of F-obs<0 (these reflections will be rejected): 0
Number of F-obs=0 (these reflections will be used in refinement): 0
Refinement resolution range: d_max =   3.9946
                             d_min =   2.5031

R-free flags:
  /scratch/m_zhen01/30995.lupus.uni-muenster.de/p26/02_mtz/214_WGG01-new.mtz:R-free-flags
Miller array info: /scratch/m_zhen01/30995.lupus.uni-muenster.de/p26/02_mtz/214_WGG01-new.mtz:R-free-flags
Observation type: None
Type of data: int, size=217
Type of sigmas: None
Number of Miller indices: 217
Anomalous flag: False
Unit cell: (13.095, 10.667, 15.45, 90, 90, 90)
Space group: P 1 (No. 1)
Systematic absences: 0
Centric reflections: 0
Resolution range: 3.99458 2.5031
Completeness in resolution range: 1
Completeness with d_max=infinity: 0.756098
Wavelength: 1.0000

Test (R-free flags) flag value: 1

Number of work/free reflections by resolution:
                                  work free  %free
  bin  1: 3.9946 - 3.6541 [19/19]   15    4  21.1%
  bin  2: 3.6541 - 3.4062 [23/23]   23    0   0.0%
  bin  3: 3.4062 - 3.2143 [21/21]   19    2   9.5%
  bin  4: 3.2143 - 3.0595 [33/33]   33    0   0.0%
  bin  5: 3.0595 - 2.9307 [10/10]   10    0   0.0%
  bin  6: 2.9307 - 2.8212 [28/28]   28    0   0.0%
  bin  7: 2.8212 - 2.7265 [16/16]   12    4  25.0%
  bin  8: 2.7265 - 2.6433 [19/19]   19    0   0.0%
  bin  9: 2.6433 - 2.5694 [26/26]   22    4  15.4%
  bin 10: 2.5694 - 2.5031 [22/22]   22    0   0.0%
                          overall  203   14   6.5%

                   ----------Processing PDB file(s)----------                  

  Monomer Library directory:
    "/tmp1/m_zhen01/phenix-installer-1.10.1-2155-intel-linux-2.6-x86_64-centos5/phenix-1.10.1-2155/modules/chem_data/mon_lib"
  Total number of atoms: 41
  Number of models: 1
  Model: ""
    Number of chains: 1
    Chain: "A"
      Number of atoms: 41
      Number of conformers: 1
      Conformer: ""
        Number of residues, atoms: 3, 41
          Classifications: {'peptide': 3}
          Modifications used: {'NH2NOTPRO': 1, 'COOH': 1}
          Link IDs: {'TRANS': 2}
  Time building chain proxies: 0.08, per 1000 atoms: 1.95
  Number of scatterers: 41
  At special positions: 0
  Unit cell: (13.095, 10.667, 15.45, 90, 90, 90)
  Space group: P 1 (No. 1)
  Number of sites at special positions: 0
  Number of scattering types: 4
    Type Number    sf(0)
     O       4      8.00
     N       4      7.00
     C      15      6.00
     H      18      1.00
    sf(0) = scattering factor at diffraction angle 0.

  Number of disulfides: simple=0, symmetry=0

  Automatic linking
    Parameters for automatic linking
      Linking & cutoffs
        Metal                : False - 3.50
        Amimo acid           : False - 1.90
        Carbohydrate         : True  - 1.99
        Ligands              : True  - 1.99
        Amino acid - RNA/DNA : False
      
  Number of custom bonds: simple=0, symmetry=0
  Time building additional restraints: 0.02
  Conformation dependent library (CDL) restraints added in 2.4 milliseconds
  
  Adding C-beta torsion restraints...
  Number of C-beta restraints generated:  2
  Time building geometry restraints manager: 0.03 seconds

  NOTE: a complete listing of the restraints can be obtained by requesting
        output of .geo file.

  Histogram of bond lengths:
        0.83 -     0.97: 16
        0.97 -     1.11: 2
        1.11 -     1.26: 3
        1.26 -     1.40: 11
        1.40 -     1.55: 10
  Bond restraints: 42
  Sorted by residual:
  bond pdb=" NE1 TRP A   1 "
       pdb=" HE1 TRP A   1 "
    ideal  model  delta    sigma   weight residual
    0.860  0.900 -0.040 2.00e-02 2.50e+03 4.01e+00
  bond pdb=" CA  TRP A   1 "
       pdb=" HA  TRP A   1 "
    ideal  model  delta    sigma   weight residual
    0.970  1.007 -0.037 2.00e-02 2.50e+03 3.33e+00
  bond pdb=" N   GLY A   3 "
       pdb=" H   GLY A   3 "
    ideal  model  delta    sigma   weight residual
    0.860  0.826  0.034 2.00e-02 2.50e+03 2.92e+00
  bond pdb=" CB  TRP A   1 "
       pdb=" HB1 TRP A   1 "
    ideal  model  delta    sigma   weight residual
    0.970  0.936  0.034 2.00e-02 2.50e+03 2.81e+00
  bond pdb=" CA  GLY A   3 "
       pdb=" N   GLY A   3 "
    ideal  model  delta    sigma   weight residual
    1.451  1.425  0.026 1.60e-02 3.91e+03 2.66e+00
  ... (remaining 37 not shown)

  Histogram of bond angle deviations from ideal:
      102.82 -   109.05: 19
      109.05 -   115.29: 16
      115.29 -   121.53: 17
      121.53 -   127.76: 15
      127.76 -   134.00: 2
  Bond angle restraints: 69
  Sorted by residual:
  angle pdb=" C   GLY A   3 "
        pdb=" CA  GLY A   3 "
        pdb=" HA2 GLY A   3 "
      ideal   model   delta    sigma   weight residual
     109.00  102.82    6.18 3.00e+00 1.11e-01 4.25e+00
  angle pdb=" C   GLY A   2 "
        pdb=" N   GLY A   3 "
        pdb=" CA  GLY A   3 "
      ideal   model   delta    sigma   weight residual
     121.70  125.34   -3.64 1.80e+00 3.09e-01 4.08e+00
  angle pdb=" H1  TRP A   1 "
        pdb=" N   TRP A   1 "
        pdb=" H2  TRP A   1 "
      ideal   model   delta    sigma   weight residual
     109.47  115.14   -5.67 3.00e+00 1.11e-01 3.57e+00
  angle pdb=" O   GLY A   3 "
        pdb=" C   GLY A   3 "
        pdb=" CA  GLY A   3 "
      ideal   model   delta    sigma   weight residual
     118.60  114.36    4.24 3.00e+00 1.11e-01 2.00e+00
  angle pdb=" C   GLY A   2 "
        pdb=" N   GLY A   3 "
        pdb=" H   GLY A   3 "
      ideal   model   delta    sigma   weight residual
     124.30  120.22    4.08 3.00e+00 1.11e-01 1.85e+00
  ... (remaining 64 not shown)

  Histogram of dihedral angle deviations from ideal:
        0.03 -    35.59: 12
       35.59 -    71.15: 1
       71.15 -   106.70: 0
      106.70 -   142.26: 0
      142.26 -   177.82: 1
  Dihedral angle restraints: 14
    sinusoidal: 3
      harmonic: 11
  Sorted by residual:
  dihedral pdb=" O   GLY A   3 "
           pdb=" C   GLY A   3 "
           pdb=" OXT GLY A   3 "
           pdb=" HXT GLY A   3 "
      ideal   model   delta  harmonic     sigma   weight residual
       0.00 -177.82  177.82     0      3.00e+01 1.11e-03 3.51e+01
  dihedral pdb=" OXT GLY A   3 "
           pdb=" C   GLY A   3 "
           pdb=" CA  GLY A   3 "
           pdb=" N   GLY A   3 "
      ideal   model   delta sinusoidal    sigma   weight residual
     160.00 -147.07  -52.93     2      3.00e+01 1.11e-03 3.40e+00
  dihedral pdb=" N   TRP A   1 "
           pdb=" C   TRP A   1 "
           pdb=" CA  TRP A   1 "
           pdb=" CB  TRP A   1 "
      ideal   model   delta  harmonic     sigma   weight residual
     122.80  120.12    2.68     0      2.50e+00 1.60e-01 1.15e+00
  ... (remaining 11 not shown)

  Histogram of chiral volume deviations from ideal:
       0.096 -    0.096: 1
       0.096 -    0.096: 0
       0.096 -    0.096: 0
       0.096 -    0.096: 0
       0.096 -    0.096: 0
  Chirality restraints: 1
  Sorted by residual:
  chirality pdb=" CA  TRP A   1 "
            pdb=" C   TRP A   1 "
            pdb=" N   TRP A   1 "
            pdb=" CB  TRP A   1 "
    both_signs  ideal   model   delta    sigma   weight residual
      False     -2.51   -2.61    0.10 2.00e-01 2.50e+01 2.32e-01

  Planarity restraints: 6
  Sorted by residual:
                                 delta    sigma   weight rms_deltas residual
  plane pdb=" CB  TRP A   1 "   -0.027 2.00e-02 2.50e+03   1.69e-02 1.14e+01
        pdb=" CG  TRP A   1 "    0.021 2.00e-02 2.50e+03
        pdb=" CD1 TRP A   1 "    0.022 2.00e-02 2.50e+03
        pdb=" HD1 TRP A   1 "    0.025 2.00e-02 2.50e+03
        pdb=" NE1 TRP A   1 "   -0.021 2.00e-02 2.50e+03
        pdb=" HE1 TRP A   1 "   -0.019 2.00e-02 2.50e+03
        pdb=" CE2 TRP A   1 "   -0.021 2.00e-02 2.50e+03
        pdb=" CZ2 TRP A   1 "   -0.007 2.00e-02 2.50e+03
        pdb=" HZ2 TRP A   1 "   -0.003 2.00e-02 2.50e+03
        pdb=" CH2 TRP A   1 "    0.022 2.00e-02 2.50e+03
        pdb=" HH2 TRP A   1 "    0.014 2.00e-02 2.50e+03
        pdb=" CZ3 TRP A   1 "   -0.012 2.00e-02 2.50e+03
        pdb=" HZ3 TRP A   1 "   -0.003 2.00e-02 2.50e+03
        pdb=" CE3 TRP A   1 "    0.000 2.00e-02 2.50e+03
        pdb=" HE3 TRP A   1 "   -0.003 2.00e-02 2.50e+03
        pdb=" CD2 TRP A   1 "    0.012 2.00e-02 2.50e+03
                                 delta    sigma   weight rms_deltas residual
  plane pdb=" O   GLY A   3 "   -0.007 2.00e-02 2.50e+03   1.00e-02 1.26e+00
        pdb=" C   GLY A   3 "    0.002 2.00e-02 2.50e+03
        pdb=" OXT GLY A   3 "    0.015 2.00e-02 2.50e+03
        pdb=" HXT GLY A   3 "   -0.014 2.00e-02 2.50e+03
        pdb=" CA  GLY A   3 "    0.004 2.00e-02 2.50e+03
                                 delta    sigma   weight rms_deltas residual
  plane pdb=" C   TRP A   1 "    0.017 2.00e-02 2.50e+03   9.85e-03 9.70e-01
        pdb=" O   TRP A   1 "   -0.006 2.00e-02 2.50e+03
        pdb=" CA  TRP A   1 "   -0.005 2.00e-02 2.50e+03
        pdb=" N   GLY A   2 "   -0.006 2.00e-02 2.50e+03
  ... (remaining 3 not shown)

  Histogram of nonbonded interaction distances:
        2.07 -     2.63: 30
        2.63 -     3.20: 58
        3.20 -     3.77: 57
        3.77 -     4.33: 56
        4.33 -     4.90: 65
  Nonbonded interactions: 266
  Sorted by model distance:
  nonbonded pdb=" HA  TRP A   1 "
            pdb=" H1  TRP A   1 "
     model   vdw
     2.068 1.816
  nonbonded pdb=" HXT GLY A   3 "
            pdb=" HA2 GLY A   3 "
     model   vdw
     2.070 2.270
  nonbonded pdb=" HA1 GLY A   2 "
            pdb=" H   GLY A   2 "
     model   vdw
     2.185 1.816
  nonbonded pdb=" H2  TRP A   1 "
            pdb=" H   GLY A   2 "
     model   vdw
     2.188 2.100
  nonbonded pdb=" HA2 GLY A   3 "
            pdb=" H   GLY A   3 "
     model   vdw
     2.225 1.816
  ... (remaining 261 not shown)

  NOTE: a complete listing of the restraints can be obtained by requesting
        output of .geo file.

                   ----------xray_structure summary----------                  

Number of scattering types: 4
  Type Number    sf(0)   Gaussians
   O       4      7.97       2
   N       4      6.97       2
   C      15      5.97       2
   H      18      1.00       2
  sf(0) = scattering factor at diffraction angle 0.
Number of scatterers: 41
At special positions: 0
Unit cell: (13.095, 10.667, 15.45, 90, 90, 90)
Space group: P 1 (No. 1)

End of input processing
r_work=0.5969 r_free=0.5346
params.data_weight: None
params.restraints: cctbx
rmsd(b), start:  0.0900
mc:   0 R: 0.2666 rmsd(b):  0.0947 restraint_scale:  2.0 min_steps: 53
mc:   1 R: 0.0531 rmsd(b):  0.0190 restraint_scale:  2.0 min_steps: 54
mc:   2 R: 0.0153 rmsd(b):  0.0237 restraint_scale:  2.0 min_steps: 52
mc:   3 R: 0.0093 rmsd(b):  0.0237 restraint_scale:  2.0 min_steps: 55
mc:   4 R: 0.0097 rmsd(b):  0.0241 restraint_scale:  2.0 min_steps: 3
Convergence reached, stop now.
see the result structure:  ./p26/04_results/refine_cctbx/214_WGG01-new/1.2/2.pdb
Time: 5.8206
