phenix.python
you are importing  adaptive calculator, and it does nothing. Please give it energy, force....... 

============================== Collecting inputs ==============================


                   ----------Processing X-ray data----------                   

F-obs:
  /scratch/m_zhen01/30994.lupus.uni-muenster.de/p26/02_mtz/258_FGG224-new.mtz:F-obs
Miller array info: None
Observation type: xray.amplitude
Type of data: double, size=198
Type of sigmas: None
Number of Miller indices: 198
Anomalous flag: False
Unit cell: (14.115, 12.872, 10.767, 90, 90, 90)
Space group: P 1 (No. 1)
Systematic absences: 0
Centric reflections: 0
Resolution range: 3.98584 2.50012
Completeness in resolution range: 1
Completeness with d_max=infinity: 0.75

Number of F-obs in resolution range:                   198
Number of F-obs<0 (these reflections will be rejected): 0
Number of F-obs=0 (these reflections will be used in refinement): 0
Refinement resolution range: d_max =   3.9858
                             d_min =   2.5001

R-free flags:
  /scratch/m_zhen01/30994.lupus.uni-muenster.de/p26/02_mtz/258_FGG224-new.mtz:R-free-flags
Miller array info: /scratch/m_zhen01/30994.lupus.uni-muenster.de/p26/02_mtz/258_FGG224-new.mtz:R-free-flags
Observation type: None
Type of data: int, size=198
Type of sigmas: None
Number of Miller indices: 198
Anomalous flag: False
Unit cell: (14.115, 12.872, 10.767, 90, 90, 90)
Space group: P 1 (No. 1)
Systematic absences: 0
Centric reflections: 0
Resolution range: 3.98584 2.50012
Completeness in resolution range: 1
Completeness with d_max=infinity: 0.75
Wavelength: 1.0000

Test (R-free flags) flag value: 1

Number of work/free reflections by resolution:
                                  work free  %free
  bin  1: 3.9858 - 3.6472 [14/14]   12    2  14.3%
  bin  2: 3.6472 - 3.4005 [26/26]   26    0   0.0%
  bin  3: 3.4005 - 3.2093 [17/17]   17    0   0.0%
  bin  4: 3.2093 - 3.0550 [24/24]   22    2   8.3%
  bin  5: 3.0550 - 2.9267 [20/20]   20    0   0.0%
  bin  6: 2.9267 - 2.8175 [15/15]   15    0   0.0%
  bin  7: 2.8175 - 2.7230 [18/18]   14    4  22.2%
  bin  8: 2.7230 - 2.6400 [25/25]   25    0   0.0%
  bin  9: 2.6400 - 2.5662 [21/21]   17    4  19.0%
  bin 10: 2.5662 - 2.5001 [18/18]   18    0   0.0%
                          overall  186   12   6.1%

                   ----------Processing PDB file(s)----------                  

  Monomer Library directory:
    "/tmp1/m_zhen01/phenix-installer-1.10.1-2155-intel-linux-2.6-x86_64-centos5/phenix-1.10.1-2155/modules/chem_data/mon_lib"
  Total number of atoms: 37
  Number of models: 1
  Model: ""
    Number of chains: 1
    Chain: "A"
      Number of atoms: 37
      Number of conformers: 1
      Conformer: ""
        Number of residues, atoms: 3, 37
          Classifications: {'peptide': 3}
          Modifications used: {'NH2NOTPRO': 1, 'COOH': 1}
          Link IDs: {'TRANS': 2}
  Time building chain proxies: 0.07, per 1000 atoms: 1.89
  Number of scatterers: 37
  At special positions: 0
  Unit cell: (14.115, 12.872, 10.767, 90, 90, 90)
  Space group: P 1 (No. 1)
  Number of sites at special positions: 0
  Number of scattering types: 4
    Type Number    sf(0)
     O       4      8.00
     N       3      7.00
     C      13      6.00
     H      17      1.00
    sf(0) = scattering factor at diffraction angle 0.

  Number of disulfides: simple=0, symmetry=0

  Automatic linking
    Parameters for automatic linking
      Linking & cutoffs
        Metal                : False - 3.50
        Amimo acid           : False - 1.90
        Carbohydrate         : True  - 1.99
        Ligands              : True  - 1.99
        Amino acid - RNA/DNA : False
      
  Number of custom bonds: simple=0, symmetry=0
  Time building additional restraints: 0.02
  Conformation dependent library (CDL) restraints added in 3.0 milliseconds
  
  Adding C-beta torsion restraints...
  Number of C-beta restraints generated:  2
  Time building geometry restraints manager: 0.03 seconds

  NOTE: a complete listing of the restraints can be obtained by requesting
        output of .geo file.

  Histogram of bond lengths:
        0.82 -     0.96: 11
        0.96 -     1.11: 6
        1.11 -     1.25: 3
        1.25 -     1.40: 8
        1.40 -     1.54: 9
  Bond restraints: 37
  Sorted by residual:
  bond pdb=" CD1 PHE A   1 "
       pdb=" HD1 PHE A   1 "
    ideal  model  delta    sigma   weight residual
    0.930  0.980 -0.050 2.00e-02 2.50e+03 6.25e+00
  bond pdb=" CZ  PHE A   1 "
       pdb=" HZ  PHE A   1 "
    ideal  model  delta    sigma   weight residual
    0.930  0.974 -0.044 2.00e-02 2.50e+03 4.77e+00
  bond pdb=" N   GLY A   3 "
       pdb=" H   GLY A   3 "
    ideal  model  delta    sigma   weight residual
    0.860  0.820  0.040 2.00e-02 2.50e+03 4.10e+00
  bond pdb=" CA  GLY A   3 "
       pdb=" HA2 GLY A   3 "
    ideal  model  delta    sigma   weight residual
    0.970  0.930  0.040 2.00e-02 2.50e+03 3.98e+00
  bond pdb=" CE1 PHE A   1 "
       pdb=" CD1 PHE A   1 "
    ideal  model  delta    sigma   weight residual
    1.382  1.431 -0.049 3.00e-02 1.11e+03 2.71e+00
  ... (remaining 32 not shown)

  Histogram of bond angle deviations from ideal:
      104.14 -   108.50: 10
      108.50 -   112.87: 13
      112.87 -   117.24: 9
      117.24 -   121.61: 20
      121.61 -   125.97: 8
  Bond angle restraints: 60
  Sorted by residual:
  angle pdb=" O   GLY A   2 "
        pdb=" C   GLY A   2 "
        pdb=" N   GLY A   3 "
      ideal   model   delta    sigma   weight residual
     122.70  125.97   -3.27 1.30e+00 5.92e-01 6.34e+00
  angle pdb=" HA2 GLY A   2 "
        pdb=" CA  GLY A   2 "
        pdb=" N   GLY A   2 "
      ideal   model   delta    sigma   weight residual
     110.00  104.14    5.86 3.00e+00 1.11e-01 3.82e+00
  angle pdb=" N   PHE A   1 "
        pdb=" CA  PHE A   1 "
        pdb=" HA  PHE A   1 "
      ideal   model   delta    sigma   weight residual
     110.00  105.37    4.63 3.00e+00 1.11e-01 2.38e+00
  angle pdb=" C   PHE A   1 "
        pdb=" CA  PHE A   1 "
        pdb=" CB  PHE A   1 "
      ideal   model   delta    sigma   weight residual
     110.10  112.84   -2.74 1.90e+00 2.77e-01 2.08e+00
  angle pdb=" N   PHE A   1 "
        pdb=" CA  PHE A   1 "
        pdb=" CB  PHE A   1 "
      ideal   model   delta    sigma   weight residual
     110.50  108.35    2.15 1.70e+00 3.46e-01 1.61e+00
  ... (remaining 55 not shown)

  Histogram of dihedral angle deviations from ideal:
        0.23 -    35.45: 12
       35.45 -    70.67: 0
       70.67 -   105.89: 0
      105.89 -   141.10: 0
      141.10 -   176.32: 1
  Dihedral angle restraints: 13
    sinusoidal: 3
      harmonic: 10
  Sorted by residual:
  dihedral pdb=" O   GLY A   3 "
           pdb=" C   GLY A   3 "
           pdb=" OXT GLY A   3 "
           pdb=" HXT GLY A   3 "
      ideal   model   delta  harmonic     sigma   weight residual
       0.00 -176.32  176.32     0      3.00e+01 1.11e-03 3.45e+01
  dihedral pdb=" CA  GLY A   2 "
           pdb=" C   GLY A   2 "
           pdb=" N   GLY A   3 "
           pdb=" CA  GLY A   3 "
      ideal   model   delta  harmonic     sigma   weight residual
     180.00  170.66    9.34     0      5.00e+00 4.00e-02 3.49e+00
  dihedral pdb=" N   PHE A   1 "
           pdb=" CA  PHE A   1 "
           pdb=" CB  PHE A   1 "
           pdb=" CG  PHE A   1 "
      ideal   model   delta sinusoidal    sigma   weight residual
      60.00   76.57  -16.57     3      1.50e+01 4.44e-03 1.67e+00
  ... (remaining 10 not shown)

  Histogram of chiral volume deviations from ideal:
       0.002 -    0.002: 1
       0.002 -    0.002: 0
       0.002 -    0.002: 0
       0.002 -    0.002: 0
       0.002 -    0.002: 0
  Chirality restraints: 1
  Sorted by residual:
  chirality pdb=" CA  PHE A   1 "
            pdb=" C   PHE A   1 "
            pdb=" N   PHE A   1 "
            pdb=" CB  PHE A   1 "
    both_signs  ideal   model   delta    sigma   weight residual
      False     -2.51   -2.51   -0.00 2.00e-01 2.50e+01 7.40e-05

  Planarity restraints: 6
  Sorted by residual:
                                 delta    sigma   weight rms_deltas residual
  plane pdb=" CB  PHE A   1 "   -0.009 2.00e-02 2.50e+03   1.34e-02 5.40e+00
        pdb=" CG  PHE A   1 "   -0.010 2.00e-02 2.50e+03
        pdb=" CD2 PHE A   1 "   -0.000 2.00e-02 2.50e+03
        pdb=" HD2 PHE A   1 "   -0.003 2.00e-02 2.50e+03
        pdb=" CE2 PHE A   1 "    0.010 2.00e-02 2.50e+03
        pdb=" HE2 PHE A   1 "    0.009 2.00e-02 2.50e+03
        pdb=" CZ  PHE A   1 "    0.019 2.00e-02 2.50e+03
        pdb=" HZ  PHE A   1 "   -0.036 2.00e-02 2.50e+03
        pdb=" CE1 PHE A   1 "    0.006 2.00e-02 2.50e+03
        pdb=" HE1 PHE A   1 "    0.001 2.00e-02 2.50e+03
        pdb=" CD1 PHE A   1 "    0.011 2.00e-02 2.50e+03
        pdb=" HD1 PHE A   1 "    0.001 2.00e-02 2.50e+03
                                 delta    sigma   weight rms_deltas residual
  plane pdb=" O   GLY A   3 "   -0.016 2.00e-02 2.50e+03   1.52e-02 2.90e+00
        pdb=" C   GLY A   3 "    0.027 2.00e-02 2.50e+03
        pdb=" OXT GLY A   3 "    0.004 2.00e-02 2.50e+03
        pdb=" HXT GLY A   3 "   -0.011 2.00e-02 2.50e+03
        pdb=" CA  GLY A   3 "   -0.005 2.00e-02 2.50e+03
                                 delta    sigma   weight rms_deltas residual
  plane pdb=" C   PHE A   1 "    0.004 2.00e-02 2.50e+03   7.05e-03 4.96e-01
        pdb=" CA  GLY A   2 "    0.003 2.00e-02 2.50e+03
        pdb=" N   GLY A   2 "   -0.012 2.00e-02 2.50e+03
        pdb=" H   GLY A   2 "    0.005 2.00e-02 2.50e+03
  ... (remaining 3 not shown)

  Histogram of nonbonded interaction distances:
        1.95 -     2.54: 28
        2.54 -     3.13: 52
        3.13 -     3.72: 75
        3.72 -     4.30: 71
        4.30 -     4.89: 89
  Nonbonded interactions: 315
  Sorted by model distance:
  nonbonded pdb=" O   PHE A   1 "
            pdb=" HXT GLY A   3 "
     model   vdw
     1.950 1.970
  nonbonded pdb=" H2  PHE A   1 "
            pdb=" HD1 PHE A   1 "
     model   vdw
     2.022 2.100
  nonbonded pdb=" HA2 GLY A   3 "
            pdb=" H   GLY A   3 "
     model   vdw
     2.087 1.816
  nonbonded pdb=" HA1 GLY A   2 "
            pdb=" H   GLY A   2 "
     model   vdw
     2.181 1.816
  nonbonded pdb=" HA2 GLY A   2 "
            pdb=" H   GLY A   3 "
     model   vdw
     2.197 2.270
  ... (remaining 310 not shown)

  NOTE: a complete listing of the restraints can be obtained by requesting
        output of .geo file.

                   ----------xray_structure summary----------                  

Number of scattering types: 4
  Type Number    sf(0)   Gaussians
   O       4      7.97       2
   N       3      6.97       2
   C      13      5.97       2
   H      17      1.00       2
  sf(0) = scattering factor at diffraction angle 0.
Number of scatterers: 37
At special positions: 0
Unit cell: (14.115, 12.872, 10.767, 90, 90, 90)
Space group: P 1 (No. 1)

End of input processing
r_work=0.5316 r_free=0.4531
params.data_weight: 0.0
params.restraints: qm
rmsd(b), start:  0.0896
mc:   0 R: 0.5311 rmsd(b):  0.0286 restraint_scale:  1.0 min_steps: 52
mc:   1 R: 0.5341 rmsd(b):  0.0278 restraint_scale:  1.0 min_steps: 53
mc:   2 R: 0.5341 rmsd(b):  0.0278 restraint_scale:  1.0 min_steps: 1
Convergence reached, stop now.
see the result structure:  ./p26/04_results/opt_qm/258_FGG224-new/1.5/9.pdb
Time: 111.2932
