phenix.python
you are importing  adaptive calculator, and it does nothing. Please give it energy, force....... 

============================== Collecting inputs ==============================


                   ----------Processing X-ray data----------                   

F-obs:
  /scratch/m_zhen01/30993.lupus.uni-muenster.de/p26/02_mtz/217_WGG09-new.mtz:F-obs
Miller array info: None
Observation type: xray.amplitude
Type of data: double, size=226
Type of sigmas: None
Number of Miller indices: 226
Anomalous flag: False
Unit cell: (13.892, 11.261, 14.204, 90, 90, 90)
Space group: P 1 (No. 1)
Systematic absences: 0
Centric reflections: 0
Resolution range: 3.91224 2.50738
Completeness in resolution range: 1
Completeness with d_max=infinity: 0.748344

Number of F-obs in resolution range:                   226
Number of F-obs<0 (these reflections will be rejected): 0
Number of F-obs=0 (these reflections will be used in refinement): 0
Refinement resolution range: d_max =   3.9122
                             d_min =   2.5074

R-free flags:
  /scratch/m_zhen01/30993.lupus.uni-muenster.de/p26/02_mtz/217_WGG09-new.mtz:R-free-flags
Miller array info: /scratch/m_zhen01/30993.lupus.uni-muenster.de/p26/02_mtz/217_WGG09-new.mtz:R-free-flags
Observation type: None
Type of data: int, size=226
Type of sigmas: None
Number of Miller indices: 226
Anomalous flag: False
Unit cell: (13.892, 11.261, 14.204, 90, 90, 90)
Space group: P 1 (No. 1)
Systematic absences: 0
Centric reflections: 0
Resolution range: 3.91224 2.50738
Completeness in resolution range: 1
Completeness with d_max=infinity: 0.748344
Wavelength: 1.0000

Test (R-free flags) flag value: 1

Number of work/free reflections by resolution:
                                  work free  %free
  bin  1: 3.9122 - 3.6033 [23/23]   15    8  34.8%
  bin  2: 3.6033 - 3.3735 [22/22]   22    0   0.0%
  bin  3: 3.3735 - 3.1929 [32/32]   32    0   0.0%
  bin  4: 3.1929 - 3.0457 [ 8/8 ]    8    0   0.0%
  bin  5: 3.0457 - 2.9224 [22/22]   18    4  18.2%
  bin  6: 2.9224 - 2.8168 [21/21]   21    0   0.0%
  bin  7: 2.8168 - 2.7251 [26/26]   26    0   0.0%
  bin  8: 2.7251 - 2.6442 [26/26]   26    0   0.0%
  bin  9: 2.6442 - 2.5722 [10/10]   10    0   0.0%
  bin 10: 2.5722 - 2.5074 [36/36]   28    8  22.2%
                          overall  206   20   8.8%

                   ----------Processing PDB file(s)----------                  

  Monomer Library directory:
    "/tmp1/m_zhen01/phenix-installer-1.10.1-2155-intel-linux-2.6-x86_64-centos5/phenix-1.10.1-2155/modules/chem_data/mon_lib"
  Total number of atoms: 41
  Number of models: 1
  Model: ""
    Number of chains: 1
    Chain: "A"
      Number of atoms: 41
      Number of conformers: 1
      Conformer: ""
        Number of residues, atoms: 3, 41
          Classifications: {'peptide': 3}
          Modifications used: {'NH2NOTPRO': 1, 'COOH': 1}
          Link IDs: {'TRANS': 2}
  Time building chain proxies: 0.08, per 1000 atoms: 1.95
  Number of scatterers: 41
  At special positions: 0
  Unit cell: (13.892, 11.261, 14.204, 90, 90, 90)
  Space group: P 1 (No. 1)
  Number of sites at special positions: 0
  Number of scattering types: 4
    Type Number    sf(0)
     O       4      8.00
     N       4      7.00
     C      15      6.00
     H      18      1.00
    sf(0) = scattering factor at diffraction angle 0.

  Number of disulfides: simple=0, symmetry=0

  Automatic linking
    Parameters for automatic linking
      Linking & cutoffs
        Metal                : False - 3.50
        Amimo acid           : False - 1.90
        Carbohydrate         : True  - 1.99
        Ligands              : True  - 1.99
        Amino acid - RNA/DNA : False
      
  Number of custom bonds: simple=0, symmetry=0
  Time building additional restraints: 0.03
  Conformation dependent library (CDL) restraints added in 2.8 milliseconds
  
  Adding C-beta torsion restraints...
  Number of C-beta restraints generated:  2
  Time building geometry restraints manager: 0.03 seconds

  NOTE: a complete listing of the restraints can be obtained by requesting
        output of .geo file.

  Histogram of bond lengths:
        0.83 -     0.98: 17
        0.98 -     1.12: 1
        1.12 -     1.26: 3
        1.26 -     1.41: 8
        1.41 -     1.55: 13
  Bond restraints: 42
  Sorted by residual:
  bond pdb=" CA  GLY A   3 "
       pdb=" HA2 GLY A   3 "
    ideal  model  delta    sigma   weight residual
    0.970  0.906  0.064 2.00e-02 2.50e+03 1.02e+01
  bond pdb=" CA  GLY A   2 "
       pdb=" N   GLY A   2 "
    ideal  model  delta    sigma   weight residual
    1.448  1.408  0.040 1.32e-02 5.74e+03 9.24e+00
  bond pdb=" CZ2 TRP A   1 "
       pdb=" HZ2 TRP A   1 "
    ideal  model  delta    sigma   weight residual
    0.930  0.976 -0.046 2.00e-02 2.50e+03 5.30e+00
  bond pdb=" CA  GLY A   3 "
       pdb=" HA1 GLY A   3 "
    ideal  model  delta    sigma   weight residual
    0.970  0.933  0.037 2.00e-02 2.50e+03 3.45e+00
  bond pdb=" C   GLY A   2 "
       pdb=" CA  GLY A   2 "
    ideal  model  delta    sigma   weight residual
    1.511  1.492  0.019 1.03e-02 9.43e+03 3.45e+00
  ... (remaining 37 not shown)

  Histogram of bond angle deviations from ideal:
      104.94 -   110.59: 24
      110.59 -   116.24: 11
      116.24 -   121.90: 19
      121.90 -   127.55: 13
      127.55 -   133.20: 2
  Bond angle restraints: 69
  Sorted by residual:
  angle pdb=" O   GLY A   2 "
        pdb=" C   GLY A   2 "
        pdb=" N   GLY A   3 "
      ideal   model   delta    sigma   weight residual
     121.97  123.52   -1.55 9.50e-01 1.11e+00 2.66e+00
  angle pdb=" OXT GLY A   3 "
        pdb=" C   GLY A   3 "
        pdb=" CA  GLY A   3 "
      ideal   model   delta    sigma   weight residual
     118.60  113.98    4.62 3.00e+00 1.11e-01 2.37e+00
  angle pdb=" H1  TRP A   1 "
        pdb=" N   TRP A   1 "
        pdb=" H2  TRP A   1 "
      ideal   model   delta    sigma   weight residual
     109.47  104.94    4.53 3.00e+00 1.11e-01 2.28e+00
  angle pdb=" C   GLY A   2 "
        pdb=" CA  GLY A   2 "
        pdb=" N   GLY A   2 "
      ideal   model   delta    sigma   weight residual
     115.80  113.20    2.60 1.74e+00 3.30e-01 2.23e+00
  angle pdb=" HB1 TRP A   1 "
        pdb=" CB  TRP A   1 "
        pdb=" HB2 TRP A   1 "
      ideal   model   delta    sigma   weight residual
     110.00  105.72    4.28 3.00e+00 1.11e-01 2.03e+00
  ... (remaining 64 not shown)

  Histogram of dihedral angle deviations from ideal:
        0.10 -    34.65: 12
       34.65 -    69.20: 1
       69.20 -   103.75: 0
      103.75 -   138.30: 0
      138.30 -   172.86: 1
  Dihedral angle restraints: 14
    sinusoidal: 3
      harmonic: 11
  Sorted by residual:
  dihedral pdb=" O   GLY A   3 "
           pdb=" C   GLY A   3 "
           pdb=" OXT GLY A   3 "
           pdb=" HXT GLY A   3 "
      ideal   model   delta  harmonic     sigma   weight residual
       0.00 -172.86  172.86     0      3.00e+01 1.11e-03 3.32e+01
  dihedral pdb=" OXT GLY A   3 "
           pdb=" C   GLY A   3 "
           pdb=" CA  GLY A   3 "
           pdb=" N   GLY A   3 "
      ideal   model   delta sinusoidal    sigma   weight residual
     160.00 -161.86  -38.14     2      3.00e+01 1.11e-03 2.03e+00
  dihedral pdb=" CA  TRP A   1 "
           pdb=" CB  TRP A   1 "
           pdb=" CG  TRP A   1 "
           pdb=" CD1 TRP A   1 "
      ideal   model   delta sinusoidal    sigma   weight residual
     -90.00  -69.29  -20.71     2      2.00e+01 2.50e-03 1.50e+00
  ... (remaining 11 not shown)

  Histogram of chiral volume deviations from ideal:
       0.018 -    0.018: 1
       0.018 -    0.018: 0
       0.018 -    0.018: 0
       0.018 -    0.018: 0
       0.018 -    0.018: 0
  Chirality restraints: 1
  Sorted by residual:
  chirality pdb=" CA  TRP A   1 "
            pdb=" C   TRP A   1 "
            pdb=" N   TRP A   1 "
            pdb=" CB  TRP A   1 "
    both_signs  ideal   model   delta    sigma   weight residual
      False     -2.51   -2.53    0.02 2.00e-01 2.50e+01 7.67e-03

  Planarity restraints: 6
  Sorted by residual:
                                 delta    sigma   weight rms_deltas residual
  plane pdb=" CB  TRP A   1 "   -0.008 2.00e-02 2.50e+03   2.17e-02 1.89e+01
        pdb=" CG  TRP A   1 "    0.010 2.00e-02 2.50e+03
        pdb=" CD1 TRP A   1 "   -0.022 2.00e-02 2.50e+03
        pdb=" HD1 TRP A   1 "   -0.014 2.00e-02 2.50e+03
        pdb=" NE1 TRP A   1 "   -0.009 2.00e-02 2.50e+03
        pdb=" HE1 TRP A   1 "    0.015 2.00e-02 2.50e+03
        pdb=" CE2 TRP A   1 "   -0.007 2.00e-02 2.50e+03
        pdb=" CZ2 TRP A   1 "   -0.009 2.00e-02 2.50e+03
        pdb=" HZ2 TRP A   1 "    0.045 2.00e-02 2.50e+03
        pdb=" CH2 TRP A   1 "   -0.014 2.00e-02 2.50e+03
        pdb=" HH2 TRP A   1 "   -0.017 2.00e-02 2.50e+03
        pdb=" CZ3 TRP A   1 "    0.009 2.00e-02 2.50e+03
        pdb=" HZ3 TRP A   1 "   -0.038 2.00e-02 2.50e+03
        pdb=" CE3 TRP A   1 "    0.012 2.00e-02 2.50e+03
        pdb=" HE3 TRP A   1 "    0.045 2.00e-02 2.50e+03
        pdb=" CD2 TRP A   1 "    0.003 2.00e-02 2.50e+03
                                 delta    sigma   weight rms_deltas residual
  plane pdb=" O   GLY A   3 "    0.025 2.00e-02 2.50e+03   2.65e-02 8.79e+00
        pdb=" C   GLY A   3 "   -0.022 2.00e-02 2.50e+03
        pdb=" OXT GLY A   3 "   -0.034 2.00e-02 2.50e+03
        pdb=" HXT GLY A   3 "    0.035 2.00e-02 2.50e+03
        pdb=" CA  GLY A   3 "   -0.005 2.00e-02 2.50e+03
                                 delta    sigma   weight rms_deltas residual
  plane pdb=" C   TRP A   1 "    0.028 2.00e-02 2.50e+03   1.64e-02 2.69e+00
        pdb=" O   TRP A   1 "   -0.011 2.00e-02 2.50e+03
        pdb=" CA  TRP A   1 "   -0.008 2.00e-02 2.50e+03
        pdb=" N   GLY A   2 "   -0.010 2.00e-02 2.50e+03
  ... (remaining 3 not shown)

  Histogram of nonbonded interaction distances:
        1.47 -     2.16: 3
        2.16 -     2.84: 52
        2.84 -     3.52: 69
        3.52 -     4.21: 69
        4.21 -     4.89: 109
  Nonbonded interactions: 302
  Sorted by model distance:
  nonbonded pdb=" HA  TRP A   1 "
            pdb=" H2  TRP A   1 "
     model   vdw
     1.473 1.816
  nonbonded pdb=" HA2 GLY A   3 "
            pdb=" H   GLY A   3 "
     model   vdw
     2.105 1.816
  nonbonded pdb=" HXT GLY A   3 "
            pdb=" HA2 GLY A   3 "
     model   vdw
     2.120 2.270
  nonbonded pdb=" HA2 GLY A   2 "
            pdb=" H   GLY A   2 "
     model   vdw
     2.214 1.816
  nonbonded pdb=" O   TRP A   1 "
            pdb=" HA1 GLY A   2 "
     model   vdw
     2.310 2.740
  ... (remaining 297 not shown)

  NOTE: a complete listing of the restraints can be obtained by requesting
        output of .geo file.

                   ----------xray_structure summary----------                  

Number of scattering types: 4
  Type Number    sf(0)   Gaussians
   O       4      7.97       2
   N       4      6.97       2
   C      15      5.97       2
   H      18      1.00       2
  sf(0) = scattering factor at diffraction angle 0.
Number of scatterers: 41
At special positions: 0
Unit cell: (13.892, 11.261, 14.204, 90, 90, 90)
Space group: P 1 (No. 1)

End of input processing
r_work=0.5761 r_free=0.5868
params.data_weight: 0.0
params.restraints: cctbx
rmsd(b), start:  0.0928
mc:   0 R: 0.5726 rmsd(b):  0.0009 restraint_scale:  1.0 min_steps: 58
mc:   1 R: 0.5734 rmsd(b):  0.0012 restraint_scale:  1.0 min_steps: 55
mc:   2 R: 0.5739 rmsd(b):  0.0008 restraint_scale:  1.0 min_steps: 54
mc:   3 R: 0.5696 rmsd(b):  0.0013 restraint_scale:  1.0 min_steps: 53
mc:   4 R: 0.5702 rmsd(b):  0.0006 restraint_scale:  1.0 min_steps: 52
mc:   5 R: 0.5676 rmsd(b):  0.0013 restraint_scale:  1.0 min_steps: 53
mc:   6 R: 0.5677 rmsd(b):  0.0006 restraint_scale:  1.0 min_steps: 55
mc:   7 R: 0.5656 rmsd(b):  0.0010 restraint_scale:  1.0 min_steps: 56
mc:   8 R: 0.5653 rmsd(b):  0.0005 restraint_scale:  1.0 min_steps: 54
mc:   9 R: 0.5629 rmsd(b):  0.0007 restraint_scale:  1.0 min_steps: 53
mc:  10 R: 0.5615 rmsd(b):  0.0004 restraint_scale:  1.0 min_steps: 56
mc:  11 R: 0.5577 rmsd(b):  0.0004 restraint_scale:  1.0 min_steps: 56
mc:  12 R: 0.5566 rmsd(b):  0.0004 restraint_scale:  1.0 min_steps: 54
mc:  13 R: 0.5504 rmsd(b):  0.0006 restraint_scale:  1.0 min_steps: 54
mc:  14 R: 0.5492 rmsd(b):  0.0004 restraint_scale:  1.0 min_steps: 54
mc:  15 R: 0.5400 rmsd(b):  0.0003 restraint_scale:  1.0 min_steps: 54
mc:  16 R: 0.5392 rmsd(b):  0.0003 restraint_scale:  1.0 min_steps: 57
Convergence reached, stop now.
see the result structure:  ./p26/04_results/opt_cctbx/217_WGG09-new/1.5/5.pdb
Time: 8.5029
