phenix.python
you are importing  adaptive calculator, and it does nothing. Please give it energy, force....... 

============================== Collecting inputs ==============================


                   ----------Processing X-ray data----------                   

F-obs:
  /scratch/m_zhen01/30993.lupus.uni-muenster.de/p26/02_mtz/200_WG13-new.mtz:F-obs
Miller array info: None
Observation type: xray.amplitude
Type of data: double, size=182
Type of sigmas: None
Number of Miller indices: 182
Anomalous flag: False
Unit cell: (12.646, 10.326, 13.899, 90, 90, 90)
Space group: P 1 (No. 1)
Systematic absences: 0
Centric reflections: 0
Resolution range: 3.99915 2.51363
Completeness in resolution range: 1
Completeness with d_max=infinity: 0.752066

Number of F-obs in resolution range:                   182
Number of F-obs<0 (these reflections will be rejected): 0
Number of F-obs=0 (these reflections will be used in refinement): 0
Refinement resolution range: d_max =   3.9992
                             d_min =   2.5136

R-free flags:
  /scratch/m_zhen01/30993.lupus.uni-muenster.de/p26/02_mtz/200_WG13-new.mtz:R-free-flags
Miller array info: /scratch/m_zhen01/30993.lupus.uni-muenster.de/p26/02_mtz/200_WG13-new.mtz:R-free-flags
Observation type: None
Type of data: int, size=182
Type of sigmas: None
Number of Miller indices: 182
Anomalous flag: False
Unit cell: (12.646, 10.326, 13.899, 90, 90, 90)
Space group: P 1 (No. 1)
Systematic absences: 0
Centric reflections: 0
Resolution range: 3.99915 2.51363
Completeness in resolution range: 1
Completeness with d_max=infinity: 0.752066
Wavelength: 1.0000

Test (R-free flags) flag value: 1

Number of work/free reflections by resolution:
                                  work free  %free
  bin  1: 3.9992 - 3.6617 [18/18]   16    2  11.1%
  bin  2: 3.6617 - 3.4154 [14/14]   14    0   0.0%
  bin  3: 3.4154 - 3.2243 [22/22]   20    2   9.1%
  bin  4: 3.2243 - 3.0698 [15/15]   15    0   0.0%
  bin  5: 3.0698 - 2.9413 [30/30]   28    2   6.7%
  bin  6: 2.9413 - 2.8319 [ 8/8 ]    8    0   0.0%
  bin  7: 2.8319 - 2.7371 [15/15]   15    0   0.0%
  bin  8: 2.7371 - 2.6539 [18/18]   16    2  11.1%
  bin  9: 2.6539 - 2.5800 [23/23]   23    0   0.0%
  bin 10: 2.5800 - 2.5136 [19/19]   19    0   0.0%
                          overall  174    8   4.4%

                   ----------Processing PDB file(s)----------                  

  Monomer Library directory:
    "/tmp1/m_zhen01/phenix-installer-1.10.1-2155-intel-linux-2.6-x86_64-centos5/phenix-1.10.1-2155/modules/chem_data/mon_lib"
  Total number of atoms: 34
  Number of models: 1
  Model: ""
    Number of chains: 1
    Chain: "A"
      Number of atoms: 34
      Number of conformers: 1
      Conformer: ""
        Number of residues, atoms: 2, 34
          Classifications: {'peptide': 2}
          Modifications used: {'NH2NOTPRO': 1, 'COOH': 1}
          Link IDs: {'TRANS': 1}
  Time building chain proxies: 0.09, per 1000 atoms: 2.65
  Number of scatterers: 34
  At special positions: 0
  Unit cell: (12.646, 10.326, 13.899, 90, 90, 90)
  Space group: P 1 (No. 1)
  Number of sites at special positions: 0
  Number of scattering types: 4
    Type Number    sf(0)
     O       3      8.00
     N       3      7.00
     C      13      6.00
     H      15      1.00
    sf(0) = scattering factor at diffraction angle 0.

  Number of disulfides: simple=0, symmetry=0

  Automatic linking
    Parameters for automatic linking
      Linking & cutoffs
        Metal                : False - 3.50
        Amimo acid           : False - 1.90
        Carbohydrate         : True  - 1.99
        Ligands              : True  - 1.99
        Amino acid - RNA/DNA : False
      
  Number of custom bonds: simple=0, symmetry=0
  Time building additional restraints: 0.02
  Conformation dependent library (CDL) restraints added in 429.2 microseconds
  
  Adding C-beta torsion restraints...
  Number of C-beta restraints generated:  2
  Time building geometry restraints manager: 0.03 seconds

  NOTE: a complete listing of the restraints can be obtained by requesting
        output of .geo file.

  Histogram of bond lengths:
        0.82 -     0.97: 11
        0.97 -     1.11: 4
        1.11 -     1.26: 2
        1.26 -     1.40: 9
        1.40 -     1.55: 9
  Bond restraints: 35
  Sorted by residual:
  bond pdb=" CA  GLY A   2 "
       pdb=" N   GLY A   2 "
    ideal  model  delta    sigma   weight residual
    1.451  1.406  0.045 1.60e-02 3.91e+03 7.93e+00
  bond pdb=" CB  TRP A   1 "
       pdb=" HB2 TRP A   1 "
    ideal  model  delta    sigma   weight residual
    0.970  0.928  0.042 2.00e-02 2.50e+03 4.46e+00
  bond pdb=" NE1 TRP A   1 "
       pdb=" HE1 TRP A   1 "
    ideal  model  delta    sigma   weight residual
    0.860  0.820  0.040 2.00e-02 2.50e+03 4.01e+00
  bond pdb=" N   GLY A   2 "
       pdb=" H   GLY A   2 "
    ideal  model  delta    sigma   weight residual
    0.860  0.820  0.040 2.00e-02 2.50e+03 3.92e+00
  bond pdb=" CA  TRP A   1 "
       pdb=" HA  TRP A   1 "
    ideal  model  delta    sigma   weight residual
    0.970  0.931  0.039 2.00e-02 2.50e+03 3.73e+00
  ... (remaining 30 not shown)

  Histogram of bond angle deviations from ideal:
      104.57 -   110.60: 20
      110.60 -   116.62: 8
      116.62 -   122.65: 17
      122.65 -   128.67: 10
      128.67 -   134.70: 2
  Bond angle restraints: 57
  Sorted by residual:
  angle pdb=" C   GLY A   2 "
        pdb=" CA  GLY A   2 "
        pdb=" N   GLY A   2 "
      ideal   model   delta    sigma   weight residual
     113.30  107.88    5.42 2.90e+00 1.19e-01 3.50e+00
  angle pdb=" C   TRP A   1 "
        pdb=" CA  TRP A   1 "
        pdb=" N   TRP A   1 "
      ideal   model   delta    sigma   weight residual
     111.00  115.34   -4.34 2.80e+00 1.28e-01 2.41e+00
  angle pdb=" C   TRP A   1 "
        pdb=" CA  TRP A   1 "
        pdb=" HA  TRP A   1 "
      ideal   model   delta    sigma   weight residual
     109.00  104.57    4.43 3.00e+00 1.11e-01 2.18e+00
  angle pdb=" O   TRP A   1 "
        pdb=" C   TRP A   1 "
        pdb=" N   GLY A   2 "
      ideal   model   delta    sigma   weight residual
     123.00  125.18   -2.18 1.60e+00 3.91e-01 1.86e+00
  angle pdb=" CD1 TRP A   1 "
        pdb=" NE1 TRP A   1 "
        pdb=" HE1 TRP A   1 "
      ideal   model   delta    sigma   weight residual
     125.55  122.03    3.52 3.00e+00 1.11e-01 1.37e+00
  ... (remaining 52 not shown)

  Histogram of dihedral angle deviations from ideal:
        0.08 -     2.37: 7
        2.37 -     4.65: 3
        4.65 -     6.94: 0
        6.94 -     9.22: 1
        9.22 -    11.51: 2
  Dihedral angle restraints: 13
    sinusoidal: 3
      harmonic: 10
  Sorted by residual:
  dihedral pdb=" CA  TRP A   1 "
           pdb=" C   TRP A   1 "
           pdb=" N   GLY A   2 "
           pdb=" CA  GLY A   2 "
      ideal   model   delta  harmonic     sigma   weight residual
    -180.00 -170.34   -9.66     0      5.00e+00 4.00e-02 3.74e+00
  dihedral pdb=" HH2 TRP A   1 "
           pdb=" CH2 TRP A   1 "
           pdb=" CZ3 TRP A   1 "
           pdb=" CE3 TRP A   1 "
      ideal   model   delta  harmonic     sigma   weight residual
    -180.00 -176.05   -3.95     0      5.00e+00 4.00e-02 6.24e-01
  dihedral pdb=" CA  TRP A   1 "
           pdb=" CB  TRP A   1 "
           pdb=" CG  TRP A   1 "
           pdb=" CD1 TRP A   1 "
      ideal   model   delta sinusoidal    sigma   weight residual
     -90.00  -78.49  -11.51     2      2.00e+01 2.50e-03 4.78e-01
  ... (remaining 10 not shown)

  Histogram of chiral volume deviations from ideal:
       0.106 -    0.106: 1
       0.106 -    0.106: 0
       0.106 -    0.106: 0
       0.106 -    0.106: 0
       0.106 -    0.106: 0
  Chirality restraints: 1
  Sorted by residual:
  chirality pdb=" CA  TRP A   1 "
            pdb=" C   TRP A   1 "
            pdb=" N   TRP A   1 "
            pdb=" CB  TRP A   1 "
    both_signs  ideal   model   delta    sigma   weight residual
      False     -2.51   -2.40   -0.11 2.00e-01 2.50e+01 2.79e-01

  Planarity restraints: 4
  Sorted by residual:
                                 delta    sigma   weight rms_deltas residual
  plane pdb=" CB  TRP A   1 "    0.018 2.00e-02 2.50e+03   1.41e-02 7.97e+00
        pdb=" CG  TRP A   1 "   -0.002 2.00e-02 2.50e+03
        pdb=" CD1 TRP A   1 "   -0.009 2.00e-02 2.50e+03
        pdb=" HD1 TRP A   1 "   -0.018 2.00e-02 2.50e+03
        pdb=" NE1 TRP A   1 "   -0.006 2.00e-02 2.50e+03
        pdb=" HE1 TRP A   1 "    0.024 2.00e-02 2.50e+03
        pdb=" CE2 TRP A   1 "   -0.007 2.00e-02 2.50e+03
        pdb=" CZ2 TRP A   1 "    0.008 2.00e-02 2.50e+03
        pdb=" HZ2 TRP A   1 "    0.007 2.00e-02 2.50e+03
        pdb=" CH2 TRP A   1 "   -0.014 2.00e-02 2.50e+03
        pdb=" HH2 TRP A   1 "    0.009 2.00e-02 2.50e+03
        pdb=" CZ3 TRP A   1 "   -0.031 2.00e-02 2.50e+03
        pdb=" HZ3 TRP A   1 "    0.009 2.00e-02 2.50e+03
        pdb=" CE3 TRP A   1 "    0.017 2.00e-02 2.50e+03
        pdb=" HE3 TRP A   1 "    0.002 2.00e-02 2.50e+03
        pdb=" CD2 TRP A   1 "   -0.007 2.00e-02 2.50e+03
                                 delta    sigma   weight rms_deltas residual
  plane pdb=" O   GLY A   2 "    0.002 2.00e-02 2.50e+03   8.29e-03 8.59e-01
        pdb=" C   GLY A   2 "    0.004 2.00e-02 2.50e+03
        pdb=" OXT GLY A   2 "    0.012 2.00e-02 2.50e+03
        pdb=" HXT GLY A   2 "   -0.012 2.00e-02 2.50e+03
        pdb=" CA  GLY A   2 "   -0.007 2.00e-02 2.50e+03
                                 delta    sigma   weight rms_deltas residual
  plane pdb=" C   TRP A   1 "   -0.002 2.00e-02 2.50e+03   4.58e-03 2.10e-01
        pdb=" CA  GLY A   2 "   -0.002 2.00e-02 2.50e+03
        pdb=" N   GLY A   2 "    0.008 2.00e-02 2.50e+03
        pdb=" H   GLY A   2 "   -0.003 2.00e-02 2.50e+03
  ... (remaining 1 not shown)

  Histogram of nonbonded interaction distances:
        2.14 -     2.68: 28
        2.68 -     3.23: 42
        3.23 -     3.77: 69
        3.77 -     4.31: 58
        4.31 -     4.86: 63
  Nonbonded interactions: 260
  Sorted by model distance:
  nonbonded pdb=" HA2 GLY A   2 "
            pdb=" H   GLY A   2 "
     model   vdw
     2.141 1.816
  nonbonded pdb=" H1  TRP A   1 "
            pdb=" HB1 TRP A   1 "
     model   vdw
     2.218 2.270
  nonbonded pdb=" HH2 TRP A   1 "
            pdb=" HZ3 TRP A   1 "
     model   vdw
     2.274 1.680
  nonbonded pdb=" HA  TRP A   1 "
            pdb=" H2  TRP A   1 "
     model   vdw
     2.277 1.816
  nonbonded pdb=" HD1 TRP A   1 "
            pdb=" HE1 TRP A   1 "
     model   vdw
     2.286 1.680
  ... (remaining 255 not shown)

  NOTE: a complete listing of the restraints can be obtained by requesting
        output of .geo file.

                   ----------xray_structure summary----------                  

Number of scattering types: 4
  Type Number    sf(0)   Gaussians
   O       3      7.97       2
   N       3      6.97       2
   C      13      5.97       2
   H      15      1.00       2
  sf(0) = scattering factor at diffraction angle 0.
Number of scatterers: 34
At special positions: 0
Unit cell: (12.646, 10.326, 13.899, 90, 90, 90)
Space group: P 1 (No. 1)

End of input processing
r_work=0.4654 r_free=0.5609
params.data_weight: 0.0
params.restraints: cctbx
rmsd(b), start:  0.0958
mc:   0 R: 0.4654 rmsd(b):  0.0008 restraint_scale:  1.0 min_steps: 55
mc:   1 R: 0.4599 rmsd(b):  0.0006 restraint_scale:  1.0 min_steps: 54
mc:   2 R: 0.4594 rmsd(b):  0.0004 restraint_scale:  1.0 min_steps: 52
mc:   3 R: 0.4589 rmsd(b):  0.0003 restraint_scale:  1.0 min_steps: 53
mc:   4 R: 0.4585 rmsd(b):  0.0003 restraint_scale:  1.0 min_steps: 52
mc:   5 R: 0.4582 rmsd(b):  0.0003 restraint_scale:  1.0 min_steps: 53
Convergence reached, stop now.
see the result structure:  ./p26/04_results/opt_cctbx/200_WG13-new/0.9/5.pdb
Time: 5.4889
