phenix.python
you are importing  adaptive calculator, and it does nothing. Please give it energy, force....... 

============================== Collecting inputs ==============================


                   ----------Processing X-ray data----------                   

F-obs:
  /scratch/m_zhen01/30995.lupus.uni-muenster.de/p26/02_mtz/209_WGG03-new.mtz:F-obs
Miller array info: None
Observation type: xray.amplitude
Type of data: double, size=214
Type of sigmas: None
Number of Miller indices: 214
Anomalous flag: False
Unit cell: (11.975, 13.816, 13.034, 90, 90, 90)
Space group: P 1 (No. 1)
Systematic absences: 0
Centric reflections: 0
Resolution range: 3.99167 2.50493
Completeness in resolution range: 1
Completeness with d_max=infinity: 0.748252

Number of F-obs in resolution range:                   214
Number of F-obs<0 (these reflections will be rejected): 0
Number of F-obs=0 (these reflections will be used in refinement): 0
Refinement resolution range: d_max =   3.9917
                             d_min =   2.5049

R-free flags:
  /scratch/m_zhen01/30995.lupus.uni-muenster.de/p26/02_mtz/209_WGG03-new.mtz:R-free-flags
Miller array info: /scratch/m_zhen01/30995.lupus.uni-muenster.de/p26/02_mtz/209_WGG03-new.mtz:R-free-flags
Observation type: None
Type of data: int, size=214
Type of sigmas: None
Number of Miller indices: 214
Anomalous flag: False
Unit cell: (11.975, 13.816, 13.034, 90, 90, 90)
Space group: P 1 (No. 1)
Systematic absences: 0
Centric reflections: 0
Resolution range: 3.99167 2.50493
Completeness in resolution range: 1
Completeness with d_max=infinity: 0.748252
Wavelength: 1.0000

Test (R-free flags) flag value: 1

Number of work/free reflections by resolution:
                                  work free  %free
  bin  1: 3.9917 - 3.6531 [21/21]   17    4  19.0%
  bin  2: 3.6531 - 3.4062 [23/23]   19    4  17.4%
  bin  3: 3.4062 - 3.2150 [19/19]   19    0   0.0%
  bin  4: 3.2150 - 3.0605 [18/18]   18    0   0.0%
  bin  5: 3.0605 - 2.9320 [27/27]   27    0   0.0%
  bin  6: 2.9320 - 2.8227 [22/22]   22    0   0.0%
  bin  7: 2.8227 - 2.7281 [15/15]   15    0   0.0%
  bin  8: 2.7281 - 2.6450 [26/26]   22    4  15.4%
  bin  9: 2.6450 - 2.5711 [19/19]   19    0   0.0%
  bin 10: 2.5711 - 2.5049 [24/24]   24    0   0.0%
                          overall  202   12   5.6%

                   ----------Processing PDB file(s)----------                  

  Monomer Library directory:
    "/tmp1/m_zhen01/phenix-installer-1.10.1-2155-intel-linux-2.6-x86_64-centos5/phenix-1.10.1-2155/modules/chem_data/mon_lib"
  Total number of atoms: 41
  Number of models: 1
  Model: ""
    Number of chains: 1
    Chain: "A"
      Number of atoms: 41
      Number of conformers: 1
      Conformer: ""
        Number of residues, atoms: 3, 41
          Classifications: {'peptide': 3}
          Modifications used: {'NH2NOTPRO': 1, 'COOH': 1}
          Link IDs: {'TRANS': 2}
  Time building chain proxies: 0.07, per 1000 atoms: 1.71
  Number of scatterers: 41
  At special positions: 0
  Unit cell: (11.975, 13.816, 13.034, 90, 90, 90)
  Space group: P 1 (No. 1)
  Number of sites at special positions: 0
  Number of scattering types: 4
    Type Number    sf(0)
     O       4      8.00
     N       4      7.00
     C      15      6.00
     H      18      1.00
    sf(0) = scattering factor at diffraction angle 0.

  Number of disulfides: simple=0, symmetry=0

  Automatic linking
    Parameters for automatic linking
      Linking & cutoffs
        Metal                : False - 3.50
        Amimo acid           : False - 1.90
        Carbohydrate         : True  - 1.99
        Ligands              : True  - 1.99
        Amino acid - RNA/DNA : False
      
  Number of custom bonds: simple=0, symmetry=0
  Time building additional restraints: 0.03
  Conformation dependent library (CDL) restraints added in 2.4 milliseconds
  
  Adding C-beta torsion restraints...
  Number of C-beta restraints generated:  2
  Time building geometry restraints manager: 0.03 seconds

  NOTE: a complete listing of the restraints can be obtained by requesting
        output of .geo file.

  Histogram of bond lengths:
        0.83 -     0.97: 11
        0.97 -     1.11: 7
        1.11 -     1.25: 3
        1.25 -     1.39: 6
        1.39 -     1.53: 15
  Bond restraints: 42
  Sorted by residual:
  bond pdb=" C   TRP A   1 "
       pdb=" CA  TRP A   1 "
    ideal  model  delta    sigma   weight residual
    1.525  1.482  0.043 2.10e-02 2.27e+03 4.11e+00
  bond pdb=" CB  TRP A   1 "
       pdb=" HB1 TRP A   1 "
    ideal  model  delta    sigma   weight residual
    0.970  1.009 -0.039 2.00e-02 2.50e+03 3.73e+00
  bond pdb=" CA  GLY A   3 "
       pdb=" HA2 GLY A   3 "
    ideal  model  delta    sigma   weight residual
    0.970  1.007 -0.037 2.00e-02 2.50e+03 3.35e+00
  bond pdb=" N   GLY A   2 "
       pdb=" H   GLY A   2 "
    ideal  model  delta    sigma   weight residual
    0.860  0.826  0.034 2.00e-02 2.50e+03 2.94e+00
  bond pdb=" CE3 TRP A   1 "
       pdb=" HE3 TRP A   1 "
    ideal  model  delta    sigma   weight residual
    0.930  0.963 -0.033 2.00e-02 2.50e+03 2.67e+00
  ... (remaining 37 not shown)

  Histogram of bond angle deviations from ideal:
      104.43 -   110.39: 22
      110.39 -   116.34: 13
      116.34 -   122.30: 21
      122.30 -   128.25: 9
      128.25 -   134.21: 4
  Bond angle restraints: 69
  Sorted by residual:
  angle pdb=" O   GLY A   2 "
        pdb=" C   GLY A   2 "
        pdb=" CA  GLY A   2 "
      ideal   model   delta    sigma   weight residual
     120.57  124.17   -3.60 1.74e+00 3.30e-01 4.29e+00
  angle pdb=" H1  TRP A   1 "
        pdb=" N   TRP A   1 "
        pdb=" H2  TRP A   1 "
      ideal   model   delta    sigma   weight residual
     109.47  114.91   -5.44 3.00e+00 1.11e-01 3.29e+00
  angle pdb=" CB  TRP A   1 "
        pdb=" CG  TRP A   1 "
        pdb=" CD2 TRP A   1 "
      ideal   model   delta    sigma   weight residual
     126.80  124.34    2.46 1.40e+00 5.10e-01 3.09e+00
  angle pdb=" HA2 GLY A   2 "
        pdb=" CA  GLY A   2 "
        pdb=" N   GLY A   2 "
      ideal   model   delta    sigma   weight residual
     110.00  104.87    5.13 3.00e+00 1.11e-01 2.93e+00
  angle pdb=" C   GLY A   2 "
        pdb=" CA  GLY A   2 "
        pdb=" N   GLY A   2 "
      ideal   model   delta    sigma   weight residual
     113.18  117.01   -3.83 2.37e+00 1.78e-01 2.62e+00
  ... (remaining 64 not shown)

  Histogram of dihedral angle deviations from ideal:
        0.10 -    35.45: 12
       35.45 -    70.80: 1
       70.80 -   106.15: 0
      106.15 -   141.50: 0
      141.50 -   176.86: 1
  Dihedral angle restraints: 14
    sinusoidal: 3
      harmonic: 11
  Sorted by residual:
  dihedral pdb=" O   GLY A   3 "
           pdb=" C   GLY A   3 "
           pdb=" OXT GLY A   3 "
           pdb=" HXT GLY A   3 "
      ideal   model   delta  harmonic     sigma   weight residual
       0.00  176.86 -176.86     0      3.00e+01 1.11e-03 3.48e+01
  dihedral pdb=" OXT GLY A   3 "
           pdb=" C   GLY A   3 "
           pdb=" CA  GLY A   3 "
           pdb=" N   GLY A   3 "
      ideal   model   delta sinusoidal    sigma   weight residual
     -20.00  -71.11   51.11     2      3.00e+01 1.11e-03 3.23e+00
  dihedral pdb=" CA  TRP A   1 "
           pdb=" CB  TRP A   1 "
           pdb=" CG  TRP A   1 "
           pdb=" CD1 TRP A   1 "
      ideal   model   delta sinusoidal    sigma   weight residual
     -90.00 -119.64   29.64     2      2.00e+01 2.50e-03 2.94e+00
  ... (remaining 11 not shown)

  Histogram of chiral volume deviations from ideal:
       0.013 -    0.013: 1
       0.013 -    0.013: 0
       0.013 -    0.013: 0
       0.013 -    0.013: 0
       0.013 -    0.013: 0
  Chirality restraints: 1
  Sorted by residual:
  chirality pdb=" CA  TRP A   1 "
            pdb=" C   TRP A   1 "
            pdb=" N   TRP A   1 "
            pdb=" CB  TRP A   1 "
    both_signs  ideal   model   delta    sigma   weight residual
      False     -2.51   -2.52    0.01 2.00e-01 2.50e+01 4.47e-03

  Planarity restraints: 6
  Sorted by residual:
                                 delta    sigma   weight rms_deltas residual
  plane pdb=" CB  TRP A   1 "    0.017 2.00e-02 2.50e+03   2.02e-02 1.63e+01
        pdb=" CG  TRP A   1 "   -0.030 2.00e-02 2.50e+03
        pdb=" CD1 TRP A   1 "    0.012 2.00e-02 2.50e+03
        pdb=" HD1 TRP A   1 "   -0.012 2.00e-02 2.50e+03
        pdb=" NE1 TRP A   1 "    0.010 2.00e-02 2.50e+03
        pdb=" HE1 TRP A   1 "   -0.020 2.00e-02 2.50e+03
        pdb=" CE2 TRP A   1 "   -0.002 2.00e-02 2.50e+03
        pdb=" CZ2 TRP A   1 "    0.046 2.00e-02 2.50e+03
        pdb=" HZ2 TRP A   1 "   -0.022 2.00e-02 2.50e+03
        pdb=" CH2 TRP A   1 "    0.021 2.00e-02 2.50e+03
        pdb=" HH2 TRP A   1 "   -0.016 2.00e-02 2.50e+03
        pdb=" CZ3 TRP A   1 "   -0.014 2.00e-02 2.50e+03
        pdb=" HZ3 TRP A   1 "   -0.008 2.00e-02 2.50e+03
        pdb=" CE3 TRP A   1 "    0.005 2.00e-02 2.50e+03
        pdb=" HE3 TRP A   1 "   -0.015 2.00e-02 2.50e+03
        pdb=" CD2 TRP A   1 "    0.027 2.00e-02 2.50e+03
                                 delta    sigma   weight rms_deltas residual
  plane pdb=" O   GLY A   3 "    0.010 2.00e-02 2.50e+03   1.60e-02 3.20e+00
        pdb=" C   GLY A   3 "    0.002 2.00e-02 2.50e+03
        pdb=" OXT GLY A   3 "   -0.026 2.00e-02 2.50e+03
        pdb=" HXT GLY A   3 "    0.021 2.00e-02 2.50e+03
        pdb=" CA  GLY A   3 "   -0.007 2.00e-02 2.50e+03
                                 delta    sigma   weight rms_deltas residual
  plane pdb=" C   TRP A   1 "    0.009 2.00e-02 2.50e+03   1.65e-02 2.73e+00
        pdb=" CA  GLY A   2 "    0.007 2.00e-02 2.50e+03
        pdb=" N   GLY A   2 "   -0.028 2.00e-02 2.50e+03
        pdb=" H   GLY A   2 "    0.013 2.00e-02 2.50e+03
  ... (remaining 3 not shown)

  Histogram of nonbonded interaction distances:
        1.86 -     2.47: 17
        2.47 -     3.08: 69
        3.08 -     3.69: 69
        3.69 -     4.29: 86
        4.29 -     4.90: 114
  Nonbonded interactions: 355
  Sorted by model distance:
  nonbonded pdb=" O   GLY A   2 "
            pdb=" HXT GLY A   3 "
     model   vdw
     1.865 1.970
  nonbonded pdb=" HA2 GLY A   2 "
            pdb=" H   GLY A   2 "
     model   vdw
     2.075 1.816
  nonbonded pdb=" HA1 GLY A   3 "
            pdb=" H   GLY A   3 "
     model   vdw
     2.119 1.816
  nonbonded pdb=" HA  TRP A   1 "
            pdb=" HE3 TRP A   1 "
     model   vdw
     2.128 2.270
  nonbonded pdb=" HA  TRP A   1 "
            pdb=" H1  TRP A   1 "
     model   vdw
     2.196 1.816
  ... (remaining 350 not shown)

  NOTE: a complete listing of the restraints can be obtained by requesting
        output of .geo file.

                   ----------xray_structure summary----------                  

Number of scattering types: 4
  Type Number    sf(0)   Gaussians
   O       4      7.97       2
   N       4      6.97       2
   C      15      5.97       2
   H      18      1.00       2
  sf(0) = scattering factor at diffraction angle 0.
Number of scatterers: 41
At special positions: 0
Unit cell: (11.975, 13.816, 13.034, 90, 90, 90)
Space group: P 1 (No. 1)

End of input processing
r_work=0.2128 r_free=0.2626
params.data_weight: None
params.restraints: cctbx
rmsd(b), start:  0.0842
mc:   0 R: 0.0502 rmsd(b):  0.0307 restraint_scale:  2.0 min_steps: 18
mc:   1 R: 0.0153 rmsd(b):  0.0171 restraint_scale:  2.0 min_steps: 20
mc:   2 R: 0.0080 rmsd(b):  0.0194 restraint_scale:  2.0 min_steps: 20
mc:   3 R: 0.0073 rmsd(b):  0.0210 restraint_scale:  2.0 min_steps: 15
Convergence reached, stop now.
see the result structure:  ./p26/04_results/refine_cctbx/209_WGG03-new/0.3/8.pdb
Time: 5.4096
