phenix.python
you are importing  adaptive calculator, and it does nothing. Please give it energy, force....... 

============================== Collecting inputs ==============================


                   ----------Processing X-ray data----------                   

F-obs:
  /scratch/m_zhen01/30995.lupus.uni-muenster.de/p26/02_mtz/196_WG14-new.mtz:F-obs
Miller array info: None
Observation type: xray.amplitude
Type of data: double, size=203
Type of sigmas: None
Number of Miller indices: 203
Anomalous flag: False
Unit cell: (10.871, 14.682, 12.272, 90, 90, 90)
Space group: P 1 (No. 1)
Systematic absences: 0
Centric reflections: 0
Resolution range: 3.94058 2.51066
Completeness in resolution range: 1
Completeness with d_max=infinity: 0.7603

Number of F-obs in resolution range:                   203
Number of F-obs<0 (these reflections will be rejected): 0
Number of F-obs=0 (these reflections will be used in refinement): 0
Refinement resolution range: d_max =   3.9406
                             d_min =   2.5107

R-free flags:
  /scratch/m_zhen01/30995.lupus.uni-muenster.de/p26/02_mtz/196_WG14-new.mtz:R-free-flags
Miller array info: /scratch/m_zhen01/30995.lupus.uni-muenster.de/p26/02_mtz/196_WG14-new.mtz:R-free-flags
Observation type: None
Type of data: int, size=203
Type of sigmas: None
Number of Miller indices: 203
Anomalous flag: False
Unit cell: (10.871, 14.682, 12.272, 90, 90, 90)
Space group: P 1 (No. 1)
Systematic absences: 0
Centric reflections: 0
Resolution range: 3.94058 2.51066
Completeness in resolution range: 1
Completeness with d_max=infinity: 0.7603
Wavelength: 1.0000

Test (R-free flags) flag value: 1

Number of work/free reflections by resolution:
                                  work free  %free
  bin  1: 3.9406 - 3.6230 [18/18]   16    2  11.1%
  bin  2: 3.6230 - 3.3881 [26/26]   26    0   0.0%
  bin  3: 3.3881 - 3.2043 [12/12]   10    2  16.7%
  bin  4: 3.2043 - 3.0548 [19/19]   19    0   0.0%
  bin  5: 3.0548 - 2.9298 [27/27]   23    4  14.8%
  bin  6: 2.9298 - 2.8230 [20/20]   20    0   0.0%
  bin  7: 2.8230 - 2.7303 [10/10]   10    0   0.0%
  bin  8: 2.7303 - 2.6486 [27/27]   27    0   0.0%
  bin  9: 2.6486 - 2.5760 [18/18]   18    0   0.0%
  bin 10: 2.5760 - 2.5107 [26/26]   22    4  15.4%
                          overall  191   12   5.9%

                   ----------Processing PDB file(s)----------                  

  Monomer Library directory:
    "/tmp1/m_zhen01/phenix-installer-1.10.1-2155-intel-linux-2.6-x86_64-centos5/phenix-1.10.1-2155/modules/chem_data/mon_lib"
  Total number of atoms: 34
  Number of models: 1
  Model: ""
    Number of chains: 1
    Chain: "A"
      Number of atoms: 34
      Number of conformers: 1
      Conformer: ""
        Number of residues, atoms: 2, 34
          Classifications: {'peptide': 2}
          Modifications used: {'NH2NOTPRO': 1, 'COOH': 1}
          Link IDs: {'TRANS': 1}
  Time building chain proxies: 0.08, per 1000 atoms: 2.35
  Number of scatterers: 34
  At special positions: 0
  Unit cell: (10.871, 14.682, 12.272, 90, 90, 90)
  Space group: P 1 (No. 1)
  Number of sites at special positions: 0
  Number of scattering types: 4
    Type Number    sf(0)
     O       3      8.00
     N       3      7.00
     C      13      6.00
     H      15      1.00
    sf(0) = scattering factor at diffraction angle 0.

  Number of disulfides: simple=0, symmetry=0

  Automatic linking
    Parameters for automatic linking
      Linking & cutoffs
        Metal                : False - 3.50
        Amimo acid           : False - 1.90
        Carbohydrate         : True  - 1.99
        Ligands              : True  - 1.99
        Amino acid - RNA/DNA : False
      
  Number of custom bonds: simple=0, symmetry=0
  Time building additional restraints: 0.02
  Conformation dependent library (CDL) restraints added in 532.2 microseconds
  
  Adding C-beta torsion restraints...
  Number of C-beta restraints generated:  2
  Time building geometry restraints manager: 0.03 seconds

  NOTE: a complete listing of the restraints can be obtained by requesting
        output of .geo file.

  Histogram of bond lengths:
        0.88 -     1.02: 14
        1.02 -     1.15: 1
        1.15 -     1.28: 2
        1.28 -     1.42: 11
        1.42 -     1.55: 7
  Bond restraints: 35
  Sorted by residual:
  bond pdb=" CA  GLY A   2 "
       pdb=" HA2 GLY A   2 "
    ideal  model  delta    sigma   weight residual
    0.970  1.024 -0.054 2.00e-02 2.50e+03 7.25e+00
  bond pdb=" OXT GLY A   2 "
       pdb=" C   GLY A   2 "
    ideal  model  delta    sigma   weight residual
    1.330  1.367 -0.037 2.00e-02 2.50e+03 3.39e+00
  bond pdb=" OXT GLY A   2 "
       pdb=" HXT GLY A   2 "
    ideal  model  delta    sigma   weight residual
    0.948  0.916  0.032 2.00e-02 2.50e+03 2.60e+00
  bond pdb=" CB  TRP A   1 "
       pdb=" HB2 TRP A   1 "
    ideal  model  delta    sigma   weight residual
    0.970  0.998 -0.028 2.00e-02 2.50e+03 1.90e+00
  bond pdb=" N   TRP A   1 "
       pdb=" H1  TRP A   1 "
    ideal  model  delta    sigma   weight residual
    0.960  0.987 -0.027 2.00e-02 2.50e+03 1.80e+00
  ... (remaining 30 not shown)

  Histogram of bond angle deviations from ideal:
      104.40 -   110.27: 19
      110.27 -   116.14: 8
      116.14 -   122.02: 17
      122.02 -   127.89: 10
      127.89 -   133.76: 3
  Bond angle restraints: 57
  Sorted by residual:
  angle pdb=" C   GLY A   2 "
        pdb=" CA  GLY A   2 "
        pdb=" HA1 GLY A   2 "
      ideal   model   delta    sigma   weight residual
     109.00  115.16   -6.16 3.00e+00 1.11e-01 4.22e+00
  angle pdb=" C   TRP A   1 "
        pdb=" N   GLY A   2 "
        pdb=" CA  GLY A   2 "
      ideal   model   delta    sigma   weight residual
     121.70  124.85   -3.15 1.80e+00 3.09e-01 3.07e+00
  angle pdb=" HA  TRP A   1 "
        pdb=" CA  TRP A   1 "
        pdb=" CB  TRP A   1 "
      ideal   model   delta    sigma   weight residual
     109.00  104.40    4.60 3.00e+00 1.11e-01 2.36e+00
  angle pdb=" HA  TRP A   1 "
        pdb=" CA  TRP A   1 "
        pdb=" N   TRP A   1 "
      ideal   model   delta    sigma   weight residual
     110.00  114.42   -4.42 3.00e+00 1.11e-01 2.17e+00
  angle pdb=" CA  TRP A   1 "
        pdb=" CB  TRP A   1 "
        pdb=" HB2 TRP A   1 "
      ideal   model   delta    sigma   weight residual
     109.00  112.94   -3.94 3.00e+00 1.11e-01 1.72e+00
  ... (remaining 52 not shown)

  Histogram of dihedral angle deviations from ideal:
        0.43 -     4.67: 10
        4.67 -     8.91: 1
        8.91 -    13.14: 1
       13.14 -    17.38: 0
       17.38 -    21.62: 1
  Dihedral angle restraints: 13
    sinusoidal: 3
      harmonic: 10
  Sorted by residual:
  dihedral pdb=" CA  TRP A   1 "
           pdb=" C   TRP A   1 "
           pdb=" N   GLY A   2 "
           pdb=" CA  GLY A   2 "
      ideal   model   delta  harmonic     sigma   weight residual
     180.00  173.13    6.87     0      5.00e+00 4.00e-02 1.89e+00
  dihedral pdb=" N   TRP A   1 "
           pdb=" C   TRP A   1 "
           pdb=" CA  TRP A   1 "
           pdb=" CB  TRP A   1 "
      ideal   model   delta  harmonic     sigma   weight residual
     122.80  119.89    2.91     0      2.50e+00 1.60e-01 1.35e+00
  dihedral pdb=" N   TRP A   1 "
           pdb=" CA  TRP A   1 "
           pdb=" CB  TRP A   1 "
           pdb=" CG  TRP A   1 "
      ideal   model   delta sinusoidal    sigma   weight residual
     180.00  168.72   11.28     3      1.50e+01 4.44e-03 8.03e-01
  ... (remaining 10 not shown)

  Histogram of chiral volume deviations from ideal:
       0.114 -    0.114: 1
       0.114 -    0.114: 0
       0.114 -    0.114: 0
       0.114 -    0.114: 0
       0.114 -    0.114: 0
  Chirality restraints: 1
  Sorted by residual:
  chirality pdb=" CA  TRP A   1 "
            pdb=" C   TRP A   1 "
            pdb=" N   TRP A   1 "
            pdb=" CB  TRP A   1 "
    both_signs  ideal   model   delta    sigma   weight residual
      False     -2.51   -2.62    0.11 2.00e-01 2.50e+01 3.26e-01

  Planarity restraints: 4
  Sorted by residual:
                                 delta    sigma   weight rms_deltas residual
  plane pdb=" CB  TRP A   1 "   -0.028 2.00e-02 2.50e+03   1.77e-02 1.26e+01
        pdb=" CG  TRP A   1 "    0.013 2.00e-02 2.50e+03
        pdb=" CD1 TRP A   1 "    0.015 2.00e-02 2.50e+03
        pdb=" HD1 TRP A   1 "   -0.003 2.00e-02 2.50e+03
        pdb=" NE1 TRP A   1 "   -0.016 2.00e-02 2.50e+03
        pdb=" HE1 TRP A   1 "    0.008 2.00e-02 2.50e+03
        pdb=" CE2 TRP A   1 "   -0.014 2.00e-02 2.50e+03
        pdb=" CZ2 TRP A   1 "    0.003 2.00e-02 2.50e+03
        pdb=" HZ2 TRP A   1 "    0.014 2.00e-02 2.50e+03
        pdb=" CH2 TRP A   1 "   -0.015 2.00e-02 2.50e+03
        pdb=" HH2 TRP A   1 "    0.007 2.00e-02 2.50e+03
        pdb=" CZ3 TRP A   1 "   -0.010 2.00e-02 2.50e+03
        pdb=" HZ3 TRP A   1 "   -0.025 2.00e-02 2.50e+03
        pdb=" CE3 TRP A   1 "    0.022 2.00e-02 2.50e+03
        pdb=" HE3 TRP A   1 "    0.039 2.00e-02 2.50e+03
        pdb=" CD2 TRP A   1 "   -0.010 2.00e-02 2.50e+03
                                 delta    sigma   weight rms_deltas residual
  plane pdb=" C   TRP A   1 "   -0.006 2.00e-02 2.50e+03   3.27e-03 1.07e-01
        pdb=" O   TRP A   1 "    0.002 2.00e-02 2.50e+03
        pdb=" CA  TRP A   1 "    0.002 2.00e-02 2.50e+03
        pdb=" N   GLY A   2 "    0.002 2.00e-02 2.50e+03
                                 delta    sigma   weight rms_deltas residual
  plane pdb=" OXT GLY A   2 "    0.003 2.00e-02 2.50e+03   2.49e-03 7.72e-02
        pdb=" C   GLY A   2 "    0.002 2.00e-02 2.50e+03
        pdb=" O   GLY A   2 "    0.000 2.00e-02 2.50e+03
        pdb=" HXT GLY A   2 "   -0.004 2.00e-02 2.50e+03
        pdb=" CA  GLY A   2 "   -0.002 2.00e-02 2.50e+03
  ... (remaining 1 not shown)

  Histogram of nonbonded interaction distances:
        2.25 -     2.78: 36
        2.78 -     3.31: 43
        3.31 -     3.83: 42
        3.83 -     4.36: 53
        4.36 -     4.89: 81
  Nonbonded interactions: 255
  Sorted by model distance:
  nonbonded pdb=" O   TRP A   1 "
            pdb=" HE3 TRP A   1 "
     model   vdw
     2.251 2.570
  nonbonded pdb=" HZ3 TRP A   1 "
            pdb=" HE3 TRP A   1 "
     model   vdw
     2.275 1.680
  nonbonded pdb=" O   GLY A   2 "
            pdb=" HXT GLY A   2 "
     model   vdw
     2.287 2.056
  nonbonded pdb=" HA  TRP A   1 "
            pdb=" H   GLY A   2 "
     model   vdw
     2.301 2.270
  nonbonded pdb=" HA1 GLY A   2 "
            pdb=" H   GLY A   2 "
     model   vdw
     2.307 1.816
  ... (remaining 250 not shown)

  NOTE: a complete listing of the restraints can be obtained by requesting
        output of .geo file.

                   ----------xray_structure summary----------                  

Number of scattering types: 4
  Type Number    sf(0)   Gaussians
   O       3      7.97       2
   N       3      6.97       2
   C      13      5.97       2
   H      15      1.00       2
  sf(0) = scattering factor at diffraction angle 0.
Number of scatterers: 34
At special positions: 0
Unit cell: (10.871, 14.682, 12.272, 90, 90, 90)
Space group: P 1 (No. 1)

End of input processing
r_work=0.5360 r_free=0.4295
params.data_weight: None
params.restraints: cctbx
rmsd(b), start:  0.0780
mc:   0 R: 0.3065 rmsd(b):  0.0989 restraint_scale:  2.0 min_steps: 54
mc:   1 R: 0.2958 rmsd(b):  0.1224 restraint_scale:  4.0 min_steps: 11
mc:   2 R: 0.2923 rmsd(b):  0.1111 restraint_scale:  8.0 min_steps: 6
mc:   3 R: 0.2846 rmsd(b):  0.1015 restraint_scale: 16.0 min_steps: 24
mc:   4 R: 0.3323 rmsd(b):  0.0341 restraint_scale: 32.0 min_steps: 40
mc:   5 R: 0.3470 rmsd(b):  0.0232 restraint_scale: 32.0 min_steps: 14
mc:   6 R: 0.3578 rmsd(b):  0.0167 restraint_scale: 32.0 min_steps: 25
mc:   7 R: 0.3487 rmsd(b):  0.0235 restraint_scale: 32.0 min_steps: 13
mc:   8 R: 0.3649 rmsd(b):  0.0127 restraint_scale: 32.0 min_steps: 19
mc:   9 R: 0.3531 rmsd(b):  0.0207 restraint_scale: 32.0 min_steps: 14
mc:  10 R: 0.3547 rmsd(b):  0.0185 restraint_scale: 32.0 min_steps: 4
mc:  11 R: 0.3528 rmsd(b):  0.0215 restraint_scale: 32.0 min_steps: 4
mc:  12 R: 0.3543 rmsd(b):  0.0191 restraint_scale: 32.0 min_steps: 4
mc:  13 R: 0.3571 rmsd(b):  0.0172 restraint_scale: 32.0 min_steps: 10
mc:  14 R: 0.3632 rmsd(b):  0.0131 restraint_scale: 32.0 min_steps: 10
mc:  15 R: 0.3564 rmsd(b):  0.0180 restraint_scale: 32.0 min_steps: 12
mc:  16 R: 0.3622 rmsd(b):  0.0138 restraint_scale: 32.0 min_steps: 9
mc:  17 R: 0.3570 rmsd(b):  0.0179 restraint_scale: 32.0 min_steps: 9
mc:  18 R: 0.3521 rmsd(b):  0.0217 restraint_scale: 32.0 min_steps: 10
mc:  19 R: 0.3548 rmsd(b):  0.0191 restraint_scale: 32.0 min_steps: 7
mc:  20 R: 0.3550 rmsd(b):  0.0188 restraint_scale: 32.0 min_steps: 3
Convergence reached, stop now.
see the result structure:  ./p26/04_results/refine_cctbx/196_WG14-new/1.2/6.pdb
Time: 8.5285
