phenix.python
you are importing  adaptive calculator, and it does nothing. Please give it energy, force....... 

============================== Collecting inputs ==============================


                   ----------Processing X-ray data----------                   

F-obs:
  /scratch/m_zhen01/30993.lupus.uni-muenster.de/p26/02_mtz/247_GFA03-new.mtz:F-obs
Miller array info: None
Observation type: xray.amplitude
Type of data: double, size=227
Type of sigmas: None
Number of Miller indices: 227
Anomalous flag: False
Unit cell: (16.841, 13.139, 9.995, 90, 90, 90)
Space group: P 1 (No. 1)
Systematic absences: 0
Centric reflections: 0
Resolution range: 3.97746 2.50702
Completeness in resolution range: 1
Completeness with d_max=infinity: 0.761745

Number of F-obs in resolution range:                   227
Number of F-obs<0 (these reflections will be rejected): 0
Number of F-obs=0 (these reflections will be used in refinement): 0
Refinement resolution range: d_max =   3.9775
                             d_min =   2.5070

R-free flags:
  /scratch/m_zhen01/30993.lupus.uni-muenster.de/p26/02_mtz/247_GFA03-new.mtz:R-free-flags
Miller array info: /scratch/m_zhen01/30993.lupus.uni-muenster.de/p26/02_mtz/247_GFA03-new.mtz:R-free-flags
Observation type: None
Type of data: int, size=227
Type of sigmas: None
Number of Miller indices: 227
Anomalous flag: False
Unit cell: (16.841, 13.139, 9.995, 90, 90, 90)
Space group: P 1 (No. 1)
Systematic absences: 0
Centric reflections: 0
Resolution range: 3.97746 2.50702
Completeness in resolution range: 1
Completeness with d_max=infinity: 0.761745
Wavelength: 1.0000

Test (R-free flags) flag value: 1

Number of work/free reflections by resolution:
                                  work free  %free
  bin  1: 3.9775 - 3.6450 [24/24]   24    0   0.0%
  bin  2: 3.6450 - 3.4016 [16/16]   16    0   0.0%
  bin  3: 3.4016 - 3.2125 [31/31]   27    4  12.9%
  bin  4: 3.2125 - 3.0594 [28/28]   24    4  14.3%
  bin  5: 3.0594 - 2.9319 [10/10]    8    2  20.0%
  bin  6: 2.9319 - 2.8233 [28/28]   28    0   0.0%
  bin  7: 2.8233 - 2.7292 [19/19]   19    0   0.0%
  bin  8: 2.7292 - 2.6465 [18/18]   18    0   0.0%
  bin  9: 2.6465 - 2.5730 [29/29]   27    2   6.9%
  bin 10: 2.5730 - 2.5070 [24/24]   24    0   0.0%
                          overall  215   12   5.3%

                   ----------Processing PDB file(s)----------                  

  Monomer Library directory:
    "/tmp1/m_zhen01/phenix-installer-1.10.1-2155-intel-linux-2.6-x86_64-centos5/phenix-1.10.1-2155/modules/chem_data/mon_lib"
  Total number of atoms: 40
  Number of models: 1
  Model: ""
    Number of chains: 1
    Chain: "A"
      Number of atoms: 40
      Number of conformers: 1
      Conformer: ""
        Number of residues, atoms: 3, 40
          Classifications: {'peptide': 3}
          Modifications used: {'NH2NOTPRO': 1, 'COOH': 1}
          Link IDs: {'TRANS': 2}
  Time building chain proxies: 0.09, per 1000 atoms: 2.25
  Number of scatterers: 40
  At special positions: 0
  Unit cell: (16.841, 13.139, 9.995, 90, 90, 90)
  Space group: P 1 (No. 1)
  Number of sites at special positions: 0
  Number of scattering types: 4
    Type Number    sf(0)
     O       4      8.00
     N       3      7.00
     C      14      6.00
     H      19      1.00
    sf(0) = scattering factor at diffraction angle 0.

  Number of disulfides: simple=0, symmetry=0

  Automatic linking
    Parameters for automatic linking
      Linking & cutoffs
        Metal                : False - 3.50
        Amimo acid           : False - 1.90
        Carbohydrate         : True  - 1.99
        Ligands              : True  - 1.99
        Amino acid - RNA/DNA : False
      
  Number of custom bonds: simple=0, symmetry=0
  Time building additional restraints: 0.03
  Conformation dependent library (CDL) restraints added in 3.4 milliseconds
  
  Adding C-beta torsion restraints...
  Number of C-beta restraints generated:  4
  Time building geometry restraints manager: 0.03 seconds

  NOTE: a complete listing of the restraints can be obtained by requesting
        output of .geo file.

  Histogram of bond lengths:
        0.82 -     0.97: 12
        0.97 -     1.12: 7
        1.12 -     1.26: 3
        1.26 -     1.41: 8
        1.41 -     1.55: 10
  Bond restraints: 40
  Sorted by residual:
  bond pdb=" C   PHE A   2 "
       pdb=" CA  PHE A   2 "
    ideal  model  delta    sigma   weight residual
    1.526  1.555 -0.028 1.03e-02 9.43e+03 7.63e+00
  bond pdb=" CE1 PHE A   2 "
       pdb=" HE1 PHE A   2 "
    ideal  model  delta    sigma   weight residual
    0.930  0.876  0.054 2.00e-02 2.50e+03 7.35e+00
  bond pdb=" CA  ALA A   3 "
       pdb=" HA  ALA A   3 "
    ideal  model  delta    sigma   weight residual
    0.970  1.020 -0.050 2.00e-02 2.50e+03 6.29e+00
  bond pdb=" CE2 PHE A   2 "
       pdb=" HE2 PHE A   2 "
    ideal  model  delta    sigma   weight residual
    0.930  0.885  0.045 2.00e-02 2.50e+03 5.07e+00
  bond pdb=" N   PHE A   2 "
       pdb=" H   PHE A   2 "
    ideal  model  delta    sigma   weight residual
    0.860  0.823  0.037 2.00e-02 2.50e+03 3.51e+00
  ... (remaining 35 not shown)

  Histogram of bond angle deviations from ideal:
      103.14 -   107.45: 7
      107.45 -   111.76: 18
      111.76 -   116.07: 10
      116.07 -   120.38: 15
      120.38 -   124.69: 16
  Bond angle restraints: 66
  Sorted by residual:
  angle pdb=" CA  GLY A   1 "
        pdb=" N   GLY A   1 "
        pdb=" H1  GLY A   1 "
      ideal   model   delta    sigma   weight residual
     109.47  116.04   -6.57 3.00e+00 1.11e-01 4.79e+00
  angle pdb=" CA  ALA A   3 "
        pdb=" CB  ALA A   3 "
        pdb=" HB2 ALA A   3 "
      ideal   model   delta    sigma   weight residual
     109.00  103.14    5.86 3.00e+00 1.11e-01 3.82e+00
  angle pdb=" CA  PHE A   2 "
        pdb=" C   PHE A   2 "
        pdb=" N   ALA A   3 "
      ideal   model   delta    sigma   weight residual
     116.26  118.36   -2.10 1.27e+00 6.20e-01 2.72e+00
  angle pdb=" CG  PHE A   2 "
        pdb=" CB  PHE A   2 "
        pdb=" CA  PHE A   2 "
      ideal   model   delta    sigma   weight residual
     113.80  115.42   -1.62 1.00e+00 1.00e+00 2.62e+00
  angle pdb=" CA  ALA A   3 "
        pdb=" CB  ALA A   3 "
        pdb=" HB3 ALA A   3 "
      ideal   model   delta    sigma   weight residual
     109.00  113.82   -4.82 3.00e+00 1.11e-01 2.58e+00
  ... (remaining 61 not shown)

  Histogram of dihedral angle deviations from ideal:
        0.08 -     4.47: 10
        4.47 -     8.86: 5
        8.86 -    13.24: 0
       13.24 -    17.63: 0
       17.63 -    22.01: 1
  Dihedral angle restraints: 16
    sinusoidal: 4
      harmonic: 12
  Sorted by residual:
  dihedral pdb=" CA  GLY A   1 "
           pdb=" C   GLY A   1 "
           pdb=" N   PHE A   2 "
           pdb=" CA  PHE A   2 "
      ideal   model   delta  harmonic     sigma   weight residual
     180.00  171.46    8.54     0      5.00e+00 4.00e-02 2.92e+00
  dihedral pdb=" N   ALA A   3 "
           pdb=" C   ALA A   3 "
           pdb=" CA  ALA A   3 "
           pdb=" CB  ALA A   3 "
      ideal   model   delta  harmonic     sigma   weight residual
     122.90  125.53   -2.63     0      2.50e+00 1.60e-01 1.11e+00
  dihedral pdb=" CA  PHE A   2 "
           pdb=" C   PHE A   2 "
           pdb=" N   ALA A   3 "
           pdb=" CA  ALA A   3 "
      ideal   model   delta  harmonic     sigma   weight residual
    -180.00 -174.94   -5.06     0      5.00e+00 4.00e-02 1.02e+00
  ... (remaining 13 not shown)

  Histogram of chiral volume deviations from ideal:
       0.013 -    0.039: 1
       0.039 -    0.065: 0
       0.065 -    0.091: 0
       0.091 -    0.117: 0
       0.117 -    0.143: 1
  Chirality restraints: 2
  Sorted by residual:
  chirality pdb=" CA  ALA A   3 "
            pdb=" C   ALA A   3 "
            pdb=" CB  ALA A   3 "
            pdb=" N   ALA A   3 "
    both_signs  ideal   model   delta    sigma   weight residual
      False      2.48    2.34    0.14 2.00e-01 2.50e+01 5.11e-01
  chirality pdb=" CA  PHE A   2 "
            pdb=" CB  PHE A   2 "
            pdb=" C   PHE A   2 "
            pdb=" N   PHE A   2 "
    both_signs  ideal   model   delta    sigma   weight residual
      False     -2.51   -2.52    0.01 2.00e-01 2.50e+01 4.45e-03

  Planarity restraints: 6
  Sorted by residual:
                                 delta    sigma   weight rms_deltas residual
  plane pdb=" C   PHE A   2 "   -0.031 2.00e-02 2.50e+03   1.77e-02 3.14e+00
        pdb=" O   PHE A   2 "    0.011 2.00e-02 2.50e+03
        pdb=" CA  PHE A   2 "    0.009 2.00e-02 2.50e+03
        pdb=" N   ALA A   3 "    0.011 2.00e-02 2.50e+03
                                 delta    sigma   weight rms_deltas residual
  plane pdb=" CB  PHE A   2 "   -0.002 2.00e-02 2.50e+03   8.43e-03 2.13e+00
        pdb=" CG  PHE A   2 "   -0.013 2.00e-02 2.50e+03
        pdb=" CD1 PHE A   2 "    0.012 2.00e-02 2.50e+03
        pdb=" HD1 PHE A   2 "   -0.008 2.00e-02 2.50e+03
        pdb=" CE1 PHE A   2 "    0.000 2.00e-02 2.50e+03
        pdb=" HE1 PHE A   2 "    0.004 2.00e-02 2.50e+03
        pdb=" CZ  PHE A   2 "   -0.002 2.00e-02 2.50e+03
        pdb=" HZ  PHE A   2 "   -0.002 2.00e-02 2.50e+03
        pdb=" CE2 PHE A   2 "   -0.003 2.00e-02 2.50e+03
        pdb=" HE2 PHE A   2 "   -0.006 2.00e-02 2.50e+03
        pdb=" CD2 PHE A   2 "    0.020 2.00e-02 2.50e+03
        pdb=" HD2 PHE A   2 "   -0.001 2.00e-02 2.50e+03
                                 delta    sigma   weight rms_deltas residual
  plane pdb=" C   GLY A   1 "    0.021 2.00e-02 2.50e+03   1.20e-02 1.44e+00
        pdb=" O   GLY A   1 "   -0.008 2.00e-02 2.50e+03
        pdb=" CA  GLY A   1 "   -0.006 2.00e-02 2.50e+03
        pdb=" N   PHE A   2 "   -0.007 2.00e-02 2.50e+03
  ... (remaining 3 not shown)

  Histogram of nonbonded interaction distances:
        1.99 -     2.57: 21
        2.57 -     3.15: 59
        3.15 -     3.73: 59
        3.73 -     4.31: 50
        4.31 -     4.90: 97
  Nonbonded interactions: 286
  Sorted by model distance:
  nonbonded pdb=" HA1 GLY A   1 "
            pdb=" H2  GLY A   1 "
     model   vdw
     1.985 1.816
  nonbonded pdb=" HB2 ALA A   3 "
            pdb=" HA  ALA A   3 "
     model   vdw
     2.249 1.952
  nonbonded pdb=" HE1 PHE A   2 "
            pdb=" HZ  PHE A   2 "
     model   vdw
     2.255 1.680
  nonbonded pdb=" HD1 PHE A   2 "
            pdb=" HE1 PHE A   2 "
     model   vdw
     2.266 1.680
  nonbonded pdb=" HE2 PHE A   2 "
            pdb=" HD2 PHE A   2 "
     model   vdw
     2.270 1.680
  ... (remaining 281 not shown)

  NOTE: a complete listing of the restraints can be obtained by requesting
        output of .geo file.

                   ----------xray_structure summary----------                  

Number of scattering types: 4
  Type Number    sf(0)   Gaussians
   O       4      7.97       2
   N       3      6.97       2
   C      14      5.97       2
   H      19      1.00       2
  sf(0) = scattering factor at diffraction angle 0.
Number of scatterers: 40
At special positions: 0
Unit cell: (16.841, 13.139, 9.995, 90, 90, 90)
Space group: P 1 (No. 1)

End of input processing
r_work=0.4975 r_free=0.3789
params.data_weight: 0.0
params.restraints: cctbx
rmsd(b), start:  0.0951
mc:   0 R: 0.4976 rmsd(b):  0.0007 restraint_scale:  1.0 min_steps: 53
mc:   1 R: 0.5034 rmsd(b):  0.0006 restraint_scale:  1.0 min_steps: 54
mc:   2 R: 0.5004 rmsd(b):  0.0005 restraint_scale:  1.0 min_steps: 55
mc:   3 R: 0.4998 rmsd(b):  0.0005 restraint_scale:  1.0 min_steps: 52
mc:   4 R: 0.4984 rmsd(b):  0.0004 restraint_scale:  1.0 min_steps: 52
mc:   5 R: 0.4980 rmsd(b):  0.0004 restraint_scale:  1.0 min_steps: 55
Convergence reached, stop now.
see the result structure:  ./p26/04_results/opt_cctbx/247_GFA03-new/0.9/2.pdb
Time: 5.7019
