phenix.python
you are importing  adaptive calculator, and it does nothing. Please give it energy, force....... 

============================== Collecting inputs ==============================


                   ----------Processing X-ray data----------                   

F-obs:
  /scratch/m_zhen01/30993.lupus.uni-muenster.de/p26/02_mtz/247_GFA03-new.mtz:F-obs
Miller array info: None
Observation type: xray.amplitude
Type of data: double, size=227
Type of sigmas: None
Number of Miller indices: 227
Anomalous flag: False
Unit cell: (16.841, 13.139, 9.995, 90, 90, 90)
Space group: P 1 (No. 1)
Systematic absences: 0
Centric reflections: 0
Resolution range: 3.97746 2.50702
Completeness in resolution range: 1
Completeness with d_max=infinity: 0.761745

Number of F-obs in resolution range:                   227
Number of F-obs<0 (these reflections will be rejected): 0
Number of F-obs=0 (these reflections will be used in refinement): 0
Refinement resolution range: d_max =   3.9775
                             d_min =   2.5070

R-free flags:
  /scratch/m_zhen01/30993.lupus.uni-muenster.de/p26/02_mtz/247_GFA03-new.mtz:R-free-flags
Miller array info: /scratch/m_zhen01/30993.lupus.uni-muenster.de/p26/02_mtz/247_GFA03-new.mtz:R-free-flags
Observation type: None
Type of data: int, size=227
Type of sigmas: None
Number of Miller indices: 227
Anomalous flag: False
Unit cell: (16.841, 13.139, 9.995, 90, 90, 90)
Space group: P 1 (No. 1)
Systematic absences: 0
Centric reflections: 0
Resolution range: 3.97746 2.50702
Completeness in resolution range: 1
Completeness with d_max=infinity: 0.761745
Wavelength: 1.0000

Test (R-free flags) flag value: 1

Number of work/free reflections by resolution:
                                  work free  %free
  bin  1: 3.9775 - 3.6450 [24/24]   24    0   0.0%
  bin  2: 3.6450 - 3.4016 [16/16]   16    0   0.0%
  bin  3: 3.4016 - 3.2125 [31/31]   27    4  12.9%
  bin  4: 3.2125 - 3.0594 [28/28]   24    4  14.3%
  bin  5: 3.0594 - 2.9319 [10/10]    8    2  20.0%
  bin  6: 2.9319 - 2.8233 [28/28]   28    0   0.0%
  bin  7: 2.8233 - 2.7292 [19/19]   19    0   0.0%
  bin  8: 2.7292 - 2.6465 [18/18]   18    0   0.0%
  bin  9: 2.6465 - 2.5730 [29/29]   27    2   6.9%
  bin 10: 2.5730 - 2.5070 [24/24]   24    0   0.0%
                          overall  215   12   5.3%

                   ----------Processing PDB file(s)----------                  

  Monomer Library directory:
    "/tmp1/m_zhen01/phenix-installer-1.10.1-2155-intel-linux-2.6-x86_64-centos5/phenix-1.10.1-2155/modules/chem_data/mon_lib"
  Total number of atoms: 40
  Number of models: 1
  Model: ""
    Number of chains: 1
    Chain: "A"
      Number of atoms: 40
      Number of conformers: 1
      Conformer: ""
        Number of residues, atoms: 3, 40
          Classifications: {'peptide': 3}
          Modifications used: {'NH2NOTPRO': 1, 'COOH': 1}
          Link IDs: {'TRANS': 2}
  Time building chain proxies: 0.09, per 1000 atoms: 2.25
  Number of scatterers: 40
  At special positions: 0
  Unit cell: (16.841, 13.139, 9.995, 90, 90, 90)
  Space group: P 1 (No. 1)
  Number of sites at special positions: 0
  Number of scattering types: 4
    Type Number    sf(0)
     O       4      8.00
     N       3      7.00
     C      14      6.00
     H      19      1.00
    sf(0) = scattering factor at diffraction angle 0.

  Number of disulfides: simple=0, symmetry=0

  Automatic linking
    Parameters for automatic linking
      Linking & cutoffs
        Metal                : False - 3.50
        Amimo acid           : False - 1.90
        Carbohydrate         : True  - 1.99
        Ligands              : True  - 1.99
        Amino acid - RNA/DNA : False
      
  Number of custom bonds: simple=0, symmetry=0
  Time building additional restraints: 0.03
  Conformation dependent library (CDL) restraints added in 3.4 milliseconds
  
  Adding C-beta torsion restraints...
  Number of C-beta restraints generated:  4
  Time building geometry restraints manager: 0.03 seconds

  NOTE: a complete listing of the restraints can be obtained by requesting
        output of .geo file.

  Histogram of bond lengths:
        0.85 -     1.00: 18
        1.00 -     1.14: 1
        1.14 -     1.29: 3
        1.29 -     1.43: 9
        1.43 -     1.58: 9
  Bond restraints: 40
  Sorted by residual:
  bond pdb=" CE2 PHE A   2 "
       pdb=" HE2 PHE A   2 "
    ideal  model  delta    sigma   weight residual
    0.930  0.986 -0.056 2.00e-02 2.50e+03 7.87e+00
  bond pdb=" CE1 PHE A   2 "
       pdb=" HE1 PHE A   2 "
    ideal  model  delta    sigma   weight residual
    0.930  0.986 -0.056 2.00e-02 2.50e+03 7.86e+00
  bond pdb=" CA  ALA A   3 "
       pdb=" HA  ALA A   3 "
    ideal  model  delta    sigma   weight residual
    0.970  0.915  0.055 2.00e-02 2.50e+03 7.44e+00
  bond pdb=" CA  ALA A   3 "
       pdb=" CB  ALA A   3 "
    ideal  model  delta    sigma   weight residual
    1.521  1.580 -0.059 3.30e-02 9.18e+02 3.23e+00
  bond pdb=" CB  ALA A   3 "
       pdb=" HB2 ALA A   3 "
    ideal  model  delta    sigma   weight residual
    0.970  1.006 -0.036 2.00e-02 2.50e+03 3.17e+00
  ... (remaining 35 not shown)

  Histogram of bond angle deviations from ideal:
      102.50 -   107.31: 9
      107.31 -   112.11: 17
      112.11 -   116.92: 9
      116.92 -   121.72: 25
      121.72 -   126.53: 6
  Bond angle restraints: 66
  Sorted by residual:
  angle pdb=" CA  GLY A   1 "
        pdb=" N   GLY A   1 "
        pdb=" H1  GLY A   1 "
      ideal   model   delta    sigma   weight residual
     109.47  102.50    6.97 3.00e+00 1.11e-01 5.40e+00
  angle pdb=" C   GLY A   1 "
        pdb=" CA  GLY A   1 "
        pdb=" N   GLY A   1 "
      ideal   model   delta    sigma   weight residual
     113.30  119.90   -6.60 2.90e+00 1.19e-01 5.18e+00
  angle pdb=" HA1 GLY A   1 "
        pdb=" CA  GLY A   1 "
        pdb=" HA2 GLY A   1 "
      ideal   model   delta    sigma   weight residual
     109.00  103.74    5.26 3.00e+00 1.11e-01 3.07e+00
  angle pdb=" HA  ALA A   3 "
        pdb=" CA  ALA A   3 "
        pdb=" N   ALA A   3 "
      ideal   model   delta    sigma   weight residual
     110.00  105.21    4.79 3.00e+00 1.11e-01 2.55e+00
  angle pdb=" C   PHE A   2 "
        pdb=" CA  PHE A   2 "
        pdb=" N   PHE A   2 "
      ideal   model   delta    sigma   weight residual
     107.61  104.83    2.78 1.74e+00 3.30e-01 2.54e+00
  ... (remaining 61 not shown)

  Histogram of dihedral angle deviations from ideal:
        0.22 -     5.47: 14
        5.47 -    10.73: 1
       10.73 -    15.98: 0
       15.98 -    21.23: 0
       21.23 -    26.48: 1
  Dihedral angle restraints: 16
    sinusoidal: 4
      harmonic: 12
  Sorted by residual:
  dihedral pdb=" C   PHE A   2 "
           pdb=" N   PHE A   2 "
           pdb=" CA  PHE A   2 "
           pdb=" CB  PHE A   2 "
      ideal   model   delta  harmonic     sigma   weight residual
    -122.60 -118.12   -4.48     0      2.50e+00 1.60e-01 3.21e+00
  dihedral pdb=" N   PHE A   2 "
           pdb=" C   PHE A   2 "
           pdb=" CA  PHE A   2 "
           pdb=" CB  PHE A   2 "
      ideal   model   delta  harmonic     sigma   weight residual
     122.80  118.36    4.44     0      2.50e+00 1.60e-01 3.15e+00
  dihedral pdb=" OXT ALA A   3 "
           pdb=" C   ALA A   3 "
           pdb=" CA  ALA A   3 "
           pdb=" N   ALA A   3 "
      ideal   model   delta sinusoidal    sigma   weight residual
     160.00 -173.52  -26.48     2      3.00e+01 1.11e-03 1.06e+00
  ... (remaining 13 not shown)

  Histogram of chiral volume deviations from ideal:
       0.011 -    0.054: 1
       0.054 -    0.097: 0
       0.097 -    0.140: 0
       0.140 -    0.183: 0
       0.183 -    0.225: 1
  Chirality restraints: 2
  Sorted by residual:
  chirality pdb=" CA  PHE A   2 "
            pdb=" CB  PHE A   2 "
            pdb=" C   PHE A   2 "
            pdb=" N   PHE A   2 "
    both_signs  ideal   model   delta    sigma   weight residual
      False     -2.51   -2.74    0.23 2.00e-01 2.50e+01 1.27e+00
  chirality pdb=" CA  ALA A   3 "
            pdb=" C   ALA A   3 "
            pdb=" CB  ALA A   3 "
            pdb=" N   ALA A   3 "
    both_signs  ideal   model   delta    sigma   weight residual
      False      2.48    2.50   -0.01 2.00e-01 2.50e+01 3.05e-03

  Planarity restraints: 6
  Sorted by residual:
                                 delta    sigma   weight rms_deltas residual
  plane pdb=" C   GLY A   1 "   -0.035 2.00e-02 2.50e+03   2.02e-02 4.07e+00
        pdb=" O   GLY A   1 "    0.013 2.00e-02 2.50e+03
        pdb=" CA  GLY A   1 "    0.010 2.00e-02 2.50e+03
        pdb=" N   PHE A   2 "    0.012 2.00e-02 2.50e+03
                                 delta    sigma   weight rms_deltas residual
  plane pdb=" CB  PHE A   2 "    0.012 2.00e-02 2.50e+03   1.02e-02 3.14e+00
        pdb=" CG  PHE A   2 "   -0.012 2.00e-02 2.50e+03
        pdb=" CD1 PHE A   2 "    0.003 2.00e-02 2.50e+03
        pdb=" HD1 PHE A   2 "   -0.010 2.00e-02 2.50e+03
        pdb=" CE1 PHE A   2 "    0.004 2.00e-02 2.50e+03
        pdb=" HE1 PHE A   2 "    0.002 2.00e-02 2.50e+03
        pdb=" CZ  PHE A   2 "   -0.016 2.00e-02 2.50e+03
        pdb=" HZ  PHE A   2 "    0.018 2.00e-02 2.50e+03
        pdb=" CE2 PHE A   2 "   -0.002 2.00e-02 2.50e+03
        pdb=" HE2 PHE A   2 "   -0.008 2.00e-02 2.50e+03
        pdb=" CD2 PHE A   2 "    0.013 2.00e-02 2.50e+03
        pdb=" HD2 PHE A   2 "   -0.003 2.00e-02 2.50e+03
                                 delta    sigma   weight rms_deltas residual
  plane pdb=" O   ALA A   3 "   -0.004 2.00e-02 2.50e+03   7.16e-03 6.40e-01
        pdb=" C   ALA A   3 "    0.014 2.00e-02 2.50e+03
        pdb=" OXT ALA A   3 "    0.001 2.00e-02 2.50e+03
        pdb=" HXT ALA A   3 "   -0.005 2.00e-02 2.50e+03
        pdb=" CA  ALA A   3 "   -0.006 2.00e-02 2.50e+03
  ... (remaining 3 not shown)

  Histogram of nonbonded interaction distances:
        2.07 -     2.64: 32
        2.64 -     3.20: 52
        3.20 -     3.77: 56
        3.77 -     4.33: 58
        4.33 -     4.90: 93
  Nonbonded interactions: 291
  Sorted by model distance:
  nonbonded pdb=" HA2 GLY A   1 "
            pdb=" H1  GLY A   1 "
     model   vdw
     2.070 1.816
  nonbonded pdb=" O   ALA A   3 "
            pdb=" HXT ALA A   3 "
     model   vdw
     2.236 2.056
  nonbonded pdb=" O   PHE A   2 "
            pdb=" HA  ALA A   3 "
     model   vdw
     2.286 2.740
  nonbonded pdb=" C   PHE A   2 "
            pdb=" H   PHE A   2 "
     model   vdw
     2.295 2.240
  nonbonded pdb=" HB1 ALA A   3 "
            pdb=" HA  ALA A   3 "
     model   vdw
     2.297 1.952
  ... (remaining 286 not shown)

  NOTE: a complete listing of the restraints can be obtained by requesting
        output of .geo file.

                   ----------xray_structure summary----------                  

Number of scattering types: 4
  Type Number    sf(0)   Gaussians
   O       4      7.97       2
   N       3      6.97       2
   C      14      5.97       2
   H      19      1.00       2
  sf(0) = scattering factor at diffraction angle 0.
Number of scatterers: 40
At special positions: 0
Unit cell: (16.841, 13.139, 9.995, 90, 90, 90)
Space group: P 1 (No. 1)

End of input processing
r_work=0.4761 r_free=0.4769
params.data_weight: 0.0
params.restraints: cctbx
rmsd(b), start:  0.0835
mc:   0 R: 0.4770 rmsd(b):  0.0007 restraint_scale:  1.0 min_steps: 52
mc:   1 R: 0.4687 rmsd(b):  0.0007 restraint_scale:  1.0 min_steps: 53
mc:   2 R: 0.4690 rmsd(b):  0.0007 restraint_scale:  1.0 min_steps: 53
mc:   3 R: 0.4679 rmsd(b):  0.0006 restraint_scale:  1.0 min_steps: 53
mc:   4 R: 0.4642 rmsd(b):  0.0005 restraint_scale:  1.0 min_steps: 54
mc:   5 R: 0.4631 rmsd(b):  0.0005 restraint_scale:  1.0 min_steps: 54
mc:   6 R: 0.4600 rmsd(b):  0.0005 restraint_scale:  1.0 min_steps: 53
mc:   7 R: 0.4589 rmsd(b):  0.0005 restraint_scale:  1.0 min_steps: 56
mc:   8 R: 0.4577 rmsd(b):  0.0005 restraint_scale:  1.0 min_steps: 54
mc:   9 R: 0.4549 rmsd(b):  0.0005 restraint_scale:  1.0 min_steps: 54
mc:  10 R: 0.4548 rmsd(b):  0.0005 restraint_scale:  1.0 min_steps: 53
Convergence reached, stop now.
see the result structure:  ./p26/04_results/opt_cctbx/247_GFA03-new/0.9/8.pdb
Time: 6.8443
