phenix.python
you are importing  adaptive calculator, and it does nothing. Please give it energy, force....... 

============================== Collecting inputs ==============================


                   ----------Processing X-ray data----------                   

F-obs:
  /scratch/m_zhen01/30993.lupus.uni-muenster.de/p26/02_mtz/238_GFA10-new.mtz:F-obs
Miller array info: None
Observation type: xray.amplitude
Type of data: double, size=224
Type of sigmas: None
Number of Miller indices: 224
Anomalous flag: False
Unit cell: (11.253, 12.433, 15.848, 90, 90, 90)
Space group: P 1 (No. 1)
Systematic absences: 0
Centric reflections: 0
Resolution range: 3.962 2.51768
Completeness in resolution range: 1
Completeness with d_max=infinity: 0.756757

Number of F-obs in resolution range:                   224
Number of F-obs<0 (these reflections will be rejected): 0
Number of F-obs=0 (these reflections will be used in refinement): 0
Refinement resolution range: d_max =   3.9620
                             d_min =   2.5177

R-free flags:
  /scratch/m_zhen01/30993.lupus.uni-muenster.de/p26/02_mtz/238_GFA10-new.mtz:R-free-flags
Miller array info: /scratch/m_zhen01/30993.lupus.uni-muenster.de/p26/02_mtz/238_GFA10-new.mtz:R-free-flags
Observation type: None
Type of data: int, size=224
Type of sigmas: None
Number of Miller indices: 224
Anomalous flag: False
Unit cell: (11.253, 12.433, 15.848, 90, 90, 90)
Space group: P 1 (No. 1)
Systematic absences: 0
Centric reflections: 0
Resolution range: 3.962 2.51768
Completeness in resolution range: 1
Completeness with d_max=infinity: 0.756757
Wavelength: 1.0000

Test (R-free flags) flag value: 1

Number of work/free reflections by resolution:
                                  work free  %free
  bin  1: 3.9620 - 3.6399 [30/30]   28    2   6.7%
  bin  2: 3.6399 - 3.4021 [14/14]   14    0   0.0%
  bin  3: 3.4021 - 3.2164 [22/22]   20    2   9.1%
  bin  4: 3.2164 - 3.0655 [26/26]   26    0   0.0%
  bin  5: 3.0655 - 2.9395 [24/24]   20    4  16.7%
  bin  6: 2.9395 - 2.8320 [ 8/8 ]    8    0   0.0%
  bin  7: 2.8320 - 2.7386 [35/35]   35    0   0.0%
  bin  8: 2.7386 - 2.6565 [22/22]   22    0   0.0%
  bin  9: 2.6565 - 2.5833 [17/17]   17    0   0.0%
  bin 10: 2.5833 - 2.5177 [26/26]   22    4  15.4%
                          overall  212   12   5.4%

                   ----------Processing PDB file(s)----------                  

  Monomer Library directory:
    "/tmp1/m_zhen01/phenix-installer-1.10.1-2155-intel-linux-2.6-x86_64-centos5/phenix-1.10.1-2155/modules/chem_data/mon_lib"
  Total number of atoms: 40
  Number of models: 1
  Model: ""
    Number of chains: 1
    Chain: "A"
      Number of atoms: 40
      Number of conformers: 1
      Conformer: ""
        Number of residues, atoms: 3, 40
          Classifications: {'peptide': 3}
          Modifications used: {'NH2NOTPRO': 1, 'COOH': 1}
          Link IDs: {'TRANS': 2}
  Time building chain proxies: 0.09, per 1000 atoms: 2.25
  Number of scatterers: 40
  At special positions: 0
  Unit cell: (11.253, 12.433, 15.848, 90, 90, 90)
  Space group: P 1 (No. 1)
  Number of sites at special positions: 0
  Number of scattering types: 4
    Type Number    sf(0)
     O       4      8.00
     N       3      7.00
     C      14      6.00
     H      19      1.00
    sf(0) = scattering factor at diffraction angle 0.

  Number of disulfides: simple=0, symmetry=0

  Automatic linking
    Parameters for automatic linking
      Linking & cutoffs
        Metal                : False - 3.50
        Amimo acid           : False - 1.90
        Carbohydrate         : True  - 1.99
        Ligands              : True  - 1.99
        Amino acid - RNA/DNA : False
      
  Number of custom bonds: simple=0, symmetry=0
  Time building additional restraints: 0.03
  Conformation dependent library (CDL) restraints added in 3.3 milliseconds
  
  Adding C-beta torsion restraints...
  Number of C-beta restraints generated:  4
  Time building geometry restraints manager: 0.03 seconds

  NOTE: a complete listing of the restraints can be obtained by requesting
        output of .geo file.

  Histogram of bond lengths:
        0.84 -     0.98: 15
        0.98 -     1.12: 4
        1.12 -     1.26: 3
        1.26 -     1.40: 5
        1.40 -     1.54: 13
  Bond restraints: 40
  Sorted by residual:
  bond pdb=" CA  GLY A   1 "
       pdb=" HA2 GLY A   1 "
    ideal  model  delta    sigma   weight residual
    0.970  1.019 -0.049 2.00e-02 2.50e+03 6.09e+00
  bond pdb=" CB  ALA A   3 "
       pdb=" HB1 ALA A   3 "
    ideal  model  delta    sigma   weight residual
    0.970  0.931  0.039 2.00e-02 2.50e+03 3.79e+00
  bond pdb=" CE1 PHE A   2 "
       pdb=" CD1 PHE A   2 "
    ideal  model  delta    sigma   weight residual
    1.382  1.439 -0.057 3.00e-02 1.11e+03 3.65e+00
  bond pdb=" CB  PHE A   2 "
       pdb=" HB1 PHE A   2 "
    ideal  model  delta    sigma   weight residual
    0.970  1.007 -0.037 2.00e-02 2.50e+03 3.39e+00
  bond pdb=" CA  ALA A   3 "
       pdb=" N   ALA A   3 "
    ideal  model  delta    sigma   weight residual
    1.458  1.491 -0.033 1.90e-02 2.77e+03 3.04e+00
  ... (remaining 35 not shown)

  Histogram of bond angle deviations from ideal:
      104.26 -   108.38: 12
      108.38 -   112.51: 19
      112.51 -   116.64: 6
      116.64 -   120.77: 14
      120.77 -   124.90: 15
  Bond angle restraints: 66
  Sorted by residual:
  angle pdb=" OXT ALA A   3 "
        pdb=" C   ALA A   3 "
        pdb=" CA  ALA A   3 "
      ideal   model   delta    sigma   weight residual
     118.60  124.90   -6.30 3.00e+00 1.11e-01 4.41e+00
  angle pdb=" C   PHE A   2 "
        pdb=" CA  PHE A   2 "
        pdb=" N   PHE A   2 "
      ideal   model   delta    sigma   weight residual
     110.80  107.22    3.58 2.13e+00 2.20e-01 2.82e+00
  angle pdb=" O   ALA A   3 "
        pdb=" C   ALA A   3 "
        pdb=" OXT ALA A   3 "
      ideal   model   delta    sigma   weight residual
     122.80  118.06    4.74 3.00e+00 1.11e-01 2.50e+00
  angle pdb=" CA  GLY A   1 "
        pdb=" N   GLY A   1 "
        pdb=" H1  GLY A   1 "
      ideal   model   delta    sigma   weight residual
     109.47  105.08    4.39 3.00e+00 1.11e-01 2.14e+00
  angle pdb=" H1  GLY A   1 "
        pdb=" N   GLY A   1 "
        pdb=" H2  GLY A   1 "
      ideal   model   delta    sigma   weight residual
     109.47  113.58   -4.11 3.00e+00 1.11e-01 1.88e+00
  ... (remaining 61 not shown)

  Histogram of dihedral angle deviations from ideal:
        0.27 -    35.29: 14
       35.29 -    70.31: 1
       70.31 -   105.33: 0
      105.33 -   140.35: 0
      140.35 -   175.37: 1
  Dihedral angle restraints: 16
    sinusoidal: 4
      harmonic: 12
  Sorted by residual:
  dihedral pdb=" O   ALA A   3 "
           pdb=" C   ALA A   3 "
           pdb=" OXT ALA A   3 "
           pdb=" HXT ALA A   3 "
      ideal   model   delta  harmonic     sigma   weight residual
       0.00 -175.37  175.37     0      3.00e+01 1.11e-03 3.42e+01
  dihedral pdb=" OXT ALA A   3 "
           pdb=" C   ALA A   3 "
           pdb=" CA  ALA A   3 "
           pdb=" N   ALA A   3 "
      ideal   model   delta sinusoidal    sigma   weight residual
     160.00  111.67   48.33     2      3.00e+01 1.11e-03 2.98e+00
  dihedral pdb=" CA  PHE A   2 "
           pdb=" C   PHE A   2 "
           pdb=" N   ALA A   3 "
           pdb=" CA  ALA A   3 "
      ideal   model   delta  harmonic     sigma   weight residual
     180.00  171.90    8.10     0      5.00e+00 4.00e-02 2.63e+00
  ... (remaining 13 not shown)

  Histogram of chiral volume deviations from ideal:
       0.048 -    0.068: 1
       0.068 -    0.089: 0
       0.089 -    0.109: 0
       0.109 -    0.130: 0
       0.130 -    0.150: 1
  Chirality restraints: 2
  Sorted by residual:
  chirality pdb=" CA  ALA A   3 "
            pdb=" C   ALA A   3 "
            pdb=" CB  ALA A   3 "
            pdb=" N   ALA A   3 "
    both_signs  ideal   model   delta    sigma   weight residual
      False      2.48    2.64   -0.15 2.00e-01 2.50e+01 5.63e-01
  chirality pdb=" CA  PHE A   2 "
            pdb=" CB  PHE A   2 "
            pdb=" C   PHE A   2 "
            pdb=" N   PHE A   2 "
    both_signs  ideal   model   delta    sigma   weight residual
      False     -2.51   -2.56    0.05 2.00e-01 2.50e+01 5.76e-02

  Planarity restraints: 6
  Sorted by residual:
                                 delta    sigma   weight rms_deltas residual
  plane pdb=" CB  PHE A   2 "    0.006 2.00e-02 2.50e+03   1.63e-02 7.99e+00
        pdb=" CG  PHE A   2 "   -0.045 2.00e-02 2.50e+03
        pdb=" CD2 PHE A   2 "    0.004 2.00e-02 2.50e+03
        pdb=" HD2 PHE A   2 "    0.019 2.00e-02 2.50e+03
        pdb=" CE2 PHE A   2 "    0.017 2.00e-02 2.50e+03
        pdb=" HE2 PHE A   2 "   -0.016 2.00e-02 2.50e+03
        pdb=" CZ  PHE A   2 "    0.002 2.00e-02 2.50e+03
        pdb=" HZ  PHE A   2 "   -0.005 2.00e-02 2.50e+03
        pdb=" CE1 PHE A   2 "   -0.004 2.00e-02 2.50e+03
        pdb=" HE1 PHE A   2 "    0.007 2.00e-02 2.50e+03
        pdb=" CD1 PHE A   2 "    0.013 2.00e-02 2.50e+03
        pdb=" HD1 PHE A   2 "    0.002 2.00e-02 2.50e+03
                                 delta    sigma   weight rms_deltas residual
  plane pdb=" O   ALA A   3 "   -0.019 2.00e-02 2.50e+03   1.77e-02 3.93e+00
        pdb=" C   ALA A   3 "    0.026 2.00e-02 2.50e+03
        pdb=" OXT ALA A   3 "    0.014 2.00e-02 2.50e+03
        pdb=" HXT ALA A   3 "   -0.019 2.00e-02 2.50e+03
        pdb=" CA  ALA A   3 "   -0.002 2.00e-02 2.50e+03
                                 delta    sigma   weight rms_deltas residual
  plane pdb=" C   GLY A   1 "    0.021 2.00e-02 2.50e+03   1.19e-02 1.42e+00
        pdb=" O   GLY A   1 "   -0.008 2.00e-02 2.50e+03
        pdb=" CA  GLY A   1 "   -0.006 2.00e-02 2.50e+03
        pdb=" N   PHE A   2 "   -0.007 2.00e-02 2.50e+03
  ... (remaining 3 not shown)

  Histogram of nonbonded interaction distances:
        1.99 -     2.57: 28
        2.57 -     3.15: 61
        3.15 -     3.74: 63
        3.74 -     4.32: 61
        4.32 -     4.90: 87
  Nonbonded interactions: 300
  Sorted by model distance:
  nonbonded pdb=" H1  GLY A   1 "
            pdb=" H   PHE A   2 "
     model   vdw
     1.992 2.100
  nonbonded pdb=" HXT ALA A   3 "
            pdb=" HA  ALA A   3 "
     model   vdw
     2.171 2.270
  nonbonded pdb=" HA  PHE A   2 "
            pdb=" H   ALA A   3 "
     model   vdw
     2.211 2.270
  nonbonded pdb=" HE2 PHE A   2 "
            pdb=" HZ  PHE A   2 "
     model   vdw
     2.314 1.680
  nonbonded pdb=" N   GLY A   1 "
            pdb=" H   PHE A   2 "
     model   vdw
     2.322 2.650
  ... (remaining 295 not shown)

  NOTE: a complete listing of the restraints can be obtained by requesting
        output of .geo file.

                   ----------xray_structure summary----------                  

Number of scattering types: 4
  Type Number    sf(0)   Gaussians
   O       4      7.97       2
   N       3      6.97       2
   C      14      5.97       2
   H      19      1.00       2
  sf(0) = scattering factor at diffraction angle 0.
Number of scatterers: 40
At special positions: 0
Unit cell: (11.253, 12.433, 15.848, 90, 90, 90)
Space group: P 1 (No. 1)

End of input processing
r_work=0.4070 r_free=0.5025
params.data_weight: 0.0
params.restraints: cctbx
rmsd(b), start:  0.0916
mc:   0 R: 0.4118 rmsd(b):  0.0010 restraint_scale:  1.0 min_steps: 54
mc:   1 R: 0.4196 rmsd(b):  0.0005 restraint_scale:  1.0 min_steps: 54
mc:   2 R: 0.4250 rmsd(b):  0.0006 restraint_scale:  1.0 min_steps: 53
mc:   3 R: 0.4301 rmsd(b):  0.0006 restraint_scale:  1.0 min_steps: 55
mc:   4 R: 0.4342 rmsd(b):  0.0006 restraint_scale:  1.0 min_steps: 54
mc:   5 R: 0.4423 rmsd(b):  0.0006 restraint_scale:  1.0 min_steps: 55
mc:   6 R: 0.4438 rmsd(b):  0.0005 restraint_scale:  1.0 min_steps: 56
mc:   7 R: 0.4499 rmsd(b):  0.0006 restraint_scale:  1.0 min_steps: 54
mc:   8 R: 0.4514 rmsd(b):  0.0005 restraint_scale:  1.0 min_steps: 53
mc:   9 R: 0.4582 rmsd(b):  0.0006 restraint_scale:  1.0 min_steps: 54
mc:  10 R: 0.4589 rmsd(b):  0.0005 restraint_scale:  1.0 min_steps: 53
Convergence reached, stop now.
see the result structure:  ./p26/04_results/opt_cctbx/238_GFA10-new/0.6/7.pdb
Time: 6.9084
