phenix.python
you are importing  adaptive calculator, and it does nothing. Please give it energy, force....... 

============================== Collecting inputs ==============================


                   ----------Processing X-ray data----------                   

F-obs:
  /scratch/m_zhen01/30995.lupus.uni-muenster.de/p26/02_mtz/223_GGF07-new.mtz:F-obs
Miller array info: None
Observation type: xray.amplitude
Type of data: double, size=203
Type of sigmas: None
Number of Miller indices: 203
Anomalous flag: False
Unit cell: (15.501, 11.782, 10.787, 90, 90, 90)
Space group: P 1 (No. 1)
Systematic absences: 0
Centric reflections: 0
Resolution range: 3.97805 2.50921
Completeness in resolution range: 1
Completeness with d_max=infinity: 0.768939

Number of F-obs in resolution range:                   203
Number of F-obs<0 (these reflections will be rejected): 0
Number of F-obs=0 (these reflections will be used in refinement): 0
Refinement resolution range: d_max =   3.9781
                             d_min =   2.5092

R-free flags:
  /scratch/m_zhen01/30995.lupus.uni-muenster.de/p26/02_mtz/223_GGF07-new.mtz:R-free-flags
Miller array info: /scratch/m_zhen01/30995.lupus.uni-muenster.de/p26/02_mtz/223_GGF07-new.mtz:R-free-flags
Observation type: None
Type of data: int, size=203
Type of sigmas: None
Number of Miller indices: 203
Anomalous flag: False
Unit cell: (15.501, 11.782, 10.787, 90, 90, 90)
Space group: P 1 (No. 1)
Systematic absences: 0
Centric reflections: 0
Resolution range: 3.97805 2.50921
Completeness in resolution range: 1
Completeness with d_max=infinity: 0.768939
Wavelength: 1.0000

Test (R-free flags) flag value: 1

Number of work/free reflections by resolution:
                                  work free  %free
  bin  1: 3.9781 - 3.6464 [24/24]   22    2   8.3%
  bin  2: 3.6464 - 3.4034 [23/23]   23    0   0.0%
  bin  3: 3.4034 - 3.2144 [12/12]   12    0   0.0%
  bin  4: 3.2144 - 3.0615 [25/25]   24    1   4.0%
  bin  5: 3.0615 - 2.9340 [23/23]   23    0   0.0%
  bin  6: 2.9340 - 2.8255 [16/16]   16    0   0.0%
  bin  7: 2.8255 - 2.7314 [14/14]   10    4  28.6%
  bin  8: 2.7314 - 2.6487 [23/23]   23    0   0.0%
  bin  9: 2.6487 - 2.5752 [23/23]   19    4  17.4%
  bin 10: 2.5752 - 2.5092 [20/20]   20    0   0.0%
                          overall  192   11   5.4%

                   ----------Processing PDB file(s)----------                  

  Monomer Library directory:
    "/tmp1/m_zhen01/phenix-installer-1.10.1-2155-intel-linux-2.6-x86_64-centos5/phenix-1.10.1-2155/modules/chem_data/mon_lib"
  Total number of atoms: 37
  Number of models: 1
  Model: ""
    Number of chains: 1
    Chain: "A"
      Number of atoms: 37
      Number of conformers: 1
      Conformer: ""
        Number of residues, atoms: 3, 37
          Classifications: {'peptide': 3}
          Modifications used: {'NH2NOTPRO': 1, 'COOH': 1}
          Link IDs: {'TRANS': 2}
  Time building chain proxies: 0.06, per 1000 atoms: 1.62
  Number of scatterers: 37
  At special positions: 0
  Unit cell: (15.501, 11.782, 10.787, 90, 90, 90)
  Space group: P 1 (No. 1)
  Number of sites at special positions: 0
  Number of scattering types: 4
    Type Number    sf(0)
     O       4      8.00
     N       3      7.00
     C      13      6.00
     H      17      1.00
    sf(0) = scattering factor at diffraction angle 0.

  Number of disulfides: simple=0, symmetry=0

  Automatic linking
    Parameters for automatic linking
      Linking & cutoffs
        Metal                : False - 3.50
        Amimo acid           : False - 1.90
        Carbohydrate         : True  - 1.99
        Ligands              : True  - 1.99
        Amino acid - RNA/DNA : False
      
  Number of custom bonds: simple=0, symmetry=0
  Time building additional restraints: 0.02
  Conformation dependent library (CDL) restraints added in 2.5 milliseconds
  
  Adding C-beta torsion restraints...
  Number of C-beta restraints generated:  2
  Time building geometry restraints manager: 0.03 seconds

  NOTE: a complete listing of the restraints can be obtained by requesting
        output of .geo file.

  Histogram of bond lengths:
        0.83 -     0.97: 14
        0.97 -     1.11: 3
        1.11 -     1.25: 3
        1.25 -     1.39: 8
        1.39 -     1.53: 9
  Bond restraints: 37
  Sorted by residual:
  bond pdb=" CE2 PHE A   3 "
       pdb=" HE2 PHE A   3 "
    ideal  model  delta    sigma   weight residual
    0.930  0.874  0.056 2.00e-02 2.50e+03 7.82e+00
  bond pdb=" CZ  PHE A   3 "
       pdb=" HZ  PHE A   3 "
    ideal  model  delta    sigma   weight residual
    0.930  0.878  0.052 2.00e-02 2.50e+03 6.79e+00
  bond pdb=" CA  GLY A   2 "
       pdb=" HA2 GLY A   2 "
    ideal  model  delta    sigma   weight residual
    0.970  1.013 -0.043 2.00e-02 2.50e+03 4.55e+00
  bond pdb=" O   PHE A   3 "
       pdb=" C   PHE A   3 "
    ideal  model  delta    sigma   weight residual
    1.185  1.225 -0.040 2.00e-02 2.50e+03 3.95e+00
  bond pdb=" C   GLY A   2 "
       pdb=" O   GLY A   2 "
    ideal  model  delta    sigma   weight residual
    1.235  1.214  0.021 1.35e-02 5.49e+03 2.35e+00
  ... (remaining 32 not shown)

  Histogram of bond angle deviations from ideal:
      101.35 -   106.99: 5
      106.99 -   112.62: 18
      112.62 -   118.25: 10
      118.25 -   123.88: 23
      123.88 -   129.51: 4
  Bond angle restraints: 60
  Sorted by residual:
  angle pdb=" C   PHE A   3 "
        pdb=" CA  PHE A   3 "
        pdb=" HA  PHE A   3 "
      ideal   model   delta    sigma   weight residual
     109.00  101.35    7.65 3.00e+00 1.11e-01 6.50e+00
  angle pdb=" HA  PHE A   3 "
        pdb=" CA  PHE A   3 "
        pdb=" CB  PHE A   3 "
      ideal   model   delta    sigma   weight residual
     109.00  116.19   -7.19 3.00e+00 1.11e-01 5.74e+00
  angle pdb=" CA  GLY A   2 "
        pdb=" N   GLY A   2 "
        pdb=" H   GLY A   2 "
      ideal   model   delta    sigma   weight residual
     114.00  107.09    6.91 3.00e+00 1.11e-01 5.31e+00
  angle pdb=" O   PHE A   3 "
        pdb=" C   PHE A   3 "
        pdb=" CA  PHE A   3 "
      ideal   model   delta    sigma   weight residual
     118.60  124.23   -5.63 3.00e+00 1.11e-01 3.53e+00
  angle pdb=" C   GLY A   1 "
        pdb=" N   GLY A   2 "
        pdb=" H   GLY A   2 "
      ideal   model   delta    sigma   weight residual
     124.30  129.51   -5.21 3.00e+00 1.11e-01 3.02e+00
  ... (remaining 55 not shown)

  Histogram of dihedral angle deviations from ideal:
        0.08 -     7.56: 8
        7.56 -    15.03: 3
       15.03 -    22.51: 1
       22.51 -    29.98: 0
       29.98 -    37.45: 1
  Dihedral angle restraints: 13
    sinusoidal: 3
      harmonic: 10
  Sorted by residual:
  dihedral pdb=" CA  GLY A   2 "
           pdb=" C   GLY A   2 "
           pdb=" N   PHE A   3 "
           pdb=" CA  PHE A   3 "
      ideal   model   delta  harmonic     sigma   weight residual
     180.00  166.41   13.59     0      5.00e+00 4.00e-02 7.39e+00
  dihedral pdb=" CA  GLY A   1 "
           pdb=" C   GLY A   1 "
           pdb=" N   GLY A   2 "
           pdb=" CA  GLY A   2 "
      ideal   model   delta  harmonic     sigma   weight residual
    -180.00 -170.46   -9.54     0      5.00e+00 4.00e-02 3.64e+00
  dihedral pdb=" OXT PHE A   3 "
           pdb=" C   PHE A   3 "
           pdb=" CA  PHE A   3 "
           pdb=" N   PHE A   3 "
      ideal   model   delta sinusoidal    sigma   weight residual
     -20.00  -57.45   37.45     2      3.00e+01 1.11e-03 1.97e+00
  ... (remaining 10 not shown)

  Histogram of chiral volume deviations from ideal:
       0.066 -    0.066: 1
       0.066 -    0.066: 0
       0.066 -    0.066: 0
       0.066 -    0.066: 0
       0.066 -    0.066: 0
  Chirality restraints: 1
  Sorted by residual:
  chirality pdb=" CA  PHE A   3 "
            pdb=" C   PHE A   3 "
            pdb=" N   PHE A   3 "
            pdb=" CB  PHE A   3 "
    both_signs  ideal   model   delta    sigma   weight residual
      False     -2.51   -2.58    0.07 2.00e-01 2.50e+01 1.10e-01

  Planarity restraints: 6
  Sorted by residual:
                                 delta    sigma   weight rms_deltas residual
  plane pdb=" C   GLY A   1 "    0.047 2.00e-02 2.50e+03   2.74e-02 7.49e+00
        pdb=" O   GLY A   1 "   -0.018 2.00e-02 2.50e+03
        pdb=" CA  GLY A   1 "   -0.013 2.00e-02 2.50e+03
        pdb=" N   GLY A   2 "   -0.016 2.00e-02 2.50e+03
                                 delta    sigma   weight rms_deltas residual
  plane pdb=" CB  PHE A   3 "    0.019 2.00e-02 2.50e+03   1.32e-02 5.24e+00
        pdb=" CG  PHE A   3 "   -0.007 2.00e-02 2.50e+03
        pdb=" CD2 PHE A   3 "    0.004 2.00e-02 2.50e+03
        pdb=" HD2 PHE A   3 "   -0.000 2.00e-02 2.50e+03
        pdb=" CE2 PHE A   3 "   -0.033 2.00e-02 2.50e+03
        pdb=" HE2 PHE A   3 "    0.012 2.00e-02 2.50e+03
        pdb=" CZ  PHE A   3 "    0.001 2.00e-02 2.50e+03
        pdb=" HZ  PHE A   3 "    0.009 2.00e-02 2.50e+03
        pdb=" CE1 PHE A   3 "    0.003 2.00e-02 2.50e+03
        pdb=" HE1 PHE A   3 "    0.011 2.00e-02 2.50e+03
        pdb=" CD1 PHE A   3 "   -0.008 2.00e-02 2.50e+03
        pdb=" HD1 PHE A   3 "   -0.012 2.00e-02 2.50e+03
                                 delta    sigma   weight rms_deltas residual
  plane pdb=" C   GLY A   2 "    0.025 2.00e-02 2.50e+03   1.43e-02 2.04e+00
        pdb=" O   GLY A   2 "   -0.009 2.00e-02 2.50e+03
        pdb=" CA  GLY A   2 "   -0.007 2.00e-02 2.50e+03
        pdb=" N   PHE A   3 "   -0.008 2.00e-02 2.50e+03
  ... (remaining 3 not shown)

  Histogram of nonbonded interaction distances:
        1.97 -     2.56: 27
        2.56 -     3.14: 55
        3.14 -     3.72: 43
        3.72 -     4.30: 55
        4.30 -     4.88: 79
  Nonbonded interactions: 259
  Sorted by model distance:
  nonbonded pdb=" H2  GLY A   1 "
            pdb=" H   GLY A   2 "
     model   vdw
     1.974 2.100
  nonbonded pdb=" O   GLY A   1 "
            pdb=" H   PHE A   3 "
     model   vdw
     2.094 1.970
  nonbonded pdb=" HA2 GLY A   2 "
            pdb=" H   GLY A   2 "
     model   vdw
     2.136 1.816
  nonbonded pdb=" O   PHE A   3 "
            pdb=" HXT PHE A   3 "
     model   vdw
     2.164 2.056
  nonbonded pdb=" HA1 GLY A   1 "
            pdb=" H2  GLY A   1 "
     model   vdw
     2.167 1.816
  ... (remaining 254 not shown)

  NOTE: a complete listing of the restraints can be obtained by requesting
        output of .geo file.

                   ----------xray_structure summary----------                  

Number of scattering types: 4
  Type Number    sf(0)   Gaussians
   O       4      7.97       2
   N       3      6.97       2
   C      13      5.97       2
   H      17      1.00       2
  sf(0) = scattering factor at diffraction angle 0.
Number of scatterers: 37
At special positions: 0
Unit cell: (15.501, 11.782, 10.787, 90, 90, 90)
Space group: P 1 (No. 1)

End of input processing
r_work=0.5025 r_free=0.3648
params.data_weight: None
params.restraints: cctbx
rmsd(b), start:  0.0964
mc:   0 R: 0.0569 rmsd(b):  0.0224 restraint_scale:  1.0 min_steps: 40
mc:   1 R: 0.0156 rmsd(b):  0.0118 restraint_scale:  1.0 min_steps: 48
mc:   2 R: 0.0080 rmsd(b):  0.0717 restraint_scale:  2.0 min_steps: 39
mc:   3 R: 0.0077 rmsd(b):  0.0643 restraint_scale:  4.0 min_steps: 21
mc:   4 R: 0.0094 rmsd(b):  0.0227 restraint_scale:  4.0 min_steps: 23
mc:   5 R: 0.0092 rmsd(b):  0.0248 restraint_scale:  4.0 min_steps: 6
Convergence reached, stop now.
see the result structure:  ./p26/04_results/refine_cctbx/223_GGF07-new/0.9/7.pdb
Time: 6.0546
