phenix.python
you are importing  adaptive calculator, and it does nothing. Please give it energy, force....... 

============================== Collecting inputs ==============================


                   ----------Processing X-ray data----------                   

F-obs:
  /scratch/m_zhen01/30994.lupus.uni-muenster.de/p26/02_mtz/229_GGF11-new.mtz:F-obs
Miller array info: None
Observation type: xray.amplitude
Type of data: double, size=190
Type of sigmas: None
Number of Miller indices: 190
Anomalous flag: False
Unit cell: (13.283, 13.75, 10.689, 90, 90, 90)
Space group: P 1 (No. 1)
Systematic absences: 0
Centric reflections: 0
Resolution range: 3.98506 2.53401
Completeness in resolution range: 1
Completeness with d_max=infinity: 0.736434

Number of F-obs in resolution range:                   190
Number of F-obs<0 (these reflections will be rejected): 0
Number of F-obs=0 (these reflections will be used in refinement): 0
Refinement resolution range: d_max =   3.9851
                             d_min =   2.5340

R-free flags:
  /scratch/m_zhen01/30994.lupus.uni-muenster.de/p26/02_mtz/229_GGF11-new.mtz:R-free-flags
Miller array info: /scratch/m_zhen01/30994.lupus.uni-muenster.de/p26/02_mtz/229_GGF11-new.mtz:R-free-flags
Observation type: None
Type of data: int, size=190
Type of sigmas: None
Number of Miller indices: 190
Anomalous flag: False
Unit cell: (13.283, 13.75, 10.689, 90, 90, 90)
Space group: P 1 (No. 1)
Systematic absences: 0
Centric reflections: 0
Resolution range: 3.98506 2.53401
Completeness in resolution range: 1
Completeness with d_max=infinity: 0.736434
Wavelength: 1.0000

Test (R-free flags) flag value: 1

Number of work/free reflections by resolution:
                                  work free  %free
  bin  1: 3.9851 - 3.6618 [12/12]    8    4  33.3%
  bin  2: 3.6618 - 3.4230 [20/20]   20    0   0.0%
  bin  3: 3.4230 - 3.2364 [19/19]   19    0   0.0%
  bin  4: 3.2364 - 3.0849 [18/18]   18    0   0.0%
  bin  5: 3.0849 - 2.9582 [24/24]   24    0   0.0%
  bin  6: 2.9582 - 2.8501 [14/14]   14    0   0.0%
  bin  7: 2.8501 - 2.7562 [14/14]   10    4  28.6%
  bin  8: 2.7562 - 2.6736 [19/19]   19    0   0.0%
  bin  9: 2.6736 - 2.6001 [30/30]   30    0   0.0%
  bin 10: 2.6001 - 2.5340 [20/20]   20    0   0.0%
                          overall  182    8   4.2%

                   ----------Processing PDB file(s)----------                  

  Monomer Library directory:
    "/tmp1/m_zhen01/phenix-installer-1.10.1-2155-intel-linux-2.6-x86_64-centos5/phenix-1.10.1-2155/modules/chem_data/mon_lib"
  Total number of atoms: 37
  Number of models: 1
  Model: ""
    Number of chains: 1
    Chain: "A"
      Number of atoms: 37
      Number of conformers: 1
      Conformer: ""
        Number of residues, atoms: 3, 37
          Classifications: {'peptide': 3}
          Modifications used: {'NH2NOTPRO': 1, 'COOH': 1}
          Link IDs: {'TRANS': 2}
  Time building chain proxies: 0.07, per 1000 atoms: 1.89
  Number of scatterers: 37
  At special positions: 0
  Unit cell: (13.283, 13.75, 10.689, 90, 90, 90)
  Space group: P 1 (No. 1)
  Number of sites at special positions: 0
  Number of scattering types: 4
    Type Number    sf(0)
     O       4      8.00
     N       3      7.00
     C      13      6.00
     H      17      1.00
    sf(0) = scattering factor at diffraction angle 0.

  Number of disulfides: simple=0, symmetry=0

  Automatic linking
    Parameters for automatic linking
      Linking & cutoffs
        Metal                : False - 3.50
        Amimo acid           : False - 1.90
        Carbohydrate         : True  - 1.99
        Ligands              : True  - 1.99
        Amino acid - RNA/DNA : False
      
  Number of custom bonds: simple=0, symmetry=0
  Time building additional restraints: 0.02
  Conformation dependent library (CDL) restraints added in 2.9 milliseconds
  
  Adding C-beta torsion restraints...
  Number of C-beta restraints generated:  2
  Time building geometry restraints manager: 0.03 seconds

  NOTE: a complete listing of the restraints can be obtained by requesting
        output of .geo file.

  Histogram of bond lengths:
        0.86 -     1.00: 17
        1.00 -     1.14: 0
        1.14 -     1.28: 3
        1.28 -     1.42: 9
        1.42 -     1.55: 8
  Bond restraints: 37
  Sorted by residual:
  bond pdb=" OXT PHE A   3 "
       pdb=" HXT PHE A   3 "
    ideal  model  delta    sigma   weight residual
    0.948  0.907  0.041 2.00e-02 2.50e+03 4.14e+00
  bond pdb=" CD2 PHE A   3 "
       pdb=" HD2 PHE A   3 "
    ideal  model  delta    sigma   weight residual
    0.930  0.970 -0.040 2.00e-02 2.50e+03 4.09e+00
  bond pdb=" CD1 PHE A   3 "
       pdb=" HD1 PHE A   3 "
    ideal  model  delta    sigma   weight residual
    0.930  0.965 -0.035 2.00e-02 2.50e+03 3.10e+00
  bond pdb=" CE2 PHE A   3 "
       pdb=" CD2 PHE A   3 "
    ideal  model  delta    sigma   weight residual
    1.382  1.330  0.052 3.00e-02 1.11e+03 3.01e+00
  bond pdb=" C   GLY A   1 "
       pdb=" N   GLY A   2 "
    ideal  model  delta    sigma   weight residual
    1.331  1.310  0.021 1.46e-02 4.69e+03 1.98e+00
  ... (remaining 32 not shown)

  Histogram of bond angle deviations from ideal:
      104.55 -   109.00: 13
      109.00 -   113.44: 12
      113.44 -   117.89: 7
      117.89 -   122.33: 22
      122.33 -   126.78: 6
  Bond angle restraints: 60
  Sorted by residual:
  angle pdb=" C   GLY A   2 "
        pdb=" N   PHE A   3 "
        pdb=" CA  PHE A   3 "
      ideal   model   delta    sigma   weight residual
     121.70  124.98   -3.28 1.80e+00 3.09e-01 3.32e+00
  angle pdb=" O   GLY A   2 "
        pdb=" C   GLY A   2 "
        pdb=" CA  GLY A   2 "
      ideal   model   delta    sigma   weight residual
     120.57  117.67    2.90 1.74e+00 3.30e-01 2.79e+00
  angle pdb=" C   PHE A   3 "
        pdb=" CA  PHE A   3 "
        pdb=" HA  PHE A   3 "
      ideal   model   delta    sigma   weight residual
     109.00  104.55    4.45 3.00e+00 1.11e-01 2.20e+00
  angle pdb=" C   GLY A   2 "
        pdb=" N   PHE A   3 "
        pdb=" H   PHE A   3 "
      ideal   model   delta    sigma   weight residual
     124.30  119.87    4.43 3.00e+00 1.11e-01 2.18e+00
  angle pdb=" C   GLY A   1 "
        pdb=" CA  GLY A   1 "
        pdb=" HA1 GLY A   1 "
      ideal   model   delta    sigma   weight residual
     109.00  104.76    4.24 3.00e+00 1.11e-01 2.00e+00
  ... (remaining 55 not shown)

  Histogram of dihedral angle deviations from ideal:
        0.24 -    35.97: 12
       35.97 -    71.71: 0
       71.71 -   107.44: 0
      107.44 -   143.17: 0
      143.17 -   178.90: 1
  Dihedral angle restraints: 13
    sinusoidal: 3
      harmonic: 10
  Sorted by residual:
  dihedral pdb=" O   PHE A   3 "
           pdb=" C   PHE A   3 "
           pdb=" OXT PHE A   3 "
           pdb=" HXT PHE A   3 "
      ideal   model   delta  harmonic     sigma   weight residual
       0.00  178.90 -178.90     0      3.00e+01 1.11e-03 3.56e+01
  dihedral pdb=" CA  PHE A   3 "
           pdb=" CB  PHE A   3 "
           pdb=" CG  PHE A   3 "
           pdb=" CD1 PHE A   3 "
      ideal   model   delta sinusoidal    sigma   weight residual
      90.00   57.06   32.94     2      2.00e+01 2.50e-03 3.55e+00
  dihedral pdb=" N   PHE A   3 "
           pdb=" CA  PHE A   3 "
           pdb=" CB  PHE A   3 "
           pdb=" CG  PHE A   3 "
      ideal   model   delta sinusoidal    sigma   weight residual
      60.00   39.48   20.52     3      1.50e+01 4.44e-03 2.48e+00
  ... (remaining 10 not shown)

  Histogram of chiral volume deviations from ideal:
       0.025 -    0.025: 1
       0.025 -    0.025: 0
       0.025 -    0.025: 0
       0.025 -    0.025: 0
       0.025 -    0.025: 0
  Chirality restraints: 1
  Sorted by residual:
  chirality pdb=" CA  PHE A   3 "
            pdb=" C   PHE A   3 "
            pdb=" N   PHE A   3 "
            pdb=" CB  PHE A   3 "
    both_signs  ideal   model   delta    sigma   weight residual
      False     -2.51   -2.54    0.02 2.00e-01 2.50e+01 1.53e-02

  Planarity restraints: 6
  Sorted by residual:
                                 delta    sigma   weight rms_deltas residual
  plane pdb=" CB  PHE A   3 "   -0.013 2.00e-02 2.50e+03   1.98e-02 1.18e+01
        pdb=" CG  PHE A   3 "    0.003 2.00e-02 2.50e+03
        pdb=" CD1 PHE A   3 "   -0.001 2.00e-02 2.50e+03
        pdb=" HD1 PHE A   3 "   -0.015 2.00e-02 2.50e+03
        pdb=" CE1 PHE A   3 "    0.014 2.00e-02 2.50e+03
        pdb=" HE1 PHE A   3 "    0.001 2.00e-02 2.50e+03
        pdb=" CZ  PHE A   3 "    0.017 2.00e-02 2.50e+03
        pdb=" HZ  PHE A   3 "   -0.004 2.00e-02 2.50e+03
        pdb=" CE2 PHE A   3 "    0.016 2.00e-02 2.50e+03
        pdb=" HE2 PHE A   3 "   -0.048 2.00e-02 2.50e+03
        pdb=" CD2 PHE A   3 "   -0.006 2.00e-02 2.50e+03
        pdb=" HD2 PHE A   3 "    0.035 2.00e-02 2.50e+03
                                 delta    sigma   weight rms_deltas residual
  plane pdb=" C   GLY A   2 "    0.006 2.00e-02 2.50e+03   1.18e-02 1.38e+00
        pdb=" CA  PHE A   3 "    0.005 2.00e-02 2.50e+03
        pdb=" N   PHE A   3 "   -0.020 2.00e-02 2.50e+03
        pdb=" H   PHE A   3 "    0.009 2.00e-02 2.50e+03
                                 delta    sigma   weight rms_deltas residual
  plane pdb=" C   GLY A   1 "   -0.020 2.00e-02 2.50e+03   1.15e-02 1.32e+00
        pdb=" O   GLY A   1 "    0.008 2.00e-02 2.50e+03
        pdb=" CA  GLY A   1 "    0.006 2.00e-02 2.50e+03
        pdb=" N   GLY A   2 "    0.007 2.00e-02 2.50e+03
  ... (remaining 3 not shown)

  Histogram of nonbonded interaction distances:
        1.79 -     2.41: 15
        2.41 -     3.03: 59
        3.03 -     3.65: 67
        3.65 -     4.27: 68
        4.27 -     4.90: 92
  Nonbonded interactions: 301
  Sorted by model distance:
  nonbonded pdb=" HXT PHE A   3 "
            pdb=" H   PHE A   3 "
     model   vdw
     1.786 2.100
  nonbonded pdb=" HXT PHE A   3 "
            pdb=" HD1 PHE A   3 "
     model   vdw
     1.927 2.100
  nonbonded pdb=" HA1 GLY A   2 "
            pdb=" H   GLY A   2 "
     model   vdw
     2.078 1.816
  nonbonded pdb=" OXT PHE A   3 "
            pdb=" HD1 PHE A   3 "
     model   vdw
     2.138 2.570
  nonbonded pdb=" HA  PHE A   3 "
            pdb=" HB2 PHE A   3 "
     model   vdw
     2.250 1.952
  ... (remaining 296 not shown)

  NOTE: a complete listing of the restraints can be obtained by requesting
        output of .geo file.

                   ----------xray_structure summary----------                  

Number of scattering types: 4
  Type Number    sf(0)   Gaussians
   O       4      7.97       2
   N       3      6.97       2
   C      13      5.97       2
   H      17      1.00       2
  sf(0) = scattering factor at diffraction angle 0.
Number of scatterers: 37
At special positions: 0
Unit cell: (13.283, 13.75, 10.689, 90, 90, 90)
Space group: P 1 (No. 1)

End of input processing
r_work=0.5252 r_free=0.4482
params.data_weight: 0.0
params.restraints: qm
rmsd(b), start:  0.0824
mc:   0 R: 0.5129 rmsd(b):  0.0296 restraint_scale:  1.0 min_steps: 52
mc:   1 R: 0.4996 rmsd(b):  0.0282 restraint_scale:  1.0 min_steps: 52
mc:   2 R: 0.4927 rmsd(b):  0.0282 restraint_scale:  1.0 min_steps: 56
mc:   3 R: 0.4896 rmsd(b):  0.0282 restraint_scale:  1.0 min_steps: 62
mc:   4 R: 0.4865 rmsd(b):  0.0280 restraint_scale:  1.0 min_steps: 51
mc:   5 R: 0.4846 rmsd(b):  0.0278 restraint_scale:  1.0 min_steps: 60
mc:   6 R: 0.4852 rmsd(b):  0.0280 restraint_scale:  1.0 min_steps: 56
mc:   7 R: 0.4853 rmsd(b):  0.0279 restraint_scale:  1.0 min_steps: 12
Convergence reached, stop now.
see the result structure:  ./p26/04_results/opt_qm/229_GGF11-new/1.5/6.pdb
Time: 396.2408
