phenix.python
you are importing  adaptive calculator, and it does nothing. Please give it energy, force....... 

============================== Collecting inputs ==============================


                   ----------Processing X-ray data----------                   

F-obs:
  /scratch/m_zhen01/30993.lupus.uni-muenster.de/p26/02_mtz/203_WG11-new.mtz:F-obs
Miller array info: None
Observation type: xray.amplitude
Type of data: double, size=181
Type of sigmas: None
Number of Miller indices: 181
Anomalous flag: False
Unit cell: (13.071, 13.502, 9.907, 90, 90, 90)
Space group: P 1 (No. 1)
Systematic absences: 0
Centric reflections: 0
Resolution range: 3.99375 2.52768
Completeness in resolution range: 1
Completeness with d_max=infinity: 0.770213

Number of F-obs in resolution range:                   181
Number of F-obs<0 (these reflections will be rejected): 0
Number of F-obs=0 (these reflections will be used in refinement): 0
Refinement resolution range: d_max =   3.9937
                             d_min =   2.5277

R-free flags:
  /scratch/m_zhen01/30993.lupus.uni-muenster.de/p26/02_mtz/203_WG11-new.mtz:R-free-flags
Miller array info: /scratch/m_zhen01/30993.lupus.uni-muenster.de/p26/02_mtz/203_WG11-new.mtz:R-free-flags
Observation type: None
Type of data: int, size=181
Type of sigmas: None
Number of Miller indices: 181
Anomalous flag: False
Unit cell: (13.071, 13.502, 9.907, 90, 90, 90)
Space group: P 1 (No. 1)
Systematic absences: 0
Centric reflections: 0
Resolution range: 3.99375 2.52768
Completeness in resolution range: 1
Completeness with d_max=infinity: 0.770213
Wavelength: 1.0000

Test (R-free flags) flag value: 1

Number of work/free reflections by resolution:
                                  work free  %free
  bin  1: 3.9937 - 3.6645 [24/24]   24    0   0.0%
  bin  2: 3.6645 - 3.4226 [10/10]   10    0   0.0%
  bin  3: 3.4226 - 3.2340 [13/13]    9    4  30.8%
  bin  4: 3.2340 - 3.0811 [28/28]   28    0   0.0%
  bin  5: 3.0811 - 2.9536 [16/16]   16    0   0.0%
  bin  6: 2.9536 - 2.8449 [20/20]   12    8  40.0%
  bin  7: 2.8449 - 2.7506 [ 6/6 ]    6    0   0.0%
  bin  8: 2.7506 - 2.6677 [17/17]   17    0   0.0%
  bin  9: 2.6677 - 2.5939 [19/19]   19    0   0.0%
  bin 10: 2.5939 - 2.5277 [28/28]   28    0   0.0%
                          overall  169   12   6.6%

                   ----------Processing PDB file(s)----------                  

  Monomer Library directory:
    "/tmp1/m_zhen01/phenix-installer-1.10.1-2155-intel-linux-2.6-x86_64-centos5/phenix-1.10.1-2155/modules/chem_data/mon_lib"
  Total number of atoms: 34
  Number of models: 1
  Model: ""
    Number of chains: 1
    Chain: "A"
      Number of atoms: 34
      Number of conformers: 1
      Conformer: ""
        Number of residues, atoms: 2, 34
          Classifications: {'peptide': 2}
          Modifications used: {'NH2NOTPRO': 1, 'COOH': 1}
          Link IDs: {'TRANS': 1}
  Time building chain proxies: 0.08, per 1000 atoms: 2.35
  Number of scatterers: 34
  At special positions: 0
  Unit cell: (13.071, 13.502, 9.907, 90, 90, 90)
  Space group: P 1 (No. 1)
  Number of sites at special positions: 0
  Number of scattering types: 4
    Type Number    sf(0)
     O       3      8.00
     N       3      7.00
     C      13      6.00
     H      15      1.00
    sf(0) = scattering factor at diffraction angle 0.

  Number of disulfides: simple=0, symmetry=0

  Automatic linking
    Parameters for automatic linking
      Linking & cutoffs
        Metal                : False - 3.50
        Amimo acid           : False - 1.90
        Carbohydrate         : True  - 1.99
        Ligands              : True  - 1.99
        Amino acid - RNA/DNA : False
      
  Number of custom bonds: simple=0, symmetry=0
  Time building additional restraints: 0.02
  Conformation dependent library (CDL) restraints added in 529.1 microseconds
  
  Adding C-beta torsion restraints...
  Number of C-beta restraints generated:  2
  Time building geometry restraints manager: 0.02 seconds

  NOTE: a complete listing of the restraints can be obtained by requesting
        output of .geo file.

  Histogram of bond lengths:
        0.81 -     0.95: 11
        0.95 -     1.10: 4
        1.10 -     1.25: 2
        1.25 -     1.40: 6
        1.40 -     1.54: 12
  Bond restraints: 35
  Sorted by residual:
  bond pdb=" N   GLY A   2 "
       pdb=" H   GLY A   2 "
    ideal  model  delta    sigma   weight residual
    0.860  0.806  0.054 2.00e-02 2.50e+03 7.35e+00
  bond pdb=" N   TRP A   1 "
       pdb=" H2  TRP A   1 "
    ideal  model  delta    sigma   weight residual
    0.960  0.913  0.047 2.00e-02 2.50e+03 5.47e+00
  bond pdb=" CZ3 TRP A   1 "
       pdb=" CE3 TRP A   1 "
    ideal  model  delta    sigma   weight residual
    1.382  1.451 -0.069 3.00e-02 1.11e+03 5.33e+00
  bond pdb=" CG  TRP A   1 "
       pdb=" CD1 TRP A   1 "
    ideal  model  delta    sigma   weight residual
    1.365  1.317  0.048 2.50e-02 1.60e+03 3.62e+00
  bond pdb=" OXT GLY A   2 "
       pdb=" HXT GLY A   2 "
    ideal  model  delta    sigma   weight residual
    0.948  0.912  0.036 2.00e-02 2.50e+03 3.25e+00
  ... (remaining 30 not shown)

  Histogram of bond angle deviations from ideal:
      103.82 -   109.92: 17
      109.92 -   116.01: 9
      116.01 -   122.10: 19
      122.10 -   128.19: 10
      128.19 -   134.29: 2
  Bond angle restraints: 57
  Sorted by residual:
  angle pdb=" C   GLY A   2 "
        pdb=" CA  GLY A   2 "
        pdb=" N   GLY A   2 "
      ideal   model   delta    sigma   weight residual
     113.30  118.79   -5.49 2.90e+00 1.19e-01 3.58e+00
  angle pdb=" CA  TRP A   1 "
        pdb=" CB  TRP A   1 "
        pdb=" CG  TRP A   1 "
      ideal   model   delta    sigma   weight residual
     113.60  110.31    3.29 1.90e+00 2.77e-01 3.00e+00
  angle pdb=" C   TRP A   1 "
        pdb=" CA  TRP A   1 "
        pdb=" HA  TRP A   1 "
      ideal   model   delta    sigma   weight residual
     109.00  104.00    5.00 3.00e+00 1.11e-01 2.78e+00
  angle pdb=" C   GLY A   2 "
        pdb=" OXT GLY A   2 "
        pdb=" HXT GLY A   2 "
      ideal   model   delta    sigma   weight residual
     108.00  103.82    4.18 3.00e+00 1.11e-01 1.94e+00
  angle pdb=" HA2 GLY A   2 "
        pdb=" CA  GLY A   2 "
        pdb=" N   GLY A   2 "
      ideal   model   delta    sigma   weight residual
     110.00  105.96    4.04 3.00e+00 1.11e-01 1.81e+00
  ... (remaining 52 not shown)

  Histogram of dihedral angle deviations from ideal:
        0.02 -     3.87: 9
        3.87 -     7.73: 2
        7.73 -    11.59: 0
       11.59 -    15.45: 1
       15.45 -    19.31: 1
  Dihedral angle restraints: 13
    sinusoidal: 3
      harmonic: 10
  Sorted by residual:
  dihedral pdb=" CB  TRP A   1 "
           pdb=" CG  TRP A   1 "
           pdb=" CD1 TRP A   1 "
           pdb=" HD1 TRP A   1 "
      ideal   model   delta  harmonic     sigma   weight residual
       0.00    4.57   -4.57     0      5.00e+00 4.00e-02 8.35e-01
  dihedral pdb=" OXT GLY A   2 "
           pdb=" C   GLY A   2 "
           pdb=" CA  GLY A   2 "
           pdb=" N   GLY A   2 "
      ideal   model   delta sinusoidal    sigma   weight residual
     160.00  179.31  -19.31     2      3.00e+01 1.11e-03 5.83e-01
  dihedral pdb=" CA  TRP A   1 "
           pdb=" CB  TRP A   1 "
           pdb=" CG  TRP A   1 "
           pdb=" CD1 TRP A   1 "
      ideal   model   delta sinusoidal    sigma   weight residual
     -90.00  -77.41  -12.59     2      2.00e+01 2.50e-03 5.70e-01
  ... (remaining 10 not shown)

  Histogram of chiral volume deviations from ideal:
       0.006 -    0.006: 1
       0.006 -    0.006: 0
       0.006 -    0.006: 0
       0.006 -    0.006: 0
       0.006 -    0.006: 0
  Chirality restraints: 1
  Sorted by residual:
  chirality pdb=" CA  TRP A   1 "
            pdb=" C   TRP A   1 "
            pdb=" N   TRP A   1 "
            pdb=" CB  TRP A   1 "
    both_signs  ideal   model   delta    sigma   weight residual
      False     -2.51   -2.50   -0.01 2.00e-01 2.50e+01 9.64e-04

  Planarity restraints: 4
  Sorted by residual:
                                 delta    sigma   weight rms_deltas residual
  plane pdb=" CB  TRP A   1 "    0.001 2.00e-02 2.50e+03   1.50e-02 8.99e+00
        pdb=" CG  TRP A   1 "    0.007 2.00e-02 2.50e+03
        pdb=" CD1 TRP A   1 "   -0.032 2.00e-02 2.50e+03
        pdb=" HD1 TRP A   1 "   -0.007 2.00e-02 2.50e+03
        pdb=" NE1 TRP A   1 "    0.020 2.00e-02 2.50e+03
        pdb=" HE1 TRP A   1 "   -0.006 2.00e-02 2.50e+03
        pdb=" CE2 TRP A   1 "    0.019 2.00e-02 2.50e+03
        pdb=" CZ2 TRP A   1 "   -0.020 2.00e-02 2.50e+03
        pdb=" HZ2 TRP A   1 "    0.015 2.00e-02 2.50e+03
        pdb=" CH2 TRP A   1 "   -0.006 2.00e-02 2.50e+03
        pdb=" HH2 TRP A   1 "   -0.009 2.00e-02 2.50e+03
        pdb=" CZ3 TRP A   1 "    0.015 2.00e-02 2.50e+03
        pdb=" HZ3 TRP A   1 "   -0.016 2.00e-02 2.50e+03
        pdb=" CE3 TRP A   1 "    0.014 2.00e-02 2.50e+03
        pdb=" HE3 TRP A   1 "   -0.007 2.00e-02 2.50e+03
        pdb=" CD2 TRP A   1 "    0.014 2.00e-02 2.50e+03
                                 delta    sigma   weight rms_deltas residual
  plane pdb=" O   GLY A   2 "    0.002 2.00e-02 2.50e+03   1.28e-02 2.05e+00
        pdb=" C   GLY A   2 "   -0.019 2.00e-02 2.50e+03
        pdb=" OXT GLY A   2 "   -0.009 2.00e-02 2.50e+03
        pdb=" HXT GLY A   2 "    0.015 2.00e-02 2.50e+03
        pdb=" CA  GLY A   2 "    0.012 2.00e-02 2.50e+03
                                 delta    sigma   weight rms_deltas residual
  plane pdb=" C   TRP A   1 "   -0.005 2.00e-02 2.50e+03   1.01e-02 1.02e+00
        pdb=" CA  GLY A   2 "   -0.004 2.00e-02 2.50e+03
        pdb=" N   GLY A   2 "    0.017 2.00e-02 2.50e+03
        pdb=" H   GLY A   2 "   -0.008 2.00e-02 2.50e+03
  ... (remaining 1 not shown)

  Histogram of nonbonded interaction distances:
        2.09 -     2.65: 17
        2.65 -     3.21: 49
        3.21 -     3.77: 46
        3.77 -     4.34: 48
        4.34 -     4.90: 70
  Nonbonded interactions: 230
  Sorted by model distance:
  nonbonded pdb=" HA  TRP A   1 "
            pdb=" H1  TRP A   1 "
     model   vdw
     2.086 1.816
  nonbonded pdb=" HA2 GLY A   2 "
            pdb=" H   GLY A   2 "
     model   vdw
     2.119 1.816
  nonbonded pdb=" O   GLY A   2 "
            pdb=" HXT GLY A   2 "
     model   vdw
     2.179 2.056
  nonbonded pdb=" H2  TRP A   1 "
            pdb=" HD1 TRP A   1 "
     model   vdw
     2.197 2.100
  nonbonded pdb=" HH2 TRP A   1 "
            pdb=" HZ3 TRP A   1 "
     model   vdw
     2.305 1.680
  ... (remaining 225 not shown)

  NOTE: a complete listing of the restraints can be obtained by requesting
        output of .geo file.

                   ----------xray_structure summary----------                  

Number of scattering types: 4
  Type Number    sf(0)   Gaussians
   O       3      7.97       2
   N       3      6.97       2
   C      13      5.97       2
   H      15      1.00       2
  sf(0) = scattering factor at diffraction angle 0.
Number of scatterers: 34
At special positions: 0
Unit cell: (13.071, 13.502, 9.907, 90, 90, 90)
Space group: P 1 (No. 1)

End of input processing
r_work=0.5335 r_free=0.4216
params.data_weight: 0.0
params.restraints: cctbx
rmsd(b), start:  0.0905
mc:   0 R: 0.5365 rmsd(b):  0.0006 restraint_scale:  1.0 min_steps: 53
mc:   1 R: 0.5464 rmsd(b):  0.0005 restraint_scale:  1.0 min_steps: 55
mc:   2 R: 0.5475 rmsd(b):  0.0003 restraint_scale:  1.0 min_steps: 53
mc:   3 R: 0.5496 rmsd(b):  0.0005 restraint_scale:  1.0 min_steps: 53
mc:   4 R: 0.5491 rmsd(b):  0.0003 restraint_scale:  1.0 min_steps: 53
Convergence reached, stop now.
see the result structure:  ./p26/04_results/opt_cctbx/203_WG11-new/1.5/2.pdb
Time: 5.2641
