phenix.python
you are importing  adaptive calculator, and it does nothing. Please give it energy, force....... 

============================== Collecting inputs ==============================


                   ----------Processing X-ray data----------                   

F-obs:
  /scratch/m_zhen01/30993.lupus.uni-muenster.de/p26/02_mtz/236_GFA15-new.mtz:F-obs
Miller array info: None
Observation type: xray.amplitude
Type of data: double, size=244
Type of sigmas: None
Number of Miller indices: 244
Anomalous flag: False
Unit cell: (11.9, 11.178, 17.205, 90, 90, 90)
Space group: P 1 (No. 1)
Systematic absences: 0
Centric reflections: 0
Resolution range: 3.96667 2.50252
Completeness in resolution range: 1
Completeness with d_max=infinity: 0.772152

Number of F-obs in resolution range:                   244
Number of F-obs<0 (these reflections will be rejected): 0
Number of F-obs=0 (these reflections will be used in refinement): 0
Refinement resolution range: d_max =   3.9667
                             d_min =   2.5025

R-free flags:
  /scratch/m_zhen01/30993.lupus.uni-muenster.de/p26/02_mtz/236_GFA15-new.mtz:R-free-flags
Miller array info: /scratch/m_zhen01/30993.lupus.uni-muenster.de/p26/02_mtz/236_GFA15-new.mtz:R-free-flags
Observation type: None
Type of data: int, size=244
Type of sigmas: None
Number of Miller indices: 244
Anomalous flag: False
Unit cell: (11.9, 11.178, 17.205, 90, 90, 90)
Space group: P 1 (No. 1)
Systematic absences: 0
Centric reflections: 0
Resolution range: 3.96667 2.50252
Completeness in resolution range: 1
Completeness with d_max=infinity: 0.772152
Wavelength: 1.0000

Test (R-free flags) flag value: 1

Number of work/free reflections by resolution:
                                  work free  %free
  bin  1: 3.9667 - 3.6361 [32/32]   32    0   0.0%
  bin  2: 3.6361 - 3.3939 [19/19]   15    4  21.1%
  bin  3: 3.3939 - 3.2056 [24/24]   24    0   0.0%
  bin  4: 3.2056 - 3.0532 [20/20]   16    4  20.0%
  bin  5: 3.0532 - 2.9261 [23/23]   19    4  17.4%
  bin  6: 2.9261 - 2.8179 [21/21]   21    0   0.0%
  bin  7: 2.8179 - 2.7240 [27/27]   27    0   0.0%
  bin  8: 2.7240 - 2.6416 [18/18]   18    0   0.0%
  bin  9: 2.6416 - 2.5683 [32/32]   28    4  12.5%
  bin 10: 2.5683 - 2.5025 [28/28]   28    0   0.0%
                          overall  228   16   6.6%

                   ----------Processing PDB file(s)----------                  

  Monomer Library directory:
    "/tmp1/m_zhen01/phenix-installer-1.10.1-2155-intel-linux-2.6-x86_64-centos5/phenix-1.10.1-2155/modules/chem_data/mon_lib"
  Total number of atoms: 40
  Number of models: 1
  Model: ""
    Number of chains: 1
    Chain: "A"
      Number of atoms: 40
      Number of conformers: 1
      Conformer: ""
        Number of residues, atoms: 3, 40
          Classifications: {'peptide': 3}
          Modifications used: {'NH2NOTPRO': 1, 'COOH': 1}
          Link IDs: {'TRANS': 2}
  Time building chain proxies: 0.08, per 1000 atoms: 2.00
  Number of scatterers: 40
  At special positions: 0
  Unit cell: (11.9, 11.178, 17.205, 90, 90, 90)
  Space group: P 1 (No. 1)
  Number of sites at special positions: 0
  Number of scattering types: 4
    Type Number    sf(0)
     O       4      8.00
     N       3      7.00
     C      14      6.00
     H      19      1.00
    sf(0) = scattering factor at diffraction angle 0.

  Number of disulfides: simple=0, symmetry=0

  Automatic linking
    Parameters for automatic linking
      Linking & cutoffs
        Metal                : False - 3.50
        Amimo acid           : False - 1.90
        Carbohydrate         : True  - 1.99
        Ligands              : True  - 1.99
        Amino acid - RNA/DNA : False
      
  Number of custom bonds: simple=0, symmetry=0
  Time building additional restraints: 0.03
  Conformation dependent library (CDL) restraints added in 3.4 milliseconds
  
  Adding C-beta torsion restraints...
  Number of C-beta restraints generated:  4
  Time building geometry restraints manager: 0.03 seconds

  NOTE: a complete listing of the restraints can be obtained by requesting
        output of .geo file.

  Histogram of bond lengths:
        0.82 -     0.96: 10
        0.96 -     1.11: 9
        1.11 -     1.25: 3
        1.25 -     1.39: 7
        1.39 -     1.53: 11
  Bond restraints: 40
  Sorted by residual:
  bond pdb=" CA  ALA A   3 "
       pdb=" N   ALA A   3 "
    ideal  model  delta    sigma   weight residual
    1.458  1.417  0.041 1.90e-02 2.77e+03 4.75e+00
  bond pdb=" N   GLY A   1 "
       pdb=" H1  GLY A   1 "
    ideal  model  delta    sigma   weight residual
    0.960  0.921  0.039 2.00e-02 2.50e+03 3.89e+00
  bond pdb=" N   PHE A   2 "
       pdb=" H   PHE A   2 "
    ideal  model  delta    sigma   weight residual
    0.860  0.822  0.038 2.00e-02 2.50e+03 3.53e+00
  bond pdb=" C   PHE A   2 "
       pdb=" CA  PHE A   2 "
    ideal  model  delta    sigma   weight residual
    1.523  1.498  0.025 1.34e-02 5.57e+03 3.52e+00
  bond pdb=" CE2 PHE A   2 "
       pdb=" CD2 PHE A   2 "
    ideal  model  delta    sigma   weight residual
    1.382  1.435 -0.053 3.00e-02 1.11e+03 3.10e+00
  ... (remaining 35 not shown)

  Histogram of bond angle deviations from ideal:
      102.59 -   107.11: 8
      107.11 -   111.62: 19
      111.62 -   116.13: 9
      116.13 -   120.64: 16
      120.64 -   125.15: 14
  Bond angle restraints: 66
  Sorted by residual:
  angle pdb=" C   PHE A   2 "
        pdb=" CA  PHE A   2 "
        pdb=" HA  PHE A   2 "
      ideal   model   delta    sigma   weight residual
     109.00  102.59    6.41 3.00e+00 1.11e-01 4.56e+00
  angle pdb=" CB  ALA A   3 "
        pdb=" CA  ALA A   3 "
        pdb=" N   ALA A   3 "
      ideal   model   delta    sigma   weight residual
     110.40  107.47    2.93 1.50e+00 4.44e-01 3.81e+00
  angle pdb=" C   GLY A   1 "
        pdb=" N   PHE A   2 "
        pdb=" CA  PHE A   2 "
      ideal   model   delta    sigma   weight residual
     121.54  125.15   -3.61 1.91e+00 2.74e-01 3.58e+00
  angle pdb=" HB1 PHE A   2 "
        pdb=" CB  PHE A   2 "
        pdb=" HB2 PHE A   2 "
      ideal   model   delta    sigma   weight residual
     110.00  115.46   -5.46 3.00e+00 1.11e-01 3.31e+00
  angle pdb=" CB  PHE A   2 "
        pdb=" CG  PHE A   2 "
        pdb=" CD1 PHE A   2 "
      ideal   model   delta    sigma   weight residual
     120.70  117.71    2.99 1.70e+00 3.46e-01 3.10e+00
  ... (remaining 61 not shown)

  Histogram of dihedral angle deviations from ideal:
        0.01 -    35.77: 14
       35.77 -    71.53: 1
       71.53 -   107.28: 0
      107.28 -   143.04: 0
      143.04 -   178.80: 1
  Dihedral angle restraints: 16
    sinusoidal: 4
      harmonic: 12
  Sorted by residual:
  dihedral pdb=" O   ALA A   3 "
           pdb=" C   ALA A   3 "
           pdb=" OXT ALA A   3 "
           pdb=" HXT ALA A   3 "
      ideal   model   delta  harmonic     sigma   weight residual
       0.00  178.80 -178.80     0      3.00e+01 1.11e-03 3.55e+01
  dihedral pdb=" OXT ALA A   3 "
           pdb=" C   ALA A   3 "
           pdb=" CA  ALA A   3 "
           pdb=" N   ALA A   3 "
      ideal   model   delta sinusoidal    sigma   weight residual
     160.00  121.16   38.84     2      3.00e+01 1.11e-03 2.10e+00
  dihedral pdb=" CG  PHE A   2 "
           pdb=" CB  PHE A   2 "
           pdb=" CA  PHE A   2 "
           pdb=" N   PHE A   2 "
      ideal   model   delta sinusoidal    sigma   weight residual
     -60.00  -48.39  -11.61     3      1.50e+01 4.44e-03 8.50e-01
  ... (remaining 13 not shown)

  Histogram of chiral volume deviations from ideal:
       0.071 -    0.072: 1
       0.072 -    0.074: 0
       0.074 -    0.075: 0
       0.075 -    0.076: 0
       0.076 -    0.077: 1
  Chirality restraints: 2
  Sorted by residual:
  chirality pdb=" CA  ALA A   3 "
            pdb=" C   ALA A   3 "
            pdb=" CB  ALA A   3 "
            pdb=" N   ALA A   3 "
    both_signs  ideal   model   delta    sigma   weight residual
      False      2.48    2.41    0.08 2.00e-01 2.50e+01 1.49e-01
  chirality pdb=" CA  PHE A   2 "
            pdb=" CB  PHE A   2 "
            pdb=" C   PHE A   2 "
            pdb=" N   PHE A   2 "
    both_signs  ideal   model   delta    sigma   weight residual
      False     -2.51   -2.44   -0.07 2.00e-01 2.50e+01 1.27e-01

  Planarity restraints: 6
  Sorted by residual:
                                 delta    sigma   weight rms_deltas residual
  plane pdb=" CB  PHE A   2 "   -0.009 2.00e-02 2.50e+03   1.49e-02 6.65e+00
        pdb=" CG  PHE A   2 "    0.012 2.00e-02 2.50e+03
        pdb=" CD1 PHE A   2 "    0.021 2.00e-02 2.50e+03
        pdb=" HD1 PHE A   2 "    0.003 2.00e-02 2.50e+03
        pdb=" CE1 PHE A   2 "    0.004 2.00e-02 2.50e+03
        pdb=" HE1 PHE A   2 "   -0.024 2.00e-02 2.50e+03
        pdb=" CZ  PHE A   2 "    0.001 2.00e-02 2.50e+03
        pdb=" HZ  PHE A   2 "   -0.010 2.00e-02 2.50e+03
        pdb=" CE2 PHE A   2 "    0.013 2.00e-02 2.50e+03
        pdb=" HE2 PHE A   2 "    0.012 2.00e-02 2.50e+03
        pdb=" CD2 PHE A   2 "    0.008 2.00e-02 2.50e+03
        pdb=" HD2 PHE A   2 "   -0.031 2.00e-02 2.50e+03
                                 delta    sigma   weight rms_deltas residual
  plane pdb=" C   GLY A   1 "   -0.018 2.00e-02 2.50e+03   1.03e-02 1.07e+00
        pdb=" O   GLY A   1 "    0.007 2.00e-02 2.50e+03
        pdb=" CA  GLY A   1 "    0.005 2.00e-02 2.50e+03
        pdb=" N   PHE A   2 "    0.006 2.00e-02 2.50e+03
                                 delta    sigma   weight rms_deltas residual
  plane pdb=" C   PHE A   2 "   -0.012 2.00e-02 2.50e+03   6.87e-03 4.72e-01
        pdb=" O   PHE A   2 "    0.004 2.00e-02 2.50e+03
        pdb=" CA  PHE A   2 "    0.003 2.00e-02 2.50e+03
        pdb=" N   ALA A   3 "    0.004 2.00e-02 2.50e+03
  ... (remaining 3 not shown)

  Histogram of nonbonded interaction distances:
        1.74 -     2.37: 19
        2.37 -     3.00: 59
        3.00 -     3.63: 69
        3.63 -     4.26: 76
        4.26 -     4.89: 95
  Nonbonded interactions: 318
  Sorted by model distance:
  nonbonded pdb=" O   GLY A   1 "
            pdb=" H   ALA A   3 "
     model   vdw
     1.736 1.970
  nonbonded pdb=" HA2 GLY A   1 "
            pdb=" H2  GLY A   1 "
     model   vdw
     1.889 1.816
  nonbonded pdb=" HXT ALA A   3 "
            pdb=" HA  ALA A   3 "
     model   vdw
     1.979 2.270
  nonbonded pdb=" HB1 PHE A   2 "
            pdb=" H   ALA A   3 "
     model   vdw
     2.118 2.270
  nonbonded pdb=" HA  PHE A   2 "
            pdb=" H   PHE A   2 "
     model   vdw
     2.143 1.816
  ... (remaining 313 not shown)

  NOTE: a complete listing of the restraints can be obtained by requesting
        output of .geo file.

                   ----------xray_structure summary----------                  

Number of scattering types: 4
  Type Number    sf(0)   Gaussians
   O       4      7.97       2
   N       3      6.97       2
   C      14      5.97       2
   H      19      1.00       2
  sf(0) = scattering factor at diffraction angle 0.
Number of scatterers: 40
At special positions: 0
Unit cell: (11.9, 11.178, 17.205, 90, 90, 90)
Space group: P 1 (No. 1)

End of input processing
r_work=0.5211 r_free=0.5604
params.data_weight: 0.0
params.restraints: cctbx
rmsd(b), start:  0.0888
mc:   0 R: 0.5237 rmsd(b):  0.0011 restraint_scale:  1.0 min_steps: 54
mc:   1 R: 0.5210 rmsd(b):  0.0006 restraint_scale:  1.0 min_steps: 54
mc:   2 R: 0.5189 rmsd(b):  0.0008 restraint_scale:  1.0 min_steps: 56
mc:   3 R: 0.5183 rmsd(b):  0.0006 restraint_scale:  1.0 min_steps: 55
mc:   4 R: 0.5156 rmsd(b):  0.0005 restraint_scale:  1.0 min_steps: 56
mc:   5 R: 0.5141 rmsd(b):  0.0006 restraint_scale:  1.0 min_steps: 53
mc:   6 R: 0.5135 rmsd(b):  0.0005 restraint_scale:  1.0 min_steps: 55
mc:   7 R: 0.5136 rmsd(b):  0.0005 restraint_scale:  1.0 min_steps: 54
mc:   8 R: 0.5136 rmsd(b):  0.0005 restraint_scale:  1.0 min_steps: 56
mc:   9 R: 0.5140 rmsd(b):  0.0006 restraint_scale:  1.0 min_steps: 55
mc:  10 R: 0.5144 rmsd(b):  0.0005 restraint_scale:  1.0 min_steps: 56
Convergence reached, stop now.
see the result structure:  ./p26/04_results/opt_cctbx/236_GFA15-new/0.9/0.pdb
Time: 7.0307
