phenix.python
you are importing  adaptive calculator, and it does nothing. Please give it energy, force....... 

============================== Collecting inputs ==============================


                   ----------Processing X-ray data----------                   

F-obs:
  /scratch/m_zhen01/30994.lupus.uni-muenster.de/p26/02_mtz/205_WG05-new.mtz:F-obs
Miller array info: None
Observation type: xray.amplitude
Type of data: double, size=191
Type of sigmas: None
Number of Miller indices: 191
Anomalous flag: False
Unit cell: (16.777, 9.89, 11.507, 90, 90, 90)
Space group: P 1 (No. 1)
Systematic absences: 0
Centric reflections: 0
Resolution range: 3.99495 2.50013
Completeness in resolution range: 1
Completeness with d_max=infinity: 0.760956

Number of F-obs in resolution range:                   191
Number of F-obs<0 (these reflections will be rejected): 0
Number of F-obs=0 (these reflections will be used in refinement): 0
Refinement resolution range: d_max =   3.9949
                             d_min =   2.5001

R-free flags:
  /scratch/m_zhen01/30994.lupus.uni-muenster.de/p26/02_mtz/205_WG05-new.mtz:R-free-flags
Miller array info: /scratch/m_zhen01/30994.lupus.uni-muenster.de/p26/02_mtz/205_WG05-new.mtz:R-free-flags
Observation type: None
Type of data: int, size=191
Type of sigmas: None
Number of Miller indices: 191
Anomalous flag: False
Unit cell: (16.777, 9.89, 11.507, 90, 90, 90)
Space group: P 1 (No. 1)
Systematic absences: 0
Centric reflections: 0
Resolution range: 3.99495 2.50013
Completeness in resolution range: 1
Completeness with d_max=infinity: 0.760956
Wavelength: 1.0000

Test (R-free flags) flag value: 1

Number of work/free reflections by resolution:
                                  work free  %free
  bin  1: 3.9950 - 3.6529 [27/27]   23    4  14.8%
  bin  2: 3.6529 - 3.4043 [16/16]   12    4  25.0%
  bin  3: 3.4043 - 3.2120 [12/12]   12    0   0.0%
  bin  4: 3.2120 - 3.0569 [30/30]   26    4  13.3%
  bin  5: 3.0569 - 2.9280 [14/14]   14    0   0.0%
  bin  6: 2.9280 - 2.8184 [19/19]   19    0   0.0%
  bin  7: 2.8184 - 2.7236 [21/21]   21    0   0.0%
  bin  8: 2.7236 - 2.6403 [22/22]   22    0   0.0%
  bin  9: 2.6403 - 2.5664 [10/10]    6    4  40.0%
  bin 10: 2.5664 - 2.5001 [20/20]   20    0   0.0%
                          overall  175   16   8.4%

                   ----------Processing PDB file(s)----------                  

  Monomer Library directory:
    "/tmp1/m_zhen01/phenix-installer-1.10.1-2155-intel-linux-2.6-x86_64-centos5/phenix-1.10.1-2155/modules/chem_data/mon_lib"
  Total number of atoms: 34
  Number of models: 1
  Model: ""
    Number of chains: 1
    Chain: "A"
      Number of atoms: 34
      Number of conformers: 1
      Conformer: ""
        Number of residues, atoms: 2, 34
          Classifications: {'peptide': 2}
          Modifications used: {'NH2NOTPRO': 1, 'COOH': 1}
          Link IDs: {'TRANS': 1}
  Time building chain proxies: 0.07, per 1000 atoms: 2.06
  Number of scatterers: 34
  At special positions: 0
  Unit cell: (16.777, 9.89, 11.507, 90, 90, 90)
  Space group: P 1 (No. 1)
  Number of sites at special positions: 0
  Number of scattering types: 4
    Type Number    sf(0)
     O       3      8.00
     N       3      7.00
     C      13      6.00
     H      15      1.00
    sf(0) = scattering factor at diffraction angle 0.

  Number of disulfides: simple=0, symmetry=0

  Automatic linking
    Parameters for automatic linking
      Linking & cutoffs
        Metal                : False - 3.50
        Amimo acid           : False - 1.90
        Carbohydrate         : True  - 1.99
        Ligands              : True  - 1.99
        Amino acid - RNA/DNA : False
      
  Number of custom bonds: simple=0, symmetry=0
  Time building additional restraints: 0.02
  Conformation dependent library (CDL) restraints added in 514.0 microseconds
  
  Adding C-beta torsion restraints...
  Number of C-beta restraints generated:  2
  Time building geometry restraints manager: 0.03 seconds

  NOTE: a complete listing of the restraints can be obtained by requesting
        output of .geo file.

  Histogram of bond lengths:
        0.88 -     1.02: 15
        1.02 -     1.15: 0
        1.15 -     1.29: 2
        1.29 -     1.43: 10
        1.43 -     1.56: 8
  Bond restraints: 35
  Sorted by residual:
  bond pdb=" N   GLY A   2 "
       pdb=" H   GLY A   2 "
    ideal  model  delta    sigma   weight residual
    0.860  0.921 -0.061 2.00e-02 2.50e+03 9.32e+00
  bond pdb=" CZ3 TRP A   1 "
       pdb=" HZ3 TRP A   1 "
    ideal  model  delta    sigma   weight residual
    0.930  0.982 -0.052 2.00e-02 2.50e+03 6.85e+00
  bond pdb=" CA  TRP A   1 "
       pdb=" HA  TRP A   1 "
    ideal  model  delta    sigma   weight residual
    0.970  0.923  0.047 2.00e-02 2.50e+03 5.55e+00
  bond pdb=" C   TRP A   1 "
       pdb=" CA  TRP A   1 "
    ideal  model  delta    sigma   weight residual
    1.525  1.563 -0.038 2.10e-02 2.27e+03 3.24e+00
  bond pdb=" C   TRP A   1 "
       pdb=" O   TRP A   1 "
    ideal  model  delta    sigma   weight residual
    1.231  1.267 -0.036 2.00e-02 2.50e+03 3.24e+00
  ... (remaining 30 not shown)

  Histogram of bond angle deviations from ideal:
      103.14 -   108.95: 16
      108.95 -   114.77: 10
      114.77 -   120.59: 14
      120.59 -   126.41: 10
      126.41 -   132.23: 7
  Bond angle restraints: 57
  Sorted by residual:
  angle pdb=" C   TRP A   1 "
        pdb=" N   GLY A   2 "
        pdb=" H   GLY A   2 "
      ideal   model   delta    sigma   weight residual
     124.30  130.66   -6.36 3.00e+00 1.11e-01 4.49e+00
  angle pdb=" CA  GLY A   2 "
        pdb=" N   GLY A   2 "
        pdb=" H   GLY A   2 "
      ideal   model   delta    sigma   weight residual
     114.00  108.05    5.95 3.00e+00 1.11e-01 3.93e+00
  angle pdb=" CG  TRP A   1 "
        pdb=" CD2 TRP A   1 "
        pdb=" CE3 TRP A   1 "
      ideal   model   delta    sigma   weight residual
     133.90  132.23    1.67 1.00e+00 1.00e+00 2.79e+00
  angle pdb=" HB2 TRP A   1 "
        pdb=" CB  TRP A   1 "
        pdb=" CG  TRP A   1 "
      ideal   model   delta    sigma   weight residual
     108.00  103.14    4.86 3.00e+00 1.11e-01 2.63e+00
  angle pdb=" OXT GLY A   2 "
        pdb=" C   GLY A   2 "
        pdb=" CA  GLY A   2 "
      ideal   model   delta    sigma   weight residual
     118.60  114.68    3.92 3.00e+00 1.11e-01 1.71e+00
  ... (remaining 52 not shown)

  Histogram of dihedral angle deviations from ideal:
        0.22 -    35.61: 11
       35.61 -    70.99: 1
       70.99 -   106.37: 0
      106.37 -   141.76: 0
      141.76 -   177.14: 1
  Dihedral angle restraints: 13
    sinusoidal: 3
      harmonic: 10
  Sorted by residual:
  dihedral pdb=" O   GLY A   2 "
           pdb=" C   GLY A   2 "
           pdb=" OXT GLY A   2 "
           pdb=" HXT GLY A   2 "
      ideal   model   delta  harmonic     sigma   weight residual
       0.00 -177.14  177.14     0      3.00e+01 1.11e-03 3.49e+01
  dihedral pdb=" OXT GLY A   2 "
           pdb=" C   GLY A   2 "
           pdb=" CA  GLY A   2 "
           pdb=" N   GLY A   2 "
      ideal   model   delta sinusoidal    sigma   weight residual
     160.00  113.16   46.84     2      3.00e+01 1.11e-03 2.84e+00
  dihedral pdb=" C   TRP A   1 "
           pdb=" N   TRP A   1 "
           pdb=" CA  TRP A   1 "
           pdb=" CB  TRP A   1 "
      ideal   model   delta  harmonic     sigma   weight residual
    -122.60 -120.34   -2.26     0      2.50e+00 1.60e-01 8.18e-01
  ... (remaining 10 not shown)

  Histogram of chiral volume deviations from ideal:
       0.168 -    0.168: 1
       0.168 -    0.168: 0
       0.168 -    0.168: 0
       0.168 -    0.168: 0
       0.168 -    0.168: 0
  Chirality restraints: 1
  Sorted by residual:
  chirality pdb=" CA  TRP A   1 "
            pdb=" C   TRP A   1 "
            pdb=" N   TRP A   1 "
            pdb=" CB  TRP A   1 "
    both_signs  ideal   model   delta    sigma   weight residual
      False     -2.51   -2.68    0.17 2.00e-01 2.50e+01 7.07e-01

  Planarity restraints: 4
  Sorted by residual:
                                 delta    sigma   weight rms_deltas residual
  plane pdb=" CB  TRP A   1 "    0.025 2.00e-02 2.50e+03   1.19e-02 5.68e+00
        pdb=" CG  TRP A   1 "   -0.024 2.00e-02 2.50e+03
        pdb=" CD1 TRP A   1 "   -0.004 2.00e-02 2.50e+03
        pdb=" HD1 TRP A   1 "   -0.009 2.00e-02 2.50e+03
        pdb=" NE1 TRP A   1 "    0.005 2.00e-02 2.50e+03
        pdb=" HE1 TRP A   1 "   -0.003 2.00e-02 2.50e+03
        pdb=" CE2 TRP A   1 "   -0.000 2.00e-02 2.50e+03
        pdb=" CZ2 TRP A   1 "    0.016 2.00e-02 2.50e+03
        pdb=" HZ2 TRP A   1 "    0.007 2.00e-02 2.50e+03
        pdb=" CH2 TRP A   1 "    0.001 2.00e-02 2.50e+03
        pdb=" HH2 TRP A   1 "   -0.008 2.00e-02 2.50e+03
        pdb=" CZ3 TRP A   1 "    0.012 2.00e-02 2.50e+03
        pdb=" HZ3 TRP A   1 "   -0.019 2.00e-02 2.50e+03
        pdb=" CE3 TRP A   1 "    0.004 2.00e-02 2.50e+03
        pdb=" HE3 TRP A   1 "    0.003 2.00e-02 2.50e+03
        pdb=" CD2 TRP A   1 "   -0.006 2.00e-02 2.50e+03
                                 delta    sigma   weight rms_deltas residual
  plane pdb=" C   TRP A   1 "   -0.010 2.00e-02 2.50e+03   1.75e-02 3.05e+00
        pdb=" CA  GLY A   2 "   -0.007 2.00e-02 2.50e+03
        pdb=" N   GLY A   2 "    0.030 2.00e-02 2.50e+03
        pdb=" H   GLY A   2 "   -0.013 2.00e-02 2.50e+03
                                 delta    sigma   weight rms_deltas residual
  plane pdb=" O   GLY A   2 "    0.011 2.00e-02 2.50e+03   1.05e-02 1.38e+00
        pdb=" C   GLY A   2 "   -0.017 2.00e-02 2.50e+03
        pdb=" OXT GLY A   2 "   -0.006 2.00e-02 2.50e+03
        pdb=" HXT GLY A   2 "    0.010 2.00e-02 2.50e+03
        pdb=" CA  GLY A   2 "    0.002 2.00e-02 2.50e+03
  ... (remaining 1 not shown)

  Histogram of nonbonded interaction distances:
        1.90 -     2.50: 17
        2.50 -     3.10: 40
        3.10 -     3.70: 52
        3.70 -     4.30: 50
        4.30 -     4.90: 60
  Nonbonded interactions: 219
  Sorted by model distance:
  nonbonded pdb=" HA  TRP A   1 "
            pdb=" H2  TRP A   1 "
     model   vdw
     1.899 1.816
  nonbonded pdb=" HXT GLY A   2 "
            pdb=" HA1 GLY A   2 "
     model   vdw
     1.995 2.270
  nonbonded pdb=" H1  TRP A   1 "
            pdb=" H   GLY A   2 "
     model   vdw
     2.093 2.100
  nonbonded pdb=" HA2 GLY A   2 "
            pdb=" H   GLY A   2 "
     model   vdw
     2.236 1.816
  nonbonded pdb=" HA  TRP A   1 "
            pdb=" H1  TRP A   1 "
     model   vdw
     2.301 1.816
  ... (remaining 214 not shown)

  NOTE: a complete listing of the restraints can be obtained by requesting
        output of .geo file.

                   ----------xray_structure summary----------                  

Number of scattering types: 4
  Type Number    sf(0)   Gaussians
   O       3      7.97       2
   N       3      6.97       2
   C      13      5.97       2
   H      15      1.00       2
  sf(0) = scattering factor at diffraction angle 0.
Number of scatterers: 34
At special positions: 0
Unit cell: (16.777, 9.89, 11.507, 90, 90, 90)
Space group: P 1 (No. 1)

End of input processing
r_work=0.4630 r_free=0.3162
params.data_weight: 0.0
params.restraints: qm
rmsd(b), start:  0.0827
mc:   0 R: 0.4416 rmsd(b):  0.0273 restraint_scale:  1.0 min_steps: 53
mc:   1 R: 0.3085 rmsd(b):  0.0270 restraint_scale:  1.0 min_steps: 53
mc:   2 R: 0.2429 rmsd(b):  0.0255 restraint_scale:  1.0 min_steps: 52
mc:   3 R: 0.2427 rmsd(b):  0.0256 restraint_scale:  1.0 min_steps: 7
Convergence reached, stop now.
see the result structure:  ./p26/04_results/opt_qm/205_WG05-new/0.6/5.pdb
Time: 158.2121
