phenix.python
you are importing  adaptive calculator, and it does nothing. Please give it energy, force....... 

============================== Collecting inputs ==============================


                   ----------Processing X-ray data----------                   

F-obs:
  /scratch/m_zhen01/31011.lupus.uni-muenster.de/p26/02_mtz/228_GGF08-new.mtz:F-obs
Miller array info: None
Observation type: xray.amplitude
Type of data: double, size=205
Type of sigmas: None
Number of Miller indices: 205
Anomalous flag: False
Unit cell: (15.127, 10.801, 12.687, 90, 90, 90)
Space group: P 1 (No. 1)
Systematic absences: 0
Centric reflections: 0
Resolution range: 3.96812 2.50244
Completeness in resolution range: 1
Completeness with d_max=infinity: 0.756458

Number of F-obs in resolution range:                   205
Number of F-obs<0 (these reflections will be rejected): 0
Number of F-obs=0 (these reflections will be used in refinement): 0
Refinement resolution range: d_max =   3.9681
                             d_min =   2.5024

R-free flags:
  /scratch/m_zhen01/31011.lupus.uni-muenster.de/p26/02_mtz/228_GGF08-new.mtz:R-free-flags
Miller array info: /scratch/m_zhen01/31011.lupus.uni-muenster.de/p26/02_mtz/228_GGF08-new.mtz:R-free-flags
Observation type: None
Type of data: int, size=205
Type of sigmas: None
Number of Miller indices: 205
Anomalous flag: False
Unit cell: (15.127, 10.801, 12.687, 90, 90, 90)
Space group: P 1 (No. 1)
Systematic absences: 0
Centric reflections: 0
Resolution range: 3.96812 2.50244
Completeness in resolution range: 1
Completeness with d_max=infinity: 0.756458
Wavelength: 1.0000

Test (R-free flags) flag value: 1

Number of work/free reflections by resolution:
                                  work free  %free
  bin  1: 3.9681 - 3.6370 [21/21]   19    2   9.5%
  bin  2: 3.6370 - 3.3945 [25/25]   21    4  16.0%
  bin  3: 3.3945 - 3.2060 [16/16]   16    0   0.0%
  bin  4: 3.2060 - 3.0534 [27/27]   27    0   0.0%
  bin  5: 3.0534 - 2.9262 [19/19]   15    4  21.1%
  bin  6: 2.9262 - 2.8179 [22/22]   22    0   0.0%
  bin  7: 2.8179 - 2.7241 [18/18]   18    0   0.0%
  bin  8: 2.7241 - 2.6416 [21/21]   21    0   0.0%
  bin  9: 2.6416 - 2.5682 [26/26]   24    2   7.7%
  bin 10: 2.5682 - 2.5024 [10/10]   10    0   0.0%
                          overall  193   12   5.9%

                   ----------Processing PDB file(s)----------                  

  Monomer Library directory:
    "/tmp1/m_zhen01/phenix-installer-1.10.1-2155-intel-linux-2.6-x86_64-centos5/phenix-1.10.1-2155/modules/chem_data/mon_lib"
  Total number of atoms: 37
  Number of models: 1
  Model: ""
    Number of chains: 1
    Chain: "A"
      Number of atoms: 37
      Number of conformers: 1
      Conformer: ""
        Number of residues, atoms: 3, 37
          Classifications: {'peptide': 3}
          Modifications used: {'NH2NOTPRO': 1, 'COOH': 1}
          Link IDs: {'TRANS': 2}
  Time building chain proxies: 0.07, per 1000 atoms: 1.89
  Number of scatterers: 37
  At special positions: 0
  Unit cell: (15.127, 10.801, 12.687, 90, 90, 90)
  Space group: P 1 (No. 1)
  Number of sites at special positions: 0
  Number of scattering types: 4
    Type Number    sf(0)
     O       4      8.00
     N       3      7.00
     C      13      6.00
     H      17      1.00
    sf(0) = scattering factor at diffraction angle 0.

  Number of disulfides: simple=0, symmetry=0

  Automatic linking
    Parameters for automatic linking
      Linking & cutoffs
        Metal                : False - 3.50
        Amimo acid           : False - 1.90
        Carbohydrate         : True  - 1.99
        Ligands              : True  - 1.99
        Amino acid - RNA/DNA : False
      
  Number of custom bonds: simple=0, symmetry=0
  Time building additional restraints: 0.02
  Conformation dependent library (CDL) restraints added in 3.0 milliseconds
  
  Adding C-beta torsion restraints...
  Number of C-beta restraints generated:  2
  Time building geometry restraints manager: 0.02 seconds

  NOTE: a complete listing of the restraints can be obtained by requesting
        output of .geo file.

  Histogram of bond lengths:
        0.84 -     0.98: 12
        0.98 -     1.11: 5
        1.11 -     1.25: 3
        1.25 -     1.39: 8
        1.39 -     1.53: 9
  Bond restraints: 37
  Sorted by residual:
  bond pdb=" CZ  PHE A   3 "
       pdb=" HZ  PHE A   3 "
    ideal  model  delta    sigma   weight residual
    0.930  0.868  0.062 2.00e-02 2.50e+03 9.67e+00
  bond pdb=" CA  PHE A   3 "
       pdb=" HA  PHE A   3 "
    ideal  model  delta    sigma   weight residual
    0.970  1.025 -0.055 2.00e-02 2.50e+03 7.68e+00
  bond pdb=" CA  PHE A   3 "
       pdb=" N   PHE A   3 "
    ideal  model  delta    sigma   weight residual
    1.458  1.408  0.050 1.90e-02 2.77e+03 6.98e+00
  bond pdb=" N   PHE A   3 "
       pdb=" H   PHE A   3 "
    ideal  model  delta    sigma   weight residual
    0.860  0.911 -0.051 2.00e-02 2.50e+03 6.38e+00
  bond pdb=" CA  GLY A   1 "
       pdb=" N   GLY A   1 "
    ideal  model  delta    sigma   weight residual
    1.451  1.421  0.030 1.60e-02 3.91e+03 3.56e+00
  ... (remaining 32 not shown)

  Histogram of bond angle deviations from ideal:
      102.92 -   107.19: 7
      107.19 -   111.46: 11
      111.46 -   115.74: 8
      115.74 -   120.01: 15
      120.01 -   124.28: 19
  Bond angle restraints: 60
  Sorted by residual:
  angle pdb=" CB  PHE A   3 "
        pdb=" CG  PHE A   3 "
        pdb=" CD2 PHE A   3 "
      ideal   model   delta    sigma   weight residual
     120.70  124.28   -3.58 1.70e+00 3.46e-01 4.43e+00
  angle pdb=" CA  PHE A   3 "
        pdb=" CB  PHE A   3 "
        pdb=" CG  PHE A   3 "
      ideal   model   delta    sigma   weight residual
     113.80  115.78   -1.98 1.00e+00 1.00e+00 3.94e+00
  angle pdb=" CD2 PHE A   3 "
        pdb=" CG  PHE A   3 "
        pdb=" CD1 PHE A   3 "
      ideal   model   delta    sigma   weight residual
     118.60  115.74    2.86 1.50e+00 4.44e-01 3.63e+00
  angle pdb=" O   GLY A   1 "
        pdb=" C   GLY A   1 "
        pdb=" N   GLY A   2 "
      ideal   model   delta    sigma   weight residual
     123.00  119.97    3.03 1.60e+00 3.91e-01 3.59e+00
  angle pdb=" HA2 GLY A   1 "
        pdb=" CA  GLY A   1 "
        pdb=" N   GLY A   1 "
      ideal   model   delta    sigma   weight residual
     110.00  104.70    5.30 3.00e+00 1.11e-01 3.12e+00
  ... (remaining 55 not shown)

  Histogram of dihedral angle deviations from ideal:
        0.69 -     6.16: 12
        6.16 -    11.62: 0
       11.62 -    17.09: 0
       17.09 -    22.56: 0
       22.56 -    28.02: 1
  Dihedral angle restraints: 13
    sinusoidal: 3
      harmonic: 10
  Sorted by residual:
  dihedral pdb=" OXT PHE A   3 "
           pdb=" C   PHE A   3 "
           pdb=" CA  PHE A   3 "
           pdb=" N   PHE A   3 "
      ideal   model   delta sinusoidal    sigma   weight residual
     160.00  131.98   28.02     2      3.00e+01 1.11e-03 1.18e+00
  dihedral pdb=" CA  GLY A   1 "
           pdb=" C   GLY A   1 "
           pdb=" N   GLY A   2 "
           pdb=" CA  GLY A   2 "
      ideal   model   delta  harmonic     sigma   weight residual
     180.00 -175.01   -4.99     0      5.00e+00 4.00e-02 9.97e-01
  dihedral pdb=" CA  GLY A   2 "
           pdb=" C   GLY A   2 "
           pdb=" N   PHE A   3 "
           pdb=" CA  PHE A   3 "
      ideal   model   delta  harmonic     sigma   weight residual
     180.00  177.11    2.89     0      5.00e+00 4.00e-02 3.33e-01
  ... (remaining 10 not shown)

  Histogram of chiral volume deviations from ideal:
       0.056 -    0.056: 1
       0.056 -    0.056: 0
       0.056 -    0.056: 0
       0.056 -    0.056: 0
       0.056 -    0.056: 0
  Chirality restraints: 1
  Sorted by residual:
  chirality pdb=" CA  PHE A   3 "
            pdb=" C   PHE A   3 "
            pdb=" N   PHE A   3 "
            pdb=" CB  PHE A   3 "
    both_signs  ideal   model   delta    sigma   weight residual
      False     -2.51   -2.45   -0.06 2.00e-01 2.50e+01 7.78e-02

  Planarity restraints: 6
  Sorted by residual:
                                 delta    sigma   weight rms_deltas residual
  plane pdb=" CB  PHE A   3 "   -0.022 2.00e-02 2.50e+03   1.36e-02 5.57e+00
        pdb=" CG  PHE A   3 "    0.003 2.00e-02 2.50e+03
        pdb=" CD2 PHE A   3 "    0.004 2.00e-02 2.50e+03
        pdb=" HD2 PHE A   3 "    0.022 2.00e-02 2.50e+03
        pdb=" CE2 PHE A   3 "   -0.001 2.00e-02 2.50e+03
        pdb=" HE2 PHE A   3 "   -0.022 2.00e-02 2.50e+03
        pdb=" CZ  PHE A   3 "    0.020 2.00e-02 2.50e+03
        pdb=" HZ  PHE A   3 "   -0.005 2.00e-02 2.50e+03
        pdb=" CE1 PHE A   3 "    0.003 2.00e-02 2.50e+03
        pdb=" HE1 PHE A   3 "   -0.011 2.00e-02 2.50e+03
        pdb=" CD1 PHE A   3 "   -0.004 2.00e-02 2.50e+03
        pdb=" HD1 PHE A   3 "    0.013 2.00e-02 2.50e+03
                                 delta    sigma   weight rms_deltas residual
  plane pdb=" O   PHE A   3 "    0.002 2.00e-02 2.50e+03   9.41e-03 1.11e+00
        pdb=" C   PHE A   3 "    0.007 2.00e-02 2.50e+03
        pdb=" OXT PHE A   3 "    0.012 2.00e-02 2.50e+03
        pdb=" HXT PHE A   3 "   -0.013 2.00e-02 2.50e+03
        pdb=" CA  PHE A   3 "   -0.008 2.00e-02 2.50e+03
                                 delta    sigma   weight rms_deltas residual
  plane pdb=" C   GLY A   1 "    0.004 2.00e-02 2.50e+03   7.49e-03 5.60e-01
        pdb=" CA  GLY A   2 "    0.003 2.00e-02 2.50e+03
        pdb=" N   GLY A   2 "   -0.013 2.00e-02 2.50e+03
        pdb=" H   GLY A   2 "    0.006 2.00e-02 2.50e+03
  ... (remaining 3 not shown)

  Histogram of nonbonded interaction distances:
        2.21 -     2.75: 48
        2.75 -     3.29: 49
        3.29 -     3.82: 52
        3.82 -     4.36: 58
        4.36 -     4.90: 77
  Nonbonded interactions: 284
  Sorted by model distance:
  nonbonded pdb=" HA2 GLY A   2 "
            pdb=" H   GLY A   2 "
     model   vdw
     2.211 1.816
  nonbonded pdb=" HE1 PHE A   3 "
            pdb=" HD1 PHE A   3 "
     model   vdw
     2.253 1.680
  nonbonded pdb=" HA1 GLY A   1 "
            pdb=" H1  GLY A   1 "
     model   vdw
     2.258 1.816
  nonbonded pdb=" HA  PHE A   3 "
            pdb=" HB1 PHE A   3 "
     model   vdw
     2.262 1.952
  nonbonded pdb=" HZ  PHE A   3 "
            pdb=" HE1 PHE A   3 "
     model   vdw
     2.264 1.680
  ... (remaining 279 not shown)

  NOTE: a complete listing of the restraints can be obtained by requesting
        output of .geo file.

                   ----------xray_structure summary----------                  

Number of scattering types: 4
  Type Number    sf(0)   Gaussians
   O       4      7.97       2
   N       3      6.97       2
   C      13      5.97       2
   H      17      1.00       2
  sf(0) = scattering factor at diffraction angle 0.
Number of scatterers: 37
At special positions: 0
Unit cell: (15.127, 10.801, 12.687, 90, 90, 90)
Space group: P 1 (No. 1)

End of input processing
r_work=0.5605 r_free=0.3285
params.data_weight: None
params.restraints: qm
rmsd(b), start:  0.0893
mc:   0 R: 0.2488 rmsd(b):  0.2328 restraint_scale:  2.0 min_steps: 40
mc:   1 R: 0.0963 rmsd(b):  0.1997 restraint_scale:  4.0 min_steps: 39
mc:   2 R: 0.0491 rmsd(b):  0.2325 restraint_scale:  8.0 min_steps: 19
mc:   3 R: 0.0257 rmsd(b):  0.2250 restraint_scale: 16.0 min_steps: 24
mc:   4 R: 0.0171 rmsd(b):  0.2173 restraint_scale: 32.0 min_steps: 14
mc:   5 R: 0.0180 rmsd(b):  0.2175 restraint_scale: 64.0 min_steps: 10
Convergence reached, stop now.
see the result structure:  ./p26/04_results/refine_qm/228_GGF08-new/0.9/7.pdb
Time: 239.0023
