phenix.python
you are importing  adaptive calculator, and it does nothing. Please give it energy, force....... 

============================== Collecting inputs ==============================


                   ----------Processing X-ray data----------                   

F-obs:
  /scratch/m_zhen01/30993.lupus.uni-muenster.de/p26/02_mtz/237_GFA07-new.mtz:F-obs
Miller array info: None
Observation type: xray.amplitude
Type of data: double, size=243
Type of sigmas: None
Number of Miller indices: 243
Anomalous flag: False
Unit cell: (12.325, 10.728, 17.485, 90, 90, 90)
Space group: P 1 (No. 1)
Systematic absences: 0
Centric reflections: 0
Resolution range: 3.99942 2.50022
Completeness in resolution range: 1
Completeness with d_max=infinity: 0.773885

Number of F-obs in resolution range:                   243
Number of F-obs<0 (these reflections will be rejected): 0
Number of F-obs=0 (these reflections will be used in refinement): 0
Refinement resolution range: d_max =   3.9994
                             d_min =   2.5002

R-free flags:
  /scratch/m_zhen01/30993.lupus.uni-muenster.de/p26/02_mtz/237_GFA07-new.mtz:R-free-flags
Miller array info: /scratch/m_zhen01/30993.lupus.uni-muenster.de/p26/02_mtz/237_GFA07-new.mtz:R-free-flags
Observation type: None
Type of data: int, size=243
Type of sigmas: None
Number of Miller indices: 243
Anomalous flag: False
Unit cell: (12.325, 10.728, 17.485, 90, 90, 90)
Space group: P 1 (No. 1)
Systematic absences: 0
Centric reflections: 0
Resolution range: 3.99942 2.50022
Completeness in resolution range: 1
Completeness with d_max=infinity: 0.773885
Wavelength: 1.0000

Test (R-free flags) flag value: 1

Number of work/free reflections by resolution:
                                  work free  %free
  bin  1: 3.9994 - 3.6558 [32/32]   30    2   6.2%
  bin  2: 3.6558 - 3.4063 [12/12]   12    0   0.0%
  bin  3: 3.4063 - 3.2134 [28/28]   24    4  14.3%
  bin  4: 3.2134 - 3.0579 [19/19]   19    0   0.0%
  bin  5: 3.0579 - 2.9287 [28/28]   26    2   7.1%
  bin  6: 2.9287 - 2.8189 [29/29]   28    1   3.4%
  bin  7: 2.8189 - 2.7239 [18/18]   18    0   0.0%
  bin  8: 2.7239 - 2.6406 [25/25]   25    0   0.0%
  bin  9: 2.6406 - 2.5666 [24/24]   24    0   0.0%
  bin 10: 2.5666 - 2.5002 [28/28]   26    2   7.1%
                          overall  232   11   4.5%

                   ----------Processing PDB file(s)----------                  

  Monomer Library directory:
    "/tmp1/m_zhen01/phenix-installer-1.10.1-2155-intel-linux-2.6-x86_64-centos5/phenix-1.10.1-2155/modules/chem_data/mon_lib"
  Total number of atoms: 40
  Number of models: 1
  Model: ""
    Number of chains: 1
    Chain: "A"
      Number of atoms: 40
      Number of conformers: 1
      Conformer: ""
        Number of residues, atoms: 3, 40
          Classifications: {'peptide': 3}
          Modifications used: {'NH2NOTPRO': 1, 'COOH': 1}
          Link IDs: {'TRANS': 2}
  Time building chain proxies: 0.08, per 1000 atoms: 2.00
  Number of scatterers: 40
  At special positions: 0
  Unit cell: (12.325, 10.728, 17.485, 90, 90, 90)
  Space group: P 1 (No. 1)
  Number of sites at special positions: 0
  Number of scattering types: 4
    Type Number    sf(0)
     O       4      8.00
     N       3      7.00
     C      14      6.00
     H      19      1.00
    sf(0) = scattering factor at diffraction angle 0.

  Number of disulfides: simple=0, symmetry=0

  Automatic linking
    Parameters for automatic linking
      Linking & cutoffs
        Metal                : False - 3.50
        Amimo acid           : False - 1.90
        Carbohydrate         : True  - 1.99
        Ligands              : True  - 1.99
        Amino acid - RNA/DNA : False
      
  Number of custom bonds: simple=0, symmetry=0
  Time building additional restraints: 0.03
  Conformation dependent library (CDL) restraints added in 3.3 milliseconds
  
  Adding C-beta torsion restraints...
  Number of C-beta restraints generated:  4
  Time building geometry restraints manager: 0.03 seconds

  NOTE: a complete listing of the restraints can be obtained by requesting
        output of .geo file.

  Histogram of bond lengths:
        0.84 -     0.98: 17
        0.98 -     1.12: 2
        1.12 -     1.26: 3
        1.26 -     1.40: 9
        1.40 -     1.54: 9
  Bond restraints: 40
  Sorted by residual:
  bond pdb=" CA  PHE A   2 "
       pdb=" HA  PHE A   2 "
    ideal  model  delta    sigma   weight residual
    0.970  1.037 -0.067 2.00e-02 2.50e+03 1.13e+01
  bond pdb=" CB  ALA A   3 "
       pdb=" HB2 ALA A   3 "
    ideal  model  delta    sigma   weight residual
    0.970  0.927  0.043 2.00e-02 2.50e+03 4.71e+00
  bond pdb=" CB  PHE A   2 "
       pdb=" CG  PHE A   2 "
    ideal  model  delta    sigma   weight residual
    1.502  1.463  0.039 2.30e-02 1.89e+03 2.95e+00
  bond pdb=" OXT ALA A   3 "
       pdb=" HXT ALA A   3 "
    ideal  model  delta    sigma   weight residual
    0.948  0.915  0.033 2.00e-02 2.50e+03 2.77e+00
  bond pdb=" C   PHE A   2 "
       pdb=" N   ALA A   3 "
    ideal  model  delta    sigma   weight residual
    1.329  1.352 -0.023 1.40e-02 5.10e+03 2.68e+00
  ... (remaining 35 not shown)

  Histogram of bond angle deviations from ideal:
      102.70 -   107.35: 5
      107.35 -   112.01: 27
      112.01 -   116.67: 6
      116.67 -   121.32: 15
      121.32 -   125.98: 13
  Bond angle restraints: 66
  Sorted by residual:
  angle pdb=" CA  GLY A   1 "
        pdb=" C   GLY A   1 "
        pdb=" N   PHE A   2 "
      ideal   model   delta    sigma   weight residual
     116.20  111.09    5.11 2.00e+00 2.50e-01 6.53e+00
  angle pdb=" CG  PHE A   2 "
        pdb=" CB  PHE A   2 "
        pdb=" CA  PHE A   2 "
      ideal   model   delta    sigma   weight residual
     113.80  116.02   -2.22 1.00e+00 1.00e+00 4.91e+00
  angle pdb=" O   PHE A   2 "
        pdb=" C   PHE A   2 "
        pdb=" CA  PHE A   2 "
      ideal   model   delta    sigma   weight residual
     120.89  123.30   -2.41 1.27e+00 6.20e-01 3.60e+00
  angle pdb=" O   GLY A   1 "
        pdb=" C   GLY A   1 "
        pdb=" N   PHE A   2 "
      ideal   model   delta    sigma   weight residual
     123.00  125.98   -2.98 1.60e+00 3.91e-01 3.46e+00
  angle pdb=" C   GLY A   1 "
        pdb=" CA  GLY A   1 "
        pdb=" N   GLY A   1 "
      ideal   model   delta    sigma   weight residual
     113.30  108.12    5.18 2.90e+00 1.19e-01 3.19e+00
  ... (remaining 61 not shown)

  Histogram of dihedral angle deviations from ideal:
        0.02 -    35.89: 14
       35.89 -    71.75: 1
       71.75 -   107.62: 0
      107.62 -   143.48: 0
      143.48 -   179.35: 1
  Dihedral angle restraints: 16
    sinusoidal: 4
      harmonic: 12
  Sorted by residual:
  dihedral pdb=" O   ALA A   3 "
           pdb=" C   ALA A   3 "
           pdb=" OXT ALA A   3 "
           pdb=" HXT ALA A   3 "
      ideal   model   delta  harmonic     sigma   weight residual
       0.00 -179.35  179.35     0      3.00e+01 1.11e-03 3.57e+01
  dihedral pdb=" CA  GLY A   1 "
           pdb=" C   GLY A   1 "
           pdb=" N   PHE A   2 "
           pdb=" CA  PHE A   2 "
      ideal   model   delta  harmonic     sigma   weight residual
     180.00  168.03   11.97     0      5.00e+00 4.00e-02 5.73e+00
  dihedral pdb=" OXT ALA A   3 "
           pdb=" C   ALA A   3 "
           pdb=" CA  ALA A   3 "
           pdb=" N   ALA A   3 "
      ideal   model   delta sinusoidal    sigma   weight residual
     160.00 -148.97  -51.03     2      3.00e+01 1.11e-03 3.22e+00
  ... (remaining 13 not shown)

  Histogram of chiral volume deviations from ideal:
       0.079 -    0.082: 1
       0.082 -    0.086: 0
       0.086 -    0.089: 0
       0.089 -    0.093: 0
       0.093 -    0.096: 1
  Chirality restraints: 2
  Sorted by residual:
  chirality pdb=" CA  ALA A   3 "
            pdb=" C   ALA A   3 "
            pdb=" CB  ALA A   3 "
            pdb=" N   ALA A   3 "
    both_signs  ideal   model   delta    sigma   weight residual
      False      2.48    2.58   -0.10 2.00e-01 2.50e+01 2.32e-01
  chirality pdb=" CA  PHE A   2 "
            pdb=" CB  PHE A   2 "
            pdb=" C   PHE A   2 "
            pdb=" N   PHE A   2 "
    both_signs  ideal   model   delta    sigma   weight residual
      False     -2.51   -2.59    0.08 2.00e-01 2.50e+01 1.55e-01

  Planarity restraints: 6
  Sorted by residual:
                                 delta    sigma   weight rms_deltas residual
  plane pdb=" CB  PHE A   2 "   -0.027 2.00e-02 2.50e+03   1.65e-02 8.18e+00
        pdb=" CG  PHE A   2 "    0.016 2.00e-02 2.50e+03
        pdb=" CD1 PHE A   2 "    0.011 2.00e-02 2.50e+03
        pdb=" HD1 PHE A   2 "    0.005 2.00e-02 2.50e+03
        pdb=" CE1 PHE A   2 "   -0.002 2.00e-02 2.50e+03
        pdb=" HE1 PHE A   2 "    0.011 2.00e-02 2.50e+03
        pdb=" CZ  PHE A   2 "   -0.010 2.00e-02 2.50e+03
        pdb=" HZ  PHE A   2 "   -0.033 2.00e-02 2.50e+03
        pdb=" CE2 PHE A   2 "    0.027 2.00e-02 2.50e+03
        pdb=" HE2 PHE A   2 "    0.010 2.00e-02 2.50e+03
        pdb=" CD2 PHE A   2 "   -0.007 2.00e-02 2.50e+03
        pdb=" HD2 PHE A   2 "   -0.000 2.00e-02 2.50e+03
                                 delta    sigma   weight rms_deltas residual
  plane pdb=" C   PHE A   2 "   -0.020 2.00e-02 2.50e+03   1.15e-02 1.33e+00
        pdb=" O   PHE A   2 "    0.008 2.00e-02 2.50e+03
        pdb=" CA  PHE A   2 "    0.006 2.00e-02 2.50e+03
        pdb=" N   ALA A   3 "    0.006 2.00e-02 2.50e+03
                                 delta    sigma   weight rms_deltas residual
  plane pdb=" O   ALA A   3 "    0.004 2.00e-02 2.50e+03   5.73e-03 4.11e-01
        pdb=" C   ALA A   3 "   -0.011 2.00e-02 2.50e+03
        pdb=" OXT ALA A   3 "    0.004 2.00e-02 2.50e+03
        pdb=" HXT ALA A   3 "    0.000 2.00e-02 2.50e+03
        pdb=" CA  ALA A   3 "    0.003 2.00e-02 2.50e+03
  ... (remaining 3 not shown)

  Histogram of nonbonded interaction distances:
        2.03 -     2.60: 30
        2.60 -     3.18: 57
        3.18 -     3.75: 65
        3.75 -     4.32: 63
        4.32 -     4.90: 67
  Nonbonded interactions: 282
  Sorted by model distance:
  nonbonded pdb=" HA2 GLY A   1 "
            pdb=" H2  GLY A   1 "
     model   vdw
     2.031 1.816
  nonbonded pdb=" HA1 GLY A   1 "
            pdb=" H   PHE A   2 "
     model   vdw
     2.076 2.270
  nonbonded pdb=" HXT ALA A   3 "
            pdb=" HB3 ALA A   3 "
     model   vdw
     2.117 2.270
  nonbonded pdb=" HA1 GLY A   1 "
            pdb=" H1  GLY A   1 "
     model   vdw
     2.118 1.816
  nonbonded pdb=" HE1 PHE A   2 "
            pdb=" HZ  PHE A   2 "
     model   vdw
     2.213 1.680
  ... (remaining 277 not shown)

  NOTE: a complete listing of the restraints can be obtained by requesting
        output of .geo file.

                   ----------xray_structure summary----------                  

Number of scattering types: 4
  Type Number    sf(0)   Gaussians
   O       4      7.97       2
   N       3      6.97       2
   C      14      5.97       2
   H      19      1.00       2
  sf(0) = scattering factor at diffraction angle 0.
Number of scatterers: 40
At special positions: 0
Unit cell: (12.325, 10.728, 17.485, 90, 90, 90)
Space group: P 1 (No. 1)

End of input processing
r_work=0.5226 r_free=0.6452
params.data_weight: 0.0
params.restraints: cctbx
rmsd(b), start:  0.0924
mc:   0 R: 0.5178 rmsd(b):  0.0022 restraint_scale:  1.0 min_steps: 55
mc:   1 R: 0.5196 rmsd(b):  0.0014 restraint_scale:  1.0 min_steps: 52
mc:   2 R: 0.5252 rmsd(b):  0.0006 restraint_scale:  1.0 min_steps: 53
mc:   3 R: 0.5227 rmsd(b):  0.0006 restraint_scale:  1.0 min_steps: 52
mc:   4 R: 0.5235 rmsd(b):  0.0007 restraint_scale:  1.0 min_steps: 54
mc:   5 R: 0.5222 rmsd(b):  0.0005 restraint_scale:  1.0 min_steps: 54
mc:   6 R: 0.5223 rmsd(b):  0.0005 restraint_scale:  1.0 min_steps: 57
mc:   7 R: 0.5208 rmsd(b):  0.0005 restraint_scale:  1.0 min_steps: 53
mc:   8 R: 0.5183 rmsd(b):  0.0005 restraint_scale:  1.0 min_steps: 54
mc:   9 R: 0.5177 rmsd(b):  0.0005 restraint_scale:  1.0 min_steps: 54
Convergence reached, stop now.
see the result structure:  ./p26/04_results/opt_cctbx/237_GFA07-new/0.9/4.pdb
Time: 6.7579
