phenix.python
you are importing  adaptive calculator, and it does nothing. Please give it energy, force....... 

============================== Collecting inputs ==============================


                   ----------Processing X-ray data----------                   

F-obs:
  /scratch/m_zhen01/30995.lupus.uni-muenster.de/p26/02_mtz/232_GGF06-new.mtz:F-obs
Miller array info: None
Observation type: xray.amplitude
Type of data: double, size=198
Type of sigmas: None
Number of Miller indices: 198
Anomalous flag: False
Unit cell: (10.757, 11.889, 14.726, 90, 90, 90)
Space group: P 1 (No. 1)
Systematic absences: 0
Centric reflections: 0
Resolution range: 3.9883 2.50081
Completeness in resolution range: 1
Completeness with d_max=infinity: 0.764479

Number of F-obs in resolution range:                   198
Number of F-obs<0 (these reflections will be rejected): 0
Number of F-obs=0 (these reflections will be used in refinement): 0
Refinement resolution range: d_max =   3.9883
                             d_min =   2.5008

R-free flags:
  /scratch/m_zhen01/30995.lupus.uni-muenster.de/p26/02_mtz/232_GGF06-new.mtz:R-free-flags
Miller array info: /scratch/m_zhen01/30995.lupus.uni-muenster.de/p26/02_mtz/232_GGF06-new.mtz:R-free-flags
Observation type: None
Type of data: int, size=198
Type of sigmas: None
Number of Miller indices: 198
Anomalous flag: False
Unit cell: (10.757, 11.889, 14.726, 90, 90, 90)
Space group: P 1 (No. 1)
Systematic absences: 0
Centric reflections: 0
Resolution range: 3.9883 2.50081
Completeness in resolution range: 1
Completeness with d_max=infinity: 0.764479
Wavelength: 1.0000

Test (R-free flags) flag value: 1

Number of work/free reflections by resolution:
                                  work free  %free
  bin  1: 3.9883 - 3.6491 [14/14]   12    2  14.3%
  bin  2: 3.6491 - 3.4020 [29/29]   29    0   0.0%
  bin  3: 3.4020 - 3.2106 [14/14]   14    0   0.0%
  bin  4: 3.2106 - 3.0561 [20/20]   16    4  20.0%
  bin  5: 3.0561 - 2.9277 [20/20]   20    0   0.0%
  bin  6: 2.9277 - 2.8184 [18/18]   18    0   0.0%
  bin  7: 2.8184 - 2.7238 [14/14]   10    4  28.6%
  bin  8: 2.7238 - 2.6407 [19/19]   19    0   0.0%
  bin  9: 2.6407 - 2.5670 [26/26]   26    0   0.0%
  bin 10: 2.5670 - 2.5008 [24/24]   20    4  16.7%
                          overall  184   14   7.1%

                   ----------Processing PDB file(s)----------                  

  Monomer Library directory:
    "/tmp1/m_zhen01/phenix-installer-1.10.1-2155-intel-linux-2.6-x86_64-centos5/phenix-1.10.1-2155/modules/chem_data/mon_lib"
  Total number of atoms: 37
  Number of models: 1
  Model: ""
    Number of chains: 1
    Chain: "A"
      Number of atoms: 37
      Number of conformers: 1
      Conformer: ""
        Number of residues, atoms: 3, 37
          Classifications: {'peptide': 3}
          Modifications used: {'NH2NOTPRO': 1, 'COOH': 1}
          Link IDs: {'TRANS': 2}
  Time building chain proxies: 0.07, per 1000 atoms: 1.89
  Number of scatterers: 37
  At special positions: 0
  Unit cell: (10.757, 11.889, 14.726, 90, 90, 90)
  Space group: P 1 (No. 1)
  Number of sites at special positions: 0
  Number of scattering types: 4
    Type Number    sf(0)
     O       4      8.00
     N       3      7.00
     C      13      6.00
     H      17      1.00
    sf(0) = scattering factor at diffraction angle 0.

  Number of disulfides: simple=0, symmetry=0

  Automatic linking
    Parameters for automatic linking
      Linking & cutoffs
        Metal                : False - 3.50
        Amimo acid           : False - 1.90
        Carbohydrate         : True  - 1.99
        Ligands              : True  - 1.99
        Amino acid - RNA/DNA : False
      
  Number of custom bonds: simple=0, symmetry=0
  Time building additional restraints: 0.02
  Conformation dependent library (CDL) restraints added in 2.5 milliseconds
  
  Adding C-beta torsion restraints...
  Number of C-beta restraints generated:  2
  Time building geometry restraints manager: 0.03 seconds

  NOTE: a complete listing of the restraints can be obtained by requesting
        output of .geo file.

  Histogram of bond lengths:
        0.84 -     0.98: 16
        0.98 -     1.12: 1
        1.12 -     1.26: 3
        1.26 -     1.40: 9
        1.40 -     1.54: 8
  Bond restraints: 37
  Sorted by residual:
  bond pdb=" CD2 PHE A   3 "
       pdb=" HD2 PHE A   3 "
    ideal  model  delta    sigma   weight residual
    0.930  0.972 -0.042 2.00e-02 2.50e+03 4.44e+00
  bond pdb=" C   GLY A   2 "
       pdb=" N   PHE A   3 "
    ideal  model  delta    sigma   weight residual
    1.329  1.302  0.027 1.40e-02 5.10e+03 3.80e+00
  bond pdb=" CA  GLY A   1 "
       pdb=" N   GLY A   1 "
    ideal  model  delta    sigma   weight residual
    1.451  1.426  0.025 1.60e-02 3.91e+03 2.35e+00
  bond pdb=" CE1 PHE A   3 "
       pdb=" HE1 PHE A   3 "
    ideal  model  delta    sigma   weight residual
    0.930  0.960 -0.030 2.00e-02 2.50e+03 2.19e+00
  bond pdb=" CG  PHE A   3 "
       pdb=" CD1 PHE A   3 "
    ideal  model  delta    sigma   weight residual
    1.384  1.355  0.029 2.10e-02 2.27e+03 1.87e+00
  ... (remaining 32 not shown)

  Histogram of bond angle deviations from ideal:
      102.47 -   107.08: 5
      107.08 -   111.68: 15
      111.68 -   116.29: 11
      116.29 -   120.89: 15
      120.89 -   125.50: 14
  Bond angle restraints: 60
  Sorted by residual:
  angle pdb=" C   PHE A   3 "
        pdb=" CA  PHE A   3 "
        pdb=" HA  PHE A   3 "
      ideal   model   delta    sigma   weight residual
     109.00  102.47    6.53 3.00e+00 1.11e-01 4.73e+00
  angle pdb=" C   GLY A   1 "
        pdb=" CA  GLY A   1 "
        pdb=" N   GLY A   1 "
      ideal   model   delta    sigma   weight residual
     113.30  107.28    6.02 2.90e+00 1.19e-01 4.31e+00
  angle pdb=" HB2 PHE A   3 "
        pdb=" CB  PHE A   3 "
        pdb=" CG  PHE A   3 "
      ideal   model   delta    sigma   weight residual
     108.00  102.48    5.52 3.00e+00 1.11e-01 3.39e+00
  angle pdb=" C   PHE A   3 "
        pdb=" CA  PHE A   3 "
        pdb=" N   PHE A   3 "
      ideal   model   delta    sigma   weight residual
     111.00  116.14   -5.14 2.80e+00 1.28e-01 3.38e+00
  angle pdb=" CA  GLY A   1 "
        pdb=" C   GLY A   1 "
        pdb=" N   GLY A   2 "
      ideal   model   delta    sigma   weight residual
     116.20  112.62    3.58 2.00e+00 2.50e-01 3.20e+00
  ... (remaining 55 not shown)

  Histogram of dihedral angle deviations from ideal:
        0.05 -    35.95: 10
       35.95 -    71.86: 2
       71.86 -   107.77: 0
      107.77 -   143.67: 0
      143.67 -   179.58: 1
  Dihedral angle restraints: 13
    sinusoidal: 3
      harmonic: 10
  Sorted by residual:
  dihedral pdb=" O   PHE A   3 "
           pdb=" C   PHE A   3 "
           pdb=" OXT PHE A   3 "
           pdb=" HXT PHE A   3 "
      ideal   model   delta  harmonic     sigma   weight residual
       0.00 -179.58  179.58     0      3.00e+01 1.11e-03 3.58e+01
  dihedral pdb=" N   PHE A   3 "
           pdb=" CA  PHE A   3 "
           pdb=" CB  PHE A   3 "
           pdb=" CG  PHE A   3 "
      ideal   model   delta sinusoidal    sigma   weight residual
     -60.00  -98.20   38.20     3      1.50e+01 4.44e-03 6.71e+00
  dihedral pdb=" OXT PHE A   3 "
           pdb=" C   PHE A   3 "
           pdb=" CA  PHE A   3 "
           pdb=" N   PHE A   3 "
      ideal   model   delta sinusoidal    sigma   weight residual
     -20.00   31.85  -51.85     2      3.00e+01 1.11e-03 3.30e+00
  ... (remaining 10 not shown)

  Histogram of chiral volume deviations from ideal:
       0.093 -    0.093: 1
       0.093 -    0.093: 0
       0.093 -    0.093: 0
       0.093 -    0.093: 0
       0.093 -    0.093: 0
  Chirality restraints: 1
  Sorted by residual:
  chirality pdb=" CA  PHE A   3 "
            pdb=" C   PHE A   3 "
            pdb=" N   PHE A   3 "
            pdb=" CB  PHE A   3 "
    both_signs  ideal   model   delta    sigma   weight residual
      False     -2.51   -2.42   -0.09 2.00e-01 2.50e+01 2.17e-01

  Planarity restraints: 6
  Sorted by residual:
                                 delta    sigma   weight rms_deltas residual
  plane pdb=" CB  PHE A   3 "    0.025 2.00e-02 2.50e+03   1.98e-02 1.18e+01
        pdb=" CG  PHE A   3 "   -0.018 2.00e-02 2.50e+03
        pdb=" CD1 PHE A   3 "   -0.026 2.00e-02 2.50e+03
        pdb=" HD1 PHE A   3 "   -0.014 2.00e-02 2.50e+03
        pdb=" CE1 PHE A   3 "    0.011 2.00e-02 2.50e+03
        pdb=" HE1 PHE A   3 "    0.031 2.00e-02 2.50e+03
        pdb=" CZ  PHE A   3 "   -0.013 2.00e-02 2.50e+03
        pdb=" HZ  PHE A   3 "    0.012 2.00e-02 2.50e+03
        pdb=" CE2 PHE A   3 "   -0.028 2.00e-02 2.50e+03
        pdb=" HE2 PHE A   3 "    0.004 2.00e-02 2.50e+03
        pdb=" CD2 PHE A   3 "   -0.009 2.00e-02 2.50e+03
        pdb=" HD2 PHE A   3 "    0.025 2.00e-02 2.50e+03
                                 delta    sigma   weight rms_deltas residual
  plane pdb=" O   PHE A   3 "    0.004 2.00e-02 2.50e+03   1.33e-02 2.21e+00
        pdb=" C   PHE A   3 "   -0.021 2.00e-02 2.50e+03
        pdb=" OXT PHE A   3 "    0.017 2.00e-02 2.50e+03
        pdb=" HXT PHE A   3 "   -0.008 2.00e-02 2.50e+03
        pdb=" CA  PHE A   3 "    0.009 2.00e-02 2.50e+03
                                 delta    sigma   weight rms_deltas residual
  plane pdb=" C   GLY A   1 "   -0.023 2.00e-02 2.50e+03   1.30e-02 1.70e+00
        pdb=" O   GLY A   1 "    0.009 2.00e-02 2.50e+03
        pdb=" CA  GLY A   1 "    0.006 2.00e-02 2.50e+03
        pdb=" N   GLY A   2 "    0.008 2.00e-02 2.50e+03
  ... (remaining 3 not shown)

  Histogram of nonbonded interaction distances:
        2.09 -     2.65: 38
        2.65 -     3.21: 44
        3.21 -     3.77: 54
        3.77 -     4.33: 44
        4.33 -     4.89: 81
  Nonbonded interactions: 261
  Sorted by model distance:
  nonbonded pdb=" HA1 GLY A   2 "
            pdb=" H   GLY A   2 "
     model   vdw
     2.091 1.816
  nonbonded pdb=" HA1 GLY A   2 "
            pdb=" H   PHE A   3 "
     model   vdw
     2.155 2.270
  nonbonded pdb=" O   PHE A   3 "
            pdb=" HB2 PHE A   3 "
     model   vdw
     2.175 2.740
  nonbonded pdb=" HA1 GLY A   1 "
            pdb=" H2  GLY A   1 "
     model   vdw
     2.208 1.816
  nonbonded pdb=" HA1 GLY A   1 "
            pdb=" H   GLY A   2 "
     model   vdw
     2.217 2.270
  ... (remaining 256 not shown)

  NOTE: a complete listing of the restraints can be obtained by requesting
        output of .geo file.

                   ----------xray_structure summary----------                  

Number of scattering types: 4
  Type Number    sf(0)   Gaussians
   O       4      7.97       2
   N       3      6.97       2
   C      13      5.97       2
   H      17      1.00       2
  sf(0) = scattering factor at diffraction angle 0.
Number of scatterers: 37
At special positions: 0
Unit cell: (10.757, 11.889, 14.726, 90, 90, 90)
Space group: P 1 (No. 1)

End of input processing
r_work=0.5317 r_free=0.6804
params.data_weight: None
params.restraints: cctbx
rmsd(b), start:  0.0861
mc:   0 R: 0.4102 rmsd(b):  0.6668 restraint_scale:  2.0 min_steps: 49
mc:   1 R: 0.5337 rmsd(b):  0.0027 restraint_scale:  1.0 min_steps: 55
mc:   2 R: 0.5272 rmsd(b):  0.0026 restraint_scale:  0.5 min_steps: 52
mc:   3 R: 0.3490 rmsd(b):  0.2848 restraint_scale:  1.0 min_steps: 53
mc:   4 R: 0.4169 rmsd(b):  0.2969 restraint_scale:  2.0 min_steps: 16
mc:   5 R: 0.5305 rmsd(b):  0.0046 restraint_scale:  1.0 min_steps: 51
mc:   6 R: 0.3459 rmsd(b):  0.2338 restraint_scale:  2.0 min_steps: 24
mc:   7 R: 0.3690 rmsd(b):  0.1802 restraint_scale:  4.0 min_steps: 20
mc:   8 R: 0.3632 rmsd(b):  0.0990 restraint_scale:  8.0 min_steps: 19
mc:   9 R: 0.3497 rmsd(b):  0.0687 restraint_scale: 16.0 min_steps: 10
mc:  10 R: 0.4528 rmsd(b):  0.0234 restraint_scale: 16.0 min_steps: 52
mc:  11 R: 0.3560 rmsd(b):  0.0351 restraint_scale: 32.0 min_steps: 40
mc:  12 R: 0.3610 rmsd(b):  0.0129 restraint_scale: 32.0 min_steps: 53
mc:  13 R: 0.3474 rmsd(b):  0.0156 restraint_scale: 32.0 min_steps: 57
mc:  14 R: 0.3025 rmsd(b):  0.0160 restraint_scale: 32.0 min_steps: 53
mc:  15 R: 0.3191 rmsd(b):  0.0094 restraint_scale: 16.0 min_steps: 29
mc:  16 R: 0.3063 rmsd(b):  0.0224 restraint_scale: 16.0 min_steps: 57
mc:  17 R: 0.3141 rmsd(b):  0.0189 restraint_scale: 16.0 min_steps: 9
mc:  18 R: 0.3141 rmsd(b):  0.0189 restraint_scale: 16.0 min_steps: 1
Convergence reached, stop now.
see the result structure:  ./p26/04_results/refine_cctbx/232_GGF06-new/1.5/3.pdb
Time: 10.2490
