phenix.python
you are importing  adaptive calculator, and it does nothing. Please give it energy, force....... 

============================== Collecting inputs ==============================


                   ----------Processing X-ray data----------                   

F-obs:
  /scratch/m_zhen01/30995.lupus.uni-muenster.de/p26/02_mtz/212_WGG14-new.mtz:F-obs
Miller array info: None
Observation type: xray.amplitude
Type of data: double, size=201
Type of sigmas: None
Number of Miller indices: 201
Anomalous flag: False
Unit cell: (12.294, 13.908, 11.688, 90, 90, 90)
Space group: P 1 (No. 1)
Systematic absences: 0
Centric reflections: 0
Resolution range: 3.93091 2.50228
Completeness in resolution range: 1
Completeness with d_max=infinity: 0.747212

Number of F-obs in resolution range:                   201
Number of F-obs<0 (these reflections will be rejected): 0
Number of F-obs=0 (these reflections will be used in refinement): 0
Refinement resolution range: d_max =   3.9309
                             d_min =   2.5023

R-free flags:
  /scratch/m_zhen01/30995.lupus.uni-muenster.de/p26/02_mtz/212_WGG14-new.mtz:R-free-flags
Miller array info: /scratch/m_zhen01/30995.lupus.uni-muenster.de/p26/02_mtz/212_WGG14-new.mtz:R-free-flags
Observation type: None
Type of data: int, size=201
Type of sigmas: None
Number of Miller indices: 201
Anomalous flag: False
Unit cell: (12.294, 13.908, 11.688, 90, 90, 90)
Space group: P 1 (No. 1)
Systematic absences: 0
Centric reflections: 0
Resolution range: 3.93091 2.50228
Completeness in resolution range: 1
Completeness with d_max=infinity: 0.747212
Wavelength: 1.0000

Test (R-free flags) flag value: 1

Number of work/free reflections by resolution:
                                  work free  %free
  bin  1: 3.9309 - 3.6132 [21/21]   20    1   4.8%
  bin  2: 3.6132 - 3.3783 [21/21]   21    0   0.0%
  bin  3: 3.3783 - 3.1946 [24/24]   20    4  16.7%
  bin  4: 3.1946 - 3.0453 [ 7/7 ]    7    0   0.0%
  bin  5: 3.0453 - 2.9205 [27/27]   27    0   0.0%
  bin  6: 2.9205 - 2.8139 [18/18]   16    2  11.1%
  bin  7: 2.8139 - 2.7214 [15/15]   15    0   0.0%
  bin  8: 2.7214 - 2.6399 [30/30]   30    0   0.0%
  bin  9: 2.6399 - 2.5674 [20/20]   20    0   0.0%
  bin 10: 2.5674 - 2.5023 [18/18]   18    0   0.0%
                          overall  194    7   3.5%

                   ----------Processing PDB file(s)----------                  

  Monomer Library directory:
    "/tmp1/m_zhen01/phenix-installer-1.10.1-2155-intel-linux-2.6-x86_64-centos5/phenix-1.10.1-2155/modules/chem_data/mon_lib"
  Total number of atoms: 41
  Number of models: 1
  Model: ""
    Number of chains: 1
    Chain: "A"
      Number of atoms: 41
      Number of conformers: 1
      Conformer: ""
        Number of residues, atoms: 3, 41
          Classifications: {'peptide': 3}
          Modifications used: {'NH2NOTPRO': 1, 'COOH': 1}
          Link IDs: {'TRANS': 2}
  Time building chain proxies: 0.08, per 1000 atoms: 1.95
  Number of scatterers: 41
  At special positions: 0
  Unit cell: (12.294, 13.908, 11.688, 90, 90, 90)
  Space group: P 1 (No. 1)
  Number of sites at special positions: 0
  Number of scattering types: 4
    Type Number    sf(0)
     O       4      8.00
     N       4      7.00
     C      15      6.00
     H      18      1.00
    sf(0) = scattering factor at diffraction angle 0.

  Number of disulfides: simple=0, symmetry=0

  Automatic linking
    Parameters for automatic linking
      Linking & cutoffs
        Metal                : False - 3.50
        Amimo acid           : False - 1.90
        Carbohydrate         : True  - 1.99
        Ligands              : True  - 1.99
        Amino acid - RNA/DNA : False
      
  Number of custom bonds: simple=0, symmetry=0
  Time building additional restraints: 0.02
  Conformation dependent library (CDL) restraints added in 2.4 milliseconds
  
  Adding C-beta torsion restraints...
  Number of C-beta restraints generated:  2
  Time building geometry restraints manager: 0.03 seconds

  NOTE: a complete listing of the restraints can be obtained by requesting
        output of .geo file.

  Histogram of bond lengths:
        0.82 -     0.96: 12
        0.96 -     1.10: 6
        1.10 -     1.24: 3
        1.24 -     1.37: 6
        1.37 -     1.51: 15
  Bond restraints: 42
  Sorted by residual:
  bond pdb=" N   GLY A   3 "
       pdb=" H   GLY A   3 "
    ideal  model  delta    sigma   weight residual
    0.860  0.822  0.038 2.00e-02 2.50e+03 3.63e+00
  bond pdb=" CE3 TRP A   1 "
       pdb=" HE3 TRP A   1 "
    ideal  model  delta    sigma   weight residual
    0.930  0.892  0.038 2.00e-02 2.50e+03 3.52e+00
  bond pdb=" CH2 TRP A   1 "
       pdb=" CZ3 TRP A   1 "
    ideal  model  delta    sigma   weight residual
    1.400  1.440 -0.040 2.50e-02 1.60e+03 2.57e+00
  bond pdb=" C   GLY A   2 "
       pdb=" O   GLY A   2 "
    ideal  model  delta    sigma   weight residual
    1.235  1.213  0.021 1.35e-02 5.49e+03 2.51e+00
  bond pdb=" CA  TRP A   1 "
       pdb=" CB  TRP A   1 "
    ideal  model  delta    sigma   weight residual
    1.530  1.500  0.030 2.00e-02 2.50e+03 2.23e+00
  ... (remaining 37 not shown)

  Histogram of bond angle deviations from ideal:
      103.92 -   109.95: 19
      109.95 -   115.98: 17
      115.98 -   122.01: 17
      122.01 -   128.04: 14
      128.04 -   134.08: 2
  Bond angle restraints: 69
  Sorted by residual:
  angle pdb=" C   GLY A   3 "
        pdb=" CA  GLY A   3 "
        pdb=" N   GLY A   3 "
      ideal   model   delta    sigma   weight residual
     113.30  107.90    5.40 2.90e+00 1.19e-01 3.46e+00
  angle pdb=" CA  GLY A   2 "
        pdb=" N   GLY A   2 "
        pdb=" H   GLY A   2 "
      ideal   model   delta    sigma   weight residual
     114.00  108.83    5.17 3.00e+00 1.11e-01 2.97e+00
  angle pdb=" HB1 TRP A   1 "
        pdb=" CB  TRP A   1 "
        pdb=" HB2 TRP A   1 "
      ideal   model   delta    sigma   weight residual
     110.00  104.90    5.10 3.00e+00 1.11e-01 2.89e+00
  angle pdb=" HA  TRP A   1 "
        pdb=" CA  TRP A   1 "
        pdb=" CB  TRP A   1 "
      ideal   model   delta    sigma   weight residual
     109.00  103.92    5.08 3.00e+00 1.11e-01 2.87e+00
  angle pdb=" HA2 GLY A   3 "
        pdb=" CA  GLY A   3 "
        pdb=" N   GLY A   3 "
      ideal   model   delta    sigma   weight residual
     110.00  105.70    4.30 3.00e+00 1.11e-01 2.06e+00
  ... (remaining 64 not shown)

  Histogram of dihedral angle deviations from ideal:
        0.63 -    35.85: 13
       35.85 -    71.06: 0
       71.06 -   106.27: 0
      106.27 -   141.49: 0
      141.49 -   176.70: 1
  Dihedral angle restraints: 14
    sinusoidal: 3
      harmonic: 11
  Sorted by residual:
  dihedral pdb=" O   GLY A   3 "
           pdb=" C   GLY A   3 "
           pdb=" OXT GLY A   3 "
           pdb=" HXT GLY A   3 "
      ideal   model   delta  harmonic     sigma   weight residual
       0.00 -176.70  176.70     0      3.00e+01 1.11e-03 3.47e+01
  dihedral pdb=" CA  TRP A   1 "
           pdb=" CB  TRP A   1 "
           pdb=" CG  TRP A   1 "
           pdb=" CD1 TRP A   1 "
      ideal   model   delta sinusoidal    sigma   weight residual
     -90.00  -65.65  -24.35     2      2.00e+01 2.50e-03 2.04e+00
  dihedral pdb=" N   TRP A   1 "
           pdb=" CA  TRP A   1 "
           pdb=" CB  TRP A   1 "
           pdb=" CG  TRP A   1 "
      ideal   model   delta sinusoidal    sigma   weight residual
      60.00   47.28   12.72     3      1.50e+01 4.44e-03 1.01e+00
  ... (remaining 11 not shown)

  Histogram of chiral volume deviations from ideal:
       0.067 -    0.067: 1
       0.067 -    0.067: 0
       0.067 -    0.067: 0
       0.067 -    0.067: 0
       0.067 -    0.067: 0
  Chirality restraints: 1
  Sorted by residual:
  chirality pdb=" CA  TRP A   1 "
            pdb=" C   TRP A   1 "
            pdb=" N   TRP A   1 "
            pdb=" CB  TRP A   1 "
    both_signs  ideal   model   delta    sigma   weight residual
      False     -2.51   -2.44   -0.07 2.00e-01 2.50e+01 1.14e-01

  Planarity restraints: 6
  Sorted by residual:
                                 delta    sigma   weight rms_deltas residual
  plane pdb=" CB  TRP A   1 "    0.003 2.00e-02 2.50e+03   1.79e-02 1.28e+01
        pdb=" CG  TRP A   1 "   -0.016 2.00e-02 2.50e+03
        pdb=" CD1 TRP A   1 "   -0.014 2.00e-02 2.50e+03
        pdb=" HD1 TRP A   1 "    0.029 2.00e-02 2.50e+03
        pdb=" NE1 TRP A   1 "    0.020 2.00e-02 2.50e+03
        pdb=" HE1 TRP A   1 "   -0.015 2.00e-02 2.50e+03
        pdb=" CE2 TRP A   1 "    0.012 2.00e-02 2.50e+03
        pdb=" CZ2 TRP A   1 "   -0.011 2.00e-02 2.50e+03
        pdb=" HZ2 TRP A   1 "   -0.015 2.00e-02 2.50e+03
        pdb=" CH2 TRP A   1 "   -0.012 2.00e-02 2.50e+03
        pdb=" HH2 TRP A   1 "    0.008 2.00e-02 2.50e+03
        pdb=" CZ3 TRP A   1 "    0.011 2.00e-02 2.50e+03
        pdb=" HZ3 TRP A   1 "    0.031 2.00e-02 2.50e+03
        pdb=" CE3 TRP A   1 "    0.000 2.00e-02 2.50e+03
        pdb=" HE3 TRP A   1 "   -0.037 2.00e-02 2.50e+03
        pdb=" CD2 TRP A   1 "    0.004 2.00e-02 2.50e+03
                                 delta    sigma   weight rms_deltas residual
  plane pdb=" O   GLY A   3 "   -0.013 2.00e-02 2.50e+03   1.22e-02 1.86e+00
        pdb=" C   GLY A   3 "    0.020 2.00e-02 2.50e+03
        pdb=" OXT GLY A   3 "    0.007 2.00e-02 2.50e+03
        pdb=" HXT GLY A   3 "   -0.012 2.00e-02 2.50e+03
        pdb=" CA  GLY A   3 "   -0.002 2.00e-02 2.50e+03
                                 delta    sigma   weight rms_deltas residual
  plane pdb=" C   GLY A   2 "   -0.022 2.00e-02 2.50e+03   1.28e-02 1.63e+00
        pdb=" O   GLY A   2 "    0.008 2.00e-02 2.50e+03
        pdb=" CA  GLY A   2 "    0.006 2.00e-02 2.50e+03
        pdb=" N   GLY A   3 "    0.007 2.00e-02 2.50e+03
  ... (remaining 3 not shown)

  Histogram of nonbonded interaction distances:
        2.15 -     2.69: 42
        2.69 -     3.24: 50
        3.24 -     3.78: 56
        3.78 -     4.33: 80
        4.33 -     4.88: 108
  Nonbonded interactions: 336
  Sorted by model distance:
  nonbonded pdb=" HA  TRP A   1 "
            pdb=" HB1 TRP A   1 "
     model   vdw
     2.145 1.952
  nonbonded pdb=" HXT GLY A   3 "
            pdb=" HA1 GLY A   3 "
     model   vdw
     2.147 2.270
  nonbonded pdb=" H1  TRP A   1 "
            pdb=" HD1 TRP A   1 "
     model   vdw
     2.172 2.100
  nonbonded pdb=" H2  TRP A   1 "
            pdb=" H   GLY A   2 "
     model   vdw
     2.173 2.100
  nonbonded pdb=" HZ3 TRP A   1 "
            pdb=" HE3 TRP A   1 "
     model   vdw
     2.270 1.680
  ... (remaining 331 not shown)

  NOTE: a complete listing of the restraints can be obtained by requesting
        output of .geo file.

                   ----------xray_structure summary----------                  

Number of scattering types: 4
  Type Number    sf(0)   Gaussians
   O       4      7.97       2
   N       4      6.97       2
   C      15      5.97       2
   H      18      1.00       2
  sf(0) = scattering factor at diffraction angle 0.
Number of scatterers: 41
At special positions: 0
Unit cell: (12.294, 13.908, 11.688, 90, 90, 90)
Space group: P 1 (No. 1)

End of input processing
r_work=0.4959 r_free=0.1631
params.data_weight: None
params.restraints: cctbx
rmsd(b), start:  0.0921
mc:   0 R: 0.0339 rmsd(b):  0.0284 restraint_scale:  1.0 min_steps: 56
mc:   1 R: 0.0287 rmsd(b):  0.1058 restraint_scale:  2.0 min_steps: 17
mc:   2 R: 0.0342 rmsd(b):  0.1014 restraint_scale:  4.0 min_steps: 8
mc:   3 R: 0.0417 rmsd(b):  0.0446 restraint_scale:  8.0 min_steps: 15
mc:   4 R: 0.0408 rmsd(b):  0.0513 restraint_scale: 16.0 min_steps: 6
mc:   5 R: 0.0384 rmsd(b):  0.0287 restraint_scale: 16.0 min_steps: 19
mc:   6 R: 0.0359 rmsd(b):  0.0326 restraint_scale: 32.0 min_steps: 7
mc:   7 R: 0.0348 rmsd(b):  0.0296 restraint_scale: 32.0 min_steps: 6
mc:   8 R: 0.0345 rmsd(b):  0.0354 restraint_scale: 64.0 min_steps: 8
mc:   9 R: 0.0334 rmsd(b):  0.0155 restraint_scale: 64.0 min_steps: 14
mc:  10 R: 0.0318 rmsd(b):  0.0173 restraint_scale: 64.0 min_steps: 5
mc:  11 R: 0.0312 rmsd(b):  0.0143 restraint_scale: 64.0 min_steps: 5
Convergence reached, stop now.
see the result structure:  ./p26/04_results/refine_cctbx/212_WGG14-new/0.9/3.pdb
Time: 6.9607
