phenix.python
you are importing  adaptive calculator, and it does nothing. Please give it energy, force....... 

============================== Collecting inputs ==============================


                   ----------Processing X-ray data----------                   

F-obs:
  /scratch/m_zhen01/30995.lupus.uni-muenster.de/p26/02_mtz/212_WGG14-new.mtz:F-obs
Miller array info: None
Observation type: xray.amplitude
Type of data: double, size=201
Type of sigmas: None
Number of Miller indices: 201
Anomalous flag: False
Unit cell: (12.294, 13.908, 11.688, 90, 90, 90)
Space group: P 1 (No. 1)
Systematic absences: 0
Centric reflections: 0
Resolution range: 3.93091 2.50228
Completeness in resolution range: 1
Completeness with d_max=infinity: 0.747212

Number of F-obs in resolution range:                   201
Number of F-obs<0 (these reflections will be rejected): 0
Number of F-obs=0 (these reflections will be used in refinement): 0
Refinement resolution range: d_max =   3.9309
                             d_min =   2.5023

R-free flags:
  /scratch/m_zhen01/30995.lupus.uni-muenster.de/p26/02_mtz/212_WGG14-new.mtz:R-free-flags
Miller array info: /scratch/m_zhen01/30995.lupus.uni-muenster.de/p26/02_mtz/212_WGG14-new.mtz:R-free-flags
Observation type: None
Type of data: int, size=201
Type of sigmas: None
Number of Miller indices: 201
Anomalous flag: False
Unit cell: (12.294, 13.908, 11.688, 90, 90, 90)
Space group: P 1 (No. 1)
Systematic absences: 0
Centric reflections: 0
Resolution range: 3.93091 2.50228
Completeness in resolution range: 1
Completeness with d_max=infinity: 0.747212
Wavelength: 1.0000

Test (R-free flags) flag value: 1

Number of work/free reflections by resolution:
                                  work free  %free
  bin  1: 3.9309 - 3.6132 [21/21]   20    1   4.8%
  bin  2: 3.6132 - 3.3783 [21/21]   21    0   0.0%
  bin  3: 3.3783 - 3.1946 [24/24]   20    4  16.7%
  bin  4: 3.1946 - 3.0453 [ 7/7 ]    7    0   0.0%
  bin  5: 3.0453 - 2.9205 [27/27]   27    0   0.0%
  bin  6: 2.9205 - 2.8139 [18/18]   16    2  11.1%
  bin  7: 2.8139 - 2.7214 [15/15]   15    0   0.0%
  bin  8: 2.7214 - 2.6399 [30/30]   30    0   0.0%
  bin  9: 2.6399 - 2.5674 [20/20]   20    0   0.0%
  bin 10: 2.5674 - 2.5023 [18/18]   18    0   0.0%
                          overall  194    7   3.5%

                   ----------Processing PDB file(s)----------                  

  Monomer Library directory:
    "/tmp1/m_zhen01/phenix-installer-1.10.1-2155-intel-linux-2.6-x86_64-centos5/phenix-1.10.1-2155/modules/chem_data/mon_lib"
  Total number of atoms: 41
  Number of models: 1
  Model: ""
    Number of chains: 1
    Chain: "A"
      Number of atoms: 41
      Number of conformers: 1
      Conformer: ""
        Number of residues, atoms: 3, 41
          Classifications: {'peptide': 3}
          Modifications used: {'NH2NOTPRO': 1, 'COOH': 1}
          Link IDs: {'TRANS': 2}
  Time building chain proxies: 0.07, per 1000 atoms: 1.71
  Number of scatterers: 41
  At special positions: 0
  Unit cell: (12.294, 13.908, 11.688, 90, 90, 90)
  Space group: P 1 (No. 1)
  Number of sites at special positions: 0
  Number of scattering types: 4
    Type Number    sf(0)
     O       4      8.00
     N       4      7.00
     C      15      6.00
     H      18      1.00
    sf(0) = scattering factor at diffraction angle 0.

  Number of disulfides: simple=0, symmetry=0

  Automatic linking
    Parameters for automatic linking
      Linking & cutoffs
        Metal                : False - 3.50
        Amimo acid           : False - 1.90
        Carbohydrate         : True  - 1.99
        Ligands              : True  - 1.99
        Amino acid - RNA/DNA : False
      
  Number of custom bonds: simple=0, symmetry=0
  Time building additional restraints: 0.03
  Conformation dependent library (CDL) restraints added in 2.6 milliseconds
  
  Adding C-beta torsion restraints...
  Number of C-beta restraints generated:  2
  Time building geometry restraints manager: 0.03 seconds

  NOTE: a complete listing of the restraints can be obtained by requesting
        output of .geo file.

  Histogram of bond lengths:
        0.88 -     1.01: 18
        1.01 -     1.15: 0
        1.15 -     1.28: 3
        1.28 -     1.41: 12
        1.41 -     1.55: 9
  Bond restraints: 42
  Sorted by residual:
  bond pdb=" CA  GLY A   2 "
       pdb=" HA1 GLY A   2 "
    ideal  model  delta    sigma   weight residual
    0.970  0.934  0.036 2.00e-02 2.50e+03 3.17e+00
  bond pdb=" N   TRP A   1 "
       pdb=" H1  TRP A   1 "
    ideal  model  delta    sigma   weight residual
    0.960  0.925  0.035 2.00e-02 2.50e+03 3.09e+00
  bond pdb=" N   GLY A   2 "
       pdb=" H   GLY A   2 "
    ideal  model  delta    sigma   weight residual
    0.860  0.895 -0.035 2.00e-02 2.50e+03 3.08e+00
  bond pdb=" C   GLY A   3 "
       pdb=" CA  GLY A   3 "
    ideal  model  delta    sigma   weight residual
    1.516  1.546 -0.030 1.80e-02 3.09e+03 2.77e+00
  bond pdb=" NE1 TRP A   1 "
       pdb=" HE1 TRP A   1 "
    ideal  model  delta    sigma   weight residual
    0.860  0.893 -0.033 2.00e-02 2.50e+03 2.75e+00
  ... (remaining 37 not shown)

  Histogram of bond angle deviations from ideal:
      102.40 -   109.07: 15
      109.07 -   115.74: 17
      115.74 -   122.41: 26
      122.41 -   129.08: 9
      129.08 -   135.75: 2
  Bond angle restraints: 69
  Sorted by residual:
  angle pdb=" HA2 GLY A   2 "
        pdb=" CA  GLY A   2 "
        pdb=" N   GLY A   2 "
      ideal   model   delta    sigma   weight residual
     110.00  102.40    7.60 3.00e+00 1.11e-01 6.42e+00
  angle pdb=" CE2 TRP A   1 "
        pdb=" CD2 TRP A   1 "
        pdb=" CE3 TRP A   1 "
      ideal   model   delta    sigma   weight residual
     118.80  116.69    2.11 1.00e+00 1.00e+00 4.47e+00
  angle pdb=" C   GLY A   2 "
        pdb=" CA  GLY A   2 "
        pdb=" HA1 GLY A   2 "
      ideal   model   delta    sigma   weight residual
     109.00  114.89   -5.89 3.00e+00 1.11e-01 3.86e+00
  angle pdb=" CG  TRP A   1 "
        pdb=" CD2 TRP A   1 "
        pdb=" CE3 TRP A   1 "
      ideal   model   delta    sigma   weight residual
     133.90  135.75   -1.85 1.00e+00 1.00e+00 3.44e+00
  angle pdb=" HA1 GLY A   2 "
        pdb=" CA  GLY A   2 "
        pdb=" N   GLY A   2 "
      ideal   model   delta    sigma   weight residual
     110.00  104.49    5.51 3.00e+00 1.11e-01 3.38e+00
  ... (remaining 64 not shown)

  Histogram of dihedral angle deviations from ideal:
        0.09 -    34.99: 12
       34.99 -    69.89: 0
       69.89 -   104.80: 1
      104.80 -   139.70: 0
      139.70 -   174.60: 1
  Dihedral angle restraints: 14
    sinusoidal: 3
      harmonic: 11
  Sorted by residual:
  dihedral pdb=" O   GLY A   3 "
           pdb=" C   GLY A   3 "
           pdb=" OXT GLY A   3 "
           pdb=" HXT GLY A   3 "
      ideal   model   delta  harmonic     sigma   weight residual
       0.00  174.60 -174.60     0      3.00e+01 1.11e-03 3.39e+01
  dihedral pdb=" OXT GLY A   3 "
           pdb=" C   GLY A   3 "
           pdb=" CA  GLY A   3 "
           pdb=" N   GLY A   3 "
      ideal   model   delta sinusoidal    sigma   weight residual
     -20.00   66.75  -86.75     2      3.00e+01 1.11e-03 5.32e+00
  dihedral pdb=" CA  TRP A   1 "
           pdb=" C   TRP A   1 "
           pdb=" N   GLY A   2 "
           pdb=" CA  GLY A   2 "
      ideal   model   delta  harmonic     sigma   weight residual
     180.00  171.22    8.78     0      5.00e+00 4.00e-02 3.09e+00
  ... (remaining 11 not shown)

  Histogram of chiral volume deviations from ideal:
       0.130 -    0.130: 1
       0.130 -    0.130: 0
       0.130 -    0.130: 0
       0.130 -    0.130: 0
       0.130 -    0.130: 0
  Chirality restraints: 1
  Sorted by residual:
  chirality pdb=" CA  TRP A   1 "
            pdb=" C   TRP A   1 "
            pdb=" N   TRP A   1 "
            pdb=" CB  TRP A   1 "
    both_signs  ideal   model   delta    sigma   weight residual
      False     -2.51   -2.64    0.13 2.00e-01 2.50e+01 4.22e-01

  Planarity restraints: 6
  Sorted by residual:
                                 delta    sigma   weight rms_deltas residual
  plane pdb=" CB  TRP A   1 "    0.017 2.00e-02 2.50e+03   1.84e-02 1.36e+01
        pdb=" CG  TRP A   1 "    0.021 2.00e-02 2.50e+03
        pdb=" CD1 TRP A   1 "   -0.018 2.00e-02 2.50e+03
        pdb=" HD1 TRP A   1 "   -0.019 2.00e-02 2.50e+03
        pdb=" NE1 TRP A   1 "    0.022 2.00e-02 2.50e+03
        pdb=" HE1 TRP A   1 "   -0.033 2.00e-02 2.50e+03
        pdb=" CE2 TRP A   1 "    0.029 2.00e-02 2.50e+03
        pdb=" CZ2 TRP A   1 "   -0.001 2.00e-02 2.50e+03
        pdb=" HZ2 TRP A   1 "    0.009 2.00e-02 2.50e+03
        pdb=" CH2 TRP A   1 "   -0.002 2.00e-02 2.50e+03
        pdb=" HH2 TRP A   1 "    0.007 2.00e-02 2.50e+03
        pdb=" CZ3 TRP A   1 "    0.008 2.00e-02 2.50e+03
        pdb=" HZ3 TRP A   1 "   -0.026 2.00e-02 2.50e+03
        pdb=" CE3 TRP A   1 "    0.009 2.00e-02 2.50e+03
        pdb=" HE3 TRP A   1 "   -0.025 2.00e-02 2.50e+03
        pdb=" CD2 TRP A   1 "    0.004 2.00e-02 2.50e+03
                                 delta    sigma   weight rms_deltas residual
  plane pdb=" O   GLY A   3 "    0.020 2.00e-02 2.50e+03   1.99e-02 4.94e+00
        pdb=" C   GLY A   3 "   -0.021 2.00e-02 2.50e+03
        pdb=" OXT GLY A   3 "   -0.022 2.00e-02 2.50e+03
        pdb=" HXT GLY A   3 "    0.025 2.00e-02 2.50e+03
        pdb=" CA  GLY A   3 "   -0.002 2.00e-02 2.50e+03
                                 delta    sigma   weight rms_deltas residual
  plane pdb=" C   TRP A   1 "   -0.036 2.00e-02 2.50e+03   2.10e-02 4.42e+00
        pdb=" O   TRP A   1 "    0.014 2.00e-02 2.50e+03
        pdb=" CA  TRP A   1 "    0.011 2.00e-02 2.50e+03
        pdb=" N   GLY A   2 "    0.012 2.00e-02 2.50e+03
  ... (remaining 3 not shown)

  Histogram of nonbonded interaction distances:
        2.18 -     2.72: 44
        2.72 -     3.26: 72
        3.26 -     3.81: 83
        3.81 -     4.35: 92
        4.35 -     4.89: 102
  Nonbonded interactions: 393
  Sorted by model distance:
  nonbonded pdb=" H2  TRP A   1 "
            pdb=" H   GLY A   2 "
     model   vdw
     2.181 2.100
  nonbonded pdb=" HA2 GLY A   3 "
            pdb=" H   GLY A   3 "
     model   vdw
     2.213 1.816
  nonbonded pdb=" HH2 TRP A   1 "
            pdb=" HZ3 TRP A   1 "
     model   vdw
     2.237 1.680
  nonbonded pdb=" H1  TRP A   1 "
            pdb=" HB1 TRP A   1 "
     model   vdw
     2.249 2.270
  nonbonded pdb=" HA  TRP A   1 "
            pdb=" HB2 TRP A   1 "
     model   vdw
     2.263 1.952
  ... (remaining 388 not shown)

  NOTE: a complete listing of the restraints can be obtained by requesting
        output of .geo file.

                   ----------xray_structure summary----------                  

Number of scattering types: 4
  Type Number    sf(0)   Gaussians
   O       4      7.97       2
   N       4      6.97       2
   C      15      5.97       2
   H      18      1.00       2
  sf(0) = scattering factor at diffraction angle 0.
Number of scatterers: 41
At special positions: 0
Unit cell: (12.294, 13.908, 11.688, 90, 90, 90)
Space group: P 1 (No. 1)

End of input processing
r_work=0.2343 r_free=0.3121
params.data_weight: None
params.restraints: cctbx
rmsd(b), start:  0.0824
mc:   0 R: 0.0726 rmsd(b):  0.0563 restraint_scale:  2.0 min_steps: 28
mc:   1 R: 0.0588 rmsd(b):  0.0709 restraint_scale:  4.0 min_steps: 14
mc:   2 R: 0.0547 rmsd(b):  0.0702 restraint_scale:  8.0 min_steps: 4
mc:   3 R: 0.0448 rmsd(b):  0.0311 restraint_scale: 16.0 min_steps: 14
mc:   4 R: 0.0417 rmsd(b):  0.0360 restraint_scale: 32.0 min_steps: 3
mc:   5 R: 0.0351 rmsd(b):  0.0200 restraint_scale: 32.0 min_steps: 23
mc:   6 R: 0.0330 rmsd(b):  0.0260 restraint_scale: 32.0 min_steps: 5
mc:   7 R: 0.0331 rmsd(b):  0.0316 restraint_scale: 64.0 min_steps: 11
mc:   8 R: 0.0334 rmsd(b):  0.0322 restraint_scale: 128.0 min_steps: 4
Convergence reached, stop now.
see the result structure:  ./p26/04_results/refine_cctbx/212_WGG14-new/0.3/6.pdb
Time: 6.2804
