phenix.python
you are importing  adaptive calculator, and it does nothing. Please give it energy, force....... 

============================== Collecting inputs ==============================


                   ----------Processing X-ray data----------                   

F-obs:
  /scratch/m_zhen01/31011.lupus.uni-muenster.de/p26/02_mtz/228_GGF08-new.mtz:F-obs
Miller array info: None
Observation type: xray.amplitude
Type of data: double, size=205
Type of sigmas: None
Number of Miller indices: 205
Anomalous flag: False
Unit cell: (15.127, 10.801, 12.687, 90, 90, 90)
Space group: P 1 (No. 1)
Systematic absences: 0
Centric reflections: 0
Resolution range: 3.96812 2.50244
Completeness in resolution range: 1
Completeness with d_max=infinity: 0.756458

Number of F-obs in resolution range:                   205
Number of F-obs<0 (these reflections will be rejected): 0
Number of F-obs=0 (these reflections will be used in refinement): 0
Refinement resolution range: d_max =   3.9681
                             d_min =   2.5024

R-free flags:
  /scratch/m_zhen01/31011.lupus.uni-muenster.de/p26/02_mtz/228_GGF08-new.mtz:R-free-flags
Miller array info: /scratch/m_zhen01/31011.lupus.uni-muenster.de/p26/02_mtz/228_GGF08-new.mtz:R-free-flags
Observation type: None
Type of data: int, size=205
Type of sigmas: None
Number of Miller indices: 205
Anomalous flag: False
Unit cell: (15.127, 10.801, 12.687, 90, 90, 90)
Space group: P 1 (No. 1)
Systematic absences: 0
Centric reflections: 0
Resolution range: 3.96812 2.50244
Completeness in resolution range: 1
Completeness with d_max=infinity: 0.756458
Wavelength: 1.0000

Test (R-free flags) flag value: 1

Number of work/free reflections by resolution:
                                  work free  %free
  bin  1: 3.9681 - 3.6370 [21/21]   19    2   9.5%
  bin  2: 3.6370 - 3.3945 [25/25]   21    4  16.0%
  bin  3: 3.3945 - 3.2060 [16/16]   16    0   0.0%
  bin  4: 3.2060 - 3.0534 [27/27]   27    0   0.0%
  bin  5: 3.0534 - 2.9262 [19/19]   15    4  21.1%
  bin  6: 2.9262 - 2.8179 [22/22]   22    0   0.0%
  bin  7: 2.8179 - 2.7241 [18/18]   18    0   0.0%
  bin  8: 2.7241 - 2.6416 [21/21]   21    0   0.0%
  bin  9: 2.6416 - 2.5682 [26/26]   24    2   7.7%
  bin 10: 2.5682 - 2.5024 [10/10]   10    0   0.0%
                          overall  193   12   5.9%

                   ----------Processing PDB file(s)----------                  

  Monomer Library directory:
    "/tmp1/m_zhen01/phenix-installer-1.10.1-2155-intel-linux-2.6-x86_64-centos5/phenix-1.10.1-2155/modules/chem_data/mon_lib"
  Total number of atoms: 37
  Number of models: 1
  Model: ""
    Number of chains: 1
    Chain: "A"
      Number of atoms: 37
      Number of conformers: 1
      Conformer: ""
        Number of residues, atoms: 3, 37
          Classifications: {'peptide': 3}
          Modifications used: {'NH2NOTPRO': 1, 'COOH': 1}
          Link IDs: {'TRANS': 2}
  Time building chain proxies: 0.07, per 1000 atoms: 1.89
  Number of scatterers: 37
  At special positions: 0
  Unit cell: (15.127, 10.801, 12.687, 90, 90, 90)
  Space group: P 1 (No. 1)
  Number of sites at special positions: 0
  Number of scattering types: 4
    Type Number    sf(0)
     O       4      8.00
     N       3      7.00
     C      13      6.00
     H      17      1.00
    sf(0) = scattering factor at diffraction angle 0.

  Number of disulfides: simple=0, symmetry=0

  Automatic linking
    Parameters for automatic linking
      Linking & cutoffs
        Metal                : False - 3.50
        Amimo acid           : False - 1.90
        Carbohydrate         : True  - 1.99
        Ligands              : True  - 1.99
        Amino acid - RNA/DNA : False
      
  Number of custom bonds: simple=0, symmetry=0
  Time building additional restraints: 0.02
  Conformation dependent library (CDL) restraints added in 2.8 milliseconds
  
  Adding C-beta torsion restraints...
  Number of C-beta restraints generated:  2
  Time building geometry restraints manager: 0.03 seconds

  NOTE: a complete listing of the restraints can be obtained by requesting
        output of .geo file.

  Histogram of bond lengths:
        0.82 -     0.96: 10
        0.96 -     1.10: 7
        1.10 -     1.24: 3
        1.24 -     1.39: 8
        1.39 -     1.53: 9
  Bond restraints: 37
  Sorted by residual:
  bond pdb=" CB  PHE A   3 "
       pdb=" HB2 PHE A   3 "
    ideal  model  delta    sigma   weight residual
    0.970  1.017 -0.047 2.00e-02 2.50e+03 5.63e+00
  bond pdb=" N   GLY A   2 "
       pdb=" H   GLY A   2 "
    ideal  model  delta    sigma   weight residual
    0.860  0.818  0.042 2.00e-02 2.50e+03 4.47e+00
  bond pdb=" O   PHE A   3 "
       pdb=" C   PHE A   3 "
    ideal  model  delta    sigma   weight residual
    1.185  1.144  0.041 2.00e-02 2.50e+03 4.16e+00
  bond pdb=" OXT PHE A   3 "
       pdb=" HXT PHE A   3 "
    ideal  model  delta    sigma   weight residual
    0.948  0.988 -0.040 2.00e-02 2.50e+03 3.99e+00
  bond pdb=" CA  GLY A   1 "
       pdb=" HA2 GLY A   1 "
    ideal  model  delta    sigma   weight residual
    0.970  0.997 -0.027 2.00e-02 2.50e+03 1.89e+00
  ... (remaining 32 not shown)

  Histogram of bond angle deviations from ideal:
      104.71 -   109.32: 12
      109.32 -   113.93: 14
      113.93 -   118.54: 10
      118.54 -   123.15: 21
      123.15 -   127.76: 3
  Bond angle restraints: 60
  Sorted by residual:
  angle pdb=" C   GLY A   1 "
        pdb=" N   GLY A   2 "
        pdb=" H   GLY A   2 "
      ideal   model   delta    sigma   weight residual
     124.30  118.43    5.87 3.00e+00 1.11e-01 3.83e+00
  angle pdb=" C   GLY A   1 "
        pdb=" N   GLY A   2 "
        pdb=" CA  GLY A   2 "
      ideal   model   delta    sigma   weight residual
     121.41  124.90   -3.49 1.96e+00 2.60e-01 3.17e+00
  angle pdb=" CA  PHE A   3 "
        pdb=" N   PHE A   3 "
        pdb=" H   PHE A   3 "
      ideal   model   delta    sigma   weight residual
     114.00  119.12   -5.12 3.00e+00 1.11e-01 2.91e+00
  angle pdb=" C   PHE A   3 "
        pdb=" OXT PHE A   3 "
        pdb=" HXT PHE A   3 "
      ideal   model   delta    sigma   weight residual
     108.00  113.02   -5.02 3.00e+00 1.11e-01 2.79e+00
  angle pdb=" O   PHE A   3 "
        pdb=" C   PHE A   3 "
        pdb=" OXT PHE A   3 "
      ideal   model   delta    sigma   weight residual
     122.80  127.76   -4.96 3.00e+00 1.11e-01 2.73e+00
  ... (remaining 55 not shown)

  Histogram of dihedral angle deviations from ideal:
        0.28 -     2.50: 6
        2.50 -     4.72: 3
        4.72 -     6.93: 2
        6.93 -     9.15: 1
        9.15 -    11.37: 1
  Dihedral angle restraints: 13
    sinusoidal: 3
      harmonic: 10
  Sorted by residual:
  dihedral pdb=" N   PHE A   3 "
           pdb=" C   PHE A   3 "
           pdb=" CA  PHE A   3 "
           pdb=" CB  PHE A   3 "
      ideal   model   delta  harmonic     sigma   weight residual
     122.80  120.38    2.42     0      2.50e+00 1.60e-01 9.35e-01
  dihedral pdb=" C   PHE A   3 "
           pdb=" N   PHE A   3 "
           pdb=" CA  PHE A   3 "
           pdb=" CB  PHE A   3 "
      ideal   model   delta  harmonic     sigma   weight residual
    -122.60 -120.29   -2.31     0      2.50e+00 1.60e-01 8.57e-01
  dihedral pdb=" HZ  PHE A   3 "
           pdb=" CZ  PHE A   3 "
           pdb=" CE1 PHE A   3 "
           pdb=" CD1 PHE A   3 "
      ideal   model   delta  harmonic     sigma   weight residual
    -180.00 -176.83   -3.17     0      5.00e+00 4.00e-02 4.03e-01
  ... (remaining 10 not shown)

  Histogram of chiral volume deviations from ideal:
       0.095 -    0.095: 1
       0.095 -    0.095: 0
       0.095 -    0.095: 0
       0.095 -    0.095: 0
       0.095 -    0.095: 0
  Chirality restraints: 1
  Sorted by residual:
  chirality pdb=" CA  PHE A   3 "
            pdb=" C   PHE A   3 "
            pdb=" N   PHE A   3 "
            pdb=" CB  PHE A   3 "
    both_signs  ideal   model   delta    sigma   weight residual
      False     -2.51   -2.61    0.10 2.00e-01 2.50e+01 2.28e-01

  Planarity restraints: 6
  Sorted by residual:
                                 delta    sigma   weight rms_deltas residual
  plane pdb=" CB  PHE A   3 "   -0.035 2.00e-02 2.50e+03   1.97e-02 1.17e+01
        pdb=" CG  PHE A   3 "    0.004 2.00e-02 2.50e+03
        pdb=" CD2 PHE A   3 "    0.009 2.00e-02 2.50e+03
        pdb=" HD2 PHE A   3 "    0.026 2.00e-02 2.50e+03
        pdb=" CE2 PHE A   3 "    0.003 2.00e-02 2.50e+03
        pdb=" HE2 PHE A   3 "   -0.028 2.00e-02 2.50e+03
        pdb=" CZ  PHE A   3 "   -0.011 2.00e-02 2.50e+03
        pdb=" HZ  PHE A   3 "    0.021 2.00e-02 2.50e+03
        pdb=" CE1 PHE A   3 "    0.000 2.00e-02 2.50e+03
        pdb=" HE1 PHE A   3 "   -0.025 2.00e-02 2.50e+03
        pdb=" CD1 PHE A   3 "    0.022 2.00e-02 2.50e+03
        pdb=" HD1 PHE A   3 "    0.015 2.00e-02 2.50e+03
                                 delta    sigma   weight rms_deltas residual
  plane pdb=" O   PHE A   3 "   -0.017 2.00e-02 2.50e+03   2.09e-02 5.45e+00
        pdb=" C   PHE A   3 "    0.033 2.00e-02 2.50e+03
        pdb=" OXT PHE A   3 "   -0.026 2.00e-02 2.50e+03
        pdb=" HXT PHE A   3 "    0.012 2.00e-02 2.50e+03
        pdb=" CA  PHE A   3 "   -0.003 2.00e-02 2.50e+03
                                 delta    sigma   weight rms_deltas residual
  plane pdb=" C   GLY A   1 "    0.011 2.00e-02 2.50e+03   2.19e-02 4.79e+00
        pdb=" CA  GLY A   2 "    0.010 2.00e-02 2.50e+03
        pdb=" N   GLY A   2 "   -0.038 2.00e-02 2.50e+03
        pdb=" H   GLY A   2 "    0.016 2.00e-02 2.50e+03
  ... (remaining 3 not shown)

  Histogram of nonbonded interaction distances:
        2.08 -     2.64: 36
        2.64 -     3.21: 54
        3.21 -     3.77: 68
        3.77 -     4.33: 66
        4.33 -     4.89: 89
  Nonbonded interactions: 313
  Sorted by model distance:
  nonbonded pdb=" HA2 GLY A   1 "
            pdb=" H2  GLY A   1 "
     model   vdw
     2.082 1.816
  nonbonded pdb=" HA2 GLY A   2 "
            pdb=" H   GLY A   2 "
     model   vdw
     2.193 1.816
  nonbonded pdb=" HZ  PHE A   3 "
            pdb=" HE1 PHE A   3 "
     model   vdw
     2.221 1.680
  nonbonded pdb=" HA1 GLY A   1 "
            pdb=" H1  GLY A   1 "
     model   vdw
     2.264 1.816
  nonbonded pdb=" O   GLY A   1 "
            pdb=" H   PHE A   3 "
     model   vdw
     2.290 1.970
  ... (remaining 308 not shown)

  NOTE: a complete listing of the restraints can be obtained by requesting
        output of .geo file.

                   ----------xray_structure summary----------                  

Number of scattering types: 4
  Type Number    sf(0)   Gaussians
   O       4      7.97       2
   N       3      6.97       2
   C      13      5.97       2
   H      17      1.00       2
  sf(0) = scattering factor at diffraction angle 0.
Number of scatterers: 37
At special positions: 0
Unit cell: (15.127, 10.801, 12.687, 90, 90, 90)
Space group: P 1 (No. 1)

End of input processing
r_work=0.4617 r_free=0.2272
params.data_weight: None
params.restraints: qm
rmsd(b), start:  0.0875
mc:   0 R: 0.0900 rmsd(b):  0.0680 restraint_scale:  2.0 min_steps: 45
mc:   1 R: 0.0339 rmsd(b):  0.0392 restraint_scale:  4.0 min_steps: 31
mc:   2 R: 0.0207 rmsd(b):  0.0332 restraint_scale:  8.0 min_steps: 11
mc:   3 R: 0.0176 rmsd(b):  0.0284 restraint_scale:  8.0 min_steps: 9
mc:   4 R: 0.0122 rmsd(b):  0.0336 restraint_scale: 16.0 min_steps: 22
mc:   5 R: 0.0119 rmsd(b):  0.0330 restraint_scale: 32.0 min_steps: 8
Convergence reached, stop now.
see the result structure:  ./p26/04_results/refine_qm/228_GGF08-new/0.6/5.pdb
Time: 214.8282
