phenix.python
you are importing  adaptive calculator, and it does nothing. Please give it energy, force....... 

============================== Collecting inputs ==============================


                   ----------Processing X-ray data----------                   

F-obs:
  /scratch/m_zhen01/31011.lupus.uni-muenster.de/p26/02_mtz/228_GGF08-new.mtz:F-obs
Miller array info: None
Observation type: xray.amplitude
Type of data: double, size=205
Type of sigmas: None
Number of Miller indices: 205
Anomalous flag: False
Unit cell: (15.127, 10.801, 12.687, 90, 90, 90)
Space group: P 1 (No. 1)
Systematic absences: 0
Centric reflections: 0
Resolution range: 3.96812 2.50244
Completeness in resolution range: 1
Completeness with d_max=infinity: 0.756458

Number of F-obs in resolution range:                   205
Number of F-obs<0 (these reflections will be rejected): 0
Number of F-obs=0 (these reflections will be used in refinement): 0
Refinement resolution range: d_max =   3.9681
                             d_min =   2.5024

R-free flags:
  /scratch/m_zhen01/31011.lupus.uni-muenster.de/p26/02_mtz/228_GGF08-new.mtz:R-free-flags
Miller array info: /scratch/m_zhen01/31011.lupus.uni-muenster.de/p26/02_mtz/228_GGF08-new.mtz:R-free-flags
Observation type: None
Type of data: int, size=205
Type of sigmas: None
Number of Miller indices: 205
Anomalous flag: False
Unit cell: (15.127, 10.801, 12.687, 90, 90, 90)
Space group: P 1 (No. 1)
Systematic absences: 0
Centric reflections: 0
Resolution range: 3.96812 2.50244
Completeness in resolution range: 1
Completeness with d_max=infinity: 0.756458
Wavelength: 1.0000

Test (R-free flags) flag value: 1

Number of work/free reflections by resolution:
                                  work free  %free
  bin  1: 3.9681 - 3.6370 [21/21]   19    2   9.5%
  bin  2: 3.6370 - 3.3945 [25/25]   21    4  16.0%
  bin  3: 3.3945 - 3.2060 [16/16]   16    0   0.0%
  bin  4: 3.2060 - 3.0534 [27/27]   27    0   0.0%
  bin  5: 3.0534 - 2.9262 [19/19]   15    4  21.1%
  bin  6: 2.9262 - 2.8179 [22/22]   22    0   0.0%
  bin  7: 2.8179 - 2.7241 [18/18]   18    0   0.0%
  bin  8: 2.7241 - 2.6416 [21/21]   21    0   0.0%
  bin  9: 2.6416 - 2.5682 [26/26]   24    2   7.7%
  bin 10: 2.5682 - 2.5024 [10/10]   10    0   0.0%
                          overall  193   12   5.9%

                   ----------Processing PDB file(s)----------                  

  Monomer Library directory:
    "/tmp1/m_zhen01/phenix-installer-1.10.1-2155-intel-linux-2.6-x86_64-centos5/phenix-1.10.1-2155/modules/chem_data/mon_lib"
  Total number of atoms: 37
  Number of models: 1
  Model: ""
    Number of chains: 1
    Chain: "A"
      Number of atoms: 37
      Number of conformers: 1
      Conformer: ""
        Number of residues, atoms: 3, 37
          Classifications: {'peptide': 3}
          Modifications used: {'NH2NOTPRO': 1, 'COOH': 1}
          Link IDs: {'TRANS': 2}
  Time building chain proxies: 0.07, per 1000 atoms: 1.89
  Number of scatterers: 37
  At special positions: 0
  Unit cell: (15.127, 10.801, 12.687, 90, 90, 90)
  Space group: P 1 (No. 1)
  Number of sites at special positions: 0
  Number of scattering types: 4
    Type Number    sf(0)
     O       4      8.00
     N       3      7.00
     C      13      6.00
     H      17      1.00
    sf(0) = scattering factor at diffraction angle 0.

  Number of disulfides: simple=0, symmetry=0

  Automatic linking
    Parameters for automatic linking
      Linking & cutoffs
        Metal                : False - 3.50
        Amimo acid           : False - 1.90
        Carbohydrate         : True  - 1.99
        Ligands              : True  - 1.99
        Amino acid - RNA/DNA : False
      
  Number of custom bonds: simple=0, symmetry=0
  Time building additional restraints: 0.02
  Conformation dependent library (CDL) restraints added in 2.8 milliseconds
  
  Adding C-beta torsion restraints...
  Number of C-beta restraints generated:  2
  Time building geometry restraints manager: 0.02 seconds

  NOTE: a complete listing of the restraints can be obtained by requesting
        output of .geo file.

  Histogram of bond lengths:
        0.83 -     0.98: 16
        0.98 -     1.12: 1
        1.12 -     1.27: 3
        1.27 -     1.41: 9
        1.41 -     1.56: 8
  Bond restraints: 37
  Sorted by residual:
  bond pdb=" O   PHE A   3 "
       pdb=" C   PHE A   3 "
    ideal  model  delta    sigma   weight residual
    1.185  1.134  0.051 2.00e-02 2.50e+03 6.62e+00
  bond pdb=" CA  PHE A   3 "
       pdb=" N   PHE A   3 "
    ideal  model  delta    sigma   weight residual
    1.458  1.417  0.041 1.90e-02 2.77e+03 4.67e+00
  bond pdb=" CB  PHE A   3 "
       pdb=" HB1 PHE A   3 "
    ideal  model  delta    sigma   weight residual
    0.970  1.007 -0.037 2.00e-02 2.50e+03 3.36e+00
  bond pdb=" C   PHE A   3 "
       pdb=" CA  PHE A   3 "
    ideal  model  delta    sigma   weight residual
    1.525  1.561 -0.036 2.10e-02 2.27e+03 2.86e+00
  bond pdb=" N   GLY A   1 "
       pdb=" H1  GLY A   1 "
    ideal  model  delta    sigma   weight residual
    0.960  0.928  0.032 2.00e-02 2.50e+03 2.56e+00
  ... (remaining 32 not shown)

  Histogram of bond angle deviations from ideal:
      105.08 -   109.46: 18
      109.46 -   113.85: 9
      113.85 -   118.24: 7
      118.24 -   122.62: 21
      122.62 -   127.01: 5
  Bond angle restraints: 60
  Sorted by residual:
  angle pdb=" C   GLY A   2 "
        pdb=" N   PHE A   3 "
        pdb=" H   PHE A   3 "
      ideal   model   delta    sigma   weight residual
     124.30  116.70    7.60 3.00e+00 1.11e-01 6.42e+00
  angle pdb=" CA  PHE A   3 "
        pdb=" CB  PHE A   3 "
        pdb=" CG  PHE A   3 "
      ideal   model   delta    sigma   weight residual
     113.80  116.24   -2.44 1.00e+00 1.00e+00 5.95e+00
  angle pdb=" O   GLY A   2 "
        pdb=" C   GLY A   2 "
        pdb=" N   PHE A   3 "
      ideal   model   delta    sigma   weight residual
     122.70  125.72   -3.02 1.30e+00 5.92e-01 5.40e+00
  angle pdb=" O   PHE A   3 "
        pdb=" C   PHE A   3 "
        pdb=" OXT PHE A   3 "
      ideal   model   delta    sigma   weight residual
     122.80  116.79    6.01 3.00e+00 1.11e-01 4.02e+00
  angle pdb=" CA  GLY A   2 "
        pdb=" N   GLY A   2 "
        pdb=" H   GLY A   2 "
      ideal   model   delta    sigma   weight residual
     114.00  108.82    5.18 3.00e+00 1.11e-01 2.98e+00
  ... (remaining 55 not shown)

  Histogram of dihedral angle deviations from ideal:
        0.12 -     4.30: 11
        4.30 -     8.48: 1
        8.48 -    12.67: 0
       12.67 -    16.85: 0
       16.85 -    21.03: 1
  Dihedral angle restraints: 13
    sinusoidal: 3
      harmonic: 10
  Sorted by residual:
  dihedral pdb=" OXT PHE A   3 "
           pdb=" C   PHE A   3 "
           pdb=" CA  PHE A   3 "
           pdb=" N   PHE A   3 "
      ideal   model   delta sinusoidal    sigma   weight residual
     160.00  138.97   21.03     2      3.00e+01 1.11e-03 6.87e-01
  dihedral pdb=" CA  GLY A   1 "
           pdb=" C   GLY A   1 "
           pdb=" N   GLY A   2 "
           pdb=" CA  GLY A   2 "
      ideal   model   delta  harmonic     sigma   weight residual
    -180.00 -176.35   -3.65     0      5.00e+00 4.00e-02 5.33e-01
  dihedral pdb=" CD2 PHE A   3 "
           pdb=" CG  PHE A   3 "
           pdb=" CD1 PHE A   3 "
           pdb=" HD1 PHE A   3 "
      ideal   model   delta  harmonic     sigma   weight residual
     180.00 -176.41   -3.59     0      5.00e+00 4.00e-02 5.16e-01
  ... (remaining 10 not shown)

  Histogram of chiral volume deviations from ideal:
       0.046 -    0.046: 1
       0.046 -    0.046: 0
       0.046 -    0.046: 0
       0.046 -    0.046: 0
       0.046 -    0.046: 0
  Chirality restraints: 1
  Sorted by residual:
  chirality pdb=" CA  PHE A   3 "
            pdb=" C   PHE A   3 "
            pdb=" N   PHE A   3 "
            pdb=" CB  PHE A   3 "
    both_signs  ideal   model   delta    sigma   weight residual
      False     -2.51   -2.46   -0.05 2.00e-01 2.50e+01 5.40e-02

  Planarity restraints: 6
  Sorted by residual:
                                 delta    sigma   weight rms_deltas residual
  plane pdb=" CB  PHE A   3 "    0.012 2.00e-02 2.50e+03   1.70e-02 8.65e+00
        pdb=" CG  PHE A   3 "   -0.026 2.00e-02 2.50e+03
        pdb=" CD2 PHE A   3 "   -0.003 2.00e-02 2.50e+03
        pdb=" HD2 PHE A   3 "   -0.002 2.00e-02 2.50e+03
        pdb=" CE2 PHE A   3 "   -0.011 2.00e-02 2.50e+03
        pdb=" HE2 PHE A   3 "    0.006 2.00e-02 2.50e+03
        pdb=" CZ  PHE A   3 "    0.012 2.00e-02 2.50e+03
        pdb=" HZ  PHE A   3 "    0.021 2.00e-02 2.50e+03
        pdb=" CE1 PHE A   3 "   -0.008 2.00e-02 2.50e+03
        pdb=" HE1 PHE A   3 "   -0.029 2.00e-02 2.50e+03
        pdb=" CD1 PHE A   3 "   -0.003 2.00e-02 2.50e+03
        pdb=" HD1 PHE A   3 "    0.031 2.00e-02 2.50e+03
                                 delta    sigma   weight rms_deltas residual
  plane pdb=" O   PHE A   3 "   -0.015 2.00e-02 2.50e+03   1.94e-02 4.72e+00
        pdb=" C   PHE A   3 "    0.025 2.00e-02 2.50e+03
        pdb=" OXT PHE A   3 "   -0.027 2.00e-02 2.50e+03
        pdb=" HXT PHE A   3 "    0.017 2.00e-02 2.50e+03
        pdb=" CA  PHE A   3 "   -0.000 2.00e-02 2.50e+03
                                 delta    sigma   weight rms_deltas residual
  plane pdb=" C   GLY A   1 "    0.027 2.00e-02 2.50e+03   1.59e-02 2.53e+00
        pdb=" O   GLY A   1 "   -0.010 2.00e-02 2.50e+03
        pdb=" CA  GLY A   1 "   -0.008 2.00e-02 2.50e+03
        pdb=" N   GLY A   2 "   -0.009 2.00e-02 2.50e+03
  ... (remaining 3 not shown)

  Histogram of nonbonded interaction distances:
        2.02 -     2.59: 27
        2.59 -     3.17: 54
        3.17 -     3.74: 67
        3.74 -     4.31: 74
        4.31 -     4.88: 82
  Nonbonded interactions: 304
  Sorted by model distance:
  nonbonded pdb=" HA2 GLY A   2 "
            pdb=" H   GLY A   2 "
     model   vdw
     2.023 1.816
  nonbonded pdb=" O   GLY A   1 "
            pdb=" H   PHE A   3 "
     model   vdw
     2.036 1.970
  nonbonded pdb=" HA2 GLY A   1 "
            pdb=" H2  GLY A   1 "
     model   vdw
     2.109 1.816
  nonbonded pdb=" O   PHE A   3 "
            pdb=" HXT PHE A   3 "
     model   vdw
     2.147 2.056
  nonbonded pdb=" HA1 GLY A   1 "
            pdb=" H2  GLY A   1 "
     model   vdw
     2.230 1.816
  ... (remaining 299 not shown)

  NOTE: a complete listing of the restraints can be obtained by requesting
        output of .geo file.

                   ----------xray_structure summary----------                  

Number of scattering types: 4
  Type Number    sf(0)   Gaussians
   O       4      7.97       2
   N       3      6.97       2
   C      13      5.97       2
   H      17      1.00       2
  sf(0) = scattering factor at diffraction angle 0.
Number of scatterers: 37
At special positions: 0
Unit cell: (15.127, 10.801, 12.687, 90, 90, 90)
Space group: P 1 (No. 1)

End of input processing
r_work=0.4151 r_free=0.1914
params.data_weight: None
params.restraints: qm
rmsd(b), start:  0.0914
mc:   0 R: 0.0757 rmsd(b):  0.0665 restraint_scale:  2.0 min_steps: 30
mc:   1 R: 0.0274 rmsd(b):  0.0373 restraint_scale:  4.0 min_steps: 27
mc:   2 R: 0.0169 rmsd(b):  0.0338 restraint_scale:  8.0 min_steps: 18
mc:   3 R: 0.0152 rmsd(b):  0.0337 restraint_scale: 16.0 min_steps: 4
mc:   4 R: 0.0135 rmsd(b):  0.0327 restraint_scale: 32.0 min_steps: 15
mc:   5 R: 0.0135 rmsd(b):  0.0327 restraint_scale: 64.0 min_steps: 1
Convergence reached, stop now.
see the result structure:  ./p26/04_results/refine_qm/228_GGF08-new/0.6/8.pdb
Time: 192.7942
