phenix.python
you are importing  adaptive calculator, and it does nothing. Please give it energy, force....... 

============================== Collecting inputs ==============================


                   ----------Processing X-ray data----------                   

F-obs:
  /scratch/m_zhen01/30995.lupus.uni-muenster.de/p26/02_mtz/235_GGF05-new.mtz:F-obs
Miller array info: None
Observation type: xray.amplitude
Type of data: double, size=200
Type of sigmas: None
Number of Miller indices: 200
Anomalous flag: False
Unit cell: (13.215, 13.456, 11.167, 90, 90, 90)
Space group: P 1 (No. 1)
Systematic absences: 0
Centric reflections: 0
Resolution range: 3.96989 2.52592
Completeness in resolution range: 1
Completeness with d_max=infinity: 0.746269

Number of F-obs in resolution range:                   200
Number of F-obs<0 (these reflections will be rejected): 0
Number of F-obs=0 (these reflections will be used in refinement): 0
Refinement resolution range: d_max =   3.9699
                             d_min =   2.5259

R-free flags:
  /scratch/m_zhen01/30995.lupus.uni-muenster.de/p26/02_mtz/235_GGF05-new.mtz:R-free-flags
Miller array info: /scratch/m_zhen01/30995.lupus.uni-muenster.de/p26/02_mtz/235_GGF05-new.mtz:R-free-flags
Observation type: None
Type of data: int, size=200
Type of sigmas: None
Number of Miller indices: 200
Anomalous flag: False
Unit cell: (13.215, 13.456, 11.167, 90, 90, 90)
Space group: P 1 (No. 1)
Systematic absences: 0
Centric reflections: 0
Resolution range: 3.96989 2.52592
Completeness in resolution range: 1
Completeness with d_max=infinity: 0.746269
Wavelength: 1.0000

Test (R-free flags) flag value: 1

Number of work/free reflections by resolution:
                                  work free  %free
  bin  1: 3.9699 - 3.6485 [13/13]   13    0   0.0%
  bin  2: 3.6485 - 3.4110 [24/24]   24    0   0.0%
  bin  3: 3.4110 - 3.2254 [16/16]   16    0   0.0%
  bin  4: 3.2254 - 3.0745 [32/32]   24    8  25.0%
  bin  5: 3.0745 - 2.9484 [ 8/8 ]    8    0   0.0%
  bin  6: 2.9484 - 2.8407 [20/20]   20    0   0.0%
  bin  7: 2.8407 - 2.7472 [17/17]   17    0   0.0%
  bin  8: 2.7472 - 2.6649 [15/15]   15    0   0.0%
  bin  9: 2.6649 - 2.5917 [29/29]   25    4  13.8%
  bin 10: 2.5917 - 2.5259 [26/26]   26    0   0.0%
                          overall  188   12   6.0%

                   ----------Processing PDB file(s)----------                  

  Monomer Library directory:
    "/tmp1/m_zhen01/phenix-installer-1.10.1-2155-intel-linux-2.6-x86_64-centos5/phenix-1.10.1-2155/modules/chem_data/mon_lib"
  Total number of atoms: 37
  Number of models: 1
  Model: ""
    Number of chains: 1
    Chain: "A"
      Number of atoms: 37
      Number of conformers: 1
      Conformer: ""
        Number of residues, atoms: 3, 37
          Classifications: {'peptide': 3}
          Modifications used: {'NH2NOTPRO': 1, 'COOH': 1}
          Link IDs: {'TRANS': 2}
  Time building chain proxies: 0.08, per 1000 atoms: 2.16
  Number of scatterers: 37
  At special positions: 0
  Unit cell: (13.215, 13.456, 11.167, 90, 90, 90)
  Space group: P 1 (No. 1)
  Number of sites at special positions: 0
  Number of scattering types: 4
    Type Number    sf(0)
     O       4      8.00
     N       3      7.00
     C      13      6.00
     H      17      1.00
    sf(0) = scattering factor at diffraction angle 0.

  Number of disulfides: simple=0, symmetry=0

  Automatic linking
    Parameters for automatic linking
      Linking & cutoffs
        Metal                : False - 3.50
        Amimo acid           : False - 1.90
        Carbohydrate         : True  - 1.99
        Ligands              : True  - 1.99
        Amino acid - RNA/DNA : False
      
  Number of custom bonds: simple=0, symmetry=0
  Time building additional restraints: 0.02
  Conformation dependent library (CDL) restraints added in 2.3 milliseconds
  
  Adding C-beta torsion restraints...
  Number of C-beta restraints generated:  2
  Time building geometry restraints manager: 0.03 seconds

  NOTE: a complete listing of the restraints can be obtained by requesting
        output of .geo file.

  Histogram of bond lengths:
        0.86 -     0.99: 17
        0.99 -     1.13: 0
        1.13 -     1.27: 3
        1.27 -     1.41: 9
        1.41 -     1.55: 8
  Bond restraints: 37
  Sorted by residual:
  bond pdb=" C   GLY A   2 "
       pdb=" CA  GLY A   2 "
    ideal  model  delta    sigma   weight residual
    1.511  1.546 -0.035 1.34e-02 5.57e+03 6.96e+00
  bond pdb=" N   GLY A   2 "
       pdb=" H   GLY A   2 "
    ideal  model  delta    sigma   weight residual
    0.860  0.908 -0.048 2.00e-02 2.50e+03 5.75e+00
  bond pdb=" C   PHE A   3 "
       pdb=" OXT PHE A   3 "
    ideal  model  delta    sigma   weight residual
    1.330  1.293  0.037 2.00e-02 2.50e+03 3.47e+00
  bond pdb=" CA  PHE A   3 "
       pdb=" N   PHE A   3 "
    ideal  model  delta    sigma   weight residual
    1.458  1.487 -0.029 1.90e-02 2.77e+03 2.41e+00
  bond pdb=" C   GLY A   2 "
       pdb=" O   GLY A   2 "
    ideal  model  delta    sigma   weight residual
    1.236  1.254 -0.018 1.30e-02 5.92e+03 1.88e+00
  ... (remaining 32 not shown)

  Histogram of bond angle deviations from ideal:
      102.87 -   107.36: 5
      107.36 -   111.85: 16
      111.85 -   116.33: 10
      116.33 -   120.82: 18
      120.82 -   125.31: 11
  Bond angle restraints: 60
  Sorted by residual:
  angle pdb=" O   GLY A   1 "
        pdb=" C   GLY A   1 "
        pdb=" N   GLY A   2 "
      ideal   model   delta    sigma   weight residual
     123.00  119.36    3.64 1.60e+00 3.91e-01 5.17e+00
  angle pdb=" O   GLY A   1 "
        pdb=" C   GLY A   1 "
        pdb=" CA  GLY A   1 "
      ideal   model   delta    sigma   weight residual
     120.80  125.10   -4.30 2.10e+00 2.27e-01 4.20e+00
  angle pdb=" CA  PHE A   3 "
        pdb=" CB  PHE A   3 "
        pdb=" HB1 PHE A   3 "
      ideal   model   delta    sigma   weight residual
     109.00  102.87    6.13 3.00e+00 1.11e-01 4.17e+00
  angle pdb=" H1  GLY A   1 "
        pdb=" N   GLY A   1 "
        pdb=" H2  GLY A   1 "
      ideal   model   delta    sigma   weight residual
     109.47  114.29   -4.82 3.00e+00 1.11e-01 2.58e+00
  angle pdb=" OXT PHE A   3 "
        pdb=" C   PHE A   3 "
        pdb=" CA  PHE A   3 "
      ideal   model   delta    sigma   weight residual
     118.60  122.61   -4.01 3.00e+00 1.11e-01 1.79e+00
  ... (remaining 55 not shown)

  Histogram of dihedral angle deviations from ideal:
        0.07 -     2.80: 10
        2.80 -     5.53: 1
        5.53 -     8.25: 0
        8.25 -    10.98: 0
       10.98 -    13.71: 2
  Dihedral angle restraints: 13
    sinusoidal: 3
      harmonic: 10
  Sorted by residual:
  dihedral pdb=" N   PHE A   3 "
           pdb=" CA  PHE A   3 "
           pdb=" CB  PHE A   3 "
           pdb=" CG  PHE A   3 "
      ideal   model   delta sinusoidal    sigma   weight residual
      60.00   46.29   13.71     3      1.50e+01 4.44e-03 1.17e+00
  dihedral pdb=" CA  GLY A   1 "
           pdb=" C   GLY A   1 "
           pdb=" N   GLY A   2 "
           pdb=" CA  GLY A   2 "
      ideal   model   delta  harmonic     sigma   weight residual
     180.00 -177.26   -2.74     0      5.00e+00 4.00e-02 2.99e-01
  dihedral pdb=" OXT PHE A   3 "
           pdb=" C   PHE A   3 "
           pdb=" CA  PHE A   3 "
           pdb=" N   PHE A   3 "
      ideal   model   delta sinusoidal    sigma   weight residual
     160.00  173.21  -13.21     2      3.00e+01 1.11e-03 2.79e-01
  ... (remaining 10 not shown)

  Histogram of chiral volume deviations from ideal:
       0.077 -    0.077: 1
       0.077 -    0.077: 0
       0.077 -    0.077: 0
       0.077 -    0.077: 0
       0.077 -    0.077: 0
  Chirality restraints: 1
  Sorted by residual:
  chirality pdb=" CA  PHE A   3 "
            pdb=" C   PHE A   3 "
            pdb=" N   PHE A   3 "
            pdb=" CB  PHE A   3 "
    both_signs  ideal   model   delta    sigma   weight residual
      False     -2.51   -2.59    0.08 2.00e-01 2.50e+01 1.48e-01

  Planarity restraints: 6
  Sorted by residual:
                                 delta    sigma   weight rms_deltas residual
  plane pdb=" CB  PHE A   3 "    0.024 2.00e-02 2.50e+03   1.16e-02 4.02e+00
        pdb=" CG  PHE A   3 "   -0.028 2.00e-02 2.50e+03
        pdb=" CD1 PHE A   3 "   -0.001 2.00e-02 2.50e+03
        pdb=" HD1 PHE A   3 "   -0.010 2.00e-02 2.50e+03
        pdb=" CE1 PHE A   3 "    0.006 2.00e-02 2.50e+03
        pdb=" HE1 PHE A   3 "    0.007 2.00e-02 2.50e+03
        pdb=" CZ  PHE A   3 "    0.001 2.00e-02 2.50e+03
        pdb=" HZ  PHE A   3 "    0.003 2.00e-02 2.50e+03
        pdb=" CE2 PHE A   3 "   -0.001 2.00e-02 2.50e+03
        pdb=" HE2 PHE A   3 "   -0.001 2.00e-02 2.50e+03
        pdb=" CD2 PHE A   3 "   -0.005 2.00e-02 2.50e+03
        pdb=" HD2 PHE A   3 "    0.005 2.00e-02 2.50e+03
                                 delta    sigma   weight rms_deltas residual
  plane pdb=" C   GLY A   1 "    0.010 2.00e-02 2.50e+03   1.88e-02 3.53e+00
        pdb=" CA  GLY A   2 "    0.008 2.00e-02 2.50e+03
        pdb=" N   GLY A   2 "   -0.032 2.00e-02 2.50e+03
        pdb=" H   GLY A   2 "    0.014 2.00e-02 2.50e+03
                                 delta    sigma   weight rms_deltas residual
  plane pdb=" C   GLY A   2 "    0.018 2.00e-02 2.50e+03   1.04e-02 1.08e+00
        pdb=" O   GLY A   2 "   -0.007 2.00e-02 2.50e+03
        pdb=" CA  GLY A   2 "   -0.005 2.00e-02 2.50e+03
        pdb=" N   PHE A   3 "   -0.006 2.00e-02 2.50e+03
  ... (remaining 3 not shown)

  Histogram of nonbonded interaction distances:
        1.96 -     2.55: 23
        2.55 -     3.13: 49
        3.13 -     3.72: 87
        3.72 -     4.31: 70
        4.31 -     4.90: 97
  Nonbonded interactions: 326
  Sorted by model distance:
  nonbonded pdb=" HA1 GLY A   1 "
            pdb=" H2  GLY A   1 "
     model   vdw
     1.958 1.816
  nonbonded pdb=" HA1 GLY A   2 "
            pdb=" H   GLY A   2 "
     model   vdw
     2.076 1.816
  nonbonded pdb=" O   PHE A   3 "
            pdb=" HXT PHE A   3 "
     model   vdw
     2.165 2.056
  nonbonded pdb=" O   PHE A   3 "
            pdb=" H   PHE A   3 "
     model   vdw
     2.193 1.970
  nonbonded pdb=" HA  PHE A   3 "
            pdb=" HB2 PHE A   3 "
     model   vdw
     2.201 1.952
  ... (remaining 321 not shown)

  NOTE: a complete listing of the restraints can be obtained by requesting
        output of .geo file.

                   ----------xray_structure summary----------                  

Number of scattering types: 4
  Type Number    sf(0)   Gaussians
   O       4      7.97       2
   N       3      6.97       2
   C      13      5.97       2
   H      17      1.00       2
  sf(0) = scattering factor at diffraction angle 0.
Number of scatterers: 37
At special positions: 0
Unit cell: (13.215, 13.456, 11.167, 90, 90, 90)
Space group: P 1 (No. 1)

End of input processing
r_work=0.2392 r_free=0.1740
params.data_weight: None
params.restraints: cctbx
rmsd(b), start:  0.0902
mc:   0 R: 0.0683 rmsd(b):  0.1101 restraint_scale:  2.0 min_steps: 33
mc:   1 R: 0.0418 rmsd(b):  0.0696 restraint_scale:  4.0 min_steps: 17
mc:   2 R: 0.0240 rmsd(b):  0.0287 restraint_scale:  4.0 min_steps: 17
mc:   3 R: 0.0088 rmsd(b):  0.0224 restraint_scale:  4.0 min_steps: 23
mc:   4 R: 0.0058 rmsd(b):  0.0286 restraint_scale:  4.0 min_steps: 42
mc:   5 R: 0.0058 rmsd(b):  0.0283 restraint_scale:  4.0 min_steps: 7
Convergence reached, stop now.
see the result structure:  ./p26/04_results/refine_cctbx/235_GGF05-new/0.3/3.pdb
Time: 5.7485
