phenix.python
you are importing  adaptive calculator, and it does nothing. Please give it energy, force....... 

============================== Collecting inputs ==============================


                   ----------Processing X-ray data----------                   

F-obs:
  /scratch/m_zhen01/30993.lupus.uni-muenster.de/p26/02_mtz/205_WG05-new.mtz:F-obs
Miller array info: None
Observation type: xray.amplitude
Type of data: double, size=191
Type of sigmas: None
Number of Miller indices: 191
Anomalous flag: False
Unit cell: (16.777, 9.89, 11.507, 90, 90, 90)
Space group: P 1 (No. 1)
Systematic absences: 0
Centric reflections: 0
Resolution range: 3.99495 2.50013
Completeness in resolution range: 1
Completeness with d_max=infinity: 0.760956

Number of F-obs in resolution range:                   191
Number of F-obs<0 (these reflections will be rejected): 0
Number of F-obs=0 (these reflections will be used in refinement): 0
Refinement resolution range: d_max =   3.9949
                             d_min =   2.5001

R-free flags:
  /scratch/m_zhen01/30993.lupus.uni-muenster.de/p26/02_mtz/205_WG05-new.mtz:R-free-flags
Miller array info: /scratch/m_zhen01/30993.lupus.uni-muenster.de/p26/02_mtz/205_WG05-new.mtz:R-free-flags
Observation type: None
Type of data: int, size=191
Type of sigmas: None
Number of Miller indices: 191
Anomalous flag: False
Unit cell: (16.777, 9.89, 11.507, 90, 90, 90)
Space group: P 1 (No. 1)
Systematic absences: 0
Centric reflections: 0
Resolution range: 3.99495 2.50013
Completeness in resolution range: 1
Completeness with d_max=infinity: 0.760956
Wavelength: 1.0000

Test (R-free flags) flag value: 1

Number of work/free reflections by resolution:
                                  work free  %free
  bin  1: 3.9950 - 3.6529 [27/27]   23    4  14.8%
  bin  2: 3.6529 - 3.4043 [16/16]   12    4  25.0%
  bin  3: 3.4043 - 3.2120 [12/12]   12    0   0.0%
  bin  4: 3.2120 - 3.0569 [30/30]   26    4  13.3%
  bin  5: 3.0569 - 2.9280 [14/14]   14    0   0.0%
  bin  6: 2.9280 - 2.8184 [19/19]   19    0   0.0%
  bin  7: 2.8184 - 2.7236 [21/21]   21    0   0.0%
  bin  8: 2.7236 - 2.6403 [22/22]   22    0   0.0%
  bin  9: 2.6403 - 2.5664 [10/10]    6    4  40.0%
  bin 10: 2.5664 - 2.5001 [20/20]   20    0   0.0%
                          overall  175   16   8.4%

                   ----------Processing PDB file(s)----------                  

  Monomer Library directory:
    "/tmp1/m_zhen01/phenix-installer-1.10.1-2155-intel-linux-2.6-x86_64-centos5/phenix-1.10.1-2155/modules/chem_data/mon_lib"
  Total number of atoms: 34
  Number of models: 1
  Model: ""
    Number of chains: 1
    Chain: "A"
      Number of atoms: 34
      Number of conformers: 1
      Conformer: ""
        Number of residues, atoms: 2, 34
          Classifications: {'peptide': 2}
          Modifications used: {'NH2NOTPRO': 1, 'COOH': 1}
          Link IDs: {'TRANS': 1}
  Time building chain proxies: 0.07, per 1000 atoms: 2.06
  Number of scatterers: 34
  At special positions: 0
  Unit cell: (16.777, 9.89, 11.507, 90, 90, 90)
  Space group: P 1 (No. 1)
  Number of sites at special positions: 0
  Number of scattering types: 4
    Type Number    sf(0)
     O       3      8.00
     N       3      7.00
     C      13      6.00
     H      15      1.00
    sf(0) = scattering factor at diffraction angle 0.

  Number of disulfides: simple=0, symmetry=0

  Automatic linking
    Parameters for automatic linking
      Linking & cutoffs
        Metal                : False - 3.50
        Amimo acid           : False - 1.90
        Carbohydrate         : True  - 1.99
        Ligands              : True  - 1.99
        Amino acid - RNA/DNA : False
      
  Number of custom bonds: simple=0, symmetry=0
  Time building additional restraints: 0.02
  Conformation dependent library (CDL) restraints added in 524.0 microseconds
  
  Adding C-beta torsion restraints...
  Number of C-beta restraints generated:  2
  Time building geometry restraints manager: 0.03 seconds

  NOTE: a complete listing of the restraints can be obtained by requesting
        output of .geo file.

  Histogram of bond lengths:
        0.81 -     0.95: 9
        0.95 -     1.10: 6
        1.10 -     1.24: 2
        1.24 -     1.39: 9
        1.39 -     1.53: 9
  Bond restraints: 35
  Sorted by residual:
  bond pdb=" CZ2 TRP A   1 "
       pdb=" HZ2 TRP A   1 "
    ideal  model  delta    sigma   weight residual
    0.930  0.990 -0.060 2.00e-02 2.50e+03 8.87e+00
  bond pdb=" N   GLY A   2 "
       pdb=" H   GLY A   2 "
    ideal  model  delta    sigma   weight residual
    0.860  0.810  0.050 2.00e-02 2.50e+03 6.30e+00
  bond pdb=" CZ3 TRP A   1 "
       pdb=" HZ3 TRP A   1 "
    ideal  model  delta    sigma   weight residual
    0.930  0.889  0.041 2.00e-02 2.50e+03 4.20e+00
  bond pdb=" N   TRP A   1 "
       pdb=" H1  TRP A   1 "
    ideal  model  delta    sigma   weight residual
    0.960  1.000 -0.040 2.00e-02 2.50e+03 4.04e+00
  bond pdb=" CA  GLY A   2 "
       pdb=" HA2 GLY A   2 "
    ideal  model  delta    sigma   weight residual
    0.970  0.931  0.039 2.00e-02 2.50e+03 3.72e+00
  ... (remaining 30 not shown)

  Histogram of bond angle deviations from ideal:
      105.42 -   111.06: 18
      111.06 -   116.70: 10
      116.70 -   122.34: 17
      122.34 -   127.98: 8
      127.98 -   133.62: 4
  Bond angle restraints: 57
  Sorted by residual:
  angle pdb=" CA  TRP A   1 "
        pdb=" CB  TRP A   1 "
        pdb=" CG  TRP A   1 "
      ideal   model   delta    sigma   weight residual
     113.60  109.95    3.65 1.90e+00 2.77e-01 3.69e+00
  angle pdb=" OXT GLY A   2 "
        pdb=" C   GLY A   2 "
        pdb=" CA  GLY A   2 "
      ideal   model   delta    sigma   weight residual
     118.60  122.81   -4.21 3.00e+00 1.11e-01 1.97e+00
  angle pdb=" HA  TRP A   1 "
        pdb=" CA  TRP A   1 "
        pdb=" N   TRP A   1 "
      ideal   model   delta    sigma   weight residual
     110.00  105.83    4.17 3.00e+00 1.11e-01 1.94e+00
  angle pdb=" NE1 TRP A   1 "
        pdb=" CE2 TRP A   1 "
        pdb=" CD2 TRP A   1 "
      ideal   model   delta    sigma   weight residual
     107.40  109.19   -1.79 1.30e+00 5.92e-01 1.90e+00
  angle pdb=" HB1 TRP A   1 "
        pdb=" CB  TRP A   1 "
        pdb=" CG  TRP A   1 "
      ideal   model   delta    sigma   weight residual
     108.00  111.66   -3.66 3.00e+00 1.11e-01 1.49e+00
  ... (remaining 52 not shown)

  Histogram of dihedral angle deviations from ideal:
        0.24 -    35.72: 11
       35.72 -    71.19: 1
       71.19 -   106.66: 0
      106.66 -   142.14: 0
      142.14 -   177.61: 1
  Dihedral angle restraints: 13
    sinusoidal: 3
      harmonic: 10
  Sorted by residual:
  dihedral pdb=" O   GLY A   2 "
           pdb=" C   GLY A   2 "
           pdb=" OXT GLY A   2 "
           pdb=" HXT GLY A   2 "
      ideal   model   delta  harmonic     sigma   weight residual
       0.00  177.61 -177.61     0      3.00e+01 1.11e-03 3.51e+01
  dihedral pdb=" OXT GLY A   2 "
           pdb=" C   GLY A   2 "
           pdb=" CA  GLY A   2 "
           pdb=" N   GLY A   2 "
      ideal   model   delta sinusoidal    sigma   weight residual
     -20.00  -62.00   42.00     2      3.00e+01 1.11e-03 2.39e+00
  dihedral pdb=" N   TRP A   1 "
           pdb=" CA  TRP A   1 "
           pdb=" CB  TRP A   1 "
           pdb=" CG  TRP A   1 "
      ideal   model   delta sinusoidal    sigma   weight residual
      60.00   45.13   14.87     3      1.50e+01 4.44e-03 1.37e+00
  ... (remaining 10 not shown)

  Histogram of chiral volume deviations from ideal:
       0.113 -    0.113: 1
       0.113 -    0.113: 0
       0.113 -    0.113: 0
       0.113 -    0.113: 0
       0.113 -    0.113: 0
  Chirality restraints: 1
  Sorted by residual:
  chirality pdb=" CA  TRP A   1 "
            pdb=" C   TRP A   1 "
            pdb=" N   TRP A   1 "
            pdb=" CB  TRP A   1 "
    both_signs  ideal   model   delta    sigma   weight residual
      False     -2.51   -2.40   -0.11 2.00e-01 2.50e+01 3.17e-01

  Planarity restraints: 4
  Sorted by residual:
                                 delta    sigma   weight rms_deltas residual
  plane pdb=" C   TRP A   1 "    0.044 2.00e-02 2.50e+03   2.52e-02 6.34e+00
        pdb=" O   TRP A   1 "   -0.017 2.00e-02 2.50e+03
        pdb=" CA  TRP A   1 "   -0.012 2.00e-02 2.50e+03
        pdb=" N   GLY A   2 "   -0.015 2.00e-02 2.50e+03
                                 delta    sigma   weight rms_deltas residual
  plane pdb=" O   GLY A   2 "    0.005 2.00e-02 2.50e+03   1.65e-02 3.39e+00
        pdb=" C   GLY A   2 "    0.011 2.00e-02 2.50e+03
        pdb=" OXT GLY A   2 "   -0.027 2.00e-02 2.50e+03
        pdb=" HXT GLY A   2 "    0.020 2.00e-02 2.50e+03
        pdb=" CA  GLY A   2 "   -0.009 2.00e-02 2.50e+03
                                 delta    sigma   weight rms_deltas residual
  plane pdb=" CB  TRP A   1 "    0.002 2.00e-02 2.50e+03   8.38e-03 2.81e+00
        pdb=" CG  TRP A   1 "    0.007 2.00e-02 2.50e+03
        pdb=" CD1 TRP A   1 "   -0.012 2.00e-02 2.50e+03
        pdb=" HD1 TRP A   1 "    0.005 2.00e-02 2.50e+03
        pdb=" NE1 TRP A   1 "   -0.009 2.00e-02 2.50e+03
        pdb=" HE1 TRP A   1 "    0.008 2.00e-02 2.50e+03
        pdb=" CE2 TRP A   1 "   -0.007 2.00e-02 2.50e+03
        pdb=" CZ2 TRP A   1 "    0.001 2.00e-02 2.50e+03
        pdb=" HZ2 TRP A   1 "    0.009 2.00e-02 2.50e+03
        pdb=" CH2 TRP A   1 "    0.012 2.00e-02 2.50e+03
        pdb=" HH2 TRP A   1 "   -0.013 2.00e-02 2.50e+03
        pdb=" CZ3 TRP A   1 "   -0.007 2.00e-02 2.50e+03
        pdb=" HZ3 TRP A   1 "    0.005 2.00e-02 2.50e+03
        pdb=" CE3 TRP A   1 "    0.011 2.00e-02 2.50e+03
        pdb=" HE3 TRP A   1 "   -0.002 2.00e-02 2.50e+03
        pdb=" CD2 TRP A   1 "   -0.012 2.00e-02 2.50e+03
  ... (remaining 1 not shown)

  Histogram of nonbonded interaction distances:
        2.16 -     2.70: 29
        2.70 -     3.25: 44
        3.25 -     3.80: 49
        3.80 -     4.34: 43
        4.34 -     4.89: 54
  Nonbonded interactions: 219
  Sorted by model distance:
  nonbonded pdb=" HA  TRP A   1 "
            pdb=" HB1 TRP A   1 "
     model   vdw
     2.157 1.952
  nonbonded pdb=" HA  TRP A   1 "
            pdb=" H1  TRP A   1 "
     model   vdw
     2.209 1.816
  nonbonded pdb=" HZ3 TRP A   1 "
            pdb=" HE3 TRP A   1 "
     model   vdw
     2.267 1.680
  nonbonded pdb=" HA  TRP A   1 "
            pdb=" H2  TRP A   1 "
     model   vdw
     2.298 1.816
  nonbonded pdb=" HH2 TRP A   1 "
            pdb=" HZ3 TRP A   1 "
     model   vdw
     2.336 1.680
  ... (remaining 214 not shown)

  NOTE: a complete listing of the restraints can be obtained by requesting
        output of .geo file.

                   ----------xray_structure summary----------                  

Number of scattering types: 4
  Type Number    sf(0)   Gaussians
   O       3      7.97       2
   N       3      6.97       2
   C      13      5.97       2
   H      15      1.00       2
  sf(0) = scattering factor at diffraction angle 0.
Number of scatterers: 34
At special positions: 0
Unit cell: (16.777, 9.89, 11.507, 90, 90, 90)
Space group: P 1 (No. 1)

End of input processing
r_work=0.5164 r_free=0.4467
params.data_weight: 0.0
params.restraints: cctbx
rmsd(b), start:  0.0903
mc:   0 R: 0.5241 rmsd(b):  0.0009 restraint_scale:  1.0 min_steps: 56
mc:   1 R: 0.5312 rmsd(b):  0.0010 restraint_scale:  1.0 min_steps: 53
mc:   2 R: 0.5379 rmsd(b):  0.0008 restraint_scale:  1.0 min_steps: 56
mc:   3 R: 0.5477 rmsd(b):  0.0007 restraint_scale:  1.0 min_steps: 55
mc:   4 R: 0.5536 rmsd(b):  0.0006 restraint_scale:  1.0 min_steps: 55
mc:   5 R: 0.5583 rmsd(b):  0.0007 restraint_scale:  1.0 min_steps: 55
mc:   6 R: 0.5588 rmsd(b):  0.0005 restraint_scale:  1.0 min_steps: 54
mc:   7 R: 0.5591 rmsd(b):  0.0007 restraint_scale:  1.0 min_steps: 53
mc:   8 R: 0.5582 rmsd(b):  0.0005 restraint_scale:  1.0 min_steps: 57
mc:   9 R: 0.5561 rmsd(b):  0.0003 restraint_scale:  1.0 min_steps: 56
mc:  10 R: 0.5545 rmsd(b):  0.0006 restraint_scale:  1.0 min_steps: 57
mc:  11 R: 0.5533 rmsd(b):  0.0004 restraint_scale:  1.0 min_steps: 52
mc:  12 R: 0.5516 rmsd(b):  0.0006 restraint_scale:  1.0 min_steps: 53
mc:  13 R: 0.5508 rmsd(b):  0.0004 restraint_scale:  1.0 min_steps: 53
Convergence reached, stop now.
see the result structure:  ./p26/04_results/opt_cctbx/205_WG05-new/1.2/6.pdb
Time: 7.3017
