phenix.python
you are importing  adaptive calculator, and it does nothing. Please give it energy, force....... 

============================== Collecting inputs ==============================


                   ----------Processing X-ray data----------                   

F-obs:
  /scratch/m_zhen01/30994.lupus.uni-muenster.de/p26/02_mtz/217_WGG09-new.mtz:F-obs
Miller array info: None
Observation type: xray.amplitude
Type of data: double, size=226
Type of sigmas: None
Number of Miller indices: 226
Anomalous flag: False
Unit cell: (13.892, 11.261, 14.204, 90, 90, 90)
Space group: P 1 (No. 1)
Systematic absences: 0
Centric reflections: 0
Resolution range: 3.91224 2.50738
Completeness in resolution range: 1
Completeness with d_max=infinity: 0.748344

Number of F-obs in resolution range:                   226
Number of F-obs<0 (these reflections will be rejected): 0
Number of F-obs=0 (these reflections will be used in refinement): 0
Refinement resolution range: d_max =   3.9122
                             d_min =   2.5074

R-free flags:
  /scratch/m_zhen01/30994.lupus.uni-muenster.de/p26/02_mtz/217_WGG09-new.mtz:R-free-flags
Miller array info: /scratch/m_zhen01/30994.lupus.uni-muenster.de/p26/02_mtz/217_WGG09-new.mtz:R-free-flags
Observation type: None
Type of data: int, size=226
Type of sigmas: None
Number of Miller indices: 226
Anomalous flag: False
Unit cell: (13.892, 11.261, 14.204, 90, 90, 90)
Space group: P 1 (No. 1)
Systematic absences: 0
Centric reflections: 0
Resolution range: 3.91224 2.50738
Completeness in resolution range: 1
Completeness with d_max=infinity: 0.748344
Wavelength: 1.0000

Test (R-free flags) flag value: 1

Number of work/free reflections by resolution:
                                  work free  %free
  bin  1: 3.9122 - 3.6033 [23/23]   15    8  34.8%
  bin  2: 3.6033 - 3.3735 [22/22]   22    0   0.0%
  bin  3: 3.3735 - 3.1929 [32/32]   32    0   0.0%
  bin  4: 3.1929 - 3.0457 [ 8/8 ]    8    0   0.0%
  bin  5: 3.0457 - 2.9224 [22/22]   18    4  18.2%
  bin  6: 2.9224 - 2.8168 [21/21]   21    0   0.0%
  bin  7: 2.8168 - 2.7251 [26/26]   26    0   0.0%
  bin  8: 2.7251 - 2.6442 [26/26]   26    0   0.0%
  bin  9: 2.6442 - 2.5722 [10/10]   10    0   0.0%
  bin 10: 2.5722 - 2.5074 [36/36]   28    8  22.2%
                          overall  206   20   8.8%

                   ----------Processing PDB file(s)----------                  

  Monomer Library directory:
    "/tmp1/m_zhen01/phenix-installer-1.10.1-2155-intel-linux-2.6-x86_64-centos5/phenix-1.10.1-2155/modules/chem_data/mon_lib"
  Total number of atoms: 41
  Number of models: 1
  Model: ""
    Number of chains: 1
    Chain: "A"
      Number of atoms: 41
      Number of conformers: 1
      Conformer: ""
        Number of residues, atoms: 3, 41
          Classifications: {'peptide': 3}
          Modifications used: {'NH2NOTPRO': 1, 'COOH': 1}
          Link IDs: {'TRANS': 2}
  Time building chain proxies: 0.07, per 1000 atoms: 1.71
  Number of scatterers: 41
  At special positions: 0
  Unit cell: (13.892, 11.261, 14.204, 90, 90, 90)
  Space group: P 1 (No. 1)
  Number of sites at special positions: 0
  Number of scattering types: 4
    Type Number    sf(0)
     O       4      8.00
     N       4      7.00
     C      15      6.00
     H      18      1.00
    sf(0) = scattering factor at diffraction angle 0.

  Number of disulfides: simple=0, symmetry=0

  Automatic linking
    Parameters for automatic linking
      Linking & cutoffs
        Metal                : False - 3.50
        Amimo acid           : False - 1.90
        Carbohydrate         : True  - 1.99
        Ligands              : True  - 1.99
        Amino acid - RNA/DNA : False
      
  Number of custom bonds: simple=0, symmetry=0
  Time building additional restraints: 0.03
  Conformation dependent library (CDL) restraints added in 2.8 milliseconds
  
  Adding C-beta torsion restraints...
  Number of C-beta restraints generated:  2
  Time building geometry restraints manager: 0.03 seconds

  NOTE: a complete listing of the restraints can be obtained by requesting
        output of .geo file.

  Histogram of bond lengths:
        0.82 -     0.97: 12
        0.97 -     1.12: 6
        1.12 -     1.27: 3
        1.27 -     1.41: 11
        1.41 -     1.56: 10
  Bond restraints: 42
  Sorted by residual:
  bond pdb=" CZ3 TRP A   1 "
       pdb=" HZ3 TRP A   1 "
    ideal  model  delta    sigma   weight residual
    0.930  0.879  0.051 2.00e-02 2.50e+03 6.50e+00
  bond pdb=" CA  TRP A   1 "
       pdb=" HA  TRP A   1 "
    ideal  model  delta    sigma   weight residual
    0.970  1.019 -0.049 2.00e-02 2.50e+03 6.08e+00
  bond pdb=" N   TRP A   1 "
       pdb=" H1  TRP A   1 "
    ideal  model  delta    sigma   weight residual
    0.960  1.009 -0.049 2.00e-02 2.50e+03 5.99e+00
  bond pdb=" CA  GLY A   2 "
       pdb=" HA1 GLY A   2 "
    ideal  model  delta    sigma   weight residual
    0.970  1.013 -0.043 2.00e-02 2.50e+03 4.56e+00
  bond pdb=" CD1 TRP A   1 "
       pdb=" HD1 TRP A   1 "
    ideal  model  delta    sigma   weight residual
    0.930  0.890  0.040 2.00e-02 2.50e+03 4.02e+00
  ... (remaining 37 not shown)

  Histogram of bond angle deviations from ideal:
      105.29 -   111.29: 26
      111.29 -   117.30: 10
      117.30 -   123.30: 25
      123.30 -   129.31: 6
      129.31 -   135.31: 2
  Bond angle restraints: 69
  Sorted by residual:
  angle pdb=" C   GLY A   3 "
        pdb=" CA  GLY A   3 "
        pdb=" N   GLY A   3 "
      ideal   model   delta    sigma   weight residual
     113.30  108.55    4.75 2.90e+00 1.19e-01 2.68e+00
  angle pdb=" C   TRP A   1 "
        pdb=" N   GLY A   2 "
        pdb=" H   GLY A   2 "
      ideal   model   delta    sigma   weight residual
     124.30  119.97    4.33 3.00e+00 1.11e-01 2.08e+00
  angle pdb=" CG  TRP A   1 "
        pdb=" CD2 TRP A   1 "
        pdb=" CE3 TRP A   1 "
      ideal   model   delta    sigma   weight residual
     133.90  135.31   -1.41 1.00e+00 1.00e+00 1.99e+00
  angle pdb=" O   TRP A   1 "
        pdb=" C   TRP A   1 "
        pdb=" CA  TRP A   1 "
      ideal   model   delta    sigma   weight residual
     120.80  118.60    2.20 1.70e+00 3.46e-01 1.68e+00
  angle pdb=" C   GLY A   2 "
        pdb=" CA  GLY A   2 "
        pdb=" HA2 GLY A   2 "
      ideal   model   delta    sigma   weight residual
     109.00  105.29    3.71 3.00e+00 1.11e-01 1.53e+00
  ... (remaining 64 not shown)

  Histogram of dihedral angle deviations from ideal:
        0.50 -    36.04: 13
       36.04 -    71.58: 0
       71.58 -   107.12: 0
      107.12 -   142.67: 0
      142.67 -   178.21: 1
  Dihedral angle restraints: 14
    sinusoidal: 3
      harmonic: 11
  Sorted by residual:
  dihedral pdb=" O   GLY A   3 "
           pdb=" C   GLY A   3 "
           pdb=" OXT GLY A   3 "
           pdb=" HXT GLY A   3 "
      ideal   model   delta  harmonic     sigma   weight residual
       0.00 -178.21  178.21     0      3.00e+01 1.11e-03 3.53e+01
  dihedral pdb=" N   TRP A   1 "
           pdb=" CA  TRP A   1 "
           pdb=" CB  TRP A   1 "
           pdb=" CG  TRP A   1 "
      ideal   model   delta sinusoidal    sigma   weight residual
     180.00 -165.24  -14.76     3      1.50e+01 4.44e-03 1.35e+00
  dihedral pdb=" CA  TRP A   1 "
           pdb=" CB  TRP A   1 "
           pdb=" CG  TRP A   1 "
           pdb=" CD1 TRP A   1 "
      ideal   model   delta sinusoidal    sigma   weight residual
     -90.00  -72.61  -17.39     2      2.00e+01 2.50e-03 1.07e+00
  ... (remaining 11 not shown)

  Histogram of chiral volume deviations from ideal:
       0.041 -    0.041: 1
       0.041 -    0.041: 0
       0.041 -    0.041: 0
       0.041 -    0.041: 0
       0.041 -    0.041: 0
  Chirality restraints: 1
  Sorted by residual:
  chirality pdb=" CA  TRP A   1 "
            pdb=" C   TRP A   1 "
            pdb=" N   TRP A   1 "
            pdb=" CB  TRP A   1 "
    both_signs  ideal   model   delta    sigma   weight residual
      False     -2.51   -2.55    0.04 2.00e-01 2.50e+01 4.11e-02

  Planarity restraints: 6
  Sorted by residual:
                                 delta    sigma   weight rms_deltas residual
  plane pdb=" CB  TRP A   1 "    0.007 2.00e-02 2.50e+03   1.57e-02 9.86e+00
        pdb=" CG  TRP A   1 "    0.005 2.00e-02 2.50e+03
        pdb=" CD1 TRP A   1 "    0.008 2.00e-02 2.50e+03
        pdb=" HD1 TRP A   1 "   -0.028 2.00e-02 2.50e+03
        pdb=" NE1 TRP A   1 "    0.013 2.00e-02 2.50e+03
        pdb=" HE1 TRP A   1 "    0.022 2.00e-02 2.50e+03
        pdb=" CE2 TRP A   1 "    0.002 2.00e-02 2.50e+03
        pdb=" CZ2 TRP A   1 "    0.006 2.00e-02 2.50e+03
        pdb=" HZ2 TRP A   1 "   -0.026 2.00e-02 2.50e+03
        pdb=" CH2 TRP A   1 "   -0.006 2.00e-02 2.50e+03
        pdb=" HH2 TRP A   1 "    0.017 2.00e-02 2.50e+03
        pdb=" CZ3 TRP A   1 "   -0.011 2.00e-02 2.50e+03
        pdb=" HZ3 TRP A   1 "    0.009 2.00e-02 2.50e+03
        pdb=" CE3 TRP A   1 "   -0.028 2.00e-02 2.50e+03
        pdb=" HE3 TRP A   1 "    0.016 2.00e-02 2.50e+03
        pdb=" CD2 TRP A   1 "   -0.005 2.00e-02 2.50e+03
                                 delta    sigma   weight rms_deltas residual
  plane pdb=" O   GLY A   3 "    0.008 2.00e-02 2.50e+03   7.48e-03 7.00e-01
        pdb=" C   GLY A   3 "   -0.014 2.00e-02 2.50e+03
        pdb=" OXT GLY A   3 "   -0.001 2.00e-02 2.50e+03
        pdb=" HXT GLY A   3 "    0.005 2.00e-02 2.50e+03
        pdb=" CA  GLY A   3 "    0.002 2.00e-02 2.50e+03
                                 delta    sigma   weight rms_deltas residual
  plane pdb=" C   TRP A   1 "    0.002 2.00e-02 2.50e+03   3.93e-03 1.55e-01
        pdb=" CA  GLY A   2 "    0.002 2.00e-02 2.50e+03
        pdb=" N   GLY A   2 "   -0.007 2.00e-02 2.50e+03
        pdb=" H   GLY A   2 "    0.003 2.00e-02 2.50e+03
  ... (remaining 3 not shown)

  Histogram of nonbonded interaction distances:
        2.20 -     2.74: 47
        2.74 -     3.28: 58
        3.28 -     3.82: 60
        3.82 -     4.36: 64
        4.36 -     4.90: 87
  Nonbonded interactions: 316
  Sorted by model distance:
  nonbonded pdb=" HA2 GLY A   2 "
            pdb=" H   GLY A   2 "
     model   vdw
     2.196 1.816
  nonbonded pdb=" HA  TRP A   1 "
            pdb=" H2  TRP A   1 "
     model   vdw
     2.198 1.816
  nonbonded pdb=" HA2 GLY A   3 "
            pdb=" H   GLY A   3 "
     model   vdw
     2.269 1.816
  nonbonded pdb=" HXT GLY A   3 "
            pdb=" HA1 GLY A   3 "
     model   vdw
     2.269 2.270
  nonbonded pdb=" HH2 TRP A   1 "
            pdb=" HZ3 TRP A   1 "
     model   vdw
     2.289 1.680
  ... (remaining 311 not shown)

  NOTE: a complete listing of the restraints can be obtained by requesting
        output of .geo file.

                   ----------xray_structure summary----------                  

Number of scattering types: 4
  Type Number    sf(0)   Gaussians
   O       4      7.97       2
   N       4      6.97       2
   C      15      5.97       2
   H      18      1.00       2
  sf(0) = scattering factor at diffraction angle 0.
Number of scatterers: 41
At special positions: 0
Unit cell: (13.892, 11.261, 14.204, 90, 90, 90)
Space group: P 1 (No. 1)

End of input processing
r_work=0.5953 r_free=0.6083
params.data_weight: 0.0
params.restraints: qm
rmsd(b), start:  0.0891
mc:   0 R: 0.5703 rmsd(b):  0.0291 restraint_scale:  1.0 min_steps: 52
mc:   1 R: 0.5616 rmsd(b):  0.0287 restraint_scale:  1.0 min_steps: 52
mc:   2 R: 0.5327 rmsd(b):  0.0289 restraint_scale:  1.0 min_steps: 55
mc:   3 R: 0.5348 rmsd(b):  0.0278 restraint_scale:  1.0 min_steps: 53
mc:   4 R: 0.5348 rmsd(b):  0.0279 restraint_scale:  1.0 min_steps: 7
Convergence reached, stop now.
see the result structure:  ./p26/04_results/opt_qm/217_WGG09-new/1.2/2.pdb
Time: 208.8757
