phenix.python
you are importing  adaptive calculator, and it does nothing. Please give it energy, force....... 

============================== Collecting inputs ==============================


                   ----------Processing X-ray data----------                   

F-obs:
  /scratch/m_zhen01/31011.lupus.uni-muenster.de/p26/02_mtz/228_GGF08-new.mtz:F-obs
Miller array info: None
Observation type: xray.amplitude
Type of data: double, size=205
Type of sigmas: None
Number of Miller indices: 205
Anomalous flag: False
Unit cell: (15.127, 10.801, 12.687, 90, 90, 90)
Space group: P 1 (No. 1)
Systematic absences: 0
Centric reflections: 0
Resolution range: 3.96812 2.50244
Completeness in resolution range: 1
Completeness with d_max=infinity: 0.756458

Number of F-obs in resolution range:                   205
Number of F-obs<0 (these reflections will be rejected): 0
Number of F-obs=0 (these reflections will be used in refinement): 0
Refinement resolution range: d_max =   3.9681
                             d_min =   2.5024

R-free flags:
  /scratch/m_zhen01/31011.lupus.uni-muenster.de/p26/02_mtz/228_GGF08-new.mtz:R-free-flags
Miller array info: /scratch/m_zhen01/31011.lupus.uni-muenster.de/p26/02_mtz/228_GGF08-new.mtz:R-free-flags
Observation type: None
Type of data: int, size=205
Type of sigmas: None
Number of Miller indices: 205
Anomalous flag: False
Unit cell: (15.127, 10.801, 12.687, 90, 90, 90)
Space group: P 1 (No. 1)
Systematic absences: 0
Centric reflections: 0
Resolution range: 3.96812 2.50244
Completeness in resolution range: 1
Completeness with d_max=infinity: 0.756458
Wavelength: 1.0000

Test (R-free flags) flag value: 1

Number of work/free reflections by resolution:
                                  work free  %free
  bin  1: 3.9681 - 3.6370 [21/21]   19    2   9.5%
  bin  2: 3.6370 - 3.3945 [25/25]   21    4  16.0%
  bin  3: 3.3945 - 3.2060 [16/16]   16    0   0.0%
  bin  4: 3.2060 - 3.0534 [27/27]   27    0   0.0%
  bin  5: 3.0534 - 2.9262 [19/19]   15    4  21.1%
  bin  6: 2.9262 - 2.8179 [22/22]   22    0   0.0%
  bin  7: 2.8179 - 2.7241 [18/18]   18    0   0.0%
  bin  8: 2.7241 - 2.6416 [21/21]   21    0   0.0%
  bin  9: 2.6416 - 2.5682 [26/26]   24    2   7.7%
  bin 10: 2.5682 - 2.5024 [10/10]   10    0   0.0%
                          overall  193   12   5.9%

                   ----------Processing PDB file(s)----------                  

  Monomer Library directory:
    "/tmp1/m_zhen01/phenix-installer-1.10.1-2155-intel-linux-2.6-x86_64-centos5/phenix-1.10.1-2155/modules/chem_data/mon_lib"
  Total number of atoms: 37
  Number of models: 1
  Model: ""
    Number of chains: 1
    Chain: "A"
      Number of atoms: 37
      Number of conformers: 1
      Conformer: ""
        Number of residues, atoms: 3, 37
          Classifications: {'peptide': 3}
          Modifications used: {'NH2NOTPRO': 1, 'COOH': 1}
          Link IDs: {'TRANS': 2}
  Time building chain proxies: 0.08, per 1000 atoms: 2.16
  Number of scatterers: 37
  At special positions: 0
  Unit cell: (15.127, 10.801, 12.687, 90, 90, 90)
  Space group: P 1 (No. 1)
  Number of sites at special positions: 0
  Number of scattering types: 4
    Type Number    sf(0)
     O       4      8.00
     N       3      7.00
     C      13      6.00
     H      17      1.00
    sf(0) = scattering factor at diffraction angle 0.

  Number of disulfides: simple=0, symmetry=0

  Automatic linking
    Parameters for automatic linking
      Linking & cutoffs
        Metal                : False - 3.50
        Amimo acid           : False - 1.90
        Carbohydrate         : True  - 1.99
        Ligands              : True  - 1.99
        Amino acid - RNA/DNA : False
      
  Number of custom bonds: simple=0, symmetry=0
  Time building additional restraints: 0.02
  Conformation dependent library (CDL) restraints added in 2.9 milliseconds
  
  Adding C-beta torsion restraints...
  Number of C-beta restraints generated:  2
  Time building geometry restraints manager: 0.03 seconds

  NOTE: a complete listing of the restraints can be obtained by requesting
        output of .geo file.

  Histogram of bond lengths:
        0.87 -     1.00: 15
        1.00 -     1.13: 2
        1.13 -     1.27: 3
        1.27 -     1.40: 9
        1.40 -     1.53: 8
  Bond restraints: 37
  Sorted by residual:
  bond pdb=" N   GLY A   1 "
       pdb=" H1  GLY A   1 "
    ideal  model  delta    sigma   weight residual
    0.960  1.011 -0.051 2.00e-02 2.50e+03 6.52e+00
  bond pdb=" N   PHE A   3 "
       pdb=" H   PHE A   3 "
    ideal  model  delta    sigma   weight residual
    0.860  0.903 -0.043 2.00e-02 2.50e+03 4.62e+00
  bond pdb=" CA  GLY A   1 "
       pdb=" HA1 GLY A   1 "
    ideal  model  delta    sigma   weight residual
    0.970  1.007 -0.037 2.00e-02 2.50e+03 3.51e+00
  bond pdb=" CZ  PHE A   3 "
       pdb=" HZ  PHE A   3 "
    ideal  model  delta    sigma   weight residual
    0.930  0.898  0.032 2.00e-02 2.50e+03 2.59e+00
  bond pdb=" C   GLY A   2 "
       pdb=" N   PHE A   3 "
    ideal  model  delta    sigma   weight residual
    1.329  1.307  0.022 1.40e-02 5.10e+03 2.58e+00
  ... (remaining 32 not shown)

  Histogram of bond angle deviations from ideal:
      104.71 -   108.58: 10
      108.58 -   112.44: 13
      112.44 -   116.31: 6
      116.31 -   120.17: 15
      120.17 -   124.04: 16
  Bond angle restraints: 60
  Sorted by residual:
  angle pdb=" C   GLY A   1 "
        pdb=" CA  GLY A   1 "
        pdb=" N   GLY A   1 "
      ideal   model   delta    sigma   weight residual
     113.30  105.13    8.17 2.90e+00 1.19e-01 7.93e+00
  angle pdb=" C   GLY A   1 "
        pdb=" N   GLY A   2 "
        pdb=" H   GLY A   2 "
      ideal   model   delta    sigma   weight residual
     124.30  117.78    6.52 3.00e+00 1.11e-01 4.72e+00
  angle pdb=" C   PHE A   3 "
        pdb=" CA  PHE A   3 "
        pdb=" CB  PHE A   3 "
      ideal   model   delta    sigma   weight residual
     110.10  113.54   -3.44 1.90e+00 2.77e-01 3.28e+00
  angle pdb=" CA  GLY A   2 "
        pdb=" N   GLY A   2 "
        pdb=" H   GLY A   2 "
      ideal   model   delta    sigma   weight residual
     114.00  119.30   -5.30 3.00e+00 1.11e-01 3.12e+00
  angle pdb=" HA2 GLY A   1 "
        pdb=" CA  GLY A   1 "
        pdb=" N   GLY A   1 "
      ideal   model   delta    sigma   weight residual
     110.00  114.65   -4.65 3.00e+00 1.11e-01 2.40e+00
  ... (remaining 55 not shown)

  Histogram of dihedral angle deviations from ideal:
        0.47 -     6.34: 10
        6.34 -    12.22: 0
       12.22 -    18.09: 1
       18.09 -    23.97: 1
       23.97 -    29.84: 1
  Dihedral angle restraints: 13
    sinusoidal: 3
      harmonic: 10
  Sorted by residual:
  dihedral pdb=" N   PHE A   3 "
           pdb=" CA  PHE A   3 "
           pdb=" CB  PHE A   3 "
           pdb=" CG  PHE A   3 "
      ideal   model   delta sinusoidal    sigma   weight residual
      60.00   83.31  -23.31     3      1.50e+01 4.44e-03 3.11e+00
  dihedral pdb=" OXT PHE A   3 "
           pdb=" C   PHE A   3 "
           pdb=" CA  PHE A   3 "
           pdb=" N   PHE A   3 "
      ideal   model   delta sinusoidal    sigma   weight residual
     160.00 -170.16  -29.84     2      3.00e+01 1.11e-03 1.32e+00
  dihedral pdb=" C   PHE A   3 "
           pdb=" N   PHE A   3 "
           pdb=" CA  PHE A   3 "
           pdb=" CB  PHE A   3 "
      ideal   model   delta  harmonic     sigma   weight residual
    -122.60 -124.71    2.11     0      2.50e+00 1.60e-01 7.14e-01
  ... (remaining 10 not shown)

  Histogram of chiral volume deviations from ideal:
       0.014 -    0.014: 1
       0.014 -    0.014: 0
       0.014 -    0.014: 0
       0.014 -    0.014: 0
       0.014 -    0.014: 0
  Chirality restraints: 1
  Sorted by residual:
  chirality pdb=" CA  PHE A   3 "
            pdb=" C   PHE A   3 "
            pdb=" N   PHE A   3 "
            pdb=" CB  PHE A   3 "
    both_signs  ideal   model   delta    sigma   weight residual
      False     -2.51   -2.50   -0.01 2.00e-01 2.50e+01 4.62e-03

  Planarity restraints: 6
  Sorted by residual:
                                 delta    sigma   weight rms_deltas residual
  plane pdb=" CB  PHE A   3 "    0.029 2.00e-02 2.50e+03   1.82e-02 9.95e+00
        pdb=" CG  PHE A   3 "    0.001 2.00e-02 2.50e+03
        pdb=" CD2 PHE A   3 "   -0.020 2.00e-02 2.50e+03
        pdb=" HD2 PHE A   3 "   -0.021 2.00e-02 2.50e+03
        pdb=" CE2 PHE A   3 "    0.002 2.00e-02 2.50e+03
        pdb=" HE2 PHE A   3 "    0.009 2.00e-02 2.50e+03
        pdb=" CZ  PHE A   3 "   -0.004 2.00e-02 2.50e+03
        pdb=" HZ  PHE A   3 "    0.035 2.00e-02 2.50e+03
        pdb=" CE1 PHE A   3 "   -0.008 2.00e-02 2.50e+03
        pdb=" HE1 PHE A   3 "   -0.023 2.00e-02 2.50e+03
        pdb=" CD1 PHE A   3 "   -0.014 2.00e-02 2.50e+03
        pdb=" HD1 PHE A   3 "    0.014 2.00e-02 2.50e+03
                                 delta    sigma   weight rms_deltas residual
  plane pdb=" C   GLY A   1 "    0.010 2.00e-02 2.50e+03   1.96e-02 3.83e+00
        pdb=" CA  GLY A   2 "    0.009 2.00e-02 2.50e+03
        pdb=" N   GLY A   2 "   -0.034 2.00e-02 2.50e+03
        pdb=" H   GLY A   2 "    0.015 2.00e-02 2.50e+03
                                 delta    sigma   weight rms_deltas residual
  plane pdb=" C   GLY A   1 "   -0.024 2.00e-02 2.50e+03   1.37e-02 1.89e+00
        pdb=" O   GLY A   1 "    0.009 2.00e-02 2.50e+03
        pdb=" CA  GLY A   1 "    0.007 2.00e-02 2.50e+03
        pdb=" N   GLY A   2 "    0.008 2.00e-02 2.50e+03
  ... (remaining 3 not shown)

  Histogram of nonbonded interaction distances:
        2.12 -     2.68: 36
        2.68 -     3.23: 52
        3.23 -     3.78: 46
        3.78 -     4.34: 69
        4.34 -     4.89: 77
  Nonbonded interactions: 280
  Sorted by model distance:
  nonbonded pdb=" HA  PHE A   3 "
            pdb=" HB1 PHE A   3 "
     model   vdw
     2.122 1.952
  nonbonded pdb=" HE2 PHE A   3 "
            pdb=" HZ  PHE A   3 "
     model   vdw
     2.214 1.680
  nonbonded pdb=" H   GLY A   2 "
            pdb=" H   PHE A   3 "
     model   vdw
     2.227 2.100
  nonbonded pdb=" HD2 PHE A   3 "
            pdb=" HE2 PHE A   3 "
     model   vdw
     2.286 1.680
  nonbonded pdb=" HA1 GLY A   1 "
            pdb=" H   GLY A   2 "
     model   vdw
     2.293 2.270
  ... (remaining 275 not shown)

  NOTE: a complete listing of the restraints can be obtained by requesting
        output of .geo file.

                   ----------xray_structure summary----------                  

Number of scattering types: 4
  Type Number    sf(0)   Gaussians
   O       4      7.97       2
   N       3      6.97       2
   C      13      5.97       2
   H      17      1.00       2
  sf(0) = scattering factor at diffraction angle 0.
Number of scatterers: 37
At special positions: 0
Unit cell: (15.127, 10.801, 12.687, 90, 90, 90)
Space group: P 1 (No. 1)

End of input processing
r_work=0.6994 r_free=0.5592
params.data_weight: None
params.restraints: qm
rmsd(b), start:  0.0869
mc:   0 R: 0.3528 rmsd(b):  0.0407 restraint_scale:  2.0 min_steps: 51
mc:   1 R: 0.0643 rmsd(b):  0.1587 restraint_scale:  4.0 min_steps: 37
mc:   2 R: 0.0269 rmsd(b):  0.1811 restraint_scale:  8.0 min_steps: 17
mc:   3 R: 0.0239 rmsd(b):  0.1869 restraint_scale: 16.0 min_steps: 6
mc:   4 R: 0.0268 rmsd(b):  0.1806 restraint_scale: 32.0 min_steps: 8
mc:   5 R: 0.0266 rmsd(b):  0.1812 restraint_scale: 64.0 min_steps: 3
Convergence reached, stop now.
see the result structure:  ./p26/04_results/refine_qm/228_GGF08-new/1.5/9.pdb
Time: 195.5866
