phenix.python
you are importing  adaptive calculator, and it does nothing. Please give it energy, force....... 

============================== Collecting inputs ==============================


                   ----------Processing X-ray data----------                   

F-obs:
  /scratch/m_zhen01/30993.lupus.uni-muenster.de/p26/02_mtz/193_WG06-new.mtz:F-obs
Miller array info: None
Observation type: xray.amplitude
Type of data: double, size=198
Type of sigmas: None
Number of Miller indices: 198
Anomalous flag: False
Unit cell: (14.078, 12.868, 10.869, 90, 90, 90)
Space group: P 1 (No. 1)
Systematic absences: 0
Centric reflections: 0
Resolution range: 3.98988 2.50317
Completeness in resolution range: 1
Completeness with d_max=infinity: 0.75

Number of F-obs in resolution range:                   198
Number of F-obs<0 (these reflections will be rejected): 0
Number of F-obs=0 (these reflections will be used in refinement): 0
Refinement resolution range: d_max =   3.9899
                             d_min =   2.5032

R-free flags:
  /scratch/m_zhen01/30993.lupus.uni-muenster.de/p26/02_mtz/193_WG06-new.mtz:R-free-flags
Miller array info: /scratch/m_zhen01/30993.lupus.uni-muenster.de/p26/02_mtz/193_WG06-new.mtz:R-free-flags
Observation type: None
Type of data: int, size=198
Type of sigmas: None
Number of Miller indices: 198
Anomalous flag: False
Unit cell: (14.078, 12.868, 10.869, 90, 90, 90)
Space group: P 1 (No. 1)
Systematic absences: 0
Centric reflections: 0
Resolution range: 3.98988 2.50317
Completeness in resolution range: 1
Completeness with d_max=infinity: 0.75
Wavelength: 1.0000

Test (R-free flags) flag value: 1

Number of work/free reflections by resolution:
                                  work free  %free
  bin  1: 3.9899 - 3.6511 [14/14]   12    2  14.3%
  bin  2: 3.6511 - 3.4043 [24/24]   24    0   0.0%
  bin  3: 3.4043 - 3.2130 [21/21]   21    0   0.0%
  bin  4: 3.2130 - 3.0586 [22/22]   20    2   9.1%
  bin  5: 3.0586 - 2.9301 [18/18]   18    0   0.0%
  bin  6: 2.9301 - 2.8208 [16/16]   16    0   0.0%
  bin  7: 2.8208 - 2.7262 [15/15]   15    0   0.0%
  bin  8: 2.7262 - 2.6431 [27/27]   23    4  14.8%
  bin  9: 2.6431 - 2.5694 [27/27]   27    0   0.0%
  bin 10: 2.5694 - 2.5032 [14/14]   14    0   0.0%
                          overall  190    8   4.0%

                   ----------Processing PDB file(s)----------                  

  Monomer Library directory:
    "/tmp1/m_zhen01/phenix-installer-1.10.1-2155-intel-linux-2.6-x86_64-centos5/phenix-1.10.1-2155/modules/chem_data/mon_lib"
  Total number of atoms: 34
  Number of models: 1
  Model: ""
    Number of chains: 1
    Chain: "A"
      Number of atoms: 34
      Number of conformers: 1
      Conformer: ""
        Number of residues, atoms: 2, 34
          Classifications: {'peptide': 2}
          Modifications used: {'NH2NOTPRO': 1, 'COOH': 1}
          Link IDs: {'TRANS': 1}
  Time building chain proxies: 0.08, per 1000 atoms: 2.35
  Number of scatterers: 34
  At special positions: 0
  Unit cell: (14.078, 12.868, 10.869, 90, 90, 90)
  Space group: P 1 (No. 1)
  Number of sites at special positions: 0
  Number of scattering types: 4
    Type Number    sf(0)
     O       3      8.00
     N       3      7.00
     C      13      6.00
     H      15      1.00
    sf(0) = scattering factor at diffraction angle 0.

  Number of disulfides: simple=0, symmetry=0

  Automatic linking
    Parameters for automatic linking
      Linking & cutoffs
        Metal                : False - 3.50
        Amimo acid           : False - 1.90
        Carbohydrate         : True  - 1.99
        Ligands              : True  - 1.99
        Amino acid - RNA/DNA : False
      
  Number of custom bonds: simple=0, symmetry=0
  Time building additional restraints: 0.02
  Conformation dependent library (CDL) restraints added in 515.0 microseconds
  
  Adding C-beta torsion restraints...
  Number of C-beta restraints generated:  2
  Time building geometry restraints manager: 0.03 seconds

  NOTE: a complete listing of the restraints can be obtained by requesting
        output of .geo file.

  Histogram of bond lengths:
        0.85 -     1.00: 15
        1.00 -     1.15: 0
        1.15 -     1.29: 2
        1.29 -     1.44: 12
        1.44 -     1.58: 6
  Bond restraints: 35
  Sorted by residual:
  bond pdb=" CB  TRP A   1 "
       pdb=" CG  TRP A   1 "
    ideal  model  delta    sigma   weight residual
    1.498  1.582 -0.084 3.10e-02 1.04e+03 7.43e+00
  bond pdb=" C   TRP A   1 "
       pdb=" O   TRP A   1 "
    ideal  model  delta    sigma   weight residual
    1.231  1.191  0.040 2.00e-02 2.50e+03 4.01e+00
  bond pdb=" CZ2 TRP A   1 "
       pdb=" HZ2 TRP A   1 "
    ideal  model  delta    sigma   weight residual
    0.930  0.969 -0.039 2.00e-02 2.50e+03 3.77e+00
  bond pdb=" C   GLY A   2 "
       pdb=" CA  GLY A   2 "
    ideal  model  delta    sigma   weight residual
    1.516  1.548 -0.032 1.80e-02 3.09e+03 3.19e+00
  bond pdb=" CH2 TRP A   1 "
       pdb=" HH2 TRP A   1 "
    ideal  model  delta    sigma   weight residual
    0.930  0.962 -0.032 2.00e-02 2.50e+03 2.57e+00
  ... (remaining 30 not shown)

  Histogram of bond angle deviations from ideal:
      105.49 -   111.41: 21
      111.41 -   117.33: 9
      117.33 -   123.26: 17
      123.26 -   129.18: 8
      129.18 -   135.10: 2
  Bond angle restraints: 57
  Sorted by residual:
  angle pdb=" OXT GLY A   2 "
        pdb=" C   GLY A   2 "
        pdb=" CA  GLY A   2 "
      ideal   model   delta    sigma   weight residual
     118.60  124.63   -6.03 3.00e+00 1.11e-01 4.05e+00
  angle pdb=" C   TRP A   1 "
        pdb=" CA  TRP A   1 "
        pdb=" CB  TRP A   1 "
      ideal   model   delta    sigma   weight residual
     110.10  113.55   -3.45 1.90e+00 2.77e-01 3.30e+00
  angle pdb=" HA1 GLY A   2 "
        pdb=" CA  GLY A   2 "
        pdb=" N   GLY A   2 "
      ideal   model   delta    sigma   weight residual
     110.00  114.01   -4.01 3.00e+00 1.11e-01 1.78e+00
  angle pdb=" O   TRP A   1 "
        pdb=" C   TRP A   1 "
        pdb=" CA  TRP A   1 "
      ideal   model   delta    sigma   weight residual
     120.80  118.70    2.10 1.70e+00 3.46e-01 1.52e+00
  angle pdb=" CG  TRP A   1 "
        pdb=" CD2 TRP A   1 "
        pdb=" CE3 TRP A   1 "
      ideal   model   delta    sigma   weight residual
     133.90  135.10   -1.20 1.00e+00 1.00e+00 1.45e+00
  ... (remaining 52 not shown)

  Histogram of dihedral angle deviations from ideal:
        1.18 -    36.62: 12
       36.62 -    72.06: 0
       72.06 -   107.50: 0
      107.50 -   142.94: 0
      142.94 -   178.39: 1
  Dihedral angle restraints: 13
    sinusoidal: 3
      harmonic: 10
  Sorted by residual:
  dihedral pdb=" O   GLY A   2 "
           pdb=" C   GLY A   2 "
           pdb=" OXT GLY A   2 "
           pdb=" HXT GLY A   2 "
      ideal   model   delta  harmonic     sigma   weight residual
       0.00 -178.39  178.39     0      3.00e+01 1.11e-03 3.54e+01
  dihedral pdb=" CA  TRP A   1 "
           pdb=" C   TRP A   1 "
           pdb=" N   GLY A   2 "
           pdb=" CA  GLY A   2 "
      ideal   model   delta  harmonic     sigma   weight residual
     180.00  169.62   10.38     0      5.00e+00 4.00e-02 4.31e+00
  dihedral pdb=" CA  TRP A   1 "
           pdb=" CB  TRP A   1 "
           pdb=" CG  TRP A   1 "
           pdb=" CD1 TRP A   1 "
      ideal   model   delta sinusoidal    sigma   weight residual
     -90.00 -110.32   20.32     2      2.00e+01 2.50e-03 1.45e+00
  ... (remaining 10 not shown)

  Histogram of chiral volume deviations from ideal:
       0.033 -    0.033: 1
       0.033 -    0.033: 0
       0.033 -    0.033: 0
       0.033 -    0.033: 0
       0.033 -    0.033: 0
  Chirality restraints: 1
  Sorted by residual:
  chirality pdb=" CA  TRP A   1 "
            pdb=" C   TRP A   1 "
            pdb=" N   TRP A   1 "
            pdb=" CB  TRP A   1 "
    both_signs  ideal   model   delta    sigma   weight residual
      False     -2.51   -2.54    0.03 2.00e-01 2.50e+01 2.80e-02

  Planarity restraints: 4
  Sorted by residual:
                                 delta    sigma   weight rms_deltas residual
  plane pdb=" CB  TRP A   1 "   -0.018 2.00e-02 2.50e+03   1.64e-02 1.07e+01
        pdb=" CG  TRP A   1 "    0.029 2.00e-02 2.50e+03
        pdb=" CD1 TRP A   1 "    0.015 2.00e-02 2.50e+03
        pdb=" HD1 TRP A   1 "   -0.008 2.00e-02 2.50e+03
        pdb=" NE1 TRP A   1 "    0.000 2.00e-02 2.50e+03
        pdb=" HE1 TRP A   1 "   -0.026 2.00e-02 2.50e+03
        pdb=" CE2 TRP A   1 "    0.010 2.00e-02 2.50e+03
        pdb=" CZ2 TRP A   1 "    0.034 2.00e-02 2.50e+03
        pdb=" HZ2 TRP A   1 "   -0.007 2.00e-02 2.50e+03
        pdb=" CH2 TRP A   1 "   -0.009 2.00e-02 2.50e+03
        pdb=" HH2 TRP A   1 "   -0.001 2.00e-02 2.50e+03
        pdb=" CZ3 TRP A   1 "   -0.026 2.00e-02 2.50e+03
        pdb=" HZ3 TRP A   1 "    0.008 2.00e-02 2.50e+03
        pdb=" CE3 TRP A   1 "   -0.001 2.00e-02 2.50e+03
        pdb=" HE3 TRP A   1 "    0.003 2.00e-02 2.50e+03
        pdb=" CD2 TRP A   1 "   -0.003 2.00e-02 2.50e+03
                                 delta    sigma   weight rms_deltas residual
  plane pdb=" C   TRP A   1 "   -0.016 2.00e-02 2.50e+03   9.47e-03 8.97e-01
        pdb=" O   TRP A   1 "    0.006 2.00e-02 2.50e+03
        pdb=" CA  TRP A   1 "    0.005 2.00e-02 2.50e+03
        pdb=" N   GLY A   2 "    0.005 2.00e-02 2.50e+03
                                 delta    sigma   weight rms_deltas residual
  plane pdb=" O   GLY A   2 "    0.005 2.00e-02 2.50e+03   7.96e-03 7.92e-01
        pdb=" C   GLY A   2 "    0.000 2.00e-02 2.50e+03
        pdb=" OXT GLY A   2 "   -0.013 2.00e-02 2.50e+03
        pdb=" HXT GLY A   2 "    0.011 2.00e-02 2.50e+03
        pdb=" CA  GLY A   2 "   -0.003 2.00e-02 2.50e+03
  ... (remaining 1 not shown)

  Histogram of nonbonded interaction distances:
        2.08 -     2.65: 21
        2.65 -     3.21: 41
        3.21 -     3.77: 47
        3.77 -     4.33: 47
        4.33 -     4.90: 69
  Nonbonded interactions: 225
  Sorted by model distance:
  nonbonded pdb=" HA2 GLY A   2 "
            pdb=" H   GLY A   2 "
     model   vdw
     2.083 1.816
  nonbonded pdb=" HA  TRP A   1 "
            pdb=" H1  TRP A   1 "
     model   vdw
     2.230 1.816
  nonbonded pdb=" HXT GLY A   2 "
            pdb=" HA1 GLY A   2 "
     model   vdw
     2.230 2.270
  nonbonded pdb=" HA  TRP A   1 "
            pdb=" HB2 TRP A   1 "
     model   vdw
     2.266 1.952
  nonbonded pdb=" HH2 TRP A   1 "
            pdb=" HZ3 TRP A   1 "
     model   vdw
     2.268 1.680
  ... (remaining 220 not shown)

  NOTE: a complete listing of the restraints can be obtained by requesting
        output of .geo file.

                   ----------xray_structure summary----------                  

Number of scattering types: 4
  Type Number    sf(0)   Gaussians
   O       3      7.97       2
   N       3      6.97       2
   C      13      5.97       2
   H      15      1.00       2
  sf(0) = scattering factor at diffraction angle 0.
Number of scatterers: 34
At special positions: 0
Unit cell: (14.078, 12.868, 10.869, 90, 90, 90)
Space group: P 1 (No. 1)

End of input processing
r_work=0.5728 r_free=0.5876
params.data_weight: 0.0
params.restraints: cctbx
rmsd(b), start:  0.0836
mc:   0 R: 0.5653 rmsd(b):  0.0008 restraint_scale:  1.0 min_steps: 54
mc:   1 R: 0.5612 rmsd(b):  0.0005 restraint_scale:  1.0 min_steps: 53
mc:   2 R: 0.5576 rmsd(b):  0.0004 restraint_scale:  1.0 min_steps: 54
mc:   3 R: 0.5525 rmsd(b):  0.0005 restraint_scale:  1.0 min_steps: 53
mc:   4 R: 0.5466 rmsd(b):  0.0003 restraint_scale:  1.0 min_steps: 56
mc:   5 R: 0.5441 rmsd(b):  0.0004 restraint_scale:  1.0 min_steps: 56
mc:   6 R: 0.5396 rmsd(b):  0.0003 restraint_scale:  1.0 min_steps: 54
mc:   7 R: 0.5385 rmsd(b):  0.0003 restraint_scale:  1.0 min_steps: 53
mc:   8 R: 0.5354 rmsd(b):  0.0003 restraint_scale:  1.0 min_steps: 54
mc:   9 R: 0.5346 rmsd(b):  0.0003 restraint_scale:  1.0 min_steps: 54
Convergence reached, stop now.
see the result structure:  ./p26/04_results/opt_cctbx/193_WG06-new/0.9/0.pdb
Time: 6.3442
