phenix.python
you are importing  adaptive calculator, and it does nothing. Please give it energy, force....... 

============================== Collecting inputs ==============================


                   ----------Processing X-ray data----------                   

F-obs:
  /scratch/m_zhen01/30993.lupus.uni-muenster.de/p26/02_mtz/260_FGG412-new.mtz:F-obs
Miller array info: None
Observation type: xray.amplitude
Type of data: double, size=198
Type of sigmas: None
Number of Miller indices: 198
Anomalous flag: False
Unit cell: (13.225, 13.658, 10.482, 90, 90, 90)
Space group: P 1 (No. 1)
Systematic absences: 0
Centric reflections: 0
Resolution range: 3.98202 2.52056
Completeness in resolution range: 1
Completeness with d_max=infinity: 0.767442

Number of F-obs in resolution range:                   198
Number of F-obs<0 (these reflections will be rejected): 0
Number of F-obs=0 (these reflections will be used in refinement): 0
Refinement resolution range: d_max =   3.9820
                             d_min =   2.5206

R-free flags:
  /scratch/m_zhen01/30993.lupus.uni-muenster.de/p26/02_mtz/260_FGG412-new.mtz:R-free-flags
Miller array info: /scratch/m_zhen01/30993.lupus.uni-muenster.de/p26/02_mtz/260_FGG412-new.mtz:R-free-flags
Observation type: None
Type of data: int, size=198
Type of sigmas: None
Number of Miller indices: 198
Anomalous flag: False
Unit cell: (13.225, 13.658, 10.482, 90, 90, 90)
Space group: P 1 (No. 1)
Systematic absences: 0
Centric reflections: 0
Resolution range: 3.98202 2.52056
Completeness in resolution range: 1
Completeness with d_max=infinity: 0.767442
Wavelength: 1.0000

Test (R-free flags) flag value: 1

Number of work/free reflections by resolution:
                                  work free  %free
  bin  1: 3.9820 - 3.6539 [20/20]   20    0   0.0%
  bin  2: 3.6539 - 3.4127 [16/16]   16    0   0.0%
  bin  3: 3.4127 - 3.2247 [23/23]   21    2   8.7%
  bin  4: 3.2247 - 3.0724 [14/14]   12    2  14.3%
  bin  5: 3.0724 - 2.9452 [28/28]   28    0   0.0%
  bin  6: 2.9452 - 2.8368 [10/10]   10    0   0.0%
  bin  7: 2.8368 - 2.7428 [12/12]   10    2  16.7%
  bin  8: 2.7428 - 2.6601 [25/25]   23    2   8.0%
  bin  9: 2.6601 - 2.5866 [26/26]   26    0   0.0%
  bin 10: 2.5866 - 2.5206 [24/24]   24    0   0.0%
                          overall  190    8   4.0%

                   ----------Processing PDB file(s)----------                  

  Monomer Library directory:
    "/tmp1/m_zhen01/phenix-installer-1.10.1-2155-intel-linux-2.6-x86_64-centos5/phenix-1.10.1-2155/modules/chem_data/mon_lib"
  Total number of atoms: 37
  Number of models: 1
  Model: ""
    Number of chains: 1
    Chain: "A"
      Number of atoms: 37
      Number of conformers: 1
      Conformer: ""
        Number of residues, atoms: 3, 37
          Classifications: {'peptide': 3}
          Modifications used: {'NH2NOTPRO': 1, 'COOH': 1}
          Link IDs: {'TRANS': 2}
  Time building chain proxies: 0.08, per 1000 atoms: 2.16
  Number of scatterers: 37
  At special positions: 0
  Unit cell: (13.225, 13.658, 10.482, 90, 90, 90)
  Space group: P 1 (No. 1)
  Number of sites at special positions: 0
  Number of scattering types: 4
    Type Number    sf(0)
     O       4      8.00
     N       3      7.00
     C      13      6.00
     H      17      1.00
    sf(0) = scattering factor at diffraction angle 0.

  Number of disulfides: simple=0, symmetry=0

  Automatic linking
    Parameters for automatic linking
      Linking & cutoffs
        Metal                : False - 3.50
        Amimo acid           : False - 1.90
        Carbohydrate         : True  - 1.99
        Ligands              : True  - 1.99
        Amino acid - RNA/DNA : False
      
  Number of custom bonds: simple=0, symmetry=0
  Time building additional restraints: 0.02
  Conformation dependent library (CDL) restraints added in 2.5 milliseconds
  
  Adding C-beta torsion restraints...
  Number of C-beta restraints generated:  2
  Time building geometry restraints manager: 0.02 seconds

  NOTE: a complete listing of the restraints can be obtained by requesting
        output of .geo file.

  Histogram of bond lengths:
        0.83 -     0.97: 12
        0.97 -     1.11: 5
        1.11 -     1.25: 2
        1.25 -     1.40: 6
        1.40 -     1.54: 12
  Bond restraints: 37
  Sorted by residual:
  bond pdb=" CB  PHE A   1 "
       pdb=" HB1 PHE A   1 "
    ideal  model  delta    sigma   weight residual
    0.970  1.038 -0.068 2.00e-02 2.50e+03 1.15e+01
  bond pdb=" CZ  PHE A   1 "
       pdb=" HZ  PHE A   1 "
    ideal  model  delta    sigma   weight residual
    0.930  0.873  0.057 2.00e-02 2.50e+03 8.17e+00
  bond pdb=" C   GLY A   3 "
       pdb=" CA  GLY A   3 "
    ideal  model  delta    sigma   weight residual
    1.516  1.467  0.049 1.80e-02 3.09e+03 7.35e+00
  bond pdb=" C   GLY A   2 "
       pdb=" O   GLY A   2 "
    ideal  model  delta    sigma   weight residual
    1.235  1.263 -0.028 1.35e-02 5.49e+03 4.44e+00
  bond pdb=" CA  GLY A   2 "
       pdb=" N   GLY A   2 "
    ideal  model  delta    sigma   weight residual
    1.449  1.421  0.028 1.45e-02 4.76e+03 3.76e+00
  ... (remaining 32 not shown)

  Histogram of bond angle deviations from ideal:
      105.09 -   109.31: 14
      109.31 -   113.53: 9
      113.53 -   117.75: 8
      117.75 -   121.97: 21
      121.97 -   126.20: 8
  Bond angle restraints: 60
  Sorted by residual:
  angle pdb=" C   GLY A   3 "
        pdb=" CA  GLY A   3 "
        pdb=" N   GLY A   3 "
      ideal   model   delta    sigma   weight residual
     113.30  118.53   -5.23 2.90e+00 1.19e-01 3.25e+00
  angle pdb=" C   GLY A   2 "
        pdb=" CA  GLY A   2 "
        pdb=" N   GLY A   2 "
      ideal   model   delta    sigma   weight residual
     113.18  109.08    4.10 2.37e+00 1.78e-01 2.99e+00
  angle pdb=" C   GLY A   2 "
        pdb=" CA  GLY A   2 "
        pdb=" HA1 GLY A   2 "
      ideal   model   delta    sigma   weight residual
     109.00  114.10   -5.10 3.00e+00 1.11e-01 2.89e+00
  angle pdb=" N   PHE A   1 "
        pdb=" CA  PHE A   1 "
        pdb=" HA  PHE A   1 "
      ideal   model   delta    sigma   weight residual
     110.00  105.09    4.91 3.00e+00 1.11e-01 2.68e+00
  angle pdb=" CA  GLY A   2 "
        pdb=" C   GLY A   2 "
        pdb=" N   GLY A   3 "
      ideal   model   delta    sigma   weight residual
     116.69  119.80   -3.11 2.04e+00 2.40e-01 2.33e+00
  ... (remaining 55 not shown)

  Histogram of dihedral angle deviations from ideal:
        0.78 -     3.35: 9
        3.35 -     5.93: 1
        5.93 -     8.50: 0
        8.50 -    11.08: 1
       11.08 -    13.66: 2
  Dihedral angle restraints: 13
    sinusoidal: 3
      harmonic: 10
  Sorted by residual:
  dihedral pdb=" N   PHE A   1 "
           pdb=" CA  PHE A   1 "
           pdb=" CB  PHE A   1 "
           pdb=" CG  PHE A   1 "
      ideal   model   delta sinusoidal    sigma   weight residual
      60.00   46.34   13.66     3      1.50e+01 4.44e-03 1.16e+00
  dihedral pdb=" CA  PHE A   1 "
           pdb=" C   PHE A   1 "
           pdb=" N   GLY A   2 "
           pdb=" CA  GLY A   2 "
      ideal   model   delta  harmonic     sigma   weight residual
     180.00 -174.91   -5.09     0      5.00e+00 4.00e-02 1.04e+00
  dihedral pdb=" CA  PHE A   1 "
           pdb=" CB  PHE A   1 "
           pdb=" CG  PHE A   1 "
           pdb=" CD1 PHE A   1 "
      ideal   model   delta sinusoidal    sigma   weight residual
      90.00   76.74   13.26     2      2.00e+01 2.50e-03 6.31e-01
  ... (remaining 10 not shown)

  Histogram of chiral volume deviations from ideal:
       0.076 -    0.076: 1
       0.076 -    0.076: 0
       0.076 -    0.076: 0
       0.076 -    0.076: 0
       0.076 -    0.076: 0
  Chirality restraints: 1
  Sorted by residual:
  chirality pdb=" CA  PHE A   1 "
            pdb=" C   PHE A   1 "
            pdb=" N   PHE A   1 "
            pdb=" CB  PHE A   1 "
    both_signs  ideal   model   delta    sigma   weight residual
      False     -2.51   -2.43   -0.08 2.00e-01 2.50e+01 1.44e-01

  Planarity restraints: 6
  Sorted by residual:
                                 delta    sigma   weight rms_deltas residual
  plane pdb=" CB  PHE A   1 "    0.011 2.00e-02 2.50e+03   1.14e-02 3.92e+00
        pdb=" CG  PHE A   1 "   -0.013 2.00e-02 2.50e+03
        pdb=" CD2 PHE A   1 "   -0.016 2.00e-02 2.50e+03
        pdb=" HD2 PHE A   1 "    0.006 2.00e-02 2.50e+03
        pdb=" CE2 PHE A   1 "    0.014 2.00e-02 2.50e+03
        pdb=" HE2 PHE A   1 "    0.002 2.00e-02 2.50e+03
        pdb=" CZ  PHE A   1 "   -0.006 2.00e-02 2.50e+03
        pdb=" HZ  PHE A   1 "    0.007 2.00e-02 2.50e+03
        pdb=" CE1 PHE A   1 "   -0.017 2.00e-02 2.50e+03
        pdb=" HE1 PHE A   1 "    0.010 2.00e-02 2.50e+03
        pdb=" CD1 PHE A   1 "   -0.012 2.00e-02 2.50e+03
        pdb=" HD1 PHE A   1 "    0.014 2.00e-02 2.50e+03
                                 delta    sigma   weight rms_deltas residual
  plane pdb=" O   GLY A   3 "   -0.001 2.00e-02 2.50e+03   1.56e-02 3.04e+00
        pdb=" C   GLY A   3 "   -0.014 2.00e-02 2.50e+03
        pdb=" OXT GLY A   3 "   -0.020 2.00e-02 2.50e+03
        pdb=" HXT GLY A   3 "    0.021 2.00e-02 2.50e+03
        pdb=" CA  GLY A   3 "    0.014 2.00e-02 2.50e+03
                                 delta    sigma   weight rms_deltas residual
  plane pdb=" C   GLY A   2 "   -0.008 2.00e-02 2.50e+03   1.56e-02 2.45e+00
        pdb=" CA  GLY A   3 "   -0.007 2.00e-02 2.50e+03
        pdb=" N   GLY A   3 "    0.027 2.00e-02 2.50e+03
        pdb=" H   GLY A   3 "   -0.012 2.00e-02 2.50e+03
  ... (remaining 3 not shown)

  Histogram of nonbonded interaction distances:
        1.51 -     2.19: 4
        2.19 -     2.86: 52
        2.86 -     3.54: 59
        3.54 -     4.21: 69
        4.21 -     4.89: 90
  Nonbonded interactions: 274
  Sorted by model distance:
  nonbonded pdb=" H2  PHE A   1 "
            pdb=" HA  PHE A   1 "
     model   vdw
     1.511 1.816
  nonbonded pdb=" H2  PHE A   1 "
            pdb=" CB  PHE A   1 "
     model   vdw
     1.974 2.376
  nonbonded pdb=" H2  PHE A   1 "
            pdb=" HB2 PHE A   1 "
     model   vdw
     2.004 2.270
  nonbonded pdb=" HA2 GLY A   3 "
            pdb=" H   GLY A   3 "
     model   vdw
     2.084 1.816
  nonbonded pdb=" HE1 PHE A   1 "
            pdb=" HD1 PHE A   1 "
     model   vdw
     2.219 1.680
  ... (remaining 269 not shown)

  NOTE: a complete listing of the restraints can be obtained by requesting
        output of .geo file.

                   ----------xray_structure summary----------                  

Number of scattering types: 4
  Type Number    sf(0)   Gaussians
   O       4      7.97       2
   N       3      6.97       2
   C      13      5.97       2
   H      17      1.00       2
  sf(0) = scattering factor at diffraction angle 0.
Number of scatterers: 37
At special positions: 0
Unit cell: (13.225, 13.658, 10.482, 90, 90, 90)
Space group: P 1 (No. 1)

End of input processing
r_work=0.4881 r_free=0.3393
params.data_weight: 0.0
params.restraints: cctbx
rmsd(b), start:  0.0904
mc:   0 R: 0.4780 rmsd(b):  0.0010 restraint_scale:  1.0 min_steps: 55
mc:   1 R: 0.4707 rmsd(b):  0.0006 restraint_scale:  1.0 min_steps: 54
mc:   2 R: 0.4698 rmsd(b):  0.0007 restraint_scale:  1.0 min_steps: 53
mc:   3 R: 0.4680 rmsd(b):  0.0006 restraint_scale:  1.0 min_steps: 53
mc:   4 R: 0.4645 rmsd(b):  0.0006 restraint_scale:  1.0 min_steps: 55
mc:   5 R: 0.4619 rmsd(b):  0.0005 restraint_scale:  1.0 min_steps: 52
mc:   6 R: 0.4596 rmsd(b):  0.0006 restraint_scale:  1.0 min_steps: 55
mc:   7 R: 0.4577 rmsd(b):  0.0005 restraint_scale:  1.0 min_steps: 55
mc:   8 R: 0.4553 rmsd(b):  0.0005 restraint_scale:  1.0 min_steps: 54
mc:   9 R: 0.4531 rmsd(b):  0.0006 restraint_scale:  1.0 min_steps: 53
mc:  10 R: 0.4513 rmsd(b):  0.0005 restraint_scale:  1.0 min_steps: 52
mc:  11 R: 0.4506 rmsd(b):  0.0005 restraint_scale:  1.0 min_steps: 53
mc:  12 R: 0.4497 rmsd(b):  0.0005 restraint_scale:  1.0 min_steps: 54
mc:  13 R: 0.4488 rmsd(b):  0.0005 restraint_scale:  1.0 min_steps: 54
mc:  14 R: 0.4484 rmsd(b):  0.0005 restraint_scale:  1.0 min_steps: 54
mc:  15 R: 0.4485 rmsd(b):  0.0005 restraint_scale:  1.0 min_steps: 53
Convergence reached, stop now.
see the result structure:  ./p26/04_results/opt_cctbx/260_FGG412-new/0.9/6.pdb
Time: 7.8249
