phenix.python
you are importing  adaptive calculator, and it does nothing. Please give it energy, force....... 

============================== Collecting inputs ==============================


                   ----------Processing X-ray data----------                   

F-obs:
  /scratch/m_zhen01/31011.lupus.uni-muenster.de/p26/02_mtz/201_WG12-new.mtz:F-obs
Miller array info: None
Observation type: xray.amplitude
Type of data: double, size=181
Type of sigmas: None
Number of Miller indices: 181
Anomalous flag: False
Unit cell: (13.714, 12.215, 10.637, 90, 90, 90)
Space group: P 1 (No. 1)
Systematic absences: 0
Centric reflections: 0
Resolution range: 3.97392 2.50207
Completeness in resolution range: 1
Completeness with d_max=infinity: 0.763713

Number of F-obs in resolution range:                   181
Number of F-obs<0 (these reflections will be rejected): 0
Number of F-obs=0 (these reflections will be used in refinement): 0
Refinement resolution range: d_max =   3.9739
                             d_min =   2.5021

R-free flags:
  /scratch/m_zhen01/31011.lupus.uni-muenster.de/p26/02_mtz/201_WG12-new.mtz:R-free-flags
Miller array info: /scratch/m_zhen01/31011.lupus.uni-muenster.de/p26/02_mtz/201_WG12-new.mtz:R-free-flags
Observation type: None
Type of data: int, size=181
Type of sigmas: None
Number of Miller indices: 181
Anomalous flag: False
Unit cell: (13.714, 12.215, 10.637, 90, 90, 90)
Space group: P 1 (No. 1)
Systematic absences: 0
Centric reflections: 0
Resolution range: 3.97392 2.50207
Completeness in resolution range: 1
Completeness with d_max=infinity: 0.763713
Wavelength: 1.0000

Test (R-free flags) flag value: 1

Number of work/free reflections by resolution:
                                  work free  %free
  bin  1: 3.9739 - 3.6405 [22/22]   16    6  27.3%
  bin  2: 3.6405 - 3.3967 [18/18]   18    0   0.0%
  bin  3: 3.3967 - 3.2074 [18/18]   18    0   0.0%
  bin  4: 3.2074 - 3.0543 [12/12]   12    0   0.0%
  bin  5: 3.0543 - 2.9268 [21/21]   19    2   9.5%
  bin  6: 2.9268 - 2.8182 [18/18]   18    0   0.0%
  bin  7: 2.8182 - 2.7241 [17/17]   17    0   0.0%
  bin  8: 2.7241 - 2.6414 [13/13]   13    0   0.0%
  bin  9: 2.6414 - 2.5680 [26/26]   22    4  15.4%
  bin 10: 2.5680 - 2.5021 [16/16]   16    0   0.0%
                          overall  169   12   6.6%

                   ----------Processing PDB file(s)----------                  

  Monomer Library directory:
    "/tmp1/m_zhen01/phenix-installer-1.10.1-2155-intel-linux-2.6-x86_64-centos5/phenix-1.10.1-2155/modules/chem_data/mon_lib"
  Total number of atoms: 34
  Number of models: 1
  Model: ""
    Number of chains: 1
    Chain: "A"
      Number of atoms: 34
      Number of conformers: 1
      Conformer: ""
        Number of residues, atoms: 2, 34
          Classifications: {'peptide': 2}
          Modifications used: {'NH2NOTPRO': 1, 'COOH': 1}
          Link IDs: {'TRANS': 1}
  Time building chain proxies: 0.07, per 1000 atoms: 2.06
  Number of scatterers: 34
  At special positions: 0
  Unit cell: (13.714, 12.215, 10.637, 90, 90, 90)
  Space group: P 1 (No. 1)
  Number of sites at special positions: 0
  Number of scattering types: 4
    Type Number    sf(0)
     O       3      8.00
     N       3      7.00
     C      13      6.00
     H      15      1.00
    sf(0) = scattering factor at diffraction angle 0.

  Number of disulfides: simple=0, symmetry=0

  Automatic linking
    Parameters for automatic linking
      Linking & cutoffs
        Metal                : False - 3.50
        Amimo acid           : False - 1.90
        Carbohydrate         : True  - 1.99
        Ligands              : True  - 1.99
        Amino acid - RNA/DNA : False
      
  Number of custom bonds: simple=0, symmetry=0
  Time building additional restraints: 0.02
  Conformation dependent library (CDL) restraints added in 428.9 microseconds
  
  Adding C-beta torsion restraints...
  Number of C-beta restraints generated:  2
  Time building geometry restraints manager: 0.03 seconds

  NOTE: a complete listing of the restraints can be obtained by requesting
        output of .geo file.

  Histogram of bond lengths:
        0.84 -     0.98: 15
        0.98 -     1.13: 0
        1.13 -     1.28: 2
        1.28 -     1.42: 8
        1.42 -     1.57: 10
  Bond restraints: 35
  Sorted by residual:
  bond pdb=" CZ3 TRP A   1 "
       pdb=" CE3 TRP A   1 "
    ideal  model  delta    sigma   weight residual
    1.382  1.464 -0.082 3.00e-02 1.11e+03 7.55e+00
  bond pdb=" N   TRP A   1 "
       pdb=" H1  TRP A   1 "
    ideal  model  delta    sigma   weight residual
    0.960  0.913  0.047 2.00e-02 2.50e+03 5.53e+00
  bond pdb=" C   TRP A   1 "
       pdb=" CA  TRP A   1 "
    ideal  model  delta    sigma   weight residual
    1.525  1.570 -0.045 2.10e-02 2.27e+03 4.55e+00
  bond pdb=" CG  TRP A   1 "
       pdb=" CD2 TRP A   1 "
    ideal  model  delta    sigma   weight residual
    1.433  1.461 -0.028 1.80e-02 3.09e+03 2.45e+00
  bond pdb=" CE2 TRP A   1 "
       pdb=" CZ2 TRP A   1 "
    ideal  model  delta    sigma   weight residual
    1.394  1.426 -0.032 2.10e-02 2.27e+03 2.26e+00
  ... (remaining 30 not shown)

  Histogram of bond angle deviations from ideal:
      100.48 -   107.37: 5
      107.37 -   114.26: 20
      114.26 -   121.15: 20
      121.15 -   128.04: 10
      128.04 -   134.93: 2
  Bond angle restraints: 57
  Sorted by residual:
  angle pdb=" CA  TRP A   1 "
        pdb=" CB  TRP A   1 "
        pdb=" CG  TRP A   1 "
      ideal   model   delta    sigma   weight residual
     113.60  107.37    6.23 1.90e+00 2.77e-01 1.07e+01
  angle pdb=" C   GLY A   2 "
        pdb=" CA  GLY A   2 "
        pdb=" HA2 GLY A   2 "
      ideal   model   delta    sigma   weight residual
     109.00  100.48    8.52 3.00e+00 1.11e-01 8.06e+00
  angle pdb=" C   GLY A   2 "
        pdb=" OXT GLY A   2 "
        pdb=" HXT GLY A   2 "
      ideal   model   delta    sigma   weight residual
     108.00  115.36   -7.36 3.00e+00 1.11e-01 6.02e+00
  angle pdb=" O   TRP A   1 "
        pdb=" C   TRP A   1 "
        pdb=" N   GLY A   2 "
      ideal   model   delta    sigma   weight residual
     123.00  120.69    2.31 1.60e+00 3.91e-01 2.09e+00
  angle pdb=" N   TRP A   1 "
        pdb=" CA  TRP A   1 "
        pdb=" CB  TRP A   1 "
      ideal   model   delta    sigma   weight residual
     110.50  112.74   -2.24 1.70e+00 3.46e-01 1.74e+00
  ... (remaining 52 not shown)

  Histogram of dihedral angle deviations from ideal:
        0.32 -    35.82: 11
       35.82 -    71.32: 0
       71.32 -   106.82: 1
      106.82 -   142.31: 0
      142.31 -   177.81: 1
  Dihedral angle restraints: 13
    sinusoidal: 3
      harmonic: 10
  Sorted by residual:
  dihedral pdb=" O   GLY A   2 "
           pdb=" C   GLY A   2 "
           pdb=" OXT GLY A   2 "
           pdb=" HXT GLY A   2 "
      ideal   model   delta  harmonic     sigma   weight residual
       0.00  177.81 -177.81     0      3.00e+01 1.11e-03 3.51e+01
  dihedral pdb=" OXT GLY A   2 "
           pdb=" C   GLY A   2 "
           pdb=" CA  GLY A   2 "
           pdb=" N   GLY A   2 "
      ideal   model   delta sinusoidal    sigma   weight residual
     -20.00  -92.50   72.50     2      3.00e+01 1.11e-03 4.85e+00
  dihedral pdb=" CB  TRP A   1 "
           pdb=" CG  TRP A   1 "
           pdb=" CD1 TRP A   1 "
           pdb=" HD1 TRP A   1 "
      ideal   model   delta  harmonic     sigma   weight residual
       0.00    4.20   -4.20     0      5.00e+00 4.00e-02 7.05e-01
  ... (remaining 10 not shown)

  Histogram of chiral volume deviations from ideal:
       0.117 -    0.117: 1
       0.117 -    0.117: 0
       0.117 -    0.117: 0
       0.117 -    0.117: 0
       0.117 -    0.117: 0
  Chirality restraints: 1
  Sorted by residual:
  chirality pdb=" CA  TRP A   1 "
            pdb=" C   TRP A   1 "
            pdb=" N   TRP A   1 "
            pdb=" CB  TRP A   1 "
    both_signs  ideal   model   delta    sigma   weight residual
      False     -2.51   -2.63    0.12 2.00e-01 2.50e+01 3.40e-01

  Planarity restraints: 4
  Sorted by residual:
                                 delta    sigma   weight rms_deltas residual
  plane pdb=" CB  TRP A   1 "   -0.029 2.00e-02 2.50e+03   1.58e-02 9.95e+00
        pdb=" CG  TRP A   1 "    0.027 2.00e-02 2.50e+03
        pdb=" CD1 TRP A   1 "    0.007 2.00e-02 2.50e+03
        pdb=" HD1 TRP A   1 "    0.012 2.00e-02 2.50e+03
        pdb=" NE1 TRP A   1 "   -0.006 2.00e-02 2.50e+03
        pdb=" HE1 TRP A   1 "   -0.003 2.00e-02 2.50e+03
        pdb=" CE2 TRP A   1 "   -0.004 2.00e-02 2.50e+03
        pdb=" CZ2 TRP A   1 "   -0.029 2.00e-02 2.50e+03
        pdb=" HZ2 TRP A   1 "   -0.013 2.00e-02 2.50e+03
        pdb=" CH2 TRP A   1 "    0.030 2.00e-02 2.50e+03
        pdb=" HH2 TRP A   1 "    0.006 2.00e-02 2.50e+03
        pdb=" CZ3 TRP A   1 "    0.004 2.00e-02 2.50e+03
        pdb=" HZ3 TRP A   1 "   -0.008 2.00e-02 2.50e+03
        pdb=" CE3 TRP A   1 "    0.006 2.00e-02 2.50e+03
        pdb=" HE3 TRP A   1 "   -0.009 2.00e-02 2.50e+03
        pdb=" CD2 TRP A   1 "    0.008 2.00e-02 2.50e+03
                                 delta    sigma   weight rms_deltas residual
  plane pdb=" C   TRP A   1 "   -0.007 2.00e-02 2.50e+03   1.37e-02 1.88e+00
        pdb=" CA  GLY A   2 "   -0.006 2.00e-02 2.50e+03
        pdb=" N   GLY A   2 "    0.024 2.00e-02 2.50e+03
        pdb=" H   GLY A   2 "   -0.011 2.00e-02 2.50e+03
                                 delta    sigma   weight rms_deltas residual
  plane pdb=" C   TRP A   1 "    0.022 2.00e-02 2.50e+03   1.25e-02 1.57e+00
        pdb=" O   TRP A   1 "   -0.008 2.00e-02 2.50e+03
        pdb=" CA  TRP A   1 "   -0.006 2.00e-02 2.50e+03
        pdb=" N   GLY A   2 "   -0.007 2.00e-02 2.50e+03
  ... (remaining 1 not shown)

  Histogram of nonbonded interaction distances:
        1.96 -     2.54: 19
        2.54 -     3.13: 44
        3.13 -     3.72: 61
        3.72 -     4.31: 56
        4.31 -     4.90: 69
  Nonbonded interactions: 249
  Sorted by model distance:
  nonbonded pdb=" HA  TRP A   1 "
            pdb=" H2  TRP A   1 "
     model   vdw
     1.956 1.816
  nonbonded pdb=" H1  TRP A   1 "
            pdb=" H   GLY A   2 "
     model   vdw
     2.152 2.100
  nonbonded pdb=" HXT GLY A   2 "
            pdb=" HA2 GLY A   2 "
     model   vdw
     2.162 2.270
  nonbonded pdb=" HA  TRP A   1 "
            pdb=" H1  TRP A   1 "
     model   vdw
     2.183 1.816
  nonbonded pdb=" H2  TRP A   1 "
            pdb=" HB1 TRP A   1 "
     model   vdw
     2.196 2.270
  ... (remaining 244 not shown)

  NOTE: a complete listing of the restraints can be obtained by requesting
        output of .geo file.

                   ----------xray_structure summary----------                  

Number of scattering types: 4
  Type Number    sf(0)   Gaussians
   O       3      7.97       2
   N       3      6.97       2
   C      13      5.97       2
   H      15      1.00       2
  sf(0) = scattering factor at diffraction angle 0.
Number of scatterers: 34
At special positions: 0
Unit cell: (13.714, 12.215, 10.637, 90, 90, 90)
Space group: P 1 (No. 1)

End of input processing
r_work=0.5376 r_free=0.4122
params.data_weight: None
params.restraints: qm
rmsd(b), start:  0.0872
mc:   0 R: 0.1646 rmsd(b):  0.0570 restraint_scale:  2.0 min_steps: 53
mc:   1 R: 0.0210 rmsd(b):  0.0253 restraint_scale:  2.0 min_steps: 36
mc:   2 R: 0.0090 rmsd(b):  0.0344 restraint_scale:  4.0 min_steps: 40
mc:   3 R: 0.0083 rmsd(b):  0.0343 restraint_scale:  8.0 min_steps: 8
Convergence reached, stop now.
see the result structure:  ./p26/04_results/refine_qm/201_WG12-new/0.9/1.pdb
Time: 173.6796
