phenix.python
you are importing  adaptive calculator, and it does nothing. Please give it energy, force....... 

============================== Collecting inputs ==============================


                   ----------Processing X-ray data----------                   

F-obs:
  /scratch/m_zhen01/31011.lupus.uni-muenster.de/p26/02_mtz/201_WG12-new.mtz:F-obs
Miller array info: None
Observation type: xray.amplitude
Type of data: double, size=181
Type of sigmas: None
Number of Miller indices: 181
Anomalous flag: False
Unit cell: (13.714, 12.215, 10.637, 90, 90, 90)
Space group: P 1 (No. 1)
Systematic absences: 0
Centric reflections: 0
Resolution range: 3.97392 2.50207
Completeness in resolution range: 1
Completeness with d_max=infinity: 0.763713

Number of F-obs in resolution range:                   181
Number of F-obs<0 (these reflections will be rejected): 0
Number of F-obs=0 (these reflections will be used in refinement): 0
Refinement resolution range: d_max =   3.9739
                             d_min =   2.5021

R-free flags:
  /scratch/m_zhen01/31011.lupus.uni-muenster.de/p26/02_mtz/201_WG12-new.mtz:R-free-flags
Miller array info: /scratch/m_zhen01/31011.lupus.uni-muenster.de/p26/02_mtz/201_WG12-new.mtz:R-free-flags
Observation type: None
Type of data: int, size=181
Type of sigmas: None
Number of Miller indices: 181
Anomalous flag: False
Unit cell: (13.714, 12.215, 10.637, 90, 90, 90)
Space group: P 1 (No. 1)
Systematic absences: 0
Centric reflections: 0
Resolution range: 3.97392 2.50207
Completeness in resolution range: 1
Completeness with d_max=infinity: 0.763713
Wavelength: 1.0000

Test (R-free flags) flag value: 1

Number of work/free reflections by resolution:
                                  work free  %free
  bin  1: 3.9739 - 3.6405 [22/22]   16    6  27.3%
  bin  2: 3.6405 - 3.3967 [18/18]   18    0   0.0%
  bin  3: 3.3967 - 3.2074 [18/18]   18    0   0.0%
  bin  4: 3.2074 - 3.0543 [12/12]   12    0   0.0%
  bin  5: 3.0543 - 2.9268 [21/21]   19    2   9.5%
  bin  6: 2.9268 - 2.8182 [18/18]   18    0   0.0%
  bin  7: 2.8182 - 2.7241 [17/17]   17    0   0.0%
  bin  8: 2.7241 - 2.6414 [13/13]   13    0   0.0%
  bin  9: 2.6414 - 2.5680 [26/26]   22    4  15.4%
  bin 10: 2.5680 - 2.5021 [16/16]   16    0   0.0%
                          overall  169   12   6.6%

                   ----------Processing PDB file(s)----------                  

  Monomer Library directory:
    "/tmp1/m_zhen01/phenix-installer-1.10.1-2155-intel-linux-2.6-x86_64-centos5/phenix-1.10.1-2155/modules/chem_data/mon_lib"
  Total number of atoms: 34
  Number of models: 1
  Model: ""
    Number of chains: 1
    Chain: "A"
      Number of atoms: 34
      Number of conformers: 1
      Conformer: ""
        Number of residues, atoms: 2, 34
          Classifications: {'peptide': 2}
          Modifications used: {'NH2NOTPRO': 1, 'COOH': 1}
          Link IDs: {'TRANS': 1}
  Time building chain proxies: 0.07, per 1000 atoms: 2.06
  Number of scatterers: 34
  At special positions: 0
  Unit cell: (13.714, 12.215, 10.637, 90, 90, 90)
  Space group: P 1 (No. 1)
  Number of sites at special positions: 0
  Number of scattering types: 4
    Type Number    sf(0)
     O       3      8.00
     N       3      7.00
     C      13      6.00
     H      15      1.00
    sf(0) = scattering factor at diffraction angle 0.

  Number of disulfides: simple=0, symmetry=0

  Automatic linking
    Parameters for automatic linking
      Linking & cutoffs
        Metal                : False - 3.50
        Amimo acid           : False - 1.90
        Carbohydrate         : True  - 1.99
        Ligands              : True  - 1.99
        Amino acid - RNA/DNA : False
      
  Number of custom bonds: simple=0, symmetry=0
  Time building additional restraints: 0.02
  Conformation dependent library (CDL) restraints added in 520.0 microseconds
  
  Adding C-beta torsion restraints...
  Number of C-beta restraints generated:  2
  Time building geometry restraints manager: 0.02 seconds

  NOTE: a complete listing of the restraints can be obtained by requesting
        output of .geo file.

  Histogram of bond lengths:
        0.84 -     0.99: 14
        0.99 -     1.13: 1
        1.13 -     1.27: 2
        1.27 -     1.41: 8
        1.41 -     1.56: 10
  Bond restraints: 35
  Sorted by residual:
  bond pdb=" CG  TRP A   1 "
       pdb=" CD2 TRP A   1 "
    ideal  model  delta    sigma   weight residual
    1.433  1.459 -0.026 1.80e-02 3.09e+03 2.11e+00
  bond pdb=" C   TRP A   1 "
       pdb=" CA  TRP A   1 "
    ideal  model  delta    sigma   weight residual
    1.525  1.555 -0.030 2.10e-02 2.27e+03 2.06e+00
  bond pdb=" NE1 TRP A   1 "
       pdb=" CE2 TRP A   1 "
    ideal  model  delta    sigma   weight residual
    1.370  1.354  0.016 1.10e-02 8.26e+03 1.99e+00
  bond pdb=" CA  GLY A   2 "
       pdb=" HA1 GLY A   2 "
    ideal  model  delta    sigma   weight residual
    0.970  0.998 -0.028 2.00e-02 2.50e+03 1.90e+00
  bond pdb=" OXT GLY A   2 "
       pdb=" HXT GLY A   2 "
    ideal  model  delta    sigma   weight residual
    0.948  0.973 -0.025 2.00e-02 2.50e+03 1.59e+00
  ... (remaining 30 not shown)

  Histogram of bond angle deviations from ideal:
      104.30 -   110.46: 19
      110.46 -   116.62: 9
      116.62 -   122.77: 18
      122.77 -   128.93: 9
      128.93 -   135.09: 2
  Bond angle restraints: 57
  Sorted by residual:
  angle pdb=" C   GLY A   2 "
        pdb=" CA  GLY A   2 "
        pdb=" HA1 GLY A   2 "
      ideal   model   delta    sigma   weight residual
     109.00  104.30    4.70 3.00e+00 1.11e-01 2.45e+00
  angle pdb=" O   TRP A   1 "
        pdb=" C   TRP A   1 "
        pdb=" CA  TRP A   1 "
      ideal   model   delta    sigma   weight residual
     120.80  123.15   -2.35 1.70e+00 3.46e-01 1.91e+00
  angle pdb=" C   GLY A   2 "
        pdb=" CA  GLY A   2 "
        pdb=" N   GLY A   2 "
      ideal   model   delta    sigma   weight residual
     113.30  117.22   -3.92 2.90e+00 1.19e-01 1.83e+00
  angle pdb=" CG  TRP A   1 "
        pdb=" CD2 TRP A   1 "
        pdb=" CE3 TRP A   1 "
      ideal   model   delta    sigma   weight residual
     133.90  135.09   -1.19 1.00e+00 1.00e+00 1.41e+00
  angle pdb=" C   TRP A   1 "
        pdb=" N   GLY A   2 "
        pdb=" H   GLY A   2 "
      ideal   model   delta    sigma   weight residual
     124.30  127.58   -3.28 3.00e+00 1.11e-01 1.20e+00
  ... (remaining 52 not shown)

  Histogram of dihedral angle deviations from ideal:
        0.09 -    34.46: 11
       34.46 -    68.83: 0
       68.83 -   103.20: 1
      103.20 -   137.57: 0
      137.57 -   171.95: 1
  Dihedral angle restraints: 13
    sinusoidal: 3
      harmonic: 10
  Sorted by residual:
  dihedral pdb=" O   GLY A   2 "
           pdb=" C   GLY A   2 "
           pdb=" OXT GLY A   2 "
           pdb=" HXT GLY A   2 "
      ideal   model   delta  harmonic     sigma   weight residual
       0.00 -171.95  171.95     0      3.00e+01 1.11e-03 3.29e+01
  dihedral pdb=" CA  TRP A   1 "
           pdb=" C   TRP A   1 "
           pdb=" N   GLY A   2 "
           pdb=" CA  GLY A   2 "
      ideal   model   delta  harmonic     sigma   weight residual
     180.00  167.13   12.87     0      5.00e+00 4.00e-02 6.62e+00
  dihedral pdb=" OXT GLY A   2 "
           pdb=" C   GLY A   2 "
           pdb=" CA  GLY A   2 "
           pdb=" N   GLY A   2 "
      ideal   model   delta sinusoidal    sigma   weight residual
     -20.00  -89.18   69.18     2      3.00e+01 1.11e-03 4.66e+00
  ... (remaining 10 not shown)

  Histogram of chiral volume deviations from ideal:
       0.044 -    0.044: 1
       0.044 -    0.044: 0
       0.044 -    0.044: 0
       0.044 -    0.044: 0
       0.044 -    0.044: 0
  Chirality restraints: 1
  Sorted by residual:
  chirality pdb=" CA  TRP A   1 "
            pdb=" C   TRP A   1 "
            pdb=" N   TRP A   1 "
            pdb=" CB  TRP A   1 "
    both_signs  ideal   model   delta    sigma   weight residual
      False     -2.51   -2.55    0.04 2.00e-01 2.50e+01 4.92e-02

  Planarity restraints: 4
  Sorted by residual:
                                 delta    sigma   weight rms_deltas residual
  plane pdb=" O   GLY A   2 "   -0.031 2.00e-02 2.50e+03   2.99e-02 1.12e+01
        pdb=" C   GLY A   2 "    0.037 2.00e-02 2.50e+03
        pdb=" OXT GLY A   2 "    0.029 2.00e-02 2.50e+03
        pdb=" HXT GLY A   2 "   -0.035 2.00e-02 2.50e+03
        pdb=" CA  GLY A   2 "    0.001 2.00e-02 2.50e+03
                                 delta    sigma   weight rms_deltas residual
  plane pdb=" CB  TRP A   1 "    0.004 2.00e-02 2.50e+03   1.55e-02 9.67e+00
        pdb=" CG  TRP A   1 "   -0.006 2.00e-02 2.50e+03
        pdb=" CD1 TRP A   1 "   -0.006 2.00e-02 2.50e+03
        pdb=" HD1 TRP A   1 "   -0.000 2.00e-02 2.50e+03
        pdb=" NE1 TRP A   1 "    0.040 2.00e-02 2.50e+03
        pdb=" HE1 TRP A   1 "    0.004 2.00e-02 2.50e+03
        pdb=" CE2 TRP A   1 "   -0.031 2.00e-02 2.50e+03
        pdb=" CZ2 TRP A   1 "   -0.007 2.00e-02 2.50e+03
        pdb=" HZ2 TRP A   1 "   -0.007 2.00e-02 2.50e+03
        pdb=" CH2 TRP A   1 "    0.018 2.00e-02 2.50e+03
        pdb=" HH2 TRP A   1 "   -0.005 2.00e-02 2.50e+03
        pdb=" CZ3 TRP A   1 "   -0.010 2.00e-02 2.50e+03
        pdb=" HZ3 TRP A   1 "    0.020 2.00e-02 2.50e+03
        pdb=" CE3 TRP A   1 "   -0.013 2.00e-02 2.50e+03
        pdb=" HE3 TRP A   1 "    0.006 2.00e-02 2.50e+03
        pdb=" CD2 TRP A   1 "   -0.005 2.00e-02 2.50e+03
                                 delta    sigma   weight rms_deltas residual
  plane pdb=" C   TRP A   1 "    0.002 2.00e-02 2.50e+03   4.15e-03 1.72e-01
        pdb=" CA  GLY A   2 "    0.002 2.00e-02 2.50e+03
        pdb=" N   GLY A   2 "   -0.007 2.00e-02 2.50e+03
        pdb=" H   GLY A   2 "    0.003 2.00e-02 2.50e+03
  ... (remaining 1 not shown)

  Histogram of nonbonded interaction distances:
        2.11 -     2.67: 25
        2.67 -     3.22: 45
        3.22 -     3.78: 49
        3.78 -     4.33: 60
        4.33 -     4.89: 60
  Nonbonded interactions: 239
  Sorted by model distance:
  nonbonded pdb=" H1  TRP A   1 "
            pdb=" H   GLY A   2 "
     model   vdw
     2.109 2.100
  nonbonded pdb=" HA1 GLY A   2 "
            pdb=" H   GLY A   2 "
     model   vdw
     2.130 1.816
  nonbonded pdb=" HA  TRP A   1 "
            pdb=" HB2 TRP A   1 "
     model   vdw
     2.230 1.952
  nonbonded pdb=" HXT GLY A   2 "
            pdb=" HA2 GLY A   2 "
     model   vdw
     2.289 2.270
  nonbonded pdb=" N   TRP A   1 "
            pdb=" H   GLY A   2 "
     model   vdw
     2.304 2.650
  ... (remaining 234 not shown)

  NOTE: a complete listing of the restraints can be obtained by requesting
        output of .geo file.

                   ----------xray_structure summary----------                  

Number of scattering types: 4
  Type Number    sf(0)   Gaussians
   O       3      7.97       2
   N       3      6.97       2
   C      13      5.97       2
   H      15      1.00       2
  sf(0) = scattering factor at diffraction angle 0.
Number of scatterers: 34
At special positions: 0
Unit cell: (13.714, 12.215, 10.637, 90, 90, 90)
Space group: P 1 (No. 1)

End of input processing
r_work=0.5647 r_free=0.4535
params.data_weight: None
params.restraints: qm
rmsd(b), start:  0.0839
mc:   0 R: 0.1724 rmsd(b):  0.0539 restraint_scale:  2.0 min_steps: 45
mc:   1 R: 0.0261 rmsd(b):  0.0200 restraint_scale:  2.0 min_steps: 20
mc:   2 R: 0.0077 rmsd(b):  0.0194 restraint_scale:  2.0 min_steps: 27
mc:   3 R: 0.0045 rmsd(b):  0.0212 restraint_scale:  2.0 min_steps: 30
Convergence reached, stop now.
see the result structure:  ./p26/04_results/refine_qm/201_WG12-new/0.9/4.pdb
Time: 177.0906
