phenix.python
you are importing  adaptive calculator, and it does nothing. Please give it energy, force....... 

============================== Collecting inputs ==============================


                   ----------Processing X-ray data----------                   

F-obs:
  /scratch/m_zhen01/31011.lupus.uni-muenster.de/p26/02_mtz/197_WG07-new.mtz:F-obs
Miller array info: None
Observation type: xray.amplitude
Type of data: double, size=182
Type of sigmas: None
Number of Miller indices: 182
Anomalous flag: False
Unit cell: (13.914, 10.187, 12.801, 90, 90, 90)
Space group: P 1 (No. 1)
Systematic absences: 0
Centric reflections: 0
Resolution range: 3.98551 2.50513
Completeness in resolution range: 1
Completeness with d_max=infinity: 0.752066

Number of F-obs in resolution range:                   182
Number of F-obs<0 (these reflections will be rejected): 0
Number of F-obs=0 (these reflections will be used in refinement): 0
Refinement resolution range: d_max =   3.9855
                             d_min =   2.5051

R-free flags:
  /scratch/m_zhen01/31011.lupus.uni-muenster.de/p26/02_mtz/197_WG07-new.mtz:R-free-flags
Miller array info: /scratch/m_zhen01/31011.lupus.uni-muenster.de/p26/02_mtz/197_WG07-new.mtz:R-free-flags
Observation type: None
Type of data: int, size=182
Type of sigmas: None
Number of Miller indices: 182
Anomalous flag: False
Unit cell: (13.914, 10.187, 12.801, 90, 90, 90)
Space group: P 1 (No. 1)
Systematic absences: 0
Centric reflections: 0
Resolution range: 3.98551 2.50513
Completeness in resolution range: 1
Completeness with d_max=infinity: 0.752066
Wavelength: 1.0000

Test (R-free flags) flag value: 1

Number of work/free reflections by resolution:
                                  work free  %free
  bin  1: 3.9855 - 3.6493 [18/18]   18    0   0.0%
  bin  2: 3.6493 - 3.4038 [17/17]   13    4  23.5%
  bin  3: 3.4038 - 3.2133 [15/15]   15    0   0.0%
  bin  4: 3.2133 - 3.0594 [17/17]   17    0   0.0%
  bin  5: 3.0594 - 2.9313 [32/32]   32    0   0.0%
  bin  6: 2.9313 - 2.8223 [ 8/8 ]    8    0   0.0%
  bin  7: 2.8223 - 2.7279 [15/15]   15    0   0.0%
  bin  8: 2.7279 - 2.6449 [22/22]   20    2   9.1%
  bin  9: 2.6449 - 2.5712 [18/18]   16    2  11.1%
  bin 10: 2.5712 - 2.5051 [20/20]   20    0   0.0%
                          overall  174    8   4.4%

                   ----------Processing PDB file(s)----------                  

  Monomer Library directory:
    "/tmp1/m_zhen01/phenix-installer-1.10.1-2155-intel-linux-2.6-x86_64-centos5/phenix-1.10.1-2155/modules/chem_data/mon_lib"
  Total number of atoms: 34
  Number of models: 1
  Model: ""
    Number of chains: 1
    Chain: "A"
      Number of atoms: 34
      Number of conformers: 1
      Conformer: ""
        Number of residues, atoms: 2, 34
          Classifications: {'peptide': 2}
          Modifications used: {'NH2NOTPRO': 1, 'COOH': 1}
          Link IDs: {'TRANS': 1}
  Time building chain proxies: 0.07, per 1000 atoms: 2.06
  Number of scatterers: 34
  At special positions: 0
  Unit cell: (13.914, 10.187, 12.801, 90, 90, 90)
  Space group: P 1 (No. 1)
  Number of sites at special positions: 0
  Number of scattering types: 4
    Type Number    sf(0)
     O       3      8.00
     N       3      7.00
     C      13      6.00
     H      15      1.00
    sf(0) = scattering factor at diffraction angle 0.

  Number of disulfides: simple=0, symmetry=0

  Automatic linking
    Parameters for automatic linking
      Linking & cutoffs
        Metal                : False - 3.50
        Amimo acid           : False - 1.90
        Carbohydrate         : True  - 1.99
        Ligands              : True  - 1.99
        Amino acid - RNA/DNA : False
      
  Number of custom bonds: simple=0, symmetry=0
  Time building additional restraints: 0.02
  Conformation dependent library (CDL) restraints added in 422.0 microseconds
  
  Adding C-beta torsion restraints...
  Number of C-beta restraints generated:  2
  Time building geometry restraints manager: 0.03 seconds

  NOTE: a complete listing of the restraints can be obtained by requesting
        output of .geo file.

  Histogram of bond lengths:
        0.83 -     0.98: 11
        0.98 -     1.13: 4
        1.13 -     1.28: 2
        1.28 -     1.42: 11
        1.42 -     1.57: 7
  Bond restraints: 35
  Sorted by residual:
  bond pdb=" CB  TRP A   1 "
       pdb=" CG  TRP A   1 "
    ideal  model  delta    sigma   weight residual
    1.498  1.572 -0.074 3.10e-02 1.04e+03 5.64e+00
  bond pdb=" CA  TRP A   1 "
       pdb=" N   TRP A   1 "
    ideal  model  delta    sigma   weight residual
    1.458  1.499 -0.041 1.90e-02 2.77e+03 4.57e+00
  bond pdb=" C   TRP A   1 "
       pdb=" O   TRP A   1 "
    ideal  model  delta    sigma   weight residual
    1.231  1.269 -0.038 2.00e-02 2.50e+03 3.70e+00
  bond pdb=" CG  TRP A   1 "
       pdb=" CD2 TRP A   1 "
    ideal  model  delta    sigma   weight residual
    1.433  1.465 -0.032 1.80e-02 3.09e+03 3.19e+00
  bond pdb=" CA  GLY A   2 "
       pdb=" HA2 GLY A   2 "
    ideal  model  delta    sigma   weight residual
    0.970  1.005 -0.035 2.00e-02 2.50e+03 3.10e+00
  ... (remaining 30 not shown)

  Histogram of bond angle deviations from ideal:
      103.29 -   109.42: 15
      109.42 -   115.56: 10
      115.56 -   121.69: 20
      121.69 -   127.82: 8
      127.82 -   133.95: 4
  Bond angle restraints: 57
  Sorted by residual:
  angle pdb=" C   TRP A   1 "
        pdb=" CA  TRP A   1 "
        pdb=" HA  TRP A   1 "
      ideal   model   delta    sigma   weight residual
     109.00  103.29    5.71 3.00e+00 1.11e-01 3.62e+00
  angle pdb=" CB  TRP A   1 "
        pdb=" CG  TRP A   1 "
        pdb=" CD2 TRP A   1 "
      ideal   model   delta    sigma   weight residual
     126.80  128.96   -2.16 1.40e+00 5.10e-01 2.38e+00
  angle pdb=" C   GLY A   2 "
        pdb=" CA  GLY A   2 "
        pdb=" N   GLY A   2 "
      ideal   model   delta    sigma   weight residual
     113.30  117.77   -4.47 2.90e+00 1.19e-01 2.37e+00
  angle pdb=" HD1 TRP A   1 "
        pdb=" CD1 TRP A   1 "
        pdb=" NE1 TRP A   1 "
      ideal   model   delta    sigma   weight residual
     124.90  120.86    4.04 3.00e+00 1.11e-01 1.82e+00
  angle pdb=" NE1 TRP A   1 "
        pdb=" CE2 TRP A   1 "
        pdb=" CD2 TRP A   1 "
      ideal   model   delta    sigma   weight residual
     107.40  109.14   -1.74 1.30e+00 5.92e-01 1.79e+00
  ... (remaining 52 not shown)

  Histogram of dihedral angle deviations from ideal:
        0.35 -     8.47: 10
        8.47 -    16.59: 1
       16.59 -    24.72: 1
       24.72 -    32.84: 0
       32.84 -    40.96: 1
  Dihedral angle restraints: 13
    sinusoidal: 3
      harmonic: 10
  Sorted by residual:
  dihedral pdb=" OXT GLY A   2 "
           pdb=" C   GLY A   2 "
           pdb=" CA  GLY A   2 "
           pdb=" N   GLY A   2 "
      ideal   model   delta sinusoidal    sigma   weight residual
     160.00 -159.04  -40.96     2      3.00e+01 1.11e-03 2.29e+00
  dihedral pdb=" CA  TRP A   1 "
           pdb=" C   TRP A   1 "
           pdb=" N   GLY A   2 "
           pdb=" CA  GLY A   2 "
      ideal   model   delta  harmonic     sigma   weight residual
     180.00  172.56    7.44     0      5.00e+00 4.00e-02 2.22e+00
  dihedral pdb=" N   TRP A   1 "
           pdb=" CA  TRP A   1 "
           pdb=" CB  TRP A   1 "
           pdb=" CG  TRP A   1 "
      ideal   model   delta sinusoidal    sigma   weight residual
      60.00   76.96  -16.96     3      1.50e+01 4.44e-03 1.75e+00
  ... (remaining 10 not shown)

  Histogram of chiral volume deviations from ideal:
       0.056 -    0.056: 1
       0.056 -    0.056: 0
       0.056 -    0.056: 0
       0.056 -    0.056: 0
       0.056 -    0.056: 0
  Chirality restraints: 1
  Sorted by residual:
  chirality pdb=" CA  TRP A   1 "
            pdb=" C   TRP A   1 "
            pdb=" N   TRP A   1 "
            pdb=" CB  TRP A   1 "
    both_signs  ideal   model   delta    sigma   weight residual
      False     -2.51   -2.57    0.06 2.00e-01 2.50e+01 7.72e-02

  Planarity restraints: 4
  Sorted by residual:
                                 delta    sigma   weight rms_deltas residual
  plane pdb=" OXT GLY A   2 "    0.009 2.00e-02 2.50e+03   1.35e-02 2.29e+00
        pdb=" C   GLY A   2 "   -0.026 2.00e-02 2.50e+03
        pdb=" O   GLY A   2 "    0.010 2.00e-02 2.50e+03
        pdb=" HXT GLY A   2 "    0.000 2.00e-02 2.50e+03
        pdb=" CA  GLY A   2 "    0.008 2.00e-02 2.50e+03
                                 delta    sigma   weight rms_deltas residual
  plane pdb=" CB  TRP A   1 "   -0.011 2.00e-02 2.50e+03   7.52e-03 2.26e+00
        pdb=" CG  TRP A   1 "    0.006 2.00e-02 2.50e+03
        pdb=" CD1 TRP A   1 "    0.002 2.00e-02 2.50e+03
        pdb=" HD1 TRP A   1 "    0.011 2.00e-02 2.50e+03
        pdb=" NE1 TRP A   1 "   -0.014 2.00e-02 2.50e+03
        pdb=" HE1 TRP A   1 "    0.000 2.00e-02 2.50e+03
        pdb=" CE2 TRP A   1 "    0.008 2.00e-02 2.50e+03
        pdb=" CZ2 TRP A   1 "    0.010 2.00e-02 2.50e+03
        pdb=" HZ2 TRP A   1 "   -0.008 2.00e-02 2.50e+03
        pdb=" CH2 TRP A   1 "    0.001 2.00e-02 2.50e+03
        pdb=" HH2 TRP A   1 "   -0.005 2.00e-02 2.50e+03
        pdb=" CZ3 TRP A   1 "    0.000 2.00e-02 2.50e+03
        pdb=" HZ3 TRP A   1 "    0.008 2.00e-02 2.50e+03
        pdb=" CE3 TRP A   1 "   -0.009 2.00e-02 2.50e+03
        pdb=" HE3 TRP A   1 "    0.003 2.00e-02 2.50e+03
        pdb=" CD2 TRP A   1 "   -0.002 2.00e-02 2.50e+03
                                 delta    sigma   weight rms_deltas residual
  plane pdb=" C   TRP A   1 "   -0.019 2.00e-02 2.50e+03   1.07e-02 1.15e+00
        pdb=" O   TRP A   1 "    0.007 2.00e-02 2.50e+03
        pdb=" CA  TRP A   1 "    0.005 2.00e-02 2.50e+03
        pdb=" N   GLY A   2 "    0.006 2.00e-02 2.50e+03
  ... (remaining 1 not shown)

  Histogram of nonbonded interaction distances:
        1.87 -     2.47: 13
        2.47 -     3.07: 38
        3.07 -     3.67: 72
        3.67 -     4.27: 81
        4.27 -     4.87: 86
  Nonbonded interactions: 290
  Sorted by model distance:
  nonbonded pdb=" H1  TRP A   1 "
            pdb=" H   GLY A   2 "
     model   vdw
     1.874 2.100
  nonbonded pdb=" HA  TRP A   1 "
            pdb=" HB2 TRP A   1 "
     model   vdw
     2.237 1.952
  nonbonded pdb=" HH2 TRP A   1 "
            pdb=" HZ3 TRP A   1 "
     model   vdw
     2.281 1.680
  nonbonded pdb=" HZ3 TRP A   1 "
            pdb=" HE3 TRP A   1 "
     model   vdw
     2.291 1.680
  nonbonded pdb=" O   GLY A   2 "
            pdb=" HXT GLY A   2 "
     model   vdw
     2.296 2.056
  ... (remaining 285 not shown)

  NOTE: a complete listing of the restraints can be obtained by requesting
        output of .geo file.

                   ----------xray_structure summary----------                  

Number of scattering types: 4
  Type Number    sf(0)   Gaussians
   O       3      7.97       2
   N       3      6.97       2
   C      13      5.97       2
   H      15      1.00       2
  sf(0) = scattering factor at diffraction angle 0.
Number of scatterers: 34
At special positions: 0
Unit cell: (13.914, 10.187, 12.801, 90, 90, 90)
Space group: P 1 (No. 1)

End of input processing
r_work=0.2365 r_free=0.1685
params.data_weight: None
params.restraints: qm
rmsd(b), start:  0.0943
mc:   0 R: 0.0392 rmsd(b):  0.0322 restraint_scale:  2.0 min_steps: 20
mc:   1 R: 0.0147 rmsd(b):  0.0240 restraint_scale:  2.0 min_steps: 18
mc:   2 R: 0.0089 rmsd(b):  0.0295 restraint_scale:  2.0 min_steps: 20
mc:   3 R: 0.0075 rmsd(b):  0.0272 restraint_scale:  2.0 min_steps: 32
mc:   4 R: 0.0076 rmsd(b):  0.0280 restraint_scale:  2.0 min_steps: 8
Convergence reached, stop now.
see the result structure:  ./p26/04_results/refine_qm/197_WG07-new/0.3/8.pdb
Time: 167.0968
