phenix.python
you are importing  adaptive calculator, and it does nothing. Please give it energy, force....... 

============================== Collecting inputs ==============================


                   ----------Processing X-ray data----------                   

F-obs:
  /scratch/m_zhen01/30995.lupus.uni-muenster.de/p26/02_mtz/211_WGG02-new.mtz:F-obs
Miller array info: None
Observation type: xray.amplitude
Type of data: double, size=196
Type of sigmas: None
Number of Miller indices: 196
Anomalous flag: False
Unit cell: (14.386, 10.493, 13.617, 90, 90, 90)
Space group: P 1 (No. 1)
Systematic absences: 0
Centric reflections: 0
Resolution range: 3.99254 2.50744
Completeness in resolution range: 1
Completeness with d_max=infinity: 0.731343

Number of F-obs in resolution range:                   196
Number of F-obs<0 (these reflections will be rejected): 0
Number of F-obs=0 (these reflections will be used in refinement): 0
Refinement resolution range: d_max =   3.9925
                             d_min =   2.5074

R-free flags:
  /scratch/m_zhen01/30995.lupus.uni-muenster.de/p26/02_mtz/211_WGG02-new.mtz:R-free-flags
Miller array info: /scratch/m_zhen01/30995.lupus.uni-muenster.de/p26/02_mtz/211_WGG02-new.mtz:R-free-flags
Observation type: None
Type of data: int, size=196
Type of sigmas: None
Number of Miller indices: 196
Anomalous flag: False
Unit cell: (14.386, 10.493, 13.617, 90, 90, 90)
Space group: P 1 (No. 1)
Systematic absences: 0
Centric reflections: 0
Resolution range: 3.99254 2.50744
Completeness in resolution range: 1
Completeness with d_max=infinity: 0.731343
Wavelength: 1.0000

Test (R-free flags) flag value: 1

Number of work/free reflections by resolution:
                                  work free  %free
  bin  1: 3.9925 - 3.6547 [12/12]    8    4  33.3%
  bin  2: 3.6547 - 3.4083 [20/20]   20    0   0.0%
  bin  3: 3.4083 - 3.2173 [25/25]   25    0   0.0%
  bin  4: 3.2173 - 3.0629 [28/28]   28    0   0.0%
  bin  5: 3.0629 - 2.9345 [14/14]   14    0   0.0%
  bin  6: 2.9345 - 2.8252 [13/13]   13    0   0.0%
  bin  7: 2.8252 - 2.7306 [22/22]   22    0   0.0%
  bin  8: 2.7306 - 2.6475 [29/29]   21    8  27.6%
  bin  9: 2.6475 - 2.5737 [19/19]   19    0   0.0%
  bin 10: 2.5737 - 2.5074 [14/14]   14    0   0.0%
                          overall  184   12   6.1%

                   ----------Processing PDB file(s)----------                  

  Monomer Library directory:
    "/tmp1/m_zhen01/phenix-installer-1.10.1-2155-intel-linux-2.6-x86_64-centos5/phenix-1.10.1-2155/modules/chem_data/mon_lib"
  Total number of atoms: 41
  Number of models: 1
  Model: ""
    Number of chains: 1
    Chain: "A"
      Number of atoms: 41
      Number of conformers: 1
      Conformer: ""
        Number of residues, atoms: 3, 41
          Classifications: {'peptide': 3}
          Modifications used: {'NH2NOTPRO': 1, 'COOH': 1}
          Link IDs: {'TRANS': 2}
  Time building chain proxies: 0.08, per 1000 atoms: 1.95
  Number of scatterers: 41
  At special positions: 0
  Unit cell: (14.386, 10.493, 13.617, 90, 90, 90)
  Space group: P 1 (No. 1)
  Number of sites at special positions: 0
  Number of scattering types: 4
    Type Number    sf(0)
     O       4      8.00
     N       4      7.00
     C      15      6.00
     H      18      1.00
    sf(0) = scattering factor at diffraction angle 0.

  Number of disulfides: simple=0, symmetry=0

  Automatic linking
    Parameters for automatic linking
      Linking & cutoffs
        Metal                : False - 3.50
        Amimo acid           : False - 1.90
        Carbohydrate         : True  - 1.99
        Ligands              : True  - 1.99
        Amino acid - RNA/DNA : False
      
  Number of custom bonds: simple=0, symmetry=0
  Time building additional restraints: 0.02
  Conformation dependent library (CDL) restraints added in 2.4 milliseconds
  
  Adding C-beta torsion restraints...
  Number of C-beta restraints generated:  2
  Time building geometry restraints manager: 0.03 seconds

  NOTE: a complete listing of the restraints can be obtained by requesting
        output of .geo file.

  Histogram of bond lengths:
        0.82 -     0.97: 14
        0.97 -     1.12: 4
        1.12 -     1.27: 3
        1.27 -     1.42: 14
        1.42 -     1.57: 7
  Bond restraints: 42
  Sorted by residual:
  bond pdb=" N   GLY A   3 "
       pdb=" H   GLY A   3 "
    ideal  model  delta    sigma   weight residual
    0.860  0.926 -0.066 2.00e-02 2.50e+03 1.09e+01
  bond pdb=" CA  GLY A   2 "
       pdb=" N   GLY A   2 "
    ideal  model  delta    sigma   weight residual
    1.448  1.412  0.036 1.40e-02 5.10e+03 6.46e+00
  bond pdb=" CB  TRP A   1 "
       pdb=" CG  TRP A   1 "
    ideal  model  delta    sigma   weight residual
    1.498  1.572 -0.074 3.10e-02 1.04e+03 5.66e+00
  bond pdb=" NE1 TRP A   1 "
       pdb=" HE1 TRP A   1 "
    ideal  model  delta    sigma   weight residual
    0.860  0.819  0.041 2.00e-02 2.50e+03 4.12e+00
  bond pdb=" CA  GLY A   3 "
       pdb=" HA1 GLY A   3 "
    ideal  model  delta    sigma   weight residual
    0.970  1.009 -0.039 2.00e-02 2.50e+03 3.80e+00
  ... (remaining 37 not shown)

  Histogram of bond angle deviations from ideal:
      102.70 -   108.91: 16
      108.91 -   115.11: 16
      115.11 -   121.31: 18
      121.31 -   127.52: 16
      127.52 -   133.72: 3
  Bond angle restraints: 69
  Sorted by residual:
  angle pdb=" HB2 TRP A   1 "
        pdb=" CB  TRP A   1 "
        pdb=" CG  TRP A   1 "
      ideal   model   delta    sigma   weight residual
     108.00  115.81   -7.81 3.00e+00 1.11e-01 6.78e+00
  angle pdb=" H1  TRP A   1 "
        pdb=" N   TRP A   1 "
        pdb=" H2  TRP A   1 "
      ideal   model   delta    sigma   weight residual
     109.47  115.77   -6.30 3.00e+00 1.11e-01 4.42e+00
  angle pdb=" CA  TRP A   1 "
        pdb=" CB  TRP A   1 "
        pdb=" HB1 TRP A   1 "
      ideal   model   delta    sigma   weight residual
     109.00  102.70    6.30 3.00e+00 1.11e-01 4.41e+00
  angle pdb=" O   GLY A   3 "
        pdb=" C   GLY A   3 "
        pdb=" CA  GLY A   3 "
      ideal   model   delta    sigma   weight residual
     118.60  113.06    5.54 3.00e+00 1.11e-01 3.41e+00
  angle pdb=" O   TRP A   1 "
        pdb=" C   TRP A   1 "
        pdb=" N   GLY A   2 "
      ideal   model   delta    sigma   weight residual
     123.00  120.36    2.64 1.60e+00 3.91e-01 2.72e+00
  ... (remaining 64 not shown)

  Histogram of dihedral angle deviations from ideal:
        0.59 -    35.86: 13
       35.86 -    71.14: 0
       71.14 -   106.41: 0
      106.41 -   141.68: 0
      141.68 -   176.95: 1
  Dihedral angle restraints: 14
    sinusoidal: 3
      harmonic: 11
  Sorted by residual:
  dihedral pdb=" O   GLY A   3 "
           pdb=" C   GLY A   3 "
           pdb=" OXT GLY A   3 "
           pdb=" HXT GLY A   3 "
      ideal   model   delta  harmonic     sigma   weight residual
       0.00 -176.95  176.95     0      3.00e+01 1.11e-03 3.48e+01
  dihedral pdb=" CA  GLY A   2 "
           pdb=" C   GLY A   2 "
           pdb=" N   GLY A   3 "
           pdb=" CA  GLY A   3 "
      ideal   model   delta  harmonic     sigma   weight residual
     180.00 -168.60  -11.40     0      5.00e+00 4.00e-02 5.20e+00
  dihedral pdb=" C   TRP A   1 "
           pdb=" N   TRP A   1 "
           pdb=" CA  TRP A   1 "
           pdb=" CB  TRP A   1 "
      ideal   model   delta  harmonic     sigma   weight residual
    -122.60 -119.44   -3.16     0      2.50e+00 1.60e-01 1.59e+00
  ... (remaining 11 not shown)

  Histogram of chiral volume deviations from ideal:
       0.107 -    0.107: 1
       0.107 -    0.107: 0
       0.107 -    0.107: 0
       0.107 -    0.107: 0
       0.107 -    0.107: 0
  Chirality restraints: 1
  Sorted by residual:
  chirality pdb=" CA  TRP A   1 "
            pdb=" C   TRP A   1 "
            pdb=" N   TRP A   1 "
            pdb=" CB  TRP A   1 "
    both_signs  ideal   model   delta    sigma   weight residual
      False     -2.51   -2.62    0.11 2.00e-01 2.50e+01 2.87e-01

  Planarity restraints: 6
  Sorted by residual:
                                 delta    sigma   weight rms_deltas residual
  plane pdb=" CB  TRP A   1 "   -0.001 2.00e-02 2.50e+03   1.08e-02 4.64e+00
        pdb=" CG  TRP A   1 "    0.003 2.00e-02 2.50e+03
        pdb=" CD1 TRP A   1 "    0.009 2.00e-02 2.50e+03
        pdb=" HD1 TRP A   1 "   -0.001 2.00e-02 2.50e+03
        pdb=" NE1 TRP A   1 "   -0.026 2.00e-02 2.50e+03
        pdb=" HE1 TRP A   1 "   -0.001 2.00e-02 2.50e+03
        pdb=" CE2 TRP A   1 "    0.007 2.00e-02 2.50e+03
        pdb=" CZ2 TRP A   1 "    0.013 2.00e-02 2.50e+03
        pdb=" HZ2 TRP A   1 "    0.005 2.00e-02 2.50e+03
        pdb=" CH2 TRP A   1 "    0.011 2.00e-02 2.50e+03
        pdb=" HH2 TRP A   1 "   -0.006 2.00e-02 2.50e+03
        pdb=" CZ3 TRP A   1 "   -0.023 2.00e-02 2.50e+03
        pdb=" HZ3 TRP A   1 "   -0.003 2.00e-02 2.50e+03
        pdb=" CE3 TRP A   1 "    0.011 2.00e-02 2.50e+03
        pdb=" HE3 TRP A   1 "    0.004 2.00e-02 2.50e+03
        pdb=" CD2 TRP A   1 "   -0.003 2.00e-02 2.50e+03
                                 delta    sigma   weight rms_deltas residual
  plane pdb=" O   GLY A   3 "   -0.010 2.00e-02 2.50e+03   1.71e-02 3.66e+00
        pdb=" C   GLY A   3 "   -0.004 2.00e-02 2.50e+03
        pdb=" OXT GLY A   3 "    0.028 2.00e-02 2.50e+03
        pdb=" HXT GLY A   3 "   -0.023 2.00e-02 2.50e+03
        pdb=" CA  GLY A   3 "    0.009 2.00e-02 2.50e+03
                                 delta    sigma   weight rms_deltas residual
  plane pdb=" C   TRP A   1 "   -0.009 2.00e-02 2.50e+03   1.73e-02 2.99e+00
        pdb=" CA  GLY A   2 "   -0.008 2.00e-02 2.50e+03
        pdb=" N   GLY A   2 "    0.030 2.00e-02 2.50e+03
        pdb=" H   GLY A   2 "   -0.013 2.00e-02 2.50e+03
  ... (remaining 3 not shown)

  Histogram of nonbonded interaction distances:
        1.82 -     2.43: 16
        2.43 -     3.05: 64
        3.05 -     3.66: 70
        3.66 -     4.27: 82
        4.27 -     4.89: 108
  Nonbonded interactions: 340
  Sorted by model distance:
  nonbonded pdb=" HA  TRP A   1 "
            pdb=" H2  TRP A   1 "
     model   vdw
     1.819 1.816
  nonbonded pdb=" H1  TRP A   1 "
            pdb=" HE3 TRP A   1 "
     model   vdw
     2.145 2.100
  nonbonded pdb=" H1  TRP A   1 "
            pdb=" HB1 TRP A   1 "
     model   vdw
     2.196 2.270
  nonbonded pdb=" HA  TRP A   1 "
            pdb=" HB2 TRP A   1 "
     model   vdw
     2.243 1.952
  nonbonded pdb=" HZ2 TRP A   1 "
            pdb=" HH2 TRP A   1 "
     model   vdw
     2.245 1.680
  ... (remaining 335 not shown)

  NOTE: a complete listing of the restraints can be obtained by requesting
        output of .geo file.

                   ----------xray_structure summary----------                  

Number of scattering types: 4
  Type Number    sf(0)   Gaussians
   O       4      7.97       2
   N       4      6.97       2
   C      15      5.97       2
   H      18      1.00       2
  sf(0) = scattering factor at diffraction angle 0.
Number of scatterers: 41
At special positions: 0
Unit cell: (14.386, 10.493, 13.617, 90, 90, 90)
Space group: P 1 (No. 1)

End of input processing
r_work=0.3683 r_free=0.4738
params.data_weight: None
params.restraints: cctbx
rmsd(b), start:  0.0898
mc:   0 R: 0.1126 rmsd(b):  0.0790 restraint_scale:  2.0 min_steps: 35
mc:   1 R: 0.0204 rmsd(b):  0.0161 restraint_scale:  2.0 min_steps: 27
mc:   2 R: 0.0039 rmsd(b):  0.0148 restraint_scale:  2.0 min_steps: 30
Convergence reached, stop now.
see the result structure:  ./p26/04_results/refine_cctbx/211_WGG02-new/0.6/5.pdb
Time: 5.2407
