phenix.python
you are importing  adaptive calculator, and it does nothing. Please give it energy, force....... 

============================== Collecting inputs ==============================


                   ----------Processing X-ray data----------                   

F-obs:
  /scratch/m_zhen01/30994.lupus.uni-muenster.de/p26/02_mtz/222_GGF13-new.mtz:F-obs
Miller array info: None
Observation type: xray.amplitude
Type of data: double, size=185
Type of sigmas: None
Number of Miller indices: 185
Anomalous flag: False
Unit cell: (14.815, 10.106, 12.442, 90, 90, 90)
Space group: P 1 (No. 1)
Systematic absences: 0
Centric reflections: 0
Resolution range: 3.99379 2.50369
Completeness in resolution range: 1
Completeness with d_max=infinity: 0.761317

Number of F-obs in resolution range:                   185
Number of F-obs<0 (these reflections will be rejected): 0
Number of F-obs=0 (these reflections will be used in refinement): 0
Refinement resolution range: d_max =   3.9938
                             d_min =   2.5037

R-free flags:
  /scratch/m_zhen01/30994.lupus.uni-muenster.de/p26/02_mtz/222_GGF13-new.mtz:R-free-flags
Miller array info: /scratch/m_zhen01/30994.lupus.uni-muenster.de/p26/02_mtz/222_GGF13-new.mtz:R-free-flags
Observation type: None
Type of data: int, size=185
Type of sigmas: None
Number of Miller indices: 185
Anomalous flag: False
Unit cell: (14.815, 10.106, 12.442, 90, 90, 90)
Space group: P 1 (No. 1)
Systematic absences: 0
Centric reflections: 0
Resolution range: 3.99379 2.50369
Completeness in resolution range: 1
Completeness with d_max=infinity: 0.761317
Wavelength: 1.0000

Test (R-free flags) flag value: 1

Number of work/free reflections by resolution:
                                  work free  %free
  bin  1: 3.9938 - 3.6538 [21/21]   19    2   9.5%
  bin  2: 3.6538 - 3.4063 [20/20]   20    0   0.0%
  bin  3: 3.4063 - 3.2146 [13/13]   12    1   7.7%
  bin  4: 3.2146 - 3.0599 [21/21]   19    2   9.5%
  bin  5: 3.0599 - 2.9312 [25/25]   25    0   0.0%
  bin  6: 2.9312 - 2.8217 [18/18]   18    0   0.0%
  bin  7: 2.8217 - 2.7270 [16/16]   16    0   0.0%
  bin  8: 2.7270 - 2.6438 [20/20]   18    2  10.0%
  bin  9: 2.6438 - 2.5699 [16/16]   16    0   0.0%
  bin 10: 2.5699 - 2.5037 [15/15]   15    0   0.0%
                          overall  178    7   3.8%

                   ----------Processing PDB file(s)----------                  

  Monomer Library directory:
    "/tmp1/m_zhen01/phenix-installer-1.10.1-2155-intel-linux-2.6-x86_64-centos5/phenix-1.10.1-2155/modules/chem_data/mon_lib"
  Total number of atoms: 37
  Number of models: 1
  Model: ""
    Number of chains: 1
    Chain: "A"
      Number of atoms: 37
      Number of conformers: 1
      Conformer: ""
        Number of residues, atoms: 3, 37
          Classifications: {'peptide': 3}
          Modifications used: {'NH2NOTPRO': 1, 'COOH': 1}
          Link IDs: {'TRANS': 2}
  Time building chain proxies: 0.07, per 1000 atoms: 1.89
  Number of scatterers: 37
  At special positions: 0
  Unit cell: (14.815, 10.106, 12.442, 90, 90, 90)
  Space group: P 1 (No. 1)
  Number of sites at special positions: 0
  Number of scattering types: 4
    Type Number    sf(0)
     O       4      8.00
     N       3      7.00
     C      13      6.00
     H      17      1.00
    sf(0) = scattering factor at diffraction angle 0.

  Number of disulfides: simple=0, symmetry=0

  Automatic linking
    Parameters for automatic linking
      Linking & cutoffs
        Metal                : False - 3.50
        Amimo acid           : False - 1.90
        Carbohydrate         : True  - 1.99
        Ligands              : True  - 1.99
        Amino acid - RNA/DNA : False
      
  Number of custom bonds: simple=0, symmetry=0
  Time building additional restraints: 0.02
  Conformation dependent library (CDL) restraints added in 3.0 milliseconds
  
  Adding C-beta torsion restraints...
  Number of C-beta restraints generated:  2
  Time building geometry restraints manager: 0.02 seconds

  NOTE: a complete listing of the restraints can be obtained by requesting
        output of .geo file.

  Histogram of bond lengths:
        0.80 -     0.95: 10
        0.95 -     1.10: 7
        1.10 -     1.25: 3
        1.25 -     1.40: 8
        1.40 -     1.55: 9
  Bond restraints: 37
  Sorted by residual:
  bond pdb=" N   PHE A   3 "
       pdb=" H   PHE A   3 "
    ideal  model  delta    sigma   weight residual
    0.860  0.797  0.063 2.00e-02 2.50e+03 1.00e+01
  bond pdb=" CA  GLY A   1 "
       pdb=" HA1 GLY A   1 "
    ideal  model  delta    sigma   weight residual
    0.970  0.916  0.054 2.00e-02 2.50e+03 7.17e+00
  bond pdb=" CZ  PHE A   3 "
       pdb=" HZ  PHE A   3 "
    ideal  model  delta    sigma   weight residual
    0.930  0.974 -0.044 2.00e-02 2.50e+03 4.92e+00
  bond pdb=" CA  GLY A   1 "
       pdb=" HA2 GLY A   1 "
    ideal  model  delta    sigma   weight residual
    0.970  0.932  0.038 2.00e-02 2.50e+03 3.59e+00
  bond pdb=" C   GLY A   1 "
       pdb=" N   GLY A   2 "
    ideal  model  delta    sigma   weight residual
    1.331  1.303  0.028 1.46e-02 4.69e+03 3.59e+00
  ... (remaining 32 not shown)

  Histogram of bond angle deviations from ideal:
      104.71 -   108.66: 9
      108.66 -   112.61: 14
      112.61 -   116.56: 7
      116.56 -   120.51: 13
      120.51 -   124.45: 17
  Bond angle restraints: 60
  Sorted by residual:
  angle pdb=" C   PHE A   3 "
        pdb=" CA  PHE A   3 "
        pdb=" CB  PHE A   3 "
      ideal   model   delta    sigma   weight residual
     110.10  105.51    4.59 1.90e+00 2.77e-01 5.84e+00
  angle pdb=" C   GLY A   1 "
        pdb=" CA  GLY A   1 "
        pdb=" HA2 GLY A   1 "
      ideal   model   delta    sigma   weight residual
     109.00  104.97    4.03 3.00e+00 1.11e-01 1.80e+00
  angle pdb=" HB1 PHE A   3 "
        pdb=" CB  PHE A   3 "
        pdb=" CG  PHE A   3 "
      ideal   model   delta    sigma   weight residual
     108.00  111.92   -3.92 3.00e+00 1.11e-01 1.71e+00
  angle pdb=" N   PHE A   3 "
        pdb=" CA  PHE A   3 "
        pdb=" CB  PHE A   3 "
      ideal   model   delta    sigma   weight residual
     110.50  112.65   -2.15 1.70e+00 3.46e-01 1.61e+00
  angle pdb=" O   GLY A   2 "
        pdb=" C   GLY A   2 "
        pdb=" CA  GLY A   2 "
      ideal   model   delta    sigma   weight residual
     120.57  118.46    2.11 1.74e+00 3.30e-01 1.46e+00
  ... (remaining 55 not shown)

  Histogram of dihedral angle deviations from ideal:
        0.47 -    35.67: 11
       35.67 -    70.87: 1
       70.87 -   106.06: 0
      106.06 -   141.26: 0
      141.26 -   176.45: 1
  Dihedral angle restraints: 13
    sinusoidal: 3
      harmonic: 10
  Sorted by residual:
  dihedral pdb=" O   PHE A   3 "
           pdb=" C   PHE A   3 "
           pdb=" OXT PHE A   3 "
           pdb=" HXT PHE A   3 "
      ideal   model   delta  harmonic     sigma   weight residual
       0.00  176.45 -176.45     0      3.00e+01 1.11e-03 3.46e+01
  dihedral pdb=" OXT PHE A   3 "
           pdb=" C   PHE A   3 "
           pdb=" CA  PHE A   3 "
           pdb=" N   PHE A   3 "
      ideal   model   delta sinusoidal    sigma   weight residual
     -20.00  -68.54   48.54     2      3.00e+01 1.11e-03 3.00e+00
  dihedral pdb=" CA  GLY A   2 "
           pdb=" C   GLY A   2 "
           pdb=" N   PHE A   3 "
           pdb=" CA  PHE A   3 "
      ideal   model   delta  harmonic     sigma   weight residual
     180.00  171.90    8.10     0      5.00e+00 4.00e-02 2.63e+00
  ... (remaining 10 not shown)

  Histogram of chiral volume deviations from ideal:
       0.049 -    0.049: 1
       0.049 -    0.049: 0
       0.049 -    0.049: 0
       0.049 -    0.049: 0
       0.049 -    0.049: 0
  Chirality restraints: 1
  Sorted by residual:
  chirality pdb=" CA  PHE A   3 "
            pdb=" C   PHE A   3 "
            pdb=" N   PHE A   3 "
            pdb=" CB  PHE A   3 "
    both_signs  ideal   model   delta    sigma   weight residual
      False     -2.51   -2.56    0.05 2.00e-01 2.50e+01 6.09e-02

  Planarity restraints: 6
  Sorted by residual:
                                 delta    sigma   weight rms_deltas residual
  plane pdb=" CB  PHE A   3 "    0.018 2.00e-02 2.50e+03   1.07e-02 3.46e+00
        pdb=" CG  PHE A   3 "   -0.020 2.00e-02 2.50e+03
        pdb=" CD1 PHE A   3 "    0.011 2.00e-02 2.50e+03
        pdb=" HD1 PHE A   3 "   -0.014 2.00e-02 2.50e+03
        pdb=" CE1 PHE A   3 "    0.002 2.00e-02 2.50e+03
        pdb=" HE1 PHE A   3 "    0.006 2.00e-02 2.50e+03
        pdb=" CZ  PHE A   3 "   -0.013 2.00e-02 2.50e+03
        pdb=" HZ  PHE A   3 "    0.008 2.00e-02 2.50e+03
        pdb=" CE2 PHE A   3 "    0.007 2.00e-02 2.50e+03
        pdb=" HE2 PHE A   3 "   -0.000 2.00e-02 2.50e+03
        pdb=" CD2 PHE A   3 "    0.001 2.00e-02 2.50e+03
        pdb=" HD2 PHE A   3 "   -0.005 2.00e-02 2.50e+03
                                 delta    sigma   weight rms_deltas residual
  plane pdb=" O   PHE A   3 "    0.012 2.00e-02 2.50e+03   1.43e-02 2.56e+00
        pdb=" C   PHE A   3 "   -0.006 2.00e-02 2.50e+03
        pdb=" OXT PHE A   3 "   -0.021 2.00e-02 2.50e+03
        pdb=" HXT PHE A   3 "    0.019 2.00e-02 2.50e+03
        pdb=" CA  PHE A   3 "   -0.004 2.00e-02 2.50e+03
                                 delta    sigma   weight rms_deltas residual
  plane pdb=" C   GLY A   1 "    0.013 2.00e-02 2.50e+03   7.26e-03 5.26e-01
        pdb=" O   GLY A   1 "   -0.005 2.00e-02 2.50e+03
        pdb=" CA  GLY A   1 "   -0.004 2.00e-02 2.50e+03
        pdb=" N   GLY A   2 "   -0.004 2.00e-02 2.50e+03
  ... (remaining 3 not shown)

  Histogram of nonbonded interaction distances:
        1.84 -     2.45: 19
        2.45 -     3.06: 61
        3.06 -     3.68: 70
        3.68 -     4.29: 63
        4.29 -     4.90: 97
  Nonbonded interactions: 310
  Sorted by model distance:
  nonbonded pdb=" O   GLY A   2 "
            pdb=" HXT PHE A   3 "
     model   vdw
     1.842 1.970
  nonbonded pdb=" HA2 GLY A   1 "
            pdb=" H2  GLY A   1 "
     model   vdw
     2.031 1.816
  nonbonded pdb=" HXT PHE A   3 "
            pdb=" HB1 PHE A   3 "
     model   vdw
     2.052 2.270
  nonbonded pdb=" H2  GLY A   1 "
            pdb=" HE1 PHE A   3 "
     model   vdw
     2.090 2.100
  nonbonded pdb=" HA  PHE A   3 "
            pdb=" H   PHE A   3 "
     model   vdw
     2.127 1.816
  ... (remaining 305 not shown)

  NOTE: a complete listing of the restraints can be obtained by requesting
        output of .geo file.

                   ----------xray_structure summary----------                  

Number of scattering types: 4
  Type Number    sf(0)   Gaussians
   O       4      7.97       2
   N       3      6.97       2
   C      13      5.97       2
   H      17      1.00       2
  sf(0) = scattering factor at diffraction angle 0.
Number of scatterers: 37
At special positions: 0
Unit cell: (14.815, 10.106, 12.442, 90, 90, 90)
Space group: P 1 (No. 1)

End of input processing
r_work=0.3612 r_free=0.3056
params.data_weight: 0.0
params.restraints: qm
rmsd(b), start:  0.0928
mc:   0 R: 0.3277 rmsd(b):  0.0266 restraint_scale:  1.0 min_steps: 53
mc:   1 R: 0.3296 rmsd(b):  0.0264 restraint_scale:  1.0 min_steps: 14
mc:   2 R: 0.3291 rmsd(b):  0.0265 restraint_scale:  1.0 min_steps: 14
Convergence reached, stop now.
see the result structure:  ./p26/04_results/opt_qm/222_GGF13-new/0.6/4.pdb
Time: 102.3873
