phenix.python
you are importing  adaptive calculator, and it does nothing. Please give it energy, force....... 

============================== Collecting inputs ==============================


                   ----------Processing X-ray data----------                   

F-obs:
  /scratch/m_zhen01/30995.lupus.uni-muenster.de/p26/02_mtz/220_WGG12-new.mtz:F-obs
Miller array info: None
Observation type: xray.amplitude
Type of data: double, size=199
Type of sigmas: None
Number of Miller indices: 199
Anomalous flag: False
Unit cell: (12.478, 13.762, 11.515, 90, 90, 90)
Space group: P 1 (No. 1)
Systematic absences: 0
Centric reflections: 0
Resolution range: 3.98146 2.50959
Completeness in resolution range: 1
Completeness with d_max=infinity: 0.745318

Number of F-obs in resolution range:                   199
Number of F-obs<0 (these reflections will be rejected): 0
Number of F-obs=0 (these reflections will be used in refinement): 0
Refinement resolution range: d_max =   3.9815
                             d_min =   2.5096

R-free flags:
  /scratch/m_zhen01/30995.lupus.uni-muenster.de/p26/02_mtz/220_WGG12-new.mtz:R-free-flags
Miller array info: /scratch/m_zhen01/30995.lupus.uni-muenster.de/p26/02_mtz/220_WGG12-new.mtz:R-free-flags
Observation type: None
Type of data: int, size=199
Type of sigmas: None
Number of Miller indices: 199
Anomalous flag: False
Unit cell: (12.478, 13.762, 11.515, 90, 90, 90)
Space group: P 1 (No. 1)
Systematic absences: 0
Centric reflections: 0
Resolution range: 3.98146 2.50959
Completeness in resolution range: 1
Completeness with d_max=infinity: 0.745318
Wavelength: 1.0000

Test (R-free flags) flag value: 1

Number of work/free reflections by resolution:
                                  work free  %free
  bin  1: 3.9815 - 3.6487 [15/15]   11    4  26.7%
  bin  2: 3.6487 - 3.4051 [21/21]   21    0   0.0%
  bin  3: 3.4051 - 3.2157 [22/22]   22    0   0.0%
  bin  4: 3.2157 - 3.0625 [15/15]   11    4  26.7%
  bin  5: 3.0625 - 2.9349 [26/26]   26    0   0.0%
  bin  6: 2.9349 - 2.8262 [15/15]   15    0   0.0%
  bin  7: 2.8262 - 2.7320 [21/21]   21    0   0.0%
  bin  8: 2.7320 - 2.6492 [24/24]   24    0   0.0%
  bin  9: 2.6492 - 2.5756 [20/20]   20    0   0.0%
  bin 10: 2.5756 - 2.5096 [20/20]   16    4  20.0%
                          overall  187   12   6.0%

                   ----------Processing PDB file(s)----------                  

  Monomer Library directory:
    "/tmp1/m_zhen01/phenix-installer-1.10.1-2155-intel-linux-2.6-x86_64-centos5/phenix-1.10.1-2155/modules/chem_data/mon_lib"
  Total number of atoms: 41
  Number of models: 1
  Model: ""
    Number of chains: 1
    Chain: "A"
      Number of atoms: 41
      Number of conformers: 1
      Conformer: ""
        Number of residues, atoms: 3, 41
          Classifications: {'peptide': 3}
          Modifications used: {'NH2NOTPRO': 1, 'COOH': 1}
          Link IDs: {'TRANS': 2}
  Time building chain proxies: 0.07, per 1000 atoms: 1.71
  Number of scatterers: 41
  At special positions: 0
  Unit cell: (12.478, 13.762, 11.515, 90, 90, 90)
  Space group: P 1 (No. 1)
  Number of sites at special positions: 0
  Number of scattering types: 4
    Type Number    sf(0)
     O       4      8.00
     N       4      7.00
     C      15      6.00
     H      18      1.00
    sf(0) = scattering factor at diffraction angle 0.

  Number of disulfides: simple=0, symmetry=0

  Automatic linking
    Parameters for automatic linking
      Linking & cutoffs
        Metal                : False - 3.50
        Amimo acid           : False - 1.90
        Carbohydrate         : True  - 1.99
        Ligands              : True  - 1.99
        Amino acid - RNA/DNA : False
      
  Number of custom bonds: simple=0, symmetry=0
  Time building additional restraints: 0.02
  Conformation dependent library (CDL) restraints added in 2.4 milliseconds
  
  Adding C-beta torsion restraints...
  Number of C-beta restraints generated:  2
  Time building geometry restraints manager: 0.03 seconds

  NOTE: a complete listing of the restraints can be obtained by requesting
        output of .geo file.

  Histogram of bond lengths:
        0.86 -     1.01: 18
        1.01 -     1.15: 0
        1.15 -     1.29: 3
        1.29 -     1.43: 13
        1.43 -     1.58: 8
  Bond restraints: 42
  Sorted by residual:
  bond pdb=" C   GLY A   3 "
       pdb=" CA  GLY A   3 "
    ideal  model  delta    sigma   weight residual
    1.516  1.577 -0.061 1.80e-02 3.09e+03 1.16e+01
  bond pdb=" CB  TRP A   1 "
       pdb=" HB1 TRP A   1 "
    ideal  model  delta    sigma   weight residual
    0.970  0.919  0.051 2.00e-02 2.50e+03 6.41e+00
  bond pdb=" CH2 TRP A   1 "
       pdb=" CZ3 TRP A   1 "
    ideal  model  delta    sigma   weight residual
    1.400  1.348  0.052 2.50e-02 1.60e+03 4.29e+00
  bond pdb=" CA  GLY A   3 "
       pdb=" N   GLY A   3 "
    ideal  model  delta    sigma   weight residual
    1.451  1.422  0.029 1.60e-02 3.91e+03 3.37e+00
  bond pdb=" CZ3 TRP A   1 "
       pdb=" HZ3 TRP A   1 "
    ideal  model  delta    sigma   weight residual
    0.930  0.966 -0.036 2.00e-02 2.50e+03 3.29e+00
  ... (remaining 37 not shown)

  Histogram of bond angle deviations from ideal:
      104.08 -   110.36: 25
      110.36 -   116.64: 10
      116.64 -   122.92: 21
      122.92 -   129.21: 11
      129.21 -   135.49: 2
  Bond angle restraints: 69
  Sorted by residual:
  angle pdb=" C   GLY A   2 "
        pdb=" N   GLY A   3 "
        pdb=" CA  GLY A   3 "
      ideal   model   delta    sigma   weight residual
     121.70  125.65   -3.95 1.80e+00 3.09e-01 4.81e+00
  angle pdb=" C   TRP A   1 "
        pdb=" N   GLY A   2 "
        pdb=" CA  GLY A   2 "
      ideal   model   delta    sigma   weight residual
     121.41  117.59    3.82 1.96e+00 2.60e-01 3.80e+00
  angle pdb=" HA1 GLY A   2 "
        pdb=" CA  GLY A   2 "
        pdb=" HA2 GLY A   2 "
      ideal   model   delta    sigma   weight residual
     109.00  104.08    4.92 3.00e+00 1.11e-01 2.69e+00
  angle pdb=" CG  TRP A   1 "
        pdb=" CD2 TRP A   1 "
        pdb=" CE3 TRP A   1 "
      ideal   model   delta    sigma   weight residual
     133.90  135.49   -1.59 1.00e+00 1.00e+00 2.53e+00
  angle pdb=" C   GLY A   3 "
        pdb=" CA  GLY A   3 "
        pdb=" N   GLY A   3 "
      ideal   model   delta    sigma   weight residual
     113.30  108.88    4.42 2.90e+00 1.19e-01 2.32e+00
  ... (remaining 64 not shown)

  Histogram of dihedral angle deviations from ideal:
        0.01 -    34.77: 12
       34.77 -    69.53: 1
       69.53 -   104.30: 0
      104.30 -   139.06: 0
      139.06 -   173.83: 1
  Dihedral angle restraints: 14
    sinusoidal: 3
      harmonic: 11
  Sorted by residual:
  dihedral pdb=" O   GLY A   3 "
           pdb=" C   GLY A   3 "
           pdb=" OXT GLY A   3 "
           pdb=" HXT GLY A   3 "
      ideal   model   delta  harmonic     sigma   weight residual
       0.00 -173.83  173.83     0      3.00e+01 1.11e-03 3.36e+01
  dihedral pdb=" CA  TRP A   1 "
           pdb=" C   TRP A   1 "
           pdb=" N   GLY A   2 "
           pdb=" CA  GLY A   2 "
      ideal   model   delta  harmonic     sigma   weight residual
    -180.00 -164.75  -15.25     0      5.00e+00 4.00e-02 9.30e+00
  dihedral pdb=" CA  TRP A   1 "
           pdb=" CB  TRP A   1 "
           pdb=" CG  TRP A   1 "
           pdb=" CD1 TRP A   1 "
      ideal   model   delta sinusoidal    sigma   weight residual
     -90.00  -50.42  -39.58     2      2.00e+01 2.50e-03 4.87e+00
  ... (remaining 11 not shown)

  Histogram of chiral volume deviations from ideal:
       0.069 -    0.069: 1
       0.069 -    0.069: 0
       0.069 -    0.069: 0
       0.069 -    0.069: 0
       0.069 -    0.069: 0
  Chirality restraints: 1
  Sorted by residual:
  chirality pdb=" CA  TRP A   1 "
            pdb=" C   TRP A   1 "
            pdb=" N   TRP A   1 "
            pdb=" CB  TRP A   1 "
    both_signs  ideal   model   delta    sigma   weight residual
      False     -2.51   -2.44   -0.07 2.00e-01 2.50e+01 1.20e-01

  Planarity restraints: 6
  Sorted by residual:
                                 delta    sigma   weight rms_deltas residual
  plane pdb=" CB  TRP A   1 "    0.011 2.00e-02 2.50e+03   1.40e-02 7.84e+00
        pdb=" CG  TRP A   1 "   -0.028 2.00e-02 2.50e+03
        pdb=" CD1 TRP A   1 "    0.010 2.00e-02 2.50e+03
        pdb=" HD1 TRP A   1 "   -0.014 2.00e-02 2.50e+03
        pdb=" NE1 TRP A   1 "    0.011 2.00e-02 2.50e+03
        pdb=" HE1 TRP A   1 "    0.026 2.00e-02 2.50e+03
        pdb=" CE2 TRP A   1 "   -0.014 2.00e-02 2.50e+03
        pdb=" CZ2 TRP A   1 "    0.005 2.00e-02 2.50e+03
        pdb=" HZ2 TRP A   1 "   -0.016 2.00e-02 2.50e+03
        pdb=" CH2 TRP A   1 "   -0.001 2.00e-02 2.50e+03
        pdb=" HH2 TRP A   1 "   -0.007 2.00e-02 2.50e+03
        pdb=" CZ3 TRP A   1 "    0.014 2.00e-02 2.50e+03
        pdb=" HZ3 TRP A   1 "    0.002 2.00e-02 2.50e+03
        pdb=" CE3 TRP A   1 "    0.016 2.00e-02 2.50e+03
        pdb=" HE3 TRP A   1 "   -0.004 2.00e-02 2.50e+03
        pdb=" CD2 TRP A   1 "   -0.010 2.00e-02 2.50e+03
                                 delta    sigma   weight rms_deltas residual
  plane pdb=" O   GLY A   3 "    0.022 2.00e-02 2.50e+03   2.42e-02 7.33e+00
        pdb=" C   GLY A   3 "   -0.017 2.00e-02 2.50e+03
        pdb=" OXT GLY A   3 "   -0.033 2.00e-02 2.50e+03
        pdb=" HXT GLY A   3 "    0.033 2.00e-02 2.50e+03
        pdb=" CA  GLY A   3 "   -0.005 2.00e-02 2.50e+03
                                 delta    sigma   weight rms_deltas residual
  plane pdb=" C   TRP A   1 "    0.011 2.00e-02 2.50e+03   2.17e-02 4.70e+00
        pdb=" CA  GLY A   2 "    0.009 2.00e-02 2.50e+03
        pdb=" N   GLY A   2 "   -0.037 2.00e-02 2.50e+03
        pdb=" H   GLY A   2 "    0.017 2.00e-02 2.50e+03
  ... (remaining 3 not shown)

  Histogram of nonbonded interaction distances:
        1.94 -     2.53: 27
        2.53 -     3.12: 61
        3.12 -     3.71: 56
        3.71 -     4.30: 85
        4.30 -     4.89: 105
  Nonbonded interactions: 334
  Sorted by model distance:
  nonbonded pdb=" H1  TRP A   1 "
            pdb=" HD1 TRP A   1 "
     model   vdw
     1.937 2.100
  nonbonded pdb=" H   GLY A   2 "
            pdb=" H   GLY A   3 "
     model   vdw
     2.122 2.100
  nonbonded pdb=" O   GLY A   3 "
            pdb=" H   GLY A   3 "
     model   vdw
     2.202 1.970
  nonbonded pdb=" HA  TRP A   1 "
            pdb=" HB1 TRP A   1 "
     model   vdw
     2.250 1.952
  nonbonded pdb=" HH2 TRP A   1 "
            pdb=" HZ3 TRP A   1 "
     model   vdw
     2.281 1.680
  ... (remaining 329 not shown)

  NOTE: a complete listing of the restraints can be obtained by requesting
        output of .geo file.

                   ----------xray_structure summary----------                  

Number of scattering types: 4
  Type Number    sf(0)   Gaussians
   O       4      7.97       2
   N       4      6.97       2
   C      15      5.97       2
   H      18      1.00       2
  sf(0) = scattering factor at diffraction angle 0.
Number of scatterers: 41
At special positions: 0
Unit cell: (12.478, 13.762, 11.515, 90, 90, 90)
Space group: P 1 (No. 1)

End of input processing
r_work=0.5474 r_free=0.6787
params.data_weight: None
params.restraints: cctbx
rmsd(b), start:  0.0870
mc:   0 R: 0.3421 rmsd(b):  0.1088 restraint_scale:  2.0 min_steps: 52
mc:   1 R: 0.1628 rmsd(b):  0.0491 restraint_scale:  4.0 min_steps: 57
mc:   2 R: 0.1468 rmsd(b):  0.0334 restraint_scale:  8.0 min_steps: 48
mc:   3 R: 0.1429 rmsd(b):  0.0351 restraint_scale: 16.0 min_steps: 10
mc:   4 R: 0.1778 rmsd(b):  0.0181 restraint_scale: 16.0 min_steps: 28
mc:   5 R: 0.1791 rmsd(b):  0.0179 restraint_scale: 16.0 min_steps: 6
mc:   6 R: 0.1877 rmsd(b):  0.0146 restraint_scale: 16.0 min_steps: 8
mc:   7 R: 0.1864 rmsd(b):  0.0150 restraint_scale: 16.0 min_steps: 4
mc:   8 R: 0.1754 rmsd(b):  0.0210 restraint_scale: 16.0 min_steps: 10
mc:   9 R: 0.1825 rmsd(b):  0.0169 restraint_scale: 16.0 min_steps: 10
mc:  10 R: 0.1787 rmsd(b):  0.0189 restraint_scale: 16.0 min_steps: 10
mc:  11 R: 0.1948 rmsd(b):  0.0133 restraint_scale: 16.0 min_steps: 19
mc:  12 R: 0.1790 rmsd(b):  0.0194 restraint_scale: 16.0 min_steps: 13
mc:  13 R: 0.1790 rmsd(b):  0.0194 restraint_scale: 16.0 min_steps: 1
Convergence reached, stop now.
see the result structure:  ./p26/04_results/refine_cctbx/220_WGG12-new/1.2/6.pdb
Time: 8.0320
