phenix.python
you are importing  adaptive calculator, and it does nothing. Please give it energy, force....... 

============================== Collecting inputs ==============================


                   ----------Processing X-ray data----------                   

F-obs:
  /scratch/m_zhen01/30994.lupus.uni-muenster.de/p26/02_mtz/243_GFA13-new.mtz:F-obs
Miller array info: None
Observation type: xray.amplitude
Type of data: double, size=224
Type of sigmas: None
Number of Miller indices: 224
Anomalous flag: False
Unit cell: (12.507, 10.299, 17.393, 90, 90, 90)
Space group: P 1 (No. 1)
Systematic absences: 0
Centric reflections: 0
Resolution range: 3.97519 2.5014
Completeness in resolution range: 1
Completeness with d_max=infinity: 0.759322

Number of F-obs in resolution range:                   224
Number of F-obs<0 (these reflections will be rejected): 0
Number of F-obs=0 (these reflections will be used in refinement): 0
Refinement resolution range: d_max =   3.9752
                             d_min =   2.5014

R-free flags:
  /scratch/m_zhen01/30994.lupus.uni-muenster.de/p26/02_mtz/243_GFA13-new.mtz:R-free-flags
Miller array info: /scratch/m_zhen01/30994.lupus.uni-muenster.de/p26/02_mtz/243_GFA13-new.mtz:R-free-flags
Observation type: None
Type of data: int, size=224
Type of sigmas: None
Number of Miller indices: 224
Anomalous flag: False
Unit cell: (12.507, 10.299, 17.393, 90, 90, 90)
Space group: P 1 (No. 1)
Systematic absences: 0
Centric reflections: 0
Resolution range: 3.97519 2.5014
Completeness in resolution range: 1
Completeness with d_max=infinity: 0.759322
Wavelength: 1.0000

Test (R-free flags) flag value: 1

Number of work/free reflections by resolution:
                                  work free  %free
  bin  1: 3.9752 - 3.6411 [28/28]   28    0   0.0%
  bin  2: 3.6411 - 3.3968 [12/12]   11    1   8.3%
  bin  3: 3.3968 - 3.2072 [34/34]   34    0   0.0%
  bin  4: 3.2072 - 3.0540 [17/17]   15    2  11.8%
  bin  5: 3.0540 - 2.9263 [28/28]   28    0   0.0%
  bin  6: 2.9263 - 2.8176 [29/29]   27    2   6.9%
  bin  7: 2.8176 - 2.7235 [ 8/8 ]    8    0   0.0%
  bin  8: 2.7235 - 2.6408 [24/24]   24    0   0.0%
  bin  9: 2.6408 - 2.5673 [23/23]   23    0   0.0%
  bin 10: 2.5673 - 2.5014 [21/21]   17    4  19.0%
                          overall  215    9   4.0%

                   ----------Processing PDB file(s)----------                  

  Monomer Library directory:
    "/tmp1/m_zhen01/phenix-installer-1.10.1-2155-intel-linux-2.6-x86_64-centos5/phenix-1.10.1-2155/modules/chem_data/mon_lib"
  Total number of atoms: 40
  Number of models: 1
  Model: ""
    Number of chains: 1
    Chain: "A"
      Number of atoms: 40
      Number of conformers: 1
      Conformer: ""
        Number of residues, atoms: 3, 40
          Classifications: {'peptide': 3}
          Modifications used: {'NH2NOTPRO': 1, 'COOH': 1}
          Link IDs: {'TRANS': 2}
  Time building chain proxies: 0.08, per 1000 atoms: 2.00
  Number of scatterers: 40
  At special positions: 0
  Unit cell: (12.507, 10.299, 17.393, 90, 90, 90)
  Space group: P 1 (No. 1)
  Number of sites at special positions: 0
  Number of scattering types: 4
    Type Number    sf(0)
     O       4      8.00
     N       3      7.00
     C      14      6.00
     H      19      1.00
    sf(0) = scattering factor at diffraction angle 0.

  Number of disulfides: simple=0, symmetry=0

  Automatic linking
    Parameters for automatic linking
      Linking & cutoffs
        Metal                : False - 3.50
        Amimo acid           : False - 1.90
        Carbohydrate         : True  - 1.99
        Ligands              : True  - 1.99
        Amino acid - RNA/DNA : False
      
  Number of custom bonds: simple=0, symmetry=0
  Time building additional restraints: 0.03
  Conformation dependent library (CDL) restraints added in 3.9 milliseconds
  
  Adding C-beta torsion restraints...
  Number of C-beta restraints generated:  4
  Time building geometry restraints manager: 0.04 seconds

  NOTE: a complete listing of the restraints can be obtained by requesting
        output of .geo file.

  Histogram of bond lengths:
        0.84 -     0.98: 17
        0.98 -     1.13: 2
        1.13 -     1.27: 3
        1.27 -     1.41: 9
        1.41 -     1.56: 9
  Bond restraints: 40
  Sorted by residual:
  bond pdb=" OXT ALA A   3 "
       pdb=" HXT ALA A   3 "
    ideal  model  delta    sigma   weight residual
    0.948  0.982 -0.034 2.00e-02 2.50e+03 2.87e+00
  bond pdb=" CZ  PHE A   2 "
       pdb=" HZ  PHE A   2 "
    ideal  model  delta    sigma   weight residual
    0.930  0.962 -0.032 2.00e-02 2.50e+03 2.63e+00
  bond pdb=" C   GLY A   1 "
       pdb=" N   PHE A   2 "
    ideal  model  delta    sigma   weight residual
    1.332  1.350 -0.017 1.40e-02 5.10e+03 1.54e+00
  bond pdb=" C   PHE A   2 "
       pdb=" N   ALA A   3 "
    ideal  model  delta    sigma   weight residual
    1.329  1.346 -0.017 1.40e-02 5.10e+03 1.43e+00
  bond pdb=" CA  ALA A   3 "
       pdb=" HA  ALA A   3 "
    ideal  model  delta    sigma   weight residual
    0.970  0.946  0.024 2.00e-02 2.50e+03 1.39e+00
  ... (remaining 35 not shown)

  Histogram of bond angle deviations from ideal:
      105.17 -   109.13: 17
      109.13 -   113.10: 15
      113.10 -   117.06: 3
      117.06 -   121.03: 21
      121.03 -   124.99: 10
  Bond angle restraints: 66
  Sorted by residual:
  angle pdb=" O   ALA A   3 "
        pdb=" C   ALA A   3 "
        pdb=" OXT ALA A   3 "
      ideal   model   delta    sigma   weight residual
     122.80  117.11    5.69 3.00e+00 1.11e-01 3.60e+00
  angle pdb=" C   GLY A   1 "
        pdb=" N   PHE A   2 "
        pdb=" CA  PHE A   2 "
      ideal   model   delta    sigma   weight residual
     121.54  124.99   -3.45 1.91e+00 2.74e-01 3.27e+00
  angle pdb=" CA  PHE A   2 "
        pdb=" C   PHE A   2 "
        pdb=" N   ALA A   3 "
      ideal   model   delta    sigma   weight residual
     116.84  119.45   -2.61 1.71e+00 3.42e-01 2.33e+00
  angle pdb=" CB  PHE A   2 "
        pdb=" CA  PHE A   2 "
        pdb=" C   PHE A   2 "
      ideal   model   delta    sigma   weight residual
     110.42  113.41   -2.99 1.99e+00 2.53e-01 2.26e+00
  angle pdb=" C   GLY A   1 "
        pdb=" CA  GLY A   1 "
        pdb=" N   GLY A   1 "
      ideal   model   delta    sigma   weight residual
     113.30  117.52   -4.22 2.90e+00 1.19e-01 2.12e+00
  ... (remaining 61 not shown)

  Histogram of dihedral angle deviations from ideal:
        0.13 -     3.03: 10
        3.03 -     5.93: 2
        5.93 -     8.83: 0
        8.83 -    11.73: 2
       11.73 -    14.63: 2
  Dihedral angle restraints: 16
    sinusoidal: 4
      harmonic: 12
  Sorted by residual:
  dihedral pdb=" C   PHE A   2 "
           pdb=" N   PHE A   2 "
           pdb=" CA  PHE A   2 "
           pdb=" CB  PHE A   2 "
      ideal   model   delta  harmonic     sigma   weight residual
    -122.60 -125.57    2.97     0      2.50e+00 1.60e-01 1.42e+00
  dihedral pdb=" CG  PHE A   2 "
           pdb=" CB  PHE A   2 "
           pdb=" CA  PHE A   2 "
           pdb=" N   PHE A   2 "
      ideal   model   delta sinusoidal    sigma   weight residual
     -60.00  -72.60   12.60     3      1.50e+01 4.44e-03 9.94e-01
  dihedral pdb=" N   ALA A   3 "
           pdb=" C   ALA A   3 "
           pdb=" CA  ALA A   3 "
           pdb=" CB  ALA A   3 "
      ideal   model   delta  harmonic     sigma   weight residual
     122.90  125.21   -2.31     0      2.50e+00 1.60e-01 8.55e-01
  ... (remaining 13 not shown)

  Histogram of chiral volume deviations from ideal:
       0.061 -    0.061: 1
       0.061 -    0.061: 0
       0.061 -    0.061: 0
       0.061 -    0.061: 0
       0.061 -    0.062: 1
  Chirality restraints: 2
  Sorted by residual:
  chirality pdb=" CA  PHE A   2 "
            pdb=" CB  PHE A   2 "
            pdb=" C   PHE A   2 "
            pdb=" N   PHE A   2 "
    both_signs  ideal   model   delta    sigma   weight residual
      False     -2.51   -2.45   -0.06 2.00e-01 2.50e+01 9.48e-02
  chirality pdb=" CA  ALA A   3 "
            pdb=" C   ALA A   3 "
            pdb=" CB  ALA A   3 "
            pdb=" N   ALA A   3 "
    both_signs  ideal   model   delta    sigma   weight residual
      False      2.48    2.42    0.06 2.00e-01 2.50e+01 9.20e-02

  Planarity restraints: 6
  Sorted by residual:
                                 delta    sigma   weight rms_deltas residual
  plane pdb=" CB  PHE A   2 "   -0.008 2.00e-02 2.50e+03   1.44e-02 6.22e+00
        pdb=" CG  PHE A   2 "    0.029 2.00e-02 2.50e+03
        pdb=" CD2 PHE A   2 "   -0.003 2.00e-02 2.50e+03
        pdb=" HD2 PHE A   2 "    0.018 2.00e-02 2.50e+03
        pdb=" CE2 PHE A   2 "   -0.010 2.00e-02 2.50e+03
        pdb=" HE2 PHE A   2 "   -0.018 2.00e-02 2.50e+03
        pdb=" CZ  PHE A   2 "   -0.010 2.00e-02 2.50e+03
        pdb=" HZ  PHE A   2 "    0.014 2.00e-02 2.50e+03
        pdb=" CE1 PHE A   2 "    0.007 2.00e-02 2.50e+03
        pdb=" HE1 PHE A   2 "    0.010 2.00e-02 2.50e+03
        pdb=" CD1 PHE A   2 "   -0.017 2.00e-02 2.50e+03
        pdb=" HD1 PHE A   2 "   -0.012 2.00e-02 2.50e+03
                                 delta    sigma   weight rms_deltas residual
  plane pdb=" C   GLY A   1 "    0.030 2.00e-02 2.50e+03   1.74e-02 3.03e+00
        pdb=" O   GLY A   1 "   -0.012 2.00e-02 2.50e+03
        pdb=" CA  GLY A   1 "   -0.009 2.00e-02 2.50e+03
        pdb=" N   PHE A   2 "   -0.010 2.00e-02 2.50e+03
                                 delta    sigma   weight rms_deltas residual
  plane pdb=" O   ALA A   3 "    0.008 2.00e-02 2.50e+03   1.10e-02 1.52e+00
        pdb=" C   ALA A   3 "   -0.011 2.00e-02 2.50e+03
        pdb=" OXT ALA A   3 "    0.017 2.00e-02 2.50e+03
        pdb=" HXT ALA A   3 "   -0.011 2.00e-02 2.50e+03
        pdb=" CA  ALA A   3 "   -0.002 2.00e-02 2.50e+03
  ... (remaining 3 not shown)

  Histogram of nonbonded interaction distances:
        1.95 -     2.54: 26
        2.54 -     3.13: 56
        3.13 -     3.72: 59
        3.72 -     4.31: 70
        4.31 -     4.90: 80
  Nonbonded interactions: 291
  Sorted by model distance:
  nonbonded pdb=" HB2 PHE A   2 "
            pdb=" H   ALA A   3 "
     model   vdw
     1.952 2.270
  nonbonded pdb=" HA  PHE A   2 "
            pdb=" H   PHE A   2 "
     model   vdw
     2.098 1.816
  nonbonded pdb=" HA2 GLY A   1 "
            pdb=" H   PHE A   2 "
     model   vdw
     2.161 2.270
  nonbonded pdb=" HA1 GLY A   1 "
            pdb=" H1  GLY A   1 "
     model   vdw
     2.184 1.816
  nonbonded pdb=" O   ALA A   3 "
            pdb=" HXT ALA A   3 "
     model   vdw
     2.243 2.056
  ... (remaining 286 not shown)

  NOTE: a complete listing of the restraints can be obtained by requesting
        output of .geo file.

                   ----------xray_structure summary----------                  

Number of scattering types: 4
  Type Number    sf(0)   Gaussians
   O       4      7.97       2
   N       3      6.97       2
   C      14      5.97       2
   H      19      1.00       2
  sf(0) = scattering factor at diffraction angle 0.
Number of scatterers: 40
At special positions: 0
Unit cell: (12.507, 10.299, 17.393, 90, 90, 90)
Space group: P 1 (No. 1)

End of input processing
r_work=0.4915 r_free=0.4507
params.data_weight: 0.0
params.restraints: qm
rmsd(b), start:  0.0867
mc:   0 R: 0.5101 rmsd(b):  0.0277 restraint_scale:  1.0 min_steps: 52
mc:   1 R: 0.4908 rmsd(b):  0.0267 restraint_scale:  1.0 min_steps: 52
mc:   2 R: 0.4811 rmsd(b):  0.0270 restraint_scale:  1.0 min_steps: 53
mc:   3 R: 0.4810 rmsd(b):  0.0270 restraint_scale:  1.0 min_steps: 10
Convergence reached, stop now.
see the result structure:  ./p26/04_results/opt_qm/243_GFA13-new/1.2/1.pdb
Time: 166.3092
