phenix.python
you are importing  adaptive calculator, and it does nothing. Please give it energy, force....... 

============================== Collecting inputs ==============================


                   ----------Processing X-ray data----------                   

F-obs:
  /scratch/m_zhen01/31011.lupus.uni-muenster.de/p26/02_mtz/251_GFA04-new.mtz:F-obs
Miller array info: None
Observation type: xray.amplitude
Type of data: double, size=233
Type of sigmas: None
Number of Miller indices: 233
Anomalous flag: False
Unit cell: (14.309, 10.346, 15.667, 90, 90, 90)
Space group: P 1 (No. 1)
Systematic absences: 0
Centric reflections: 0
Resolution range: 3.91675 2.50414
Completeness in resolution range: 1
Completeness with d_max=infinity: 0.744409

Number of F-obs in resolution range:                   233
Number of F-obs<0 (these reflections will be rejected): 0
Number of F-obs=0 (these reflections will be used in refinement): 0
Refinement resolution range: d_max =   3.9167
                             d_min =   2.5041

R-free flags:
  /scratch/m_zhen01/31011.lupus.uni-muenster.de/p26/02_mtz/251_GFA04-new.mtz:R-free-flags
Miller array info: /scratch/m_zhen01/31011.lupus.uni-muenster.de/p26/02_mtz/251_GFA04-new.mtz:R-free-flags
Observation type: None
Type of data: int, size=233
Type of sigmas: None
Number of Miller indices: 233
Anomalous flag: False
Unit cell: (14.309, 10.346, 15.667, 90, 90, 90)
Space group: P 1 (No. 1)
Systematic absences: 0
Centric reflections: 0
Resolution range: 3.91675 2.50414
Completeness in resolution range: 1
Completeness with d_max=infinity: 0.744409
Wavelength: 1.0000

Test (R-free flags) flag value: 1

Number of work/free reflections by resolution:
                                  work free  %free
  bin  1: 3.9168 - 3.6049 [19/19]   19    0   0.0%
  bin  2: 3.6049 - 3.3733 [24/24]   24    0   0.0%
  bin  3: 3.3733 - 3.1918 [30/30]   28    2   6.7%
  bin  4: 3.1918 - 3.0439 [25/25]   23    2   8.0%
  bin  5: 3.0439 - 2.9201 [12/12]   12    0   0.0%
  bin  6: 2.9201 - 2.8142 [35/35]   31    4  11.4%
  bin  7: 2.8142 - 2.7222 [16/16]   16    0   0.0%
  bin  8: 2.7222 - 2.6412 [14/14]   14    0   0.0%
  bin  9: 2.6412 - 2.5690 [22/22]   22    0   0.0%
  bin 10: 2.5690 - 2.5041 [36/36]   34    2   5.6%
                          overall  223   10   4.3%

                   ----------Processing PDB file(s)----------                  

  Monomer Library directory:
    "/tmp1/m_zhen01/phenix-installer-1.10.1-2155-intel-linux-2.6-x86_64-centos5/phenix-1.10.1-2155/modules/chem_data/mon_lib"
  Total number of atoms: 40
  Number of models: 1
  Model: ""
    Number of chains: 1
    Chain: "A"
      Number of atoms: 40
      Number of conformers: 1
      Conformer: ""
        Number of residues, atoms: 3, 40
          Classifications: {'peptide': 3}
          Modifications used: {'NH2NOTPRO': 1, 'COOH': 1}
          Link IDs: {'TRANS': 2}
  Time building chain proxies: 0.10, per 1000 atoms: 2.50
  Number of scatterers: 40
  At special positions: 0
  Unit cell: (14.309, 10.346, 15.667, 90, 90, 90)
  Space group: P 1 (No. 1)
  Number of sites at special positions: 0
  Number of scattering types: 4
    Type Number    sf(0)
     O       4      8.00
     N       3      7.00
     C      14      6.00
     H      19      1.00
    sf(0) = scattering factor at diffraction angle 0.

  Number of disulfides: simple=0, symmetry=0

  Automatic linking
    Parameters for automatic linking
      Linking & cutoffs
        Metal                : False - 3.50
        Amimo acid           : False - 1.90
        Carbohydrate         : True  - 1.99
        Ligands              : True  - 1.99
        Amino acid - RNA/DNA : False
      
  Number of custom bonds: simple=0, symmetry=0
  Time building additional restraints: 0.03
  Conformation dependent library (CDL) restraints added in 3.9 milliseconds
  
  Adding C-beta torsion restraints...
  Number of C-beta restraints generated:  4
  Time building geometry restraints manager: 0.04 seconds

  NOTE: a complete listing of the restraints can be obtained by requesting
        output of .geo file.

  Histogram of bond lengths:
        0.85 -     1.00: 19
        1.00 -     1.14: 0
        1.14 -     1.29: 3
        1.29 -     1.43: 9
        1.43 -     1.58: 9
  Bond restraints: 40
  Sorted by residual:
  bond pdb=" N   ALA A   3 "
       pdb=" H   ALA A   3 "
    ideal  model  delta    sigma   weight residual
    0.860  0.918 -0.058 2.00e-02 2.50e+03 8.50e+00
  bond pdb=" OXT ALA A   3 "
       pdb=" HXT ALA A   3 "
    ideal  model  delta    sigma   weight residual
    0.948  0.895  0.053 2.00e-02 2.50e+03 7.07e+00
  bond pdb=" CE1 PHE A   2 "
       pdb=" HE1 PHE A   2 "
    ideal  model  delta    sigma   weight residual
    0.930  0.878  0.052 2.00e-02 2.50e+03 6.79e+00
  bond pdb=" C   ALA A   3 "
       pdb=" CA  ALA A   3 "
    ideal  model  delta    sigma   weight residual
    1.525  1.576 -0.051 2.10e-02 2.27e+03 5.91e+00
  bond pdb=" C   PHE A   2 "
       pdb=" O   PHE A   2 "
    ideal  model  delta    sigma   weight residual
    1.234  1.204  0.030 1.24e-02 6.50e+03 5.85e+00
  ... (remaining 35 not shown)

  Histogram of bond angle deviations from ideal:
      102.87 -   107.56: 6
      107.56 -   112.24: 25
      112.24 -   116.92: 7
      116.92 -   121.61: 16
      121.61 -   126.29: 12
  Bond angle restraints: 66
  Sorted by residual:
  angle pdb=" O   ALA A   3 "
        pdb=" C   ALA A   3 "
        pdb=" CA  ALA A   3 "
      ideal   model   delta    sigma   weight residual
     118.60  110.40    8.20 3.00e+00 1.11e-01 7.48e+00
  angle pdb=" H1  GLY A   1 "
        pdb=" N   GLY A   1 "
        pdb=" H2  GLY A   1 "
      ideal   model   delta    sigma   weight residual
     109.47  102.87    6.60 3.00e+00 1.11e-01 4.84e+00
  angle pdb=" O   PHE A   2 "
        pdb=" C   PHE A   2 "
        pdb=" CA  PHE A   2 "
      ideal   model   delta    sigma   weight residual
     120.89  122.77   -1.88 1.10e+00 8.26e-01 2.91e+00
  angle pdb=" C   PHE A   2 "
        pdb=" N   ALA A   3 "
        pdb=" CA  ALA A   3 "
      ideal   model   delta    sigma   weight residual
     121.70  124.73   -3.03 1.80e+00 3.09e-01 2.83e+00
  angle pdb=" C   ALA A   3 "
        pdb=" CA  ALA A   3 "
        pdb=" HA  ALA A   3 "
      ideal   model   delta    sigma   weight residual
     109.00  113.91   -4.91 3.00e+00 1.11e-01 2.68e+00
  ... (remaining 61 not shown)

  Histogram of dihedral angle deviations from ideal:
        0.15 -     2.57: 12
        2.57 -     4.98: 1
        4.98 -     7.40: 2
        7.40 -     9.82: 0
        9.82 -    12.24: 1
  Dihedral angle restraints: 16
    sinusoidal: 4
      harmonic: 12
  Sorted by residual:
  dihedral pdb=" CA  GLY A   1 "
           pdb=" C   GLY A   1 "
           pdb=" N   PHE A   2 "
           pdb=" CA  PHE A   2 "
      ideal   model   delta  harmonic     sigma   weight residual
     180.00  173.72    6.28     0      5.00e+00 4.00e-02 1.58e+00
  dihedral pdb=" CA  PHE A   2 "
           pdb=" C   PHE A   2 "
           pdb=" N   ALA A   3 "
           pdb=" CA  ALA A   3 "
      ideal   model   delta  harmonic     sigma   weight residual
     180.00 -174.74   -5.26     0      5.00e+00 4.00e-02 1.11e+00
  dihedral pdb=" CG  PHE A   2 "
           pdb=" CB  PHE A   2 "
           pdb=" CA  PHE A   2 "
           pdb=" N   PHE A   2 "
      ideal   model   delta sinusoidal    sigma   weight residual
    -180.00 -167.76  -12.24     3      1.50e+01 4.44e-03 9.40e-01
  ... (remaining 13 not shown)

  Histogram of chiral volume deviations from ideal:
       0.008 -    0.028: 1
       0.028 -    0.049: 0
       0.049 -    0.070: 0
       0.070 -    0.090: 0
       0.090 -    0.111: 1
  Chirality restraints: 2
  Sorted by residual:
  chirality pdb=" CA  ALA A   3 "
            pdb=" C   ALA A   3 "
            pdb=" CB  ALA A   3 "
            pdb=" N   ALA A   3 "
    both_signs  ideal   model   delta    sigma   weight residual
      False      2.48    2.60   -0.11 2.00e-01 2.50e+01 3.07e-01
  chirality pdb=" CA  PHE A   2 "
            pdb=" CB  PHE A   2 "
            pdb=" C   PHE A   2 "
            pdb=" N   PHE A   2 "
    both_signs  ideal   model   delta    sigma   weight residual
      False     -2.51   -2.52    0.01 2.00e-01 2.50e+01 1.48e-03

  Planarity restraints: 6
  Sorted by residual:
                                 delta    sigma   weight rms_deltas residual
  plane pdb=" C   PHE A   2 "   -0.011 2.00e-02 2.50e+03   1.99e-02 3.95e+00
        pdb=" CA  ALA A   3 "   -0.009 2.00e-02 2.50e+03
        pdb=" N   ALA A   3 "    0.034 2.00e-02 2.50e+03
        pdb=" H   ALA A   3 "   -0.014 2.00e-02 2.50e+03
                                 delta    sigma   weight rms_deltas residual
  plane pdb=" CB  PHE A   2 "    0.002 2.00e-02 2.50e+03   1.05e-02 3.31e+00
        pdb=" CG  PHE A   2 "   -0.003 2.00e-02 2.50e+03
        pdb=" CD1 PHE A   2 "   -0.015 2.00e-02 2.50e+03
        pdb=" HD1 PHE A   2 "    0.018 2.00e-02 2.50e+03
        pdb=" CE1 PHE A   2 "   -0.006 2.00e-02 2.50e+03
        pdb=" HE1 PHE A   2 "    0.006 2.00e-02 2.50e+03
        pdb=" CZ  PHE A   2 "   -0.017 2.00e-02 2.50e+03
        pdb=" HZ  PHE A   2 "    0.007 2.00e-02 2.50e+03
        pdb=" CE2 PHE A   2 "    0.005 2.00e-02 2.50e+03
        pdb=" HE2 PHE A   2 "    0.010 2.00e-02 2.50e+03
        pdb=" CD2 PHE A   2 "   -0.014 2.00e-02 2.50e+03
        pdb=" HD2 PHE A   2 "    0.007 2.00e-02 2.50e+03
                                 delta    sigma   weight rms_deltas residual
  plane pdb=" C   GLY A   1 "   -0.029 2.00e-02 2.50e+03   1.67e-02 2.79e+00
        pdb=" O   GLY A   1 "    0.011 2.00e-02 2.50e+03
        pdb=" CA  GLY A   1 "    0.008 2.00e-02 2.50e+03
        pdb=" N   PHE A   2 "    0.010 2.00e-02 2.50e+03
  ... (remaining 3 not shown)

  Histogram of nonbonded interaction distances:
        1.79 -     2.41: 17
        2.41 -     3.04: 59
        3.04 -     3.66: 71
        3.66 -     4.28: 77
        4.28 -     4.90: 97
  Nonbonded interactions: 321
  Sorted by model distance:
  nonbonded pdb=" H2  GLY A   1 "
            pdb=" H   PHE A   2 "
     model   vdw
     1.794 2.100
  nonbonded pdb=" HD1 PHE A   2 "
            pdb=" HE1 PHE A   2 "
     model   vdw
     2.219 1.680
  nonbonded pdb=" HB3 ALA A   3 "
            pdb=" HA  ALA A   3 "
     model   vdw
     2.224 1.952
  nonbonded pdb=" HE2 PHE A   2 "
            pdb=" HD2 PHE A   2 "
     model   vdw
     2.225 1.680
  nonbonded pdb=" HE1 PHE A   2 "
            pdb=" HZ  PHE A   2 "
     model   vdw
     2.279 1.680
  ... (remaining 316 not shown)

  NOTE: a complete listing of the restraints can be obtained by requesting
        output of .geo file.

                   ----------xray_structure summary----------                  

Number of scattering types: 4
  Type Number    sf(0)   Gaussians
   O       4      7.97       2
   N       3      6.97       2
   C      14      5.97       2
   H      19      1.00       2
  sf(0) = scattering factor at diffraction angle 0.
Number of scatterers: 40
At special positions: 0
Unit cell: (14.309, 10.346, 15.667, 90, 90, 90)
Space group: P 1 (No. 1)

End of input processing
r_work=0.2497 r_free=0.4395
params.data_weight: None
params.restraints: qm
rmsd(b), start:  0.0925
mc:   0 R: 0.1112 rmsd(b):  0.0271 restraint_scale:  1.0 min_steps: 30
mc:   1 R: 0.0208 rmsd(b):  0.0312 restraint_scale:  2.0 min_steps: 29
mc:   2 R: 0.0094 rmsd(b):  0.0241 restraint_scale:  2.0 min_steps: 29
mc:   3 R: 0.0072 rmsd(b):  0.0257 restraint_scale:  2.0 min_steps: 31
mc:   4 R: 0.0074 rmsd(b):  0.0252 restraint_scale:  2.0 min_steps: 6
Convergence reached, stop now.
see the result structure:  ./p26/04_results/refine_qm/251_GFA04-new/0.3/3.pdb
Time: 203.0507
