phenix.python
you are importing  adaptive calculator, and it does nothing. Please give it energy, force....... 

============================== Collecting inputs ==============================


                   ----------Processing X-ray data----------                   

F-obs:
  /scratch/m_zhen01/30995.lupus.uni-muenster.de/p26/02_mtz/200_WG13-new.mtz:F-obs
Miller array info: None
Observation type: xray.amplitude
Type of data: double, size=182
Type of sigmas: None
Number of Miller indices: 182
Anomalous flag: False
Unit cell: (12.646, 10.326, 13.899, 90, 90, 90)
Space group: P 1 (No. 1)
Systematic absences: 0
Centric reflections: 0
Resolution range: 3.99915 2.51363
Completeness in resolution range: 1
Completeness with d_max=infinity: 0.752066

Number of F-obs in resolution range:                   182
Number of F-obs<0 (these reflections will be rejected): 0
Number of F-obs=0 (these reflections will be used in refinement): 0
Refinement resolution range: d_max =   3.9992
                             d_min =   2.5136

R-free flags:
  /scratch/m_zhen01/30995.lupus.uni-muenster.de/p26/02_mtz/200_WG13-new.mtz:R-free-flags
Miller array info: /scratch/m_zhen01/30995.lupus.uni-muenster.de/p26/02_mtz/200_WG13-new.mtz:R-free-flags
Observation type: None
Type of data: int, size=182
Type of sigmas: None
Number of Miller indices: 182
Anomalous flag: False
Unit cell: (12.646, 10.326, 13.899, 90, 90, 90)
Space group: P 1 (No. 1)
Systematic absences: 0
Centric reflections: 0
Resolution range: 3.99915 2.51363
Completeness in resolution range: 1
Completeness with d_max=infinity: 0.752066
Wavelength: 1.0000

Test (R-free flags) flag value: 1

Number of work/free reflections by resolution:
                                  work free  %free
  bin  1: 3.9992 - 3.6617 [18/18]   16    2  11.1%
  bin  2: 3.6617 - 3.4154 [14/14]   14    0   0.0%
  bin  3: 3.4154 - 3.2243 [22/22]   20    2   9.1%
  bin  4: 3.2243 - 3.0698 [15/15]   15    0   0.0%
  bin  5: 3.0698 - 2.9413 [30/30]   28    2   6.7%
  bin  6: 2.9413 - 2.8319 [ 8/8 ]    8    0   0.0%
  bin  7: 2.8319 - 2.7371 [15/15]   15    0   0.0%
  bin  8: 2.7371 - 2.6539 [18/18]   16    2  11.1%
  bin  9: 2.6539 - 2.5800 [23/23]   23    0   0.0%
  bin 10: 2.5800 - 2.5136 [19/19]   19    0   0.0%
                          overall  174    8   4.4%

                   ----------Processing PDB file(s)----------                  

  Monomer Library directory:
    "/tmp1/m_zhen01/phenix-installer-1.10.1-2155-intel-linux-2.6-x86_64-centos5/phenix-1.10.1-2155/modules/chem_data/mon_lib"
  Total number of atoms: 34
  Number of models: 1
  Model: ""
    Number of chains: 1
    Chain: "A"
      Number of atoms: 34
      Number of conformers: 1
      Conformer: ""
        Number of residues, atoms: 2, 34
          Classifications: {'peptide': 2}
          Modifications used: {'NH2NOTPRO': 1, 'COOH': 1}
          Link IDs: {'TRANS': 1}
  Time building chain proxies: 0.07, per 1000 atoms: 2.06
  Number of scatterers: 34
  At special positions: 0
  Unit cell: (12.646, 10.326, 13.899, 90, 90, 90)
  Space group: P 1 (No. 1)
  Number of sites at special positions: 0
  Number of scattering types: 4
    Type Number    sf(0)
     O       3      8.00
     N       3      7.00
     C      13      6.00
     H      15      1.00
    sf(0) = scattering factor at diffraction angle 0.

  Number of disulfides: simple=0, symmetry=0

  Automatic linking
    Parameters for automatic linking
      Linking & cutoffs
        Metal                : False - 3.50
        Amimo acid           : False - 1.90
        Carbohydrate         : True  - 1.99
        Ligands              : True  - 1.99
        Amino acid - RNA/DNA : False
      
  Number of custom bonds: simple=0, symmetry=0
  Time building additional restraints: 0.02
  Conformation dependent library (CDL) restraints added in 453.9 microseconds
  
  Adding C-beta torsion restraints...
  Number of C-beta restraints generated:  2
  Time building geometry restraints manager: 0.02 seconds

  NOTE: a complete listing of the restraints can be obtained by requesting
        output of .geo file.

  Histogram of bond lengths:
        0.85 -     1.00: 14
        1.00 -     1.14: 1
        1.14 -     1.28: 2
        1.28 -     1.43: 13
        1.43 -     1.57: 5
  Bond restraints: 35
  Sorted by residual:
  bond pdb=" CB  TRP A   1 "
       pdb=" CG  TRP A   1 "
    ideal  model  delta    sigma   weight residual
    1.498  1.394  0.104 3.10e-02 1.04e+03 1.13e+01
  bond pdb=" CZ3 TRP A   1 "
       pdb=" HZ3 TRP A   1 "
    ideal  model  delta    sigma   weight residual
    0.930  0.976 -0.046 2.00e-02 2.50e+03 5.41e+00
  bond pdb=" CA  TRP A   1 "
       pdb=" CB  TRP A   1 "
    ideal  model  delta    sigma   weight residual
    1.530  1.573 -0.043 2.00e-02 2.50e+03 4.55e+00
  bond pdb=" C   TRP A   1 "
       pdb=" O   TRP A   1 "
    ideal  model  delta    sigma   weight residual
    1.231  1.267 -0.036 2.00e-02 2.50e+03 3.22e+00
  bond pdb=" CA  GLY A   2 "
       pdb=" HA2 GLY A   2 "
    ideal  model  delta    sigma   weight residual
    0.970  1.005 -0.035 2.00e-02 2.50e+03 3.11e+00
  ... (remaining 30 not shown)

  Histogram of bond angle deviations from ideal:
      103.79 -   109.76: 17
      109.76 -   115.74: 12
      115.74 -   121.72: 9
      121.72 -   127.69: 17
      127.69 -   133.67: 2
  Bond angle restraints: 57
  Sorted by residual:
  angle pdb=" HA2 GLY A   2 "
        pdb=" CA  GLY A   2 "
        pdb=" N   GLY A   2 "
      ideal   model   delta    sigma   weight residual
     110.00  115.71   -5.71 3.00e+00 1.11e-01 3.62e+00
  angle pdb=" CA  TRP A   1 "
        pdb=" CB  TRP A   1 "
        pdb=" HB2 TRP A   1 "
      ideal   model   delta    sigma   weight residual
     109.00  114.32   -5.32 3.00e+00 1.11e-01 3.15e+00
  angle pdb=" HA  TRP A   1 "
        pdb=" CA  TRP A   1 "
        pdb=" CB  TRP A   1 "
      ideal   model   delta    sigma   weight residual
     109.00  103.79    5.21 3.00e+00 1.11e-01 3.02e+00
  angle pdb=" C   GLY A   2 "
        pdb=" CA  GLY A   2 "
        pdb=" HA2 GLY A   2 "
      ideal   model   delta    sigma   weight residual
     109.00  104.38    4.62 3.00e+00 1.11e-01 2.37e+00
  angle pdb=" N   TRP A   1 "
        pdb=" CA  TRP A   1 "
        pdb=" CB  TRP A   1 "
      ideal   model   delta    sigma   weight residual
     110.50  108.16    2.34 1.70e+00 3.46e-01 1.89e+00
  ... (remaining 52 not shown)

  Histogram of dihedral angle deviations from ideal:
        0.10 -     5.47: 9
        5.47 -    10.84: 2
       10.84 -    16.22: 0
       16.22 -    21.59: 0
       21.59 -    26.96: 2
  Dihedral angle restraints: 13
    sinusoidal: 3
      harmonic: 10
  Sorted by residual:
  dihedral pdb=" N   TRP A   1 "
           pdb=" CA  TRP A   1 "
           pdb=" CB  TRP A   1 "
           pdb=" CG  TRP A   1 "
      ideal   model   delta sinusoidal    sigma   weight residual
      60.00   82.76  -22.76     3      1.50e+01 4.44e-03 2.99e+00
  dihedral pdb=" CA  TRP A   1 "
           pdb=" C   TRP A   1 "
           pdb=" N   GLY A   2 "
           pdb=" CA  GLY A   2 "
      ideal   model   delta  harmonic     sigma   weight residual
     180.00  172.58    7.42     0      5.00e+00 4.00e-02 2.20e+00
  dihedral pdb=" OXT GLY A   2 "
           pdb=" C   GLY A   2 "
           pdb=" CA  GLY A   2 "
           pdb=" N   GLY A   2 "
      ideal   model   delta sinusoidal    sigma   weight residual
     -20.00    6.96  -26.96     2      3.00e+01 1.11e-03 1.10e+00
  ... (remaining 10 not shown)

  Histogram of chiral volume deviations from ideal:
       0.117 -    0.117: 1
       0.117 -    0.117: 0
       0.117 -    0.117: 0
       0.117 -    0.117: 0
       0.117 -    0.117: 0
  Chirality restraints: 1
  Sorted by residual:
  chirality pdb=" CA  TRP A   1 "
            pdb=" C   TRP A   1 "
            pdb=" N   TRP A   1 "
            pdb=" CB  TRP A   1 "
    both_signs  ideal   model   delta    sigma   weight residual
      False     -2.51   -2.63    0.12 2.00e-01 2.50e+01 3.44e-01

  Planarity restraints: 4
  Sorted by residual:
                                 delta    sigma   weight rms_deltas residual
  plane pdb=" CB  TRP A   1 "   -0.002 2.00e-02 2.50e+03   1.33e-02 7.05e+00
        pdb=" CG  TRP A   1 "    0.017 2.00e-02 2.50e+03
        pdb=" CD1 TRP A   1 "   -0.009 2.00e-02 2.50e+03
        pdb=" HD1 TRP A   1 "   -0.018 2.00e-02 2.50e+03
        pdb=" NE1 TRP A   1 "    0.006 2.00e-02 2.50e+03
        pdb=" HE1 TRP A   1 "    0.024 2.00e-02 2.50e+03
        pdb=" CE2 TRP A   1 "   -0.016 2.00e-02 2.50e+03
        pdb=" CZ2 TRP A   1 "   -0.006 2.00e-02 2.50e+03
        pdb=" HZ2 TRP A   1 "   -0.012 2.00e-02 2.50e+03
        pdb=" CH2 TRP A   1 "    0.007 2.00e-02 2.50e+03
        pdb=" HH2 TRP A   1 "   -0.003 2.00e-02 2.50e+03
        pdb=" CZ3 TRP A   1 "    0.026 2.00e-02 2.50e+03
        pdb=" HZ3 TRP A   1 "   -0.015 2.00e-02 2.50e+03
        pdb=" CE3 TRP A   1 "   -0.003 2.00e-02 2.50e+03
        pdb=" HE3 TRP A   1 "   -0.004 2.00e-02 2.50e+03
        pdb=" CD2 TRP A   1 "    0.010 2.00e-02 2.50e+03
                                 delta    sigma   weight rms_deltas residual
  plane pdb=" O   GLY A   2 "   -0.009 2.00e-02 2.50e+03   1.66e-02 3.46e+00
        pdb=" C   GLY A   2 "    0.006 2.00e-02 2.50e+03
        pdb=" OXT GLY A   2 "   -0.027 2.00e-02 2.50e+03
        pdb=" HXT GLY A   2 "    0.022 2.00e-02 2.50e+03
        pdb=" CA  GLY A   2 "    0.008 2.00e-02 2.50e+03
                                 delta    sigma   weight rms_deltas residual
  plane pdb=" C   TRP A   1 "   -0.007 2.00e-02 2.50e+03   3.91e-03 1.53e-01
        pdb=" O   TRP A   1 "    0.003 2.00e-02 2.50e+03
        pdb=" CA  TRP A   1 "    0.002 2.00e-02 2.50e+03
        pdb=" N   GLY A   2 "    0.002 2.00e-02 2.50e+03
  ... (remaining 1 not shown)

  Histogram of nonbonded interaction distances:
        1.90 -     2.50: 15
        2.50 -     3.10: 45
        3.10 -     3.70: 63
        3.70 -     4.30: 61
        4.30 -     4.89: 77
  Nonbonded interactions: 261
  Sorted by model distance:
  nonbonded pdb=" HA  TRP A   1 "
            pdb=" H2  TRP A   1 "
     model   vdw
     1.902 1.816
  nonbonded pdb=" H1  TRP A   1 "
            pdb=" HB1 TRP A   1 "
     model   vdw
     2.115 2.270
  nonbonded pdb=" OXT GLY A   2 "
            pdb=" H   GLY A   2 "
     model   vdw
     2.243 1.970
  nonbonded pdb=" HZ2 TRP A   1 "
            pdb=" HH2 TRP A   1 "
     model   vdw
     2.254 1.680
  nonbonded pdb=" HZ3 TRP A   1 "
            pdb=" HE3 TRP A   1 "
     model   vdw
     2.269 1.680
  ... (remaining 256 not shown)

  NOTE: a complete listing of the restraints can be obtained by requesting
        output of .geo file.

                   ----------xray_structure summary----------                  

Number of scattering types: 4
  Type Number    sf(0)   Gaussians
   O       3      7.97       2
   N       3      6.97       2
   C      13      5.97       2
   H      15      1.00       2
  sf(0) = scattering factor at diffraction angle 0.
Number of scatterers: 34
At special positions: 0
Unit cell: (12.646, 10.326, 13.899, 90, 90, 90)
Space group: P 1 (No. 1)

End of input processing
r_work=0.5592 r_free=0.6069
params.data_weight: None
params.restraints: cctbx
rmsd(b), start:  0.0821
mc:   0 R: 0.5575 rmsd(b):  0.0012 restraint_scale:  0.5 min_steps: 54
mc:   1 R: 0.2730 rmsd(b):  0.1072 restraint_scale:  1.0 min_steps: 52
mc:   2 R: 0.1616 rmsd(b):  0.1075 restraint_scale:  2.0 min_steps: 32
mc:   3 R: 0.1445 rmsd(b):  0.0433 restraint_scale:  4.0 min_steps: 30
mc:   4 R: 0.0703 rmsd(b):  0.0234 restraint_scale:  4.0 min_steps: 25
mc:   5 R: 0.0285 rmsd(b):  0.0295 restraint_scale:  4.0 min_steps: 16
mc:   6 R: 0.0138 rmsd(b):  0.0235 restraint_scale:  4.0 min_steps: 26
mc:   7 R: 0.0115 rmsd(b):  0.0283 restraint_scale:  4.0 min_steps: 13
mc:   8 R: 0.0114 rmsd(b):  0.0286 restraint_scale:  4.0 min_steps: 5
Convergence reached, stop now.
see the result structure:  ./p26/04_results/refine_cctbx/200_WG13-new/1.2/5.pdb
Time: 6.6390
