phenix.python
you are importing  adaptive calculator, and it does nothing. Please give it energy, force....... 

============================== Collecting inputs ==============================


                   ----------Processing X-ray data----------                   

F-obs:
  /scratch/m_zhen01/30995.lupus.uni-muenster.de/p26/02_mtz/261_FGG444-new.mtz:F-obs
Miller array info: None
Observation type: xray.amplitude
Type of data: double, size=188
Type of sigmas: None
Number of Miller indices: 188
Anomalous flag: False
Unit cell: (14.405, 13.122, 10.023, 90, 90, 90)
Space group: P 1 (No. 1)
Systematic absences: 0
Centric reflections: 0
Resolution range: 3.9826 2.50028
Completeness in resolution range: 1
Completeness with d_max=infinity: 0.752

Number of F-obs in resolution range:                   188
Number of F-obs<0 (these reflections will be rejected): 0
Number of F-obs=0 (these reflections will be used in refinement): 0
Refinement resolution range: d_max =   3.9826
                             d_min =   2.5003

R-free flags:
  /scratch/m_zhen01/30995.lupus.uni-muenster.de/p26/02_mtz/261_FGG444-new.mtz:R-free-flags
Miller array info: /scratch/m_zhen01/30995.lupus.uni-muenster.de/p26/02_mtz/261_FGG444-new.mtz:R-free-flags
Observation type: None
Type of data: int, size=188
Type of sigmas: None
Number of Miller indices: 188
Anomalous flag: False
Unit cell: (14.405, 13.122, 10.023, 90, 90, 90)
Space group: P 1 (No. 1)
Systematic absences: 0
Centric reflections: 0
Resolution range: 3.9826 2.50028
Completeness in resolution range: 1
Completeness with d_max=infinity: 0.752
Wavelength: 1.0000

Test (R-free flags) flag value: 1

Number of work/free reflections by resolution:
                                  work free  %free
  bin  1: 3.9826 - 3.6452 [18/18]   12    6  33.3%
  bin  2: 3.6452 - 3.3992 [17/17]   17    0   0.0%
  bin  3: 3.3992 - 3.2085 [24/24]   24    0   0.0%
  bin  4: 3.2085 - 3.0545 [18/18]   18    0   0.0%
  bin  5: 3.0545 - 2.9263 [22/22]   20    2   9.1%
  bin  6: 2.9263 - 2.8173 [15/15]   15    0   0.0%
  bin  7: 2.8173 - 2.7229 [14/14]   14    0   0.0%
  bin  8: 2.7229 - 2.6400 [28/28]   28    0   0.0%
  bin  9: 2.6400 - 2.5663 [13/13]   13    0   0.0%
  bin 10: 2.5663 - 2.5003 [19/19]   15    4  21.1%
                          overall  176   12   6.4%

                   ----------Processing PDB file(s)----------                  

  Monomer Library directory:
    "/tmp1/m_zhen01/phenix-installer-1.10.1-2155-intel-linux-2.6-x86_64-centos5/phenix-1.10.1-2155/modules/chem_data/mon_lib"
  Total number of atoms: 37
  Number of models: 1
  Model: ""
    Number of chains: 1
    Chain: "A"
      Number of atoms: 37
      Number of conformers: 1
      Conformer: ""
        Number of residues, atoms: 3, 37
          Classifications: {'peptide': 3}
          Modifications used: {'NH2NOTPRO': 1, 'COOH': 1}
          Link IDs: {'TRANS': 2}
  Time building chain proxies: 0.07, per 1000 atoms: 1.89
  Number of scatterers: 37
  At special positions: 0
  Unit cell: (14.405, 13.122, 10.023, 90, 90, 90)
  Space group: P 1 (No. 1)
  Number of sites at special positions: 0
  Number of scattering types: 4
    Type Number    sf(0)
     O       4      8.00
     N       3      7.00
     C      13      6.00
     H      17      1.00
    sf(0) = scattering factor at diffraction angle 0.

  Number of disulfides: simple=0, symmetry=0

  Automatic linking
    Parameters for automatic linking
      Linking & cutoffs
        Metal                : False - 3.50
        Amimo acid           : False - 1.90
        Carbohydrate         : True  - 1.99
        Ligands              : True  - 1.99
        Amino acid - RNA/DNA : False
      
  Number of custom bonds: simple=0, symmetry=0
  Time building additional restraints: 0.02
  Conformation dependent library (CDL) restraints added in 2.5 milliseconds
  
  Adding C-beta torsion restraints...
  Number of C-beta restraints generated:  2
  Time building geometry restraints manager: 0.03 seconds

  NOTE: a complete listing of the restraints can be obtained by requesting
        output of .geo file.

  Histogram of bond lengths:
        0.79 -     0.94: 6
        0.94 -     1.09: 11
        1.09 -     1.23: 3
        1.23 -     1.38: 7
        1.38 -     1.53: 10
  Bond restraints: 37
  Sorted by residual:
  bond pdb=" N   GLY A   2 "
       pdb=" H   GLY A   2 "
    ideal  model  delta    sigma   weight residual
    0.860  0.788  0.072 2.00e-02 2.50e+03 1.28e+01
  bond pdb=" CB  PHE A   1 "
       pdb=" HB2 PHE A   1 "
    ideal  model  delta    sigma   weight residual
    0.970  0.933  0.037 2.00e-02 2.50e+03 3.51e+00
  bond pdb=" CE1 PHE A   1 "
       pdb=" HE1 PHE A   1 "
    ideal  model  delta    sigma   weight residual
    0.930  0.964 -0.034 2.00e-02 2.50e+03 2.84e+00
  bond pdb=" CB  PHE A   1 "
       pdb=" HB1 PHE A   1 "
    ideal  model  delta    sigma   weight residual
    0.970  0.938  0.032 2.00e-02 2.50e+03 2.51e+00
  bond pdb=" N   PHE A   1 "
       pdb=" H2  PHE A   1 "
    ideal  model  delta    sigma   weight residual
    0.960  0.936  0.024 2.00e-02 2.50e+03 1.50e+00
  ... (remaining 32 not shown)

  Histogram of bond angle deviations from ideal:
      103.44 -   108.31: 7
      108.31 -   113.18: 22
      113.18 -   118.04: 4
      118.04 -   122.91: 20
      122.91 -   127.78: 7
  Bond angle restraints: 60
  Sorted by residual:
  angle pdb=" OXT GLY A   3 "
        pdb=" C   GLY A   3 "
        pdb=" CA  GLY A   3 "
      ideal   model   delta    sigma   weight residual
     118.60  112.70    5.90 3.00e+00 1.11e-01 3.87e+00
  angle pdb=" CA  GLY A   2 "
        pdb=" N   GLY A   2 "
        pdb=" H   GLY A   2 "
      ideal   model   delta    sigma   weight residual
     114.00  108.55    5.45 3.00e+00 1.11e-01 3.30e+00
  angle pdb=" O   GLY A   3 "
        pdb=" C   GLY A   3 "
        pdb=" OXT GLY A   3 "
      ideal   model   delta    sigma   weight residual
     122.80  127.38   -4.58 3.00e+00 1.11e-01 2.33e+00
  angle pdb=" HB2 PHE A   1 "
        pdb=" CB  PHE A   1 "
        pdb=" CG  PHE A   1 "
      ideal   model   delta    sigma   weight residual
     108.00  103.44    4.56 3.00e+00 1.11e-01 2.31e+00
  angle pdb=" C   GLY A   2 "
        pdb=" CA  GLY A   2 "
        pdb=" N   GLY A   2 "
      ideal   model   delta    sigma   weight residual
     113.18  109.72    3.46 2.37e+00 1.78e-01 2.13e+00
  ... (remaining 55 not shown)

  Histogram of dihedral angle deviations from ideal:
        0.48 -    36.27: 11
       36.27 -    72.05: 0
       72.05 -   107.83: 1
      107.83 -   143.61: 0
      143.61 -   179.39: 1
  Dihedral angle restraints: 13
    sinusoidal: 3
      harmonic: 10
  Sorted by residual:
  dihedral pdb=" O   GLY A   3 "
           pdb=" C   GLY A   3 "
           pdb=" OXT GLY A   3 "
           pdb=" HXT GLY A   3 "
      ideal   model   delta  harmonic     sigma   weight residual
       0.00 -179.39  179.39     0      3.00e+01 1.11e-03 3.58e+01
  dihedral pdb=" OXT GLY A   3 "
           pdb=" C   GLY A   3 "
           pdb=" CA  GLY A   3 "
           pdb=" N   GLY A   3 "
      ideal   model   delta sinusoidal    sigma   weight residual
     160.00 -125.70  -74.30     2      3.00e+01 1.11e-03 4.94e+00
  dihedral pdb=" N   PHE A   1 "
           pdb=" CA  PHE A   1 "
           pdb=" CB  PHE A   1 "
           pdb=" CG  PHE A   1 "
      ideal   model   delta sinusoidal    sigma   weight residual
      60.00   74.15  -14.15     3      1.50e+01 4.44e-03 1.24e+00
  ... (remaining 10 not shown)

  Histogram of chiral volume deviations from ideal:
       0.030 -    0.030: 1
       0.030 -    0.030: 0
       0.030 -    0.030: 0
       0.030 -    0.030: 0
       0.030 -    0.030: 0
  Chirality restraints: 1
  Sorted by residual:
  chirality pdb=" CA  PHE A   1 "
            pdb=" C   PHE A   1 "
            pdb=" N   PHE A   1 "
            pdb=" CB  PHE A   1 "
    both_signs  ideal   model   delta    sigma   weight residual
      False     -2.51   -2.48   -0.03 2.00e-01 2.50e+01 2.21e-02

  Planarity restraints: 6
  Sorted by residual:
                                 delta    sigma   weight rms_deltas residual
  plane pdb=" CB  PHE A   1 "   -0.004 2.00e-02 2.50e+03   1.34e-02 5.41e+00
        pdb=" CG  PHE A   1 "    0.018 2.00e-02 2.50e+03
        pdb=" CD1 PHE A   1 "   -0.013 2.00e-02 2.50e+03
        pdb=" HD1 PHE A   1 "   -0.010 2.00e-02 2.50e+03
        pdb=" CE1 PHE A   1 "    0.006 2.00e-02 2.50e+03
        pdb=" HE1 PHE A   1 "    0.023 2.00e-02 2.50e+03
        pdb=" CZ  PHE A   1 "   -0.006 2.00e-02 2.50e+03
        pdb=" HZ  PHE A   1 "   -0.017 2.00e-02 2.50e+03
        pdb=" CE2 PHE A   1 "   -0.016 2.00e-02 2.50e+03
        pdb=" HE2 PHE A   1 "    0.019 2.00e-02 2.50e+03
        pdb=" CD2 PHE A   1 "    0.003 2.00e-02 2.50e+03
        pdb=" HD2 PHE A   1 "   -0.003 2.00e-02 2.50e+03
                                 delta    sigma   weight rms_deltas residual
  plane pdb=" O   GLY A   3 "    0.004 2.00e-02 2.50e+03   7.46e-03 6.96e-01
        pdb=" C   GLY A   3 "   -0.013 2.00e-02 2.50e+03
        pdb=" OXT GLY A   3 "    0.008 2.00e-02 2.50e+03
        pdb=" HXT GLY A   3 "   -0.003 2.00e-02 2.50e+03
        pdb=" CA  GLY A   3 "    0.005 2.00e-02 2.50e+03
                                 delta    sigma   weight rms_deltas residual
  plane pdb=" C   GLY A   2 "    0.013 2.00e-02 2.50e+03   7.30e-03 5.33e-01
        pdb=" O   GLY A   2 "   -0.005 2.00e-02 2.50e+03
        pdb=" CA  GLY A   2 "   -0.004 2.00e-02 2.50e+03
        pdb=" N   GLY A   3 "   -0.004 2.00e-02 2.50e+03
  ... (remaining 3 not shown)

  Histogram of nonbonded interaction distances:
        1.90 -     2.50: 22
        2.50 -     3.09: 44
        3.09 -     3.69: 70
        3.69 -     4.29: 73
        4.29 -     4.89: 74
  Nonbonded interactions: 283
  Sorted by model distance:
  nonbonded pdb=" HXT GLY A   3 "
            pdb=" HA2 GLY A   3 "
     model   vdw
     1.895 2.270
  nonbonded pdb=" HA1 GLY A   2 "
            pdb=" H   GLY A   2 "
     model   vdw
     2.052 1.816
  nonbonded pdb=" H1  PHE A   1 "
            pdb=" H   GLY A   2 "
     model   vdw
     2.136 2.100
  nonbonded pdb=" HA1 GLY A   3 "
            pdb=" H   GLY A   3 "
     model   vdw
     2.182 1.816
  nonbonded pdb=" HA  PHE A   1 "
            pdb=" HB1 PHE A   1 "
     model   vdw
     2.253 1.952
  ... (remaining 278 not shown)

  NOTE: a complete listing of the restraints can be obtained by requesting
        output of .geo file.

                   ----------xray_structure summary----------                  

Number of scattering types: 4
  Type Number    sf(0)   Gaussians
   O       4      7.97       2
   N       3      6.97       2
   C      13      5.97       2
   H      17      1.00       2
  sf(0) = scattering factor at diffraction angle 0.
Number of scatterers: 37
At special positions: 0
Unit cell: (14.405, 13.122, 10.023, 90, 90, 90)
Space group: P 1 (No. 1)

End of input processing
r_work=0.5111 r_free=0.5714
params.data_weight: None
params.restraints: cctbx
rmsd(b), start:  0.0928
mc:   0 R: 0.4559 rmsd(b):  0.1686 restraint_scale:  2.0 min_steps: 45
mc:   1 R: 0.2937 rmsd(b):  0.1463 restraint_scale:  4.0 min_steps: 48
mc:   2 R: 0.2860 rmsd(b):  0.0949 restraint_scale:  8.0 min_steps: 30
mc:   3 R: 0.2984 rmsd(b):  0.0792 restraint_scale: 16.0 min_steps: 26
mc:   4 R: 0.3503 rmsd(b):  0.0308 restraint_scale: 32.0 min_steps: 38
mc:   5 R: 0.3593 rmsd(b):  0.0212 restraint_scale: 32.0 min_steps: 18
mc:   6 R: 0.3617 rmsd(b):  0.0183 restraint_scale: 32.0 min_steps: 17
mc:   7 R: 0.3597 rmsd(b):  0.0156 restraint_scale: 32.0 min_steps: 54
mc:   8 R: 0.3593 rmsd(b):  0.0093 restraint_scale: 16.0 min_steps: 52
mc:   9 R: 0.3249 rmsd(b):  0.0123 restraint_scale: 16.0 min_steps: 41
mc:  10 R: 0.3153 rmsd(b):  0.0241 restraint_scale: 16.0 min_steps: 13
mc:  11 R: 0.3153 rmsd(b):  0.0241 restraint_scale: 16.0 min_steps: 10
Convergence reached, stop now.
see the result structure:  ./p26/04_results/refine_cctbx/261_FGG444-new/1.2/8.pdb
Time: 7.8682
