phenix.python
you are importing  adaptive calculator, and it does nothing. Please give it energy, force....... 

============================== Collecting inputs ==============================


                   ----------Processing X-ray data----------                   

F-obs:
  /scratch/m_zhen01/30994.lupus.uni-muenster.de/p26/02_mtz/199_WG15-new.mtz:F-obs
Miller array info: None
Observation type: xray.amplitude
Type of data: double, size=186
Type of sigmas: None
Number of Miller indices: 186
Anomalous flag: False
Unit cell: (11.802, 13.932, 11.218, 90, 90, 90)
Space group: P 1 (No. 1)
Systematic absences: 0
Centric reflections: 0
Resolution range: 3.934 2.51963
Completeness in resolution range: 1
Completeness with d_max=infinity: 0.746988

Number of F-obs in resolution range:                   186
Number of F-obs<0 (these reflections will be rejected): 0
Number of F-obs=0 (these reflections will be used in refinement): 0
Refinement resolution range: d_max =   3.9340
                             d_min =   2.5196

R-free flags:
  /scratch/m_zhen01/30994.lupus.uni-muenster.de/p26/02_mtz/199_WG15-new.mtz:R-free-flags
Miller array info: /scratch/m_zhen01/30994.lupus.uni-muenster.de/p26/02_mtz/199_WG15-new.mtz:R-free-flags
Observation type: None
Type of data: int, size=186
Type of sigmas: None
Number of Miller indices: 186
Anomalous flag: False
Unit cell: (11.802, 13.932, 11.218, 90, 90, 90)
Space group: P 1 (No. 1)
Systematic absences: 0
Centric reflections: 0
Resolution range: 3.934 2.51963
Completeness in resolution range: 1
Completeness with d_max=infinity: 0.746988
Wavelength: 1.0000

Test (R-free flags) flag value: 1

Number of work/free reflections by resolution:
                                  work free  %free
  bin  1: 3.9340 - 3.6227 [12/12]   10    2  16.7%
  bin  2: 3.6227 - 3.3911 [29/29]   27    2   6.9%
  bin  3: 3.3911 - 3.2093 [12/12]   12    0   0.0%
  bin  4: 3.2093 - 3.0612 [18/18]   18    0   0.0%
  bin  5: 3.0612 - 2.9370 [11/11]   11    0   0.0%
  bin  6: 2.9370 - 2.8309 [26/26]   26    0   0.0%
  bin  7: 2.8309 - 2.7386 [12/12]    8    4  33.3%
  bin  8: 2.7386 - 2.6572 [18/18]   14    4  22.2%
  bin  9: 2.6572 - 2.5848 [26/26]   26    0   0.0%
  bin 10: 2.5848 - 2.5196 [22/22]   22    0   0.0%
                          overall  174   12   6.5%

                   ----------Processing PDB file(s)----------                  

  Monomer Library directory:
    "/tmp1/m_zhen01/phenix-installer-1.10.1-2155-intel-linux-2.6-x86_64-centos5/phenix-1.10.1-2155/modules/chem_data/mon_lib"
  Total number of atoms: 34
  Number of models: 1
  Model: ""
    Number of chains: 1
    Chain: "A"
      Number of atoms: 34
      Number of conformers: 1
      Conformer: ""
        Number of residues, atoms: 2, 34
          Classifications: {'peptide': 2}
          Modifications used: {'NH2NOTPRO': 1, 'COOH': 1}
          Link IDs: {'TRANS': 1}
  Time building chain proxies: 0.08, per 1000 atoms: 2.35
  Number of scatterers: 34
  At special positions: 0
  Unit cell: (11.802, 13.932, 11.218, 90, 90, 90)
  Space group: P 1 (No. 1)
  Number of sites at special positions: 0
  Number of scattering types: 4
    Type Number    sf(0)
     O       3      8.00
     N       3      7.00
     C      13      6.00
     H      15      1.00
    sf(0) = scattering factor at diffraction angle 0.

  Number of disulfides: simple=0, symmetry=0

  Automatic linking
    Parameters for automatic linking
      Linking & cutoffs
        Metal                : False - 3.50
        Amimo acid           : False - 1.90
        Carbohydrate         : True  - 1.99
        Ligands              : True  - 1.99
        Amino acid - RNA/DNA : False
      
  Number of custom bonds: simple=0, symmetry=0
  Time building additional restraints: 0.02
  Conformation dependent library (CDL) restraints added in 506.9 microseconds
  
  Adding C-beta torsion restraints...
  Number of C-beta restraints generated:  2
  Time building geometry restraints manager: 0.03 seconds

  NOTE: a complete listing of the restraints can be obtained by requesting
        output of .geo file.

  Histogram of bond lengths:
        0.85 -     0.99: 14
        0.99 -     1.13: 1
        1.13 -     1.27: 2
        1.27 -     1.41: 9
        1.41 -     1.55: 9
  Bond restraints: 35
  Sorted by residual:
  bond pdb=" CE3 TRP A   1 "
       pdb=" HE3 TRP A   1 "
    ideal  model  delta    sigma   weight residual
    0.930  0.964 -0.034 2.00e-02 2.50e+03 2.84e+00
  bond pdb=" CZ3 TRP A   1 "
       pdb=" CE3 TRP A   1 "
    ideal  model  delta    sigma   weight residual
    1.382  1.429 -0.047 3.00e-02 1.11e+03 2.50e+00
  bond pdb=" CB  TRP A   1 "
       pdb=" HB2 TRP A   1 "
    ideal  model  delta    sigma   weight residual
    0.970  1.001 -0.031 2.00e-02 2.50e+03 2.48e+00
  bond pdb=" CG  TRP A   1 "
       pdb=" CD2 TRP A   1 "
    ideal  model  delta    sigma   weight residual
    1.433  1.459 -0.026 1.80e-02 3.09e+03 2.01e+00
  bond pdb=" C   TRP A   1 "
       pdb=" CA  TRP A   1 "
    ideal  model  delta    sigma   weight residual
    1.525  1.551 -0.026 2.10e-02 2.27e+03 1.54e+00
  ... (remaining 30 not shown)

  Histogram of bond angle deviations from ideal:
      102.42 -   108.91: 13
      108.91 -   115.41: 14
      115.41 -   121.90: 17
      121.90 -   128.39: 10
      128.39 -   134.89: 3
  Bond angle restraints: 57
  Sorted by residual:
  angle pdb=" C   GLY A   2 "
        pdb=" CA  GLY A   2 "
        pdb=" HA2 GLY A   2 "
      ideal   model   delta    sigma   weight residual
     109.00  102.42    6.58 3.00e+00 1.11e-01 4.81e+00
  angle pdb=" CA  GLY A   2 "
        pdb=" N   GLY A   2 "
        pdb=" H   GLY A   2 "
      ideal   model   delta    sigma   weight residual
     114.00  107.61    6.39 3.00e+00 1.11e-01 4.54e+00
  angle pdb=" CA  TRP A   1 "
        pdb=" C   TRP A   1 "
        pdb=" N   GLY A   2 "
      ideal   model   delta    sigma   weight residual
     116.20  119.92   -3.72 2.00e+00 2.50e-01 3.46e+00
  angle pdb=" C   TRP A   1 "
        pdb=" N   GLY A   2 "
        pdb=" H   GLY A   2 "
      ideal   model   delta    sigma   weight residual
     124.30  129.50   -5.20 3.00e+00 1.11e-01 3.00e+00
  angle pdb=" O   TRP A   1 "
        pdb=" C   TRP A   1 "
        pdb=" CA  TRP A   1 "
      ideal   model   delta    sigma   weight residual
     120.80  118.34    2.46 1.70e+00 3.46e-01 2.09e+00
  ... (remaining 52 not shown)

  Histogram of dihedral angle deviations from ideal:
        0.08 -    15.88: 12
       15.88 -    31.68: 0
       31.68 -    47.48: 0
       47.48 -    63.28: 0
       63.28 -    79.08: 1
  Dihedral angle restraints: 13
    sinusoidal: 3
      harmonic: 10
  Sorted by residual:
  dihedral pdb=" OXT GLY A   2 "
           pdb=" C   GLY A   2 "
           pdb=" CA  GLY A   2 "
           pdb=" N   GLY A   2 "
      ideal   model   delta sinusoidal    sigma   weight residual
     -20.00  -99.08   79.08     2      3.00e+01 1.11e-03 5.14e+00
  dihedral pdb=" N   TRP A   1 "
           pdb=" CA  TRP A   1 "
           pdb=" CB  TRP A   1 "
           pdb=" CG  TRP A   1 "
      ideal   model   delta sinusoidal    sigma   weight residual
      60.00   44.99   15.01     3      1.50e+01 4.44e-03 1.39e+00
  dihedral pdb=" CA  TRP A   1 "
           pdb=" C   TRP A   1 "
           pdb=" N   GLY A   2 "
           pdb=" CA  GLY A   2 "
      ideal   model   delta  harmonic     sigma   weight residual
     180.00  175.93    4.07     0      5.00e+00 4.00e-02 6.61e-01
  ... (remaining 10 not shown)

  Histogram of chiral volume deviations from ideal:
       0.022 -    0.022: 1
       0.022 -    0.022: 0
       0.022 -    0.022: 0
       0.022 -    0.022: 0
       0.022 -    0.022: 0
  Chirality restraints: 1
  Sorted by residual:
  chirality pdb=" CA  TRP A   1 "
            pdb=" C   TRP A   1 "
            pdb=" N   TRP A   1 "
            pdb=" CB  TRP A   1 "
    both_signs  ideal   model   delta    sigma   weight residual
      False     -2.51   -2.49   -0.02 2.00e-01 2.50e+01 1.17e-02

  Planarity restraints: 4
  Sorted by residual:
                                 delta    sigma   weight rms_deltas residual
  plane pdb=" CB  TRP A   1 "    0.001 2.00e-02 2.50e+03   2.42e-02 2.34e+01
        pdb=" CG  TRP A   1 "    0.024 2.00e-02 2.50e+03
        pdb=" CD1 TRP A   1 "   -0.030 2.00e-02 2.50e+03
        pdb=" HD1 TRP A   1 "   -0.051 2.00e-02 2.50e+03
        pdb=" NE1 TRP A   1 "    0.038 2.00e-02 2.50e+03
        pdb=" HE1 TRP A   1 "    0.009 2.00e-02 2.50e+03
        pdb=" CE2 TRP A   1 "    0.009 2.00e-02 2.50e+03
        pdb=" CZ2 TRP A   1 "    0.029 2.00e-02 2.50e+03
        pdb=" HZ2 TRP A   1 "    0.010 2.00e-02 2.50e+03
        pdb=" CH2 TRP A   1 "   -0.028 2.00e-02 2.50e+03
        pdb=" HH2 TRP A   1 "   -0.021 2.00e-02 2.50e+03
        pdb=" CZ3 TRP A   1 "   -0.009 2.00e-02 2.50e+03
        pdb=" HZ3 TRP A   1 "   -0.011 2.00e-02 2.50e+03
        pdb=" CE3 TRP A   1 "   -0.012 2.00e-02 2.50e+03
        pdb=" HE3 TRP A   1 "    0.033 2.00e-02 2.50e+03
        pdb=" CD2 TRP A   1 "    0.009 2.00e-02 2.50e+03
                                 delta    sigma   weight rms_deltas residual
  plane pdb=" O   GLY A   2 "    0.006 2.00e-02 2.50e+03   1.23e-02 1.90e+00
        pdb=" C   GLY A   2 "   -0.023 2.00e-02 2.50e+03
        pdb=" OXT GLY A   2 "   -0.002 2.00e-02 2.50e+03
        pdb=" HXT GLY A   2 "    0.009 2.00e-02 2.50e+03
        pdb=" CA  GLY A   2 "    0.010 2.00e-02 2.50e+03
                                 delta    sigma   weight rms_deltas residual
  plane pdb=" C   TRP A   1 "    0.004 2.00e-02 2.50e+03   7.38e-03 5.45e-01
        pdb=" CA  GLY A   2 "    0.003 2.00e-02 2.50e+03
        pdb=" N   GLY A   2 "   -0.013 2.00e-02 2.50e+03
        pdb=" H   GLY A   2 "    0.006 2.00e-02 2.50e+03
  ... (remaining 1 not shown)

  Histogram of nonbonded interaction distances:
        2.10 -     2.65: 20
        2.65 -     3.21: 39
        3.21 -     3.77: 58
        3.77 -     4.33: 57
        4.33 -     4.89: 63
  Nonbonded interactions: 237
  Sorted by model distance:
  nonbonded pdb=" H2  TRP A   1 "
            pdb=" H   GLY A   2 "
     model   vdw
     2.095 2.100
  nonbonded pdb=" HA  TRP A   1 "
            pdb=" H1  TRP A   1 "
     model   vdw
     2.150 1.816
  nonbonded pdb=" HA  TRP A   1 "
            pdb=" HB1 TRP A   1 "
     model   vdw
     2.194 1.952
  nonbonded pdb=" HH2 TRP A   1 "
            pdb=" HZ3 TRP A   1 "
     model   vdw
     2.198 1.680
  nonbonded pdb=" O   GLY A   2 "
            pdb=" HXT GLY A   2 "
     model   vdw
     2.298 2.056
  ... (remaining 232 not shown)

  NOTE: a complete listing of the restraints can be obtained by requesting
        output of .geo file.

                   ----------xray_structure summary----------                  

Number of scattering types: 4
  Type Number    sf(0)   Gaussians
   O       3      7.97       2
   N       3      6.97       2
   C      13      5.97       2
   H      15      1.00       2
  sf(0) = scattering factor at diffraction angle 0.
Number of scatterers: 34
At special positions: 0
Unit cell: (11.802, 13.932, 11.218, 90, 90, 90)
Space group: P 1 (No. 1)

End of input processing
r_work=0.5562 r_free=0.6624
params.data_weight: 0.0
params.restraints: qm
rmsd(b), start:  0.0793
mc:   0 R: 0.5333 rmsd(b):  0.0279 restraint_scale:  1.0 min_steps: 52
mc:   1 R: 0.5375 rmsd(b):  0.0277 restraint_scale:  1.0 min_steps: 52
mc:   2 R: 0.5506 rmsd(b):  0.0276 restraint_scale:  1.0 min_steps: 58
mc:   3 R: 0.5507 rmsd(b):  0.0276 restraint_scale:  1.0 min_steps: 8
Convergence reached, stop now.
see the result structure:  ./p26/04_results/opt_qm/199_WG15-new/1.5/9.pdb
Time: 163.1357
