phenix.python
you are importing  adaptive calculator, and it does nothing. Please give it energy, force....... 

============================== Collecting inputs ==============================


                   ----------Processing X-ray data----------                   

F-obs:
  /scratch/m_zhen01/30994.lupus.uni-muenster.de/p26/02_mtz/191_WG03-new.mtz:F-obs
Miller array info: None
Observation type: xray.amplitude
Type of data: double, size=190
Type of sigmas: None
Number of Miller indices: 190
Anomalous flag: False
Unit cell: (13.42, 12.587, 10.96, 90, 90, 90)
Space group: P 1 (No. 1)
Systematic absences: 0
Centric reflections: 0
Resolution range: 3.94978 2.50559
Completeness in resolution range: 1
Completeness with d_max=infinity: 0.753968

Number of F-obs in resolution range:                   190
Number of F-obs<0 (these reflections will be rejected): 0
Number of F-obs=0 (these reflections will be used in refinement): 0
Refinement resolution range: d_max =   3.9498
                             d_min =   2.5056

R-free flags:
  /scratch/m_zhen01/30994.lupus.uni-muenster.de/p26/02_mtz/191_WG03-new.mtz:R-free-flags
Miller array info: /scratch/m_zhen01/30994.lupus.uni-muenster.de/p26/02_mtz/191_WG03-new.mtz:R-free-flags
Observation type: None
Type of data: int, size=190
Type of sigmas: None
Number of Miller indices: 190
Anomalous flag: False
Unit cell: (13.42, 12.587, 10.96, 90, 90, 90)
Space group: P 1 (No. 1)
Systematic absences: 0
Centric reflections: 0
Resolution range: 3.94978 2.50559
Completeness in resolution range: 1
Completeness with d_max=infinity: 0.753968
Wavelength: 1.0000

Test (R-free flags) flag value: 1

Number of work/free reflections by resolution:
                                  work free  %free
  bin  1: 3.9498 - 3.6267 [17/17]   17    0   0.0%
  bin  2: 3.6267 - 3.3887 [20/20]   20    0   0.0%
  bin  3: 3.3887 - 3.2030 [21/21]   21    0   0.0%
  bin  4: 3.2030 - 3.0523 [19/19]   11    8  42.1%
  bin  5: 3.0523 - 2.9264 [20/20]   20    0   0.0%
  bin  6: 2.9264 - 2.8191 [14/14]   14    0   0.0%
  bin  7: 2.8191 - 2.7259 [17/17]   17    0   0.0%
  bin  8: 2.7259 - 2.6440 [17/17]   17    0   0.0%
  bin  9: 2.6440 - 2.5711 [20/20]   16    4  20.0%
  bin 10: 2.5711 - 2.5056 [25/25]   25    0   0.0%
                          overall  178   12   6.3%

                   ----------Processing PDB file(s)----------                  

  Monomer Library directory:
    "/tmp1/m_zhen01/phenix-installer-1.10.1-2155-intel-linux-2.6-x86_64-centos5/phenix-1.10.1-2155/modules/chem_data/mon_lib"
  Total number of atoms: 34
  Number of models: 1
  Model: ""
    Number of chains: 1
    Chain: "A"
      Number of atoms: 34
      Number of conformers: 1
      Conformer: ""
        Number of residues, atoms: 2, 34
          Classifications: {'peptide': 2}
          Modifications used: {'NH2NOTPRO': 1, 'COOH': 1}
          Link IDs: {'TRANS': 1}
  Time building chain proxies: 0.07, per 1000 atoms: 2.06
  Number of scatterers: 34
  At special positions: 0
  Unit cell: (13.42, 12.587, 10.96, 90, 90, 90)
  Space group: P 1 (No. 1)
  Number of sites at special positions: 0
  Number of scattering types: 4
    Type Number    sf(0)
     O       3      8.00
     N       3      7.00
     C      13      6.00
     H      15      1.00
    sf(0) = scattering factor at diffraction angle 0.

  Number of disulfides: simple=0, symmetry=0

  Automatic linking
    Parameters for automatic linking
      Linking & cutoffs
        Metal                : False - 3.50
        Amimo acid           : False - 1.90
        Carbohydrate         : True  - 1.99
        Ligands              : True  - 1.99
        Amino acid - RNA/DNA : False
      
  Number of custom bonds: simple=0, symmetry=0
  Time building additional restraints: 0.02
  Conformation dependent library (CDL) restraints added in 429.9 microseconds
  
  Adding C-beta torsion restraints...
  Number of C-beta restraints generated:  2
  Time building geometry restraints manager: 0.02 seconds

  NOTE: a complete listing of the restraints can be obtained by requesting
        output of .geo file.

  Histogram of bond lengths:
        0.84 -     0.99: 15
        0.99 -     1.14: 0
        1.14 -     1.29: 2
        1.29 -     1.43: 12
        1.43 -     1.58: 6
  Bond restraints: 35
  Sorted by residual:
  bond pdb=" C   TRP A   1 "
       pdb=" CA  TRP A   1 "
    ideal  model  delta    sigma   weight residual
    1.525  1.583 -0.058 2.10e-02 2.27e+03 7.51e+00
  bond pdb=" CZ3 TRP A   1 "
       pdb=" CE3 TRP A   1 "
    ideal  model  delta    sigma   weight residual
    1.382  1.310  0.072 3.00e-02 1.11e+03 5.84e+00
  bond pdb=" CA  GLY A   2 "
       pdb=" HA1 GLY A   2 "
    ideal  model  delta    sigma   weight residual
    0.970  0.923  0.047 2.00e-02 2.50e+03 5.61e+00
  bond pdb=" CA  GLY A   2 "
       pdb=" N   GLY A   2 "
    ideal  model  delta    sigma   weight residual
    1.451  1.478 -0.027 1.60e-02 3.91e+03 2.81e+00
  bond pdb=" CA  TRP A   1 "
       pdb=" CB  TRP A   1 "
    ideal  model  delta    sigma   weight residual
    1.530  1.501  0.029 2.00e-02 2.50e+03 2.16e+00
  ... (remaining 30 not shown)

  Histogram of bond angle deviations from ideal:
       99.68 -   106.49: 6
      106.49 -   113.30: 17
      113.30 -   120.11: 14
      120.11 -   126.92: 17
      126.92 -   133.74: 3
  Bond angle restraints: 57
  Sorted by residual:
  angle pdb=" CA  TRP A   1 "
        pdb=" CB  TRP A   1 "
        pdb=" CG  TRP A   1 "
      ideal   model   delta    sigma   weight residual
     113.60  119.33   -5.73 1.90e+00 2.77e-01 9.10e+00
  angle pdb=" C   GLY A   2 "
        pdb=" OXT GLY A   2 "
        pdb=" HXT GLY A   2 "
      ideal   model   delta    sigma   weight residual
     108.00   99.68    8.32 3.00e+00 1.11e-01 7.69e+00
  angle pdb=" HB2 TRP A   1 "
        pdb=" CB  TRP A   1 "
        pdb=" CG  TRP A   1 "
      ideal   model   delta    sigma   weight residual
     108.00  101.76    6.24 3.00e+00 1.11e-01 4.32e+00
  angle pdb=" N   TRP A   1 "
        pdb=" CA  TRP A   1 "
        pdb=" CB  TRP A   1 "
      ideal   model   delta    sigma   weight residual
     110.50  107.11    3.39 1.70e+00 3.46e-01 3.99e+00
  angle pdb=" C   GLY A   2 "
        pdb=" CA  GLY A   2 "
        pdb=" HA1 GLY A   2 "
      ideal   model   delta    sigma   weight residual
     109.00  104.10    4.90 3.00e+00 1.11e-01 2.66e+00
  ... (remaining 52 not shown)

  Histogram of dihedral angle deviations from ideal:
        0.32 -    35.40: 11
       35.40 -    70.48: 1
       70.48 -   105.55: 0
      105.55 -   140.63: 0
      140.63 -   175.71: 1
  Dihedral angle restraints: 13
    sinusoidal: 3
      harmonic: 10
  Sorted by residual:
  dihedral pdb=" O   GLY A   2 "
           pdb=" C   GLY A   2 "
           pdb=" OXT GLY A   2 "
           pdb=" HXT GLY A   2 "
      ideal   model   delta  harmonic     sigma   weight residual
       0.00 -175.71  175.71     0      3.00e+01 1.11e-03 3.43e+01
  dihedral pdb=" OXT GLY A   2 "
           pdb=" C   GLY A   2 "
           pdb=" CA  GLY A   2 "
           pdb=" N   GLY A   2 "
      ideal   model   delta sinusoidal    sigma   weight residual
     -20.00  -57.10   37.10     2      3.00e+01 1.11e-03 1.94e+00
  dihedral pdb=" N   TRP A   1 "
           pdb=" CA  TRP A   1 "
           pdb=" CB  TRP A   1 "
           pdb=" CG  TRP A   1 "
      ideal   model   delta sinusoidal    sigma   weight residual
      60.00   75.97  -15.97     3      1.50e+01 4.44e-03 1.56e+00
  ... (remaining 10 not shown)

  Histogram of chiral volume deviations from ideal:
       0.071 -    0.071: 1
       0.071 -    0.071: 0
       0.071 -    0.071: 0
       0.071 -    0.071: 0
       0.071 -    0.071: 0
  Chirality restraints: 1
  Sorted by residual:
  chirality pdb=" CA  TRP A   1 "
            pdb=" C   TRP A   1 "
            pdb=" N   TRP A   1 "
            pdb=" CB  TRP A   1 "
    both_signs  ideal   model   delta    sigma   weight residual
      False     -2.51   -2.44   -0.07 2.00e-01 2.50e+01 1.25e-01

  Planarity restraints: 4
  Sorted by residual:
                                 delta    sigma   weight rms_deltas residual
  plane pdb=" CB  TRP A   1 "    0.020 2.00e-02 2.50e+03   2.14e-02 1.83e+01
        pdb=" CG  TRP A   1 "   -0.029 2.00e-02 2.50e+03
        pdb=" CD1 TRP A   1 "    0.011 2.00e-02 2.50e+03
        pdb=" HD1 TRP A   1 "   -0.004 2.00e-02 2.50e+03
        pdb=" NE1 TRP A   1 "   -0.022 2.00e-02 2.50e+03
        pdb=" HE1 TRP A   1 "    0.003 2.00e-02 2.50e+03
        pdb=" CE2 TRP A   1 "    0.017 2.00e-02 2.50e+03
        pdb=" CZ2 TRP A   1 "    0.026 2.00e-02 2.50e+03
        pdb=" HZ2 TRP A   1 "    0.012 2.00e-02 2.50e+03
        pdb=" CH2 TRP A   1 "   -0.031 2.00e-02 2.50e+03
        pdb=" HH2 TRP A   1 "   -0.019 2.00e-02 2.50e+03
        pdb=" CZ3 TRP A   1 "   -0.012 2.00e-02 2.50e+03
        pdb=" HZ3 TRP A   1 "    0.045 2.00e-02 2.50e+03
        pdb=" CE3 TRP A   1 "   -0.020 2.00e-02 2.50e+03
        pdb=" HE3 TRP A   1 "   -0.014 2.00e-02 2.50e+03
        pdb=" CD2 TRP A   1 "    0.015 2.00e-02 2.50e+03
                                 delta    sigma   weight rms_deltas residual
  plane pdb=" O   GLY A   2 "   -0.018 2.00e-02 2.50e+03   1.86e-02 4.34e+00
        pdb=" C   GLY A   2 "    0.036 2.00e-02 2.50e+03
        pdb=" OXT GLY A   2 "   -0.003 2.00e-02 2.50e+03
        pdb=" HXT GLY A   2 "   -0.009 2.00e-02 2.50e+03
        pdb=" CA  GLY A   2 "   -0.007 2.00e-02 2.50e+03
                                 delta    sigma   weight rms_deltas residual
  plane pdb=" C   TRP A   1 "   -0.024 2.00e-02 2.50e+03   1.39e-02 1.94e+00
        pdb=" O   TRP A   1 "    0.009 2.00e-02 2.50e+03
        pdb=" CA  TRP A   1 "    0.007 2.00e-02 2.50e+03
        pdb=" N   GLY A   2 "    0.008 2.00e-02 2.50e+03
  ... (remaining 1 not shown)

  Histogram of nonbonded interaction distances:
        2.05 -     2.62: 23
        2.62 -     3.18: 54
        3.18 -     3.75: 54
        3.75 -     4.32: 50
        4.32 -     4.88: 68
  Nonbonded interactions: 249
  Sorted by model distance:
  nonbonded pdb=" O   TRP A   1 "
            pdb=" HXT GLY A   2 "
     model   vdw
     2.049 1.970
  nonbonded pdb=" HA1 GLY A   2 "
            pdb=" H   GLY A   2 "
     model   vdw
     2.135 1.816
  nonbonded pdb=" HA  TRP A   1 "
            pdb=" HB2 TRP A   1 "
     model   vdw
     2.226 1.952
  nonbonded pdb=" HXT GLY A   2 "
            pdb=" CA  GLY A   2 "
     model   vdw
     2.242 2.376
  nonbonded pdb=" HZ3 TRP A   1 "
            pdb=" HE3 TRP A   1 "
     model   vdw
     2.249 1.680
  ... (remaining 244 not shown)

  NOTE: a complete listing of the restraints can be obtained by requesting
        output of .geo file.

                   ----------xray_structure summary----------                  

Number of scattering types: 4
  Type Number    sf(0)   Gaussians
   O       3      7.97       2
   N       3      6.97       2
   C      13      5.97       2
   H      15      1.00       2
  sf(0) = scattering factor at diffraction angle 0.
Number of scatterers: 34
At special positions: 0
Unit cell: (13.42, 12.587, 10.96, 90, 90, 90)
Space group: P 1 (No. 1)

End of input processing
r_work=0.5580 r_free=0.4639
params.data_weight: 0.0
params.restraints: qm
rmsd(b), start:  0.0929
mc:   0 R: 0.5619 rmsd(b):  0.0256 restraint_scale:  1.0 min_steps: 53
mc:   1 R: 0.5603 rmsd(b):  0.0256 restraint_scale:  1.0 min_steps: 55
mc:   2 R: 0.5598 rmsd(b):  0.0256 restraint_scale:  1.0 min_steps: 15
Convergence reached, stop now.
see the result structure:  ./p26/04_results/opt_qm/191_WG03-new/0.9/8.pdb
Time: 139.4835
