phenix.python
you are importing  adaptive calculator, and it does nothing. Please give it energy, force....... 

============================== Collecting inputs ==============================


                   ----------Processing X-ray data----------                   

F-obs:
  /scratch/m_zhen01/30995.lupus.uni-muenster.de/p26/02_mtz/203_WG11-new.mtz:F-obs
Miller array info: None
Observation type: xray.amplitude
Type of data: double, size=181
Type of sigmas: None
Number of Miller indices: 181
Anomalous flag: False
Unit cell: (13.071, 13.502, 9.907, 90, 90, 90)
Space group: P 1 (No. 1)
Systematic absences: 0
Centric reflections: 0
Resolution range: 3.99375 2.52768
Completeness in resolution range: 1
Completeness with d_max=infinity: 0.770213

Number of F-obs in resolution range:                   181
Number of F-obs<0 (these reflections will be rejected): 0
Number of F-obs=0 (these reflections will be used in refinement): 0
Refinement resolution range: d_max =   3.9937
                             d_min =   2.5277

R-free flags:
  /scratch/m_zhen01/30995.lupus.uni-muenster.de/p26/02_mtz/203_WG11-new.mtz:R-free-flags
Miller array info: /scratch/m_zhen01/30995.lupus.uni-muenster.de/p26/02_mtz/203_WG11-new.mtz:R-free-flags
Observation type: None
Type of data: int, size=181
Type of sigmas: None
Number of Miller indices: 181
Anomalous flag: False
Unit cell: (13.071, 13.502, 9.907, 90, 90, 90)
Space group: P 1 (No. 1)
Systematic absences: 0
Centric reflections: 0
Resolution range: 3.99375 2.52768
Completeness in resolution range: 1
Completeness with d_max=infinity: 0.770213
Wavelength: 1.0000

Test (R-free flags) flag value: 1

Number of work/free reflections by resolution:
                                  work free  %free
  bin  1: 3.9937 - 3.6645 [24/24]   24    0   0.0%
  bin  2: 3.6645 - 3.4226 [10/10]   10    0   0.0%
  bin  3: 3.4226 - 3.2340 [13/13]    9    4  30.8%
  bin  4: 3.2340 - 3.0811 [28/28]   28    0   0.0%
  bin  5: 3.0811 - 2.9536 [16/16]   16    0   0.0%
  bin  6: 2.9536 - 2.8449 [20/20]   12    8  40.0%
  bin  7: 2.8449 - 2.7506 [ 6/6 ]    6    0   0.0%
  bin  8: 2.7506 - 2.6677 [17/17]   17    0   0.0%
  bin  9: 2.6677 - 2.5939 [19/19]   19    0   0.0%
  bin 10: 2.5939 - 2.5277 [28/28]   28    0   0.0%
                          overall  169   12   6.6%

                   ----------Processing PDB file(s)----------                  

  Monomer Library directory:
    "/tmp1/m_zhen01/phenix-installer-1.10.1-2155-intel-linux-2.6-x86_64-centos5/phenix-1.10.1-2155/modules/chem_data/mon_lib"
  Total number of atoms: 34
  Number of models: 1
  Model: ""
    Number of chains: 1
    Chain: "A"
      Number of atoms: 34
      Number of conformers: 1
      Conformer: ""
        Number of residues, atoms: 2, 34
          Classifications: {'peptide': 2}
          Modifications used: {'NH2NOTPRO': 1, 'COOH': 1}
          Link IDs: {'TRANS': 1}
  Time building chain proxies: 0.07, per 1000 atoms: 2.06
  Number of scatterers: 34
  At special positions: 0
  Unit cell: (13.071, 13.502, 9.907, 90, 90, 90)
  Space group: P 1 (No. 1)
  Number of sites at special positions: 0
  Number of scattering types: 4
    Type Number    sf(0)
     O       3      8.00
     N       3      7.00
     C      13      6.00
     H      15      1.00
    sf(0) = scattering factor at diffraction angle 0.

  Number of disulfides: simple=0, symmetry=0

  Automatic linking
    Parameters for automatic linking
      Linking & cutoffs
        Metal                : False - 3.50
        Amimo acid           : False - 1.90
        Carbohydrate         : True  - 1.99
        Ligands              : True  - 1.99
        Amino acid - RNA/DNA : False
      
  Number of custom bonds: simple=0, symmetry=0
  Time building additional restraints: 0.02
  Conformation dependent library (CDL) restraints added in 442.0 microseconds
  
  Adding C-beta torsion restraints...
  Number of C-beta restraints generated:  2
  Time building geometry restraints manager: 0.03 seconds

  NOTE: a complete listing of the restraints can be obtained by requesting
        output of .geo file.

  Histogram of bond lengths:
        0.84 -     0.97: 10
        0.97 -     1.11: 5
        1.11 -     1.25: 2
        1.25 -     1.39: 8
        1.39 -     1.53: 10
  Bond restraints: 35
  Sorted by residual:
  bond pdb=" CZ3 TRP A   1 "
       pdb=" HZ3 TRP A   1 "
    ideal  model  delta    sigma   weight residual
    0.930  0.993 -0.063 2.00e-02 2.50e+03 1.00e+01
  bond pdb=" C   GLY A   2 "
       pdb=" OXT GLY A   2 "
    ideal  model  delta    sigma   weight residual
    1.330  1.372 -0.042 2.00e-02 2.50e+03 4.42e+00
  bond pdb=" O   GLY A   2 "
       pdb=" C   GLY A   2 "
    ideal  model  delta    sigma   weight residual
    1.185  1.224 -0.039 2.00e-02 2.50e+03 3.73e+00
  bond pdb=" CA  TRP A   1 "
       pdb=" HA  TRP A   1 "
    ideal  model  delta    sigma   weight residual
    0.970  1.005 -0.035 2.00e-02 2.50e+03 2.99e+00
  bond pdb=" C   TRP A   1 "
       pdb=" O   TRP A   1 "
    ideal  model  delta    sigma   weight residual
    1.231  1.198  0.033 2.00e-02 2.50e+03 2.75e+00
  ... (remaining 30 not shown)

  Histogram of bond angle deviations from ideal:
      102.55 -   108.96: 12
      108.96 -   115.37: 14
      115.37 -   121.78: 18
      121.78 -   128.19: 11
      128.19 -   134.60: 2
  Bond angle restraints: 57
  Sorted by residual:
  angle pdb=" HA  TRP A   1 "
        pdb=" CA  TRP A   1 "
        pdb=" CB  TRP A   1 "
      ideal   model   delta    sigma   weight residual
     109.00  102.55    6.45 3.00e+00 1.11e-01 4.63e+00
  angle pdb=" C   TRP A   1 "
        pdb=" CA  TRP A   1 "
        pdb=" N   TRP A   1 "
      ideal   model   delta    sigma   weight residual
     111.00  116.28   -5.28 2.80e+00 1.28e-01 3.55e+00
  angle pdb=" C   TRP A   1 "
        pdb=" CA  TRP A   1 "
        pdb=" CB  TRP A   1 "
      ideal   model   delta    sigma   weight residual
     110.10  106.83    3.27 1.90e+00 2.77e-01 2.96e+00
  angle pdb=" HA1 GLY A   2 "
        pdb=" CA  GLY A   2 "
        pdb=" HA2 GLY A   2 "
      ideal   model   delta    sigma   weight residual
     109.00  104.53    4.47 3.00e+00 1.11e-01 2.22e+00
  angle pdb=" CA  TRP A   1 "
        pdb=" N   TRP A   1 "
        pdb=" H1  TRP A   1 "
      ideal   model   delta    sigma   weight residual
     109.47  113.82   -4.35 3.00e+00 1.11e-01 2.11e+00
  ... (remaining 52 not shown)

  Histogram of dihedral angle deviations from ideal:
        0.53 -    17.12: 12
       17.12 -    33.72: 0
       33.72 -    50.32: 0
       50.32 -    66.91: 0
       66.91 -    83.51: 1
  Dihedral angle restraints: 13
    sinusoidal: 3
      harmonic: 10
  Sorted by residual:
  dihedral pdb=" OXT GLY A   2 "
           pdb=" C   GLY A   2 "
           pdb=" CA  GLY A   2 "
           pdb=" N   GLY A   2 "
      ideal   model   delta sinusoidal    sigma   weight residual
     -20.00 -103.51   83.51     2      3.00e+01 1.11e-03 5.27e+00
  dihedral pdb=" N   TRP A   1 "
           pdb=" CA  TRP A   1 "
           pdb=" CB  TRP A   1 "
           pdb=" CG  TRP A   1 "
      ideal   model   delta sinusoidal    sigma   weight residual
      60.00   72.87  -12.87     3      1.50e+01 4.44e-03 1.04e+00
  dihedral pdb=" CA  TRP A   1 "
           pdb=" CB  TRP A   1 "
           pdb=" CG  TRP A   1 "
           pdb=" CD1 TRP A   1 "
      ideal   model   delta sinusoidal    sigma   weight residual
     -90.00  -78.95  -11.05     2      2.00e+01 2.50e-03 4.41e-01
  ... (remaining 10 not shown)

  Histogram of chiral volume deviations from ideal:
       0.113 -    0.113: 1
       0.113 -    0.113: 0
       0.113 -    0.113: 0
       0.113 -    0.113: 0
       0.113 -    0.113: 0
  Chirality restraints: 1
  Sorted by residual:
  chirality pdb=" CA  TRP A   1 "
            pdb=" C   TRP A   1 "
            pdb=" N   TRP A   1 "
            pdb=" CB  TRP A   1 "
    both_signs  ideal   model   delta    sigma   weight residual
      False     -2.51   -2.40   -0.11 2.00e-01 2.50e+01 3.18e-01

  Planarity restraints: 4
  Sorted by residual:
                                 delta    sigma   weight rms_deltas residual
  plane pdb=" CB  TRP A   1 "   -0.033 2.00e-02 2.50e+03   1.49e-02 8.85e+00
        pdb=" CG  TRP A   1 "   -0.010 2.00e-02 2.50e+03
        pdb=" CD1 TRP A   1 "    0.011 2.00e-02 2.50e+03
        pdb=" HD1 TRP A   1 "    0.024 2.00e-02 2.50e+03
        pdb=" NE1 TRP A   1 "    0.010 2.00e-02 2.50e+03
        pdb=" HE1 TRP A   1 "   -0.003 2.00e-02 2.50e+03
        pdb=" CE2 TRP A   1 "   -0.018 2.00e-02 2.50e+03
        pdb=" CZ2 TRP A   1 "   -0.013 2.00e-02 2.50e+03
        pdb=" HZ2 TRP A   1 "   -0.014 2.00e-02 2.50e+03
        pdb=" CH2 TRP A   1 "   -0.010 2.00e-02 2.50e+03
        pdb=" HH2 TRP A   1 "    0.017 2.00e-02 2.50e+03
        pdb=" CZ3 TRP A   1 "   -0.002 2.00e-02 2.50e+03
        pdb=" HZ3 TRP A   1 "    0.003 2.00e-02 2.50e+03
        pdb=" CE3 TRP A   1 "    0.012 2.00e-02 2.50e+03
        pdb=" HE3 TRP A   1 "    0.009 2.00e-02 2.50e+03
        pdb=" CD2 TRP A   1 "    0.015 2.00e-02 2.50e+03
                                 delta    sigma   weight rms_deltas residual
  plane pdb=" O   GLY A   2 "    0.003 2.00e-02 2.50e+03   1.22e-02 1.85e+00
        pdb=" C   GLY A   2 "    0.005 2.00e-02 2.50e+03
        pdb=" OXT GLY A   2 "    0.018 2.00e-02 2.50e+03
        pdb=" HXT GLY A   2 "   -0.017 2.00e-02 2.50e+03
        pdb=" CA  GLY A   2 "   -0.009 2.00e-02 2.50e+03
                                 delta    sigma   weight rms_deltas residual
  plane pdb=" C   TRP A   1 "   -0.012 2.00e-02 2.50e+03   7.19e-03 5.17e-01
        pdb=" O   TRP A   1 "    0.005 2.00e-02 2.50e+03
        pdb=" CA  TRP A   1 "    0.004 2.00e-02 2.50e+03
        pdb=" N   GLY A   2 "    0.004 2.00e-02 2.50e+03
  ... (remaining 1 not shown)

  Histogram of nonbonded interaction distances:
        2.19 -     2.73: 28
        2.73 -     3.27: 52
        3.27 -     3.81: 68
        3.81 -     4.36: 69
        4.36 -     4.90: 76
  Nonbonded interactions: 293
  Sorted by model distance:
  nonbonded pdb=" HA  TRP A   1 "
            pdb=" HB2 TRP A   1 "
     model   vdw
     2.190 1.952
  nonbonded pdb=" HA  TRP A   1 "
            pdb=" H2  TRP A   1 "
     model   vdw
     2.208 1.816
  nonbonded pdb=" HH2 TRP A   1 "
            pdb=" HZ3 TRP A   1 "
     model   vdw
     2.312 1.680
  nonbonded pdb=" HA  TRP A   1 "
            pdb=" HB1 TRP A   1 "
     model   vdw
     2.315 1.952
  nonbonded pdb=" O   GLY A   2 "
            pdb=" HXT GLY A   2 "
     model   vdw
     2.332 2.056
  ... (remaining 288 not shown)

  NOTE: a complete listing of the restraints can be obtained by requesting
        output of .geo file.

                   ----------xray_structure summary----------                  

Number of scattering types: 4
  Type Number    sf(0)   Gaussians
   O       3      7.97       2
   N       3      6.97       2
   C      13      5.97       2
   H      15      1.00       2
  sf(0) = scattering factor at diffraction angle 0.
Number of scatterers: 34
At special positions: 0
Unit cell: (13.071, 13.502, 9.907, 90, 90, 90)
Space group: P 1 (No. 1)

End of input processing
r_work=0.5696 r_free=0.5191
params.data_weight: None
params.restraints: cctbx
rmsd(b), start:  0.0824
mc:   0 R: 0.1890 rmsd(b):  0.0514 restraint_scale:  2.0 min_steps: 38
mc:   1 R: 0.0306 rmsd(b):  0.0090 restraint_scale:  1.0 min_steps: 41
mc:   2 R: 0.0100 rmsd(b):  0.0476 restraint_scale:  2.0 min_steps: 43
mc:   3 R: 0.0100 rmsd(b):  0.0478 restraint_scale:  4.0 min_steps: 5
Convergence reached, stop now.
see the result structure:  ./p26/04_results/refine_cctbx/203_WG11-new/0.9/7.pdb
Time: 5.8118
