phenix.python
you are importing  adaptive calculator, and it does nothing. Please give it energy, force....... 

============================== Collecting inputs ==============================


                   ----------Processing X-ray data----------                   

F-obs:
  /scratch/m_zhen01/31011.lupus.uni-muenster.de/p26/02_mtz/239_GFA02-new.mtz:F-obs
Miller array info: None
Observation type: xray.amplitude
Type of data: double, size=236
Type of sigmas: None
Number of Miller indices: 236
Anomalous flag: False
Unit cell: (13.94, 13.832, 11.842, 90, 90, 90)
Space group: P 1 (No. 1)
Systematic absences: 0
Centric reflections: 0
Resolution range: 3.94733 2.50633
Completeness in resolution range: 1
Completeness with d_max=infinity: 0.75641

Number of F-obs in resolution range:                   236
Number of F-obs<0 (these reflections will be rejected): 0
Number of F-obs=0 (these reflections will be used in refinement): 0
Refinement resolution range: d_max =   3.9473
                             d_min =   2.5063

R-free flags:
  /scratch/m_zhen01/31011.lupus.uni-muenster.de/p26/02_mtz/239_GFA02-new.mtz:R-free-flags
Miller array info: /scratch/m_zhen01/31011.lupus.uni-muenster.de/p26/02_mtz/239_GFA02-new.mtz:R-free-flags
Observation type: None
Type of data: int, size=236
Type of sigmas: None
Number of Miller indices: 236
Anomalous flag: False
Unit cell: (13.94, 13.832, 11.842, 90, 90, 90)
Space group: P 1 (No. 1)
Systematic absences: 0
Centric reflections: 0
Resolution range: 3.94733 2.50633
Completeness in resolution range: 1
Completeness with d_max=infinity: 0.75641
Wavelength: 1.0000

Test (R-free flags) flag value: 1

Number of work/free reflections by resolution:
                                  work free  %free
  bin  1: 3.9473 - 3.6255 [29/29]   25    4  13.8%
  bin  2: 3.6255 - 3.3882 [14/14]   14    0   0.0%
  bin  3: 3.3882 - 3.2029 [34/34]   26    8  23.5%
  bin  4: 3.2029 - 3.0524 [12/12]   12    0   0.0%
  bin  5: 3.0524 - 2.9268 [29/29]   29    0   0.0%
  bin  6: 2.9268 - 2.8195 [16/16]   12    4  25.0%
  bin  7: 2.8195 - 2.7265 [24/24]   24    0   0.0%
  bin  8: 2.7265 - 2.6446 [34/34]   34    0   0.0%
  bin  9: 2.6446 - 2.5718 [ 6/6 ]    6    0   0.0%
  bin 10: 2.5718 - 2.5063 [38/38]   38    0   0.0%
                          overall  220   16   6.8%

                   ----------Processing PDB file(s)----------                  

  Monomer Library directory:
    "/tmp1/m_zhen01/phenix-installer-1.10.1-2155-intel-linux-2.6-x86_64-centos5/phenix-1.10.1-2155/modules/chem_data/mon_lib"
  Total number of atoms: 40
  Number of models: 1
  Model: ""
    Number of chains: 1
    Chain: "A"
      Number of atoms: 40
      Number of conformers: 1
      Conformer: ""
        Number of residues, atoms: 3, 40
          Classifications: {'peptide': 3}
          Modifications used: {'NH2NOTPRO': 1, 'COOH': 1}
          Link IDs: {'TRANS': 2}
  Time building chain proxies: 0.08, per 1000 atoms: 2.00
  Number of scatterers: 40
  At special positions: 0
  Unit cell: (13.94, 13.832, 11.842, 90, 90, 90)
  Space group: P 1 (No. 1)
  Number of sites at special positions: 0
  Number of scattering types: 4
    Type Number    sf(0)
     O       4      8.00
     N       3      7.00
     C      14      6.00
     H      19      1.00
    sf(0) = scattering factor at diffraction angle 0.

  Number of disulfides: simple=0, symmetry=0

  Automatic linking
    Parameters for automatic linking
      Linking & cutoffs
        Metal                : False - 3.50
        Amimo acid           : False - 1.90
        Carbohydrate         : True  - 1.99
        Ligands              : True  - 1.99
        Amino acid - RNA/DNA : False
      
  Number of custom bonds: simple=0, symmetry=0
  Time building additional restraints: 0.03
  Conformation dependent library (CDL) restraints added in 3.9 milliseconds
  
  Adding C-beta torsion restraints...
  Number of C-beta restraints generated:  4
  Time building geometry restraints manager: 0.04 seconds

  NOTE: a complete listing of the restraints can be obtained by requesting
        output of .geo file.

  Histogram of bond lengths:
        0.84 -     0.99: 16
        0.99 -     1.14: 3
        1.14 -     1.28: 3
        1.28 -     1.43: 8
        1.43 -     1.58: 10
  Bond restraints: 40
  Sorted by residual:
  bond pdb=" N   ALA A   3 "
       pdb=" H   ALA A   3 "
    ideal  model  delta    sigma   weight residual
    0.860  0.916 -0.056 2.00e-02 2.50e+03 7.77e+00
  bond pdb=" CB  PHE A   2 "
       pdb=" CG  PHE A   2 "
    ideal  model  delta    sigma   weight residual
    1.502  1.561 -0.059 2.30e-02 1.89e+03 6.66e+00
  bond pdb=" CB  PHE A   2 "
       pdb=" CA  PHE A   2 "
    ideal  model  delta    sigma   weight residual
    1.530  1.576 -0.046 1.85e-02 2.92e+03 6.06e+00
  bond pdb=" CB  ALA A   3 "
       pdb=" HB2 ALA A   3 "
    ideal  model  delta    sigma   weight residual
    0.970  1.011 -0.041 2.00e-02 2.50e+03 4.24e+00
  bond pdb=" CD1 PHE A   2 "
       pdb=" CE1 PHE A   2 "
    ideal  model  delta    sigma   weight residual
    1.382  1.435 -0.053 3.00e-02 1.11e+03 3.14e+00
  ... (remaining 35 not shown)

  Histogram of bond angle deviations from ideal:
      101.90 -   106.65: 8
      106.65 -   111.41: 15
      111.41 -   116.17: 12
      116.17 -   120.93: 18
      120.93 -   125.69: 13
  Bond angle restraints: 66
  Sorted by residual:
  angle pdb=" C   GLY A   1 "
        pdb=" CA  GLY A   1 "
        pdb=" N   GLY A   1 "
      ideal   model   delta    sigma   weight residual
     113.30  121.22   -7.92 2.90e+00 1.19e-01 7.45e+00
  angle pdb=" HB2 PHE A   2 "
        pdb=" CB  PHE A   2 "
        pdb=" CA  PHE A   2 "
      ideal   model   delta    sigma   weight residual
     109.00  101.90    7.10 3.00e+00 1.11e-01 5.61e+00
  angle pdb=" CB  PHE A   2 "
        pdb=" CA  PHE A   2 "
        pdb=" C   PHE A   2 "
      ideal   model   delta    sigma   weight residual
     110.18  105.18    5.00 2.24e+00 1.99e-01 4.99e+00
  angle pdb=" C   PHE A   2 "
        pdb=" CA  PHE A   2 "
        pdb=" N   PHE A   2 "
      ideal   model   delta    sigma   weight residual
     112.34  115.04   -2.70 1.30e+00 5.92e-01 4.30e+00
  angle pdb=" H1  GLY A   1 "
        pdb=" N   GLY A   1 "
        pdb=" H2  GLY A   1 "
      ideal   model   delta    sigma   weight residual
     109.47  115.44   -5.97 3.00e+00 1.11e-01 3.96e+00
  ... (remaining 61 not shown)

  Histogram of dihedral angle deviations from ideal:
        0.12 -     4.04: 13
        4.04 -     7.96: 0
        7.96 -    11.89: 1
       11.89 -    15.81: 0
       15.81 -    19.73: 2
  Dihedral angle restraints: 16
    sinusoidal: 4
      harmonic: 12
  Sorted by residual:
  dihedral pdb=" CA  PHE A   2 "
           pdb=" C   PHE A   2 "
           pdb=" N   ALA A   3 "
           pdb=" CA  ALA A   3 "
      ideal   model   delta  harmonic     sigma   weight residual
     180.00 -171.98   -8.02     0      5.00e+00 4.00e-02 2.58e+00
  dihedral pdb=" C   PHE A   2 "
           pdb=" N   PHE A   2 "
           pdb=" CA  PHE A   2 "
           pdb=" CB  PHE A   2 "
      ideal   model   delta  harmonic     sigma   weight residual
    -122.60 -119.54   -3.06     0      2.50e+00 1.60e-01 1.50e+00
  dihedral pdb=" CD1 PHE A   2 "
           pdb=" CB  PHE A   2 "
           pdb=" CG  PHE A   2 "
           pdb=" CA  PHE A   2 "
      ideal   model   delta sinusoidal    sigma   weight residual
     -90.00 -109.73   19.73     2      2.00e+01 2.50e-03 1.37e+00
  ... (remaining 13 not shown)

  Histogram of chiral volume deviations from ideal:
       0.004 -    0.022: 1
       0.022 -    0.041: 0
       0.041 -    0.059: 0
       0.059 -    0.078: 0
       0.078 -    0.097: 1
  Chirality restraints: 2
  Sorted by residual:
  chirality pdb=" CA  ALA A   3 "
            pdb=" C   ALA A   3 "
            pdb=" CB  ALA A   3 "
            pdb=" N   ALA A   3 "
    both_signs  ideal   model   delta    sigma   weight residual
      False      2.48    2.58   -0.10 2.00e-01 2.50e+01 2.33e-01
  chirality pdb=" CA  PHE A   2 "
            pdb=" CB  PHE A   2 "
            pdb=" C   PHE A   2 "
            pdb=" N   PHE A   2 "
    both_signs  ideal   model   delta    sigma   weight residual
      False     -2.51   -2.51    0.00 2.00e-01 2.50e+01 3.58e-04

  Planarity restraints: 6
  Sorted by residual:
                                 delta    sigma   weight rms_deltas residual
  plane pdb=" CB  PHE A   2 "    0.012 2.00e-02 2.50e+03   9.37e-03 2.63e+00
        pdb=" CG  PHE A   2 "   -0.013 2.00e-02 2.50e+03
        pdb=" CD1 PHE A   2 "   -0.003 2.00e-02 2.50e+03
        pdb=" HD1 PHE A   2 "    0.003 2.00e-02 2.50e+03
        pdb=" CE1 PHE A   2 "    0.002 2.00e-02 2.50e+03
        pdb=" HE1 PHE A   2 "   -0.004 2.00e-02 2.50e+03
        pdb=" CZ  PHE A   2 "    0.000 2.00e-02 2.50e+03
        pdb=" HZ  PHE A   2 "   -0.001 2.00e-02 2.50e+03
        pdb=" CE2 PHE A   2 "    0.023 2.00e-02 2.50e+03
        pdb=" HE2 PHE A   2 "   -0.003 2.00e-02 2.50e+03
        pdb=" CD2 PHE A   2 "   -0.012 2.00e-02 2.50e+03
        pdb=" HD2 PHE A   2 "   -0.005 2.00e-02 2.50e+03
                                 delta    sigma   weight rms_deltas residual
  plane pdb=" C   GLY A   1 "   -0.007 2.00e-02 2.50e+03   1.41e-02 2.00e+00
        pdb=" CA  PHE A   2 "   -0.006 2.00e-02 2.50e+03
        pdb=" N   PHE A   2 "    0.024 2.00e-02 2.50e+03
        pdb=" H   PHE A   2 "   -0.011 2.00e-02 2.50e+03
                                 delta    sigma   weight rms_deltas residual
  plane pdb=" O   ALA A   3 "    0.001 2.00e-02 2.50e+03   1.18e-02 1.74e+00
        pdb=" C   ALA A   3 "    0.010 2.00e-02 2.50e+03
        pdb=" OXT ALA A   3 "    0.016 2.00e-02 2.50e+03
        pdb=" HXT ALA A   3 "   -0.016 2.00e-02 2.50e+03
        pdb=" CA  ALA A   3 "   -0.010 2.00e-02 2.50e+03
  ... (remaining 3 not shown)

  Histogram of nonbonded interaction distances:
        2.03 -     2.60: 33
        2.60 -     3.16: 58
        3.16 -     3.73: 71
        3.73 -     4.30: 86
        4.30 -     4.87: 88
  Nonbonded interactions: 336
  Sorted by model distance:
  nonbonded pdb=" HD2 PHE A   2 "
            pdb=" H   PHE A   2 "
     model   vdw
     2.029 2.100
  nonbonded pdb=" HA2 GLY A   1 "
            pdb=" H1  GLY A   1 "
     model   vdw
     2.129 1.816
  nonbonded pdb=" O   GLY A   1 "
            pdb=" H2  GLY A   1 "
     model   vdw
     2.226 1.970
  nonbonded pdb=" C   GLY A   1 "
            pdb=" H2  GLY A   1 "
     model   vdw
     2.233 2.240
  nonbonded pdb=" HB3 ALA A   3 "
            pdb=" HA  ALA A   3 "
     model   vdw
     2.240 1.952
  ... (remaining 331 not shown)

  NOTE: a complete listing of the restraints can be obtained by requesting
        output of .geo file.

                   ----------xray_structure summary----------                  

Number of scattering types: 4
  Type Number    sf(0)   Gaussians
   O       4      7.97       2
   N       3      6.97       2
   C      14      5.97       2
   H      19      1.00       2
  sf(0) = scattering factor at diffraction angle 0.
Number of scatterers: 40
At special positions: 0
Unit cell: (13.94, 13.832, 11.842, 90, 90, 90)
Space group: P 1 (No. 1)

End of input processing
r_work=0.3905 r_free=0.3698
params.data_weight: None
params.restraints: qm
rmsd(b), start:  0.0835
mc:   0 R: 0.0945 rmsd(b):  0.0476 restraint_scale:  2.0 min_steps: 42
mc:   1 R: 0.0236 rmsd(b):  0.0224 restraint_scale:  2.0 min_steps: 20
mc:   2 R: 0.0067 rmsd(b):  0.0229 restraint_scale:  2.0 min_steps: 33
mc:   3 R: 0.0050 rmsd(b):  0.0231 restraint_scale:  2.0 min_steps: 8
mc:   4 R: 0.0040 rmsd(b):  0.0231 restraint_scale:  2.0 min_steps: 24
Convergence reached, stop now.
see the result structure:  ./p26/04_results/refine_qm/239_GFA02-new/0.6/0.pdb
Time: 198.1343
