phenix.python
you are importing  adaptive calculator, and it does nothing. Please give it energy, force....... 

============================== Collecting inputs ==============================


                   ----------Processing X-ray data----------                   

F-obs:
  /scratch/m_zhen01/30994.lupus.uni-muenster.de/p26/02_mtz/233_GGF03-new.mtz:F-obs
Miller array info: None
Observation type: xray.amplitude
Type of data: double, size=208
Type of sigmas: None
Number of Miller indices: 208
Anomalous flag: False
Unit cell: (13.946, 11.204, 13.358, 90, 90, 90)
Space group: P 1 (No. 1)
Systematic absences: 0
Centric reflections: 0
Resolution range: 3.96694 2.50339
Completeness in resolution range: 1
Completeness with d_max=infinity: 0.742857

Number of F-obs in resolution range:                   208
Number of F-obs<0 (these reflections will be rejected): 0
Number of F-obs=0 (these reflections will be used in refinement): 0
Refinement resolution range: d_max =   3.9669
                             d_min =   2.5034

R-free flags:
  /scratch/m_zhen01/30994.lupus.uni-muenster.de/p26/02_mtz/233_GGF03-new.mtz:R-free-flags
Miller array info: /scratch/m_zhen01/30994.lupus.uni-muenster.de/p26/02_mtz/233_GGF03-new.mtz:R-free-flags
Observation type: None
Type of data: int, size=208
Type of sigmas: None
Number of Miller indices: 208
Anomalous flag: False
Unit cell: (13.946, 11.204, 13.358, 90, 90, 90)
Space group: P 1 (No. 1)
Systematic absences: 0
Centric reflections: 0
Resolution range: 3.96694 2.50339
Completeness in resolution range: 1
Completeness with d_max=infinity: 0.742857
Wavelength: 1.0000

Test (R-free flags) flag value: 1

Number of work/free reflections by resolution:
                                  work free  %free
  bin  1: 3.9669 - 3.6367 [13/13]    9    4  30.8%
  bin  2: 3.6367 - 3.3947 [25/25]   25    0   0.0%
  bin  3: 3.3947 - 3.2064 [21/21]   21    0   0.0%
  bin  4: 3.2064 - 3.0540 [28/28]   20    8  28.6%
  bin  5: 3.0540 - 2.9270 [12/12]   12    0   0.0%
  bin  6: 2.9270 - 2.8187 [18/18]   14    4  22.2%
  bin  7: 2.8187 - 2.7249 [22/22]   18    4  18.2%
  bin  8: 2.7249 - 2.6425 [33/33]   33    0   0.0%
  bin  9: 2.6425 - 2.5692 [14/14]   14    0   0.0%
  bin 10: 2.5692 - 2.5034 [22/22]   22    0   0.0%
                          overall  188   20   9.6%

                   ----------Processing PDB file(s)----------                  

  Monomer Library directory:
    "/tmp1/m_zhen01/phenix-installer-1.10.1-2155-intel-linux-2.6-x86_64-centos5/phenix-1.10.1-2155/modules/chem_data/mon_lib"
  Total number of atoms: 37
  Number of models: 1
  Model: ""
    Number of chains: 1
    Chain: "A"
      Number of atoms: 37
      Number of conformers: 1
      Conformer: ""
        Number of residues, atoms: 3, 37
          Classifications: {'peptide': 3}
          Modifications used: {'NH2NOTPRO': 1, 'COOH': 1}
          Link IDs: {'TRANS': 2}
  Time building chain proxies: 0.07, per 1000 atoms: 1.89
  Number of scatterers: 37
  At special positions: 0
  Unit cell: (13.946, 11.204, 13.358, 90, 90, 90)
  Space group: P 1 (No. 1)
  Number of sites at special positions: 0
  Number of scattering types: 4
    Type Number    sf(0)
     O       4      8.00
     N       3      7.00
     C      13      6.00
     H      17      1.00
    sf(0) = scattering factor at diffraction angle 0.

  Number of disulfides: simple=0, symmetry=0

  Automatic linking
    Parameters for automatic linking
      Linking & cutoffs
        Metal                : False - 3.50
        Amimo acid           : False - 1.90
        Carbohydrate         : True  - 1.99
        Ligands              : True  - 1.99
        Amino acid - RNA/DNA : False
      
  Number of custom bonds: simple=0, symmetry=0
  Time building additional restraints: 0.02
  Conformation dependent library (CDL) restraints added in 2.8 milliseconds
  
  Adding C-beta torsion restraints...
  Number of C-beta restraints generated:  2
  Time building geometry restraints manager: 0.02 seconds

  NOTE: a complete listing of the restraints can be obtained by requesting
        output of .geo file.

  Histogram of bond lengths:
        0.82 -     0.97: 9
        0.97 -     1.12: 8
        1.12 -     1.27: 3
        1.27 -     1.42: 9
        1.42 -     1.57: 8
  Bond restraints: 37
  Sorted by residual:
  bond pdb=" CA  PHE A   3 "
       pdb=" N   PHE A   3 "
    ideal  model  delta    sigma   weight residual
    1.458  1.503 -0.045 1.90e-02 2.77e+03 5.50e+00
  bond pdb=" C   PHE A   3 "
       pdb=" CA  PHE A   3 "
    ideal  model  delta    sigma   weight residual
    1.525  1.572 -0.047 2.10e-02 2.27e+03 4.98e+00
  bond pdb=" CB  PHE A   3 "
       pdb=" CG  PHE A   3 "
    ideal  model  delta    sigma   weight residual
    1.502  1.455  0.047 2.30e-02 1.89e+03 4.12e+00
  bond pdb=" N   PHE A   3 "
       pdb=" H   PHE A   3 "
    ideal  model  delta    sigma   weight residual
    0.860  0.822  0.038 2.00e-02 2.50e+03 3.53e+00
  bond pdb=" CA  PHE A   3 "
       pdb=" CB  PHE A   3 "
    ideal  model  delta    sigma   weight residual
    1.530  1.567 -0.037 2.00e-02 2.50e+03 3.38e+00
  ... (remaining 32 not shown)

  Histogram of bond angle deviations from ideal:
      103.31 -   107.66: 10
      107.66 -   112.02: 13
      112.02 -   116.37: 4
      116.37 -   120.72: 22
      120.72 -   125.07: 11
  Bond angle restraints: 60
  Sorted by residual:
  angle pdb=" C   GLY A   2 "
        pdb=" CA  GLY A   2 "
        pdb=" N   GLY A   2 "
      ideal   model   delta    sigma   weight residual
     114.61  118.40   -3.79 1.49e+00 4.50e-01 6.46e+00
  angle pdb=" CA  PHE A   3 "
        pdb=" N   PHE A   3 "
        pdb=" H   PHE A   3 "
      ideal   model   delta    sigma   weight residual
     114.00  120.54   -6.54 3.00e+00 1.11e-01 4.76e+00
  angle pdb=" C   GLY A   2 "
        pdb=" N   PHE A   3 "
        pdb=" H   PHE A   3 "
      ideal   model   delta    sigma   weight residual
     124.30  117.94    6.36 3.00e+00 1.11e-01 4.50e+00
  angle pdb=" O   GLY A   1 "
        pdb=" C   GLY A   1 "
        pdb=" CA  GLY A   1 "
      ideal   model   delta    sigma   weight residual
     120.80  116.65    4.15 2.10e+00 2.27e-01 3.90e+00
  angle pdb=" C   GLY A   1 "
        pdb=" N   GLY A   2 "
        pdb=" CA  GLY A   2 "
      ideal   model   delta    sigma   weight residual
     120.77  124.54   -3.77 1.94e+00 2.66e-01 3.77e+00
  ... (remaining 55 not shown)

  Histogram of dihedral angle deviations from ideal:
        0.45 -     2.48: 6
        2.48 -     4.51: 2
        4.51 -     6.55: 1
        6.55 -     8.58: 3
        8.58 -    10.61: 1
  Dihedral angle restraints: 13
    sinusoidal: 3
      harmonic: 10
  Sorted by residual:
  dihedral pdb=" CA  GLY A   2 "
           pdb=" C   GLY A   2 "
           pdb=" N   PHE A   3 "
           pdb=" CA  PHE A   3 "
      ideal   model   delta  harmonic     sigma   weight residual
     180.00  169.39   10.61     0      5.00e+00 4.00e-02 4.51e+00
  dihedral pdb=" N   PHE A   3 "
           pdb=" CA  PHE A   3 "
           pdb=" CB  PHE A   3 "
           pdb=" CG  PHE A   3 "
      ideal   model   delta sinusoidal    sigma   weight residual
      60.00   52.98    7.02     3      1.50e+01 4.44e-03 3.17e-01
  dihedral pdb=" CD2 PHE A   3 "
           pdb=" CG  PHE A   3 "
           pdb=" CD1 PHE A   3 "
           pdb=" HD1 PHE A   3 "
      ideal   model   delta  harmonic     sigma   weight residual
     180.00  177.39    2.61     0      5.00e+00 4.00e-02 2.72e-01
  ... (remaining 10 not shown)

  Histogram of chiral volume deviations from ideal:
       0.197 -    0.197: 1
       0.197 -    0.197: 0
       0.197 -    0.197: 0
       0.197 -    0.197: 0
       0.197 -    0.197: 0
  Chirality restraints: 1
  Sorted by residual:
  chirality pdb=" CA  PHE A   3 "
            pdb=" C   PHE A   3 "
            pdb=" N   PHE A   3 "
            pdb=" CB  PHE A   3 "
    both_signs  ideal   model   delta    sigma   weight residual
      False     -2.51   -2.71    0.20 2.00e-01 2.50e+01 9.66e-01

  Planarity restraints: 6
  Sorted by residual:
                                 delta    sigma   weight rms_deltas residual
  plane pdb=" CB  PHE A   3 "    0.010 2.00e-02 2.50e+03   1.52e-02 6.90e+00
        pdb=" CG  PHE A   3 "   -0.004 2.00e-02 2.50e+03
        pdb=" CD2 PHE A   3 "   -0.000 2.00e-02 2.50e+03
        pdb=" HD2 PHE A   3 "    0.005 2.00e-02 2.50e+03
        pdb=" CE2 PHE A   3 "   -0.001 2.00e-02 2.50e+03
        pdb=" HE2 PHE A   3 "   -0.004 2.00e-02 2.50e+03
        pdb=" CZ  PHE A   3 "    0.012 2.00e-02 2.50e+03
        pdb=" HZ  PHE A   3 "   -0.023 2.00e-02 2.50e+03
        pdb=" CE1 PHE A   3 "    0.009 2.00e-02 2.50e+03
        pdb=" HE1 PHE A   3 "    0.025 2.00e-02 2.50e+03
        pdb=" CD1 PHE A   3 "    0.006 2.00e-02 2.50e+03
        pdb=" HD1 PHE A   3 "   -0.034 2.00e-02 2.50e+03
                                 delta    sigma   weight rms_deltas residual
  plane pdb=" O   PHE A   3 "    0.017 2.00e-02 2.50e+03   2.10e-02 5.51e+00
        pdb=" C   PHE A   3 "   -0.038 2.00e-02 2.50e+03
        pdb=" OXT PHE A   3 "    0.020 2.00e-02 2.50e+03
        pdb=" HXT PHE A   3 "   -0.006 2.00e-02 2.50e+03
        pdb=" CA  PHE A   3 "    0.007 2.00e-02 2.50e+03
                                 delta    sigma   weight rms_deltas residual
  plane pdb=" C   GLY A   1 "   -0.029 2.00e-02 2.50e+03   1.69e-02 2.84e+00
        pdb=" O   GLY A   1 "    0.011 2.00e-02 2.50e+03
        pdb=" CA  GLY A   1 "    0.008 2.00e-02 2.50e+03
        pdb=" N   GLY A   2 "    0.010 2.00e-02 2.50e+03
  ... (remaining 3 not shown)

  Histogram of nonbonded interaction distances:
        2.10 -     2.66: 30
        2.66 -     3.22: 55
        3.22 -     3.78: 58
        3.78 -     4.34: 61
        4.34 -     4.90: 72
  Nonbonded interactions: 276
  Sorted by model distance:
  nonbonded pdb=" HA1 GLY A   1 "
            pdb=" H1  GLY A   1 "
     model   vdw
     2.098 1.816
  nonbonded pdb=" HA1 GLY A   2 "
            pdb=" H   GLY A   2 "
     model   vdw
     2.134 1.816
  nonbonded pdb=" HD2 PHE A   3 "
            pdb=" HE2 PHE A   3 "
     model   vdw
     2.220 1.680
  nonbonded pdb=" O   PHE A   3 "
            pdb=" HXT PHE A   3 "
     model   vdw
     2.240 2.056
  nonbonded pdb=" HB1 PHE A   3 "
            pdb=" HD1 PHE A   3 "
     model   vdw
     2.309 2.270
  ... (remaining 271 not shown)

  NOTE: a complete listing of the restraints can be obtained by requesting
        output of .geo file.

                   ----------xray_structure summary----------                  

Number of scattering types: 4
  Type Number    sf(0)   Gaussians
   O       4      7.97       2
   N       3      6.97       2
   C      13      5.97       2
   H      17      1.00       2
  sf(0) = scattering factor at diffraction angle 0.
Number of scatterers: 37
At special positions: 0
Unit cell: (13.946, 11.204, 13.358, 90, 90, 90)
Space group: P 1 (No. 1)

End of input processing
r_work=0.1895 r_free=0.2116
params.data_weight: 0.0
params.restraints: qm
rmsd(b), start:  0.0838
mc:   0 R: 0.1598 rmsd(b):  0.0283 restraint_scale:  1.0 min_steps: 52
mc:   1 R: 0.1772 rmsd(b):  0.0278 restraint_scale:  1.0 min_steps: 53
mc:   2 R: 0.1773 rmsd(b):  0.0279 restraint_scale:  1.0 min_steps: 5
Convergence reached, stop now.
see the result structure:  ./p26/04_results/opt_qm/233_GGF03-new/0.3/9.pdb
Time: 110.2294
