phenix.python
you are importing  adaptive calculator, and it does nothing. Please give it energy, force....... 

============================== Collecting inputs ==============================


                   ----------Processing X-ray data----------                   

F-obs:
  /scratch/m_zhen01/30993.lupus.uni-muenster.de/p26/02_mtz/253_FGG99-new.mtz:F-obs
Miller array info: None
Observation type: xray.amplitude
Type of data: double, size=196
Type of sigmas: None
Number of Miller indices: 196
Anomalous flag: False
Unit cell: (12.778, 14.048, 10.891, 90, 90, 90)
Space group: P 1 (No. 1)
Systematic absences: 0
Centric reflections: 0
Resolution range: 3.97501 2.50305
Completeness in resolution range: 1
Completeness with d_max=infinity: 0.748092

Number of F-obs in resolution range:                   196
Number of F-obs<0 (these reflections will be rejected): 0
Number of F-obs=0 (these reflections will be used in refinement): 0
Refinement resolution range: d_max =   3.9750
                             d_min =   2.5031

R-free flags:
  /scratch/m_zhen01/30993.lupus.uni-muenster.de/p26/02_mtz/253_FGG99-new.mtz:R-free-flags
Miller array info: /scratch/m_zhen01/30993.lupus.uni-muenster.de/p26/02_mtz/253_FGG99-new.mtz:R-free-flags
Observation type: None
Type of data: int, size=196
Type of sigmas: None
Number of Miller indices: 196
Anomalous flag: False
Unit cell: (12.778, 14.048, 10.891, 90, 90, 90)
Space group: P 1 (No. 1)
Systematic absences: 0
Centric reflections: 0
Resolution range: 3.97501 2.50305
Completeness in resolution range: 1
Completeness with d_max=infinity: 0.748092
Wavelength: 1.0000

Test (R-free flags) flag value: 1

Number of work/free reflections by resolution:
                                  work free  %free
  bin  1: 3.9750 - 3.6417 [14/14]   14    0   0.0%
  bin  2: 3.6417 - 3.3979 [24/24]   20    4  16.7%
  bin  3: 3.3979 - 3.2085 [20/20]   18    2  10.0%
  bin  4: 3.2085 - 3.0554 [23/23]   23    0   0.0%
  bin  5: 3.0554 - 2.9278 [18/18]   18    0   0.0%
  bin  6: 2.9278 - 2.8192 [12/12]   12    0   0.0%
  bin  7: 2.8192 - 2.7251 [19/19]   19    0   0.0%
  bin  8: 2.7251 - 2.6425 [25/25]   21    4  16.0%
  bin  9: 2.6425 - 2.5690 [20/20]   16    4  20.0%
  bin 10: 2.5690 - 2.5031 [21/21]   21    0   0.0%
                          overall  182   14   7.1%

                   ----------Processing PDB file(s)----------                  

  Monomer Library directory:
    "/tmp1/m_zhen01/phenix-installer-1.10.1-2155-intel-linux-2.6-x86_64-centos5/phenix-1.10.1-2155/modules/chem_data/mon_lib"
  Total number of atoms: 37
  Number of models: 1
  Model: ""
    Number of chains: 1
    Chain: "A"
      Number of atoms: 37
      Number of conformers: 1
      Conformer: ""
        Number of residues, atoms: 3, 37
          Classifications: {'peptide': 3}
          Modifications used: {'NH2NOTPRO': 1, 'COOH': 1}
          Link IDs: {'TRANS': 2}
  Time building chain proxies: 0.07, per 1000 atoms: 1.89
  Number of scatterers: 37
  At special positions: 0
  Unit cell: (12.778, 14.048, 10.891, 90, 90, 90)
  Space group: P 1 (No. 1)
  Number of sites at special positions: 0
  Number of scattering types: 4
    Type Number    sf(0)
     O       4      8.00
     N       3      7.00
     C      13      6.00
     H      17      1.00
    sf(0) = scattering factor at diffraction angle 0.

  Number of disulfides: simple=0, symmetry=0

  Automatic linking
    Parameters for automatic linking
      Linking & cutoffs
        Metal                : False - 3.50
        Amimo acid           : False - 1.90
        Carbohydrate         : True  - 1.99
        Ligands              : True  - 1.99
        Amino acid - RNA/DNA : False
      
  Number of custom bonds: simple=0, symmetry=0
  Time building additional restraints: 0.02
  Conformation dependent library (CDL) restraints added in 2.5 milliseconds
  
  Adding C-beta torsion restraints...
  Number of C-beta restraints generated:  2
  Time building geometry restraints manager: 0.03 seconds

  NOTE: a complete listing of the restraints can be obtained by requesting
        output of .geo file.

  Histogram of bond lengths:
        0.83 -     0.97: 10
        0.97 -     1.11: 7
        1.11 -     1.24: 3
        1.24 -     1.38: 4
        1.38 -     1.52: 13
  Bond restraints: 37
  Sorted by residual:
  bond pdb=" CA  GLY A   3 "
       pdb=" HA2 GLY A   3 "
    ideal  model  delta    sigma   weight residual
    0.970  1.016 -0.046 2.00e-02 2.50e+03 5.25e+00
  bond pdb=" C   GLY A   3 "
       pdb=" OXT GLY A   3 "
    ideal  model  delta    sigma   weight residual
    1.330  1.374 -0.044 2.00e-02 2.50e+03 4.88e+00
  bond pdb=" C   PHE A   1 "
       pdb=" CA  PHE A   1 "
    ideal  model  delta    sigma   weight residual
    1.525  1.487  0.038 2.10e-02 2.27e+03 3.25e+00
  bond pdb=" CA  GLY A   2 "
       pdb=" HA2 GLY A   2 "
    ideal  model  delta    sigma   weight residual
    0.970  1.005 -0.035 2.00e-02 2.50e+03 3.02e+00
  bond pdb=" CA  GLY A   3 "
       pdb=" N   GLY A   3 "
    ideal  model  delta    sigma   weight residual
    1.451  1.424  0.027 1.60e-02 3.91e+03 2.83e+00
  ... (remaining 32 not shown)

  Histogram of bond angle deviations from ideal:
      104.11 -   108.00: 9
      108.00 -   111.89: 14
      111.89 -   115.78: 4
      115.78 -   119.67: 13
      119.67 -   123.56: 20
  Bond angle restraints: 60
  Sorted by residual:
  angle pdb=" C   GLY A   3 "
        pdb=" CA  GLY A   3 "
        pdb=" HA2 GLY A   3 "
      ideal   model   delta    sigma   weight residual
     109.00  114.86   -5.86 3.00e+00 1.11e-01 3.82e+00
  angle pdb=" CA  GLY A   2 "
        pdb=" C   GLY A   2 "
        pdb=" N   GLY A   3 "
      ideal   model   delta    sigma   weight residual
     117.20  120.09   -2.89 1.63e+00 3.76e-01 3.15e+00
  angle pdb=" C   GLY A   3 "
        pdb=" CA  GLY A   3 "
        pdb=" HA1 GLY A   3 "
      ideal   model   delta    sigma   weight residual
     109.00  104.11    4.89 3.00e+00 1.11e-01 2.65e+00
  angle pdb=" C   PHE A   1 "
        pdb=" N   GLY A   2 "
        pdb=" CA  GLY A   2 "
      ideal   model   delta    sigma   weight residual
     122.97  120.19    2.78 1.84e+00 2.95e-01 2.29e+00
  angle pdb=" O   GLY A   2 "
        pdb=" C   GLY A   2 "
        pdb=" CA  GLY A   2 "
      ideal   model   delta    sigma   weight residual
     120.25  118.17    2.08 1.43e+00 4.89e-01 2.12e+00
  ... (remaining 55 not shown)

  Histogram of dihedral angle deviations from ideal:
        0.04 -     6.49: 11
        6.49 -    12.95: 0
       12.95 -    19.40: 1
       19.40 -    25.86: 0
       25.86 -    32.31: 1
  Dihedral angle restraints: 13
    sinusoidal: 3
      harmonic: 10
  Sorted by residual:
  dihedral pdb=" OXT GLY A   3 "
           pdb=" C   GLY A   3 "
           pdb=" CA  GLY A   3 "
           pdb=" N   GLY A   3 "
      ideal   model   delta sinusoidal    sigma   weight residual
     160.00 -167.69  -32.31     2      3.00e+01 1.11e-03 1.52e+00
  dihedral pdb=" CA  GLY A   2 "
           pdb=" C   GLY A   2 "
           pdb=" N   GLY A   3 "
           pdb=" CA  GLY A   3 "
      ideal   model   delta  harmonic     sigma   weight residual
    -180.00 -174.64   -5.36     0      5.00e+00 4.00e-02 1.15e+00
  dihedral pdb=" CA  PHE A   1 "
           pdb=" C   PHE A   1 "
           pdb=" N   GLY A   2 "
           pdb=" CA  GLY A   2 "
      ideal   model   delta  harmonic     sigma   weight residual
     180.00  175.65    4.35     0      5.00e+00 4.00e-02 7.56e-01
  ... (remaining 10 not shown)

  Histogram of chiral volume deviations from ideal:
       0.137 -    0.137: 1
       0.137 -    0.137: 0
       0.137 -    0.137: 0
       0.137 -    0.137: 0
       0.137 -    0.137: 0
  Chirality restraints: 1
  Sorted by residual:
  chirality pdb=" CA  PHE A   1 "
            pdb=" C   PHE A   1 "
            pdb=" N   PHE A   1 "
            pdb=" CB  PHE A   1 "
    both_signs  ideal   model   delta    sigma   weight residual
      False     -2.51   -2.37   -0.14 2.00e-01 2.50e+01 4.69e-01

  Planarity restraints: 6
  Sorted by residual:
                                 delta    sigma   weight rms_deltas residual
  plane pdb=" O   GLY A   3 "    0.010 2.00e-02 2.50e+03   1.71e-02 3.67e+00
        pdb=" C   GLY A   3 "   -0.033 2.00e-02 2.50e+03
        pdb=" OXT GLY A   3 "    0.002 2.00e-02 2.50e+03
        pdb=" HXT GLY A   3 "    0.008 2.00e-02 2.50e+03
        pdb=" CA  GLY A   3 "    0.013 2.00e-02 2.50e+03
                                 delta    sigma   weight rms_deltas residual
  plane pdb=" CB  PHE A   1 "   -0.004 2.00e-02 2.50e+03   9.83e-03 2.90e+00
        pdb=" CG  PHE A   1 "    0.007 2.00e-02 2.50e+03
        pdb=" CD1 PHE A   1 "   -0.007 2.00e-02 2.50e+03
        pdb=" HD1 PHE A   1 "    0.000 2.00e-02 2.50e+03
        pdb=" CE1 PHE A   1 "   -0.006 2.00e-02 2.50e+03
        pdb=" HE1 PHE A   1 "    0.017 2.00e-02 2.50e+03
        pdb=" CZ  PHE A   1 "   -0.005 2.00e-02 2.50e+03
        pdb=" HZ  PHE A   1 "   -0.013 2.00e-02 2.50e+03
        pdb=" CE2 PHE A   1 "   -0.005 2.00e-02 2.50e+03
        pdb=" HE2 PHE A   1 "    0.014 2.00e-02 2.50e+03
        pdb=" CD2 PHE A   1 "    0.013 2.00e-02 2.50e+03
        pdb=" HD2 PHE A   1 "   -0.011 2.00e-02 2.50e+03
                                 delta    sigma   weight rms_deltas residual
  plane pdb=" C   PHE A   1 "    0.005 2.00e-02 2.50e+03   9.10e-03 8.29e-01
        pdb=" CA  GLY A   2 "    0.004 2.00e-02 2.50e+03
        pdb=" N   GLY A   2 "   -0.016 2.00e-02 2.50e+03
        pdb=" H   GLY A   2 "    0.007 2.00e-02 2.50e+03
  ... (remaining 3 not shown)

  Histogram of nonbonded interaction distances:
        2.06 -     2.63: 32
        2.63 -     3.19: 47
        3.19 -     3.76: 64
        3.76 -     4.33: 64
        4.33 -     4.89: 97
  Nonbonded interactions: 304
  Sorted by model distance:
  nonbonded pdb=" H1  PHE A   1 "
            pdb=" H   GLY A   2 "
     model   vdw
     2.062 2.100
  nonbonded pdb=" H1  PHE A   1 "
            pdb=" HA  PHE A   1 "
     model   vdw
     2.138 1.816
  nonbonded pdb=" H2  PHE A   1 "
            pdb=" HD1 PHE A   1 "
     model   vdw
     2.269 2.100
  nonbonded pdb=" HA1 GLY A   2 "
            pdb=" H   GLY A   2 "
     model   vdw
     2.282 1.816
  nonbonded pdb=" HD1 PHE A   1 "
            pdb=" HE1 PHE A   1 "
     model   vdw
     2.289 1.680
  ... (remaining 299 not shown)

  NOTE: a complete listing of the restraints can be obtained by requesting
        output of .geo file.

                   ----------xray_structure summary----------                  

Number of scattering types: 4
  Type Number    sf(0)   Gaussians
   O       4      7.97       2
   N       3      6.97       2
   C      13      5.97       2
   H      17      1.00       2
  sf(0) = scattering factor at diffraction angle 0.
Number of scatterers: 37
At special positions: 0
Unit cell: (12.778, 14.048, 10.891, 90, 90, 90)
Space group: P 1 (No. 1)

End of input processing
r_work=0.3634 r_free=0.2806
params.data_weight: 0.0
params.restraints: cctbx
rmsd(b), start:  0.0867
mc:   0 R: 0.3604 rmsd(b):  0.0009 restraint_scale:  1.0 min_steps: 56
mc:   1 R: 0.3330 rmsd(b):  0.0007 restraint_scale:  1.0 min_steps: 54
mc:   2 R: 0.3344 rmsd(b):  0.0008 restraint_scale:  1.0 min_steps: 55
mc:   3 R: 0.3385 rmsd(b):  0.0006 restraint_scale:  1.0 min_steps: 55
mc:   4 R: 0.3409 rmsd(b):  0.0006 restraint_scale:  1.0 min_steps: 54
mc:   5 R: 0.3453 rmsd(b):  0.0006 restraint_scale:  1.0 min_steps: 55
mc:   6 R: 0.3490 rmsd(b):  0.0006 restraint_scale:  1.0 min_steps: 53
mc:   7 R: 0.3535 rmsd(b):  0.0005 restraint_scale:  1.0 min_steps: 53
mc:   8 R: 0.3551 rmsd(b):  0.0005 restraint_scale:  1.0 min_steps: 53
mc:   9 R: 0.3570 rmsd(b):  0.0006 restraint_scale:  1.0 min_steps: 55
mc:  10 R: 0.3582 rmsd(b):  0.0005 restraint_scale:  1.0 min_steps: 52
mc:  11 R: 0.3602 rmsd(b):  0.0005 restraint_scale:  1.0 min_steps: 56
mc:  12 R: 0.3610 rmsd(b):  0.0005 restraint_scale:  1.0 min_steps: 52
Convergence reached, stop now.
see the result structure:  ./p26/04_results/opt_cctbx/253_FGG99-new/0.6/1.pdb
Time: 7.2655
