phenix.python
you are importing  adaptive calculator, and it does nothing. Please give it energy, force....... 

============================== Collecting inputs ==============================


                   ----------Processing X-ray data----------                   

F-obs:
  /scratch/m_zhen01/31011.lupus.uni-muenster.de/p26/02_mtz/219_WGG10-new.mtz:F-obs
Miller array info: None
Observation type: xray.amplitude
Type of data: double, size=215
Type of sigmas: None
Number of Miller indices: 215
Anomalous flag: False
Unit cell: (15.338, 10.259, 14.201, 90, 90, 90)
Space group: P 1 (No. 1)
Systematic absences: 0
Centric reflections: 0
Resolution range: 3.84637 2.51193
Completeness in resolution range: 1
Completeness with d_max=infinity: 0.728814

Number of F-obs in resolution range:                   215
Number of F-obs<0 (these reflections will be rejected): 0
Number of F-obs=0 (these reflections will be used in refinement): 0
Refinement resolution range: d_max =   3.8464
                             d_min =   2.5119

R-free flags:
  /scratch/m_zhen01/31011.lupus.uni-muenster.de/p26/02_mtz/219_WGG10-new.mtz:R-free-flags
Miller array info: /scratch/m_zhen01/31011.lupus.uni-muenster.de/p26/02_mtz/219_WGG10-new.mtz:R-free-flags
Observation type: None
Type of data: int, size=215
Type of sigmas: None
Number of Miller indices: 215
Anomalous flag: False
Unit cell: (15.338, 10.259, 14.201, 90, 90, 90)
Space group: P 1 (No. 1)
Systematic absences: 0
Centric reflections: 0
Resolution range: 3.84637 2.51193
Completeness in resolution range: 1
Completeness with d_max=infinity: 0.728814
Wavelength: 1.0000

Test (R-free flags) flag value: 1

Number of work/free reflections by resolution:
                                  work free  %free
  bin  1: 3.8464 - 3.5621 [19/19]   17    2  10.5%
  bin  2: 3.5621 - 3.3467 [24/24]   22    2   8.3%
  bin  3: 3.3467 - 3.1755 [26/26]   26    0   0.0%
  bin  4: 3.1755 - 3.0347 [19/19]   19    0   0.0%
  bin  5: 3.0347 - 2.9160 [18/18]   16    2  11.1%
  bin  6: 2.9160 - 2.8139 [29/29]   29    0   0.0%
  bin  7: 2.8139 - 2.7247 [22/22]   20    2   9.1%
  bin  8: 2.7247 - 2.6459 [10/10]   10    0   0.0%
  bin  9: 2.6459 - 2.5754 [24/24]   24    0   0.0%
  bin 10: 2.5754 - 2.5119 [24/24]   20    4  16.7%
                          overall  203   12   5.6%

                   ----------Processing PDB file(s)----------                  

  Monomer Library directory:
    "/tmp1/m_zhen01/phenix-installer-1.10.1-2155-intel-linux-2.6-x86_64-centos5/phenix-1.10.1-2155/modules/chem_data/mon_lib"
  Total number of atoms: 41
  Number of models: 1
  Model: ""
    Number of chains: 1
    Chain: "A"
      Number of atoms: 41
      Number of conformers: 1
      Conformer: ""
        Number of residues, atoms: 3, 41
          Classifications: {'peptide': 3}
          Modifications used: {'NH2NOTPRO': 1, 'COOH': 1}
          Link IDs: {'TRANS': 2}
  Time building chain proxies: 0.07, per 1000 atoms: 1.71
  Number of scatterers: 41
  At special positions: 0
  Unit cell: (15.338, 10.259, 14.201, 90, 90, 90)
  Space group: P 1 (No. 1)
  Number of sites at special positions: 0
  Number of scattering types: 4
    Type Number    sf(0)
     O       4      8.00
     N       4      7.00
     C      15      6.00
     H      18      1.00
    sf(0) = scattering factor at diffraction angle 0.

  Number of disulfides: simple=0, symmetry=0

  Automatic linking
    Parameters for automatic linking
      Linking & cutoffs
        Metal                : False - 3.50
        Amimo acid           : False - 1.90
        Carbohydrate         : True  - 1.99
        Ligands              : True  - 1.99
        Amino acid - RNA/DNA : False
      
  Number of custom bonds: simple=0, symmetry=0
  Time building additional restraints: 0.03
  Conformation dependent library (CDL) restraints added in 2.5 milliseconds
  
  Adding C-beta torsion restraints...
  Number of C-beta restraints generated:  2
  Time building geometry restraints manager: 0.03 seconds

  NOTE: a complete listing of the restraints can be obtained by requesting
        output of .geo file.

  Histogram of bond lengths:
        0.82 -     0.96: 12
        0.96 -     1.10: 6
        1.10 -     1.24: 3
        1.24 -     1.38: 5
        1.38 -     1.52: 16
  Bond restraints: 42
  Sorted by residual:
  bond pdb=" N   TRP A   1 "
       pdb=" H2  TRP A   1 "
    ideal  model  delta    sigma   weight residual
    0.960  0.906  0.054 2.00e-02 2.50e+03 7.39e+00
  bond pdb=" N   TRP A   1 "
       pdb=" H1  TRP A   1 "
    ideal  model  delta    sigma   weight residual
    0.960  0.918  0.042 2.00e-02 2.50e+03 4.48e+00
  bond pdb=" CZ2 TRP A   1 "
       pdb=" HZ2 TRP A   1 "
    ideal  model  delta    sigma   weight residual
    0.930  0.892  0.038 2.00e-02 2.50e+03 3.60e+00
  bond pdb=" CA  GLY A   2 "
       pdb=" N   GLY A   2 "
    ideal  model  delta    sigma   weight residual
    1.449  1.422  0.027 1.45e-02 4.76e+03 3.59e+00
  bond pdb=" NE1 TRP A   1 "
       pdb=" HE1 TRP A   1 "
    ideal  model  delta    sigma   weight residual
    0.860  0.825  0.035 2.00e-02 2.50e+03 3.07e+00
  ... (remaining 37 not shown)

  Histogram of bond angle deviations from ideal:
      102.38 -   108.43: 16
      108.43 -   114.48: 18
      114.48 -   120.53: 14
      120.53 -   126.58: 17
      126.58 -   132.63: 4
  Bond angle restraints: 69
  Sorted by residual:
  angle pdb=" HA1 GLY A   2 "
        pdb=" CA  GLY A   2 "
        pdb=" HA2 GLY A   2 "
      ideal   model   delta    sigma   weight residual
     109.00  102.38    6.62 3.00e+00 1.11e-01 4.87e+00
  angle pdb=" C   GLY A   2 "
        pdb=" CA  GLY A   2 "
        pdb=" N   GLY A   2 "
      ideal   model   delta    sigma   weight residual
     113.18  117.69   -4.51 2.37e+00 1.78e-01 3.62e+00
  angle pdb=" CA  TRP A   1 "
        pdb=" CB  TRP A   1 "
        pdb=" HB2 TRP A   1 "
      ideal   model   delta    sigma   weight residual
     109.00  114.18   -5.18 3.00e+00 1.11e-01 2.98e+00
  angle pdb=" CZ2 TRP A   1 "
        pdb=" CE2 TRP A   1 "
        pdb=" CD2 TRP A   1 "
      ideal   model   delta    sigma   weight residual
     122.40  124.12   -1.72 1.00e+00 1.00e+00 2.97e+00
  angle pdb=" O   TRP A   1 "
        pdb=" C   TRP A   1 "
        pdb=" CA  TRP A   1 "
      ideal   model   delta    sigma   weight residual
     120.80  123.60   -2.80 1.70e+00 3.46e-01 2.71e+00
  ... (remaining 64 not shown)

  Histogram of dihedral angle deviations from ideal:
        0.04 -    35.15: 12
       35.15 -    70.27: 1
       70.27 -   105.38: 0
      105.38 -   140.49: 0
      140.49 -   175.60: 1
  Dihedral angle restraints: 14
    sinusoidal: 3
      harmonic: 11
  Sorted by residual:
  dihedral pdb=" O   GLY A   3 "
           pdb=" C   GLY A   3 "
           pdb=" OXT GLY A   3 "
           pdb=" HXT GLY A   3 "
      ideal   model   delta  harmonic     sigma   weight residual
       0.00 -175.60  175.60     0      3.00e+01 1.11e-03 3.43e+01
  dihedral pdb=" OXT GLY A   3 "
           pdb=" C   GLY A   3 "
           pdb=" CA  GLY A   3 "
           pdb=" N   GLY A   3 "
      ideal   model   delta sinusoidal    sigma   weight residual
     160.00   96.34   63.66     2      3.00e+01 1.11e-03 4.28e+00
  dihedral pdb=" CB  TRP A   1 "
           pdb=" CG  TRP A   1 "
           pdb=" CD1 TRP A   1 "
           pdb=" HD1 TRP A   1 "
      ideal   model   delta  harmonic     sigma   weight residual
       0.00   -6.74    6.74     0      5.00e+00 4.00e-02 1.82e+00
  ... (remaining 11 not shown)

  Histogram of chiral volume deviations from ideal:
       0.048 -    0.048: 1
       0.048 -    0.048: 0
       0.048 -    0.048: 0
       0.048 -    0.048: 0
       0.048 -    0.048: 0
  Chirality restraints: 1
  Sorted by residual:
  chirality pdb=" CA  TRP A   1 "
            pdb=" C   TRP A   1 "
            pdb=" N   TRP A   1 "
            pdb=" CB  TRP A   1 "
    both_signs  ideal   model   delta    sigma   weight residual
      False     -2.51   -2.46   -0.05 2.00e-01 2.50e+01 5.69e-02

  Planarity restraints: 6
  Sorted by residual:
                                 delta    sigma   weight rms_deltas residual
  plane pdb=" CB  TRP A   1 "    0.015 2.00e-02 2.50e+03   2.14e-02 1.83e+01
        pdb=" CG  TRP A   1 "   -0.022 2.00e-02 2.50e+03
        pdb=" CD1 TRP A   1 "    0.017 2.00e-02 2.50e+03
        pdb=" HD1 TRP A   1 "   -0.015 2.00e-02 2.50e+03
        pdb=" NE1 TRP A   1 "   -0.011 2.00e-02 2.50e+03
        pdb=" HE1 TRP A   1 "   -0.020 2.00e-02 2.50e+03
        pdb=" CE2 TRP A   1 "    0.006 2.00e-02 2.50e+03
        pdb=" CZ2 TRP A   1 "   -0.003 2.00e-02 2.50e+03
        pdb=" HZ2 TRP A   1 "    0.031 2.00e-02 2.50e+03
        pdb=" CH2 TRP A   1 "    0.027 2.00e-02 2.50e+03
        pdb=" HH2 TRP A   1 "   -0.011 2.00e-02 2.50e+03
        pdb=" CZ3 TRP A   1 "    0.005 2.00e-02 2.50e+03
        pdb=" HZ3 TRP A   1 "   -0.053 2.00e-02 2.50e+03
        pdb=" CE3 TRP A   1 "   -0.002 2.00e-02 2.50e+03
        pdb=" HE3 TRP A   1 "    0.029 2.00e-02 2.50e+03
        pdb=" CD2 TRP A   1 "    0.006 2.00e-02 2.50e+03
                                 delta    sigma   weight rms_deltas residual
  plane pdb=" O   GLY A   3 "    0.018 2.00e-02 2.50e+03   1.67e-02 3.50e+00
        pdb=" C   GLY A   3 "   -0.027 2.00e-02 2.50e+03
        pdb=" OXT GLY A   3 "   -0.010 2.00e-02 2.50e+03
        pdb=" HXT GLY A   3 "    0.016 2.00e-02 2.50e+03
        pdb=" CA  GLY A   3 "    0.002 2.00e-02 2.50e+03
                                 delta    sigma   weight rms_deltas residual
  plane pdb=" C   TRP A   1 "    0.009 2.00e-02 2.50e+03   1.74e-02 3.01e+00
        pdb=" CA  GLY A   2 "    0.008 2.00e-02 2.50e+03
        pdb=" N   GLY A   2 "   -0.030 2.00e-02 2.50e+03
        pdb=" H   GLY A   2 "    0.013 2.00e-02 2.50e+03
  ... (remaining 3 not shown)

  Histogram of nonbonded interaction distances:
        2.07 -     2.64: 30
        2.64 -     3.20: 72
        3.20 -     3.77: 75
        3.77 -     4.33: 61
        4.33 -     4.90: 87
  Nonbonded interactions: 325
  Sorted by model distance:
  nonbonded pdb=" HA  TRP A   1 "
            pdb=" H2  TRP A   1 "
     model   vdw
     2.073 1.816
  nonbonded pdb=" HXT GLY A   3 "
            pdb=" HA1 GLY A   3 "
     model   vdw
     2.098 2.270
  nonbonded pdb=" HA2 GLY A   3 "
            pdb=" H   GLY A   3 "
     model   vdw
     2.107 1.816
  nonbonded pdb=" HB1 TRP A   1 "
            pdb=" H   GLY A   2 "
     model   vdw
     2.135 2.270
  nonbonded pdb=" HA1 GLY A   2 "
            pdb=" H   GLY A   2 "
     model   vdw
     2.153 1.816
  ... (remaining 320 not shown)

  NOTE: a complete listing of the restraints can be obtained by requesting
        output of .geo file.

                   ----------xray_structure summary----------                  

Number of scattering types: 4
  Type Number    sf(0)   Gaussians
   O       4      7.97       2
   N       4      6.97       2
   C      15      5.97       2
   H      18      1.00       2
  sf(0) = scattering factor at diffraction angle 0.
Number of scatterers: 41
At special positions: 0
Unit cell: (15.338, 10.259, 14.201, 90, 90, 90)
Space group: P 1 (No. 1)

End of input processing
r_work=0.4111 r_free=0.3524
params.data_weight: None
params.restraints: qm
rmsd(b), start:  0.0849
mc:   0 R: 0.1195 rmsd(b):  0.0877 restraint_scale:  2.0 min_steps: 25
mc:   1 R: 0.0326 rmsd(b):  0.0212 restraint_scale:  2.0 min_steps: 31
mc:   2 R: 0.0086 rmsd(b):  0.0186 restraint_scale:  2.0 min_steps: 22
mc:   3 R: 0.0055 rmsd(b):  0.0186 restraint_scale:  2.0 min_steps: 11
mc:   4 R: 0.0046 rmsd(b):  0.0179 restraint_scale:  2.0 min_steps: 8
Convergence reached, stop now.
see the result structure:  ./p26/04_results/refine_qm/219_WGG10-new/0.6/9.pdb
Time: 176.3544
