phenix.python
you are importing  adaptive calculator, and it does nothing. Please give it energy, force....... 

============================== Collecting inputs ==============================


                   ----------Processing X-ray data----------                   

F-obs:
  /scratch/m_zhen01/30995.lupus.uni-muenster.de/p26/02_mtz/243_GFA13-new.mtz:F-obs
Miller array info: None
Observation type: xray.amplitude
Type of data: double, size=224
Type of sigmas: None
Number of Miller indices: 224
Anomalous flag: False
Unit cell: (12.507, 10.299, 17.393, 90, 90, 90)
Space group: P 1 (No. 1)
Systematic absences: 0
Centric reflections: 0
Resolution range: 3.97519 2.5014
Completeness in resolution range: 1
Completeness with d_max=infinity: 0.759322

Number of F-obs in resolution range:                   224
Number of F-obs<0 (these reflections will be rejected): 0
Number of F-obs=0 (these reflections will be used in refinement): 0
Refinement resolution range: d_max =   3.9752
                             d_min =   2.5014

R-free flags:
  /scratch/m_zhen01/30995.lupus.uni-muenster.de/p26/02_mtz/243_GFA13-new.mtz:R-free-flags
Miller array info: /scratch/m_zhen01/30995.lupus.uni-muenster.de/p26/02_mtz/243_GFA13-new.mtz:R-free-flags
Observation type: None
Type of data: int, size=224
Type of sigmas: None
Number of Miller indices: 224
Anomalous flag: False
Unit cell: (12.507, 10.299, 17.393, 90, 90, 90)
Space group: P 1 (No. 1)
Systematic absences: 0
Centric reflections: 0
Resolution range: 3.97519 2.5014
Completeness in resolution range: 1
Completeness with d_max=infinity: 0.759322
Wavelength: 1.0000

Test (R-free flags) flag value: 1

Number of work/free reflections by resolution:
                                  work free  %free
  bin  1: 3.9752 - 3.6411 [28/28]   28    0   0.0%
  bin  2: 3.6411 - 3.3968 [12/12]   11    1   8.3%
  bin  3: 3.3968 - 3.2072 [34/34]   34    0   0.0%
  bin  4: 3.2072 - 3.0540 [17/17]   15    2  11.8%
  bin  5: 3.0540 - 2.9263 [28/28]   28    0   0.0%
  bin  6: 2.9263 - 2.8176 [29/29]   27    2   6.9%
  bin  7: 2.8176 - 2.7235 [ 8/8 ]    8    0   0.0%
  bin  8: 2.7235 - 2.6408 [24/24]   24    0   0.0%
  bin  9: 2.6408 - 2.5673 [23/23]   23    0   0.0%
  bin 10: 2.5673 - 2.5014 [21/21]   17    4  19.0%
                          overall  215    9   4.0%

                   ----------Processing PDB file(s)----------                  

  Monomer Library directory:
    "/tmp1/m_zhen01/phenix-installer-1.10.1-2155-intel-linux-2.6-x86_64-centos5/phenix-1.10.1-2155/modules/chem_data/mon_lib"
  Total number of atoms: 40
  Number of models: 1
  Model: ""
    Number of chains: 1
    Chain: "A"
      Number of atoms: 40
      Number of conformers: 1
      Conformer: ""
        Number of residues, atoms: 3, 40
          Classifications: {'peptide': 3}
          Modifications used: {'NH2NOTPRO': 1, 'COOH': 1}
          Link IDs: {'TRANS': 2}
  Time building chain proxies: 0.09, per 1000 atoms: 2.25
  Number of scatterers: 40
  At special positions: 0
  Unit cell: (12.507, 10.299, 17.393, 90, 90, 90)
  Space group: P 1 (No. 1)
  Number of sites at special positions: 0
  Number of scattering types: 4
    Type Number    sf(0)
     O       4      8.00
     N       3      7.00
     C      14      6.00
     H      19      1.00
    sf(0) = scattering factor at diffraction angle 0.

  Number of disulfides: simple=0, symmetry=0

  Automatic linking
    Parameters for automatic linking
      Linking & cutoffs
        Metal                : False - 3.50
        Amimo acid           : False - 1.90
        Carbohydrate         : True  - 1.99
        Ligands              : True  - 1.99
        Amino acid - RNA/DNA : False
      
  Number of custom bonds: simple=0, symmetry=0
  Time building additional restraints: 0.03
  Conformation dependent library (CDL) restraints added in 3.4 milliseconds
  
  Adding C-beta torsion restraints...
  Number of C-beta restraints generated:  4
  Time building geometry restraints manager: 0.03 seconds

  NOTE: a complete listing of the restraints can be obtained by requesting
        output of .geo file.

  Histogram of bond lengths:
        0.83 -     0.98: 17
        0.98 -     1.12: 2
        1.12 -     1.27: 3
        1.27 -     1.41: 8
        1.41 -     1.55: 10
  Bond restraints: 40
  Sorted by residual:
  bond pdb=" CA  GLY A   1 "
       pdb=" HA1 GLY A   1 "
    ideal  model  delta    sigma   weight residual
    0.970  1.010 -0.040 2.00e-02 2.50e+03 3.93e+00
  bond pdb=" CE2 PHE A   2 "
       pdb=" CZ  PHE A   2 "
    ideal  model  delta    sigma   weight residual
    1.382  1.430 -0.048 3.00e-02 1.11e+03 2.59e+00
  bond pdb=" CA  GLY A   1 "
       pdb=" HA2 GLY A   1 "
    ideal  model  delta    sigma   weight residual
    0.970  1.001 -0.031 2.00e-02 2.50e+03 2.38e+00
  bond pdb=" CB  PHE A   2 "
       pdb=" CA  PHE A   2 "
    ideal  model  delta    sigma   weight residual
    1.530  1.554 -0.024 1.69e-02 3.50e+03 1.98e+00
  bond pdb=" CA  ALA A   3 "
       pdb=" CB  ALA A   3 "
    ideal  model  delta    sigma   weight residual
    1.521  1.475  0.046 3.30e-02 9.18e+02 1.92e+00
  ... (remaining 35 not shown)

  Histogram of bond angle deviations from ideal:
      101.82 -   106.51: 5
      106.51 -   111.20: 18
      111.20 -   115.89: 14
      115.89 -   120.58: 12
      120.58 -   125.27: 17
  Bond angle restraints: 66
  Sorted by residual:
  angle pdb=" C   PHE A   2 "
        pdb=" CA  PHE A   2 "
        pdb=" HA  PHE A   2 "
      ideal   model   delta    sigma   weight residual
     109.00  101.82    7.18 3.00e+00 1.11e-01 5.73e+00
  angle pdb=" OXT ALA A   3 "
        pdb=" C   ALA A   3 "
        pdb=" CA  ALA A   3 "
      ideal   model   delta    sigma   weight residual
     118.60  112.36    6.24 3.00e+00 1.11e-01 4.32e+00
  angle pdb=" C   ALA A   3 "
        pdb=" CA  ALA A   3 "
        pdb=" CB  ALA A   3 "
      ideal   model   delta    sigma   weight residual
     110.50  107.54    2.96 1.50e+00 4.44e-01 3.89e+00
  angle pdb=" C   PHE A   2 "
        pdb=" CA  PHE A   2 "
        pdb=" N   PHE A   2 "
      ideal   model   delta    sigma   weight residual
     110.80  114.76   -3.96 2.13e+00 2.20e-01 3.46e+00
  angle pdb=" O   ALA A   3 "
        pdb=" C   ALA A   3 "
        pdb=" CA  ALA A   3 "
      ideal   model   delta    sigma   weight residual
     118.60  124.09   -5.49 3.00e+00 1.11e-01 3.35e+00
  ... (remaining 61 not shown)

  Histogram of dihedral angle deviations from ideal:
        0.09 -     3.60: 12
        3.60 -     7.11: 0
        7.11 -    10.62: 1
       10.62 -    14.13: 2
       14.13 -    17.65: 1
  Dihedral angle restraints: 16
    sinusoidal: 4
      harmonic: 12
  Sorted by residual:
  dihedral pdb=" CA  PHE A   2 "
           pdb=" C   PHE A   2 "
           pdb=" N   ALA A   3 "
           pdb=" CA  ALA A   3 "
      ideal   model   delta  harmonic     sigma   weight residual
    -180.00 -171.55   -8.45     0      5.00e+00 4.00e-02 2.86e+00
  dihedral pdb=" C   ALA A   3 "
           pdb=" N   ALA A   3 "
           pdb=" CA  ALA A   3 "
           pdb=" CB  ALA A   3 "
      ideal   model   delta  harmonic     sigma   weight residual
    -122.60 -119.73   -2.87     0      2.50e+00 1.60e-01 1.32e+00
  dihedral pdb=" N   PHE A   2 "
           pdb=" C   PHE A   2 "
           pdb=" CA  PHE A   2 "
           pdb=" CB  PHE A   2 "
      ideal   model   delta  harmonic     sigma   weight residual
     122.80  125.58   -2.78     0      2.50e+00 1.60e-01 1.23e+00
  ... (remaining 13 not shown)

  Histogram of chiral volume deviations from ideal:
       0.006 -    0.022: 1
       0.022 -    0.039: 0
       0.039 -    0.055: 0
       0.055 -    0.072: 0
       0.072 -    0.088: 1
  Chirality restraints: 2
  Sorted by residual:
  chirality pdb=" CA  PHE A   2 "
            pdb=" CB  PHE A   2 "
            pdb=" C   PHE A   2 "
            pdb=" N   PHE A   2 "
    both_signs  ideal   model   delta    sigma   weight residual
      False     -2.51   -2.42   -0.09 2.00e-01 2.50e+01 1.95e-01
  chirality pdb=" CA  ALA A   3 "
            pdb=" C   ALA A   3 "
            pdb=" CB  ALA A   3 "
            pdb=" N   ALA A   3 "
    both_signs  ideal   model   delta    sigma   weight residual
      False      2.48    2.48    0.01 2.00e-01 2.50e+01 8.63e-04

  Planarity restraints: 6
  Sorted by residual:
                                 delta    sigma   weight rms_deltas residual
  plane pdb=" C   GLY A   1 "    0.009 2.00e-02 2.50e+03   1.78e-02 3.17e+00
        pdb=" CA  PHE A   2 "    0.007 2.00e-02 2.50e+03
        pdb=" N   PHE A   2 "   -0.031 2.00e-02 2.50e+03
        pdb=" H   PHE A   2 "    0.014 2.00e-02 2.50e+03
                                 delta    sigma   weight rms_deltas residual
  plane pdb=" O   ALA A   3 "    0.008 2.00e-02 2.50e+03   9.60e-03 1.15e+00
        pdb=" C   ALA A   3 "   -0.017 2.00e-02 2.50e+03
        pdb=" OXT ALA A   3 "    0.010 2.00e-02 2.50e+03
        pdb=" HXT ALA A   3 "   -0.004 2.00e-02 2.50e+03
        pdb=" CA  ALA A   3 "    0.003 2.00e-02 2.50e+03
                                 delta    sigma   weight rms_deltas residual
  plane pdb=" C   GLY A   1 "   -0.016 2.00e-02 2.50e+03   9.34e-03 8.72e-01
        pdb=" O   GLY A   1 "    0.006 2.00e-02 2.50e+03
        pdb=" CA  GLY A   1 "    0.005 2.00e-02 2.50e+03
        pdb=" N   PHE A   2 "    0.005 2.00e-02 2.50e+03
  ... (remaining 3 not shown)

  Histogram of nonbonded interaction distances:
        1.91 -     2.51: 26
        2.51 -     3.10: 56
        3.10 -     3.70: 64
        3.70 -     4.30: 65
        4.30 -     4.89: 88
  Nonbonded interactions: 299
  Sorted by model distance:
  nonbonded pdb=" HB1 PHE A   2 "
            pdb=" H   ALA A   3 "
     model   vdw
     1.912 2.270
  nonbonded pdb=" HA  PHE A   2 "
            pdb=" H   PHE A   2 "
     model   vdw
     2.095 1.816
  nonbonded pdb=" HB1 ALA A   3 "
            pdb=" HA  ALA A   3 "
     model   vdw
     2.171 1.952
  nonbonded pdb=" HB1 PHE A   2 "
            pdb=" HD1 PHE A   2 "
     model   vdw
     2.205 2.270
  nonbonded pdb=" O   GLY A   1 "
            pdb=" HB1 PHE A   2 "
     model   vdw
     2.272 2.740
  ... (remaining 294 not shown)

  NOTE: a complete listing of the restraints can be obtained by requesting
        output of .geo file.

                   ----------xray_structure summary----------                  

Number of scattering types: 4
  Type Number    sf(0)   Gaussians
   O       4      7.97       2
   N       3      6.97       2
   C      14      5.97       2
   H      19      1.00       2
  sf(0) = scattering factor at diffraction angle 0.
Number of scatterers: 40
At special positions: 0
Unit cell: (12.507, 10.299, 17.393, 90, 90, 90)
Space group: P 1 (No. 1)

End of input processing
r_work=0.4253 r_free=0.4314
params.data_weight: None
params.restraints: cctbx
rmsd(b), start:  0.0896
mc:   0 R: 0.1367 rmsd(b):  0.0910 restraint_scale:  2.0 min_steps: 52
mc:   1 R: 0.0233 rmsd(b):  0.0150 restraint_scale:  2.0 min_steps: 34
mc:   2 R: 0.0057 rmsd(b):  0.0122 restraint_scale:  2.0 min_steps: 47
mc:   3 R: 0.0042 rmsd(b):  0.0144 restraint_scale:  2.0 min_steps: 14
Convergence reached, stop now.
see the result structure:  ./p26/04_results/refine_cctbx/243_GFA13-new/0.9/2.pdb
Time: 5.6383
