phenix.python
you are importing  adaptive calculator, and it does nothing. Please give it energy, force....... 

============================== Collecting inputs ==============================


                   ----------Processing X-ray data----------                   

F-obs:
  /scratch/m_zhen01/30995.lupus.uni-muenster.de/p26/02_mtz/243_GFA13-new.mtz:F-obs
Miller array info: None
Observation type: xray.amplitude
Type of data: double, size=224
Type of sigmas: None
Number of Miller indices: 224
Anomalous flag: False
Unit cell: (12.507, 10.299, 17.393, 90, 90, 90)
Space group: P 1 (No. 1)
Systematic absences: 0
Centric reflections: 0
Resolution range: 3.97519 2.5014
Completeness in resolution range: 1
Completeness with d_max=infinity: 0.759322

Number of F-obs in resolution range:                   224
Number of F-obs<0 (these reflections will be rejected): 0
Number of F-obs=0 (these reflections will be used in refinement): 0
Refinement resolution range: d_max =   3.9752
                             d_min =   2.5014

R-free flags:
  /scratch/m_zhen01/30995.lupus.uni-muenster.de/p26/02_mtz/243_GFA13-new.mtz:R-free-flags
Miller array info: /scratch/m_zhen01/30995.lupus.uni-muenster.de/p26/02_mtz/243_GFA13-new.mtz:R-free-flags
Observation type: None
Type of data: int, size=224
Type of sigmas: None
Number of Miller indices: 224
Anomalous flag: False
Unit cell: (12.507, 10.299, 17.393, 90, 90, 90)
Space group: P 1 (No. 1)
Systematic absences: 0
Centric reflections: 0
Resolution range: 3.97519 2.5014
Completeness in resolution range: 1
Completeness with d_max=infinity: 0.759322
Wavelength: 1.0000

Test (R-free flags) flag value: 1

Number of work/free reflections by resolution:
                                  work free  %free
  bin  1: 3.9752 - 3.6411 [28/28]   28    0   0.0%
  bin  2: 3.6411 - 3.3968 [12/12]   11    1   8.3%
  bin  3: 3.3968 - 3.2072 [34/34]   34    0   0.0%
  bin  4: 3.2072 - 3.0540 [17/17]   15    2  11.8%
  bin  5: 3.0540 - 2.9263 [28/28]   28    0   0.0%
  bin  6: 2.9263 - 2.8176 [29/29]   27    2   6.9%
  bin  7: 2.8176 - 2.7235 [ 8/8 ]    8    0   0.0%
  bin  8: 2.7235 - 2.6408 [24/24]   24    0   0.0%
  bin  9: 2.6408 - 2.5673 [23/23]   23    0   0.0%
  bin 10: 2.5673 - 2.5014 [21/21]   17    4  19.0%
                          overall  215    9   4.0%

                   ----------Processing PDB file(s)----------                  

  Monomer Library directory:
    "/tmp1/m_zhen01/phenix-installer-1.10.1-2155-intel-linux-2.6-x86_64-centos5/phenix-1.10.1-2155/modules/chem_data/mon_lib"
  Total number of atoms: 40
  Number of models: 1
  Model: ""
    Number of chains: 1
    Chain: "A"
      Number of atoms: 40
      Number of conformers: 1
      Conformer: ""
        Number of residues, atoms: 3, 40
          Classifications: {'peptide': 3}
          Modifications used: {'NH2NOTPRO': 1, 'COOH': 1}
          Link IDs: {'TRANS': 2}
  Time building chain proxies: 0.08, per 1000 atoms: 2.00
  Number of scatterers: 40
  At special positions: 0
  Unit cell: (12.507, 10.299, 17.393, 90, 90, 90)
  Space group: P 1 (No. 1)
  Number of sites at special positions: 0
  Number of scattering types: 4
    Type Number    sf(0)
     O       4      8.00
     N       3      7.00
     C      14      6.00
     H      19      1.00
    sf(0) = scattering factor at diffraction angle 0.

  Number of disulfides: simple=0, symmetry=0

  Automatic linking
    Parameters for automatic linking
      Linking & cutoffs
        Metal                : False - 3.50
        Amimo acid           : False - 1.90
        Carbohydrate         : True  - 1.99
        Ligands              : True  - 1.99
        Amino acid - RNA/DNA : False
      
  Number of custom bonds: simple=0, symmetry=0
  Time building additional restraints: 0.03
  Conformation dependent library (CDL) restraints added in 3.4 milliseconds
  
  Adding C-beta torsion restraints...
  Number of C-beta restraints generated:  4
  Time building geometry restraints manager: 0.04 seconds

  NOTE: a complete listing of the restraints can be obtained by requesting
        output of .geo file.

  Histogram of bond lengths:
        0.85 -     0.99: 18
        0.99 -     1.13: 1
        1.13 -     1.27: 3
        1.27 -     1.40: 8
        1.40 -     1.54: 10
  Bond restraints: 40
  Sorted by residual:
  bond pdb=" CA  ALA A   3 "
       pdb=" CB  ALA A   3 "
    ideal  model  delta    sigma   weight residual
    1.521  1.469  0.052 3.30e-02 9.18e+02 2.52e+00
  bond pdb=" CE2 PHE A   2 "
       pdb=" CZ  PHE A   2 "
    ideal  model  delta    sigma   weight residual
    1.382  1.429 -0.047 3.00e-02 1.11e+03 2.49e+00
  bond pdb=" C   GLY A   1 "
       pdb=" O   GLY A   1 "
    ideal  model  delta    sigma   weight residual
    1.231  1.201  0.030 2.00e-02 2.50e+03 2.32e+00
  bond pdb=" CG  PHE A   2 "
       pdb=" CD1 PHE A   2 "
    ideal  model  delta    sigma   weight residual
    1.384  1.352  0.032 2.10e-02 2.27e+03 2.28e+00
  bond pdb=" N   ALA A   3 "
       pdb=" H   ALA A   3 "
    ideal  model  delta    sigma   weight residual
    0.860  0.890 -0.030 2.00e-02 2.50e+03 2.25e+00
  ... (remaining 35 not shown)

  Histogram of bond angle deviations from ideal:
      103.82 -   108.32: 12
      108.32 -   112.82: 20
      112.82 -   117.32: 8
      117.32 -   121.82: 15
      121.82 -   126.33: 11
  Bond angle restraints: 66
  Sorted by residual:
  angle pdb=" CD2 PHE A   2 "
        pdb=" CG  PHE A   2 "
        pdb=" CD1 PHE A   2 "
      ideal   model   delta    sigma   weight residual
     118.60  121.69   -3.09 1.50e+00 4.44e-01 4.24e+00
  angle pdb=" OXT ALA A   3 "
        pdb=" C   ALA A   3 "
        pdb=" CA  ALA A   3 "
      ideal   model   delta    sigma   weight residual
     118.60  112.54    6.06 3.00e+00 1.11e-01 4.09e+00
  angle pdb=" C   ALA A   3 "
        pdb=" CA  ALA A   3 "
        pdb=" CB  ALA A   3 "
      ideal   model   delta    sigma   weight residual
     110.50  107.79    2.71 1.50e+00 4.44e-01 3.27e+00
  angle pdb=" HA2 GLY A   1 "
        pdb=" CA  GLY A   1 "
        pdb=" N   GLY A   1 "
      ideal   model   delta    sigma   weight residual
     110.00  104.63    5.37 3.00e+00 1.11e-01 3.20e+00
  angle pdb=" C   PHE A   2 "
        pdb=" CA  PHE A   2 "
        pdb=" HA  PHE A   2 "
      ideal   model   delta    sigma   weight residual
     109.00  103.82    5.18 3.00e+00 1.11e-01 2.98e+00
  ... (remaining 61 not shown)

  Histogram of dihedral angle deviations from ideal:
        0.14 -     4.01: 12
        4.01 -     7.87: 0
        7.87 -    11.74: 2
       11.74 -    15.60: 1
       15.60 -    19.47: 1
  Dihedral angle restraints: 16
    sinusoidal: 4
      harmonic: 12
  Sorted by residual:
  dihedral pdb=" CA  PHE A   2 "
           pdb=" C   PHE A   2 "
           pdb=" N   ALA A   3 "
           pdb=" CA  ALA A   3 "
      ideal   model   delta  harmonic     sigma   weight residual
    -180.00 -171.39   -8.61     0      5.00e+00 4.00e-02 2.96e+00
  dihedral pdb=" CD1 PHE A   2 "
           pdb=" CB  PHE A   2 "
           pdb=" CG  PHE A   2 "
           pdb=" CA  PHE A   2 "
      ideal   model   delta sinusoidal    sigma   weight residual
     -90.00 -109.47   19.47     2      2.00e+01 2.50e-03 1.33e+00
  dihedral pdb=" C   ALA A   3 "
           pdb=" N   ALA A   3 "
           pdb=" CA  ALA A   3 "
           pdb=" CB  ALA A   3 "
      ideal   model   delta  harmonic     sigma   weight residual
    -122.60 -120.27   -2.33     0      2.50e+00 1.60e-01 8.70e-01
  ... (remaining 13 not shown)

  Histogram of chiral volume deviations from ideal:
       0.013 -    0.020: 1
       0.020 -    0.027: 0
       0.027 -    0.034: 0
       0.034 -    0.041: 0
       0.041 -    0.048: 1
  Chirality restraints: 2
  Sorted by residual:
  chirality pdb=" CA  ALA A   3 "
            pdb=" C   ALA A   3 "
            pdb=" CB  ALA A   3 "
            pdb=" N   ALA A   3 "
    both_signs  ideal   model   delta    sigma   weight residual
      False      2.48    2.44    0.05 2.00e-01 2.50e+01 5.79e-02
  chirality pdb=" CA  PHE A   2 "
            pdb=" CB  PHE A   2 "
            pdb=" C   PHE A   2 "
            pdb=" N   PHE A   2 "
    both_signs  ideal   model   delta    sigma   weight residual
      False     -2.51   -2.50   -0.01 2.00e-01 2.50e+01 4.33e-03

  Planarity restraints: 6
  Sorted by residual:
                                 delta    sigma   weight rms_deltas residual
  plane pdb=" C   GLY A   1 "    0.007 2.00e-02 2.50e+03   1.38e-02 1.91e+00
        pdb=" CA  PHE A   2 "    0.006 2.00e-02 2.50e+03
        pdb=" N   PHE A   2 "   -0.024 2.00e-02 2.50e+03
        pdb=" H   PHE A   2 "    0.011 2.00e-02 2.50e+03
                                 delta    sigma   weight rms_deltas residual
  plane pdb=" C   GLY A   1 "   -0.022 2.00e-02 2.50e+03   1.28e-02 1.63e+00
        pdb=" O   GLY A   1 "    0.008 2.00e-02 2.50e+03
        pdb=" CA  GLY A   1 "    0.006 2.00e-02 2.50e+03
        pdb=" N   PHE A   2 "    0.007 2.00e-02 2.50e+03
                                 delta    sigma   weight rms_deltas residual
  plane pdb=" CB  PHE A   2 "   -0.007 2.00e-02 2.50e+03   7.14e-03 1.53e+00
        pdb=" CG  PHE A   2 "    0.009 2.00e-02 2.50e+03
        pdb=" CD2 PHE A   2 "    0.005 2.00e-02 2.50e+03
        pdb=" HD2 PHE A   2 "   -0.004 2.00e-02 2.50e+03
        pdb=" CE2 PHE A   2 "   -0.003 2.00e-02 2.50e+03
        pdb=" HE2 PHE A   2 "    0.007 2.00e-02 2.50e+03
        pdb=" CZ  PHE A   2 "    0.002 2.00e-02 2.50e+03
        pdb=" HZ  PHE A   2 "   -0.016 2.00e-02 2.50e+03
        pdb=" CE1 PHE A   2 "    0.001 2.00e-02 2.50e+03
        pdb=" HE1 PHE A   2 "    0.009 2.00e-02 2.50e+03
        pdb=" CD1 PHE A   2 "    0.002 2.00e-02 2.50e+03
        pdb=" HD1 PHE A   2 "   -0.006 2.00e-02 2.50e+03
  ... (remaining 3 not shown)

  Histogram of nonbonded interaction distances:
        1.89 -     2.49: 22
        2.49 -     3.09: 59
        3.09 -     3.69: 63
        3.69 -     4.30: 68
        4.30 -     4.90: 86
  Nonbonded interactions: 298
  Sorted by model distance:
  nonbonded pdb=" HB1 PHE A   2 "
            pdb=" H   ALA A   3 "
     model   vdw
     1.891 2.270
  nonbonded pdb=" HA  PHE A   2 "
            pdb=" H   PHE A   2 "
     model   vdw
     2.061 1.816
  nonbonded pdb=" HA1 GLY A   1 "
            pdb=" H1  GLY A   1 "
     model   vdw
     2.089 1.816
  nonbonded pdb=" HB1 PHE A   2 "
            pdb=" HD1 PHE A   2 "
     model   vdw
     2.193 2.270
  nonbonded pdb=" HB1 ALA A   3 "
            pdb=" HA  ALA A   3 "
     model   vdw
     2.201 1.952
  ... (remaining 293 not shown)

  NOTE: a complete listing of the restraints can be obtained by requesting
        output of .geo file.

                   ----------xray_structure summary----------                  

Number of scattering types: 4
  Type Number    sf(0)   Gaussians
   O       4      7.97       2
   N       3      6.97       2
   C      14      5.97       2
   H      19      1.00       2
  sf(0) = scattering factor at diffraction angle 0.
Number of scatterers: 40
At special positions: 0
Unit cell: (12.507, 10.299, 17.393, 90, 90, 90)
Space group: P 1 (No. 1)

End of input processing
r_work=0.4142 r_free=0.4185
params.data_weight: None
params.restraints: cctbx
rmsd(b), start:  0.0853
mc:   0 R: 0.1242 rmsd(b):  0.0828 restraint_scale:  2.0 min_steps: 37
mc:   1 R: 0.0337 rmsd(b):  0.0232 restraint_scale:  2.0 min_steps: 32
mc:   2 R: 0.0176 rmsd(b):  0.0206 restraint_scale:  2.0 min_steps: 16
mc:   3 R: 0.0102 rmsd(b):  0.0336 restraint_scale:  4.0 min_steps: 24
mc:   4 R: 0.0094 rmsd(b):  0.0339 restraint_scale:  8.0 min_steps: 8
Convergence reached, stop now.
see the result structure:  ./p26/04_results/refine_cctbx/243_GFA13-new/0.9/9.pdb
Time: 5.9079
