phenix.python
you are importing  adaptive calculator, and it does nothing. Please give it energy, force....... 

============================== Collecting inputs ==============================


                   ----------Processing X-ray data----------                   

F-obs:
  /scratch/m_zhen01/30993.lupus.uni-muenster.de/p26/02_mtz/230_GGF09-new.mtz:F-obs
Miller array info: None
Observation type: xray.amplitude
Type of data: double, size=208
Type of sigmas: None
Number of Miller indices: 208
Anomalous flag: False
Unit cell: (13.158, 10.74, 14.911, 90, 90, 90)
Space group: P 1 (No. 1)
Systematic absences: 0
Centric reflections: 0
Resolution range: 3.9658 2.51082
Completeness in resolution range: 1
Completeness with d_max=infinity: 0.742857

Number of F-obs in resolution range:                   208
Number of F-obs<0 (these reflections will be rejected): 0
Number of F-obs=0 (these reflections will be used in refinement): 0
Refinement resolution range: d_max =   3.9658
                             d_min =   2.5108

R-free flags:
  /scratch/m_zhen01/30993.lupus.uni-muenster.de/p26/02_mtz/230_GGF09-new.mtz:R-free-flags
Miller array info: /scratch/m_zhen01/30993.lupus.uni-muenster.de/p26/02_mtz/230_GGF09-new.mtz:R-free-flags
Observation type: None
Type of data: int, size=208
Type of sigmas: None
Number of Miller indices: 208
Anomalous flag: False
Unit cell: (13.158, 10.74, 14.911, 90, 90, 90)
Space group: P 1 (No. 1)
Systematic absences: 0
Centric reflections: 0
Resolution range: 3.9658 2.51082
Completeness in resolution range: 1
Completeness with d_max=infinity: 0.742857
Wavelength: 1.0000

Test (R-free flags) flag value: 1

Number of work/free reflections by resolution:
                                  work free  %free
  bin  1: 3.9658 - 3.6393 [15/15]   15    0   0.0%
  bin  2: 3.6393 - 3.3992 [25/25]   24    1   4.0%
  bin  3: 3.3992 - 3.2120 [19/19]   17    2  10.5%
  bin  4: 3.2120 - 3.0603 [34/34]   34    0   0.0%
  bin  5: 3.0603 - 2.9337 [ 7/7 ]    7    0   0.0%
  bin  6: 2.9337 - 2.8258 [20/20]   18    2  10.0%
  bin  7: 2.8258 - 2.7321 [26/26]   26    0   0.0%
  bin  8: 2.7321 - 2.6498 [15/15]   15    0   0.0%
  bin  9: 2.6498 - 2.5766 [27/27]   23    4  14.8%
  bin 10: 2.5766 - 2.5108 [20/20]   20    0   0.0%
                          overall  199    9   4.3%

                   ----------Processing PDB file(s)----------                  

  Monomer Library directory:
    "/tmp1/m_zhen01/phenix-installer-1.10.1-2155-intel-linux-2.6-x86_64-centos5/phenix-1.10.1-2155/modules/chem_data/mon_lib"
  Total number of atoms: 37
  Number of models: 1
  Model: ""
    Number of chains: 1
    Chain: "A"
      Number of atoms: 37
      Number of conformers: 1
      Conformer: ""
        Number of residues, atoms: 3, 37
          Classifications: {'peptide': 3}
          Modifications used: {'NH2NOTPRO': 1, 'COOH': 1}
          Link IDs: {'TRANS': 2}
  Time building chain proxies: 0.07, per 1000 atoms: 1.89
  Number of scatterers: 37
  At special positions: 0
  Unit cell: (13.158, 10.74, 14.911, 90, 90, 90)
  Space group: P 1 (No. 1)
  Number of sites at special positions: 0
  Number of scattering types: 4
    Type Number    sf(0)
     O       4      8.00
     N       3      7.00
     C      13      6.00
     H      17      1.00
    sf(0) = scattering factor at diffraction angle 0.

  Number of disulfides: simple=0, symmetry=0

  Automatic linking
    Parameters for automatic linking
      Linking & cutoffs
        Metal                : False - 3.50
        Amimo acid           : False - 1.90
        Carbohydrate         : True  - 1.99
        Ligands              : True  - 1.99
        Amino acid - RNA/DNA : False
      
  Number of custom bonds: simple=0, symmetry=0
  Time building additional restraints: 0.02
  Conformation dependent library (CDL) restraints added in 3.0 milliseconds
  
  Adding C-beta torsion restraints...
  Number of C-beta restraints generated:  2
  Time building geometry restraints manager: 0.02 seconds

  NOTE: a complete listing of the restraints can be obtained by requesting
        output of .geo file.

  Histogram of bond lengths:
        0.81 -     0.96: 10
        0.96 -     1.10: 7
        1.10 -     1.25: 3
        1.25 -     1.40: 9
        1.40 -     1.54: 8
  Bond restraints: 37
  Sorted by residual:
  bond pdb=" CZ  PHE A   3 "
       pdb=" HZ  PHE A   3 "
    ideal  model  delta    sigma   weight residual
    0.930  0.877  0.053 2.00e-02 2.50e+03 6.90e+00
  bond pdb=" CA  GLY A   2 "
       pdb=" N   GLY A   2 "
    ideal  model  delta    sigma   weight residual
    1.449  1.487 -0.038 1.45e-02 4.76e+03 6.72e+00
  bond pdb=" N   GLY A   2 "
       pdb=" H   GLY A   2 "
    ideal  model  delta    sigma   weight residual
    0.860  0.808  0.052 2.00e-02 2.50e+03 6.64e+00
  bond pdb=" CD1 PHE A   3 "
       pdb=" HD1 PHE A   3 "
    ideal  model  delta    sigma   weight residual
    0.930  0.973 -0.043 2.00e-02 2.50e+03 4.57e+00
  bond pdb=" C   GLY A   1 "
       pdb=" O   GLY A   1 "
    ideal  model  delta    sigma   weight residual
    1.231  1.197  0.034 2.00e-02 2.50e+03 2.95e+00
  ... (remaining 32 not shown)

  Histogram of bond angle deviations from ideal:
      103.92 -   108.27: 10
      108.27 -   112.62: 16
      112.62 -   116.97: 4
      116.97 -   121.31: 19
      121.31 -   125.66: 11
  Bond angle restraints: 60
  Sorted by residual:
  angle pdb=" C   GLY A   1 "
        pdb=" CA  GLY A   1 "
        pdb=" N   GLY A   1 "
      ideal   model   delta    sigma   weight residual
     113.30  106.26    7.04 2.90e+00 1.19e-01 5.90e+00
  angle pdb=" CA  PHE A   3 "
        pdb=" CB  PHE A   3 "
        pdb=" HB2 PHE A   3 "
      ideal   model   delta    sigma   weight residual
     109.00  103.92    5.08 3.00e+00 1.11e-01 2.86e+00
  angle pdb=" O   GLY A   2 "
        pdb=" C   GLY A   2 "
        pdb=" CA  GLY A   2 "
      ideal   model   delta    sigma   weight residual
     120.57  117.74    2.83 1.74e+00 3.30e-01 2.64e+00
  angle pdb=" H1  GLY A   1 "
        pdb=" N   GLY A   1 "
        pdb=" H2  GLY A   1 "
      ideal   model   delta    sigma   weight residual
     109.47  104.96    4.51 3.00e+00 1.11e-01 2.26e+00
  angle pdb=" CA  GLY A   2 "
        pdb=" C   GLY A   2 "
        pdb=" N   PHE A   3 "
      ideal   model   delta    sigma   weight residual
     116.69  119.29   -2.60 2.04e+00 2.40e-01 1.62e+00
  ... (remaining 55 not shown)

  Histogram of dihedral angle deviations from ideal:
        0.22 -     2.81: 9
        2.81 -     5.39: 2
        5.39 -     7.97: 1
        7.97 -    10.55: 0
       10.55 -    13.14: 1
  Dihedral angle restraints: 13
    sinusoidal: 3
      harmonic: 10
  Sorted by residual:
  dihedral pdb=" N   PHE A   3 "
           pdb=" CA  PHE A   3 "
           pdb=" CB  PHE A   3 "
           pdb=" CG  PHE A   3 "
      ideal   model   delta sinusoidal    sigma   weight residual
      60.00   73.14  -13.14     3      1.50e+01 4.44e-03 1.08e+00
  dihedral pdb=" CA  GLY A   1 "
           pdb=" C   GLY A   1 "
           pdb=" N   GLY A   2 "
           pdb=" CA  GLY A   2 "
      ideal   model   delta  harmonic     sigma   weight residual
    -180.00 -176.65   -3.35     0      5.00e+00 4.00e-02 4.50e-01
  dihedral pdb=" CD1 PHE A   3 "
           pdb=" CE1 PHE A   3 "
           pdb=" CZ  PHE A   3 "
           pdb=" HZ  PHE A   3 "
      ideal   model   delta  harmonic     sigma   weight residual
     180.00  177.22    2.78     0      5.00e+00 4.00e-02 3.09e-01
  ... (remaining 10 not shown)

  Histogram of chiral volume deviations from ideal:
       0.015 -    0.015: 1
       0.015 -    0.015: 0
       0.015 -    0.015: 0
       0.015 -    0.015: 0
       0.015 -    0.015: 0
  Chirality restraints: 1
  Sorted by residual:
  chirality pdb=" CA  PHE A   3 "
            pdb=" C   PHE A   3 "
            pdb=" N   PHE A   3 "
            pdb=" CB  PHE A   3 "
    both_signs  ideal   model   delta    sigma   weight residual
      False     -2.51   -2.53    0.01 2.00e-01 2.50e+01 5.35e-03

  Planarity restraints: 6
  Sorted by residual:
                                 delta    sigma   weight rms_deltas residual
  plane pdb=" CB  PHE A   3 "    0.001 2.00e-02 2.50e+03   1.31e-02 5.16e+00
        pdb=" CG  PHE A   3 "   -0.016 2.00e-02 2.50e+03
        pdb=" CD1 PHE A   3 "   -0.004 2.00e-02 2.50e+03
        pdb=" HD1 PHE A   3 "   -0.011 2.00e-02 2.50e+03
        pdb=" CE1 PHE A   3 "    0.006 2.00e-02 2.50e+03
        pdb=" HE1 PHE A   3 "    0.022 2.00e-02 2.50e+03
        pdb=" CZ  PHE A   3 "    0.010 2.00e-02 2.50e+03
        pdb=" HZ  PHE A   3 "   -0.020 2.00e-02 2.50e+03
        pdb=" CE2 PHE A   3 "    0.002 2.00e-02 2.50e+03
        pdb=" HE2 PHE A   3 "   -0.010 2.00e-02 2.50e+03
        pdb=" CD2 PHE A   3 "   -0.002 2.00e-02 2.50e+03
        pdb=" HD2 PHE A   3 "    0.022 2.00e-02 2.50e+03
                                 delta    sigma   weight rms_deltas residual
  plane pdb=" C   GLY A   1 "    0.003 2.00e-02 2.50e+03   6.38e-03 4.07e-01
        pdb=" CA  GLY A   2 "    0.003 2.00e-02 2.50e+03
        pdb=" N   GLY A   2 "   -0.011 2.00e-02 2.50e+03
        pdb=" H   GLY A   2 "    0.005 2.00e-02 2.50e+03
                                 delta    sigma   weight rms_deltas residual
  plane pdb=" O   PHE A   3 "    0.003 2.00e-02 2.50e+03   5.14e-03 3.30e-01
        pdb=" C   PHE A   3 "   -0.010 2.00e-02 2.50e+03
        pdb=" OXT PHE A   3 "    0.000 2.00e-02 2.50e+03
        pdb=" HXT PHE A   3 "    0.003 2.00e-02 2.50e+03
        pdb=" CA  PHE A   3 "    0.004 2.00e-02 2.50e+03
  ... (remaining 3 not shown)

  Histogram of nonbonded interaction distances:
        1.96 -     2.54: 26
        2.54 -     3.12: 45
        3.12 -     3.71: 71
        3.71 -     4.29: 66
        4.29 -     4.87: 90
  Nonbonded interactions: 298
  Sorted by model distance:
  nonbonded pdb=" H1  GLY A   1 "
            pdb=" H   GLY A   2 "
     model   vdw
     1.955 2.100
  nonbonded pdb=" HA2 GLY A   2 "
            pdb=" H   GLY A   2 "
     model   vdw
     2.184 1.816
  nonbonded pdb=" HE1 PHE A   3 "
            pdb=" HZ  PHE A   3 "
     model   vdw
     2.224 1.680
  nonbonded pdb=" H1  GLY A   1 "
            pdb=" N   GLY A   2 "
     model   vdw
     2.253 2.650
  nonbonded pdb=" HA  PHE A   3 "
            pdb=" HB1 PHE A   3 "
     model   vdw
     2.265 1.952
  ... (remaining 293 not shown)

  NOTE: a complete listing of the restraints can be obtained by requesting
        output of .geo file.

                   ----------xray_structure summary----------                  

Number of scattering types: 4
  Type Number    sf(0)   Gaussians
   O       4      7.97       2
   N       3      6.97       2
   C      13      5.97       2
   H      17      1.00       2
  sf(0) = scattering factor at diffraction angle 0.
Number of scatterers: 37
At special positions: 0
Unit cell: (13.158, 10.74, 14.911, 90, 90, 90)
Space group: P 1 (No. 1)

End of input processing
r_work=0.5379 r_free=0.7572
params.data_weight: 0.0
params.restraints: cctbx
rmsd(b), start:  0.0936
mc:   0 R: 0.5325 rmsd(b):  0.0007 restraint_scale:  1.0 min_steps: 53
mc:   1 R: 0.5274 rmsd(b):  0.0006 restraint_scale:  1.0 min_steps: 55
mc:   2 R: 0.5229 rmsd(b):  0.0006 restraint_scale:  1.0 min_steps: 53
mc:   3 R: 0.5197 rmsd(b):  0.0005 restraint_scale:  1.0 min_steps: 54
mc:   4 R: 0.5172 rmsd(b):  0.0005 restraint_scale:  1.0 min_steps: 54
mc:   5 R: 0.5150 rmsd(b):  0.0005 restraint_scale:  1.0 min_steps: 55
mc:   6 R: 0.5118 rmsd(b):  0.0005 restraint_scale:  1.0 min_steps: 52
mc:   7 R: 0.5012 rmsd(b):  0.0007 restraint_scale:  1.0 min_steps: 55
mc:   8 R: 0.4988 rmsd(b):  0.0005 restraint_scale:  1.0 min_steps: 55
mc:   9 R: 0.4931 rmsd(b):  0.0006 restraint_scale:  1.0 min_steps: 55
mc:  10 R: 0.4912 rmsd(b):  0.0005 restraint_scale:  1.0 min_steps: 54
mc:  11 R: 0.4862 rmsd(b):  0.0005 restraint_scale:  1.0 min_steps: 53
mc:  12 R: 0.4847 rmsd(b):  0.0005 restraint_scale:  1.0 min_steps: 55
mc:  13 R: 0.4681 rmsd(b):  0.0005 restraint_scale:  1.0 min_steps: 53
mc:  14 R: 0.4677 rmsd(b):  0.0005 restraint_scale:  1.0 min_steps: 55
Convergence reached, stop now.
see the result structure:  ./p26/04_results/opt_cctbx/230_GGF09-new/1.2/0.pdb
Time: 7.6897
