phenix.python
you are importing  adaptive calculator, and it does nothing. Please give it energy, force....... 

============================== Collecting inputs ==============================


                   ----------Processing X-ray data----------                   

F-obs:
  /scratch/m_zhen01/30993.lupus.uni-muenster.de/p26/02_mtz/230_GGF09-new.mtz:F-obs
Miller array info: None
Observation type: xray.amplitude
Type of data: double, size=208
Type of sigmas: None
Number of Miller indices: 208
Anomalous flag: False
Unit cell: (13.158, 10.74, 14.911, 90, 90, 90)
Space group: P 1 (No. 1)
Systematic absences: 0
Centric reflections: 0
Resolution range: 3.9658 2.51082
Completeness in resolution range: 1
Completeness with d_max=infinity: 0.742857

Number of F-obs in resolution range:                   208
Number of F-obs<0 (these reflections will be rejected): 0
Number of F-obs=0 (these reflections will be used in refinement): 0
Refinement resolution range: d_max =   3.9658
                             d_min =   2.5108

R-free flags:
  /scratch/m_zhen01/30993.lupus.uni-muenster.de/p26/02_mtz/230_GGF09-new.mtz:R-free-flags
Miller array info: /scratch/m_zhen01/30993.lupus.uni-muenster.de/p26/02_mtz/230_GGF09-new.mtz:R-free-flags
Observation type: None
Type of data: int, size=208
Type of sigmas: None
Number of Miller indices: 208
Anomalous flag: False
Unit cell: (13.158, 10.74, 14.911, 90, 90, 90)
Space group: P 1 (No. 1)
Systematic absences: 0
Centric reflections: 0
Resolution range: 3.9658 2.51082
Completeness in resolution range: 1
Completeness with d_max=infinity: 0.742857
Wavelength: 1.0000

Test (R-free flags) flag value: 1

Number of work/free reflections by resolution:
                                  work free  %free
  bin  1: 3.9658 - 3.6393 [15/15]   15    0   0.0%
  bin  2: 3.6393 - 3.3992 [25/25]   24    1   4.0%
  bin  3: 3.3992 - 3.2120 [19/19]   17    2  10.5%
  bin  4: 3.2120 - 3.0603 [34/34]   34    0   0.0%
  bin  5: 3.0603 - 2.9337 [ 7/7 ]    7    0   0.0%
  bin  6: 2.9337 - 2.8258 [20/20]   18    2  10.0%
  bin  7: 2.8258 - 2.7321 [26/26]   26    0   0.0%
  bin  8: 2.7321 - 2.6498 [15/15]   15    0   0.0%
  bin  9: 2.6498 - 2.5766 [27/27]   23    4  14.8%
  bin 10: 2.5766 - 2.5108 [20/20]   20    0   0.0%
                          overall  199    9   4.3%

                   ----------Processing PDB file(s)----------                  

  Monomer Library directory:
    "/tmp1/m_zhen01/phenix-installer-1.10.1-2155-intel-linux-2.6-x86_64-centos5/phenix-1.10.1-2155/modules/chem_data/mon_lib"
  Total number of atoms: 37
  Number of models: 1
  Model: ""
    Number of chains: 1
    Chain: "A"
      Number of atoms: 37
      Number of conformers: 1
      Conformer: ""
        Number of residues, atoms: 3, 37
          Classifications: {'peptide': 3}
          Modifications used: {'NH2NOTPRO': 1, 'COOH': 1}
          Link IDs: {'TRANS': 2}
  Time building chain proxies: 0.07, per 1000 atoms: 1.89
  Number of scatterers: 37
  At special positions: 0
  Unit cell: (13.158, 10.74, 14.911, 90, 90, 90)
  Space group: P 1 (No. 1)
  Number of sites at special positions: 0
  Number of scattering types: 4
    Type Number    sf(0)
     O       4      8.00
     N       3      7.00
     C      13      6.00
     H      17      1.00
    sf(0) = scattering factor at diffraction angle 0.

  Number of disulfides: simple=0, symmetry=0

  Automatic linking
    Parameters for automatic linking
      Linking & cutoffs
        Metal                : False - 3.50
        Amimo acid           : False - 1.90
        Carbohydrate         : True  - 1.99
        Ligands              : True  - 1.99
        Amino acid - RNA/DNA : False
      
  Number of custom bonds: simple=0, symmetry=0
  Time building additional restraints: 0.02
  Conformation dependent library (CDL) restraints added in 2.5 milliseconds
  
  Adding C-beta torsion restraints...
  Number of C-beta restraints generated:  2
  Time building geometry restraints manager: 0.03 seconds

  NOTE: a complete listing of the restraints can be obtained by requesting
        output of .geo file.

  Histogram of bond lengths:
        0.86 -     1.00: 16
        1.00 -     1.13: 1
        1.13 -     1.26: 3
        1.26 -     1.40: 7
        1.40 -     1.53: 10
  Bond restraints: 37
  Sorted by residual:
  bond pdb=" N   GLY A   1 "
       pdb=" H2  GLY A   1 "
    ideal  model  delta    sigma   weight residual
    0.960  1.000 -0.040 2.00e-02 2.50e+03 3.99e+00
  bond pdb=" CB  PHE A   3 "
       pdb=" HB2 PHE A   3 "
    ideal  model  delta    sigma   weight residual
    0.970  0.932  0.038 2.00e-02 2.50e+03 3.65e+00
  bond pdb=" CA  GLY A   2 "
       pdb=" N   GLY A   2 "
    ideal  model  delta    sigma   weight residual
    1.449  1.471 -0.022 1.45e-02 4.76e+03 2.23e+00
  bond pdb=" N   GLY A   1 "
       pdb=" H1  GLY A   1 "
    ideal  model  delta    sigma   weight residual
    0.960  0.988 -0.028 2.00e-02 2.50e+03 1.98e+00
  bond pdb=" CZ  PHE A   3 "
       pdb=" HZ  PHE A   3 "
    ideal  model  delta    sigma   weight residual
    0.930  0.905  0.025 2.00e-02 2.50e+03 1.55e+00
  ... (remaining 32 not shown)

  Histogram of bond angle deviations from ideal:
      102.40 -   106.77: 4
      106.77 -   111.13: 13
      111.13 -   115.50: 12
      115.50 -   119.86: 11
      119.86 -   124.22: 20
  Bond angle restraints: 60
  Sorted by residual:
  angle pdb=" C   PHE A   3 "
        pdb=" CA  PHE A   3 "
        pdb=" CB  PHE A   3 "
      ideal   model   delta    sigma   weight residual
     110.10  106.37    3.73 1.90e+00 2.77e-01 3.86e+00
  angle pdb=" HB2 PHE A   3 "
        pdb=" CB  PHE A   3 "
        pdb=" CG  PHE A   3 "
      ideal   model   delta    sigma   weight residual
     108.00  102.40    5.60 3.00e+00 1.11e-01 3.48e+00
  angle pdb=" HA1 GLY A   1 "
        pdb=" CA  GLY A   1 "
        pdb=" HA2 GLY A   1 "
      ideal   model   delta    sigma   weight residual
     109.00  103.98    5.02 3.00e+00 1.11e-01 2.80e+00
  angle pdb=" O   GLY A   1 "
        pdb=" C   GLY A   1 "
        pdb=" CA  GLY A   1 "
      ideal   model   delta    sigma   weight residual
     120.80  124.22   -3.42 2.10e+00 2.27e-01 2.66e+00
  angle pdb=" C   PHE A   3 "
        pdb=" OXT PHE A   3 "
        pdb=" HXT PHE A   3 "
      ideal   model   delta    sigma   weight residual
     108.00  112.01   -4.01 3.00e+00 1.11e-01 1.79e+00
  ... (remaining 55 not shown)

  Histogram of dihedral angle deviations from ideal:
        0.17 -     5.28: 11
        5.28 -    10.39: 0
       10.39 -    15.50: 1
       15.50 -    20.61: 0
       20.61 -    25.72: 1
  Dihedral angle restraints: 13
    sinusoidal: 3
      harmonic: 10
  Sorted by residual:
  dihedral pdb=" N   PHE A   3 "
           pdb=" CA  PHE A   3 "
           pdb=" CB  PHE A   3 "
           pdb=" CG  PHE A   3 "
      ideal   model   delta sinusoidal    sigma   weight residual
      60.00   74.25  -14.25     3      1.50e+01 4.44e-03 1.26e+00
  dihedral pdb=" OXT PHE A   3 "
           pdb=" C   PHE A   3 "
           pdb=" CA  PHE A   3 "
           pdb=" N   PHE A   3 "
      ideal   model   delta sinusoidal    sigma   weight residual
     160.00 -174.28  -25.72     2      3.00e+01 1.11e-03 1.00e+00
  dihedral pdb=" CA  GLY A   2 "
           pdb=" C   GLY A   2 "
           pdb=" N   PHE A   3 "
           pdb=" CA  PHE A   3 "
      ideal   model   delta  harmonic     sigma   weight residual
     180.00  175.22    4.78     0      5.00e+00 4.00e-02 9.14e-01
  ... (remaining 10 not shown)

  Histogram of chiral volume deviations from ideal:
       0.065 -    0.065: 1
       0.065 -    0.065: 0
       0.065 -    0.065: 0
       0.065 -    0.065: 0
       0.065 -    0.065: 0
  Chirality restraints: 1
  Sorted by residual:
  chirality pdb=" CA  PHE A   3 "
            pdb=" C   PHE A   3 "
            pdb=" N   PHE A   3 "
            pdb=" CB  PHE A   3 "
    both_signs  ideal   model   delta    sigma   weight residual
      False     -2.51   -2.45   -0.07 2.00e-01 2.50e+01 1.07e-01

  Planarity restraints: 6
  Sorted by residual:
                                 delta    sigma   weight rms_deltas residual
  plane pdb=" CB  PHE A   3 "   -0.020 2.00e-02 2.50e+03   2.48e-02 1.84e+01
        pdb=" CG  PHE A   3 "   -0.001 2.00e-02 2.50e+03
        pdb=" CD1 PHE A   3 "    0.004 2.00e-02 2.50e+03
        pdb=" HD1 PHE A   3 "    0.037 2.00e-02 2.50e+03
        pdb=" CE1 PHE A   3 "    0.020 2.00e-02 2.50e+03
        pdb=" HE1 PHE A   3 "   -0.039 2.00e-02 2.50e+03
        pdb=" CZ  PHE A   3 "    0.010 2.00e-02 2.50e+03
        pdb=" HZ  PHE A   3 "   -0.026 2.00e-02 2.50e+03
        pdb=" CE2 PHE A   3 "   -0.007 2.00e-02 2.50e+03
        pdb=" HE2 PHE A   3 "    0.038 2.00e-02 2.50e+03
        pdb=" CD2 PHE A   3 "    0.018 2.00e-02 2.50e+03
        pdb=" HD2 PHE A   3 "   -0.033 2.00e-02 2.50e+03
                                 delta    sigma   weight rms_deltas residual
  plane pdb=" C   GLY A   2 "   -0.022 2.00e-02 2.50e+03   1.26e-02 1.58e+00
        pdb=" O   GLY A   2 "    0.008 2.00e-02 2.50e+03
        pdb=" CA  GLY A   2 "    0.006 2.00e-02 2.50e+03
        pdb=" N   PHE A   3 "    0.007 2.00e-02 2.50e+03
                                 delta    sigma   weight rms_deltas residual
  plane pdb=" O   PHE A   3 "    0.003 2.00e-02 2.50e+03   8.25e-03 8.51e-01
        pdb=" C   PHE A   3 "   -0.014 2.00e-02 2.50e+03
        pdb=" OXT PHE A   3 "   -0.005 2.00e-02 2.50e+03
        pdb=" HXT PHE A   3 "    0.008 2.00e-02 2.50e+03
        pdb=" CA  PHE A   3 "    0.007 2.00e-02 2.50e+03
  ... (remaining 3 not shown)

  Histogram of nonbonded interaction distances:
        2.17 -     2.72: 37
        2.72 -     3.26: 57
        3.26 -     3.80: 53
        3.80 -     4.35: 56
        4.35 -     4.89: 78
  Nonbonded interactions: 281
  Sorted by model distance:
  nonbonded pdb=" HA2 GLY A   1 "
            pdb=" H1  GLY A   1 "
     model   vdw
     2.171 1.816
  nonbonded pdb=" HA  PHE A   3 "
            pdb=" HB1 PHE A   3 "
     model   vdw
     2.226 1.952
  nonbonded pdb=" HE2 PHE A   3 "
            pdb=" HD2 PHE A   3 "
     model   vdw
     2.270 1.680
  nonbonded pdb=" HE1 PHE A   3 "
            pdb=" HZ  PHE A   3 "
     model   vdw
     2.277 1.680
  nonbonded pdb=" HA2 GLY A   2 "
            pdb=" H   GLY A   2 "
     model   vdw
     2.296 1.816
  ... (remaining 276 not shown)

  NOTE: a complete listing of the restraints can be obtained by requesting
        output of .geo file.

                   ----------xray_structure summary----------                  

Number of scattering types: 4
  Type Number    sf(0)   Gaussians
   O       4      7.97       2
   N       3      6.97       2
   C      13      5.97       2
   H      17      1.00       2
  sf(0) = scattering factor at diffraction angle 0.
Number of scatterers: 37
At special positions: 0
Unit cell: (13.158, 10.74, 14.911, 90, 90, 90)
Space group: P 1 (No. 1)

End of input processing
r_work=0.5309 r_free=0.7590
params.data_weight: 0.0
params.restraints: cctbx
rmsd(b), start:  0.0903
mc:   0 R: 0.5335 rmsd(b):  0.0008 restraint_scale:  1.0 min_steps: 53
mc:   1 R: 0.5321 rmsd(b):  0.0007 restraint_scale:  1.0 min_steps: 53
mc:   2 R: 0.5361 rmsd(b):  0.0006 restraint_scale:  1.0 min_steps: 55
mc:   3 R: 0.5365 rmsd(b):  0.0009 restraint_scale:  1.0 min_steps: 53
mc:   4 R: 0.5367 rmsd(b):  0.0006 restraint_scale:  1.0 min_steps: 54
mc:   5 R: 0.5360 rmsd(b):  0.0008 restraint_scale:  1.0 min_steps: 55
mc:   6 R: 0.5349 rmsd(b):  0.0006 restraint_scale:  1.0 min_steps: 52
mc:   7 R: 0.5332 rmsd(b):  0.0006 restraint_scale:  1.0 min_steps: 52
mc:   8 R: 0.5306 rmsd(b):  0.0005 restraint_scale:  1.0 min_steps: 55
mc:   9 R: 0.5287 rmsd(b):  0.0007 restraint_scale:  1.0 min_steps: 53
mc:  10 R: 0.5268 rmsd(b):  0.0005 restraint_scale:  1.0 min_steps: 56
mc:  11 R: 0.5247 rmsd(b):  0.0006 restraint_scale:  1.0 min_steps: 54
mc:  12 R: 0.5225 rmsd(b):  0.0005 restraint_scale:  1.0 min_steps: 54
mc:  13 R: 0.5209 rmsd(b):  0.0006 restraint_scale:  1.0 min_steps: 57
mc:  14 R: 0.5180 rmsd(b):  0.0005 restraint_scale:  1.0 min_steps: 55
mc:  15 R: 0.5168 rmsd(b):  0.0006 restraint_scale:  1.0 min_steps: 54
mc:  16 R: 0.5140 rmsd(b):  0.0005 restraint_scale:  1.0 min_steps: 53
mc:  17 R: 0.5127 rmsd(b):  0.0006 restraint_scale:  1.0 min_steps: 55
mc:  18 R: 0.5086 rmsd(b):  0.0005 restraint_scale:  1.0 min_steps: 54
mc:  19 R: 0.5080 rmsd(b):  0.0005 restraint_scale:  1.0 min_steps: 55
Convergence reached, stop now.
see the result structure:  ./p26/04_results/opt_cctbx/230_GGF09-new/1.2/3.pdb
Time: 8.8377
