phenix.python
you are importing  adaptive calculator, and it does nothing. Please give it energy, force....... 

============================== Collecting inputs ==============================


                   ----------Processing X-ray data----------                   

F-obs:
  /scratch/m_zhen01/30993.lupus.uni-muenster.de/p26/02_mtz/215_WGG07-new.mtz:F-obs
Miller array info: None
Observation type: xray.amplitude
Type of data: double, size=201
Type of sigmas: None
Number of Miller indices: 201
Anomalous flag: False
Unit cell: (12.289, 11.691, 13.906, 90, 90, 90)
Space group: P 1 (No. 1)
Systematic absences: 0
Centric reflections: 0
Resolution range: 3.9294 2.50153
Completeness in resolution range: 1
Completeness with d_max=infinity: 0.747212

Number of F-obs in resolution range:                   201
Number of F-obs<0 (these reflections will be rejected): 0
Number of F-obs=0 (these reflections will be used in refinement): 0
Refinement resolution range: d_max =   3.9294
                             d_min =   2.5015

R-free flags:
  /scratch/m_zhen01/30993.lupus.uni-muenster.de/p26/02_mtz/215_WGG07-new.mtz:R-free-flags
Miller array info: /scratch/m_zhen01/30993.lupus.uni-muenster.de/p26/02_mtz/215_WGG07-new.mtz:R-free-flags
Observation type: None
Type of data: int, size=201
Type of sigmas: None
Number of Miller indices: 201
Anomalous flag: False
Unit cell: (12.289, 11.691, 13.906, 90, 90, 90)
Space group: P 1 (No. 1)
Systematic absences: 0
Centric reflections: 0
Resolution range: 3.9294 2.50153
Completeness in resolution range: 1
Completeness with d_max=infinity: 0.747212
Wavelength: 1.0000

Test (R-free flags) flag value: 1

Number of work/free reflections by resolution:
                                  work free  %free
  bin  1: 3.9294 - 3.6119 [21/21]   16    5  23.8%
  bin  2: 3.6119 - 3.3772 [21/21]   21    0   0.0%
  bin  3: 3.3772 - 3.1936 [24/24]   24    0   0.0%
  bin  4: 3.1936 - 3.0443 [ 7/7 ]    7    0   0.0%
  bin  5: 3.0443 - 2.9196 [27/27]   27    0   0.0%
  bin  6: 2.9196 - 2.8131 [18/18]   14    4  22.2%
  bin  7: 2.8131 - 2.7206 [15/15]   11    4  26.7%
  bin  8: 2.7206 - 2.6391 [32/32]   32    0   0.0%
  bin  9: 2.6391 - 2.5666 [18/18]   18    0   0.0%
  bin 10: 2.5666 - 2.5015 [18/18]   18    0   0.0%
                          overall  188   13   6.5%

                   ----------Processing PDB file(s)----------                  

  Monomer Library directory:
    "/tmp1/m_zhen01/phenix-installer-1.10.1-2155-intel-linux-2.6-x86_64-centos5/phenix-1.10.1-2155/modules/chem_data/mon_lib"
  Total number of atoms: 41
  Number of models: 1
  Model: ""
    Number of chains: 1
    Chain: "A"
      Number of atoms: 41
      Number of conformers: 1
      Conformer: ""
        Number of residues, atoms: 3, 41
          Classifications: {'peptide': 3}
          Modifications used: {'NH2NOTPRO': 1, 'COOH': 1}
          Link IDs: {'TRANS': 2}
  Time building chain proxies: 0.08, per 1000 atoms: 1.95
  Number of scatterers: 41
  At special positions: 0
  Unit cell: (12.289, 11.691, 13.906, 90, 90, 90)
  Space group: P 1 (No. 1)
  Number of sites at special positions: 0
  Number of scattering types: 4
    Type Number    sf(0)
     O       4      8.00
     N       4      7.00
     C      15      6.00
     H      18      1.00
    sf(0) = scattering factor at diffraction angle 0.

  Number of disulfides: simple=0, symmetry=0

  Automatic linking
    Parameters for automatic linking
      Linking & cutoffs
        Metal                : False - 3.50
        Amimo acid           : False - 1.90
        Carbohydrate         : True  - 1.99
        Ligands              : True  - 1.99
        Amino acid - RNA/DNA : False
      
  Number of custom bonds: simple=0, symmetry=0
  Time building additional restraints: 0.02
  Conformation dependent library (CDL) restraints added in 2.4 milliseconds
  
  Adding C-beta torsion restraints...
  Number of C-beta restraints generated:  2
  Time building geometry restraints manager: 0.03 seconds

  NOTE: a complete listing of the restraints can be obtained by requesting
        output of .geo file.

  Histogram of bond lengths:
        0.82 -     0.96: 10
        0.96 -     1.10: 8
        1.10 -     1.24: 3
        1.24 -     1.38: 8
        1.38 -     1.52: 13
  Bond restraints: 42
  Sorted by residual:
  bond pdb=" C   TRP A   1 "
       pdb=" CA  TRP A   1 "
    ideal  model  delta    sigma   weight residual
    1.525  1.471  0.054 2.10e-02 2.27e+03 6.52e+00
  bond pdb=" CZ3 TRP A   1 "
       pdb=" HZ3 TRP A   1 "
    ideal  model  delta    sigma   weight residual
    0.930  0.883  0.047 2.00e-02 2.50e+03 5.47e+00
  bond pdb=" NE1 TRP A   1 "
       pdb=" HE1 TRP A   1 "
    ideal  model  delta    sigma   weight residual
    0.860  0.820  0.040 2.00e-02 2.50e+03 3.97e+00
  bond pdb=" CH2 TRP A   1 "
       pdb=" HH2 TRP A   1 "
    ideal  model  delta    sigma   weight residual
    0.930  0.894  0.036 2.00e-02 2.50e+03 3.18e+00
  bond pdb=" C   GLY A   2 "
       pdb=" O   GLY A   2 "
    ideal  model  delta    sigma   weight residual
    1.235  1.211  0.024 1.35e-02 5.49e+03 3.05e+00
  ... (remaining 37 not shown)

  Histogram of bond angle deviations from ideal:
      104.51 -   110.29: 22
      110.29 -   116.07: 12
      116.07 -   121.84: 18
      121.84 -   127.62: 15
      127.62 -   133.40: 2
  Bond angle restraints: 69
  Sorted by residual:
  angle pdb=" C   TRP A   1 "
        pdb=" N   GLY A   2 "
        pdb=" CA  GLY A   2 "
      ideal   model   delta    sigma   weight residual
     121.41  125.33   -3.92 1.96e+00 2.60e-01 4.01e+00
  angle pdb=" C   GLY A   3 "
        pdb=" CA  GLY A   3 "
        pdb=" N   GLY A   3 "
      ideal   model   delta    sigma   weight residual
     113.30  107.64    5.66 2.90e+00 1.19e-01 3.81e+00
  angle pdb=" CA  TRP A   1 "
        pdb=" CB  TRP A   1 "
        pdb=" CG  TRP A   1 "
      ideal   model   delta    sigma   weight residual
     113.60  116.89   -3.29 1.90e+00 2.77e-01 2.99e+00
  angle pdb=" HA1 GLY A   2 "
        pdb=" CA  GLY A   2 "
        pdb=" N   GLY A   2 "
      ideal   model   delta    sigma   weight residual
     110.00  105.19    4.81 3.00e+00 1.11e-01 2.57e+00
  angle pdb=" HA1 GLY A   3 "
        pdb=" CA  GLY A   3 "
        pdb=" HA2 GLY A   3 "
      ideal   model   delta    sigma   weight residual
     109.00  113.63   -4.63 3.00e+00 1.11e-01 2.38e+00
  ... (remaining 64 not shown)

  Histogram of dihedral angle deviations from ideal:
        0.27 -    35.94: 13
       35.94 -    71.61: 0
       71.61 -   107.28: 0
      107.28 -   142.96: 0
      142.96 -   178.63: 1
  Dihedral angle restraints: 14
    sinusoidal: 3
      harmonic: 11
  Sorted by residual:
  dihedral pdb=" O   GLY A   3 "
           pdb=" C   GLY A   3 "
           pdb=" OXT GLY A   3 "
           pdb=" HXT GLY A   3 "
      ideal   model   delta  harmonic     sigma   weight residual
       0.00 -178.63  178.63     0      3.00e+01 1.11e-03 3.55e+01
  dihedral pdb=" CA  TRP A   1 "
           pdb=" CB  TRP A   1 "
           pdb=" CG  TRP A   1 "
           pdb=" CD1 TRP A   1 "
      ideal   model   delta sinusoidal    sigma   weight residual
     -90.00  -71.35  -18.65     2      2.00e+01 2.50e-03 1.23e+00
  dihedral pdb=" CB  TRP A   1 "
           pdb=" CG  TRP A   1 "
           pdb=" CD1 TRP A   1 "
           pdb=" HD1 TRP A   1 "
      ideal   model   delta  harmonic     sigma   weight residual
       0.00   -5.11    5.11     0      5.00e+00 4.00e-02 1.04e+00
  ... (remaining 11 not shown)

  Histogram of chiral volume deviations from ideal:
       0.076 -    0.076: 1
       0.076 -    0.076: 0
       0.076 -    0.076: 0
       0.076 -    0.076: 0
       0.076 -    0.076: 0
  Chirality restraints: 1
  Sorted by residual:
  chirality pdb=" CA  TRP A   1 "
            pdb=" C   TRP A   1 "
            pdb=" N   TRP A   1 "
            pdb=" CB  TRP A   1 "
    both_signs  ideal   model   delta    sigma   weight residual
      False     -2.51   -2.43   -0.08 2.00e-01 2.50e+01 1.44e-01

  Planarity restraints: 6
  Sorted by residual:
                                 delta    sigma   weight rms_deltas residual
  plane pdb=" CB  TRP A   1 "   -0.010 2.00e-02 2.50e+03   1.82e-02 1.32e+01
        pdb=" CG  TRP A   1 "    0.025 2.00e-02 2.50e+03
        pdb=" CD1 TRP A   1 "    0.039 2.00e-02 2.50e+03
        pdb=" HD1 TRP A   1 "   -0.041 2.00e-02 2.50e+03
        pdb=" NE1 TRP A   1 "   -0.006 2.00e-02 2.50e+03
        pdb=" HE1 TRP A   1 "    0.008 2.00e-02 2.50e+03
        pdb=" CE2 TRP A   1 "   -0.004 2.00e-02 2.50e+03
        pdb=" CZ2 TRP A   1 "    0.011 2.00e-02 2.50e+03
        pdb=" HZ2 TRP A   1 "   -0.009 2.00e-02 2.50e+03
        pdb=" CH2 TRP A   1 "    0.005 2.00e-02 2.50e+03
        pdb=" HH2 TRP A   1 "    0.006 2.00e-02 2.50e+03
        pdb=" CZ3 TRP A   1 "   -0.016 2.00e-02 2.50e+03
        pdb=" HZ3 TRP A   1 "   -0.011 2.00e-02 2.50e+03
        pdb=" CE3 TRP A   1 "   -0.009 2.00e-02 2.50e+03
        pdb=" HE3 TRP A   1 "    0.021 2.00e-02 2.50e+03
        pdb=" CD2 TRP A   1 "   -0.010 2.00e-02 2.50e+03
                                 delta    sigma   weight rms_deltas residual
  plane pdb=" O   GLY A   3 "    0.008 2.00e-02 2.50e+03   1.51e-02 2.84e+00
        pdb=" C   GLY A   3 "   -0.027 2.00e-02 2.50e+03
        pdb=" OXT GLY A   3 "    0.015 2.00e-02 2.50e+03
        pdb=" HXT GLY A   3 "   -0.004 2.00e-02 2.50e+03
        pdb=" CA  GLY A   3 "    0.009 2.00e-02 2.50e+03
                                 delta    sigma   weight rms_deltas residual
  plane pdb=" C   TRP A   1 "    0.020 2.00e-02 2.50e+03   1.18e-02 1.39e+00
        pdb=" O   TRP A   1 "   -0.008 2.00e-02 2.50e+03
        pdb=" CA  TRP A   1 "   -0.006 2.00e-02 2.50e+03
        pdb=" N   GLY A   2 "   -0.007 2.00e-02 2.50e+03
  ... (remaining 3 not shown)

  Histogram of nonbonded interaction distances:
        2.03 -     2.61: 31
        2.61 -     3.18: 58
        3.18 -     3.75: 52
        3.75 -     4.32: 77
        4.32 -     4.90: 112
  Nonbonded interactions: 330
  Sorted by model distance:
  nonbonded pdb=" H2  TRP A   1 "
            pdb=" HD1 TRP A   1 "
     model   vdw
     2.035 2.100
  nonbonded pdb=" HXT GLY A   3 "
            pdb=" HA1 GLY A   3 "
     model   vdw
     2.103 2.270
  nonbonded pdb=" HA  TRP A   1 "
            pdb=" HB1 TRP A   1 "
     model   vdw
     2.154 1.952
  nonbonded pdb=" HA  TRP A   1 "
            pdb=" H1  TRP A   1 "
     model   vdw
     2.185 1.816
  nonbonded pdb=" HZ2 TRP A   1 "
            pdb=" HH2 TRP A   1 "
     model   vdw
     2.239 1.680
  ... (remaining 325 not shown)

  NOTE: a complete listing of the restraints can be obtained by requesting
        output of .geo file.

                   ----------xray_structure summary----------                  

Number of scattering types: 4
  Type Number    sf(0)   Gaussians
   O       4      7.97       2
   N       4      6.97       2
   C      15      5.97       2
   H      18      1.00       2
  sf(0) = scattering factor at diffraction angle 0.
Number of scatterers: 41
At special positions: 0
Unit cell: (12.289, 11.691, 13.906, 90, 90, 90)
Space group: P 1 (No. 1)

End of input processing
r_work=0.4835 r_free=0.3168
params.data_weight: 0.0
params.restraints: cctbx
rmsd(b), start:  0.0904
mc:   0 R: 0.4915 rmsd(b):  0.0010 restraint_scale:  1.0 min_steps: 54
mc:   1 R: 0.4932 rmsd(b):  0.0011 restraint_scale:  1.0 min_steps: 54
mc:   2 R: 0.4903 rmsd(b):  0.0008 restraint_scale:  1.0 min_steps: 54
mc:   3 R: 0.4910 rmsd(b):  0.0007 restraint_scale:  1.0 min_steps: 55
mc:   4 R: 0.4928 rmsd(b):  0.0007 restraint_scale:  1.0 min_steps: 53
mc:   5 R: 0.4925 rmsd(b):  0.0006 restraint_scale:  1.0 min_steps: 55
mc:   6 R: 0.4934 rmsd(b):  0.0004 restraint_scale:  1.0 min_steps: 53
mc:   7 R: 0.4929 rmsd(b):  0.0006 restraint_scale:  1.0 min_steps: 54
mc:   8 R: 0.4930 rmsd(b):  0.0004 restraint_scale:  1.0 min_steps: 54
mc:   9 R: 0.4923 rmsd(b):  0.0005 restraint_scale:  1.0 min_steps: 57
mc:  10 R: 0.4925 rmsd(b):  0.0004 restraint_scale:  1.0 min_steps: 52
Convergence reached, stop now.
see the result structure:  ./p26/04_results/opt_cctbx/215_WGG07-new/0.9/2.pdb
Time: 6.9554
