phenix.python
you are importing  adaptive calculator, and it does nothing. Please give it energy, force....... 

============================== Collecting inputs ==============================


                   ----------Processing X-ray data----------                   

F-obs:
  /scratch/m_zhen01/30995.lupus.uni-muenster.de/p26/02_mtz/204_WG04-new.mtz:F-obs
Miller array info: None
Observation type: xray.amplitude
Type of data: double, size=193
Type of sigmas: None
Number of Miller indices: 193
Anomalous flag: False
Unit cell: (9.785, 13.624, 14.786, 90, 90, 90)
Space group: P 1 (No. 1)
Systematic absences: 0
Centric reflections: 0
Resolution range: 3.99309 2.50482
Completeness in resolution range: 1
Completeness with d_max=infinity: 0.756863

Number of F-obs in resolution range:                   193
Number of F-obs<0 (these reflections will be rejected): 0
Number of F-obs=0 (these reflections will be used in refinement): 0
Refinement resolution range: d_max =   3.9931
                             d_min =   2.5048

R-free flags:
  /scratch/m_zhen01/30995.lupus.uni-muenster.de/p26/02_mtz/204_WG04-new.mtz:R-free-flags
Miller array info: /scratch/m_zhen01/30995.lupus.uni-muenster.de/p26/02_mtz/204_WG04-new.mtz:R-free-flags
Observation type: None
Type of data: int, size=193
Type of sigmas: None
Number of Miller indices: 193
Anomalous flag: False
Unit cell: (9.785, 13.624, 14.786, 90, 90, 90)
Space group: P 1 (No. 1)
Systematic absences: 0
Centric reflections: 0
Resolution range: 3.99309 2.50482
Completeness in resolution range: 1
Completeness with d_max=infinity: 0.756863
Wavelength: 1.0000

Test (R-free flags) flag value: 1

Number of work/free reflections by resolution:
                                  work free  %free
  bin  1: 3.9931 - 3.6539 [23/23]   23    0   0.0%
  bin  2: 3.6539 - 3.4068 [14/14]   12    2  14.3%
  bin  3: 3.4068 - 3.2153 [24/24]   22    2   8.3%
  bin  4: 3.2153 - 3.0607 [26/26]   26    0   0.0%
  bin  5: 3.0607 - 2.9321 [15/15]   15    0   0.0%
  bin  6: 2.9321 - 2.8228 [18/18]   18    0   0.0%
  bin  7: 2.8228 - 2.7281 [24/24]   20    4  16.7%
  bin  8: 2.7281 - 2.6449 [21/21]   21    0   0.0%
  bin  9: 2.6449 - 2.5711 [18/18]   18    0   0.0%
  bin 10: 2.5711 - 2.5048 [10/10]   10    0   0.0%
                          overall  185    8   4.1%

                   ----------Processing PDB file(s)----------                  

  Monomer Library directory:
    "/tmp1/m_zhen01/phenix-installer-1.10.1-2155-intel-linux-2.6-x86_64-centos5/phenix-1.10.1-2155/modules/chem_data/mon_lib"
  Total number of atoms: 34
  Number of models: 1
  Model: ""
    Number of chains: 1
    Chain: "A"
      Number of atoms: 34
      Number of conformers: 1
      Conformer: ""
        Number of residues, atoms: 2, 34
          Classifications: {'peptide': 2}
          Modifications used: {'NH2NOTPRO': 1, 'COOH': 1}
          Link IDs: {'TRANS': 1}
  Time building chain proxies: 0.08, per 1000 atoms: 2.35
  Number of scatterers: 34
  At special positions: 0
  Unit cell: (9.785, 13.624, 14.786, 90, 90, 90)
  Space group: P 1 (No. 1)
  Number of sites at special positions: 0
  Number of scattering types: 4
    Type Number    sf(0)
     O       3      8.00
     N       3      7.00
     C      13      6.00
     H      15      1.00
    sf(0) = scattering factor at diffraction angle 0.

  Number of disulfides: simple=0, symmetry=0

  Automatic linking
    Parameters for automatic linking
      Linking & cutoffs
        Metal                : False - 3.50
        Amimo acid           : False - 1.90
        Carbohydrate         : True  - 1.99
        Ligands              : True  - 1.99
        Amino acid - RNA/DNA : False
      
  Number of custom bonds: simple=0, symmetry=0
  Time building additional restraints: 0.02
  Conformation dependent library (CDL) restraints added in 531.0 microseconds
  
  Adding C-beta torsion restraints...
  Number of C-beta restraints generated:  2
  Time building geometry restraints manager: 0.03 seconds

  NOTE: a complete listing of the restraints can be obtained by requesting
        output of .geo file.

  Histogram of bond lengths:
        0.82 -     0.96: 8
        0.96 -     1.10: 7
        1.10 -     1.25: 2
        1.25 -     1.39: 7
        1.39 -     1.53: 11
  Bond restraints: 35
  Sorted by residual:
  bond pdb=" NE1 TRP A   1 "
       pdb=" HE1 TRP A   1 "
    ideal  model  delta    sigma   weight residual
    0.860  0.816  0.044 2.00e-02 2.50e+03 4.94e+00
  bond pdb=" N   TRP A   1 "
       pdb=" H1  TRP A   1 "
    ideal  model  delta    sigma   weight residual
    0.960  1.004 -0.044 2.00e-02 2.50e+03 4.76e+00
  bond pdb=" CA  GLY A   2 "
       pdb=" N   GLY A   2 "
    ideal  model  delta    sigma   weight residual
    1.451  1.486 -0.035 1.60e-02 3.91e+03 4.75e+00
  bond pdb=" CG  TRP A   1 "
       pdb=" CD2 TRP A   1 "
    ideal  model  delta    sigma   weight residual
    1.433  1.471 -0.038 1.80e-02 3.09e+03 4.56e+00
  bond pdb=" CZ3 TRP A   1 "
       pdb=" HZ3 TRP A   1 "
    ideal  model  delta    sigma   weight residual
    0.930  0.897  0.033 2.00e-02 2.50e+03 2.68e+00
  ... (remaining 30 not shown)

  Histogram of bond angle deviations from ideal:
      103.35 -   109.42: 11
      109.42 -   115.49: 16
      115.49 -   121.55: 16
      121.55 -   127.62: 11
      127.62 -   133.69: 3
  Bond angle restraints: 57
  Sorted by residual:
  angle pdb=" HA2 GLY A   2 "
        pdb=" CA  GLY A   2 "
        pdb=" N   GLY A   2 "
      ideal   model   delta    sigma   weight residual
     110.00  103.35    6.65 3.00e+00 1.11e-01 4.91e+00
  angle pdb=" CA  TRP A   1 "
        pdb=" CB  TRP A   1 "
        pdb=" CG  TRP A   1 "
      ideal   model   delta    sigma   weight residual
     113.60  110.05    3.55 1.90e+00 2.77e-01 3.50e+00
  angle pdb=" CB  TRP A   1 "
        pdb=" CG  TRP A   1 "
        pdb=" CD2 TRP A   1 "
      ideal   model   delta    sigma   weight residual
     126.80  129.01   -2.21 1.40e+00 5.10e-01 2.50e+00
  angle pdb=" OXT GLY A   2 "
        pdb=" C   GLY A   2 "
        pdb=" O   GLY A   2 "
      ideal   model   delta    sigma   weight residual
     122.80  118.71    4.09 3.00e+00 1.11e-01 1.86e+00
  angle pdb=" O   TRP A   1 "
        pdb=" C   TRP A   1 "
        pdb=" N   GLY A   2 "
      ideal   model   delta    sigma   weight residual
     123.00  121.01    1.99 1.60e+00 3.91e-01 1.55e+00
  ... (remaining 52 not shown)

  Histogram of dihedral angle deviations from ideal:
        0.56 -    36.21: 12
       36.21 -    71.85: 0
       71.85 -   107.50: 0
      107.50 -   143.15: 0
      143.15 -   178.79: 1
  Dihedral angle restraints: 13
    sinusoidal: 3
      harmonic: 10
  Sorted by residual:
  dihedral pdb=" O   GLY A   2 "
           pdb=" OXT GLY A   2 "
           pdb=" C   GLY A   2 "
           pdb=" HXT GLY A   2 "
      ideal   model   delta  harmonic     sigma   weight residual
       0.00 -178.79  178.79     0      3.00e+01 1.11e-03 3.55e+01
  dihedral pdb=" OXT GLY A   2 "
           pdb=" C   GLY A   2 "
           pdb=" CA  GLY A   2 "
           pdb=" N   GLY A   2 "
      ideal   model   delta sinusoidal    sigma   weight residual
     160.00  133.75   26.25     2      3.00e+01 1.11e-03 1.04e+00
  dihedral pdb=" CG  TRP A   1 "
           pdb=" CE3 TRP A   1 "
           pdb=" CD2 TRP A   1 "
           pdb=" HE3 TRP A   1 "
      ideal   model   delta  harmonic     sigma   weight residual
       0.00   -4.95    4.95     0      5.00e+00 4.00e-02 9.82e-01
  ... (remaining 10 not shown)

  Histogram of chiral volume deviations from ideal:
       0.065 -    0.065: 1
       0.065 -    0.065: 0
       0.065 -    0.065: 0
       0.065 -    0.065: 0
       0.065 -    0.065: 0
  Chirality restraints: 1
  Sorted by residual:
  chirality pdb=" CA  TRP A   1 "
            pdb=" C   TRP A   1 "
            pdb=" N   TRP A   1 "
            pdb=" CB  TRP A   1 "
    both_signs  ideal   model   delta    sigma   weight residual
      False     -2.51   -2.58    0.07 2.00e-01 2.50e+01 1.07e-01

  Planarity restraints: 4
  Sorted by residual:
                                 delta    sigma   weight rms_deltas residual
  plane pdb=" CB  TRP A   1 "   -0.008 2.00e-02 2.50e+03   1.19e-02 5.71e+00
        pdb=" CG  TRP A   1 "    0.001 2.00e-02 2.50e+03
        pdb=" CD1 TRP A   1 "   -0.009 2.00e-02 2.50e+03
        pdb=" HD1 TRP A   1 "   -0.008 2.00e-02 2.50e+03
        pdb=" NE1 TRP A   1 "    0.009 2.00e-02 2.50e+03
        pdb=" HE1 TRP A   1 "    0.027 2.00e-02 2.50e+03
        pdb=" CE2 TRP A   1 "   -0.016 2.00e-02 2.50e+03
        pdb=" CZ2 TRP A   1 "   -0.011 2.00e-02 2.50e+03
        pdb=" HZ2 TRP A   1 "   -0.008 2.00e-02 2.50e+03
        pdb=" CH2 TRP A   1 "   -0.003 2.00e-02 2.50e+03
        pdb=" HH2 TRP A   1 "   -0.003 2.00e-02 2.50e+03
        pdb=" CZ3 TRP A   1 "    0.005 2.00e-02 2.50e+03
        pdb=" HZ3 TRP A   1 "    0.009 2.00e-02 2.50e+03
        pdb=" CE3 TRP A   1 "   -0.015 2.00e-02 2.50e+03
        pdb=" HE3 TRP A   1 "    0.009 2.00e-02 2.50e+03
        pdb=" CD2 TRP A   1 "    0.020 2.00e-02 2.50e+03
                                 delta    sigma   weight rms_deltas residual
  plane pdb=" C   TRP A   1 "   -0.029 2.00e-02 2.50e+03   1.70e-02 2.88e+00
        pdb=" O   TRP A   1 "    0.011 2.00e-02 2.50e+03
        pdb=" CA  TRP A   1 "    0.008 2.00e-02 2.50e+03
        pdb=" N   GLY A   2 "    0.010 2.00e-02 2.50e+03
                                 delta    sigma   weight rms_deltas residual
  plane pdb=" OXT GLY A   2 "   -0.007 2.00e-02 2.50e+03   5.00e-03 3.13e-01
        pdb=" C   GLY A   2 "   -0.002 2.00e-02 2.50e+03
        pdb=" O   GLY A   2 "    0.004 2.00e-02 2.50e+03
        pdb=" HXT GLY A   2 "    0.007 2.00e-02 2.50e+03
        pdb=" CA  GLY A   2 "   -0.001 2.00e-02 2.50e+03
  ... (remaining 1 not shown)

  Histogram of nonbonded interaction distances:
        2.04 -     2.61: 21
        2.61 -     3.18: 42
        3.18 -     3.75: 59
        3.75 -     4.32: 56
        4.32 -     4.88: 63
  Nonbonded interactions: 241
  Sorted by model distance:
  nonbonded pdb=" HA2 GLY A   2 "
            pdb=" H   GLY A   2 "
     model   vdw
     2.042 1.816
  nonbonded pdb=" H2  TRP A   1 "
            pdb=" H   GLY A   2 "
     model   vdw
     2.145 2.100
  nonbonded pdb=" HXT GLY A   2 "
            pdb=" HA1 GLY A   2 "
     model   vdw
     2.153 2.270
  nonbonded pdb=" HA  TRP A   1 "
            pdb=" H2  TRP A   1 "
     model   vdw
     2.253 1.816
  nonbonded pdb=" HH2 TRP A   1 "
            pdb=" HZ3 TRP A   1 "
     model   vdw
     2.270 1.680
  ... (remaining 236 not shown)

  NOTE: a complete listing of the restraints can be obtained by requesting
        output of .geo file.

                   ----------xray_structure summary----------                  

Number of scattering types: 4
  Type Number    sf(0)   Gaussians
   O       3      7.97       2
   N       3      6.97       2
   C      13      5.97       2
   H      15      1.00       2
  sf(0) = scattering factor at diffraction angle 0.
Number of scatterers: 34
At special positions: 0
Unit cell: (9.785, 13.624, 14.786, 90, 90, 90)
Space group: P 1 (No. 1)

End of input processing
r_work=0.4721 r_free=0.3865
params.data_weight: None
params.restraints: cctbx
rmsd(b), start:  0.0869
mc:   0 R: 0.1526 rmsd(b):  0.1162 restraint_scale:  2.0 min_steps: 22
mc:   1 R: 0.0751 rmsd(b):  0.0521 restraint_scale:  4.0 min_steps: 17
mc:   2 R: 0.0385 rmsd(b):  0.0330 restraint_scale:  8.0 min_steps: 15
mc:   3 R: 0.0261 rmsd(b):  0.0597 restraint_scale: 16.0 min_steps: 17
mc:   4 R: 0.0224 rmsd(b):  0.0416 restraint_scale: 32.0 min_steps: 9
mc:   5 R: 0.0199 rmsd(b):  0.0304 restraint_scale: 64.0 min_steps: 10
mc:   6 R: 0.0198 rmsd(b):  0.0304 restraint_scale: 128.0 min_steps: 1
Convergence reached, stop now.
see the result structure:  ./p26/04_results/refine_cctbx/204_WG04-new/0.6/4.pdb
Time: 6.0590
