phenix.python
you are importing  adaptive calculator, and it does nothing. Please give it energy, force....... 

============================== Collecting inputs ==============================


                   ----------Processing X-ray data----------                   

F-obs:
  /scratch/m_zhen01/30995.lupus.uni-muenster.de/p26/02_mtz/204_WG04-new.mtz:F-obs
Miller array info: None
Observation type: xray.amplitude
Type of data: double, size=193
Type of sigmas: None
Number of Miller indices: 193
Anomalous flag: False
Unit cell: (9.785, 13.624, 14.786, 90, 90, 90)
Space group: P 1 (No. 1)
Systematic absences: 0
Centric reflections: 0
Resolution range: 3.99309 2.50482
Completeness in resolution range: 1
Completeness with d_max=infinity: 0.756863

Number of F-obs in resolution range:                   193
Number of F-obs<0 (these reflections will be rejected): 0
Number of F-obs=0 (these reflections will be used in refinement): 0
Refinement resolution range: d_max =   3.9931
                             d_min =   2.5048

R-free flags:
  /scratch/m_zhen01/30995.lupus.uni-muenster.de/p26/02_mtz/204_WG04-new.mtz:R-free-flags
Miller array info: /scratch/m_zhen01/30995.lupus.uni-muenster.de/p26/02_mtz/204_WG04-new.mtz:R-free-flags
Observation type: None
Type of data: int, size=193
Type of sigmas: None
Number of Miller indices: 193
Anomalous flag: False
Unit cell: (9.785, 13.624, 14.786, 90, 90, 90)
Space group: P 1 (No. 1)
Systematic absences: 0
Centric reflections: 0
Resolution range: 3.99309 2.50482
Completeness in resolution range: 1
Completeness with d_max=infinity: 0.756863
Wavelength: 1.0000

Test (R-free flags) flag value: 1

Number of work/free reflections by resolution:
                                  work free  %free
  bin  1: 3.9931 - 3.6539 [23/23]   23    0   0.0%
  bin  2: 3.6539 - 3.4068 [14/14]   12    2  14.3%
  bin  3: 3.4068 - 3.2153 [24/24]   22    2   8.3%
  bin  4: 3.2153 - 3.0607 [26/26]   26    0   0.0%
  bin  5: 3.0607 - 2.9321 [15/15]   15    0   0.0%
  bin  6: 2.9321 - 2.8228 [18/18]   18    0   0.0%
  bin  7: 2.8228 - 2.7281 [24/24]   20    4  16.7%
  bin  8: 2.7281 - 2.6449 [21/21]   21    0   0.0%
  bin  9: 2.6449 - 2.5711 [18/18]   18    0   0.0%
  bin 10: 2.5711 - 2.5048 [10/10]   10    0   0.0%
                          overall  185    8   4.1%

                   ----------Processing PDB file(s)----------                  

  Monomer Library directory:
    "/tmp1/m_zhen01/phenix-installer-1.10.1-2155-intel-linux-2.6-x86_64-centos5/phenix-1.10.1-2155/modules/chem_data/mon_lib"
  Total number of atoms: 34
  Number of models: 1
  Model: ""
    Number of chains: 1
    Chain: "A"
      Number of atoms: 34
      Number of conformers: 1
      Conformer: ""
        Number of residues, atoms: 2, 34
          Classifications: {'peptide': 2}
          Modifications used: {'NH2NOTPRO': 1, 'COOH': 1}
          Link IDs: {'TRANS': 1}
  Time building chain proxies: 0.08, per 1000 atoms: 2.35
  Number of scatterers: 34
  At special positions: 0
  Unit cell: (9.785, 13.624, 14.786, 90, 90, 90)
  Space group: P 1 (No. 1)
  Number of sites at special positions: 0
  Number of scattering types: 4
    Type Number    sf(0)
     O       3      8.00
     N       3      7.00
     C      13      6.00
     H      15      1.00
    sf(0) = scattering factor at diffraction angle 0.

  Number of disulfides: simple=0, symmetry=0

  Automatic linking
    Parameters for automatic linking
      Linking & cutoffs
        Metal                : False - 3.50
        Amimo acid           : False - 1.90
        Carbohydrate         : True  - 1.99
        Ligands              : True  - 1.99
        Amino acid - RNA/DNA : False
      
  Number of custom bonds: simple=0, symmetry=0
  Time building additional restraints: 0.02
  Conformation dependent library (CDL) restraints added in 524.0 microseconds
  
  Adding C-beta torsion restraints...
  Number of C-beta restraints generated:  2
  Time building geometry restraints manager: 0.03 seconds

  NOTE: a complete listing of the restraints can be obtained by requesting
        output of .geo file.

  Histogram of bond lengths:
        0.83 -     0.98: 10
        0.98 -     1.12: 5
        1.12 -     1.26: 2
        1.26 -     1.40: 7
        1.40 -     1.54: 11
  Bond restraints: 35
  Sorted by residual:
  bond pdb=" CE3 TRP A   1 "
       pdb=" HE3 TRP A   1 "
    ideal  model  delta    sigma   weight residual
    0.930  0.881  0.049 2.00e-02 2.50e+03 6.05e+00
  bond pdb=" CZ3 TRP A   1 "
       pdb=" HZ3 TRP A   1 "
    ideal  model  delta    sigma   weight residual
    0.930  0.887  0.043 2.00e-02 2.50e+03 4.61e+00
  bond pdb=" CA  GLY A   2 "
       pdb=" N   GLY A   2 "
    ideal  model  delta    sigma   weight residual
    1.451  1.423  0.028 1.60e-02 3.91e+03 2.98e+00
  bond pdb=" CA  TRP A   1 "
       pdb=" HA  TRP A   1 "
    ideal  model  delta    sigma   weight residual
    0.970  1.004 -0.034 2.00e-02 2.50e+03 2.86e+00
  bond pdb=" CE3 TRP A   1 "
       pdb=" CD2 TRP A   1 "
    ideal  model  delta    sigma   weight residual
    1.398  1.424 -0.026 1.60e-02 3.91e+03 2.56e+00
  ... (remaining 30 not shown)

  Histogram of bond angle deviations from ideal:
      104.58 -   110.55: 22
      110.55 -   116.52: 5
      116.52 -   122.49: 17
      122.49 -   128.46: 11
      128.46 -   134.44: 2
  Bond angle restraints: 57
  Sorted by residual:
  angle pdb=" CA  TRP A   1 "
        pdb=" CB  TRP A   1 "
        pdb=" CG  TRP A   1 "
      ideal   model   delta    sigma   weight residual
     113.60  110.18    3.42 1.90e+00 2.77e-01 3.24e+00
  angle pdb=" OXT GLY A   2 "
        pdb=" C   GLY A   2 "
        pdb=" CA  GLY A   2 "
      ideal   model   delta    sigma   weight residual
     118.60  123.75   -5.15 3.00e+00 1.11e-01 2.94e+00
  angle pdb=" C   GLY A   2 "
        pdb=" CA  GLY A   2 "
        pdb=" N   GLY A   2 "
      ideal   model   delta    sigma   weight residual
     113.30  117.82   -4.52 2.90e+00 1.19e-01 2.43e+00
  angle pdb=" HA1 GLY A   2 "
        pdb=" CA  GLY A   2 "
        pdb=" HA2 GLY A   2 "
      ideal   model   delta    sigma   weight residual
     109.00  104.58    4.42 3.00e+00 1.11e-01 2.17e+00
  angle pdb=" CB  TRP A   1 "
        pdb=" CG  TRP A   1 "
        pdb=" CD1 TRP A   1 "
      ideal   model   delta    sigma   weight residual
     126.90  124.85    2.05 1.50e+00 4.44e-01 1.86e+00
  ... (remaining 52 not shown)

  Histogram of dihedral angle deviations from ideal:
        0.35 -    35.55: 12
       35.55 -    70.76: 0
       70.76 -   105.96: 0
      105.96 -   141.17: 0
      141.17 -   176.38: 1
  Dihedral angle restraints: 13
    sinusoidal: 3
      harmonic: 10
  Sorted by residual:
  dihedral pdb=" O   GLY A   2 "
           pdb=" OXT GLY A   2 "
           pdb=" C   GLY A   2 "
           pdb=" HXT GLY A   2 "
      ideal   model   delta  harmonic     sigma   weight residual
       0.00 -176.38  176.38     0      3.00e+01 1.11e-03 3.46e+01
  dihedral pdb=" OXT GLY A   2 "
           pdb=" C   GLY A   2 "
           pdb=" CA  GLY A   2 "
           pdb=" N   GLY A   2 "
      ideal   model   delta sinusoidal    sigma   weight residual
     160.00  127.95   32.05     2      3.00e+01 1.11e-03 1.50e+00
  dihedral pdb=" N   TRP A   1 "
           pdb=" CA  TRP A   1 "
           pdb=" CB  TRP A   1 "
           pdb=" CG  TRP A   1 "
      ideal   model   delta sinusoidal    sigma   weight residual
      60.00   45.73   14.27     3      1.50e+01 4.44e-03 1.26e+00
  ... (remaining 10 not shown)

  Histogram of chiral volume deviations from ideal:
       0.017 -    0.017: 1
       0.017 -    0.017: 0
       0.017 -    0.017: 0
       0.017 -    0.017: 0
       0.017 -    0.017: 0
  Chirality restraints: 1
  Sorted by residual:
  chirality pdb=" CA  TRP A   1 "
            pdb=" C   TRP A   1 "
            pdb=" N   TRP A   1 "
            pdb=" CB  TRP A   1 "
    both_signs  ideal   model   delta    sigma   weight residual
      False     -2.51   -2.49   -0.02 2.00e-01 2.50e+01 6.86e-03

  Planarity restraints: 4
  Sorted by residual:
                                 delta    sigma   weight rms_deltas residual
  plane pdb=" CB  TRP A   1 "    0.011 2.00e-02 2.50e+03   1.33e-02 7.13e+00
        pdb=" CG  TRP A   1 "   -0.017 2.00e-02 2.50e+03
        pdb=" CD1 TRP A   1 "    0.006 2.00e-02 2.50e+03
        pdb=" HD1 TRP A   1 "    0.004 2.00e-02 2.50e+03
        pdb=" NE1 TRP A   1 "    0.016 2.00e-02 2.50e+03
        pdb=" HE1 TRP A   1 "   -0.022 2.00e-02 2.50e+03
        pdb=" CE2 TRP A   1 "   -0.001 2.00e-02 2.50e+03
        pdb=" CZ2 TRP A   1 "   -0.010 2.00e-02 2.50e+03
        pdb=" HZ2 TRP A   1 "    0.010 2.00e-02 2.50e+03
        pdb=" CH2 TRP A   1 "   -0.003 2.00e-02 2.50e+03
        pdb=" HH2 TRP A   1 "    0.000 2.00e-02 2.50e+03
        pdb=" CZ3 TRP A   1 "    0.016 2.00e-02 2.50e+03
        pdb=" HZ3 TRP A   1 "   -0.005 2.00e-02 2.50e+03
        pdb=" CE3 TRP A   1 "    0.020 2.00e-02 2.50e+03
        pdb=" HE3 TRP A   1 "   -0.027 2.00e-02 2.50e+03
        pdb=" CD2 TRP A   1 "    0.002 2.00e-02 2.50e+03
                                 delta    sigma   weight rms_deltas residual
  plane pdb=" OXT GLY A   2 "   -0.035 2.00e-02 2.50e+03   2.12e-02 5.62e+00
        pdb=" C   GLY A   2 "    0.009 2.00e-02 2.50e+03
        pdb=" O   GLY A   2 "    0.010 2.00e-02 2.50e+03
        pdb=" HXT GLY A   2 "    0.027 2.00e-02 2.50e+03
        pdb=" CA  GLY A   2 "   -0.010 2.00e-02 2.50e+03
                                 delta    sigma   weight rms_deltas residual
  plane pdb=" C   TRP A   1 "   -0.034 2.00e-02 2.50e+03   1.95e-02 3.79e+00
        pdb=" O   TRP A   1 "    0.012 2.00e-02 2.50e+03
        pdb=" CA  TRP A   1 "    0.010 2.00e-02 2.50e+03
        pdb=" N   GLY A   2 "    0.012 2.00e-02 2.50e+03
  ... (remaining 1 not shown)

  Histogram of nonbonded interaction distances:
        1.97 -     2.56: 15
        2.56 -     3.14: 43
        3.14 -     3.73: 62
        3.73 -     4.31: 61
        4.31 -     4.89: 62
  Nonbonded interactions: 243
  Sorted by model distance:
  nonbonded pdb=" H2  TRP A   1 "
            pdb=" H   GLY A   2 "
     model   vdw
     1.973 2.100
  nonbonded pdb=" HA2 GLY A   2 "
            pdb=" H   GLY A   2 "
     model   vdw
     2.111 1.816
  nonbonded pdb=" HA  TRP A   1 "
            pdb=" H1  TRP A   1 "
     model   vdw
     2.122 1.816
  nonbonded pdb=" HXT GLY A   2 "
            pdb=" HA1 GLY A   2 "
     model   vdw
     2.156 2.270
  nonbonded pdb=" HA  TRP A   1 "
            pdb=" HB1 TRP A   1 "
     model   vdw
     2.221 1.952
  ... (remaining 238 not shown)

  NOTE: a complete listing of the restraints can be obtained by requesting
        output of .geo file.

                   ----------xray_structure summary----------                  

Number of scattering types: 4
  Type Number    sf(0)   Gaussians
   O       3      7.97       2
   N       3      6.97       2
   C      13      5.97       2
   H      15      1.00       2
  sf(0) = scattering factor at diffraction angle 0.
Number of scatterers: 34
At special positions: 0
Unit cell: (9.785, 13.624, 14.786, 90, 90, 90)
Space group: P 1 (No. 1)

End of input processing
r_work=0.4497 r_free=0.2865
params.data_weight: None
params.restraints: cctbx
rmsd(b), start:  0.0881
mc:   0 R: 0.1338 rmsd(b):  0.0993 restraint_scale:  2.0 min_steps: 27
mc:   1 R: 0.0626 rmsd(b):  0.0463 restraint_scale:  4.0 min_steps: 19
mc:   2 R: 0.0327 rmsd(b):  0.0278 restraint_scale:  4.0 min_steps: 34
mc:   3 R: 0.0220 rmsd(b):  0.0474 restraint_scale:  8.0 min_steps: 17
mc:   4 R: 0.0187 rmsd(b):  0.0361 restraint_scale: 16.0 min_steps: 16
mc:   5 R: 0.0178 rmsd(b):  0.0239 restraint_scale: 16.0 min_steps: 11
mc:   6 R: 0.0143 rmsd(b):  0.0350 restraint_scale: 32.0 min_steps: 21
mc:   7 R: 0.0239 rmsd(b):  0.0047 restraint_scale: 16.0 min_steps: 19
mc:   8 R: 0.0148 rmsd(b):  0.0191 restraint_scale: 16.0 min_steps: 9
mc:   9 R: 0.0133 rmsd(b):  0.0220 restraint_scale: 16.0 min_steps: 7
mc:  10 R: 0.0147 rmsd(b):  0.0129 restraint_scale: 16.0 min_steps: 12
mc:  11 R: 0.0120 rmsd(b):  0.0228 restraint_scale: 16.0 min_steps: 16
mc:  12 R: 0.0128 rmsd(b):  0.0183 restraint_scale: 16.0 min_steps: 11
Convergence reached, stop now.
see the result structure:  ./p26/04_results/refine_cctbx/204_WG04-new/0.6/7.pdb
Time: 7.0410
