phenix.python
you are importing  adaptive calculator, and it does nothing. Please give it energy, force....... 

============================== Collecting inputs ==============================


                   ----------Processing X-ray data----------                   

F-obs:
  /scratch/m_zhen01/30995.lupus.uni-muenster.de/p26/02_mtz/252_FGG55-new.mtz:F-obs
Miller array info: None
Observation type: xray.amplitude
Type of data: double, size=198
Type of sigmas: None
Number of Miller indices: 198
Anomalous flag: False
Unit cell: (13.54, 12.837, 11.4, 90, 90, 90)
Space group: P 1 (No. 1)
Systematic absences: 0
Centric reflections: 0
Resolution range: 3.98871 2.50467
Completeness in resolution range: 1
Completeness with d_max=infinity: 0.744361

Number of F-obs in resolution range:                   198
Number of F-obs<0 (these reflections will be rejected): 0
Number of F-obs=0 (these reflections will be used in refinement): 0
Refinement resolution range: d_max =   3.9887
                             d_min =   2.5047

R-free flags:
  /scratch/m_zhen01/30995.lupus.uni-muenster.de/p26/02_mtz/252_FGG55-new.mtz:R-free-flags
Miller array info: /scratch/m_zhen01/30995.lupus.uni-muenster.de/p26/02_mtz/252_FGG55-new.mtz:R-free-flags
Observation type: None
Type of data: int, size=198
Type of sigmas: None
Number of Miller indices: 198
Anomalous flag: False
Unit cell: (13.54, 12.837, 11.4, 90, 90, 90)
Space group: P 1 (No. 1)
Systematic absences: 0
Centric reflections: 0
Resolution range: 3.98871 2.50467
Completeness in resolution range: 1
Completeness with d_max=infinity: 0.744361
Wavelength: 1.0000

Test (R-free flags) flag value: 1

Number of work/free reflections by resolution:
                                  work free  %free
  bin  1: 3.9887 - 3.6511 [13/13]   13    0   0.0%
  bin  2: 3.6511 - 3.4048 [28/28]   24    4  14.3%
  bin  3: 3.4048 - 3.2139 [13/13]    9    4  30.8%
  bin  4: 3.2139 - 3.0597 [23/23]   23    0   0.0%
  bin  5: 3.0597 - 2.9314 [18/18]   18    0   0.0%
  bin  6: 2.9314 - 2.8222 [21/21]   21    0   0.0%
  bin  7: 2.8222 - 2.7276 [18/18]   18    0   0.0%
  bin  8: 2.7276 - 2.6446 [21/21]   20    1   4.8%
  bin  9: 2.6446 - 2.5708 [28/28]   28    0   0.0%
  bin 10: 2.5708 - 2.5047 [15/15]   14    1   6.7%
                          overall  188   10   5.1%

                   ----------Processing PDB file(s)----------                  

  Monomer Library directory:
    "/tmp1/m_zhen01/phenix-installer-1.10.1-2155-intel-linux-2.6-x86_64-centos5/phenix-1.10.1-2155/modules/chem_data/mon_lib"
  Total number of atoms: 37
  Number of models: 1
  Model: ""
    Number of chains: 1
    Chain: "A"
      Number of atoms: 37
      Number of conformers: 1
      Conformer: ""
        Number of residues, atoms: 3, 37
          Classifications: {'peptide': 3}
          Modifications used: {'NH2NOTPRO': 1, 'COOH': 1}
          Link IDs: {'TRANS': 2}
  Time building chain proxies: 0.08, per 1000 atoms: 2.16
  Number of scatterers: 37
  At special positions: 0
  Unit cell: (13.54, 12.837, 11.4, 90, 90, 90)
  Space group: P 1 (No. 1)
  Number of sites at special positions: 0
  Number of scattering types: 4
    Type Number    sf(0)
     O       4      8.00
     N       3      7.00
     C      13      6.00
     H      17      1.00
    sf(0) = scattering factor at diffraction angle 0.

  Number of disulfides: simple=0, symmetry=0

  Automatic linking
    Parameters for automatic linking
      Linking & cutoffs
        Metal                : False - 3.50
        Amimo acid           : False - 1.90
        Carbohydrate         : True  - 1.99
        Ligands              : True  - 1.99
        Amino acid - RNA/DNA : False
      
  Number of custom bonds: simple=0, symmetry=0
  Time building additional restraints: 0.02
  Conformation dependent library (CDL) restraints added in 2.5 milliseconds
  
  Adding C-beta torsion restraints...
  Number of C-beta restraints generated:  2
  Time building geometry restraints manager: 0.03 seconds

  NOTE: a complete listing of the restraints can be obtained by requesting
        output of .geo file.

  Histogram of bond lengths:
        0.84 -     0.98: 14
        0.98 -     1.12: 3
        1.12 -     1.25: 2
        1.25 -     1.39: 10
        1.39 -     1.53: 8
  Bond restraints: 37
  Sorted by residual:
  bond pdb=" CA  GLY A   2 "
       pdb=" HA1 GLY A   2 "
    ideal  model  delta    sigma   weight residual
    0.970  1.039 -0.069 2.00e-02 2.50e+03 1.19e+01
  bond pdb=" CE1 PHE A   1 "
       pdb=" HE1 PHE A   1 "
    ideal  model  delta    sigma   weight residual
    0.930  0.866  0.064 2.00e-02 2.50e+03 1.02e+01
  bond pdb=" CE2 PHE A   1 "
       pdb=" HE2 PHE A   1 "
    ideal  model  delta    sigma   weight residual
    0.930  0.886  0.044 2.00e-02 2.50e+03 4.94e+00
  bond pdb=" CA  PHE A   1 "
       pdb=" CB  PHE A   1 "
    ideal  model  delta    sigma   weight residual
    1.530  1.487  0.043 2.00e-02 2.50e+03 4.69e+00
  bond pdb=" CE1 PHE A   1 "
       pdb=" CD1 PHE A   1 "
    ideal  model  delta    sigma   weight residual
    1.382  1.328  0.054 3.00e-02 1.11e+03 3.29e+00
  ... (remaining 32 not shown)

  Histogram of bond angle deviations from ideal:
      105.01 -   109.05: 10
      109.05 -   113.09: 16
      113.09 -   117.13: 5
      117.13 -   121.17: 19
      121.17 -   125.21: 10
  Bond angle restraints: 60
  Sorted by residual:
  angle pdb=" O   PHE A   1 "
        pdb=" C   PHE A   1 "
        pdb=" N   GLY A   2 "
      ideal   model   delta    sigma   weight residual
     123.00  119.88    3.12 1.60e+00 3.91e-01 3.81e+00
  angle pdb=" CA  PHE A   1 "
        pdb=" C   PHE A   1 "
        pdb=" N   GLY A   2 "
      ideal   model   delta    sigma   weight residual
     116.20  119.31   -3.11 2.00e+00 2.50e-01 2.42e+00
  angle pdb=" C   PHE A   1 "
        pdb=" N   GLY A   2 "
        pdb=" H   GLY A   2 "
      ideal   model   delta    sigma   weight residual
     124.30  120.46    3.84 3.00e+00 1.11e-01 1.64e+00
  angle pdb=" CB  PHE A   1 "
        pdb=" CG  PHE A   1 "
        pdb=" CD1 PHE A   1 "
      ideal   model   delta    sigma   weight residual
     120.70  118.85    1.85 1.70e+00 3.46e-01 1.19e+00
  angle pdb=" C   GLY A   3 "
        pdb=" CA  GLY A   3 "
        pdb=" N   GLY A   3 "
      ideal   model   delta    sigma   weight residual
     113.30  110.23    3.07 2.90e+00 1.19e-01 1.12e+00
  ... (remaining 55 not shown)

  Histogram of dihedral angle deviations from ideal:
        0.13 -    35.65: 11
       35.65 -    71.17: 1
       71.17 -   106.69: 0
      106.69 -   142.21: 0
      142.21 -   177.72: 1
  Dihedral angle restraints: 13
    sinusoidal: 3
      harmonic: 10
  Sorted by residual:
  dihedral pdb=" O   GLY A   3 "
           pdb=" C   GLY A   3 "
           pdb=" OXT GLY A   3 "
           pdb=" HXT GLY A   3 "
      ideal   model   delta  harmonic     sigma   weight residual
       0.00 -177.72  177.72     0      3.00e+01 1.11e-03 3.51e+01
  dihedral pdb=" OXT GLY A   3 "
           pdb=" C   GLY A   3 "
           pdb=" CA  GLY A   3 "
           pdb=" N   GLY A   3 "
      ideal   model   delta sinusoidal    sigma   weight residual
     -20.00  -79.90   59.90     2      3.00e+01 1.11e-03 3.99e+00
  dihedral pdb=" N   PHE A   1 "
           pdb=" CA  PHE A   1 "
           pdb=" CB  PHE A   1 "
           pdb=" CG  PHE A   1 "
      ideal   model   delta sinusoidal    sigma   weight residual
     180.00 -167.45  -12.55     3      1.50e+01 4.44e-03 9.87e-01
  ... (remaining 10 not shown)

  Histogram of chiral volume deviations from ideal:
       0.063 -    0.063: 1
       0.063 -    0.063: 0
       0.063 -    0.063: 0
       0.063 -    0.063: 0
       0.063 -    0.063: 0
  Chirality restraints: 1
  Sorted by residual:
  chirality pdb=" CA  PHE A   1 "
            pdb=" C   PHE A   1 "
            pdb=" N   PHE A   1 "
            pdb=" CB  PHE A   1 "
    both_signs  ideal   model   delta    sigma   weight residual
      False     -2.51   -2.45   -0.06 2.00e-01 2.50e+01 9.84e-02

  Planarity restraints: 6
  Sorted by residual:
                                 delta    sigma   weight rms_deltas residual
  plane pdb=" C   PHE A   1 "   -0.011 2.00e-02 2.50e+03   2.08e-02 4.34e+00
        pdb=" CA  GLY A   2 "   -0.010 2.00e-02 2.50e+03
        pdb=" N   GLY A   2 "    0.036 2.00e-02 2.50e+03
        pdb=" H   GLY A   2 "   -0.015 2.00e-02 2.50e+03
                                 delta    sigma   weight rms_deltas residual
  plane pdb=" C   GLY A   2 "   -0.036 2.00e-02 2.50e+03   2.06e-02 4.25e+00
        pdb=" O   GLY A   2 "    0.013 2.00e-02 2.50e+03
        pdb=" CA  GLY A   2 "    0.010 2.00e-02 2.50e+03
        pdb=" N   GLY A   3 "    0.012 2.00e-02 2.50e+03
                                 delta    sigma   weight rms_deltas residual
  plane pdb=" C   PHE A   1 "   -0.031 2.00e-02 2.50e+03   1.79e-02 3.19e+00
        pdb=" O   PHE A   1 "    0.012 2.00e-02 2.50e+03
        pdb=" CA  PHE A   1 "    0.009 2.00e-02 2.50e+03
        pdb=" N   GLY A   2 "    0.010 2.00e-02 2.50e+03
  ... (remaining 3 not shown)

  Histogram of nonbonded interaction distances:
        1.86 -     2.47: 19
        2.47 -     3.08: 53
        3.08 -     3.68: 81
        3.68 -     4.29: 54
        4.29 -     4.90: 97
  Nonbonded interactions: 304
  Sorted by model distance:
  nonbonded pdb=" O   GLY A   2 "
            pdb=" HXT GLY A   3 "
     model   vdw
     1.861 1.970
  nonbonded pdb=" HA1 GLY A   3 "
            pdb=" H   GLY A   3 "
     model   vdw
     2.098 1.816
  nonbonded pdb=" O   PHE A   1 "
            pdb=" H   GLY A   3 "
     model   vdw
     2.146 1.970
  nonbonded pdb=" HA2 GLY A   2 "
            pdb=" H   GLY A   2 "
     model   vdw
     2.152 1.816
  nonbonded pdb=" H1  PHE A   1 "
            pdb=" HA  PHE A   1 "
     model   vdw
     2.196 1.816
  ... (remaining 299 not shown)

  NOTE: a complete listing of the restraints can be obtained by requesting
        output of .geo file.

                   ----------xray_structure summary----------                  

Number of scattering types: 4
  Type Number    sf(0)   Gaussians
   O       4      7.97       2
   N       3      6.97       2
   C      13      5.97       2
   H      17      1.00       2
  sf(0) = scattering factor at diffraction angle 0.
Number of scatterers: 37
At special positions: 0
Unit cell: (13.54, 12.837, 11.4, 90, 90, 90)
Space group: P 1 (No. 1)

End of input processing
r_work=0.4460 r_free=0.5001
params.data_weight: None
params.restraints: cctbx
rmsd(b), start:  0.0929
mc:   0 R: 0.1459 rmsd(b):  0.0448 restraint_scale:  2.0 min_steps: 30
mc:   1 R: 0.0382 rmsd(b):  0.0262 restraint_scale:  2.0 min_steps: 23
mc:   2 R: 0.0165 rmsd(b):  0.0127 restraint_scale:  2.0 min_steps: 20
mc:   3 R: 0.0081 rmsd(b):  0.0253 restraint_scale:  2.0 min_steps: 22
mc:   4 R: 0.0072 rmsd(b):  0.0263 restraint_scale:  2.0 min_steps: 13
Convergence reached, stop now.
see the result structure:  ./p26/04_results/refine_cctbx/252_FGG55-new/0.6/6.pdb
Time: 5.4634
