phenix.python
you are importing  adaptive calculator, and it does nothing. Please give it energy, force....... 

============================== Collecting inputs ==============================


                   ----------Processing X-ray data----------                   

F-obs:
  /scratch/m_zhen01/30994.lupus.uni-muenster.de/p26/02_mtz/245_GFA06-new.mtz:F-obs
Miller array info: None
Observation type: xray.amplitude
Type of data: double, size=236
Type of sigmas: None
Number of Miller indices: 236
Anomalous flag: False
Unit cell: (12.522, 17.481, 10.617, 90, 90, 90)
Space group: P 1 (No. 1)
Systematic absences: 0
Centric reflections: 0
Resolution range: 3.95801 2.50258
Completeness in resolution range: 1
Completeness with d_max=infinity: 0.763754

Number of F-obs in resolution range:                   236
Number of F-obs<0 (these reflections will be rejected): 0
Number of F-obs=0 (these reflections will be used in refinement): 0
Refinement resolution range: d_max =   3.9580
                             d_min =   2.5026

R-free flags:
  /scratch/m_zhen01/30994.lupus.uni-muenster.de/p26/02_mtz/245_GFA06-new.mtz:R-free-flags
Miller array info: /scratch/m_zhen01/30994.lupus.uni-muenster.de/p26/02_mtz/245_GFA06-new.mtz:R-free-flags
Observation type: None
Type of data: int, size=236
Type of sigmas: None
Number of Miller indices: 236
Anomalous flag: False
Unit cell: (12.522, 17.481, 10.617, 90, 90, 90)
Space group: P 1 (No. 1)
Systematic absences: 0
Centric reflections: 0
Resolution range: 3.95801 2.50258
Completeness in resolution range: 1
Completeness with d_max=infinity: 0.763754
Wavelength: 1.0000

Test (R-free flags) flag value: 1

Number of work/free reflections by resolution:
                                  work free  %free
  bin  1: 3.9580 - 3.6307 [30/30]   26    4  13.3%
  bin  2: 3.6307 - 3.3903 [18/18]   18    0   0.0%
  bin  3: 3.3903 - 3.2031 [34/34]   30    4  11.8%
  bin  4: 3.2031 - 3.0514 [15/15]   15    0   0.0%
  bin  5: 3.0514 - 2.9249 [28/28]   28    0   0.0%
  bin  6: 2.9249 - 2.8170 [25/25]   23    2   8.0%
  bin  7: 2.8170 - 2.7235 [14/14]   14    0   0.0%
  bin  8: 2.7235 - 2.6413 [29/29]   29    0   0.0%
  bin  9: 2.6413 - 2.5682 [24/24]   20    4  16.7%
  bin 10: 2.5682 - 2.5026 [19/19]   19    0   0.0%
                          overall  222   14   5.9%

                   ----------Processing PDB file(s)----------                  

  Monomer Library directory:
    "/tmp1/m_zhen01/phenix-installer-1.10.1-2155-intel-linux-2.6-x86_64-centos5/phenix-1.10.1-2155/modules/chem_data/mon_lib"
  Total number of atoms: 40
  Number of models: 1
  Model: ""
    Number of chains: 1
    Chain: "A"
      Number of atoms: 40
      Number of conformers: 1
      Conformer: ""
        Number of residues, atoms: 3, 40
          Classifications: {'peptide': 3}
          Modifications used: {'NH2NOTPRO': 1, 'COOH': 1}
          Link IDs: {'TRANS': 2}
  Time building chain proxies: 0.09, per 1000 atoms: 2.25
  Number of scatterers: 40
  At special positions: 0
  Unit cell: (12.522, 17.481, 10.617, 90, 90, 90)
  Space group: P 1 (No. 1)
  Number of sites at special positions: 0
  Number of scattering types: 4
    Type Number    sf(0)
     O       4      8.00
     N       3      7.00
     C      14      6.00
     H      19      1.00
    sf(0) = scattering factor at diffraction angle 0.

  Number of disulfides: simple=0, symmetry=0

  Automatic linking
    Parameters for automatic linking
      Linking & cutoffs
        Metal                : False - 3.50
        Amimo acid           : False - 1.90
        Carbohydrate         : True  - 1.99
        Ligands              : True  - 1.99
        Amino acid - RNA/DNA : False
      
  Number of custom bonds: simple=0, symmetry=0
  Time building additional restraints: 0.03
  Conformation dependent library (CDL) restraints added in 3.9 milliseconds
  
  Adding C-beta torsion restraints...
  Number of C-beta restraints generated:  4
  Time building geometry restraints manager: 0.04 seconds

  NOTE: a complete listing of the restraints can be obtained by requesting
        output of .geo file.

  Histogram of bond lengths:
        0.83 -     0.97: 16
        0.97 -     1.11: 3
        1.11 -     1.25: 3
        1.25 -     1.39: 7
        1.39 -     1.53: 11
  Bond restraints: 40
  Sorted by residual:
  bond pdb=" CB  PHE A   2 "
       pdb=" HB1 PHE A   2 "
    ideal  model  delta    sigma   weight residual
    0.970  1.025 -0.055 2.00e-02 2.50e+03 7.54e+00
  bond pdb=" CA  ALA A   3 "
       pdb=" HA  ALA A   3 "
    ideal  model  delta    sigma   weight residual
    0.970  1.024 -0.054 2.00e-02 2.50e+03 7.22e+00
  bond pdb=" CB  ALA A   3 "
       pdb=" HB1 ALA A   3 "
    ideal  model  delta    sigma   weight residual
    0.970  0.934  0.036 2.00e-02 2.50e+03 3.32e+00
  bond pdb=" CB  ALA A   3 "
       pdb=" HB3 ALA A   3 "
    ideal  model  delta    sigma   weight residual
    0.970  0.939  0.031 2.00e-02 2.50e+03 2.42e+00
  bond pdb=" N   ALA A   3 "
       pdb=" H   ALA A   3 "
    ideal  model  delta    sigma   weight residual
    0.860  0.830  0.030 2.00e-02 2.50e+03 2.19e+00
  ... (remaining 35 not shown)

  Histogram of bond angle deviations from ideal:
      103.92 -   108.18: 12
      108.18 -   112.44: 19
      112.44 -   116.70: 7
      116.70 -   120.96: 17
      120.96 -   125.22: 11
  Bond angle restraints: 66
  Sorted by residual:
  angle pdb=" C   GLY A   1 "
        pdb=" CA  GLY A   1 "
        pdb=" N   GLY A   1 "
      ideal   model   delta    sigma   weight residual
     113.30  107.05    6.25 2.90e+00 1.19e-01 4.64e+00
  angle pdb=" O   PHE A   2 "
        pdb=" C   PHE A   2 "
        pdb=" CA  PHE A   2 "
      ideal   model   delta    sigma   weight residual
     120.58  122.66   -2.08 1.07e+00 8.73e-01 3.79e+00
  angle pdb=" C   GLY A   1 "
        pdb=" N   PHE A   2 "
        pdb=" CA  PHE A   2 "
      ideal   model   delta    sigma   weight residual
     122.42  119.97    2.45 1.33e+00 5.65e-01 3.38e+00
  angle pdb=" C   ALA A   3 "
        pdb=" CA  ALA A   3 "
        pdb=" CB  ALA A   3 "
      ideal   model   delta    sigma   weight residual
     110.50  107.79    2.71 1.50e+00 4.44e-01 3.25e+00
  angle pdb=" CA  PHE A   2 "
        pdb=" C   PHE A   2 "
        pdb=" N   ALA A   3 "
      ideal   model   delta    sigma   weight residual
     116.43  114.21    2.22 1.27e+00 6.20e-01 3.06e+00
  ... (remaining 61 not shown)

  Histogram of dihedral angle deviations from ideal:
        0.36 -    35.68: 15
       35.68 -    71.00: 0
       71.00 -   106.33: 0
      106.33 -   141.65: 0
      141.65 -   176.97: 1
  Dihedral angle restraints: 16
    sinusoidal: 4
      harmonic: 12
  Sorted by residual:
  dihedral pdb=" O   ALA A   3 "
           pdb=" C   ALA A   3 "
           pdb=" OXT ALA A   3 "
           pdb=" HXT ALA A   3 "
      ideal   model   delta  harmonic     sigma   weight residual
       0.00  176.97 -176.97     0      3.00e+01 1.11e-03 3.48e+01
  dihedral pdb=" CA  GLY A   1 "
           pdb=" C   GLY A   1 "
           pdb=" N   PHE A   2 "
           pdb=" CA  PHE A   2 "
      ideal   model   delta  harmonic     sigma   weight residual
    -180.00 -171.12   -8.88     0      5.00e+00 4.00e-02 3.15e+00
  dihedral pdb=" CG  PHE A   2 "
           pdb=" CB  PHE A   2 "
           pdb=" CA  PHE A   2 "
           pdb=" N   PHE A   2 "
      ideal   model   delta sinusoidal    sigma   weight residual
     -60.00  -71.37   11.37     3      1.50e+01 4.44e-03 8.15e-01
  ... (remaining 13 not shown)

  Histogram of chiral volume deviations from ideal:
       0.043 -    0.056: 1
       0.056 -    0.069: 0
       0.069 -    0.082: 0
       0.082 -    0.095: 0
       0.095 -    0.108: 1
  Chirality restraints: 2
  Sorted by residual:
  chirality pdb=" CA  ALA A   3 "
            pdb=" C   ALA A   3 "
            pdb=" CB  ALA A   3 "
            pdb=" N   ALA A   3 "
    both_signs  ideal   model   delta    sigma   weight residual
      False      2.48    2.59   -0.11 2.00e-01 2.50e+01 2.91e-01
  chirality pdb=" CA  PHE A   2 "
            pdb=" CB  PHE A   2 "
            pdb=" C   PHE A   2 "
            pdb=" N   PHE A   2 "
    both_signs  ideal   model   delta    sigma   weight residual
      False     -2.51   -2.47   -0.04 2.00e-01 2.50e+01 4.59e-02

  Planarity restraints: 6
  Sorted by residual:
                                 delta    sigma   weight rms_deltas residual
  plane pdb=" CB  PHE A   2 "   -0.021 2.00e-02 2.50e+03   1.80e-02 9.77e+00
        pdb=" CG  PHE A   2 "    0.026 2.00e-02 2.50e+03
        pdb=" CD2 PHE A   2 "   -0.002 2.00e-02 2.50e+03
        pdb=" HD2 PHE A   2 "    0.028 2.00e-02 2.50e+03
        pdb=" CE2 PHE A   2 "   -0.002 2.00e-02 2.50e+03
        pdb=" HE2 PHE A   2 "   -0.039 2.00e-02 2.50e+03
        pdb=" CZ  PHE A   2 "    0.012 2.00e-02 2.50e+03
        pdb=" HZ  PHE A   2 "    0.015 2.00e-02 2.50e+03
        pdb=" CE1 PHE A   2 "   -0.006 2.00e-02 2.50e+03
        pdb=" HE1 PHE A   2 "   -0.002 2.00e-02 2.50e+03
        pdb=" CD1 PHE A   2 "   -0.003 2.00e-02 2.50e+03
        pdb=" HD1 PHE A   2 "   -0.006 2.00e-02 2.50e+03
                                 delta    sigma   weight rms_deltas residual
  plane pdb=" O   ALA A   3 "   -0.009 2.00e-02 2.50e+03   1.49e-02 2.76e+00
        pdb=" C   ALA A   3 "   -0.001 2.00e-02 2.50e+03
        pdb=" OXT ALA A   3 "    0.024 2.00e-02 2.50e+03
        pdb=" HXT ALA A   3 "   -0.020 2.00e-02 2.50e+03
        pdb=" CA  ALA A   3 "    0.006 2.00e-02 2.50e+03
                                 delta    sigma   weight rms_deltas residual
  plane pdb=" C   PHE A   2 "    0.005 2.00e-02 2.50e+03   1.06e-02 1.12e+00
        pdb=" CA  ALA A   3 "    0.004 2.00e-02 2.50e+03
        pdb=" N   ALA A   3 "   -0.018 2.00e-02 2.50e+03
        pdb=" H   ALA A   3 "    0.008 2.00e-02 2.50e+03
  ... (remaining 3 not shown)

  Histogram of nonbonded interaction distances:
        2.04 -     2.61: 39
        2.61 -     3.18: 47
        3.18 -     3.75: 57
        3.75 -     4.32: 49
        4.32 -     4.89: 86
  Nonbonded interactions: 278
  Sorted by model distance:
  nonbonded pdb=" HA2 GLY A   1 "
            pdb=" H2  GLY A   1 "
     model   vdw
     2.035 1.816
  nonbonded pdb=" HA1 GLY A   1 "
            pdb=" H1  GLY A   1 "
     model   vdw
     2.143 1.816
  nonbonded pdb=" HB1 PHE A   2 "
            pdb=" H   PHE A   2 "
     model   vdw
     2.160 2.270
  nonbonded pdb=" HA  PHE A   2 "
            pdb=" H   ALA A   3 "
     model   vdw
     2.210 2.270
  nonbonded pdb=" HXT ALA A   3 "
            pdb=" HA  ALA A   3 "
     model   vdw
     2.275 2.270
  ... (remaining 273 not shown)

  NOTE: a complete listing of the restraints can be obtained by requesting
        output of .geo file.

                   ----------xray_structure summary----------                  

Number of scattering types: 4
  Type Number    sf(0)   Gaussians
   O       4      7.97       2
   N       3      6.97       2
   C      14      5.97       2
   H      19      1.00       2
  sf(0) = scattering factor at diffraction angle 0.
Number of scatterers: 40
At special positions: 0
Unit cell: (12.522, 17.481, 10.617, 90, 90, 90)
Space group: P 1 (No. 1)

End of input processing
r_work=0.4906 r_free=0.7142
params.data_weight: 0.0
params.restraints: qm
rmsd(b), start:  0.0906
mc:   0 R: 0.5038 rmsd(b):  0.0281 restraint_scale:  1.0 min_steps: 52
mc:   1 R: 0.5073 rmsd(b):  0.0271 restraint_scale:  1.0 min_steps: 55
mc:   2 R: 0.5146 rmsd(b):  0.0275 restraint_scale:  1.0 min_steps: 56
mc:   3 R: 0.5145 rmsd(b):  0.0275 restraint_scale:  1.0 min_steps: 7
Convergence reached, stop now.
see the result structure:  ./p26/04_results/opt_qm/245_GFA06-new/0.9/4.pdb
Time: 166.7090
