phenix.python
you are importing  adaptive calculator, and it does nothing. Please give it energy, force....... 

============================== Collecting inputs ==============================


                   ----------Processing X-ray data----------                   

F-obs:
  /scratch/m_zhen01/31011.lupus.uni-muenster.de/p26/02_mtz/199_WG15-new.mtz:F-obs
Miller array info: None
Observation type: xray.amplitude
Type of data: double, size=186
Type of sigmas: None
Number of Miller indices: 186
Anomalous flag: False
Unit cell: (11.802, 13.932, 11.218, 90, 90, 90)
Space group: P 1 (No. 1)
Systematic absences: 0
Centric reflections: 0
Resolution range: 3.934 2.51963
Completeness in resolution range: 1
Completeness with d_max=infinity: 0.746988

Number of F-obs in resolution range:                   186
Number of F-obs<0 (these reflections will be rejected): 0
Number of F-obs=0 (these reflections will be used in refinement): 0
Refinement resolution range: d_max =   3.9340
                             d_min =   2.5196

R-free flags:
  /scratch/m_zhen01/31011.lupus.uni-muenster.de/p26/02_mtz/199_WG15-new.mtz:R-free-flags
Miller array info: /scratch/m_zhen01/31011.lupus.uni-muenster.de/p26/02_mtz/199_WG15-new.mtz:R-free-flags
Observation type: None
Type of data: int, size=186
Type of sigmas: None
Number of Miller indices: 186
Anomalous flag: False
Unit cell: (11.802, 13.932, 11.218, 90, 90, 90)
Space group: P 1 (No. 1)
Systematic absences: 0
Centric reflections: 0
Resolution range: 3.934 2.51963
Completeness in resolution range: 1
Completeness with d_max=infinity: 0.746988
Wavelength: 1.0000

Test (R-free flags) flag value: 1

Number of work/free reflections by resolution:
                                  work free  %free
  bin  1: 3.9340 - 3.6227 [12/12]   10    2  16.7%
  bin  2: 3.6227 - 3.3911 [29/29]   27    2   6.9%
  bin  3: 3.3911 - 3.2093 [12/12]   12    0   0.0%
  bin  4: 3.2093 - 3.0612 [18/18]   18    0   0.0%
  bin  5: 3.0612 - 2.9370 [11/11]   11    0   0.0%
  bin  6: 2.9370 - 2.8309 [26/26]   26    0   0.0%
  bin  7: 2.8309 - 2.7386 [12/12]    8    4  33.3%
  bin  8: 2.7386 - 2.6572 [18/18]   14    4  22.2%
  bin  9: 2.6572 - 2.5848 [26/26]   26    0   0.0%
  bin 10: 2.5848 - 2.5196 [22/22]   22    0   0.0%
                          overall  174   12   6.5%

                   ----------Processing PDB file(s)----------                  

  Monomer Library directory:
    "/tmp1/m_zhen01/phenix-installer-1.10.1-2155-intel-linux-2.6-x86_64-centos5/phenix-1.10.1-2155/modules/chem_data/mon_lib"
  Total number of atoms: 34
  Number of models: 1
  Model: ""
    Number of chains: 1
    Chain: "A"
      Number of atoms: 34
      Number of conformers: 1
      Conformer: ""
        Number of residues, atoms: 2, 34
          Classifications: {'peptide': 2}
          Modifications used: {'NH2NOTPRO': 1, 'COOH': 1}
          Link IDs: {'TRANS': 1}
  Time building chain proxies: 0.07, per 1000 atoms: 2.06
  Number of scatterers: 34
  At special positions: 0
  Unit cell: (11.802, 13.932, 11.218, 90, 90, 90)
  Space group: P 1 (No. 1)
  Number of sites at special positions: 0
  Number of scattering types: 4
    Type Number    sf(0)
     O       3      8.00
     N       3      7.00
     C      13      6.00
     H      15      1.00
    sf(0) = scattering factor at diffraction angle 0.

  Number of disulfides: simple=0, symmetry=0

  Automatic linking
    Parameters for automatic linking
      Linking & cutoffs
        Metal                : False - 3.50
        Amimo acid           : False - 1.90
        Carbohydrate         : True  - 1.99
        Ligands              : True  - 1.99
        Amino acid - RNA/DNA : False
      
  Number of custom bonds: simple=0, symmetry=0
  Time building additional restraints: 0.02
  Conformation dependent library (CDL) restraints added in 515.2 microseconds
  
  Adding C-beta torsion restraints...
  Number of C-beta restraints generated:  2
  Time building geometry restraints manager: 0.02 seconds

  NOTE: a complete listing of the restraints can be obtained by requesting
        output of .geo file.

  Histogram of bond lengths:
        0.86 -     1.00: 15
        1.00 -     1.14: 0
        1.14 -     1.28: 2
        1.28 -     1.42: 9
        1.42 -     1.56: 9
  Bond restraints: 35
  Sorted by residual:
  bond pdb=" CA  GLY A   2 "
       pdb=" N   GLY A   2 "
    ideal  model  delta    sigma   weight residual
    1.451  1.487 -0.036 1.60e-02 3.91e+03 5.14e+00
  bond pdb=" C   GLY A   2 "
       pdb=" CA  GLY A   2 "
    ideal  model  delta    sigma   weight residual
    1.516  1.551 -0.035 1.80e-02 3.09e+03 3.89e+00
  bond pdb=" CH2 TRP A   1 "
       pdb=" HH2 TRP A   1 "
    ideal  model  delta    sigma   weight residual
    0.930  0.904  0.026 2.00e-02 2.50e+03 1.73e+00
  bond pdb=" CA  GLY A   2 "
       pdb=" HA2 GLY A   2 "
    ideal  model  delta    sigma   weight residual
    0.970  0.944  0.026 2.00e-02 2.50e+03 1.71e+00
  bond pdb=" CA  TRP A   1 "
       pdb=" CB  TRP A   1 "
    ideal  model  delta    sigma   weight residual
    1.530  1.556 -0.026 2.00e-02 2.50e+03 1.69e+00
  ... (remaining 30 not shown)

  Histogram of bond angle deviations from ideal:
      103.04 -   109.41: 11
      109.41 -   115.77: 14
      115.77 -   122.13: 20
      122.13 -   128.49: 10
      128.49 -   134.86: 2
  Bond angle restraints: 57
  Sorted by residual:
  angle pdb=" C   GLY A   2 "
        pdb=" CA  GLY A   2 "
        pdb=" HA1 GLY A   2 "
      ideal   model   delta    sigma   weight residual
     109.00  103.04    5.96 3.00e+00 1.11e-01 3.94e+00
  angle pdb=" C   TRP A   1 "
        pdb=" CA  TRP A   1 "
        pdb=" CB  TRP A   1 "
      ideal   model   delta    sigma   weight residual
     110.10  112.70   -2.60 1.90e+00 2.77e-01 1.87e+00
  angle pdb=" HA  TRP A   1 "
        pdb=" CA  TRP A   1 "
        pdb=" N   TRP A   1 "
      ideal   model   delta    sigma   weight residual
     110.00  106.09    3.91 3.00e+00 1.11e-01 1.70e+00
  angle pdb=" HA2 GLY A   2 "
        pdb=" CA  GLY A   2 "
        pdb=" N   GLY A   2 "
      ideal   model   delta    sigma   weight residual
     110.00  113.91   -3.91 3.00e+00 1.11e-01 1.69e+00
  angle pdb=" C   TRP A   1 "
        pdb=" CA  TRP A   1 "
        pdb=" HA  TRP A   1 "
      ideal   model   delta    sigma   weight residual
     109.00  105.22    3.78 3.00e+00 1.11e-01 1.59e+00
  ... (remaining 52 not shown)

  Histogram of dihedral angle deviations from ideal:
        0.16 -     4.33: 8
        4.33 -     8.49: 3
        8.49 -    12.65: 0
       12.65 -    16.82: 0
       16.82 -    20.98: 2
  Dihedral angle restraints: 13
    sinusoidal: 3
      harmonic: 10
  Sorted by residual:
  dihedral pdb=" N   TRP A   1 "
           pdb=" CA  TRP A   1 "
           pdb=" CB  TRP A   1 "
           pdb=" CG  TRP A   1 "
      ideal   model   delta sinusoidal    sigma   weight residual
      60.00   78.51  -18.51     3      1.50e+01 4.44e-03 2.06e+00
  dihedral pdb=" C   TRP A   1 "
           pdb=" N   TRP A   1 "
           pdb=" CA  TRP A   1 "
           pdb=" CB  TRP A   1 "
      ideal   model   delta  harmonic     sigma   weight residual
    -122.60 -125.89    3.29     0      2.50e+00 1.60e-01 1.74e+00
  dihedral pdb=" CG  TRP A   1 "
           pdb=" CE3 TRP A   1 "
           pdb=" CD2 TRP A   1 "
           pdb=" HE3 TRP A   1 "
      ideal   model   delta  harmonic     sigma   weight residual
       0.00    5.80   -5.80     0      5.00e+00 4.00e-02 1.35e+00
  ... (remaining 10 not shown)

  Histogram of chiral volume deviations from ideal:
       0.032 -    0.032: 1
       0.032 -    0.032: 0
       0.032 -    0.032: 0
       0.032 -    0.032: 0
       0.032 -    0.032: 0
  Chirality restraints: 1
  Sorted by residual:
  chirality pdb=" CA  TRP A   1 "
            pdb=" C   TRP A   1 "
            pdb=" N   TRP A   1 "
            pdb=" CB  TRP A   1 "
    both_signs  ideal   model   delta    sigma   weight residual
      False     -2.51   -2.48   -0.03 2.00e-01 2.50e+01 2.59e-02

  Planarity restraints: 4
  Sorted by residual:
                                 delta    sigma   weight rms_deltas residual
  plane pdb=" CB  TRP A   1 "   -0.022 2.00e-02 2.50e+03   1.70e-02 1.16e+01
        pdb=" CG  TRP A   1 "    0.011 2.00e-02 2.50e+03
        pdb=" CD1 TRP A   1 "    0.028 2.00e-02 2.50e+03
        pdb=" HD1 TRP A   1 "   -0.013 2.00e-02 2.50e+03
        pdb=" NE1 TRP A   1 "   -0.000 2.00e-02 2.50e+03
        pdb=" HE1 TRP A   1 "   -0.015 2.00e-02 2.50e+03
        pdb=" CE2 TRP A   1 "   -0.005 2.00e-02 2.50e+03
        pdb=" CZ2 TRP A   1 "    0.000 2.00e-02 2.50e+03
        pdb=" HZ2 TRP A   1 "    0.010 2.00e-02 2.50e+03
        pdb=" CH2 TRP A   1 "   -0.008 2.00e-02 2.50e+03
        pdb=" HH2 TRP A   1 "   -0.010 2.00e-02 2.50e+03
        pdb=" CZ3 TRP A   1 "   -0.020 2.00e-02 2.50e+03
        pdb=" HZ3 TRP A   1 "    0.023 2.00e-02 2.50e+03
        pdb=" CE3 TRP A   1 "   -0.015 2.00e-02 2.50e+03
        pdb=" HE3 TRP A   1 "   -0.001 2.00e-02 2.50e+03
        pdb=" CD2 TRP A   1 "    0.037 2.00e-02 2.50e+03
                                 delta    sigma   weight rms_deltas residual
  plane pdb=" C   TRP A   1 "   -0.008 2.00e-02 2.50e+03   1.56e-02 2.43e+00
        pdb=" CA  GLY A   2 "   -0.007 2.00e-02 2.50e+03
        pdb=" N   GLY A   2 "    0.027 2.00e-02 2.50e+03
        pdb=" H   GLY A   2 "   -0.012 2.00e-02 2.50e+03
                                 delta    sigma   weight rms_deltas residual
  plane pdb=" O   GLY A   2 "    0.008 2.00e-02 2.50e+03   1.16e-02 1.69e+00
        pdb=" C   GLY A   2 "   -0.023 2.00e-02 2.50e+03
        pdb=" OXT GLY A   2 "    0.003 2.00e-02 2.50e+03
        pdb=" HXT GLY A   2 "    0.004 2.00e-02 2.50e+03
        pdb=" CA  GLY A   2 "    0.008 2.00e-02 2.50e+03
  ... (remaining 1 not shown)

  Histogram of nonbonded interaction distances:
        2.18 -     2.72: 24
        2.72 -     3.26: 51
        3.26 -     3.80: 52
        3.80 -     4.34: 52
        4.34 -     4.88: 73
  Nonbonded interactions: 252
  Sorted by model distance:
  nonbonded pdb=" H1  TRP A   1 "
            pdb=" H   GLY A   2 "
     model   vdw
     2.177 2.100
  nonbonded pdb=" HA1 GLY A   2 "
            pdb=" H   GLY A   2 "
     model   vdw
     2.222 1.816
  nonbonded pdb=" HH2 TRP A   1 "
            pdb=" HZ3 TRP A   1 "
     model   vdw
     2.240 1.680
  nonbonded pdb=" O   GLY A   2 "
            pdb=" HXT GLY A   2 "
     model   vdw
     2.300 2.056
  nonbonded pdb=" HZ2 TRP A   1 "
            pdb=" HH2 TRP A   1 "
     model   vdw
     2.310 1.680
  ... (remaining 247 not shown)

  NOTE: a complete listing of the restraints can be obtained by requesting
        output of .geo file.

                   ----------xray_structure summary----------                  

Number of scattering types: 4
  Type Number    sf(0)   Gaussians
   O       3      7.97       2
   N       3      6.97       2
   C      13      5.97       2
   H      15      1.00       2
  sf(0) = scattering factor at diffraction angle 0.
Number of scatterers: 34
At special positions: 0
Unit cell: (11.802, 13.932, 11.218, 90, 90, 90)
Space group: P 1 (No. 1)

End of input processing
r_work=0.4627 r_free=0.3294
params.data_weight: None
params.restraints: qm
rmsd(b), start:  0.0895
mc:   0 R: 0.0898 rmsd(b):  0.0462 restraint_scale:  2.0 min_steps: 55
mc:   1 R: 0.0271 rmsd(b):  0.0234 restraint_scale:  2.0 min_steps: 24
mc:   2 R: 0.0117 rmsd(b):  0.0322 restraint_scale:  4.0 min_steps: 16
mc:   3 R: 0.0112 rmsd(b):  0.0341 restraint_scale:  8.0 min_steps: 7
Convergence reached, stop now.
see the result structure:  ./p26/04_results/refine_qm/199_WG15-new/0.9/7.pdb
Time: 140.9349
