phenix.python
you are importing  adaptive calculator, and it does nothing. Please give it energy, force....... 

============================== Collecting inputs ==============================


                   ----------Processing X-ray data----------                   

F-obs:
  /scratch/m_zhen01/30995.lupus.uni-muenster.de/p26/02_mtz/260_FGG412-new.mtz:F-obs
Miller array info: None
Observation type: xray.amplitude
Type of data: double, size=198
Type of sigmas: None
Number of Miller indices: 198
Anomalous flag: False
Unit cell: (13.225, 13.658, 10.482, 90, 90, 90)
Space group: P 1 (No. 1)
Systematic absences: 0
Centric reflections: 0
Resolution range: 3.98202 2.52056
Completeness in resolution range: 1
Completeness with d_max=infinity: 0.767442

Number of F-obs in resolution range:                   198
Number of F-obs<0 (these reflections will be rejected): 0
Number of F-obs=0 (these reflections will be used in refinement): 0
Refinement resolution range: d_max =   3.9820
                             d_min =   2.5206

R-free flags:
  /scratch/m_zhen01/30995.lupus.uni-muenster.de/p26/02_mtz/260_FGG412-new.mtz:R-free-flags
Miller array info: /scratch/m_zhen01/30995.lupus.uni-muenster.de/p26/02_mtz/260_FGG412-new.mtz:R-free-flags
Observation type: None
Type of data: int, size=198
Type of sigmas: None
Number of Miller indices: 198
Anomalous flag: False
Unit cell: (13.225, 13.658, 10.482, 90, 90, 90)
Space group: P 1 (No. 1)
Systematic absences: 0
Centric reflections: 0
Resolution range: 3.98202 2.52056
Completeness in resolution range: 1
Completeness with d_max=infinity: 0.767442
Wavelength: 1.0000

Test (R-free flags) flag value: 1

Number of work/free reflections by resolution:
                                  work free  %free
  bin  1: 3.9820 - 3.6539 [20/20]   20    0   0.0%
  bin  2: 3.6539 - 3.4127 [16/16]   16    0   0.0%
  bin  3: 3.4127 - 3.2247 [23/23]   21    2   8.7%
  bin  4: 3.2247 - 3.0724 [14/14]   12    2  14.3%
  bin  5: 3.0724 - 2.9452 [28/28]   28    0   0.0%
  bin  6: 2.9452 - 2.8368 [10/10]   10    0   0.0%
  bin  7: 2.8368 - 2.7428 [12/12]   10    2  16.7%
  bin  8: 2.7428 - 2.6601 [25/25]   23    2   8.0%
  bin  9: 2.6601 - 2.5866 [26/26]   26    0   0.0%
  bin 10: 2.5866 - 2.5206 [24/24]   24    0   0.0%
                          overall  190    8   4.0%

                   ----------Processing PDB file(s)----------                  

  Monomer Library directory:
    "/tmp1/m_zhen01/phenix-installer-1.10.1-2155-intel-linux-2.6-x86_64-centos5/phenix-1.10.1-2155/modules/chem_data/mon_lib"
  Total number of atoms: 37
  Number of models: 1
  Model: ""
    Number of chains: 1
    Chain: "A"
      Number of atoms: 37
      Number of conformers: 1
      Conformer: ""
        Number of residues, atoms: 3, 37
          Classifications: {'peptide': 3}
          Modifications used: {'NH2NOTPRO': 1, 'COOH': 1}
          Link IDs: {'TRANS': 2}
  Time building chain proxies: 0.07, per 1000 atoms: 1.89
  Number of scatterers: 37
  At special positions: 0
  Unit cell: (13.225, 13.658, 10.482, 90, 90, 90)
  Space group: P 1 (No. 1)
  Number of sites at special positions: 0
  Number of scattering types: 4
    Type Number    sf(0)
     O       4      8.00
     N       3      7.00
     C      13      6.00
     H      17      1.00
    sf(0) = scattering factor at diffraction angle 0.

  Number of disulfides: simple=0, symmetry=0

  Automatic linking
    Parameters for automatic linking
      Linking & cutoffs
        Metal                : False - 3.50
        Amimo acid           : False - 1.90
        Carbohydrate         : True  - 1.99
        Ligands              : True  - 1.99
        Amino acid - RNA/DNA : False
      
  Number of custom bonds: simple=0, symmetry=0
  Time building additional restraints: 0.02
  Conformation dependent library (CDL) restraints added in 2.5 milliseconds
  
  Adding C-beta torsion restraints...
  Number of C-beta restraints generated:  2
  Time building geometry restraints manager: 0.03 seconds

  NOTE: a complete listing of the restraints can be obtained by requesting
        output of .geo file.

  Histogram of bond lengths:
        0.83 -     0.98: 15
        0.98 -     1.13: 2
        1.13 -     1.28: 3
        1.28 -     1.43: 9
        1.43 -     1.57: 8
  Bond restraints: 37
  Sorted by residual:
  bond pdb=" CZ  PHE A   1 "
       pdb=" HZ  PHE A   1 "
    ideal  model  delta    sigma   weight residual
    0.930  0.986 -0.056 2.00e-02 2.50e+03 7.77e+00
  bond pdb=" CB  PHE A   1 "
       pdb=" HB1 PHE A   1 "
    ideal  model  delta    sigma   weight residual
    0.970  0.914  0.056 2.00e-02 2.50e+03 7.75e+00
  bond pdb=" C   PHE A   1 "
       pdb=" CA  PHE A   1 "
    ideal  model  delta    sigma   weight residual
    1.525  1.574 -0.049 2.10e-02 2.27e+03 5.44e+00
  bond pdb=" CA  GLY A   3 "
       pdb=" HA1 GLY A   3 "
    ideal  model  delta    sigma   weight residual
    0.970  1.001 -0.031 2.00e-02 2.50e+03 2.41e+00
  bond pdb=" CA  GLY A   2 "
       pdb=" HA1 GLY A   2 "
    ideal  model  delta    sigma   weight residual
    0.970  0.941  0.029 2.00e-02 2.50e+03 2.13e+00
  ... (remaining 32 not shown)

  Histogram of bond angle deviations from ideal:
       99.68 -   104.75: 1
      104.75 -   109.83: 15
      109.83 -   114.90: 12
      114.90 -   119.97: 14
      119.97 -   125.05: 18
  Bond angle restraints: 60
  Sorted by residual:
  angle pdb=" HB2 PHE A   1 "
        pdb=" CB  PHE A   1 "
        pdb=" CG  PHE A   1 "
      ideal   model   delta    sigma   weight residual
     108.00   99.68    8.32 3.00e+00 1.11e-01 7.69e+00
  angle pdb=" CA  PHE A   1 "
        pdb=" C   PHE A   1 "
        pdb=" N   GLY A   2 "
      ideal   model   delta    sigma   weight residual
     116.20  120.40   -4.20 2.00e+00 2.50e-01 4.42e+00
  angle pdb=" O   PHE A   1 "
        pdb=" C   PHE A   1 "
        pdb=" CA  PHE A   1 "
      ideal   model   delta    sigma   weight residual
     120.80  117.39    3.41 1.70e+00 3.46e-01 4.02e+00
  angle pdb=" CA  PHE A   1 "
        pdb=" CB  PHE A   1 "
        pdb=" HB1 PHE A   1 "
      ideal   model   delta    sigma   weight residual
     109.00  114.60   -5.60 3.00e+00 1.11e-01 3.49e+00
  angle pdb=" N   PHE A   1 "
        pdb=" CA  PHE A   1 "
        pdb=" CB  PHE A   1 "
      ideal   model   delta    sigma   weight residual
     110.50  108.00    2.50 1.70e+00 3.46e-01 2.17e+00
  ... (remaining 55 not shown)

  Histogram of dihedral angle deviations from ideal:
        0.24 -     3.58: 8
        3.58 -     6.91: 3
        6.91 -    10.24: 0
       10.24 -    13.57: 0
       13.57 -    16.91: 2
  Dihedral angle restraints: 13
    sinusoidal: 3
      harmonic: 10
  Sorted by residual:
  dihedral pdb=" N   PHE A   1 "
           pdb=" C   PHE A   1 "
           pdb=" CA  PHE A   1 "
           pdb=" CB  PHE A   1 "
      ideal   model   delta  harmonic     sigma   weight residual
     122.80  117.84    4.96     0      2.50e+00 1.60e-01 3.94e+00
  dihedral pdb=" C   PHE A   1 "
           pdb=" N   PHE A   1 "
           pdb=" CA  PHE A   1 "
           pdb=" CB  PHE A   1 "
      ideal   model   delta  harmonic     sigma   weight residual
    -122.60 -119.52   -3.08     0      2.50e+00 1.60e-01 1.52e+00
  dihedral pdb=" CA  PHE A   1 "
           pdb=" C   PHE A   1 "
           pdb=" N   GLY A   2 "
           pdb=" CA  GLY A   2 "
      ideal   model   delta  harmonic     sigma   weight residual
    -180.00 -174.01   -5.99     0      5.00e+00 4.00e-02 1.43e+00
  ... (remaining 10 not shown)

  Histogram of chiral volume deviations from ideal:
       0.221 -    0.221: 1
       0.221 -    0.221: 0
       0.221 -    0.221: 0
       0.221 -    0.221: 0
       0.221 -    0.221: 0
  Chirality restraints: 1
  Sorted by residual:
  chirality pdb=" CA  PHE A   1 "
            pdb=" C   PHE A   1 "
            pdb=" N   PHE A   1 "
            pdb=" CB  PHE A   1 "
    both_signs  ideal   model   delta    sigma   weight residual
      False     -2.51   -2.73    0.22 2.00e-01 2.50e+01 1.22e+00

  Planarity restraints: 6
  Sorted by residual:
                                 delta    sigma   weight rms_deltas residual
  plane pdb=" CB  PHE A   1 "   -0.019 2.00e-02 2.50e+03   1.11e-02 3.69e+00
        pdb=" CG  PHE A   1 "   -0.009 2.00e-02 2.50e+03
        pdb=" CD2 PHE A   1 "    0.019 2.00e-02 2.50e+03
        pdb=" HD2 PHE A   1 "    0.015 2.00e-02 2.50e+03
        pdb=" CE2 PHE A   1 "   -0.013 2.00e-02 2.50e+03
        pdb=" HE2 PHE A   1 "   -0.007 2.00e-02 2.50e+03
        pdb=" CZ  PHE A   1 "    0.007 2.00e-02 2.50e+03
        pdb=" HZ  PHE A   1 "   -0.006 2.00e-02 2.50e+03
        pdb=" CE1 PHE A   1 "   -0.002 2.00e-02 2.50e+03
        pdb=" HE1 PHE A   1 "    0.000 2.00e-02 2.50e+03
        pdb=" CD1 PHE A   1 "    0.006 2.00e-02 2.50e+03
        pdb=" HD1 PHE A   1 "    0.009 2.00e-02 2.50e+03
                                 delta    sigma   weight rms_deltas residual
  plane pdb=" C   GLY A   2 "   -0.010 2.00e-02 2.50e+03   1.92e-02 3.67e+00
        pdb=" CA  GLY A   3 "   -0.008 2.00e-02 2.50e+03
        pdb=" N   GLY A   3 "    0.033 2.00e-02 2.50e+03
        pdb=" H   GLY A   3 "   -0.015 2.00e-02 2.50e+03
                                 delta    sigma   weight rms_deltas residual
  plane pdb=" O   GLY A   3 "    0.007 2.00e-02 2.50e+03   9.38e-03 1.10e+00
        pdb=" C   GLY A   3 "   -0.013 2.00e-02 2.50e+03
        pdb=" OXT GLY A   3 "    0.013 2.00e-02 2.50e+03
        pdb=" HXT GLY A   3 "   -0.007 2.00e-02 2.50e+03
        pdb=" CA  GLY A   3 "    0.001 2.00e-02 2.50e+03
  ... (remaining 3 not shown)

  Histogram of nonbonded interaction distances:
        2.01 -     2.59: 25
        2.59 -     3.17: 54
        3.17 -     3.74: 59
        3.74 -     4.32: 67
        4.32 -     4.89: 84
  Nonbonded interactions: 289
  Sorted by model distance:
  nonbonded pdb=" H1  PHE A   1 "
            pdb=" H   GLY A   2 "
     model   vdw
     2.014 2.100
  nonbonded pdb=" HB2 PHE A   1 "
            pdb=" HD2 PHE A   1 "
     model   vdw
     2.160 2.270
  nonbonded pdb=" HA2 GLY A   3 "
            pdb=" H   GLY A   3 "
     model   vdw
     2.166 1.816
  nonbonded pdb=" O   GLY A   3 "
            pdb=" HXT GLY A   3 "
     model   vdw
     2.261 2.056
  nonbonded pdb=" HE1 PHE A   1 "
            pdb=" HD1 PHE A   1 "
     model   vdw
     2.283 1.680
  ... (remaining 284 not shown)

  NOTE: a complete listing of the restraints can be obtained by requesting
        output of .geo file.

                   ----------xray_structure summary----------                  

Number of scattering types: 4
  Type Number    sf(0)   Gaussians
   O       4      7.97       2
   N       3      6.97       2
   C      13      5.97       2
   H      17      1.00       2
  sf(0) = scattering factor at diffraction angle 0.
Number of scatterers: 37
At special positions: 0
Unit cell: (13.225, 13.658, 10.482, 90, 90, 90)
Space group: P 1 (No. 1)

End of input processing
r_work=0.4737 r_free=0.3490
params.data_weight: None
params.restraints: cctbx
rmsd(b), start:  0.0902
mc:   0 R: 0.0561 rmsd(b):  0.0230 restraint_scale:  1.0 min_steps: 46
mc:   1 R: 0.0072 rmsd(b):  0.0244 restraint_scale:  1.0 min_steps: 52
mc:   2 R: 0.0070 rmsd(b):  0.0257 restraint_scale:  1.0 min_steps: 21
Convergence reached, stop now.
see the result structure:  ./p26/04_results/refine_cctbx/260_FGG412-new/0.9/8.pdb
Time: 5.1679
