phenix.python
you are importing  adaptive calculator, and it does nothing. Please give it energy, force....... 

============================== Collecting inputs ==============================


                   ----------Processing X-ray data----------                   

F-obs:
  /scratch/m_zhen01/31011.lupus.uni-muenster.de/p26/02_mtz/242_GFA08-new.mtz:F-obs
Miller array info: None
Observation type: xray.amplitude
Type of data: double, size=248
Type of sigmas: None
Number of Miller indices: 248
Anomalous flag: False
Unit cell: (10.911, 16.632, 13.445, 90, 90, 90)
Space group: P 1 (No. 1)
Systematic absences: 0
Centric reflections: 0
Resolution range: 3.98211 2.5164
Completeness in resolution range: 1
Completeness with d_max=infinity: 0.75841

Number of F-obs in resolution range:                   248
Number of F-obs<0 (these reflections will be rejected): 0
Number of F-obs=0 (these reflections will be used in refinement): 0
Refinement resolution range: d_max =   3.9821
                             d_min =   2.5164

R-free flags:
  /scratch/m_zhen01/31011.lupus.uni-muenster.de/p26/02_mtz/242_GFA08-new.mtz:R-free-flags
Miller array info: /scratch/m_zhen01/31011.lupus.uni-muenster.de/p26/02_mtz/242_GFA08-new.mtz:R-free-flags
Observation type: None
Type of data: int, size=248
Type of sigmas: None
Number of Miller indices: 248
Anomalous flag: False
Unit cell: (10.911, 16.632, 13.445, 90, 90, 90)
Space group: P 1 (No. 1)
Systematic absences: 0
Centric reflections: 0
Resolution range: 3.98211 2.5164
Completeness in resolution range: 1
Completeness with d_max=infinity: 0.75841
Wavelength: 1.0000

Test (R-free flags) flag value: 1

Number of work/free reflections by resolution:
                                  work free  %free
  bin  1: 3.9821 - 3.6521 [28/28]   26    2   7.1%
  bin  2: 3.6521 - 3.4100 [15/15]   15    0   0.0%
  bin  3: 3.4100 - 3.2214 [30/30]   28    2   6.7%
  bin  4: 3.2214 - 3.0687 [28/28]   26    2   7.1%
  bin  5: 3.0687 - 2.9414 [22/22]   22    0   0.0%
  bin  6: 2.9414 - 2.8328 [18/18]   18    0   0.0%
  bin  7: 2.8328 - 2.7387 [23/23]   23    0   0.0%
  bin  8: 2.7387 - 2.6560 [30/30]   28    2   6.7%
  bin  9: 2.6560 - 2.5824 [24/24]   22    2   8.3%
  bin 10: 2.5824 - 2.5164 [30/30]   30    0   0.0%
                          overall  238   10   4.0%

                   ----------Processing PDB file(s)----------                  

  Monomer Library directory:
    "/tmp1/m_zhen01/phenix-installer-1.10.1-2155-intel-linux-2.6-x86_64-centos5/phenix-1.10.1-2155/modules/chem_data/mon_lib"
  Total number of atoms: 40
  Number of models: 1
  Model: ""
    Number of chains: 1
    Chain: "A"
      Number of atoms: 40
      Number of conformers: 1
      Conformer: ""
        Number of residues, atoms: 3, 40
          Classifications: {'peptide': 3}
          Modifications used: {'NH2NOTPRO': 1, 'COOH': 1}
          Link IDs: {'TRANS': 2}
  Time building chain proxies: 0.10, per 1000 atoms: 2.50
  Number of scatterers: 40
  At special positions: 0
  Unit cell: (10.911, 16.632, 13.445, 90, 90, 90)
  Space group: P 1 (No. 1)
  Number of sites at special positions: 0
  Number of scattering types: 4
    Type Number    sf(0)
     O       4      8.00
     N       3      7.00
     C      14      6.00
     H      19      1.00
    sf(0) = scattering factor at diffraction angle 0.

  Number of disulfides: simple=0, symmetry=0

  Automatic linking
    Parameters for automatic linking
      Linking & cutoffs
        Metal                : False - 3.50
        Amimo acid           : False - 1.90
        Carbohydrate         : True  - 1.99
        Ligands              : True  - 1.99
        Amino acid - RNA/DNA : False
      
  Number of custom bonds: simple=0, symmetry=0
  Time building additional restraints: 0.03
  Conformation dependent library (CDL) restraints added in 3.5 milliseconds
  
  Adding C-beta torsion restraints...
  Number of C-beta restraints generated:  4
  Time building geometry restraints manager: 0.04 seconds

  NOTE: a complete listing of the restraints can be obtained by requesting
        output of .geo file.

  Histogram of bond lengths:
        0.81 -     0.96: 7
        0.96 -     1.11: 12
        1.11 -     1.26: 3
        1.26 -     1.41: 7
        1.41 -     1.56: 11
  Bond restraints: 40
  Sorted by residual:
  bond pdb=" OXT ALA A   3 "
       pdb=" HXT ALA A   3 "
    ideal  model  delta    sigma   weight residual
    0.948  0.997 -0.049 2.00e-02 2.50e+03 6.06e+00
  bond pdb=" CE2 PHE A   2 "
       pdb=" HE2 PHE A   2 "
    ideal  model  delta    sigma   weight residual
    0.930  0.978 -0.048 2.00e-02 2.50e+03 5.85e+00
  bond pdb=" N   ALA A   3 "
       pdb=" H   ALA A   3 "
    ideal  model  delta    sigma   weight residual
    0.860  0.812  0.048 2.00e-02 2.50e+03 5.70e+00
  bond pdb=" CA  GLY A   1 "
       pdb=" HA2 GLY A   1 "
    ideal  model  delta    sigma   weight residual
    0.970  1.016 -0.046 2.00e-02 2.50e+03 5.19e+00
  bond pdb=" CZ  PHE A   2 "
       pdb=" HZ  PHE A   2 "
    ideal  model  delta    sigma   weight residual
    0.930  0.969 -0.039 2.00e-02 2.50e+03 3.74e+00
  ... (remaining 35 not shown)

  Histogram of bond angle deviations from ideal:
      103.06 -   107.81: 5
      107.81 -   112.55: 27
      112.55 -   117.29: 5
      117.29 -   122.03: 22
      122.03 -   126.78: 7
  Bond angle restraints: 66
  Sorted by residual:
  angle pdb=" C   GLY A   1 "
        pdb=" CA  GLY A   1 "
        pdb=" N   GLY A   1 "
      ideal   model   delta    sigma   weight residual
     113.30  106.48    6.82 2.90e+00 1.19e-01 5.52e+00
  angle pdb=" H1  GLY A   1 "
        pdb=" N   GLY A   1 "
        pdb=" H2  GLY A   1 "
      ideal   model   delta    sigma   weight residual
     109.47  103.06    6.41 3.00e+00 1.11e-01 4.56e+00
  angle pdb=" CA  GLY A   1 "
        pdb=" C   GLY A   1 "
        pdb=" N   PHE A   2 "
      ideal   model   delta    sigma   weight residual
     116.20  113.03    3.17 2.00e+00 2.50e-01 2.52e+00
  angle pdb=" CG  PHE A   2 "
        pdb=" CB  PHE A   2 "
        pdb=" CA  PHE A   2 "
      ideal   model   delta    sigma   weight residual
     113.80  112.29    1.51 1.00e+00 1.00e+00 2.29e+00
  angle pdb=" CB  PHE A   2 "
        pdb=" CA  PHE A   2 "
        pdb=" C   PHE A   2 "
      ideal   model   delta    sigma   weight residual
     110.72  108.28    2.44 1.77e+00 3.19e-01 1.90e+00
  ... (remaining 61 not shown)

  Histogram of dihedral angle deviations from ideal:
        0.33 -    35.39: 14
       35.39 -    70.46: 1
       70.46 -   105.52: 0
      105.52 -   140.59: 0
      140.59 -   175.65: 1
  Dihedral angle restraints: 16
    sinusoidal: 4
      harmonic: 12
  Sorted by residual:
  dihedral pdb=" O   ALA A   3 "
           pdb=" C   ALA A   3 "
           pdb=" OXT ALA A   3 "
           pdb=" HXT ALA A   3 "
      ideal   model   delta  harmonic     sigma   weight residual
       0.00  175.65 -175.65     0      3.00e+01 1.11e-03 3.43e+01
  dihedral pdb=" CA  PHE A   2 "
           pdb=" C   PHE A   2 "
           pdb=" N   ALA A   3 "
           pdb=" CA  ALA A   3 "
      ideal   model   delta  harmonic     sigma   weight residual
     180.00  168.96   11.04     0      5.00e+00 4.00e-02 4.87e+00
  dihedral pdb=" OXT ALA A   3 "
           pdb=" C   ALA A   3 "
           pdb=" CA  ALA A   3 "
           pdb=" N   ALA A   3 "
      ideal   model   delta sinusoidal    sigma   weight residual
     160.00   91.93   68.07     2      3.00e+01 1.11e-03 4.59e+00
  ... (remaining 13 not shown)

  Histogram of chiral volume deviations from ideal:
       0.014 -    0.016: 1
       0.016 -    0.018: 0
       0.018 -    0.019: 0
       0.019 -    0.021: 0
       0.021 -    0.022: 1
  Chirality restraints: 2
  Sorted by residual:
  chirality pdb=" CA  ALA A   3 "
            pdb=" C   ALA A   3 "
            pdb=" CB  ALA A   3 "
            pdb=" N   ALA A   3 "
    both_signs  ideal   model   delta    sigma   weight residual
      False      2.48    2.51   -0.02 2.00e-01 2.50e+01 1.23e-02
  chirality pdb=" CA  PHE A   2 "
            pdb=" CB  PHE A   2 "
            pdb=" C   PHE A   2 "
            pdb=" N   PHE A   2 "
    both_signs  ideal   model   delta    sigma   weight residual
      False     -2.51   -2.50   -0.01 2.00e-01 2.50e+01 5.19e-03

  Planarity restraints: 6
  Sorted by residual:
                                 delta    sigma   weight rms_deltas residual
  plane pdb=" CB  PHE A   2 "    0.026 2.00e-02 2.50e+03   1.91e-02 1.10e+01
        pdb=" CG  PHE A   2 "   -0.008 2.00e-02 2.50e+03
        pdb=" CD1 PHE A   2 "   -0.006 2.00e-02 2.50e+03
        pdb=" HD1 PHE A   2 "   -0.006 2.00e-02 2.50e+03
        pdb=" CE1 PHE A   2 "   -0.022 2.00e-02 2.50e+03
        pdb=" HE1 PHE A   2 "    0.015 2.00e-02 2.50e+03
        pdb=" CZ  PHE A   2 "    0.012 2.00e-02 2.50e+03
        pdb=" HZ  PHE A   2 "    0.009 2.00e-02 2.50e+03
        pdb=" CE2 PHE A   2 "    0.015 2.00e-02 2.50e+03
        pdb=" HE2 PHE A   2 "   -0.006 2.00e-02 2.50e+03
        pdb=" CD2 PHE A   2 "   -0.045 2.00e-02 2.50e+03
        pdb=" HD2 PHE A   2 "    0.018 2.00e-02 2.50e+03
                                 delta    sigma   weight rms_deltas residual
  plane pdb=" O   ALA A   3 "   -0.018 2.00e-02 2.50e+03   1.69e-02 3.57e+00
        pdb=" C   ALA A   3 "    0.026 2.00e-02 2.50e+03
        pdb=" OXT ALA A   3 "    0.011 2.00e-02 2.50e+03
        pdb=" HXT ALA A   3 "   -0.016 2.00e-02 2.50e+03
        pdb=" CA  ALA A   3 "   -0.002 2.00e-02 2.50e+03
                                 delta    sigma   weight rms_deltas residual
  plane pdb=" C   GLY A   1 "    0.003 2.00e-02 2.50e+03   6.33e-03 4.01e-01
        pdb=" CA  PHE A   2 "    0.003 2.00e-02 2.50e+03
        pdb=" N   PHE A   2 "   -0.011 2.00e-02 2.50e+03
        pdb=" H   PHE A   2 "    0.005 2.00e-02 2.50e+03
  ... (remaining 3 not shown)

  Histogram of nonbonded interaction distances:
        1.92 -     2.51: 26
        2.51 -     3.11: 57
        3.11 -     3.70: 62
        3.70 -     4.29: 68
        4.29 -     4.89: 93
  Nonbonded interactions: 306
  Sorted by model distance:
  nonbonded pdb=" HD2 PHE A   2 "
            pdb=" H   PHE A   2 "
     model   vdw
     1.920 2.100
  nonbonded pdb=" HXT ALA A   3 "
            pdb=" HA  ALA A   3 "
     model   vdw
     2.143 2.270
  nonbonded pdb=" HA1 GLY A   1 "
            pdb=" H1  GLY A   1 "
     model   vdw
     2.209 1.816
  nonbonded pdb=" HB1 ALA A   3 "
            pdb=" HA  ALA A   3 "
     model   vdw
     2.269 1.952
  nonbonded pdb=" HB1 PHE A   2 "
            pdb=" HD1 PHE A   2 "
     model   vdw
     2.290 2.270
  ... (remaining 301 not shown)

  NOTE: a complete listing of the restraints can be obtained by requesting
        output of .geo file.

                   ----------xray_structure summary----------                  

Number of scattering types: 4
  Type Number    sf(0)   Gaussians
   O       4      7.97       2
   N       3      6.97       2
   C      14      5.97       2
   H      19      1.00       2
  sf(0) = scattering factor at diffraction angle 0.
Number of scatterers: 40
At special positions: 0
Unit cell: (10.911, 16.632, 13.445, 90, 90, 90)
Space group: P 1 (No. 1)

End of input processing
r_work=0.5765 r_free=0.5302
params.data_weight: None
params.restraints: qm
rmsd(b), start:  0.0862
mc:   0 R: 0.3089 rmsd(b):  0.3922 restraint_scale:  2.0 min_steps: 40
mc:   1 R: 0.1921 rmsd(b):  0.5523 restraint_scale:  4.0 min_steps: 55
mc:   2 R: 0.1552 rmsd(b):  0.5741 restraint_scale:  8.0 min_steps: 24
mc:   3 R: 0.1889 rmsd(b):  0.4897 restraint_scale: 16.0 min_steps: 49
mc:   4 R: 0.1933 rmsd(b):  0.5005 restraint_scale: 32.0 min_steps: 19
mc:   5 R: 0.2444 rmsd(b):  0.4398 restraint_scale: 64.0 min_steps: 42
mc:   6 R: 0.1893 rmsd(b):  0.4608 restraint_scale: 128.0 min_steps: 45
mc:   7 R: 0.2520 rmsd(b):  0.5097 restraint_scale: 256.0 min_steps: 46
mc:   8 R: 0.2619 rmsd(b):  0.5184 restraint_scale: 512.0 min_steps: 15
mc:   9 R: 0.3104 rmsd(b):  0.5476 restraint_scale: 1024.0 min_steps: 53
mc:  10 R: 0.3104 rmsd(b):  0.5476 restraint_scale: 2048.0 min_steps: 1
Convergence reached, stop now.
see the result structure:  ./p26/04_results/refine_qm/242_GFA08-new/1.5/4.pdb
Time: 1731.5208
