phenix.python
you are importing  adaptive calculator, and it does nothing. Please give it energy, force....... 

============================== Collecting inputs ==============================


                   ----------Processing X-ray data----------                   

F-obs:
  /scratch/m_zhen01/30993.lupus.uni-muenster.de/p26/02_mtz/225_GGF10-new.mtz:F-obs
Miller array info: None
Observation type: xray.amplitude
Type of data: double, size=207
Type of sigmas: None
Number of Miller indices: 207
Anomalous flag: False
Unit cell: (11.818, 15.78, 10.799, 90, 90, 90)
Space group: P 1 (No. 1)
Systematic absences: 0
Centric reflections: 0
Resolution range: 3.986 2.50566
Completeness in resolution range: 1
Completeness with d_max=infinity: 0.772388

Number of F-obs in resolution range:                   207
Number of F-obs<0 (these reflections will be rejected): 0
Number of F-obs=0 (these reflections will be used in refinement): 0
Refinement resolution range: d_max =   3.9860
                             d_min =   2.5057

R-free flags:
  /scratch/m_zhen01/30993.lupus.uni-muenster.de/p26/02_mtz/225_GGF10-new.mtz:R-free-flags
Miller array info: /scratch/m_zhen01/30993.lupus.uni-muenster.de/p26/02_mtz/225_GGF10-new.mtz:R-free-flags
Observation type: None
Type of data: int, size=207
Type of sigmas: None
Number of Miller indices: 207
Anomalous flag: False
Unit cell: (11.818, 15.78, 10.799, 90, 90, 90)
Space group: P 1 (No. 1)
Systematic absences: 0
Centric reflections: 0
Resolution range: 3.986 2.50566
Completeness in resolution range: 1
Completeness with d_max=infinity: 0.772388
Wavelength: 1.0000

Test (R-free flags) flag value: 1

Number of work/free reflections by resolution:
                                  work free  %free
  bin  1: 3.9860 - 3.6498 [24/24]   22    2   8.3%
  bin  2: 3.6498 - 3.4043 [23/23]   23    0   0.0%
  bin  3: 3.4043 - 3.2139 [12/12]   10    2  16.7%
  bin  4: 3.2139 - 3.0600 [29/29]   29    0   0.0%
  bin  5: 3.0600 - 2.9319 [23/23]   23    0   0.0%
  bin  6: 2.9319 - 2.8229 [12/12]    8    4  33.3%
  bin  7: 2.8229 - 2.7284 [14/14]   14    0   0.0%
  bin  8: 2.7284 - 2.6455 [33/33]   33    0   0.0%
  bin  9: 2.6455 - 2.5718 [19/19]   15    4  21.1%
  bin 10: 2.5718 - 2.5057 [18/18]   18    0   0.0%
                          overall  195   12   5.8%

                   ----------Processing PDB file(s)----------                  

  Monomer Library directory:
    "/tmp1/m_zhen01/phenix-installer-1.10.1-2155-intel-linux-2.6-x86_64-centos5/phenix-1.10.1-2155/modules/chem_data/mon_lib"
  Total number of atoms: 37
  Number of models: 1
  Model: ""
    Number of chains: 1
    Chain: "A"
      Number of atoms: 37
      Number of conformers: 1
      Conformer: ""
        Number of residues, atoms: 3, 37
          Classifications: {'peptide': 3}
          Modifications used: {'NH2NOTPRO': 1, 'COOH': 1}
          Link IDs: {'TRANS': 2}
  Time building chain proxies: 0.07, per 1000 atoms: 1.89
  Number of scatterers: 37
  At special positions: 0
  Unit cell: (11.818, 15.78, 10.799, 90, 90, 90)
  Space group: P 1 (No. 1)
  Number of sites at special positions: 0
  Number of scattering types: 4
    Type Number    sf(0)
     O       4      8.00
     N       3      7.00
     C      13      6.00
     H      17      1.00
    sf(0) = scattering factor at diffraction angle 0.

  Number of disulfides: simple=0, symmetry=0

  Automatic linking
    Parameters for automatic linking
      Linking & cutoffs
        Metal                : False - 3.50
        Amimo acid           : False - 1.90
        Carbohydrate         : True  - 1.99
        Ligands              : True  - 1.99
        Amino acid - RNA/DNA : False
      
  Number of custom bonds: simple=0, symmetry=0
  Time building additional restraints: 0.02
  Conformation dependent library (CDL) restraints added in 2.5 milliseconds
  
  Adding C-beta torsion restraints...
  Number of C-beta restraints generated:  2
  Time building geometry restraints manager: 0.02 seconds

  NOTE: a complete listing of the restraints can be obtained by requesting
        output of .geo file.

  Histogram of bond lengths:
        0.88 -     1.01: 17
        1.01 -     1.14: 0
        1.14 -     1.28: 3
        1.28 -     1.41: 9
        1.41 -     1.54: 8
  Bond restraints: 37
  Sorted by residual:
  bond pdb=" N   PHE A   3 "
       pdb=" H   PHE A   3 "
    ideal  model  delta    sigma   weight residual
    0.860  0.909 -0.049 2.00e-02 2.50e+03 6.03e+00
  bond pdb=" CA  GLY A   1 "
       pdb=" HA2 GLY A   1 "
    ideal  model  delta    sigma   weight residual
    0.970  0.921  0.049 2.00e-02 2.50e+03 6.00e+00
  bond pdb=" C   PHE A   3 "
       pdb=" CA  PHE A   3 "
    ideal  model  delta    sigma   weight residual
    1.525  1.479  0.046 2.10e-02 2.27e+03 4.86e+00
  bond pdb=" CZ  PHE A   3 "
       pdb=" CE1 PHE A   3 "
    ideal  model  delta    sigma   weight residual
    1.382  1.327  0.055 3.00e-02 1.11e+03 3.39e+00
  bond pdb=" C   GLY A   2 "
       pdb=" O   GLY A   2 "
    ideal  model  delta    sigma   weight residual
    1.235  1.257 -0.022 1.35e-02 5.49e+03 2.69e+00
  ... (remaining 32 not shown)

  Histogram of bond angle deviations from ideal:
      105.05 -   109.15: 13
      109.15 -   113.25: 13
      113.25 -   117.35: 6
      117.35 -   121.45: 19
      121.45 -   125.55: 9
  Bond angle restraints: 60
  Sorted by residual:
  angle pdb=" C   GLY A   1 "
        pdb=" CA  GLY A   1 "
        pdb=" N   GLY A   1 "
      ideal   model   delta    sigma   weight residual
     113.30  105.05    8.25 2.90e+00 1.19e-01 8.09e+00
  angle pdb=" C   GLY A   1 "
        pdb=" N   GLY A   2 "
        pdb=" CA  GLY A   2 "
      ideal   model   delta    sigma   weight residual
     121.41  125.09   -3.68 1.96e+00 2.60e-01 3.53e+00
  angle pdb=" O   GLY A   1 "
        pdb=" C   GLY A   1 "
        pdb=" N   GLY A   2 "
      ideal   model   delta    sigma   weight residual
     123.00  125.55   -2.55 1.60e+00 3.91e-01 2.54e+00
  angle pdb=" HA1 GLY A   2 "
        pdb=" CA  GLY A   2 "
        pdb=" N   GLY A   2 "
      ideal   model   delta    sigma   weight residual
     110.00  114.53   -4.53 3.00e+00 1.11e-01 2.28e+00
  angle pdb=" C   GLY A   1 "
        pdb=" CA  GLY A   1 "
        pdb=" HA1 GLY A   1 "
      ideal   model   delta    sigma   weight residual
     109.00  113.11   -4.11 3.00e+00 1.11e-01 1.87e+00
  ... (remaining 55 not shown)

  Histogram of dihedral angle deviations from ideal:
        0.14 -     5.50: 11
        5.50 -    10.86: 1
       10.86 -    16.22: 0
       16.22 -    21.59: 0
       21.59 -    26.95: 1
  Dihedral angle restraints: 13
    sinusoidal: 3
      harmonic: 10
  Sorted by residual:
  dihedral pdb=" CA  PHE A   3 "
           pdb=" CB  PHE A   3 "
           pdb=" CG  PHE A   3 "
           pdb=" CD1 PHE A   3 "
      ideal   model   delta sinusoidal    sigma   weight residual
     -20.00  -46.95   26.95     2      2.00e+01 2.50e-03 2.46e+00
  dihedral pdb=" CA  GLY A   1 "
           pdb=" C   GLY A   1 "
           pdb=" N   GLY A   2 "
           pdb=" CA  GLY A   2 "
      ideal   model   delta  harmonic     sigma   weight residual
     180.00  175.71    4.29     0      5.00e+00 4.00e-02 7.37e-01
  dihedral pdb=" C   PHE A   3 "
           pdb=" N   PHE A   3 "
           pdb=" CA  PHE A   3 "
           pdb=" CB  PHE A   3 "
      ideal   model   delta  harmonic     sigma   weight residual
    -122.60 -120.46   -2.14     0      2.50e+00 1.60e-01 7.34e-01
  ... (remaining 10 not shown)

  Histogram of chiral volume deviations from ideal:
       0.012 -    0.012: 1
       0.012 -    0.012: 0
       0.012 -    0.012: 0
       0.012 -    0.012: 0
       0.012 -    0.012: 0
  Chirality restraints: 1
  Sorted by residual:
  chirality pdb=" CA  PHE A   3 "
            pdb=" C   PHE A   3 "
            pdb=" N   PHE A   3 "
            pdb=" CB  PHE A   3 "
    both_signs  ideal   model   delta    sigma   weight residual
      False     -2.51   -2.52    0.01 2.00e-01 2.50e+01 3.46e-03

  Planarity restraints: 6
  Sorted by residual:
                                 delta    sigma   weight rms_deltas residual
  plane pdb=" CB  PHE A   3 "   -0.012 2.00e-02 2.50e+03   1.41e-02 5.95e+00
        pdb=" CG  PHE A   3 "    0.014 2.00e-02 2.50e+03
        pdb=" CD2 PHE A   3 "   -0.014 2.00e-02 2.50e+03
        pdb=" HD2 PHE A   3 "    0.006 2.00e-02 2.50e+03
        pdb=" CE2 PHE A   3 "   -0.016 2.00e-02 2.50e+03
        pdb=" HE2 PHE A   3 "    0.023 2.00e-02 2.50e+03
        pdb=" CZ  PHE A   3 "   -0.016 2.00e-02 2.50e+03
        pdb=" HZ  PHE A   3 "    0.011 2.00e-02 2.50e+03
        pdb=" CE1 PHE A   3 "   -0.017 2.00e-02 2.50e+03
        pdb=" HE1 PHE A   3 "    0.000 2.00e-02 2.50e+03
        pdb=" CD1 PHE A   3 "    0.001 2.00e-02 2.50e+03
        pdb=" HD1 PHE A   3 "    0.020 2.00e-02 2.50e+03
                                 delta    sigma   weight rms_deltas residual
  plane pdb=" C   GLY A   2 "   -0.007 2.00e-02 2.50e+03   1.31e-02 1.71e+00
        pdb=" CA  PHE A   3 "   -0.006 2.00e-02 2.50e+03
        pdb=" N   PHE A   3 "    0.023 2.00e-02 2.50e+03
        pdb=" H   PHE A   3 "   -0.010 2.00e-02 2.50e+03
                                 delta    sigma   weight rms_deltas residual
  plane pdb=" O   PHE A   3 "   -0.005 2.00e-02 2.50e+03   8.34e-03 8.69e-01
        pdb=" C   PHE A   3 "    0.004 2.00e-02 2.50e+03
        pdb=" OXT PHE A   3 "   -0.013 2.00e-02 2.50e+03
        pdb=" HXT PHE A   3 "    0.011 2.00e-02 2.50e+03
        pdb=" CA  PHE A   3 "    0.004 2.00e-02 2.50e+03
  ... (remaining 3 not shown)

  Histogram of nonbonded interaction distances:
        2.23 -     2.76: 47
        2.76 -     3.30: 46
        3.30 -     3.83: 38
        3.83 -     4.36: 54
        4.36 -     4.90: 73
  Nonbonded interactions: 258
  Sorted by model distance:
  nonbonded pdb=" HZ  PHE A   3 "
            pdb=" HE1 PHE A   3 "
     model   vdw
     2.231 1.680
  nonbonded pdb=" O   PHE A   3 "
            pdb=" HXT PHE A   3 "
     model   vdw
     2.244 2.056
  nonbonded pdb=" HA  PHE A   3 "
            pdb=" HD1 PHE A   3 "
     model   vdw
     2.246 2.270
  nonbonded pdb=" HA1 GLY A   1 "
            pdb=" H1  GLY A   1 "
     model   vdw
     2.253 1.816
  nonbonded pdb=" HD2 PHE A   3 "
            pdb=" HE2 PHE A   3 "
     model   vdw
     2.257 1.680
  ... (remaining 253 not shown)

  NOTE: a complete listing of the restraints can be obtained by requesting
        output of .geo file.

                   ----------xray_structure summary----------                  

Number of scattering types: 4
  Type Number    sf(0)   Gaussians
   O       4      7.97       2
   N       3      6.97       2
   C      13      5.97       2
   H      17      1.00       2
  sf(0) = scattering factor at diffraction angle 0.
Number of scatterers: 37
At special positions: 0
Unit cell: (11.818, 15.78, 10.799, 90, 90, 90)
Space group: P 1 (No. 1)

End of input processing
r_work=0.4859 r_free=0.5440
params.data_weight: 0.0
params.restraints: cctbx
rmsd(b), start:  0.0881
mc:   0 R: 0.4984 rmsd(b):  0.0008 restraint_scale:  1.0 min_steps: 53
mc:   1 R: 0.4833 rmsd(b):  0.0009 restraint_scale:  1.0 min_steps: 56
mc:   2 R: 0.4830 rmsd(b):  0.0006 restraint_scale:  1.0 min_steps: 53
mc:   3 R: 0.4826 rmsd(b):  0.0007 restraint_scale:  1.0 min_steps: 55
mc:   4 R: 0.4822 rmsd(b):  0.0006 restraint_scale:  1.0 min_steps: 54
mc:   5 R: 0.4829 rmsd(b):  0.0007 restraint_scale:  1.0 min_steps: 53
mc:   6 R: 0.4831 rmsd(b):  0.0006 restraint_scale:  1.0 min_steps: 52
mc:   7 R: 0.4836 rmsd(b):  0.0007 restraint_scale:  1.0 min_steps: 53
mc:   8 R: 0.4845 rmsd(b):  0.0007 restraint_scale:  1.0 min_steps: 55
mc:   9 R: 0.4854 rmsd(b):  0.0007 restraint_scale:  1.0 min_steps: 53
Convergence reached, stop now.
see the result structure:  ./p26/04_results/opt_cctbx/225_GGF10-new/0.9/2.pdb
Time: 6.4971
