phenix.python
you are importing  adaptive calculator, and it does nothing. Please give it energy, force....... 

============================== Collecting inputs ==============================


                   ----------Processing X-ray data----------                   

F-obs:
  /scratch/m_zhen01/30993.lupus.uni-muenster.de/p26/02_mtz/203_WG11-new.mtz:F-obs
Miller array info: None
Observation type: xray.amplitude
Type of data: double, size=181
Type of sigmas: None
Number of Miller indices: 181
Anomalous flag: False
Unit cell: (13.071, 13.502, 9.907, 90, 90, 90)
Space group: P 1 (No. 1)
Systematic absences: 0
Centric reflections: 0
Resolution range: 3.99375 2.52768
Completeness in resolution range: 1
Completeness with d_max=infinity: 0.770213

Number of F-obs in resolution range:                   181
Number of F-obs<0 (these reflections will be rejected): 0
Number of F-obs=0 (these reflections will be used in refinement): 0
Refinement resolution range: d_max =   3.9937
                             d_min =   2.5277

R-free flags:
  /scratch/m_zhen01/30993.lupus.uni-muenster.de/p26/02_mtz/203_WG11-new.mtz:R-free-flags
Miller array info: /scratch/m_zhen01/30993.lupus.uni-muenster.de/p26/02_mtz/203_WG11-new.mtz:R-free-flags
Observation type: None
Type of data: int, size=181
Type of sigmas: None
Number of Miller indices: 181
Anomalous flag: False
Unit cell: (13.071, 13.502, 9.907, 90, 90, 90)
Space group: P 1 (No. 1)
Systematic absences: 0
Centric reflections: 0
Resolution range: 3.99375 2.52768
Completeness in resolution range: 1
Completeness with d_max=infinity: 0.770213
Wavelength: 1.0000

Test (R-free flags) flag value: 1

Number of work/free reflections by resolution:
                                  work free  %free
  bin  1: 3.9937 - 3.6645 [24/24]   24    0   0.0%
  bin  2: 3.6645 - 3.4226 [10/10]   10    0   0.0%
  bin  3: 3.4226 - 3.2340 [13/13]    9    4  30.8%
  bin  4: 3.2340 - 3.0811 [28/28]   28    0   0.0%
  bin  5: 3.0811 - 2.9536 [16/16]   16    0   0.0%
  bin  6: 2.9536 - 2.8449 [20/20]   12    8  40.0%
  bin  7: 2.8449 - 2.7506 [ 6/6 ]    6    0   0.0%
  bin  8: 2.7506 - 2.6677 [17/17]   17    0   0.0%
  bin  9: 2.6677 - 2.5939 [19/19]   19    0   0.0%
  bin 10: 2.5939 - 2.5277 [28/28]   28    0   0.0%
                          overall  169   12   6.6%

                   ----------Processing PDB file(s)----------                  

  Monomer Library directory:
    "/tmp1/m_zhen01/phenix-installer-1.10.1-2155-intel-linux-2.6-x86_64-centos5/phenix-1.10.1-2155/modules/chem_data/mon_lib"
  Total number of atoms: 34
  Number of models: 1
  Model: ""
    Number of chains: 1
    Chain: "A"
      Number of atoms: 34
      Number of conformers: 1
      Conformer: ""
        Number of residues, atoms: 2, 34
          Classifications: {'peptide': 2}
          Modifications used: {'NH2NOTPRO': 1, 'COOH': 1}
          Link IDs: {'TRANS': 1}
  Time building chain proxies: 0.07, per 1000 atoms: 2.06
  Number of scatterers: 34
  At special positions: 0
  Unit cell: (13.071, 13.502, 9.907, 90, 90, 90)
  Space group: P 1 (No. 1)
  Number of sites at special positions: 0
  Number of scattering types: 4
    Type Number    sf(0)
     O       3      8.00
     N       3      7.00
     C      13      6.00
     H      15      1.00
    sf(0) = scattering factor at diffraction angle 0.

  Number of disulfides: simple=0, symmetry=0

  Automatic linking
    Parameters for automatic linking
      Linking & cutoffs
        Metal                : False - 3.50
        Amimo acid           : False - 1.90
        Carbohydrate         : True  - 1.99
        Ligands              : True  - 1.99
        Amino acid - RNA/DNA : False
      
  Number of custom bonds: simple=0, symmetry=0
  Time building additional restraints: 0.02
  Conformation dependent library (CDL) restraints added in 439.2 microseconds
  
  Adding C-beta torsion restraints...
  Number of C-beta restraints generated:  2
  Time building geometry restraints manager: 0.03 seconds

  NOTE: a complete listing of the restraints can be obtained by requesting
        output of .geo file.

  Histogram of bond lengths:
        0.85 -     0.99: 13
        0.99 -     1.13: 2
        1.13 -     1.27: 2
        1.27 -     1.41: 11
        1.41 -     1.55: 7
  Bond restraints: 35
  Sorted by residual:
  bond pdb=" C   TRP A   1 "
       pdb=" N   GLY A   2 "
    ideal  model  delta    sigma   weight residual
    1.329  1.288  0.041 1.40e-02 5.10e+03 8.40e+00
  bond pdb=" CH2 TRP A   1 "
       pdb=" HH2 TRP A   1 "
    ideal  model  delta    sigma   weight residual
    0.930  0.875  0.055 2.00e-02 2.50e+03 7.55e+00
  bond pdb=" CZ3 TRP A   1 "
       pdb=" HZ3 TRP A   1 "
    ideal  model  delta    sigma   weight residual
    0.930  0.879  0.051 2.00e-02 2.50e+03 6.38e+00
  bond pdb=" CA  TRP A   1 "
       pdb=" N   TRP A   1 "
    ideal  model  delta    sigma   weight residual
    1.458  1.503 -0.045 1.90e-02 2.77e+03 5.61e+00
  bond pdb=" N   TRP A   1 "
       pdb=" H2  TRP A   1 "
    ideal  model  delta    sigma   weight residual
    0.960  1.003 -0.043 2.00e-02 2.50e+03 4.62e+00
  ... (remaining 30 not shown)

  Histogram of bond angle deviations from ideal:
      100.38 -   106.85: 4
      106.85 -   113.31: 22
      113.31 -   119.78: 10
      119.78 -   126.25: 15
      126.25 -   132.72: 6
  Bond angle restraints: 57
  Sorted by residual:
  angle pdb=" HA1 GLY A   2 "
        pdb=" CA  GLY A   2 "
        pdb=" HA2 GLY A   2 "
      ideal   model   delta    sigma   weight residual
     109.00  100.38    8.62 3.00e+00 1.11e-01 8.26e+00
  angle pdb=" C   TRP A   1 "
        pdb=" N   GLY A   2 "
        pdb=" H   GLY A   2 "
      ideal   model   delta    sigma   weight residual
     124.30  132.33   -8.03 3.00e+00 1.11e-01 7.17e+00
  angle pdb=" CA  GLY A   2 "
        pdb=" N   GLY A   2 "
        pdb=" H   GLY A   2 "
      ideal   model   delta    sigma   weight residual
     114.00  106.91    7.09 3.00e+00 1.11e-01 5.58e+00
  angle pdb=" O   GLY A   2 "
        pdb=" C   GLY A   2 "
        pdb=" CA  GLY A   2 "
      ideal   model   delta    sigma   weight residual
     118.60  112.85    5.75 3.00e+00 1.11e-01 3.67e+00
  angle pdb=" C   TRP A   1 "
        pdb=" CA  TRP A   1 "
        pdb=" N   TRP A   1 "
      ideal   model   delta    sigma   weight residual
     111.00  116.17   -5.17 2.80e+00 1.28e-01 3.41e+00
  ... (remaining 52 not shown)

  Histogram of dihedral angle deviations from ideal:
        0.39 -     8.21: 12
        8.21 -    16.02: 0
       16.02 -    23.83: 0
       23.83 -    31.64: 0
       31.64 -    39.45: 1
  Dihedral angle restraints: 13
    sinusoidal: 3
      harmonic: 10
  Sorted by residual:
  dihedral pdb=" OXT GLY A   2 "
           pdb=" C   GLY A   2 "
           pdb=" CA  GLY A   2 "
           pdb=" N   GLY A   2 "
      ideal   model   delta sinusoidal    sigma   weight residual
     -20.00   19.45  -39.45     2      3.00e+01 1.11e-03 2.15e+00
  dihedral pdb=" CA  TRP A   1 "
           pdb=" C   TRP A   1 "
           pdb=" N   GLY A   2 "
           pdb=" CA  GLY A   2 "
      ideal   model   delta  harmonic     sigma   weight residual
     180.00  174.66    5.34     0      5.00e+00 4.00e-02 1.14e+00
  dihedral pdb=" C   TRP A   1 "
           pdb=" N   TRP A   1 "
           pdb=" CA  TRP A   1 "
           pdb=" CB  TRP A   1 "
      ideal   model   delta  harmonic     sigma   weight residual
    -122.60 -121.19   -1.41     0      2.50e+00 1.60e-01 3.20e-01
  ... (remaining 10 not shown)

  Histogram of chiral volume deviations from ideal:
       0.083 -    0.083: 1
       0.083 -    0.083: 0
       0.083 -    0.083: 0
       0.083 -    0.083: 0
       0.083 -    0.083: 0
  Chirality restraints: 1
  Sorted by residual:
  chirality pdb=" CA  TRP A   1 "
            pdb=" C   TRP A   1 "
            pdb=" N   TRP A   1 "
            pdb=" CB  TRP A   1 "
    both_signs  ideal   model   delta    sigma   weight residual
      False     -2.51   -2.59    0.08 2.00e-01 2.50e+01 1.72e-01

  Planarity restraints: 4
  Sorted by residual:
                                 delta    sigma   weight rms_deltas residual
  plane pdb=" CB  TRP A   1 "    0.013 2.00e-02 2.50e+03   1.63e-02 1.06e+01
        pdb=" CG  TRP A   1 "    0.022 2.00e-02 2.50e+03
        pdb=" CD1 TRP A   1 "   -0.002 2.00e-02 2.50e+03
        pdb=" HD1 TRP A   1 "   -0.038 2.00e-02 2.50e+03
        pdb=" NE1 TRP A   1 "    0.032 2.00e-02 2.50e+03
        pdb=" HE1 TRP A   1 "    0.000 2.00e-02 2.50e+03
        pdb=" CE2 TRP A   1 "    0.009 2.00e-02 2.50e+03
        pdb=" CZ2 TRP A   1 "   -0.025 2.00e-02 2.50e+03
        pdb=" HZ2 TRP A   1 "    0.003 2.00e-02 2.50e+03
        pdb=" CH2 TRP A   1 "   -0.007 2.00e-02 2.50e+03
        pdb=" HH2 TRP A   1 "    0.013 2.00e-02 2.50e+03
        pdb=" CZ3 TRP A   1 "   -0.002 2.00e-02 2.50e+03
        pdb=" HZ3 TRP A   1 "    0.001 2.00e-02 2.50e+03
        pdb=" CE3 TRP A   1 "   -0.007 2.00e-02 2.50e+03
        pdb=" HE3 TRP A   1 "   -0.010 2.00e-02 2.50e+03
        pdb=" CD2 TRP A   1 "   -0.002 2.00e-02 2.50e+03
                                 delta    sigma   weight rms_deltas residual
  plane pdb=" C   TRP A   1 "   -0.006 2.00e-02 2.50e+03   1.06e-02 1.11e+00
        pdb=" CA  GLY A   2 "   -0.004 2.00e-02 2.50e+03
        pdb=" N   GLY A   2 "    0.018 2.00e-02 2.50e+03
        pdb=" H   GLY A   2 "   -0.008 2.00e-02 2.50e+03
                                 delta    sigma   weight rms_deltas residual
  plane pdb=" O   GLY A   2 "   -0.007 2.00e-02 2.50e+03   9.31e-03 1.08e+00
        pdb=" C   GLY A   2 "    0.011 2.00e-02 2.50e+03
        pdb=" OXT GLY A   2 "   -0.014 2.00e-02 2.50e+03
        pdb=" HXT GLY A   2 "    0.009 2.00e-02 2.50e+03
        pdb=" CA  GLY A   2 "    0.001 2.00e-02 2.50e+03
  ... (remaining 1 not shown)

  Histogram of nonbonded interaction distances:
        1.86 -     2.46: 17
        2.46 -     3.07: 46
        3.07 -     3.68: 75
        3.68 -     4.28: 72
        4.28 -     4.89: 81
  Nonbonded interactions: 291
  Sorted by model distance:
  nonbonded pdb=" HA  TRP A   1 "
            pdb=" H2  TRP A   1 "
     model   vdw
     1.858 1.816
  nonbonded pdb=" HA1 GLY A   2 "
            pdb=" H   GLY A   2 "
     model   vdw
     2.151 1.816
  nonbonded pdb=" HZ2 TRP A   1 "
            pdb=" HH2 TRP A   1 "
     model   vdw
     2.194 1.680
  nonbonded pdb=" H1  TRP A   1 "
            pdb=" HD1 TRP A   1 "
     model   vdw
     2.282 2.100
  nonbonded pdb=" HH2 TRP A   1 "
            pdb=" HZ3 TRP A   1 "
     model   vdw
     2.296 1.680
  ... (remaining 286 not shown)

  NOTE: a complete listing of the restraints can be obtained by requesting
        output of .geo file.

                   ----------xray_structure summary----------                  

Number of scattering types: 4
  Type Number    sf(0)   Gaussians
   O       3      7.97       2
   N       3      6.97       2
   C      13      5.97       2
   H      15      1.00       2
  sf(0) = scattering factor at diffraction angle 0.
Number of scatterers: 34
At special positions: 0
Unit cell: (13.071, 13.502, 9.907, 90, 90, 90)
Space group: P 1 (No. 1)

End of input processing
r_work=0.2296 r_free=0.1119
params.data_weight: 0.0
params.restraints: cctbx
rmsd(b), start:  0.0930
mc:   0 R: 0.2089 rmsd(b):  0.0007 restraint_scale:  1.0 min_steps: 55
mc:   1 R: 0.2137 rmsd(b):  0.0006 restraint_scale:  1.0 min_steps: 54
mc:   2 R: 0.2506 rmsd(b):  0.0004 restraint_scale:  1.0 min_steps: 54
mc:   3 R: 0.2676 rmsd(b):  0.0006 restraint_scale:  1.0 min_steps: 53
mc:   4 R: 0.2962 rmsd(b):  0.0005 restraint_scale:  1.0 min_steps: 55
mc:   5 R: 0.3023 rmsd(b):  0.0005 restraint_scale:  1.0 min_steps: 54
mc:   6 R: 0.3162 rmsd(b):  0.0005 restraint_scale:  1.0 min_steps: 55
mc:   7 R: 0.3197 rmsd(b):  0.0005 restraint_scale:  1.0 min_steps: 53
mc:   8 R: 0.3333 rmsd(b):  0.0006 restraint_scale:  1.0 min_steps: 55
mc:   9 R: 0.3359 rmsd(b):  0.0005 restraint_scale:  1.0 min_steps: 55
mc:  10 R: 0.3476 rmsd(b):  0.0006 restraint_scale:  1.0 min_steps: 54
mc:  11 R: 0.3505 rmsd(b):  0.0004 restraint_scale:  1.0 min_steps: 55
mc:  12 R: 0.3700 rmsd(b):  0.0007 restraint_scale:  1.0 min_steps: 54
mc:  13 R: 0.3722 rmsd(b):  0.0004 restraint_scale:  1.0 min_steps: 55
mc:  14 R: 0.3754 rmsd(b):  0.0004 restraint_scale:  1.0 min_steps: 53
mc:  15 R: 0.3770 rmsd(b):  0.0004 restraint_scale:  1.0 min_steps: 54
mc:  16 R: 0.3781 rmsd(b):  0.0004 restraint_scale:  1.0 min_steps: 52
mc:  17 R: 0.3797 rmsd(b):  0.0004 restraint_scale:  1.0 min_steps: 53
mc:  18 R: 0.3822 rmsd(b):  0.0004 restraint_scale:  1.0 min_steps: 53
mc:  19 R: 0.3824 rmsd(b):  0.0003 restraint_scale:  1.0 min_steps: 54
Convergence reached, stop now.
see the result structure:  ./p26/04_results/opt_cctbx/203_WG11-new/0.3/7.pdb
Time: 8.4873
