phenix.python
you are importing  adaptive calculator, and it does nothing. Please give it energy, force....... 

============================== Collecting inputs ==============================


                   ----------Processing X-ray data----------                   

F-obs:
  /scratch/m_zhen01/30995.lupus.uni-muenster.de/p26/02_mtz/213_WGG15-new.mtz:F-obs
Miller array info: None
Observation type: xray.amplitude
Type of data: double, size=215
Type of sigmas: None
Number of Miller indices: 215
Anomalous flag: False
Unit cell: (15.336, 14.208, 10.255, 90, 90, 90)
Space group: P 1 (No. 1)
Systematic absences: 0
Centric reflections: 0
Resolution range: 3.84643 2.5113
Completeness in resolution range: 1
Completeness with d_max=infinity: 0.728814

Number of F-obs in resolution range:                   215
Number of F-obs<0 (these reflections will be rejected): 0
Number of F-obs=0 (these reflections will be used in refinement): 0
Refinement resolution range: d_max =   3.8464
                             d_min =   2.5113

R-free flags:
  /scratch/m_zhen01/30995.lupus.uni-muenster.de/p26/02_mtz/213_WGG15-new.mtz:R-free-flags
Miller array info: /scratch/m_zhen01/30995.lupus.uni-muenster.de/p26/02_mtz/213_WGG15-new.mtz:R-free-flags
Observation type: None
Type of data: int, size=215
Type of sigmas: None
Number of Miller indices: 215
Anomalous flag: False
Unit cell: (15.336, 14.208, 10.255, 90, 90, 90)
Space group: P 1 (No. 1)
Systematic absences: 0
Centric reflections: 0
Resolution range: 3.84643 2.5113
Completeness in resolution range: 1
Completeness with d_max=infinity: 0.728814
Wavelength: 1.0000

Test (R-free flags) flag value: 1

Number of work/free reflections by resolution:
                                  work free  %free
  bin  1: 3.8464 - 3.5619 [19/19]   18    1   5.3%
  bin  2: 3.5619 - 3.3464 [24/24]   23    1   4.2%
  bin  3: 3.3464 - 3.1751 [26/26]   26    0   0.0%
  bin  4: 3.1751 - 3.0342 [19/19]   19    0   0.0%
  bin  5: 3.0342 - 2.9154 [18/18]   16    2  11.1%
  bin  6: 2.9154 - 2.8133 [29/29]   29    0   0.0%
  bin  7: 2.8133 - 2.7241 [22/22]   20    2   9.1%
  bin  8: 2.7241 - 2.6452 [10/10]   10    0   0.0%
  bin  9: 2.6452 - 2.5748 [24/24]   24    0   0.0%
  bin 10: 2.5748 - 2.5113 [24/24]   23    1   4.2%
                          overall  208    7   3.3%

                   ----------Processing PDB file(s)----------                  

  Monomer Library directory:
    "/tmp1/m_zhen01/phenix-installer-1.10.1-2155-intel-linux-2.6-x86_64-centos5/phenix-1.10.1-2155/modules/chem_data/mon_lib"
  Total number of atoms: 41
  Number of models: 1
  Model: ""
    Number of chains: 1
    Chain: "A"
      Number of atoms: 41
      Number of conformers: 1
      Conformer: ""
        Number of residues, atoms: 3, 41
          Classifications: {'peptide': 3}
          Modifications used: {'NH2NOTPRO': 1, 'COOH': 1}
          Link IDs: {'TRANS': 2}
  Time building chain proxies: 0.08, per 1000 atoms: 1.95
  Number of scatterers: 41
  At special positions: 0
  Unit cell: (15.336, 14.208, 10.255, 90, 90, 90)
  Space group: P 1 (No. 1)
  Number of sites at special positions: 0
  Number of scattering types: 4
    Type Number    sf(0)
     O       4      8.00
     N       4      7.00
     C      15      6.00
     H      18      1.00
    sf(0) = scattering factor at diffraction angle 0.

  Number of disulfides: simple=0, symmetry=0

  Automatic linking
    Parameters for automatic linking
      Linking & cutoffs
        Metal                : False - 3.50
        Amimo acid           : False - 1.90
        Carbohydrate         : True  - 1.99
        Ligands              : True  - 1.99
        Amino acid - RNA/DNA : False
      
  Number of custom bonds: simple=0, symmetry=0
  Time building additional restraints: 0.03
  Conformation dependent library (CDL) restraints added in 2.4 milliseconds
  
  Adding C-beta torsion restraints...
  Number of C-beta restraints generated:  2
  Time building geometry restraints manager: 0.04 seconds

  NOTE: a complete listing of the restraints can be obtained by requesting
        output of .geo file.

  Histogram of bond lengths:
        0.84 -     0.98: 15
        0.98 -     1.12: 3
        1.12 -     1.26: 3
        1.26 -     1.40: 10
        1.40 -     1.54: 11
  Bond restraints: 42
  Sorted by residual:
  bond pdb=" CB  TRP A   1 "
       pdb=" HB1 TRP A   1 "
    ideal  model  delta    sigma   weight residual
    0.970  1.017 -0.047 2.00e-02 2.50e+03 5.59e+00
  bond pdb=" NE1 TRP A   1 "
       pdb=" HE1 TRP A   1 "
    ideal  model  delta    sigma   weight residual
    0.860  0.905 -0.045 2.00e-02 2.50e+03 5.14e+00
  bond pdb=" CA  GLY A   3 "
       pdb=" HA1 GLY A   3 "
    ideal  model  delta    sigma   weight residual
    0.970  0.932  0.038 2.00e-02 2.50e+03 3.54e+00
  bond pdb=" C   GLY A   3 "
       pdb=" OXT GLY A   3 "
    ideal  model  delta    sigma   weight residual
    1.330  1.292  0.038 2.00e-02 2.50e+03 3.52e+00
  bond pdb=" O   GLY A   3 "
       pdb=" C   GLY A   3 "
    ideal  model  delta    sigma   weight residual
    1.185  1.148  0.037 2.00e-02 2.50e+03 3.50e+00
  ... (remaining 37 not shown)

  Histogram of bond angle deviations from ideal:
      100.43 -   107.51: 12
      107.51 -   114.60: 17
      114.60 -   121.68: 20
      121.68 -   128.77: 18
      128.77 -   135.85: 2
  Bond angle restraints: 69
  Sorted by residual:
  angle pdb=" C   TRP A   1 "
        pdb=" CA  TRP A   1 "
        pdb=" HA  TRP A   1 "
      ideal   model   delta    sigma   weight residual
     109.00  100.43    8.57 3.00e+00 1.11e-01 8.16e+00
  angle pdb=" HA  TRP A   1 "
        pdb=" CA  TRP A   1 "
        pdb=" N   TRP A   1 "
      ideal   model   delta    sigma   weight residual
     110.00  115.94   -5.94 3.00e+00 1.11e-01 3.92e+00
  angle pdb=" CG  TRP A   1 "
        pdb=" CD2 TRP A   1 "
        pdb=" CE3 TRP A   1 "
      ideal   model   delta    sigma   weight residual
     133.90  135.85   -1.95 1.00e+00 1.00e+00 3.81e+00
  angle pdb=" C   TRP A   1 "
        pdb=" N   GLY A   2 "
        pdb=" CA  GLY A   2 "
      ideal   model   delta    sigma   weight residual
     121.41  117.67    3.74 1.96e+00 2.60e-01 3.64e+00
  angle pdb=" C   GLY A   2 "
        pdb=" CA  GLY A   2 "
        pdb=" HA2 GLY A   2 "
      ideal   model   delta    sigma   weight residual
     109.00  103.74    5.26 3.00e+00 1.11e-01 3.08e+00
  ... (remaining 64 not shown)

  Histogram of dihedral angle deviations from ideal:
        0.11 -    35.75: 12
       35.75 -    71.38: 0
       71.38 -   107.02: 1
      107.02 -   142.65: 0
      142.65 -   178.28: 1
  Dihedral angle restraints: 14
    sinusoidal: 3
      harmonic: 11
  Sorted by residual:
  dihedral pdb=" O   GLY A   3 "
           pdb=" C   GLY A   3 "
           pdb=" OXT GLY A   3 "
           pdb=" HXT GLY A   3 "
      ideal   model   delta  harmonic     sigma   weight residual
       0.00  178.28 -178.28     0      3.00e+01 1.11e-03 3.53e+01
  dihedral pdb=" OXT GLY A   3 "
           pdb=" C   GLY A   3 "
           pdb=" CA  GLY A   3 "
           pdb=" N   GLY A   3 "
      ideal   model   delta sinusoidal    sigma   weight residual
     160.00   78.45   81.55     2      3.00e+01 1.11e-03 5.22e+00
  dihedral pdb=" CA  TRP A   1 "
           pdb=" CB  TRP A   1 "
           pdb=" CG  TRP A   1 "
           pdb=" CD1 TRP A   1 "
      ideal   model   delta sinusoidal    sigma   weight residual
     -90.00 -114.37   24.37     2      2.00e+01 2.50e-03 2.04e+00
  ... (remaining 11 not shown)

  Histogram of chiral volume deviations from ideal:
       0.052 -    0.052: 1
       0.052 -    0.052: 0
       0.052 -    0.052: 0
       0.052 -    0.052: 0
       0.052 -    0.052: 0
  Chirality restraints: 1
  Sorted by residual:
  chirality pdb=" CA  TRP A   1 "
            pdb=" C   TRP A   1 "
            pdb=" N   TRP A   1 "
            pdb=" CB  TRP A   1 "
    both_signs  ideal   model   delta    sigma   weight residual
      False     -2.51   -2.56    0.05 2.00e-01 2.50e+01 6.64e-02

  Planarity restraints: 6
  Sorted by residual:
                                 delta    sigma   weight rms_deltas residual
  plane pdb=" CB  TRP A   1 "   -0.019 2.00e-02 2.50e+03   1.90e-02 1.45e+01
        pdb=" CG  TRP A   1 "    0.023 2.00e-02 2.50e+03
        pdb=" CD1 TRP A   1 "    0.028 2.00e-02 2.50e+03
        pdb=" HD1 TRP A   1 "   -0.034 2.00e-02 2.50e+03
        pdb=" NE1 TRP A   1 "   -0.008 2.00e-02 2.50e+03
        pdb=" HE1 TRP A   1 "   -0.008 2.00e-02 2.50e+03
        pdb=" CE2 TRP A   1 "    0.011 2.00e-02 2.50e+03
        pdb=" CZ2 TRP A   1 "   -0.005 2.00e-02 2.50e+03
        pdb=" HZ2 TRP A   1 "    0.037 2.00e-02 2.50e+03
        pdb=" CH2 TRP A   1 "   -0.020 2.00e-02 2.50e+03
        pdb=" HH2 TRP A   1 "   -0.023 2.00e-02 2.50e+03
        pdb=" CZ3 TRP A   1 "   -0.004 2.00e-02 2.50e+03
        pdb=" HZ3 TRP A   1 "   -0.002 2.00e-02 2.50e+03
        pdb=" CE3 TRP A   1 "    0.006 2.00e-02 2.50e+03
        pdb=" HE3 TRP A   1 "    0.017 2.00e-02 2.50e+03
        pdb=" CD2 TRP A   1 "    0.000 2.00e-02 2.50e+03
                                 delta    sigma   weight rms_deltas residual
  plane pdb=" C   GLY A   2 "    0.034 2.00e-02 2.50e+03   1.95e-02 3.81e+00
        pdb=" O   GLY A   2 "   -0.013 2.00e-02 2.50e+03
        pdb=" CA  GLY A   2 "   -0.010 2.00e-02 2.50e+03
        pdb=" N   GLY A   3 "   -0.011 2.00e-02 2.50e+03
                                 delta    sigma   weight rms_deltas residual
  plane pdb=" C   TRP A   1 "   -0.015 2.00e-02 2.50e+03   8.47e-03 7.18e-01
        pdb=" O   TRP A   1 "    0.006 2.00e-02 2.50e+03
        pdb=" CA  TRP A   1 "    0.004 2.00e-02 2.50e+03
        pdb=" N   GLY A   2 "    0.005 2.00e-02 2.50e+03
  ... (remaining 3 not shown)

  Histogram of nonbonded interaction distances:
        2.11 -     2.67: 31
        2.67 -     3.23: 64
        3.23 -     3.78: 76
        3.78 -     4.34: 71
        4.34 -     4.90: 87
  Nonbonded interactions: 329
  Sorted by model distance:
  nonbonded pdb=" HA2 GLY A   3 "
            pdb=" H   GLY A   3 "
     model   vdw
     2.111 1.816
  nonbonded pdb=" HE1 TRP A   1 "
            pdb=" O   GLY A   3 "
     model   vdw
     2.120 1.970
  nonbonded pdb=" HA1 GLY A   2 "
            pdb=" H   GLY A   2 "
     model   vdw
     2.244 1.816
  nonbonded pdb=" HH2 TRP A   1 "
            pdb=" HZ3 TRP A   1 "
     model   vdw
     2.279 1.680
  nonbonded pdb=" HZ3 TRP A   1 "
            pdb=" HE3 TRP A   1 "
     model   vdw
     2.304 1.680
  ... (remaining 324 not shown)

  NOTE: a complete listing of the restraints can be obtained by requesting
        output of .geo file.

                   ----------xray_structure summary----------                  

Number of scattering types: 4
  Type Number    sf(0)   Gaussians
   O       4      7.97       2
   N       4      6.97       2
   C      15      5.97       2
   H      18      1.00       2
  sf(0) = scattering factor at diffraction angle 0.
Number of scatterers: 41
At special positions: 0
Unit cell: (15.336, 14.208, 10.255, 90, 90, 90)
Space group: P 1 (No. 1)

End of input processing
r_work=0.2530 r_free=0.1657
params.data_weight: None
params.restraints: cctbx
rmsd(b), start:  0.0806
mc:   0 R: 0.0862 rmsd(b):  0.0748 restraint_scale:  2.0 min_steps: 26
mc:   1 R: 0.0265 rmsd(b):  0.0216 restraint_scale:  2.0 min_steps: 26
mc:   2 R: 0.0098 rmsd(b):  0.0237 restraint_scale:  2.0 min_steps: 25
mc:   3 R: 0.0071 rmsd(b):  0.0241 restraint_scale:  2.0 min_steps: 10
mc:   4 R: 0.0048 rmsd(b):  0.0203 restraint_scale:  2.0 min_steps: 23
Convergence reached, stop now.
see the result structure:  ./p26/04_results/refine_cctbx/213_WGG15-new/0.3/1.pdb
Time: 5.6335
