phenix.python
you are importing  adaptive calculator, and it does nothing. Please give it energy, force....... 

============================== Collecting inputs ==============================


                   ----------Processing X-ray data----------                   

F-obs:
  /scratch/m_zhen01/30994.lupus.uni-muenster.de/p26/02_mtz/207_WGG08-new.mtz:F-obs
Miller array info: None
Observation type: xray.amplitude
Type of data: double, size=218
Type of sigmas: None
Number of Miller indices: 218
Anomalous flag: False
Unit cell: (13.023, 14.053, 11.967, 90, 90, 90)
Space group: P 1 (No. 1)
Systematic absences: 0
Centric reflections: 0
Resolution range: 3.989 2.50428
Completeness in resolution range: 1
Completeness with d_max=infinity: 0.751724

Number of F-obs in resolution range:                   218
Number of F-obs<0 (these reflections will be rejected): 0
Number of F-obs=0 (these reflections will be used in refinement): 0
Refinement resolution range: d_max =   3.9890
                             d_min =   2.5043

R-free flags:
  /scratch/m_zhen01/30994.lupus.uni-muenster.de/p26/02_mtz/207_WGG08-new.mtz:R-free-flags
Miller array info: /scratch/m_zhen01/30994.lupus.uni-muenster.de/p26/02_mtz/207_WGG08-new.mtz:R-free-flags
Observation type: None
Type of data: int, size=218
Type of sigmas: None
Number of Miller indices: 218
Anomalous flag: False
Unit cell: (13.023, 14.053, 11.967, 90, 90, 90)
Space group: P 1 (No. 1)
Systematic absences: 0
Centric reflections: 0
Resolution range: 3.989 2.50428
Completeness in resolution range: 1
Completeness with d_max=infinity: 0.751724
Wavelength: 1.0000

Test (R-free flags) flag value: 1

Number of work/free reflections by resolution:
                                  work free  %free
  bin  1: 3.9890 - 3.6511 [23/23]   19    4  17.4%
  bin  2: 3.6511 - 3.4047 [21/21]   21    0   0.0%
  bin  3: 3.4047 - 3.2137 [19/19]   19    0   0.0%
  bin  4: 3.2137 - 3.0594 [28/28]   28    0   0.0%
  bin  5: 3.0594 - 2.9310 [21/21]   17    4  19.0%
  bin  6: 2.9310 - 2.8218 [18/18]   14    4  22.2%
  bin  7: 2.8218 - 2.7273 [25/25]   25    0   0.0%
  bin  8: 2.7273 - 2.6442 [28/28]   24    4  14.3%
  bin  9: 2.6442 - 2.5705 [13/13]   13    0   0.0%
  bin 10: 2.5705 - 2.5043 [22/22]   18    4  18.2%
                          overall  198   20   9.2%

                   ----------Processing PDB file(s)----------                  

  Monomer Library directory:
    "/tmp1/m_zhen01/phenix-installer-1.10.1-2155-intel-linux-2.6-x86_64-centos5/phenix-1.10.1-2155/modules/chem_data/mon_lib"
  Total number of atoms: 41
  Number of models: 1
  Model: ""
    Number of chains: 1
    Chain: "A"
      Number of atoms: 41
      Number of conformers: 1
      Conformer: ""
        Number of residues, atoms: 3, 41
          Classifications: {'peptide': 3}
          Modifications used: {'NH2NOTPRO': 1, 'COOH': 1}
          Link IDs: {'TRANS': 2}
  Time building chain proxies: 0.08, per 1000 atoms: 1.95
  Number of scatterers: 41
  At special positions: 0
  Unit cell: (13.023, 14.053, 11.967, 90, 90, 90)
  Space group: P 1 (No. 1)
  Number of sites at special positions: 0
  Number of scattering types: 4
    Type Number    sf(0)
     O       4      8.00
     N       4      7.00
     C      15      6.00
     H      18      1.00
    sf(0) = scattering factor at diffraction angle 0.

  Number of disulfides: simple=0, symmetry=0

  Automatic linking
    Parameters for automatic linking
      Linking & cutoffs
        Metal                : False - 3.50
        Amimo acid           : False - 1.90
        Carbohydrate         : True  - 1.99
        Ligands              : True  - 1.99
        Amino acid - RNA/DNA : False
      
  Number of custom bonds: simple=0, symmetry=0
  Time building additional restraints: 0.03
  Conformation dependent library (CDL) restraints added in 2.8 milliseconds
  
  Adding C-beta torsion restraints...
  Number of C-beta restraints generated:  2
  Time building geometry restraints manager: 0.03 seconds

  NOTE: a complete listing of the restraints can be obtained by requesting
        output of .geo file.

  Histogram of bond lengths:
        0.85 -     1.00: 17
        1.00 -     1.14: 1
        1.14 -     1.29: 3
        1.29 -     1.43: 14
        1.43 -     1.58: 7
  Bond restraints: 42
  Sorted by residual:
  bond pdb=" CZ3 TRP A   1 "
       pdb=" HZ3 TRP A   1 "
    ideal  model  delta    sigma   weight residual
    0.930  0.865  0.065 2.00e-02 2.50e+03 1.07e+01
  bond pdb=" CA  GLY A   3 "
       pdb=" N   GLY A   3 "
    ideal  model  delta    sigma   weight residual
    1.451  1.409  0.042 1.60e-02 3.91e+03 6.83e+00
  bond pdb=" C   TRP A   1 "
       pdb=" CA  TRP A   1 "
    ideal  model  delta    sigma   weight residual
    1.525  1.580 -0.055 2.10e-02 2.27e+03 6.75e+00
  bond pdb=" N   TRP A   1 "
       pdb=" H1  TRP A   1 "
    ideal  model  delta    sigma   weight residual
    0.960  0.910  0.050 2.00e-02 2.50e+03 6.14e+00
  bond pdb=" C   TRP A   1 "
       pdb=" N   GLY A   2 "
    ideal  model  delta    sigma   weight residual
    1.331  1.362 -0.032 1.46e-02 4.69e+03 4.70e+00
  ... (remaining 37 not shown)

  Histogram of bond angle deviations from ideal:
      103.70 -   109.90: 18
      109.90 -   116.10: 18
      116.10 -   122.30: 16
      122.30 -   128.50: 15
      128.50 -   134.70: 2
  Bond angle restraints: 69
  Sorted by residual:
  angle pdb=" C   TRP A   1 "
        pdb=" CA  TRP A   1 "
        pdb=" CB  TRP A   1 "
      ideal   model   delta    sigma   weight residual
     110.10  113.83   -3.73 1.90e+00 2.77e-01 3.85e+00
  angle pdb=" C   GLY A   2 "
        pdb=" CA  GLY A   2 "
        pdb=" N   GLY A   2 "
      ideal   model   delta    sigma   weight residual
     113.18  108.79    4.39 2.37e+00 1.78e-01 3.43e+00
  angle pdb=" CA  TRP A   1 "
        pdb=" CB  TRP A   1 "
        pdb=" CG  TRP A   1 "
      ideal   model   delta    sigma   weight residual
     113.60  110.18    3.42 1.90e+00 2.77e-01 3.24e+00
  angle pdb=" HA1 GLY A   3 "
        pdb=" CA  GLY A   3 "
        pdb=" HA2 GLY A   3 "
      ideal   model   delta    sigma   weight residual
     109.00  103.70    5.30 3.00e+00 1.11e-01 3.12e+00
  angle pdb=" CH2 TRP A   1 "
        pdb=" CZ3 TRP A   1 "
        pdb=" HZ3 TRP A   1 "
      ideal   model   delta    sigma   weight residual
     119.45  114.26    5.19 3.00e+00 1.11e-01 2.99e+00
  ... (remaining 64 not shown)

  Histogram of dihedral angle deviations from ideal:
        0.14 -    35.78: 12
       35.78 -    71.41: 1
       71.41 -   107.05: 0
      107.05 -   142.69: 0
      142.69 -   178.33: 1
  Dihedral angle restraints: 14
    sinusoidal: 3
      harmonic: 11
  Sorted by residual:
  dihedral pdb=" O   GLY A   3 "
           pdb=" C   GLY A   3 "
           pdb=" OXT GLY A   3 "
           pdb=" HXT GLY A   3 "
      ideal   model   delta  harmonic     sigma   weight residual
       0.00  178.33 -178.33     0      3.00e+01 1.11e-03 3.53e+01
  dihedral pdb=" CA  GLY A   2 "
           pdb=" C   GLY A   2 "
           pdb=" N   GLY A   3 "
           pdb=" CA  GLY A   3 "
      ideal   model   delta  harmonic     sigma   weight residual
     180.00  168.71   11.29     0      5.00e+00 4.00e-02 5.10e+00
  dihedral pdb=" OXT GLY A   3 "
           pdb=" C   GLY A   3 "
           pdb=" CA  GLY A   3 "
           pdb=" N   GLY A   3 "
      ideal   model   delta sinusoidal    sigma   weight residual
     -20.00  -66.23   46.23     2      3.00e+01 1.11e-03 2.78e+00
  ... (remaining 11 not shown)

  Histogram of chiral volume deviations from ideal:
       0.112 -    0.112: 1
       0.112 -    0.112: 0
       0.112 -    0.112: 0
       0.112 -    0.112: 0
       0.112 -    0.112: 0
  Chirality restraints: 1
  Sorted by residual:
  chirality pdb=" CA  TRP A   1 "
            pdb=" C   TRP A   1 "
            pdb=" N   TRP A   1 "
            pdb=" CB  TRP A   1 "
    both_signs  ideal   model   delta    sigma   weight residual
      False     -2.51   -2.62    0.11 2.00e-01 2.50e+01 3.14e-01

  Planarity restraints: 6
  Sorted by residual:
                                 delta    sigma   weight rms_deltas residual
  plane pdb=" CB  TRP A   1 "   -0.015 2.00e-02 2.50e+03   1.54e-02 9.48e+00
        pdb=" CG  TRP A   1 "   -0.017 2.00e-02 2.50e+03
        pdb=" CD1 TRP A   1 "   -0.013 2.00e-02 2.50e+03
        pdb=" HD1 TRP A   1 "    0.011 2.00e-02 2.50e+03
        pdb=" NE1 TRP A   1 "   -0.009 2.00e-02 2.50e+03
        pdb=" HE1 TRP A   1 "    0.025 2.00e-02 2.50e+03
        pdb=" CE2 TRP A   1 "    0.010 2.00e-02 2.50e+03
        pdb=" CZ2 TRP A   1 "   -0.018 2.00e-02 2.50e+03
        pdb=" HZ2 TRP A   1 "   -0.007 2.00e-02 2.50e+03
        pdb=" CH2 TRP A   1 "   -0.020 2.00e-02 2.50e+03
        pdb=" HH2 TRP A   1 "    0.006 2.00e-02 2.50e+03
        pdb=" CZ3 TRP A   1 "    0.017 2.00e-02 2.50e+03
        pdb=" HZ3 TRP A   1 "   -0.012 2.00e-02 2.50e+03
        pdb=" CE3 TRP A   1 "    0.026 2.00e-02 2.50e+03
        pdb=" HE3 TRP A   1 "    0.002 2.00e-02 2.50e+03
        pdb=" CD2 TRP A   1 "    0.016 2.00e-02 2.50e+03
                                 delta    sigma   weight rms_deltas residual
  plane pdb=" C   GLY A   2 "    0.019 2.00e-02 2.50e+03   1.12e-02 1.26e+00
        pdb=" O   GLY A   2 "   -0.007 2.00e-02 2.50e+03
        pdb=" CA  GLY A   2 "   -0.006 2.00e-02 2.50e+03
        pdb=" N   GLY A   3 "   -0.007 2.00e-02 2.50e+03
                                 delta    sigma   weight rms_deltas residual
  plane pdb=" C   TRP A   1 "   -0.015 2.00e-02 2.50e+03   8.79e-03 7.73e-01
        pdb=" O   TRP A   1 "    0.006 2.00e-02 2.50e+03
        pdb=" CA  TRP A   1 "    0.004 2.00e-02 2.50e+03
        pdb=" N   GLY A   2 "    0.005 2.00e-02 2.50e+03
  ... (remaining 3 not shown)

  Histogram of nonbonded interaction distances:
        2.01 -     2.59: 24
        2.59 -     3.17: 69
        3.17 -     3.75: 67
        3.75 -     4.32: 68
        4.32 -     4.90: 109
  Nonbonded interactions: 337
  Sorted by model distance:
  nonbonded pdb=" HE1 TRP A   1 "
            pdb=" OXT GLY A   3 "
     model   vdw
     2.013 1.970
  nonbonded pdb=" HA1 GLY A   3 "
            pdb=" H   GLY A   3 "
     model   vdw
     2.123 1.816
  nonbonded pdb=" O   TRP A   1 "
            pdb=" H   GLY A   3 "
     model   vdw
     2.157 1.970
  nonbonded pdb=" O   GLY A   2 "
            pdb=" HXT GLY A   3 "
     model   vdw
     2.160 1.970
  nonbonded pdb=" HA2 GLY A   2 "
            pdb=" H   GLY A   2 "
     model   vdw
     2.176 1.816
  ... (remaining 332 not shown)

  NOTE: a complete listing of the restraints can be obtained by requesting
        output of .geo file.

                   ----------xray_structure summary----------                  

Number of scattering types: 4
  Type Number    sf(0)   Gaussians
   O       4      7.97       2
   N       4      6.97       2
   C      15      5.97       2
   H      18      1.00       2
  sf(0) = scattering factor at diffraction angle 0.
Number of scatterers: 41
At special positions: 0
Unit cell: (13.023, 14.053, 11.967, 90, 90, 90)
Space group: P 1 (No. 1)

End of input processing
r_work=0.5190 r_free=0.6315
params.data_weight: 0.0
params.restraints: qm
rmsd(b), start:  0.0894
mc:   0 R: 0.4859 rmsd(b):  0.0269 restraint_scale:  1.0 min_steps: 52
mc:   1 R: 0.4659 rmsd(b):  0.0270 restraint_scale:  1.0 min_steps: 56
mc:   2 R: 0.4648 rmsd(b):  0.0264 restraint_scale:  1.0 min_steps: 35
mc:   3 R: 0.4648 rmsd(b):  0.0264 restraint_scale:  1.0 min_steps: 10
Convergence reached, stop now.
see the result structure:  ./p26/04_results/opt_qm/207_WGG08-new/0.9/0.pdb
Time: 171.0717
