phenix.python
you are importing  adaptive calculator, and it does nothing. Please give it energy, force....... 

============================== Collecting inputs ==============================


                   ----------Processing X-ray data----------                   

F-obs:
  /scratch/m_zhen01/30994.lupus.uni-muenster.de/p26/02_mtz/257_FGG215-new.mtz:F-obs
Miller array info: None
Observation type: xray.amplitude
Type of data: double, size=194
Type of sigmas: None
Number of Miller indices: 194
Anomalous flag: False
Unit cell: (13.715, 13.378, 10.195, 90, 90, 90)
Space group: P 1 (No. 1)
Systematic absences: 0
Centric reflections: 0
Resolution range: 3.98235 2.50372
Completeness in resolution range: 1
Completeness with d_max=infinity: 0.76378

Number of F-obs in resolution range:                   194
Number of F-obs<0 (these reflections will be rejected): 0
Number of F-obs=0 (these reflections will be used in refinement): 0
Refinement resolution range: d_max =   3.9824
                             d_min =   2.5037

R-free flags:
  /scratch/m_zhen01/30994.lupus.uni-muenster.de/p26/02_mtz/257_FGG215-new.mtz:R-free-flags
Miller array info: /scratch/m_zhen01/30994.lupus.uni-muenster.de/p26/02_mtz/257_FGG215-new.mtz:R-free-flags
Observation type: None
Type of data: int, size=194
Type of sigmas: None
Number of Miller indices: 194
Anomalous flag: False
Unit cell: (13.715, 13.378, 10.195, 90, 90, 90)
Space group: P 1 (No. 1)
Systematic absences: 0
Centric reflections: 0
Resolution range: 3.98235 2.50372
Completeness in resolution range: 1
Completeness with d_max=infinity: 0.76378
Wavelength: 1.0000

Test (R-free flags) flag value: 1

Number of work/free reflections by resolution:
                                  work free  %free
  bin  1: 3.9824 - 3.6466 [20/20]   20    0   0.0%
  bin  2: 3.6466 - 3.4015 [15/15]   15    0   0.0%
  bin  3: 3.4015 - 3.2112 [22/22]   22    0   0.0%
  bin  4: 3.2112 - 3.0575 [16/16]    8    8  50.0%
  bin  5: 3.0575 - 2.9295 [28/28]   28    0   0.0%
  bin  6: 2.9295 - 2.8206 [10/10]   10    0   0.0%
  bin  7: 2.8206 - 2.7263 [17/17]   17    0   0.0%
  bin  8: 2.7263 - 2.6434 [23/23]   23    0   0.0%
  bin  9: 2.6434 - 2.5698 [24/24]   24    0   0.0%
  bin 10: 2.5698 - 2.5037 [19/19]   18    1   5.3%
                          overall  185    9   4.6%

                   ----------Processing PDB file(s)----------                  

  Monomer Library directory:
    "/tmp1/m_zhen01/phenix-installer-1.10.1-2155-intel-linux-2.6-x86_64-centos5/phenix-1.10.1-2155/modules/chem_data/mon_lib"
  Total number of atoms: 37
  Number of models: 1
  Model: ""
    Number of chains: 1
    Chain: "A"
      Number of atoms: 37
      Number of conformers: 1
      Conformer: ""
        Number of residues, atoms: 3, 37
          Classifications: {'peptide': 3}
          Modifications used: {'NH2NOTPRO': 1, 'COOH': 1}
          Link IDs: {'TRANS': 2}
  Time building chain proxies: 0.07, per 1000 atoms: 1.89
  Number of scatterers: 37
  At special positions: 0
  Unit cell: (13.715, 13.378, 10.195, 90, 90, 90)
  Space group: P 1 (No. 1)
  Number of sites at special positions: 0
  Number of scattering types: 4
    Type Number    sf(0)
     O       4      8.00
     N       3      7.00
     C      13      6.00
     H      17      1.00
    sf(0) = scattering factor at diffraction angle 0.

  Number of disulfides: simple=0, symmetry=0

  Automatic linking
    Parameters for automatic linking
      Linking & cutoffs
        Metal                : False - 3.50
        Amimo acid           : False - 1.90
        Carbohydrate         : True  - 1.99
        Ligands              : True  - 1.99
        Amino acid - RNA/DNA : False
      
  Number of custom bonds: simple=0, symmetry=0
  Time building additional restraints: 0.02
  Conformation dependent library (CDL) restraints added in 3.0 milliseconds
  
  Adding C-beta torsion restraints...
  Number of C-beta restraints generated:  2
  Time building geometry restraints manager: 0.03 seconds

  NOTE: a complete listing of the restraints can be obtained by requesting
        output of .geo file.

  Histogram of bond lengths:
        0.83 -     0.98: 12
        0.98 -     1.12: 5
        1.12 -     1.26: 3
        1.26 -     1.40: 9
        1.40 -     1.55: 8
  Bond restraints: 37
  Sorted by residual:
  bond pdb=" CE2 PHE A   1 "
       pdb=" HE2 PHE A   1 "
    ideal  model  delta    sigma   weight residual
    0.930  0.887  0.043 2.00e-02 2.50e+03 4.55e+00
  bond pdb=" CG  PHE A   1 "
       pdb=" CD2 PHE A   1 "
    ideal  model  delta    sigma   weight residual
    1.384  1.343  0.041 2.10e-02 2.27e+03 3.88e+00
  bond pdb=" CZ  PHE A   1 "
       pdb=" HZ  PHE A   1 "
    ideal  model  delta    sigma   weight residual
    0.930  0.896  0.034 2.00e-02 2.50e+03 2.83e+00
  bond pdb=" CE1 PHE A   1 "
       pdb=" HE1 PHE A   1 "
    ideal  model  delta    sigma   weight residual
    0.930  0.897  0.033 2.00e-02 2.50e+03 2.65e+00
  bond pdb=" CA  GLY A   2 "
       pdb=" HA2 GLY A   2 "
    ideal  model  delta    sigma   weight residual
    0.970  0.997 -0.027 2.00e-02 2.50e+03 1.87e+00
  ... (remaining 32 not shown)

  Histogram of bond angle deviations from ideal:
      103.91 -   108.57: 10
      108.57 -   113.22: 16
      113.22 -   117.88: 6
      117.88 -   122.54: 25
      122.54 -   127.19: 3
  Bond angle restraints: 60
  Sorted by residual:
  angle pdb=" C   PHE A   1 "
        pdb=" CA  PHE A   1 "
        pdb=" HA  PHE A   1 "
      ideal   model   delta    sigma   weight residual
     109.00  103.91    5.09 3.00e+00 1.11e-01 2.88e+00
  angle pdb=" CA  GLY A   2 "
        pdb=" C   GLY A   2 "
        pdb=" N   GLY A   3 "
      ideal   model   delta    sigma   weight residual
     116.69  113.78    2.91 2.04e+00 2.40e-01 2.03e+00
  angle pdb=" HA1 GLY A   3 "
        pdb=" CA  GLY A   3 "
        pdb=" HA2 GLY A   3 "
      ideal   model   delta    sigma   weight residual
     109.00  104.74    4.26 3.00e+00 1.11e-01 2.01e+00
  angle pdb=" CA  PHE A   1 "
        pdb=" N   PHE A   1 "
        pdb=" H1  PHE A   1 "
      ideal   model   delta    sigma   weight residual
     109.47  105.41    4.06 3.00e+00 1.11e-01 1.83e+00
  angle pdb=" N   PHE A   1 "
        pdb=" CA  PHE A   1 "
        pdb=" CB  PHE A   1 "
      ideal   model   delta    sigma   weight residual
     110.50  108.24    2.26 1.70e+00 3.46e-01 1.76e+00
  ... (remaining 55 not shown)

  Histogram of dihedral angle deviations from ideal:
        0.05 -    34.77: 11
       34.77 -    69.48: 0
       69.48 -   104.19: 1
      104.19 -   138.91: 0
      138.91 -   173.62: 1
  Dihedral angle restraints: 13
    sinusoidal: 3
      harmonic: 10
  Sorted by residual:
  dihedral pdb=" O   GLY A   3 "
           pdb=" C   GLY A   3 "
           pdb=" OXT GLY A   3 "
           pdb=" HXT GLY A   3 "
      ideal   model   delta  harmonic     sigma   weight residual
       0.00 -173.62  173.62     0      3.00e+01 1.11e-03 3.35e+01
  dihedral pdb=" OXT GLY A   3 "
           pdb=" C   GLY A   3 "
           pdb=" CA  GLY A   3 "
           pdb=" N   GLY A   3 "
      ideal   model   delta sinusoidal    sigma   weight residual
     -20.00   62.64  -82.64     2      3.00e+01 1.11e-03 5.25e+00
  dihedral pdb=" N   PHE A   1 "
           pdb=" C   PHE A   1 "
           pdb=" CA  PHE A   1 "
           pdb=" CB  PHE A   1 "
      ideal   model   delta  harmonic     sigma   weight residual
     122.80  121.24    1.56     0      2.50e+00 1.60e-01 3.91e-01
  ... (remaining 10 not shown)

  Histogram of chiral volume deviations from ideal:
       0.033 -    0.033: 1
       0.033 -    0.033: 0
       0.033 -    0.033: 0
       0.033 -    0.033: 0
       0.033 -    0.033: 0
  Chirality restraints: 1
  Sorted by residual:
  chirality pdb=" CA  PHE A   1 "
            pdb=" C   PHE A   1 "
            pdb=" N   PHE A   1 "
            pdb=" CB  PHE A   1 "
    both_signs  ideal   model   delta    sigma   weight residual
      False     -2.51   -2.54    0.03 2.00e-01 2.50e+01 2.72e-02

  Planarity restraints: 6
  Sorted by residual:
                                 delta    sigma   weight rms_deltas residual
  plane pdb=" O   GLY A   3 "    0.023 2.00e-02 2.50e+03   2.50e-02 7.84e+00
        pdb=" C   GLY A   3 "   -0.018 2.00e-02 2.50e+03
        pdb=" OXT GLY A   3 "   -0.033 2.00e-02 2.50e+03
        pdb=" HXT GLY A   3 "    0.034 2.00e-02 2.50e+03
        pdb=" CA  GLY A   3 "   -0.006 2.00e-02 2.50e+03
                                 delta    sigma   weight rms_deltas residual
  plane pdb=" CB  PHE A   1 "    0.020 2.00e-02 2.50e+03   1.19e-02 4.25e+00
        pdb=" CG  PHE A   1 "   -0.009 2.00e-02 2.50e+03
        pdb=" CD1 PHE A   1 "    0.006 2.00e-02 2.50e+03
        pdb=" HD1 PHE A   1 "   -0.022 2.00e-02 2.50e+03
        pdb=" CE1 PHE A   1 "    0.007 2.00e-02 2.50e+03
        pdb=" HE1 PHE A   1 "    0.007 2.00e-02 2.50e+03
        pdb=" CZ  PHE A   1 "   -0.004 2.00e-02 2.50e+03
        pdb=" HZ  PHE A   1 "   -0.006 2.00e-02 2.50e+03
        pdb=" CE2 PHE A   1 "    0.016 2.00e-02 2.50e+03
        pdb=" HE2 PHE A   1 "    0.002 2.00e-02 2.50e+03
        pdb=" CD2 PHE A   1 "    0.000 2.00e-02 2.50e+03
        pdb=" HD2 PHE A   1 "   -0.018 2.00e-02 2.50e+03
                                 delta    sigma   weight rms_deltas residual
  plane pdb=" C   GLY A   2 "   -0.007 2.00e-02 2.50e+03   4.03e-03 1.63e-01
        pdb=" O   GLY A   2 "    0.003 2.00e-02 2.50e+03
        pdb=" CA  GLY A   2 "    0.002 2.00e-02 2.50e+03
        pdb=" N   GLY A   3 "    0.002 2.00e-02 2.50e+03
  ... (remaining 3 not shown)

  Histogram of nonbonded interaction distances:
        2.03 -     2.61: 32
        2.61 -     3.18: 53
        3.18 -     3.75: 55
        3.75 -     4.32: 59
        4.32 -     4.89: 78
  Nonbonded interactions: 277
  Sorted by model distance:
  nonbonded pdb=" O   GLY A   2 "
            pdb=" HXT GLY A   3 "
     model   vdw
     2.034 1.970
  nonbonded pdb=" H2  PHE A   1 "
            pdb=" H   GLY A   2 "
     model   vdw
     2.116 2.100
  nonbonded pdb=" HA1 GLY A   2 "
            pdb=" H   GLY A   2 "
     model   vdw
     2.161 1.816
  nonbonded pdb=" HA2 GLY A   3 "
            pdb=" H   GLY A   3 "
     model   vdw
     2.164 1.816
  nonbonded pdb=" HZ  PHE A   1 "
            pdb=" HE2 PHE A   1 "
     model   vdw
     2.192 1.680
  ... (remaining 272 not shown)

  NOTE: a complete listing of the restraints can be obtained by requesting
        output of .geo file.

                   ----------xray_structure summary----------                  

Number of scattering types: 4
  Type Number    sf(0)   Gaussians
   O       4      7.97       2
   N       3      6.97       2
   C      13      5.97       2
   H      17      1.00       2
  sf(0) = scattering factor at diffraction angle 0.
Number of scatterers: 37
At special positions: 0
Unit cell: (13.715, 13.378, 10.195, 90, 90, 90)
Space group: P 1 (No. 1)

End of input processing
r_work=0.3309 r_free=0.2018
params.data_weight: 0.0
params.restraints: qm
rmsd(b), start:  0.0918
mc:   0 R: 0.3020 rmsd(b):  0.0267 restraint_scale:  1.0 min_steps: 52
mc:   1 R: 0.2877 rmsd(b):  0.0271 restraint_scale:  1.0 min_steps: 52
mc:   2 R: 0.2986 rmsd(b):  0.0268 restraint_scale:  1.0 min_steps: 56
mc:   3 R: 0.2987 rmsd(b):  0.0267 restraint_scale:  1.0 min_steps: 12
Convergence reached, stop now.
see the result structure:  ./p26/04_results/opt_qm/257_FGG215-new/0.6/4.pdb
Time: 159.2470
