phenix.python
you are importing  adaptive calculator, and it does nothing. Please give it energy, force....... 

============================== Collecting inputs ==============================


                   ----------Processing X-ray data----------                   

F-obs:
  /scratch/m_zhen01/30995.lupus.uni-muenster.de/p26/02_mtz/239_GFA02-new.mtz:F-obs
Miller array info: None
Observation type: xray.amplitude
Type of data: double, size=236
Type of sigmas: None
Number of Miller indices: 236
Anomalous flag: False
Unit cell: (13.94, 13.832, 11.842, 90, 90, 90)
Space group: P 1 (No. 1)
Systematic absences: 0
Centric reflections: 0
Resolution range: 3.94733 2.50633
Completeness in resolution range: 1
Completeness with d_max=infinity: 0.75641

Number of F-obs in resolution range:                   236
Number of F-obs<0 (these reflections will be rejected): 0
Number of F-obs=0 (these reflections will be used in refinement): 0
Refinement resolution range: d_max =   3.9473
                             d_min =   2.5063

R-free flags:
  /scratch/m_zhen01/30995.lupus.uni-muenster.de/p26/02_mtz/239_GFA02-new.mtz:R-free-flags
Miller array info: /scratch/m_zhen01/30995.lupus.uni-muenster.de/p26/02_mtz/239_GFA02-new.mtz:R-free-flags
Observation type: None
Type of data: int, size=236
Type of sigmas: None
Number of Miller indices: 236
Anomalous flag: False
Unit cell: (13.94, 13.832, 11.842, 90, 90, 90)
Space group: P 1 (No. 1)
Systematic absences: 0
Centric reflections: 0
Resolution range: 3.94733 2.50633
Completeness in resolution range: 1
Completeness with d_max=infinity: 0.75641
Wavelength: 1.0000

Test (R-free flags) flag value: 1

Number of work/free reflections by resolution:
                                  work free  %free
  bin  1: 3.9473 - 3.6255 [29/29]   25    4  13.8%
  bin  2: 3.6255 - 3.3882 [14/14]   14    0   0.0%
  bin  3: 3.3882 - 3.2029 [34/34]   26    8  23.5%
  bin  4: 3.2029 - 3.0524 [12/12]   12    0   0.0%
  bin  5: 3.0524 - 2.9268 [29/29]   29    0   0.0%
  bin  6: 2.9268 - 2.8195 [16/16]   12    4  25.0%
  bin  7: 2.8195 - 2.7265 [24/24]   24    0   0.0%
  bin  8: 2.7265 - 2.6446 [34/34]   34    0   0.0%
  bin  9: 2.6446 - 2.5718 [ 6/6 ]    6    0   0.0%
  bin 10: 2.5718 - 2.5063 [38/38]   38    0   0.0%
                          overall  220   16   6.8%

                   ----------Processing PDB file(s)----------                  

  Monomer Library directory:
    "/tmp1/m_zhen01/phenix-installer-1.10.1-2155-intel-linux-2.6-x86_64-centos5/phenix-1.10.1-2155/modules/chem_data/mon_lib"
  Total number of atoms: 40
  Number of models: 1
  Model: ""
    Number of chains: 1
    Chain: "A"
      Number of atoms: 40
      Number of conformers: 1
      Conformer: ""
        Number of residues, atoms: 3, 40
          Classifications: {'peptide': 3}
          Modifications used: {'NH2NOTPRO': 1, 'COOH': 1}
          Link IDs: {'TRANS': 2}
  Time building chain proxies: 0.09, per 1000 atoms: 2.25
  Number of scatterers: 40
  At special positions: 0
  Unit cell: (13.94, 13.832, 11.842, 90, 90, 90)
  Space group: P 1 (No. 1)
  Number of sites at special positions: 0
  Number of scattering types: 4
    Type Number    sf(0)
     O       4      8.00
     N       3      7.00
     C      14      6.00
     H      19      1.00
    sf(0) = scattering factor at diffraction angle 0.

  Number of disulfides: simple=0, symmetry=0

  Automatic linking
    Parameters for automatic linking
      Linking & cutoffs
        Metal                : False - 3.50
        Amimo acid           : False - 1.90
        Carbohydrate         : True  - 1.99
        Ligands              : True  - 1.99
        Amino acid - RNA/DNA : False
      
  Number of custom bonds: simple=0, symmetry=0
  Time building additional restraints: 0.03
  Conformation dependent library (CDL) restraints added in 3.5 milliseconds
  
  Adding C-beta torsion restraints...
  Number of C-beta restraints generated:  4
  Time building geometry restraints manager: 0.04 seconds

  NOTE: a complete listing of the restraints can be obtained by requesting
        output of .geo file.

  Histogram of bond lengths:
        0.85 -     0.99: 18
        0.99 -     1.14: 1
        1.14 -     1.28: 3
        1.28 -     1.42: 9
        1.42 -     1.56: 9
  Bond restraints: 40
  Sorted by residual:
  bond pdb=" CZ  PHE A   2 "
       pdb=" HZ  PHE A   2 "
    ideal  model  delta    sigma   weight residual
    0.930  0.880  0.050 2.00e-02 2.50e+03 6.35e+00
  bond pdb=" CB  ALA A   3 "
       pdb=" HB3 ALA A   3 "
    ideal  model  delta    sigma   weight residual
    0.970  0.926  0.044 2.00e-02 2.50e+03 4.87e+00
  bond pdb=" CD2 PHE A   2 "
       pdb=" HD2 PHE A   2 "
    ideal  model  delta    sigma   weight residual
    0.930  0.972 -0.042 2.00e-02 2.50e+03 4.50e+00
  bond pdb=" CB  PHE A   2 "
       pdb=" HB1 PHE A   2 "
    ideal  model  delta    sigma   weight residual
    0.970  1.010 -0.040 2.00e-02 2.50e+03 4.09e+00
  bond pdb=" CB  PHE A   2 "
       pdb=" CA  PHE A   2 "
    ideal  model  delta    sigma   weight residual
    1.530  1.561 -0.030 1.75e-02 3.27e+03 3.02e+00
  ... (remaining 35 not shown)

  Histogram of bond angle deviations from ideal:
      105.24 -   109.46: 17
      109.46 -   113.68: 15
      113.68 -   117.90: 8
      117.90 -   122.13: 18
      122.13 -   126.35: 8
  Bond angle restraints: 66
  Sorted by residual:
  angle pdb=" C   GLY A   1 "
        pdb=" N   PHE A   2 "
        pdb=" CA  PHE A   2 "
      ideal   model   delta    sigma   weight residual
     121.58  126.35   -4.77 1.95e+00 2.63e-01 5.99e+00
  angle pdb=" C   PHE A   2 "
        pdb=" CA  PHE A   2 "
        pdb=" N   PHE A   2 "
      ideal   model   delta    sigma   weight residual
     113.18  115.71   -2.53 1.21e+00 6.83e-01 4.38e+00
  angle pdb=" O   PHE A   2 "
        pdb=" C   PHE A   2 "
        pdb=" CA  PHE A   2 "
      ideal   model   delta    sigma   weight residual
     119.11  116.69    2.42 1.28e+00 6.10e-01 3.57e+00
  angle pdb=" C   GLY A   1 "
        pdb=" N   PHE A   2 "
        pdb=" H   PHE A   2 "
      ideal   model   delta    sigma   weight residual
     124.30  118.77    5.53 3.00e+00 1.11e-01 3.40e+00
  angle pdb=" CG  PHE A   2 "
        pdb=" CD1 PHE A   2 "
        pdb=" CE1 PHE A   2 "
      ideal   model   delta    sigma   weight residual
     120.70  123.66   -2.96 1.70e+00 3.46e-01 3.04e+00
  ... (remaining 61 not shown)

  Histogram of dihedral angle deviations from ideal:
        0.55 -     6.52: 12
        6.52 -    12.48: 0
       12.48 -    18.44: 1
       18.44 -    24.40: 2
       24.40 -    30.37: 1
  Dihedral angle restraints: 16
    sinusoidal: 4
      harmonic: 12
  Sorted by residual:
  dihedral pdb=" CA  PHE A   2 "
           pdb=" C   PHE A   2 "
           pdb=" N   ALA A   3 "
           pdb=" CA  ALA A   3 "
      ideal   model   delta  harmonic     sigma   weight residual
    -180.00 -166.75  -13.25     0      5.00e+00 4.00e-02 7.02e+00
  dihedral pdb=" CG  PHE A   2 "
           pdb=" CB  PHE A   2 "
           pdb=" CA  PHE A   2 "
           pdb=" N   PHE A   2 "
      ideal   model   delta sinusoidal    sigma   weight residual
      60.00   90.37  -30.37     3      1.50e+01 4.44e-03 4.83e+00
  dihedral pdb=" CD1 PHE A   2 "
           pdb=" CB  PHE A   2 "
           pdb=" CG  PHE A   2 "
           pdb=" CA  PHE A   2 "
      ideal   model   delta sinusoidal    sigma   weight residual
     -90.00 -113.86   23.86     2      2.00e+01 2.50e-03 1.96e+00
  ... (remaining 13 not shown)

  Histogram of chiral volume deviations from ideal:
       0.007 -    0.038: 1
       0.038 -    0.069: 0
       0.069 -    0.100: 0
       0.100 -    0.132: 0
       0.132 -    0.163: 1
  Chirality restraints: 2
  Sorted by residual:
  chirality pdb=" CA  ALA A   3 "
            pdb=" C   ALA A   3 "
            pdb=" CB  ALA A   3 "
            pdb=" N   ALA A   3 "
    both_signs  ideal   model   delta    sigma   weight residual
      False      2.48    2.65   -0.16 2.00e-01 2.50e+01 6.60e-01
  chirality pdb=" CA  PHE A   2 "
            pdb=" CB  PHE A   2 "
            pdb=" C   PHE A   2 "
            pdb=" N   PHE A   2 "
    both_signs  ideal   model   delta    sigma   weight residual
      False     -2.51   -2.52    0.01 2.00e-01 2.50e+01 1.36e-03

  Planarity restraints: 6
  Sorted by residual:
                                 delta    sigma   weight rms_deltas residual
  plane pdb=" CB  PHE A   2 "    0.018 2.00e-02 2.50e+03   1.44e-02 6.23e+00
        pdb=" CG  PHE A   2 "    0.016 2.00e-02 2.50e+03
        pdb=" CD1 PHE A   2 "   -0.007 2.00e-02 2.50e+03
        pdb=" HD1 PHE A   2 "   -0.007 2.00e-02 2.50e+03
        pdb=" CE1 PHE A   2 "   -0.022 2.00e-02 2.50e+03
        pdb=" HE1 PHE A   2 "    0.014 2.00e-02 2.50e+03
        pdb=" CZ  PHE A   2 "   -0.004 2.00e-02 2.50e+03
        pdb=" HZ  PHE A   2 "    0.005 2.00e-02 2.50e+03
        pdb=" CE2 PHE A   2 "    0.011 2.00e-02 2.50e+03
        pdb=" HE2 PHE A   2 "    0.013 2.00e-02 2.50e+03
        pdb=" CD2 PHE A   2 "   -0.021 2.00e-02 2.50e+03
        pdb=" HD2 PHE A   2 "   -0.017 2.00e-02 2.50e+03
                                 delta    sigma   weight rms_deltas residual
  plane pdb=" C   GLY A   1 "   -0.015 2.00e-02 2.50e+03   8.85e-03 7.84e-01
        pdb=" O   GLY A   1 "    0.006 2.00e-02 2.50e+03
        pdb=" CA  GLY A   1 "    0.004 2.00e-02 2.50e+03
        pdb=" N   PHE A   2 "    0.005 2.00e-02 2.50e+03
                                 delta    sigma   weight rms_deltas residual
  plane pdb=" O   ALA A   3 "    0.004 2.00e-02 2.50e+03   6.17e-03 4.75e-01
        pdb=" C   ALA A   3 "   -0.003 2.00e-02 2.50e+03
        pdb=" OXT ALA A   3 "    0.010 2.00e-02 2.50e+03
        pdb=" HXT ALA A   3 "   -0.008 2.00e-02 2.50e+03
        pdb=" CA  ALA A   3 "   -0.003 2.00e-02 2.50e+03
  ... (remaining 3 not shown)

  Histogram of nonbonded interaction distances:
        2.06 -     2.63: 29
        2.63 -     3.20: 66
        3.20 -     3.77: 84
        3.77 -     4.33: 70
        4.33 -     4.90: 95
  Nonbonded interactions: 344
  Sorted by model distance:
  nonbonded pdb=" HA1 GLY A   1 "
            pdb=" H1  GLY A   1 "
     model   vdw
     2.065 1.816
  nonbonded pdb=" HD2 PHE A   2 "
            pdb=" H   PHE A   2 "
     model   vdw
     2.216 2.100
  nonbonded pdb=" HD1 PHE A   2 "
            pdb=" HE1 PHE A   2 "
     model   vdw
     2.216 1.680
  nonbonded pdb=" HA2 GLY A   1 "
            pdb=" H   PHE A   2 "
     model   vdw
     2.227 2.270
  nonbonded pdb=" HB1 PHE A   2 "
            pdb=" HA  PHE A   2 "
     model   vdw
     2.244 1.952
  ... (remaining 339 not shown)

  NOTE: a complete listing of the restraints can be obtained by requesting
        output of .geo file.

                   ----------xray_structure summary----------                  

Number of scattering types: 4
  Type Number    sf(0)   Gaussians
   O       4      7.97       2
   N       3      6.97       2
   C      14      5.97       2
   H      19      1.00       2
  sf(0) = scattering factor at diffraction angle 0.
Number of scatterers: 40
At special positions: 0
Unit cell: (13.94, 13.832, 11.842, 90, 90, 90)
Space group: P 1 (No. 1)

End of input processing
r_work=0.3927 r_free=0.4980
params.data_weight: None
params.restraints: cctbx
rmsd(b), start:  0.0958
mc:   0 R: 0.1992 rmsd(b):  0.1289 restraint_scale:  2.0 min_steps: 42
mc:   1 R: 0.0519 rmsd(b):  0.0522 restraint_scale:  4.0 min_steps: 21
mc:   2 R: 0.0181 rmsd(b):  0.0247 restraint_scale:  4.0 min_steps: 33
mc:   3 R: 0.0106 rmsd(b):  0.0193 restraint_scale:  4.0 min_steps: 12
mc:   4 R: 0.0092 rmsd(b):  0.0193 restraint_scale:  4.0 min_steps: 10
mc:   5 R: 0.0092 rmsd(b):  0.0193 restraint_scale:  4.0 min_steps: 1
Convergence reached, stop now.
see the result structure:  ./p26/04_results/refine_cctbx/239_GFA02-new/0.9/1.pdb
Time: 5.9649
