phenix.python
you are importing  adaptive calculator, and it does nothing. Please give it energy, force....... 

============================== Collecting inputs ==============================


                   ----------Processing X-ray data----------                   

F-obs:
  /scratch/m_zhen01/31011.lupus.uni-muenster.de/p26/02_mtz/224_GGF12-new.mtz:F-obs
Miller array info: None
Observation type: xray.amplitude
Type of data: double, size=206
Type of sigmas: None
Number of Miller indices: 206
Anomalous flag: False
Unit cell: (11.522, 12.779, 13.991, 90, 90, 90)
Space group: P 1 (No. 1)
Systematic absences: 0
Centric reflections: 0
Resolution range: 3.99537 2.50202
Completeness in resolution range: 1
Completeness with d_max=infinity: 0.746377

Number of F-obs in resolution range:                   206
Number of F-obs<0 (these reflections will be rejected): 0
Number of F-obs=0 (these reflections will be used in refinement): 0
Refinement resolution range: d_max =   3.9954
                             d_min =   2.5020

R-free flags:
  /scratch/m_zhen01/31011.lupus.uni-muenster.de/p26/02_mtz/224_GGF12-new.mtz:R-free-flags
Miller array info: /scratch/m_zhen01/31011.lupus.uni-muenster.de/p26/02_mtz/224_GGF12-new.mtz:R-free-flags
Observation type: None
Type of data: int, size=206
Type of sigmas: None
Number of Miller indices: 206
Anomalous flag: False
Unit cell: (11.522, 12.779, 13.991, 90, 90, 90)
Space group: P 1 (No. 1)
Systematic absences: 0
Centric reflections: 0
Resolution range: 3.99537 2.50202
Completeness in resolution range: 1
Completeness with d_max=infinity: 0.746377
Wavelength: 1.0000

Test (R-free flags) flag value: 1

Number of work/free reflections by resolution:
                                  work free  %free
  bin  1: 3.9954 - 3.6541 [13/13]   13    0   0.0%
  bin  2: 3.6541 - 3.4058 [27/27]   23    4  14.8%
  bin  3: 3.4058 - 3.2137 [20/20]   18    2  10.0%
  bin  4: 3.2137 - 3.0587 [21/21]   21    0   0.0%
  bin  5: 3.0587 - 2.9298 [20/20]   20    0   0.0%
  bin  6: 2.9298 - 2.8203 [15/15]   15    0   0.0%
  bin  7: 2.8203 - 2.7254 [27/27]   23    4  14.8%
  bin  8: 2.7254 - 2.6422 [18/18]   18    0   0.0%
  bin  9: 2.6422 - 2.5683 [30/30]   26    4  13.3%
  bin 10: 2.5683 - 2.5020 [15/15]   15    0   0.0%
                          overall  192   14   6.8%

                   ----------Processing PDB file(s)----------                  

  Monomer Library directory:
    "/tmp1/m_zhen01/phenix-installer-1.10.1-2155-intel-linux-2.6-x86_64-centos5/phenix-1.10.1-2155/modules/chem_data/mon_lib"
  Total number of atoms: 37
  Number of models: 1
  Model: ""
    Number of chains: 1
    Chain: "A"
      Number of atoms: 37
      Number of conformers: 1
      Conformer: ""
        Number of residues, atoms: 3, 37
          Classifications: {'peptide': 3}
          Modifications used: {'NH2NOTPRO': 1, 'COOH': 1}
          Link IDs: {'TRANS': 2}
  Time building chain proxies: 0.07, per 1000 atoms: 1.89
  Number of scatterers: 37
  At special positions: 0
  Unit cell: (11.522, 12.779, 13.991, 90, 90, 90)
  Space group: P 1 (No. 1)
  Number of sites at special positions: 0
  Number of scattering types: 4
    Type Number    sf(0)
     O       4      8.00
     N       3      7.00
     C      13      6.00
     H      17      1.00
    sf(0) = scattering factor at diffraction angle 0.

  Number of disulfides: simple=0, symmetry=0

  Automatic linking
    Parameters for automatic linking
      Linking & cutoffs
        Metal                : False - 3.50
        Amimo acid           : False - 1.90
        Carbohydrate         : True  - 1.99
        Ligands              : True  - 1.99
        Amino acid - RNA/DNA : False
      
  Number of custom bonds: simple=0, symmetry=0
  Time building additional restraints: 0.02
  Conformation dependent library (CDL) restraints added in 2.8 milliseconds
  
  Adding C-beta torsion restraints...
  Number of C-beta restraints generated:  2
  Time building geometry restraints manager: 0.03 seconds

  NOTE: a complete listing of the restraints can be obtained by requesting
        output of .geo file.

  Histogram of bond lengths:
        0.85 -     0.99: 14
        0.99 -     1.13: 3
        1.13 -     1.27: 3
        1.27 -     1.41: 9
        1.41 -     1.54: 8
  Bond restraints: 37
  Sorted by residual:
  bond pdb=" C   GLY A   2 "
       pdb=" CA  GLY A   2 "
    ideal  model  delta    sigma   weight residual
    1.514  1.482  0.032 1.41e-02 5.03e+03 5.30e+00
  bond pdb=" CA  GLY A   1 "
       pdb=" N   GLY A   1 "
    ideal  model  delta    sigma   weight residual
    1.451  1.416  0.035 1.60e-02 3.91e+03 4.73e+00
  bond pdb=" CG  PHE A   3 "
       pdb=" CD1 PHE A   3 "
    ideal  model  delta    sigma   weight residual
    1.384  1.339  0.045 2.10e-02 2.27e+03 4.64e+00
  bond pdb=" CA  GLY A   1 "
       pdb=" HA2 GLY A   1 "
    ideal  model  delta    sigma   weight residual
    0.970  1.009 -0.039 2.00e-02 2.50e+03 3.86e+00
  bond pdb=" C   PHE A   3 "
       pdb=" CA  PHE A   3 "
    ideal  model  delta    sigma   weight residual
    1.525  1.490  0.035 2.10e-02 2.27e+03 2.81e+00
  ... (remaining 32 not shown)

  Histogram of bond angle deviations from ideal:
      103.75 -   108.26: 10
      108.26 -   112.77: 14
      112.77 -   117.28: 6
      117.28 -   121.79: 22
      121.79 -   126.30: 8
  Bond angle restraints: 60
  Sorted by residual:
  angle pdb=" O   GLY A   2 "
        pdb=" C   GLY A   2 "
        pdb=" N   PHE A   3 "
      ideal   model   delta    sigma   weight residual
     122.70  126.30   -3.60 1.30e+00 5.92e-01 7.69e+00
  angle pdb=" C   PHE A   3 "
        pdb=" CA  PHE A   3 "
        pdb=" N   PHE A   3 "
      ideal   model   delta    sigma   weight residual
     111.00  105.91    5.09 2.80e+00 1.28e-01 3.31e+00
  angle pdb=" C   GLY A   2 "
        pdb=" CA  GLY A   2 "
        pdb=" HA2 GLY A   2 "
      ideal   model   delta    sigma   weight residual
     109.00  103.75    5.25 3.00e+00 1.11e-01 3.06e+00
  angle pdb=" OXT PHE A   3 "
        pdb=" C   PHE A   3 "
        pdb=" CA  PHE A   3 "
      ideal   model   delta    sigma   weight residual
     118.60  123.58   -4.98 3.00e+00 1.11e-01 2.76e+00
  angle pdb=" O   PHE A   3 "
        pdb=" C   PHE A   3 "
        pdb=" OXT PHE A   3 "
      ideal   model   delta    sigma   weight residual
     122.80  118.53    4.27 3.00e+00 1.11e-01 2.03e+00
  ... (remaining 55 not shown)

  Histogram of dihedral angle deviations from ideal:
        0.03 -     3.51: 10
        3.51 -     6.99: 1
        6.99 -    10.48: 0
       10.48 -    13.96: 0
       13.96 -    17.45: 2
  Dihedral angle restraints: 13
    sinusoidal: 3
      harmonic: 10
  Sorted by residual:
  dihedral pdb=" CA  GLY A   2 "
           pdb=" C   GLY A   2 "
           pdb=" N   PHE A   3 "
           pdb=" CA  PHE A   3 "
      ideal   model   delta  harmonic     sigma   weight residual
     180.00  164.25   15.75     0      5.00e+00 4.00e-02 9.92e+00
  dihedral pdb=" N   PHE A   3 "
           pdb=" CA  PHE A   3 "
           pdb=" CB  PHE A   3 "
           pdb=" CG  PHE A   3 "
      ideal   model   delta sinusoidal    sigma   weight residual
      60.00   77.45  -17.45     3      1.50e+01 4.44e-03 1.84e+00
  dihedral pdb=" CA  GLY A   1 "
           pdb=" C   GLY A   1 "
           pdb=" N   GLY A   2 "
           pdb=" CA  GLY A   2 "
      ideal   model   delta  harmonic     sigma   weight residual
    -180.00 -174.28   -5.72     0      5.00e+00 4.00e-02 1.31e+00
  ... (remaining 10 not shown)

  Histogram of chiral volume deviations from ideal:
       0.018 -    0.018: 1
       0.018 -    0.018: 0
       0.018 -    0.018: 0
       0.018 -    0.018: 0
       0.018 -    0.018: 0
  Chirality restraints: 1
  Sorted by residual:
  chirality pdb=" CA  PHE A   3 "
            pdb=" C   PHE A   3 "
            pdb=" N   PHE A   3 "
            pdb=" CB  PHE A   3 "
    both_signs  ideal   model   delta    sigma   weight residual
      False     -2.51   -2.49   -0.02 2.00e-01 2.50e+01 8.13e-03

  Planarity restraints: 6
  Sorted by residual:
                                 delta    sigma   weight rms_deltas residual
  plane pdb=" CB  PHE A   3 "   -0.024 2.00e-02 2.50e+03   1.59e-02 7.58e+00
        pdb=" CG  PHE A   3 "    0.029 2.00e-02 2.50e+03
        pdb=" CD1 PHE A   3 "    0.002 2.00e-02 2.50e+03
        pdb=" HD1 PHE A   3 "    0.008 2.00e-02 2.50e+03
        pdb=" CE1 PHE A   3 "    0.005 2.00e-02 2.50e+03
        pdb=" HE1 PHE A   3 "   -0.019 2.00e-02 2.50e+03
        pdb=" CZ  PHE A   3 "   -0.009 2.00e-02 2.50e+03
        pdb=" HZ  PHE A   3 "    0.014 2.00e-02 2.50e+03
        pdb=" CE2 PHE A   3 "   -0.021 2.00e-02 2.50e+03
        pdb=" HE2 PHE A   3 "    0.000 2.00e-02 2.50e+03
        pdb=" CD2 PHE A   3 "    0.021 2.00e-02 2.50e+03
        pdb=" HD2 PHE A   3 "   -0.007 2.00e-02 2.50e+03
                                 delta    sigma   weight rms_deltas residual
  plane pdb=" C   GLY A   1 "    0.013 2.00e-02 2.50e+03   2.46e-02 6.04e+00
        pdb=" CA  GLY A   2 "    0.011 2.00e-02 2.50e+03
        pdb=" N   GLY A   2 "   -0.042 2.00e-02 2.50e+03
        pdb=" H   GLY A   2 "    0.019 2.00e-02 2.50e+03
                                 delta    sigma   weight rms_deltas residual
  plane pdb=" C   GLY A   1 "    0.029 2.00e-02 2.50e+03   1.66e-02 2.77e+00
        pdb=" O   GLY A   1 "   -0.011 2.00e-02 2.50e+03
        pdb=" CA  GLY A   1 "   -0.008 2.00e-02 2.50e+03
        pdb=" N   GLY A   2 "   -0.010 2.00e-02 2.50e+03
  ... (remaining 3 not shown)

  Histogram of nonbonded interaction distances:
        2.14 -     2.69: 37
        2.69 -     3.24: 52
        3.24 -     3.79: 44
        3.79 -     4.34: 58
        4.34 -     4.89: 68
  Nonbonded interactions: 259
  Sorted by model distance:
  nonbonded pdb=" HA2 GLY A   1 "
            pdb=" H1  GLY A   1 "
     model   vdw
     2.140 1.816
  nonbonded pdb=" O   PHE A   3 "
            pdb=" HXT PHE A   3 "
     model   vdw
     2.178 2.056
  nonbonded pdb=" HA2 GLY A   2 "
            pdb=" H   PHE A   3 "
     model   vdw
     2.204 2.270
  nonbonded pdb=" O   GLY A   1 "
            pdb=" HA2 GLY A   2 "
     model   vdw
     2.268 2.740
  nonbonded pdb=" HZ  PHE A   3 "
            pdb=" HE2 PHE A   3 "
     model   vdw
     2.292 1.680
  ... (remaining 254 not shown)

  NOTE: a complete listing of the restraints can be obtained by requesting
        output of .geo file.

                   ----------xray_structure summary----------                  

Number of scattering types: 4
  Type Number    sf(0)   Gaussians
   O       4      7.97       2
   N       3      6.97       2
   C      13      5.97       2
   H      17      1.00       2
  sf(0) = scattering factor at diffraction angle 0.
Number of scatterers: 37
At special positions: 0
Unit cell: (11.522, 12.779, 13.991, 90, 90, 90)
Space group: P 1 (No. 1)

End of input processing
r_work=0.5104 r_free=0.5115
params.data_weight: None
params.restraints: qm
rmsd(b), start:  0.0804
mc:   0 R: 0.2726 rmsd(b):  1.0023 restraint_scale:  2.0 min_steps: 57
mc:   1 R: 0.1782 rmsd(b):  0.9833 restraint_scale:  4.0 min_steps: 41
mc:   2 R: 0.2316 rmsd(b):  0.9902 restraint_scale:  8.0 min_steps: 61
mc:   3 R: 0.2316 rmsd(b):  1.1055 restraint_scale: 16.0 min_steps: 23
mc:   4 R: 0.2360 rmsd(b):  1.1131 restraint_scale: 32.0 min_steps: 12
mc:   5 R: 0.2521 rmsd(b):  1.1279 restraint_scale: 64.0 min_steps: 17
mc:   6 R: 0.2524 rmsd(b):  1.1286 restraint_scale: 128.0 min_steps: 4
Convergence reached, stop now.
see the result structure:  ./p26/04_results/refine_qm/224_GGF12-new/1.2/4.pdb
Time: 2281.7443
