phenix.python
you are importing  adaptive calculator, and it does nothing. Please give it energy, force....... 

============================== Collecting inputs ==============================


                   ----------Processing X-ray data----------                   

F-obs:
  /scratch/m_zhen01/31011.lupus.uni-muenster.de/p26/02_mtz/266_FGG691-new.mtz:F-obs
Miller array info: None
Observation type: xray.amplitude
Type of data: double, size=187
Type of sigmas: None
Number of Miller indices: 187
Anomalous flag: False
Unit cell: (16.969, 11.457, 9.986, 90, 90, 90)
Space group: P 1 (No. 1)
Systematic absences: 0
Centric reflections: 0
Resolution range: 3.97829 2.50929
Completeness in resolution range: 1
Completeness with d_max=infinity: 0.74502

Number of F-obs in resolution range:                   187
Number of F-obs<0 (these reflections will be rejected): 0
Number of F-obs=0 (these reflections will be used in refinement): 0
Refinement resolution range: d_max =   3.9783
                             d_min =   2.5093

R-free flags:
  /scratch/m_zhen01/31011.lupus.uni-muenster.de/p26/02_mtz/266_FGG691-new.mtz:R-free-flags
Miller array info: /scratch/m_zhen01/31011.lupus.uni-muenster.de/p26/02_mtz/266_FGG691-new.mtz:R-free-flags
Observation type: None
Type of data: int, size=187
Type of sigmas: None
Number of Miller indices: 187
Anomalous flag: False
Unit cell: (16.969, 11.457, 9.986, 90, 90, 90)
Space group: P 1 (No. 1)
Systematic absences: 0
Centric reflections: 0
Resolution range: 3.97829 2.50929
Completeness in resolution range: 1
Completeness with d_max=infinity: 0.74502
Wavelength: 1.0000

Test (R-free flags) flag value: 1

Number of work/free reflections by resolution:
                                  work free  %free
  bin  1: 3.9783 - 3.6465 [23/23]   21    2   8.7%
  bin  2: 3.6465 - 3.4035 [18/18]   18    0   0.0%
  bin  3: 3.4035 - 3.2146 [16/16]   16    0   0.0%
  bin  4: 3.2146 - 3.0616 [24/24]   22    2   8.3%
  bin  5: 3.0616 - 2.9342 [14/14]   14    0   0.0%
  bin  6: 2.9342 - 2.8256 [18/18]   16    2  11.1%
  bin  7: 2.8256 - 2.7315 [20/20]   20    0   0.0%
  bin  8: 2.7315 - 2.6488 [24/24]   22    2   8.3%
  bin  9: 2.6488 - 2.5753 [10/10]   10    0   0.0%
  bin 10: 2.5753 - 2.5093 [20/20]   20    0   0.0%
                          overall  179    8   4.3%

                   ----------Processing PDB file(s)----------                  

  Monomer Library directory:
    "/tmp1/m_zhen01/phenix-installer-1.10.1-2155-intel-linux-2.6-x86_64-centos5/phenix-1.10.1-2155/modules/chem_data/mon_lib"
  Total number of atoms: 37
  Number of models: 1
  Model: ""
    Number of chains: 1
    Chain: "A"
      Number of atoms: 37
      Number of conformers: 1
      Conformer: ""
        Number of residues, atoms: 3, 37
          Classifications: {'peptide': 3}
          Modifications used: {'NH2NOTPRO': 1, 'COOH': 1}
          Link IDs: {'TRANS': 2}
  Time building chain proxies: 0.07, per 1000 atoms: 1.89
  Number of scatterers: 37
  At special positions: 0
  Unit cell: (16.969, 11.457, 9.986, 90, 90, 90)
  Space group: P 1 (No. 1)
  Number of sites at special positions: 0
  Number of scattering types: 4
    Type Number    sf(0)
     O       4      8.00
     N       3      7.00
     C      13      6.00
     H      17      1.00
    sf(0) = scattering factor at diffraction angle 0.

  Number of disulfides: simple=0, symmetry=0

  Automatic linking
    Parameters for automatic linking
      Linking & cutoffs
        Metal                : False - 3.50
        Amimo acid           : False - 1.90
        Carbohydrate         : True  - 1.99
        Ligands              : True  - 1.99
        Amino acid - RNA/DNA : False
      
  Number of custom bonds: simple=0, symmetry=0
  Time building additional restraints: 0.02
  Conformation dependent library (CDL) restraints added in 2.9 milliseconds
  
  Adding C-beta torsion restraints...
  Number of C-beta restraints generated:  2
  Time building geometry restraints manager: 0.03 seconds

  NOTE: a complete listing of the restraints can be obtained by requesting
        output of .geo file.

  Histogram of bond lengths:
        0.86 -     0.99: 16
        0.99 -     1.13: 1
        1.13 -     1.27: 3
        1.27 -     1.40: 9
        1.40 -     1.54: 8
  Bond restraints: 37
  Sorted by residual:
  bond pdb=" C   GLY A   2 "
       pdb=" CA  GLY A   2 "
    ideal  model  delta    sigma   weight residual
    1.514  1.491  0.024 1.41e-02 5.03e+03 2.83e+00
  bond pdb=" N   PHE A   1 "
       pdb=" H1  PHE A   1 "
    ideal  model  delta    sigma   weight residual
    0.960  0.991 -0.031 2.00e-02 2.50e+03 2.46e+00
  bond pdb=" CZ  PHE A   1 "
       pdb=" HZ  PHE A   1 "
    ideal  model  delta    sigma   weight residual
    0.930  0.899  0.031 2.00e-02 2.50e+03 2.35e+00
  bond pdb=" N   GLY A   2 "
       pdb=" H   GLY A   2 "
    ideal  model  delta    sigma   weight residual
    0.860  0.890 -0.030 2.00e-02 2.50e+03 2.22e+00
  bond pdb=" CD2 PHE A   1 "
       pdb=" CE2 PHE A   1 "
    ideal  model  delta    sigma   weight residual
    1.382  1.340  0.042 3.00e-02 1.11e+03 1.93e+00
  ... (remaining 32 not shown)

  Histogram of bond angle deviations from ideal:
      103.05 -   107.10: 9
      107.10 -   111.15: 11
      111.15 -   115.20: 8
      115.20 -   119.24: 10
      119.24 -   123.29: 22
  Bond angle restraints: 60
  Sorted by residual:
  angle pdb=" C   GLY A   3 "
        pdb=" CA  GLY A   3 "
        pdb=" HA1 GLY A   3 "
      ideal   model   delta    sigma   weight residual
     109.00  103.39    5.61 3.00e+00 1.11e-01 3.50e+00
  angle pdb=" C   GLY A   2 "
        pdb=" CA  GLY A   2 "
        pdb=" HA1 GLY A   2 "
      ideal   model   delta    sigma   weight residual
     109.00  103.79    5.21 3.00e+00 1.11e-01 3.02e+00
  angle pdb=" C   GLY A   3 "
        pdb=" OXT GLY A   3 "
        pdb=" HXT GLY A   3 "
      ideal   model   delta    sigma   weight residual
     108.00  103.05    4.95 3.00e+00 1.11e-01 2.73e+00
  angle pdb=" O   GLY A   3 "
        pdb=" C   GLY A   3 "
        pdb=" CA  GLY A   3 "
      ideal   model   delta    sigma   weight residual
     118.60  123.29   -4.69 3.00e+00 1.11e-01 2.45e+00
  angle pdb=" C   GLY A   3 "
        pdb=" CA  GLY A   3 "
        pdb=" N   GLY A   3 "
      ideal   model   delta    sigma   weight residual
     113.30  117.49   -4.19 2.90e+00 1.19e-01 2.08e+00
  ... (remaining 55 not shown)

  Histogram of dihedral angle deviations from ideal:
        0.95 -    14.51: 11
       14.51 -    28.07: 1
       28.07 -    41.62: 0
       41.62 -    55.18: 0
       55.18 -    68.74: 1
  Dihedral angle restraints: 13
    sinusoidal: 3
      harmonic: 10
  Sorted by residual:
  dihedral pdb=" CA  GLY A   2 "
           pdb=" C   GLY A   2 "
           pdb=" N   GLY A   3 "
           pdb=" CA  GLY A   3 "
      ideal   model   delta  harmonic     sigma   weight residual
     180.00  167.23   12.77     0      5.00e+00 4.00e-02 6.53e+00
  dihedral pdb=" OXT GLY A   3 "
           pdb=" C   GLY A   3 "
           pdb=" CA  GLY A   3 "
           pdb=" N   GLY A   3 "
      ideal   model   delta sinusoidal    sigma   weight residual
     160.00   91.26   68.74     2      3.00e+01 1.11e-03 4.63e+00
  dihedral pdb=" CA  PHE A   1 "
           pdb=" CB  PHE A   1 "
           pdb=" CG  PHE A   1 "
           pdb=" CD1 PHE A   1 "
      ideal   model   delta sinusoidal    sigma   weight residual
      90.00  112.10  -22.10     2      2.00e+01 2.50e-03 1.70e+00
  ... (remaining 10 not shown)

  Histogram of chiral volume deviations from ideal:
       0.118 -    0.118: 1
       0.118 -    0.118: 0
       0.118 -    0.118: 0
       0.118 -    0.118: 0
       0.118 -    0.118: 0
  Chirality restraints: 1
  Sorted by residual:
  chirality pdb=" CA  PHE A   1 "
            pdb=" C   PHE A   1 "
            pdb=" N   PHE A   1 "
            pdb=" CB  PHE A   1 "
    both_signs  ideal   model   delta    sigma   weight residual
      False     -2.51   -2.39   -0.12 2.00e-01 2.50e+01 3.48e-01

  Planarity restraints: 6
  Sorted by residual:
                                 delta    sigma   weight rms_deltas residual
  plane pdb=" C   PHE A   1 "    0.016 2.00e-02 2.50e+03   3.16e-02 9.96e+00
        pdb=" CA  GLY A   2 "    0.014 2.00e-02 2.50e+03
        pdb=" N   GLY A   2 "   -0.054 2.00e-02 2.50e+03
        pdb=" H   GLY A   2 "    0.024 2.00e-02 2.50e+03
                                 delta    sigma   weight rms_deltas residual
  plane pdb=" CB  PHE A   1 "   -0.011 2.00e-02 2.50e+03   1.42e-02 6.06e+00
        pdb=" CG  PHE A   1 "    0.025 2.00e-02 2.50e+03
        pdb=" CD2 PHE A   1 "    0.009 2.00e-02 2.50e+03
        pdb=" HD2 PHE A   1 "   -0.020 2.00e-02 2.50e+03
        pdb=" CE2 PHE A   1 "    0.023 2.00e-02 2.50e+03
        pdb=" HE2 PHE A   1 "   -0.002 2.00e-02 2.50e+03
        pdb=" CZ  PHE A   1 "   -0.014 2.00e-02 2.50e+03
        pdb=" HZ  PHE A   1 "   -0.004 2.00e-02 2.50e+03
        pdb=" CE1 PHE A   1 "   -0.014 2.00e-02 2.50e+03
        pdb=" HE1 PHE A   1 "    0.007 2.00e-02 2.50e+03
        pdb=" CD1 PHE A   1 "    0.010 2.00e-02 2.50e+03
        pdb=" HD1 PHE A   1 "   -0.008 2.00e-02 2.50e+03
                                 delta    sigma   weight rms_deltas residual
  plane pdb=" C   GLY A   2 "    0.010 2.00e-02 2.50e+03   1.79e-02 3.22e+00
        pdb=" CA  GLY A   3 "    0.008 2.00e-02 2.50e+03
        pdb=" N   GLY A   3 "   -0.031 2.00e-02 2.50e+03
        pdb=" H   GLY A   3 "    0.013 2.00e-02 2.50e+03
  ... (remaining 3 not shown)

  Histogram of nonbonded interaction distances:
        1.85 -     2.46: 18
        2.46 -     3.07: 45
        3.07 -     3.68: 59
        3.68 -     4.29: 45
        4.29 -     4.90: 66
  Nonbonded interactions: 233
  Sorted by model distance:
  nonbonded pdb=" H2  PHE A   1 "
            pdb=" H   GLY A   2 "
     model   vdw
     1.852 2.100
  nonbonded pdb=" O   GLY A   3 "
            pdb=" HXT GLY A   3 "
     model   vdw
     2.132 2.056
  nonbonded pdb=" H1  PHE A   1 "
            pdb=" HA  PHE A   1 "
     model   vdw
     2.213 1.816
  nonbonded pdb=" HA  PHE A   1 "
            pdb=" HB2 PHE A   1 "
     model   vdw
     2.225 1.952
  nonbonded pdb=" HZ  PHE A   1 "
            pdb=" HE1 PHE A   1 "
     model   vdw
     2.248 1.680
  ... (remaining 228 not shown)

  NOTE: a complete listing of the restraints can be obtained by requesting
        output of .geo file.

                   ----------xray_structure summary----------                  

Number of scattering types: 4
  Type Number    sf(0)   Gaussians
   O       4      7.97       2
   N       3      6.97       2
   C      13      5.97       2
   H      17      1.00       2
  sf(0) = scattering factor at diffraction angle 0.
Number of scatterers: 37
At special positions: 0
Unit cell: (16.969, 11.457, 9.986, 90, 90, 90)
Space group: P 1 (No. 1)

End of input processing
r_work=0.5614 r_free=0.5023
params.data_weight: None
params.restraints: qm
rmsd(b), start:  0.0863
mc:   0 R: 0.1977 rmsd(b):  0.6471 restraint_scale:  2.0 min_steps: 52
mc:   1 R: 0.1977 rmsd(b):  0.6471 restraint_scale:  4.0 min_steps: 1
Convergence reached, stop now.
see the result structure:  ./p26/04_results/refine_qm/266_FGG691-new/1.5/4.pdb
Time: 68.9625
