phenix.python
you are importing  adaptive calculator, and it does nothing. Please give it energy, force....... 

============================== Collecting inputs ==============================


                   ----------Processing X-ray data----------                   

F-obs:
  /scratch/m_zhen01/30994.lupus.uni-muenster.de/p26/02_mtz/265_FGG357-new.mtz:F-obs
Miller array info: None
Observation type: xray.amplitude
Type of data: double, size=182
Type of sigmas: None
Number of Miller indices: 182
Anomalous flag: False
Unit cell: (13.867, 13.208, 10.099, 90, 90, 90)
Space group: P 1 (No. 1)
Systematic absences: 0
Centric reflections: 0
Resolution range: 3.89979 2.51329
Completeness in resolution range: 1
Completeness with d_max=infinity: 0.739837

Number of F-obs in resolution range:                   182
Number of F-obs<0 (these reflections will be rejected): 0
Number of F-obs=0 (these reflections will be used in refinement): 0
Refinement resolution range: d_max =   3.8998
                             d_min =   2.5133

R-free flags:
  /scratch/m_zhen01/30994.lupus.uni-muenster.de/p26/02_mtz/265_FGG357-new.mtz:R-free-flags
Miller array info: /scratch/m_zhen01/30994.lupus.uni-muenster.de/p26/02_mtz/265_FGG357-new.mtz:R-free-flags
Observation type: None
Type of data: int, size=182
Type of sigmas: None
Number of Miller indices: 182
Anomalous flag: False
Unit cell: (13.867, 13.208, 10.099, 90, 90, 90)
Space group: P 1 (No. 1)
Systematic absences: 0
Centric reflections: 0
Resolution range: 3.89979 2.51329
Completeness in resolution range: 1
Completeness with d_max=infinity: 0.739837
Wavelength: 1.0000

Test (R-free flags) flag value: 1

Number of work/free reflections by resolution:
                                  work free  %free
  bin  1: 3.8998 - 3.5978 [16/16]   16    0   0.0%
  bin  2: 3.5978 - 3.3718 [15/15]   15    0   0.0%
  bin  3: 3.3718 - 3.1937 [22/22]   22    0   0.0%
  bin  4: 3.1937 - 3.0481 [18/18]   16    2  11.1%
  bin  5: 3.0481 - 2.9258 [30/30]   20   10  33.3%
  bin  6: 2.9258 - 2.8211 [ 6/6 ]    6    0   0.0%
  bin  7: 2.8211 - 2.7300 [11/11]   11    0   0.0%
  bin  8: 2.7300 - 2.6495 [24/24]   24    0   0.0%
  bin  9: 2.6495 - 2.5778 [23/23]   23    0   0.0%
  bin 10: 2.5778 - 2.5133 [17/17]   17    0   0.0%
                          overall  170   12   6.6%

                   ----------Processing PDB file(s)----------                  

  Monomer Library directory:
    "/tmp1/m_zhen01/phenix-installer-1.10.1-2155-intel-linux-2.6-x86_64-centos5/phenix-1.10.1-2155/modules/chem_data/mon_lib"
  Total number of atoms: 37
  Number of models: 1
  Model: ""
    Number of chains: 1
    Chain: "A"
      Number of atoms: 37
      Number of conformers: 1
      Conformer: ""
        Number of residues, atoms: 3, 37
          Classifications: {'peptide': 3}
          Modifications used: {'NH2NOTPRO': 1, 'COOH': 1}
          Link IDs: {'TRANS': 2}
  Time building chain proxies: 0.07, per 1000 atoms: 1.89
  Number of scatterers: 37
  At special positions: 0
  Unit cell: (13.867, 13.208, 10.099, 90, 90, 90)
  Space group: P 1 (No. 1)
  Number of sites at special positions: 0
  Number of scattering types: 4
    Type Number    sf(0)
     O       4      8.00
     N       3      7.00
     C      13      6.00
     H      17      1.00
    sf(0) = scattering factor at diffraction angle 0.

  Number of disulfides: simple=0, symmetry=0

  Automatic linking
    Parameters for automatic linking
      Linking & cutoffs
        Metal                : False - 3.50
        Amimo acid           : False - 1.90
        Carbohydrate         : True  - 1.99
        Ligands              : True  - 1.99
        Amino acid - RNA/DNA : False
      
  Number of custom bonds: simple=0, symmetry=0
  Time building additional restraints: 0.02
  Conformation dependent library (CDL) restraints added in 3.0 milliseconds
  
  Adding C-beta torsion restraints...
  Number of C-beta restraints generated:  2
  Time building geometry restraints manager: 0.02 seconds

  NOTE: a complete listing of the restraints can be obtained by requesting
        output of .geo file.

  Histogram of bond lengths:
        0.86 -     1.00: 15
        1.00 -     1.13: 2
        1.13 -     1.27: 3
        1.27 -     1.41: 9
        1.41 -     1.54: 8
  Bond restraints: 37
  Sorted by residual:
  bond pdb=" CB  PHE A   1 "
       pdb=" HB2 PHE A   1 "
    ideal  model  delta    sigma   weight residual
    0.970  1.016 -0.046 2.00e-02 2.50e+03 5.28e+00
  bond pdb=" OXT GLY A   3 "
       pdb=" HXT GLY A   3 "
    ideal  model  delta    sigma   weight residual
    0.948  0.902  0.046 2.00e-02 2.50e+03 5.18e+00
  bond pdb=" N   PHE A   1 "
       pdb=" H2  PHE A   1 "
    ideal  model  delta    sigma   weight residual
    0.960  1.002 -0.042 2.00e-02 2.50e+03 4.44e+00
  bond pdb=" N   PHE A   1 "
       pdb=" H1  PHE A   1 "
    ideal  model  delta    sigma   weight residual
    0.960  0.918  0.042 2.00e-02 2.50e+03 4.38e+00
  bond pdb=" CZ  PHE A   1 "
       pdb=" CE1 PHE A   1 "
    ideal  model  delta    sigma   weight residual
    1.382  1.332  0.050 3.00e-02 1.11e+03 2.77e+00
  ... (remaining 32 not shown)

  Histogram of bond angle deviations from ideal:
      102.30 -   107.14: 7
      107.14 -   111.99: 13
      111.99 -   116.83: 10
      116.83 -   121.68: 23
      121.68 -   126.52: 7
  Bond angle restraints: 60
  Sorted by residual:
  angle pdb=" HB2 PHE A   1 "
        pdb=" CB  PHE A   1 "
        pdb=" CG  PHE A   1 "
      ideal   model   delta    sigma   weight residual
     108.00  102.30    5.70 3.00e+00 1.11e-01 3.61e+00
  angle pdb=" O   GLY A   2 "
        pdb=" C   GLY A   2 "
        pdb=" CA  GLY A   2 "
      ideal   model   delta    sigma   weight residual
     120.57  117.33    3.24 1.74e+00 3.30e-01 3.47e+00
  angle pdb=" CA  GLY A   2 "
        pdb=" C   GLY A   2 "
        pdb=" N   GLY A   3 "
      ideal   model   delta    sigma   weight residual
     116.69  120.02   -3.33 2.04e+00 2.40e-01 2.66e+00
  angle pdb=" CA  PHE A   1 "
        pdb=" CB  PHE A   1 "
        pdb=" HB2 PHE A   1 "
      ideal   model   delta    sigma   weight residual
     109.00  113.82   -4.82 3.00e+00 1.11e-01 2.58e+00
  angle pdb=" C   GLY A   2 "
        pdb=" CA  GLY A   2 "
        pdb=" N   GLY A   2 "
      ideal   model   delta    sigma   weight residual
     113.18  116.80   -3.62 2.37e+00 1.78e-01 2.33e+00
  ... (remaining 55 not shown)

  Histogram of dihedral angle deviations from ideal:
        0.19 -    35.67: 11
       35.67 -    71.14: 1
       71.14 -   106.61: 0
      106.61 -   142.08: 0
      142.08 -   177.56: 1
  Dihedral angle restraints: 13
    sinusoidal: 3
      harmonic: 10
  Sorted by residual:
  dihedral pdb=" O   GLY A   3 "
           pdb=" C   GLY A   3 "
           pdb=" OXT GLY A   3 "
           pdb=" HXT GLY A   3 "
      ideal   model   delta  harmonic     sigma   weight residual
       0.00  177.56 -177.56     0      3.00e+01 1.11e-03 3.50e+01
  dihedral pdb=" CA  PHE A   1 "
           pdb=" CB  PHE A   1 "
           pdb=" CG  PHE A   1 "
           pdb=" CD1 PHE A   1 "
      ideal   model   delta sinusoidal    sigma   weight residual
     -90.00  -56.64  -33.36     2      2.00e+01 2.50e-03 3.63e+00
  dihedral pdb=" OXT GLY A   3 "
           pdb=" C   GLY A   3 "
           pdb=" CA  GLY A   3 "
           pdb=" N   GLY A   3 "
      ideal   model   delta sinusoidal    sigma   weight residual
     -20.00  -71.11   51.11     2      3.00e+01 1.11e-03 3.23e+00
  ... (remaining 10 not shown)

  Histogram of chiral volume deviations from ideal:
       0.007 -    0.007: 1
       0.007 -    0.007: 0
       0.007 -    0.007: 0
       0.007 -    0.007: 0
       0.007 -    0.007: 0
  Chirality restraints: 1
  Sorted by residual:
  chirality pdb=" CA  PHE A   1 "
            pdb=" C   PHE A   1 "
            pdb=" N   PHE A   1 "
            pdb=" CB  PHE A   1 "
    both_signs  ideal   model   delta    sigma   weight residual
      False     -2.51   -2.52    0.01 2.00e-01 2.50e+01 1.25e-03

  Planarity restraints: 6
  Sorted by residual:
                                 delta    sigma   weight rms_deltas residual
  plane pdb=" CB  PHE A   1 "    0.010 2.00e-02 2.50e+03   1.77e-02 9.35e+00
        pdb=" CG  PHE A   1 "   -0.012 2.00e-02 2.50e+03
        pdb=" CD2 PHE A   1 "   -0.028 2.00e-02 2.50e+03
        pdb=" HD2 PHE A   1 "   -0.004 2.00e-02 2.50e+03
        pdb=" CE2 PHE A   1 "    0.029 2.00e-02 2.50e+03
        pdb=" HE2 PHE A   1 "   -0.001 2.00e-02 2.50e+03
        pdb=" CZ  PHE A   1 "    0.029 2.00e-02 2.50e+03
        pdb=" HZ  PHE A   1 "   -0.010 2.00e-02 2.50e+03
        pdb=" CE1 PHE A   1 "   -0.021 2.00e-02 2.50e+03
        pdb=" HE1 PHE A   1 "   -0.010 2.00e-02 2.50e+03
        pdb=" CD1 PHE A   1 "   -0.002 2.00e-02 2.50e+03
        pdb=" HD1 PHE A   1 "    0.019 2.00e-02 2.50e+03
                                 delta    sigma   weight rms_deltas residual
  plane pdb=" O   GLY A   3 "   -0.002 2.00e-02 2.50e+03   2.68e-02 9.00e+00
        pdb=" C   GLY A   3 "   -0.028 2.00e-02 2.50e+03
        pdb=" OXT GLY A   3 "    0.042 2.00e-02 2.50e+03
        pdb=" HXT GLY A   3 "   -0.028 2.00e-02 2.50e+03
        pdb=" CA  GLY A   3 "    0.016 2.00e-02 2.50e+03
                                 delta    sigma   weight rms_deltas residual
  plane pdb=" C   GLY A   2 "    0.035 2.00e-02 2.50e+03   2.00e-02 3.99e+00
        pdb=" O   GLY A   2 "   -0.012 2.00e-02 2.50e+03
        pdb=" CA  GLY A   2 "   -0.010 2.00e-02 2.50e+03
        pdb=" N   GLY A   3 "   -0.012 2.00e-02 2.50e+03
  ... (remaining 3 not shown)

  Histogram of nonbonded interaction distances:
        1.86 -     2.47: 20
        2.47 -     3.08: 55
        3.08 -     3.69: 47
        3.69 -     4.29: 55
        4.29 -     4.90: 62
  Nonbonded interactions: 239
  Sorted by model distance:
  nonbonded pdb=" H2  PHE A   1 "
            pdb=" HA  PHE A   1 "
     model   vdw
     1.865 1.816
  nonbonded pdb=" H1  PHE A   1 "
            pdb=" HD1 PHE A   1 "
     model   vdw
     2.093 2.100
  nonbonded pdb=" HA1 GLY A   2 "
            pdb=" H   GLY A   2 "
     model   vdw
     2.195 1.816
  nonbonded pdb=" HB1 PHE A   1 "
            pdb=" HD2 PHE A   1 "
     model   vdw
     2.258 2.270
  nonbonded pdb=" HZ  PHE A   1 "
            pdb=" HE1 PHE A   1 "
     model   vdw
     2.271 1.680
  ... (remaining 234 not shown)

  NOTE: a complete listing of the restraints can be obtained by requesting
        output of .geo file.

                   ----------xray_structure summary----------                  

Number of scattering types: 4
  Type Number    sf(0)   Gaussians
   O       4      7.97       2
   N       3      6.97       2
   C      13      5.97       2
   H      17      1.00       2
  sf(0) = scattering factor at diffraction angle 0.
Number of scatterers: 37
At special positions: 0
Unit cell: (13.867, 13.208, 10.099, 90, 90, 90)
Space group: P 1 (No. 1)

End of input processing
r_work=0.4903 r_free=0.5997
params.data_weight: 0.0
params.restraints: qm
rmsd(b), start:  0.0822
mc:   0 R: 0.5113 rmsd(b):  0.0291 restraint_scale:  1.0 min_steps: 52
mc:   1 R: 0.4990 rmsd(b):  0.0281 restraint_scale:  1.0 min_steps: 52
mc:   2 R: 0.5122 rmsd(b):  0.0270 restraint_scale:  1.0 min_steps: 52
mc:   3 R: 0.5109 rmsd(b):  0.0270 restraint_scale:  1.0 min_steps: 52
mc:   4 R: 0.5108 rmsd(b):  0.0271 restraint_scale:  1.0 min_steps: 6
Convergence reached, stop now.
see the result structure:  ./p26/04_results/opt_qm/265_FGG357-new/1.5/1.pdb
Time: 201.7534
