phenix.python
you are importing  adaptive calculator, and it does nothing. Please give it energy, force....... 

============================== Collecting inputs ==============================


                   ----------Processing X-ray data----------                   

F-obs:
  /scratch/m_zhen01/30993.lupus.uni-muenster.de/p26/02_mtz/192_WG10-new.mtz:F-obs
Miller array info: None
Observation type: xray.amplitude
Type of data: double, size=187
Type of sigmas: None
Number of Miller indices: 187
Anomalous flag: False
Unit cell: (13.922, 12.016, 11.088, 90, 90, 90)
Space group: P 1 (No. 1)
Systematic absences: 0
Centric reflections: 0
Resolution range: 3.91036 2.51701
Completeness in resolution range: 1
Completeness with d_max=infinity: 0.74502

Number of F-obs in resolution range:                   187
Number of F-obs<0 (these reflections will be rejected): 0
Number of F-obs=0 (these reflections will be used in refinement): 0
Refinement resolution range: d_max =   3.9104
                             d_min =   2.5170

R-free flags:
  /scratch/m_zhen01/30993.lupus.uni-muenster.de/p26/02_mtz/192_WG10-new.mtz:R-free-flags
Miller array info: /scratch/m_zhen01/30993.lupus.uni-muenster.de/p26/02_mtz/192_WG10-new.mtz:R-free-flags
Observation type: None
Type of data: int, size=187
Type of sigmas: None
Number of Miller indices: 187
Anomalous flag: False
Unit cell: (13.922, 12.016, 11.088, 90, 90, 90)
Space group: P 1 (No. 1)
Systematic absences: 0
Centric reflections: 0
Resolution range: 3.91036 2.51701
Completeness in resolution range: 1
Completeness with d_max=infinity: 0.74502
Wavelength: 1.0000

Test (R-free flags) flag value: 1

Number of work/free reflections by resolution:
                                  work free  %free
  bin  1: 3.9104 - 3.6062 [15/15]   15    0   0.0%
  bin  2: 3.6062 - 3.3789 [25/25]   25    0   0.0%
  bin  3: 3.3789 - 3.1999 [16/16]   16    0   0.0%
  bin  4: 3.1999 - 3.0536 [18/18]   10    8  44.4%
  bin  5: 3.0536 - 2.9309 [13/13]   11    2  15.4%
  bin  6: 2.9309 - 2.8258 [24/24]   24    0   0.0%
  bin  7: 2.8258 - 2.7343 [ 8/8 ]    8    0   0.0%
  bin  8: 2.7343 - 2.6537 [22/22]   20    2   9.1%
  bin  9: 2.6537 - 2.5817 [24/24]   24    0   0.0%
  bin 10: 2.5817 - 2.5170 [22/22]   22    0   0.0%
                          overall  175   12   6.4%

                   ----------Processing PDB file(s)----------                  

  Monomer Library directory:
    "/tmp1/m_zhen01/phenix-installer-1.10.1-2155-intel-linux-2.6-x86_64-centos5/phenix-1.10.1-2155/modules/chem_data/mon_lib"
  Total number of atoms: 34
  Number of models: 1
  Model: ""
    Number of chains: 1
    Chain: "A"
      Number of atoms: 34
      Number of conformers: 1
      Conformer: ""
        Number of residues, atoms: 2, 34
          Classifications: {'peptide': 2}
          Modifications used: {'NH2NOTPRO': 1, 'COOH': 1}
          Link IDs: {'TRANS': 1}
  Time building chain proxies: 0.07, per 1000 atoms: 2.06
  Number of scatterers: 34
  At special positions: 0
  Unit cell: (13.922, 12.016, 11.088, 90, 90, 90)
  Space group: P 1 (No. 1)
  Number of sites at special positions: 0
  Number of scattering types: 4
    Type Number    sf(0)
     O       3      8.00
     N       3      7.00
     C      13      6.00
     H      15      1.00
    sf(0) = scattering factor at diffraction angle 0.

  Number of disulfides: simple=0, symmetry=0

  Automatic linking
    Parameters for automatic linking
      Linking & cutoffs
        Metal                : False - 3.50
        Amimo acid           : False - 1.90
        Carbohydrate         : True  - 1.99
        Ligands              : True  - 1.99
        Amino acid - RNA/DNA : False
      
  Number of custom bonds: simple=0, symmetry=0
  Time building additional restraints: 0.02
  Conformation dependent library (CDL) restraints added in 424.1 microseconds
  
  Adding C-beta torsion restraints...
  Number of C-beta restraints generated:  2
  Time building geometry restraints manager: 0.02 seconds

  NOTE: a complete listing of the restraints can be obtained by requesting
        output of .geo file.

  Histogram of bond lengths:
        0.85 -     0.99: 15
        0.99 -     1.13: 0
        1.13 -     1.27: 2
        1.27 -     1.41: 9
        1.41 -     1.55: 9
  Bond restraints: 35
  Sorted by residual:
  bond pdb=" CB  TRP A   1 "
       pdb=" HB2 TRP A   1 "
    ideal  model  delta    sigma   weight residual
    0.970  0.933  0.037 2.00e-02 2.50e+03 3.40e+00
  bond pdb=" N   GLY A   2 "
       pdb=" H   GLY A   2 "
    ideal  model  delta    sigma   weight residual
    0.860  0.897 -0.037 2.00e-02 2.50e+03 3.34e+00
  bond pdb=" CG  TRP A   1 "
       pdb=" CD1 TRP A   1 "
    ideal  model  delta    sigma   weight residual
    1.365  1.405 -0.040 2.50e-02 1.60e+03 2.58e+00
  bond pdb=" CB  TRP A   1 "
       pdb=" CG  TRP A   1 "
    ideal  model  delta    sigma   weight residual
    1.498  1.545 -0.047 3.10e-02 1.04e+03 2.29e+00
  bond pdb=" CA  TRP A   1 "
       pdb=" N   TRP A   1 "
    ideal  model  delta    sigma   weight residual
    1.458  1.432  0.026 1.90e-02 2.77e+03 1.88e+00
  ... (remaining 30 not shown)

  Histogram of bond angle deviations from ideal:
      105.29 -   110.94: 18
      110.94 -   116.60: 10
      116.60 -   122.26: 16
      122.26 -   127.91: 9
      127.91 -   133.57: 4
  Bond angle restraints: 57
  Sorted by residual:
  angle pdb=" O   GLY A   2 "
        pdb=" C   GLY A   2 "
        pdb=" CA  GLY A   2 "
      ideal   model   delta    sigma   weight residual
     118.60  111.77    6.83 3.00e+00 1.11e-01 5.19e+00
  angle pdb=" HA1 GLY A   2 "
        pdb=" CA  GLY A   2 "
        pdb=" N   GLY A   2 "
      ideal   model   delta    sigma   weight residual
     110.00  105.86    4.14 3.00e+00 1.11e-01 1.90e+00
  angle pdb=" CA  TRP A   1 "
        pdb=" C   TRP A   1 "
        pdb=" N   GLY A   2 "
      ideal   model   delta    sigma   weight residual
     116.20  118.88   -2.68 2.00e+00 2.50e-01 1.80e+00
  angle pdb=" C   TRP A   1 "
        pdb=" CA  TRP A   1 "
        pdb=" CB  TRP A   1 "
      ideal   model   delta    sigma   weight residual
     110.10  112.62   -2.52 1.90e+00 2.77e-01 1.76e+00
  angle pdb=" CZ3 TRP A   1 "
        pdb=" CE3 TRP A   1 "
        pdb=" HE3 TRP A   1 "
      ideal   model   delta    sigma   weight residual
     120.70  116.84    3.86 3.00e+00 1.11e-01 1.65e+00
  ... (remaining 52 not shown)

  Histogram of dihedral angle deviations from ideal:
        0.06 -     6.01: 11
        6.01 -    11.95: 1
       11.95 -    17.89: 0
       17.89 -    23.83: 0
       23.83 -    29.78: 1
  Dihedral angle restraints: 13
    sinusoidal: 3
      harmonic: 10
  Sorted by residual:
  dihedral pdb=" CA  TRP A   1 "
           pdb=" CB  TRP A   1 "
           pdb=" CG  TRP A   1 "
           pdb=" CD1 TRP A   1 "
      ideal   model   delta sinusoidal    sigma   weight residual
       0.00  -29.78   29.78     2      2.00e+01 2.50e-03 2.96e+00
  dihedral pdb=" C   TRP A   1 "
           pdb=" N   TRP A   1 "
           pdb=" CA  TRP A   1 "
           pdb=" CB  TRP A   1 "
      ideal   model   delta  harmonic     sigma   weight residual
    -122.60 -125.05    2.45     0      2.50e+00 1.60e-01 9.60e-01
  dihedral pdb=" CA  TRP A   1 "
           pdb=" C   TRP A   1 "
           pdb=" N   GLY A   2 "
           pdb=" CA  GLY A   2 "
      ideal   model   delta  harmonic     sigma   weight residual
     180.00  175.66    4.34     0      5.00e+00 4.00e-02 7.53e-01
  ... (remaining 10 not shown)

  Histogram of chiral volume deviations from ideal:
       0.041 -    0.041: 1
       0.041 -    0.041: 0
       0.041 -    0.041: 0
       0.041 -    0.041: 0
       0.041 -    0.041: 0
  Chirality restraints: 1
  Sorted by residual:
  chirality pdb=" CA  TRP A   1 "
            pdb=" C   TRP A   1 "
            pdb=" N   TRP A   1 "
            pdb=" CB  TRP A   1 "
    both_signs  ideal   model   delta    sigma   weight residual
      False     -2.51   -2.47   -0.04 2.00e-01 2.50e+01 4.13e-02

  Planarity restraints: 4
  Sorted by residual:
                                 delta    sigma   weight rms_deltas residual
  plane pdb=" CB  TRP A   1 "    0.016 2.00e-02 2.50e+03   1.21e-02 5.85e+00
        pdb=" CG  TRP A   1 "   -0.005 2.00e-02 2.50e+03
        pdb=" CD1 TRP A   1 "   -0.013 2.00e-02 2.50e+03
        pdb=" HD1 TRP A   1 "   -0.007 2.00e-02 2.50e+03
        pdb=" NE1 TRP A   1 "    0.008 2.00e-02 2.50e+03
        pdb=" HE1 TRP A   1 "    0.008 2.00e-02 2.50e+03
        pdb=" CE2 TRP A   1 "   -0.006 2.00e-02 2.50e+03
        pdb=" CZ2 TRP A   1 "   -0.001 2.00e-02 2.50e+03
        pdb=" HZ2 TRP A   1 "    0.008 2.00e-02 2.50e+03
        pdb=" CH2 TRP A   1 "    0.006 2.00e-02 2.50e+03
        pdb=" HH2 TRP A   1 "   -0.000 2.00e-02 2.50e+03
        pdb=" CZ3 TRP A   1 "    0.013 2.00e-02 2.50e+03
        pdb=" HZ3 TRP A   1 "   -0.018 2.00e-02 2.50e+03
        pdb=" CE3 TRP A   1 "   -0.022 2.00e-02 2.50e+03
        pdb=" HE3 TRP A   1 "    0.022 2.00e-02 2.50e+03
        pdb=" CD2 TRP A   1 "   -0.010 2.00e-02 2.50e+03
                                 delta    sigma   weight rms_deltas residual
  plane pdb=" C   TRP A   1 "    0.032 2.00e-02 2.50e+03   1.87e-02 3.48e+00
        pdb=" O   TRP A   1 "   -0.012 2.00e-02 2.50e+03
        pdb=" CA  TRP A   1 "   -0.009 2.00e-02 2.50e+03
        pdb=" N   GLY A   2 "   -0.011 2.00e-02 2.50e+03
                                 delta    sigma   weight rms_deltas residual
  plane pdb=" C   TRP A   1 "    0.005 2.00e-02 2.50e+03   9.49e-03 9.01e-01
        pdb=" CA  GLY A   2 "    0.004 2.00e-02 2.50e+03
        pdb=" N   GLY A   2 "   -0.016 2.00e-02 2.50e+03
        pdb=" H   GLY A   2 "    0.007 2.00e-02 2.50e+03
  ... (remaining 1 not shown)

  Histogram of nonbonded interaction distances:
        2.14 -     2.69: 26
        2.69 -     3.24: 50
        3.24 -     3.79: 45
        3.79 -     4.34: 45
        4.34 -     4.89: 56
  Nonbonded interactions: 222
  Sorted by model distance:
  nonbonded pdb=" HD1 TRP A   1 "
            pdb=" H   GLY A   2 "
     model   vdw
     2.141 2.100
  nonbonded pdb=" HH2 TRP A   1 "
            pdb=" HZ3 TRP A   1 "
     model   vdw
     2.222 1.680
  nonbonded pdb=" H1  TRP A   1 "
            pdb=" HB1 TRP A   1 "
     model   vdw
     2.243 2.270
  nonbonded pdb=" O   GLY A   2 "
            pdb=" HXT GLY A   2 "
     model   vdw
     2.265 2.056
  nonbonded pdb=" HA  TRP A   1 "
            pdb=" HB2 TRP A   1 "
     model   vdw
     2.265 1.952
  ... (remaining 217 not shown)

  NOTE: a complete listing of the restraints can be obtained by requesting
        output of .geo file.

                   ----------xray_structure summary----------                  

Number of scattering types: 4
  Type Number    sf(0)   Gaussians
   O       3      7.97       2
   N       3      6.97       2
   C      13      5.97       2
   H      15      1.00       2
  sf(0) = scattering factor at diffraction angle 0.
Number of scatterers: 34
At special positions: 0
Unit cell: (13.922, 12.016, 11.088, 90, 90, 90)
Space group: P 1 (No. 1)

End of input processing
r_work=0.6549 r_free=0.6870
params.data_weight: 0.0
params.restraints: cctbx
rmsd(b), start:  0.0877
mc:   0 R: 0.6578 rmsd(b):  0.0028 restraint_scale:  1.0 min_steps: 54
mc:   1 R: 0.6506 rmsd(b):  0.0012 restraint_scale:  1.0 min_steps: 52
mc:   2 R: 0.6507 rmsd(b):  0.0017 restraint_scale:  1.0 min_steps: 54
mc:   3 R: 0.6492 rmsd(b):  0.0010 restraint_scale:  1.0 min_steps: 56
mc:   4 R: 0.6491 rmsd(b):  0.0015 restraint_scale:  1.0 min_steps: 56
mc:   5 R: 0.6479 rmsd(b):  0.0013 restraint_scale:  1.0 min_steps: 54
mc:   6 R: 0.6480 rmsd(b):  0.0015 restraint_scale:  1.0 min_steps: 55
mc:   7 R: 0.6449 rmsd(b):  0.0013 restraint_scale:  1.0 min_steps: 54
mc:   8 R: 0.6453 rmsd(b):  0.0016 restraint_scale:  1.0 min_steps: 53
mc:   9 R: 0.6410 rmsd(b):  0.0016 restraint_scale:  1.0 min_steps: 52
mc:  10 R: 0.6406 rmsd(b):  0.0016 restraint_scale:  1.0 min_steps: 54
mc:  11 R: 0.6391 rmsd(b):  0.0017 restraint_scale:  1.0 min_steps: 54
mc:  12 R: 0.6392 rmsd(b):  0.0018 restraint_scale:  1.0 min_steps: 53
mc:  13 R: 0.6377 rmsd(b):  0.0017 restraint_scale:  1.0 min_steps: 54
mc:  14 R: 0.6377 rmsd(b):  0.0018 restraint_scale:  1.0 min_steps: 54
Convergence reached, stop now.
see the result structure:  ./p26/04_results/opt_cctbx/192_WG10-new/1.5/0.pdb
Time: 7.5044
