phenix.python
you are importing  adaptive calculator, and it does nothing. Please give it energy, force....... 

============================== Collecting inputs ==============================


                   ----------Processing X-ray data----------                   

F-obs:
  /scratch/m_zhen01/30993.lupus.uni-muenster.de/p26/02_mtz/192_WG10-new.mtz:F-obs
Miller array info: None
Observation type: xray.amplitude
Type of data: double, size=187
Type of sigmas: None
Number of Miller indices: 187
Anomalous flag: False
Unit cell: (13.922, 12.016, 11.088, 90, 90, 90)
Space group: P 1 (No. 1)
Systematic absences: 0
Centric reflections: 0
Resolution range: 3.91036 2.51701
Completeness in resolution range: 1
Completeness with d_max=infinity: 0.74502

Number of F-obs in resolution range:                   187
Number of F-obs<0 (these reflections will be rejected): 0
Number of F-obs=0 (these reflections will be used in refinement): 0
Refinement resolution range: d_max =   3.9104
                             d_min =   2.5170

R-free flags:
  /scratch/m_zhen01/30993.lupus.uni-muenster.de/p26/02_mtz/192_WG10-new.mtz:R-free-flags
Miller array info: /scratch/m_zhen01/30993.lupus.uni-muenster.de/p26/02_mtz/192_WG10-new.mtz:R-free-flags
Observation type: None
Type of data: int, size=187
Type of sigmas: None
Number of Miller indices: 187
Anomalous flag: False
Unit cell: (13.922, 12.016, 11.088, 90, 90, 90)
Space group: P 1 (No. 1)
Systematic absences: 0
Centric reflections: 0
Resolution range: 3.91036 2.51701
Completeness in resolution range: 1
Completeness with d_max=infinity: 0.74502
Wavelength: 1.0000

Test (R-free flags) flag value: 1

Number of work/free reflections by resolution:
                                  work free  %free
  bin  1: 3.9104 - 3.6062 [15/15]   15    0   0.0%
  bin  2: 3.6062 - 3.3789 [25/25]   25    0   0.0%
  bin  3: 3.3789 - 3.1999 [16/16]   16    0   0.0%
  bin  4: 3.1999 - 3.0536 [18/18]   10    8  44.4%
  bin  5: 3.0536 - 2.9309 [13/13]   11    2  15.4%
  bin  6: 2.9309 - 2.8258 [24/24]   24    0   0.0%
  bin  7: 2.8258 - 2.7343 [ 8/8 ]    8    0   0.0%
  bin  8: 2.7343 - 2.6537 [22/22]   20    2   9.1%
  bin  9: 2.6537 - 2.5817 [24/24]   24    0   0.0%
  bin 10: 2.5817 - 2.5170 [22/22]   22    0   0.0%
                          overall  175   12   6.4%

                   ----------Processing PDB file(s)----------                  

  Monomer Library directory:
    "/tmp1/m_zhen01/phenix-installer-1.10.1-2155-intel-linux-2.6-x86_64-centos5/phenix-1.10.1-2155/modules/chem_data/mon_lib"
  Total number of atoms: 34
  Number of models: 1
  Model: ""
    Number of chains: 1
    Chain: "A"
      Number of atoms: 34
      Number of conformers: 1
      Conformer: ""
        Number of residues, atoms: 2, 34
          Classifications: {'peptide': 2}
          Modifications used: {'NH2NOTPRO': 1, 'COOH': 1}
          Link IDs: {'TRANS': 1}
  Time building chain proxies: 0.07, per 1000 atoms: 2.06
  Number of scatterers: 34
  At special positions: 0
  Unit cell: (13.922, 12.016, 11.088, 90, 90, 90)
  Space group: P 1 (No. 1)
  Number of sites at special positions: 0
  Number of scattering types: 4
    Type Number    sf(0)
     O       3      8.00
     N       3      7.00
     C      13      6.00
     H      15      1.00
    sf(0) = scattering factor at diffraction angle 0.

  Number of disulfides: simple=0, symmetry=0

  Automatic linking
    Parameters for automatic linking
      Linking & cutoffs
        Metal                : False - 3.50
        Amimo acid           : False - 1.90
        Carbohydrate         : True  - 1.99
        Ligands              : True  - 1.99
        Amino acid - RNA/DNA : False
      
  Number of custom bonds: simple=0, symmetry=0
  Time building additional restraints: 0.02
  Conformation dependent library (CDL) restraints added in 427.0 microseconds
  
  Adding C-beta torsion restraints...
  Number of C-beta restraints generated:  2
  Time building geometry restraints manager: 0.03 seconds

  NOTE: a complete listing of the restraints can be obtained by requesting
        output of .geo file.

  Histogram of bond lengths:
        0.87 -     1.01: 15
        1.01 -     1.15: 1
        1.15 -     1.30: 1
        1.30 -     1.44: 12
        1.44 -     1.58: 6
  Bond restraints: 35
  Sorted by residual:
  bond pdb=" C   TRP A   1 "
       pdb=" CA  TRP A   1 "
    ideal  model  delta    sigma   weight residual
    1.525  1.581 -0.056 2.10e-02 2.27e+03 7.07e+00
  bond pdb=" N   GLY A   2 "
       pdb=" H   GLY A   2 "
    ideal  model  delta    sigma   weight residual
    0.860  0.912 -0.052 2.00e-02 2.50e+03 6.83e+00
  bond pdb=" O   GLY A   2 "
       pdb=" C   GLY A   2 "
    ideal  model  delta    sigma   weight residual
    1.185  1.140  0.045 2.00e-02 2.50e+03 5.05e+00
  bond pdb=" N   TRP A   1 "
       pdb=" H1  TRP A   1 "
    ideal  model  delta    sigma   weight residual
    0.960  0.918  0.042 2.00e-02 2.50e+03 4.47e+00
  bond pdb=" CA  TRP A   1 "
       pdb=" CB  TRP A   1 "
    ideal  model  delta    sigma   weight residual
    1.530  1.566 -0.036 2.00e-02 2.50e+03 3.21e+00
  ... (remaining 30 not shown)

  Histogram of bond angle deviations from ideal:
      102.90 -   109.10: 14
      109.10 -   115.29: 13
      115.29 -   121.48: 17
      121.48 -   127.67: 11
      127.67 -   133.86: 2
  Bond angle restraints: 57
  Sorted by residual:
  angle pdb=" O   TRP A   1 "
        pdb=" C   TRP A   1 "
        pdb=" N   GLY A   2 "
      ideal   model   delta    sigma   weight residual
     123.00  120.05    2.95 1.60e+00 3.91e-01 3.41e+00
  angle pdb=" C   GLY A   2 "
        pdb=" OXT GLY A   2 "
        pdb=" HXT GLY A   2 "
      ideal   model   delta    sigma   weight residual
     108.00  102.90    5.10 3.00e+00 1.11e-01 2.88e+00
  angle pdb=" CG  TRP A   1 "
        pdb=" CD1 TRP A   1 "
        pdb=" NE1 TRP A   1 "
      ideal   model   delta    sigma   weight residual
     110.20  108.02    2.18 1.30e+00 5.92e-01 2.81e+00
  angle pdb=" N   TRP A   1 "
        pdb=" CA  TRP A   1 "
        pdb=" CB  TRP A   1 "
      ideal   model   delta    sigma   weight residual
     110.50  107.76    2.74 1.70e+00 3.46e-01 2.59e+00
  angle pdb=" CA  TRP A   1 "
        pdb=" C   TRP A   1 "
        pdb=" N   GLY A   2 "
      ideal   model   delta    sigma   weight residual
     116.20  118.90   -2.70 2.00e+00 2.50e-01 1.82e+00
  ... (remaining 52 not shown)

  Histogram of dihedral angle deviations from ideal:
        0.11 -    17.75: 11
       17.75 -    35.38: 1
       35.38 -    53.01: 0
       53.01 -    70.64: 0
       70.64 -    88.27: 1
  Dihedral angle restraints: 13
    sinusoidal: 3
      harmonic: 10
  Sorted by residual:
  dihedral pdb=" OXT GLY A   2 "
           pdb=" C   GLY A   2 "
           pdb=" CA  GLY A   2 "
           pdb=" N   GLY A   2 "
      ideal   model   delta sinusoidal    sigma   weight residual
     160.00   71.73   88.27     2      3.00e+01 1.11e-03 5.33e+00
  dihedral pdb=" N   TRP A   1 "
           pdb=" CA  TRP A   1 "
           pdb=" CB  TRP A   1 "
           pdb=" CG  TRP A   1 "
      ideal   model   delta sinusoidal    sigma   weight residual
      60.00   34.92   25.08     3      1.50e+01 4.44e-03 3.53e+00
  dihedral pdb=" HZ2 TRP A   1 "
           pdb=" CE2 TRP A   1 "
           pdb=" CZ2 TRP A   1 "
           pdb=" CD2 TRP A   1 "
      ideal   model   delta  harmonic     sigma   weight residual
    -180.00 -175.14   -4.86     0      5.00e+00 4.00e-02 9.47e-01
  ... (remaining 10 not shown)

  Histogram of chiral volume deviations from ideal:
       0.132 -    0.132: 1
       0.132 -    0.132: 0
       0.132 -    0.132: 0
       0.132 -    0.132: 0
       0.132 -    0.132: 0
  Chirality restraints: 1
  Sorted by residual:
  chirality pdb=" CA  TRP A   1 "
            pdb=" C   TRP A   1 "
            pdb=" N   TRP A   1 "
            pdb=" CB  TRP A   1 "
    both_signs  ideal   model   delta    sigma   weight residual
      False     -2.51   -2.64    0.13 2.00e-01 2.50e+01 4.35e-01

  Planarity restraints: 4
  Sorted by residual:
                                 delta    sigma   weight rms_deltas residual
  plane pdb=" CB  TRP A   1 "   -0.004 2.00e-02 2.50e+03   1.30e-02 6.78e+00
        pdb=" CG  TRP A   1 "   -0.008 2.00e-02 2.50e+03
        pdb=" CD1 TRP A   1 "   -0.013 2.00e-02 2.50e+03
        pdb=" HD1 TRP A   1 "    0.008 2.00e-02 2.50e+03
        pdb=" NE1 TRP A   1 "   -0.005 2.00e-02 2.50e+03
        pdb=" HE1 TRP A   1 "    0.011 2.00e-02 2.50e+03
        pdb=" CE2 TRP A   1 "    0.021 2.00e-02 2.50e+03
        pdb=" CZ2 TRP A   1 "    0.021 2.00e-02 2.50e+03
        pdb=" HZ2 TRP A   1 "   -0.028 2.00e-02 2.50e+03
        pdb=" CH2 TRP A   1 "    0.010 2.00e-02 2.50e+03
        pdb=" HH2 TRP A   1 "   -0.015 2.00e-02 2.50e+03
        pdb=" CZ3 TRP A   1 "   -0.004 2.00e-02 2.50e+03
        pdb=" HZ3 TRP A   1 "    0.006 2.00e-02 2.50e+03
        pdb=" CE3 TRP A   1 "    0.013 2.00e-02 2.50e+03
        pdb=" HE3 TRP A   1 "   -0.006 2.00e-02 2.50e+03
        pdb=" CD2 TRP A   1 "   -0.007 2.00e-02 2.50e+03
                                 delta    sigma   weight rms_deltas residual
  plane pdb=" O   GLY A   2 "    0.006 2.00e-02 2.50e+03   1.35e-02 2.27e+00
        pdb=" C   GLY A   2 "   -0.025 2.00e-02 2.50e+03
        pdb=" OXT GLY A   2 "   -0.002 2.00e-02 2.50e+03
        pdb=" HXT GLY A   2 "    0.010 2.00e-02 2.50e+03
        pdb=" CA  GLY A   2 "    0.011 2.00e-02 2.50e+03
                                 delta    sigma   weight rms_deltas residual
  plane pdb=" C   TRP A   1 "    0.017 2.00e-02 2.50e+03   9.72e-03 9.44e-01
        pdb=" O   TRP A   1 "   -0.006 2.00e-02 2.50e+03
        pdb=" CA  TRP A   1 "   -0.005 2.00e-02 2.50e+03
        pdb=" N   GLY A   2 "   -0.006 2.00e-02 2.50e+03
  ... (remaining 1 not shown)

  Histogram of nonbonded interaction distances:
        2.12 -     2.67: 19
        2.67 -     3.23: 55
        3.23 -     3.79: 50
        3.79 -     4.34: 52
        4.34 -     4.90: 72
  Nonbonded interactions: 248
  Sorted by model distance:
  nonbonded pdb=" O   TRP A   1 "
            pdb=" HE3 TRP A   1 "
     model   vdw
     2.119 2.570
  nonbonded pdb=" HA1 GLY A   2 "
            pdb=" H   GLY A   2 "
     model   vdw
     2.174 1.816
  nonbonded pdb=" O   GLY A   2 "
            pdb=" HXT GLY A   2 "
     model   vdw
     2.225 2.056
  nonbonded pdb=" HA  TRP A   1 "
            pdb=" HB1 TRP A   1 "
     model   vdw
     2.228 1.952
  nonbonded pdb=" HZ3 TRP A   1 "
            pdb=" HE3 TRP A   1 "
     model   vdw
     2.273 1.680
  ... (remaining 243 not shown)

  NOTE: a complete listing of the restraints can be obtained by requesting
        output of .geo file.

                   ----------xray_structure summary----------                  

Number of scattering types: 4
  Type Number    sf(0)   Gaussians
   O       3      7.97       2
   N       3      6.97       2
   C      13      5.97       2
   H      15      1.00       2
  sf(0) = scattering factor at diffraction angle 0.
Number of scatterers: 34
At special positions: 0
Unit cell: (13.922, 12.016, 11.088, 90, 90, 90)
Space group: P 1 (No. 1)

End of input processing
r_work=0.6227 r_free=0.4517
params.data_weight: 0.0
params.restraints: cctbx
rmsd(b), start:  0.0786
mc:   0 R: 0.6198 rmsd(b):  0.0018 restraint_scale:  1.0 min_steps: 54
mc:   1 R: 0.6183 rmsd(b):  0.0008 restraint_scale:  1.0 min_steps: 55
mc:   2 R: 0.6210 rmsd(b):  0.0023 restraint_scale:  1.0 min_steps: 54
mc:   3 R: 0.6209 rmsd(b):  0.0010 restraint_scale:  1.0 min_steps: 54
mc:   4 R: 0.6162 rmsd(b):  0.0016 restraint_scale:  1.0 min_steps: 55
mc:   5 R: 0.6110 rmsd(b):  0.0008 restraint_scale:  1.0 min_steps: 55
mc:   6 R: 0.6010 rmsd(b):  0.0010 restraint_scale:  1.0 min_steps: 54
mc:   7 R: 0.5885 rmsd(b):  0.0006 restraint_scale:  1.0 min_steps: 52
mc:   8 R: 0.5854 rmsd(b):  0.0008 restraint_scale:  1.0 min_steps: 54
mc:   9 R: 0.5752 rmsd(b):  0.0009 restraint_scale:  1.0 min_steps: 53
mc:  10 R: 0.5689 rmsd(b):  0.0007 restraint_scale:  1.0 min_steps: 52
mc:  11 R: 0.5644 rmsd(b):  0.0009 restraint_scale:  1.0 min_steps: 53
mc:  12 R: 0.5586 rmsd(b):  0.0007 restraint_scale:  1.0 min_steps: 53
mc:  13 R: 0.5548 rmsd(b):  0.0007 restraint_scale:  1.0 min_steps: 57
mc:  14 R: 0.5491 rmsd(b):  0.0006 restraint_scale:  1.0 min_steps: 56
mc:  15 R: 0.5458 rmsd(b):  0.0006 restraint_scale:  1.0 min_steps: 56
mc:  16 R: 0.5407 rmsd(b):  0.0006 restraint_scale:  1.0 min_steps: 53
mc:  17 R: 0.5355 rmsd(b):  0.0006 restraint_scale:  1.0 min_steps: 54
mc:  18 R: 0.5328 rmsd(b):  0.0005 restraint_scale:  1.0 min_steps: 55
mc:  19 R: 0.5215 rmsd(b):  0.0005 restraint_scale:  1.0 min_steps: 53
mc:  20 R: 0.5195 rmsd(b):  0.0004 restraint_scale:  1.0 min_steps: 56
mc:  21 R: 0.5160 rmsd(b):  0.0004 restraint_scale:  1.0 min_steps: 55
mc:  22 R: 0.5143 rmsd(b):  0.0004 restraint_scale:  1.0 min_steps: 53
mc:  23 R: 0.5122 rmsd(b):  0.0004 restraint_scale:  1.0 min_steps: 54
mc:  24 R: 0.5106 rmsd(b):  0.0004 restraint_scale:  1.0 min_steps: 54
mc:  25 R: 0.5095 rmsd(b):  0.0004 restraint_scale:  1.0 min_steps: 55
mc:  26 R: 0.5067 rmsd(b):  0.0004 restraint_scale:  1.0 min_steps: 57
mc:  27 R: 0.5063 rmsd(b):  0.0004 restraint_scale:  1.0 min_steps: 55
Convergence reached, stop now.
see the result structure:  ./p26/04_results/opt_cctbx/192_WG10-new/1.5/6.pdb
Time: 10.3167
