phenix.python
you are importing  adaptive calculator, and it does nothing. Please give it energy, force....... 

============================== Collecting inputs ==============================


                   ----------Processing X-ray data----------                   

F-obs:
  /scratch/m_zhen01/30993.lupus.uni-muenster.de/p26/02_mtz/212_WGG14-new.mtz:F-obs
Miller array info: None
Observation type: xray.amplitude
Type of data: double, size=201
Type of sigmas: None
Number of Miller indices: 201
Anomalous flag: False
Unit cell: (12.294, 13.908, 11.688, 90, 90, 90)
Space group: P 1 (No. 1)
Systematic absences: 0
Centric reflections: 0
Resolution range: 3.93091 2.50228
Completeness in resolution range: 1
Completeness with d_max=infinity: 0.747212

Number of F-obs in resolution range:                   201
Number of F-obs<0 (these reflections will be rejected): 0
Number of F-obs=0 (these reflections will be used in refinement): 0
Refinement resolution range: d_max =   3.9309
                             d_min =   2.5023

R-free flags:
  /scratch/m_zhen01/30993.lupus.uni-muenster.de/p26/02_mtz/212_WGG14-new.mtz:R-free-flags
Miller array info: /scratch/m_zhen01/30993.lupus.uni-muenster.de/p26/02_mtz/212_WGG14-new.mtz:R-free-flags
Observation type: None
Type of data: int, size=201
Type of sigmas: None
Number of Miller indices: 201
Anomalous flag: False
Unit cell: (12.294, 13.908, 11.688, 90, 90, 90)
Space group: P 1 (No. 1)
Systematic absences: 0
Centric reflections: 0
Resolution range: 3.93091 2.50228
Completeness in resolution range: 1
Completeness with d_max=infinity: 0.747212
Wavelength: 1.0000

Test (R-free flags) flag value: 1

Number of work/free reflections by resolution:
                                  work free  %free
  bin  1: 3.9309 - 3.6132 [21/21]   20    1   4.8%
  bin  2: 3.6132 - 3.3783 [21/21]   21    0   0.0%
  bin  3: 3.3783 - 3.1946 [24/24]   20    4  16.7%
  bin  4: 3.1946 - 3.0453 [ 7/7 ]    7    0   0.0%
  bin  5: 3.0453 - 2.9205 [27/27]   27    0   0.0%
  bin  6: 2.9205 - 2.8139 [18/18]   16    2  11.1%
  bin  7: 2.8139 - 2.7214 [15/15]   15    0   0.0%
  bin  8: 2.7214 - 2.6399 [30/30]   30    0   0.0%
  bin  9: 2.6399 - 2.5674 [20/20]   20    0   0.0%
  bin 10: 2.5674 - 2.5023 [18/18]   18    0   0.0%
                          overall  194    7   3.5%

                   ----------Processing PDB file(s)----------                  

  Monomer Library directory:
    "/tmp1/m_zhen01/phenix-installer-1.10.1-2155-intel-linux-2.6-x86_64-centos5/phenix-1.10.1-2155/modules/chem_data/mon_lib"
  Total number of atoms: 41
  Number of models: 1
  Model: ""
    Number of chains: 1
    Chain: "A"
      Number of atoms: 41
      Number of conformers: 1
      Conformer: ""
        Number of residues, atoms: 3, 41
          Classifications: {'peptide': 3}
          Modifications used: {'NH2NOTPRO': 1, 'COOH': 1}
          Link IDs: {'TRANS': 2}
  Time building chain proxies: 0.07, per 1000 atoms: 1.71
  Number of scatterers: 41
  At special positions: 0
  Unit cell: (12.294, 13.908, 11.688, 90, 90, 90)
  Space group: P 1 (No. 1)
  Number of sites at special positions: 0
  Number of scattering types: 4
    Type Number    sf(0)
     O       4      8.00
     N       4      7.00
     C      15      6.00
     H      18      1.00
    sf(0) = scattering factor at diffraction angle 0.

  Number of disulfides: simple=0, symmetry=0

  Automatic linking
    Parameters for automatic linking
      Linking & cutoffs
        Metal                : False - 3.50
        Amimo acid           : False - 1.90
        Carbohydrate         : True  - 1.99
        Ligands              : True  - 1.99
        Amino acid - RNA/DNA : False
      
  Number of custom bonds: simple=0, symmetry=0
  Time building additional restraints: 0.02
  Conformation dependent library (CDL) restraints added in 2.4 milliseconds
  
  Adding C-beta torsion restraints...
  Number of C-beta restraints generated:  2
  Time building geometry restraints manager: 0.03 seconds

  NOTE: a complete listing of the restraints can be obtained by requesting
        output of .geo file.

  Histogram of bond lengths:
        0.86 -     1.00: 17
        1.00 -     1.14: 1
        1.14 -     1.29: 3
        1.29 -     1.43: 13
        1.43 -     1.58: 8
  Bond restraints: 42
  Sorted by residual:
  bond pdb=" C   TRP A   1 "
       pdb=" CA  TRP A   1 "
    ideal  model  delta    sigma   weight residual
    1.525  1.575 -0.050 2.10e-02 2.27e+03 5.75e+00
  bond pdb=" C   TRP A   1 "
       pdb=" N   GLY A   2 "
    ideal  model  delta    sigma   weight residual
    1.331  1.362 -0.031 1.46e-02 4.69e+03 4.64e+00
  bond pdb=" CB  TRP A   1 "
       pdb=" HB1 TRP A   1 "
    ideal  model  delta    sigma   weight residual
    0.970  1.011 -0.041 2.00e-02 2.50e+03 4.30e+00
  bond pdb=" N   GLY A   2 "
       pdb=" H   GLY A   2 "
    ideal  model  delta    sigma   weight residual
    0.860  0.891 -0.031 2.00e-02 2.50e+03 2.40e+00
  bond pdb=" N   TRP A   1 "
       pdb=" H1  TRP A   1 "
    ideal  model  delta    sigma   weight residual
    0.960  0.990 -0.030 2.00e-02 2.50e+03 2.28e+00
  ... (remaining 37 not shown)

  Histogram of bond angle deviations from ideal:
      104.04 -   110.18: 23
      110.18 -   116.33: 11
      116.33 -   122.47: 21
      122.47 -   128.61: 12
      128.61 -   134.76: 2
  Bond angle restraints: 69
  Sorted by residual:
  angle pdb=" HA1 GLY A   2 "
        pdb=" CA  GLY A   2 "
        pdb=" N   GLY A   2 "
      ideal   model   delta    sigma   weight residual
     110.00  104.62    5.38 3.00e+00 1.11e-01 3.22e+00
  angle pdb=" CA  TRP A   1 "
        pdb=" CB  TRP A   1 "
        pdb=" HB2 TRP A   1 "
      ideal   model   delta    sigma   weight residual
     109.00  104.04    4.96 3.00e+00 1.11e-01 2.73e+00
  angle pdb=" C   GLY A   2 "
        pdb=" CA  GLY A   2 "
        pdb=" N   GLY A   2 "
      ideal   model   delta    sigma   weight residual
     113.18  117.00   -3.82 2.37e+00 1.78e-01 2.60e+00
  angle pdb=" C   TRP A   1 "
        pdb=" N   GLY A   2 "
        pdb=" H   GLY A   2 "
      ideal   model   delta    sigma   weight residual
     124.30  128.55   -4.25 3.00e+00 1.11e-01 2.01e+00
  angle pdb=" N   TRP A   1 "
        pdb=" CA  TRP A   1 "
        pdb=" CB  TRP A   1 "
      ideal   model   delta    sigma   weight residual
     110.50  108.14    2.36 1.70e+00 3.46e-01 1.93e+00
  ... (remaining 64 not shown)

  Histogram of dihedral angle deviations from ideal:
        0.87 -    35.94: 12
       35.94 -    71.02: 1
       71.02 -   106.09: 0
      106.09 -   141.16: 0
      141.16 -   176.24: 1
  Dihedral angle restraints: 14
    sinusoidal: 3
      harmonic: 11
  Sorted by residual:
  dihedral pdb=" O   GLY A   3 "
           pdb=" C   GLY A   3 "
           pdb=" OXT GLY A   3 "
           pdb=" HXT GLY A   3 "
      ideal   model   delta  harmonic     sigma   weight residual
       0.00  176.24 -176.24     0      3.00e+01 1.11e-03 3.45e+01
  dihedral pdb=" OXT GLY A   3 "
           pdb=" C   GLY A   3 "
           pdb=" CA  GLY A   3 "
           pdb=" N   GLY A   3 "
      ideal   model   delta sinusoidal    sigma   weight residual
     160.00 -149.50  -50.50     2      3.00e+01 1.11e-03 3.18e+00
  dihedral pdb=" N   TRP A   1 "
           pdb=" C   TRP A   1 "
           pdb=" CA  TRP A   1 "
           pdb=" CB  TRP A   1 "
      ideal   model   delta  harmonic     sigma   weight residual
     122.80  119.22    3.58     0      2.50e+00 1.60e-01 2.05e+00
  ... (remaining 11 not shown)

  Histogram of chiral volume deviations from ideal:
       0.232 -    0.232: 1
       0.232 -    0.232: 0
       0.232 -    0.232: 0
       0.232 -    0.232: 0
       0.232 -    0.232: 0
  Chirality restraints: 1
  Sorted by residual:
  chirality pdb=" CA  TRP A   1 "
            pdb=" C   TRP A   1 "
            pdb=" N   TRP A   1 "
            pdb=" CB  TRP A   1 "
    both_signs  ideal   model   delta    sigma   weight residual
      False     -2.51   -2.74    0.23 2.00e-01 2.50e+01 1.34e+00

  Planarity restraints: 6
  Sorted by residual:
                                 delta    sigma   weight rms_deltas residual
  plane pdb=" CB  TRP A   1 "   -0.029 2.00e-02 2.50e+03   1.89e-02 1.43e+01
        pdb=" CG  TRP A   1 "    0.008 2.00e-02 2.50e+03
        pdb=" CD1 TRP A   1 "    0.025 2.00e-02 2.50e+03
        pdb=" HD1 TRP A   1 "   -0.028 2.00e-02 2.50e+03
        pdb=" NE1 TRP A   1 "    0.018 2.00e-02 2.50e+03
        pdb=" HE1 TRP A   1 "    0.003 2.00e-02 2.50e+03
        pdb=" CE2 TRP A   1 "    0.020 2.00e-02 2.50e+03
        pdb=" CZ2 TRP A   1 "    0.001 2.00e-02 2.50e+03
        pdb=" HZ2 TRP A   1 "   -0.001 2.00e-02 2.50e+03
        pdb=" CH2 TRP A   1 "   -0.023 2.00e-02 2.50e+03
        pdb=" HH2 TRP A   1 "   -0.027 2.00e-02 2.50e+03
        pdb=" CZ3 TRP A   1 "   -0.013 2.00e-02 2.50e+03
        pdb=" HZ3 TRP A   1 "    0.032 2.00e-02 2.50e+03
        pdb=" CE3 TRP A   1 "    0.012 2.00e-02 2.50e+03
        pdb=" HE3 TRP A   1 "    0.006 2.00e-02 2.50e+03
        pdb=" CD2 TRP A   1 "   -0.005 2.00e-02 2.50e+03
                                 delta    sigma   weight rms_deltas residual
  plane pdb=" O   GLY A   3 "   -0.013 2.00e-02 2.50e+03   1.53e-02 2.92e+00
        pdb=" C   GLY A   3 "    0.008 2.00e-02 2.50e+03
        pdb=" OXT GLY A   3 "    0.022 2.00e-02 2.50e+03
        pdb=" HXT GLY A   3 "   -0.021 2.00e-02 2.50e+03
        pdb=" CA  GLY A   3 "    0.004 2.00e-02 2.50e+03
                                 delta    sigma   weight rms_deltas residual
  plane pdb=" C   GLY A   2 "    0.022 2.00e-02 2.50e+03   1.30e-02 1.68e+00
        pdb=" O   GLY A   2 "   -0.008 2.00e-02 2.50e+03
        pdb=" CA  GLY A   2 "   -0.006 2.00e-02 2.50e+03
        pdb=" N   GLY A   3 "   -0.008 2.00e-02 2.50e+03
  ... (remaining 3 not shown)

  Histogram of nonbonded interaction distances:
        2.15 -     2.70: 40
        2.70 -     3.25: 59
        3.25 -     3.80: 49
        3.80 -     4.35: 58
        4.35 -     4.90: 103
  Nonbonded interactions: 309
  Sorted by model distance:
  nonbonded pdb=" H1  TRP A   1 "
            pdb=" H   GLY A   2 "
     model   vdw
     2.154 2.100
  nonbonded pdb=" HXT GLY A   3 "
            pdb=" HA2 GLY A   3 "
     model   vdw
     2.194 2.270
  nonbonded pdb=" HH2 TRP A   1 "
            pdb=" HZ3 TRP A   1 "
     model   vdw
     2.258 1.680
  nonbonded pdb=" HA  TRP A   1 "
            pdb=" HB1 TRP A   1 "
     model   vdw
     2.262 1.952
  nonbonded pdb=" HA  TRP A   1 "
            pdb=" HB2 TRP A   1 "
     model   vdw
     2.302 1.952
  ... (remaining 304 not shown)

  NOTE: a complete listing of the restraints can be obtained by requesting
        output of .geo file.

                   ----------xray_structure summary----------                  

Number of scattering types: 4
  Type Number    sf(0)   Gaussians
   O       4      7.97       2
   N       4      6.97       2
   C      15      5.97       2
   H      18      1.00       2
  sf(0) = scattering factor at diffraction angle 0.
Number of scatterers: 41
At special positions: 0
Unit cell: (12.294, 13.908, 11.688, 90, 90, 90)
Space group: P 1 (No. 1)

End of input processing
r_work=0.5351 r_free=0.3281
params.data_weight: 0.0
params.restraints: cctbx
rmsd(b), start:  0.0805
mc:   0 R: 0.5305 rmsd(b):  0.0009 restraint_scale:  1.0 min_steps: 53
mc:   1 R: 0.5281 rmsd(b):  0.0008 restraint_scale:  1.0 min_steps: 52
mc:   2 R: 0.5214 rmsd(b):  0.0008 restraint_scale:  1.0 min_steps: 54
mc:   3 R: 0.5157 rmsd(b):  0.0005 restraint_scale:  1.0 min_steps: 53
mc:   4 R: 0.5113 rmsd(b):  0.0005 restraint_scale:  1.0 min_steps: 55
mc:   5 R: 0.5094 rmsd(b):  0.0004 restraint_scale:  1.0 min_steps: 55
mc:   6 R: 0.5073 rmsd(b):  0.0005 restraint_scale:  1.0 min_steps: 55
mc:   7 R: 0.5087 rmsd(b):  0.0004 restraint_scale:  1.0 min_steps: 54
mc:   8 R: 0.5094 rmsd(b):  0.0005 restraint_scale:  1.0 min_steps: 54
mc:   9 R: 0.5098 rmsd(b):  0.0004 restraint_scale:  1.0 min_steps: 56
mc:  10 R: 0.5101 rmsd(b):  0.0005 restraint_scale:  1.0 min_steps: 57
mc:  11 R: 0.5102 rmsd(b):  0.0004 restraint_scale:  1.0 min_steps: 53
Convergence reached, stop now.
see the result structure:  ./p26/04_results/opt_cctbx/212_WGG14-new/1.2/3.pdb
Time: 7.2101
