phenix.python
you are importing  adaptive calculator, and it does nothing. Please give it energy, force....... 

============================== Collecting inputs ==============================


                   ----------Processing X-ray data----------                   

F-obs:
  /scratch/m_zhen01/30995.lupus.uni-muenster.de/p26/02_mtz/217_WGG09-new.mtz:F-obs
Miller array info: None
Observation type: xray.amplitude
Type of data: double, size=226
Type of sigmas: None
Number of Miller indices: 226
Anomalous flag: False
Unit cell: (13.892, 11.261, 14.204, 90, 90, 90)
Space group: P 1 (No. 1)
Systematic absences: 0
Centric reflections: 0
Resolution range: 3.91224 2.50738
Completeness in resolution range: 1
Completeness with d_max=infinity: 0.748344

Number of F-obs in resolution range:                   226
Number of F-obs<0 (these reflections will be rejected): 0
Number of F-obs=0 (these reflections will be used in refinement): 0
Refinement resolution range: d_max =   3.9122
                             d_min =   2.5074

R-free flags:
  /scratch/m_zhen01/30995.lupus.uni-muenster.de/p26/02_mtz/217_WGG09-new.mtz:R-free-flags
Miller array info: /scratch/m_zhen01/30995.lupus.uni-muenster.de/p26/02_mtz/217_WGG09-new.mtz:R-free-flags
Observation type: None
Type of data: int, size=226
Type of sigmas: None
Number of Miller indices: 226
Anomalous flag: False
Unit cell: (13.892, 11.261, 14.204, 90, 90, 90)
Space group: P 1 (No. 1)
Systematic absences: 0
Centric reflections: 0
Resolution range: 3.91224 2.50738
Completeness in resolution range: 1
Completeness with d_max=infinity: 0.748344
Wavelength: 1.0000

Test (R-free flags) flag value: 1

Number of work/free reflections by resolution:
                                  work free  %free
  bin  1: 3.9122 - 3.6033 [23/23]   15    8  34.8%
  bin  2: 3.6033 - 3.3735 [22/22]   22    0   0.0%
  bin  3: 3.3735 - 3.1929 [32/32]   32    0   0.0%
  bin  4: 3.1929 - 3.0457 [ 8/8 ]    8    0   0.0%
  bin  5: 3.0457 - 2.9224 [22/22]   18    4  18.2%
  bin  6: 2.9224 - 2.8168 [21/21]   21    0   0.0%
  bin  7: 2.8168 - 2.7251 [26/26]   26    0   0.0%
  bin  8: 2.7251 - 2.6442 [26/26]   26    0   0.0%
  bin  9: 2.6442 - 2.5722 [10/10]   10    0   0.0%
  bin 10: 2.5722 - 2.5074 [36/36]   28    8  22.2%
                          overall  206   20   8.8%

                   ----------Processing PDB file(s)----------                  

  Monomer Library directory:
    "/tmp1/m_zhen01/phenix-installer-1.10.1-2155-intel-linux-2.6-x86_64-centos5/phenix-1.10.1-2155/modules/chem_data/mon_lib"
  Total number of atoms: 41
  Number of models: 1
  Model: ""
    Number of chains: 1
    Chain: "A"
      Number of atoms: 41
      Number of conformers: 1
      Conformer: ""
        Number of residues, atoms: 3, 41
          Classifications: {'peptide': 3}
          Modifications used: {'NH2NOTPRO': 1, 'COOH': 1}
          Link IDs: {'TRANS': 2}
  Time building chain proxies: 0.08, per 1000 atoms: 1.95
  Number of scatterers: 41
  At special positions: 0
  Unit cell: (13.892, 11.261, 14.204, 90, 90, 90)
  Space group: P 1 (No. 1)
  Number of sites at special positions: 0
  Number of scattering types: 4
    Type Number    sf(0)
     O       4      8.00
     N       4      7.00
     C      15      6.00
     H      18      1.00
    sf(0) = scattering factor at diffraction angle 0.

  Number of disulfides: simple=0, symmetry=0

  Automatic linking
    Parameters for automatic linking
      Linking & cutoffs
        Metal                : False - 3.50
        Amimo acid           : False - 1.90
        Carbohydrate         : True  - 1.99
        Ligands              : True  - 1.99
        Amino acid - RNA/DNA : False
      
  Number of custom bonds: simple=0, symmetry=0
  Time building additional restraints: 0.02
  Conformation dependent library (CDL) restraints added in 2.4 milliseconds
  
  Adding C-beta torsion restraints...
  Number of C-beta restraints generated:  2
  Time building geometry restraints manager: 0.03 seconds

  NOTE: a complete listing of the restraints can be obtained by requesting
        output of .geo file.

  Histogram of bond lengths:
        0.87 -     1.00: 16
        1.00 -     1.13: 2
        1.13 -     1.26: 3
        1.26 -     1.40: 9
        1.40 -     1.53: 12
  Bond restraints: 42
  Sorted by residual:
  bond pdb=" N   TRP A   1 "
       pdb=" H1  TRP A   1 "
    ideal  model  delta    sigma   weight residual
    0.960  0.905  0.055 2.00e-02 2.50e+03 7.46e+00
  bond pdb=" N   TRP A   1 "
       pdb=" H2  TRP A   1 "
    ideal  model  delta    sigma   weight residual
    0.960  0.914  0.046 2.00e-02 2.50e+03 5.26e+00
  bond pdb=" CB  TRP A   1 "
       pdb=" HB2 TRP A   1 "
    ideal  model  delta    sigma   weight residual
    0.970  1.009 -0.039 2.00e-02 2.50e+03 3.83e+00
  bond pdb=" CA  GLY A   2 "
       pdb=" HA1 GLY A   2 "
    ideal  model  delta    sigma   weight residual
    0.970  0.934  0.036 2.00e-02 2.50e+03 3.27e+00
  bond pdb=" CB  TRP A   1 "
       pdb=" HB1 TRP A   1 "
    ideal  model  delta    sigma   weight residual
    0.970  1.002 -0.032 2.00e-02 2.50e+03 2.60e+00
  ... (remaining 37 not shown)

  Histogram of bond angle deviations from ideal:
      104.36 -   110.30: 20
      110.30 -   116.24: 12
      116.24 -   122.18: 24
      122.18 -   128.12: 9
      128.12 -   134.06: 4
  Bond angle restraints: 69
  Sorted by residual:
  angle pdb=" H1  TRP A   1 "
        pdb=" N   TRP A   1 "
        pdb=" H2  TRP A   1 "
      ideal   model   delta    sigma   weight residual
     109.47  116.52   -7.05 3.00e+00 1.11e-01 5.52e+00
  angle pdb=" HA1 GLY A   3 "
        pdb=" CA  GLY A   3 "
        pdb=" N   GLY A   3 "
      ideal   model   delta    sigma   weight residual
     110.00  104.36    5.64 3.00e+00 1.11e-01 3.53e+00
  angle pdb=" C   TRP A   1 "
        pdb=" N   GLY A   2 "
        pdb=" CA  GLY A   2 "
      ideal   model   delta    sigma   weight residual
     121.41  124.93   -3.52 1.96e+00 2.60e-01 3.22e+00
  angle pdb=" C   GLY A   3 "
        pdb=" CA  GLY A   3 "
        pdb=" HA1 GLY A   3 "
      ideal   model   delta    sigma   weight residual
     109.00  113.87   -4.87 3.00e+00 1.11e-01 2.64e+00
  angle pdb=" CA  TRP A   1 "
        pdb=" CB  TRP A   1 "
        pdb=" HB2 TRP A   1 "
      ideal   model   delta    sigma   weight residual
     109.00  104.73    4.27 3.00e+00 1.11e-01 2.03e+00
  ... (remaining 64 not shown)

  Histogram of dihedral angle deviations from ideal:
        0.40 -    35.49: 13
       35.49 -    70.59: 0
       70.59 -   105.69: 0
      105.69 -   140.79: 0
      140.79 -   175.89: 1
  Dihedral angle restraints: 14
    sinusoidal: 3
      harmonic: 11
  Sorted by residual:
  dihedral pdb=" O   GLY A   3 "
           pdb=" C   GLY A   3 "
           pdb=" OXT GLY A   3 "
           pdb=" HXT GLY A   3 "
      ideal   model   delta  harmonic     sigma   weight residual
       0.00  175.89 -175.89     0      3.00e+01 1.11e-03 3.44e+01
  dihedral pdb=" N   TRP A   1 "
           pdb=" CA  TRP A   1 "
           pdb=" CB  TRP A   1 "
           pdb=" CG  TRP A   1 "
      ideal   model   delta sinusoidal    sigma   weight residual
    -180.00 -160.74  -19.26     3      1.50e+01 4.44e-03 2.21e+00
  dihedral pdb=" OXT GLY A   3 "
           pdb=" C   GLY A   3 "
           pdb=" CA  GLY A   3 "
           pdb=" N   GLY A   3 "
      ideal   model   delta sinusoidal    sigma   weight residual
     160.00 -171.43  -28.57     2      3.00e+01 1.11e-03 1.22e+00
  ... (remaining 11 not shown)

  Histogram of chiral volume deviations from ideal:
       0.013 -    0.013: 1
       0.013 -    0.013: 0
       0.013 -    0.013: 0
       0.013 -    0.013: 0
       0.013 -    0.013: 0
  Chirality restraints: 1
  Sorted by residual:
  chirality pdb=" CA  TRP A   1 "
            pdb=" C   TRP A   1 "
            pdb=" N   TRP A   1 "
            pdb=" CB  TRP A   1 "
    both_signs  ideal   model   delta    sigma   weight residual
      False     -2.51   -2.50   -0.01 2.00e-01 2.50e+01 4.25e-03

  Planarity restraints: 6
  Sorted by residual:
                                 delta    sigma   weight rms_deltas residual
  plane pdb=" CB  TRP A   1 "   -0.012 2.00e-02 2.50e+03   1.84e-02 1.35e+01
        pdb=" CG  TRP A   1 "    0.009 2.00e-02 2.50e+03
        pdb=" CD1 TRP A   1 "    0.003 2.00e-02 2.50e+03
        pdb=" HD1 TRP A   1 "    0.010 2.00e-02 2.50e+03
        pdb=" NE1 TRP A   1 "    0.021 2.00e-02 2.50e+03
        pdb=" HE1 TRP A   1 "   -0.034 2.00e-02 2.50e+03
        pdb=" CE2 TRP A   1 "    0.001 2.00e-02 2.50e+03
        pdb=" CZ2 TRP A   1 "    0.014 2.00e-02 2.50e+03
        pdb=" HZ2 TRP A   1 "    0.002 2.00e-02 2.50e+03
        pdb=" CH2 TRP A   1 "   -0.006 2.00e-02 2.50e+03
        pdb=" HH2 TRP A   1 "    0.024 2.00e-02 2.50e+03
        pdb=" CZ3 TRP A   1 "   -0.034 2.00e-02 2.50e+03
        pdb=" HZ3 TRP A   1 "   -0.011 2.00e-02 2.50e+03
        pdb=" CE3 TRP A   1 "    0.001 2.00e-02 2.50e+03
        pdb=" HE3 TRP A   1 "    0.032 2.00e-02 2.50e+03
        pdb=" CD2 TRP A   1 "   -0.018 2.00e-02 2.50e+03
                                 delta    sigma   weight rms_deltas residual
  plane pdb=" O   GLY A   3 "   -0.014 2.00e-02 2.50e+03   1.87e-02 4.37e+00
        pdb=" C   GLY A   3 "    0.003 2.00e-02 2.50e+03
        pdb=" OXT GLY A   3 "    0.029 2.00e-02 2.50e+03
        pdb=" HXT GLY A   3 "   -0.026 2.00e-02 2.50e+03
        pdb=" CA  GLY A   3 "    0.007 2.00e-02 2.50e+03
                                 delta    sigma   weight rms_deltas residual
  plane pdb=" C   GLY A   2 "   -0.001 2.00e-02 2.50e+03   2.71e-03 7.33e-02
        pdb=" CA  GLY A   3 "   -0.001 2.00e-02 2.50e+03
        pdb=" N   GLY A   3 "    0.005 2.00e-02 2.50e+03
        pdb=" H   GLY A   3 "   -0.002 2.00e-02 2.50e+03
  ... (remaining 3 not shown)

  Histogram of nonbonded interaction distances:
        2.01 -     2.59: 26
        2.59 -     3.16: 59
        3.16 -     3.74: 62
        3.74 -     4.32: 83
        4.32 -     4.90: 81
  Nonbonded interactions: 311
  Sorted by model distance:
  nonbonded pdb=" HA  TRP A   1 "
            pdb=" H2  TRP A   1 "
     model   vdw
     2.008 1.816
  nonbonded pdb=" C   TRP A   1 "
            pdb=" H2  TRP A   1 "
     model   vdw
     2.081 2.240
  nonbonded pdb=" HA2 GLY A   3 "
            pdb=" H   GLY A   3 "
     model   vdw
     2.103 1.816
  nonbonded pdb=" HA  TRP A   1 "
            pdb=" H1  TRP A   1 "
     model   vdw
     2.116 1.816
  nonbonded pdb=" HA2 GLY A   2 "
            pdb=" H   GLY A   2 "
     model   vdw
     2.180 1.816
  ... (remaining 306 not shown)

  NOTE: a complete listing of the restraints can be obtained by requesting
        output of .geo file.

                   ----------xray_structure summary----------                  

Number of scattering types: 4
  Type Number    sf(0)   Gaussians
   O       4      7.97       2
   N       4      6.97       2
   C      15      5.97       2
   H      18      1.00       2
  sf(0) = scattering factor at diffraction angle 0.
Number of scatterers: 41
At special positions: 0
Unit cell: (13.892, 11.261, 14.204, 90, 90, 90)
Space group: P 1 (No. 1)

End of input processing
r_work=0.5737 r_free=0.5090
params.data_weight: None
params.restraints: cctbx
rmsd(b), start:  0.0823
mc:   0 R: 0.1557 rmsd(b):  0.0545 restraint_scale:  2.0 min_steps: 38
mc:   1 R: 0.0387 rmsd(b):  0.0282 restraint_scale:  2.0 min_steps: 29
mc:   2 R: 0.0173 rmsd(b):  0.0342 restraint_scale:  4.0 min_steps: 17
mc:   3 R: 0.0136 rmsd(b):  0.0378 restraint_scale:  8.0 min_steps: 8
mc:   4 R: 0.0128 rmsd(b):  0.0349 restraint_scale: 16.0 min_steps: 8
Convergence reached, stop now.
see the result structure:  ./p26/04_results/refine_cctbx/217_WGG09-new/1.2/3.pdb
Time: 6.0113
