phenix.python
you are importing  adaptive calculator, and it does nothing. Please give it energy, force....... 

============================== Collecting inputs ==============================


                   ----------Processing X-ray data----------                   

F-obs:
  /scratch/m_zhen01/30994.lupus.uni-muenster.de/p26/02_mtz/221_GGF14-new.mtz:F-obs
Miller array info: None
Observation type: xray.amplitude
Type of data: double, size=187
Type of sigmas: None
Number of Miller indices: 187
Anomalous flag: False
Unit cell: (15.174, 11.899, 10.178, 90, 90, 90)
Space group: P 1 (No. 1)
Systematic absences: 0
Centric reflections: 0
Resolution range: 3.98257 2.50946
Completeness in resolution range: 1
Completeness with d_max=infinity: 0.766393

Number of F-obs in resolution range:                   187
Number of F-obs<0 (these reflections will be rejected): 0
Number of F-obs=0 (these reflections will be used in refinement): 0
Refinement resolution range: d_max =   3.9826
                             d_min =   2.5095

R-free flags:
  /scratch/m_zhen01/30994.lupus.uni-muenster.de/p26/02_mtz/221_GGF14-new.mtz:R-free-flags
Miller array info: /scratch/m_zhen01/30994.lupus.uni-muenster.de/p26/02_mtz/221_GGF14-new.mtz:R-free-flags
Observation type: None
Type of data: int, size=187
Type of sigmas: None
Number of Miller indices: 187
Anomalous flag: False
Unit cell: (15.174, 11.899, 10.178, 90, 90, 90)
Space group: P 1 (No. 1)
Systematic absences: 0
Centric reflections: 0
Resolution range: 3.98257 2.50946
Completeness in resolution range: 1
Completeness with d_max=infinity: 0.766393
Wavelength: 1.0000

Test (R-free flags) flag value: 1

Number of work/free reflections by resolution:
                                  work free  %free
  bin  1: 3.9826 - 3.6493 [18/18]   14    4  22.2%
  bin  2: 3.6493 - 3.4055 [28/28]   28    0   0.0%
  bin  3: 3.4055 - 3.2160 [ 9/9 ]    7    2  22.2%
  bin  4: 3.2160 - 3.0627 [20/20]   20    0   0.0%
  bin  5: 3.0627 - 2.9349 [24/24]   24    0   0.0%
  bin  6: 2.9349 - 2.8262 [14/14]   12    2  14.3%
  bin  7: 2.8262 - 2.7319 [22/22]   22    0   0.0%
  bin  8: 2.7319 - 2.6491 [14/14]   14    0   0.0%
  bin  9: 2.6491 - 2.5755 [12/12]    8    4  33.3%
  bin 10: 2.5755 - 2.5095 [26/26]   26    0   0.0%
                          overall  175   12   6.4%

                   ----------Processing PDB file(s)----------                  

  Monomer Library directory:
    "/tmp1/m_zhen01/phenix-installer-1.10.1-2155-intel-linux-2.6-x86_64-centos5/phenix-1.10.1-2155/modules/chem_data/mon_lib"
  Total number of atoms: 37
  Number of models: 1
  Model: ""
    Number of chains: 1
    Chain: "A"
      Number of atoms: 37
      Number of conformers: 1
      Conformer: ""
        Number of residues, atoms: 3, 37
          Classifications: {'peptide': 3}
          Modifications used: {'NH2NOTPRO': 1, 'COOH': 1}
          Link IDs: {'TRANS': 2}
  Time building chain proxies: 0.07, per 1000 atoms: 1.89
  Number of scatterers: 37
  At special positions: 0
  Unit cell: (15.174, 11.899, 10.178, 90, 90, 90)
  Space group: P 1 (No. 1)
  Number of sites at special positions: 0
  Number of scattering types: 4
    Type Number    sf(0)
     O       4      8.00
     N       3      7.00
     C      13      6.00
     H      17      1.00
    sf(0) = scattering factor at diffraction angle 0.

  Number of disulfides: simple=0, symmetry=0

  Automatic linking
    Parameters for automatic linking
      Linking & cutoffs
        Metal                : False - 3.50
        Amimo acid           : False - 1.90
        Carbohydrate         : True  - 1.99
        Ligands              : True  - 1.99
        Amino acid - RNA/DNA : False
      
  Number of custom bonds: simple=0, symmetry=0
  Time building additional restraints: 0.02
  Conformation dependent library (CDL) restraints added in 2.9 milliseconds
  
  Adding C-beta torsion restraints...
  Number of C-beta restraints generated:  2
  Time building geometry restraints manager: 0.03 seconds

  NOTE: a complete listing of the restraints can be obtained by requesting
        output of .geo file.

  Histogram of bond lengths:
        0.86 -     1.00: 17
        1.00 -     1.14: 0
        1.14 -     1.27: 3
        1.27 -     1.41: 8
        1.41 -     1.55: 9
  Bond restraints: 37
  Sorted by residual:
  bond pdb=" CZ  PHE A   3 "
       pdb=" HZ  PHE A   3 "
    ideal  model  delta    sigma   weight residual
    0.930  0.879  0.051 2.00e-02 2.50e+03 6.42e+00
  bond pdb=" CE1 PHE A   3 "
       pdb=" HE1 PHE A   3 "
    ideal  model  delta    sigma   weight residual
    0.930  0.880  0.050 2.00e-02 2.50e+03 6.19e+00
  bond pdb=" C   GLY A   1 "
       pdb=" N   GLY A   2 "
    ideal  model  delta    sigma   weight residual
    1.331  1.305  0.026 1.46e-02 4.69e+03 3.05e+00
  bond pdb=" N   GLY A   1 "
       pdb=" H2  GLY A   1 "
    ideal  model  delta    sigma   weight residual
    0.960  0.933  0.027 2.00e-02 2.50e+03 1.83e+00
  bond pdb=" N   PHE A   3 "
       pdb=" H   PHE A   3 "
    ideal  model  delta    sigma   weight residual
    0.860  0.887 -0.027 2.00e-02 2.50e+03 1.76e+00
  ... (remaining 32 not shown)

  Histogram of bond angle deviations from ideal:
      105.28 -   109.32: 11
      109.32 -   113.36: 15
      113.36 -   117.40: 7
      117.40 -   121.44: 18
      121.44 -   125.48: 9
  Bond angle restraints: 60
  Sorted by residual:
  angle pdb=" C   PHE A   3 "
        pdb=" CA  PHE A   3 "
        pdb=" CB  PHE A   3 "
      ideal   model   delta    sigma   weight residual
     110.10  113.37   -3.27 1.90e+00 2.77e-01 2.95e+00
  angle pdb=" HA2 GLY A   1 "
        pdb=" CA  GLY A   1 "
        pdb=" N   GLY A   1 "
      ideal   model   delta    sigma   weight residual
     110.00  105.28    4.72 3.00e+00 1.11e-01 2.47e+00
  angle pdb=" C   PHE A   3 "
        pdb=" CA  PHE A   3 "
        pdb=" N   PHE A   3 "
      ideal   model   delta    sigma   weight residual
     111.00  107.28    3.72 2.80e+00 1.28e-01 1.77e+00
  angle pdb=" C   GLY A   2 "
        pdb=" CA  GLY A   2 "
        pdb=" N   GLY A   2 "
      ideal   model   delta    sigma   weight residual
     113.18  110.03    3.15 2.37e+00 1.78e-01 1.76e+00
  angle pdb=" C   GLY A   2 "
        pdb=" N   PHE A   3 "
        pdb=" CA  PHE A   3 "
      ideal   model   delta    sigma   weight residual
     121.70  123.95   -2.25 1.80e+00 3.09e-01 1.56e+00
  ... (remaining 55 not shown)

  Histogram of dihedral angle deviations from ideal:
        0.13 -    35.19: 11
       35.19 -    70.25: 1
       70.25 -   105.31: 0
      105.31 -   140.37: 0
      140.37 -   175.43: 1
  Dihedral angle restraints: 13
    sinusoidal: 3
      harmonic: 10
  Sorted by residual:
  dihedral pdb=" O   PHE A   3 "
           pdb=" C   PHE A   3 "
           pdb=" OXT PHE A   3 "
           pdb=" HXT PHE A   3 "
      ideal   model   delta  harmonic     sigma   weight residual
       0.00 -175.43  175.43     0      3.00e+01 1.11e-03 3.42e+01
  dihedral pdb=" OXT PHE A   3 "
           pdb=" C   PHE A   3 "
           pdb=" CA  PHE A   3 "
           pdb=" N   PHE A   3 "
      ideal   model   delta sinusoidal    sigma   weight residual
     -20.00  -76.02   56.02     2      3.00e+01 1.11e-03 3.67e+00
  dihedral pdb=" N   PHE A   3 "
           pdb=" CA  PHE A   3 "
           pdb=" CB  PHE A   3 "
           pdb=" CG  PHE A   3 "
      ideal   model   delta sinusoidal    sigma   weight residual
     -60.00  -73.19   13.19     3      1.50e+01 4.44e-03 1.09e+00
  ... (remaining 10 not shown)

  Histogram of chiral volume deviations from ideal:
       0.053 -    0.053: 1
       0.053 -    0.053: 0
       0.053 -    0.053: 0
       0.053 -    0.053: 0
       0.053 -    0.053: 0
  Chirality restraints: 1
  Sorted by residual:
  chirality pdb=" CA  PHE A   3 "
            pdb=" C   PHE A   3 "
            pdb=" N   PHE A   3 "
            pdb=" CB  PHE A   3 "
    both_signs  ideal   model   delta    sigma   weight residual
      False     -2.51   -2.56    0.05 2.00e-01 2.50e+01 7.02e-02

  Planarity restraints: 6
  Sorted by residual:
                                 delta    sigma   weight rms_deltas residual
  plane pdb=" O   PHE A   3 "    0.021 2.00e-02 2.50e+03   2.28e-02 6.52e+00
        pdb=" C   PHE A   3 "   -0.045 2.00e-02 2.50e+03
        pdb=" OXT PHE A   3 "    0.007 2.00e-02 2.50e+03
        pdb=" HXT PHE A   3 "    0.007 2.00e-02 2.50e+03
        pdb=" CA  PHE A   3 "    0.010 2.00e-02 2.50e+03
                                 delta    sigma   weight rms_deltas residual
  plane pdb=" CB  PHE A   3 "   -0.021 2.00e-02 2.50e+03   1.27e-02 4.81e+00
        pdb=" CG  PHE A   3 "   -0.001 2.00e-02 2.50e+03
        pdb=" CD1 PHE A   3 "   -0.004 2.00e-02 2.50e+03
        pdb=" HD1 PHE A   3 "    0.001 2.00e-02 2.50e+03
        pdb=" CE1 PHE A   3 "    0.001 2.00e-02 2.50e+03
        pdb=" HE1 PHE A   3 "    0.017 2.00e-02 2.50e+03
        pdb=" CZ  PHE A   3 "   -0.005 2.00e-02 2.50e+03
        pdb=" HZ  PHE A   3 "   -0.009 2.00e-02 2.50e+03
        pdb=" CE2 PHE A   3 "   -0.004 2.00e-02 2.50e+03
        pdb=" HE2 PHE A   3 "   -0.014 2.00e-02 2.50e+03
        pdb=" CD2 PHE A   3 "    0.015 2.00e-02 2.50e+03
        pdb=" HD2 PHE A   3 "    0.024 2.00e-02 2.50e+03
                                 delta    sigma   weight rms_deltas residual
  plane pdb=" C   GLY A   2 "    0.005 2.00e-02 2.50e+03   9.78e-03 9.57e-01
        pdb=" CA  PHE A   3 "    0.004 2.00e-02 2.50e+03
        pdb=" N   PHE A   3 "   -0.017 2.00e-02 2.50e+03
        pdb=" H   PHE A   3 "    0.007 2.00e-02 2.50e+03
  ... (remaining 3 not shown)

  Histogram of nonbonded interaction distances:
        1.81 -     2.42: 15
        2.42 -     3.04: 59
        3.04 -     3.66: 69
        3.66 -     4.28: 65
        4.28 -     4.90: 101
  Nonbonded interactions: 309
  Sorted by model distance:
  nonbonded pdb=" HA2 GLY A   1 "
            pdb=" H2  GLY A   1 "
     model   vdw
     1.807 1.816
  nonbonded pdb=" O   GLY A   2 "
            pdb=" HXT PHE A   3 "
     model   vdw
     1.901 1.970
  nonbonded pdb=" HA1 GLY A   1 "
            pdb=" H2  GLY A   1 "
     model   vdw
     2.060 1.816
  nonbonded pdb=" HA  PHE A   3 "
            pdb=" H   PHE A   3 "
     model   vdw
     2.084 1.816
  nonbonded pdb=" HXT PHE A   3 "
            pdb=" HB1 PHE A   3 "
     model   vdw
     2.105 2.270
  ... (remaining 304 not shown)

  NOTE: a complete listing of the restraints can be obtained by requesting
        output of .geo file.

                   ----------xray_structure summary----------                  

Number of scattering types: 4
  Type Number    sf(0)   Gaussians
   O       4      7.97       2
   N       3      6.97       2
   C      13      5.97       2
   H      17      1.00       2
  sf(0) = scattering factor at diffraction angle 0.
Number of scatterers: 37
At special positions: 0
Unit cell: (15.174, 11.899, 10.178, 90, 90, 90)
Space group: P 1 (No. 1)

End of input processing
r_work=0.4813 r_free=0.4222
params.data_weight: 0.0
params.restraints: qm
rmsd(b), start:  0.0906
mc:   0 R: 0.4776 rmsd(b):  0.0266 restraint_scale:  1.0 min_steps: 52
mc:   1 R: 0.4696 rmsd(b):  0.0266 restraint_scale:  1.0 min_steps: 54
mc:   2 R: 0.4715 rmsd(b):  0.0263 restraint_scale:  1.0 min_steps: 24
mc:   3 R: 0.4715 rmsd(b):  0.0263 restraint_scale:  1.0 min_steps: 4
Convergence reached, stop now.
see the result structure:  ./p26/04_results/opt_qm/221_GGF14-new/0.9/6.pdb
Time: 152.2257
