phenix.python
you are importing  adaptive calculator, and it does nothing. Please give it energy, force....... 

============================== Collecting inputs ==============================


                   ----------Processing X-ray data----------                   

F-obs:
  /scratch/m_zhen01/30993.lupus.uni-muenster.de/p26/02_mtz/220_WGG12-new.mtz:F-obs
Miller array info: None
Observation type: xray.amplitude
Type of data: double, size=199
Type of sigmas: None
Number of Miller indices: 199
Anomalous flag: False
Unit cell: (12.478, 13.762, 11.515, 90, 90, 90)
Space group: P 1 (No. 1)
Systematic absences: 0
Centric reflections: 0
Resolution range: 3.98146 2.50959
Completeness in resolution range: 1
Completeness with d_max=infinity: 0.745318

Number of F-obs in resolution range:                   199
Number of F-obs<0 (these reflections will be rejected): 0
Number of F-obs=0 (these reflections will be used in refinement): 0
Refinement resolution range: d_max =   3.9815
                             d_min =   2.5096

R-free flags:
  /scratch/m_zhen01/30993.lupus.uni-muenster.de/p26/02_mtz/220_WGG12-new.mtz:R-free-flags
Miller array info: /scratch/m_zhen01/30993.lupus.uni-muenster.de/p26/02_mtz/220_WGG12-new.mtz:R-free-flags
Observation type: None
Type of data: int, size=199
Type of sigmas: None
Number of Miller indices: 199
Anomalous flag: False
Unit cell: (12.478, 13.762, 11.515, 90, 90, 90)
Space group: P 1 (No. 1)
Systematic absences: 0
Centric reflections: 0
Resolution range: 3.98146 2.50959
Completeness in resolution range: 1
Completeness with d_max=infinity: 0.745318
Wavelength: 1.0000

Test (R-free flags) flag value: 1

Number of work/free reflections by resolution:
                                  work free  %free
  bin  1: 3.9815 - 3.6487 [15/15]   11    4  26.7%
  bin  2: 3.6487 - 3.4051 [21/21]   21    0   0.0%
  bin  3: 3.4051 - 3.2157 [22/22]   22    0   0.0%
  bin  4: 3.2157 - 3.0625 [15/15]   11    4  26.7%
  bin  5: 3.0625 - 2.9349 [26/26]   26    0   0.0%
  bin  6: 2.9349 - 2.8262 [15/15]   15    0   0.0%
  bin  7: 2.8262 - 2.7320 [21/21]   21    0   0.0%
  bin  8: 2.7320 - 2.6492 [24/24]   24    0   0.0%
  bin  9: 2.6492 - 2.5756 [20/20]   20    0   0.0%
  bin 10: 2.5756 - 2.5096 [20/20]   16    4  20.0%
                          overall  187   12   6.0%

                   ----------Processing PDB file(s)----------                  

  Monomer Library directory:
    "/tmp1/m_zhen01/phenix-installer-1.10.1-2155-intel-linux-2.6-x86_64-centos5/phenix-1.10.1-2155/modules/chem_data/mon_lib"
  Total number of atoms: 41
  Number of models: 1
  Model: ""
    Number of chains: 1
    Chain: "A"
      Number of atoms: 41
      Number of conformers: 1
      Conformer: ""
        Number of residues, atoms: 3, 41
          Classifications: {'peptide': 3}
          Modifications used: {'NH2NOTPRO': 1, 'COOH': 1}
          Link IDs: {'TRANS': 2}
  Time building chain proxies: 0.08, per 1000 atoms: 1.95
  Number of scatterers: 41
  At special positions: 0
  Unit cell: (12.478, 13.762, 11.515, 90, 90, 90)
  Space group: P 1 (No. 1)
  Number of sites at special positions: 0
  Number of scattering types: 4
    Type Number    sf(0)
     O       4      8.00
     N       4      7.00
     C      15      6.00
     H      18      1.00
    sf(0) = scattering factor at diffraction angle 0.

  Number of disulfides: simple=0, symmetry=0

  Automatic linking
    Parameters for automatic linking
      Linking & cutoffs
        Metal                : False - 3.50
        Amimo acid           : False - 1.90
        Carbohydrate         : True  - 1.99
        Ligands              : True  - 1.99
        Amino acid - RNA/DNA : False
      
  Number of custom bonds: simple=0, symmetry=0
  Time building additional restraints: 0.02
  Conformation dependent library (CDL) restraints added in 2.3 milliseconds
  
  Adding C-beta torsion restraints...
  Number of C-beta restraints generated:  2
  Time building geometry restraints manager: 0.04 seconds

  NOTE: a complete listing of the restraints can be obtained by requesting
        output of .geo file.

  Histogram of bond lengths:
        0.85 -     0.99: 17
        0.99 -     1.12: 1
        1.12 -     1.26: 3
        1.26 -     1.39: 8
        1.39 -     1.53: 13
  Bond restraints: 42
  Sorted by residual:
  bond pdb=" CZ3 TRP A   1 "
       pdb=" HZ3 TRP A   1 "
    ideal  model  delta    sigma   weight residual
    0.930  0.984 -0.054 2.00e-02 2.50e+03 7.16e+00
  bond pdb=" CA  GLY A   2 "
       pdb=" N   GLY A   2 "
    ideal  model  delta    sigma   weight residual
    1.449  1.414  0.035 1.45e-02 4.76e+03 5.83e+00
  bond pdb=" NE1 TRP A   1 "
       pdb=" HE1 TRP A   1 "
    ideal  model  delta    sigma   weight residual
    0.860  0.907 -0.047 2.00e-02 2.50e+03 5.60e+00
  bond pdb=" CH2 TRP A   1 "
       pdb=" CZ3 TRP A   1 "
    ideal  model  delta    sigma   weight residual
    1.400  1.453 -0.053 2.50e-02 1.60e+03 4.56e+00
  bond pdb=" CH2 TRP A   1 "
       pdb=" HH2 TRP A   1 "
    ideal  model  delta    sigma   weight residual
    0.930  0.972 -0.042 2.00e-02 2.50e+03 4.38e+00
  ... (remaining 37 not shown)

  Histogram of bond angle deviations from ideal:
      103.79 -   109.94: 23
      109.94 -   116.09: 13
      116.09 -   122.25: 17
      122.25 -   128.40: 14
      128.40 -   134.55: 2
  Bond angle restraints: 69
  Sorted by residual:
  angle pdb=" C   GLY A   2 "
        pdb=" CA  GLY A   2 "
        pdb=" N   GLY A   2 "
      ideal   model   delta    sigma   weight residual
     113.18  106.03    7.15 2.37e+00 1.78e-01 9.11e+00
  angle pdb=" CA  TRP A   1 "
        pdb=" C   TRP A   1 "
        pdb=" N   GLY A   2 "
      ideal   model   delta    sigma   weight residual
     116.20  111.60    4.60 2.00e+00 2.50e-01 5.29e+00
  angle pdb=" CZ2 TRP A   1 "
        pdb=" CH2 TRP A   1 "
        pdb=" CZ3 TRP A   1 "
      ideal   model   delta    sigma   weight residual
     121.50  119.18    2.32 1.30e+00 5.92e-01 3.19e+00
  angle pdb=" CE2 TRP A   1 "
        pdb=" CZ2 TRP A   1 "
        pdb=" CH2 TRP A   1 "
      ideal   model   delta    sigma   weight residual
     117.50  119.62   -2.12 1.30e+00 5.92e-01 2.67e+00
  angle pdb=" HA1 GLY A   2 "
        pdb=" CA  GLY A   2 "
        pdb=" N   GLY A   2 "
      ideal   model   delta    sigma   weight residual
     110.00  114.83   -4.83 3.00e+00 1.11e-01 2.59e+00
  ... (remaining 64 not shown)

  Histogram of dihedral angle deviations from ideal:
        0.66 -    35.82: 13
       35.82 -    70.97: 0
       70.97 -   106.13: 0
      106.13 -   141.28: 0
      141.28 -   176.44: 1
  Dihedral angle restraints: 14
    sinusoidal: 3
      harmonic: 11
  Sorted by residual:
  dihedral pdb=" O   GLY A   3 "
           pdb=" C   GLY A   3 "
           pdb=" OXT GLY A   3 "
           pdb=" HXT GLY A   3 "
      ideal   model   delta  harmonic     sigma   weight residual
       0.00 -176.44  176.44     0      3.00e+01 1.11e-03 3.46e+01
  dihedral pdb=" N   TRP A   1 "
           pdb=" CA  TRP A   1 "
           pdb=" CB  TRP A   1 "
           pdb=" CG  TRP A   1 "
      ideal   model   delta sinusoidal    sigma   weight residual
      60.00   41.06   18.94     3      1.50e+01 4.44e-03 2.15e+00
  dihedral pdb=" CA  TRP A   1 "
           pdb=" CB  TRP A   1 "
           pdb=" CG  TRP A   1 "
           pdb=" CD1 TRP A   1 "
      ideal   model   delta sinusoidal    sigma   weight residual
     -90.00  -66.14  -23.86     2      2.00e+01 2.50e-03 1.96e+00
  ... (remaining 11 not shown)

  Histogram of chiral volume deviations from ideal:
       0.028 -    0.028: 1
       0.028 -    0.028: 0
       0.028 -    0.028: 0
       0.028 -    0.028: 0
       0.028 -    0.028: 0
  Chirality restraints: 1
  Sorted by residual:
  chirality pdb=" CA  TRP A   1 "
            pdb=" C   TRP A   1 "
            pdb=" N   TRP A   1 "
            pdb=" CB  TRP A   1 "
    both_signs  ideal   model   delta    sigma   weight residual
      False     -2.51   -2.54    0.03 2.00e-01 2.50e+01 1.90e-02

  Planarity restraints: 6
  Sorted by residual:
                                 delta    sigma   weight rms_deltas residual
  plane pdb=" CB  TRP A   1 "    0.022 2.00e-02 2.50e+03   1.74e-02 1.21e+01
        pdb=" CG  TRP A   1 "   -0.002 2.00e-02 2.50e+03
        pdb=" CD1 TRP A   1 "    0.001 2.00e-02 2.50e+03
        pdb=" HD1 TRP A   1 "   -0.035 2.00e-02 2.50e+03
        pdb=" NE1 TRP A   1 "    0.020 2.00e-02 2.50e+03
        pdb=" HE1 TRP A   1 "    0.001 2.00e-02 2.50e+03
        pdb=" CE2 TRP A   1 "    0.034 2.00e-02 2.50e+03
        pdb=" CZ2 TRP A   1 "    0.001 2.00e-02 2.50e+03
        pdb=" HZ2 TRP A   1 "   -0.028 2.00e-02 2.50e+03
        pdb=" CH2 TRP A   1 "   -0.001 2.00e-02 2.50e+03
        pdb=" HH2 TRP A   1 "    0.018 2.00e-02 2.50e+03
        pdb=" CZ3 TRP A   1 "   -0.007 2.00e-02 2.50e+03
        pdb=" HZ3 TRP A   1 "   -0.004 2.00e-02 2.50e+03
        pdb=" CE3 TRP A   1 "   -0.012 2.00e-02 2.50e+03
        pdb=" HE3 TRP A   1 "   -0.012 2.00e-02 2.50e+03
        pdb=" CD2 TRP A   1 "    0.005 2.00e-02 2.50e+03
                                 delta    sigma   weight rms_deltas residual
  plane pdb=" C   TRP A   1 "    0.009 2.00e-02 2.50e+03   1.67e-02 2.79e+00
        pdb=" CA  GLY A   2 "    0.008 2.00e-02 2.50e+03
        pdb=" N   GLY A   2 "   -0.029 2.00e-02 2.50e+03
        pdb=" H   GLY A   2 "    0.012 2.00e-02 2.50e+03
                                 delta    sigma   weight rms_deltas residual
  plane pdb=" O   GLY A   3 "    0.014 2.00e-02 2.50e+03   1.31e-02 2.14e+00
        pdb=" C   GLY A   3 "   -0.016 2.00e-02 2.50e+03
        pdb=" OXT GLY A   3 "   -0.013 2.00e-02 2.50e+03
        pdb=" HXT GLY A   3 "    0.016 2.00e-02 2.50e+03
        pdb=" CA  GLY A   3 "   -0.001 2.00e-02 2.50e+03
  ... (remaining 3 not shown)

  Histogram of nonbonded interaction distances:
        1.90 -     2.50: 21
        2.50 -     3.10: 60
        3.10 -     3.70: 61
        3.70 -     4.30: 96
        4.30 -     4.90: 112
  Nonbonded interactions: 350
  Sorted by model distance:
  nonbonded pdb=" H2  TRP A   1 "
            pdb=" H   GLY A   2 "
     model   vdw
     1.905 2.100
  nonbonded pdb=" O   GLY A   3 "
            pdb=" H   GLY A   3 "
     model   vdw
     2.046 1.970
  nonbonded pdb=" H   GLY A   2 "
            pdb=" H   GLY A   3 "
     model   vdw
     2.118 2.100
  nonbonded pdb=" HA  TRP A   1 "
            pdb=" H1  TRP A   1 "
     model   vdw
     2.218 1.816
  nonbonded pdb=" HA  TRP A   1 "
            pdb=" HB1 TRP A   1 "
     model   vdw
     2.264 1.952
  ... (remaining 345 not shown)

  NOTE: a complete listing of the restraints can be obtained by requesting
        output of .geo file.

                   ----------xray_structure summary----------                  

Number of scattering types: 4
  Type Number    sf(0)   Gaussians
   O       4      7.97       2
   N       4      6.97       2
   C      15      5.97       2
   H      18      1.00       2
  sf(0) = scattering factor at diffraction angle 0.
Number of scatterers: 41
At special positions: 0
Unit cell: (12.478, 13.762, 11.515, 90, 90, 90)
Space group: P 1 (No. 1)

End of input processing
r_work=0.5063 r_free=0.4513
params.data_weight: 0.0
params.restraints: cctbx
rmsd(b), start:  0.0795
mc:   0 R: 0.4997 rmsd(b):  0.0011 restraint_scale:  1.0 min_steps: 54
mc:   1 R: 0.5062 rmsd(b):  0.0009 restraint_scale:  1.0 min_steps: 53
mc:   2 R: 0.4973 rmsd(b):  0.0005 restraint_scale:  1.0 min_steps: 54
mc:   3 R: 0.4925 rmsd(b):  0.0006 restraint_scale:  1.0 min_steps: 52
mc:   4 R: 0.4884 rmsd(b):  0.0004 restraint_scale:  1.0 min_steps: 54
mc:   5 R: 0.4860 rmsd(b):  0.0004 restraint_scale:  1.0 min_steps: 54
mc:   6 R: 0.4817 rmsd(b):  0.0004 restraint_scale:  1.0 min_steps: 55
mc:   7 R: 0.4805 rmsd(b):  0.0004 restraint_scale:  1.0 min_steps: 53
mc:   8 R: 0.4765 rmsd(b):  0.0004 restraint_scale:  1.0 min_steps: 56
mc:   9 R: 0.4748 rmsd(b):  0.0003 restraint_scale:  1.0 min_steps: 56
mc:  10 R: 0.4724 rmsd(b):  0.0003 restraint_scale:  1.0 min_steps: 56
mc:  11 R: 0.4686 rmsd(b):  0.0003 restraint_scale:  1.0 min_steps: 54
mc:  12 R: 0.4684 rmsd(b):  0.0003 restraint_scale:  1.0 min_steps: 53
Convergence reached, stop now.
see the result structure:  ./p26/04_results/opt_cctbx/220_WGG12-new/0.9/1.pdb
Time: 7.4359
