phenix.python
you are importing  adaptive calculator, and it does nothing. Please give it energy, force....... 

============================== Collecting inputs ==============================


                   ----------Processing X-ray data----------                   

F-obs:
  /scratch/m_zhen01/30993.lupus.uni-muenster.de/p26/02_mtz/263_FGG80-new.mtz:F-obs
Miller array info: None
Observation type: xray.amplitude
Type of data: double, size=189
Type of sigmas: None
Number of Miller indices: 189
Anomalous flag: False
Unit cell: (14.025, 12.498, 10.51, 90, 90, 90)
Space group: P 1 (No. 1)
Systematic absences: 0
Centric reflections: 0
Resolution range: 3.99354 2.50445
Completeness in resolution range: 1
Completeness with d_max=infinity: 0.759036

Number of F-obs in resolution range:                   189
Number of F-obs<0 (these reflections will be rejected): 0
Number of F-obs=0 (these reflections will be used in refinement): 0
Refinement resolution range: d_max =   3.9935
                             d_min =   2.5045

R-free flags:
  /scratch/m_zhen01/30993.lupus.uni-muenster.de/p26/02_mtz/263_FGG80-new.mtz:R-free-flags
Miller array info: /scratch/m_zhen01/30993.lupus.uni-muenster.de/p26/02_mtz/263_FGG80-new.mtz:R-free-flags
Observation type: None
Type of data: int, size=189
Type of sigmas: None
Number of Miller indices: 189
Anomalous flag: False
Unit cell: (14.025, 12.498, 10.51, 90, 90, 90)
Space group: P 1 (No. 1)
Systematic absences: 0
Centric reflections: 0
Resolution range: 3.99354 2.50445
Completeness in resolution range: 1
Completeness with d_max=infinity: 0.759036
Wavelength: 1.0000

Test (R-free flags) flag value: 1

Number of work/free reflections by resolution:
                                  work free  %free
  bin  1: 3.9935 - 3.6540 [18/18]   16    2  11.1%
  bin  2: 3.6540 - 3.4067 [14/14]   12    2  14.3%
  bin  3: 3.4067 - 3.2151 [22/22]   22    0   0.0%
  bin  4: 3.2151 - 3.0605 [13/13]   13    0   0.0%
  bin  5: 3.0605 - 2.9319 [32/32]   32    0   0.0%
  bin  6: 2.9319 - 2.8224 [12/12]   12    0   0.0%
  bin  7: 2.8224 - 2.7277 [17/17]   15    2  11.8%
  bin  8: 2.7277 - 2.6446 [16/16]   16    0   0.0%
  bin  9: 2.6446 - 2.5707 [23/23]   23    0   0.0%
  bin 10: 2.5707 - 2.5045 [22/22]   18    4  18.2%
                          overall  179   10   5.3%

                   ----------Processing PDB file(s)----------                  

  Monomer Library directory:
    "/tmp1/m_zhen01/phenix-installer-1.10.1-2155-intel-linux-2.6-x86_64-centos5/phenix-1.10.1-2155/modules/chem_data/mon_lib"
  Total number of atoms: 37
  Number of models: 1
  Model: ""
    Number of chains: 1
    Chain: "A"
      Number of atoms: 37
      Number of conformers: 1
      Conformer: ""
        Number of residues, atoms: 3, 37
          Classifications: {'peptide': 3}
          Modifications used: {'NH2NOTPRO': 1, 'COOH': 1}
          Link IDs: {'TRANS': 2}
  Time building chain proxies: 0.07, per 1000 atoms: 1.89
  Number of scatterers: 37
  At special positions: 0
  Unit cell: (14.025, 12.498, 10.51, 90, 90, 90)
  Space group: P 1 (No. 1)
  Number of sites at special positions: 0
  Number of scattering types: 4
    Type Number    sf(0)
     O       4      8.00
     N       3      7.00
     C      13      6.00
     H      17      1.00
    sf(0) = scattering factor at diffraction angle 0.

  Number of disulfides: simple=0, symmetry=0

  Automatic linking
    Parameters for automatic linking
      Linking & cutoffs
        Metal                : False - 3.50
        Amimo acid           : False - 1.90
        Carbohydrate         : True  - 1.99
        Ligands              : True  - 1.99
        Amino acid - RNA/DNA : False
      
  Number of custom bonds: simple=0, symmetry=0
  Time building additional restraints: 0.02
  Conformation dependent library (CDL) restraints added in 2.5 milliseconds
  
  Adding C-beta torsion restraints...
  Number of C-beta restraints generated:  2
  Time building geometry restraints manager: 0.02 seconds

  NOTE: a complete listing of the restraints can be obtained by requesting
        output of .geo file.

  Histogram of bond lengths:
        0.85 -     0.99: 16
        0.99 -     1.13: 1
        1.13 -     1.28: 3
        1.28 -     1.42: 9
        1.42 -     1.56: 8
  Bond restraints: 37
  Sorted by residual:
  bond pdb=" N   GLY A   2 "
       pdb=" H   GLY A   2 "
    ideal  model  delta    sigma   weight residual
    0.860  0.919 -0.059 2.00e-02 2.50e+03 8.66e+00
  bond pdb=" CB  PHE A   1 "
       pdb=" HB2 PHE A   1 "
    ideal  model  delta    sigma   weight residual
    0.970  0.920  0.050 2.00e-02 2.50e+03 6.22e+00
  bond pdb=" CA  GLY A   3 "
       pdb=" HA2 GLY A   3 "
    ideal  model  delta    sigma   weight residual
    0.970  1.009 -0.039 2.00e-02 2.50e+03 3.86e+00
  bond pdb=" CZ  PHE A   1 "
       pdb=" HZ  PHE A   1 "
    ideal  model  delta    sigma   weight residual
    0.930  0.965 -0.035 2.00e-02 2.50e+03 3.01e+00
  bond pdb=" CA  PHE A   1 "
       pdb=" CB  PHE A   1 "
    ideal  model  delta    sigma   weight residual
    1.530  1.563 -0.033 2.00e-02 2.50e+03 2.78e+00
  ... (remaining 32 not shown)

  Histogram of bond angle deviations from ideal:
      104.53 -   108.76: 11
      108.76 -   113.00: 16
      113.00 -   117.23: 4
      117.23 -   121.46: 20
      121.46 -   125.69: 9
  Bond angle restraints: 60
  Sorted by residual:
  angle pdb=" C   GLY A   2 "
        pdb=" CA  GLY A   2 "
        pdb=" HA1 GLY A   2 "
      ideal   model   delta    sigma   weight residual
     109.00  104.53    4.47 3.00e+00 1.11e-01 2.22e+00
  angle pdb=" C   PHE A   1 "
        pdb=" N   GLY A   2 "
        pdb=" H   GLY A   2 "
      ideal   model   delta    sigma   weight residual
     124.30  120.31    3.99 3.00e+00 1.11e-01 1.77e+00
  angle pdb=" CA  PHE A   1 "
        pdb=" CB  PHE A   1 "
        pdb=" CG  PHE A   1 "
      ideal   model   delta    sigma   weight residual
     113.80  112.47    1.33 1.00e+00 1.00e+00 1.76e+00
  angle pdb=" CZ  PHE A   1 "
        pdb=" CE2 PHE A   1 "
        pdb=" CD2 PHE A   1 "
      ideal   model   delta    sigma   weight residual
     120.00  117.62    2.38 1.80e+00 3.09e-01 1.75e+00
  angle pdb=" C   PHE A   1 "
        pdb=" CA  PHE A   1 "
        pdb=" CB  PHE A   1 "
      ideal   model   delta    sigma   weight residual
     110.10  112.59   -2.49 1.90e+00 2.77e-01 1.72e+00
  ... (remaining 55 not shown)

  Histogram of dihedral angle deviations from ideal:
        0.16 -    36.11: 11
       36.11 -    72.05: 1
       72.05 -   108.00: 0
      108.00 -   143.94: 0
      143.94 -   179.89: 1
  Dihedral angle restraints: 13
    sinusoidal: 3
      harmonic: 10
  Sorted by residual:
  dihedral pdb=" O   GLY A   3 "
           pdb=" C   GLY A   3 "
           pdb=" OXT GLY A   3 "
           pdb=" HXT GLY A   3 "
      ideal   model   delta  harmonic     sigma   weight residual
       0.00 -179.89  179.89     0      3.00e+01 1.11e-03 3.60e+01
  dihedral pdb=" N   PHE A   1 "
           pdb=" CA  PHE A   1 "
           pdb=" CB  PHE A   1 "
           pdb=" CG  PHE A   1 "
      ideal   model   delta sinusoidal    sigma   weight residual
      60.00   27.11   32.89     3      1.50e+01 4.44e-03 5.46e+00
  dihedral pdb=" OXT GLY A   3 "
           pdb=" C   GLY A   3 "
           pdb=" CA  GLY A   3 "
           pdb=" N   GLY A   3 "
      ideal   model   delta sinusoidal    sigma   weight residual
     160.00 -129.72  -70.28     2      3.00e+01 1.11e-03 4.73e+00
  ... (remaining 10 not shown)

  Histogram of chiral volume deviations from ideal:
       0.044 -    0.044: 1
       0.044 -    0.044: 0
       0.044 -    0.044: 0
       0.044 -    0.044: 0
       0.044 -    0.044: 0
  Chirality restraints: 1
  Sorted by residual:
  chirality pdb=" CA  PHE A   1 "
            pdb=" C   PHE A   1 "
            pdb=" N   PHE A   1 "
            pdb=" CB  PHE A   1 "
    both_signs  ideal   model   delta    sigma   weight residual
      False     -2.51   -2.55    0.04 2.00e-01 2.50e+01 4.88e-02

  Planarity restraints: 6
  Sorted by residual:
                                 delta    sigma   weight rms_deltas residual
  plane pdb=" CB  PHE A   1 "   -0.024 2.00e-02 2.50e+03   1.88e-02 1.06e+01
        pdb=" CG  PHE A   1 "    0.018 2.00e-02 2.50e+03
        pdb=" CD1 PHE A   1 "    0.005 2.00e-02 2.50e+03
        pdb=" HD1 PHE A   1 "    0.035 2.00e-02 2.50e+03
        pdb=" CE1 PHE A   1 "   -0.013 2.00e-02 2.50e+03
        pdb=" HE1 PHE A   1 "   -0.023 2.00e-02 2.50e+03
        pdb=" CZ  PHE A   1 "    0.008 2.00e-02 2.50e+03
        pdb=" HZ  PHE A   1 "   -0.009 2.00e-02 2.50e+03
        pdb=" CE2 PHE A   1 "   -0.011 2.00e-02 2.50e+03
        pdb=" HE2 PHE A   1 "    0.027 2.00e-02 2.50e+03
        pdb=" CD2 PHE A   1 "    0.005 2.00e-02 2.50e+03
        pdb=" HD2 PHE A   1 "   -0.019 2.00e-02 2.50e+03
                                 delta    sigma   weight rms_deltas residual
  plane pdb=" C   GLY A   2 "    0.020 2.00e-02 2.50e+03   1.16e-02 1.35e+00
        pdb=" O   GLY A   2 "   -0.007 2.00e-02 2.50e+03
        pdb=" CA  GLY A   2 "   -0.006 2.00e-02 2.50e+03
        pdb=" N   GLY A   3 "   -0.007 2.00e-02 2.50e+03
                                 delta    sigma   weight rms_deltas residual
  plane pdb=" O   GLY A   3 "    0.000 2.00e-02 2.50e+03   3.62e-03 1.64e-01
        pdb=" C   GLY A   3 "   -0.005 2.00e-02 2.50e+03
        pdb=" OXT GLY A   3 "    0.005 2.00e-02 2.50e+03
        pdb=" HXT GLY A   3 "   -0.003 2.00e-02 2.50e+03
        pdb=" CA  GLY A   3 "    0.002 2.00e-02 2.50e+03
  ... (remaining 3 not shown)

  Histogram of nonbonded interaction distances:
        2.01 -     2.59: 26
        2.59 -     3.16: 43
        3.16 -     3.74: 69
        3.74 -     4.32: 43
        4.32 -     4.90: 81
  Nonbonded interactions: 262
  Sorted by model distance:
  nonbonded pdb=" HXT GLY A   3 "
            pdb=" HA2 GLY A   3 "
     model   vdw
     2.008 2.270
  nonbonded pdb=" HA2 GLY A   3 "
            pdb=" H   GLY A   3 "
     model   vdw
     2.165 1.816
  nonbonded pdb=" H1  PHE A   1 "
            pdb=" HA  PHE A   1 "
     model   vdw
     2.193 1.816
  nonbonded pdb=" HA  PHE A   1 "
            pdb=" HB2 PHE A   1 "
     model   vdw
     2.203 1.952
  nonbonded pdb=" HD1 PHE A   1 "
            pdb=" HE1 PHE A   1 "
     model   vdw
     2.299 1.680
  ... (remaining 257 not shown)

  NOTE: a complete listing of the restraints can be obtained by requesting
        output of .geo file.

                   ----------xray_structure summary----------                  

Number of scattering types: 4
  Type Number    sf(0)   Gaussians
   O       4      7.97       2
   N       3      6.97       2
   C      13      5.97       2
   H      17      1.00       2
  sf(0) = scattering factor at diffraction angle 0.
Number of scatterers: 37
At special positions: 0
Unit cell: (14.025, 12.498, 10.51, 90, 90, 90)
Space group: P 1 (No. 1)

End of input processing
r_work=0.5869 r_free=0.3664
params.data_weight: 0.0
params.restraints: cctbx
rmsd(b), start:  0.0841
mc:   0 R: 0.5846 rmsd(b):  0.0010 restraint_scale:  1.0 min_steps: 53
mc:   1 R: 0.5706 rmsd(b):  0.0011 restraint_scale:  1.0 min_steps: 54
mc:   2 R: 0.5785 rmsd(b):  0.0010 restraint_scale:  1.0 min_steps: 54
mc:   3 R: 0.5724 rmsd(b):  0.0010 restraint_scale:  1.0 min_steps: 54
mc:   4 R: 0.5740 rmsd(b):  0.0007 restraint_scale:  1.0 min_steps: 53
mc:   5 R: 0.5614 rmsd(b):  0.0007 restraint_scale:  1.0 min_steps: 55
mc:   6 R: 0.5602 rmsd(b):  0.0005 restraint_scale:  1.0 min_steps: 56
mc:   7 R: 0.5515 rmsd(b):  0.0005 restraint_scale:  1.0 min_steps: 55
mc:   8 R: 0.5497 rmsd(b):  0.0005 restraint_scale:  1.0 min_steps: 56
mc:   9 R: 0.5431 rmsd(b):  0.0006 restraint_scale:  1.0 min_steps: 56
mc:  10 R: 0.5419 rmsd(b):  0.0005 restraint_scale:  1.0 min_steps: 53
mc:  11 R: 0.5354 rmsd(b):  0.0005 restraint_scale:  1.0 min_steps: 54
mc:  12 R: 0.5349 rmsd(b):  0.0005 restraint_scale:  1.0 min_steps: 54
mc:  13 R: 0.5310 rmsd(b):  0.0005 restraint_scale:  1.0 min_steps: 55
mc:  14 R: 0.5306 rmsd(b):  0.0005 restraint_scale:  1.0 min_steps: 56
mc:  15 R: 0.5271 rmsd(b):  0.0005 restraint_scale:  1.0 min_steps: 52
mc:  16 R: 0.5270 rmsd(b):  0.0005 restraint_scale:  1.0 min_steps: 54
Convergence reached, stop now.
see the result structure:  ./p26/04_results/opt_cctbx/263_FGG80-new/1.5/8.pdb
Time: 8.1211
