phenix.python
you are importing  adaptive calculator, and it does nothing. Please give it energy, force....... 

============================== Collecting inputs ==============================


                   ----------Processing X-ray data----------                   

F-obs:
  /scratch/m_zhen01/30994.lupus.uni-muenster.de/p26/02_mtz/226_GGF15-new.mtz:F-obs
Miller array info: None
Observation type: xray.amplitude
Type of data: double, size=203
Type of sigmas: None
Number of Miller indices: 203
Anomalous flag: False
Unit cell: (14.526, 12.333, 10.786, 90, 90, 90)
Space group: P 1 (No. 1)
Systematic absences: 0
Centric reflections: 0
Resolution range: 3.95564 2.50185
Completeness in resolution range: 1
Completeness with d_max=infinity: 0.7603

Number of F-obs in resolution range:                   203
Number of F-obs<0 (these reflections will be rejected): 0
Number of F-obs=0 (these reflections will be used in refinement): 0
Refinement resolution range: d_max =   3.9556
                             d_min =   2.5019

R-free flags:
  /scratch/m_zhen01/30994.lupus.uni-muenster.de/p26/02_mtz/226_GGF15-new.mtz:R-free-flags
Miller array info: /scratch/m_zhen01/30994.lupus.uni-muenster.de/p26/02_mtz/226_GGF15-new.mtz:R-free-flags
Observation type: None
Type of data: int, size=203
Type of sigmas: None
Number of Miller indices: 203
Anomalous flag: False
Unit cell: (14.526, 12.333, 10.786, 90, 90, 90)
Space group: P 1 (No. 1)
Systematic absences: 0
Centric reflections: 0
Resolution range: 3.95564 2.50185
Completeness in resolution range: 1
Completeness with d_max=infinity: 0.7603
Wavelength: 1.0000

Test (R-free flags) flag value: 1

Number of work/free reflections by resolution:
                                  work free  %free
  bin  1: 3.9556 - 3.6288 [15/15]   11    4  26.7%
  bin  2: 3.6288 - 3.3888 [29/29]   29    0   0.0%
  bin  3: 3.3888 - 3.2018 [12/12]   12    0   0.0%
  bin  4: 3.2018 - 3.0502 [19/19]   19    0   0.0%
  bin  5: 3.0502 - 2.9238 [26/26]   22    4  15.4%
  bin  6: 2.9238 - 2.8161 [15/15]   11    4  26.7%
  bin  7: 2.8161 - 2.7227 [14/14]   14    0   0.0%
  bin  8: 2.7227 - 2.6405 [21/21]   21    0   0.0%
  bin  9: 2.6405 - 2.5674 [22/22]   22    0   0.0%
  bin 10: 2.5674 - 2.5019 [30/30]   28    2   6.7%
                          overall  189   14   6.9%

                   ----------Processing PDB file(s)----------                  

  Monomer Library directory:
    "/tmp1/m_zhen01/phenix-installer-1.10.1-2155-intel-linux-2.6-x86_64-centos5/phenix-1.10.1-2155/modules/chem_data/mon_lib"
  Total number of atoms: 37
  Number of models: 1
  Model: ""
    Number of chains: 1
    Chain: "A"
      Number of atoms: 37
      Number of conformers: 1
      Conformer: ""
        Number of residues, atoms: 3, 37
          Classifications: {'peptide': 3}
          Modifications used: {'NH2NOTPRO': 1, 'COOH': 1}
          Link IDs: {'TRANS': 2}
  Time building chain proxies: 0.07, per 1000 atoms: 1.89
  Number of scatterers: 37
  At special positions: 0
  Unit cell: (14.526, 12.333, 10.786, 90, 90, 90)
  Space group: P 1 (No. 1)
  Number of sites at special positions: 0
  Number of scattering types: 4
    Type Number    sf(0)
     O       4      8.00
     N       3      7.00
     C      13      6.00
     H      17      1.00
    sf(0) = scattering factor at diffraction angle 0.

  Number of disulfides: simple=0, symmetry=0

  Automatic linking
    Parameters for automatic linking
      Linking & cutoffs
        Metal                : False - 3.50
        Amimo acid           : False - 1.90
        Carbohydrate         : True  - 1.99
        Ligands              : True  - 1.99
        Amino acid - RNA/DNA : False
      
  Number of custom bonds: simple=0, symmetry=0
  Time building additional restraints: 0.02
  Conformation dependent library (CDL) restraints added in 2.8 milliseconds
  
  Adding C-beta torsion restraints...
  Number of C-beta restraints generated:  2
  Time building geometry restraints manager: 0.03 seconds

  NOTE: a complete listing of the restraints can be obtained by requesting
        output of .geo file.

  Histogram of bond lengths:
        0.87 -     1.01: 17
        1.01 -     1.14: 0
        1.14 -     1.27: 3
        1.27 -     1.41: 8
        1.41 -     1.54: 9
  Bond restraints: 37
  Sorted by residual:
  bond pdb=" CD2 PHE A   3 "
       pdb=" HD2 PHE A   3 "
    ideal  model  delta    sigma   weight residual
    0.930  0.970 -0.040 2.00e-02 2.50e+03 4.07e+00
  bond pdb=" CZ  PHE A   3 "
       pdb=" HZ  PHE A   3 "
    ideal  model  delta    sigma   weight residual
    0.930  0.893  0.037 2.00e-02 2.50e+03 3.39e+00
  bond pdb=" CA  PHE A   3 "
       pdb=" N   PHE A   3 "
    ideal  model  delta    sigma   weight residual
    1.458  1.424  0.034 1.90e-02 2.77e+03 3.26e+00
  bond pdb=" CA  PHE A   3 "
       pdb=" HA  PHE A   3 "
    ideal  model  delta    sigma   weight residual
    0.970  0.998 -0.028 2.00e-02 2.50e+03 1.90e+00
  bond pdb=" C   GLY A   1 "
       pdb=" CA  GLY A   1 "
    ideal  model  delta    sigma   weight residual
    1.516  1.540 -0.024 1.80e-02 3.09e+03 1.71e+00
  ... (remaining 32 not shown)

  Histogram of bond angle deviations from ideal:
      102.72 -   107.53: 9
      107.53 -   112.34: 13
      112.34 -   117.15: 9
      117.15 -   121.95: 22
      121.95 -   126.76: 7
  Bond angle restraints: 60
  Sorted by residual:
  angle pdb=" H1  GLY A   1 "
        pdb=" N   GLY A   1 "
        pdb=" H2  GLY A   1 "
      ideal   model   delta    sigma   weight residual
     109.47  116.22   -6.75 3.00e+00 1.11e-01 5.07e+00
  angle pdb=" C   GLY A   2 "
        pdb=" CA  GLY A   2 "
        pdb=" HA1 GLY A   2 "
      ideal   model   delta    sigma   weight residual
     109.00  102.72    6.28 3.00e+00 1.11e-01 4.38e+00
  angle pdb=" C   PHE A   3 "
        pdb=" OXT PHE A   3 "
        pdb=" HXT PHE A   3 "
      ideal   model   delta    sigma   weight residual
     108.00  113.13   -5.13 3.00e+00 1.11e-01 2.92e+00
  angle pdb=" OXT PHE A   3 "
        pdb=" C   PHE A   3 "
        pdb=" CA  PHE A   3 "
      ideal   model   delta    sigma   weight residual
     118.60  113.95    4.65 3.00e+00 1.11e-01 2.41e+00
  angle pdb=" C   GLY A   1 "
        pdb=" CA  GLY A   1 "
        pdb=" HA2 GLY A   1 "
      ideal   model   delta    sigma   weight residual
     109.00  104.53    4.47 3.00e+00 1.11e-01 2.22e+00
  ... (remaining 55 not shown)

  Histogram of dihedral angle deviations from ideal:
        0.25 -    35.56: 11
       35.56 -    70.86: 0
       70.86 -   106.17: 1
      106.17 -   141.48: 0
      141.48 -   176.79: 1
  Dihedral angle restraints: 13
    sinusoidal: 3
      harmonic: 10
  Sorted by residual:
  dihedral pdb=" O   PHE A   3 "
           pdb=" C   PHE A   3 "
           pdb=" OXT PHE A   3 "
           pdb=" HXT PHE A   3 "
      ideal   model   delta  harmonic     sigma   weight residual
       0.00 -176.79  176.79     0      3.00e+01 1.11e-03 3.47e+01
  dihedral pdb=" OXT PHE A   3 "
           pdb=" C   PHE A   3 "
           pdb=" CA  PHE A   3 "
           pdb=" N   PHE A   3 "
      ideal   model   delta sinusoidal    sigma   weight residual
     160.00   85.22   74.78     2      3.00e+01 1.11e-03 4.97e+00
  dihedral pdb=" C   PHE A   3 "
           pdb=" N   PHE A   3 "
           pdb=" CA  PHE A   3 "
           pdb=" CB  PHE A   3 "
      ideal   model   delta  harmonic     sigma   weight residual
    -122.60 -120.80   -1.80     0      2.50e+00 1.60e-01 5.19e-01
  ... (remaining 10 not shown)

  Histogram of chiral volume deviations from ideal:
       0.053 -    0.053: 1
       0.053 -    0.053: 0
       0.053 -    0.053: 0
       0.053 -    0.053: 0
       0.053 -    0.053: 0
  Chirality restraints: 1
  Sorted by residual:
  chirality pdb=" CA  PHE A   3 "
            pdb=" C   PHE A   3 "
            pdb=" N   PHE A   3 "
            pdb=" CB  PHE A   3 "
    both_signs  ideal   model   delta    sigma   weight residual
      False     -2.51   -2.46   -0.05 2.00e-01 2.50e+01 7.12e-02

  Planarity restraints: 6
  Sorted by residual:
                                 delta    sigma   weight rms_deltas residual
  plane pdb=" CB  PHE A   3 "    0.021 2.00e-02 2.50e+03   1.49e-02 6.69e+00
        pdb=" CG  PHE A   3 "   -0.030 2.00e-02 2.50e+03
        pdb=" CD2 PHE A   3 "   -0.002 2.00e-02 2.50e+03
        pdb=" HD2 PHE A   3 "    0.008 2.00e-02 2.50e+03
        pdb=" CE2 PHE A   3 "    0.007 2.00e-02 2.50e+03
        pdb=" HE2 PHE A   3 "   -0.011 2.00e-02 2.50e+03
        pdb=" CZ  PHE A   3 "    0.014 2.00e-02 2.50e+03
        pdb=" HZ  PHE A   3 "   -0.011 2.00e-02 2.50e+03
        pdb=" CE1 PHE A   3 "   -0.003 2.00e-02 2.50e+03
        pdb=" HE1 PHE A   3 "    0.018 2.00e-02 2.50e+03
        pdb=" CD1 PHE A   3 "    0.007 2.00e-02 2.50e+03
        pdb=" HD1 PHE A   3 "   -0.019 2.00e-02 2.50e+03
                                 delta    sigma   weight rms_deltas residual
  plane pdb=" C   GLY A   2 "   -0.030 2.00e-02 2.50e+03   1.76e-02 3.09e+00
        pdb=" O   GLY A   2 "    0.012 2.00e-02 2.50e+03
        pdb=" CA  GLY A   2 "    0.009 2.00e-02 2.50e+03
        pdb=" N   PHE A   3 "    0.010 2.00e-02 2.50e+03
                                 delta    sigma   weight rms_deltas residual
  plane pdb=" O   PHE A   3 "   -0.011 2.00e-02 2.50e+03   1.17e-02 1.70e+00
        pdb=" C   PHE A   3 "    0.011 2.00e-02 2.50e+03
        pdb=" OXT PHE A   3 "    0.014 2.00e-02 2.50e+03
        pdb=" HXT PHE A   3 "   -0.015 2.00e-02 2.50e+03
        pdb=" CA  PHE A   3 "    0.002 2.00e-02 2.50e+03
  ... (remaining 3 not shown)

  Histogram of nonbonded interaction distances:
        2.15 -     2.70: 41
        2.70 -     3.25: 54
        3.25 -     3.80: 55
        3.80 -     4.34: 52
        4.34 -     4.89: 88
  Nonbonded interactions: 290
  Sorted by model distance:
  nonbonded pdb=" HA2 GLY A   2 "
            pdb=" H   GLY A   2 "
     model   vdw
     2.151 1.816
  nonbonded pdb=" HA1 GLY A   1 "
            pdb=" H1  GLY A   1 "
     model   vdw
     2.154 1.816
  nonbonded pdb=" HXT PHE A   3 "
            pdb=" HA  PHE A   3 "
     model   vdw
     2.168 2.270
  nonbonded pdb=" HA1 GLY A   2 "
            pdb=" H   PHE A   3 "
     model   vdw
     2.212 2.270
  nonbonded pdb=" H   PHE A   3 "
            pdb=" HB1 PHE A   3 "
     model   vdw
     2.248 2.270
  ... (remaining 285 not shown)

  NOTE: a complete listing of the restraints can be obtained by requesting
        output of .geo file.

                   ----------xray_structure summary----------                  

Number of scattering types: 4
  Type Number    sf(0)   Gaussians
   O       4      7.97       2
   N       3      6.97       2
   C      13      5.97       2
   H      17      1.00       2
  sf(0) = scattering factor at diffraction angle 0.
Number of scatterers: 37
At special positions: 0
Unit cell: (14.526, 12.333, 10.786, 90, 90, 90)
Space group: P 1 (No. 1)

End of input processing
r_work=0.3617 r_free=0.2451
params.data_weight: 0.0
params.restraints: qm
rmsd(b), start:  0.0854
mc:   0 R: 0.3328 rmsd(b):  0.0270 restraint_scale:  1.0 min_steps: 52
mc:   1 R: 0.3300 rmsd(b):  0.0267 restraint_scale:  1.0 min_steps: 53
mc:   2 R: 0.3299 rmsd(b):  0.0266 restraint_scale:  1.0 min_steps: 12
Convergence reached, stop now.
see the result structure:  ./p26/04_results/opt_qm/226_GGF15-new/0.6/2.pdb
Time: 116.3462
