phenix.python
you are importing  adaptive calculator, and it does nothing. Please give it energy, force....... 

============================== Collecting inputs ==============================


                   ----------Processing X-ray data----------                   

F-obs:
  /scratch/m_zhen01/30993.lupus.uni-muenster.de/p26/02_mtz/202_WG08-new.mtz:F-obs
Miller array info: None
Observation type: xray.amplitude
Type of data: double, size=188
Type of sigmas: None
Number of Miller indices: 188
Anomalous flag: False
Unit cell: (13.881, 10.697, 12.924, 90, 90, 90)
Space group: P 1 (No. 1)
Systematic absences: 0
Centric reflections: 0
Resolution range: 3.9961 2.51249
Completeness in resolution range: 1
Completeness with d_max=infinity: 0.740157

Number of F-obs in resolution range:                   188
Number of F-obs<0 (these reflections will be rejected): 0
Number of F-obs=0 (these reflections will be used in refinement): 0
Refinement resolution range: d_max =   3.9961
                             d_min =   2.5125

R-free flags:
  /scratch/m_zhen01/30993.lupus.uni-muenster.de/p26/02_mtz/202_WG08-new.mtz:R-free-flags
Miller array info: /scratch/m_zhen01/30993.lupus.uni-muenster.de/p26/02_mtz/202_WG08-new.mtz:R-free-flags
Observation type: None
Type of data: int, size=188
Type of sigmas: None
Number of Miller indices: 188
Anomalous flag: False
Unit cell: (13.881, 10.697, 12.924, 90, 90, 90)
Space group: P 1 (No. 1)
Systematic absences: 0
Centric reflections: 0
Resolution range: 3.9961 2.51249
Completeness in resolution range: 1
Completeness with d_max=infinity: 0.740157
Wavelength: 1.0000

Test (R-free flags) flag value: 1

Number of work/free reflections by resolution:
                                  work free  %free
  bin  1: 3.9961 - 3.6593 [14/14]   14    0   0.0%
  bin  2: 3.6593 - 3.4133 [20/20]   19    1   5.0%
  bin  3: 3.4133 - 3.2224 [19/19]   18    1   5.3%
  bin  4: 3.2224 - 3.0682 [22/22]   22    0   0.0%
  bin  5: 3.0682 - 2.9398 [18/18]   18    0   0.0%
  bin  6: 2.9398 - 2.8305 [16/16]   16    0   0.0%
  bin  7: 2.8305 - 2.7358 [15/15]   11    4  26.7%
  bin  8: 2.7358 - 2.6527 [23/23]   19    4  17.4%
  bin  9: 2.6527 - 2.5788 [19/19]   19    0   0.0%
  bin 10: 2.5788 - 2.5125 [22/22]   22    0   0.0%
                          overall  178   10   5.3%

                   ----------Processing PDB file(s)----------                  

  Monomer Library directory:
    "/tmp1/m_zhen01/phenix-installer-1.10.1-2155-intel-linux-2.6-x86_64-centos5/phenix-1.10.1-2155/modules/chem_data/mon_lib"
  Total number of atoms: 34
  Number of models: 1
  Model: ""
    Number of chains: 1
    Chain: "A"
      Number of atoms: 34
      Number of conformers: 1
      Conformer: ""
        Number of residues, atoms: 2, 34
          Classifications: {'peptide': 2}
          Modifications used: {'NH2NOTPRO': 1, 'COOH': 1}
          Link IDs: {'TRANS': 1}
  Time building chain proxies: 0.07, per 1000 atoms: 2.06
  Number of scatterers: 34
  At special positions: 0
  Unit cell: (13.881, 10.697, 12.924, 90, 90, 90)
  Space group: P 1 (No. 1)
  Number of sites at special positions: 0
  Number of scattering types: 4
    Type Number    sf(0)
     O       3      8.00
     N       3      7.00
     C      13      6.00
     H      15      1.00
    sf(0) = scattering factor at diffraction angle 0.

  Number of disulfides: simple=0, symmetry=0

  Automatic linking
    Parameters for automatic linking
      Linking & cutoffs
        Metal                : False - 3.50
        Amimo acid           : False - 1.90
        Carbohydrate         : True  - 1.99
        Ligands              : True  - 1.99
        Amino acid - RNA/DNA : False
      
  Number of custom bonds: simple=0, symmetry=0
  Time building additional restraints: 0.02
  Conformation dependent library (CDL) restraints added in 511.2 microseconds
  
  Adding C-beta torsion restraints...
  Number of C-beta restraints generated:  2
  Time building geometry restraints manager: 0.03 seconds

  NOTE: a complete listing of the restraints can be obtained by requesting
        output of .geo file.

  Histogram of bond lengths:
        0.86 -     1.00: 14
        1.00 -     1.14: 1
        1.14 -     1.28: 2
        1.28 -     1.42: 11
        1.42 -     1.56: 7
  Bond restraints: 35
  Sorted by residual:
  bond pdb=" CB  TRP A   1 "
       pdb=" HB1 TRP A   1 "
    ideal  model  delta    sigma   weight residual
    0.970  0.904  0.066 2.00e-02 2.50e+03 1.08e+01
  bond pdb=" CZ3 TRP A   1 "
       pdb=" HZ3 TRP A   1 "
    ideal  model  delta    sigma   weight residual
    0.930  0.979 -0.049 2.00e-02 2.50e+03 5.96e+00
  bond pdb=" CA  TRP A   1 "
       pdb=" N   TRP A   1 "
    ideal  model  delta    sigma   weight residual
    1.458  1.492 -0.034 1.90e-02 2.77e+03 3.11e+00
  bond pdb=" CA  TRP A   1 "
       pdb=" HA  TRP A   1 "
    ideal  model  delta    sigma   weight residual
    0.970  1.005 -0.035 2.00e-02 2.50e+03 3.07e+00
  bond pdb=" CH2 TRP A   1 "
       pdb=" HH2 TRP A   1 "
    ideal  model  delta    sigma   weight residual
    0.930  0.964 -0.034 2.00e-02 2.50e+03 2.97e+00
  ... (remaining 30 not shown)

  Histogram of bond angle deviations from ideal:
      102.56 -   108.90: 12
      108.90 -   115.24: 14
      115.24 -   121.59: 16
      121.59 -   127.93: 13
      127.93 -   134.28: 2
  Bond angle restraints: 57
  Sorted by residual:
  angle pdb=" HB2 TRP A   1 "
        pdb=" CB  TRP A   1 "
        pdb=" CG  TRP A   1 "
      ideal   model   delta    sigma   weight residual
     108.00  102.56    5.44 3.00e+00 1.11e-01 3.29e+00
  angle pdb=" N   TRP A   1 "
        pdb=" CA  TRP A   1 "
        pdb=" CB  TRP A   1 "
      ideal   model   delta    sigma   weight residual
     110.50  113.42   -2.92 1.70e+00 3.46e-01 2.96e+00
  angle pdb=" CE2 TRP A   1 "
        pdb=" CZ2 TRP A   1 "
        pdb=" CH2 TRP A   1 "
      ideal   model   delta    sigma   weight residual
     117.50  115.81    1.69 1.30e+00 5.92e-01 1.69e+00
  angle pdb=" CA  TRP A   1 "
        pdb=" N   TRP A   1 "
        pdb=" H1  TRP A   1 "
      ideal   model   delta    sigma   weight residual
     109.47  113.21   -3.74 3.00e+00 1.11e-01 1.56e+00
  angle pdb=" CZ2 TRP A   1 "
        pdb=" CE2 TRP A   1 "
        pdb=" CD2 TRP A   1 "
      ideal   model   delta    sigma   weight residual
     122.40  123.63   -1.23 1.00e+00 1.00e+00 1.51e+00
  ... (remaining 52 not shown)

  Histogram of dihedral angle deviations from ideal:
        0.11 -    35.98: 11
       35.98 -    71.86: 1
       71.86 -   107.74: 0
      107.74 -   143.62: 0
      143.62 -   179.50: 1
  Dihedral angle restraints: 13
    sinusoidal: 3
      harmonic: 10
  Sorted by residual:
  dihedral pdb=" O   GLY A   2 "
           pdb=" C   GLY A   2 "
           pdb=" OXT GLY A   2 "
           pdb=" HXT GLY A   2 "
      ideal   model   delta  harmonic     sigma   weight residual
       0.00 -179.50  179.50     0      3.00e+01 1.11e-03 3.58e+01
  dihedral pdb=" OXT GLY A   2 "
           pdb=" C   GLY A   2 "
           pdb=" CA  GLY A   2 "
           pdb=" N   GLY A   2 "
      ideal   model   delta sinusoidal    sigma   weight residual
     160.00  106.53   53.47     2      3.00e+01 1.11e-03 3.44e+00
  dihedral pdb=" N   TRP A   1 "
           pdb=" C   TRP A   1 "
           pdb=" CA  TRP A   1 "
           pdb=" CB  TRP A   1 "
      ideal   model   delta  harmonic     sigma   weight residual
     122.80  125.69   -2.89     0      2.50e+00 1.60e-01 1.34e+00
  ... (remaining 10 not shown)

  Histogram of chiral volume deviations from ideal:
       0.005 -    0.005: 1
       0.005 -    0.005: 0
       0.005 -    0.005: 0
       0.005 -    0.005: 0
       0.005 -    0.005: 0
  Chirality restraints: 1
  Sorted by residual:
  chirality pdb=" CA  TRP A   1 "
            pdb=" C   TRP A   1 "
            pdb=" N   TRP A   1 "
            pdb=" CB  TRP A   1 "
    both_signs  ideal   model   delta    sigma   weight residual
      False     -2.51   -2.51   -0.01 2.00e-01 2.50e+01 6.62e-04

  Planarity restraints: 4
  Sorted by residual:
                                 delta    sigma   weight rms_deltas residual
  plane pdb=" C   TRP A   1 "    0.010 2.00e-02 2.50e+03   1.83e-02 3.36e+00
        pdb=" CA  GLY A   2 "    0.008 2.00e-02 2.50e+03
        pdb=" N   GLY A   2 "   -0.031 2.00e-02 2.50e+03
        pdb=" H   GLY A   2 "    0.014 2.00e-02 2.50e+03
                                 delta    sigma   weight rms_deltas residual
  plane pdb=" CB  TRP A   1 "   -0.008 2.00e-02 2.50e+03   9.05e-03 3.27e+00
        pdb=" CG  TRP A   1 "    0.017 2.00e-02 2.50e+03
        pdb=" CD1 TRP A   1 "    0.008 2.00e-02 2.50e+03
        pdb=" HD1 TRP A   1 "   -0.016 2.00e-02 2.50e+03
        pdb=" NE1 TRP A   1 "    0.013 2.00e-02 2.50e+03
        pdb=" HE1 TRP A   1 "   -0.003 2.00e-02 2.50e+03
        pdb=" CE2 TRP A   1 "   -0.001 2.00e-02 2.50e+03
        pdb=" CZ2 TRP A   1 "   -0.018 2.00e-02 2.50e+03
        pdb=" HZ2 TRP A   1 "    0.004 2.00e-02 2.50e+03
        pdb=" CH2 TRP A   1 "   -0.003 2.00e-02 2.50e+03
        pdb=" HH2 TRP A   1 "    0.008 2.00e-02 2.50e+03
        pdb=" CZ3 TRP A   1 "    0.002 2.00e-02 2.50e+03
        pdb=" HZ3 TRP A   1 "   -0.007 2.00e-02 2.50e+03
        pdb=" CE3 TRP A   1 "    0.004 2.00e-02 2.50e+03
        pdb=" HE3 TRP A   1 "    0.001 2.00e-02 2.50e+03
        pdb=" CD2 TRP A   1 "   -0.002 2.00e-02 2.50e+03
                                 delta    sigma   weight rms_deltas residual
  plane pdb=" O   GLY A   2 "    0.004 2.00e-02 2.50e+03   1.51e-02 2.86e+00
        pdb=" C   GLY A   2 "   -0.023 2.00e-02 2.50e+03
        pdb=" OXT GLY A   2 "    0.020 2.00e-02 2.50e+03
        pdb=" HXT GLY A   2 "   -0.010 2.00e-02 2.50e+03
        pdb=" CA  GLY A   2 "    0.010 2.00e-02 2.50e+03
  ... (remaining 1 not shown)

  Histogram of nonbonded interaction distances:
        1.97 -     2.55: 20
        2.55 -     3.14: 39
        3.14 -     3.72: 64
        3.72 -     4.31: 57
        4.31 -     4.89: 65
  Nonbonded interactions: 245
  Sorted by model distance:
  nonbonded pdb=" HXT GLY A   2 "
            pdb=" HA1 GLY A   2 "
     model   vdw
     1.970 2.270
  nonbonded pdb=" HA2 GLY A   2 "
            pdb=" H   GLY A   2 "
     model   vdw
     2.163 1.816
  nonbonded pdb=" HA  TRP A   1 "
            pdb=" HB1 TRP A   1 "
     model   vdw
     2.223 1.952
  nonbonded pdb=" H2  TRP A   1 "
            pdb=" H   GLY A   2 "
     model   vdw
     2.316 2.100
  nonbonded pdb=" HXT GLY A   2 "
            pdb=" CA  GLY A   2 "
     model   vdw
     2.331 2.376
  ... (remaining 240 not shown)

  NOTE: a complete listing of the restraints can be obtained by requesting
        output of .geo file.

                   ----------xray_structure summary----------                  

Number of scattering types: 4
  Type Number    sf(0)   Gaussians
   O       3      7.97       2
   N       3      6.97       2
   C      13      5.97       2
   H      15      1.00       2
  sf(0) = scattering factor at diffraction angle 0.
Number of scatterers: 34
At special positions: 0
Unit cell: (13.881, 10.697, 12.924, 90, 90, 90)
Space group: P 1 (No. 1)

End of input processing
r_work=0.4078 r_free=0.2919
params.data_weight: 0.0
params.restraints: cctbx
rmsd(b), start:  0.0831
mc:   0 R: 0.4105 rmsd(b):  0.0005 restraint_scale:  1.0 min_steps: 54
mc:   1 R: 0.4228 rmsd(b):  0.0011 restraint_scale:  1.0 min_steps: 54
mc:   2 R: 0.4380 rmsd(b):  0.0006 restraint_scale:  1.0 min_steps: 53
mc:   3 R: 0.4411 rmsd(b):  0.0008 restraint_scale:  1.0 min_steps: 52
mc:   4 R: 0.4493 rmsd(b):  0.0005 restraint_scale:  1.0 min_steps: 56
mc:   5 R: 0.4481 rmsd(b):  0.0005 restraint_scale:  1.0 min_steps: 54
mc:   6 R: 0.4518 rmsd(b):  0.0004 restraint_scale:  1.0 min_steps: 55
mc:   7 R: 0.4497 rmsd(b):  0.0005 restraint_scale:  1.0 min_steps: 54
mc:   8 R: 0.4509 rmsd(b):  0.0004 restraint_scale:  1.0 min_steps: 54
mc:   9 R: 0.4491 rmsd(b):  0.0004 restraint_scale:  1.0 min_steps: 55
mc:  10 R: 0.4500 rmsd(b):  0.0004 restraint_scale:  1.0 min_steps: 56
mc:  11 R: 0.4479 rmsd(b):  0.0003 restraint_scale:  1.0 min_steps: 56
mc:  12 R: 0.4488 rmsd(b):  0.0003 restraint_scale:  1.0 min_steps: 54
mc:  13 R: 0.4479 rmsd(b):  0.0003 restraint_scale:  1.0 min_steps: 56
mc:  14 R: 0.4488 rmsd(b):  0.0003 restraint_scale:  1.0 min_steps: 54
Convergence reached, stop now.
see the result structure:  ./p26/04_results/opt_cctbx/202_WG08-new/0.6/3.pdb
Time: 7.5259
