phenix.python
you are importing  adaptive calculator, and it does nothing. Please give it energy, force....... 

============================== Collecting inputs ==============================


                   ----------Processing X-ray data----------                   

F-obs:
  /scratch/m_zhen01/31011.lupus.uni-muenster.de/p26/02_mtz/206_WGG06-new.mtz:F-obs
Miller array info: None
Observation type: xray.amplitude
Type of data: double, size=218
Type of sigmas: None
Number of Miller indices: 218
Anomalous flag: False
Unit cell: (11.871, 13.983, 13.08, 90, 90, 90)
Space group: P 1 (No. 1)
Systematic absences: 0
Centric reflections: 0
Resolution range: 3.957 2.50337
Completeness in resolution range: 1
Completeness with d_max=infinity: 0.751724

Number of F-obs in resolution range:                   218
Number of F-obs<0 (these reflections will be rejected): 0
Number of F-obs=0 (these reflections will be used in refinement): 0
Refinement resolution range: d_max =   3.9570
                             d_min =   2.5034

R-free flags:
  /scratch/m_zhen01/31011.lupus.uni-muenster.de/p26/02_mtz/206_WGG06-new.mtz:R-free-flags
Miller array info: /scratch/m_zhen01/31011.lupus.uni-muenster.de/p26/02_mtz/206_WGG06-new.mtz:R-free-flags
Observation type: None
Type of data: int, size=218
Type of sigmas: None
Number of Miller indices: 218
Anomalous flag: False
Unit cell: (11.871, 13.983, 13.08, 90, 90, 90)
Space group: P 1 (No. 1)
Systematic absences: 0
Centric reflections: 0
Resolution range: 3.957 2.50337
Completeness in resolution range: 1
Completeness with d_max=infinity: 0.751724
Wavelength: 1.0000

Test (R-free flags) flag value: 1

Number of work/free reflections by resolution:
                                  work free  %free
  bin  1: 3.9570 - 3.6304 [23/23]   19    4  17.4%
  bin  2: 3.6304 - 3.3904 [21/21]   19    2   9.5%
  bin  3: 3.3904 - 3.2034 [19/19]   17    2  10.5%
  bin  4: 3.2034 - 3.0519 [24/24]   24    0   0.0%
  bin  5: 3.0519 - 2.9255 [25/25]   25    0   0.0%
  bin  6: 2.9255 - 2.8177 [18/18]   18    0   0.0%
  bin  7: 2.8177 - 2.7242 [23/23]   21    2   8.7%
  bin  8: 2.7242 - 2.6421 [30/30]   28    2   6.7%
  bin  9: 2.6421 - 2.5690 [11/11]   11    0   0.0%
  bin 10: 2.5690 - 2.5034 [24/24]   24    0   0.0%
                          overall  206   12   5.5%

                   ----------Processing PDB file(s)----------                  

  Monomer Library directory:
    "/tmp1/m_zhen01/phenix-installer-1.10.1-2155-intel-linux-2.6-x86_64-centos5/phenix-1.10.1-2155/modules/chem_data/mon_lib"
  Total number of atoms: 41
  Number of models: 1
  Model: ""
    Number of chains: 1
    Chain: "A"
      Number of atoms: 41
      Number of conformers: 1
      Conformer: ""
        Number of residues, atoms: 3, 41
          Classifications: {'peptide': 3}
          Modifications used: {'NH2NOTPRO': 1, 'COOH': 1}
          Link IDs: {'TRANS': 2}
  Time building chain proxies: 0.08, per 1000 atoms: 1.95
  Number of scatterers: 41
  At special positions: 0
  Unit cell: (11.871, 13.983, 13.08, 90, 90, 90)
  Space group: P 1 (No. 1)
  Number of sites at special positions: 0
  Number of scattering types: 4
    Type Number    sf(0)
     O       4      8.00
     N       4      7.00
     C      15      6.00
     H      18      1.00
    sf(0) = scattering factor at diffraction angle 0.

  Number of disulfides: simple=0, symmetry=0

  Automatic linking
    Parameters for automatic linking
      Linking & cutoffs
        Metal                : False - 3.50
        Amimo acid           : False - 1.90
        Carbohydrate         : True  - 1.99
        Ligands              : True  - 1.99
        Amino acid - RNA/DNA : False
      
  Number of custom bonds: simple=0, symmetry=0
  Time building additional restraints: 0.03
  Conformation dependent library (CDL) restraints added in 2.9 milliseconds
  
  Adding C-beta torsion restraints...
  Number of C-beta restraints generated:  2
  Time building geometry restraints manager: 0.03 seconds

  NOTE: a complete listing of the restraints can be obtained by requesting
        output of .geo file.

  Histogram of bond lengths:
        0.82 -     0.97: 16
        0.97 -     1.11: 2
        1.11 -     1.25: 2
        1.25 -     1.40: 11
        1.40 -     1.54: 11
  Bond restraints: 42
  Sorted by residual:
  bond pdb=" CB  TRP A   1 "
       pdb=" CG  TRP A   1 "
    ideal  model  delta    sigma   weight residual
    1.498  1.433  0.065 3.10e-02 1.04e+03 4.36e+00
  bond pdb=" CB  TRP A   1 "
       pdb=" HB2 TRP A   1 "
    ideal  model  delta    sigma   weight residual
    0.970  0.930  0.040 2.00e-02 2.50e+03 3.90e+00
  bond pdb=" N   GLY A   2 "
       pdb=" H   GLY A   2 "
    ideal  model  delta    sigma   weight residual
    0.860  0.822  0.038 2.00e-02 2.50e+03 3.59e+00
  bond pdb=" C   TRP A   1 "
       pdb=" O   TRP A   1 "
    ideal  model  delta    sigma   weight residual
    1.231  1.267 -0.036 2.00e-02 2.50e+03 3.26e+00
  bond pdb=" CB  TRP A   1 "
       pdb=" HB1 TRP A   1 "
    ideal  model  delta    sigma   weight residual
    0.970  0.935  0.035 2.00e-02 2.50e+03 2.98e+00
  ... (remaining 37 not shown)

  Histogram of bond angle deviations from ideal:
      102.72 -   108.99: 17
      108.99 -   115.26: 16
      115.26 -   121.53: 18
      121.53 -   127.80: 15
      127.80 -   134.07: 3
  Bond angle restraints: 69
  Sorted by residual:
  angle pdb=" HA  TRP A   1 "
        pdb=" CA  TRP A   1 "
        pdb=" CB  TRP A   1 "
      ideal   model   delta    sigma   weight residual
     109.00  102.72    6.28 3.00e+00 1.11e-01 4.38e+00
  angle pdb=" C   TRP A   1 "
        pdb=" N   GLY A   2 "
        pdb=" CA  GLY A   2 "
      ideal   model   delta    sigma   weight residual
     121.41  125.33   -3.92 1.96e+00 2.60e-01 4.00e+00
  angle pdb=" C   GLY A   3 "
        pdb=" CA  GLY A   3 "
        pdb=" HA2 GLY A   3 "
      ideal   model   delta    sigma   weight residual
     109.00  103.82    5.18 3.00e+00 1.11e-01 2.98e+00
  angle pdb=" CA  GLY A   3 "
        pdb=" N   GLY A   3 "
        pdb=" H   GLY A   3 "
      ideal   model   delta    sigma   weight residual
     114.00  109.31    4.69 3.00e+00 1.11e-01 2.45e+00
  angle pdb=" CH2 TRP A   1 "
        pdb=" CZ3 TRP A   1 "
        pdb=" HZ3 TRP A   1 "
      ideal   model   delta    sigma   weight residual
     119.45  123.93   -4.48 3.00e+00 1.11e-01 2.23e+00
  ... (remaining 64 not shown)

  Histogram of dihedral angle deviations from ideal:
        0.13 -    35.61: 12
       35.61 -    71.08: 1
       71.08 -   106.56: 0
      106.56 -   142.04: 0
      142.04 -   177.52: 1
  Dihedral angle restraints: 14
    sinusoidal: 3
      harmonic: 11
  Sorted by residual:
  dihedral pdb=" O   GLY A   3 "
           pdb=" C   GLY A   3 "
           pdb=" OXT GLY A   3 "
           pdb=" HXT GLY A   3 "
      ideal   model   delta  harmonic     sigma   weight residual
       0.00 -177.52  177.52     0      3.00e+01 1.11e-03 3.50e+01
  dihedral pdb=" OXT GLY A   3 "
           pdb=" C   GLY A   3 "
           pdb=" CA  GLY A   3 "
           pdb=" N   GLY A   3 "
      ideal   model   delta sinusoidal    sigma   weight residual
     160.00  101.70   58.30     2      3.00e+01 1.11e-03 3.86e+00
  dihedral pdb=" N   TRP A   1 "
           pdb=" CA  TRP A   1 "
           pdb=" CB  TRP A   1 "
           pdb=" CG  TRP A   1 "
      ideal   model   delta sinusoidal    sigma   weight residual
      60.00   80.16  -20.16     3      1.50e+01 4.44e-03 2.41e+00
  ... (remaining 11 not shown)

  Histogram of chiral volume deviations from ideal:
       0.017 -    0.017: 1
       0.017 -    0.017: 0
       0.017 -    0.017: 0
       0.017 -    0.017: 0
       0.017 -    0.017: 0
  Chirality restraints: 1
  Sorted by residual:
  chirality pdb=" CA  TRP A   1 "
            pdb=" C   TRP A   1 "
            pdb=" N   TRP A   1 "
            pdb=" CB  TRP A   1 "
    both_signs  ideal   model   delta    sigma   weight residual
      False     -2.51   -2.53    0.02 2.00e-01 2.50e+01 7.54e-03

  Planarity restraints: 6
  Sorted by residual:
                                 delta    sigma   weight rms_deltas residual
  plane pdb=" CB  TRP A   1 "   -0.014 2.00e-02 2.50e+03   1.79e-02 1.29e+01
        pdb=" CG  TRP A   1 "   -0.006 2.00e-02 2.50e+03
        pdb=" CD1 TRP A   1 "    0.021 2.00e-02 2.50e+03
        pdb=" HD1 TRP A   1 "    0.008 2.00e-02 2.50e+03
        pdb=" NE1 TRP A   1 "   -0.017 2.00e-02 2.50e+03
        pdb=" HE1 TRP A   1 "   -0.006 2.00e-02 2.50e+03
        pdb=" CE2 TRP A   1 "    0.002 2.00e-02 2.50e+03
        pdb=" CZ2 TRP A   1 "    0.025 2.00e-02 2.50e+03
        pdb=" HZ2 TRP A   1 "    0.002 2.00e-02 2.50e+03
        pdb=" CH2 TRP A   1 "   -0.018 2.00e-02 2.50e+03
        pdb=" HH2 TRP A   1 "   -0.012 2.00e-02 2.50e+03
        pdb=" CZ3 TRP A   1 "   -0.033 2.00e-02 2.50e+03
        pdb=" HZ3 TRP A   1 "    0.043 2.00e-02 2.50e+03
        pdb=" CE3 TRP A   1 "    0.003 2.00e-02 2.50e+03
        pdb=" HE3 TRP A   1 "   -0.005 2.00e-02 2.50e+03
        pdb=" CD2 TRP A   1 "    0.006 2.00e-02 2.50e+03
                                 delta    sigma   weight rms_deltas residual
  plane pdb=" O   GLY A   3 "   -0.008 2.00e-02 2.50e+03   1.37e-02 2.36e+00
        pdb=" C   GLY A   3 "   -0.004 2.00e-02 2.50e+03
        pdb=" OXT GLY A   3 "    0.023 2.00e-02 2.50e+03
        pdb=" HXT GLY A   3 "   -0.018 2.00e-02 2.50e+03
        pdb=" CA  GLY A   3 "    0.007 2.00e-02 2.50e+03
                                 delta    sigma   weight rms_deltas residual
  plane pdb=" C   GLY A   2 "   -0.005 2.00e-02 2.50e+03   9.71e-03 9.42e-01
        pdb=" CA  GLY A   3 "   -0.004 2.00e-02 2.50e+03
        pdb=" N   GLY A   3 "    0.017 2.00e-02 2.50e+03
        pdb=" H   GLY A   3 "   -0.007 2.00e-02 2.50e+03
  ... (remaining 3 not shown)

  Histogram of nonbonded interaction distances:
        2.05 -     2.62: 29
        2.62 -     3.19: 61
        3.19 -     3.76: 78
        3.76 -     4.33: 86
        4.33 -     4.90: 86
  Nonbonded interactions: 340
  Sorted by model distance:
  nonbonded pdb=" HA2 GLY A   3 "
            pdb=" H   GLY A   3 "
     model   vdw
     2.047 1.816
  nonbonded pdb=" HA1 GLY A   2 "
            pdb=" H   GLY A   2 "
     model   vdw
     2.066 1.816
  nonbonded pdb=" HA  TRP A   1 "
            pdb=" HB2 TRP A   1 "
     model   vdw
     2.115 1.952
  nonbonded pdb=" HXT GLY A   3 "
            pdb=" HA1 GLY A   3 "
     model   vdw
     2.223 2.270
  nonbonded pdb=" HZ3 TRP A   1 "
            pdb=" HE3 TRP A   1 "
     model   vdw
     2.237 1.680
  ... (remaining 335 not shown)

  NOTE: a complete listing of the restraints can be obtained by requesting
        output of .geo file.

                   ----------xray_structure summary----------                  

Number of scattering types: 4
  Type Number    sf(0)   Gaussians
   O       4      7.97       2
   N       4      6.97       2
   C      15      5.97       2
   H      18      1.00       2
  sf(0) = scattering factor at diffraction angle 0.
Number of scatterers: 41
At special positions: 0
Unit cell: (11.871, 13.983, 13.08, 90, 90, 90)
Space group: P 1 (No. 1)

End of input processing
r_work=0.4533 r_free=0.5114
params.data_weight: None
params.restraints: qm
rmsd(b), start:  0.0901
mc:   0 R: 0.2239 rmsd(b):  0.1751 restraint_scale:  2.0 min_steps: 31
mc:   1 R: 0.0293 rmsd(b):  0.0279 restraint_scale:  2.0 min_steps: 47
mc:   2 R: 0.0121 rmsd(b):  0.0328 restraint_scale:  4.0 min_steps: 23
mc:   3 R: 0.0114 rmsd(b):  0.0329 restraint_scale:  8.0 min_steps: 4
Convergence reached, stop now.
see the result structure:  ./p26/04_results/refine_qm/206_WGG06-new/0.6/1.pdb
Time: 171.0971
