phenix.python
you are importing  adaptive calculator, and it does nothing. Please give it energy, force....... 

============================== Collecting inputs ==============================


                   ----------Processing X-ray data----------                   

F-obs:
  /scratch/m_zhen01/30993.lupus.uni-muenster.de/p26/02_mtz/198_WG09-new.mtz:F-obs
Miller array info: None
Observation type: xray.amplitude
Type of data: double, size=207
Type of sigmas: None
Number of Miller indices: 207
Anomalous flag: False
Unit cell: (10.906, 14.623, 12.255, 90, 90, 90)
Space group: P 1 (No. 1)
Systematic absences: 0
Centric reflections: 0
Resolution range: 3.93437 2.5009
Completeness in resolution range: 1
Completeness with d_max=infinity: 0.763838

Number of F-obs in resolution range:                   207
Number of F-obs<0 (these reflections will be rejected): 0
Number of F-obs=0 (these reflections will be used in refinement): 0
Refinement resolution range: d_max =   3.9344
                             d_min =   2.5009

R-free flags:
  /scratch/m_zhen01/30993.lupus.uni-muenster.de/p26/02_mtz/198_WG09-new.mtz:R-free-flags
Miller array info: /scratch/m_zhen01/30993.lupus.uni-muenster.de/p26/02_mtz/198_WG09-new.mtz:R-free-flags
Observation type: None
Type of data: int, size=207
Type of sigmas: None
Number of Miller indices: 207
Anomalous flag: False
Unit cell: (10.906, 14.623, 12.255, 90, 90, 90)
Space group: P 1 (No. 1)
Systematic absences: 0
Centric reflections: 0
Resolution range: 3.93437 2.5009
Completeness in resolution range: 1
Completeness with d_max=infinity: 0.763838
Wavelength: 1.0000

Test (R-free flags) flag value: 1

Number of work/free reflections by resolution:
                                  work free  %free
  bin  1: 3.9344 - 3.6148 [18/18]   16    2  11.1%
  bin  2: 3.6148 - 3.3789 [30/30]   30    0   0.0%
  bin  3: 3.3789 - 3.1946 [ 8/8 ]    8    0   0.0%
  bin  4: 3.1946 - 3.0448 [23/23]   19    4  17.4%
  bin  5: 3.0448 - 2.9197 [23/23]   23    0   0.0%
  bin  6: 2.9197 - 2.8130 [20/20]   18    2  10.0%
  bin  7: 2.8130 - 2.7203 [15/15]   15    0   0.0%
  bin  8: 2.7203 - 2.6387 [22/22]   22    0   0.0%
  bin  9: 2.6387 - 2.5661 [18/18]   14    4  22.2%
  bin 10: 2.5661 - 2.5009 [30/30]   30    0   0.0%
                          overall  195   12   5.8%

                   ----------Processing PDB file(s)----------                  

  Monomer Library directory:
    "/tmp1/m_zhen01/phenix-installer-1.10.1-2155-intel-linux-2.6-x86_64-centos5/phenix-1.10.1-2155/modules/chem_data/mon_lib"
  Total number of atoms: 34
  Number of models: 1
  Model: ""
    Number of chains: 1
    Chain: "A"
      Number of atoms: 34
      Number of conformers: 1
      Conformer: ""
        Number of residues, atoms: 2, 34
          Classifications: {'peptide': 2}
          Modifications used: {'NH2NOTPRO': 1, 'COOH': 1}
          Link IDs: {'TRANS': 1}
  Time building chain proxies: 0.08, per 1000 atoms: 2.35
  Number of scatterers: 34
  At special positions: 0
  Unit cell: (10.906, 14.623, 12.255, 90, 90, 90)
  Space group: P 1 (No. 1)
  Number of sites at special positions: 0
  Number of scattering types: 4
    Type Number    sf(0)
     O       3      8.00
     N       3      7.00
     C      13      6.00
     H      15      1.00
    sf(0) = scattering factor at diffraction angle 0.

  Number of disulfides: simple=0, symmetry=0

  Automatic linking
    Parameters for automatic linking
      Linking & cutoffs
        Metal                : False - 3.50
        Amimo acid           : False - 1.90
        Carbohydrate         : True  - 1.99
        Ligands              : True  - 1.99
        Amino acid - RNA/DNA : False
      
  Number of custom bonds: simple=0, symmetry=0
  Time building additional restraints: 0.02
  Conformation dependent library (CDL) restraints added in 525.0 microseconds
  
  Adding C-beta torsion restraints...
  Number of C-beta restraints generated:  2
  Time building geometry restraints manager: 0.03 seconds

  NOTE: a complete listing of the restraints can be obtained by requesting
        output of .geo file.

  Histogram of bond lengths:
        0.80 -     0.95: 7
        0.95 -     1.09: 8
        1.09 -     1.24: 2
        1.24 -     1.38: 5
        1.38 -     1.53: 13
  Bond restraints: 35
  Sorted by residual:
  bond pdb=" NE1 TRP A   1 "
       pdb=" HE1 TRP A   1 "
    ideal  model  delta    sigma   weight residual
    0.860  0.801  0.059 2.00e-02 2.50e+03 8.79e+00
  bond pdb=" C   GLY A   2 "
       pdb=" CA  GLY A   2 "
    ideal  model  delta    sigma   weight residual
    1.516  1.474  0.042 1.80e-02 3.09e+03 5.34e+00
  bond pdb=" N   GLY A   2 "
       pdb=" H   GLY A   2 "
    ideal  model  delta    sigma   weight residual
    0.860  0.819  0.041 2.00e-02 2.50e+03 4.27e+00
  bond pdb=" CZ3 TRP A   1 "
       pdb=" CE3 TRP A   1 "
    ideal  model  delta    sigma   weight residual
    1.382  1.440 -0.058 3.00e-02 1.11e+03 3.75e+00
  bond pdb=" OXT GLY A   2 "
       pdb=" C   GLY A   2 "
    ideal  model  delta    sigma   weight residual
    1.330  1.295  0.035 2.00e-02 2.50e+03 3.04e+00
  ... (remaining 30 not shown)

  Histogram of bond angle deviations from ideal:
      102.07 -   108.48: 10
      108.48 -   114.89: 18
      114.89 -   121.31: 14
      121.31 -   127.72: 11
      127.72 -   134.13: 4
  Bond angle restraints: 57
  Sorted by residual:
  angle pdb=" CA  TRP A   1 "
        pdb=" N   TRP A   1 "
        pdb=" H1  TRP A   1 "
      ideal   model   delta    sigma   weight residual
     109.47  102.07    7.40 3.00e+00 1.11e-01 6.09e+00
  angle pdb=" C   TRP A   1 "
        pdb=" CA  TRP A   1 "
        pdb=" CB  TRP A   1 "
      ideal   model   delta    sigma   weight residual
     110.10  113.91   -3.81 1.90e+00 2.77e-01 4.02e+00
  angle pdb=" C   TRP A   1 "
        pdb=" N   GLY A   2 "
        pdb=" H   GLY A   2 "
      ideal   model   delta    sigma   weight residual
     124.30  128.89   -4.59 3.00e+00 1.11e-01 2.34e+00
  angle pdb=" HB2 TRP A   1 "
        pdb=" CB  TRP A   1 "
        pdb=" CG  TRP A   1 "
      ideal   model   delta    sigma   weight residual
     108.00  112.37   -4.37 3.00e+00 1.11e-01 2.12e+00
  angle pdb=" C   TRP A   1 "
        pdb=" CA  TRP A   1 "
        pdb=" N   TRP A   1 "
      ideal   model   delta    sigma   weight residual
     111.00  107.19    3.81 2.80e+00 1.28e-01 1.85e+00
  ... (remaining 52 not shown)

  Histogram of dihedral angle deviations from ideal:
        0.22 -     5.08: 10
        5.08 -     9.94: 1
        9.94 -    14.80: 0
       14.80 -    19.66: 1
       19.66 -    24.52: 1
  Dihedral angle restraints: 13
    sinusoidal: 3
      harmonic: 10
  Sorted by residual:
  dihedral pdb=" OXT GLY A   2 "
           pdb=" C   GLY A   2 "
           pdb=" CA  GLY A   2 "
           pdb=" N   GLY A   2 "
      ideal   model   delta sinusoidal    sigma   weight residual
     160.00 -175.48  -24.52     2      3.00e+01 1.11e-03 9.19e-01
  dihedral pdb=" CA  TRP A   1 "
           pdb=" CB  TRP A   1 "
           pdb=" CG  TRP A   1 "
           pdb=" CD1 TRP A   1 "
      ideal   model   delta sinusoidal    sigma   weight residual
      90.00   75.10   14.90     2      2.00e+01 2.50e-03 7.93e-01
  dihedral pdb=" CA  TRP A   1 "
           pdb=" C   TRP A   1 "
           pdb=" N   GLY A   2 "
           pdb=" CA  GLY A   2 "
      ideal   model   delta  harmonic     sigma   weight residual
     180.00  175.56    4.44     0      5.00e+00 4.00e-02 7.89e-01
  ... (remaining 10 not shown)

  Histogram of chiral volume deviations from ideal:
       0.037 -    0.037: 1
       0.037 -    0.037: 0
       0.037 -    0.037: 0
       0.037 -    0.037: 0
       0.037 -    0.037: 0
  Chirality restraints: 1
  Sorted by residual:
  chirality pdb=" CA  TRP A   1 "
            pdb=" C   TRP A   1 "
            pdb=" N   TRP A   1 "
            pdb=" CB  TRP A   1 "
    both_signs  ideal   model   delta    sigma   weight residual
      False     -2.51   -2.55    0.04 2.00e-01 2.50e+01 3.38e-02

  Planarity restraints: 4
  Sorted by residual:
                                 delta    sigma   weight rms_deltas residual
  plane pdb=" CB  TRP A   1 "   -0.028 2.00e-02 2.50e+03   1.68e-02 1.13e+01
        pdb=" CG  TRP A   1 "    0.017 2.00e-02 2.50e+03
        pdb=" CD1 TRP A   1 "    0.018 2.00e-02 2.50e+03
        pdb=" HD1 TRP A   1 "   -0.018 2.00e-02 2.50e+03
        pdb=" NE1 TRP A   1 "    0.004 2.00e-02 2.50e+03
        pdb=" HE1 TRP A   1 "    0.001 2.00e-02 2.50e+03
        pdb=" CE2 TRP A   1 "    0.005 2.00e-02 2.50e+03
        pdb=" CZ2 TRP A   1 "   -0.021 2.00e-02 2.50e+03
        pdb=" HZ2 TRP A   1 "    0.011 2.00e-02 2.50e+03
        pdb=" CH2 TRP A   1 "    0.019 2.00e-02 2.50e+03
        pdb=" HH2 TRP A   1 "   -0.016 2.00e-02 2.50e+03
        pdb=" CZ3 TRP A   1 "   -0.016 2.00e-02 2.50e+03
        pdb=" HZ3 TRP A   1 "   -0.004 2.00e-02 2.50e+03
        pdb=" CE3 TRP A   1 "   -0.009 2.00e-02 2.50e+03
        pdb=" HE3 TRP A   1 "    0.034 2.00e-02 2.50e+03
        pdb=" CD2 TRP A   1 "    0.002 2.00e-02 2.50e+03
                                 delta    sigma   weight rms_deltas residual
  plane pdb=" C   TRP A   1 "   -0.007 2.00e-02 2.50e+03   1.35e-02 1.84e+00
        pdb=" CA  GLY A   2 "   -0.005 2.00e-02 2.50e+03
        pdb=" N   GLY A   2 "    0.023 2.00e-02 2.50e+03
        pdb=" H   GLY A   2 "   -0.011 2.00e-02 2.50e+03
                                 delta    sigma   weight rms_deltas residual
  plane pdb=" OXT GLY A   2 "    0.001 2.00e-02 2.50e+03   3.46e-03 1.50e-01
        pdb=" C   GLY A   2 "   -0.007 2.00e-02 2.50e+03
        pdb=" O   GLY A   2 "    0.002 2.00e-02 2.50e+03
        pdb=" HXT GLY A   2 "    0.001 2.00e-02 2.50e+03
        pdb=" CA  GLY A   2 "    0.003 2.00e-02 2.50e+03
  ... (remaining 1 not shown)

  Histogram of nonbonded interaction distances:
        2.18 -     2.72: 25
        2.72 -     3.26: 44
        3.26 -     3.79: 41
        3.79 -     4.33: 44
        4.33 -     4.87: 63
  Nonbonded interactions: 217
  Sorted by model distance:
  nonbonded pdb=" O   GLY A   2 "
            pdb=" H   GLY A   2 "
     model   vdw
     2.179 1.970
  nonbonded pdb=" HA  TRP A   1 "
            pdb=" H1  TRP A   1 "
     model   vdw
     2.184 1.816
  nonbonded pdb=" HA  TRP A   1 "
            pdb=" H   GLY A   2 "
     model   vdw
     2.298 2.270
  nonbonded pdb=" HH2 TRP A   1 "
            pdb=" HZ3 TRP A   1 "
     model   vdw
     2.303 1.680
  nonbonded pdb=" O   GLY A   2 "
            pdb=" HXT GLY A   2 "
     model   vdw
     2.332 2.056
  ... (remaining 212 not shown)

  NOTE: a complete listing of the restraints can be obtained by requesting
        output of .geo file.

                   ----------xray_structure summary----------                  

Number of scattering types: 4
  Type Number    sf(0)   Gaussians
   O       3      7.97       2
   N       3      6.97       2
   C      13      5.97       2
   H      15      1.00       2
  sf(0) = scattering factor at diffraction angle 0.
Number of scatterers: 34
At special positions: 0
Unit cell: (10.906, 14.623, 12.255, 90, 90, 90)
Space group: P 1 (No. 1)

End of input processing
r_work=0.5728 r_free=0.6203
params.data_weight: 0.0
params.restraints: cctbx
rmsd(b), start:  0.0874
mc:   0 R: 0.5653 rmsd(b):  0.0007 restraint_scale:  1.0 min_steps: 53
mc:   1 R: 0.5612 rmsd(b):  0.0008 restraint_scale:  1.0 min_steps: 55
mc:   2 R: 0.5603 rmsd(b):  0.0004 restraint_scale:  1.0 min_steps: 54
mc:   3 R: 0.5587 rmsd(b):  0.0006 restraint_scale:  1.0 min_steps: 55
mc:   4 R: 0.5586 rmsd(b):  0.0004 restraint_scale:  1.0 min_steps: 55
mc:   5 R: 0.5579 rmsd(b):  0.0004 restraint_scale:  1.0 min_steps: 56
mc:   6 R: 0.5557 rmsd(b):  0.0004 restraint_scale:  1.0 min_steps: 55
mc:   7 R: 0.5551 rmsd(b):  0.0004 restraint_scale:  1.0 min_steps: 55
mc:   8 R: 0.5522 rmsd(b):  0.0004 restraint_scale:  1.0 min_steps: 55
mc:   9 R: 0.5520 rmsd(b):  0.0003 restraint_scale:  1.0 min_steps: 54
mc:  10 R: 0.5502 rmsd(b):  0.0004 restraint_scale:  1.0 min_steps: 53
mc:  11 R: 0.5500 rmsd(b):  0.0003 restraint_scale:  1.0 min_steps: 56
Convergence reached, stop now.
see the result structure:  ./p26/04_results/opt_cctbx/198_WG09-new/1.2/3.pdb
Time: 6.8108
