phenix.python
you are importing  adaptive calculator, and it does nothing. Please give it energy, force....... 

============================== Collecting inputs ==============================


                   ----------Processing X-ray data----------                   

F-obs:
  /scratch/m_zhen01/30994.lupus.uni-muenster.de/p26/02_mtz/251_GFA04-new.mtz:F-obs
Miller array info: None
Observation type: xray.amplitude
Type of data: double, size=233
Type of sigmas: None
Number of Miller indices: 233
Anomalous flag: False
Unit cell: (14.309, 10.346, 15.667, 90, 90, 90)
Space group: P 1 (No. 1)
Systematic absences: 0
Centric reflections: 0
Resolution range: 3.91675 2.50414
Completeness in resolution range: 1
Completeness with d_max=infinity: 0.744409

Number of F-obs in resolution range:                   233
Number of F-obs<0 (these reflections will be rejected): 0
Number of F-obs=0 (these reflections will be used in refinement): 0
Refinement resolution range: d_max =   3.9167
                             d_min =   2.5041

R-free flags:
  /scratch/m_zhen01/30994.lupus.uni-muenster.de/p26/02_mtz/251_GFA04-new.mtz:R-free-flags
Miller array info: /scratch/m_zhen01/30994.lupus.uni-muenster.de/p26/02_mtz/251_GFA04-new.mtz:R-free-flags
Observation type: None
Type of data: int, size=233
Type of sigmas: None
Number of Miller indices: 233
Anomalous flag: False
Unit cell: (14.309, 10.346, 15.667, 90, 90, 90)
Space group: P 1 (No. 1)
Systematic absences: 0
Centric reflections: 0
Resolution range: 3.91675 2.50414
Completeness in resolution range: 1
Completeness with d_max=infinity: 0.744409
Wavelength: 1.0000

Test (R-free flags) flag value: 1

Number of work/free reflections by resolution:
                                  work free  %free
  bin  1: 3.9168 - 3.6049 [19/19]   19    0   0.0%
  bin  2: 3.6049 - 3.3733 [24/24]   24    0   0.0%
  bin  3: 3.3733 - 3.1918 [30/30]   28    2   6.7%
  bin  4: 3.1918 - 3.0439 [25/25]   23    2   8.0%
  bin  5: 3.0439 - 2.9201 [12/12]   12    0   0.0%
  bin  6: 2.9201 - 2.8142 [35/35]   31    4  11.4%
  bin  7: 2.8142 - 2.7222 [16/16]   16    0   0.0%
  bin  8: 2.7222 - 2.6412 [14/14]   14    0   0.0%
  bin  9: 2.6412 - 2.5690 [22/22]   22    0   0.0%
  bin 10: 2.5690 - 2.5041 [36/36]   34    2   5.6%
                          overall  223   10   4.3%

                   ----------Processing PDB file(s)----------                  

  Monomer Library directory:
    "/tmp1/m_zhen01/phenix-installer-1.10.1-2155-intel-linux-2.6-x86_64-centos5/phenix-1.10.1-2155/modules/chem_data/mon_lib"
  Total number of atoms: 40
  Number of models: 1
  Model: ""
    Number of chains: 1
    Chain: "A"
      Number of atoms: 40
      Number of conformers: 1
      Conformer: ""
        Number of residues, atoms: 3, 40
          Classifications: {'peptide': 3}
          Modifications used: {'NH2NOTPRO': 1, 'COOH': 1}
          Link IDs: {'TRANS': 2}
  Time building chain proxies: 0.09, per 1000 atoms: 2.25
  Number of scatterers: 40
  At special positions: 0
  Unit cell: (14.309, 10.346, 15.667, 90, 90, 90)
  Space group: P 1 (No. 1)
  Number of sites at special positions: 0
  Number of scattering types: 4
    Type Number    sf(0)
     O       4      8.00
     N       3      7.00
     C      14      6.00
     H      19      1.00
    sf(0) = scattering factor at diffraction angle 0.

  Number of disulfides: simple=0, symmetry=0

  Automatic linking
    Parameters for automatic linking
      Linking & cutoffs
        Metal                : False - 3.50
        Amimo acid           : False - 1.90
        Carbohydrate         : True  - 1.99
        Ligands              : True  - 1.99
        Amino acid - RNA/DNA : False
      
  Number of custom bonds: simple=0, symmetry=0
  Time building additional restraints: 0.03
  Conformation dependent library (CDL) restraints added in 3.9 milliseconds
  
  Adding C-beta torsion restraints...
  Number of C-beta restraints generated:  4
  Time building geometry restraints manager: 0.04 seconds

  NOTE: a complete listing of the restraints can be obtained by requesting
        output of .geo file.

  Histogram of bond lengths:
        0.82 -     0.97: 10
        0.97 -     1.12: 9
        1.12 -     1.27: 3
        1.27 -     1.41: 9
        1.41 -     1.56: 9
  Bond restraints: 40
  Sorted by residual:
  bond pdb=" N   ALA A   3 "
       pdb=" H   ALA A   3 "
    ideal  model  delta    sigma   weight residual
    0.860  0.927 -0.067 2.00e-02 2.50e+03 1.12e+01
  bond pdb=" CZ  PHE A   2 "
       pdb=" HZ  PHE A   2 "
    ideal  model  delta    sigma   weight residual
    0.930  0.995 -0.065 2.00e-02 2.50e+03 1.05e+01
  bond pdb=" CD1 PHE A   2 "
       pdb=" HD1 PHE A   2 "
    ideal  model  delta    sigma   weight residual
    0.930  0.973 -0.043 2.00e-02 2.50e+03 4.52e+00
  bond pdb=" CA  PHE A   2 "
       pdb=" HA  PHE A   2 "
    ideal  model  delta    sigma   weight residual
    0.970  1.011 -0.041 2.00e-02 2.50e+03 4.22e+00
  bond pdb=" C   PHE A   2 "
       pdb=" N   ALA A   3 "
    ideal  model  delta    sigma   weight residual
    1.329  1.301  0.028 1.40e-02 5.10e+03 4.10e+00
  ... (remaining 35 not shown)

  Histogram of bond angle deviations from ideal:
      102.42 -   107.44: 10
      107.44 -   112.46: 19
      112.46 -   117.49: 9
      117.49 -   122.51: 23
      122.51 -   127.53: 5
  Bond angle restraints: 66
  Sorted by residual:
  angle pdb=" O   ALA A   3 "
        pdb=" C   ALA A   3 "
        pdb=" CA  ALA A   3 "
      ideal   model   delta    sigma   weight residual
     118.60  112.01    6.59 3.00e+00 1.11e-01 4.82e+00
  angle pdb=" C   GLY A   1 "
        pdb=" CA  GLY A   1 "
        pdb=" HA1 GLY A   1 "
      ideal   model   delta    sigma   weight residual
     109.00  102.42    6.58 3.00e+00 1.11e-01 4.82e+00
  angle pdb=" C   PHE A   2 "
        pdb=" CA  PHE A   2 "
        pdb=" N   PHE A   2 "
      ideal   model   delta    sigma   weight residual
     110.20  113.26   -3.06 1.58e+00 4.01e-01 3.74e+00
  angle pdb=" HA  ALA A   3 "
        pdb=" CA  ALA A   3 "
        pdb=" N   ALA A   3 "
      ideal   model   delta    sigma   weight residual
     110.00  104.57    5.43 3.00e+00 1.11e-01 3.27e+00
  angle pdb=" HB1 PHE A   2 "
        pdb=" CB  PHE A   2 "
        pdb=" CG  PHE A   2 "
      ideal   model   delta    sigma   weight residual
     108.00  103.12    4.88 3.00e+00 1.11e-01 2.65e+00
  ... (remaining 61 not shown)

  Histogram of dihedral angle deviations from ideal:
        0.04 -     6.70: 11
        6.70 -    13.37: 4
       13.37 -    20.03: 0
       20.03 -    26.70: 0
       26.70 -    33.36: 1
  Dihedral angle restraints: 16
    sinusoidal: 4
      harmonic: 12
  Sorted by residual:
  dihedral pdb=" CA  GLY A   1 "
           pdb=" C   GLY A   1 "
           pdb=" N   PHE A   2 "
           pdb=" CA  PHE A   2 "
      ideal   model   delta  harmonic     sigma   weight residual
     180.00  173.15    6.85     0      5.00e+00 4.00e-02 1.88e+00
  dihedral pdb=" OXT ALA A   3 "
           pdb=" C   ALA A   3 "
           pdb=" CA  ALA A   3 "
           pdb=" N   ALA A   3 "
      ideal   model   delta sinusoidal    sigma   weight residual
     160.00  126.64   33.36     2      3.00e+01 1.11e-03 1.61e+00
  dihedral pdb=" C   PHE A   2 "
           pdb=" N   PHE A   2 "
           pdb=" CA  PHE A   2 "
           pdb=" CB  PHE A   2 "
      ideal   model   delta  harmonic     sigma   weight residual
    -122.60 -125.52    2.92     0      2.50e+00 1.60e-01 1.36e+00
  ... (remaining 13 not shown)

  Histogram of chiral volume deviations from ideal:
       0.094 -    0.097: 1
       0.097 -    0.100: 0
       0.100 -    0.103: 0
       0.103 -    0.106: 0
       0.106 -    0.109: 1
  Chirality restraints: 2
  Sorted by residual:
  chirality pdb=" CA  ALA A   3 "
            pdb=" C   ALA A   3 "
            pdb=" CB  ALA A   3 "
            pdb=" N   ALA A   3 "
    both_signs  ideal   model   delta    sigma   weight residual
      False      2.48    2.59   -0.11 2.00e-01 2.50e+01 2.98e-01
  chirality pdb=" CA  PHE A   2 "
            pdb=" CB  PHE A   2 "
            pdb=" C   PHE A   2 "
            pdb=" N   PHE A   2 "
    both_signs  ideal   model   delta    sigma   weight residual
      False     -2.51   -2.42   -0.09 2.00e-01 2.50e+01 2.19e-01

  Planarity restraints: 6
  Sorted by residual:
                                 delta    sigma   weight rms_deltas residual
  plane pdb=" CB  PHE A   2 "   -0.012 2.00e-02 2.50e+03   1.20e-02 4.35e+00
        pdb=" CG  PHE A   2 "    0.003 2.00e-02 2.50e+03
        pdb=" CD1 PHE A   2 "    0.006 2.00e-02 2.50e+03
        pdb=" HD1 PHE A   2 "    0.013 2.00e-02 2.50e+03
        pdb=" CE1 PHE A   2 "   -0.013 2.00e-02 2.50e+03
        pdb=" HE1 PHE A   2 "   -0.010 2.00e-02 2.50e+03
        pdb=" CZ  PHE A   2 "    0.023 2.00e-02 2.50e+03
        pdb=" HZ  PHE A   2 "   -0.013 2.00e-02 2.50e+03
        pdb=" CE2 PHE A   2 "    0.017 2.00e-02 2.50e+03
        pdb=" HE2 PHE A   2 "   -0.010 2.00e-02 2.50e+03
        pdb=" CD2 PHE A   2 "   -0.002 2.00e-02 2.50e+03
        pdb=" HD2 PHE A   2 "   -0.001 2.00e-02 2.50e+03
                                 delta    sigma   weight rms_deltas residual
  plane pdb=" C   GLY A   1 "   -0.029 2.00e-02 2.50e+03   1.66e-02 2.74e+00
        pdb=" O   GLY A   1 "    0.011 2.00e-02 2.50e+03
        pdb=" CA  GLY A   1 "    0.008 2.00e-02 2.50e+03
        pdb=" N   PHE A   2 "    0.009 2.00e-02 2.50e+03
                                 delta    sigma   weight rms_deltas residual
  plane pdb=" O   ALA A   3 "   -0.011 2.00e-02 2.50e+03   1.38e-02 2.38e+00
        pdb=" C   ALA A   3 "    0.018 2.00e-02 2.50e+03
        pdb=" OXT ALA A   3 "   -0.019 2.00e-02 2.50e+03
        pdb=" HXT ALA A   3 "    0.011 2.00e-02 2.50e+03
        pdb=" CA  ALA A   3 "    0.000 2.00e-02 2.50e+03
  ... (remaining 3 not shown)

  Histogram of nonbonded interaction distances:
        1.91 -     2.51: 22
        2.51 -     3.11: 51
        3.11 -     3.70: 60
        3.70 -     4.30: 84
        4.30 -     4.90: 84
  Nonbonded interactions: 301
  Sorted by model distance:
  nonbonded pdb=" HA2 GLY A   1 "
            pdb=" H2  GLY A   1 "
     model   vdw
     1.911 1.816
  nonbonded pdb=" HA1 GLY A   1 "
            pdb=" H1  GLY A   1 "
     model   vdw
     2.180 1.816
  nonbonded pdb=" HB1 ALA A   3 "
            pdb=" H   ALA A   3 "
     model   vdw
     2.196 2.270
  nonbonded pdb=" HA  PHE A   2 "
            pdb=" H   ALA A   3 "
     model   vdw
     2.196 2.270
  nonbonded pdb=" O   ALA A   3 "
            pdb=" HXT ALA A   3 "
     model   vdw
     2.260 2.056
  ... (remaining 296 not shown)

  NOTE: a complete listing of the restraints can be obtained by requesting
        output of .geo file.

                   ----------xray_structure summary----------                  

Number of scattering types: 4
  Type Number    sf(0)   Gaussians
   O       4      7.97       2
   N       3      6.97       2
   C      14      5.97       2
   H      19      1.00       2
  sf(0) = scattering factor at diffraction angle 0.
Number of scatterers: 40
At special positions: 0
Unit cell: (14.309, 10.346, 15.667, 90, 90, 90)
Space group: P 1 (No. 1)

End of input processing
r_work=0.5351 r_free=0.5330
params.data_weight: 0.0
params.restraints: qm
rmsd(b), start:  0.0785
mc:   0 R: 0.5203 rmsd(b):  0.0287 restraint_scale:  1.0 min_steps: 52
mc:   1 R: 0.5145 rmsd(b):  0.0284 restraint_scale:  1.0 min_steps: 53
mc:   2 R: 0.5166 rmsd(b):  0.0286 restraint_scale:  1.0 min_steps: 56
mc:   3 R: 0.5082 rmsd(b):  0.0277 restraint_scale:  1.0 min_steps: 54
mc:   4 R: 0.5082 rmsd(b):  0.0277 restraint_scale:  1.0 min_steps: 46
mc:   5 R: 0.5082 rmsd(b):  0.0277 restraint_scale:  1.0 min_steps: 1
Convergence reached, stop now.
see the result structure:  ./p26/04_results/opt_qm/251_GFA04-new/1.2/0.pdb
Time: 261.7551
