phenix.python
you are importing  adaptive calculator, and it does nothing. Please give it energy, force....... 

============================== Collecting inputs ==============================


                   ----------Processing X-ray data----------                   

F-obs:
  /scratch/m_zhen01/30995.lupus.uni-muenster.de/p26/02_mtz/214_WGG01-new.mtz:F-obs
Miller array info: None
Observation type: xray.amplitude
Type of data: double, size=217
Type of sigmas: None
Number of Miller indices: 217
Anomalous flag: False
Unit cell: (13.095, 10.667, 15.45, 90, 90, 90)
Space group: P 1 (No. 1)
Systematic absences: 0
Centric reflections: 0
Resolution range: 3.99458 2.5031
Completeness in resolution range: 1
Completeness with d_max=infinity: 0.756098

Number of F-obs in resolution range:                   217
Number of F-obs<0 (these reflections will be rejected): 0
Number of F-obs=0 (these reflections will be used in refinement): 0
Refinement resolution range: d_max =   3.9946
                             d_min =   2.5031

R-free flags:
  /scratch/m_zhen01/30995.lupus.uni-muenster.de/p26/02_mtz/214_WGG01-new.mtz:R-free-flags
Miller array info: /scratch/m_zhen01/30995.lupus.uni-muenster.de/p26/02_mtz/214_WGG01-new.mtz:R-free-flags
Observation type: None
Type of data: int, size=217
Type of sigmas: None
Number of Miller indices: 217
Anomalous flag: False
Unit cell: (13.095, 10.667, 15.45, 90, 90, 90)
Space group: P 1 (No. 1)
Systematic absences: 0
Centric reflections: 0
Resolution range: 3.99458 2.5031
Completeness in resolution range: 1
Completeness with d_max=infinity: 0.756098
Wavelength: 1.0000

Test (R-free flags) flag value: 1

Number of work/free reflections by resolution:
                                  work free  %free
  bin  1: 3.9946 - 3.6541 [19/19]   15    4  21.1%
  bin  2: 3.6541 - 3.4062 [23/23]   23    0   0.0%
  bin  3: 3.4062 - 3.2143 [21/21]   19    2   9.5%
  bin  4: 3.2143 - 3.0595 [33/33]   33    0   0.0%
  bin  5: 3.0595 - 2.9307 [10/10]   10    0   0.0%
  bin  6: 2.9307 - 2.8212 [28/28]   28    0   0.0%
  bin  7: 2.8212 - 2.7265 [16/16]   12    4  25.0%
  bin  8: 2.7265 - 2.6433 [19/19]   19    0   0.0%
  bin  9: 2.6433 - 2.5694 [26/26]   22    4  15.4%
  bin 10: 2.5694 - 2.5031 [22/22]   22    0   0.0%
                          overall  203   14   6.5%

                   ----------Processing PDB file(s)----------                  

  Monomer Library directory:
    "/tmp1/m_zhen01/phenix-installer-1.10.1-2155-intel-linux-2.6-x86_64-centos5/phenix-1.10.1-2155/modules/chem_data/mon_lib"
  Total number of atoms: 41
  Number of models: 1
  Model: ""
    Number of chains: 1
    Chain: "A"
      Number of atoms: 41
      Number of conformers: 1
      Conformer: ""
        Number of residues, atoms: 3, 41
          Classifications: {'peptide': 3}
          Modifications used: {'NH2NOTPRO': 1, 'COOH': 1}
          Link IDs: {'TRANS': 2}
  Time building chain proxies: 0.07, per 1000 atoms: 1.71
  Number of scatterers: 41
  At special positions: 0
  Unit cell: (13.095, 10.667, 15.45, 90, 90, 90)
  Space group: P 1 (No. 1)
  Number of sites at special positions: 0
  Number of scattering types: 4
    Type Number    sf(0)
     O       4      8.00
     N       4      7.00
     C      15      6.00
     H      18      1.00
    sf(0) = scattering factor at diffraction angle 0.

  Number of disulfides: simple=0, symmetry=0

  Automatic linking
    Parameters for automatic linking
      Linking & cutoffs
        Metal                : False - 3.50
        Amimo acid           : False - 1.90
        Carbohydrate         : True  - 1.99
        Ligands              : True  - 1.99
        Amino acid - RNA/DNA : False
      
  Number of custom bonds: simple=0, symmetry=0
  Time building additional restraints: 0.02
  Conformation dependent library (CDL) restraints added in 2.4 milliseconds
  
  Adding C-beta torsion restraints...
  Number of C-beta restraints generated:  2
  Time building geometry restraints manager: 0.03 seconds

  NOTE: a complete listing of the restraints can be obtained by requesting
        output of .geo file.

  Histogram of bond lengths:
        0.84 -     0.99: 15
        0.99 -     1.13: 3
        1.13 -     1.27: 3
        1.27 -     1.41: 11
        1.41 -     1.55: 10
  Bond restraints: 42
  Sorted by residual:
  bond pdb=" CZ3 TRP A   1 "
       pdb=" HZ3 TRP A   1 "
    ideal  model  delta    sigma   weight residual
    0.930  0.853  0.077 2.00e-02 2.50e+03 1.48e+01
  bond pdb=" C   TRP A   1 "
       pdb=" N   GLY A   2 "
    ideal  model  delta    sigma   weight residual
    1.331  1.382 -0.052 1.46e-02 4.69e+03 1.26e+01
  bond pdb=" O   GLY A   3 "
       pdb=" C   GLY A   3 "
    ideal  model  delta    sigma   weight residual
    1.185  1.220 -0.035 2.00e-02 2.50e+03 3.09e+00
  bond pdb=" CB  TRP A   1 "
       pdb=" HB2 TRP A   1 "
    ideal  model  delta    sigma   weight residual
    0.970  0.936  0.034 2.00e-02 2.50e+03 2.87e+00
  bond pdb=" CD1 TRP A   1 "
       pdb=" HD1 TRP A   1 "
    ideal  model  delta    sigma   weight residual
    0.930  0.961 -0.031 2.00e-02 2.50e+03 2.35e+00
  ... (remaining 37 not shown)

  Histogram of bond angle deviations from ideal:
      104.80 -   110.83: 25
      110.83 -   116.86: 10
      116.86 -   122.90: 25
      122.90 -   128.93: 7
      128.93 -   134.97: 2
  Bond angle restraints: 69
  Sorted by residual:
  angle pdb=" CA  GLY A   3 "
        pdb=" N   GLY A   3 "
        pdb=" H   GLY A   3 "
      ideal   model   delta    sigma   weight residual
     114.00  121.51   -7.51 3.00e+00 1.11e-01 6.27e+00
  angle pdb=" O   GLY A   2 "
        pdb=" C   GLY A   2 "
        pdb=" CA  GLY A   2 "
      ideal   model   delta    sigma   weight residual
     120.57  116.38    4.19 1.74e+00 3.30e-01 5.81e+00
  angle pdb=" C   GLY A   2 "
        pdb=" N   GLY A   3 "
        pdb=" H   GLY A   3 "
      ideal   model   delta    sigma   weight residual
     124.30  118.15    6.15 3.00e+00 1.11e-01 4.20e+00
  angle pdb=" C   GLY A   3 "
        pdb=" CA  GLY A   3 "
        pdb=" N   GLY A   3 "
      ideal   model   delta    sigma   weight residual
     113.30  107.76    5.54 2.90e+00 1.19e-01 3.65e+00
  angle pdb=" CA  GLY A   2 "
        pdb=" C   GLY A   2 "
        pdb=" N   GLY A   3 "
      ideal   model   delta    sigma   weight residual
     116.69  120.58   -3.89 2.04e+00 2.40e-01 3.63e+00
  ... (remaining 64 not shown)

  Histogram of dihedral angle deviations from ideal:
        0.09 -    35.46: 12
       35.46 -    70.83: 1
       70.83 -   106.20: 0
      106.20 -   141.57: 0
      141.57 -   176.93: 1
  Dihedral angle restraints: 14
    sinusoidal: 3
      harmonic: 11
  Sorted by residual:
  dihedral pdb=" O   GLY A   3 "
           pdb=" C   GLY A   3 "
           pdb=" OXT GLY A   3 "
           pdb=" HXT GLY A   3 "
      ideal   model   delta  harmonic     sigma   weight residual
       0.00  176.93 -176.93     0      3.00e+01 1.11e-03 3.48e+01
  dihedral pdb=" OXT GLY A   3 "
           pdb=" C   GLY A   3 "
           pdb=" CA  GLY A   3 "
           pdb=" N   GLY A   3 "
      ideal   model   delta sinusoidal    sigma   weight residual
     160.00  121.22   38.78     2      3.00e+01 1.11e-03 2.09e+00
  dihedral pdb=" CA  GLY A   2 "
           pdb=" C   GLY A   2 "
           pdb=" N   GLY A   3 "
           pdb=" CA  GLY A   3 "
      ideal   model   delta  harmonic     sigma   weight residual
     180.00  173.37    6.63     0      5.00e+00 4.00e-02 1.76e+00
  ... (remaining 11 not shown)

  Histogram of chiral volume deviations from ideal:
       0.038 -    0.038: 1
       0.038 -    0.038: 0
       0.038 -    0.038: 0
       0.038 -    0.038: 0
       0.038 -    0.038: 0
  Chirality restraints: 1
  Sorted by residual:
  chirality pdb=" CA  TRP A   1 "
            pdb=" C   TRP A   1 "
            pdb=" N   TRP A   1 "
            pdb=" CB  TRP A   1 "
    both_signs  ideal   model   delta    sigma   weight residual
      False     -2.51   -2.55    0.04 2.00e-01 2.50e+01 3.65e-02

  Planarity restraints: 6
  Sorted by residual:
                                 delta    sigma   weight rms_deltas residual
  plane pdb=" CB  TRP A   1 "   -0.014 2.00e-02 2.50e+03   1.93e-02 1.48e+01
        pdb=" CG  TRP A   1 "   -0.003 2.00e-02 2.50e+03
        pdb=" CD1 TRP A   1 "    0.008 2.00e-02 2.50e+03
        pdb=" HD1 TRP A   1 "    0.004 2.00e-02 2.50e+03
        pdb=" NE1 TRP A   1 "    0.013 2.00e-02 2.50e+03
        pdb=" HE1 TRP A   1 "    0.029 2.00e-02 2.50e+03
        pdb=" CE2 TRP A   1 "   -0.019 2.00e-02 2.50e+03
        pdb=" CZ2 TRP A   1 "   -0.014 2.00e-02 2.50e+03
        pdb=" HZ2 TRP A   1 "   -0.008 2.00e-02 2.50e+03
        pdb=" CH2 TRP A   1 "   -0.007 2.00e-02 2.50e+03
        pdb=" HH2 TRP A   1 "   -0.010 2.00e-02 2.50e+03
        pdb=" CZ3 TRP A   1 "   -0.016 2.00e-02 2.50e+03
        pdb=" HZ3 TRP A   1 "    0.052 2.00e-02 2.50e+03
        pdb=" CE3 TRP A   1 "    0.014 2.00e-02 2.50e+03
        pdb=" HE3 TRP A   1 "   -0.002 2.00e-02 2.50e+03
        pdb=" CD2 TRP A   1 "   -0.026 2.00e-02 2.50e+03
                                 delta    sigma   weight rms_deltas residual
  plane pdb=" C   GLY A   2 "   -0.028 2.00e-02 2.50e+03   1.61e-02 2.58e+00
        pdb=" O   GLY A   2 "    0.010 2.00e-02 2.50e+03
        pdb=" CA  GLY A   2 "    0.008 2.00e-02 2.50e+03
        pdb=" N   GLY A   3 "    0.010 2.00e-02 2.50e+03
                                 delta    sigma   weight rms_deltas residual
  plane pdb=" C   GLY A   2 "    0.008 2.00e-02 2.50e+03   1.51e-02 2.27e+00
        pdb=" CA  GLY A   3 "    0.007 2.00e-02 2.50e+03
        pdb=" N   GLY A   3 "   -0.026 2.00e-02 2.50e+03
        pdb=" H   GLY A   3 "    0.011 2.00e-02 2.50e+03
  ... (remaining 3 not shown)

  Histogram of nonbonded interaction distances:
        2.00 -     2.57: 28
        2.57 -     3.15: 57
        3.15 -     3.73: 64
        3.73 -     4.31: 64
        4.31 -     4.88: 83
  Nonbonded interactions: 296
  Sorted by model distance:
  nonbonded pdb=" HXT GLY A   3 "
            pdb=" HA1 GLY A   3 "
     model   vdw
     1.996 2.270
  nonbonded pdb=" H2  TRP A   1 "
            pdb=" H   GLY A   2 "
     model   vdw
     2.000 2.100
  nonbonded pdb=" HA  TRP A   1 "
            pdb=" H2  TRP A   1 "
     model   vdw
     2.029 1.816
  nonbonded pdb=" HA1 GLY A   2 "
            pdb=" H   GLY A   2 "
     model   vdw
     2.168 1.816
  nonbonded pdb=" HH2 TRP A   1 "
            pdb=" HZ3 TRP A   1 "
     model   vdw
     2.237 1.680
  ... (remaining 291 not shown)

  NOTE: a complete listing of the restraints can be obtained by requesting
        output of .geo file.

                   ----------xray_structure summary----------                  

Number of scattering types: 4
  Type Number    sf(0)   Gaussians
   O       4      7.97       2
   N       4      6.97       2
   C      15      5.97       2
   H      18      1.00       2
  sf(0) = scattering factor at diffraction angle 0.
Number of scatterers: 41
At special positions: 0
Unit cell: (13.095, 10.667, 15.45, 90, 90, 90)
Space group: P 1 (No. 1)

End of input processing
r_work=0.4225 r_free=0.3646
params.data_weight: None
params.restraints: cctbx
rmsd(b), start:  0.0882
mc:   0 R: 0.0792 rmsd(b):  0.0346 restraint_scale:  2.0 min_steps: 34
mc:   1 R: 0.0103 rmsd(b):  0.0136 restraint_scale:  2.0 min_steps: 35
mc:   2 R: 0.0050 rmsd(b):  0.0270 restraint_scale:  2.0 min_steps: 37
mc:   3 R: 0.0050 rmsd(b):  0.0271 restraint_scale:  2.0 min_steps: 14
Convergence reached, stop now.
see the result structure:  ./p26/04_results/refine_cctbx/214_WGG01-new/0.6/6.pdb
Time: 5.5363
