phenix.python
you are importing  adaptive calculator, and it does nothing. Please give it energy, force....... 

============================== Collecting inputs ==============================


                   ----------Processing X-ray data----------                   

F-obs:
  /scratch/m_zhen01/30995.lupus.uni-muenster.de/p26/02_mtz/214_WGG01-new.mtz:F-obs
Miller array info: None
Observation type: xray.amplitude
Type of data: double, size=217
Type of sigmas: None
Number of Miller indices: 217
Anomalous flag: False
Unit cell: (13.095, 10.667, 15.45, 90, 90, 90)
Space group: P 1 (No. 1)
Systematic absences: 0
Centric reflections: 0
Resolution range: 3.99458 2.5031
Completeness in resolution range: 1
Completeness with d_max=infinity: 0.756098

Number of F-obs in resolution range:                   217
Number of F-obs<0 (these reflections will be rejected): 0
Number of F-obs=0 (these reflections will be used in refinement): 0
Refinement resolution range: d_max =   3.9946
                             d_min =   2.5031

R-free flags:
  /scratch/m_zhen01/30995.lupus.uni-muenster.de/p26/02_mtz/214_WGG01-new.mtz:R-free-flags
Miller array info: /scratch/m_zhen01/30995.lupus.uni-muenster.de/p26/02_mtz/214_WGG01-new.mtz:R-free-flags
Observation type: None
Type of data: int, size=217
Type of sigmas: None
Number of Miller indices: 217
Anomalous flag: False
Unit cell: (13.095, 10.667, 15.45, 90, 90, 90)
Space group: P 1 (No. 1)
Systematic absences: 0
Centric reflections: 0
Resolution range: 3.99458 2.5031
Completeness in resolution range: 1
Completeness with d_max=infinity: 0.756098
Wavelength: 1.0000

Test (R-free flags) flag value: 1

Number of work/free reflections by resolution:
                                  work free  %free
  bin  1: 3.9946 - 3.6541 [19/19]   15    4  21.1%
  bin  2: 3.6541 - 3.4062 [23/23]   23    0   0.0%
  bin  3: 3.4062 - 3.2143 [21/21]   19    2   9.5%
  bin  4: 3.2143 - 3.0595 [33/33]   33    0   0.0%
  bin  5: 3.0595 - 2.9307 [10/10]   10    0   0.0%
  bin  6: 2.9307 - 2.8212 [28/28]   28    0   0.0%
  bin  7: 2.8212 - 2.7265 [16/16]   12    4  25.0%
  bin  8: 2.7265 - 2.6433 [19/19]   19    0   0.0%
  bin  9: 2.6433 - 2.5694 [26/26]   22    4  15.4%
  bin 10: 2.5694 - 2.5031 [22/22]   22    0   0.0%
                          overall  203   14   6.5%

                   ----------Processing PDB file(s)----------                  

  Monomer Library directory:
    "/tmp1/m_zhen01/phenix-installer-1.10.1-2155-intel-linux-2.6-x86_64-centos5/phenix-1.10.1-2155/modules/chem_data/mon_lib"
  Total number of atoms: 41
  Number of models: 1
  Model: ""
    Number of chains: 1
    Chain: "A"
      Number of atoms: 41
      Number of conformers: 1
      Conformer: ""
        Number of residues, atoms: 3, 41
          Classifications: {'peptide': 3}
          Modifications used: {'NH2NOTPRO': 1, 'COOH': 1}
          Link IDs: {'TRANS': 2}
  Time building chain proxies: 0.07, per 1000 atoms: 1.71
  Number of scatterers: 41
  At special positions: 0
  Unit cell: (13.095, 10.667, 15.45, 90, 90, 90)
  Space group: P 1 (No. 1)
  Number of sites at special positions: 0
  Number of scattering types: 4
    Type Number    sf(0)
     O       4      8.00
     N       4      7.00
     C      15      6.00
     H      18      1.00
    sf(0) = scattering factor at diffraction angle 0.

  Number of disulfides: simple=0, symmetry=0

  Automatic linking
    Parameters for automatic linking
      Linking & cutoffs
        Metal                : False - 3.50
        Amimo acid           : False - 1.90
        Carbohydrate         : True  - 1.99
        Ligands              : True  - 1.99
        Amino acid - RNA/DNA : False
      
  Number of custom bonds: simple=0, symmetry=0
  Time building additional restraints: 0.02
  Conformation dependent library (CDL) restraints added in 2.2 milliseconds
  
  Adding C-beta torsion restraints...
  Number of C-beta restraints generated:  2
  Time building geometry restraints manager: 0.03 seconds

  NOTE: a complete listing of the restraints can be obtained by requesting
        output of .geo file.

  Histogram of bond lengths:
        0.84 -     0.98: 14
        0.98 -     1.12: 4
        1.12 -     1.25: 2
        1.25 -     1.39: 8
        1.39 -     1.53: 14
  Bond restraints: 42
  Sorted by residual:
  bond pdb=" CZ3 TRP A   1 "
       pdb=" HZ3 TRP A   1 "
    ideal  model  delta    sigma   weight residual
    0.930  0.871  0.059 2.00e-02 2.50e+03 8.75e+00
  bond pdb=" CA  TRP A   1 "
       pdb=" HA  TRP A   1 "
    ideal  model  delta    sigma   weight residual
    0.970  1.009 -0.039 2.00e-02 2.50e+03 3.83e+00
  bond pdb=" C   GLY A   3 "
       pdb=" OXT GLY A   3 "
    ideal  model  delta    sigma   weight residual
    1.330  1.297  0.033 2.00e-02 2.50e+03 2.69e+00
  bond pdb=" CA  GLY A   3 "
       pdb=" N   GLY A   3 "
    ideal  model  delta    sigma   weight residual
    1.451  1.426  0.025 1.60e-02 3.91e+03 2.37e+00
  bond pdb=" O   GLY A   3 "
       pdb=" C   GLY A   3 "
    ideal  model  delta    sigma   weight residual
    1.185  1.155  0.030 2.00e-02 2.50e+03 2.19e+00
  ... (remaining 37 not shown)

  Histogram of bond angle deviations from ideal:
      103.72 -   109.94: 21
      109.94 -   116.17: 13
      116.17 -   122.39: 21
      122.39 -   128.62: 12
      128.62 -   134.84: 2
  Bond angle restraints: 69
  Sorted by residual:
  angle pdb=" O   GLY A   2 "
        pdb=" C   GLY A   2 "
        pdb=" CA  GLY A   2 "
      ideal   model   delta    sigma   weight residual
     120.57  117.07    3.50 1.74e+00 3.30e-01 4.04e+00
  angle pdb=" HA1 GLY A   2 "
        pdb=" CA  GLY A   2 "
        pdb=" HA2 GLY A   2 "
      ideal   model   delta    sigma   weight residual
     109.00  103.72    5.28 3.00e+00 1.11e-01 3.10e+00
  angle pdb=" H1  TRP A   1 "
        pdb=" N   TRP A   1 "
        pdb=" H2  TRP A   1 "
      ideal   model   delta    sigma   weight residual
     109.47  104.69    4.78 3.00e+00 1.11e-01 2.54e+00
  angle pdb=" O   GLY A   3 "
        pdb=" C   GLY A   3 "
        pdb=" OXT GLY A   3 "
      ideal   model   delta    sigma   weight residual
     122.80  126.86   -4.06 3.00e+00 1.11e-01 1.83e+00
  angle pdb=" C   TRP A   1 "
        pdb=" N   GLY A   2 "
        pdb=" H   GLY A   2 "
      ideal   model   delta    sigma   weight residual
     124.30  120.54    3.76 3.00e+00 1.11e-01 1.57e+00
  ... (remaining 64 not shown)

  Histogram of dihedral angle deviations from ideal:
        0.75 -    36.01: 12
       36.01 -    71.28: 1
       71.28 -   106.55: 0
      106.55 -   141.82: 0
      141.82 -   177.09: 1
  Dihedral angle restraints: 14
    sinusoidal: 3
      harmonic: 11
  Sorted by residual:
  dihedral pdb=" O   GLY A   3 "
           pdb=" C   GLY A   3 "
           pdb=" OXT GLY A   3 "
           pdb=" HXT GLY A   3 "
      ideal   model   delta  harmonic     sigma   weight residual
       0.00 -177.09  177.09     0      3.00e+01 1.11e-03 3.48e+01
  dihedral pdb=" OXT GLY A   3 "
           pdb=" C   GLY A   3 "
           pdb=" CA  GLY A   3 "
           pdb=" N   GLY A   3 "
      ideal   model   delta sinusoidal    sigma   weight residual
     160.00  114.99   45.01     2      3.00e+01 1.11e-03 2.67e+00
  dihedral pdb=" CA  TRP A   1 "
           pdb=" C   TRP A   1 "
           pdb=" N   GLY A   2 "
           pdb=" CA  GLY A   2 "
      ideal   model   delta  harmonic     sigma   weight residual
    -180.00 -174.67   -5.33     0      5.00e+00 4.00e-02 1.14e+00
  ... (remaining 11 not shown)

  Histogram of chiral volume deviations from ideal:
       0.025 -    0.025: 1
       0.025 -    0.025: 0
       0.025 -    0.025: 0
       0.025 -    0.025: 0
       0.025 -    0.025: 0
  Chirality restraints: 1
  Sorted by residual:
  chirality pdb=" CA  TRP A   1 "
            pdb=" C   TRP A   1 "
            pdb=" N   TRP A   1 "
            pdb=" CB  TRP A   1 "
    both_signs  ideal   model   delta    sigma   weight residual
      False     -2.51   -2.49   -0.02 2.00e-01 2.50e+01 1.55e-02

  Planarity restraints: 6
  Sorted by residual:
                                 delta    sigma   weight rms_deltas residual
  plane pdb=" CB  TRP A   1 "   -0.013 2.00e-02 2.50e+03   1.47e-02 8.64e+00
        pdb=" CG  TRP A   1 "   -0.024 2.00e-02 2.50e+03
        pdb=" CD1 TRP A   1 "   -0.003 2.00e-02 2.50e+03
        pdb=" HD1 TRP A   1 "    0.012 2.00e-02 2.50e+03
        pdb=" NE1 TRP A   1 "    0.014 2.00e-02 2.50e+03
        pdb=" HE1 TRP A   1 "    0.003 2.00e-02 2.50e+03
        pdb=" CE2 TRP A   1 "    0.022 2.00e-02 2.50e+03
        pdb=" CZ2 TRP A   1 "   -0.011 2.00e-02 2.50e+03
        pdb=" HZ2 TRP A   1 "   -0.006 2.00e-02 2.50e+03
        pdb=" CH2 TRP A   1 "    0.005 2.00e-02 2.50e+03
        pdb=" HH2 TRP A   1 "   -0.022 2.00e-02 2.50e+03
        pdb=" CZ3 TRP A   1 "    0.019 2.00e-02 2.50e+03
        pdb=" HZ3 TRP A   1 "   -0.001 2.00e-02 2.50e+03
        pdb=" CE3 TRP A   1 "    0.010 2.00e-02 2.50e+03
        pdb=" HE3 TRP A   1 "    0.016 2.00e-02 2.50e+03
        pdb=" CD2 TRP A   1 "   -0.022 2.00e-02 2.50e+03
                                 delta    sigma   weight rms_deltas residual
  plane pdb=" C   GLY A   2 "   -0.013 2.00e-02 2.50e+03   2.47e-02 6.11e+00
        pdb=" CA  GLY A   3 "   -0.011 2.00e-02 2.50e+03
        pdb=" N   GLY A   3 "    0.043 2.00e-02 2.50e+03
        pdb=" H   GLY A   3 "   -0.019 2.00e-02 2.50e+03
                                 delta    sigma   weight rms_deltas residual
  plane pdb=" O   GLY A   3 "   -0.008 2.00e-02 2.50e+03   1.98e-02 4.92e+00
        pdb=" C   GLY A   3 "   -0.010 2.00e-02 2.50e+03
        pdb=" OXT GLY A   3 "    0.032 2.00e-02 2.50e+03
        pdb=" HXT GLY A   3 "   -0.025 2.00e-02 2.50e+03
        pdb=" CA  GLY A   3 "    0.011 2.00e-02 2.50e+03
  ... (remaining 3 not shown)

  Histogram of nonbonded interaction distances:
        1.98 -     2.57: 21
        2.57 -     3.15: 63
        3.15 -     3.73: 74
        3.73 -     4.31: 60
        4.31 -     4.89: 95
  Nonbonded interactions: 313
  Sorted by model distance:
  nonbonded pdb=" HXT GLY A   3 "
            pdb=" HA1 GLY A   3 "
     model   vdw
     1.984 2.270
  nonbonded pdb=" HA2 GLY A   3 "
            pdb=" H   GLY A   3 "
     model   vdw
     2.074 1.816
  nonbonded pdb=" HA1 GLY A   2 "
            pdb=" H   GLY A   2 "
     model   vdw
     2.202 1.816
  nonbonded pdb=" HH2 TRP A   1 "
            pdb=" HZ3 TRP A   1 "
     model   vdw
     2.275 1.680
  nonbonded pdb=" HE1 TRP A   1 "
            pdb=" O   GLY A   3 "
     model   vdw
     2.305 1.970
  ... (remaining 308 not shown)

  NOTE: a complete listing of the restraints can be obtained by requesting
        output of .geo file.

                   ----------xray_structure summary----------                  

Number of scattering types: 4
  Type Number    sf(0)   Gaussians
   O       4      7.97       2
   N       4      6.97       2
   C      15      5.97       2
   H      18      1.00       2
  sf(0) = scattering factor at diffraction angle 0.
Number of scatterers: 41
At special positions: 0
Unit cell: (13.095, 10.667, 15.45, 90, 90, 90)
Space group: P 1 (No. 1)

End of input processing
r_work=0.3506 r_free=0.3258
params.data_weight: None
params.restraints: cctbx
rmsd(b), start:  0.0873
mc:   0 R: 0.0800 rmsd(b):  0.0368 restraint_scale:  2.0 min_steps: 36
mc:   1 R: 0.0091 rmsd(b):  0.0109 restraint_scale:  2.0 min_steps: 42
mc:   2 R: 0.0044 rmsd(b):  0.0226 restraint_scale:  2.0 min_steps: 37
Convergence reached, stop now.
see the result structure:  ./p26/04_results/refine_cctbx/214_WGG01-new/0.6/8.pdb
Time: 5.4883
