phenix.python
you are importing  adaptive calculator, and it does nothing. Please give it energy, force....... 

============================== Collecting inputs ==============================


                   ----------Processing X-ray data----------                   

F-obs:
  /scratch/m_zhen01/30995.lupus.uni-muenster.de/p26/02_mtz/210_WGG05-new.mtz:F-obs
Miller array info: None
Observation type: xray.amplitude
Type of data: double, size=239
Type of sigmas: None
Number of Miller indices: 239
Anomalous flag: False
Unit cell: (13.15, 12.243, 14.308, 90, 90, 90)
Space group: P 1 (No. 1)
Systematic absences: 0
Centric reflections: 0
Resolution range: 3.96517 2.5095
Completeness in resolution range: 1
Completeness with d_max=infinity: 0.766026

Number of F-obs in resolution range:                   239
Number of F-obs<0 (these reflections will be rejected): 0
Number of F-obs=0 (these reflections will be used in refinement): 0
Refinement resolution range: d_max =   3.9652
                             d_min =   2.5095

R-free flags:
  /scratch/m_zhen01/30995.lupus.uni-muenster.de/p26/02_mtz/210_WGG05-new.mtz:R-free-flags
Miller array info: /scratch/m_zhen01/30995.lupus.uni-muenster.de/p26/02_mtz/210_WGG05-new.mtz:R-free-flags
Observation type: None
Type of data: int, size=239
Type of sigmas: None
Number of Miller indices: 239
Anomalous flag: False
Unit cell: (13.15, 12.243, 14.308, 90, 90, 90)
Space group: P 1 (No. 1)
Systematic absences: 0
Centric reflections: 0
Resolution range: 3.96517 2.5095
Completeness in resolution range: 1
Completeness with d_max=infinity: 0.766026
Wavelength: 1.0000

Test (R-free flags) flag value: 1

Number of work/free reflections by resolution:
                                  work free  %free
  bin  1: 3.9652 - 3.6383 [26/26]   18    8  30.8%
  bin  2: 3.6383 - 3.3980 [27/27]   27    0   0.0%
  bin  3: 3.3980 - 3.2108 [15/15]   15    0   0.0%
  bin  4: 3.2108 - 3.0590 [27/27]   27    0   0.0%
  bin  5: 3.0590 - 2.9324 [20/20]   20    0   0.0%
  bin  6: 2.9324 - 2.8244 [23/23]   19    4  17.4%
  bin  7: 2.8244 - 2.7308 [26/26]   24    2   7.7%
  bin  8: 2.7308 - 2.6485 [20/20]   18    2  10.0%
  bin  9: 2.6485 - 2.5752 [21/21]   21    0   0.0%
  bin 10: 2.5752 - 2.5095 [34/34]   34    0   0.0%
                          overall  223   16   6.7%

                   ----------Processing PDB file(s)----------                  

  Monomer Library directory:
    "/tmp1/m_zhen01/phenix-installer-1.10.1-2155-intel-linux-2.6-x86_64-centos5/phenix-1.10.1-2155/modules/chem_data/mon_lib"
  Total number of atoms: 41
  Number of models: 1
  Model: ""
    Number of chains: 1
    Chain: "A"
      Number of atoms: 41
      Number of conformers: 1
      Conformer: ""
        Number of residues, atoms: 3, 41
          Classifications: {'peptide': 3}
          Modifications used: {'NH2NOTPRO': 1, 'COOH': 1}
          Link IDs: {'TRANS': 2}
  Time building chain proxies: 0.08, per 1000 atoms: 1.95
  Number of scatterers: 41
  At special positions: 0
  Unit cell: (13.15, 12.243, 14.308, 90, 90, 90)
  Space group: P 1 (No. 1)
  Number of sites at special positions: 0
  Number of scattering types: 4
    Type Number    sf(0)
     O       4      8.00
     N       4      7.00
     C      15      6.00
     H      18      1.00
    sf(0) = scattering factor at diffraction angle 0.

  Number of disulfides: simple=0, symmetry=0

  Automatic linking
    Parameters for automatic linking
      Linking & cutoffs
        Metal                : False - 3.50
        Amimo acid           : False - 1.90
        Carbohydrate         : True  - 1.99
        Ligands              : True  - 1.99
        Amino acid - RNA/DNA : False
      
  Number of custom bonds: simple=0, symmetry=0
  Time building additional restraints: 0.02
  Conformation dependent library (CDL) restraints added in 2.4 milliseconds
  
  Adding C-beta torsion restraints...
  Number of C-beta restraints generated:  2
  Time building geometry restraints manager: 0.04 seconds

  NOTE: a complete listing of the restraints can be obtained by requesting
        output of .geo file.

  Histogram of bond lengths:
        0.85 -     0.99: 14
        0.99 -     1.13: 4
        1.13 -     1.27: 3
        1.27 -     1.41: 11
        1.41 -     1.55: 10
  Bond restraints: 42
  Sorted by residual:
  bond pdb=" C   TRP A   1 "
       pdb=" CA  TRP A   1 "
    ideal  model  delta    sigma   weight residual
    1.525  1.467  0.058 2.10e-02 2.27e+03 7.71e+00
  bond pdb=" CZ3 TRP A   1 "
       pdb=" HZ3 TRP A   1 "
    ideal  model  delta    sigma   weight residual
    0.930  0.882  0.048 2.00e-02 2.50e+03 5.83e+00
  bond pdb=" CH2 TRP A   1 "
       pdb=" HH2 TRP A   1 "
    ideal  model  delta    sigma   weight residual
    0.930  0.885  0.045 2.00e-02 2.50e+03 5.10e+00
  bond pdb=" CA  GLY A   3 "
       pdb=" HA1 GLY A   3 "
    ideal  model  delta    sigma   weight residual
    0.970  1.010 -0.040 2.00e-02 2.50e+03 4.01e+00
  bond pdb=" C   GLY A   3 "
       pdb=" CA  GLY A   3 "
    ideal  model  delta    sigma   weight residual
    1.516  1.547 -0.031 1.80e-02 3.09e+03 2.91e+00
  ... (remaining 37 not shown)

  Histogram of bond angle deviations from ideal:
      105.85 -   111.48: 27
      111.48 -   117.12: 11
      117.12 -   122.75: 18
      122.75 -   128.38: 10
      128.38 -   134.02: 3
  Bond angle restraints: 69
  Sorted by residual:
  angle pdb=" C   GLY A   3 "
        pdb=" CA  GLY A   3 "
        pdb=" N   GLY A   3 "
      ideal   model   delta    sigma   weight residual
     113.30  106.56    6.74 2.90e+00 1.19e-01 5.40e+00
  angle pdb=" C   GLY A   2 "
        pdb=" CA  GLY A   2 "
        pdb=" N   GLY A   2 "
      ideal   model   delta    sigma   weight residual
     113.18  108.04    5.14 2.37e+00 1.78e-01 4.71e+00
  angle pdb=" C   GLY A   3 "
        pdb=" OXT GLY A   3 "
        pdb=" HXT GLY A   3 "
      ideal   model   delta    sigma   weight residual
     108.00  113.86   -5.86 3.00e+00 1.11e-01 3.82e+00
  angle pdb=" CB  TRP A   1 "
        pdb=" CG  TRP A   1 "
        pdb=" CD1 TRP A   1 "
      ideal   model   delta    sigma   weight residual
     126.90  124.16    2.74 1.50e+00 4.44e-01 3.33e+00
  angle pdb=" CB  TRP A   1 "
        pdb=" CG  TRP A   1 "
        pdb=" CD2 TRP A   1 "
      ideal   model   delta    sigma   weight residual
     126.80  129.29   -2.49 1.40e+00 5.10e-01 3.18e+00
  ... (remaining 64 not shown)

  Histogram of dihedral angle deviations from ideal:
        0.07 -    14.51: 12
       14.51 -    28.96: 0
       28.96 -    43.40: 1
       43.40 -    57.84: 0
       57.84 -    72.28: 1
  Dihedral angle restraints: 14
    sinusoidal: 3
      harmonic: 11
  Sorted by residual:
  dihedral pdb=" OXT GLY A   3 "
           pdb=" C   GLY A   3 "
           pdb=" CA  GLY A   3 "
           pdb=" N   GLY A   3 "
      ideal   model   delta sinusoidal    sigma   weight residual
     160.00 -127.72  -72.28     2      3.00e+01 1.11e-03 4.84e+00
  dihedral pdb=" CA  TRP A   1 "
           pdb=" CB  TRP A   1 "
           pdb=" CG  TRP A   1 "
           pdb=" CD1 TRP A   1 "
      ideal   model   delta sinusoidal    sigma   weight residual
     -90.00  -57.80  -32.20     2      2.00e+01 2.50e-03 3.41e+00
  dihedral pdb=" HH2 TRP A   1 "
           pdb=" CH2 TRP A   1 "
           pdb=" CZ3 TRP A   1 "
           pdb=" CE3 TRP A   1 "
      ideal   model   delta  harmonic     sigma   weight residual
     180.00  175.81    4.19     0      5.00e+00 4.00e-02 7.02e-01
  ... (remaining 11 not shown)

  Histogram of chiral volume deviations from ideal:
       0.058 -    0.058: 1
       0.058 -    0.058: 0
       0.058 -    0.058: 0
       0.058 -    0.058: 0
       0.058 -    0.058: 0
  Chirality restraints: 1
  Sorted by residual:
  chirality pdb=" CA  TRP A   1 "
            pdb=" C   TRP A   1 "
            pdb=" N   TRP A   1 "
            pdb=" CB  TRP A   1 "
    both_signs  ideal   model   delta    sigma   weight residual
      False     -2.51   -2.45   -0.06 2.00e-01 2.50e+01 8.38e-02

  Planarity restraints: 6
  Sorted by residual:
                                 delta    sigma   weight rms_deltas residual
  plane pdb=" C   GLY A   2 "    0.015 2.00e-02 2.50e+03   2.79e-02 7.81e+00
        pdb=" CA  GLY A   3 "    0.012 2.00e-02 2.50e+03
        pdb=" N   GLY A   3 "   -0.048 2.00e-02 2.50e+03
        pdb=" H   GLY A   3 "    0.022 2.00e-02 2.50e+03
                                 delta    sigma   weight rms_deltas residual
  plane pdb=" CB  TRP A   1 "   -0.014 2.00e-02 2.50e+03   1.30e-02 6.78e+00
        pdb=" CG  TRP A   1 "    0.002 2.00e-02 2.50e+03
        pdb=" CD1 TRP A   1 "    0.007 2.00e-02 2.50e+03
        pdb=" HD1 TRP A   1 "    0.012 2.00e-02 2.50e+03
        pdb=" NE1 TRP A   1 "    0.004 2.00e-02 2.50e+03
        pdb=" HE1 TRP A   1 "    0.005 2.00e-02 2.50e+03
        pdb=" CE2 TRP A   1 "   -0.018 2.00e-02 2.50e+03
        pdb=" CZ2 TRP A   1 "   -0.011 2.00e-02 2.50e+03
        pdb=" HZ2 TRP A   1 "   -0.010 2.00e-02 2.50e+03
        pdb=" CH2 TRP A   1 "    0.025 2.00e-02 2.50e+03
        pdb=" HH2 TRP A   1 "   -0.010 2.00e-02 2.50e+03
        pdb=" CZ3 TRP A   1 "    0.027 2.00e-02 2.50e+03
        pdb=" HZ3 TRP A   1 "   -0.010 2.00e-02 2.50e+03
        pdb=" CE3 TRP A   1 "   -0.008 2.00e-02 2.50e+03
        pdb=" HE3 TRP A   1 "    0.007 2.00e-02 2.50e+03
        pdb=" CD2 TRP A   1 "   -0.009 2.00e-02 2.50e+03
                                 delta    sigma   weight rms_deltas residual
  plane pdb=" O   GLY A   3 "   -0.016 2.00e-02 2.50e+03   2.05e-02 5.24e+00
        pdb=" C   GLY A   3 "    0.033 2.00e-02 2.50e+03
        pdb=" OXT GLY A   3 "   -0.025 2.00e-02 2.50e+03
        pdb=" HXT GLY A   3 "    0.011 2.00e-02 2.50e+03
        pdb=" CA  GLY A   3 "   -0.004 2.00e-02 2.50e+03
  ... (remaining 3 not shown)

  Histogram of nonbonded interaction distances:
        1.86 -     2.47: 21
        2.47 -     3.07: 51
        3.07 -     3.68: 65
        3.68 -     4.29: 74
        4.29 -     4.90: 95
  Nonbonded interactions: 306
  Sorted by model distance:
  nonbonded pdb=" H2  TRP A   1 "
            pdb=" H   GLY A   2 "
     model   vdw
     1.860 2.100
  nonbonded pdb=" HA  TRP A   1 "
            pdb=" H2  TRP A   1 "
     model   vdw
     2.158 1.816
  nonbonded pdb=" HH2 TRP A   1 "
            pdb=" HZ3 TRP A   1 "
     model   vdw
     2.198 1.680
  nonbonded pdb=" N   TRP A   1 "
            pdb=" H   GLY A   2 "
     model   vdw
     2.222 2.650
  nonbonded pdb=" HA1 GLY A   3 "
            pdb=" H   GLY A   3 "
     model   vdw
     2.245 1.816
  ... (remaining 301 not shown)

  NOTE: a complete listing of the restraints can be obtained by requesting
        output of .geo file.

                   ----------xray_structure summary----------                  

Number of scattering types: 4
  Type Number    sf(0)   Gaussians
   O       4      7.97       2
   N       4      6.97       2
   C      15      5.97       2
   H      18      1.00       2
  sf(0) = scattering factor at diffraction angle 0.
Number of scatterers: 41
At special positions: 0
Unit cell: (13.15, 12.243, 14.308, 90, 90, 90)
Space group: P 1 (No. 1)

End of input processing
r_work=0.5492 r_free=0.5435
params.data_weight: None
params.restraints: cctbx
rmsd(b), start:  0.0871
mc:   0 R: 0.2115 rmsd(b):  0.0755 restraint_scale:  2.0 min_steps: 53
mc:   1 R: 0.1237 rmsd(b):  0.0807 restraint_scale:  4.0 min_steps: 24
mc:   2 R: 0.1100 rmsd(b):  0.0852 restraint_scale:  8.0 min_steps: 12
mc:   3 R: 0.1459 rmsd(b):  0.0508 restraint_scale: 16.0 min_steps: 13
mc:   4 R: 0.1919 rmsd(b):  0.0260 restraint_scale: 16.0 min_steps: 33
mc:   5 R: 0.2056 rmsd(b):  0.0217 restraint_scale: 16.0 min_steps: 19
mc:   6 R: 0.2269 rmsd(b):  0.0159 restraint_scale: 16.0 min_steps: 18
mc:   7 R: 0.2191 rmsd(b):  0.0189 restraint_scale: 16.0 min_steps: 8
mc:   8 R: 0.1984 rmsd(b):  0.0262 restraint_scale: 16.0 min_steps: 16
mc:   9 R: 0.2096 rmsd(b):  0.0205 restraint_scale: 16.0 min_steps: 8
mc:  10 R: 0.2096 rmsd(b):  0.0205 restraint_scale: 16.0 min_steps: 1
Convergence reached, stop now.
see the result structure:  ./p26/04_results/refine_cctbx/210_WGG05-new/1.2/8.pdb
Time: 6.8570
