phenix.python
you are importing  adaptive calculator, and it does nothing. Please give it energy, force....... 

============================== Collecting inputs ==============================


                   ----------Processing X-ray data----------                   

F-obs:
  /scratch/m_zhen01/31011.lupus.uni-muenster.de/p26/02_mtz/215_WGG07-new.mtz:F-obs
Miller array info: None
Observation type: xray.amplitude
Type of data: double, size=201
Type of sigmas: None
Number of Miller indices: 201
Anomalous flag: False
Unit cell: (12.289, 11.691, 13.906, 90, 90, 90)
Space group: P 1 (No. 1)
Systematic absences: 0
Centric reflections: 0
Resolution range: 3.9294 2.50153
Completeness in resolution range: 1
Completeness with d_max=infinity: 0.747212

Number of F-obs in resolution range:                   201
Number of F-obs<0 (these reflections will be rejected): 0
Number of F-obs=0 (these reflections will be used in refinement): 0
Refinement resolution range: d_max =   3.9294
                             d_min =   2.5015

R-free flags:
  /scratch/m_zhen01/31011.lupus.uni-muenster.de/p26/02_mtz/215_WGG07-new.mtz:R-free-flags
Miller array info: /scratch/m_zhen01/31011.lupus.uni-muenster.de/p26/02_mtz/215_WGG07-new.mtz:R-free-flags
Observation type: None
Type of data: int, size=201
Type of sigmas: None
Number of Miller indices: 201
Anomalous flag: False
Unit cell: (12.289, 11.691, 13.906, 90, 90, 90)
Space group: P 1 (No. 1)
Systematic absences: 0
Centric reflections: 0
Resolution range: 3.9294 2.50153
Completeness in resolution range: 1
Completeness with d_max=infinity: 0.747212
Wavelength: 1.0000

Test (R-free flags) flag value: 1

Number of work/free reflections by resolution:
                                  work free  %free
  bin  1: 3.9294 - 3.6119 [21/21]   16    5  23.8%
  bin  2: 3.6119 - 3.3772 [21/21]   21    0   0.0%
  bin  3: 3.3772 - 3.1936 [24/24]   24    0   0.0%
  bin  4: 3.1936 - 3.0443 [ 7/7 ]    7    0   0.0%
  bin  5: 3.0443 - 2.9196 [27/27]   27    0   0.0%
  bin  6: 2.9196 - 2.8131 [18/18]   14    4  22.2%
  bin  7: 2.8131 - 2.7206 [15/15]   11    4  26.7%
  bin  8: 2.7206 - 2.6391 [32/32]   32    0   0.0%
  bin  9: 2.6391 - 2.5666 [18/18]   18    0   0.0%
  bin 10: 2.5666 - 2.5015 [18/18]   18    0   0.0%
                          overall  188   13   6.5%

                   ----------Processing PDB file(s)----------                  

  Monomer Library directory:
    "/tmp1/m_zhen01/phenix-installer-1.10.1-2155-intel-linux-2.6-x86_64-centos5/phenix-1.10.1-2155/modules/chem_data/mon_lib"
  Total number of atoms: 41
  Number of models: 1
  Model: ""
    Number of chains: 1
    Chain: "A"
      Number of atoms: 41
      Number of conformers: 1
      Conformer: ""
        Number of residues, atoms: 3, 41
          Classifications: {'peptide': 3}
          Modifications used: {'NH2NOTPRO': 1, 'COOH': 1}
          Link IDs: {'TRANS': 2}
  Time building chain proxies: 0.08, per 1000 atoms: 1.95
  Number of scatterers: 41
  At special positions: 0
  Unit cell: (12.289, 11.691, 13.906, 90, 90, 90)
  Space group: P 1 (No. 1)
  Number of sites at special positions: 0
  Number of scattering types: 4
    Type Number    sf(0)
     O       4      8.00
     N       4      7.00
     C      15      6.00
     H      18      1.00
    sf(0) = scattering factor at diffraction angle 0.

  Number of disulfides: simple=0, symmetry=0

  Automatic linking
    Parameters for automatic linking
      Linking & cutoffs
        Metal                : False - 3.50
        Amimo acid           : False - 1.90
        Carbohydrate         : True  - 1.99
        Ligands              : True  - 1.99
        Amino acid - RNA/DNA : False
      
  Number of custom bonds: simple=0, symmetry=0
  Time building additional restraints: 0.02
  Conformation dependent library (CDL) restraints added in 2.8 milliseconds
  
  Adding C-beta torsion restraints...
  Number of C-beta restraints generated:  2
  Time building geometry restraints manager: 0.04 seconds

  NOTE: a complete listing of the restraints can be obtained by requesting
        output of .geo file.

  Histogram of bond lengths:
        0.83 -     0.97: 16
        0.97 -     1.11: 2
        1.11 -     1.26: 3
        1.26 -     1.40: 8
        1.40 -     1.54: 13
  Bond restraints: 42
  Sorted by residual:
  bond pdb=" N   TRP A   1 "
       pdb=" H2  TRP A   1 "
    ideal  model  delta    sigma   weight residual
    0.960  1.015 -0.055 2.00e-02 2.50e+03 7.48e+00
  bond pdb=" CA  GLY A   2 "
       pdb=" N   GLY A   2 "
    ideal  model  delta    sigma   weight residual
    1.449  1.477 -0.028 1.45e-02 4.76e+03 3.70e+00
  bond pdb=" CH2 TRP A   1 "
       pdb=" CZ3 TRP A   1 "
    ideal  model  delta    sigma   weight residual
    1.400  1.442 -0.042 2.50e-02 1.60e+03 2.86e+00
  bond pdb=" CB  TRP A   1 "
       pdb=" HB1 TRP A   1 "
    ideal  model  delta    sigma   weight residual
    0.970  1.001 -0.031 2.00e-02 2.50e+03 2.39e+00
  bond pdb=" N   GLY A   2 "
       pdb=" H   GLY A   2 "
    ideal  model  delta    sigma   weight residual
    0.860  0.829  0.031 2.00e-02 2.50e+03 2.37e+00
  ... (remaining 37 not shown)

  Histogram of bond angle deviations from ideal:
      102.56 -   108.70: 19
      108.70 -   114.84: 10
      114.84 -   120.98: 22
      120.98 -   127.11: 14
      127.11 -   133.25: 4
  Bond angle restraints: 69
  Sorted by residual:
  angle pdb=" N   TRP A   1 "
        pdb=" CA  TRP A   1 "
        pdb=" CB  TRP A   1 "
      ideal   model   delta    sigma   weight residual
     110.50  106.56    3.94 1.70e+00 3.46e-01 5.37e+00
  angle pdb=" C   GLY A   3 "
        pdb=" CA  GLY A   3 "
        pdb=" HA1 GLY A   3 "
      ideal   model   delta    sigma   weight residual
     109.00  102.56    6.44 3.00e+00 1.11e-01 4.60e+00
  angle pdb=" HA1 GLY A   2 "
        pdb=" CA  GLY A   2 "
        pdb=" HA2 GLY A   2 "
      ideal   model   delta    sigma   weight residual
     109.00  102.61    6.39 3.00e+00 1.11e-01 4.54e+00
  angle pdb=" C   GLY A   2 "
        pdb=" CA  GLY A   2 "
        pdb=" HA1 GLY A   2 "
      ideal   model   delta    sigma   weight residual
     109.00  102.68    6.32 3.00e+00 1.11e-01 4.44e+00
  angle pdb=" C   GLY A   3 "
        pdb=" CA  GLY A   3 "
        pdb=" N   GLY A   3 "
      ideal   model   delta    sigma   weight residual
     113.30  118.71   -5.41 2.90e+00 1.19e-01 3.48e+00
  ... (remaining 64 not shown)

  Histogram of dihedral angle deviations from ideal:
        0.81 -    36.56: 13
       36.56 -    72.30: 0
       72.30 -   108.05: 0
      108.05 -   143.79: 0
      143.79 -   179.53: 1
  Dihedral angle restraints: 14
    sinusoidal: 3
      harmonic: 11
  Sorted by residual:
  dihedral pdb=" O   GLY A   3 "
           pdb=" C   GLY A   3 "
           pdb=" OXT GLY A   3 "
           pdb=" HXT GLY A   3 "
      ideal   model   delta  harmonic     sigma   weight residual
       0.00  179.53 -179.53     0      3.00e+01 1.11e-03 3.58e+01
  dihedral pdb=" N   TRP A   1 "
           pdb=" C   TRP A   1 "
           pdb=" CA  TRP A   1 "
           pdb=" CB  TRP A   1 "
      ideal   model   delta  harmonic     sigma   weight residual
     122.80  118.56    4.24     0      2.50e+00 1.60e-01 2.88e+00
  dihedral pdb=" CA  TRP A   1 "
           pdb=" CB  TRP A   1 "
           pdb=" CG  TRP A   1 "
           pdb=" CD1 TRP A   1 "
      ideal   model   delta sinusoidal    sigma   weight residual
     -90.00  -60.76  -29.24     2      2.00e+01 2.50e-03 2.86e+00
  ... (remaining 11 not shown)

  Histogram of chiral volume deviations from ideal:
       0.071 -    0.071: 1
       0.071 -    0.071: 0
       0.071 -    0.071: 0
       0.071 -    0.071: 0
       0.071 -    0.071: 0
  Chirality restraints: 1
  Sorted by residual:
  chirality pdb=" CA  TRP A   1 "
            pdb=" C   TRP A   1 "
            pdb=" N   TRP A   1 "
            pdb=" CB  TRP A   1 "
    both_signs  ideal   model   delta    sigma   weight residual
      False     -2.51   -2.58    0.07 2.00e-01 2.50e+01 1.28e-01

  Planarity restraints: 6
  Sorted by residual:
                                 delta    sigma   weight rms_deltas residual
  plane pdb=" CB  TRP A   1 "   -0.005 2.00e-02 2.50e+03   2.02e-02 1.63e+01
        pdb=" CG  TRP A   1 "    0.025 2.00e-02 2.50e+03
        pdb=" CD1 TRP A   1 "   -0.011 2.00e-02 2.50e+03
        pdb=" HD1 TRP A   1 "   -0.013 2.00e-02 2.50e+03
        pdb=" NE1 TRP A   1 "    0.010 2.00e-02 2.50e+03
        pdb=" HE1 TRP A   1 "    0.016 2.00e-02 2.50e+03
        pdb=" CE2 TRP A   1 "   -0.015 2.00e-02 2.50e+03
        pdb=" CZ2 TRP A   1 "   -0.003 2.00e-02 2.50e+03
        pdb=" HZ2 TRP A   1 "   -0.019 2.00e-02 2.50e+03
        pdb=" CH2 TRP A   1 "   -0.000 2.00e-02 2.50e+03
        pdb=" HH2 TRP A   1 "   -0.013 2.00e-02 2.50e+03
        pdb=" CZ3 TRP A   1 "    0.016 2.00e-02 2.50e+03
        pdb=" HZ3 TRP A   1 "    0.024 2.00e-02 2.50e+03
        pdb=" CE3 TRP A   1 "    0.013 2.00e-02 2.50e+03
        pdb=" HE3 TRP A   1 "   -0.052 2.00e-02 2.50e+03
        pdb=" CD2 TRP A   1 "    0.027 2.00e-02 2.50e+03
                                 delta    sigma   weight rms_deltas residual
  plane pdb=" C   TRP A   1 "    0.004 2.00e-02 2.50e+03   6.96e-03 4.84e-01
        pdb=" CA  GLY A   2 "    0.003 2.00e-02 2.50e+03
        pdb=" N   GLY A   2 "   -0.012 2.00e-02 2.50e+03
        pdb=" H   GLY A   2 "    0.006 2.00e-02 2.50e+03
                                 delta    sigma   weight rms_deltas residual
  plane pdb=" C   TRP A   1 "   -0.006 2.00e-02 2.50e+03   3.24e-03 1.05e-01
        pdb=" O   TRP A   1 "    0.002 2.00e-02 2.50e+03
        pdb=" CA  TRP A   1 "    0.002 2.00e-02 2.50e+03
        pdb=" N   GLY A   2 "    0.002 2.00e-02 2.50e+03
  ... (remaining 3 not shown)

  Histogram of nonbonded interaction distances:
        2.00 -     2.58: 27
        2.58 -     3.16: 59
        3.16 -     3.74: 44
        3.74 -     4.32: 82
        4.32 -     4.90: 90
  Nonbonded interactions: 302
  Sorted by model distance:
  nonbonded pdb=" H2  TRP A   1 "
            pdb=" HD1 TRP A   1 "
     model   vdw
     1.996 2.100
  nonbonded pdb=" H2  TRP A   1 "
            pdb=" HB1 TRP A   1 "
     model   vdw
     2.080 2.270
  nonbonded pdb=" H2  TRP A   1 "
            pdb=" CB  TRP A   1 "
     model   vdw
     2.125 2.376
  nonbonded pdb=" HA  TRP A   1 "
            pdb=" H1  TRP A   1 "
     model   vdw
     2.190 1.816
  nonbonded pdb=" HA  TRP A   1 "
            pdb=" HB1 TRP A   1 "
     model   vdw
     2.240 1.952
  ... (remaining 297 not shown)

  NOTE: a complete listing of the restraints can be obtained by requesting
        output of .geo file.

                   ----------xray_structure summary----------                  

Number of scattering types: 4
  Type Number    sf(0)   Gaussians
   O       4      7.97       2
   N       4      6.97       2
   C      15      5.97       2
   H      18      1.00       2
  sf(0) = scattering factor at diffraction angle 0.
Number of scatterers: 41
At special positions: 0
Unit cell: (12.289, 11.691, 13.906, 90, 90, 90)
Space group: P 1 (No. 1)

End of input processing
r_work=0.5394 r_free=0.4690
params.data_weight: None
params.restraints: qm
rmsd(b), start:  0.0882
mc:   0 R: 0.2913 rmsd(b):  0.2630 restraint_scale:  2.0 min_steps: 52
mc:   1 R: 0.2168 rmsd(b):  0.3302 restraint_scale:  4.0 min_steps: 32
mc:   2 R: 0.2121 rmsd(b):  0.3129 restraint_scale:  8.0 min_steps: 24
mc:   3 R: 0.2169 rmsd(b):  0.3110 restraint_scale: 16.0 min_steps: 10
mc:   4 R: 0.2169 rmsd(b):  0.3110 restraint_scale: 32.0 min_steps: 1
Convergence reached, stop now.
see the result structure:  ./p26/04_results/refine_qm/215_WGG07-new/1.2/8.pdb
Time: 180.8003
