phenix.python
you are importing  adaptive calculator, and it does nothing. Please give it energy, force....... 

============================== Collecting inputs ==============================


                   ----------Processing X-ray data----------                   

F-obs:
  /scratch/m_zhen01/31011.lupus.uni-muenster.de/p26/02_mtz/215_WGG07-new.mtz:F-obs
Miller array info: None
Observation type: xray.amplitude
Type of data: double, size=201
Type of sigmas: None
Number of Miller indices: 201
Anomalous flag: False
Unit cell: (12.289, 11.691, 13.906, 90, 90, 90)
Space group: P 1 (No. 1)
Systematic absences: 0
Centric reflections: 0
Resolution range: 3.9294 2.50153
Completeness in resolution range: 1
Completeness with d_max=infinity: 0.747212

Number of F-obs in resolution range:                   201
Number of F-obs<0 (these reflections will be rejected): 0
Number of F-obs=0 (these reflections will be used in refinement): 0
Refinement resolution range: d_max =   3.9294
                             d_min =   2.5015

R-free flags:
  /scratch/m_zhen01/31011.lupus.uni-muenster.de/p26/02_mtz/215_WGG07-new.mtz:R-free-flags
Miller array info: /scratch/m_zhen01/31011.lupus.uni-muenster.de/p26/02_mtz/215_WGG07-new.mtz:R-free-flags
Observation type: None
Type of data: int, size=201
Type of sigmas: None
Number of Miller indices: 201
Anomalous flag: False
Unit cell: (12.289, 11.691, 13.906, 90, 90, 90)
Space group: P 1 (No. 1)
Systematic absences: 0
Centric reflections: 0
Resolution range: 3.9294 2.50153
Completeness in resolution range: 1
Completeness with d_max=infinity: 0.747212
Wavelength: 1.0000

Test (R-free flags) flag value: 1

Number of work/free reflections by resolution:
                                  work free  %free
  bin  1: 3.9294 - 3.6119 [21/21]   16    5  23.8%
  bin  2: 3.6119 - 3.3772 [21/21]   21    0   0.0%
  bin  3: 3.3772 - 3.1936 [24/24]   24    0   0.0%
  bin  4: 3.1936 - 3.0443 [ 7/7 ]    7    0   0.0%
  bin  5: 3.0443 - 2.9196 [27/27]   27    0   0.0%
  bin  6: 2.9196 - 2.8131 [18/18]   14    4  22.2%
  bin  7: 2.8131 - 2.7206 [15/15]   11    4  26.7%
  bin  8: 2.7206 - 2.6391 [32/32]   32    0   0.0%
  bin  9: 2.6391 - 2.5666 [18/18]   18    0   0.0%
  bin 10: 2.5666 - 2.5015 [18/18]   18    0   0.0%
                          overall  188   13   6.5%

                   ----------Processing PDB file(s)----------                  

  Monomer Library directory:
    "/tmp1/m_zhen01/phenix-installer-1.10.1-2155-intel-linux-2.6-x86_64-centos5/phenix-1.10.1-2155/modules/chem_data/mon_lib"
  Total number of atoms: 41
  Number of models: 1
  Model: ""
    Number of chains: 1
    Chain: "A"
      Number of atoms: 41
      Number of conformers: 1
      Conformer: ""
        Number of residues, atoms: 3, 41
          Classifications: {'peptide': 3}
          Modifications used: {'NH2NOTPRO': 1, 'COOH': 1}
          Link IDs: {'TRANS': 2}
  Time building chain proxies: 0.08, per 1000 atoms: 1.95
  Number of scatterers: 41
  At special positions: 0
  Unit cell: (12.289, 11.691, 13.906, 90, 90, 90)
  Space group: P 1 (No. 1)
  Number of sites at special positions: 0
  Number of scattering types: 4
    Type Number    sf(0)
     O       4      8.00
     N       4      7.00
     C      15      6.00
     H      18      1.00
    sf(0) = scattering factor at diffraction angle 0.

  Number of disulfides: simple=0, symmetry=0

  Automatic linking
    Parameters for automatic linking
      Linking & cutoffs
        Metal                : False - 3.50
        Amimo acid           : False - 1.90
        Carbohydrate         : True  - 1.99
        Ligands              : True  - 1.99
        Amino acid - RNA/DNA : False
      
  Number of custom bonds: simple=0, symmetry=0
  Time building additional restraints: 0.02
  Conformation dependent library (CDL) restraints added in 2.8 milliseconds
  
  Adding C-beta torsion restraints...
  Number of C-beta restraints generated:  2
  Time building geometry restraints manager: 0.03 seconds

  NOTE: a complete listing of the restraints can be obtained by requesting
        output of .geo file.

  Histogram of bond lengths:
        0.85 -     0.99: 16
        0.99 -     1.13: 2
        1.13 -     1.27: 3
        1.27 -     1.41: 9
        1.41 -     1.55: 12
  Bond restraints: 42
  Sorted by residual:
  bond pdb=" CZ3 TRP A   1 "
       pdb=" HZ3 TRP A   1 "
    ideal  model  delta    sigma   weight residual
    0.930  0.854  0.076 2.00e-02 2.50e+03 1.44e+01
  bond pdb=" CA  GLY A   3 "
       pdb=" N   GLY A   3 "
    ideal  model  delta    sigma   weight residual
    1.451  1.485 -0.034 1.60e-02 3.91e+03 4.40e+00
  bond pdb=" CA  GLY A   2 "
       pdb=" N   GLY A   2 "
    ideal  model  delta    sigma   weight residual
    1.449  1.477 -0.028 1.45e-02 4.76e+03 3.66e+00
  bond pdb=" CH2 TRP A   1 "
       pdb=" CZ3 TRP A   1 "
    ideal  model  delta    sigma   weight residual
    1.400  1.445 -0.045 2.50e-02 1.60e+03 3.28e+00
  bond pdb=" CB  TRP A   1 "
       pdb=" CG  TRP A   1 "
    ideal  model  delta    sigma   weight residual
    1.498  1.547 -0.049 3.10e-02 1.04e+03 2.45e+00
  ... (remaining 37 not shown)

  Histogram of bond angle deviations from ideal:
      102.22 -   108.40: 13
      108.40 -   114.58: 18
      114.58 -   120.76: 21
      120.76 -   126.94: 13
      126.94 -   133.12: 4
  Bond angle restraints: 69
  Sorted by residual:
  angle pdb=" HA1 GLY A   3 "
        pdb=" CA  GLY A   3 "
        pdb=" N   GLY A   3 "
      ideal   model   delta    sigma   weight residual
     110.00  102.22    7.78 3.00e+00 1.11e-01 6.72e+00
  angle pdb=" CB  TRP A   1 "
        pdb=" CG  TRP A   1 "
        pdb=" CD2 TRP A   1 "
      ideal   model   delta    sigma   weight residual
     126.80  129.90   -3.10 1.40e+00 5.10e-01 4.90e+00
  angle pdb=" C   GLY A   2 "
        pdb=" N   GLY A   3 "
        pdb=" H   GLY A   3 "
      ideal   model   delta    sigma   weight residual
     124.30  130.50   -6.20 3.00e+00 1.11e-01 4.27e+00
  angle pdb=" C   GLY A   3 "
        pdb=" CA  GLY A   3 "
        pdb=" N   GLY A   3 "
      ideal   model   delta    sigma   weight residual
     113.30  119.19   -5.89 2.90e+00 1.19e-01 4.13e+00
  angle pdb=" O   GLY A   2 "
        pdb=" C   GLY A   2 "
        pdb=" N   GLY A   3 "
      ideal   model   delta    sigma   weight residual
     122.70  120.38    2.32 1.30e+00 5.92e-01 3.17e+00
  ... (remaining 64 not shown)

  Histogram of dihedral angle deviations from ideal:
        0.01 -    35.88: 13
       35.88 -    71.74: 0
       71.74 -   107.61: 0
      107.61 -   143.47: 0
      143.47 -   179.33: 1
  Dihedral angle restraints: 14
    sinusoidal: 3
      harmonic: 11
  Sorted by residual:
  dihedral pdb=" O   GLY A   3 "
           pdb=" C   GLY A   3 "
           pdb=" OXT GLY A   3 "
           pdb=" HXT GLY A   3 "
      ideal   model   delta  harmonic     sigma   weight residual
       0.00 -179.33  179.33     0      3.00e+01 1.11e-03 3.57e+01
  dihedral pdb=" CA  TRP A   1 "
           pdb=" CB  TRP A   1 "
           pdb=" CG  TRP A   1 "
           pdb=" CD1 TRP A   1 "
      ideal   model   delta sinusoidal    sigma   weight residual
     -90.00  -55.19  -34.81     2      2.00e+01 2.50e-03 3.91e+00
  dihedral pdb=" CA  TRP A   1 "
           pdb=" C   TRP A   1 "
           pdb=" N   GLY A   2 "
           pdb=" CA  GLY A   2 "
      ideal   model   delta  harmonic     sigma   weight residual
    -180.00 -174.58   -5.42     0      5.00e+00 4.00e-02 1.18e+00
  ... (remaining 11 not shown)

  Histogram of chiral volume deviations from ideal:
       0.032 -    0.032: 1
       0.032 -    0.032: 0
       0.032 -    0.032: 0
       0.032 -    0.032: 0
       0.032 -    0.032: 0
  Chirality restraints: 1
  Sorted by residual:
  chirality pdb=" CA  TRP A   1 "
            pdb=" C   TRP A   1 "
            pdb=" N   TRP A   1 "
            pdb=" CB  TRP A   1 "
    both_signs  ideal   model   delta    sigma   weight residual
      False     -2.51   -2.54    0.03 2.00e-01 2.50e+01 2.51e-02

  Planarity restraints: 6
  Sorted by residual:
                                 delta    sigma   weight rms_deltas residual
  plane pdb=" CB  TRP A   1 "    0.005 2.00e-02 2.50e+03   1.38e-02 7.59e+00
        pdb=" CG  TRP A   1 "    0.007 2.00e-02 2.50e+03
        pdb=" CD1 TRP A   1 "   -0.005 2.00e-02 2.50e+03
        pdb=" HD1 TRP A   1 "   -0.016 2.00e-02 2.50e+03
        pdb=" NE1 TRP A   1 "    0.012 2.00e-02 2.50e+03
        pdb=" HE1 TRP A   1 "    0.012 2.00e-02 2.50e+03
        pdb=" CE2 TRP A   1 "   -0.017 2.00e-02 2.50e+03
        pdb=" CZ2 TRP A   1 "   -0.006 2.00e-02 2.50e+03
        pdb=" HZ2 TRP A   1 "   -0.016 2.00e-02 2.50e+03
        pdb=" CH2 TRP A   1 "    0.003 2.00e-02 2.50e+03
        pdb=" HH2 TRP A   1 "    0.010 2.00e-02 2.50e+03
        pdb=" CZ3 TRP A   1 "    0.020 2.00e-02 2.50e+03
        pdb=" HZ3 TRP A   1 "   -0.015 2.00e-02 2.50e+03
        pdb=" CE3 TRP A   1 "    0.007 2.00e-02 2.50e+03
        pdb=" HE3 TRP A   1 "   -0.023 2.00e-02 2.50e+03
        pdb=" CD2 TRP A   1 "    0.022 2.00e-02 2.50e+03
                                 delta    sigma   weight rms_deltas residual
  plane pdb=" C   GLY A   2 "   -0.021 2.00e-02 2.50e+03   1.21e-02 1.46e+00
        pdb=" O   GLY A   2 "    0.008 2.00e-02 2.50e+03
        pdb=" CA  GLY A   2 "    0.006 2.00e-02 2.50e+03
        pdb=" N   GLY A   3 "    0.007 2.00e-02 2.50e+03
                                 delta    sigma   weight rms_deltas residual
  plane pdb=" C   TRP A   1 "    0.005 2.00e-02 2.50e+03   9.27e-03 8.59e-01
        pdb=" CA  GLY A   2 "    0.004 2.00e-02 2.50e+03
        pdb=" N   GLY A   2 "   -0.016 2.00e-02 2.50e+03
        pdb=" H   GLY A   2 "    0.007 2.00e-02 2.50e+03
  ... (remaining 3 not shown)

  Histogram of nonbonded interaction distances:
        1.91 -     2.51: 18
        2.51 -     3.11: 63
        3.11 -     3.70: 45
        3.70 -     4.30: 83
        4.30 -     4.90: 89
  Nonbonded interactions: 298
  Sorted by model distance:
  nonbonded pdb=" HA  TRP A   1 "
            pdb=" H2  TRP A   1 "
     model   vdw
     1.912 1.816
  nonbonded pdb=" H2  TRP A   1 "
            pdb=" CB  TRP A   1 "
     model   vdw
     1.952 2.376
  nonbonded pdb=" H2  TRP A   1 "
            pdb=" HB1 TRP A   1 "
     model   vdw
     1.955 2.270
  nonbonded pdb=" HA  TRP A   1 "
            pdb=" H1  TRP A   1 "
     model   vdw
     2.097 1.816
  nonbonded pdb=" H2  TRP A   1 "
            pdb=" HD1 TRP A   1 "
     model   vdw
     2.136 2.100
  ... (remaining 293 not shown)

  NOTE: a complete listing of the restraints can be obtained by requesting
        output of .geo file.

                   ----------xray_structure summary----------                  

Number of scattering types: 4
  Type Number    sf(0)   Gaussians
   O       4      7.97       2
   N       4      6.97       2
   C      15      5.97       2
   H      18      1.00       2
  sf(0) = scattering factor at diffraction angle 0.
Number of scatterers: 41
At special positions: 0
Unit cell: (12.289, 11.691, 13.906, 90, 90, 90)
Space group: P 1 (No. 1)

End of input processing
r_work=0.5586 r_free=0.4651
params.data_weight: None
params.restraints: qm
rmsd(b), start:  0.0840
mc:   0 R: 0.3336 rmsd(b):  0.0981 restraint_scale:  2.0 min_steps: 51
mc:   1 R: 0.2536 rmsd(b):  0.2118 restraint_scale:  4.0 min_steps: 53
mc:   2 R: 0.1704 rmsd(b):  0.1985 restraint_scale:  8.0 min_steps: 47
mc:   3 R: 0.1694 rmsd(b):  0.2010 restraint_scale: 16.0 min_steps: 14
mc:   4 R: 0.1841 rmsd(b):  0.2283 restraint_scale: 32.0 min_steps: 23
mc:   5 R: 0.1841 rmsd(b):  0.2283 restraint_scale: 64.0 min_steps: 1
Convergence reached, stop now.
see the result structure:  ./p26/04_results/refine_qm/215_WGG07-new/1.2/9.pdb
Time: 241.7412
