phenix.python
you are importing  adaptive calculator, and it does nothing. Please give it energy, force....... 

============================== Collecting inputs ==============================


                   ----------Processing X-ray data----------                   

F-obs:
  /scratch/m_zhen01/30994.lupus.uni-muenster.de/p26/02_mtz/192_WG10-new.mtz:F-obs
Miller array info: None
Observation type: xray.amplitude
Type of data: double, size=187
Type of sigmas: None
Number of Miller indices: 187
Anomalous flag: False
Unit cell: (13.922, 12.016, 11.088, 90, 90, 90)
Space group: P 1 (No. 1)
Systematic absences: 0
Centric reflections: 0
Resolution range: 3.91036 2.51701
Completeness in resolution range: 1
Completeness with d_max=infinity: 0.74502

Number of F-obs in resolution range:                   187
Number of F-obs<0 (these reflections will be rejected): 0
Number of F-obs=0 (these reflections will be used in refinement): 0
Refinement resolution range: d_max =   3.9104
                             d_min =   2.5170

R-free flags:
  /scratch/m_zhen01/30994.lupus.uni-muenster.de/p26/02_mtz/192_WG10-new.mtz:R-free-flags
Miller array info: /scratch/m_zhen01/30994.lupus.uni-muenster.de/p26/02_mtz/192_WG10-new.mtz:R-free-flags
Observation type: None
Type of data: int, size=187
Type of sigmas: None
Number of Miller indices: 187
Anomalous flag: False
Unit cell: (13.922, 12.016, 11.088, 90, 90, 90)
Space group: P 1 (No. 1)
Systematic absences: 0
Centric reflections: 0
Resolution range: 3.91036 2.51701
Completeness in resolution range: 1
Completeness with d_max=infinity: 0.74502
Wavelength: 1.0000

Test (R-free flags) flag value: 1

Number of work/free reflections by resolution:
                                  work free  %free
  bin  1: 3.9104 - 3.6062 [15/15]   15    0   0.0%
  bin  2: 3.6062 - 3.3789 [25/25]   25    0   0.0%
  bin  3: 3.3789 - 3.1999 [16/16]   16    0   0.0%
  bin  4: 3.1999 - 3.0536 [18/18]   10    8  44.4%
  bin  5: 3.0536 - 2.9309 [13/13]   11    2  15.4%
  bin  6: 2.9309 - 2.8258 [24/24]   24    0   0.0%
  bin  7: 2.8258 - 2.7343 [ 8/8 ]    8    0   0.0%
  bin  8: 2.7343 - 2.6537 [22/22]   20    2   9.1%
  bin  9: 2.6537 - 2.5817 [24/24]   24    0   0.0%
  bin 10: 2.5817 - 2.5170 [22/22]   22    0   0.0%
                          overall  175   12   6.4%

                   ----------Processing PDB file(s)----------                  

  Monomer Library directory:
    "/tmp1/m_zhen01/phenix-installer-1.10.1-2155-intel-linux-2.6-x86_64-centos5/phenix-1.10.1-2155/modules/chem_data/mon_lib"
  Total number of atoms: 34
  Number of models: 1
  Model: ""
    Number of chains: 1
    Chain: "A"
      Number of atoms: 34
      Number of conformers: 1
      Conformer: ""
        Number of residues, atoms: 2, 34
          Classifications: {'peptide': 2}
          Modifications used: {'NH2NOTPRO': 1, 'COOH': 1}
          Link IDs: {'TRANS': 1}
  Time building chain proxies: 0.07, per 1000 atoms: 2.06
  Number of scatterers: 34
  At special positions: 0
  Unit cell: (13.922, 12.016, 11.088, 90, 90, 90)
  Space group: P 1 (No. 1)
  Number of sites at special positions: 0
  Number of scattering types: 4
    Type Number    sf(0)
     O       3      8.00
     N       3      7.00
     C      13      6.00
     H      15      1.00
    sf(0) = scattering factor at diffraction angle 0.

  Number of disulfides: simple=0, symmetry=0

  Automatic linking
    Parameters for automatic linking
      Linking & cutoffs
        Metal                : False - 3.50
        Amimo acid           : False - 1.90
        Carbohydrate         : True  - 1.99
        Ligands              : True  - 1.99
        Amino acid - RNA/DNA : False
      
  Number of custom bonds: simple=0, symmetry=0
  Time building additional restraints: 0.02
  Conformation dependent library (CDL) restraints added in 514.0 microseconds
  
  Adding C-beta torsion restraints...
  Number of C-beta restraints generated:  2
  Time building geometry restraints manager: 0.03 seconds

  NOTE: a complete listing of the restraints can be obtained by requesting
        output of .geo file.

  Histogram of bond lengths:
        0.84 -     0.98: 13
        0.98 -     1.13: 2
        1.13 -     1.27: 2
        1.27 -     1.42: 10
        1.42 -     1.56: 8
  Bond restraints: 35
  Sorted by residual:
  bond pdb=" CA  GLY A   2 "
       pdb=" HA2 GLY A   2 "
    ideal  model  delta    sigma   weight residual
    0.970  1.016 -0.046 2.00e-02 2.50e+03 5.33e+00
  bond pdb=" N   TRP A   1 "
       pdb=" H2  TRP A   1 "
    ideal  model  delta    sigma   weight residual
    0.960  0.994 -0.034 2.00e-02 2.50e+03 2.83e+00
  bond pdb=" CA  TRP A   1 "
       pdb=" CB  TRP A   1 "
    ideal  model  delta    sigma   weight residual
    1.530  1.560 -0.030 2.00e-02 2.50e+03 2.23e+00
  bond pdb=" C   TRP A   1 "
       pdb=" N   GLY A   2 "
    ideal  model  delta    sigma   weight residual
    1.329  1.349 -0.020 1.40e-02 5.10e+03 1.99e+00
  bond pdb=" CZ2 TRP A   1 "
       pdb=" HZ2 TRP A   1 "
    ideal  model  delta    sigma   weight residual
    0.930  0.957 -0.027 2.00e-02 2.50e+03 1.77e+00
  ... (remaining 30 not shown)

  Histogram of bond angle deviations from ideal:
      105.02 -   110.91: 20
      110.91 -   116.80: 8
      116.80 -   122.69: 15
      122.69 -   128.58: 12
      128.58 -   134.48: 2
  Bond angle restraints: 57
  Sorted by residual:
  angle pdb=" C   GLY A   2 "
        pdb=" CA  GLY A   2 "
        pdb=" N   GLY A   2 "
      ideal   model   delta    sigma   weight residual
     113.30  105.02    8.28 2.90e+00 1.19e-01 8.15e+00
  angle pdb=" O   GLY A   2 "
        pdb=" C   GLY A   2 "
        pdb=" CA  GLY A   2 "
      ideal   model   delta    sigma   weight residual
     118.60  111.89    6.71 3.00e+00 1.11e-01 5.00e+00
  angle pdb=" CA  TRP A   1 "
        pdb=" CB  TRP A   1 "
        pdb=" CG  TRP A   1 "
      ideal   model   delta    sigma   weight residual
     113.60  109.51    4.09 1.90e+00 2.77e-01 4.62e+00
  angle pdb=" OXT GLY A   2 "
        pdb=" C   GLY A   2 "
        pdb=" CA  GLY A   2 "
      ideal   model   delta    sigma   weight residual
     118.60  124.18   -5.58 3.00e+00 1.11e-01 3.45e+00
  angle pdb=" CA  TRP A   1 "
        pdb=" CB  TRP A   1 "
        pdb=" HB1 TRP A   1 "
      ideal   model   delta    sigma   weight residual
     109.00  114.51   -5.51 3.00e+00 1.11e-01 3.38e+00
  ... (remaining 52 not shown)

  Histogram of dihedral angle deviations from ideal:
        0.01 -     4.71: 9
        4.71 -     9.42: 2
        9.42 -    14.12: 0
       14.12 -    18.83: 1
       18.83 -    23.53: 1
  Dihedral angle restraints: 13
    sinusoidal: 3
      harmonic: 10
  Sorted by residual:
  dihedral pdb=" CA  TRP A   1 "
           pdb=" C   TRP A   1 "
           pdb=" N   GLY A   2 "
           pdb=" CA  GLY A   2 "
      ideal   model   delta  harmonic     sigma   weight residual
     180.00 -170.64   -9.36     0      5.00e+00 4.00e-02 3.50e+00
  dihedral pdb=" OXT GLY A   2 "
           pdb=" C   GLY A   2 "
           pdb=" CA  GLY A   2 "
           pdb=" N   GLY A   2 "
      ideal   model   delta sinusoidal    sigma   weight residual
     -20.00    3.53  -23.53     2      3.00e+01 1.11e-03 8.50e-01
  dihedral pdb=" CA  TRP A   1 "
           pdb=" CB  TRP A   1 "
           pdb=" CG  TRP A   1 "
           pdb=" CD1 TRP A   1 "
      ideal   model   delta sinusoidal    sigma   weight residual
     -90.00  -75.07  -14.93     2      2.00e+01 2.50e-03 7.96e-01
  ... (remaining 10 not shown)

  Histogram of chiral volume deviations from ideal:
       0.027 -    0.027: 1
       0.027 -    0.027: 0
       0.027 -    0.027: 0
       0.027 -    0.027: 0
       0.027 -    0.027: 0
  Chirality restraints: 1
  Sorted by residual:
  chirality pdb=" CA  TRP A   1 "
            pdb=" C   TRP A   1 "
            pdb=" N   TRP A   1 "
            pdb=" CB  TRP A   1 "
    both_signs  ideal   model   delta    sigma   weight residual
      False     -2.51   -2.54    0.03 2.00e-01 2.50e+01 1.79e-02

  Planarity restraints: 4
  Sorted by residual:
                                 delta    sigma   weight rms_deltas residual
  plane pdb=" CB  TRP A   1 "    0.019 2.00e-02 2.50e+03   1.63e-02 1.07e+01
        pdb=" CG  TRP A   1 "    0.019 2.00e-02 2.50e+03
        pdb=" CD1 TRP A   1 "   -0.009 2.00e-02 2.50e+03
        pdb=" HD1 TRP A   1 "   -0.031 2.00e-02 2.50e+03
        pdb=" NE1 TRP A   1 "    0.036 2.00e-02 2.50e+03
        pdb=" HE1 TRP A   1 "   -0.004 2.00e-02 2.50e+03
        pdb=" CE2 TRP A   1 "   -0.008 2.00e-02 2.50e+03
        pdb=" CZ2 TRP A   1 "   -0.000 2.00e-02 2.50e+03
        pdb=" HZ2 TRP A   1 "    0.016 2.00e-02 2.50e+03
        pdb=" CH2 TRP A   1 "   -0.019 2.00e-02 2.50e+03
        pdb=" HH2 TRP A   1 "    0.005 2.00e-02 2.50e+03
        pdb=" CZ3 TRP A   1 "   -0.010 2.00e-02 2.50e+03
        pdb=" HZ3 TRP A   1 "    0.009 2.00e-02 2.50e+03
        pdb=" CE3 TRP A   1 "   -0.006 2.00e-02 2.50e+03
        pdb=" HE3 TRP A   1 "    0.001 2.00e-02 2.50e+03
        pdb=" CD2 TRP A   1 "   -0.017 2.00e-02 2.50e+03
                                 delta    sigma   weight rms_deltas residual
  plane pdb=" C   TRP A   1 "   -0.009 2.00e-02 2.50e+03   1.65e-02 2.71e+00
        pdb=" CA  GLY A   2 "   -0.007 2.00e-02 2.50e+03
        pdb=" N   GLY A   2 "    0.028 2.00e-02 2.50e+03
        pdb=" H   GLY A   2 "   -0.013 2.00e-02 2.50e+03
                                 delta    sigma   weight rms_deltas residual
  plane pdb=" O   GLY A   2 "   -0.001 2.00e-02 2.50e+03   7.61e-03 7.23e-01
        pdb=" C   GLY A   2 "   -0.006 2.00e-02 2.50e+03
        pdb=" OXT GLY A   2 "   -0.010 2.00e-02 2.50e+03
        pdb=" HXT GLY A   2 "    0.011 2.00e-02 2.50e+03
        pdb=" CA  GLY A   2 "    0.006 2.00e-02 2.50e+03
  ... (remaining 1 not shown)

  Histogram of nonbonded interaction distances:
        2.16 -     2.70: 30
        2.70 -     3.25: 42
        3.25 -     3.80: 45
        3.80 -     4.35: 58
        4.35 -     4.90: 74
  Nonbonded interactions: 249
  Sorted by model distance:
  nonbonded pdb=" H1  TRP A   1 "
            pdb=" H   GLY A   2 "
     model   vdw
     2.156 2.100
  nonbonded pdb=" HA  TRP A   1 "
            pdb=" H1  TRP A   1 "
     model   vdw
     2.219 1.816
  nonbonded pdb=" H2  TRP A   1 "
            pdb=" HD1 TRP A   1 "
     model   vdw
     2.312 2.100
  nonbonded pdb=" HZ3 TRP A   1 "
            pdb=" HE3 TRP A   1 "
     model   vdw
     2.316 1.680
  nonbonded pdb=" HA2 GLY A   2 "
            pdb=" H   GLY A   2 "
     model   vdw
     2.318 1.816
  ... (remaining 244 not shown)

  NOTE: a complete listing of the restraints can be obtained by requesting
        output of .geo file.

                   ----------xray_structure summary----------                  

Number of scattering types: 4
  Type Number    sf(0)   Gaussians
   O       3      7.97       2
   N       3      6.97       2
   C      13      5.97       2
   H      15      1.00       2
  sf(0) = scattering factor at diffraction angle 0.
Number of scatterers: 34
At special positions: 0
Unit cell: (13.922, 12.016, 11.088, 90, 90, 90)
Space group: P 1 (No. 1)

End of input processing
r_work=0.5053 r_free=0.4402
params.data_weight: 0.0
params.restraints: qm
rmsd(b), start:  0.0794
mc:   0 R: 0.5011 rmsd(b):  0.0267 restraint_scale:  1.0 min_steps: 52
mc:   1 R: 0.5141 rmsd(b):  0.0274 restraint_scale:  1.0 min_steps: 52
mc:   2 R: 0.5139 rmsd(b):  0.0274 restraint_scale:  1.0 min_steps: 9
Convergence reached, stop now.
see the result structure:  ./p26/04_results/opt_qm/192_WG10-new/1.5/9.pdb
Time: 112.2098
