phenix.python
you are importing  adaptive calculator, and it does nothing. Please give it energy, force....... 

============================== Collecting inputs ==============================


                   ----------Processing X-ray data----------                   

F-obs:
  /scratch/m_zhen01/30995.lupus.uni-muenster.de/p26/02_mtz/221_GGF14-new.mtz:F-obs
Miller array info: None
Observation type: xray.amplitude
Type of data: double, size=187
Type of sigmas: None
Number of Miller indices: 187
Anomalous flag: False
Unit cell: (15.174, 11.899, 10.178, 90, 90, 90)
Space group: P 1 (No. 1)
Systematic absences: 0
Centric reflections: 0
Resolution range: 3.98257 2.50946
Completeness in resolution range: 1
Completeness with d_max=infinity: 0.766393

Number of F-obs in resolution range:                   187
Number of F-obs<0 (these reflections will be rejected): 0
Number of F-obs=0 (these reflections will be used in refinement): 0
Refinement resolution range: d_max =   3.9826
                             d_min =   2.5095

R-free flags:
  /scratch/m_zhen01/30995.lupus.uni-muenster.de/p26/02_mtz/221_GGF14-new.mtz:R-free-flags
Miller array info: /scratch/m_zhen01/30995.lupus.uni-muenster.de/p26/02_mtz/221_GGF14-new.mtz:R-free-flags
Observation type: None
Type of data: int, size=187
Type of sigmas: None
Number of Miller indices: 187
Anomalous flag: False
Unit cell: (15.174, 11.899, 10.178, 90, 90, 90)
Space group: P 1 (No. 1)
Systematic absences: 0
Centric reflections: 0
Resolution range: 3.98257 2.50946
Completeness in resolution range: 1
Completeness with d_max=infinity: 0.766393
Wavelength: 1.0000

Test (R-free flags) flag value: 1

Number of work/free reflections by resolution:
                                  work free  %free
  bin  1: 3.9826 - 3.6493 [18/18]   14    4  22.2%
  bin  2: 3.6493 - 3.4055 [28/28]   28    0   0.0%
  bin  3: 3.4055 - 3.2160 [ 9/9 ]    7    2  22.2%
  bin  4: 3.2160 - 3.0627 [20/20]   20    0   0.0%
  bin  5: 3.0627 - 2.9349 [24/24]   24    0   0.0%
  bin  6: 2.9349 - 2.8262 [14/14]   12    2  14.3%
  bin  7: 2.8262 - 2.7319 [22/22]   22    0   0.0%
  bin  8: 2.7319 - 2.6491 [14/14]   14    0   0.0%
  bin  9: 2.6491 - 2.5755 [12/12]    8    4  33.3%
  bin 10: 2.5755 - 2.5095 [26/26]   26    0   0.0%
                          overall  175   12   6.4%

                   ----------Processing PDB file(s)----------                  

  Monomer Library directory:
    "/tmp1/m_zhen01/phenix-installer-1.10.1-2155-intel-linux-2.6-x86_64-centos5/phenix-1.10.1-2155/modules/chem_data/mon_lib"
  Total number of atoms: 37
  Number of models: 1
  Model: ""
    Number of chains: 1
    Chain: "A"
      Number of atoms: 37
      Number of conformers: 1
      Conformer: ""
        Number of residues, atoms: 3, 37
          Classifications: {'peptide': 3}
          Modifications used: {'NH2NOTPRO': 1, 'COOH': 1}
          Link IDs: {'TRANS': 2}
  Time building chain proxies: 0.07, per 1000 atoms: 1.89
  Number of scatterers: 37
  At special positions: 0
  Unit cell: (15.174, 11.899, 10.178, 90, 90, 90)
  Space group: P 1 (No. 1)
  Number of sites at special positions: 0
  Number of scattering types: 4
    Type Number    sf(0)
     O       4      8.00
     N       3      7.00
     C      13      6.00
     H      17      1.00
    sf(0) = scattering factor at diffraction angle 0.

  Number of disulfides: simple=0, symmetry=0

  Automatic linking
    Parameters for automatic linking
      Linking & cutoffs
        Metal                : False - 3.50
        Amimo acid           : False - 1.90
        Carbohydrate         : True  - 1.99
        Ligands              : True  - 1.99
        Amino acid - RNA/DNA : False
      
  Number of custom bonds: simple=0, symmetry=0
  Time building additional restraints: 0.02
  Conformation dependent library (CDL) restraints added in 2.5 milliseconds
  
  Adding C-beta torsion restraints...
  Number of C-beta restraints generated:  2
  Time building geometry restraints manager: 0.03 seconds

  NOTE: a complete listing of the restraints can be obtained by requesting
        output of .geo file.

  Histogram of bond lengths:
        0.80 -     0.95: 8
        0.95 -     1.09: 9
        1.09 -     1.24: 2
        1.24 -     1.39: 7
        1.39 -     1.54: 11
  Bond restraints: 37
  Sorted by residual:
  bond pdb=" N   PHE A   3 "
       pdb=" H   PHE A   3 "
    ideal  model  delta    sigma   weight residual
    0.860  0.797  0.063 2.00e-02 2.50e+03 1.01e+01
  bond pdb=" C   GLY A   2 "
       pdb=" N   PHE A   3 "
    ideal  model  delta    sigma   weight residual
    1.329  1.358 -0.029 1.40e-02 5.10e+03 4.26e+00
  bond pdb=" CZ  PHE A   3 "
       pdb=" HZ  PHE A   3 "
    ideal  model  delta    sigma   weight residual
    0.930  0.968 -0.038 2.00e-02 2.50e+03 3.67e+00
  bond pdb=" CA  GLY A   1 "
       pdb=" N   GLY A   1 "
    ideal  model  delta    sigma   weight residual
    1.451  1.477 -0.026 1.60e-02 3.91e+03 2.71e+00
  bond pdb=" CE1 PHE A   3 "
       pdb=" CZ  PHE A   3 "
    ideal  model  delta    sigma   weight residual
    1.382  1.430 -0.048 3.00e-02 1.11e+03 2.61e+00
  ... (remaining 32 not shown)

  Histogram of bond angle deviations from ideal:
      104.36 -   109.41: 16
      109.41 -   114.47: 13
      114.47 -   119.52: 8
      119.52 -   124.57: 21
      124.57 -   129.62: 2
  Bond angle restraints: 60
  Sorted by residual:
  angle pdb=" CA  PHE A   3 "
        pdb=" N   PHE A   3 "
        pdb=" H   PHE A   3 "
      ideal   model   delta    sigma   weight residual
     114.00  107.40    6.60 3.00e+00 1.11e-01 4.84e+00
  angle pdb=" C   GLY A   2 "
        pdb=" N   PHE A   3 "
        pdb=" H   PHE A   3 "
      ideal   model   delta    sigma   weight residual
     124.30  129.62   -5.32 3.00e+00 1.11e-01 3.15e+00
  angle pdb=" HA  PHE A   3 "
        pdb=" CA  PHE A   3 "
        pdb=" CB  PHE A   3 "
      ideal   model   delta    sigma   weight residual
     109.00  104.36    4.64 3.00e+00 1.11e-01 2.39e+00
  angle pdb=" CA  PHE A   3 "
        pdb=" CB  PHE A   3 "
        pdb=" HB1 PHE A   3 "
      ideal   model   delta    sigma   weight residual
     109.00  113.56   -4.56 3.00e+00 1.11e-01 2.31e+00
  angle pdb=" CA  GLY A   1 "
        pdb=" N   GLY A   1 "
        pdb=" H1  GLY A   1 "
      ideal   model   delta    sigma   weight residual
     109.47  105.31    4.16 3.00e+00 1.11e-01 1.92e+00
  ... (remaining 55 not shown)

  Histogram of dihedral angle deviations from ideal:
        0.35 -    35.96: 12
       35.96 -    71.58: 0
       71.58 -   107.19: 0
      107.19 -   142.80: 0
      142.80 -   178.41: 1
  Dihedral angle restraints: 13
    sinusoidal: 3
      harmonic: 10
  Sorted by residual:
  dihedral pdb=" O   PHE A   3 "
           pdb=" C   PHE A   3 "
           pdb=" OXT PHE A   3 "
           pdb=" HXT PHE A   3 "
      ideal   model   delta  harmonic     sigma   weight residual
       0.00  178.41 -178.41     0      3.00e+01 1.11e-03 3.54e+01
  dihedral pdb=" CA  GLY A   2 "
           pdb=" C   GLY A   2 "
           pdb=" N   PHE A   3 "
           pdb=" CA  PHE A   3 "
      ideal   model   delta  harmonic     sigma   weight residual
     180.00  173.05    6.95     0      5.00e+00 4.00e-02 1.93e+00
  dihedral pdb=" OXT PHE A   3 "
           pdb=" C   PHE A   3 "
           pdb=" CA  PHE A   3 "
           pdb=" N   PHE A   3 "
      ideal   model   delta sinusoidal    sigma   weight residual
     -20.00  -51.18   31.18     2      3.00e+01 1.11e-03 1.43e+00
  ... (remaining 10 not shown)

  Histogram of chiral volume deviations from ideal:
       0.097 -    0.097: 1
       0.097 -    0.097: 0
       0.097 -    0.097: 0
       0.097 -    0.097: 0
       0.097 -    0.097: 0
  Chirality restraints: 1
  Sorted by residual:
  chirality pdb=" CA  PHE A   3 "
            pdb=" C   PHE A   3 "
            pdb=" N   PHE A   3 "
            pdb=" CB  PHE A   3 "
    both_signs  ideal   model   delta    sigma   weight residual
      False     -2.51   -2.41   -0.10 2.00e-01 2.50e+01 2.35e-01

  Planarity restraints: 6
  Sorted by residual:
                                 delta    sigma   weight rms_deltas residual
  plane pdb=" CB  PHE A   3 "   -0.026 2.00e-02 2.50e+03   1.56e-02 7.27e+00
        pdb=" CG  PHE A   3 "    0.010 2.00e-02 2.50e+03
        pdb=" CD1 PHE A   3 "    0.003 2.00e-02 2.50e+03
        pdb=" HD1 PHE A   3 "    0.032 2.00e-02 2.50e+03
        pdb=" CE1 PHE A   3 "   -0.030 2.00e-02 2.50e+03
        pdb=" HE1 PHE A   3 "   -0.005 2.00e-02 2.50e+03
        pdb=" CZ  PHE A   3 "    0.000 2.00e-02 2.50e+03
        pdb=" HZ  PHE A   3 "    0.008 2.00e-02 2.50e+03
        pdb=" CE2 PHE A   3 "   -0.006 2.00e-02 2.50e+03
        pdb=" HE2 PHE A   3 "    0.002 2.00e-02 2.50e+03
        pdb=" CD2 PHE A   3 "    0.006 2.00e-02 2.50e+03
        pdb=" HD2 PHE A   3 "    0.006 2.00e-02 2.50e+03
                                 delta    sigma   weight rms_deltas residual
  plane pdb=" C   GLY A   2 "   -0.008 2.00e-02 2.50e+03   1.42e-02 2.03e+00
        pdb=" CA  PHE A   3 "   -0.006 2.00e-02 2.50e+03
        pdb=" N   PHE A   3 "    0.024 2.00e-02 2.50e+03
        pdb=" H   PHE A   3 "   -0.011 2.00e-02 2.50e+03
                                 delta    sigma   weight rms_deltas residual
  plane pdb=" C   GLY A   1 "   -0.006 2.00e-02 2.50e+03   1.04e-02 1.09e+00
        pdb=" CA  GLY A   2 "   -0.004 2.00e-02 2.50e+03
        pdb=" N   GLY A   2 "    0.018 2.00e-02 2.50e+03
        pdb=" H   GLY A   2 "   -0.008 2.00e-02 2.50e+03
  ... (remaining 3 not shown)

  Histogram of nonbonded interaction distances:
        1.55 -     2.22: 5
        2.22 -     2.89: 50
        2.89 -     3.56: 81
        3.56 -     4.23: 75
        4.23 -     4.90: 93
  Nonbonded interactions: 304
  Sorted by model distance:
  nonbonded pdb=" O   GLY A   2 "
            pdb=" HXT PHE A   3 "
     model   vdw
     1.554 1.970
  nonbonded pdb=" O   GLY A   1 "
            pdb=" H   PHE A   3 "
     model   vdw
     1.930 1.970
  nonbonded pdb=" HA  PHE A   3 "
            pdb=" H   PHE A   3 "
     model   vdw
     2.018 1.816
  nonbonded pdb=" HA1 GLY A   1 "
            pdb=" H1  GLY A   1 "
     model   vdw
     2.112 1.816
  nonbonded pdb=" HA1 GLY A   2 "
            pdb=" H   GLY A   2 "
     model   vdw
     2.137 1.816
  ... (remaining 299 not shown)

  NOTE: a complete listing of the restraints can be obtained by requesting
        output of .geo file.

                   ----------xray_structure summary----------                  

Number of scattering types: 4
  Type Number    sf(0)   Gaussians
   O       4      7.97       2
   N       3      6.97       2
   C      13      5.97       2
   H      17      1.00       2
  sf(0) = scattering factor at diffraction angle 0.
Number of scatterers: 37
At special positions: 0
Unit cell: (15.174, 11.899, 10.178, 90, 90, 90)
Space group: P 1 (No. 1)

End of input processing
r_work=0.3988 r_free=0.2463
params.data_weight: None
params.restraints: cctbx
rmsd(b), start:  0.0895
mc:   0 R: 0.1254 rmsd(b):  0.1111 restraint_scale:  2.0 min_steps: 25
mc:   1 R: 0.0324 rmsd(b):  0.0207 restraint_scale:  2.0 min_steps: 23
mc:   2 R: 0.0106 rmsd(b):  0.0116 restraint_scale:  2.0 min_steps: 48
mc:   3 R: 0.0066 rmsd(b):  0.0431 restraint_scale:  4.0 min_steps: 41
mc:   4 R: 0.0071 rmsd(b):  0.0443 restraint_scale:  8.0 min_steps: 7
Convergence reached, stop now.
see the result structure:  ./p26/04_results/refine_cctbx/221_GGF14-new/0.6/4.pdb
Time: 5.8706
