phenix.python
you are importing  adaptive calculator, and it does nothing. Please give it energy, force....... 

============================== Collecting inputs ==============================


                   ----------Processing X-ray data----------                   

F-obs:
  /scratch/m_zhen01/30994.lupus.uni-muenster.de/p26/02_mtz/213_WGG15-new.mtz:F-obs
Miller array info: None
Observation type: xray.amplitude
Type of data: double, size=215
Type of sigmas: None
Number of Miller indices: 215
Anomalous flag: False
Unit cell: (15.336, 14.208, 10.255, 90, 90, 90)
Space group: P 1 (No. 1)
Systematic absences: 0
Centric reflections: 0
Resolution range: 3.84643 2.5113
Completeness in resolution range: 1
Completeness with d_max=infinity: 0.728814

Number of F-obs in resolution range:                   215
Number of F-obs<0 (these reflections will be rejected): 0
Number of F-obs=0 (these reflections will be used in refinement): 0
Refinement resolution range: d_max =   3.8464
                             d_min =   2.5113

R-free flags:
  /scratch/m_zhen01/30994.lupus.uni-muenster.de/p26/02_mtz/213_WGG15-new.mtz:R-free-flags
Miller array info: /scratch/m_zhen01/30994.lupus.uni-muenster.de/p26/02_mtz/213_WGG15-new.mtz:R-free-flags
Observation type: None
Type of data: int, size=215
Type of sigmas: None
Number of Miller indices: 215
Anomalous flag: False
Unit cell: (15.336, 14.208, 10.255, 90, 90, 90)
Space group: P 1 (No. 1)
Systematic absences: 0
Centric reflections: 0
Resolution range: 3.84643 2.5113
Completeness in resolution range: 1
Completeness with d_max=infinity: 0.728814
Wavelength: 1.0000

Test (R-free flags) flag value: 1

Number of work/free reflections by resolution:
                                  work free  %free
  bin  1: 3.8464 - 3.5619 [19/19]   18    1   5.3%
  bin  2: 3.5619 - 3.3464 [24/24]   23    1   4.2%
  bin  3: 3.3464 - 3.1751 [26/26]   26    0   0.0%
  bin  4: 3.1751 - 3.0342 [19/19]   19    0   0.0%
  bin  5: 3.0342 - 2.9154 [18/18]   16    2  11.1%
  bin  6: 2.9154 - 2.8133 [29/29]   29    0   0.0%
  bin  7: 2.8133 - 2.7241 [22/22]   20    2   9.1%
  bin  8: 2.7241 - 2.6452 [10/10]   10    0   0.0%
  bin  9: 2.6452 - 2.5748 [24/24]   24    0   0.0%
  bin 10: 2.5748 - 2.5113 [24/24]   23    1   4.2%
                          overall  208    7   3.3%

                   ----------Processing PDB file(s)----------                  

  Monomer Library directory:
    "/tmp1/m_zhen01/phenix-installer-1.10.1-2155-intel-linux-2.6-x86_64-centos5/phenix-1.10.1-2155/modules/chem_data/mon_lib"
  Total number of atoms: 41
  Number of models: 1
  Model: ""
    Number of chains: 1
    Chain: "A"
      Number of atoms: 41
      Number of conformers: 1
      Conformer: ""
        Number of residues, atoms: 3, 41
          Classifications: {'peptide': 3}
          Modifications used: {'NH2NOTPRO': 1, 'COOH': 1}
          Link IDs: {'TRANS': 2}
  Time building chain proxies: 0.08, per 1000 atoms: 1.95
  Number of scatterers: 41
  At special positions: 0
  Unit cell: (15.336, 14.208, 10.255, 90, 90, 90)
  Space group: P 1 (No. 1)
  Number of sites at special positions: 0
  Number of scattering types: 4
    Type Number    sf(0)
     O       4      8.00
     N       4      7.00
     C      15      6.00
     H      18      1.00
    sf(0) = scattering factor at diffraction angle 0.

  Number of disulfides: simple=0, symmetry=0

  Automatic linking
    Parameters for automatic linking
      Linking & cutoffs
        Metal                : False - 3.50
        Amimo acid           : False - 1.90
        Carbohydrate         : True  - 1.99
        Ligands              : True  - 1.99
        Amino acid - RNA/DNA : False
      
  Number of custom bonds: simple=0, symmetry=0
  Time building additional restraints: 0.03
  Conformation dependent library (CDL) restraints added in 2.8 milliseconds
  
  Adding C-beta torsion restraints...
  Number of C-beta restraints generated:  2
  Time building geometry restraints manager: 0.04 seconds

  NOTE: a complete listing of the restraints can be obtained by requesting
        output of .geo file.

  Histogram of bond lengths:
        0.81 -     0.96: 8
        0.96 -     1.11: 10
        1.11 -     1.26: 3
        1.26 -     1.40: 8
        1.40 -     1.55: 13
  Bond restraints: 42
  Sorted by residual:
  bond pdb=" CZ3 TRP A   1 "
       pdb=" HZ3 TRP A   1 "
    ideal  model  delta    sigma   weight residual
    0.930  0.982 -0.052 2.00e-02 2.50e+03 6.66e+00
  bond pdb=" N   TRP A   1 "
       pdb=" H2  TRP A   1 "
    ideal  model  delta    sigma   weight residual
    0.960  1.011 -0.051 2.00e-02 2.50e+03 6.54e+00
  bond pdb=" N   GLY A   2 "
       pdb=" H   GLY A   2 "
    ideal  model  delta    sigma   weight residual
    0.860  0.813  0.047 2.00e-02 2.50e+03 5.61e+00
  bond pdb=" CB  TRP A   1 "
       pdb=" HB1 TRP A   1 "
    ideal  model  delta    sigma   weight residual
    0.970  0.930  0.040 2.00e-02 2.50e+03 4.05e+00
  bond pdb=" N   GLY A   3 "
       pdb=" H   GLY A   3 "
    ideal  model  delta    sigma   weight residual
    0.860  0.895 -0.035 2.00e-02 2.50e+03 3.13e+00
  ... (remaining 37 not shown)

  Histogram of bond angle deviations from ideal:
      103.21 -   109.24: 17
      109.24 -   115.27: 16
      115.27 -   121.29: 17
      121.29 -   127.32: 15
      127.32 -   133.35: 4
  Bond angle restraints: 69
  Sorted by residual:
  angle pdb=" O   GLY A   2 "
        pdb=" C   GLY A   2 "
        pdb=" CA  GLY A   2 "
      ideal   model   delta    sigma   weight residual
     120.57  123.95   -3.38 1.74e+00 3.30e-01 3.76e+00
  angle pdb=" HA  TRP A   1 "
        pdb=" CA  TRP A   1 "
        pdb=" CB  TRP A   1 "
      ideal   model   delta    sigma   weight residual
     109.00  103.21    5.79 3.00e+00 1.11e-01 3.72e+00
  angle pdb=" CA  GLY A   2 "
        pdb=" C   GLY A   2 "
        pdb=" N   GLY A   3 "
      ideal   model   delta    sigma   weight residual
     116.69  113.09    3.60 2.04e+00 2.40e-01 3.12e+00
  angle pdb=" CZ2 TRP A   1 "
        pdb=" CE2 TRP A   1 "
        pdb=" CD2 TRP A   1 "
      ideal   model   delta    sigma   weight residual
     122.40  123.94   -1.54 1.00e+00 1.00e+00 2.37e+00
  angle pdb=" C   TRP A   1 "
        pdb=" N   GLY A   2 "
        pdb=" H   GLY A   2 "
      ideal   model   delta    sigma   weight residual
     124.30  119.81    4.49 3.00e+00 1.11e-01 2.24e+00
  ... (remaining 64 not shown)

  Histogram of dihedral angle deviations from ideal:
        0.09 -    35.38: 12
       35.38 -    70.66: 0
       70.66 -   105.94: 1
      105.94 -   141.23: 0
      141.23 -   176.51: 1
  Dihedral angle restraints: 14
    sinusoidal: 3
      harmonic: 11
  Sorted by residual:
  dihedral pdb=" O   GLY A   3 "
           pdb=" C   GLY A   3 "
           pdb=" OXT GLY A   3 "
           pdb=" HXT GLY A   3 "
      ideal   model   delta  harmonic     sigma   weight residual
       0.00 -176.51  176.51     0      3.00e+01 1.11e-03 3.46e+01
  dihedral pdb=" OXT GLY A   3 "
           pdb=" C   GLY A   3 "
           pdb=" CA  GLY A   3 "
           pdb=" N   GLY A   3 "
      ideal   model   delta sinusoidal    sigma   weight residual
     160.00   81.46   78.54     2      3.00e+01 1.11e-03 5.12e+00
  dihedral pdb=" CA  TRP A   1 "
           pdb=" CB  TRP A   1 "
           pdb=" CG  TRP A   1 "
           pdb=" CD1 TRP A   1 "
      ideal   model   delta sinusoidal    sigma   weight residual
     -90.00 -107.14   17.14     2      2.00e+01 2.50e-03 1.04e+00
  ... (remaining 11 not shown)

  Histogram of chiral volume deviations from ideal:
       0.031 -    0.031: 1
       0.031 -    0.031: 0
       0.031 -    0.031: 0
       0.031 -    0.031: 0
       0.031 -    0.031: 0
  Chirality restraints: 1
  Sorted by residual:
  chirality pdb=" CA  TRP A   1 "
            pdb=" C   TRP A   1 "
            pdb=" N   TRP A   1 "
            pdb=" CB  TRP A   1 "
    both_signs  ideal   model   delta    sigma   weight residual
      False     -2.51   -2.48   -0.03 2.00e-01 2.50e+01 2.45e-02

  Planarity restraints: 6
  Sorted by residual:
                                 delta    sigma   weight rms_deltas residual
  plane pdb=" C   TRP A   1 "   -0.014 2.00e-02 2.50e+03   2.80e-02 7.82e+00
        pdb=" CA  GLY A   2 "   -0.012 2.00e-02 2.50e+03
        pdb=" N   GLY A   2 "    0.048 2.00e-02 2.50e+03
        pdb=" H   GLY A   2 "   -0.022 2.00e-02 2.50e+03
                                 delta    sigma   weight rms_deltas residual
  plane pdb=" CB  TRP A   1 "    0.008 2.00e-02 2.50e+03   1.13e-02 5.14e+00
        pdb=" CG  TRP A   1 "   -0.008 2.00e-02 2.50e+03
        pdb=" CD1 TRP A   1 "   -0.016 2.00e-02 2.50e+03
        pdb=" HD1 TRP A   1 "   -0.004 2.00e-02 2.50e+03
        pdb=" NE1 TRP A   1 "    0.003 2.00e-02 2.50e+03
        pdb=" HE1 TRP A   1 "    0.024 2.00e-02 2.50e+03
        pdb=" CE2 TRP A   1 "   -0.003 2.00e-02 2.50e+03
        pdb=" CZ2 TRP A   1 "    0.002 2.00e-02 2.50e+03
        pdb=" HZ2 TRP A   1 "   -0.002 2.00e-02 2.50e+03
        pdb=" CH2 TRP A   1 "   -0.002 2.00e-02 2.50e+03
        pdb=" HH2 TRP A   1 "   -0.021 2.00e-02 2.50e+03
        pdb=" CZ3 TRP A   1 "    0.006 2.00e-02 2.50e+03
        pdb=" HZ3 TRP A   1 "    0.021 2.00e-02 2.50e+03
        pdb=" CE3 TRP A   1 "   -0.006 2.00e-02 2.50e+03
        pdb=" HE3 TRP A   1 "   -0.006 2.00e-02 2.50e+03
        pdb=" CD2 TRP A   1 "    0.005 2.00e-02 2.50e+03
                                 delta    sigma   weight rms_deltas residual
  plane pdb=" O   GLY A   3 "   -0.012 2.00e-02 2.50e+03   1.75e-02 3.82e+00
        pdb=" C   GLY A   3 "   -0.000 2.00e-02 2.50e+03
        pdb=" OXT GLY A   3 "    0.028 2.00e-02 2.50e+03
        pdb=" HXT GLY A   3 "   -0.024 2.00e-02 2.50e+03
        pdb=" CA  GLY A   3 "    0.008 2.00e-02 2.50e+03
  ... (remaining 3 not shown)

  Histogram of nonbonded interaction distances:
        1.69 -     2.33: 9
        2.33 -     2.97: 56
        2.97 -     3.61: 84
        3.61 -     4.26: 76
        4.26 -     4.90: 99
  Nonbonded interactions: 324
  Sorted by model distance:
  nonbonded pdb=" HA  TRP A   1 "
            pdb=" H2  TRP A   1 "
     model   vdw
     1.693 1.816
  nonbonded pdb=" HB1 TRP A   1 "
            pdb=" H   GLY A   2 "
     model   vdw
     2.010 2.270
  nonbonded pdb=" C   TRP A   1 "
            pdb=" H2  TRP A   1 "
     model   vdw
     2.016 2.240
  nonbonded pdb=" HA2 GLY A   3 "
            pdb=" H   GLY A   3 "
     model   vdw
     2.054 1.816
  nonbonded pdb=" O   GLY A   2 "
            pdb=" HXT GLY A   3 "
     model   vdw
     2.083 1.970
  ... (remaining 319 not shown)

  NOTE: a complete listing of the restraints can be obtained by requesting
        output of .geo file.

                   ----------xray_structure summary----------                  

Number of scattering types: 4
  Type Number    sf(0)   Gaussians
   O       4      7.97       2
   N       4      6.97       2
   C      15      5.97       2
   H      18      1.00       2
  sf(0) = scattering factor at diffraction angle 0.
Number of scatterers: 41
At special positions: 0
Unit cell: (15.336, 14.208, 10.255, 90, 90, 90)
Space group: P 1 (No. 1)

End of input processing
r_work=0.4167 r_free=0.2616
params.data_weight: 0.0
params.restraints: qm
rmsd(b), start:  0.0823
mc:   0 R: 0.3348 rmsd(b):  0.0264 restraint_scale:  1.0 min_steps: 52
mc:   1 R: 0.3230 rmsd(b):  0.0260 restraint_scale:  1.0 min_steps: 53
mc:   2 R: 0.3229 rmsd(b):  0.0261 restraint_scale:  1.0 min_steps: 5
Convergence reached, stop now.
see the result structure:  ./p26/04_results/opt_qm/213_WGG15-new/0.6/9.pdb
Time: 112.4531
