phenix.python
you are importing  adaptive calculator, and it does nothing. Please give it energy, force....... 

============================== Collecting inputs ==============================


                   ----------Processing X-ray data----------                   

F-obs:
  /scratch/m_zhen01/30993.lupus.uni-muenster.de/p26/02_mtz/215_WGG07-new.mtz:F-obs
Miller array info: None
Observation type: xray.amplitude
Type of data: double, size=201
Type of sigmas: None
Number of Miller indices: 201
Anomalous flag: False
Unit cell: (12.289, 11.691, 13.906, 90, 90, 90)
Space group: P 1 (No. 1)
Systematic absences: 0
Centric reflections: 0
Resolution range: 3.9294 2.50153
Completeness in resolution range: 1
Completeness with d_max=infinity: 0.747212

Number of F-obs in resolution range:                   201
Number of F-obs<0 (these reflections will be rejected): 0
Number of F-obs=0 (these reflections will be used in refinement): 0
Refinement resolution range: d_max =   3.9294
                             d_min =   2.5015

R-free flags:
  /scratch/m_zhen01/30993.lupus.uni-muenster.de/p26/02_mtz/215_WGG07-new.mtz:R-free-flags
Miller array info: /scratch/m_zhen01/30993.lupus.uni-muenster.de/p26/02_mtz/215_WGG07-new.mtz:R-free-flags
Observation type: None
Type of data: int, size=201
Type of sigmas: None
Number of Miller indices: 201
Anomalous flag: False
Unit cell: (12.289, 11.691, 13.906, 90, 90, 90)
Space group: P 1 (No. 1)
Systematic absences: 0
Centric reflections: 0
Resolution range: 3.9294 2.50153
Completeness in resolution range: 1
Completeness with d_max=infinity: 0.747212
Wavelength: 1.0000

Test (R-free flags) flag value: 1

Number of work/free reflections by resolution:
                                  work free  %free
  bin  1: 3.9294 - 3.6119 [21/21]   16    5  23.8%
  bin  2: 3.6119 - 3.3772 [21/21]   21    0   0.0%
  bin  3: 3.3772 - 3.1936 [24/24]   24    0   0.0%
  bin  4: 3.1936 - 3.0443 [ 7/7 ]    7    0   0.0%
  bin  5: 3.0443 - 2.9196 [27/27]   27    0   0.0%
  bin  6: 2.9196 - 2.8131 [18/18]   14    4  22.2%
  bin  7: 2.8131 - 2.7206 [15/15]   11    4  26.7%
  bin  8: 2.7206 - 2.6391 [32/32]   32    0   0.0%
  bin  9: 2.6391 - 2.5666 [18/18]   18    0   0.0%
  bin 10: 2.5666 - 2.5015 [18/18]   18    0   0.0%
                          overall  188   13   6.5%

                   ----------Processing PDB file(s)----------                  

  Monomer Library directory:
    "/tmp1/m_zhen01/phenix-installer-1.10.1-2155-intel-linux-2.6-x86_64-centos5/phenix-1.10.1-2155/modules/chem_data/mon_lib"
  Total number of atoms: 41
  Number of models: 1
  Model: ""
    Number of chains: 1
    Chain: "A"
      Number of atoms: 41
      Number of conformers: 1
      Conformer: ""
        Number of residues, atoms: 3, 41
          Classifications: {'peptide': 3}
          Modifications used: {'NH2NOTPRO': 1, 'COOH': 1}
          Link IDs: {'TRANS': 2}
  Time building chain proxies: 0.08, per 1000 atoms: 1.95
  Number of scatterers: 41
  At special positions: 0
  Unit cell: (12.289, 11.691, 13.906, 90, 90, 90)
  Space group: P 1 (No. 1)
  Number of sites at special positions: 0
  Number of scattering types: 4
    Type Number    sf(0)
     O       4      8.00
     N       4      7.00
     C      15      6.00
     H      18      1.00
    sf(0) = scattering factor at diffraction angle 0.

  Number of disulfides: simple=0, symmetry=0

  Automatic linking
    Parameters for automatic linking
      Linking & cutoffs
        Metal                : False - 3.50
        Amimo acid           : False - 1.90
        Carbohydrate         : True  - 1.99
        Ligands              : True  - 1.99
        Amino acid - RNA/DNA : False
      
  Number of custom bonds: simple=0, symmetry=0
  Time building additional restraints: 0.02
  Conformation dependent library (CDL) restraints added in 2.4 milliseconds
  
  Adding C-beta torsion restraints...
  Number of C-beta restraints generated:  2
  Time building geometry restraints manager: 0.02 seconds

  NOTE: a complete listing of the restraints can be obtained by requesting
        output of .geo file.

  Histogram of bond lengths:
        0.84 -     0.98: 16
        0.98 -     1.12: 2
        1.12 -     1.26: 2
        1.26 -     1.39: 11
        1.39 -     1.53: 11
  Bond restraints: 42
  Sorted by residual:
  bond pdb=" CZ3 TRP A   1 "
       pdb=" HZ3 TRP A   1 "
    ideal  model  delta    sigma   weight residual
    0.930  0.867  0.063 2.00e-02 2.50e+03 9.99e+00
  bond pdb=" CH2 TRP A   1 "
       pdb=" HH2 TRP A   1 "
    ideal  model  delta    sigma   weight residual
    0.930  0.873  0.057 2.00e-02 2.50e+03 7.99e+00
  bond pdb=" CZ2 TRP A   1 "
       pdb=" CH2 TRP A   1 "
    ideal  model  delta    sigma   weight residual
    1.368  1.332  0.036 1.90e-02 2.77e+03 3.59e+00
  bond pdb=" CA  GLY A   2 "
       pdb=" HA2 GLY A   2 "
    ideal  model  delta    sigma   weight residual
    0.970  1.008 -0.038 2.00e-02 2.50e+03 3.53e+00
  bond pdb=" N   TRP A   1 "
       pdb=" H1  TRP A   1 "
    ideal  model  delta    sigma   weight residual
    0.960  0.995 -0.035 2.00e-02 2.50e+03 3.08e+00
  ... (remaining 37 not shown)

  Histogram of bond angle deviations from ideal:
      104.18 -   110.36: 23
      110.36 -   116.55: 11
      116.55 -   122.73: 23
      122.73 -   128.91: 10
      128.91 -   135.10: 2
  Bond angle restraints: 69
  Sorted by residual:
  angle pdb=" C   GLY A   3 "
        pdb=" CA  GLY A   3 "
        pdb=" N   GLY A   3 "
      ideal   model   delta    sigma   weight residual
     113.30  118.61   -5.31 2.90e+00 1.19e-01 3.35e+00
  angle pdb=" HA1 GLY A   2 "
        pdb=" CA  GLY A   2 "
        pdb=" N   GLY A   2 "
      ideal   model   delta    sigma   weight residual
     110.00  105.17    4.83 3.00e+00 1.11e-01 2.60e+00
  angle pdb=" CA  TRP A   1 "
        pdb=" CB  TRP A   1 "
        pdb=" HB2 TRP A   1 "
      ideal   model   delta    sigma   weight residual
     109.00  104.18    4.82 3.00e+00 1.11e-01 2.58e+00
  angle pdb=" HA  TRP A   1 "
        pdb=" CA  TRP A   1 "
        pdb=" CB  TRP A   1 "
      ideal   model   delta    sigma   weight residual
     109.00  104.69    4.31 3.00e+00 1.11e-01 2.07e+00
  angle pdb=" O   GLY A   2 "
        pdb=" C   GLY A   2 "
        pdb=" CA  GLY A   2 "
      ideal   model   delta    sigma   weight residual
     120.57  118.07    2.50 1.74e+00 3.30e-01 2.06e+00
  ... (remaining 64 not shown)

  Histogram of dihedral angle deviations from ideal:
        1.03 -    36.56: 12
       36.56 -    72.10: 0
       72.10 -   107.63: 1
      107.63 -   143.16: 0
      143.16 -   178.70: 1
  Dihedral angle restraints: 14
    sinusoidal: 3
      harmonic: 11
  Sorted by residual:
  dihedral pdb=" O   GLY A   3 "
           pdb=" C   GLY A   3 "
           pdb=" OXT GLY A   3 "
           pdb=" HXT GLY A   3 "
      ideal   model   delta  harmonic     sigma   weight residual
       0.00  178.70 -178.70     0      3.00e+01 1.11e-03 3.55e+01
  dihedral pdb=" CA  GLY A   2 "
           pdb=" C   GLY A   2 "
           pdb=" N   GLY A   3 "
           pdb=" CA  GLY A   3 "
      ideal   model   delta  harmonic     sigma   weight residual
    -180.00 -163.94  -16.06     0      5.00e+00 4.00e-02 1.03e+01
  dihedral pdb=" OXT GLY A   3 "
           pdb=" C   GLY A   3 "
           pdb=" CA  GLY A   3 "
           pdb=" N   GLY A   3 "
      ideal   model   delta sinusoidal    sigma   weight residual
     160.00   84.02   75.98     2      3.00e+01 1.11e-03 5.02e+00
  ... (remaining 11 not shown)

  Histogram of chiral volume deviations from ideal:
       0.083 -    0.083: 1
       0.083 -    0.083: 0
       0.083 -    0.083: 0
       0.083 -    0.083: 0
       0.083 -    0.083: 0
  Chirality restraints: 1
  Sorted by residual:
  chirality pdb=" CA  TRP A   1 "
            pdb=" C   TRP A   1 "
            pdb=" N   TRP A   1 "
            pdb=" CB  TRP A   1 "
    both_signs  ideal   model   delta    sigma   weight residual
      False     -2.51   -2.43   -0.08 2.00e-01 2.50e+01 1.73e-01

  Planarity restraints: 6
  Sorted by residual:
                                 delta    sigma   weight rms_deltas residual
  plane pdb=" CB  TRP A   1 "    0.014 2.00e-02 2.50e+03   1.94e-02 1.51e+01
        pdb=" CG  TRP A   1 "   -0.025 2.00e-02 2.50e+03
        pdb=" CD1 TRP A   1 "   -0.001 2.00e-02 2.50e+03
        pdb=" HD1 TRP A   1 "    0.011 2.00e-02 2.50e+03
        pdb=" NE1 TRP A   1 "   -0.010 2.00e-02 2.50e+03
        pdb=" HE1 TRP A   1 "    0.024 2.00e-02 2.50e+03
        pdb=" CE2 TRP A   1 "   -0.011 2.00e-02 2.50e+03
        pdb=" CZ2 TRP A   1 "    0.025 2.00e-02 2.50e+03
        pdb=" HZ2 TRP A   1 "   -0.019 2.00e-02 2.50e+03
        pdb=" CH2 TRP A   1 "    0.017 2.00e-02 2.50e+03
        pdb=" HH2 TRP A   1 "    0.000 2.00e-02 2.50e+03
        pdb=" CZ3 TRP A   1 "   -0.022 2.00e-02 2.50e+03
        pdb=" HZ3 TRP A   1 "    0.012 2.00e-02 2.50e+03
        pdb=" CE3 TRP A   1 "   -0.022 2.00e-02 2.50e+03
        pdb=" HE3 TRP A   1 "    0.034 2.00e-02 2.50e+03
        pdb=" CD2 TRP A   1 "   -0.027 2.00e-02 2.50e+03
                                 delta    sigma   weight rms_deltas residual
  plane pdb=" O   GLY A   3 "    0.001 2.00e-02 2.50e+03   2.48e-02 7.68e+00
        pdb=" C   GLY A   3 "   -0.032 2.00e-02 2.50e+03
        pdb=" OXT GLY A   3 "    0.037 2.00e-02 2.50e+03
        pdb=" HXT GLY A   3 "   -0.022 2.00e-02 2.50e+03
        pdb=" CA  GLY A   3 "    0.016 2.00e-02 2.50e+03
                                 delta    sigma   weight rms_deltas residual
  plane pdb=" C   TRP A   1 "    0.020 2.00e-02 2.50e+03   1.16e-02 1.34e+00
        pdb=" O   TRP A   1 "   -0.008 2.00e-02 2.50e+03
        pdb=" CA  TRP A   1 "   -0.006 2.00e-02 2.50e+03
        pdb=" N   GLY A   2 "   -0.007 2.00e-02 2.50e+03
  ... (remaining 3 not shown)

  Histogram of nonbonded interaction distances:
        2.19 -     2.73: 39
        2.73 -     3.27: 61
        3.27 -     3.81: 67
        3.81 -     4.36: 90
        4.36 -     4.90: 99
  Nonbonded interactions: 356
  Sorted by model distance:
  nonbonded pdb=" HA  TRP A   1 "
            pdb=" HB2 TRP A   1 "
     model   vdw
     2.192 1.952
  nonbonded pdb=" HZ2 TRP A   1 "
            pdb=" HH2 TRP A   1 "
     model   vdw
     2.198 1.680
  nonbonded pdb=" H2  TRP A   1 "
            pdb=" HD1 TRP A   1 "
     model   vdw
     2.217 2.100
  nonbonded pdb=" HA  TRP A   1 "
            pdb=" H1  TRP A   1 "
     model   vdw
     2.261 1.816
  nonbonded pdb=" HZ3 TRP A   1 "
            pdb=" HE3 TRP A   1 "
     model   vdw
     2.269 1.680
  ... (remaining 351 not shown)

  NOTE: a complete listing of the restraints can be obtained by requesting
        output of .geo file.

                   ----------xray_structure summary----------                  

Number of scattering types: 4
  Type Number    sf(0)   Gaussians
   O       4      7.97       2
   N       4      6.97       2
   C      15      5.97       2
   H      18      1.00       2
  sf(0) = scattering factor at diffraction angle 0.
Number of scatterers: 41
At special positions: 0
Unit cell: (12.289, 11.691, 13.906, 90, 90, 90)
Space group: P 1 (No. 1)

End of input processing
r_work=0.4205 r_free=0.2138
params.data_weight: 0.0
params.restraints: cctbx
rmsd(b), start:  0.0931
mc:   0 R: 0.3859 rmsd(b):  0.0018 restraint_scale:  1.0 min_steps: 54
mc:   1 R: 0.3808 rmsd(b):  0.0008 restraint_scale:  1.0 min_steps: 54
mc:   2 R: 0.3856 rmsd(b):  0.0007 restraint_scale:  1.0 min_steps: 56
mc:   3 R: 0.3924 rmsd(b):  0.0008 restraint_scale:  1.0 min_steps: 53
mc:   4 R: 0.4056 rmsd(b):  0.0010 restraint_scale:  1.0 min_steps: 55
mc:   5 R: 0.4180 rmsd(b):  0.0014 restraint_scale:  1.0 min_steps: 54
mc:   6 R: 0.4213 rmsd(b):  0.0006 restraint_scale:  1.0 min_steps: 56
mc:   7 R: 0.4419 rmsd(b):  0.0010 restraint_scale:  1.0 min_steps: 52
mc:   8 R: 0.4431 rmsd(b):  0.0004 restraint_scale:  1.0 min_steps: 53
mc:   9 R: 0.4510 rmsd(b):  0.0007 restraint_scale:  1.0 min_steps: 53
mc:  10 R: 0.4520 rmsd(b):  0.0003 restraint_scale:  1.0 min_steps: 55
mc:  11 R: 0.4560 rmsd(b):  0.0005 restraint_scale:  1.0 min_steps: 54
mc:  12 R: 0.4565 rmsd(b):  0.0003 restraint_scale:  1.0 min_steps: 52
Convergence reached, stop now.
see the result structure:  ./p26/04_results/opt_cctbx/215_WGG07-new/0.6/1.pdb
Time: 7.4280
