phenix.python
you are importing  adaptive calculator, and it does nothing. Please give it energy, force....... 

============================== Collecting inputs ==============================


                   ----------Processing X-ray data----------                   

F-obs:
  /scratch/m_zhen01/30993.lupus.uni-muenster.de/p26/02_mtz/209_WGG03-new.mtz:F-obs
Miller array info: None
Observation type: xray.amplitude
Type of data: double, size=214
Type of sigmas: None
Number of Miller indices: 214
Anomalous flag: False
Unit cell: (11.975, 13.816, 13.034, 90, 90, 90)
Space group: P 1 (No. 1)
Systematic absences: 0
Centric reflections: 0
Resolution range: 3.99167 2.50493
Completeness in resolution range: 1
Completeness with d_max=infinity: 0.748252

Number of F-obs in resolution range:                   214
Number of F-obs<0 (these reflections will be rejected): 0
Number of F-obs=0 (these reflections will be used in refinement): 0
Refinement resolution range: d_max =   3.9917
                             d_min =   2.5049

R-free flags:
  /scratch/m_zhen01/30993.lupus.uni-muenster.de/p26/02_mtz/209_WGG03-new.mtz:R-free-flags
Miller array info: /scratch/m_zhen01/30993.lupus.uni-muenster.de/p26/02_mtz/209_WGG03-new.mtz:R-free-flags
Observation type: None
Type of data: int, size=214
Type of sigmas: None
Number of Miller indices: 214
Anomalous flag: False
Unit cell: (11.975, 13.816, 13.034, 90, 90, 90)
Space group: P 1 (No. 1)
Systematic absences: 0
Centric reflections: 0
Resolution range: 3.99167 2.50493
Completeness in resolution range: 1
Completeness with d_max=infinity: 0.748252
Wavelength: 1.0000

Test (R-free flags) flag value: 1

Number of work/free reflections by resolution:
                                  work free  %free
  bin  1: 3.9917 - 3.6531 [21/21]   17    4  19.0%
  bin  2: 3.6531 - 3.4062 [23/23]   19    4  17.4%
  bin  3: 3.4062 - 3.2150 [19/19]   19    0   0.0%
  bin  4: 3.2150 - 3.0605 [18/18]   18    0   0.0%
  bin  5: 3.0605 - 2.9320 [27/27]   27    0   0.0%
  bin  6: 2.9320 - 2.8227 [22/22]   22    0   0.0%
  bin  7: 2.8227 - 2.7281 [15/15]   15    0   0.0%
  bin  8: 2.7281 - 2.6450 [26/26]   22    4  15.4%
  bin  9: 2.6450 - 2.5711 [19/19]   19    0   0.0%
  bin 10: 2.5711 - 2.5049 [24/24]   24    0   0.0%
                          overall  202   12   5.6%

                   ----------Processing PDB file(s)----------                  

  Monomer Library directory:
    "/tmp1/m_zhen01/phenix-installer-1.10.1-2155-intel-linux-2.6-x86_64-centos5/phenix-1.10.1-2155/modules/chem_data/mon_lib"
  Total number of atoms: 41
  Number of models: 1
  Model: ""
    Number of chains: 1
    Chain: "A"
      Number of atoms: 41
      Number of conformers: 1
      Conformer: ""
        Number of residues, atoms: 3, 41
          Classifications: {'peptide': 3}
          Modifications used: {'NH2NOTPRO': 1, 'COOH': 1}
          Link IDs: {'TRANS': 2}
  Time building chain proxies: 0.08, per 1000 atoms: 1.95
  Number of scatterers: 41
  At special positions: 0
  Unit cell: (11.975, 13.816, 13.034, 90, 90, 90)
  Space group: P 1 (No. 1)
  Number of sites at special positions: 0
  Number of scattering types: 4
    Type Number    sf(0)
     O       4      8.00
     N       4      7.00
     C      15      6.00
     H      18      1.00
    sf(0) = scattering factor at diffraction angle 0.

  Number of disulfides: simple=0, symmetry=0

  Automatic linking
    Parameters for automatic linking
      Linking & cutoffs
        Metal                : False - 3.50
        Amimo acid           : False - 1.90
        Carbohydrate         : True  - 1.99
        Ligands              : True  - 1.99
        Amino acid - RNA/DNA : False
      
  Number of custom bonds: simple=0, symmetry=0
  Time building additional restraints: 0.02
  Conformation dependent library (CDL) restraints added in 2.4 milliseconds
  
  Adding C-beta torsion restraints...
  Number of C-beta restraints generated:  2
  Time building geometry restraints manager: 0.03 seconds

  NOTE: a complete listing of the restraints can be obtained by requesting
        output of .geo file.

  Histogram of bond lengths:
        0.86 -     1.00: 18
        1.00 -     1.14: 0
        1.14 -     1.28: 3
        1.28 -     1.41: 12
        1.41 -     1.55: 9
  Bond restraints: 42
  Sorted by residual:
  bond pdb=" CB  TRP A   1 "
       pdb=" HB2 TRP A   1 "
    ideal  model  delta    sigma   weight residual
    0.970  0.912  0.058 2.00e-02 2.50e+03 8.29e+00
  bond pdb=" CB  TRP A   1 "
       pdb=" HB1 TRP A   1 "
    ideal  model  delta    sigma   weight residual
    0.970  0.914  0.056 2.00e-02 2.50e+03 7.70e+00
  bond pdb=" CG  TRP A   1 "
       pdb=" CD1 TRP A   1 "
    ideal  model  delta    sigma   weight residual
    1.365  1.304  0.061 2.50e-02 1.60e+03 5.95e+00
  bond pdb=" CZ3 TRP A   1 "
       pdb=" HZ3 TRP A   1 "
    ideal  model  delta    sigma   weight residual
    0.930  0.977 -0.047 2.00e-02 2.50e+03 5.53e+00
  bond pdb=" CE3 TRP A   1 "
       pdb=" HE3 TRP A   1 "
    ideal  model  delta    sigma   weight residual
    0.930  0.969 -0.039 2.00e-02 2.50e+03 3.82e+00
  ... (remaining 37 not shown)

  Histogram of bond angle deviations from ideal:
      102.29 -   108.56: 11
      108.56 -   114.84: 22
      114.84 -   121.12: 17
      121.12 -   127.40: 17
      127.40 -   133.68: 2
  Bond angle restraints: 69
  Sorted by residual:
  angle pdb=" HA1 GLY A   3 "
        pdb=" CA  GLY A   3 "
        pdb=" HA2 GLY A   3 "
      ideal   model   delta    sigma   weight residual
     109.00  103.05    5.95 3.00e+00 1.11e-01 3.93e+00
  angle pdb=" HB2 TRP A   1 "
        pdb=" CB  TRP A   1 "
        pdb=" CG  TRP A   1 "
      ideal   model   delta    sigma   weight residual
     108.00  102.29    5.71 3.00e+00 1.11e-01 3.63e+00
  angle pdb=" O   GLY A   2 "
        pdb=" C   GLY A   2 "
        pdb=" N   GLY A   3 "
      ideal   model   delta    sigma   weight residual
     122.70  120.70    2.00 1.30e+00 5.92e-01 2.36e+00
  angle pdb=" C   TRP A   1 "
        pdb=" N   GLY A   2 "
        pdb=" CA  GLY A   2 "
      ideal   model   delta    sigma   weight residual
     121.41  124.28   -2.87 1.96e+00 2.60e-01 2.15e+00
  angle pdb=" C   GLY A   2 "
        pdb=" N   GLY A   3 "
        pdb=" CA  GLY A   3 "
      ideal   model   delta    sigma   weight residual
     121.70  124.15   -2.45 1.80e+00 3.09e-01 1.86e+00
  ... (remaining 64 not shown)

  Histogram of dihedral angle deviations from ideal:
        0.13 -    35.56: 12
       35.56 -    70.99: 1
       70.99 -   106.42: 0
      106.42 -   141.85: 0
      141.85 -   177.28: 1
  Dihedral angle restraints: 14
    sinusoidal: 3
      harmonic: 11
  Sorted by residual:
  dihedral pdb=" O   GLY A   3 "
           pdb=" C   GLY A   3 "
           pdb=" OXT GLY A   3 "
           pdb=" HXT GLY A   3 "
      ideal   model   delta  harmonic     sigma   weight residual
       0.00 -177.28  177.28     0      3.00e+01 1.11e-03 3.49e+01
  dihedral pdb=" OXT GLY A   3 "
           pdb=" C   GLY A   3 "
           pdb=" CA  GLY A   3 "
           pdb=" N   GLY A   3 "
      ideal   model   delta sinusoidal    sigma   weight residual
     -20.00  -60.73   40.73     2      3.00e+01 1.11e-03 2.27e+00
  dihedral pdb=" CG  TRP A   1 "
           pdb=" CE3 TRP A   1 "
           pdb=" CD2 TRP A   1 "
           pdb=" HE3 TRP A   1 "
      ideal   model   delta  harmonic     sigma   weight residual
       0.00   -7.04    7.04     0      5.00e+00 4.00e-02 1.98e+00
  ... (remaining 11 not shown)

  Histogram of chiral volume deviations from ideal:
       0.004 -    0.004: 1
       0.004 -    0.004: 0
       0.004 -    0.004: 0
       0.004 -    0.004: 0
       0.004 -    0.004: 0
  Chirality restraints: 1
  Sorted by residual:
  chirality pdb=" CA  TRP A   1 "
            pdb=" C   TRP A   1 "
            pdb=" N   TRP A   1 "
            pdb=" CB  TRP A   1 "
    both_signs  ideal   model   delta    sigma   weight residual
      False     -2.51   -2.51    0.00 2.00e-01 2.50e+01 4.87e-04

  Planarity restraints: 6
  Sorted by residual:
                                 delta    sigma   weight rms_deltas residual
  plane pdb=" CB  TRP A   1 "    0.020 2.00e-02 2.50e+03   1.88e-02 1.41e+01
        pdb=" CG  TRP A   1 "    0.007 2.00e-02 2.50e+03
        pdb=" CD1 TRP A   1 "   -0.019 2.00e-02 2.50e+03
        pdb=" HD1 TRP A   1 "   -0.001 2.00e-02 2.50e+03
        pdb=" NE1 TRP A   1 "    0.026 2.00e-02 2.50e+03
        pdb=" HE1 TRP A   1 "    0.019 2.00e-02 2.50e+03
        pdb=" CE2 TRP A   1 "   -0.045 2.00e-02 2.50e+03
        pdb=" CZ2 TRP A   1 "   -0.007 2.00e-02 2.50e+03
        pdb=" HZ2 TRP A   1 "    0.005 2.00e-02 2.50e+03
        pdb=" CH2 TRP A   1 "   -0.009 2.00e-02 2.50e+03
        pdb=" HH2 TRP A   1 "    0.012 2.00e-02 2.50e+03
        pdb=" CZ3 TRP A   1 "    0.013 2.00e-02 2.50e+03
        pdb=" HZ3 TRP A   1 "    0.006 2.00e-02 2.50e+03
        pdb=" CE3 TRP A   1 "    0.016 2.00e-02 2.50e+03
        pdb=" HE3 TRP A   1 "   -0.014 2.00e-02 2.50e+03
        pdb=" CD2 TRP A   1 "   -0.028 2.00e-02 2.50e+03
                                 delta    sigma   weight rms_deltas residual
  plane pdb=" O   GLY A   3 "   -0.015 2.00e-02 2.50e+03   1.88e-02 4.39e+00
        pdb=" C   GLY A   3 "    0.037 2.00e-02 2.50e+03
        pdb=" OXT GLY A   3 "   -0.009 2.00e-02 2.50e+03
        pdb=" HXT GLY A   3 "   -0.002 2.00e-02 2.50e+03
        pdb=" CA  GLY A   3 "   -0.010 2.00e-02 2.50e+03
                                 delta    sigma   weight rms_deltas residual
  plane pdb=" C   TRP A   1 "    0.007 2.00e-02 2.50e+03   1.25e-02 1.56e+00
        pdb=" CA  GLY A   2 "    0.006 2.00e-02 2.50e+03
        pdb=" N   GLY A   2 "   -0.021 2.00e-02 2.50e+03
        pdb=" H   GLY A   2 "    0.009 2.00e-02 2.50e+03
  ... (remaining 3 not shown)

  Histogram of nonbonded interaction distances:
        1.97 -     2.56: 24
        2.56 -     3.14: 65
        3.14 -     3.73: 71
        3.73 -     4.31: 69
        4.31 -     4.90: 101
  Nonbonded interactions: 330
  Sorted by model distance:
  nonbonded pdb=" HE1 TRP A   1 "
            pdb=" OXT GLY A   3 "
     model   vdw
     1.971 1.970
  nonbonded pdb=" HA2 GLY A   2 "
            pdb=" H   GLY A   2 "
     model   vdw
     2.123 1.816
  nonbonded pdb=" O   GLY A   2 "
            pdb=" HXT GLY A   3 "
     model   vdw
     2.135 1.970
  nonbonded pdb=" HA  TRP A   1 "
            pdb=" H1  TRP A   1 "
     model   vdw
     2.168 1.816
  nonbonded pdb=" HA1 GLY A   3 "
            pdb=" H   GLY A   3 "
     model   vdw
     2.200 1.816
  ... (remaining 325 not shown)

  NOTE: a complete listing of the restraints can be obtained by requesting
        output of .geo file.

                   ----------xray_structure summary----------                  

Number of scattering types: 4
  Type Number    sf(0)   Gaussians
   O       4      7.97       2
   N       4      6.97       2
   C      15      5.97       2
   H      18      1.00       2
  sf(0) = scattering factor at diffraction angle 0.
Number of scatterers: 41
At special positions: 0
Unit cell: (11.975, 13.816, 13.034, 90, 90, 90)
Space group: P 1 (No. 1)

End of input processing
r_work=0.5925 r_free=0.7220
params.data_weight: 0.0
params.restraints: cctbx
rmsd(b), start:  0.0865
mc:   0 R: 0.5841 rmsd(b):  0.0005 restraint_scale:  1.0 min_steps: 55
mc:   1 R: 0.5723 rmsd(b):  0.0007 restraint_scale:  1.0 min_steps: 57
mc:   2 R: 0.5704 rmsd(b):  0.0008 restraint_scale:  1.0 min_steps: 52
mc:   3 R: 0.5702 rmsd(b):  0.0004 restraint_scale:  1.0 min_steps: 53
mc:   4 R: 0.5670 rmsd(b):  0.0005 restraint_scale:  1.0 min_steps: 57
mc:   5 R: 0.5643 rmsd(b):  0.0003 restraint_scale:  1.0 min_steps: 54
mc:   6 R: 0.5560 rmsd(b):  0.0004 restraint_scale:  1.0 min_steps: 58
mc:   7 R: 0.5551 rmsd(b):  0.0003 restraint_scale:  1.0 min_steps: 55
mc:   8 R: 0.5557 rmsd(b):  0.0003 restraint_scale:  1.0 min_steps: 54
mc:   9 R: 0.5548 rmsd(b):  0.0003 restraint_scale:  1.0 min_steps: 55
mc:  10 R: 0.5552 rmsd(b):  0.0003 restraint_scale:  1.0 min_steps: 55
mc:  11 R: 0.5548 rmsd(b):  0.0003 restraint_scale:  1.0 min_steps: 54
mc:  12 R: 0.5554 rmsd(b):  0.0003 restraint_scale:  1.0 min_steps: 54
mc:  13 R: 0.5551 rmsd(b):  0.0003 restraint_scale:  1.0 min_steps: 54
mc:  14 R: 0.5558 rmsd(b):  0.0003 restraint_scale:  1.0 min_steps: 55
mc:  15 R: 0.5552 rmsd(b):  0.0003 restraint_scale:  1.0 min_steps: 55
mc:  16 R: 0.5560 rmsd(b):  0.0003 restraint_scale:  1.0 min_steps: 57
mc:  17 R: 0.5557 rmsd(b):  0.0003 restraint_scale:  1.0 min_steps: 54
mc:  18 R: 0.5569 rmsd(b):  0.0004 restraint_scale:  1.0 min_steps: 52
mc:  19 R: 0.5573 rmsd(b):  0.0003 restraint_scale:  1.0 min_steps: 52
mc:  20 R: 0.5583 rmsd(b):  0.0003 restraint_scale:  1.0 min_steps: 54
mc:  21 R: 0.5583 rmsd(b):  0.0003 restraint_scale:  1.0 min_steps: 56
mc:  22 R: 0.5601 rmsd(b):  0.0004 restraint_scale:  1.0 min_steps: 56
mc:  23 R: 0.5600 rmsd(b):  0.0003 restraint_scale:  1.0 min_steps: 55
mc:  24 R: 0.5616 rmsd(b):  0.0004 restraint_scale:  1.0 min_steps: 54
mc:  25 R: 0.5614 rmsd(b):  0.0004 restraint_scale:  1.0 min_steps: 54
Convergence reached, stop now.
see the result structure:  ./p26/04_results/opt_cctbx/209_WGG03-new/1.2/4.pdb
Time: 10.5432
