phenix.python
you are importing  adaptive calculator, and it does nothing. Please give it energy, force....... 

============================== Collecting inputs ==============================


                   ----------Processing X-ray data----------                   

F-obs:
  /scratch/m_zhen01/30993.lupus.uni-muenster.de/p26/02_mtz/233_GGF03-new.mtz:F-obs
Miller array info: None
Observation type: xray.amplitude
Type of data: double, size=208
Type of sigmas: None
Number of Miller indices: 208
Anomalous flag: False
Unit cell: (13.946, 11.204, 13.358, 90, 90, 90)
Space group: P 1 (No. 1)
Systematic absences: 0
Centric reflections: 0
Resolution range: 3.96694 2.50339
Completeness in resolution range: 1
Completeness with d_max=infinity: 0.742857

Number of F-obs in resolution range:                   208
Number of F-obs<0 (these reflections will be rejected): 0
Number of F-obs=0 (these reflections will be used in refinement): 0
Refinement resolution range: d_max =   3.9669
                             d_min =   2.5034

R-free flags:
  /scratch/m_zhen01/30993.lupus.uni-muenster.de/p26/02_mtz/233_GGF03-new.mtz:R-free-flags
Miller array info: /scratch/m_zhen01/30993.lupus.uni-muenster.de/p26/02_mtz/233_GGF03-new.mtz:R-free-flags
Observation type: None
Type of data: int, size=208
Type of sigmas: None
Number of Miller indices: 208
Anomalous flag: False
Unit cell: (13.946, 11.204, 13.358, 90, 90, 90)
Space group: P 1 (No. 1)
Systematic absences: 0
Centric reflections: 0
Resolution range: 3.96694 2.50339
Completeness in resolution range: 1
Completeness with d_max=infinity: 0.742857
Wavelength: 1.0000

Test (R-free flags) flag value: 1

Number of work/free reflections by resolution:
                                  work free  %free
  bin  1: 3.9669 - 3.6367 [13/13]    9    4  30.8%
  bin  2: 3.6367 - 3.3947 [25/25]   25    0   0.0%
  bin  3: 3.3947 - 3.2064 [21/21]   21    0   0.0%
  bin  4: 3.2064 - 3.0540 [28/28]   20    8  28.6%
  bin  5: 3.0540 - 2.9270 [12/12]   12    0   0.0%
  bin  6: 2.9270 - 2.8187 [18/18]   14    4  22.2%
  bin  7: 2.8187 - 2.7249 [22/22]   18    4  18.2%
  bin  8: 2.7249 - 2.6425 [33/33]   33    0   0.0%
  bin  9: 2.6425 - 2.5692 [14/14]   14    0   0.0%
  bin 10: 2.5692 - 2.5034 [22/22]   22    0   0.0%
                          overall  188   20   9.6%

                   ----------Processing PDB file(s)----------                  

  Monomer Library directory:
    "/tmp1/m_zhen01/phenix-installer-1.10.1-2155-intel-linux-2.6-x86_64-centos5/phenix-1.10.1-2155/modules/chem_data/mon_lib"
  Total number of atoms: 37
  Number of models: 1
  Model: ""
    Number of chains: 1
    Chain: "A"
      Number of atoms: 37
      Number of conformers: 1
      Conformer: ""
        Number of residues, atoms: 3, 37
          Classifications: {'peptide': 3}
          Modifications used: {'NH2NOTPRO': 1, 'COOH': 1}
          Link IDs: {'TRANS': 2}
  Time building chain proxies: 0.06, per 1000 atoms: 1.62
  Number of scatterers: 37
  At special positions: 0
  Unit cell: (13.946, 11.204, 13.358, 90, 90, 90)
  Space group: P 1 (No. 1)
  Number of sites at special positions: 0
  Number of scattering types: 4
    Type Number    sf(0)
     O       4      8.00
     N       3      7.00
     C      13      6.00
     H      17      1.00
    sf(0) = scattering factor at diffraction angle 0.

  Number of disulfides: simple=0, symmetry=0

  Automatic linking
    Parameters for automatic linking
      Linking & cutoffs
        Metal                : False - 3.50
        Amimo acid           : False - 1.90
        Carbohydrate         : True  - 1.99
        Ligands              : True  - 1.99
        Amino acid - RNA/DNA : False
      
  Number of custom bonds: simple=0, symmetry=0
  Time building additional restraints: 0.02
  Conformation dependent library (CDL) restraints added in 2.5 milliseconds
  
  Adding C-beta torsion restraints...
  Number of C-beta restraints generated:  2
  Time building geometry restraints manager: 0.03 seconds

  NOTE: a complete listing of the restraints can be obtained by requesting
        output of .geo file.

  Histogram of bond lengths:
        0.86 -     1.00: 16
        1.00 -     1.14: 1
        1.14 -     1.27: 3
        1.27 -     1.41: 8
        1.41 -     1.55: 9
  Bond restraints: 37
  Sorted by residual:
  bond pdb=" CZ  PHE A   3 "
       pdb=" HZ  PHE A   3 "
    ideal  model  delta    sigma   weight residual
    0.930  0.985 -0.055 2.00e-02 2.50e+03 7.59e+00
  bond pdb=" OXT PHE A   3 "
       pdb=" HXT PHE A   3 "
    ideal  model  delta    sigma   weight residual
    0.948  0.906  0.042 2.00e-02 2.50e+03 4.43e+00
  bond pdb=" C   GLY A   1 "
       pdb=" CA  GLY A   1 "
    ideal  model  delta    sigma   weight residual
    1.516  1.547 -0.031 1.80e-02 3.09e+03 2.99e+00
  bond pdb=" CD1 PHE A   3 "
       pdb=" HD1 PHE A   3 "
    ideal  model  delta    sigma   weight residual
    0.930  0.897  0.033 2.00e-02 2.50e+03 2.66e+00
  bond pdb=" CA  GLY A   1 "
       pdb=" HA2 GLY A   1 "
    ideal  model  delta    sigma   weight residual
    0.970  1.002 -0.032 2.00e-02 2.50e+03 2.54e+00
  ... (remaining 32 not shown)

  Histogram of bond angle deviations from ideal:
      103.46 -   108.29: 11
      108.29 -   113.11: 14
      113.11 -   117.94: 5
      117.94 -   122.76: 26
      122.76 -   127.59: 4
  Bond angle restraints: 60
  Sorted by residual:
  angle pdb=" CA  PHE A   3 "
        pdb=" CB  PHE A   3 "
        pdb=" CG  PHE A   3 "
      ideal   model   delta    sigma   weight residual
     113.80  117.77   -3.97 1.00e+00 1.00e+00 1.57e+01
  angle pdb=" HA  PHE A   3 "
        pdb=" CA  PHE A   3 "
        pdb=" CB  PHE A   3 "
      ideal   model   delta    sigma   weight residual
     109.00  103.46    5.54 3.00e+00 1.11e-01 3.40e+00
  angle pdb=" C   GLY A   1 "
        pdb=" CA  GLY A   1 "
        pdb=" HA2 GLY A   1 "
      ideal   model   delta    sigma   weight residual
     109.00  104.27    4.73 3.00e+00 1.11e-01 2.49e+00
  angle pdb=" C   GLY A   1 "
        pdb=" CA  GLY A   1 "
        pdb=" N   GLY A   1 "
      ideal   model   delta    sigma   weight residual
     113.30  117.65   -4.35 2.90e+00 1.19e-01 2.25e+00
  angle pdb=" C   PHE A   3 "
        pdb=" CA  PHE A   3 "
        pdb=" CB  PHE A   3 "
      ideal   model   delta    sigma   weight residual
     110.10  112.87   -2.77 1.90e+00 2.77e-01 2.13e+00
  ... (remaining 55 not shown)

  Histogram of dihedral angle deviations from ideal:
        0.77 -     3.23: 9
        3.23 -     5.69: 0
        5.69 -     8.14: 1
        8.14 -    10.60: 1
       10.60 -    13.06: 2
  Dihedral angle restraints: 13
    sinusoidal: 3
      harmonic: 10
  Sorted by residual:
  dihedral pdb=" CA  GLY A   1 "
           pdb=" C   GLY A   1 "
           pdb=" N   GLY A   2 "
           pdb=" CA  GLY A   2 "
      ideal   model   delta  harmonic     sigma   weight residual
    -180.00 -167.66  -12.34     0      5.00e+00 4.00e-02 6.09e+00
  dihedral pdb=" C   PHE A   3 "
           pdb=" N   PHE A   3 "
           pdb=" CA  PHE A   3 "
           pdb=" CB  PHE A   3 "
      ideal   model   delta  harmonic     sigma   weight residual
    -122.60 -125.26    2.66     0      2.50e+00 1.60e-01 1.13e+00
  dihedral pdb=" N   PHE A   3 "
           pdb=" C   PHE A   3 "
           pdb=" CA  PHE A   3 "
           pdb=" CB  PHE A   3 "
      ideal   model   delta  harmonic     sigma   weight residual
     122.80  124.42   -1.62     0      2.50e+00 1.60e-01 4.22e-01
  ... (remaining 10 not shown)

  Histogram of chiral volume deviations from ideal:
       0.172 -    0.172: 1
       0.172 -    0.172: 0
       0.172 -    0.172: 0
       0.172 -    0.172: 0
       0.172 -    0.172: 0
  Chirality restraints: 1
  Sorted by residual:
  chirality pdb=" CA  PHE A   3 "
            pdb=" C   PHE A   3 "
            pdb=" N   PHE A   3 "
            pdb=" CB  PHE A   3 "
    both_signs  ideal   model   delta    sigma   weight residual
      False     -2.51   -2.34   -0.17 2.00e-01 2.50e+01 7.41e-01

  Planarity restraints: 6
  Sorted by residual:
                                 delta    sigma   weight rms_deltas residual
  plane pdb=" CB  PHE A   3 "    0.027 2.00e-02 2.50e+03   1.68e-02 8.42e+00
        pdb=" CG  PHE A   3 "   -0.033 2.00e-02 2.50e+03
        pdb=" CD2 PHE A   3 "   -0.002 2.00e-02 2.50e+03
        pdb=" HD2 PHE A   3 "    0.005 2.00e-02 2.50e+03
        pdb=" CE2 PHE A   3 "    0.001 2.00e-02 2.50e+03
        pdb=" HE2 PHE A   3 "    0.005 2.00e-02 2.50e+03
        pdb=" CZ  PHE A   3 "    0.009 2.00e-02 2.50e+03
        pdb=" HZ  PHE A   3 "   -0.016 2.00e-02 2.50e+03
        pdb=" CE1 PHE A   3 "    0.000 2.00e-02 2.50e+03
        pdb=" HE1 PHE A   3 "    0.029 2.00e-02 2.50e+03
        pdb=" CD1 PHE A   3 "   -0.012 2.00e-02 2.50e+03
        pdb=" HD1 PHE A   3 "   -0.013 2.00e-02 2.50e+03
                                 delta    sigma   weight rms_deltas residual
  plane pdb=" C   GLY A   1 "   -0.015 2.00e-02 2.50e+03   2.87e-02 8.23e+00
        pdb=" CA  GLY A   2 "   -0.013 2.00e-02 2.50e+03
        pdb=" N   GLY A   2 "    0.049 2.00e-02 2.50e+03
        pdb=" H   GLY A   2 "   -0.021 2.00e-02 2.50e+03
                                 delta    sigma   weight rms_deltas residual
  plane pdb=" C   GLY A   2 "    0.005 2.00e-02 2.50e+03   8.79e-03 7.73e-01
        pdb=" CA  PHE A   3 "    0.004 2.00e-02 2.50e+03
        pdb=" N   PHE A   3 "   -0.015 2.00e-02 2.50e+03
        pdb=" H   PHE A   3 "    0.007 2.00e-02 2.50e+03
  ... (remaining 3 not shown)

  Histogram of nonbonded interaction distances:
        2.10 -     2.66: 35
        2.66 -     3.22: 46
        3.22 -     3.78: 57
        3.78 -     4.34: 61
        4.34 -     4.90: 75
  Nonbonded interactions: 274
  Sorted by model distance:
  nonbonded pdb=" HA2 GLY A   1 "
            pdb=" H2  GLY A   1 "
     model   vdw
     2.104 1.816
  nonbonded pdb=" HA1 GLY A   2 "
            pdb=" H   GLY A   2 "
     model   vdw
     2.159 1.816
  nonbonded pdb=" HA  PHE A   3 "
            pdb=" HB1 PHE A   3 "
     model   vdw
     2.221 1.952
  nonbonded pdb=" HD2 PHE A   3 "
            pdb=" HE2 PHE A   3 "
     model   vdw
     2.259 1.680
  nonbonded pdb=" HB2 PHE A   3 "
            pdb=" HD2 PHE A   3 "
     model   vdw
     2.261 2.270
  ... (remaining 269 not shown)

  NOTE: a complete listing of the restraints can be obtained by requesting
        output of .geo file.

                   ----------xray_structure summary----------                  

Number of scattering types: 4
  Type Number    sf(0)   Gaussians
   O       4      7.97       2
   N       3      6.97       2
   C      13      5.97       2
   H      17      1.00       2
  sf(0) = scattering factor at diffraction angle 0.
Number of scatterers: 37
At special positions: 0
Unit cell: (13.946, 11.204, 13.358, 90, 90, 90)
Space group: P 1 (No. 1)

End of input processing
r_work=0.3794 r_free=0.5046
params.data_weight: 0.0
params.restraints: cctbx
rmsd(b), start:  0.0842
mc:   0 R: 0.3687 rmsd(b):  0.0012 restraint_scale:  1.0 min_steps: 55
mc:   1 R: 0.3648 rmsd(b):  0.0008 restraint_scale:  1.0 min_steps: 55
mc:   2 R: 0.3627 rmsd(b):  0.0005 restraint_scale:  1.0 min_steps: 53
mc:   3 R: 0.3612 rmsd(b):  0.0006 restraint_scale:  1.0 min_steps: 54
mc:   4 R: 0.3615 rmsd(b):  0.0005 restraint_scale:  1.0 min_steps: 58
mc:   5 R: 0.3607 rmsd(b):  0.0005 restraint_scale:  1.0 min_steps: 55
Convergence reached, stop now.
see the result structure:  ./p26/04_results/opt_cctbx/233_GGF03-new/0.9/0.pdb
Time: 5.6008
