phenix.python
you are importing  adaptive calculator, and it does nothing. Please give it energy, force....... 

============================== Collecting inputs ==============================


                   ----------Processing X-ray data----------                   

F-obs:
  /scratch/m_zhen01/31011.lupus.uni-muenster.de/p26/02_mtz/240_GFA11-new.mtz:F-obs
Miller array info: None
Observation type: xray.amplitude
Type of data: double, size=256
Type of sigmas: None
Number of Miller indices: 256
Anomalous flag: False
Unit cell: (16.574, 13.229, 10.986, 90, 90, 90)
Space group: P 1 (No. 1)
Systematic absences: 0
Centric reflections: 0
Resolution range: 3.97299 2.50733
Completeness in resolution range: 1
Completeness with d_max=infinity: 0.773414

Number of F-obs in resolution range:                   256
Number of F-obs<0 (these reflections will be rejected): 0
Number of F-obs=0 (these reflections will be used in refinement): 0
Refinement resolution range: d_max =   3.9730
                             d_min =   2.5073

R-free flags:
  /scratch/m_zhen01/31011.lupus.uni-muenster.de/p26/02_mtz/240_GFA11-new.mtz:R-free-flags
Miller array info: /scratch/m_zhen01/31011.lupus.uni-muenster.de/p26/02_mtz/240_GFA11-new.mtz:R-free-flags
Observation type: None
Type of data: int, size=256
Type of sigmas: None
Number of Miller indices: 256
Anomalous flag: False
Unit cell: (16.574, 13.229, 10.986, 90, 90, 90)
Space group: P 1 (No. 1)
Systematic absences: 0
Centric reflections: 0
Resolution range: 3.97299 2.50733
Completeness in resolution range: 1
Completeness with d_max=infinity: 0.773414
Wavelength: 1.0000

Test (R-free flags) flag value: 1

Number of work/free reflections by resolution:
                                  work free  %free
  bin  1: 3.9730 - 3.6423 [33/33]   25    8  24.2%
  bin  2: 3.6423 - 3.3999 [14/14]   14    0   0.0%
  bin  3: 3.3999 - 3.2114 [30/30]   30    0   0.0%
  bin  4: 3.2114 - 3.0588 [28/28]   24    4  14.3%
  bin  5: 3.0588 - 2.9315 [22/22]   22    0   0.0%
  bin  6: 2.9315 - 2.8232 [18/18]   18    0   0.0%
  bin  7: 2.8232 - 2.7292 [26/26]   24    2   7.7%
  bin  8: 2.7292 - 2.6466 [26/26]   26    0   0.0%
  bin  9: 2.6466 - 2.5732 [23/23]   23    0   0.0%
  bin 10: 2.5732 - 2.5073 [36/36]   34    2   5.6%
                          overall  240   16   6.2%

                   ----------Processing PDB file(s)----------                  

  Monomer Library directory:
    "/tmp1/m_zhen01/phenix-installer-1.10.1-2155-intel-linux-2.6-x86_64-centos5/phenix-1.10.1-2155/modules/chem_data/mon_lib"
  Total number of atoms: 40
  Number of models: 1
  Model: ""
    Number of chains: 1
    Chain: "A"
      Number of atoms: 40
      Number of conformers: 1
      Conformer: ""
        Number of residues, atoms: 3, 40
          Classifications: {'peptide': 3}
          Modifications used: {'NH2NOTPRO': 1, 'COOH': 1}
          Link IDs: {'TRANS': 2}
  Time building chain proxies: 0.09, per 1000 atoms: 2.25
  Number of scatterers: 40
  At special positions: 0
  Unit cell: (16.574, 13.229, 10.986, 90, 90, 90)
  Space group: P 1 (No. 1)
  Number of sites at special positions: 0
  Number of scattering types: 4
    Type Number    sf(0)
     O       4      8.00
     N       3      7.00
     C      14      6.00
     H      19      1.00
    sf(0) = scattering factor at diffraction angle 0.

  Number of disulfides: simple=0, symmetry=0

  Automatic linking
    Parameters for automatic linking
      Linking & cutoffs
        Metal                : False - 3.50
        Amimo acid           : False - 1.90
        Carbohydrate         : True  - 1.99
        Ligands              : True  - 1.99
        Amino acid - RNA/DNA : False
      
  Number of custom bonds: simple=0, symmetry=0
  Time building additional restraints: 0.03
  Conformation dependent library (CDL) restraints added in 3.5 milliseconds
  
  Adding C-beta torsion restraints...
  Number of C-beta restraints generated:  4
  Time building geometry restraints manager: 0.03 seconds

  NOTE: a complete listing of the restraints can be obtained by requesting
        output of .geo file.

  Histogram of bond lengths:
        0.83 -     0.97: 14
        0.97 -     1.11: 5
        1.11 -     1.26: 3
        1.26 -     1.40: 8
        1.40 -     1.54: 10
  Bond restraints: 40
  Sorted by residual:
  bond pdb=" CB  PHE A   2 "
       pdb=" HB2 PHE A   2 "
    ideal  model  delta    sigma   weight residual
    0.970  1.041 -0.071 2.00e-02 2.50e+03 1.25e+01
  bond pdb=" CB  ALA A   3 "
       pdb=" HB1 ALA A   3 "
    ideal  model  delta    sigma   weight residual
    0.970  1.027 -0.057 2.00e-02 2.50e+03 8.08e+00
  bond pdb=" CA  ALA A   3 "
       pdb=" HA  ALA A   3 "
    ideal  model  delta    sigma   weight residual
    0.970  1.010 -0.040 2.00e-02 2.50e+03 4.09e+00
  bond pdb=" N   ALA A   3 "
       pdb=" H   ALA A   3 "
    ideal  model  delta    sigma   weight residual
    0.860  0.827  0.033 2.00e-02 2.50e+03 2.72e+00
  bond pdb=" C   PHE A   2 "
       pdb=" CA  PHE A   2 "
    ideal  model  delta    sigma   weight residual
    1.524  1.503  0.021 1.44e-02 4.82e+03 2.22e+00
  ... (remaining 35 not shown)

  Histogram of bond angle deviations from ideal:
      104.28 -   108.49: 13
      108.49 -   112.70: 16
      112.70 -   116.91: 9
      116.91 -   121.12: 18
      121.12 -   125.33: 10
  Bond angle restraints: 66
  Sorted by residual:
  angle pdb=" CG  PHE A   2 "
        pdb=" CB  PHE A   2 "
        pdb=" CA  PHE A   2 "
      ideal   model   delta    sigma   weight residual
     113.80  115.76   -1.96 1.00e+00 1.00e+00 3.84e+00
  angle pdb=" HB1 PHE A   2 "
        pdb=" CB  PHE A   2 "
        pdb=" HB2 PHE A   2 "
      ideal   model   delta    sigma   weight residual
     110.00  104.28    5.72 3.00e+00 1.11e-01 3.64e+00
  angle pdb=" C   ALA A   3 "
        pdb=" CA  ALA A   3 "
        pdb=" CB  ALA A   3 "
      ideal   model   delta    sigma   weight residual
     110.50  113.11   -2.61 1.50e+00 4.44e-01 3.02e+00
  angle pdb=" HA2 GLY A   1 "
        pdb=" CA  GLY A   1 "
        pdb=" N   GLY A   1 "
      ideal   model   delta    sigma   weight residual
     110.00  105.19    4.81 3.00e+00 1.11e-01 2.57e+00
  angle pdb=" HA  ALA A   3 "
        pdb=" CA  ALA A   3 "
        pdb=" N   ALA A   3 "
      ideal   model   delta    sigma   weight residual
     110.00  105.49    4.51 3.00e+00 1.11e-01 2.26e+00
  ... (remaining 61 not shown)

  Histogram of dihedral angle deviations from ideal:
        0.05 -    35.89: 15
       35.89 -    71.72: 0
       71.72 -   107.56: 0
      107.56 -   143.40: 0
      143.40 -   179.24: 1
  Dihedral angle restraints: 16
    sinusoidal: 4
      harmonic: 12
  Sorted by residual:
  dihedral pdb=" O   ALA A   3 "
           pdb=" C   ALA A   3 "
           pdb=" OXT ALA A   3 "
           pdb=" HXT ALA A   3 "
      ideal   model   delta  harmonic     sigma   weight residual
       0.00  179.24 -179.24     0      3.00e+01 1.11e-03 3.57e+01
  dihedral pdb=" C   ALA A   3 "
           pdb=" N   ALA A   3 "
           pdb=" CA  ALA A   3 "
           pdb=" CB  ALA A   3 "
      ideal   model   delta  harmonic     sigma   weight residual
    -122.60 -124.36    1.76     0      2.50e+00 1.60e-01 4.98e-01
  dihedral pdb=" CD2 PHE A   2 "
           pdb=" CG  PHE A   2 "
           pdb=" CD1 PHE A   2 "
           pdb=" HD1 PHE A   2 "
      ideal   model   delta  harmonic     sigma   weight residual
    -180.00 -177.32   -2.68     0      5.00e+00 4.00e-02 2.87e-01
  ... (remaining 13 not shown)

  Histogram of chiral volume deviations from ideal:
       0.051 -    0.056: 1
       0.056 -    0.061: 0
       0.061 -    0.066: 0
       0.066 -    0.071: 0
       0.071 -    0.076: 1
  Chirality restraints: 2
  Sorted by residual:
  chirality pdb=" CA  ALA A   3 "
            pdb=" C   ALA A   3 "
            pdb=" CB  ALA A   3 "
            pdb=" N   ALA A   3 "
    both_signs  ideal   model   delta    sigma   weight residual
      False      2.48    2.56   -0.08 2.00e-01 2.50e+01 1.43e-01
  chirality pdb=" CA  PHE A   2 "
            pdb=" CB  PHE A   2 "
            pdb=" C   PHE A   2 "
            pdb=" N   PHE A   2 "
    both_signs  ideal   model   delta    sigma   weight residual
      False     -2.51   -2.46   -0.05 2.00e-01 2.50e+01 6.38e-02

  Planarity restraints: 6
  Sorted by residual:
                                 delta    sigma   weight rms_deltas residual
  plane pdb=" CB  PHE A   2 "    0.013 2.00e-02 2.50e+03   1.80e-02 9.74e+00
        pdb=" CG  PHE A   2 "   -0.025 2.00e-02 2.50e+03
        pdb=" CD2 PHE A   2 "   -0.005 2.00e-02 2.50e+03
        pdb=" HD2 PHE A   2 "    0.006 2.00e-02 2.50e+03
        pdb=" CE2 PHE A   2 "   -0.005 2.00e-02 2.50e+03
        pdb=" HE2 PHE A   2 "   -0.012 2.00e-02 2.50e+03
        pdb=" CZ  PHE A   2 "    0.009 2.00e-02 2.50e+03
        pdb=" HZ  PHE A   2 "    0.035 2.00e-02 2.50e+03
        pdb=" CE1 PHE A   2 "   -0.013 2.00e-02 2.50e+03
        pdb=" HE1 PHE A   2 "   -0.028 2.00e-02 2.50e+03
        pdb=" CD1 PHE A   2 "   -0.001 2.00e-02 2.50e+03
        pdb=" HD1 PHE A   2 "    0.025 2.00e-02 2.50e+03
                                 delta    sigma   weight rms_deltas residual
  plane pdb=" O   ALA A   3 "    0.004 2.00e-02 2.50e+03   6.24e-03 4.87e-01
        pdb=" C   ALA A   3 "   -0.012 2.00e-02 2.50e+03
        pdb=" OXT ALA A   3 "    0.005 2.00e-02 2.50e+03
        pdb=" HXT ALA A   3 "   -0.001 2.00e-02 2.50e+03
        pdb=" CA  ALA A   3 "    0.004 2.00e-02 2.50e+03
                                 delta    sigma   weight rms_deltas residual
  plane pdb=" C   PHE A   2 "    0.011 2.00e-02 2.50e+03   6.29e-03 3.95e-01
        pdb=" O   PHE A   2 "   -0.004 2.00e-02 2.50e+03
        pdb=" CA  PHE A   2 "   -0.003 2.00e-02 2.50e+03
        pdb=" N   ALA A   3 "   -0.004 2.00e-02 2.50e+03
  ... (remaining 3 not shown)

  Histogram of nonbonded interaction distances:
        2.00 -     2.58: 35
        2.58 -     3.16: 50
        3.16 -     3.73: 62
        3.73 -     4.31: 70
        4.31 -     4.89: 82
  Nonbonded interactions: 299
  Sorted by model distance:
  nonbonded pdb=" HA2 GLY A   1 "
            pdb=" H2  GLY A   1 "
     model   vdw
     2.002 1.816
  nonbonded pdb=" H   PHE A   2 "
            pdb=" H   ALA A   3 "
     model   vdw
     2.066 2.100
  nonbonded pdb=" HXT ALA A   3 "
            pdb=" HA  ALA A   3 "
     model   vdw
     2.187 2.270
  nonbonded pdb=" HA2 GLY A   1 "
            pdb=" H1  GLY A   1 "
     model   vdw
     2.187 1.816
  nonbonded pdb=" HA1 GLY A   1 "
            pdb=" H1  GLY A   1 "
     model   vdw
     2.270 1.816
  ... (remaining 294 not shown)

  NOTE: a complete listing of the restraints can be obtained by requesting
        output of .geo file.

                   ----------xray_structure summary----------                  

Number of scattering types: 4
  Type Number    sf(0)   Gaussians
   O       4      7.97       2
   N       3      6.97       2
   C      14      5.97       2
   H      19      1.00       2
  sf(0) = scattering factor at diffraction angle 0.
Number of scatterers: 40
At special positions: 0
Unit cell: (16.574, 13.229, 10.986, 90, 90, 90)
Space group: P 1 (No. 1)

End of input processing
r_work=0.5361 r_free=0.5743
params.data_weight: None
params.restraints: qm
rmsd(b), start:  0.0869
mc:   0 R: 0.3349 rmsd(b):  0.7268 restraint_scale:  2.0 min_steps: 51
mc:   1 R: 0.2085 rmsd(b):  0.7906 restraint_scale:  4.0 min_steps: 52
mc:   2 R: 0.1517 rmsd(b):  0.8119 restraint_scale:  8.0 min_steps: 52
mc:   3 R: 0.1555 rmsd(b):  0.8194 restraint_scale: 16.0 min_steps: 14
mc:   4 R: 0.1423 rmsd(b):  0.8110 restraint_scale: 32.0 min_steps: 12
mc:   5 R: 0.2035 rmsd(b):  0.7525 restraint_scale: 64.0 min_steps: 52
mc:   6 R: 0.2570 rmsd(b):  0.7626 restraint_scale: 128.0 min_steps: 33
mc:   7 R: 0.3073 rmsd(b):  0.8257 restraint_scale: 256.0 min_steps: 53
mc:   8 R: 0.3737 rmsd(b):  0.9145 restraint_scale: 512.0 min_steps: 53
mc:   9 R: 0.3763 rmsd(b):  0.9170 restraint_scale: 1024.0 min_steps: 20
mc:  10 R: 0.4310 rmsd(b):  1.0153 restraint_scale: 2048.0 min_steps: 54
mc:  11 R: 0.4485 rmsd(b):  1.0475 restraint_scale: 4096.0 min_steps: 53
mc:  12 R: 0.4549 rmsd(b):  1.0718 restraint_scale: 8192.0 min_steps: 53
mc:  13 R: 0.4567 rmsd(b):  1.0709 restraint_scale: 16384.0 min_steps: 18
mc:  14 R: 0.4567 rmsd(b):  1.0709 restraint_scale: 32768.0 min_steps: 7
Convergence reached, stop now.
see the result structure:  ./p26/04_results/refine_qm/240_GFA11-new/0.9/6.pdb
Time: 637.1543
