phenix.python
you are importing  adaptive calculator, and it does nothing. Please give it energy, force....... 

============================== Collecting inputs ==============================


                   ----------Processing X-ray data----------                   

F-obs:
  /scratch/m_zhen01/30995.lupus.uni-muenster.de/p26/02_mtz/196_WG14-new.mtz:F-obs
Miller array info: None
Observation type: xray.amplitude
Type of data: double, size=203
Type of sigmas: None
Number of Miller indices: 203
Anomalous flag: False
Unit cell: (10.871, 14.682, 12.272, 90, 90, 90)
Space group: P 1 (No. 1)
Systematic absences: 0
Centric reflections: 0
Resolution range: 3.94058 2.51066
Completeness in resolution range: 1
Completeness with d_max=infinity: 0.7603

Number of F-obs in resolution range:                   203
Number of F-obs<0 (these reflections will be rejected): 0
Number of F-obs=0 (these reflections will be used in refinement): 0
Refinement resolution range: d_max =   3.9406
                             d_min =   2.5107

R-free flags:
  /scratch/m_zhen01/30995.lupus.uni-muenster.de/p26/02_mtz/196_WG14-new.mtz:R-free-flags
Miller array info: /scratch/m_zhen01/30995.lupus.uni-muenster.de/p26/02_mtz/196_WG14-new.mtz:R-free-flags
Observation type: None
Type of data: int, size=203
Type of sigmas: None
Number of Miller indices: 203
Anomalous flag: False
Unit cell: (10.871, 14.682, 12.272, 90, 90, 90)
Space group: P 1 (No. 1)
Systematic absences: 0
Centric reflections: 0
Resolution range: 3.94058 2.51066
Completeness in resolution range: 1
Completeness with d_max=infinity: 0.7603
Wavelength: 1.0000

Test (R-free flags) flag value: 1

Number of work/free reflections by resolution:
                                  work free  %free
  bin  1: 3.9406 - 3.6230 [18/18]   16    2  11.1%
  bin  2: 3.6230 - 3.3881 [26/26]   26    0   0.0%
  bin  3: 3.3881 - 3.2043 [12/12]   10    2  16.7%
  bin  4: 3.2043 - 3.0548 [19/19]   19    0   0.0%
  bin  5: 3.0548 - 2.9298 [27/27]   23    4  14.8%
  bin  6: 2.9298 - 2.8230 [20/20]   20    0   0.0%
  bin  7: 2.8230 - 2.7303 [10/10]   10    0   0.0%
  bin  8: 2.7303 - 2.6486 [27/27]   27    0   0.0%
  bin  9: 2.6486 - 2.5760 [18/18]   18    0   0.0%
  bin 10: 2.5760 - 2.5107 [26/26]   22    4  15.4%
                          overall  191   12   5.9%

                   ----------Processing PDB file(s)----------                  

  Monomer Library directory:
    "/tmp1/m_zhen01/phenix-installer-1.10.1-2155-intel-linux-2.6-x86_64-centos5/phenix-1.10.1-2155/modules/chem_data/mon_lib"
  Total number of atoms: 34
  Number of models: 1
  Model: ""
    Number of chains: 1
    Chain: "A"
      Number of atoms: 34
      Number of conformers: 1
      Conformer: ""
        Number of residues, atoms: 2, 34
          Classifications: {'peptide': 2}
          Modifications used: {'NH2NOTPRO': 1, 'COOH': 1}
          Link IDs: {'TRANS': 1}
  Time building chain proxies: 0.07, per 1000 atoms: 2.06
  Number of scatterers: 34
  At special positions: 0
  Unit cell: (10.871, 14.682, 12.272, 90, 90, 90)
  Space group: P 1 (No. 1)
  Number of sites at special positions: 0
  Number of scattering types: 4
    Type Number    sf(0)
     O       3      8.00
     N       3      7.00
     C      13      6.00
     H      15      1.00
    sf(0) = scattering factor at diffraction angle 0.

  Number of disulfides: simple=0, symmetry=0

  Automatic linking
    Parameters for automatic linking
      Linking & cutoffs
        Metal                : False - 3.50
        Amimo acid           : False - 1.90
        Carbohydrate         : True  - 1.99
        Ligands              : True  - 1.99
        Amino acid - RNA/DNA : False
      
  Number of custom bonds: simple=0, symmetry=0
  Time building additional restraints: 0.02
  Conformation dependent library (CDL) restraints added in 536.0 microseconds
  
  Adding C-beta torsion restraints...
  Number of C-beta restraints generated:  2
  Time building geometry restraints manager: 0.03 seconds

  NOTE: a complete listing of the restraints can be obtained by requesting
        output of .geo file.

  Histogram of bond lengths:
        0.89 -     1.03: 15
        1.03 -     1.16: 0
        1.16 -     1.30: 2
        1.30 -     1.44: 11
        1.44 -     1.58: 7
  Bond restraints: 35
  Sorted by residual:
  bond pdb=" N   GLY A   2 "
       pdb=" H   GLY A   2 "
    ideal  model  delta    sigma   weight residual
    0.860  0.929 -0.069 2.00e-02 2.50e+03 1.19e+01
  bond pdb=" CB  TRP A   1 "
       pdb=" CG  TRP A   1 "
    ideal  model  delta    sigma   weight residual
    1.498  1.577 -0.079 3.10e-02 1.04e+03 6.55e+00
  bond pdb=" CZ3 TRP A   1 "
       pdb=" HZ3 TRP A   1 "
    ideal  model  delta    sigma   weight residual
    0.930  0.967 -0.037 2.00e-02 2.50e+03 3.42e+00
  bond pdb=" CG  TRP A   1 "
       pdb=" CD2 TRP A   1 "
    ideal  model  delta    sigma   weight residual
    1.433  1.465 -0.032 1.80e-02 3.09e+03 3.18e+00
  bond pdb=" CH2 TRP A   1 "
       pdb=" CZ3 TRP A   1 "
    ideal  model  delta    sigma   weight residual
    1.400  1.443 -0.043 2.50e-02 1.60e+03 2.96e+00
  ... (remaining 30 not shown)

  Histogram of bond angle deviations from ideal:
      103.70 -   109.78: 16
      109.78 -   115.87: 11
      115.87 -   121.95: 16
      121.95 -   128.03: 12
      128.03 -   134.11: 2
  Bond angle restraints: 57
  Sorted by residual:
  angle pdb=" C   TRP A   1 "
        pdb=" CA  TRP A   1 "
        pdb=" N   TRP A   1 "
      ideal   model   delta    sigma   weight residual
     111.00  103.70    7.30 2.80e+00 1.28e-01 6.79e+00
  angle pdb=" CZ2 TRP A   1 "
        pdb=" CH2 TRP A   1 "
        pdb=" CZ3 TRP A   1 "
      ideal   model   delta    sigma   weight residual
     121.50  118.68    2.82 1.30e+00 5.92e-01 4.71e+00
  angle pdb=" CA  TRP A   1 "
        pdb=" C   TRP A   1 "
        pdb=" N   GLY A   2 "
      ideal   model   delta    sigma   weight residual
     116.20  119.70   -3.50 2.00e+00 2.50e-01 3.06e+00
  angle pdb=" O   TRP A   1 "
        pdb=" C   TRP A   1 "
        pdb=" CA  TRP A   1 "
      ideal   model   delta    sigma   weight residual
     120.80  117.92    2.88 1.70e+00 3.46e-01 2.88e+00
  angle pdb=" HB1 TRP A   1 "
        pdb=" CB  TRP A   1 "
        pdb=" CG  TRP A   1 "
      ideal   model   delta    sigma   weight residual
     108.00  103.84    4.16 3.00e+00 1.11e-01 1.93e+00
  ... (remaining 52 not shown)

  Histogram of dihedral angle deviations from ideal:
        0.12 -     5.83: 10
        5.83 -    11.54: 1
       11.54 -    17.25: 0
       17.25 -    22.95: 0
       22.95 -    28.66: 2
  Dihedral angle restraints: 13
    sinusoidal: 3
      harmonic: 10
  Sorted by residual:
  dihedral pdb=" N   TRP A   1 "
           pdb=" CA  TRP A   1 "
           pdb=" CB  TRP A   1 "
           pdb=" CG  TRP A   1 "
      ideal   model   delta sinusoidal    sigma   weight residual
    -180.00 -151.34  -28.66     3      1.50e+01 4.44e-03 4.41e+00
  dihedral pdb=" N   TRP A   1 "
           pdb=" C   TRP A   1 "
           pdb=" CA  TRP A   1 "
           pdb=" CB  TRP A   1 "
      ideal   model   delta  harmonic     sigma   weight residual
     122.80  118.52    4.28     0      2.50e+00 1.60e-01 2.93e+00
  dihedral pdb=" CA  TRP A   1 "
           pdb=" CB  TRP A   1 "
           pdb=" CG  TRP A   1 "
           pdb=" CD1 TRP A   1 "
      ideal   model   delta sinusoidal    sigma   weight residual
      90.00   61.47   28.53     2      2.00e+01 2.50e-03 2.74e+00
  ... (remaining 10 not shown)

  Histogram of chiral volume deviations from ideal:
       0.228 -    0.228: 1
       0.228 -    0.228: 0
       0.228 -    0.228: 0
       0.228 -    0.228: 0
       0.228 -    0.228: 0
  Chirality restraints: 1
  Sorted by residual:
  chirality pdb=" CA  TRP A   1 "
            pdb=" C   TRP A   1 "
            pdb=" N   TRP A   1 "
            pdb=" CB  TRP A   1 "
    both_signs  ideal   model   delta    sigma   weight residual
      False     -2.51   -2.74    0.23 2.00e-01 2.50e+01 1.30e+00

  Planarity restraints: 4
  Sorted by residual:
                                 delta    sigma   weight rms_deltas residual
  plane pdb=" CB  TRP A   1 "   -0.008 2.00e-02 2.50e+03   1.60e-02 1.02e+01
        pdb=" CG  TRP A   1 "    0.015 2.00e-02 2.50e+03
        pdb=" CD1 TRP A   1 "    0.003 2.00e-02 2.50e+03
        pdb=" HD1 TRP A   1 "    0.022 2.00e-02 2.50e+03
        pdb=" NE1 TRP A   1 "   -0.009 2.00e-02 2.50e+03
        pdb=" HE1 TRP A   1 "   -0.020 2.00e-02 2.50e+03
        pdb=" CE2 TRP A   1 "   -0.005 2.00e-02 2.50e+03
        pdb=" CZ2 TRP A   1 "   -0.008 2.00e-02 2.50e+03
        pdb=" HZ2 TRP A   1 "    0.023 2.00e-02 2.50e+03
        pdb=" CH2 TRP A   1 "    0.028 2.00e-02 2.50e+03
        pdb=" HH2 TRP A   1 "   -0.014 2.00e-02 2.50e+03
        pdb=" CZ3 TRP A   1 "   -0.015 2.00e-02 2.50e+03
        pdb=" HZ3 TRP A   1 "    0.006 2.00e-02 2.50e+03
        pdb=" CE3 TRP A   1 "   -0.000 2.00e-02 2.50e+03
        pdb=" HE3 TRP A   1 "    0.011 2.00e-02 2.50e+03
        pdb=" CD2 TRP A   1 "   -0.029 2.00e-02 2.50e+03
                                 delta    sigma   weight rms_deltas residual
  plane pdb=" C   TRP A   1 "    0.008 2.00e-02 2.50e+03   1.49e-02 2.21e+00
        pdb=" CA  GLY A   2 "    0.007 2.00e-02 2.50e+03
        pdb=" N   GLY A   2 "   -0.026 2.00e-02 2.50e+03
        pdb=" H   GLY A   2 "    0.011 2.00e-02 2.50e+03
                                 delta    sigma   weight rms_deltas residual
  plane pdb=" OXT GLY A   2 "    0.016 2.00e-02 2.50e+03   9.97e-03 1.24e+00
        pdb=" C   GLY A   2 "   -0.001 2.00e-02 2.50e+03
        pdb=" O   GLY A   2 "    0.004 2.00e-02 2.50e+03
        pdb=" HXT GLY A   2 "   -0.014 2.00e-02 2.50e+03
        pdb=" CA  GLY A   2 "   -0.006 2.00e-02 2.50e+03
  ... (remaining 1 not shown)

  Histogram of nonbonded interaction distances:
        2.28 -     2.80: 35
        2.80 -     3.33: 43
        3.33 -     3.85: 39
        3.85 -     4.37: 43
        4.37 -     4.89: 70
  Nonbonded interactions: 230
  Sorted by model distance:
  nonbonded pdb=" O   TRP A   1 "
            pdb=" H1  TRP A   1 "
     model   vdw
     2.282 1.970
  nonbonded pdb=" HZ3 TRP A   1 "
            pdb=" HE3 TRP A   1 "
     model   vdw
     2.320 1.680
  nonbonded pdb=" O   TRP A   1 "
            pdb=" HA2 GLY A   2 "
     model   vdw
     2.325 2.740
  nonbonded pdb=" C   TRP A   1 "
            pdb=" H1  TRP A   1 "
     model   vdw
     2.363 2.240
  nonbonded pdb=" O   GLY A   2 "
            pdb=" HXT GLY A   2 "
     model   vdw
     2.371 2.056
  ... (remaining 225 not shown)

  NOTE: a complete listing of the restraints can be obtained by requesting
        output of .geo file.

                   ----------xray_structure summary----------                  

Number of scattering types: 4
  Type Number    sf(0)   Gaussians
   O       3      7.97       2
   N       3      6.97       2
   C      13      5.97       2
   H      15      1.00       2
  sf(0) = scattering factor at diffraction angle 0.
Number of scatterers: 34
At special positions: 0
Unit cell: (10.871, 14.682, 12.272, 90, 90, 90)
Space group: P 1 (No. 1)

End of input processing
r_work=0.5716 r_free=0.5858
params.data_weight: None
params.restraints: cctbx
rmsd(b), start:  0.0761
mc:   0 R: 0.3607 rmsd(b):  0.1733 restraint_scale:  2.0 min_steps: 45
mc:   1 R: 0.2863 rmsd(b):  0.2034 restraint_scale:  4.0 min_steps: 22
mc:   2 R: 0.3033 rmsd(b):  0.1565 restraint_scale:  8.0 min_steps: 13
mc:   3 R: 0.3167 rmsd(b):  0.1159 restraint_scale: 16.0 min_steps: 36
mc:   4 R: 0.3300 rmsd(b):  0.0350 restraint_scale: 32.0 min_steps: 42
mc:   5 R: 0.3468 rmsd(b):  0.0214 restraint_scale: 32.0 min_steps: 37
mc:   6 R: 0.3576 rmsd(b):  0.0143 restraint_scale: 32.0 min_steps: 17
mc:   7 R: 0.3524 rmsd(b):  0.0189 restraint_scale: 32.0 min_steps: 4
mc:   8 R: 0.3553 rmsd(b):  0.0156 restraint_scale: 32.0 min_steps: 5
mc:   9 R: 0.3438 rmsd(b):  0.0234 restraint_scale: 32.0 min_steps: 14
mc:  10 R: 0.3504 rmsd(b):  0.0181 restraint_scale: 32.0 min_steps: 15
mc:  11 R: 0.3504 rmsd(b):  0.0181 restraint_scale: 32.0 min_steps: 1
Convergence reached, stop now.
see the result structure:  ./p26/04_results/refine_cctbx/196_WG14-new/1.5/8.pdb
Time: 7.1899
