phenix.python
you are importing  adaptive calculator, and it does nothing. Please give it energy, force....... 

============================== Collecting inputs ==============================


                   ----------Processing X-ray data----------                   

F-obs:
  /scratch/m_zhen01/31011.lupus.uni-muenster.de/p26/02_mtz/245_GFA06-new.mtz:F-obs
Miller array info: None
Observation type: xray.amplitude
Type of data: double, size=236
Type of sigmas: None
Number of Miller indices: 236
Anomalous flag: False
Unit cell: (12.522, 17.481, 10.617, 90, 90, 90)
Space group: P 1 (No. 1)
Systematic absences: 0
Centric reflections: 0
Resolution range: 3.95801 2.50258
Completeness in resolution range: 1
Completeness with d_max=infinity: 0.763754

Number of F-obs in resolution range:                   236
Number of F-obs<0 (these reflections will be rejected): 0
Number of F-obs=0 (these reflections will be used in refinement): 0
Refinement resolution range: d_max =   3.9580
                             d_min =   2.5026

R-free flags:
  /scratch/m_zhen01/31011.lupus.uni-muenster.de/p26/02_mtz/245_GFA06-new.mtz:R-free-flags
Miller array info: /scratch/m_zhen01/31011.lupus.uni-muenster.de/p26/02_mtz/245_GFA06-new.mtz:R-free-flags
Observation type: None
Type of data: int, size=236
Type of sigmas: None
Number of Miller indices: 236
Anomalous flag: False
Unit cell: (12.522, 17.481, 10.617, 90, 90, 90)
Space group: P 1 (No. 1)
Systematic absences: 0
Centric reflections: 0
Resolution range: 3.95801 2.50258
Completeness in resolution range: 1
Completeness with d_max=infinity: 0.763754
Wavelength: 1.0000

Test (R-free flags) flag value: 1

Number of work/free reflections by resolution:
                                  work free  %free
  bin  1: 3.9580 - 3.6307 [30/30]   26    4  13.3%
  bin  2: 3.6307 - 3.3903 [18/18]   18    0   0.0%
  bin  3: 3.3903 - 3.2031 [34/34]   30    4  11.8%
  bin  4: 3.2031 - 3.0514 [15/15]   15    0   0.0%
  bin  5: 3.0514 - 2.9249 [28/28]   28    0   0.0%
  bin  6: 2.9249 - 2.8170 [25/25]   23    2   8.0%
  bin  7: 2.8170 - 2.7235 [14/14]   14    0   0.0%
  bin  8: 2.7235 - 2.6413 [29/29]   29    0   0.0%
  bin  9: 2.6413 - 2.5682 [24/24]   20    4  16.7%
  bin 10: 2.5682 - 2.5026 [19/19]   19    0   0.0%
                          overall  222   14   5.9%

                   ----------Processing PDB file(s)----------                  

  Monomer Library directory:
    "/tmp1/m_zhen01/phenix-installer-1.10.1-2155-intel-linux-2.6-x86_64-centos5/phenix-1.10.1-2155/modules/chem_data/mon_lib"
  Total number of atoms: 40
  Number of models: 1
  Model: ""
    Number of chains: 1
    Chain: "A"
      Number of atoms: 40
      Number of conformers: 1
      Conformer: ""
        Number of residues, atoms: 3, 40
          Classifications: {'peptide': 3}
          Modifications used: {'NH2NOTPRO': 1, 'COOH': 1}
          Link IDs: {'TRANS': 2}
  Time building chain proxies: 0.09, per 1000 atoms: 2.25
  Number of scatterers: 40
  At special positions: 0
  Unit cell: (12.522, 17.481, 10.617, 90, 90, 90)
  Space group: P 1 (No. 1)
  Number of sites at special positions: 0
  Number of scattering types: 4
    Type Number    sf(0)
     O       4      8.00
     N       3      7.00
     C      14      6.00
     H      19      1.00
    sf(0) = scattering factor at diffraction angle 0.

  Number of disulfides: simple=0, symmetry=0

  Automatic linking
    Parameters for automatic linking
      Linking & cutoffs
        Metal                : False - 3.50
        Amimo acid           : False - 1.90
        Carbohydrate         : True  - 1.99
        Ligands              : True  - 1.99
        Amino acid - RNA/DNA : False
      
  Number of custom bonds: simple=0, symmetry=0
  Time building additional restraints: 0.03
  Conformation dependent library (CDL) restraints added in 3.8 milliseconds
  
  Adding C-beta torsion restraints...
  Number of C-beta restraints generated:  4
  Time building geometry restraints manager: 0.03 seconds

  NOTE: a complete listing of the restraints can be obtained by requesting
        output of .geo file.

  Histogram of bond lengths:
        0.82 -     0.96: 10
        0.96 -     1.11: 9
        1.11 -     1.26: 3
        1.26 -     1.40: 7
        1.40 -     1.55: 11
  Bond restraints: 40
  Sorted by residual:
  bond pdb=" N   GLY A   1 "
       pdb=" H2  GLY A   1 "
    ideal  model  delta    sigma   weight residual
    0.960  0.898  0.062 2.00e-02 2.50e+03 9.52e+00
  bond pdb=" CB  ALA A   3 "
       pdb=" HB1 ALA A   3 "
    ideal  model  delta    sigma   weight residual
    0.970  1.018 -0.048 2.00e-02 2.50e+03 5.68e+00
  bond pdb=" CE1 PHE A   2 "
       pdb=" HE1 PHE A   2 "
    ideal  model  delta    sigma   weight residual
    0.930  0.975 -0.045 2.00e-02 2.50e+03 5.01e+00
  bond pdb=" CB  PHE A   2 "
       pdb=" HB2 PHE A   2 "
    ideal  model  delta    sigma   weight residual
    0.970  1.012 -0.042 2.00e-02 2.50e+03 4.39e+00
  bond pdb=" CA  PHE A   2 "
       pdb=" N   PHE A   2 "
    ideal  model  delta    sigma   weight residual
    1.462  1.487 -0.025 1.20e-02 6.94e+03 4.33e+00
  ... (remaining 35 not shown)

  Histogram of bond angle deviations from ideal:
      104.02 -   108.05: 10
      108.05 -   112.09: 18
      112.09 -   116.13: 8
      116.13 -   120.16: 14
      120.16 -   124.20: 16
  Bond angle restraints: 66
  Sorted by residual:
  angle pdb=" CB  ALA A   3 "
        pdb=" CA  ALA A   3 "
        pdb=" N   ALA A   3 "
      ideal   model   delta    sigma   weight residual
     110.40  107.90    2.50 1.50e+00 4.44e-01 2.78e+00
  angle pdb=" CA  PHE A   2 "
        pdb=" C   PHE A   2 "
        pdb=" N   ALA A   3 "
      ideal   model   delta    sigma   weight residual
     116.43  113.92    2.51 1.51e+00 4.39e-01 2.76e+00
  angle pdb=" C   ALA A   3 "
        pdb=" CA  ALA A   3 "
        pdb=" HA  ALA A   3 "
      ideal   model   delta    sigma   weight residual
     109.00  104.02    4.98 3.00e+00 1.11e-01 2.76e+00
  angle pdb=" CB  PHE A   2 "
        pdb=" CG  PHE A   2 "
        pdb=" CD1 PHE A   2 "
      ideal   model   delta    sigma   weight residual
     120.70  117.89    2.81 1.70e+00 3.46e-01 2.73e+00
  angle pdb=" O   PHE A   2 "
        pdb=" C   PHE A   2 "
        pdb=" CA  PHE A   2 "
      ideal   model   delta    sigma   weight residual
     120.52  122.56   -2.04 1.39e+00 5.18e-01 2.16e+00
  ... (remaining 61 not shown)

  Histogram of dihedral angle deviations from ideal:
        0.00 -    35.02: 15
       35.02 -    70.04: 0
       70.04 -   105.06: 0
      105.06 -   140.08: 0
      140.08 -   175.09: 1
  Dihedral angle restraints: 16
    sinusoidal: 4
      harmonic: 12
  Sorted by residual:
  dihedral pdb=" O   ALA A   3 "
           pdb=" C   ALA A   3 "
           pdb=" OXT ALA A   3 "
           pdb=" HXT ALA A   3 "
      ideal   model   delta  harmonic     sigma   weight residual
       0.00 -175.09  175.09     0      3.00e+01 1.11e-03 3.41e+01
  dihedral pdb=" OXT ALA A   3 "
           pdb=" C   ALA A   3 "
           pdb=" CA  ALA A   3 "
           pdb=" N   ALA A   3 "
      ideal   model   delta sinusoidal    sigma   weight residual
     160.00 -166.36  -33.64     2      3.00e+01 1.11e-03 1.64e+00
  dihedral pdb=" C   ALA A   3 "
           pdb=" N   ALA A   3 "
           pdb=" CA  ALA A   3 "
           pdb=" CB  ALA A   3 "
      ideal   model   delta  harmonic     sigma   weight residual
    -122.60 -125.37    2.77     0      2.50e+00 1.60e-01 1.22e+00
  ... (remaining 13 not shown)

  Histogram of chiral volume deviations from ideal:
       0.021 -    0.028: 1
       0.028 -    0.036: 0
       0.036 -    0.043: 0
       0.043 -    0.050: 0
       0.050 -    0.057: 1
  Chirality restraints: 2
  Sorted by residual:
  chirality pdb=" CA  ALA A   3 "
            pdb=" C   ALA A   3 "
            pdb=" CB  ALA A   3 "
            pdb=" N   ALA A   3 "
    both_signs  ideal   model   delta    sigma   weight residual
      False      2.48    2.43    0.06 2.00e-01 2.50e+01 8.16e-02
  chirality pdb=" CA  PHE A   2 "
            pdb=" CB  PHE A   2 "
            pdb=" C   PHE A   2 "
            pdb=" N   PHE A   2 "
    both_signs  ideal   model   delta    sigma   weight residual
      False     -2.51   -2.53    0.02 2.00e-01 2.50e+01 1.11e-02

  Planarity restraints: 6
  Sorted by residual:
                                 delta    sigma   weight rms_deltas residual
  plane pdb=" O   ALA A   3 "    0.014 2.00e-02 2.50e+03   2.69e-02 9.07e+00
        pdb=" C   ALA A   3 "    0.006 2.00e-02 2.50e+03
        pdb=" OXT ALA A   3 "   -0.044 2.00e-02 2.50e+03
        pdb=" HXT ALA A   3 "    0.036 2.00e-02 2.50e+03
        pdb=" CA  ALA A   3 "   -0.013 2.00e-02 2.50e+03
                                 delta    sigma   weight rms_deltas residual
  plane pdb=" CB  PHE A   2 "    0.009 2.00e-02 2.50e+03   1.35e-02 5.49e+00
        pdb=" CG  PHE A   2 "    0.025 2.00e-02 2.50e+03
        pdb=" CD2 PHE A   2 "   -0.015 2.00e-02 2.50e+03
        pdb=" HD2 PHE A   2 "   -0.002 2.00e-02 2.50e+03
        pdb=" CE2 PHE A   2 "   -0.010 2.00e-02 2.50e+03
        pdb=" HE2 PHE A   2 "    0.005 2.00e-02 2.50e+03
        pdb=" CZ  PHE A   2 "   -0.018 2.00e-02 2.50e+03
        pdb=" HZ  PHE A   2 "    0.024 2.00e-02 2.50e+03
        pdb=" CE1 PHE A   2 "   -0.001 2.00e-02 2.50e+03
        pdb=" HE1 PHE A   2 "    0.003 2.00e-02 2.50e+03
        pdb=" CD1 PHE A   2 "   -0.015 2.00e-02 2.50e+03
        pdb=" HD1 PHE A   2 "   -0.004 2.00e-02 2.50e+03
                                 delta    sigma   weight rms_deltas residual
  plane pdb=" C   PHE A   2 "   -0.039 2.00e-02 2.50e+03   2.24e-02 5.01e+00
        pdb=" O   PHE A   2 "    0.015 2.00e-02 2.50e+03
        pdb=" CA  PHE A   2 "    0.011 2.00e-02 2.50e+03
        pdb=" N   ALA A   3 "    0.013 2.00e-02 2.50e+03
  ... (remaining 3 not shown)

  Histogram of nonbonded interaction distances:
        1.94 -     2.53: 25
        2.53 -     3.12: 54
        3.12 -     3.71: 65
        3.71 -     4.31: 58
        4.31 -     4.90: 89
  Nonbonded interactions: 291
  Sorted by model distance:
  nonbonded pdb=" HXT ALA A   3 "
            pdb=" HB3 ALA A   3 "
     model   vdw
     1.937 2.270
  nonbonded pdb=" HA1 GLY A   1 "
            pdb=" H1  GLY A   1 "
     model   vdw
     2.103 1.816
  nonbonded pdb=" HA  PHE A   2 "
            pdb=" H   ALA A   3 "
     model   vdw
     2.189 2.270
  nonbonded pdb=" HB3 ALA A   3 "
            pdb=" HA  ALA A   3 "
     model   vdw
     2.275 1.952
  nonbonded pdb=" HD2 PHE A   2 "
            pdb=" HE2 PHE A   2 "
     model   vdw
     2.276 1.680
  ... (remaining 286 not shown)

  NOTE: a complete listing of the restraints can be obtained by requesting
        output of .geo file.

                   ----------xray_structure summary----------                  

Number of scattering types: 4
  Type Number    sf(0)   Gaussians
   O       4      7.97       2
   N       3      6.97       2
   C      14      5.97       2
   H      19      1.00       2
  sf(0) = scattering factor at diffraction angle 0.
Number of scatterers: 40
At special positions: 0
Unit cell: (12.522, 17.481, 10.617, 90, 90, 90)
Space group: P 1 (No. 1)

End of input processing
r_work=0.4569 r_free=0.7034
params.data_weight: None
params.restraints: qm
rmsd(b), start:  0.0867
mc:   0 R: 0.4488 rmsd(b):  0.0277 restraint_scale:  1.0 min_steps: 52
mc:   1 R: 0.1612 rmsd(b):  0.0482 restraint_scale:  2.0 min_steps: 44
mc:   2 R: 0.0277 rmsd(b):  0.0224 restraint_scale:  2.0 min_steps: 34
mc:   3 R: 0.0090 rmsd(b):  0.0308 restraint_scale:  4.0 min_steps: 30
mc:   4 R: 0.0060 rmsd(b):  0.0422 restraint_scale:  8.0 min_steps: 36
mc:   5 R: 0.0074 rmsd(b):  0.0309 restraint_scale: 16.0 min_steps: 16
mc:   6 R: 0.0092 rmsd(b):  0.0273 restraint_scale: 16.0 min_steps: 15
mc:   7 R: 0.0069 rmsd(b):  0.0313 restraint_scale: 32.0 min_steps: 14
mc:   8 R: 0.0071 rmsd(b):  0.0302 restraint_scale: 64.0 min_steps: 4
Convergence reached, stop now.
see the result structure:  ./p26/04_results/refine_qm/245_GFA06-new/0.9/1.pdb
Time: 366.2807
