phenix.python
you are importing  adaptive calculator, and it does nothing. Please give it energy, force....... 

============================== Collecting inputs ==============================


                   ----------Processing X-ray data----------                   

F-obs:
  /scratch/m_zhen01/31011.lupus.uni-muenster.de/p26/02_mtz/214_WGG01-new.mtz:F-obs
Miller array info: None
Observation type: xray.amplitude
Type of data: double, size=217
Type of sigmas: None
Number of Miller indices: 217
Anomalous flag: False
Unit cell: (13.095, 10.667, 15.45, 90, 90, 90)
Space group: P 1 (No. 1)
Systematic absences: 0
Centric reflections: 0
Resolution range: 3.99458 2.5031
Completeness in resolution range: 1
Completeness with d_max=infinity: 0.756098

Number of F-obs in resolution range:                   217
Number of F-obs<0 (these reflections will be rejected): 0
Number of F-obs=0 (these reflections will be used in refinement): 0
Refinement resolution range: d_max =   3.9946
                             d_min =   2.5031

R-free flags:
  /scratch/m_zhen01/31011.lupus.uni-muenster.de/p26/02_mtz/214_WGG01-new.mtz:R-free-flags
Miller array info: /scratch/m_zhen01/31011.lupus.uni-muenster.de/p26/02_mtz/214_WGG01-new.mtz:R-free-flags
Observation type: None
Type of data: int, size=217
Type of sigmas: None
Number of Miller indices: 217
Anomalous flag: False
Unit cell: (13.095, 10.667, 15.45, 90, 90, 90)
Space group: P 1 (No. 1)
Systematic absences: 0
Centric reflections: 0
Resolution range: 3.99458 2.5031
Completeness in resolution range: 1
Completeness with d_max=infinity: 0.756098
Wavelength: 1.0000

Test (R-free flags) flag value: 1

Number of work/free reflections by resolution:
                                  work free  %free
  bin  1: 3.9946 - 3.6541 [19/19]   15    4  21.1%
  bin  2: 3.6541 - 3.4062 [23/23]   23    0   0.0%
  bin  3: 3.4062 - 3.2143 [21/21]   19    2   9.5%
  bin  4: 3.2143 - 3.0595 [33/33]   33    0   0.0%
  bin  5: 3.0595 - 2.9307 [10/10]   10    0   0.0%
  bin  6: 2.9307 - 2.8212 [28/28]   28    0   0.0%
  bin  7: 2.8212 - 2.7265 [16/16]   12    4  25.0%
  bin  8: 2.7265 - 2.6433 [19/19]   19    0   0.0%
  bin  9: 2.6433 - 2.5694 [26/26]   22    4  15.4%
  bin 10: 2.5694 - 2.5031 [22/22]   22    0   0.0%
                          overall  203   14   6.5%

                   ----------Processing PDB file(s)----------                  

  Monomer Library directory:
    "/tmp1/m_zhen01/phenix-installer-1.10.1-2155-intel-linux-2.6-x86_64-centos5/phenix-1.10.1-2155/modules/chem_data/mon_lib"
  Total number of atoms: 41
  Number of models: 1
  Model: ""
    Number of chains: 1
    Chain: "A"
      Number of atoms: 41
      Number of conformers: 1
      Conformer: ""
        Number of residues, atoms: 3, 41
          Classifications: {'peptide': 3}
          Modifications used: {'NH2NOTPRO': 1, 'COOH': 1}
          Link IDs: {'TRANS': 2}
  Time building chain proxies: 0.07, per 1000 atoms: 1.71
  Number of scatterers: 41
  At special positions: 0
  Unit cell: (13.095, 10.667, 15.45, 90, 90, 90)
  Space group: P 1 (No. 1)
  Number of sites at special positions: 0
  Number of scattering types: 4
    Type Number    sf(0)
     O       4      8.00
     N       4      7.00
     C      15      6.00
     H      18      1.00
    sf(0) = scattering factor at diffraction angle 0.

  Number of disulfides: simple=0, symmetry=0

  Automatic linking
    Parameters for automatic linking
      Linking & cutoffs
        Metal                : False - 3.50
        Amimo acid           : False - 1.90
        Carbohydrate         : True  - 1.99
        Ligands              : True  - 1.99
        Amino acid - RNA/DNA : False
      
  Number of custom bonds: simple=0, symmetry=0
  Time building additional restraints: 0.03
  Conformation dependent library (CDL) restraints added in 2.9 milliseconds
  
  Adding C-beta torsion restraints...
  Number of C-beta restraints generated:  2
  Time building geometry restraints manager: 0.03 seconds

  NOTE: a complete listing of the restraints can be obtained by requesting
        output of .geo file.

  Histogram of bond lengths:
        0.84 -     0.99: 16
        0.99 -     1.14: 2
        1.14 -     1.29: 3
        1.29 -     1.44: 15
        1.44 -     1.58: 6
  Bond restraints: 42
  Sorted by residual:
  bond pdb=" CA  TRP A   1 "
       pdb=" CB  TRP A   1 "
    ideal  model  delta    sigma   weight residual
    1.530  1.585 -0.055 2.00e-02 2.50e+03 7.46e+00
  bond pdb=" CD1 TRP A   1 "
       pdb=" HD1 TRP A   1 "
    ideal  model  delta    sigma   weight residual
    0.930  0.878  0.052 2.00e-02 2.50e+03 6.69e+00
  bond pdb=" CA  GLY A   3 "
       pdb=" HA1 GLY A   3 "
    ideal  model  delta    sigma   weight residual
    0.970  1.014 -0.044 2.00e-02 2.50e+03 4.82e+00
  bond pdb=" C   GLY A   3 "
       pdb=" OXT GLY A   3 "
    ideal  model  delta    sigma   weight residual
    1.330  1.364 -0.034 2.00e-02 2.50e+03 2.84e+00
  bond pdb=" N   TRP A   1 "
       pdb=" H2  TRP A   1 "
    ideal  model  delta    sigma   weight residual
    0.960  0.993 -0.033 2.00e-02 2.50e+03 2.71e+00
  ... (remaining 37 not shown)

  Histogram of bond angle deviations from ideal:
      103.62 -   109.93: 20
      109.93 -   116.25: 15
      116.25 -   122.56: 22
      122.56 -   128.87: 10
      128.87 -   135.19: 2
  Bond angle restraints: 69
  Sorted by residual:
  angle pdb=" C   GLY A   2 "
        pdb=" N   GLY A   3 "
        pdb=" CA  GLY A   3 "
      ideal   model   delta    sigma   weight residual
     121.70  116.68    5.02 1.80e+00 3.09e-01 7.78e+00
  angle pdb=" CA  GLY A   3 "
        pdb=" N   GLY A   3 "
        pdb=" H   GLY A   3 "
      ideal   model   delta    sigma   weight residual
     114.00  121.07   -7.07 3.00e+00 1.11e-01 5.55e+00
  angle pdb=" HA2 GLY A   3 "
        pdb=" CA  GLY A   3 "
        pdb=" N   GLY A   3 "
      ideal   model   delta    sigma   weight residual
     110.00  103.62    6.38 3.00e+00 1.11e-01 4.53e+00
  angle pdb=" HA1 GLY A   3 "
        pdb=" CA  GLY A   3 "
        pdb=" N   GLY A   3 "
      ideal   model   delta    sigma   weight residual
     110.00  104.63    5.37 3.00e+00 1.11e-01 3.20e+00
  angle pdb=" O   TRP A   1 "
        pdb=" C   TRP A   1 "
        pdb=" CA  TRP A   1 "
      ideal   model   delta    sigma   weight residual
     120.80  123.65   -2.85 1.70e+00 3.46e-01 2.81e+00
  ... (remaining 64 not shown)

  Histogram of dihedral angle deviations from ideal:
        0.47 -    35.50: 12
       35.50 -    70.54: 1
       70.54 -   105.57: 0
      105.57 -   140.60: 0
      140.60 -   175.63: 1
  Dihedral angle restraints: 14
    sinusoidal: 3
      harmonic: 11
  Sorted by residual:
  dihedral pdb=" O   GLY A   3 "
           pdb=" C   GLY A   3 "
           pdb=" OXT GLY A   3 "
           pdb=" HXT GLY A   3 "
      ideal   model   delta  harmonic     sigma   weight residual
       0.00  175.63 -175.63     0      3.00e+01 1.11e-03 3.43e+01
  dihedral pdb=" OXT GLY A   3 "
           pdb=" C   GLY A   3 "
           pdb=" CA  GLY A   3 "
           pdb=" N   GLY A   3 "
      ideal   model   delta sinusoidal    sigma   weight residual
     160.00  110.96   49.04     2      3.00e+01 1.11e-03 3.04e+00
  dihedral pdb=" CB  TRP A   1 "
           pdb=" CG  TRP A   1 "
           pdb=" CD1 TRP A   1 "
           pdb=" HD1 TRP A   1 "
      ideal   model   delta  harmonic     sigma   weight residual
       0.00    4.91   -4.91     0      5.00e+00 4.00e-02 9.65e-01
  ... (remaining 11 not shown)

  Histogram of chiral volume deviations from ideal:
       0.063 -    0.063: 1
       0.063 -    0.063: 0
       0.063 -    0.063: 0
       0.063 -    0.063: 0
       0.063 -    0.063: 0
  Chirality restraints: 1
  Sorted by residual:
  chirality pdb=" CA  TRP A   1 "
            pdb=" C   TRP A   1 "
            pdb=" N   TRP A   1 "
            pdb=" CB  TRP A   1 "
    both_signs  ideal   model   delta    sigma   weight residual
      False     -2.51   -2.57    0.06 2.00e-01 2.50e+01 1.00e-01

  Planarity restraints: 6
  Sorted by residual:
                                 delta    sigma   weight rms_deltas residual
  plane pdb=" CB  TRP A   1 "    0.013 2.00e-02 2.50e+03   1.87e-02 1.40e+01
        pdb=" CG  TRP A   1 "   -0.012 2.00e-02 2.50e+03
        pdb=" CD1 TRP A   1 "    0.017 2.00e-02 2.50e+03
        pdb=" HD1 TRP A   1 "   -0.006 2.00e-02 2.50e+03
        pdb=" NE1 TRP A   1 "   -0.012 2.00e-02 2.50e+03
        pdb=" HE1 TRP A   1 "   -0.028 2.00e-02 2.50e+03
        pdb=" CE2 TRP A   1 "    0.004 2.00e-02 2.50e+03
        pdb=" CZ2 TRP A   1 "    0.022 2.00e-02 2.50e+03
        pdb=" HZ2 TRP A   1 "    0.019 2.00e-02 2.50e+03
        pdb=" CH2 TRP A   1 "    0.007 2.00e-02 2.50e+03
        pdb=" HH2 TRP A   1 "    0.012 2.00e-02 2.50e+03
        pdb=" CZ3 TRP A   1 "   -0.024 2.00e-02 2.50e+03
        pdb=" HZ3 TRP A   1 "   -0.036 2.00e-02 2.50e+03
        pdb=" CE3 TRP A   1 "   -0.004 2.00e-02 2.50e+03
        pdb=" HE3 TRP A   1 "    0.032 2.00e-02 2.50e+03
        pdb=" CD2 TRP A   1 "   -0.003 2.00e-02 2.50e+03
                                 delta    sigma   weight rms_deltas residual
  plane pdb=" O   GLY A   3 "    0.015 2.00e-02 2.50e+03   2.15e-02 5.80e+00
        pdb=" C   GLY A   3 "   -0.003 2.00e-02 2.50e+03
        pdb=" OXT GLY A   3 "   -0.033 2.00e-02 2.50e+03
        pdb=" HXT GLY A   3 "    0.030 2.00e-02 2.50e+03
        pdb=" CA  GLY A   3 "   -0.009 2.00e-02 2.50e+03
                                 delta    sigma   weight rms_deltas residual
  plane pdb=" C   GLY A   2 "   -0.038 2.00e-02 2.50e+03   2.19e-02 4.80e+00
        pdb=" O   GLY A   2 "    0.014 2.00e-02 2.50e+03
        pdb=" CA  GLY A   2 "    0.011 2.00e-02 2.50e+03
        pdb=" N   GLY A   3 "    0.012 2.00e-02 2.50e+03
  ... (remaining 3 not shown)

  Histogram of nonbonded interaction distances:
        2.06 -     2.62: 26
        2.62 -     3.19: 67
        3.19 -     3.76: 58
        3.76 -     4.32: 70
        4.32 -     4.89: 89
  Nonbonded interactions: 310
  Sorted by model distance:
  nonbonded pdb=" HXT GLY A   3 "
            pdb=" HA1 GLY A   3 "
     model   vdw
     2.058 2.270
  nonbonded pdb=" HA2 GLY A   3 "
            pdb=" H   GLY A   3 "
     model   vdw
     2.148 1.816
  nonbonded pdb=" H1  TRP A   1 "
            pdb=" H   GLY A   2 "
     model   vdw
     2.150 2.100
  nonbonded pdb=" HA  TRP A   1 "
            pdb=" H1  TRP A   1 "
     model   vdw
     2.204 1.816
  nonbonded pdb=" HA2 GLY A   2 "
            pdb=" H   GLY A   3 "
     model   vdw
     2.217 2.270
  ... (remaining 305 not shown)

  NOTE: a complete listing of the restraints can be obtained by requesting
        output of .geo file.

                   ----------xray_structure summary----------                  

Number of scattering types: 4
  Type Number    sf(0)   Gaussians
   O       4      7.97       2
   N       4      6.97       2
   C      15      5.97       2
   H      18      1.00       2
  sf(0) = scattering factor at diffraction angle 0.
Number of scatterers: 41
At special positions: 0
Unit cell: (13.095, 10.667, 15.45, 90, 90, 90)
Space group: P 1 (No. 1)

End of input processing
r_work=0.3722 r_free=0.3399
params.data_weight: None
params.restraints: qm
rmsd(b), start:  0.0848
mc:   0 R: 0.0875 rmsd(b):  0.0337 restraint_scale:  2.0 min_steps: 31
mc:   1 R: 0.0137 rmsd(b):  0.0203 restraint_scale:  2.0 min_steps: 30
mc:   2 R: 0.0078 rmsd(b):  0.0183 restraint_scale:  2.0 min_steps: 25
mc:   3 R: 0.0078 rmsd(b):  0.0183 restraint_scale:  2.0 min_steps: 10
Convergence reached, stop now.
see the result structure:  ./p26/04_results/refine_qm/214_WGG01-new/0.6/4.pdb
Time: 156.6792
