phenix.python
you are importing  adaptive calculator, and it does nothing. Please give it energy, force....... 

============================== Collecting inputs ==============================


                   ----------Processing X-ray data----------                   

F-obs:
  /scratch/m_zhen01/31011.lupus.uni-muenster.de/p26/02_mtz/265_FGG357-new.mtz:F-obs
Miller array info: None
Observation type: xray.amplitude
Type of data: double, size=182
Type of sigmas: None
Number of Miller indices: 182
Anomalous flag: False
Unit cell: (13.867, 13.208, 10.099, 90, 90, 90)
Space group: P 1 (No. 1)
Systematic absences: 0
Centric reflections: 0
Resolution range: 3.89979 2.51329
Completeness in resolution range: 1
Completeness with d_max=infinity: 0.739837

Number of F-obs in resolution range:                   182
Number of F-obs<0 (these reflections will be rejected): 0
Number of F-obs=0 (these reflections will be used in refinement): 0
Refinement resolution range: d_max =   3.8998
                             d_min =   2.5133

R-free flags:
  /scratch/m_zhen01/31011.lupus.uni-muenster.de/p26/02_mtz/265_FGG357-new.mtz:R-free-flags
Miller array info: /scratch/m_zhen01/31011.lupus.uni-muenster.de/p26/02_mtz/265_FGG357-new.mtz:R-free-flags
Observation type: None
Type of data: int, size=182
Type of sigmas: None
Number of Miller indices: 182
Anomalous flag: False
Unit cell: (13.867, 13.208, 10.099, 90, 90, 90)
Space group: P 1 (No. 1)
Systematic absences: 0
Centric reflections: 0
Resolution range: 3.89979 2.51329
Completeness in resolution range: 1
Completeness with d_max=infinity: 0.739837
Wavelength: 1.0000

Test (R-free flags) flag value: 1

Number of work/free reflections by resolution:
                                  work free  %free
  bin  1: 3.8998 - 3.5978 [16/16]   16    0   0.0%
  bin  2: 3.5978 - 3.3718 [15/15]   15    0   0.0%
  bin  3: 3.3718 - 3.1937 [22/22]   22    0   0.0%
  bin  4: 3.1937 - 3.0481 [18/18]   16    2  11.1%
  bin  5: 3.0481 - 2.9258 [30/30]   20   10  33.3%
  bin  6: 2.9258 - 2.8211 [ 6/6 ]    6    0   0.0%
  bin  7: 2.8211 - 2.7300 [11/11]   11    0   0.0%
  bin  8: 2.7300 - 2.6495 [24/24]   24    0   0.0%
  bin  9: 2.6495 - 2.5778 [23/23]   23    0   0.0%
  bin 10: 2.5778 - 2.5133 [17/17]   17    0   0.0%
                          overall  170   12   6.6%

                   ----------Processing PDB file(s)----------                  

  Monomer Library directory:
    "/tmp1/m_zhen01/phenix-installer-1.10.1-2155-intel-linux-2.6-x86_64-centos5/phenix-1.10.1-2155/modules/chem_data/mon_lib"
  Total number of atoms: 37
  Number of models: 1
  Model: ""
    Number of chains: 1
    Chain: "A"
      Number of atoms: 37
      Number of conformers: 1
      Conformer: ""
        Number of residues, atoms: 3, 37
          Classifications: {'peptide': 3}
          Modifications used: {'NH2NOTPRO': 1, 'COOH': 1}
          Link IDs: {'TRANS': 2}
  Time building chain proxies: 0.08, per 1000 atoms: 2.16
  Number of scatterers: 37
  At special positions: 0
  Unit cell: (13.867, 13.208, 10.099, 90, 90, 90)
  Space group: P 1 (No. 1)
  Number of sites at special positions: 0
  Number of scattering types: 4
    Type Number    sf(0)
     O       4      8.00
     N       3      7.00
     C      13      6.00
     H      17      1.00
    sf(0) = scattering factor at diffraction angle 0.

  Number of disulfides: simple=0, symmetry=0

  Automatic linking
    Parameters for automatic linking
      Linking & cutoffs
        Metal                : False - 3.50
        Amimo acid           : False - 1.90
        Carbohydrate         : True  - 1.99
        Ligands              : True  - 1.99
        Amino acid - RNA/DNA : False
      
  Number of custom bonds: simple=0, symmetry=0
  Time building additional restraints: 0.02
  Conformation dependent library (CDL) restraints added in 2.6 milliseconds
  
  Adding C-beta torsion restraints...
  Number of C-beta restraints generated:  2
  Time building geometry restraints manager: 0.03 seconds

  NOTE: a complete listing of the restraints can be obtained by requesting
        output of .geo file.

  Histogram of bond lengths:
        0.85 -     0.99: 15
        0.99 -     1.13: 2
        1.13 -     1.27: 3
        1.27 -     1.41: 9
        1.41 -     1.54: 8
  Bond restraints: 37
  Sorted by residual:
  bond pdb=" N   GLY A   3 "
       pdb=" H   GLY A   3 "
    ideal  model  delta    sigma   weight residual
    0.860  0.927 -0.067 2.00e-02 2.50e+03 1.11e+01
  bond pdb=" CA  GLY A   2 "
       pdb=" HA2 GLY A   2 "
    ideal  model  delta    sigma   weight residual
    0.970  1.012 -0.042 2.00e-02 2.50e+03 4.48e+00
  bond pdb=" C   GLY A   2 "
       pdb=" O   GLY A   2 "
    ideal  model  delta    sigma   weight residual
    1.235  1.261 -0.026 1.35e-02 5.49e+03 3.72e+00
  bond pdb=" CZ  PHE A   1 "
       pdb=" HZ  PHE A   1 "
    ideal  model  delta    sigma   weight residual
    0.930  0.892  0.038 2.00e-02 2.50e+03 3.55e+00
  bond pdb=" CA  GLY A   2 "
       pdb=" HA1 GLY A   2 "
    ideal  model  delta    sigma   weight residual
    0.970  1.003 -0.033 2.00e-02 2.50e+03 2.68e+00
  ... (remaining 32 not shown)

  Histogram of bond angle deviations from ideal:
      103.41 -   107.79: 10
      107.79 -   112.17: 10
      112.17 -   116.54: 9
      116.54 -   120.92: 20
      120.92 -   125.30: 11
  Bond angle restraints: 60
  Sorted by residual:
  angle pdb=" CB  PHE A   1 "
        pdb=" CG  PHE A   1 "
        pdb=" CD2 PHE A   1 "
      ideal   model   delta    sigma   weight residual
     120.70  117.04    3.66 1.70e+00 3.46e-01 4.64e+00
  angle pdb=" C   PHE A   1 "
        pdb=" N   GLY A   2 "
        pdb=" CA  GLY A   2 "
      ideal   model   delta    sigma   weight residual
     121.41  125.30   -3.89 1.96e+00 2.60e-01 3.95e+00
  angle pdb=" C   GLY A   2 "
        pdb=" CA  GLY A   2 "
        pdb=" HA1 GLY A   2 "
      ideal   model   delta    sigma   weight residual
     109.00  103.41    5.59 3.00e+00 1.11e-01 3.48e+00
  angle pdb=" CD2 PHE A   1 "
        pdb=" CG  PHE A   1 "
        pdb=" CD1 PHE A   1 "
      ideal   model   delta    sigma   weight residual
     118.60  121.09   -2.49 1.50e+00 4.44e-01 2.75e+00
  angle pdb=" C   PHE A   1 "
        pdb=" CA  PHE A   1 "
        pdb=" N   PHE A   1 "
      ideal   model   delta    sigma   weight residual
     111.00  106.83    4.17 2.80e+00 1.28e-01 2.22e+00
  ... (remaining 55 not shown)

  Histogram of dihedral angle deviations from ideal:
        0.26 -    36.00: 11
       36.00 -    71.74: 0
       71.74 -   107.49: 1
      107.49 -   143.23: 0
      143.23 -   178.98: 1
  Dihedral angle restraints: 13
    sinusoidal: 3
      harmonic: 10
  Sorted by residual:
  dihedral pdb=" O   GLY A   3 "
           pdb=" C   GLY A   3 "
           pdb=" OXT GLY A   3 "
           pdb=" HXT GLY A   3 "
      ideal   model   delta  harmonic     sigma   weight residual
       0.00 -178.98  178.98     0      3.00e+01 1.11e-03 3.56e+01
  dihedral pdb=" OXT GLY A   3 "
           pdb=" C   GLY A   3 "
           pdb=" CA  GLY A   3 "
           pdb=" N   GLY A   3 "
      ideal   model   delta sinusoidal    sigma   weight residual
     -20.00 -106.78   86.78     2      3.00e+01 1.11e-03 5.32e+00
  dihedral pdb=" CA  GLY A   2 "
           pdb=" C   GLY A   2 "
           pdb=" N   GLY A   3 "
           pdb=" CA  GLY A   3 "
      ideal   model   delta  harmonic     sigma   weight residual
     180.00  170.43    9.57     0      5.00e+00 4.00e-02 3.66e+00
  ... (remaining 10 not shown)

  Histogram of chiral volume deviations from ideal:
       0.017 -    0.017: 1
       0.017 -    0.017: 0
       0.017 -    0.017: 0
       0.017 -    0.017: 0
       0.017 -    0.017: 0
  Chirality restraints: 1
  Sorted by residual:
  chirality pdb=" CA  PHE A   1 "
            pdb=" C   PHE A   1 "
            pdb=" N   PHE A   1 "
            pdb=" CB  PHE A   1 "
    both_signs  ideal   model   delta    sigma   weight residual
      False     -2.51   -2.53    0.02 2.00e-01 2.50e+01 7.17e-03

  Planarity restraints: 6
  Sorted by residual:
                                 delta    sigma   weight rms_deltas residual
  plane pdb=" CB  PHE A   1 "   -0.000 2.00e-02 2.50e+03   1.30e-02 5.08e+00
        pdb=" CG  PHE A   1 "    0.016 2.00e-02 2.50e+03
        pdb=" CD2 PHE A   1 "   -0.014 2.00e-02 2.50e+03
        pdb=" HD2 PHE A   1 "    0.001 2.00e-02 2.50e+03
        pdb=" CE2 PHE A   1 "    0.016 2.00e-02 2.50e+03
        pdb=" HE2 PHE A   1 "   -0.010 2.00e-02 2.50e+03
        pdb=" CZ  PHE A   1 "   -0.006 2.00e-02 2.50e+03
        pdb=" HZ  PHE A   1 "   -0.000 2.00e-02 2.50e+03
        pdb=" CE1 PHE A   1 "    0.029 2.00e-02 2.50e+03
        pdb=" HE1 PHE A   1 "   -0.012 2.00e-02 2.50e+03
        pdb=" CD1 PHE A   1 "   -0.012 2.00e-02 2.50e+03
        pdb=" HD1 PHE A   1 "   -0.007 2.00e-02 2.50e+03
                                 delta    sigma   weight rms_deltas residual
  plane pdb=" O   GLY A   3 "    0.001 2.00e-02 2.50e+03   1.52e-02 2.89e+00
        pdb=" C   GLY A   3 "    0.018 2.00e-02 2.50e+03
        pdb=" OXT GLY A   3 "   -0.023 2.00e-02 2.50e+03
        pdb=" HXT GLY A   3 "    0.014 2.00e-02 2.50e+03
        pdb=" CA  GLY A   3 "   -0.010 2.00e-02 2.50e+03
                                 delta    sigma   weight rms_deltas residual
  plane pdb=" C   GLY A   2 "   -0.019 2.00e-02 2.50e+03   1.11e-02 1.24e+00
        pdb=" O   GLY A   2 "    0.007 2.00e-02 2.50e+03
        pdb=" CA  GLY A   2 "    0.006 2.00e-02 2.50e+03
        pdb=" N   GLY A   3 "    0.007 2.00e-02 2.50e+03
  ... (remaining 3 not shown)

  Histogram of nonbonded interaction distances:
        2.19 -     2.73: 41
        2.73 -     3.27: 52
        3.27 -     3.81: 36
        3.81 -     4.35: 56
        4.35 -     4.90: 65
  Nonbonded interactions: 250
  Sorted by model distance:
  nonbonded pdb=" HB1 PHE A   1 "
            pdb=" HD2 PHE A   1 "
     model   vdw
     2.189 2.270
  nonbonded pdb=" H1  PHE A   1 "
            pdb=" HA  PHE A   1 "
     model   vdw
     2.252 1.816
  nonbonded pdb=" HXT GLY A   3 "
            pdb=" HA2 GLY A   3 "
     model   vdw
     2.259 2.270
  nonbonded pdb=" HA  PHE A   1 "
            pdb=" HB2 PHE A   1 "
     model   vdw
     2.267 1.952
  nonbonded pdb=" HZ  PHE A   1 "
            pdb=" HE1 PHE A   1 "
     model   vdw
     2.286 1.680
  ... (remaining 245 not shown)

  NOTE: a complete listing of the restraints can be obtained by requesting
        output of .geo file.

                   ----------xray_structure summary----------                  

Number of scattering types: 4
  Type Number    sf(0)   Gaussians
   O       4      7.97       2
   N       3      6.97       2
   C      13      5.97       2
   H      17      1.00       2
  sf(0) = scattering factor at diffraction angle 0.
Number of scatterers: 37
At special positions: 0
Unit cell: (13.867, 13.208, 10.099, 90, 90, 90)
Space group: P 1 (No. 1)

End of input processing
r_work=0.4025 r_free=0.3849
params.data_weight: None
params.restraints: qm
rmsd(b), start:  0.0877
mc:   0 R: 0.4121 rmsd(b):  0.0297 restraint_scale:  1.0 min_steps: 52
mc:   1 R: 0.2423 rmsd(b):  0.0817 restraint_scale:  2.0 min_steps: 52
mc:   2 R: 0.2433 rmsd(b):  0.0858 restraint_scale:  4.0 min_steps: 19
mc:   3 R: 0.2623 rmsd(b):  0.0430 restraint_scale:  8.0 min_steps: 29
mc:   4 R: 0.2566 rmsd(b):  0.0450 restraint_scale: 16.0 min_steps: 21
mc:   5 R: 0.2635 rmsd(b):  0.0388 restraint_scale: 32.0 min_steps: 23
mc:   6 R: 0.2805 rmsd(b):  0.0316 restraint_scale: 64.0 min_steps: 31
mc:   7 R: 0.2805 rmsd(b):  0.0316 restraint_scale: 128.0 min_steps: 1
Convergence reached, stop now.
see the result structure:  ./p26/04_results/refine_qm/265_FGG357-new/1.5/4.pdb
Time: 308.5706
