phenix.python
you are importing  adaptive calculator, and it does nothing. Please give it energy, force....... 

============================== Collecting inputs ==============================


                   ----------Processing X-ray data----------                   

F-obs:
  /scratch/m_zhen01/30993.lupus.uni-muenster.de/p26/02_mtz/227_GGF04-new.mtz:F-obs
Miller array info: None
Observation type: xray.amplitude
Type of data: double, size=209
Type of sigmas: None
Number of Miller indices: 209
Anomalous flag: False
Unit cell: (12.734, 10.556, 15.466, 90, 90, 90)
Space group: P 1 (No. 1)
Systematic absences: 0
Centric reflections: 0
Resolution range: 3.9382 2.50409
Completeness in resolution range: 1
Completeness with d_max=infinity: 0.754513

Number of F-obs in resolution range:                   209
Number of F-obs<0 (these reflections will be rejected): 0
Number of F-obs=0 (these reflections will be used in refinement): 0
Refinement resolution range: d_max =   3.9382
                             d_min =   2.5041

R-free flags:
  /scratch/m_zhen01/30993.lupus.uni-muenster.de/p26/02_mtz/227_GGF04-new.mtz:R-free-flags
Miller array info: /scratch/m_zhen01/30993.lupus.uni-muenster.de/p26/02_mtz/227_GGF04-new.mtz:R-free-flags
Observation type: None
Type of data: int, size=209
Type of sigmas: None
Number of Miller indices: 209
Anomalous flag: False
Unit cell: (12.734, 10.556, 15.466, 90, 90, 90)
Space group: P 1 (No. 1)
Systematic absences: 0
Centric reflections: 0
Resolution range: 3.9382 2.50409
Completeness in resolution range: 1
Completeness with d_max=infinity: 0.754513
Wavelength: 1.0000

Test (R-free flags) flag value: 1

Number of work/free reflections by resolution:
                                  work free  %free
  bin  1: 3.9382 - 3.6187 [23/23]   21    2   8.7%
  bin  2: 3.6187 - 3.3827 [21/21]   21    0   0.0%
  bin  3: 3.3827 - 3.1983 [16/16]   12    4  25.0%
  bin  4: 3.1983 - 3.0485 [24/24]   24    0   0.0%
  bin  5: 3.0485 - 2.9233 [24/24]   24    0   0.0%
  bin  6: 2.9233 - 2.8164 [20/20]   20    0   0.0%
  bin  7: 2.8164 - 2.7237 [16/16]   12    4  25.0%
  bin  8: 2.7237 - 2.6420 [22/22]   22    0   0.0%
  bin  9: 2.6420 - 2.5694 [20/20]   19    1   5.0%
  bin 10: 2.5694 - 2.5041 [23/23]   23    0   0.0%
                          overall  198   11   5.3%

                   ----------Processing PDB file(s)----------                  

  Monomer Library directory:
    "/tmp1/m_zhen01/phenix-installer-1.10.1-2155-intel-linux-2.6-x86_64-centos5/phenix-1.10.1-2155/modules/chem_data/mon_lib"
  Total number of atoms: 37
  Number of models: 1
  Model: ""
    Number of chains: 1
    Chain: "A"
      Number of atoms: 37
      Number of conformers: 1
      Conformer: ""
        Number of residues, atoms: 3, 37
          Classifications: {'peptide': 3}
          Modifications used: {'NH2NOTPRO': 1, 'COOH': 1}
          Link IDs: {'TRANS': 2}
  Time building chain proxies: 0.07, per 1000 atoms: 1.89
  Number of scatterers: 37
  At special positions: 0
  Unit cell: (12.734, 10.556, 15.466, 90, 90, 90)
  Space group: P 1 (No. 1)
  Number of sites at special positions: 0
  Number of scattering types: 4
    Type Number    sf(0)
     O       4      8.00
     N       3      7.00
     C      13      6.00
     H      17      1.00
    sf(0) = scattering factor at diffraction angle 0.

  Number of disulfides: simple=0, symmetry=0

  Automatic linking
    Parameters for automatic linking
      Linking & cutoffs
        Metal                : False - 3.50
        Amimo acid           : False - 1.90
        Carbohydrate         : True  - 1.99
        Ligands              : True  - 1.99
        Amino acid - RNA/DNA : False
      
  Number of custom bonds: simple=0, symmetry=0
  Time building additional restraints: 0.02
  Conformation dependent library (CDL) restraints added in 2.5 milliseconds
  
  Adding C-beta torsion restraints...
  Number of C-beta restraints generated:  2
  Time building geometry restraints manager: 0.04 seconds

  NOTE: a complete listing of the restraints can be obtained by requesting
        output of .geo file.

  Histogram of bond lengths:
        0.87 -     1.00: 17
        1.00 -     1.14: 0
        1.14 -     1.27: 3
        1.27 -     1.41: 8
        1.41 -     1.54: 9
  Bond restraints: 37
  Sorted by residual:
  bond pdb=" CE1 PHE A   3 "
       pdb=" HE1 PHE A   3 "
    ideal  model  delta    sigma   weight residual
    0.930  0.875  0.055 2.00e-02 2.50e+03 7.63e+00
  bond pdb=" CE2 PHE A   3 "
       pdb=" HE2 PHE A   3 "
    ideal  model  delta    sigma   weight residual
    0.930  0.882  0.048 2.00e-02 2.50e+03 5.79e+00
  bond pdb=" CZ  PHE A   3 "
       pdb=" HZ  PHE A   3 "
    ideal  model  delta    sigma   weight residual
    0.930  0.899  0.031 2.00e-02 2.50e+03 2.44e+00
  bond pdb=" C   GLY A   2 "
       pdb=" O   GLY A   2 "
    ideal  model  delta    sigma   weight residual
    1.235  1.215  0.019 1.35e-02 5.49e+03 2.07e+00
  bond pdb=" CA  GLY A   2 "
       pdb=" HA2 GLY A   2 "
    ideal  model  delta    sigma   weight residual
    0.970  0.998 -0.028 2.00e-02 2.50e+03 2.01e+00
  ... (remaining 32 not shown)

  Histogram of bond angle deviations from ideal:
      103.46 -   107.91: 7
      107.91 -   112.37: 17
      112.37 -   116.82: 8
      116.82 -   121.27: 18
      121.27 -   125.73: 10
  Bond angle restraints: 60
  Sorted by residual:
  angle pdb=" OXT PHE A   3 "
        pdb=" C   PHE A   3 "
        pdb=" CA  PHE A   3 "
      ideal   model   delta    sigma   weight residual
     118.60  111.60    7.00 3.00e+00 1.11e-01 5.44e+00
  angle pdb=" O   PHE A   3 "
        pdb=" C   PHE A   3 "
        pdb=" CA  PHE A   3 "
      ideal   model   delta    sigma   weight residual
     118.60  125.47   -6.87 3.00e+00 1.11e-01 5.25e+00
  angle pdb=" C   GLY A   1 "
        pdb=" N   GLY A   2 "
        pdb=" CA  GLY A   2 "
      ideal   model   delta    sigma   weight residual
     121.41  125.73   -4.32 1.96e+00 2.60e-01 4.85e+00
  angle pdb=" HA  PHE A   3 "
        pdb=" CA  PHE A   3 "
        pdb=" CB  PHE A   3 "
      ideal   model   delta    sigma   weight residual
     109.00  103.46    5.54 3.00e+00 1.11e-01 3.41e+00
  angle pdb=" HA1 GLY A   1 "
        pdb=" CA  GLY A   1 "
        pdb=" N   GLY A   1 "
      ideal   model   delta    sigma   weight residual
     110.00  114.82   -4.82 3.00e+00 1.11e-01 2.58e+00
  ... (remaining 55 not shown)

  Histogram of dihedral angle deviations from ideal:
        0.06 -     4.97: 9
        4.97 -     9.88: 1
        9.88 -    14.79: 2
       14.79 -    19.71: 0
       19.71 -    24.62: 1
  Dihedral angle restraints: 13
    sinusoidal: 3
      harmonic: 10
  Sorted by residual:
  dihedral pdb=" CA  GLY A   1 "
           pdb=" C   GLY A   1 "
           pdb=" N   GLY A   2 "
           pdb=" CA  GLY A   2 "
      ideal   model   delta  harmonic     sigma   weight residual
     180.00  169.99   10.01     0      5.00e+00 4.00e-02 4.01e+00
  dihedral pdb=" CA  GLY A   2 "
           pdb=" C   GLY A   2 "
           pdb=" N   PHE A   3 "
           pdb=" CA  PHE A   3 "
      ideal   model   delta  harmonic     sigma   weight residual
     180.00  171.53    8.47     0      5.00e+00 4.00e-02 2.87e+00
  dihedral pdb=" CA  PHE A   3 "
           pdb=" CB  PHE A   3 "
           pdb=" CG  PHE A   3 "
           pdb=" CD1 PHE A   3 "
      ideal   model   delta sinusoidal    sigma   weight residual
     160.00  135.38   24.62     2      2.00e+01 2.50e-03 2.08e+00
  ... (remaining 10 not shown)

  Histogram of chiral volume deviations from ideal:
       0.005 -    0.005: 1
       0.005 -    0.005: 0
       0.005 -    0.005: 0
       0.005 -    0.005: 0
       0.005 -    0.005: 0
  Chirality restraints: 1
  Sorted by residual:
  chirality pdb=" CA  PHE A   3 "
            pdb=" C   PHE A   3 "
            pdb=" N   PHE A   3 "
            pdb=" CB  PHE A   3 "
    both_signs  ideal   model   delta    sigma   weight residual
      False     -2.51   -2.51    0.00 2.00e-01 2.50e+01 5.16e-04

  Planarity restraints: 6
  Sorted by residual:
                                 delta    sigma   weight rms_deltas residual
  plane pdb=" C   GLY A   2 "    0.038 2.00e-02 2.50e+03   2.18e-02 4.74e+00
        pdb=" O   GLY A   2 "   -0.014 2.00e-02 2.50e+03
        pdb=" CA  GLY A   2 "   -0.011 2.00e-02 2.50e+03
        pdb=" N   PHE A   3 "   -0.012 2.00e-02 2.50e+03
                                 delta    sigma   weight rms_deltas residual
  plane pdb=" C   GLY A   1 "    0.037 2.00e-02 2.50e+03   2.15e-02 4.63e+00
        pdb=" O   GLY A   1 "   -0.014 2.00e-02 2.50e+03
        pdb=" CA  GLY A   1 "   -0.011 2.00e-02 2.50e+03
        pdb=" N   GLY A   2 "   -0.012 2.00e-02 2.50e+03
                                 delta    sigma   weight rms_deltas residual
  plane pdb=" CB  PHE A   3 "    0.008 2.00e-02 2.50e+03   8.86e-03 2.36e+00
        pdb=" CG  PHE A   3 "    0.001 2.00e-02 2.50e+03
        pdb=" CD1 PHE A   3 "   -0.007 2.00e-02 2.50e+03
        pdb=" HD1 PHE A   3 "   -0.001 2.00e-02 2.50e+03
        pdb=" CE1 PHE A   3 "    0.009 2.00e-02 2.50e+03
        pdb=" HE1 PHE A   3 "   -0.015 2.00e-02 2.50e+03
        pdb=" CZ  PHE A   3 "    0.003 2.00e-02 2.50e+03
        pdb=" HZ  PHE A   3 "    0.016 2.00e-02 2.50e+03
        pdb=" CE2 PHE A   3 "   -0.007 2.00e-02 2.50e+03
        pdb=" HE2 PHE A   3 "   -0.008 2.00e-02 2.50e+03
        pdb=" CD2 PHE A   3 "    0.009 2.00e-02 2.50e+03
        pdb=" HD2 PHE A   3 "   -0.007 2.00e-02 2.50e+03
  ... (remaining 3 not shown)

  Histogram of nonbonded interaction distances:
        1.92 -     2.51: 19
        2.51 -     3.10: 50
        3.10 -     3.70: 53
        3.70 -     4.29: 62
        4.29 -     4.89: 88
  Nonbonded interactions: 272
  Sorted by model distance:
  nonbonded pdb=" HA2 GLY A   1 "
            pdb=" H2  GLY A   1 "
     model   vdw
     1.916 1.816
  nonbonded pdb=" H2  GLY A   1 "
            pdb=" H   GLY A   2 "
     model   vdw
     2.026 2.100
  nonbonded pdb=" HA2 GLY A   2 "
            pdb=" H   GLY A   2 "
     model   vdw
     2.098 1.816
  nonbonded pdb=" HA  PHE A   3 "
            pdb=" HD2 PHE A   3 "
     model   vdw
     2.207 2.270
  nonbonded pdb=" HZ  PHE A   3 "
            pdb=" HE2 PHE A   3 "
     model   vdw
     2.243 1.680
  ... (remaining 267 not shown)

  NOTE: a complete listing of the restraints can be obtained by requesting
        output of .geo file.

                   ----------xray_structure summary----------                  

Number of scattering types: 4
  Type Number    sf(0)   Gaussians
   O       4      7.97       2
   N       3      6.97       2
   C      13      5.97       2
   H      17      1.00       2
  sf(0) = scattering factor at diffraction angle 0.
Number of scatterers: 37
At special positions: 0
Unit cell: (12.734, 10.556, 15.466, 90, 90, 90)
Space group: P 1 (No. 1)

End of input processing
r_work=0.3872 r_free=0.4673
params.data_weight: 0.0
params.restraints: cctbx
rmsd(b), start:  0.0908
mc:   0 R: 0.3781 rmsd(b):  0.0017 restraint_scale:  1.0 min_steps: 54
mc:   1 R: 0.3699 rmsd(b):  0.0007 restraint_scale:  1.0 min_steps: 53
mc:   2 R: 0.3539 rmsd(b):  0.0007 restraint_scale:  1.0 min_steps: 53
mc:   3 R: 0.3491 rmsd(b):  0.0006 restraint_scale:  1.0 min_steps: 55
mc:   4 R: 0.3437 rmsd(b):  0.0007 restraint_scale:  1.0 min_steps: 54
mc:   5 R: 0.3395 rmsd(b):  0.0007 restraint_scale:  1.0 min_steps: 53
mc:   6 R: 0.3360 rmsd(b):  0.0007 restraint_scale:  1.0 min_steps: 54
mc:   7 R: 0.3347 rmsd(b):  0.0006 restraint_scale:  1.0 min_steps: 54
mc:   8 R: 0.3312 rmsd(b):  0.0007 restraint_scale:  1.0 min_steps: 56
mc:   9 R: 0.3282 rmsd(b):  0.0007 restraint_scale:  1.0 min_steps: 52
mc:  10 R: 0.3264 rmsd(b):  0.0007 restraint_scale:  1.0 min_steps: 53
mc:  11 R: 0.3210 rmsd(b):  0.0007 restraint_scale:  1.0 min_steps: 54
mc:  12 R: 0.3204 rmsd(b):  0.0007 restraint_scale:  1.0 min_steps: 54
Convergence reached, stop now.
see the result structure:  ./p26/04_results/opt_cctbx/227_GGF04-new/0.6/8.pdb
Time: 7.3585
