phenix.python
you are importing  adaptive calculator, and it does nothing. Please give it energy, force....... 

============================== Collecting inputs ==============================


                   ----------Processing X-ray data----------                   

F-obs:
  /scratch/m_zhen01/30995.lupus.uni-muenster.de/p26/02_mtz/265_FGG357-new.mtz:F-obs
Miller array info: None
Observation type: xray.amplitude
Type of data: double, size=182
Type of sigmas: None
Number of Miller indices: 182
Anomalous flag: False
Unit cell: (13.867, 13.208, 10.099, 90, 90, 90)
Space group: P 1 (No. 1)
Systematic absences: 0
Centric reflections: 0
Resolution range: 3.89979 2.51329
Completeness in resolution range: 1
Completeness with d_max=infinity: 0.739837

Number of F-obs in resolution range:                   182
Number of F-obs<0 (these reflections will be rejected): 0
Number of F-obs=0 (these reflections will be used in refinement): 0
Refinement resolution range: d_max =   3.8998
                             d_min =   2.5133

R-free flags:
  /scratch/m_zhen01/30995.lupus.uni-muenster.de/p26/02_mtz/265_FGG357-new.mtz:R-free-flags
Miller array info: /scratch/m_zhen01/30995.lupus.uni-muenster.de/p26/02_mtz/265_FGG357-new.mtz:R-free-flags
Observation type: None
Type of data: int, size=182
Type of sigmas: None
Number of Miller indices: 182
Anomalous flag: False
Unit cell: (13.867, 13.208, 10.099, 90, 90, 90)
Space group: P 1 (No. 1)
Systematic absences: 0
Centric reflections: 0
Resolution range: 3.89979 2.51329
Completeness in resolution range: 1
Completeness with d_max=infinity: 0.739837
Wavelength: 1.0000

Test (R-free flags) flag value: 1

Number of work/free reflections by resolution:
                                  work free  %free
  bin  1: 3.8998 - 3.5978 [16/16]   16    0   0.0%
  bin  2: 3.5978 - 3.3718 [15/15]   15    0   0.0%
  bin  3: 3.3718 - 3.1937 [22/22]   22    0   0.0%
  bin  4: 3.1937 - 3.0481 [18/18]   16    2  11.1%
  bin  5: 3.0481 - 2.9258 [30/30]   20   10  33.3%
  bin  6: 2.9258 - 2.8211 [ 6/6 ]    6    0   0.0%
  bin  7: 2.8211 - 2.7300 [11/11]   11    0   0.0%
  bin  8: 2.7300 - 2.6495 [24/24]   24    0   0.0%
  bin  9: 2.6495 - 2.5778 [23/23]   23    0   0.0%
  bin 10: 2.5778 - 2.5133 [17/17]   17    0   0.0%
                          overall  170   12   6.6%

                   ----------Processing PDB file(s)----------                  

  Monomer Library directory:
    "/tmp1/m_zhen01/phenix-installer-1.10.1-2155-intel-linux-2.6-x86_64-centos5/phenix-1.10.1-2155/modules/chem_data/mon_lib"
  Total number of atoms: 37
  Number of models: 1
  Model: ""
    Number of chains: 1
    Chain: "A"
      Number of atoms: 37
      Number of conformers: 1
      Conformer: ""
        Number of residues, atoms: 3, 37
          Classifications: {'peptide': 3}
          Modifications used: {'NH2NOTPRO': 1, 'COOH': 1}
          Link IDs: {'TRANS': 2}
  Time building chain proxies: 0.07, per 1000 atoms: 1.89
  Number of scatterers: 37
  At special positions: 0
  Unit cell: (13.867, 13.208, 10.099, 90, 90, 90)
  Space group: P 1 (No. 1)
  Number of sites at special positions: 0
  Number of scattering types: 4
    Type Number    sf(0)
     O       4      8.00
     N       3      7.00
     C      13      6.00
     H      17      1.00
    sf(0) = scattering factor at diffraction angle 0.

  Number of disulfides: simple=0, symmetry=0

  Automatic linking
    Parameters for automatic linking
      Linking & cutoffs
        Metal                : False - 3.50
        Amimo acid           : False - 1.90
        Carbohydrate         : True  - 1.99
        Ligands              : True  - 1.99
        Amino acid - RNA/DNA : False
      
  Number of custom bonds: simple=0, symmetry=0
  Time building additional restraints: 0.02
  Conformation dependent library (CDL) restraints added in 2.5 milliseconds
  
  Adding C-beta torsion restraints...
  Number of C-beta restraints generated:  2
  Time building geometry restraints manager: 0.03 seconds

  NOTE: a complete listing of the restraints can be obtained by requesting
        output of .geo file.

  Histogram of bond lengths:
        0.87 -     1.00: 15
        1.00 -     1.13: 2
        1.13 -     1.26: 3
        1.26 -     1.39: 8
        1.39 -     1.52: 9
  Bond restraints: 37
  Sorted by residual:
  bond pdb=" CA  GLY A   2 "
       pdb=" N   GLY A   2 "
    ideal  model  delta    sigma   weight residual
    1.449  1.490 -0.041 1.45e-02 4.76e+03 7.91e+00
  bond pdb=" CE1 PHE A   1 "
       pdb=" HE1 PHE A   1 "
    ideal  model  delta    sigma   weight residual
    0.930  0.875  0.055 2.00e-02 2.50e+03 7.61e+00
  bond pdb=" N   GLY A   3 "
       pdb=" H   GLY A   3 "
    ideal  model  delta    sigma   weight residual
    0.860  0.912 -0.052 2.00e-02 2.50e+03 6.84e+00
  bond pdb=" N   PHE A   1 "
       pdb=" H2  PHE A   1 "
    ideal  model  delta    sigma   weight residual
    0.960  1.007 -0.047 2.00e-02 2.50e+03 5.61e+00
  bond pdb=" CD2 PHE A   1 "
       pdb=" HD2 PHE A   1 "
    ideal  model  delta    sigma   weight residual
    0.930  0.892  0.038 2.00e-02 2.50e+03 3.59e+00
  ... (remaining 32 not shown)

  Histogram of bond angle deviations from ideal:
      103.70 -   108.13: 8
      108.13 -   112.55: 16
      112.55 -   116.98: 5
      116.98 -   121.40: 23
      121.40 -   125.82: 8
  Bond angle restraints: 60
  Sorted by residual:
  angle pdb=" C   PHE A   1 "
        pdb=" N   GLY A   2 "
        pdb=" CA  GLY A   2 "
      ideal   model   delta    sigma   weight residual
     121.41  125.82   -4.41 1.96e+00 2.60e-01 5.07e+00
  angle pdb=" H1  PHE A   1 "
        pdb=" N   PHE A   1 "
        pdb=" H2  PHE A   1 "
      ideal   model   delta    sigma   weight residual
     109.47  114.94   -5.47 3.00e+00 1.11e-01 3.32e+00
  angle pdb=" CA  PHE A   1 "
        pdb=" CB  PHE A   1 "
        pdb=" HB2 PHE A   1 "
      ideal   model   delta    sigma   weight residual
     109.00  103.70    5.30 3.00e+00 1.11e-01 3.12e+00
  angle pdb=" CA  PHE A   1 "
        pdb=" N   PHE A   1 "
        pdb=" H1  PHE A   1 "
      ideal   model   delta    sigma   weight residual
     109.47  114.68   -5.21 3.00e+00 1.11e-01 3.01e+00
  angle pdb=" HB1 PHE A   1 "
        pdb=" CB  PHE A   1 "
        pdb=" CG  PHE A   1 "
      ideal   model   delta    sigma   weight residual
     108.00  112.25   -4.25 3.00e+00 1.11e-01 2.01e+00
  ... (remaining 55 not shown)

  Histogram of dihedral angle deviations from ideal:
        0.21 -    35.99: 11
       35.99 -    71.77: 1
       71.77 -   107.55: 0
      107.55 -   143.33: 0
      143.33 -   179.11: 1
  Dihedral angle restraints: 13
    sinusoidal: 3
      harmonic: 10
  Sorted by residual:
  dihedral pdb=" O   GLY A   3 "
           pdb=" C   GLY A   3 "
           pdb=" OXT GLY A   3 "
           pdb=" HXT GLY A   3 "
      ideal   model   delta  harmonic     sigma   weight residual
       0.00 -179.11  179.11     0      3.00e+01 1.11e-03 3.56e+01
  dihedral pdb=" OXT GLY A   3 "
           pdb=" C   GLY A   3 "
           pdb=" CA  GLY A   3 "
           pdb=" N   GLY A   3 "
      ideal   model   delta sinusoidal    sigma   weight residual
     -20.00   28.71  -48.71     2      3.00e+01 1.11e-03 3.01e+00
  dihedral pdb=" N   PHE A   1 "
           pdb=" CA  PHE A   1 "
           pdb=" CB  PHE A   1 "
           pdb=" CG  PHE A   1 "
      ideal   model   delta sinusoidal    sigma   weight residual
      60.00   81.42  -21.42     3      1.50e+01 4.44e-03 2.68e+00
  ... (remaining 10 not shown)

  Histogram of chiral volume deviations from ideal:
       0.047 -    0.047: 1
       0.047 -    0.047: 0
       0.047 -    0.047: 0
       0.047 -    0.047: 0
       0.047 -    0.047: 0
  Chirality restraints: 1
  Sorted by residual:
  chirality pdb=" CA  PHE A   1 "
            pdb=" C   PHE A   1 "
            pdb=" N   PHE A   1 "
            pdb=" CB  PHE A   1 "
    both_signs  ideal   model   delta    sigma   weight residual
      False     -2.51   -2.46   -0.05 2.00e-01 2.50e+01 5.53e-02

  Planarity restraints: 6
  Sorted by residual:
                                 delta    sigma   weight rms_deltas residual
  plane pdb=" O   GLY A   3 "   -0.000 2.00e-02 2.50e+03   1.68e-02 3.55e+00
        pdb=" C   GLY A   3 "   -0.020 2.00e-02 2.50e+03
        pdb=" OXT GLY A   3 "    0.025 2.00e-02 2.50e+03
        pdb=" HXT GLY A   3 "   -0.016 2.00e-02 2.50e+03
        pdb=" CA  GLY A   3 "    0.011 2.00e-02 2.50e+03
                                 delta    sigma   weight rms_deltas residual
  plane pdb=" C   GLY A   2 "   -0.029 2.00e-02 2.50e+03   1.66e-02 2.74e+00
        pdb=" O   GLY A   2 "    0.011 2.00e-02 2.50e+03
        pdb=" CA  GLY A   2 "    0.008 2.00e-02 2.50e+03
        pdb=" N   GLY A   3 "    0.010 2.00e-02 2.50e+03
                                 delta    sigma   weight rms_deltas residual
  plane pdb=" CB  PHE A   1 "    0.006 2.00e-02 2.50e+03   8.31e-03 2.07e+00
        pdb=" CG  PHE A   1 "   -0.011 2.00e-02 2.50e+03
        pdb=" CD2 PHE A   1 "   -0.011 2.00e-02 2.50e+03
        pdb=" HD2 PHE A   1 "   -0.003 2.00e-02 2.50e+03
        pdb=" CE2 PHE A   1 "    0.015 2.00e-02 2.50e+03
        pdb=" HE2 PHE A   1 "    0.001 2.00e-02 2.50e+03
        pdb=" CZ  PHE A   1 "    0.009 2.00e-02 2.50e+03
        pdb=" HZ  PHE A   1 "   -0.003 2.00e-02 2.50e+03
        pdb=" CE1 PHE A   1 "   -0.007 2.00e-02 2.50e+03
        pdb=" HE1 PHE A   1 "   -0.007 2.00e-02 2.50e+03
        pdb=" CD1 PHE A   1 "    0.001 2.00e-02 2.50e+03
        pdb=" HD1 PHE A   1 "    0.011 2.00e-02 2.50e+03
  ... (remaining 3 not shown)

  Histogram of nonbonded interaction distances:
        1.91 -     2.50: 21
        2.50 -     3.10: 50
        3.10 -     3.70: 73
        3.70 -     4.29: 57
        4.29 -     4.89: 80
  Nonbonded interactions: 281
  Sorted by model distance:
  nonbonded pdb=" H   GLY A   2 "
            pdb=" H   GLY A   3 "
     model   vdw
     1.907 2.100
  nonbonded pdb=" H2  PHE A   1 "
            pdb=" H   GLY A   2 "
     model   vdw
     2.108 2.100
  nonbonded pdb=" HA1 GLY A   3 "
            pdb=" H   GLY A   3 "
     model   vdw
     2.114 1.816
  nonbonded pdb=" H1  PHE A   1 "
            pdb=" HB2 PHE A   1 "
     model   vdw
     2.131 2.270
  nonbonded pdb=" HZ  PHE A   1 "
            pdb=" HE1 PHE A   1 "
     model   vdw
     2.168 1.680
  ... (remaining 276 not shown)

  NOTE: a complete listing of the restraints can be obtained by requesting
        output of .geo file.

                   ----------xray_structure summary----------                  

Number of scattering types: 4
  Type Number    sf(0)   Gaussians
   O       4      7.97       2
   N       3      6.97       2
   C      13      5.97       2
   H      17      1.00       2
  sf(0) = scattering factor at diffraction angle 0.
Number of scatterers: 37
At special positions: 0
Unit cell: (13.867, 13.208, 10.099, 90, 90, 90)
Space group: P 1 (No. 1)

End of input processing
r_work=0.5259 r_free=0.5603
params.data_weight: None
params.restraints: cctbx
rmsd(b), start:  0.0918
mc:   0 R: 0.5177 rmsd(b):  0.0012 restraint_scale:  0.5 min_steps: 53
mc:   1 R: 0.5127 rmsd(b):  0.0007 restraint_scale:  0.2 min_steps: 54
mc:   2 R: 0.5074 rmsd(b):  0.0009 restraint_scale:  0.1 min_steps: 54
mc:   3 R: 0.5027 rmsd(b):  0.0007 restraint_scale:  0.1 min_steps: 56
mc:   4 R: 0.4990 rmsd(b):  0.0006 restraint_scale:  0.0 min_steps: 56
mc:   5 R: 0.4955 rmsd(b):  0.0007 restraint_scale:  0.0 min_steps: 53
mc:   6 R: 0.4934 rmsd(b):  0.0006 restraint_scale:  0.0 min_steps: 53
mc:   7 R: 0.4888 rmsd(b):  0.0006 restraint_scale:  0.0 min_steps: 52
mc:   8 R: 0.4877 rmsd(b):  0.0007 restraint_scale:  0.0 min_steps: 53
mc:   9 R: 0.4850 rmsd(b):  0.0007 restraint_scale:  0.0 min_steps: 53
mc:  10 R: 0.4840 rmsd(b):  0.0007 restraint_scale:  0.0 min_steps: 53
mc:  11 R: 0.4820 rmsd(b):  0.0006 restraint_scale:  0.0 min_steps: 54
mc:  12 R: 0.4819 rmsd(b):  0.0007 restraint_scale:  0.0 min_steps: 13
Convergence reached, stop now.
see the result structure:  ./p26/04_results/refine_cctbx/265_FGG357-new/1.5/6.pdb
Time: 8.1539
