phenix.python
you are importing  adaptive calculator, and it does nothing. Please give it energy, force....... 

============================== Collecting inputs ==============================


                   ----------Processing X-ray data----------                   

F-obs:
  /scratch/m_zhen01/30995.lupus.uni-muenster.de/p26/02_mtz/259_FGG380-new.mtz:F-obs
Miller array info: None
Observation type: xray.amplitude
Type of data: double, size=185
Type of sigmas: None
Number of Miller indices: 185
Anomalous flag: False
Unit cell: (13.42, 13.818, 9.823, 90, 90, 90)
Space group: P 1 (No. 1)
Systematic absences: 0
Centric reflections: 0
Resolution range: 3.98245 2.50185
Completeness in resolution range: 1
Completeness with d_max=infinity: 0.761317

Number of F-obs in resolution range:                   185
Number of F-obs<0 (these reflections will be rejected): 0
Number of F-obs=0 (these reflections will be used in refinement): 0
Refinement resolution range: d_max =   3.9824
                             d_min =   2.5018

R-free flags:
  /scratch/m_zhen01/30995.lupus.uni-muenster.de/p26/02_mtz/259_FGG380-new.mtz:R-free-flags
Miller array info: /scratch/m_zhen01/30995.lupus.uni-muenster.de/p26/02_mtz/259_FGG380-new.mtz:R-free-flags
Observation type: None
Type of data: int, size=185
Type of sigmas: None
Number of Miller indices: 185
Anomalous flag: False
Unit cell: (13.42, 13.818, 9.823, 90, 90, 90)
Space group: P 1 (No. 1)
Systematic absences: 0
Centric reflections: 0
Resolution range: 3.98245 2.50185
Completeness in resolution range: 1
Completeness with d_max=infinity: 0.761317
Wavelength: 1.0000

Test (R-free flags) flag value: 1

Number of work/free reflections by resolution:
                                  work free  %free
  bin  1: 3.9825 - 3.6458 [22/22]   22    0   0.0%
  bin  2: 3.6458 - 3.4002 [13/13]   13    0   0.0%
  bin  3: 3.4002 - 3.2098 [20/20]   12    8  40.0%
  bin  4: 3.2098 - 3.0559 [22/22]   22    0   0.0%
  bin  5: 3.0559 - 2.9278 [22/22]   22    0   0.0%
  bin  6: 2.9278 - 2.8188 [14/14]   14    0   0.0%
  bin  7: 2.8188 - 2.7244 [ 9/9 ]    9    0   0.0%
  bin  8: 2.7244 - 2.6415 [23/23]   23    0   0.0%
  bin  9: 2.6415 - 2.5679 [32/32]   24    8  25.0%
  bin 10: 2.5679 - 2.5018 [ 8/8 ]    8    0   0.0%
                          overall  169   16   8.6%

                   ----------Processing PDB file(s)----------                  

  Monomer Library directory:
    "/tmp1/m_zhen01/phenix-installer-1.10.1-2155-intel-linux-2.6-x86_64-centos5/phenix-1.10.1-2155/modules/chem_data/mon_lib"
  Total number of atoms: 37
  Number of models: 1
  Model: ""
    Number of chains: 1
    Chain: "A"
      Number of atoms: 37
      Number of conformers: 1
      Conformer: ""
        Number of residues, atoms: 3, 37
          Classifications: {'peptide': 3}
          Modifications used: {'NH2NOTPRO': 1, 'COOH': 1}
          Link IDs: {'TRANS': 2}
  Time building chain proxies: 0.07, per 1000 atoms: 1.89
  Number of scatterers: 37
  At special positions: 0
  Unit cell: (13.42, 13.818, 9.823, 90, 90, 90)
  Space group: P 1 (No. 1)
  Number of sites at special positions: 0
  Number of scattering types: 4
    Type Number    sf(0)
     O       4      8.00
     N       3      7.00
     C      13      6.00
     H      17      1.00
    sf(0) = scattering factor at diffraction angle 0.

  Number of disulfides: simple=0, symmetry=0

  Automatic linking
    Parameters for automatic linking
      Linking & cutoffs
        Metal                : False - 3.50
        Amimo acid           : False - 1.90
        Carbohydrate         : True  - 1.99
        Ligands              : True  - 1.99
        Amino acid - RNA/DNA : False
      
  Number of custom bonds: simple=0, symmetry=0
  Time building additional restraints: 0.02
  Conformation dependent library (CDL) restraints added in 2.5 milliseconds
  
  Adding C-beta torsion restraints...
  Number of C-beta restraints generated:  2
  Time building geometry restraints manager: 0.03 seconds

  NOTE: a complete listing of the restraints can be obtained by requesting
        output of .geo file.

  Histogram of bond lengths:
        0.81 -     0.95: 10
        0.95 -     1.10: 7
        1.10 -     1.25: 2
        1.25 -     1.40: 8
        1.40 -     1.55: 10
  Bond restraints: 37
  Sorted by residual:
  bond pdb=" N   GLY A   2 "
       pdb=" H   GLY A   2 "
    ideal  model  delta    sigma   weight residual
    0.860  0.805  0.055 2.00e-02 2.50e+03 7.51e+00
  bond pdb=" C   PHE A   1 "
       pdb=" O   PHE A   1 "
    ideal  model  delta    sigma   weight residual
    1.231  1.284 -0.053 2.00e-02 2.50e+03 6.98e+00
  bond pdb=" CZ  PHE A   1 "
       pdb=" HZ  PHE A   1 "
    ideal  model  delta    sigma   weight residual
    0.930  0.879  0.051 2.00e-02 2.50e+03 6.55e+00
  bond pdb=" CE2 PHE A   1 "
       pdb=" HE2 PHE A   1 "
    ideal  model  delta    sigma   weight residual
    0.930  0.885  0.045 2.00e-02 2.50e+03 4.96e+00
  bond pdb=" CA  GLY A   2 "
       pdb=" HA1 GLY A   2 "
    ideal  model  delta    sigma   weight residual
    0.970  0.929  0.041 2.00e-02 2.50e+03 4.22e+00
  ... (remaining 32 not shown)

  Histogram of bond angle deviations from ideal:
      102.32 -   106.91: 6
      106.91 -   111.50: 13
      111.50 -   116.09: 11
      116.09 -   120.68: 17
      120.68 -   125.27: 13
  Bond angle restraints: 60
  Sorted by residual:
  angle pdb=" HA1 GLY A   3 "
        pdb=" CA  GLY A   3 "
        pdb=" HA2 GLY A   3 "
      ideal   model   delta    sigma   weight residual
     109.00  102.32    6.68 3.00e+00 1.11e-01 4.96e+00
  angle pdb=" HA  PHE A   1 "
        pdb=" CA  PHE A   1 "
        pdb=" CB  PHE A   1 "
      ideal   model   delta    sigma   weight residual
     109.00  102.40    6.60 3.00e+00 1.11e-01 4.84e+00
  angle pdb=" O   GLY A   2 "
        pdb=" C   GLY A   2 "
        pdb=" N   GLY A   3 "
      ideal   model   delta    sigma   weight residual
     122.70  125.27   -2.57 1.30e+00 5.92e-01 3.91e+00
  angle pdb=" HB2 PHE A   1 "
        pdb=" CB  PHE A   1 "
        pdb=" CG  PHE A   1 "
      ideal   model   delta    sigma   weight residual
     108.00  112.37   -4.37 3.00e+00 1.11e-01 2.12e+00
  angle pdb=" CZ  PHE A   1 "
        pdb=" CE2 PHE A   1 "
        pdb=" CD2 PHE A   1 "
      ideal   model   delta    sigma   weight residual
     120.00  117.40    2.60 1.80e+00 3.09e-01 2.08e+00
  ... (remaining 55 not shown)

  Histogram of dihedral angle deviations from ideal:
        0.30 -    35.82: 11
       35.82 -    71.34: 1
       71.34 -   106.87: 0
      106.87 -   142.39: 0
      142.39 -   177.91: 1
  Dihedral angle restraints: 13
    sinusoidal: 3
      harmonic: 10
  Sorted by residual:
  dihedral pdb=" O   GLY A   3 "
           pdb=" C   GLY A   3 "
           pdb=" OXT GLY A   3 "
           pdb=" HXT GLY A   3 "
      ideal   model   delta  harmonic     sigma   weight residual
       0.00 -177.91  177.91     0      3.00e+01 1.11e-03 3.52e+01
  dihedral pdb=" OXT GLY A   3 "
           pdb=" C   GLY A   3 "
           pdb=" CA  GLY A   3 "
           pdb=" N   GLY A   3 "
      ideal   model   delta sinusoidal    sigma   weight residual
     160.00  103.43   56.57     2      3.00e+01 1.11e-03 3.71e+00
  dihedral pdb=" N   PHE A   1 "
           pdb=" CA  PHE A   1 "
           pdb=" CB  PHE A   1 "
           pdb=" CG  PHE A   1 "
      ideal   model   delta sinusoidal    sigma   weight residual
    -180.00 -168.91  -11.09     3      1.50e+01 4.44e-03 7.77e-01
  ... (remaining 10 not shown)

  Histogram of chiral volume deviations from ideal:
       0.046 -    0.046: 1
       0.046 -    0.046: 0
       0.046 -    0.046: 0
       0.046 -    0.046: 0
       0.046 -    0.046: 0
  Chirality restraints: 1
  Sorted by residual:
  chirality pdb=" CA  PHE A   1 "
            pdb=" C   PHE A   1 "
            pdb=" N   PHE A   1 "
            pdb=" CB  PHE A   1 "
    both_signs  ideal   model   delta    sigma   weight residual
      False     -2.51   -2.56    0.05 2.00e-01 2.50e+01 5.24e-02

  Planarity restraints: 6
  Sorted by residual:
                                 delta    sigma   weight rms_deltas residual
  plane pdb=" CB  PHE A   1 "    0.001 2.00e-02 2.50e+03   8.25e-03 2.04e+00
        pdb=" CG  PHE A   1 "    0.017 2.00e-02 2.50e+03
        pdb=" CD1 PHE A   1 "   -0.001 2.00e-02 2.50e+03
        pdb=" HD1 PHE A   1 "   -0.006 2.00e-02 2.50e+03
        pdb=" CE1 PHE A   1 "   -0.011 2.00e-02 2.50e+03
        pdb=" HE1 PHE A   1 "    0.006 2.00e-02 2.50e+03
        pdb=" CZ  PHE A   1 "   -0.007 2.00e-02 2.50e+03
        pdb=" HZ  PHE A   1 "    0.014 2.00e-02 2.50e+03
        pdb=" CE2 PHE A   1 "   -0.000 2.00e-02 2.50e+03
        pdb=" HE2 PHE A   1 "   -0.005 2.00e-02 2.50e+03
        pdb=" CD2 PHE A   1 "   -0.008 2.00e-02 2.50e+03
        pdb=" HD2 PHE A   1 "    0.001 2.00e-02 2.50e+03
                                 delta    sigma   weight rms_deltas residual
  plane pdb=" C   PHE A   1 "   -0.023 2.00e-02 2.50e+03   1.33e-02 1.78e+00
        pdb=" O   PHE A   1 "    0.008 2.00e-02 2.50e+03
        pdb=" CA  PHE A   1 "    0.007 2.00e-02 2.50e+03
        pdb=" N   GLY A   2 "    0.008 2.00e-02 2.50e+03
                                 delta    sigma   weight rms_deltas residual
  plane pdb=" O   GLY A   3 "   -0.009 2.00e-02 2.50e+03   1.09e-02 1.49e+00
        pdb=" C   GLY A   3 "    0.021 2.00e-02 2.50e+03
        pdb=" OXT GLY A   3 "   -0.004 2.00e-02 2.50e+03
        pdb=" HXT GLY A   3 "   -0.003 2.00e-02 2.50e+03
        pdb=" CA  GLY A   3 "   -0.005 2.00e-02 2.50e+03
  ... (remaining 3 not shown)

  Histogram of nonbonded interaction distances:
        1.97 -     2.55: 26
        2.55 -     3.14: 59
        3.14 -     3.72: 64
        3.72 -     4.30: 62
        4.30 -     4.88: 79
  Nonbonded interactions: 290
  Sorted by model distance:
  nonbonded pdb=" HD2 PHE A   1 "
            pdb=" H   GLY A   3 "
     model   vdw
     1.971 2.100
  nonbonded pdb=" HXT GLY A   3 "
            pdb=" HA1 GLY A   3 "
     model   vdw
     2.060 2.270
  nonbonded pdb=" HA1 GLY A   2 "
            pdb=" H   GLY A   2 "
     model   vdw
     2.172 1.816
  nonbonded pdb=" HZ  PHE A   1 "
            pdb=" HE2 PHE A   1 "
     model   vdw
     2.252 1.680
  nonbonded pdb=" HA2 GLY A   3 "
            pdb=" H   GLY A   3 "
     model   vdw
     2.259 1.816
  ... (remaining 285 not shown)

  NOTE: a complete listing of the restraints can be obtained by requesting
        output of .geo file.

                   ----------xray_structure summary----------                  

Number of scattering types: 4
  Type Number    sf(0)   Gaussians
   O       4      7.97       2
   N       3      6.97       2
   C      13      5.97       2
   H      17      1.00       2
  sf(0) = scattering factor at diffraction angle 0.
Number of scatterers: 37
At special positions: 0
Unit cell: (13.42, 13.818, 9.823, 90, 90, 90)
Space group: P 1 (No. 1)

End of input processing
r_work=0.4339 r_free=0.4193
params.data_weight: None
params.restraints: cctbx
rmsd(b), start:  0.0951
mc:   0 R: 0.1153 rmsd(b):  0.0492 restraint_scale:  2.0 min_steps: 36
mc:   1 R: 0.0219 rmsd(b):  0.0165 restraint_scale:  2.0 min_steps: 20
mc:   2 R: 0.0097 rmsd(b):  0.0149 restraint_scale:  2.0 min_steps: 24
mc:   3 R: 0.0081 rmsd(b):  0.0230 restraint_scale:  2.0 min_steps: 17
mc:   4 R: 0.0080 rmsd(b):  0.0232 restraint_scale:  2.0 min_steps: 8
Convergence reached, stop now.
see the result structure:  ./p26/04_results/refine_cctbx/259_FGG380-new/0.6/3.pdb
Time: 5.5916
