phenix.python
you are importing  adaptive calculator, and it does nothing. Please give it energy, force....... 

============================== Collecting inputs ==============================


                   ----------Processing X-ray data----------                   

F-obs:
  /scratch/m_zhen01/30993.lupus.uni-muenster.de/p26/02_mtz/226_GGF15-new.mtz:F-obs
Miller array info: None
Observation type: xray.amplitude
Type of data: double, size=203
Type of sigmas: None
Number of Miller indices: 203
Anomalous flag: False
Unit cell: (14.526, 12.333, 10.786, 90, 90, 90)
Space group: P 1 (No. 1)
Systematic absences: 0
Centric reflections: 0
Resolution range: 3.95564 2.50185
Completeness in resolution range: 1
Completeness with d_max=infinity: 0.7603

Number of F-obs in resolution range:                   203
Number of F-obs<0 (these reflections will be rejected): 0
Number of F-obs=0 (these reflections will be used in refinement): 0
Refinement resolution range: d_max =   3.9556
                             d_min =   2.5019

R-free flags:
  /scratch/m_zhen01/30993.lupus.uni-muenster.de/p26/02_mtz/226_GGF15-new.mtz:R-free-flags
Miller array info: /scratch/m_zhen01/30993.lupus.uni-muenster.de/p26/02_mtz/226_GGF15-new.mtz:R-free-flags
Observation type: None
Type of data: int, size=203
Type of sigmas: None
Number of Miller indices: 203
Anomalous flag: False
Unit cell: (14.526, 12.333, 10.786, 90, 90, 90)
Space group: P 1 (No. 1)
Systematic absences: 0
Centric reflections: 0
Resolution range: 3.95564 2.50185
Completeness in resolution range: 1
Completeness with d_max=infinity: 0.7603
Wavelength: 1.0000

Test (R-free flags) flag value: 1

Number of work/free reflections by resolution:
                                  work free  %free
  bin  1: 3.9556 - 3.6288 [15/15]   11    4  26.7%
  bin  2: 3.6288 - 3.3888 [29/29]   29    0   0.0%
  bin  3: 3.3888 - 3.2018 [12/12]   12    0   0.0%
  bin  4: 3.2018 - 3.0502 [19/19]   19    0   0.0%
  bin  5: 3.0502 - 2.9238 [26/26]   22    4  15.4%
  bin  6: 2.9238 - 2.8161 [15/15]   11    4  26.7%
  bin  7: 2.8161 - 2.7227 [14/14]   14    0   0.0%
  bin  8: 2.7227 - 2.6405 [21/21]   21    0   0.0%
  bin  9: 2.6405 - 2.5674 [22/22]   22    0   0.0%
  bin 10: 2.5674 - 2.5019 [30/30]   28    2   6.7%
                          overall  189   14   6.9%

                   ----------Processing PDB file(s)----------                  

  Monomer Library directory:
    "/tmp1/m_zhen01/phenix-installer-1.10.1-2155-intel-linux-2.6-x86_64-centos5/phenix-1.10.1-2155/modules/chem_data/mon_lib"
  Total number of atoms: 37
  Number of models: 1
  Model: ""
    Number of chains: 1
    Chain: "A"
      Number of atoms: 37
      Number of conformers: 1
      Conformer: ""
        Number of residues, atoms: 3, 37
          Classifications: {'peptide': 3}
          Modifications used: {'NH2NOTPRO': 1, 'COOH': 1}
          Link IDs: {'TRANS': 2}
  Time building chain proxies: 0.07, per 1000 atoms: 1.89
  Number of scatterers: 37
  At special positions: 0
  Unit cell: (14.526, 12.333, 10.786, 90, 90, 90)
  Space group: P 1 (No. 1)
  Number of sites at special positions: 0
  Number of scattering types: 4
    Type Number    sf(0)
     O       4      8.00
     N       3      7.00
     C      13      6.00
     H      17      1.00
    sf(0) = scattering factor at diffraction angle 0.

  Number of disulfides: simple=0, symmetry=0

  Automatic linking
    Parameters for automatic linking
      Linking & cutoffs
        Metal                : False - 3.50
        Amimo acid           : False - 1.90
        Carbohydrate         : True  - 1.99
        Ligands              : True  - 1.99
        Amino acid - RNA/DNA : False
      
  Number of custom bonds: simple=0, symmetry=0
  Time building additional restraints: 0.02
  Conformation dependent library (CDL) restraints added in 2.5 milliseconds
  
  Adding C-beta torsion restraints...
  Number of C-beta restraints generated:  2
  Time building geometry restraints manager: 0.03 seconds

  NOTE: a complete listing of the restraints can be obtained by requesting
        output of .geo file.

  Histogram of bond lengths:
        0.85 -     0.99: 13
        0.99 -     1.12: 4
        1.12 -     1.26: 3
        1.26 -     1.40: 5
        1.40 -     1.54: 12
  Bond restraints: 37
  Sorted by residual:
  bond pdb=" CZ  PHE A   3 "
       pdb=" HZ  PHE A   3 "
    ideal  model  delta    sigma   weight residual
    0.930  0.879  0.051 2.00e-02 2.50e+03 6.55e+00
  bond pdb=" CA  GLY A   2 "
       pdb=" HA2 GLY A   2 "
    ideal  model  delta    sigma   weight residual
    0.970  1.019 -0.049 2.00e-02 2.50e+03 5.93e+00
  bond pdb=" C   GLY A   1 "
       pdb=" CA  GLY A   1 "
    ideal  model  delta    sigma   weight residual
    1.516  1.481  0.035 1.80e-02 3.09e+03 3.71e+00
  bond pdb=" CA  GLY A   1 "
       pdb=" HA1 GLY A   1 "
    ideal  model  delta    sigma   weight residual
    0.970  1.000 -0.030 2.00e-02 2.50e+03 2.21e+00
  bond pdb=" C   GLY A   2 "
       pdb=" O   GLY A   2 "
    ideal  model  delta    sigma   weight residual
    1.230  1.249 -0.019 1.38e-02 5.25e+03 1.86e+00
  ... (remaining 32 not shown)

  Histogram of bond angle deviations from ideal:
      102.94 -   107.17: 5
      107.17 -   111.40: 16
      111.40 -   115.62: 6
      115.62 -   119.85: 13
      119.85 -   124.07: 20
  Bond angle restraints: 60
  Sorted by residual:
  angle pdb=" CA  GLY A   2 "
        pdb=" C   GLY A   2 "
        pdb=" N   PHE A   3 "
      ideal   model   delta    sigma   weight residual
     115.18  118.78   -3.60 1.36e+00 5.41e-01 7.01e+00
  angle pdb=" C   GLY A   1 "
        pdb=" N   GLY A   2 "
        pdb=" CA  GLY A   2 "
      ideal   model   delta    sigma   weight residual
     120.60  123.05   -2.45 1.01e+00 9.80e-01 5.88e+00
  angle pdb=" HA1 GLY A   1 "
        pdb=" CA  GLY A   1 "
        pdb=" N   GLY A   1 "
      ideal   model   delta    sigma   weight residual
     110.00  102.94    7.06 3.00e+00 1.11e-01 5.53e+00
  angle pdb=" O   GLY A   2 "
        pdb=" C   GLY A   2 "
        pdb=" CA  GLY A   2 "
      ideal   model   delta    sigma   weight residual
     121.94  119.27    2.67 1.19e+00 7.06e-01 5.05e+00
  angle pdb=" C   PHE A   3 "
        pdb=" CA  PHE A   3 "
        pdb=" CB  PHE A   3 "
      ideal   model   delta    sigma   weight residual
     110.10  113.78   -3.68 1.90e+00 2.77e-01 3.76e+00
  ... (remaining 55 not shown)

  Histogram of dihedral angle deviations from ideal:
        0.54 -    35.42: 11
       35.42 -    70.29: 1
       70.29 -   105.16: 0
      105.16 -   140.04: 0
      140.04 -   174.91: 1
  Dihedral angle restraints: 13
    sinusoidal: 3
      harmonic: 10
  Sorted by residual:
  dihedral pdb=" O   PHE A   3 "
           pdb=" C   PHE A   3 "
           pdb=" OXT PHE A   3 "
           pdb=" HXT PHE A   3 "
      ideal   model   delta  harmonic     sigma   weight residual
       0.00  174.91 -174.91     0      3.00e+01 1.11e-03 3.40e+01
  dihedral pdb=" OXT PHE A   3 "
           pdb=" C   PHE A   3 "
           pdb=" CA  PHE A   3 "
           pdb=" N   PHE A   3 "
      ideal   model   delta sinusoidal    sigma   weight residual
     160.00  123.94   36.06     2      3.00e+01 1.11e-03 1.85e+00
  dihedral pdb=" C   PHE A   3 "
           pdb=" N   PHE A   3 "
           pdb=" CA  PHE A   3 "
           pdb=" CB  PHE A   3 "
      ideal   model   delta  harmonic     sigma   weight residual
    -122.60 -125.39    2.79     0      2.50e+00 1.60e-01 1.24e+00
  ... (remaining 10 not shown)

  Histogram of chiral volume deviations from ideal:
       0.037 -    0.037: 1
       0.037 -    0.037: 0
       0.037 -    0.037: 0
       0.037 -    0.037: 0
       0.037 -    0.037: 0
  Chirality restraints: 1
  Sorted by residual:
  chirality pdb=" CA  PHE A   3 "
            pdb=" C   PHE A   3 "
            pdb=" N   PHE A   3 "
            pdb=" CB  PHE A   3 "
    both_signs  ideal   model   delta    sigma   weight residual
      False     -2.51   -2.47   -0.04 2.00e-01 2.50e+01 3.34e-02

  Planarity restraints: 6
  Sorted by residual:
                                 delta    sigma   weight rms_deltas residual
  plane pdb=" CB  PHE A   3 "    0.018 2.00e-02 2.50e+03   1.36e-02 5.56e+00
        pdb=" CG  PHE A   3 "   -0.010 2.00e-02 2.50e+03
        pdb=" CD2 PHE A   3 "   -0.006 2.00e-02 2.50e+03
        pdb=" HD2 PHE A   3 "   -0.006 2.00e-02 2.50e+03
        pdb=" CE2 PHE A   3 "    0.026 2.00e-02 2.50e+03
        pdb=" HE2 PHE A   3 "   -0.014 2.00e-02 2.50e+03
        pdb=" CZ  PHE A   3 "   -0.014 2.00e-02 2.50e+03
        pdb=" HZ  PHE A   3 "    0.008 2.00e-02 2.50e+03
        pdb=" CE1 PHE A   3 "    0.014 2.00e-02 2.50e+03
        pdb=" HE1 PHE A   3 "   -0.001 2.00e-02 2.50e+03
        pdb=" CD1 PHE A   3 "    0.006 2.00e-02 2.50e+03
        pdb=" HD1 PHE A   3 "   -0.020 2.00e-02 2.50e+03
                                 delta    sigma   weight rms_deltas residual
  plane pdb=" O   PHE A   3 "    0.021 2.00e-02 2.50e+03   1.96e-02 4.81e+00
        pdb=" C   PHE A   3 "   -0.033 2.00e-02 2.50e+03
        pdb=" OXT PHE A   3 "   -0.008 2.00e-02 2.50e+03
        pdb=" HXT PHE A   3 "    0.017 2.00e-02 2.50e+03
        pdb=" CA  PHE A   3 "    0.004 2.00e-02 2.50e+03
                                 delta    sigma   weight rms_deltas residual
  plane pdb=" C   GLY A   2 "    0.020 2.00e-02 2.50e+03   1.13e-02 1.28e+00
        pdb=" O   GLY A   2 "   -0.007 2.00e-02 2.50e+03
        pdb=" CA  GLY A   2 "   -0.006 2.00e-02 2.50e+03
        pdb=" N   PHE A   3 "   -0.007 2.00e-02 2.50e+03
  ... (remaining 3 not shown)

  Histogram of nonbonded interaction distances:
        2.00 -     2.58: 25
        2.58 -     3.16: 45
        3.16 -     3.74: 65
        3.74 -     4.32: 50
        4.32 -     4.90: 81
  Nonbonded interactions: 266
  Sorted by model distance:
  nonbonded pdb=" HXT PHE A   3 "
            pdb=" HA  PHE A   3 "
     model   vdw
     2.001 2.270
  nonbonded pdb=" HA2 GLY A   2 "
            pdb=" H   GLY A   2 "
     model   vdw
     2.148 1.816
  nonbonded pdb=" HA1 GLY A   1 "
            pdb=" H1  GLY A   1 "
     model   vdw
     2.239 1.816
  nonbonded pdb=" HE2 PHE A   3 "
            pdb=" HZ  PHE A   3 "
     model   vdw
     2.279 1.680
  nonbonded pdb=" HE1 PHE A   3 "
            pdb=" HD1 PHE A   3 "
     model   vdw
     2.285 1.680
  ... (remaining 261 not shown)

  NOTE: a complete listing of the restraints can be obtained by requesting
        output of .geo file.

                   ----------xray_structure summary----------                  

Number of scattering types: 4
  Type Number    sf(0)   Gaussians
   O       4      7.97       2
   N       3      6.97       2
   C      13      5.97       2
   H      17      1.00       2
  sf(0) = scattering factor at diffraction angle 0.
Number of scatterers: 37
At special positions: 0
Unit cell: (14.526, 12.333, 10.786, 90, 90, 90)
Space group: P 1 (No. 1)

End of input processing
r_work=0.5563 r_free=0.4322
params.data_weight: 0.0
params.restraints: cctbx
rmsd(b), start:  0.0876
mc:   0 R: 0.5595 rmsd(b):  0.0010 restraint_scale:  1.0 min_steps: 55
mc:   1 R: 0.5675 rmsd(b):  0.0008 restraint_scale:  1.0 min_steps: 53
mc:   2 R: 0.5721 rmsd(b):  0.0007 restraint_scale:  1.0 min_steps: 57
mc:   3 R: 0.5729 rmsd(b):  0.0006 restraint_scale:  1.0 min_steps: 55
mc:   4 R: 0.5782 rmsd(b):  0.0006 restraint_scale:  1.0 min_steps: 55
mc:   5 R: 0.5769 rmsd(b):  0.0005 restraint_scale:  1.0 min_steps: 55
mc:   6 R: 0.5792 rmsd(b):  0.0005 restraint_scale:  1.0 min_steps: 54
mc:   7 R: 0.5777 rmsd(b):  0.0005 restraint_scale:  1.0 min_steps: 56
mc:   8 R: 0.5789 rmsd(b):  0.0005 restraint_scale:  1.0 min_steps: 54
mc:   9 R: 0.5776 rmsd(b):  0.0005 restraint_scale:  1.0 min_steps: 54
mc:  10 R: 0.5783 rmsd(b):  0.0005 restraint_scale:  1.0 min_steps: 54
mc:  11 R: 0.5770 rmsd(b):  0.0005 restraint_scale:  1.0 min_steps: 54
mc:  12 R: 0.5774 rmsd(b):  0.0005 restraint_scale:  1.0 min_steps: 52
mc:  13 R: 0.5763 rmsd(b):  0.0005 restraint_scale:  1.0 min_steps: 54
mc:  14 R: 0.5767 rmsd(b):  0.0005 restraint_scale:  1.0 min_steps: 54
mc:  15 R: 0.5755 rmsd(b):  0.0005 restraint_scale:  1.0 min_steps: 52
mc:  16 R: 0.5757 rmsd(b):  0.0005 restraint_scale:  1.0 min_steps: 55
mc:  17 R: 0.5748 rmsd(b):  0.0005 restraint_scale:  1.0 min_steps: 53
Convergence reached, stop now.
see the result structure:  ./p26/04_results/opt_cctbx/226_GGF15-new/1.2/4.pdb
Time: 8.3959
