phenix.python
you are importing  adaptive calculator, and it does nothing. Please give it energy, force....... 

============================== Collecting inputs ==============================


                   ----------Processing X-ray data----------                   

F-obs:
  /scratch/m_zhen01/30995.lupus.uni-muenster.de/p26/02_mtz/237_GFA07-new.mtz:F-obs
Miller array info: None
Observation type: xray.amplitude
Type of data: double, size=243
Type of sigmas: None
Number of Miller indices: 243
Anomalous flag: False
Unit cell: (12.325, 10.728, 17.485, 90, 90, 90)
Space group: P 1 (No. 1)
Systematic absences: 0
Centric reflections: 0
Resolution range: 3.99942 2.50022
Completeness in resolution range: 1
Completeness with d_max=infinity: 0.773885

Number of F-obs in resolution range:                   243
Number of F-obs<0 (these reflections will be rejected): 0
Number of F-obs=0 (these reflections will be used in refinement): 0
Refinement resolution range: d_max =   3.9994
                             d_min =   2.5002

R-free flags:
  /scratch/m_zhen01/30995.lupus.uni-muenster.de/p26/02_mtz/237_GFA07-new.mtz:R-free-flags
Miller array info: /scratch/m_zhen01/30995.lupus.uni-muenster.de/p26/02_mtz/237_GFA07-new.mtz:R-free-flags
Observation type: None
Type of data: int, size=243
Type of sigmas: None
Number of Miller indices: 243
Anomalous flag: False
Unit cell: (12.325, 10.728, 17.485, 90, 90, 90)
Space group: P 1 (No. 1)
Systematic absences: 0
Centric reflections: 0
Resolution range: 3.99942 2.50022
Completeness in resolution range: 1
Completeness with d_max=infinity: 0.773885
Wavelength: 1.0000

Test (R-free flags) flag value: 1

Number of work/free reflections by resolution:
                                  work free  %free
  bin  1: 3.9994 - 3.6558 [32/32]   30    2   6.2%
  bin  2: 3.6558 - 3.4063 [12/12]   12    0   0.0%
  bin  3: 3.4063 - 3.2134 [28/28]   24    4  14.3%
  bin  4: 3.2134 - 3.0579 [19/19]   19    0   0.0%
  bin  5: 3.0579 - 2.9287 [28/28]   26    2   7.1%
  bin  6: 2.9287 - 2.8189 [29/29]   28    1   3.4%
  bin  7: 2.8189 - 2.7239 [18/18]   18    0   0.0%
  bin  8: 2.7239 - 2.6406 [25/25]   25    0   0.0%
  bin  9: 2.6406 - 2.5666 [24/24]   24    0   0.0%
  bin 10: 2.5666 - 2.5002 [28/28]   26    2   7.1%
                          overall  232   11   4.5%

                   ----------Processing PDB file(s)----------                  

  Monomer Library directory:
    "/tmp1/m_zhen01/phenix-installer-1.10.1-2155-intel-linux-2.6-x86_64-centos5/phenix-1.10.1-2155/modules/chem_data/mon_lib"
  Total number of atoms: 40
  Number of models: 1
  Model: ""
    Number of chains: 1
    Chain: "A"
      Number of atoms: 40
      Number of conformers: 1
      Conformer: ""
        Number of residues, atoms: 3, 40
          Classifications: {'peptide': 3}
          Modifications used: {'NH2NOTPRO': 1, 'COOH': 1}
          Link IDs: {'TRANS': 2}
  Time building chain proxies: 0.10, per 1000 atoms: 2.50
  Number of scatterers: 40
  At special positions: 0
  Unit cell: (12.325, 10.728, 17.485, 90, 90, 90)
  Space group: P 1 (No. 1)
  Number of sites at special positions: 0
  Number of scattering types: 4
    Type Number    sf(0)
     O       4      8.00
     N       3      7.00
     C      14      6.00
     H      19      1.00
    sf(0) = scattering factor at diffraction angle 0.

  Number of disulfides: simple=0, symmetry=0

  Automatic linking
    Parameters for automatic linking
      Linking & cutoffs
        Metal                : False - 3.50
        Amimo acid           : False - 1.90
        Carbohydrate         : True  - 1.99
        Ligands              : True  - 1.99
        Amino acid - RNA/DNA : False
      
  Number of custom bonds: simple=0, symmetry=0
  Time building additional restraints: 0.03
  Conformation dependent library (CDL) restraints added in 4.0 milliseconds
  
  Adding C-beta torsion restraints...
  Number of C-beta restraints generated:  4
  Time building geometry restraints manager: 0.04 seconds

  NOTE: a complete listing of the restraints can be obtained by requesting
        output of .geo file.

  Histogram of bond lengths:
        0.83 -     0.98: 15
        0.98 -     1.12: 4
        1.12 -     1.26: 3
        1.26 -     1.40: 7
        1.40 -     1.54: 11
  Bond restraints: 40
  Sorted by residual:
  bond pdb=" CA  GLY A   1 "
       pdb=" N   GLY A   1 "
    ideal  model  delta    sigma   weight residual
    1.451  1.492 -0.041 1.60e-02 3.91e+03 6.64e+00
  bond pdb=" OXT ALA A   3 "
       pdb=" HXT ALA A   3 "
    ideal  model  delta    sigma   weight residual
    0.948  0.988 -0.040 2.00e-02 2.50e+03 3.98e+00
  bond pdb=" CA  ALA A   3 "
       pdb=" N   ALA A   3 "
    ideal  model  delta    sigma   weight residual
    1.458  1.422  0.036 1.90e-02 2.77e+03 3.63e+00
  bond pdb=" CE2 PHE A   2 "
       pdb=" HE2 PHE A   2 "
    ideal  model  delta    sigma   weight residual
    0.930  0.967 -0.037 2.00e-02 2.50e+03 3.37e+00
  bond pdb=" N   GLY A   1 "
       pdb=" H2  GLY A   1 "
    ideal  model  delta    sigma   weight residual
    0.960  0.923  0.037 2.00e-02 2.50e+03 3.37e+00
  ... (remaining 35 not shown)

  Histogram of bond angle deviations from ideal:
      102.78 -   107.54: 11
      107.54 -   112.30: 18
      112.30 -   117.07: 8
      117.07 -   121.83: 23
      121.83 -   126.59: 6
  Bond angle restraints: 66
  Sorted by residual:
  angle pdb=" HB1 PHE A   2 "
        pdb=" CB  PHE A   2 "
        pdb=" CA  PHE A   2 "
      ideal   model   delta    sigma   weight residual
     109.00  114.57   -5.57 3.00e+00 1.11e-01 3.45e+00
  angle pdb=" CG  PHE A   2 "
        pdb=" CB  PHE A   2 "
        pdb=" CA  PHE A   2 "
      ideal   model   delta    sigma   weight residual
     113.80  112.04    1.76 1.00e+00 1.00e+00 3.10e+00
  angle pdb=" HB1 PHE A   2 "
        pdb=" CB  PHE A   2 "
        pdb=" CG  PHE A   2 "
      ideal   model   delta    sigma   weight residual
     108.00  102.78    5.22 3.00e+00 1.11e-01 3.03e+00
  angle pdb=" CB  PHE A   2 "
        pdb=" CA  PHE A   2 "
        pdb=" C   PHE A   2 "
      ideal   model   delta    sigma   weight residual
     109.70  112.57   -2.87 1.81e+00 3.05e-01 2.52e+00
  angle pdb=" C   GLY A   1 "
        pdb=" N   PHE A   2 "
        pdb=" CA  PHE A   2 "
      ideal   model   delta    sigma   weight residual
     122.74  120.50    2.24 1.54e+00 4.22e-01 2.11e+00
  ... (remaining 61 not shown)

  Histogram of dihedral angle deviations from ideal:
        0.26 -    34.85: 15
       34.85 -    69.44: 0
       69.44 -   104.02: 0
      104.02 -   138.61: 0
      138.61 -   173.20: 1
  Dihedral angle restraints: 16
    sinusoidal: 4
      harmonic: 12
  Sorted by residual:
  dihedral pdb=" O   ALA A   3 "
           pdb=" C   ALA A   3 "
           pdb=" OXT ALA A   3 "
           pdb=" HXT ALA A   3 "
      ideal   model   delta  harmonic     sigma   weight residual
       0.00  173.20 -173.20     0      3.00e+01 1.11e-03 3.33e+01
  dihedral pdb=" CA  GLY A   1 "
           pdb=" C   GLY A   1 "
           pdb=" N   PHE A   2 "
           pdb=" CA  PHE A   2 "
      ideal   model   delta  harmonic     sigma   weight residual
    -180.00 -165.23  -14.77     0      5.00e+00 4.00e-02 8.72e+00
  dihedral pdb=" CA  PHE A   2 "
           pdb=" C   PHE A   2 "
           pdb=" N   ALA A   3 "
           pdb=" CA  ALA A   3 "
      ideal   model   delta  harmonic     sigma   weight residual
     180.00  167.70   12.30     0      5.00e+00 4.00e-02 6.05e+00
  ... (remaining 13 not shown)

  Histogram of chiral volume deviations from ideal:
       0.051 -    0.063: 1
       0.063 -    0.075: 0
       0.075 -    0.087: 0
       0.087 -    0.099: 0
       0.099 -    0.111: 1
  Chirality restraints: 2
  Sorted by residual:
  chirality pdb=" CA  ALA A   3 "
            pdb=" C   ALA A   3 "
            pdb=" CB  ALA A   3 "
            pdb=" N   ALA A   3 "
    both_signs  ideal   model   delta    sigma   weight residual
      False      2.48    2.37    0.11 2.00e-01 2.50e+01 3.09e-01
  chirality pdb=" CA  PHE A   2 "
            pdb=" CB  PHE A   2 "
            pdb=" C   PHE A   2 "
            pdb=" N   PHE A   2 "
    both_signs  ideal   model   delta    sigma   weight residual
      False     -2.51   -2.46   -0.05 2.00e-01 2.50e+01 6.59e-02

  Planarity restraints: 6
  Sorted by residual:
                                 delta    sigma   weight rms_deltas residual
  plane pdb=" O   ALA A   3 "   -0.027 2.00e-02 2.50e+03   2.59e-02 8.39e+00
        pdb=" C   ALA A   3 "    0.028 2.00e-02 2.50e+03
        pdb=" OXT ALA A   3 "    0.028 2.00e-02 2.50e+03
        pdb=" HXT ALA A   3 "   -0.032 2.00e-02 2.50e+03
        pdb=" CA  ALA A   3 "    0.003 2.00e-02 2.50e+03
                                 delta    sigma   weight rms_deltas residual
  plane pdb=" C   PHE A   2 "   -0.010 2.00e-02 2.50e+03   1.99e-02 3.98e+00
        pdb=" CA  ALA A   3 "   -0.009 2.00e-02 2.50e+03
        pdb=" N   ALA A   3 "    0.034 2.00e-02 2.50e+03
        pdb=" H   ALA A   3 "   -0.015 2.00e-02 2.50e+03
                                 delta    sigma   weight rms_deltas residual
  plane pdb=" CB  PHE A   2 "    0.002 2.00e-02 2.50e+03   1.01e-02 3.05e+00
        pdb=" CG  PHE A   2 "    0.002 2.00e-02 2.50e+03
        pdb=" CD1 PHE A   2 "    0.003 2.00e-02 2.50e+03
        pdb=" HD1 PHE A   2 "   -0.020 2.00e-02 2.50e+03
        pdb=" CE1 PHE A   2 "    0.013 2.00e-02 2.50e+03
        pdb=" HE1 PHE A   2 "    0.017 2.00e-02 2.50e+03
        pdb=" CZ  PHE A   2 "   -0.013 2.00e-02 2.50e+03
        pdb=" HZ  PHE A   2 "   -0.012 2.00e-02 2.50e+03
        pdb=" CE2 PHE A   2 "   -0.001 2.00e-02 2.50e+03
        pdb=" HE2 PHE A   2 "    0.006 2.00e-02 2.50e+03
        pdb=" CD2 PHE A   2 "   -0.001 2.00e-02 2.50e+03
        pdb=" HD2 PHE A   2 "    0.003 2.00e-02 2.50e+03
  ... (remaining 3 not shown)

  Histogram of nonbonded interaction distances:
        1.94 -     2.53: 28
        2.53 -     3.12: 50
        3.12 -     3.71: 65
        3.71 -     4.30: 82
        4.30 -     4.89: 91
  Nonbonded interactions: 316
  Sorted by model distance:
  nonbonded pdb=" C   GLY A   1 "
            pdb=" H2  GLY A   1 "
     model   vdw
     1.945 2.240
  nonbonded pdb=" HA2 GLY A   1 "
            pdb=" H2  GLY A   1 "
     model   vdw
     1.997 1.816
  nonbonded pdb=" O   GLY A   1 "
            pdb=" H2  GLY A   1 "
     model   vdw
     1.999 1.970
  nonbonded pdb=" HB1 ALA A   3 "
            pdb=" HA  ALA A   3 "
     model   vdw
     2.173 1.952
  nonbonded pdb=" HXT ALA A   3 "
            pdb=" HA  ALA A   3 "
     model   vdw
     2.205 2.270
  ... (remaining 311 not shown)

  NOTE: a complete listing of the restraints can be obtained by requesting
        output of .geo file.

                   ----------xray_structure summary----------                  

Number of scattering types: 4
  Type Number    sf(0)   Gaussians
   O       4      7.97       2
   N       3      6.97       2
   C      14      5.97       2
   H      19      1.00       2
  sf(0) = scattering factor at diffraction angle 0.
Number of scatterers: 40
At special positions: 0
Unit cell: (12.325, 10.728, 17.485, 90, 90, 90)
Space group: P 1 (No. 1)

End of input processing
r_work=0.5797 r_free=0.5699
params.data_weight: None
params.restraints: cctbx
rmsd(b), start:  0.0874
mc:   0 R: 0.2341 rmsd(b):  0.0901 restraint_scale:  2.0 min_steps: 52
mc:   1 R: 0.0463 rmsd(b):  0.0225 restraint_scale:  2.0 min_steps: 49
mc:   2 R: 0.0202 rmsd(b):  0.0249 restraint_scale:  2.0 min_steps: 23
mc:   3 R: 0.0141 rmsd(b):  0.0323 restraint_scale:  4.0 min_steps: 20
mc:   4 R: 0.0101 rmsd(b):  0.0423 restraint_scale:  8.0 min_steps: 38
mc:   5 R: 0.0121 rmsd(b):  0.0311 restraint_scale: 16.0 min_steps: 14
mc:   6 R: 0.0153 rmsd(b):  0.0235 restraint_scale: 16.0 min_steps: 17
mc:   7 R: 0.0153 rmsd(b):  0.0234 restraint_scale: 16.0 min_steps: 6
Convergence reached, stop now.
see the result structure:  ./p26/04_results/refine_cctbx/237_GFA07-new/1.2/7.pdb
Time: 7.9275
