phenix.python
you are importing  adaptive calculator, and it does nothing. Please give it energy, force....... 

============================== Collecting inputs ==============================


                   ----------Processing X-ray data----------                   

F-obs:
  /scratch/m_zhen01/31011.lupus.uni-muenster.de/p26/02_mtz/244_GFA12-new.mtz:F-obs
Miller array info: None
Observation type: xray.amplitude
Type of data: double, size=245
Type of sigmas: None
Number of Miller indices: 245
Anomalous flag: False
Unit cell: (17.316, 12.287, 11.138, 90, 90, 90)
Space group: P 1 (No. 1)
Systematic absences: 0
Centric reflections: 0
Resolution range: 3.9857 2.50516
Completeness in resolution range: 1
Completeness with d_max=infinity: 0.76087

Number of F-obs in resolution range:                   245
Number of F-obs<0 (these reflections will be rejected): 0
Number of F-obs=0 (these reflections will be used in refinement): 0
Refinement resolution range: d_max =   3.9857
                             d_min =   2.5052

R-free flags:
  /scratch/m_zhen01/31011.lupus.uni-muenster.de/p26/02_mtz/244_GFA12-new.mtz:R-free-flags
Miller array info: /scratch/m_zhen01/31011.lupus.uni-muenster.de/p26/02_mtz/244_GFA12-new.mtz:R-free-flags
Observation type: None
Type of data: int, size=245
Type of sigmas: None
Number of Miller indices: 245
Anomalous flag: False
Unit cell: (17.316, 12.287, 11.138, 90, 90, 90)
Space group: P 1 (No. 1)
Systematic absences: 0
Centric reflections: 0
Resolution range: 3.9857 2.50516
Completeness in resolution range: 1
Completeness with d_max=infinity: 0.76087
Wavelength: 1.0000

Test (R-free flags) flag value: 1

Number of work/free reflections by resolution:
                                  work free  %free
  bin  1: 3.9857 - 3.6494 [27/27]   23    4  14.8%
  bin  2: 3.6494 - 3.4039 [19/19]   17    2  10.5%
  bin  3: 3.4039 - 3.2134 [28/28]   28    0   0.0%
  bin  4: 3.2134 - 3.0595 [21/21]   19    2   9.5%
  bin  5: 3.0595 - 2.9314 [22/22]   22    0   0.0%
  bin  6: 2.9314 - 2.8223 [23/23]   19    4  17.4%
  bin  7: 2.8223 - 2.7279 [23/23]   23    0   0.0%
  bin  8: 2.7279 - 2.6450 [28/28]   28    0   0.0%
  bin  9: 2.6450 - 2.5713 [24/24]   24    0   0.0%
  bin 10: 2.5713 - 2.5052 [30/30]   28    2   6.7%
                          overall  231   14   5.7%

                   ----------Processing PDB file(s)----------                  

  Monomer Library directory:
    "/tmp1/m_zhen01/phenix-installer-1.10.1-2155-intel-linux-2.6-x86_64-centos5/phenix-1.10.1-2155/modules/chem_data/mon_lib"
  Total number of atoms: 40
  Number of models: 1
  Model: ""
    Number of chains: 1
    Chain: "A"
      Number of atoms: 40
      Number of conformers: 1
      Conformer: ""
        Number of residues, atoms: 3, 40
          Classifications: {'peptide': 3}
          Modifications used: {'NH2NOTPRO': 1, 'COOH': 1}
          Link IDs: {'TRANS': 2}
  Time building chain proxies: 0.09, per 1000 atoms: 2.25
  Number of scatterers: 40
  At special positions: 0
  Unit cell: (17.316, 12.287, 11.138, 90, 90, 90)
  Space group: P 1 (No. 1)
  Number of sites at special positions: 0
  Number of scattering types: 4
    Type Number    sf(0)
     O       4      8.00
     N       3      7.00
     C      14      6.00
     H      19      1.00
    sf(0) = scattering factor at diffraction angle 0.

  Number of disulfides: simple=0, symmetry=0

  Automatic linking
    Parameters for automatic linking
      Linking & cutoffs
        Metal                : False - 3.50
        Amimo acid           : False - 1.90
        Carbohydrate         : True  - 1.99
        Ligands              : True  - 1.99
        Amino acid - RNA/DNA : False
      
  Number of custom bonds: simple=0, symmetry=0
  Time building additional restraints: 0.03
  Conformation dependent library (CDL) restraints added in 3.8 milliseconds
  
  Adding C-beta torsion restraints...
  Number of C-beta restraints generated:  4
  Time building geometry restraints manager: 0.03 seconds

  NOTE: a complete listing of the restraints can be obtained by requesting
        output of .geo file.

  Histogram of bond lengths:
        0.85 -     0.99: 15
        0.99 -     1.12: 4
        1.12 -     1.26: 3
        1.26 -     1.40: 9
        1.40 -     1.53: 9
  Bond restraints: 40
  Sorted by residual:
  bond pdb=" CB  PHE A   2 "
       pdb=" CA  PHE A   2 "
    ideal  model  delta    sigma   weight residual
    1.530  1.486  0.044 1.69e-02 3.50e+03 6.93e+00
  bond pdb=" CE2 PHE A   2 "
       pdb=" CD2 PHE A   2 "
    ideal  model  delta    sigma   weight residual
    1.382  1.309  0.073 3.00e-02 1.11e+03 5.91e+00
  bond pdb=" N   GLY A   1 "
       pdb=" H2  GLY A   1 "
    ideal  model  delta    sigma   weight residual
    0.960  1.005 -0.045 2.00e-02 2.50e+03 5.08e+00
  bond pdb=" CA  GLY A   1 "
       pdb=" HA1 GLY A   1 "
    ideal  model  delta    sigma   weight residual
    0.970  1.014 -0.044 2.00e-02 2.50e+03 4.78e+00
  bond pdb=" CD1 PHE A   2 "
       pdb=" CE1 PHE A   2 "
    ideal  model  delta    sigma   weight residual
    1.382  1.321  0.061 3.00e-02 1.11e+03 4.13e+00
  ... (remaining 35 not shown)

  Histogram of bond angle deviations from ideal:
      103.42 -   108.24: 8
      108.24 -   113.05: 26
      113.05 -   117.87: 3
      117.87 -   122.69: 23
      122.69 -   127.51: 6
  Bond angle restraints: 66
  Sorted by residual:
  angle pdb=" HB1 PHE A   2 "
        pdb=" CB  PHE A   2 "
        pdb=" HB2 PHE A   2 "
      ideal   model   delta    sigma   weight residual
     110.00  103.42    6.58 3.00e+00 1.11e-01 4.81e+00
  angle pdb=" O   ALA A   3 "
        pdb=" C   ALA A   3 "
        pdb=" CA  ALA A   3 "
      ideal   model   delta    sigma   weight residual
     118.60  112.30    6.30 3.00e+00 1.11e-01 4.42e+00
  angle pdb=" HA  ALA A   3 "
        pdb=" CA  ALA A   3 "
        pdb=" N   ALA A   3 "
      ideal   model   delta    sigma   weight residual
     110.00  103.76    6.24 3.00e+00 1.11e-01 4.33e+00
  angle pdb=" OXT ALA A   3 "
        pdb=" C   ALA A   3 "
        pdb=" CA  ALA A   3 "
      ideal   model   delta    sigma   weight residual
     118.60  124.16   -5.56 3.00e+00 1.11e-01 3.43e+00
  angle pdb=" C   GLY A   1 "
        pdb=" N   PHE A   2 "
        pdb=" CA  PHE A   2 "
      ideal   model   delta    sigma   weight residual
     121.54  124.99   -3.45 1.91e+00 2.74e-01 3.27e+00
  ... (remaining 61 not shown)

  Histogram of dihedral angle deviations from ideal:
        0.16 -    35.48: 14
       35.48 -    70.81: 0
       70.81 -   106.13: 1
      106.13 -   141.45: 0
      141.45 -   176.78: 1
  Dihedral angle restraints: 16
    sinusoidal: 4
      harmonic: 12
  Sorted by residual:
  dihedral pdb=" O   ALA A   3 "
           pdb=" C   ALA A   3 "
           pdb=" OXT ALA A   3 "
           pdb=" HXT ALA A   3 "
      ideal   model   delta  harmonic     sigma   weight residual
       0.00 -176.78  176.78     0      3.00e+01 1.11e-03 3.47e+01
  dihedral pdb=" CA  GLY A   1 "
           pdb=" C   GLY A   1 "
           pdb=" N   PHE A   2 "
           pdb=" CA  PHE A   2 "
      ideal   model   delta  harmonic     sigma   weight residual
    -180.00 -164.23  -15.77     0      5.00e+00 4.00e-02 9.95e+00
  dihedral pdb=" OXT ALA A   3 "
           pdb=" C   ALA A   3 "
           pdb=" CA  ALA A   3 "
           pdb=" N   ALA A   3 "
      ideal   model   delta sinusoidal    sigma   weight residual
     160.00   70.94   89.06     2      3.00e+01 1.11e-03 5.33e+00
  ... (remaining 13 not shown)

  Histogram of chiral volume deviations from ideal:
       0.011 -    0.015: 1
       0.015 -    0.019: 0
       0.019 -    0.023: 0
       0.023 -    0.026: 0
       0.026 -    0.030: 1
  Chirality restraints: 2
  Sorted by residual:
  chirality pdb=" CA  PHE A   2 "
            pdb=" CB  PHE A   2 "
            pdb=" C   PHE A   2 "
            pdb=" N   PHE A   2 "
    both_signs  ideal   model   delta    sigma   weight residual
      False     -2.51   -2.54    0.03 2.00e-01 2.50e+01 2.29e-02
  chirality pdb=" CA  ALA A   3 "
            pdb=" C   ALA A   3 "
            pdb=" CB  ALA A   3 "
            pdb=" N   ALA A   3 "
    both_signs  ideal   model   delta    sigma   weight residual
      False      2.48    2.47    0.01 2.00e-01 2.50e+01 3.04e-03

  Planarity restraints: 6
  Sorted by residual:
                                 delta    sigma   weight rms_deltas residual
  plane pdb=" C   GLY A   1 "    0.031 2.00e-02 2.50e+03   1.82e-02 3.31e+00
        pdb=" O   GLY A   1 "   -0.012 2.00e-02 2.50e+03
        pdb=" CA  GLY A   1 "   -0.009 2.00e-02 2.50e+03
        pdb=" N   PHE A   2 "   -0.011 2.00e-02 2.50e+03
                                 delta    sigma   weight rms_deltas residual
  plane pdb=" O   ALA A   3 "    0.012 2.00e-02 2.50e+03   1.20e-02 1.79e+00
        pdb=" C   ALA A   3 "   -0.012 2.00e-02 2.50e+03
        pdb=" OXT ALA A   3 "   -0.014 2.00e-02 2.50e+03
        pdb=" HXT ALA A   3 "    0.015 2.00e-02 2.50e+03
        pdb=" CA  ALA A   3 "   -0.002 2.00e-02 2.50e+03
                                 delta    sigma   weight rms_deltas residual
  plane pdb=" CB  PHE A   2 "    0.015 2.00e-02 2.50e+03   7.23e-03 1.57e+00
        pdb=" CG  PHE A   2 "   -0.004 2.00e-02 2.50e+03
        pdb=" CD1 PHE A   2 "   -0.003 2.00e-02 2.50e+03
        pdb=" HD1 PHE A   2 "   -0.009 2.00e-02 2.50e+03
        pdb=" CE1 PHE A   2 "   -0.003 2.00e-02 2.50e+03
        pdb=" HE1 PHE A   2 "    0.008 2.00e-02 2.50e+03
        pdb=" CZ  PHE A   2 "    0.007 2.00e-02 2.50e+03
        pdb=" HZ  PHE A   2 "   -0.004 2.00e-02 2.50e+03
        pdb=" CE2 PHE A   2 "   -0.004 2.00e-02 2.50e+03
        pdb=" HE2 PHE A   2 "    0.008 2.00e-02 2.50e+03
        pdb=" CD2 PHE A   2 "   -0.004 2.00e-02 2.50e+03
        pdb=" HD2 PHE A   2 "   -0.007 2.00e-02 2.50e+03
  ... (remaining 3 not shown)

  Histogram of nonbonded interaction distances:
        1.89 -     2.49: 25
        2.49 -     3.10: 67
        3.10 -     3.70: 64
        3.70 -     4.30: 65
        4.30 -     4.90: 96
  Nonbonded interactions: 317
  Sorted by model distance:
  nonbonded pdb=" O   GLY A   1 "
            pdb=" H   ALA A   3 "
     model   vdw
     1.892 1.970
  nonbonded pdb=" O   PHE A   2 "
            pdb=" HXT ALA A   3 "
     model   vdw
     2.011 1.970
  nonbonded pdb=" HA  PHE A   2 "
            pdb=" H   PHE A   2 "
     model   vdw
     2.126 1.816
  nonbonded pdb=" HA2 GLY A   1 "
            pdb=" H1  GLY A   1 "
     model   vdw
     2.200 1.816
  nonbonded pdb=" HE2 PHE A   2 "
            pdb=" HD2 PHE A   2 "
     model   vdw
     2.229 1.680
  ... (remaining 312 not shown)

  NOTE: a complete listing of the restraints can be obtained by requesting
        output of .geo file.

                   ----------xray_structure summary----------                  

Number of scattering types: 4
  Type Number    sf(0)   Gaussians
   O       4      7.97       2
   N       3      6.97       2
   C      14      5.97       2
   H      19      1.00       2
  sf(0) = scattering factor at diffraction angle 0.
Number of scatterers: 40
At special positions: 0
Unit cell: (17.316, 12.287, 11.138, 90, 90, 90)
Space group: P 1 (No. 1)

End of input processing
r_work=0.2157 r_free=0.2783
params.data_weight: None
params.restraints: qm
rmsd(b), start:  0.0851
mc:   0 R: 0.0548 rmsd(b):  0.0360 restraint_scale:  2.0 min_steps: 36
mc:   1 R: 0.0068 rmsd(b):  0.0253 restraint_scale:  2.0 min_steps: 26
mc:   2 R: 0.0055 rmsd(b):  0.0267 restraint_scale:  2.0 min_steps: 5
mc:   3 R: 0.0042 rmsd(b):  0.0284 restraint_scale:  2.0 min_steps: 9
Convergence reached, stop now.
see the result structure:  ./p26/04_results/refine_qm/244_GFA12-new/0.3/1.pdb
Time: 138.9091
