phenix.python
you are importing  adaptive calculator, and it does nothing. Please give it energy, force....... 

============================== Collecting inputs ==============================


                   ----------Processing X-ray data----------                   

F-obs:
  /scratch/m_zhen01/30993.lupus.uni-muenster.de/p26/02_mtz/213_WGG15-new.mtz:F-obs
Miller array info: None
Observation type: xray.amplitude
Type of data: double, size=215
Type of sigmas: None
Number of Miller indices: 215
Anomalous flag: False
Unit cell: (15.336, 14.208, 10.255, 90, 90, 90)
Space group: P 1 (No. 1)
Systematic absences: 0
Centric reflections: 0
Resolution range: 3.84643 2.5113
Completeness in resolution range: 1
Completeness with d_max=infinity: 0.728814

Number of F-obs in resolution range:                   215
Number of F-obs<0 (these reflections will be rejected): 0
Number of F-obs=0 (these reflections will be used in refinement): 0
Refinement resolution range: d_max =   3.8464
                             d_min =   2.5113

R-free flags:
  /scratch/m_zhen01/30993.lupus.uni-muenster.de/p26/02_mtz/213_WGG15-new.mtz:R-free-flags
Miller array info: /scratch/m_zhen01/30993.lupus.uni-muenster.de/p26/02_mtz/213_WGG15-new.mtz:R-free-flags
Observation type: None
Type of data: int, size=215
Type of sigmas: None
Number of Miller indices: 215
Anomalous flag: False
Unit cell: (15.336, 14.208, 10.255, 90, 90, 90)
Space group: P 1 (No. 1)
Systematic absences: 0
Centric reflections: 0
Resolution range: 3.84643 2.5113
Completeness in resolution range: 1
Completeness with d_max=infinity: 0.728814
Wavelength: 1.0000

Test (R-free flags) flag value: 1

Number of work/free reflections by resolution:
                                  work free  %free
  bin  1: 3.8464 - 3.5619 [19/19]   18    1   5.3%
  bin  2: 3.5619 - 3.3464 [24/24]   23    1   4.2%
  bin  3: 3.3464 - 3.1751 [26/26]   26    0   0.0%
  bin  4: 3.1751 - 3.0342 [19/19]   19    0   0.0%
  bin  5: 3.0342 - 2.9154 [18/18]   16    2  11.1%
  bin  6: 2.9154 - 2.8133 [29/29]   29    0   0.0%
  bin  7: 2.8133 - 2.7241 [22/22]   20    2   9.1%
  bin  8: 2.7241 - 2.6452 [10/10]   10    0   0.0%
  bin  9: 2.6452 - 2.5748 [24/24]   24    0   0.0%
  bin 10: 2.5748 - 2.5113 [24/24]   23    1   4.2%
                          overall  208    7   3.3%

                   ----------Processing PDB file(s)----------                  

  Monomer Library directory:
    "/tmp1/m_zhen01/phenix-installer-1.10.1-2155-intel-linux-2.6-x86_64-centos5/phenix-1.10.1-2155/modules/chem_data/mon_lib"
  Total number of atoms: 41
  Number of models: 1
  Model: ""
    Number of chains: 1
    Chain: "A"
      Number of atoms: 41
      Number of conformers: 1
      Conformer: ""
        Number of residues, atoms: 3, 41
          Classifications: {'peptide': 3}
          Modifications used: {'NH2NOTPRO': 1, 'COOH': 1}
          Link IDs: {'TRANS': 2}
  Time building chain proxies: 0.08, per 1000 atoms: 1.95
  Number of scatterers: 41
  At special positions: 0
  Unit cell: (15.336, 14.208, 10.255, 90, 90, 90)
  Space group: P 1 (No. 1)
  Number of sites at special positions: 0
  Number of scattering types: 4
    Type Number    sf(0)
     O       4      8.00
     N       4      7.00
     C      15      6.00
     H      18      1.00
    sf(0) = scattering factor at diffraction angle 0.

  Number of disulfides: simple=0, symmetry=0

  Automatic linking
    Parameters for automatic linking
      Linking & cutoffs
        Metal                : False - 3.50
        Amimo acid           : False - 1.90
        Carbohydrate         : True  - 1.99
        Ligands              : True  - 1.99
        Amino acid - RNA/DNA : False
      
  Number of custom bonds: simple=0, symmetry=0
  Time building additional restraints: 0.02
  Conformation dependent library (CDL) restraints added in 2.4 milliseconds
  
  Adding C-beta torsion restraints...
  Number of C-beta restraints generated:  2
  Time building geometry restraints manager: 0.03 seconds

  NOTE: a complete listing of the restraints can be obtained by requesting
        output of .geo file.

  Histogram of bond lengths:
        0.88 -     1.01: 18
        1.01 -     1.15: 0
        1.15 -     1.28: 3
        1.28 -     1.41: 10
        1.41 -     1.55: 11
  Bond restraints: 42
  Sorted by residual:
  bond pdb=" N   TRP A   1 "
       pdb=" H1  TRP A   1 "
    ideal  model  delta    sigma   weight residual
    0.960  0.903  0.057 2.00e-02 2.50e+03 8.15e+00
  bond pdb=" N   GLY A   3 "
       pdb=" H   GLY A   3 "
    ideal  model  delta    sigma   weight residual
    0.860  0.903 -0.043 2.00e-02 2.50e+03 4.57e+00
  bond pdb=" CA  GLY A   2 "
       pdb=" HA2 GLY A   2 "
    ideal  model  delta    sigma   weight residual
    0.970  1.008 -0.038 2.00e-02 2.50e+03 3.65e+00
  bond pdb=" CB  TRP A   1 "
       pdb=" HB2 TRP A   1 "
    ideal  model  delta    sigma   weight residual
    0.970  0.935  0.035 2.00e-02 2.50e+03 3.06e+00
  bond pdb=" CA  TRP A   1 "
       pdb=" N   TRP A   1 "
    ideal  model  delta    sigma   weight residual
    1.458  1.490 -0.032 1.90e-02 2.77e+03 2.92e+00
  ... (remaining 37 not shown)

  Histogram of bond angle deviations from ideal:
      103.25 -   109.23: 17
      109.23 -   115.22: 15
      115.22 -   121.20: 20
      121.20 -   127.18: 14
      127.18 -   133.16: 3
  Bond angle restraints: 69
  Sorted by residual:
  angle pdb=" HB1 TRP A   1 "
        pdb=" CB  TRP A   1 "
        pdb=" HB2 TRP A   1 "
      ideal   model   delta    sigma   weight residual
     110.00  103.25    6.75 3.00e+00 1.11e-01 5.06e+00
  angle pdb=" C   TRP A   1 "
        pdb=" CA  TRP A   1 "
        pdb=" N   TRP A   1 "
      ideal   model   delta    sigma   weight residual
     111.00  116.19   -5.19 2.80e+00 1.28e-01 3.43e+00
  angle pdb=" C   TRP A   1 "
        pdb=" CA  TRP A   1 "
        pdb=" CB  TRP A   1 "
      ideal   model   delta    sigma   weight residual
     110.10  106.81    3.29 1.90e+00 2.77e-01 3.00e+00
  angle pdb=" HA  TRP A   1 "
        pdb=" CA  TRP A   1 "
        pdb=" CB  TRP A   1 "
      ideal   model   delta    sigma   weight residual
     109.00  104.22    4.78 3.00e+00 1.11e-01 2.54e+00
  angle pdb=" CA  TRP A   1 "
        pdb=" CB  TRP A   1 "
        pdb=" CG  TRP A   1 "
      ideal   model   delta    sigma   weight residual
     113.60  116.58   -2.98 1.90e+00 2.77e-01 2.46e+00
  ... (remaining 64 not shown)

  Histogram of dihedral angle deviations from ideal:
        0.35 -    36.25: 13
       36.25 -    72.15: 0
       72.15 -   108.06: 0
      108.06 -   143.96: 0
      143.96 -   179.86: 1
  Dihedral angle restraints: 14
    sinusoidal: 3
      harmonic: 11
  Sorted by residual:
  dihedral pdb=" O   GLY A   3 "
           pdb=" C   GLY A   3 "
           pdb=" OXT GLY A   3 "
           pdb=" HXT GLY A   3 "
      ideal   model   delta  harmonic     sigma   weight residual
       0.00  179.86 -179.86     0      3.00e+01 1.11e-03 3.59e+01
  dihedral pdb=" CA  TRP A   1 "
           pdb=" C   TRP A   1 "
           pdb=" N   GLY A   2 "
           pdb=" CA  GLY A   2 "
      ideal   model   delta  harmonic     sigma   weight residual
    -180.00 -174.64   -5.36     0      5.00e+00 4.00e-02 1.15e+00
  dihedral pdb=" CA  GLY A   2 "
           pdb=" C   GLY A   2 "
           pdb=" N   GLY A   3 "
           pdb=" CA  GLY A   3 "
      ideal   model   delta  harmonic     sigma   weight residual
     180.00  176.16    3.84     0      5.00e+00 4.00e-02 5.91e-01
  ... (remaining 11 not shown)

  Histogram of chiral volume deviations from ideal:
       0.017 -    0.017: 1
       0.017 -    0.017: 0
       0.017 -    0.017: 0
       0.017 -    0.017: 0
       0.017 -    0.017: 0
  Chirality restraints: 1
  Sorted by residual:
  chirality pdb=" CA  TRP A   1 "
            pdb=" C   TRP A   1 "
            pdb=" N   TRP A   1 "
            pdb=" CB  TRP A   1 "
    both_signs  ideal   model   delta    sigma   weight residual
      False     -2.51   -2.53    0.02 2.00e-01 2.50e+01 7.41e-03

  Planarity restraints: 6
  Sorted by residual:
                                 delta    sigma   weight rms_deltas residual
  plane pdb=" CB  TRP A   1 "   -0.003 2.00e-02 2.50e+03   9.57e-03 3.66e+00
        pdb=" CG  TRP A   1 "   -0.016 2.00e-02 2.50e+03
        pdb=" CD1 TRP A   1 "    0.001 2.00e-02 2.50e+03
        pdb=" HD1 TRP A   1 "    0.011 2.00e-02 2.50e+03
        pdb=" NE1 TRP A   1 "    0.000 2.00e-02 2.50e+03
        pdb=" HE1 TRP A   1 "    0.005 2.00e-02 2.50e+03
        pdb=" CE2 TRP A   1 "    0.009 2.00e-02 2.50e+03
        pdb=" CZ2 TRP A   1 "    0.011 2.00e-02 2.50e+03
        pdb=" HZ2 TRP A   1 "   -0.020 2.00e-02 2.50e+03
        pdb=" CH2 TRP A   1 "    0.009 2.00e-02 2.50e+03
        pdb=" HH2 TRP A   1 "   -0.006 2.00e-02 2.50e+03
        pdb=" CZ3 TRP A   1 "   -0.010 2.00e-02 2.50e+03
        pdb=" HZ3 TRP A   1 "    0.012 2.00e-02 2.50e+03
        pdb=" CE3 TRP A   1 "    0.005 2.00e-02 2.50e+03
        pdb=" HE3 TRP A   1 "    0.001 2.00e-02 2.50e+03
        pdb=" CD2 TRP A   1 "   -0.008 2.00e-02 2.50e+03
                                 delta    sigma   weight rms_deltas residual
  plane pdb=" C   GLY A   2 "   -0.009 2.00e-02 2.50e+03   1.67e-02 2.78e+00
        pdb=" CA  GLY A   3 "   -0.007 2.00e-02 2.50e+03
        pdb=" N   GLY A   3 "    0.029 2.00e-02 2.50e+03
        pdb=" H   GLY A   3 "   -0.012 2.00e-02 2.50e+03
                                 delta    sigma   weight rms_deltas residual
  plane pdb=" C   GLY A   2 "    0.017 2.00e-02 2.50e+03   1.00e-02 1.00e+00
        pdb=" O   GLY A   2 "   -0.007 2.00e-02 2.50e+03
        pdb=" CA  GLY A   2 "   -0.005 2.00e-02 2.50e+03
        pdb=" N   GLY A   3 "   -0.006 2.00e-02 2.50e+03
  ... (remaining 3 not shown)

  Histogram of nonbonded interaction distances:
        2.17 -     2.72: 38
        2.72 -     3.26: 62
        3.26 -     3.80: 58
        3.80 -     4.35: 59
        4.35 -     4.89: 77
  Nonbonded interactions: 294
  Sorted by model distance:
  nonbonded pdb=" HA2 GLY A   3 "
            pdb=" H   GLY A   3 "
     model   vdw
     2.173 1.816
  nonbonded pdb=" HA  TRP A   1 "
            pdb=" H1  TRP A   1 "
     model   vdw
     2.179 1.816
  nonbonded pdb=" HA2 GLY A   2 "
            pdb=" H   GLY A   3 "
     model   vdw
     2.222 2.270
  nonbonded pdb=" HB1 TRP A   1 "
            pdb=" H   GLY A   2 "
     model   vdw
     2.277 2.270
  nonbonded pdb=" HZ2 TRP A   1 "
            pdb=" HH2 TRP A   1 "
     model   vdw
     2.277 1.680
  ... (remaining 289 not shown)

  NOTE: a complete listing of the restraints can be obtained by requesting
        output of .geo file.

                   ----------xray_structure summary----------                  

Number of scattering types: 4
  Type Number    sf(0)   Gaussians
   O       4      7.97       2
   N       4      6.97       2
   C      15      5.97       2
   H      18      1.00       2
  sf(0) = scattering factor at diffraction angle 0.
Number of scatterers: 41
At special positions: 0
Unit cell: (15.336, 14.208, 10.255, 90, 90, 90)
Space group: P 1 (No. 1)

End of input processing
r_work=0.5665 r_free=0.3824
params.data_weight: 0.0
params.restraints: cctbx
rmsd(b), start:  0.0801
mc:   0 R: 0.5626 rmsd(b):  0.0016 restraint_scale:  1.0 min_steps: 54
mc:   1 R: 0.5613 rmsd(b):  0.0012 restraint_scale:  1.0 min_steps: 55
mc:   2 R: 0.5583 rmsd(b):  0.0005 restraint_scale:  1.0 min_steps: 55
mc:   3 R: 0.5580 rmsd(b):  0.0007 restraint_scale:  1.0 min_steps: 56
mc:   4 R: 0.5552 rmsd(b):  0.0005 restraint_scale:  1.0 min_steps: 54
mc:   5 R: 0.5550 rmsd(b):  0.0005 restraint_scale:  1.0 min_steps: 56
mc:   6 R: 0.5525 rmsd(b):  0.0004 restraint_scale:  1.0 min_steps: 54
mc:   7 R: 0.5515 rmsd(b):  0.0005 restraint_scale:  1.0 min_steps: 55
mc:   8 R: 0.5499 rmsd(b):  0.0004 restraint_scale:  1.0 min_steps: 53
mc:   9 R: 0.5464 rmsd(b):  0.0003 restraint_scale:  1.0 min_steps: 56
mc:  10 R: 0.5468 rmsd(b):  0.0004 restraint_scale:  1.0 min_steps: 53
Convergence reached, stop now.
see the result structure:  ./p26/04_results/opt_cctbx/213_WGG15-new/1.2/1.pdb
Time: 7.0427
