phenix.python
you are importing  adaptive calculator, and it does nothing. Please give it energy, force....... 

============================== Collecting inputs ==============================


                   ----------Processing X-ray data----------                   

F-obs:
  /scratch/m_zhen01/30993.lupus.uni-muenster.de/p26/02_mtz/207_WGG08-new.mtz:F-obs
Miller array info: None
Observation type: xray.amplitude
Type of data: double, size=218
Type of sigmas: None
Number of Miller indices: 218
Anomalous flag: False
Unit cell: (13.023, 14.053, 11.967, 90, 90, 90)
Space group: P 1 (No. 1)
Systematic absences: 0
Centric reflections: 0
Resolution range: 3.989 2.50428
Completeness in resolution range: 1
Completeness with d_max=infinity: 0.751724

Number of F-obs in resolution range:                   218
Number of F-obs<0 (these reflections will be rejected): 0
Number of F-obs=0 (these reflections will be used in refinement): 0
Refinement resolution range: d_max =   3.9890
                             d_min =   2.5043

R-free flags:
  /scratch/m_zhen01/30993.lupus.uni-muenster.de/p26/02_mtz/207_WGG08-new.mtz:R-free-flags
Miller array info: /scratch/m_zhen01/30993.lupus.uni-muenster.de/p26/02_mtz/207_WGG08-new.mtz:R-free-flags
Observation type: None
Type of data: int, size=218
Type of sigmas: None
Number of Miller indices: 218
Anomalous flag: False
Unit cell: (13.023, 14.053, 11.967, 90, 90, 90)
Space group: P 1 (No. 1)
Systematic absences: 0
Centric reflections: 0
Resolution range: 3.989 2.50428
Completeness in resolution range: 1
Completeness with d_max=infinity: 0.751724
Wavelength: 1.0000

Test (R-free flags) flag value: 1

Number of work/free reflections by resolution:
                                  work free  %free
  bin  1: 3.9890 - 3.6511 [23/23]   19    4  17.4%
  bin  2: 3.6511 - 3.4047 [21/21]   21    0   0.0%
  bin  3: 3.4047 - 3.2137 [19/19]   19    0   0.0%
  bin  4: 3.2137 - 3.0594 [28/28]   28    0   0.0%
  bin  5: 3.0594 - 2.9310 [21/21]   17    4  19.0%
  bin  6: 2.9310 - 2.8218 [18/18]   14    4  22.2%
  bin  7: 2.8218 - 2.7273 [25/25]   25    0   0.0%
  bin  8: 2.7273 - 2.6442 [28/28]   24    4  14.3%
  bin  9: 2.6442 - 2.5705 [13/13]   13    0   0.0%
  bin 10: 2.5705 - 2.5043 [22/22]   18    4  18.2%
                          overall  198   20   9.2%

                   ----------Processing PDB file(s)----------                  

  Monomer Library directory:
    "/tmp1/m_zhen01/phenix-installer-1.10.1-2155-intel-linux-2.6-x86_64-centos5/phenix-1.10.1-2155/modules/chem_data/mon_lib"
  Total number of atoms: 41
  Number of models: 1
  Model: ""
    Number of chains: 1
    Chain: "A"
      Number of atoms: 41
      Number of conformers: 1
      Conformer: ""
        Number of residues, atoms: 3, 41
          Classifications: {'peptide': 3}
          Modifications used: {'NH2NOTPRO': 1, 'COOH': 1}
          Link IDs: {'TRANS': 2}
  Time building chain proxies: 0.08, per 1000 atoms: 1.95
  Number of scatterers: 41
  At special positions: 0
  Unit cell: (13.023, 14.053, 11.967, 90, 90, 90)
  Space group: P 1 (No. 1)
  Number of sites at special positions: 0
  Number of scattering types: 4
    Type Number    sf(0)
     O       4      8.00
     N       4      7.00
     C      15      6.00
     H      18      1.00
    sf(0) = scattering factor at diffraction angle 0.

  Number of disulfides: simple=0, symmetry=0

  Automatic linking
    Parameters for automatic linking
      Linking & cutoffs
        Metal                : False - 3.50
        Amimo acid           : False - 1.90
        Carbohydrate         : True  - 1.99
        Ligands              : True  - 1.99
        Amino acid - RNA/DNA : False
      
  Number of custom bonds: simple=0, symmetry=0
  Time building additional restraints: 0.03
  Conformation dependent library (CDL) restraints added in 2.9 milliseconds
  
  Adding C-beta torsion restraints...
  Number of C-beta restraints generated:  2
  Time building geometry restraints manager: 0.04 seconds

  NOTE: a complete listing of the restraints can be obtained by requesting
        output of .geo file.

  Histogram of bond lengths:
        0.85 -     0.99: 14
        0.99 -     1.13: 4
        1.13 -     1.26: 3
        1.26 -     1.40: 11
        1.40 -     1.54: 10
  Bond restraints: 42
  Sorted by residual:
  bond pdb=" N   TRP A   1 "
       pdb=" H1  TRP A   1 "
    ideal  model  delta    sigma   weight residual
    0.960  0.909  0.051 2.00e-02 2.50e+03 6.47e+00
  bond pdb=" CB  TRP A   1 "
       pdb=" HB1 TRP A   1 "
    ideal  model  delta    sigma   weight residual
    0.970  1.009 -0.039 2.00e-02 2.50e+03 3.87e+00
  bond pdb=" C   TRP A   1 "
       pdb=" N   GLY A   2 "
    ideal  model  delta    sigma   weight residual
    1.331  1.359 -0.028 1.46e-02 4.69e+03 3.78e+00
  bond pdb=" NE1 TRP A   1 "
       pdb=" HE1 TRP A   1 "
    ideal  model  delta    sigma   weight residual
    0.860  0.898 -0.038 2.00e-02 2.50e+03 3.58e+00
  bond pdb=" CH2 TRP A   1 "
       pdb=" HH2 TRP A   1 "
    ideal  model  delta    sigma   weight residual
    0.930  0.901  0.029 2.00e-02 2.50e+03 2.16e+00
  ... (remaining 37 not shown)

  Histogram of bond angle deviations from ideal:
      104.24 -   110.03: 24
      110.03 -   115.82: 10
      115.82 -   121.60: 18
      121.60 -   127.39: 14
      127.39 -   133.17: 3
  Bond angle restraints: 69
  Sorted by residual:
  angle pdb=" C   GLY A   2 "
        pdb=" CA  GLY A   2 "
        pdb=" HA1 GLY A   2 "
      ideal   model   delta    sigma   weight residual
     109.00  104.24    4.76 3.00e+00 1.11e-01 2.51e+00
  angle pdb=" CA  GLY A   3 "
        pdb=" N   GLY A   3 "
        pdb=" H   GLY A   3 "
      ideal   model   delta    sigma   weight residual
     114.00  118.42   -4.42 3.00e+00 1.11e-01 2.17e+00
  angle pdb=" C   GLY A   2 "
        pdb=" N   GLY A   3 "
        pdb=" CA  GLY A   3 "
      ideal   model   delta    sigma   weight residual
     121.70  119.06    2.64 1.80e+00 3.09e-01 2.15e+00
  angle pdb=" CG  TRP A   1 "
        pdb=" CD1 TRP A   1 "
        pdb=" NE1 TRP A   1 "
      ideal   model   delta    sigma   weight residual
     110.20  108.32    1.88 1.30e+00 5.92e-01 2.09e+00
  angle pdb=" HZ2 TRP A   1 "
        pdb=" CZ2 TRP A   1 "
        pdb=" CH2 TRP A   1 "
      ideal   model   delta    sigma   weight residual
     121.25  117.34    3.91 3.00e+00 1.11e-01 1.70e+00
  ... (remaining 64 not shown)

  Histogram of dihedral angle deviations from ideal:
        0.00 -    34.76: 12
       34.76 -    69.52: 1
       69.52 -   104.28: 0
      104.28 -   139.04: 0
      139.04 -   173.80: 1
  Dihedral angle restraints: 14
    sinusoidal: 3
      harmonic: 11
  Sorted by residual:
  dihedral pdb=" O   GLY A   3 "
           pdb=" C   GLY A   3 "
           pdb=" OXT GLY A   3 "
           pdb=" HXT GLY A   3 "
      ideal   model   delta  harmonic     sigma   weight residual
       0.00  173.80 -173.80     0      3.00e+01 1.11e-03 3.36e+01
  dihedral pdb=" OXT GLY A   3 "
           pdb=" C   GLY A   3 "
           pdb=" CA  GLY A   3 "
           pdb=" N   GLY A   3 "
      ideal   model   delta sinusoidal    sigma   weight residual
     -20.00  -66.85   46.85     2      3.00e+01 1.11e-03 2.84e+00
  dihedral pdb=" CA  TRP A   1 "
           pdb=" C   TRP A   1 "
           pdb=" N   GLY A   2 "
           pdb=" CA  GLY A   2 "
      ideal   model   delta  harmonic     sigma   weight residual
     180.00 -172.33   -7.67     0      5.00e+00 4.00e-02 2.35e+00
  ... (remaining 11 not shown)

  Histogram of chiral volume deviations from ideal:
       0.014 -    0.014: 1
       0.014 -    0.014: 0
       0.014 -    0.014: 0
       0.014 -    0.014: 0
       0.014 -    0.014: 0
  Chirality restraints: 1
  Sorted by residual:
  chirality pdb=" CA  TRP A   1 "
            pdb=" C   TRP A   1 "
            pdb=" N   TRP A   1 "
            pdb=" CB  TRP A   1 "
    both_signs  ideal   model   delta    sigma   weight residual
      False     -2.51   -2.52    0.01 2.00e-01 2.50e+01 5.19e-03

  Planarity restraints: 6
  Sorted by residual:
                                 delta    sigma   weight rms_deltas residual
  plane pdb=" CB  TRP A   1 "   -0.026 2.00e-02 2.50e+03   1.73e-02 1.20e+01
        pdb=" CG  TRP A   1 "    0.012 2.00e-02 2.50e+03
        pdb=" CD1 TRP A   1 "    0.017 2.00e-02 2.50e+03
        pdb=" HD1 TRP A   1 "   -0.009 2.00e-02 2.50e+03
        pdb=" NE1 TRP A   1 "   -0.002 2.00e-02 2.50e+03
        pdb=" HE1 TRP A   1 "   -0.007 2.00e-02 2.50e+03
        pdb=" CE2 TRP A   1 "    0.020 2.00e-02 2.50e+03
        pdb=" CZ2 TRP A   1 "    0.015 2.00e-02 2.50e+03
        pdb=" HZ2 TRP A   1 "   -0.003 2.00e-02 2.50e+03
        pdb=" CH2 TRP A   1 "   -0.042 2.00e-02 2.50e+03
        pdb=" HH2 TRP A   1 "    0.008 2.00e-02 2.50e+03
        pdb=" CZ3 TRP A   1 "   -0.024 2.00e-02 2.50e+03
        pdb=" HZ3 TRP A   1 "    0.019 2.00e-02 2.50e+03
        pdb=" CE3 TRP A   1 "    0.005 2.00e-02 2.50e+03
        pdb=" HE3 TRP A   1 "    0.012 2.00e-02 2.50e+03
        pdb=" CD2 TRP A   1 "    0.004 2.00e-02 2.50e+03
                                 delta    sigma   weight rms_deltas residual
  plane pdb=" O   GLY A   3 "    0.023 2.00e-02 2.50e+03   2.34e-02 6.85e+00
        pdb=" C   GLY A   3 "   -0.022 2.00e-02 2.50e+03
        pdb=" OXT GLY A   3 "   -0.028 2.00e-02 2.50e+03
        pdb=" HXT GLY A   3 "    0.030 2.00e-02 2.50e+03
        pdb=" CA  GLY A   3 "   -0.003 2.00e-02 2.50e+03
                                 delta    sigma   weight rms_deltas residual
  plane pdb=" C   TRP A   1 "   -0.004 2.00e-02 2.50e+03   2.56e-03 6.58e-02
        pdb=" O   TRP A   1 "    0.002 2.00e-02 2.50e+03
        pdb=" CA  TRP A   1 "    0.001 2.00e-02 2.50e+03
        pdb=" N   GLY A   2 "    0.001 2.00e-02 2.50e+03
  ... (remaining 3 not shown)

  Histogram of nonbonded interaction distances:
        1.71 -     2.34: 11
        2.34 -     2.98: 60
        2.98 -     3.62: 78
        3.62 -     4.25: 78
        4.25 -     4.89: 118
  Nonbonded interactions: 345
  Sorted by model distance:
  nonbonded pdb=" HA  TRP A   1 "
            pdb=" H2  TRP A   1 "
     model   vdw
     1.707 1.816
  nonbonded pdb=" O   GLY A   2 "
            pdb=" HXT GLY A   3 "
     model   vdw
     1.806 1.970
  nonbonded pdb=" HA1 GLY A   3 "
            pdb=" H   GLY A   3 "
     model   vdw
     2.156 1.816
  nonbonded pdb=" HA2 GLY A   2 "
            pdb=" H   GLY A   2 "
     model   vdw
     2.172 1.816
  nonbonded pdb=" HZ2 TRP A   1 "
            pdb=" HH2 TRP A   1 "
     model   vdw
     2.209 1.680
  ... (remaining 340 not shown)

  NOTE: a complete listing of the restraints can be obtained by requesting
        output of .geo file.

                   ----------xray_structure summary----------                  

Number of scattering types: 4
  Type Number    sf(0)   Gaussians
   O       4      7.97       2
   N       4      6.97       2
   C      15      5.97       2
   H      18      1.00       2
  sf(0) = scattering factor at diffraction angle 0.
Number of scatterers: 41
At special positions: 0
Unit cell: (13.023, 14.053, 11.967, 90, 90, 90)
Space group: P 1 (No. 1)

End of input processing
r_work=0.4001 r_free=0.4930
params.data_weight: 0.0
params.restraints: cctbx
rmsd(b), start:  0.0848
mc:   0 R: 0.3860 rmsd(b):  0.0006 restraint_scale:  1.0 min_steps: 57
mc:   1 R: 0.3852 rmsd(b):  0.0004 restraint_scale:  1.0 min_steps: 53
mc:   2 R: 0.3930 rmsd(b):  0.0004 restraint_scale:  1.0 min_steps: 54
mc:   3 R: 0.3943 rmsd(b):  0.0004 restraint_scale:  1.0 min_steps: 55
mc:   4 R: 0.4032 rmsd(b):  0.0004 restraint_scale:  1.0 min_steps: 52
mc:   5 R: 0.4047 rmsd(b):  0.0003 restraint_scale:  1.0 min_steps: 56
mc:   6 R: 0.4137 rmsd(b):  0.0004 restraint_scale:  1.0 min_steps: 54
mc:   7 R: 0.4153 rmsd(b):  0.0003 restraint_scale:  1.0 min_steps: 54
mc:   8 R: 0.4195 rmsd(b):  0.0004 restraint_scale:  1.0 min_steps: 53
mc:   9 R: 0.4242 rmsd(b):  0.0004 restraint_scale:  1.0 min_steps: 53
mc:  10 R: 0.4277 rmsd(b):  0.0004 restraint_scale:  1.0 min_steps: 55
mc:  11 R: 0.4534 rmsd(b):  0.0004 restraint_scale:  1.0 min_steps: 56
mc:  12 R: 0.4550 rmsd(b):  0.0003 restraint_scale:  1.0 min_steps: 52
mc:  13 R: 0.4596 rmsd(b):  0.0003 restraint_scale:  1.0 min_steps: 54
mc:  14 R: 0.4606 rmsd(b):  0.0004 restraint_scale:  1.0 min_steps: 54
mc:  15 R: 0.4620 rmsd(b):  0.0003 restraint_scale:  1.0 min_steps: 54
mc:  16 R: 0.4629 rmsd(b):  0.0004 restraint_scale:  1.0 min_steps: 53
Convergence reached, stop now.
see the result structure:  ./p26/04_results/opt_cctbx/207_WGG08-new/0.6/9.pdb
Time: 8.4366
