phenix.python
you are importing  adaptive calculator, and it does nothing. Please give it energy, force....... 

============================== Collecting inputs ==============================


                   ----------Processing X-ray data----------                   

F-obs:
  /scratch/m_zhen01/31011.lupus.uni-muenster.de/p26/02_mtz/231_GGF01-new.mtz:F-obs
Miller array info: None
Observation type: xray.amplitude
Type of data: double, size=171
Type of sigmas: None
Number of Miller indices: 171
Anomalous flag: False
Unit cell: (12.408, 13.107, 10.683, 90, 90, 90)
Space group: P 1 (No. 1)
Systematic absences: 0
Centric reflections: 0
Resolution range: 3.94428 2.52193
Completeness in resolution range: 1
Completeness with d_max=infinity: 0.753304

Number of F-obs in resolution range:                   171
Number of F-obs<0 (these reflections will be rejected): 0
Number of F-obs=0 (these reflections will be used in refinement): 0
Refinement resolution range: d_max =   3.9443
                             d_min =   2.5219

R-free flags:
  /scratch/m_zhen01/31011.lupus.uni-muenster.de/p26/02_mtz/231_GGF01-new.mtz:R-free-flags
Miller array info: /scratch/m_zhen01/31011.lupus.uni-muenster.de/p26/02_mtz/231_GGF01-new.mtz:R-free-flags
Observation type: None
Type of data: int, size=171
Type of sigmas: None
Number of Miller indices: 171
Anomalous flag: False
Unit cell: (12.408, 13.107, 10.683, 90, 90, 90)
Space group: P 1 (No. 1)
Systematic absences: 0
Centric reflections: 0
Resolution range: 3.94428 2.52193
Completeness in resolution range: 1
Completeness with d_max=infinity: 0.753304
Wavelength: 1.0000

Test (R-free flags) flag value: 1

Number of work/free reflections by resolution:
                                  work free  %free
  bin  1: 3.9443 - 3.6303 [20/20]   20    0   0.0%
  bin  2: 3.6303 - 3.3972 [13/13]   13    0   0.0%
  bin  3: 3.3972 - 3.2143 [21/21]   21    0   0.0%
  bin  4: 3.2143 - 3.0654 [13/13]   11    2  15.4%
  bin  5: 3.0654 - 2.9408 [22/22]   20    2   9.1%
  bin  6: 2.9408 - 2.8342 [14/14]   14    0   0.0%
  bin  7: 2.8342 - 2.7415 [14/14]   14    0   0.0%
  bin  8: 2.7415 - 2.6599 [17/17]   17    0   0.0%
  bin  9: 2.6599 - 2.5873 [17/17]   13    4  23.5%
  bin 10: 2.5873 - 2.5219 [20/20]   20    0   0.0%
                          overall  163    8   4.7%

                   ----------Processing PDB file(s)----------                  

  Monomer Library directory:
    "/tmp1/m_zhen01/phenix-installer-1.10.1-2155-intel-linux-2.6-x86_64-centos5/phenix-1.10.1-2155/modules/chem_data/mon_lib"
  Total number of atoms: 37
  Number of models: 1
  Model: ""
    Number of chains: 1
    Chain: "A"
      Number of atoms: 37
      Number of conformers: 1
      Conformer: ""
        Number of residues, atoms: 3, 37
          Classifications: {'peptide': 3}
          Modifications used: {'NH2NOTPRO': 1, 'COOH': 1}
          Link IDs: {'TRANS': 2}
  Time building chain proxies: 0.07, per 1000 atoms: 1.89
  Number of scatterers: 37
  At special positions: 0
  Unit cell: (12.408, 13.107, 10.683, 90, 90, 90)
  Space group: P 1 (No. 1)
  Number of sites at special positions: 0
  Number of scattering types: 4
    Type Number    sf(0)
     O       4      8.00
     N       3      7.00
     C      13      6.00
     H      17      1.00
    sf(0) = scattering factor at diffraction angle 0.

  Number of disulfides: simple=0, symmetry=0

  Automatic linking
    Parameters for automatic linking
      Linking & cutoffs
        Metal                : False - 3.50
        Amimo acid           : False - 1.90
        Carbohydrate         : True  - 1.99
        Ligands              : True  - 1.99
        Amino acid - RNA/DNA : False
      
  Number of custom bonds: simple=0, symmetry=0
  Time building additional restraints: 0.02
  Conformation dependent library (CDL) restraints added in 2.8 milliseconds
  
  Adding C-beta torsion restraints...
  Number of C-beta restraints generated:  2
  Time building geometry restraints manager: 0.03 seconds

  NOTE: a complete listing of the restraints can be obtained by requesting
        output of .geo file.

  Histogram of bond lengths:
        0.84 -     0.99: 15
        0.99 -     1.13: 2
        1.13 -     1.27: 3
        1.27 -     1.41: 6
        1.41 -     1.56: 11
  Bond restraints: 37
  Sorted by residual:
  bond pdb=" C   GLY A   2 "
       pdb=" N   PHE A   3 "
    ideal  model  delta    sigma   weight residual
    1.329  1.365 -0.036 1.40e-02 5.10e+03 6.52e+00
  bond pdb=" CG  PHE A   3 "
       pdb=" CD2 PHE A   3 "
    ideal  model  delta    sigma   weight residual
    1.384  1.430 -0.046 2.10e-02 2.27e+03 4.80e+00
  bond pdb=" CA  GLY A   2 "
       pdb=" HA2 GLY A   2 "
    ideal  model  delta    sigma   weight residual
    0.970  1.012 -0.042 2.00e-02 2.50e+03 4.46e+00
  bond pdb=" CE1 PHE A   3 "
       pdb=" CD1 PHE A   3 "
    ideal  model  delta    sigma   weight residual
    1.382  1.442 -0.060 3.00e-02 1.11e+03 4.01e+00
  bond pdb=" C   PHE A   3 "
       pdb=" OXT PHE A   3 "
    ideal  model  delta    sigma   weight residual
    1.330  1.369 -0.039 2.00e-02 2.50e+03 3.80e+00
  ... (remaining 32 not shown)

  Histogram of bond angle deviations from ideal:
      104.63 -   108.57: 10
      108.57 -   112.52: 15
      112.52 -   116.46: 5
      116.46 -   120.41: 13
      120.41 -   124.35: 17
  Bond angle restraints: 60
  Sorted by residual:
  angle pdb=" HA1 GLY A   2 "
        pdb=" CA  GLY A   2 "
        pdb=" N   GLY A   2 "
      ideal   model   delta    sigma   weight residual
     110.00  104.63    5.37 3.00e+00 1.11e-01 3.21e+00
  angle pdb=" HB1 PHE A   3 "
        pdb=" CB  PHE A   3 "
        pdb=" HB2 PHE A   3 "
      ideal   model   delta    sigma   weight residual
     110.00  105.11    4.89 3.00e+00 1.11e-01 2.65e+00
  angle pdb=" CD2 PHE A   3 "
        pdb=" CG  PHE A   3 "
        pdb=" CD1 PHE A   3 "
      ideal   model   delta    sigma   weight residual
     118.60  116.49    2.11 1.50e+00 4.44e-01 1.97e+00
  angle pdb=" HB2 PHE A   3 "
        pdb=" CB  PHE A   3 "
        pdb=" CG  PHE A   3 "
      ideal   model   delta    sigma   weight residual
     108.00  112.01   -4.01 3.00e+00 1.11e-01 1.78e+00
  angle pdb=" CG  PHE A   3 "
        pdb=" CD1 PHE A   3 "
        pdb=" HD1 PHE A   3 "
      ideal   model   delta    sigma   weight residual
     119.65  115.75    3.90 3.00e+00 1.11e-01 1.69e+00
  ... (remaining 55 not shown)

  Histogram of dihedral angle deviations from ideal:
        0.06 -    35.48: 12
       35.48 -    70.90: 0
       70.90 -   106.31: 0
      106.31 -   141.73: 0
      141.73 -   177.15: 1
  Dihedral angle restraints: 13
    sinusoidal: 3
      harmonic: 10
  Sorted by residual:
  dihedral pdb=" O   PHE A   3 "
           pdb=" C   PHE A   3 "
           pdb=" OXT PHE A   3 "
           pdb=" HXT PHE A   3 "
      ideal   model   delta  harmonic     sigma   weight residual
       0.00 -177.15  177.15     0      3.00e+01 1.11e-03 3.49e+01
  dihedral pdb=" CA  GLY A   1 "
           pdb=" C   GLY A   1 "
           pdb=" N   GLY A   2 "
           pdb=" CA  GLY A   2 "
      ideal   model   delta  harmonic     sigma   weight residual
     180.00  173.34    6.66     0      5.00e+00 4.00e-02 1.77e+00
  dihedral pdb=" OXT PHE A   3 "
           pdb=" C   PHE A   3 "
           pdb=" CA  PHE A   3 "
           pdb=" N   PHE A   3 "
      ideal   model   delta sinusoidal    sigma   weight residual
     -20.00  -39.99   19.99     2      3.00e+01 1.11e-03 6.23e-01
  ... (remaining 10 not shown)

  Histogram of chiral volume deviations from ideal:
       0.023 -    0.023: 1
       0.023 -    0.023: 0
       0.023 -    0.023: 0
       0.023 -    0.023: 0
       0.023 -    0.023: 0
  Chirality restraints: 1
  Sorted by residual:
  chirality pdb=" CA  PHE A   3 "
            pdb=" C   PHE A   3 "
            pdb=" N   PHE A   3 "
            pdb=" CB  PHE A   3 "
    both_signs  ideal   model   delta    sigma   weight residual
      False     -2.51   -2.49   -0.02 2.00e-01 2.50e+01 1.37e-02

  Planarity restraints: 6
  Sorted by residual:
                                 delta    sigma   weight rms_deltas residual
  plane pdb=" CB  PHE A   3 "    0.014 2.00e-02 2.50e+03   1.39e-02 5.80e+00
        pdb=" CG  PHE A   3 "   -0.021 2.00e-02 2.50e+03
        pdb=" CD2 PHE A   3 "   -0.012 2.00e-02 2.50e+03
        pdb=" HD2 PHE A   3 "    0.006 2.00e-02 2.50e+03
        pdb=" CE2 PHE A   3 "   -0.022 2.00e-02 2.50e+03
        pdb=" HE2 PHE A   3 "    0.027 2.00e-02 2.50e+03
        pdb=" CZ  PHE A   3 "   -0.007 2.00e-02 2.50e+03
        pdb=" HZ  PHE A   3 "    0.002 2.00e-02 2.50e+03
        pdb=" CE1 PHE A   3 "    0.006 2.00e-02 2.50e+03
        pdb=" HE1 PHE A   3 "    0.003 2.00e-02 2.50e+03
        pdb=" CD1 PHE A   3 "   -0.008 2.00e-02 2.50e+03
        pdb=" HD1 PHE A   3 "    0.011 2.00e-02 2.50e+03
                                 delta    sigma   weight rms_deltas residual
  plane pdb=" C   GLY A   2 "   -0.034 2.00e-02 2.50e+03   1.94e-02 3.78e+00
        pdb=" O   GLY A   2 "    0.013 2.00e-02 2.50e+03
        pdb=" CA  GLY A   2 "    0.010 2.00e-02 2.50e+03
        pdb=" N   PHE A   3 "    0.011 2.00e-02 2.50e+03
                                 delta    sigma   weight rms_deltas residual
  plane pdb=" O   PHE A   3 "   -0.011 2.00e-02 2.50e+03   1.05e-02 1.38e+00
        pdb=" C   PHE A   3 "    0.013 2.00e-02 2.50e+03
        pdb=" OXT PHE A   3 "    0.011 2.00e-02 2.50e+03
        pdb=" HXT PHE A   3 "   -0.012 2.00e-02 2.50e+03
        pdb=" CA  PHE A   3 "    0.000 2.00e-02 2.50e+03
  ... (remaining 3 not shown)

  Histogram of nonbonded interaction distances:
        2.06 -     2.62: 29
        2.62 -     3.19: 58
        3.19 -     3.76: 65
        3.76 -     4.33: 80
        4.33 -     4.90: 86
  Nonbonded interactions: 318
  Sorted by model distance:
  nonbonded pdb=" H   PHE A   3 "
            pdb=" HD1 PHE A   3 "
     model   vdw
     2.056 2.100
  nonbonded pdb=" HA2 GLY A   2 "
            pdb=" H   GLY A   2 "
     model   vdw
     2.071 1.816
  nonbonded pdb=" HA1 GLY A   1 "
            pdb=" H1  GLY A   1 "
     model   vdw
     2.128 1.816
  nonbonded pdb=" HA  PHE A   3 "
            pdb=" HB2 PHE A   3 "
     model   vdw
     2.248 1.952
  nonbonded pdb=" N   GLY A   1 "
            pdb=" H   GLY A   2 "
     model   vdw
     2.276 2.650
  ... (remaining 313 not shown)

  NOTE: a complete listing of the restraints can be obtained by requesting
        output of .geo file.

                   ----------xray_structure summary----------                  

Number of scattering types: 4
  Type Number    sf(0)   Gaussians
   O       4      7.97       2
   N       3      6.97       2
   C      13      5.97       2
   H      17      1.00       2
  sf(0) = scattering factor at diffraction angle 0.
Number of scatterers: 37
At special positions: 0
Unit cell: (12.408, 13.107, 10.683, 90, 90, 90)
Space group: P 1 (No. 1)

End of input processing
r_work=0.4387 r_free=0.2828
params.data_weight: None
params.restraints: qm
rmsd(b), start:  0.0843
mc:   0 R: 0.0647 rmsd(b):  0.0514 restraint_scale:  2.0 min_steps: 37
mc:   1 R: 0.0183 rmsd(b):  0.0477 restraint_scale:  4.0 min_steps: 17
mc:   2 R: 0.0096 rmsd(b):  0.0387 restraint_scale:  8.0 min_steps: 12
mc:   3 R: 0.0062 rmsd(b):  0.0336 restraint_scale: 16.0 min_steps: 45
mc:   4 R: 0.0041 rmsd(b):  0.0329 restraint_scale: 32.0 min_steps: 13
Convergence reached, stop now.
see the result structure:  ./p26/04_results/refine_qm/231_GGF01-new/0.6/0.pdb
Time: 200.6927
