phenix.python
you are importing  adaptive calculator, and it does nothing. Please give it energy, force....... 

============================== Collecting inputs ==============================


                   ----------Processing X-ray data----------                   

F-obs:
  /scratch/m_zhen01/31011.lupus.uni-muenster.de/p26/02_mtz/203_WG11-new.mtz:F-obs
Miller array info: None
Observation type: xray.amplitude
Type of data: double, size=181
Type of sigmas: None
Number of Miller indices: 181
Anomalous flag: False
Unit cell: (13.071, 13.502, 9.907, 90, 90, 90)
Space group: P 1 (No. 1)
Systematic absences: 0
Centric reflections: 0
Resolution range: 3.99375 2.52768
Completeness in resolution range: 1
Completeness with d_max=infinity: 0.770213

Number of F-obs in resolution range:                   181
Number of F-obs<0 (these reflections will be rejected): 0
Number of F-obs=0 (these reflections will be used in refinement): 0
Refinement resolution range: d_max =   3.9937
                             d_min =   2.5277

R-free flags:
  /scratch/m_zhen01/31011.lupus.uni-muenster.de/p26/02_mtz/203_WG11-new.mtz:R-free-flags
Miller array info: /scratch/m_zhen01/31011.lupus.uni-muenster.de/p26/02_mtz/203_WG11-new.mtz:R-free-flags
Observation type: None
Type of data: int, size=181
Type of sigmas: None
Number of Miller indices: 181
Anomalous flag: False
Unit cell: (13.071, 13.502, 9.907, 90, 90, 90)
Space group: P 1 (No. 1)
Systematic absences: 0
Centric reflections: 0
Resolution range: 3.99375 2.52768
Completeness in resolution range: 1
Completeness with d_max=infinity: 0.770213
Wavelength: 1.0000

Test (R-free flags) flag value: 1

Number of work/free reflections by resolution:
                                  work free  %free
  bin  1: 3.9937 - 3.6645 [24/24]   24    0   0.0%
  bin  2: 3.6645 - 3.4226 [10/10]   10    0   0.0%
  bin  3: 3.4226 - 3.2340 [13/13]    9    4  30.8%
  bin  4: 3.2340 - 3.0811 [28/28]   28    0   0.0%
  bin  5: 3.0811 - 2.9536 [16/16]   16    0   0.0%
  bin  6: 2.9536 - 2.8449 [20/20]   12    8  40.0%
  bin  7: 2.8449 - 2.7506 [ 6/6 ]    6    0   0.0%
  bin  8: 2.7506 - 2.6677 [17/17]   17    0   0.0%
  bin  9: 2.6677 - 2.5939 [19/19]   19    0   0.0%
  bin 10: 2.5939 - 2.5277 [28/28]   28    0   0.0%
                          overall  169   12   6.6%

                   ----------Processing PDB file(s)----------                  

  Monomer Library directory:
    "/tmp1/m_zhen01/phenix-installer-1.10.1-2155-intel-linux-2.6-x86_64-centos5/phenix-1.10.1-2155/modules/chem_data/mon_lib"
  Total number of atoms: 34
  Number of models: 1
  Model: ""
    Number of chains: 1
    Chain: "A"
      Number of atoms: 34
      Number of conformers: 1
      Conformer: ""
        Number of residues, atoms: 2, 34
          Classifications: {'peptide': 2}
          Modifications used: {'NH2NOTPRO': 1, 'COOH': 1}
          Link IDs: {'TRANS': 1}
  Time building chain proxies: 0.07, per 1000 atoms: 2.06
  Number of scatterers: 34
  At special positions: 0
  Unit cell: (13.071, 13.502, 9.907, 90, 90, 90)
  Space group: P 1 (No. 1)
  Number of sites at special positions: 0
  Number of scattering types: 4
    Type Number    sf(0)
     O       3      8.00
     N       3      7.00
     C      13      6.00
     H      15      1.00
    sf(0) = scattering factor at diffraction angle 0.

  Number of disulfides: simple=0, symmetry=0

  Automatic linking
    Parameters for automatic linking
      Linking & cutoffs
        Metal                : False - 3.50
        Amimo acid           : False - 1.90
        Carbohydrate         : True  - 1.99
        Ligands              : True  - 1.99
        Amino acid - RNA/DNA : False
      
  Number of custom bonds: simple=0, symmetry=0
  Time building additional restraints: 0.02
  Conformation dependent library (CDL) restraints added in 514.0 microseconds
  
  Adding C-beta torsion restraints...
  Number of C-beta restraints generated:  2
  Time building geometry restraints manager: 0.02 seconds

  NOTE: a complete listing of the restraints can be obtained by requesting
        output of .geo file.

  Histogram of bond lengths:
        0.86 -     1.00: 15
        1.00 -     1.15: 0
        1.15 -     1.29: 2
        1.29 -     1.43: 11
        1.43 -     1.57: 7
  Bond restraints: 35
  Sorted by residual:
  bond pdb=" C   GLY A   2 "
       pdb=" CA  GLY A   2 "
    ideal  model  delta    sigma   weight residual
    1.516  1.570 -0.054 1.80e-02 3.09e+03 8.98e+00
  bond pdb=" CZ3 TRP A   1 "
       pdb=" HZ3 TRP A   1 "
    ideal  model  delta    sigma   weight residual
    0.930  0.893  0.037 2.00e-02 2.50e+03 3.44e+00
  bond pdb=" CH2 TRP A   1 "
       pdb=" CZ3 TRP A   1 "
    ideal  model  delta    sigma   weight residual
    1.400  1.436 -0.036 2.50e-02 1.60e+03 2.04e+00
  bond pdb=" CA  TRP A   1 "
       pdb=" HA  TRP A   1 "
    ideal  model  delta    sigma   weight residual
    0.970  0.997 -0.027 2.00e-02 2.50e+03 1.83e+00
  bond pdb=" CD1 TRP A   1 "
       pdb=" NE1 TRP A   1 "
    ideal  model  delta    sigma   weight residual
    1.374  1.350  0.024 2.10e-02 2.27e+03 1.29e+00
  ... (remaining 30 not shown)

  Histogram of bond angle deviations from ideal:
      105.17 -   110.92: 22
      110.92 -   116.66: 5
      116.66 -   122.40: 18
      122.40 -   128.15: 10
      128.15 -   133.89: 2
  Bond angle restraints: 57
  Sorted by residual:
  angle pdb=" C   TRP A   1 "
        pdb=" N   GLY A   2 "
        pdb=" CA  GLY A   2 "
      ideal   model   delta    sigma   weight residual
     121.70  124.17   -2.47 1.80e+00 3.09e-01 1.89e+00
  angle pdb=" O   GLY A   2 "
        pdb=" C   GLY A   2 "
        pdb=" OXT GLY A   2 "
      ideal   model   delta    sigma   weight residual
     122.80  118.70    4.10 3.00e+00 1.11e-01 1.87e+00
  angle pdb=" CA  TRP A   1 "
        pdb=" C   TRP A   1 "
        pdb=" N   GLY A   2 "
      ideal   model   delta    sigma   weight residual
     116.20  113.52    2.68 2.00e+00 2.50e-01 1.80e+00
  angle pdb=" HE3 TRP A   1 "
        pdb=" CE3 TRP A   1 "
        pdb=" CD2 TRP A   1 "
      ideal   model   delta    sigma   weight residual
     120.70  124.64   -3.94 3.00e+00 1.11e-01 1.72e+00
  angle pdb=" CZ3 TRP A   1 "
        pdb=" CE3 TRP A   1 "
        pdb=" HE3 TRP A   1 "
      ideal   model   delta    sigma   weight residual
     120.70  116.82    3.88 3.00e+00 1.11e-01 1.67e+00
  ... (remaining 52 not shown)

  Histogram of dihedral angle deviations from ideal:
        1.12 -     7.19: 9
        7.19 -    13.26: 2
       13.26 -    19.33: 0
       19.33 -    25.40: 0
       25.40 -    31.48: 2
  Dihedral angle restraints: 13
    sinusoidal: 3
      harmonic: 10
  Sorted by residual:
  dihedral pdb=" N   TRP A   1 "
           pdb=" CA  TRP A   1 "
           pdb=" CB  TRP A   1 "
           pdb=" CG  TRP A   1 "
      ideal   model   delta sinusoidal    sigma   weight residual
      60.00   32.77   27.23     3      1.50e+01 4.44e-03 4.06e+00
  dihedral pdb=" CA  TRP A   1 "
           pdb=" C   TRP A   1 "
           pdb=" N   GLY A   2 "
           pdb=" CA  GLY A   2 "
      ideal   model   delta  harmonic     sigma   weight residual
     180.00  170.74    9.26     0      5.00e+00 4.00e-02 3.43e+00
  dihedral pdb=" OXT GLY A   2 "
           pdb=" C   GLY A   2 "
           pdb=" CA  GLY A   2 "
           pdb=" N   GLY A   2 "
      ideal   model   delta sinusoidal    sigma   weight residual
     160.00  128.52   31.48     2      3.00e+01 1.11e-03 1.45e+00
  ... (remaining 10 not shown)

  Histogram of chiral volume deviations from ideal:
       0.068 -    0.068: 1
       0.068 -    0.068: 0
       0.068 -    0.068: 0
       0.068 -    0.068: 0
       0.068 -    0.068: 0
  Chirality restraints: 1
  Sorted by residual:
  chirality pdb=" CA  TRP A   1 "
            pdb=" C   TRP A   1 "
            pdb=" N   TRP A   1 "
            pdb=" CB  TRP A   1 "
    both_signs  ideal   model   delta    sigma   weight residual
      False     -2.51   -2.58    0.07 2.00e-01 2.50e+01 1.14e-01

  Planarity restraints: 4
  Sorted by residual:
                                 delta    sigma   weight rms_deltas residual
  plane pdb=" CB  TRP A   1 "    0.011 2.00e-02 2.50e+03   1.84e-02 1.36e+01
        pdb=" CG  TRP A   1 "   -0.012 2.00e-02 2.50e+03
        pdb=" CD1 TRP A   1 "    0.005 2.00e-02 2.50e+03
        pdb=" HD1 TRP A   1 "    0.007 2.00e-02 2.50e+03
        pdb=" NE1 TRP A   1 "   -0.015 2.00e-02 2.50e+03
        pdb=" HE1 TRP A   1 "   -0.028 2.00e-02 2.50e+03
        pdb=" CE2 TRP A   1 "    0.020 2.00e-02 2.50e+03
        pdb=" CZ2 TRP A   1 "    0.015 2.00e-02 2.50e+03
        pdb=" HZ2 TRP A   1 "   -0.003 2.00e-02 2.50e+03
        pdb=" CH2 TRP A   1 "   -0.009 2.00e-02 2.50e+03
        pdb=" HH2 TRP A   1 "    0.036 2.00e-02 2.50e+03
        pdb=" CZ3 TRP A   1 "   -0.026 2.00e-02 2.50e+03
        pdb=" HZ3 TRP A   1 "   -0.031 2.00e-02 2.50e+03
        pdb=" CE3 TRP A   1 "    0.021 2.00e-02 2.50e+03
        pdb=" HE3 TRP A   1 "    0.001 2.00e-02 2.50e+03
        pdb=" CD2 TRP A   1 "    0.006 2.00e-02 2.50e+03
                                 delta    sigma   weight rms_deltas residual
  plane pdb=" O   GLY A   2 "   -0.007 2.00e-02 2.50e+03   1.30e-02 2.12e+00
        pdb=" C   GLY A   2 "    0.025 2.00e-02 2.50e+03
        pdb=" OXT GLY A   2 "    0.001 2.00e-02 2.50e+03
        pdb=" HXT GLY A   2 "   -0.009 2.00e-02 2.50e+03
        pdb=" CA  GLY A   2 "   -0.011 2.00e-02 2.50e+03
                                 delta    sigma   weight rms_deltas residual
  plane pdb=" C   TRP A   1 "   -0.005 2.00e-02 2.50e+03   8.80e-03 7.75e-01
        pdb=" CA  GLY A   2 "   -0.004 2.00e-02 2.50e+03
        pdb=" N   GLY A   2 "    0.015 2.00e-02 2.50e+03
        pdb=" H   GLY A   2 "   -0.006 2.00e-02 2.50e+03
  ... (remaining 1 not shown)

  Histogram of nonbonded interaction distances:
        1.85 -     2.45: 12
        2.45 -     3.06: 44
        3.06 -     3.66: 58
        3.66 -     4.26: 62
        4.26 -     4.87: 63
  Nonbonded interactions: 239
  Sorted by model distance:
  nonbonded pdb=" H2  TRP A   1 "
            pdb=" H   GLY A   2 "
     model   vdw
     1.847 2.100
  nonbonded pdb=" N   TRP A   1 "
            pdb=" H   GLY A   2 "
     model   vdw
     2.205 2.650
  nonbonded pdb=" O   GLY A   2 "
            pdb=" HXT GLY A   2 "
     model   vdw
     2.216 2.056
  nonbonded pdb=" HZ3 TRP A   1 "
            pdb=" HE3 TRP A   1 "
     model   vdw
     2.220 1.680
  nonbonded pdb=" HA  TRP A   1 "
            pdb=" HB1 TRP A   1 "
     model   vdw
     2.229 1.952
  ... (remaining 234 not shown)

  NOTE: a complete listing of the restraints can be obtained by requesting
        output of .geo file.

                   ----------xray_structure summary----------                  

Number of scattering types: 4
  Type Number    sf(0)   Gaussians
   O       3      7.97       2
   N       3      6.97       2
   C      13      5.97       2
   H      15      1.00       2
  sf(0) = scattering factor at diffraction angle 0.
Number of scatterers: 34
At special positions: 0
Unit cell: (13.071, 13.502, 9.907, 90, 90, 90)
Space group: P 1 (No. 1)

End of input processing
r_work=0.5774 r_free=0.5751
params.data_weight: None
params.restraints: qm
rmsd(b), start:  0.0821
mc:   0 R: 0.2872 rmsd(b):  0.3782 restraint_scale:  2.0 min_steps: 49
mc:   1 R: 0.2079 rmsd(b):  0.3723 restraint_scale:  4.0 min_steps: 28
mc:   2 R: 0.2393 rmsd(b):  0.3520 restraint_scale:  8.0 min_steps: 25
mc:   3 R: 0.3052 rmsd(b):  0.2695 restraint_scale: 16.0 min_steps: 14
mc:   4 R: 0.3333 rmsd(b):  0.2512 restraint_scale: 32.0 min_steps: 41
mc:   5 R: 0.3321 rmsd(b):  0.2520 restraint_scale: 64.0 min_steps: 7
mc:   6 R: 0.3521 rmsd(b):  0.2439 restraint_scale: 128.0 min_steps: 22
mc:   7 R: 0.3445 rmsd(b):  0.2417 restraint_scale: 256.0 min_steps: 41
mc:   8 R: 0.3488 rmsd(b):  0.2429 restraint_scale: 512.0 min_steps: 32
mc:   9 R: 0.3488 rmsd(b):  0.2429 restraint_scale: 1024.0 min_steps: 1
Convergence reached, stop now.
see the result structure:  ./p26/04_results/refine_qm/203_WG11-new/1.2/8.pdb
Time: 412.1452
