phenix.python
you are importing  adaptive calculator, and it does nothing. Please give it energy, force....... 

============================== Collecting inputs ==============================


                   ----------Processing X-ray data----------                   

F-obs:
  /scratch/m_zhen01/30994.lupus.uni-muenster.de/p26/02_mtz/245_GFA06-new.mtz:F-obs
Miller array info: None
Observation type: xray.amplitude
Type of data: double, size=236
Type of sigmas: None
Number of Miller indices: 236
Anomalous flag: False
Unit cell: (12.522, 17.481, 10.617, 90, 90, 90)
Space group: P 1 (No. 1)
Systematic absences: 0
Centric reflections: 0
Resolution range: 3.95801 2.50258
Completeness in resolution range: 1
Completeness with d_max=infinity: 0.763754

Number of F-obs in resolution range:                   236
Number of F-obs<0 (these reflections will be rejected): 0
Number of F-obs=0 (these reflections will be used in refinement): 0
Refinement resolution range: d_max =   3.9580
                             d_min =   2.5026

R-free flags:
  /scratch/m_zhen01/30994.lupus.uni-muenster.de/p26/02_mtz/245_GFA06-new.mtz:R-free-flags
Miller array info: /scratch/m_zhen01/30994.lupus.uni-muenster.de/p26/02_mtz/245_GFA06-new.mtz:R-free-flags
Observation type: None
Type of data: int, size=236
Type of sigmas: None
Number of Miller indices: 236
Anomalous flag: False
Unit cell: (12.522, 17.481, 10.617, 90, 90, 90)
Space group: P 1 (No. 1)
Systematic absences: 0
Centric reflections: 0
Resolution range: 3.95801 2.50258
Completeness in resolution range: 1
Completeness with d_max=infinity: 0.763754
Wavelength: 1.0000

Test (R-free flags) flag value: 1

Number of work/free reflections by resolution:
                                  work free  %free
  bin  1: 3.9580 - 3.6307 [30/30]   26    4  13.3%
  bin  2: 3.6307 - 3.3903 [18/18]   18    0   0.0%
  bin  3: 3.3903 - 3.2031 [34/34]   30    4  11.8%
  bin  4: 3.2031 - 3.0514 [15/15]   15    0   0.0%
  bin  5: 3.0514 - 2.9249 [28/28]   28    0   0.0%
  bin  6: 2.9249 - 2.8170 [25/25]   23    2   8.0%
  bin  7: 2.8170 - 2.7235 [14/14]   14    0   0.0%
  bin  8: 2.7235 - 2.6413 [29/29]   29    0   0.0%
  bin  9: 2.6413 - 2.5682 [24/24]   20    4  16.7%
  bin 10: 2.5682 - 2.5026 [19/19]   19    0   0.0%
                          overall  222   14   5.9%

                   ----------Processing PDB file(s)----------                  

  Monomer Library directory:
    "/tmp1/m_zhen01/phenix-installer-1.10.1-2155-intel-linux-2.6-x86_64-centos5/phenix-1.10.1-2155/modules/chem_data/mon_lib"
  Total number of atoms: 40
  Number of models: 1
  Model: ""
    Number of chains: 1
    Chain: "A"
      Number of atoms: 40
      Number of conformers: 1
      Conformer: ""
        Number of residues, atoms: 3, 40
          Classifications: {'peptide': 3}
          Modifications used: {'NH2NOTPRO': 1, 'COOH': 1}
          Link IDs: {'TRANS': 2}
  Time building chain proxies: 0.08, per 1000 atoms: 2.00
  Number of scatterers: 40
  At special positions: 0
  Unit cell: (12.522, 17.481, 10.617, 90, 90, 90)
  Space group: P 1 (No. 1)
  Number of sites at special positions: 0
  Number of scattering types: 4
    Type Number    sf(0)
     O       4      8.00
     N       3      7.00
     C      14      6.00
     H      19      1.00
    sf(0) = scattering factor at diffraction angle 0.

  Number of disulfides: simple=0, symmetry=0

  Automatic linking
    Parameters for automatic linking
      Linking & cutoffs
        Metal                : False - 3.50
        Amimo acid           : False - 1.90
        Carbohydrate         : True  - 1.99
        Ligands              : True  - 1.99
        Amino acid - RNA/DNA : False
      
  Number of custom bonds: simple=0, symmetry=0
  Time building additional restraints: 0.03
  Conformation dependent library (CDL) restraints added in 4.0 milliseconds
  
  Adding C-beta torsion restraints...
  Number of C-beta restraints generated:  4
  Time building geometry restraints manager: 0.04 seconds

  NOTE: a complete listing of the restraints can be obtained by requesting
        output of .geo file.

  Histogram of bond lengths:
        0.80 -     0.95: 7
        0.95 -     1.10: 12
        1.10 -     1.24: 3
        1.24 -     1.39: 7
        1.39 -     1.54: 11
  Bond restraints: 40
  Sorted by residual:
  bond pdb=" N   ALA A   3 "
       pdb=" H   ALA A   3 "
    ideal  model  delta    sigma   weight residual
    0.860  0.805  0.055 2.00e-02 2.50e+03 7.63e+00
  bond pdb=" CA  ALA A   3 "
       pdb=" N   ALA A   3 "
    ideal  model  delta    sigma   weight residual
    1.458  1.491 -0.033 1.90e-02 2.77e+03 3.00e+00
  bond pdb=" CB  ALA A   3 "
       pdb=" HB3 ALA A   3 "
    ideal  model  delta    sigma   weight residual
    0.970  1.004 -0.034 2.00e-02 2.50e+03 2.95e+00
  bond pdb=" CD1 PHE A   2 "
       pdb=" HD1 PHE A   2 "
    ideal  model  delta    sigma   weight residual
    0.930  0.898  0.032 2.00e-02 2.50e+03 2.63e+00
  bond pdb=" CA  PHE A   2 "
       pdb=" N   PHE A   2 "
    ideal  model  delta    sigma   weight residual
    1.456  1.476 -0.019 1.21e-02 6.83e+03 2.56e+00
  ... (remaining 35 not shown)

  Histogram of bond angle deviations from ideal:
      101.58 -   106.73: 6
      106.73 -   111.88: 21
      111.88 -   117.03: 11
      117.03 -   122.19: 19
      122.19 -   127.34: 9
  Bond angle restraints: 66
  Sorted by residual:
  angle pdb=" O   PHE A   2 "
        pdb=" C   PHE A   2 "
        pdb=" CA  PHE A   2 "
      ideal   model   delta    sigma   weight residual
     120.36  124.06   -3.70 1.08e+00 8.57e-01 1.17e+01
  angle pdb=" C   ALA A   3 "
        pdb=" OXT ALA A   3 "
        pdb=" HXT ALA A   3 "
      ideal   model   delta    sigma   weight residual
     108.00  115.19   -7.19 3.00e+00 1.11e-01 5.74e+00
  angle pdb=" HB1 PHE A   2 "
        pdb=" CB  PHE A   2 "
        pdb=" CG  PHE A   2 "
      ideal   model   delta    sigma   weight residual
     108.00  101.58    6.42 3.00e+00 1.11e-01 4.59e+00
  angle pdb=" CB  PHE A   2 "
        pdb=" CA  PHE A   2 "
        pdb=" C   PHE A   2 "
      ideal   model   delta    sigma   weight residual
     109.71  113.41   -3.70 1.83e+00 2.99e-01 4.08e+00
  angle pdb=" O   PHE A   2 "
        pdb=" C   PHE A   2 "
        pdb=" N   ALA A   3 "
      ideal   model   delta    sigma   weight residual
     123.30  121.06    2.24 1.19e+00 7.06e-01 3.53e+00
  ... (remaining 61 not shown)

  Histogram of dihedral angle deviations from ideal:
        0.06 -    36.00: 14
       36.00 -    71.95: 1
       71.95 -   107.89: 0
      107.89 -   143.84: 0
      143.84 -   179.78: 1
  Dihedral angle restraints: 16
    sinusoidal: 4
      harmonic: 12
  Sorted by residual:
  dihedral pdb=" O   ALA A   3 "
           pdb=" C   ALA A   3 "
           pdb=" OXT ALA A   3 "
           pdb=" HXT ALA A   3 "
      ideal   model   delta  harmonic     sigma   weight residual
       0.00 -179.78  179.78     0      3.00e+01 1.11e-03 3.59e+01
  dihedral pdb=" OXT ALA A   3 "
           pdb=" C   ALA A   3 "
           pdb=" CA  ALA A   3 "
           pdb=" N   ALA A   3 "
      ideal   model   delta sinusoidal    sigma   weight residual
     160.00 -159.70  -40.30     2      3.00e+01 1.11e-03 2.23e+00
  dihedral pdb=" C   PHE A   2 "
           pdb=" N   PHE A   2 "
           pdb=" CA  PHE A   2 "
           pdb=" CB  PHE A   2 "
      ideal   model   delta  harmonic     sigma   weight residual
    -122.60 -124.59    1.99     0      2.50e+00 1.60e-01 6.34e-01
  ... (remaining 13 not shown)

  Histogram of chiral volume deviations from ideal:
       0.008 -    0.014: 1
       0.014 -    0.020: 0
       0.020 -    0.027: 0
       0.027 -    0.033: 0
       0.033 -    0.039: 1
  Chirality restraints: 2
  Sorted by residual:
  chirality pdb=" CA  PHE A   2 "
            pdb=" CB  PHE A   2 "
            pdb=" C   PHE A   2 "
            pdb=" N   PHE A   2 "
    both_signs  ideal   model   delta    sigma   weight residual
      False     -2.51   -2.55    0.04 2.00e-01 2.50e+01 3.80e-02
  chirality pdb=" CA  ALA A   3 "
            pdb=" C   ALA A   3 "
            pdb=" CB  ALA A   3 "
            pdb=" N   ALA A   3 "
    both_signs  ideal   model   delta    sigma   weight residual
      False      2.48    2.49   -0.01 2.00e-01 2.50e+01 1.57e-03

  Planarity restraints: 6
  Sorted by residual:
                                 delta    sigma   weight rms_deltas residual
  plane pdb=" CB  PHE A   2 "    0.017 2.00e-02 2.50e+03   1.50e-02 6.75e+00
        pdb=" CG  PHE A   2 "   -0.008 2.00e-02 2.50e+03
        pdb=" CD2 PHE A   2 "   -0.008 2.00e-02 2.50e+03
        pdb=" HD2 PHE A   2 "   -0.013 2.00e-02 2.50e+03
        pdb=" CE2 PHE A   2 "    0.007 2.00e-02 2.50e+03
        pdb=" HE2 PHE A   2 "   -0.000 2.00e-02 2.50e+03
        pdb=" CZ  PHE A   2 "   -0.008 2.00e-02 2.50e+03
        pdb=" HZ  PHE A   2 "    0.032 2.00e-02 2.50e+03
        pdb=" CE1 PHE A   2 "   -0.016 2.00e-02 2.50e+03
        pdb=" HE1 PHE A   2 "   -0.021 2.00e-02 2.50e+03
        pdb=" CD1 PHE A   2 "    0.001 2.00e-02 2.50e+03
        pdb=" HD1 PHE A   2 "    0.016 2.00e-02 2.50e+03
                                 delta    sigma   weight rms_deltas residual
  plane pdb=" C   PHE A   2 "    0.017 2.00e-02 2.50e+03   9.83e-03 9.65e-01
        pdb=" O   PHE A   2 "   -0.007 2.00e-02 2.50e+03
        pdb=" CA  PHE A   2 "   -0.005 2.00e-02 2.50e+03
        pdb=" N   ALA A   3 "   -0.005 2.00e-02 2.50e+03
                                 delta    sigma   weight rms_deltas residual
  plane pdb=" O   ALA A   3 "    0.003 2.00e-02 2.50e+03   6.20e-03 4.80e-01
        pdb=" C   ALA A   3 "   -0.011 2.00e-02 2.50e+03
        pdb=" OXT ALA A   3 "    0.007 2.00e-02 2.50e+03
        pdb=" HXT ALA A   3 "   -0.003 2.00e-02 2.50e+03
        pdb=" CA  ALA A   3 "    0.004 2.00e-02 2.50e+03
  ... (remaining 3 not shown)

  Histogram of nonbonded interaction distances:
        1.95 -     2.53: 24
        2.53 -     3.12: 56
        3.12 -     3.71: 61
        3.71 -     4.30: 52
        4.30 -     4.89: 87
  Nonbonded interactions: 280
  Sorted by model distance:
  nonbonded pdb=" HXT ALA A   3 "
            pdb=" HB3 ALA A   3 "
     model   vdw
     1.945 2.270
  nonbonded pdb=" HA2 GLY A   1 "
            pdb=" H1  GLY A   1 "
     model   vdw
     2.200 1.816
  nonbonded pdb=" HE1 PHE A   2 "
            pdb=" HD1 PHE A   2 "
     model   vdw
     2.212 1.680
  nonbonded pdb=" HA  PHE A   2 "
            pdb=" H   ALA A   3 "
     model   vdw
     2.280 2.270
  nonbonded pdb=" HB1 PHE A   2 "
            pdb=" HD1 PHE A   2 "
     model   vdw
     2.302 2.270
  ... (remaining 275 not shown)

  NOTE: a complete listing of the restraints can be obtained by requesting
        output of .geo file.

                   ----------xray_structure summary----------                  

Number of scattering types: 4
  Type Number    sf(0)   Gaussians
   O       4      7.97       2
   N       3      6.97       2
   C      14      5.97       2
   H      19      1.00       2
  sf(0) = scattering factor at diffraction angle 0.
Number of scatterers: 40
At special positions: 0
Unit cell: (12.522, 17.481, 10.617, 90, 90, 90)
Space group: P 1 (No. 1)

End of input processing
r_work=0.4840 r_free=0.7425
params.data_weight: 0.0
params.restraints: qm
rmsd(b), start:  0.0886
mc:   0 R: 0.5091 rmsd(b):  0.0284 restraint_scale:  1.0 min_steps: 52
mc:   1 R: 0.5278 rmsd(b):  0.0283 restraint_scale:  1.0 min_steps: 52
mc:   2 R: 0.5278 rmsd(b):  0.0283 restraint_scale:  1.0 min_steps: 1
Convergence reached, stop now.
see the result structure:  ./p26/04_results/opt_qm/245_GFA06-new/1.2/1.pdb
Time: 107.5035
