phenix.python
you are importing  adaptive calculator, and it does nothing. Please give it energy, force....... 

============================== Collecting inputs ==============================


                   ----------Processing X-ray data----------                   

F-obs:
  /scratch/m_zhen01/30995.lupus.uni-muenster.de/p26/02_mtz/244_GFA12-new.mtz:F-obs
Miller array info: None
Observation type: xray.amplitude
Type of data: double, size=245
Type of sigmas: None
Number of Miller indices: 245
Anomalous flag: False
Unit cell: (17.316, 12.287, 11.138, 90, 90, 90)
Space group: P 1 (No. 1)
Systematic absences: 0
Centric reflections: 0
Resolution range: 3.9857 2.50516
Completeness in resolution range: 1
Completeness with d_max=infinity: 0.76087

Number of F-obs in resolution range:                   245
Number of F-obs<0 (these reflections will be rejected): 0
Number of F-obs=0 (these reflections will be used in refinement): 0
Refinement resolution range: d_max =   3.9857
                             d_min =   2.5052

R-free flags:
  /scratch/m_zhen01/30995.lupus.uni-muenster.de/p26/02_mtz/244_GFA12-new.mtz:R-free-flags
Miller array info: /scratch/m_zhen01/30995.lupus.uni-muenster.de/p26/02_mtz/244_GFA12-new.mtz:R-free-flags
Observation type: None
Type of data: int, size=245
Type of sigmas: None
Number of Miller indices: 245
Anomalous flag: False
Unit cell: (17.316, 12.287, 11.138, 90, 90, 90)
Space group: P 1 (No. 1)
Systematic absences: 0
Centric reflections: 0
Resolution range: 3.9857 2.50516
Completeness in resolution range: 1
Completeness with d_max=infinity: 0.76087
Wavelength: 1.0000

Test (R-free flags) flag value: 1

Number of work/free reflections by resolution:
                                  work free  %free
  bin  1: 3.9857 - 3.6494 [27/27]   23    4  14.8%
  bin  2: 3.6494 - 3.4039 [19/19]   17    2  10.5%
  bin  3: 3.4039 - 3.2134 [28/28]   28    0   0.0%
  bin  4: 3.2134 - 3.0595 [21/21]   19    2   9.5%
  bin  5: 3.0595 - 2.9314 [22/22]   22    0   0.0%
  bin  6: 2.9314 - 2.8223 [23/23]   19    4  17.4%
  bin  7: 2.8223 - 2.7279 [23/23]   23    0   0.0%
  bin  8: 2.7279 - 2.6450 [28/28]   28    0   0.0%
  bin  9: 2.6450 - 2.5713 [24/24]   24    0   0.0%
  bin 10: 2.5713 - 2.5052 [30/30]   28    2   6.7%
                          overall  231   14   5.7%

                   ----------Processing PDB file(s)----------                  

  Monomer Library directory:
    "/tmp1/m_zhen01/phenix-installer-1.10.1-2155-intel-linux-2.6-x86_64-centos5/phenix-1.10.1-2155/modules/chem_data/mon_lib"
  Total number of atoms: 40
  Number of models: 1
  Model: ""
    Number of chains: 1
    Chain: "A"
      Number of atoms: 40
      Number of conformers: 1
      Conformer: ""
        Number of residues, atoms: 3, 40
          Classifications: {'peptide': 3}
          Modifications used: {'NH2NOTPRO': 1, 'COOH': 1}
          Link IDs: {'TRANS': 2}
  Time building chain proxies: 0.08, per 1000 atoms: 2.00
  Number of scatterers: 40
  At special positions: 0
  Unit cell: (17.316, 12.287, 11.138, 90, 90, 90)
  Space group: P 1 (No. 1)
  Number of sites at special positions: 0
  Number of scattering types: 4
    Type Number    sf(0)
     O       4      8.00
     N       3      7.00
     C      14      6.00
     H      19      1.00
    sf(0) = scattering factor at diffraction angle 0.

  Number of disulfides: simple=0, symmetry=0

  Automatic linking
    Parameters for automatic linking
      Linking & cutoffs
        Metal                : False - 3.50
        Amimo acid           : False - 1.90
        Carbohydrate         : True  - 1.99
        Ligands              : True  - 1.99
        Amino acid - RNA/DNA : False
      
  Number of custom bonds: simple=0, symmetry=0
  Time building additional restraints: 0.03
  Conformation dependent library (CDL) restraints added in 3.5 milliseconds
  
  Adding C-beta torsion restraints...
  Number of C-beta restraints generated:  4
  Time building geometry restraints manager: 0.04 seconds

  NOTE: a complete listing of the restraints can be obtained by requesting
        output of .geo file.

  Histogram of bond lengths:
        0.87 -     1.01: 19
        1.01 -     1.14: 0
        1.14 -     1.28: 3
        1.28 -     1.42: 9
        1.42 -     1.55: 9
  Bond restraints: 40
  Sorted by residual:
  bond pdb=" N   PHE A   2 "
       pdb=" H   PHE A   2 "
    ideal  model  delta    sigma   weight residual
    0.860  0.919 -0.059 2.00e-02 2.50e+03 8.75e+00
  bond pdb=" CE1 PHE A   2 "
       pdb=" HE1 PHE A   2 "
    ideal  model  delta    sigma   weight residual
    0.930  0.891  0.039 2.00e-02 2.50e+03 3.84e+00
  bond pdb=" C   GLY A   1 "
       pdb=" CA  GLY A   1 "
    ideal  model  delta    sigma   weight residual
    1.516  1.485  0.031 1.80e-02 3.09e+03 3.04e+00
  bond pdb=" OXT ALA A   3 "
       pdb=" HXT ALA A   3 "
    ideal  model  delta    sigma   weight residual
    0.948  0.980 -0.032 2.00e-02 2.50e+03 2.50e+00
  bond pdb=" CB  PHE A   2 "
       pdb=" HB1 PHE A   2 "
    ideal  model  delta    sigma   weight residual
    0.970  0.996 -0.026 2.00e-02 2.50e+03 1.71e+00
  ... (remaining 35 not shown)

  Histogram of bond angle deviations from ideal:
      102.29 -   107.26: 7
      107.26 -   112.23: 20
      112.23 -   117.21: 9
      117.21 -   122.18: 24
      122.18 -   127.15: 6
  Bond angle restraints: 66
  Sorted by residual:
  angle pdb=" C   GLY A   1 "
        pdb=" CA  GLY A   1 "
        pdb=" HA2 GLY A   1 "
      ideal   model   delta    sigma   weight residual
     109.00  102.29    6.71 3.00e+00 1.11e-01 5.01e+00
  angle pdb=" CB  ALA A   3 "
        pdb=" CA  ALA A   3 "
        pdb=" N   ALA A   3 "
      ideal   model   delta    sigma   weight residual
     110.40  113.13   -2.73 1.50e+00 4.44e-01 3.32e+00
  angle pdb=" HB1 PHE A   2 "
        pdb=" CB  PHE A   2 "
        pdb=" CG  PHE A   2 "
      ideal   model   delta    sigma   weight residual
     108.00  112.91   -4.91 3.00e+00 1.11e-01 2.68e+00
  angle pdb=" CA  PHE A   2 "
        pdb=" N   PHE A   2 "
        pdb=" H   PHE A   2 "
      ideal   model   delta    sigma   weight residual
     114.00  109.36    4.64 3.00e+00 1.11e-01 2.39e+00
  angle pdb=" C   ALA A   3 "
        pdb=" CA  ALA A   3 "
        pdb=" HA  ALA A   3 "
      ideal   model   delta    sigma   weight residual
     109.00  113.57   -4.57 3.00e+00 1.11e-01 2.32e+00
  ... (remaining 61 not shown)

  Histogram of dihedral angle deviations from ideal:
        0.44 -    35.80: 14
       35.80 -    71.15: 1
       71.15 -   106.50: 0
      106.50 -   141.85: 0
      141.85 -   177.21: 1
  Dihedral angle restraints: 16
    sinusoidal: 4
      harmonic: 12
  Sorted by residual:
  dihedral pdb=" O   ALA A   3 "
           pdb=" C   ALA A   3 "
           pdb=" OXT ALA A   3 "
           pdb=" HXT ALA A   3 "
      ideal   model   delta  harmonic     sigma   weight residual
       0.00 -177.21  177.21     0      3.00e+01 1.11e-03 3.49e+01
  dihedral pdb=" HB3 ALA A   3 "
           pdb=" CA  ALA A   3 "
           pdb=" CB  ALA A   3 "
           pdb=" N   ALA A   3 "
      ideal   model   delta sinusoidal    sigma   weight residual
    -180.00 -137.48  -42.52     3      1.50e+01 4.44e-03 7.63e+00
  dihedral pdb=" CA  GLY A   1 "
           pdb=" C   GLY A   1 "
           pdb=" N   PHE A   2 "
           pdb=" CA  PHE A   2 "
      ideal   model   delta  harmonic     sigma   weight residual
    -180.00 -171.28   -8.72     0      5.00e+00 4.00e-02 3.04e+00
  ... (remaining 13 not shown)

  Histogram of chiral volume deviations from ideal:
       0.045 -    0.050: 1
       0.050 -    0.056: 0
       0.056 -    0.062: 0
       0.062 -    0.067: 0
       0.067 -    0.073: 1
  Chirality restraints: 2
  Sorted by residual:
  chirality pdb=" CA  ALA A   3 "
            pdb=" C   ALA A   3 "
            pdb=" CB  ALA A   3 "
            pdb=" N   ALA A   3 "
    both_signs  ideal   model   delta    sigma   weight residual
      False      2.48    2.56   -0.07 2.00e-01 2.50e+01 1.33e-01
  chirality pdb=" CA  PHE A   2 "
            pdb=" CB  PHE A   2 "
            pdb=" C   PHE A   2 "
            pdb=" N   PHE A   2 "
    both_signs  ideal   model   delta    sigma   weight residual
      False     -2.51   -2.56    0.04 2.00e-01 2.50e+01 4.99e-02

  Planarity restraints: 6
  Sorted by residual:
                                 delta    sigma   weight rms_deltas residual
  plane pdb=" C   GLY A   1 "    0.037 2.00e-02 2.50e+03   2.14e-02 4.60e+00
        pdb=" O   GLY A   1 "   -0.014 2.00e-02 2.50e+03
        pdb=" CA  GLY A   1 "   -0.011 2.00e-02 2.50e+03
        pdb=" N   PHE A   2 "   -0.012 2.00e-02 2.50e+03
                                 delta    sigma   weight rms_deltas residual
  plane pdb=" CB  PHE A   2 "    0.007 2.00e-02 2.50e+03   9.64e-03 2.79e+00
        pdb=" CG  PHE A   2 "    0.006 2.00e-02 2.50e+03
        pdb=" CD1 PHE A   2 "   -0.005 2.00e-02 2.50e+03
        pdb=" HD1 PHE A   2 "   -0.011 2.00e-02 2.50e+03
        pdb=" CE1 PHE A   2 "   -0.004 2.00e-02 2.50e+03
        pdb=" HE1 PHE A   2 "    0.010 2.00e-02 2.50e+03
        pdb=" CZ  PHE A   2 "   -0.016 2.00e-02 2.50e+03
        pdb=" HZ  PHE A   2 "    0.019 2.00e-02 2.50e+03
        pdb=" CE2 PHE A   2 "   -0.003 2.00e-02 2.50e+03
        pdb=" HE2 PHE A   2 "   -0.010 2.00e-02 2.50e+03
        pdb=" CD2 PHE A   2 "    0.006 2.00e-02 2.50e+03
        pdb=" HD2 PHE A   2 "    0.001 2.00e-02 2.50e+03
                                 delta    sigma   weight rms_deltas residual
  plane pdb=" O   ALA A   3 "    0.013 2.00e-02 2.50e+03   1.41e-02 2.47e+00
        pdb=" C   ALA A   3 "   -0.027 2.00e-02 2.50e+03
        pdb=" OXT ALA A   3 "    0.004 2.00e-02 2.50e+03
        pdb=" HXT ALA A   3 "    0.005 2.00e-02 2.50e+03
        pdb=" CA  ALA A   3 "    0.006 2.00e-02 2.50e+03
  ... (remaining 3 not shown)

  Histogram of nonbonded interaction distances:
        1.97 -     2.55: 25
        2.55 -     3.14: 65
        3.14 -     3.72: 60
        3.72 -     4.31: 70
        4.31 -     4.89: 76
  Nonbonded interactions: 296
  Sorted by model distance:
  nonbonded pdb=" O   GLY A   1 "
            pdb=" H   ALA A   3 "
     model   vdw
     1.966 1.970
  nonbonded pdb=" HA  PHE A   2 "
            pdb=" H   PHE A   2 "
     model   vdw
     2.047 1.816
  nonbonded pdb=" HB1 ALA A   3 "
            pdb=" HA  ALA A   3 "
     model   vdw
     2.104 1.952
  nonbonded pdb=" HXT ALA A   3 "
            pdb=" HA  ALA A   3 "
     model   vdw
     2.142 2.270
  nonbonded pdb=" HA2 GLY A   1 "
            pdb=" H1  GLY A   1 "
     model   vdw
     2.162 1.816
  ... (remaining 291 not shown)

  NOTE: a complete listing of the restraints can be obtained by requesting
        output of .geo file.

                   ----------xray_structure summary----------                  

Number of scattering types: 4
  Type Number    sf(0)   Gaussians
   O       4      7.97       2
   N       3      6.97       2
   C      14      5.97       2
   H      19      1.00       2
  sf(0) = scattering factor at diffraction angle 0.
Number of scatterers: 40
At special positions: 0
Unit cell: (17.316, 12.287, 11.138, 90, 90, 90)
Space group: P 1 (No. 1)

End of input processing
r_work=0.5459 r_free=0.4433
params.data_weight: None
params.restraints: cctbx
rmsd(b), start:  0.0867
mc:   0 R: 0.4006 rmsd(b):  0.0469 restraint_scale:  2.0 min_steps: 55
mc:   1 R: 0.2570 rmsd(b):  0.1180 restraint_scale:  4.0 min_steps: 54
mc:   2 R: 0.2746 rmsd(b):  0.0548 restraint_scale:  8.0 min_steps: 38
mc:   3 R: 0.2777 rmsd(b):  0.0490 restraint_scale: 16.0 min_steps: 8
mc:   4 R: 0.2915 rmsd(b):  0.0383 restraint_scale: 32.0 min_steps: 22
mc:   5 R: 0.3336 rmsd(b):  0.0129 restraint_scale: 32.0 min_steps: 42
mc:   6 R: 0.3338 rmsd(b):  0.0126 restraint_scale: 32.0 min_steps: 6
Convergence reached, stop now.
see the result structure:  ./p26/04_results/refine_cctbx/244_GFA12-new/1.5/5.pdb
Time: 6.7388
