phenix.python
you are importing  adaptive calculator, and it does nothing. Please give it energy, force....... 

============================== Collecting inputs ==============================


                   ----------Processing X-ray data----------                   

F-obs:
  /scratch/m_zhen01/30995.lupus.uni-muenster.de/p26/02_mtz/244_GFA12-new.mtz:F-obs
Miller array info: None
Observation type: xray.amplitude
Type of data: double, size=245
Type of sigmas: None
Number of Miller indices: 245
Anomalous flag: False
Unit cell: (17.316, 12.287, 11.138, 90, 90, 90)
Space group: P 1 (No. 1)
Systematic absences: 0
Centric reflections: 0
Resolution range: 3.9857 2.50516
Completeness in resolution range: 1
Completeness with d_max=infinity: 0.76087

Number of F-obs in resolution range:                   245
Number of F-obs<0 (these reflections will be rejected): 0
Number of F-obs=0 (these reflections will be used in refinement): 0
Refinement resolution range: d_max =   3.9857
                             d_min =   2.5052

R-free flags:
  /scratch/m_zhen01/30995.lupus.uni-muenster.de/p26/02_mtz/244_GFA12-new.mtz:R-free-flags
Miller array info: /scratch/m_zhen01/30995.lupus.uni-muenster.de/p26/02_mtz/244_GFA12-new.mtz:R-free-flags
Observation type: None
Type of data: int, size=245
Type of sigmas: None
Number of Miller indices: 245
Anomalous flag: False
Unit cell: (17.316, 12.287, 11.138, 90, 90, 90)
Space group: P 1 (No. 1)
Systematic absences: 0
Centric reflections: 0
Resolution range: 3.9857 2.50516
Completeness in resolution range: 1
Completeness with d_max=infinity: 0.76087
Wavelength: 1.0000

Test (R-free flags) flag value: 1

Number of work/free reflections by resolution:
                                  work free  %free
  bin  1: 3.9857 - 3.6494 [27/27]   23    4  14.8%
  bin  2: 3.6494 - 3.4039 [19/19]   17    2  10.5%
  bin  3: 3.4039 - 3.2134 [28/28]   28    0   0.0%
  bin  4: 3.2134 - 3.0595 [21/21]   19    2   9.5%
  bin  5: 3.0595 - 2.9314 [22/22]   22    0   0.0%
  bin  6: 2.9314 - 2.8223 [23/23]   19    4  17.4%
  bin  7: 2.8223 - 2.7279 [23/23]   23    0   0.0%
  bin  8: 2.7279 - 2.6450 [28/28]   28    0   0.0%
  bin  9: 2.6450 - 2.5713 [24/24]   24    0   0.0%
  bin 10: 2.5713 - 2.5052 [30/30]   28    2   6.7%
                          overall  231   14   5.7%

                   ----------Processing PDB file(s)----------                  

  Monomer Library directory:
    "/tmp1/m_zhen01/phenix-installer-1.10.1-2155-intel-linux-2.6-x86_64-centos5/phenix-1.10.1-2155/modules/chem_data/mon_lib"
  Total number of atoms: 40
  Number of models: 1
  Model: ""
    Number of chains: 1
    Chain: "A"
      Number of atoms: 40
      Number of conformers: 1
      Conformer: ""
        Number of residues, atoms: 3, 40
          Classifications: {'peptide': 3}
          Modifications used: {'NH2NOTPRO': 1, 'COOH': 1}
          Link IDs: {'TRANS': 2}
  Time building chain proxies: 0.09, per 1000 atoms: 2.25
  Number of scatterers: 40
  At special positions: 0
  Unit cell: (17.316, 12.287, 11.138, 90, 90, 90)
  Space group: P 1 (No. 1)
  Number of sites at special positions: 0
  Number of scattering types: 4
    Type Number    sf(0)
     O       4      8.00
     N       3      7.00
     C      14      6.00
     H      19      1.00
    sf(0) = scattering factor at diffraction angle 0.

  Number of disulfides: simple=0, symmetry=0

  Automatic linking
    Parameters for automatic linking
      Linking & cutoffs
        Metal                : False - 3.50
        Amimo acid           : False - 1.90
        Carbohydrate         : True  - 1.99
        Ligands              : True  - 1.99
        Amino acid - RNA/DNA : False
      
  Number of custom bonds: simple=0, symmetry=0
  Time building additional restraints: 0.03
  Conformation dependent library (CDL) restraints added in 3.5 milliseconds
  
  Adding C-beta torsion restraints...
  Number of C-beta restraints generated:  4
  Time building geometry restraints manager: 0.04 seconds

  NOTE: a complete listing of the restraints can be obtained by requesting
        output of .geo file.

  Histogram of bond lengths:
        0.84 -     0.98: 16
        0.98 -     1.12: 3
        1.12 -     1.26: 3
        1.26 -     1.40: 9
        1.40 -     1.54: 9
  Bond restraints: 40
  Sorted by residual:
  bond pdb=" CZ  PHE A   2 "
       pdb=" HZ  PHE A   2 "
    ideal  model  delta    sigma   weight residual
    0.930  0.870  0.060 2.00e-02 2.50e+03 8.89e+00
  bond pdb=" CE2 PHE A   2 "
       pdb=" HE2 PHE A   2 "
    ideal  model  delta    sigma   weight residual
    0.930  0.878  0.052 2.00e-02 2.50e+03 6.64e+00
  bond pdb=" N   GLY A   1 "
       pdb=" H1  GLY A   1 "
    ideal  model  delta    sigma   weight residual
    0.960  0.997 -0.037 2.00e-02 2.50e+03 3.38e+00
  bond pdb=" N   ALA A   3 "
       pdb=" H   ALA A   3 "
    ideal  model  delta    sigma   weight residual
    0.860  0.897 -0.037 2.00e-02 2.50e+03 3.37e+00
  bond pdb=" C   PHE A   2 "
       pdb=" N   ALA A   3 "
    ideal  model  delta    sigma   weight residual
    1.329  1.354 -0.025 1.40e-02 5.10e+03 3.24e+00
  ... (remaining 35 not shown)

  Histogram of bond angle deviations from ideal:
      104.03 -   108.73: 15
      108.73 -   113.42: 18
      113.42 -   118.12: 6
      118.12 -   122.81: 22
      122.81 -   127.51: 5
  Bond angle restraints: 66
  Sorted by residual:
  angle pdb=" HB1 PHE A   2 "
        pdb=" CB  PHE A   2 "
        pdb=" CA  PHE A   2 "
      ideal   model   delta    sigma   weight residual
     109.00  115.91   -6.91 3.00e+00 1.11e-01 5.30e+00
  angle pdb=" OXT ALA A   3 "
        pdb=" C   ALA A   3 "
        pdb=" CA  ALA A   3 "
      ideal   model   delta    sigma   weight residual
     118.60  112.96    5.64 3.00e+00 1.11e-01 3.53e+00
  angle pdb=" O   GLY A   1 "
        pdb=" C   GLY A   1 "
        pdb=" N   PHE A   2 "
      ideal   model   delta    sigma   weight residual
     123.00  120.34    2.66 1.60e+00 3.91e-01 2.77e+00
  angle pdb=" C   PHE A   2 "
        pdb=" CA  PHE A   2 "
        pdb=" HA  PHE A   2 "
      ideal   model   delta    sigma   weight residual
     109.00  104.65    4.35 3.00e+00 1.11e-01 2.10e+00
  angle pdb=" O   ALA A   3 "
        pdb=" C   ALA A   3 "
        pdb=" OXT ALA A   3 "
      ideal   model   delta    sigma   weight residual
     122.80  127.14   -4.34 3.00e+00 1.11e-01 2.10e+00
  ... (remaining 61 not shown)

  Histogram of dihedral angle deviations from ideal:
        0.08 -    36.05: 15
       36.05 -    72.01: 0
       72.01 -   107.98: 0
      107.98 -   143.94: 0
      143.94 -   179.91: 1
  Dihedral angle restraints: 16
    sinusoidal: 4
      harmonic: 12
  Sorted by residual:
  dihedral pdb=" O   ALA A   3 "
           pdb=" C   ALA A   3 "
           pdb=" OXT ALA A   3 "
           pdb=" HXT ALA A   3 "
      ideal   model   delta  harmonic     sigma   weight residual
       0.00 -179.91  179.91     0      3.00e+01 1.11e-03 3.60e+01
  dihedral pdb=" CA  GLY A   1 "
           pdb=" C   GLY A   1 "
           pdb=" N   PHE A   2 "
           pdb=" CA  PHE A   2 "
      ideal   model   delta  harmonic     sigma   weight residual
     180.00  160.28   19.72     0      5.00e+00 4.00e-02 1.56e+01
  dihedral pdb=" HB3 ALA A   3 "
           pdb=" CA  ALA A   3 "
           pdb=" CB  ALA A   3 "
           pdb=" N   ALA A   3 "
      ideal   model   delta sinusoidal    sigma   weight residual
    -180.00 -159.04  -20.96     3      1.50e+01 4.44e-03 2.58e+00
  ... (remaining 13 not shown)

  Histogram of chiral volume deviations from ideal:
       0.003 -    0.015: 1
       0.015 -    0.026: 0
       0.026 -    0.038: 0
       0.038 -    0.050: 0
       0.050 -    0.062: 1
  Chirality restraints: 2
  Sorted by residual:
  chirality pdb=" CA  ALA A   3 "
            pdb=" C   ALA A   3 "
            pdb=" CB  ALA A   3 "
            pdb=" N   ALA A   3 "
    both_signs  ideal   model   delta    sigma   weight residual
      False      2.48    2.42    0.06 2.00e-01 2.50e+01 9.67e-02
  chirality pdb=" CA  PHE A   2 "
            pdb=" CB  PHE A   2 "
            pdb=" C   PHE A   2 "
            pdb=" N   PHE A   2 "
    both_signs  ideal   model   delta    sigma   weight residual
      False     -2.51   -2.51   -0.00 2.00e-01 2.50e+01 1.79e-04

  Planarity restraints: 6
  Sorted by residual:
                                 delta    sigma   weight rms_deltas residual
  plane pdb=" CB  PHE A   2 "    0.017 2.00e-02 2.50e+03   1.13e-02 3.81e+00
        pdb=" CG  PHE A   2 "    0.003 2.00e-02 2.50e+03
        pdb=" CD1 PHE A   2 "   -0.006 2.00e-02 2.50e+03
        pdb=" HD1 PHE A   2 "   -0.018 2.00e-02 2.50e+03
        pdb=" CE1 PHE A   2 "    0.002 2.00e-02 2.50e+03
        pdb=" HE1 PHE A   2 "    0.017 2.00e-02 2.50e+03
        pdb=" CZ  PHE A   2 "    0.002 2.00e-02 2.50e+03
        pdb=" HZ  PHE A   2 "   -0.006 2.00e-02 2.50e+03
        pdb=" CE2 PHE A   2 "    0.002 2.00e-02 2.50e+03
        pdb=" HE2 PHE A   2 "    0.005 2.00e-02 2.50e+03
        pdb=" CD2 PHE A   2 "   -0.022 2.00e-02 2.50e+03
        pdb=" HD2 PHE A   2 "    0.004 2.00e-02 2.50e+03
                                 delta    sigma   weight rms_deltas residual
  plane pdb=" C   PHE A   2 "    0.009 2.00e-02 2.50e+03   1.65e-02 2.74e+00
        pdb=" CA  ALA A   3 "    0.007 2.00e-02 2.50e+03
        pdb=" N   ALA A   3 "   -0.028 2.00e-02 2.50e+03
        pdb=" H   ALA A   3 "    0.013 2.00e-02 2.50e+03
                                 delta    sigma   weight rms_deltas residual
  plane pdb=" C   PHE A   2 "    0.025 2.00e-02 2.50e+03   1.44e-02 2.06e+00
        pdb=" O   PHE A   2 "   -0.009 2.00e-02 2.50e+03
        pdb=" CA  PHE A   2 "   -0.007 2.00e-02 2.50e+03
        pdb=" N   ALA A   3 "   -0.008 2.00e-02 2.50e+03
  ... (remaining 3 not shown)

  Histogram of nonbonded interaction distances:
        1.46 -     2.14: 4
        2.14 -     2.82: 60
        2.82 -     3.50: 75
        3.50 -     4.18: 74
        4.18 -     4.86: 97
  Nonbonded interactions: 310
  Sorted by model distance:
  nonbonded pdb=" HA1 GLY A   1 "
            pdb=" H2  GLY A   1 "
     model   vdw
     1.463 1.816
  nonbonded pdb=" H1  GLY A   1 "
            pdb=" HD2 PHE A   2 "
     model   vdw
     2.024 2.100
  nonbonded pdb=" HXT ALA A   3 "
            pdb=" HA  ALA A   3 "
     model   vdw
     2.063 2.270
  nonbonded pdb=" HA  PHE A   2 "
            pdb=" H   PHE A   2 "
     model   vdw
     2.122 1.816
  nonbonded pdb=" HA2 GLY A   1 "
            pdb=" H2  GLY A   1 "
     model   vdw
     2.154 1.816
  ... (remaining 305 not shown)

  NOTE: a complete listing of the restraints can be obtained by requesting
        output of .geo file.

                   ----------xray_structure summary----------                  

Number of scattering types: 4
  Type Number    sf(0)   Gaussians
   O       4      7.97       2
   N       3      6.97       2
   C      14      5.97       2
   H      19      1.00       2
  sf(0) = scattering factor at diffraction angle 0.
Number of scatterers: 40
At special positions: 0
Unit cell: (17.316, 12.287, 11.138, 90, 90, 90)
Space group: P 1 (No. 1)

End of input processing
r_work=0.6013 r_free=0.5000
params.data_weight: None
params.restraints: cctbx
rmsd(b), start:  0.0937
mc:   0 R: 0.2781 rmsd(b):  0.0999 restraint_scale:  2.0 min_steps: 52
mc:   1 R: 0.2182 rmsd(b):  0.1377 restraint_scale:  4.0 min_steps: 42
mc:   2 R: 0.2617 rmsd(b):  0.0659 restraint_scale:  8.0 min_steps: 26
mc:   3 R: 0.2712 rmsd(b):  0.0564 restraint_scale: 16.0 min_steps: 14
mc:   4 R: 0.2914 rmsd(b):  0.0349 restraint_scale: 32.0 min_steps: 31
mc:   5 R: 0.3370 rmsd(b):  0.0114 restraint_scale: 32.0 min_steps: 37
mc:   6 R: 0.3369 rmsd(b):  0.0114 restraint_scale: 32.0 min_steps: 1
Convergence reached, stop now.
see the result structure:  ./p26/04_results/refine_cctbx/244_GFA12-new/1.5/7.pdb
Time: 6.4192
