phenix.python
you are importing  adaptive calculator, and it does nothing. Please give it energy, force....... 

============================== Collecting inputs ==============================


                   ----------Processing X-ray data----------                   

F-obs:
  /scratch/m_zhen01/30993.lupus.uni-muenster.de/p26/02_mtz/228_GGF08-new.mtz:F-obs
Miller array info: None
Observation type: xray.amplitude
Type of data: double, size=205
Type of sigmas: None
Number of Miller indices: 205
Anomalous flag: False
Unit cell: (15.127, 10.801, 12.687, 90, 90, 90)
Space group: P 1 (No. 1)
Systematic absences: 0
Centric reflections: 0
Resolution range: 3.96812 2.50244
Completeness in resolution range: 1
Completeness with d_max=infinity: 0.756458

Number of F-obs in resolution range:                   205
Number of F-obs<0 (these reflections will be rejected): 0
Number of F-obs=0 (these reflections will be used in refinement): 0
Refinement resolution range: d_max =   3.9681
                             d_min =   2.5024

R-free flags:
  /scratch/m_zhen01/30993.lupus.uni-muenster.de/p26/02_mtz/228_GGF08-new.mtz:R-free-flags
Miller array info: /scratch/m_zhen01/30993.lupus.uni-muenster.de/p26/02_mtz/228_GGF08-new.mtz:R-free-flags
Observation type: None
Type of data: int, size=205
Type of sigmas: None
Number of Miller indices: 205
Anomalous flag: False
Unit cell: (15.127, 10.801, 12.687, 90, 90, 90)
Space group: P 1 (No. 1)
Systematic absences: 0
Centric reflections: 0
Resolution range: 3.96812 2.50244
Completeness in resolution range: 1
Completeness with d_max=infinity: 0.756458
Wavelength: 1.0000

Test (R-free flags) flag value: 1

Number of work/free reflections by resolution:
                                  work free  %free
  bin  1: 3.9681 - 3.6370 [21/21]   19    2   9.5%
  bin  2: 3.6370 - 3.3945 [25/25]   21    4  16.0%
  bin  3: 3.3945 - 3.2060 [16/16]   16    0   0.0%
  bin  4: 3.2060 - 3.0534 [27/27]   27    0   0.0%
  bin  5: 3.0534 - 2.9262 [19/19]   15    4  21.1%
  bin  6: 2.9262 - 2.8179 [22/22]   22    0   0.0%
  bin  7: 2.8179 - 2.7241 [18/18]   18    0   0.0%
  bin  8: 2.7241 - 2.6416 [21/21]   21    0   0.0%
  bin  9: 2.6416 - 2.5682 [26/26]   24    2   7.7%
  bin 10: 2.5682 - 2.5024 [10/10]   10    0   0.0%
                          overall  193   12   5.9%

                   ----------Processing PDB file(s)----------                  

  Monomer Library directory:
    "/tmp1/m_zhen01/phenix-installer-1.10.1-2155-intel-linux-2.6-x86_64-centos5/phenix-1.10.1-2155/modules/chem_data/mon_lib"
  Total number of atoms: 37
  Number of models: 1
  Model: ""
    Number of chains: 1
    Chain: "A"
      Number of atoms: 37
      Number of conformers: 1
      Conformer: ""
        Number of residues, atoms: 3, 37
          Classifications: {'peptide': 3}
          Modifications used: {'NH2NOTPRO': 1, 'COOH': 1}
          Link IDs: {'TRANS': 2}
  Time building chain proxies: 0.07, per 1000 atoms: 1.89
  Number of scatterers: 37
  At special positions: 0
  Unit cell: (15.127, 10.801, 12.687, 90, 90, 90)
  Space group: P 1 (No. 1)
  Number of sites at special positions: 0
  Number of scattering types: 4
    Type Number    sf(0)
     O       4      8.00
     N       3      7.00
     C      13      6.00
     H      17      1.00
    sf(0) = scattering factor at diffraction angle 0.

  Number of disulfides: simple=0, symmetry=0

  Automatic linking
    Parameters for automatic linking
      Linking & cutoffs
        Metal                : False - 3.50
        Amimo acid           : False - 1.90
        Carbohydrate         : True  - 1.99
        Ligands              : True  - 1.99
        Amino acid - RNA/DNA : False
      
  Number of custom bonds: simple=0, symmetry=0
  Time building additional restraints: 0.02
  Conformation dependent library (CDL) restraints added in 2.5 milliseconds
  
  Adding C-beta torsion restraints...
  Number of C-beta restraints generated:  2
  Time building geometry restraints manager: 0.02 seconds

  NOTE: a complete listing of the restraints can be obtained by requesting
        output of .geo file.

  Histogram of bond lengths:
        0.81 -     0.96: 8
        0.96 -     1.10: 9
        1.10 -     1.25: 3
        1.25 -     1.40: 9
        1.40 -     1.54: 8
  Bond restraints: 37
  Sorted by residual:
  bond pdb=" N   GLY A   2 "
       pdb=" H   GLY A   2 "
    ideal  model  delta    sigma   weight residual
    0.860  0.808  0.052 2.00e-02 2.50e+03 6.65e+00
  bond pdb=" N   PHE A   3 "
       pdb=" H   PHE A   3 "
    ideal  model  delta    sigma   weight residual
    0.860  0.902 -0.042 2.00e-02 2.50e+03 4.48e+00
  bond pdb=" CB  PHE A   3 "
       pdb=" HB1 PHE A   3 "
    ideal  model  delta    sigma   weight residual
    0.970  1.010 -0.040 2.00e-02 2.50e+03 4.09e+00
  bond pdb=" C   GLY A   2 "
       pdb=" O   GLY A   2 "
    ideal  model  delta    sigma   weight residual
    1.235  1.208  0.027 1.35e-02 5.49e+03 4.01e+00
  bond pdb=" CE2 PHE A   3 "
       pdb=" HE2 PHE A   3 "
    ideal  model  delta    sigma   weight residual
    0.930  0.892  0.038 2.00e-02 2.50e+03 3.65e+00
  ... (remaining 32 not shown)

  Histogram of bond angle deviations from ideal:
      104.79 -   108.56: 10
      108.56 -   112.33: 14
      112.33 -   116.09: 4
      116.09 -   119.86: 13
      119.86 -   123.63: 19
  Bond angle restraints: 60
  Sorted by residual:
  angle pdb=" C   GLY A   1 "
        pdb=" CA  GLY A   1 "
        pdb=" N   GLY A   1 "
      ideal   model   delta    sigma   weight residual
     113.30  107.91    5.39 2.90e+00 1.19e-01 3.45e+00
  angle pdb=" O   GLY A   2 "
        pdb=" C   GLY A   2 "
        pdb=" N   PHE A   3 "
      ideal   model   delta    sigma   weight residual
     122.70  120.63    2.07 1.30e+00 5.92e-01 2.53e+00
  angle pdb=" CA  GLY A   1 "
        pdb=" N   GLY A   1 "
        pdb=" H1  GLY A   1 "
      ideal   model   delta    sigma   weight residual
     109.47  104.79    4.68 3.00e+00 1.11e-01 2.43e+00
  angle pdb=" CB  PHE A   3 "
        pdb=" CG  PHE A   3 "
        pdb=" CD1 PHE A   3 "
      ideal   model   delta    sigma   weight residual
     120.70  123.23   -2.53 1.70e+00 3.46e-01 2.22e+00
  angle pdb=" CD2 PHE A   3 "
        pdb=" CG  PHE A   3 "
        pdb=" CD1 PHE A   3 "
      ideal   model   delta    sigma   weight residual
     118.60  116.47    2.13 1.50e+00 4.44e-01 2.01e+00
  ... (remaining 55 not shown)

  Histogram of dihedral angle deviations from ideal:
        0.06 -     5.40: 12
        5.40 -    10.74: 0
       10.74 -    16.08: 0
       16.08 -    21.42: 0
       21.42 -    26.76: 1
  Dihedral angle restraints: 13
    sinusoidal: 3
      harmonic: 10
  Sorted by residual:
  dihedral pdb=" OXT PHE A   3 "
           pdb=" C   PHE A   3 "
           pdb=" CA  PHE A   3 "
           pdb=" N   PHE A   3 "
      ideal   model   delta sinusoidal    sigma   weight residual
     160.00  133.24   26.76     2      3.00e+01 1.11e-03 1.08e+00
  dihedral pdb=" CG  PHE A   3 "
           pdb=" CD2 PHE A   3 "
           pdb=" CE2 PHE A   3 "
           pdb=" HE2 PHE A   3 "
      ideal   model   delta  harmonic     sigma   weight residual
    -180.00 -177.00   -3.00     0      5.00e+00 4.00e-02 3.61e-01
  dihedral pdb=" N   PHE A   3 "
           pdb=" C   PHE A   3 "
           pdb=" CA  PHE A   3 "
           pdb=" CB  PHE A   3 "
      ideal   model   delta  harmonic     sigma   weight residual
     122.80  121.66    1.14     0      2.50e+00 1.60e-01 2.09e-01
  ... (remaining 10 not shown)

  Histogram of chiral volume deviations from ideal:
       0.032 -    0.032: 1
       0.032 -    0.032: 0
       0.032 -    0.032: 0
       0.032 -    0.032: 0
       0.032 -    0.032: 0
  Chirality restraints: 1
  Sorted by residual:
  chirality pdb=" CA  PHE A   3 "
            pdb=" C   PHE A   3 "
            pdb=" N   PHE A   3 "
            pdb=" CB  PHE A   3 "
    both_signs  ideal   model   delta    sigma   weight residual
      False     -2.51   -2.48   -0.03 2.00e-01 2.50e+01 2.51e-02

  Planarity restraints: 6
  Sorted by residual:
                                 delta    sigma   weight rms_deltas residual
  plane pdb=" CB  PHE A   3 "    0.002 2.00e-02 2.50e+03   1.14e-02 3.92e+00
        pdb=" CG  PHE A   3 "    0.005 2.00e-02 2.50e+03
        pdb=" CD2 PHE A   3 "   -0.004 2.00e-02 2.50e+03
        pdb=" HD2 PHE A   3 "    0.004 2.00e-02 2.50e+03
        pdb=" CE2 PHE A   3 "    0.020 2.00e-02 2.50e+03
        pdb=" HE2 PHE A   3 "   -0.027 2.00e-02 2.50e+03
        pdb=" CZ  PHE A   3 "    0.008 2.00e-02 2.50e+03
        pdb=" HZ  PHE A   3 "    0.003 2.00e-02 2.50e+03
        pdb=" CE1 PHE A   3 "    0.013 2.00e-02 2.50e+03
        pdb=" HE1 PHE A   3 "   -0.007 2.00e-02 2.50e+03
        pdb=" CD1 PHE A   3 "   -0.008 2.00e-02 2.50e+03
        pdb=" HD1 PHE A   3 "   -0.008 2.00e-02 2.50e+03
                                 delta    sigma   weight rms_deltas residual
  plane pdb=" C   GLY A   1 "   -0.008 2.00e-02 2.50e+03   1.63e-02 2.64e+00
        pdb=" CA  GLY A   2 "   -0.007 2.00e-02 2.50e+03
        pdb=" N   GLY A   2 "    0.028 2.00e-02 2.50e+03
        pdb=" H   GLY A   2 "   -0.013 2.00e-02 2.50e+03
                                 delta    sigma   weight rms_deltas residual
  plane pdb=" O   PHE A   3 "    0.009 2.00e-02 2.50e+03   1.41e-02 2.49e+00
        pdb=" C   PHE A   3 "   -0.027 2.00e-02 2.50e+03
        pdb=" OXT PHE A   3 "    0.001 2.00e-02 2.50e+03
        pdb=" HXT PHE A   3 "    0.007 2.00e-02 2.50e+03
        pdb=" CA  PHE A   3 "    0.011 2.00e-02 2.50e+03
  ... (remaining 3 not shown)

  Histogram of nonbonded interaction distances:
        2.08 -     2.64: 35
        2.64 -     3.21: 55
        3.21 -     3.77: 57
        3.77 -     4.33: 66
        4.33 -     4.90: 72
  Nonbonded interactions: 285
  Sorted by model distance:
  nonbonded pdb=" C   GLY A   1 "
            pdb=" H2  GLY A   1 "
     model   vdw
     2.076 2.240
  nonbonded pdb=" HA2 GLY A   1 "
            pdb=" H1  GLY A   1 "
     model   vdw
     2.104 1.816
  nonbonded pdb=" HA2 GLY A   1 "
            pdb=" H2  GLY A   1 "
     model   vdw
     2.210 1.816
  nonbonded pdb=" HE2 PHE A   3 "
            pdb=" HZ  PHE A   3 "
     model   vdw
     2.212 1.680
  nonbonded pdb=" HA1 GLY A   1 "
            pdb=" H   GLY A   2 "
     model   vdw
     2.222 2.270
  ... (remaining 280 not shown)

  NOTE: a complete listing of the restraints can be obtained by requesting
        output of .geo file.

                   ----------xray_structure summary----------                  

Number of scattering types: 4
  Type Number    sf(0)   Gaussians
   O       4      7.97       2
   N       3      6.97       2
   C      13      5.97       2
   H      17      1.00       2
  sf(0) = scattering factor at diffraction angle 0.
Number of scatterers: 37
At special positions: 0
Unit cell: (15.127, 10.801, 12.687, 90, 90, 90)
Space group: P 1 (No. 1)

End of input processing
r_work=0.5624 r_free=0.3570
params.data_weight: 0.0
params.restraints: cctbx
rmsd(b), start:  0.0877
mc:   0 R: 0.5674 rmsd(b):  0.0005 restraint_scale:  1.0 min_steps: 53
mc:   1 R: 0.5426 rmsd(b):  0.0005 restraint_scale:  1.0 min_steps: 55
mc:   2 R: 0.5412 rmsd(b):  0.0005 restraint_scale:  1.0 min_steps: 54
mc:   3 R: 0.5377 rmsd(b):  0.0005 restraint_scale:  1.0 min_steps: 55
mc:   4 R: 0.5342 rmsd(b):  0.0005 restraint_scale:  1.0 min_steps: 54
mc:   5 R: 0.5306 rmsd(b):  0.0005 restraint_scale:  1.0 min_steps: 53
mc:   6 R: 0.5272 rmsd(b):  0.0005 restraint_scale:  1.0 min_steps: 54
mc:   7 R: 0.5164 rmsd(b):  0.0005 restraint_scale:  1.0 min_steps: 54
mc:   8 R: 0.5169 rmsd(b):  0.0005 restraint_scale:  1.0 min_steps: 52
Convergence reached, stop now.
see the result structure:  ./p26/04_results/opt_cctbx/228_GGF08-new/0.9/9.pdb
Time: 6.2522
