phenix.python
you are importing  adaptive calculator, and it does nothing. Please give it energy, force....... 

============================== Collecting inputs ==============================


                   ----------Processing X-ray data----------                   

F-obs:
  /scratch/m_zhen01/30993.lupus.uni-muenster.de/p26/02_mtz/229_GGF11-new.mtz:F-obs
Miller array info: None
Observation type: xray.amplitude
Type of data: double, size=190
Type of sigmas: None
Number of Miller indices: 190
Anomalous flag: False
Unit cell: (13.283, 13.75, 10.689, 90, 90, 90)
Space group: P 1 (No. 1)
Systematic absences: 0
Centric reflections: 0
Resolution range: 3.98506 2.53401
Completeness in resolution range: 1
Completeness with d_max=infinity: 0.736434

Number of F-obs in resolution range:                   190
Number of F-obs<0 (these reflections will be rejected): 0
Number of F-obs=0 (these reflections will be used in refinement): 0
Refinement resolution range: d_max =   3.9851
                             d_min =   2.5340

R-free flags:
  /scratch/m_zhen01/30993.lupus.uni-muenster.de/p26/02_mtz/229_GGF11-new.mtz:R-free-flags
Miller array info: /scratch/m_zhen01/30993.lupus.uni-muenster.de/p26/02_mtz/229_GGF11-new.mtz:R-free-flags
Observation type: None
Type of data: int, size=190
Type of sigmas: None
Number of Miller indices: 190
Anomalous flag: False
Unit cell: (13.283, 13.75, 10.689, 90, 90, 90)
Space group: P 1 (No. 1)
Systematic absences: 0
Centric reflections: 0
Resolution range: 3.98506 2.53401
Completeness in resolution range: 1
Completeness with d_max=infinity: 0.736434
Wavelength: 1.0000

Test (R-free flags) flag value: 1

Number of work/free reflections by resolution:
                                  work free  %free
  bin  1: 3.9851 - 3.6618 [12/12]    8    4  33.3%
  bin  2: 3.6618 - 3.4230 [20/20]   20    0   0.0%
  bin  3: 3.4230 - 3.2364 [19/19]   19    0   0.0%
  bin  4: 3.2364 - 3.0849 [18/18]   18    0   0.0%
  bin  5: 3.0849 - 2.9582 [24/24]   24    0   0.0%
  bin  6: 2.9582 - 2.8501 [14/14]   14    0   0.0%
  bin  7: 2.8501 - 2.7562 [14/14]   10    4  28.6%
  bin  8: 2.7562 - 2.6736 [19/19]   19    0   0.0%
  bin  9: 2.6736 - 2.6001 [30/30]   30    0   0.0%
  bin 10: 2.6001 - 2.5340 [20/20]   20    0   0.0%
                          overall  182    8   4.2%

                   ----------Processing PDB file(s)----------                  

  Monomer Library directory:
    "/tmp1/m_zhen01/phenix-installer-1.10.1-2155-intel-linux-2.6-x86_64-centos5/phenix-1.10.1-2155/modules/chem_data/mon_lib"
  Total number of atoms: 37
  Number of models: 1
  Model: ""
    Number of chains: 1
    Chain: "A"
      Number of atoms: 37
      Number of conformers: 1
      Conformer: ""
        Number of residues, atoms: 3, 37
          Classifications: {'peptide': 3}
          Modifications used: {'NH2NOTPRO': 1, 'COOH': 1}
          Link IDs: {'TRANS': 2}
  Time building chain proxies: 0.08, per 1000 atoms: 2.16
  Number of scatterers: 37
  At special positions: 0
  Unit cell: (13.283, 13.75, 10.689, 90, 90, 90)
  Space group: P 1 (No. 1)
  Number of sites at special positions: 0
  Number of scattering types: 4
    Type Number    sf(0)
     O       4      8.00
     N       3      7.00
     C      13      6.00
     H      17      1.00
    sf(0) = scattering factor at diffraction angle 0.

  Number of disulfides: simple=0, symmetry=0

  Automatic linking
    Parameters for automatic linking
      Linking & cutoffs
        Metal                : False - 3.50
        Amimo acid           : False - 1.90
        Carbohydrate         : True  - 1.99
        Ligands              : True  - 1.99
        Amino acid - RNA/DNA : False
      
  Number of custom bonds: simple=0, symmetry=0
  Time building additional restraints: 0.02
  Conformation dependent library (CDL) restraints added in 2.5 milliseconds
  
  Adding C-beta torsion restraints...
  Number of C-beta restraints generated:  2
  Time building geometry restraints manager: 0.03 seconds

  NOTE: a complete listing of the restraints can be obtained by requesting
        output of .geo file.

  Histogram of bond lengths:
        0.81 -     0.96: 10
        0.96 -     1.11: 7
        1.11 -     1.26: 3
        1.26 -     1.41: 7
        1.41 -     1.56: 10
  Bond restraints: 37
  Sorted by residual:
  bond pdb=" N   GLY A   2 "
       pdb=" H   GLY A   2 "
    ideal  model  delta    sigma   weight residual
    0.860  0.811  0.049 2.00e-02 2.50e+03 6.00e+00
  bond pdb=" CB  PHE A   3 "
       pdb=" CG  PHE A   3 "
    ideal  model  delta    sigma   weight residual
    1.502  1.556 -0.054 2.30e-02 1.89e+03 5.56e+00
  bond pdb=" N   GLY A   1 "
       pdb=" H1  GLY A   1 "
    ideal  model  delta    sigma   weight residual
    0.960  0.922  0.038 2.00e-02 2.50e+03 3.56e+00
  bond pdb=" CD1 PHE A   3 "
       pdb=" CE1 PHE A   3 "
    ideal  model  delta    sigma   weight residual
    1.382  1.432 -0.050 3.00e-02 1.11e+03 2.75e+00
  bond pdb=" N   GLY A   1 "
       pdb=" H2  GLY A   1 "
    ideal  model  delta    sigma   weight residual
    0.960  0.928  0.032 2.00e-02 2.50e+03 2.61e+00
  ... (remaining 32 not shown)

  Histogram of bond angle deviations from ideal:
      104.82 -   108.77: 12
      108.77 -   112.72: 13
      112.72 -   116.66: 5
      116.66 -   120.61: 15
      120.61 -   124.56: 15
  Bond angle restraints: 60
  Sorted by residual:
  angle pdb=" O   GLY A   1 "
        pdb=" C   GLY A   1 "
        pdb=" N   GLY A   2 "
      ideal   model   delta    sigma   weight residual
     123.00  120.17    2.83 1.60e+00 3.91e-01 3.13e+00
  angle pdb=" CA  GLY A   1 "
        pdb=" C   GLY A   1 "
        pdb=" N   GLY A   2 "
      ideal   model   delta    sigma   weight residual
     116.20  119.04   -2.84 2.00e+00 2.50e-01 2.01e+00
  angle pdb=" C   GLY A   1 "
        pdb=" N   GLY A   2 "
        pdb=" CA  GLY A   2 "
      ideal   model   delta    sigma   weight residual
     121.41  124.12   -2.71 1.96e+00 2.60e-01 1.91e+00
  angle pdb=" CG  PHE A   3 "
        pdb=" CD2 PHE A   3 "
        pdb=" CE2 PHE A   3 "
      ideal   model   delta    sigma   weight residual
     120.70  123.03   -2.33 1.70e+00 3.46e-01 1.88e+00
  angle pdb=" CA  GLY A   2 "
        pdb=" C   GLY A   2 "
        pdb=" N   PHE A   3 "
      ideal   model   delta    sigma   weight residual
     116.69  119.48   -2.79 2.04e+00 2.40e-01 1.86e+00
  ... (remaining 55 not shown)

  Histogram of dihedral angle deviations from ideal:
        0.25 -    36.14: 12
       36.14 -    72.02: 0
       72.02 -   107.91: 0
      107.91 -   143.79: 0
      143.79 -   179.68: 1
  Dihedral angle restraints: 13
    sinusoidal: 3
      harmonic: 10
  Sorted by residual:
  dihedral pdb=" O   PHE A   3 "
           pdb=" C   PHE A   3 "
           pdb=" OXT PHE A   3 "
           pdb=" HXT PHE A   3 "
      ideal   model   delta  harmonic     sigma   weight residual
       0.00 -179.68  179.68     0      3.00e+01 1.11e-03 3.59e+01
  dihedral pdb=" CA  GLY A   2 "
           pdb=" C   GLY A   2 "
           pdb=" N   PHE A   3 "
           pdb=" CA  PHE A   3 "
      ideal   model   delta  harmonic     sigma   weight residual
    -180.00 -167.87  -12.13     0      5.00e+00 4.00e-02 5.89e+00
  dihedral pdb=" CA  GLY A   1 "
           pdb=" C   GLY A   1 "
           pdb=" N   GLY A   2 "
           pdb=" CA  GLY A   2 "
      ideal   model   delta  harmonic     sigma   weight residual
     180.00  170.87    9.13     0      5.00e+00 4.00e-02 3.34e+00
  ... (remaining 10 not shown)

  Histogram of chiral volume deviations from ideal:
       0.026 -    0.026: 1
       0.026 -    0.026: 0
       0.026 -    0.026: 0
       0.026 -    0.026: 0
       0.026 -    0.026: 0
  Chirality restraints: 1
  Sorted by residual:
  chirality pdb=" CA  PHE A   3 "
            pdb=" C   PHE A   3 "
            pdb=" N   PHE A   3 "
            pdb=" CB  PHE A   3 "
    both_signs  ideal   model   delta    sigma   weight residual
      False     -2.51   -2.54    0.03 2.00e-01 2.50e+01 1.67e-02

  Planarity restraints: 6
  Sorted by residual:
                                 delta    sigma   weight rms_deltas residual
  plane pdb=" CB  PHE A   3 "    0.006 2.00e-02 2.50e+03   1.35e-02 5.43e+00
        pdb=" CG  PHE A   3 "   -0.011 2.00e-02 2.50e+03
        pdb=" CD1 PHE A   3 "   -0.001 2.00e-02 2.50e+03
        pdb=" HD1 PHE A   3 "   -0.023 2.00e-02 2.50e+03
        pdb=" CE1 PHE A   3 "    0.004 2.00e-02 2.50e+03
        pdb=" HE1 PHE A   3 "    0.028 2.00e-02 2.50e+03
        pdb=" CZ  PHE A   3 "   -0.002 2.00e-02 2.50e+03
        pdb=" HZ  PHE A   3 "   -0.007 2.00e-02 2.50e+03
        pdb=" CE2 PHE A   3 "   -0.009 2.00e-02 2.50e+03
        pdb=" HE2 PHE A   3 "   -0.011 2.00e-02 2.50e+03
        pdb=" CD2 PHE A   3 "    0.005 2.00e-02 2.50e+03
        pdb=" HD2 PHE A   3 "    0.020 2.00e-02 2.50e+03
                                 delta    sigma   weight rms_deltas residual
  plane pdb=" C   GLY A   1 "   -0.004 2.00e-02 2.50e+03   7.63e-03 5.82e-01
        pdb=" CA  GLY A   2 "   -0.003 2.00e-02 2.50e+03
        pdb=" N   GLY A   2 "    0.013 2.00e-02 2.50e+03
        pdb=" H   GLY A   2 "   -0.006 2.00e-02 2.50e+03
                                 delta    sigma   weight rms_deltas residual
  plane pdb=" C   GLY A   2 "   -0.011 2.00e-02 2.50e+03   6.33e-03 4.01e-01
        pdb=" O   GLY A   2 "    0.004 2.00e-02 2.50e+03
        pdb=" CA  GLY A   2 "    0.003 2.00e-02 2.50e+03
        pdb=" N   PHE A   3 "    0.004 2.00e-02 2.50e+03
  ... (remaining 3 not shown)

  Histogram of nonbonded interaction distances:
        2.02 -     2.59: 26
        2.59 -     3.16: 49
        3.16 -     3.73: 65
        3.73 -     4.30: 64
        4.30 -     4.88: 76
  Nonbonded interactions: 280
  Sorted by model distance:
  nonbonded pdb=" O   GLY A   1 "
            pdb=" H   PHE A   3 "
     model   vdw
     2.016 1.970
  nonbonded pdb=" HA1 GLY A   2 "
            pdb=" H   GLY A   2 "
     model   vdw
     2.113 1.816
  nonbonded pdb=" HXT PHE A   3 "
            pdb=" H   PHE A   3 "
     model   vdw
     2.157 2.100
  nonbonded pdb=" HE1 PHE A   3 "
            pdb=" HZ  PHE A   3 "
     model   vdw
     2.230 1.680
  nonbonded pdb=" HA  PHE A   3 "
            pdb=" HB1 PHE A   3 "
     model   vdw
     2.244 1.952
  ... (remaining 275 not shown)

  NOTE: a complete listing of the restraints can be obtained by requesting
        output of .geo file.

                   ----------xray_structure summary----------                  

Number of scattering types: 4
  Type Number    sf(0)   Gaussians
   O       4      7.97       2
   N       3      6.97       2
   C      13      5.97       2
   H      17      1.00       2
  sf(0) = scattering factor at diffraction angle 0.
Number of scatterers: 37
At special positions: 0
Unit cell: (13.283, 13.75, 10.689, 90, 90, 90)
Space group: P 1 (No. 1)

End of input processing
r_work=0.5383 r_free=0.6070
params.data_weight: 0.0
params.restraints: cctbx
rmsd(b), start:  0.0916
mc:   0 R: 0.5136 rmsd(b):  0.0020 restraint_scale:  1.0 min_steps: 53
mc:   1 R: 0.5088 rmsd(b):  0.0010 restraint_scale:  1.0 min_steps: 53
mc:   2 R: 0.5068 rmsd(b):  0.0009 restraint_scale:  1.0 min_steps: 52
mc:   3 R: 0.5044 rmsd(b):  0.0009 restraint_scale:  1.0 min_steps: 52
mc:   4 R: 0.5041 rmsd(b):  0.0007 restraint_scale:  1.0 min_steps: 54
mc:   5 R: 0.5044 rmsd(b):  0.0008 restraint_scale:  1.0 min_steps: 53
mc:   6 R: 0.5050 rmsd(b):  0.0007 restraint_scale:  1.0 min_steps: 52
mc:   7 R: 0.5045 rmsd(b):  0.0007 restraint_scale:  1.0 min_steps: 53
mc:   8 R: 0.5053 rmsd(b):  0.0008 restraint_scale:  1.0 min_steps: 52
mc:   9 R: 0.5050 rmsd(b):  0.0007 restraint_scale:  1.0 min_steps: 54
Convergence reached, stop now.
see the result structure:  ./p26/04_results/opt_cctbx/229_GGF11-new/1.5/8.pdb
Time: 6.4301
