phenix.python
you are importing  adaptive calculator, and it does nothing. Please give it energy, force....... 

============================== Collecting inputs ==============================


                   ----------Processing X-ray data----------                   

F-obs:
  /scratch/m_zhen01/30994.lupus.uni-muenster.de/p26/02_mtz/213_WGG15-new.mtz:F-obs
Miller array info: None
Observation type: xray.amplitude
Type of data: double, size=215
Type of sigmas: None
Number of Miller indices: 215
Anomalous flag: False
Unit cell: (15.336, 14.208, 10.255, 90, 90, 90)
Space group: P 1 (No. 1)
Systematic absences: 0
Centric reflections: 0
Resolution range: 3.84643 2.5113
Completeness in resolution range: 1
Completeness with d_max=infinity: 0.728814

Number of F-obs in resolution range:                   215
Number of F-obs<0 (these reflections will be rejected): 0
Number of F-obs=0 (these reflections will be used in refinement): 0
Refinement resolution range: d_max =   3.8464
                             d_min =   2.5113

R-free flags:
  /scratch/m_zhen01/30994.lupus.uni-muenster.de/p26/02_mtz/213_WGG15-new.mtz:R-free-flags
Miller array info: /scratch/m_zhen01/30994.lupus.uni-muenster.de/p26/02_mtz/213_WGG15-new.mtz:R-free-flags
Observation type: None
Type of data: int, size=215
Type of sigmas: None
Number of Miller indices: 215
Anomalous flag: False
Unit cell: (15.336, 14.208, 10.255, 90, 90, 90)
Space group: P 1 (No. 1)
Systematic absences: 0
Centric reflections: 0
Resolution range: 3.84643 2.5113
Completeness in resolution range: 1
Completeness with d_max=infinity: 0.728814
Wavelength: 1.0000

Test (R-free flags) flag value: 1

Number of work/free reflections by resolution:
                                  work free  %free
  bin  1: 3.8464 - 3.5619 [19/19]   18    1   5.3%
  bin  2: 3.5619 - 3.3464 [24/24]   23    1   4.2%
  bin  3: 3.3464 - 3.1751 [26/26]   26    0   0.0%
  bin  4: 3.1751 - 3.0342 [19/19]   19    0   0.0%
  bin  5: 3.0342 - 2.9154 [18/18]   16    2  11.1%
  bin  6: 2.9154 - 2.8133 [29/29]   29    0   0.0%
  bin  7: 2.8133 - 2.7241 [22/22]   20    2   9.1%
  bin  8: 2.7241 - 2.6452 [10/10]   10    0   0.0%
  bin  9: 2.6452 - 2.5748 [24/24]   24    0   0.0%
  bin 10: 2.5748 - 2.5113 [24/24]   23    1   4.2%
                          overall  208    7   3.3%

                   ----------Processing PDB file(s)----------                  

  Monomer Library directory:
    "/tmp1/m_zhen01/phenix-installer-1.10.1-2155-intel-linux-2.6-x86_64-centos5/phenix-1.10.1-2155/modules/chem_data/mon_lib"
  Total number of atoms: 41
  Number of models: 1
  Model: ""
    Number of chains: 1
    Chain: "A"
      Number of atoms: 41
      Number of conformers: 1
      Conformer: ""
        Number of residues, atoms: 3, 41
          Classifications: {'peptide': 3}
          Modifications used: {'NH2NOTPRO': 1, 'COOH': 1}
          Link IDs: {'TRANS': 2}
  Time building chain proxies: 0.08, per 1000 atoms: 1.95
  Number of scatterers: 41
  At special positions: 0
  Unit cell: (15.336, 14.208, 10.255, 90, 90, 90)
  Space group: P 1 (No. 1)
  Number of sites at special positions: 0
  Number of scattering types: 4
    Type Number    sf(0)
     O       4      8.00
     N       4      7.00
     C      15      6.00
     H      18      1.00
    sf(0) = scattering factor at diffraction angle 0.

  Number of disulfides: simple=0, symmetry=0

  Automatic linking
    Parameters for automatic linking
      Linking & cutoffs
        Metal                : False - 3.50
        Amimo acid           : False - 1.90
        Carbohydrate         : True  - 1.99
        Ligands              : True  - 1.99
        Amino acid - RNA/DNA : False
      
  Number of custom bonds: simple=0, symmetry=0
  Time building additional restraints: 0.03
  Conformation dependent library (CDL) restraints added in 2.9 milliseconds
  
  Adding C-beta torsion restraints...
  Number of C-beta restraints generated:  2
  Time building geometry restraints manager: 0.04 seconds

  NOTE: a complete listing of the restraints can be obtained by requesting
        output of .geo file.

  Histogram of bond lengths:
        0.81 -     0.96: 12
        0.96 -     1.10: 6
        1.10 -     1.25: 3
        1.25 -     1.40: 11
        1.40 -     1.55: 10
  Bond restraints: 42
  Sorted by residual:
  bond pdb=" CA  GLY A   2 "
       pdb=" HA1 GLY A   2 "
    ideal  model  delta    sigma   weight residual
    0.970  0.915  0.055 2.00e-02 2.50e+03 7.52e+00
  bond pdb=" N   GLY A   3 "
       pdb=" H   GLY A   3 "
    ideal  model  delta    sigma   weight residual
    0.860  0.810  0.050 2.00e-02 2.50e+03 6.36e+00
  bond pdb=" C   GLY A   2 "
       pdb=" N   GLY A   3 "
    ideal  model  delta    sigma   weight residual
    1.329  1.353 -0.024 1.40e-02 5.10e+03 2.83e+00
  bond pdb=" CB  TRP A   1 "
       pdb=" HB1 TRP A   1 "
    ideal  model  delta    sigma   weight residual
    0.970  0.944  0.026 2.00e-02 2.50e+03 1.72e+00
  bond pdb=" C   TRP A   1 "
       pdb=" O   TRP A   1 "
    ideal  model  delta    sigma   weight residual
    1.231  1.205  0.026 2.00e-02 2.50e+03 1.68e+00
  ... (remaining 37 not shown)

  Histogram of bond angle deviations from ideal:
      104.01 -   109.94: 20
      109.94 -   115.86: 17
      115.86 -   121.79: 13
      121.79 -   127.71: 17
      127.71 -   133.64: 2
  Bond angle restraints: 69
  Sorted by residual:
  angle pdb=" CA  TRP A   1 "
        pdb=" C   TRP A   1 "
        pdb=" N   GLY A   2 "
      ideal   model   delta    sigma   weight residual
     116.20  120.49   -4.29 2.00e+00 2.50e-01 4.60e+00
  angle pdb=" C   GLY A   2 "
        pdb=" N   GLY A   3 "
        pdb=" CA  GLY A   3 "
      ideal   model   delta    sigma   weight residual
     121.70  117.99    3.71 1.80e+00 3.09e-01 4.25e+00
  angle pdb=" HB1 TRP A   1 "
        pdb=" CB  TRP A   1 "
        pdb=" HB2 TRP A   1 "
      ideal   model   delta    sigma   weight residual
     110.00  115.11   -5.11 3.00e+00 1.11e-01 2.90e+00
  angle pdb=" HA  TRP A   1 "
        pdb=" CA  TRP A   1 "
        pdb=" CB  TRP A   1 "
      ideal   model   delta    sigma   weight residual
     109.00  104.01    4.99 3.00e+00 1.11e-01 2.76e+00
  angle pdb=" CH2 TRP A   1 "
        pdb=" CZ3 TRP A   1 "
        pdb=" CE3 TRP A   1 "
      ideal   model   delta    sigma   weight residual
     121.10  118.99    2.11 1.30e+00 5.92e-01 2.64e+00
  ... (remaining 64 not shown)

  Histogram of dihedral angle deviations from ideal:
        0.06 -    35.34: 13
       35.34 -    70.61: 0
       70.61 -   105.88: 0
      105.88 -   141.15: 0
      141.15 -   176.42: 1
  Dihedral angle restraints: 14
    sinusoidal: 3
      harmonic: 11
  Sorted by residual:
  dihedral pdb=" O   GLY A   3 "
           pdb=" C   GLY A   3 "
           pdb=" OXT GLY A   3 "
           pdb=" HXT GLY A   3 "
      ideal   model   delta  harmonic     sigma   weight residual
       0.00  176.42 -176.42     0      3.00e+01 1.11e-03 3.46e+01
  dihedral pdb=" CA  GLY A   2 "
           pdb=" C   GLY A   2 "
           pdb=" N   GLY A   3 "
           pdb=" CA  GLY A   3 "
      ideal   model   delta  harmonic     sigma   weight residual
    -180.00 -170.68   -9.32     0      5.00e+00 4.00e-02 3.48e+00
  dihedral pdb=" CA  TRP A   1 "
           pdb=" CB  TRP A   1 "
           pdb=" CG  TRP A   1 "
           pdb=" CD1 TRP A   1 "
      ideal   model   delta sinusoidal    sigma   weight residual
     -90.00  -65.94  -24.06     2      2.00e+01 2.50e-03 1.99e+00
  ... (remaining 11 not shown)

  Histogram of chiral volume deviations from ideal:
       0.009 -    0.009: 1
       0.009 -    0.009: 0
       0.009 -    0.009: 0
       0.009 -    0.009: 0
       0.009 -    0.009: 0
  Chirality restraints: 1
  Sorted by residual:
  chirality pdb=" CA  TRP A   1 "
            pdb=" C   TRP A   1 "
            pdb=" N   TRP A   1 "
            pdb=" CB  TRP A   1 "
    both_signs  ideal   model   delta    sigma   weight residual
      False     -2.51   -2.50   -0.01 2.00e-01 2.50e+01 2.08e-03

  Planarity restraints: 6
  Sorted by residual:
                                 delta    sigma   weight rms_deltas residual
  plane pdb=" CB  TRP A   1 "   -0.035 2.00e-02 2.50e+03   2.00e-02 1.60e+01
        pdb=" CG  TRP A   1 "    0.018 2.00e-02 2.50e+03
        pdb=" CD1 TRP A   1 "    0.015 2.00e-02 2.50e+03
        pdb=" HD1 TRP A   1 "    0.004 2.00e-02 2.50e+03
        pdb=" NE1 TRP A   1 "   -0.029 2.00e-02 2.50e+03
        pdb=" HE1 TRP A   1 "   -0.003 2.00e-02 2.50e+03
        pdb=" CE2 TRP A   1 "    0.004 2.00e-02 2.50e+03
        pdb=" CZ2 TRP A   1 "    0.008 2.00e-02 2.50e+03
        pdb=" HZ2 TRP A   1 "    0.011 2.00e-02 2.50e+03
        pdb=" CH2 TRP A   1 "    0.014 2.00e-02 2.50e+03
        pdb=" HH2 TRP A   1 "   -0.037 2.00e-02 2.50e+03
        pdb=" CZ3 TRP A   1 "    0.032 2.00e-02 2.50e+03
        pdb=" HZ3 TRP A   1 "   -0.020 2.00e-02 2.50e+03
        pdb=" CE3 TRP A   1 "   -0.010 2.00e-02 2.50e+03
        pdb=" HE3 TRP A   1 "    0.018 2.00e-02 2.50e+03
        pdb=" CD2 TRP A   1 "    0.010 2.00e-02 2.50e+03
                                 delta    sigma   weight rms_deltas residual
  plane pdb=" C   TRP A   1 "   -0.028 2.00e-02 2.50e+03   1.62e-02 2.62e+00
        pdb=" O   TRP A   1 "    0.010 2.00e-02 2.50e+03
        pdb=" CA  TRP A   1 "    0.008 2.00e-02 2.50e+03
        pdb=" N   GLY A   2 "    0.010 2.00e-02 2.50e+03
                                 delta    sigma   weight rms_deltas residual
  plane pdb=" O   GLY A   3 "    0.013 2.00e-02 2.50e+03   1.25e-02 1.97e+00
        pdb=" C   GLY A   3 "   -0.018 2.00e-02 2.50e+03
        pdb=" OXT GLY A   3 "   -0.010 2.00e-02 2.50e+03
        pdb=" HXT GLY A   3 "    0.014 2.00e-02 2.50e+03
        pdb=" CA  GLY A   3 "    0.000 2.00e-02 2.50e+03
  ... (remaining 3 not shown)

  Histogram of nonbonded interaction distances:
        2.21 -     2.74: 42
        2.74 -     3.26: 50
        3.26 -     3.79: 53
        3.79 -     4.32: 62
        4.32 -     4.85: 73
  Nonbonded interactions: 280
  Sorted by model distance:
  nonbonded pdb=" HA  TRP A   1 "
            pdb=" H1  TRP A   1 "
     model   vdw
     2.208 1.816
  nonbonded pdb=" HA1 GLY A   2 "
            pdb=" H   GLY A   2 "
     model   vdw
     2.219 1.816
  nonbonded pdb=" HA2 GLY A   3 "
            pdb=" H   GLY A   3 "
     model   vdw
     2.221 1.816
  nonbonded pdb=" HA2 GLY A   2 "
            pdb=" H   GLY A   3 "
     model   vdw
     2.260 2.270
  nonbonded pdb=" HZ2 TRP A   1 "
            pdb=" HH2 TRP A   1 "
     model   vdw
     2.270 1.680
  ... (remaining 275 not shown)

  NOTE: a complete listing of the restraints can be obtained by requesting
        output of .geo file.

                   ----------xray_structure summary----------                  

Number of scattering types: 4
  Type Number    sf(0)   Gaussians
   O       4      7.97       2
   N       4      6.97       2
   C      15      5.97       2
   H      18      1.00       2
  sf(0) = scattering factor at diffraction angle 0.
Number of scatterers: 41
At special positions: 0
Unit cell: (15.336, 14.208, 10.255, 90, 90, 90)
Space group: P 1 (No. 1)

End of input processing
r_work=0.5649 r_free=0.2285
params.data_weight: 0.0
params.restraints: qm
rmsd(b), start:  0.0945
mc:   0 R: 0.5516 rmsd(b):  0.0291 restraint_scale:  1.0 min_steps: 52
mc:   1 R: 0.5538 rmsd(b):  0.0289 restraint_scale:  1.0 min_steps: 53
mc:   2 R: 0.5523 rmsd(b):  0.0289 restraint_scale:  1.0 min_steps: 20
mc:   3 R: 0.5524 rmsd(b):  0.0289 restraint_scale:  1.0 min_steps: 10
Convergence reached, stop now.
see the result structure:  ./p26/04_results/opt_qm/213_WGG15-new/1.5/0.pdb
Time: 154.1645
