phenix.python
you are importing  adaptive calculator, and it does nothing. Please give it energy, force....... 

============================== Collecting inputs ==============================


                   ----------Processing X-ray data----------                   

F-obs:
  /scratch/m_zhen01/30993.lupus.uni-muenster.de/p26/02_mtz/204_WG04-new.mtz:F-obs
Miller array info: None
Observation type: xray.amplitude
Type of data: double, size=193
Type of sigmas: None
Number of Miller indices: 193
Anomalous flag: False
Unit cell: (9.785, 13.624, 14.786, 90, 90, 90)
Space group: P 1 (No. 1)
Systematic absences: 0
Centric reflections: 0
Resolution range: 3.99309 2.50482
Completeness in resolution range: 1
Completeness with d_max=infinity: 0.756863

Number of F-obs in resolution range:                   193
Number of F-obs<0 (these reflections will be rejected): 0
Number of F-obs=0 (these reflections will be used in refinement): 0
Refinement resolution range: d_max =   3.9931
                             d_min =   2.5048

R-free flags:
  /scratch/m_zhen01/30993.lupus.uni-muenster.de/p26/02_mtz/204_WG04-new.mtz:R-free-flags
Miller array info: /scratch/m_zhen01/30993.lupus.uni-muenster.de/p26/02_mtz/204_WG04-new.mtz:R-free-flags
Observation type: None
Type of data: int, size=193
Type of sigmas: None
Number of Miller indices: 193
Anomalous flag: False
Unit cell: (9.785, 13.624, 14.786, 90, 90, 90)
Space group: P 1 (No. 1)
Systematic absences: 0
Centric reflections: 0
Resolution range: 3.99309 2.50482
Completeness in resolution range: 1
Completeness with d_max=infinity: 0.756863
Wavelength: 1.0000

Test (R-free flags) flag value: 1

Number of work/free reflections by resolution:
                                  work free  %free
  bin  1: 3.9931 - 3.6539 [23/23]   23    0   0.0%
  bin  2: 3.6539 - 3.4068 [14/14]   12    2  14.3%
  bin  3: 3.4068 - 3.2153 [24/24]   22    2   8.3%
  bin  4: 3.2153 - 3.0607 [26/26]   26    0   0.0%
  bin  5: 3.0607 - 2.9321 [15/15]   15    0   0.0%
  bin  6: 2.9321 - 2.8228 [18/18]   18    0   0.0%
  bin  7: 2.8228 - 2.7281 [24/24]   20    4  16.7%
  bin  8: 2.7281 - 2.6449 [21/21]   21    0   0.0%
  bin  9: 2.6449 - 2.5711 [18/18]   18    0   0.0%
  bin 10: 2.5711 - 2.5048 [10/10]   10    0   0.0%
                          overall  185    8   4.1%

                   ----------Processing PDB file(s)----------                  

  Monomer Library directory:
    "/tmp1/m_zhen01/phenix-installer-1.10.1-2155-intel-linux-2.6-x86_64-centos5/phenix-1.10.1-2155/modules/chem_data/mon_lib"
  Total number of atoms: 34
  Number of models: 1
  Model: ""
    Number of chains: 1
    Chain: "A"
      Number of atoms: 34
      Number of conformers: 1
      Conformer: ""
        Number of residues, atoms: 2, 34
          Classifications: {'peptide': 2}
          Modifications used: {'NH2NOTPRO': 1, 'COOH': 1}
          Link IDs: {'TRANS': 1}
  Time building chain proxies: 0.07, per 1000 atoms: 2.06
  Number of scatterers: 34
  At special positions: 0
  Unit cell: (9.785, 13.624, 14.786, 90, 90, 90)
  Space group: P 1 (No. 1)
  Number of sites at special positions: 0
  Number of scattering types: 4
    Type Number    sf(0)
     O       3      8.00
     N       3      7.00
     C      13      6.00
     H      15      1.00
    sf(0) = scattering factor at diffraction angle 0.

  Number of disulfides: simple=0, symmetry=0

  Automatic linking
    Parameters for automatic linking
      Linking & cutoffs
        Metal                : False - 3.50
        Amimo acid           : False - 1.90
        Carbohydrate         : True  - 1.99
        Ligands              : True  - 1.99
        Amino acid - RNA/DNA : False
      
  Number of custom bonds: simple=0, symmetry=0
  Time building additional restraints: 0.02
  Conformation dependent library (CDL) restraints added in 520.0 microseconds
  
  Adding C-beta torsion restraints...
  Number of C-beta restraints generated:  2
  Time building geometry restraints manager: 0.02 seconds

  NOTE: a complete listing of the restraints can be obtained by requesting
        output of .geo file.

  Histogram of bond lengths:
        0.87 -     1.00: 15
        1.00 -     1.14: 0
        1.14 -     1.27: 2
        1.27 -     1.41: 10
        1.41 -     1.54: 8
  Bond restraints: 35
  Sorted by residual:
  bond pdb=" CB  TRP A   1 "
       pdb=" HB2 TRP A   1 "
    ideal  model  delta    sigma   weight residual
    0.970  0.923  0.047 2.00e-02 2.50e+03 5.61e+00
  bond pdb=" OXT GLY A   2 "
       pdb=" HXT GLY A   2 "
    ideal  model  delta    sigma   weight residual
    0.948  0.992 -0.044 2.00e-02 2.50e+03 4.87e+00
  bond pdb=" CZ3 TRP A   1 "
       pdb=" HZ3 TRP A   1 "
    ideal  model  delta    sigma   weight residual
    0.930  0.971 -0.041 2.00e-02 2.50e+03 4.28e+00
  bond pdb=" NE1 TRP A   1 "
       pdb=" HE1 TRP A   1 "
    ideal  model  delta    sigma   weight residual
    0.860  0.901 -0.041 2.00e-02 2.50e+03 4.22e+00
  bond pdb=" CE2 TRP A   1 "
       pdb=" CZ2 TRP A   1 "
    ideal  model  delta    sigma   weight residual
    1.394  1.428 -0.034 2.10e-02 2.27e+03 2.65e+00
  ... (remaining 30 not shown)

  Histogram of bond angle deviations from ideal:
      104.41 -   110.19: 19
      110.19 -   115.97: 9
      115.97 -   121.74: 14
      121.74 -   127.52: 12
      127.52 -   133.30: 3
  Bond angle restraints: 57
  Sorted by residual:
  angle pdb=" OXT GLY A   2 "
        pdb=" C   GLY A   2 "
        pdb=" O   GLY A   2 "
      ideal   model   delta    sigma   weight residual
     122.80  116.82    5.98 3.00e+00 1.11e-01 3.98e+00
  angle pdb=" CE2 TRP A   1 "
        pdb=" CZ2 TRP A   1 "
        pdb=" CH2 TRP A   1 "
      ideal   model   delta    sigma   weight residual
     117.50  115.29    2.21 1.30e+00 5.92e-01 2.90e+00
  angle pdb=" O   TRP A   1 "
        pdb=" C   TRP A   1 "
        pdb=" N   GLY A   2 "
      ideal   model   delta    sigma   weight residual
     123.00  120.55    2.45 1.60e+00 3.91e-01 2.34e+00
  angle pdb=" CA  TRP A   1 "
        pdb=" CB  TRP A   1 "
        pdb=" HB2 TRP A   1 "
      ideal   model   delta    sigma   weight residual
     109.00  104.41    4.59 3.00e+00 1.11e-01 2.34e+00
  angle pdb=" CA  TRP A   1 "
        pdb=" C   TRP A   1 "
        pdb=" N   GLY A   2 "
      ideal   model   delta    sigma   weight residual
     116.20  118.77   -2.57 2.00e+00 2.50e-01 1.65e+00
  ... (remaining 52 not shown)

  Histogram of dihedral angle deviations from ideal:
        0.19 -    35.28: 12
       35.28 -    70.37: 0
       70.37 -   105.47: 0
      105.47 -   140.56: 0
      140.56 -   175.65: 1
  Dihedral angle restraints: 13
    sinusoidal: 3
      harmonic: 10
  Sorted by residual:
  dihedral pdb=" O   GLY A   2 "
           pdb=" OXT GLY A   2 "
           pdb=" C   GLY A   2 "
           pdb=" HXT GLY A   2 "
      ideal   model   delta  harmonic     sigma   weight residual
       0.00 -175.65  175.65     0      3.00e+01 1.11e-03 3.43e+01
  dihedral pdb=" C   TRP A   1 "
           pdb=" N   TRP A   1 "
           pdb=" CA  TRP A   1 "
           pdb=" CB  TRP A   1 "
      ideal   model   delta  harmonic     sigma   weight residual
    -122.60 -119.23   -3.37     0      2.50e+00 1.60e-01 1.82e+00
  dihedral pdb=" OXT GLY A   2 "
           pdb=" C   GLY A   2 "
           pdb=" CA  GLY A   2 "
           pdb=" N   GLY A   2 "
      ideal   model   delta sinusoidal    sigma   weight residual
     160.00 -167.03  -32.97     2      3.00e+01 1.11e-03 1.58e+00
  ... (remaining 10 not shown)

  Histogram of chiral volume deviations from ideal:
       0.036 -    0.036: 1
       0.036 -    0.036: 0
       0.036 -    0.036: 0
       0.036 -    0.036: 0
       0.036 -    0.036: 0
  Chirality restraints: 1
  Sorted by residual:
  chirality pdb=" CA  TRP A   1 "
            pdb=" C   TRP A   1 "
            pdb=" N   TRP A   1 "
            pdb=" CB  TRP A   1 "
    both_signs  ideal   model   delta    sigma   weight residual
      False     -2.51   -2.55    0.04 2.00e-01 2.50e+01 3.16e-02

  Planarity restraints: 4
  Sorted by residual:
                                 delta    sigma   weight rms_deltas residual
  plane pdb=" C   TRP A   1 "    0.046 2.00e-02 2.50e+03   2.64e-02 6.98e+00
        pdb=" O   TRP A   1 "   -0.017 2.00e-02 2.50e+03
        pdb=" CA  TRP A   1 "   -0.014 2.00e-02 2.50e+03
        pdb=" N   GLY A   2 "   -0.015 2.00e-02 2.50e+03
                                 delta    sigma   weight rms_deltas residual
  plane pdb=" CB  TRP A   1 "   -0.004 2.00e-02 2.50e+03   1.15e-02 5.26e+00
        pdb=" CG  TRP A   1 "    0.018 2.00e-02 2.50e+03
        pdb=" CD1 TRP A   1 "    0.026 2.00e-02 2.50e+03
        pdb=" HD1 TRP A   1 "   -0.009 2.00e-02 2.50e+03
        pdb=" NE1 TRP A   1 "   -0.023 2.00e-02 2.50e+03
        pdb=" HE1 TRP A   1 "   -0.003 2.00e-02 2.50e+03
        pdb=" CE2 TRP A   1 "   -0.007 2.00e-02 2.50e+03
        pdb=" CZ2 TRP A   1 "    0.015 2.00e-02 2.50e+03
        pdb=" HZ2 TRP A   1 "   -0.003 2.00e-02 2.50e+03
        pdb=" CH2 TRP A   1 "    0.003 2.00e-02 2.50e+03
        pdb=" HH2 TRP A   1 "    0.002 2.00e-02 2.50e+03
        pdb=" CZ3 TRP A   1 "   -0.003 2.00e-02 2.50e+03
        pdb=" HZ3 TRP A   1 "   -0.000 2.00e-02 2.50e+03
        pdb=" CE3 TRP A   1 "    0.004 2.00e-02 2.50e+03
        pdb=" HE3 TRP A   1 "   -0.012 2.00e-02 2.50e+03
        pdb=" CD2 TRP A   1 "   -0.004 2.00e-02 2.50e+03
                                 delta    sigma   weight rms_deltas residual
  plane pdb=" OXT GLY A   2 "   -0.016 2.00e-02 2.50e+03   1.72e-02 3.68e+00
        pdb=" C   GLY A   2 "   -0.022 2.00e-02 2.50e+03
        pdb=" O   GLY A   2 "    0.018 2.00e-02 2.50e+03
        pdb=" HXT GLY A   2 "    0.020 2.00e-02 2.50e+03
        pdb=" CA  GLY A   2 "    0.001 2.00e-02 2.50e+03
  ... (remaining 1 not shown)

  Histogram of nonbonded interaction distances:
        1.85 -     2.46: 16
        2.46 -     3.07: 43
        3.07 -     3.68: 54
        3.68 -     4.29: 60
        4.29 -     4.90: 74
  Nonbonded interactions: 247
  Sorted by model distance:
  nonbonded pdb=" H1  TRP A   1 "
            pdb=" H   GLY A   2 "
     model   vdw
     1.853 2.100
  nonbonded pdb=" HA2 GLY A   2 "
            pdb=" H   GLY A   2 "
     model   vdw
     2.177 1.816
  nonbonded pdb=" H2  TRP A   1 "
            pdb=" H   GLY A   2 "
     model   vdw
     2.209 2.100
  nonbonded pdb=" HA  TRP A   1 "
            pdb=" H2  TRP A   1 "
     model   vdw
     2.248 1.816
  nonbonded pdb=" H1  TRP A   1 "
            pdb=" HD1 TRP A   1 "
     model   vdw
     2.252 2.100
  ... (remaining 242 not shown)

  NOTE: a complete listing of the restraints can be obtained by requesting
        output of .geo file.

                   ----------xray_structure summary----------                  

Number of scattering types: 4
  Type Number    sf(0)   Gaussians
   O       3      7.97       2
   N       3      6.97       2
   C      13      5.97       2
   H      15      1.00       2
  sf(0) = scattering factor at diffraction angle 0.
Number of scatterers: 34
At special positions: 0
Unit cell: (9.785, 13.624, 14.786, 90, 90, 90)
Space group: P 1 (No. 1)

End of input processing
r_work=0.5316 r_free=0.5898
params.data_weight: 0.0
params.restraints: cctbx
rmsd(b), start:  0.0860
mc:   0 R: 0.5295 rmsd(b):  0.0007 restraint_scale:  1.0 min_steps: 54
mc:   1 R: 0.5385 rmsd(b):  0.0012 restraint_scale:  1.0 min_steps: 53
mc:   2 R: 0.5439 rmsd(b):  0.0006 restraint_scale:  1.0 min_steps: 55
mc:   3 R: 0.5422 rmsd(b):  0.0009 restraint_scale:  1.0 min_steps: 55
mc:   4 R: 0.5427 rmsd(b):  0.0006 restraint_scale:  1.0 min_steps: 55
mc:   5 R: 0.5411 rmsd(b):  0.0007 restraint_scale:  1.0 min_steps: 53
mc:   6 R: 0.5407 rmsd(b):  0.0005 restraint_scale:  1.0 min_steps: 53
mc:   7 R: 0.5382 rmsd(b):  0.0007 restraint_scale:  1.0 min_steps: 57
mc:   8 R: 0.5371 rmsd(b):  0.0005 restraint_scale:  1.0 min_steps: 54
mc:   9 R: 0.5347 rmsd(b):  0.0006 restraint_scale:  1.0 min_steps: 53
mc:  10 R: 0.5338 rmsd(b):  0.0005 restraint_scale:  1.0 min_steps: 53
mc:  11 R: 0.5315 rmsd(b):  0.0006 restraint_scale:  1.0 min_steps: 54
mc:  12 R: 0.5302 rmsd(b):  0.0005 restraint_scale:  1.0 min_steps: 53
mc:  13 R: 0.5246 rmsd(b):  0.0007 restraint_scale:  1.0 min_steps: 53
mc:  14 R: 0.5246 rmsd(b):  0.0004 restraint_scale:  1.0 min_steps: 56
Convergence reached, stop now.
see the result structure:  ./p26/04_results/opt_cctbx/204_WG04-new/0.9/7.pdb
Time: 7.4199
