phenix.python
you are importing  adaptive calculator, and it does nothing. Please give it energy, force....... 

============================== Collecting inputs ==============================


                   ----------Processing X-ray data----------                   

F-obs:
  /scratch/m_zhen01/31011.lupus.uni-muenster.de/p26/02_mtz/237_GFA07-new.mtz:F-obs
Miller array info: None
Observation type: xray.amplitude
Type of data: double, size=243
Type of sigmas: None
Number of Miller indices: 243
Anomalous flag: False
Unit cell: (12.325, 10.728, 17.485, 90, 90, 90)
Space group: P 1 (No. 1)
Systematic absences: 0
Centric reflections: 0
Resolution range: 3.99942 2.50022
Completeness in resolution range: 1
Completeness with d_max=infinity: 0.773885

Number of F-obs in resolution range:                   243
Number of F-obs<0 (these reflections will be rejected): 0
Number of F-obs=0 (these reflections will be used in refinement): 0
Refinement resolution range: d_max =   3.9994
                             d_min =   2.5002

R-free flags:
  /scratch/m_zhen01/31011.lupus.uni-muenster.de/p26/02_mtz/237_GFA07-new.mtz:R-free-flags
Miller array info: /scratch/m_zhen01/31011.lupus.uni-muenster.de/p26/02_mtz/237_GFA07-new.mtz:R-free-flags
Observation type: None
Type of data: int, size=243
Type of sigmas: None
Number of Miller indices: 243
Anomalous flag: False
Unit cell: (12.325, 10.728, 17.485, 90, 90, 90)
Space group: P 1 (No. 1)
Systematic absences: 0
Centric reflections: 0
Resolution range: 3.99942 2.50022
Completeness in resolution range: 1
Completeness with d_max=infinity: 0.773885
Wavelength: 1.0000

Test (R-free flags) flag value: 1

Number of work/free reflections by resolution:
                                  work free  %free
  bin  1: 3.9994 - 3.6558 [32/32]   30    2   6.2%
  bin  2: 3.6558 - 3.4063 [12/12]   12    0   0.0%
  bin  3: 3.4063 - 3.2134 [28/28]   24    4  14.3%
  bin  4: 3.2134 - 3.0579 [19/19]   19    0   0.0%
  bin  5: 3.0579 - 2.9287 [28/28]   26    2   7.1%
  bin  6: 2.9287 - 2.8189 [29/29]   28    1   3.4%
  bin  7: 2.8189 - 2.7239 [18/18]   18    0   0.0%
  bin  8: 2.7239 - 2.6406 [25/25]   25    0   0.0%
  bin  9: 2.6406 - 2.5666 [24/24]   24    0   0.0%
  bin 10: 2.5666 - 2.5002 [28/28]   26    2   7.1%
                          overall  232   11   4.5%

                   ----------Processing PDB file(s)----------                  

  Monomer Library directory:
    "/tmp1/m_zhen01/phenix-installer-1.10.1-2155-intel-linux-2.6-x86_64-centos5/phenix-1.10.1-2155/modules/chem_data/mon_lib"
  Total number of atoms: 40
  Number of models: 1
  Model: ""
    Number of chains: 1
    Chain: "A"
      Number of atoms: 40
      Number of conformers: 1
      Conformer: ""
        Number of residues, atoms: 3, 40
          Classifications: {'peptide': 3}
          Modifications used: {'NH2NOTPRO': 1, 'COOH': 1}
          Link IDs: {'TRANS': 2}
  Time building chain proxies: 0.09, per 1000 atoms: 2.25
  Number of scatterers: 40
  At special positions: 0
  Unit cell: (12.325, 10.728, 17.485, 90, 90, 90)
  Space group: P 1 (No. 1)
  Number of sites at special positions: 0
  Number of scattering types: 4
    Type Number    sf(0)
     O       4      8.00
     N       3      7.00
     C      14      6.00
     H      19      1.00
    sf(0) = scattering factor at diffraction angle 0.

  Number of disulfides: simple=0, symmetry=0

  Automatic linking
    Parameters for automatic linking
      Linking & cutoffs
        Metal                : False - 3.50
        Amimo acid           : False - 1.90
        Carbohydrate         : True  - 1.99
        Ligands              : True  - 1.99
        Amino acid - RNA/DNA : False
      
  Number of custom bonds: simple=0, symmetry=0
  Time building additional restraints: 0.03
  Conformation dependent library (CDL) restraints added in 3.8 milliseconds
  
  Adding C-beta torsion restraints...
  Number of C-beta restraints generated:  4
  Time building geometry restraints manager: 0.03 seconds

  NOTE: a complete listing of the restraints can be obtained by requesting
        output of .geo file.

  Histogram of bond lengths:
        0.83 -     0.97: 13
        0.97 -     1.12: 6
        1.12 -     1.26: 3
        1.26 -     1.41: 7
        1.41 -     1.55: 11
  Bond restraints: 40
  Sorted by residual:
  bond pdb=" C   PHE A   2 "
       pdb=" O   PHE A   2 "
    ideal  model  delta    sigma   weight residual
    1.233  1.174  0.058 1.35e-02 5.49e+03 1.87e+01
  bond pdb=" CZ  PHE A   2 "
       pdb=" HZ  PHE A   2 "
    ideal  model  delta    sigma   weight residual
    0.930  0.971 -0.041 2.00e-02 2.50e+03 4.26e+00
  bond pdb=" CE1 PHE A   2 "
       pdb=" HE1 PHE A   2 "
    ideal  model  delta    sigma   weight residual
    0.930  0.971 -0.041 2.00e-02 2.50e+03 4.18e+00
  bond pdb=" CA  GLY A   1 "
       pdb=" HA1 GLY A   1 "
    ideal  model  delta    sigma   weight residual
    0.970  0.932  0.038 2.00e-02 2.50e+03 3.56e+00
  bond pdb=" CB  ALA A   3 "
       pdb=" HB2 ALA A   3 "
    ideal  model  delta    sigma   weight residual
    0.970  1.004 -0.034 2.00e-02 2.50e+03 2.89e+00
  ... (remaining 35 not shown)

  Histogram of bond angle deviations from ideal:
      103.27 -   108.34: 10
      108.34 -   113.41: 21
      113.41 -   118.48: 9
      118.48 -   123.54: 22
      123.54 -   128.61: 4
  Bond angle restraints: 66
  Sorted by residual:
  angle pdb=" C   GLY A   1 "
        pdb=" CA  GLY A   1 "
        pdb=" N   GLY A   1 "
      ideal   model   delta    sigma   weight residual
     113.30  106.36    6.94 2.90e+00 1.19e-01 5.73e+00
  angle pdb=" HA1 GLY A   1 "
        pdb=" CA  GLY A   1 "
        pdb=" HA2 GLY A   1 "
      ideal   model   delta    sigma   weight residual
     109.00  116.13   -7.13 3.00e+00 1.11e-01 5.65e+00
  angle pdb=" CA  ALA A   3 "
        pdb=" N   ALA A   3 "
        pdb=" H   ALA A   3 "
      ideal   model   delta    sigma   weight residual
     114.00  107.84    6.16 3.00e+00 1.11e-01 4.22e+00
  angle pdb=" HB2 PHE A   2 "
        pdb=" CB  PHE A   2 "
        pdb=" CG  PHE A   2 "
      ideal   model   delta    sigma   weight residual
     108.00  114.05   -6.05 3.00e+00 1.11e-01 4.07e+00
  angle pdb=" CA  PHE A   2 "
        pdb=" C   PHE A   2 "
        pdb=" N   ALA A   3 "
      ideal   model   delta    sigma   weight residual
     115.97  113.86    2.11 1.24e+00 6.50e-01 2.88e+00
  ... (remaining 61 not shown)

  Histogram of dihedral angle deviations from ideal:
        0.02 -    35.96: 14
       35.96 -    71.90: 1
       71.90 -   107.84: 0
      107.84 -   143.78: 0
      143.78 -   179.72: 1
  Dihedral angle restraints: 16
    sinusoidal: 4
      harmonic: 12
  Sorted by residual:
  dihedral pdb=" O   ALA A   3 "
           pdb=" C   ALA A   3 "
           pdb=" OXT ALA A   3 "
           pdb=" HXT ALA A   3 "
      ideal   model   delta  harmonic     sigma   weight residual
       0.00 -179.72  179.72     0      3.00e+01 1.11e-03 3.59e+01
  dihedral pdb=" CA  PHE A   2 "
           pdb=" C   PHE A   2 "
           pdb=" N   ALA A   3 "
           pdb=" CA  ALA A   3 "
      ideal   model   delta  harmonic     sigma   weight residual
     180.00  168.78   11.22     0      5.00e+00 4.00e-02 5.03e+00
  dihedral pdb=" OXT ALA A   3 "
           pdb=" C   ALA A   3 "
           pdb=" CA  ALA A   3 "
           pdb=" N   ALA A   3 "
      ideal   model   delta sinusoidal    sigma   weight residual
     160.00  117.68   42.32     2      3.00e+01 1.11e-03 2.42e+00
  ... (remaining 13 not shown)

  Histogram of chiral volume deviations from ideal:
       0.043 -    0.049: 1
       0.049 -    0.055: 0
       0.055 -    0.061: 0
       0.061 -    0.067: 0
       0.067 -    0.073: 1
  Chirality restraints: 2
  Sorted by residual:
  chirality pdb=" CA  ALA A   3 "
            pdb=" C   ALA A   3 "
            pdb=" CB  ALA A   3 "
            pdb=" N   ALA A   3 "
    both_signs  ideal   model   delta    sigma   weight residual
      False      2.48    2.56   -0.07 2.00e-01 2.50e+01 1.33e-01
  chirality pdb=" CA  PHE A   2 "
            pdb=" CB  PHE A   2 "
            pdb=" C   PHE A   2 "
            pdb=" N   PHE A   2 "
    both_signs  ideal   model   delta    sigma   weight residual
      False     -2.51   -2.55    0.04 2.00e-01 2.50e+01 4.57e-02

  Planarity restraints: 6
  Sorted by residual:
                                 delta    sigma   weight rms_deltas residual
  plane pdb=" O   ALA A   3 "   -0.002 2.00e-02 2.50e+03   1.16e-02 1.69e+00
        pdb=" C   ALA A   3 "    0.016 2.00e-02 2.50e+03
        pdb=" OXT ALA A   3 "   -0.016 2.00e-02 2.50e+03
        pdb=" HXT ALA A   3 "    0.009 2.00e-02 2.50e+03
        pdb=" CA  ALA A   3 "   -0.007 2.00e-02 2.50e+03
                                 delta    sigma   weight rms_deltas residual
  plane pdb=" CB  PHE A   2 "   -0.005 2.00e-02 2.50e+03   6.48e-03 1.26e+00
        pdb=" CG  PHE A   2 "   -0.001 2.00e-02 2.50e+03
        pdb=" CD1 PHE A   2 "    0.009 2.00e-02 2.50e+03
        pdb=" HD1 PHE A   2 "    0.001 2.00e-02 2.50e+03
        pdb=" CE1 PHE A   2 "    0.000 2.00e-02 2.50e+03
        pdb=" HE1 PHE A   2 "   -0.003 2.00e-02 2.50e+03
        pdb=" CZ  PHE A   2 "   -0.005 2.00e-02 2.50e+03
        pdb=" HZ  PHE A   2 "   -0.006 2.00e-02 2.50e+03
        pdb=" CE2 PHE A   2 "    0.017 2.00e-02 2.50e+03
        pdb=" HE2 PHE A   2 "   -0.001 2.00e-02 2.50e+03
        pdb=" CD2 PHE A   2 "   -0.004 2.00e-02 2.50e+03
        pdb=" HD2 PHE A   2 "   -0.003 2.00e-02 2.50e+03
                                 delta    sigma   weight rms_deltas residual
  plane pdb=" C   PHE A   2 "    0.019 2.00e-02 2.50e+03   1.11e-02 1.23e+00
        pdb=" O   PHE A   2 "   -0.008 2.00e-02 2.50e+03
        pdb=" CA  PHE A   2 "   -0.005 2.00e-02 2.50e+03
        pdb=" N   ALA A   3 "   -0.006 2.00e-02 2.50e+03
  ... (remaining 3 not shown)

  Histogram of nonbonded interaction distances:
        2.05 -     2.62: 31
        2.62 -     3.18: 54
        3.18 -     3.75: 59
        3.75 -     4.32: 62
        4.32 -     4.88: 79
  Nonbonded interactions: 285
  Sorted by model distance:
  nonbonded pdb=" HXT ALA A   3 "
            pdb=" HA  ALA A   3 "
     model   vdw
     2.051 2.270
  nonbonded pdb=" HA2 GLY A   1 "
            pdb=" H1  GLY A   1 "
     model   vdw
     2.188 1.816
  nonbonded pdb=" HA1 GLY A   1 "
            pdb=" H   PHE A   2 "
     model   vdw
     2.244 2.270
  nonbonded pdb=" HB2 PHE A   2 "
            pdb=" HA  PHE A   2 "
     model   vdw
     2.297 1.952
  nonbonded pdb=" HE2 PHE A   2 "
            pdb=" HD2 PHE A   2 "
     model   vdw
     2.302 1.680
  ... (remaining 280 not shown)

  NOTE: a complete listing of the restraints can be obtained by requesting
        output of .geo file.

                   ----------xray_structure summary----------                  

Number of scattering types: 4
  Type Number    sf(0)   Gaussians
   O       4      7.97       2
   N       3      6.97       2
   C      14      5.97       2
   H      19      1.00       2
  sf(0) = scattering factor at diffraction angle 0.
Number of scatterers: 40
At special positions: 0
Unit cell: (12.325, 10.728, 17.485, 90, 90, 90)
Space group: P 1 (No. 1)

End of input processing
r_work=0.4433 r_free=0.5634
params.data_weight: None
params.restraints: qm
rmsd(b), start:  0.0868
mc:   0 R: 0.1370 rmsd(b):  0.2190 restraint_scale:  2.0 min_steps: 38
mc:   1 R: 0.0135 rmsd(b):  0.2450 restraint_scale:  4.0 min_steps: 53
mc:   2 R: 0.0070 rmsd(b):  0.2467 restraint_scale:  8.0 min_steps: 20
mc:   3 R: 0.0062 rmsd(b):  0.2458 restraint_scale: 16.0 min_steps: 13
Convergence reached, stop now.
see the result structure:  ./p26/04_results/refine_qm/237_GFA07-new/0.6/3.pdb
Time: 166.1918
