phenix.python
you are importing  adaptive calculator, and it does nothing. Please give it energy, force....... 

============================== Collecting inputs ==============================


                   ----------Processing X-ray data----------                   

F-obs:
  /scratch/m_zhen01/31011.lupus.uni-muenster.de/p26/02_mtz/237_GFA07-new.mtz:F-obs
Miller array info: None
Observation type: xray.amplitude
Type of data: double, size=243
Type of sigmas: None
Number of Miller indices: 243
Anomalous flag: False
Unit cell: (12.325, 10.728, 17.485, 90, 90, 90)
Space group: P 1 (No. 1)
Systematic absences: 0
Centric reflections: 0
Resolution range: 3.99942 2.50022
Completeness in resolution range: 1
Completeness with d_max=infinity: 0.773885

Number of F-obs in resolution range:                   243
Number of F-obs<0 (these reflections will be rejected): 0
Number of F-obs=0 (these reflections will be used in refinement): 0
Refinement resolution range: d_max =   3.9994
                             d_min =   2.5002

R-free flags:
  /scratch/m_zhen01/31011.lupus.uni-muenster.de/p26/02_mtz/237_GFA07-new.mtz:R-free-flags
Miller array info: /scratch/m_zhen01/31011.lupus.uni-muenster.de/p26/02_mtz/237_GFA07-new.mtz:R-free-flags
Observation type: None
Type of data: int, size=243
Type of sigmas: None
Number of Miller indices: 243
Anomalous flag: False
Unit cell: (12.325, 10.728, 17.485, 90, 90, 90)
Space group: P 1 (No. 1)
Systematic absences: 0
Centric reflections: 0
Resolution range: 3.99942 2.50022
Completeness in resolution range: 1
Completeness with d_max=infinity: 0.773885
Wavelength: 1.0000

Test (R-free flags) flag value: 1

Number of work/free reflections by resolution:
                                  work free  %free
  bin  1: 3.9994 - 3.6558 [32/32]   30    2   6.2%
  bin  2: 3.6558 - 3.4063 [12/12]   12    0   0.0%
  bin  3: 3.4063 - 3.2134 [28/28]   24    4  14.3%
  bin  4: 3.2134 - 3.0579 [19/19]   19    0   0.0%
  bin  5: 3.0579 - 2.9287 [28/28]   26    2   7.1%
  bin  6: 2.9287 - 2.8189 [29/29]   28    1   3.4%
  bin  7: 2.8189 - 2.7239 [18/18]   18    0   0.0%
  bin  8: 2.7239 - 2.6406 [25/25]   25    0   0.0%
  bin  9: 2.6406 - 2.5666 [24/24]   24    0   0.0%
  bin 10: 2.5666 - 2.5002 [28/28]   26    2   7.1%
                          overall  232   11   4.5%

                   ----------Processing PDB file(s)----------                  

  Monomer Library directory:
    "/tmp1/m_zhen01/phenix-installer-1.10.1-2155-intel-linux-2.6-x86_64-centos5/phenix-1.10.1-2155/modules/chem_data/mon_lib"
  Total number of atoms: 40
  Number of models: 1
  Model: ""
    Number of chains: 1
    Chain: "A"
      Number of atoms: 40
      Number of conformers: 1
      Conformer: ""
        Number of residues, atoms: 3, 40
          Classifications: {'peptide': 3}
          Modifications used: {'NH2NOTPRO': 1, 'COOH': 1}
          Link IDs: {'TRANS': 2}
  Time building chain proxies: 0.09, per 1000 atoms: 2.25
  Number of scatterers: 40
  At special positions: 0
  Unit cell: (12.325, 10.728, 17.485, 90, 90, 90)
  Space group: P 1 (No. 1)
  Number of sites at special positions: 0
  Number of scattering types: 4
    Type Number    sf(0)
     O       4      8.00
     N       3      7.00
     C      14      6.00
     H      19      1.00
    sf(0) = scattering factor at diffraction angle 0.

  Number of disulfides: simple=0, symmetry=0

  Automatic linking
    Parameters for automatic linking
      Linking & cutoffs
        Metal                : False - 3.50
        Amimo acid           : False - 1.90
        Carbohydrate         : True  - 1.99
        Ligands              : True  - 1.99
        Amino acid - RNA/DNA : False
      
  Number of custom bonds: simple=0, symmetry=0
  Time building additional restraints: 0.03
  Conformation dependent library (CDL) restraints added in 4.0 milliseconds
  
  Adding C-beta torsion restraints...
  Number of C-beta restraints generated:  4
  Time building geometry restraints manager: 0.04 seconds

  NOTE: a complete listing of the restraints can be obtained by requesting
        output of .geo file.

  Histogram of bond lengths:
        0.85 -     0.99: 14
        0.99 -     1.13: 5
        1.13 -     1.27: 2
        1.27 -     1.41: 10
        1.41 -     1.55: 9
  Bond restraints: 40
  Sorted by residual:
  bond pdb=" C   PHE A   2 "
       pdb=" O   PHE A   2 "
    ideal  model  delta    sigma   weight residual
    1.233  1.271 -0.038 1.35e-02 5.49e+03 7.83e+00
  bond pdb=" CA  GLY A   1 "
       pdb=" HA2 GLY A   1 "
    ideal  model  delta    sigma   weight residual
    0.970  1.010 -0.040 2.00e-02 2.50e+03 4.04e+00
  bond pdb=" CE1 PHE A   2 "
       pdb=" HE1 PHE A   2 "
    ideal  model  delta    sigma   weight residual
    0.930  0.891  0.039 2.00e-02 2.50e+03 3.73e+00
  bond pdb=" CB  PHE A   2 "
       pdb=" HB2 PHE A   2 "
    ideal  model  delta    sigma   weight residual
    0.970  0.932  0.038 2.00e-02 2.50e+03 3.63e+00
  bond pdb=" CB  PHE A   2 "
       pdb=" CG  PHE A   2 "
    ideal  model  delta    sigma   weight residual
    1.502  1.546 -0.044 2.30e-02 1.89e+03 3.60e+00
  ... (remaining 35 not shown)

  Histogram of bond angle deviations from ideal:
      104.27 -   109.03: 14
      109.03 -   113.79: 20
      113.79 -   118.55: 8
      118.55 -   123.31: 21
      123.31 -   128.07: 3
  Bond angle restraints: 66
  Sorted by residual:
  angle pdb=" C   GLY A   1 "
        pdb=" CA  GLY A   1 "
        pdb=" N   GLY A   1 "
      ideal   model   delta    sigma   weight residual
     113.30  106.27    7.03 2.90e+00 1.19e-01 5.88e+00
  angle pdb=" CA  PHE A   2 "
        pdb=" C   PHE A   2 "
        pdb=" N   ALA A   3 "
      ideal   model   delta    sigma   weight residual
     115.97  113.16    2.81 1.24e+00 6.50e-01 5.13e+00
  angle pdb=" HA1 GLY A   1 "
        pdb=" CA  GLY A   1 "
        pdb=" N   GLY A   1 "
      ideal   model   delta    sigma   weight residual
     110.00  115.24   -5.24 3.00e+00 1.11e-01 3.05e+00
  angle pdb=" CB  ALA A   3 "
        pdb=" CA  ALA A   3 "
        pdb=" HA  ALA A   3 "
      ideal   model   delta    sigma   weight residual
     109.00  104.27    4.73 3.00e+00 1.11e-01 2.49e+00
  angle pdb=" CA  ALA A   3 "
        pdb=" N   ALA A   3 "
        pdb=" H   ALA A   3 "
      ideal   model   delta    sigma   weight residual
     114.00  109.61    4.39 3.00e+00 1.11e-01 2.14e+00
  ... (remaining 61 not shown)

  Histogram of dihedral angle deviations from ideal:
        0.04 -    35.30: 14
       35.30 -    70.57: 1
       70.57 -   105.83: 0
      105.83 -   141.09: 0
      141.09 -   176.36: 1
  Dihedral angle restraints: 16
    sinusoidal: 4
      harmonic: 12
  Sorted by residual:
  dihedral pdb=" O   ALA A   3 "
           pdb=" C   ALA A   3 "
           pdb=" OXT ALA A   3 "
           pdb=" HXT ALA A   3 "
      ideal   model   delta  harmonic     sigma   weight residual
       0.00  176.36 -176.36     0      3.00e+01 1.11e-03 3.46e+01
  dihedral pdb=" CA  PHE A   2 "
           pdb=" C   PHE A   2 "
           pdb=" N   ALA A   3 "
           pdb=" CA  ALA A   3 "
      ideal   model   delta  harmonic     sigma   weight residual
     180.00  171.02    8.98     0      5.00e+00 4.00e-02 3.23e+00
  dihedral pdb=" OXT ALA A   3 "
           pdb=" C   ALA A   3 "
           pdb=" CA  ALA A   3 "
           pdb=" N   ALA A   3 "
      ideal   model   delta sinusoidal    sigma   weight residual
     160.00  114.34   45.66     2      3.00e+01 1.11e-03 2.73e+00
  ... (remaining 13 not shown)

  Histogram of chiral volume deviations from ideal:
       0.014 -    0.020: 1
       0.020 -    0.026: 0
       0.026 -    0.032: 0
       0.032 -    0.038: 0
       0.038 -    0.044: 1
  Chirality restraints: 2
  Sorted by residual:
  chirality pdb=" CA  PHE A   2 "
            pdb=" CB  PHE A   2 "
            pdb=" C   PHE A   2 "
            pdb=" N   PHE A   2 "
    both_signs  ideal   model   delta    sigma   weight residual
      False     -2.51   -2.55    0.04 2.00e-01 2.50e+01 4.92e-02
  chirality pdb=" CA  ALA A   3 "
            pdb=" C   ALA A   3 "
            pdb=" CB  ALA A   3 "
            pdb=" N   ALA A   3 "
    both_signs  ideal   model   delta    sigma   weight residual
      False      2.48    2.50   -0.01 2.00e-01 2.50e+01 5.02e-03

  Planarity restraints: 6
  Sorted by residual:
                                 delta    sigma   weight rms_deltas residual
  plane pdb=" CB  PHE A   2 "   -0.002 2.00e-02 2.50e+03   1.67e-02 8.36e+00
        pdb=" CG  PHE A   2 "    0.015 2.00e-02 2.50e+03
        pdb=" CD1 PHE A   2 "   -0.006 2.00e-02 2.50e+03
        pdb=" HD1 PHE A   2 "   -0.005 2.00e-02 2.50e+03
        pdb=" CE1 PHE A   2 "    0.032 2.00e-02 2.50e+03
        pdb=" HE1 PHE A   2 "   -0.024 2.00e-02 2.50e+03
        pdb=" CZ  PHE A   2 "    0.013 2.00e-02 2.50e+03
        pdb=" HZ  PHE A   2 "   -0.007 2.00e-02 2.50e+03
        pdb=" CE2 PHE A   2 "   -0.022 2.00e-02 2.50e+03
        pdb=" HE2 PHE A   2 "    0.010 2.00e-02 2.50e+03
        pdb=" CD2 PHE A   2 "    0.015 2.00e-02 2.50e+03
        pdb=" HD2 PHE A   2 "   -0.019 2.00e-02 2.50e+03
                                 delta    sigma   weight rms_deltas residual
  plane pdb=" O   ALA A   3 "   -0.014 2.00e-02 2.50e+03   1.39e-02 2.40e+00
        pdb=" C   ALA A   3 "    0.014 2.00e-02 2.50e+03
        pdb=" OXT ALA A   3 "    0.015 2.00e-02 2.50e+03
        pdb=" HXT ALA A   3 "   -0.018 2.00e-02 2.50e+03
        pdb=" CA  ALA A   3 "    0.002 2.00e-02 2.50e+03
                                 delta    sigma   weight rms_deltas residual
  plane pdb=" C   PHE A   2 "   -0.005 2.00e-02 2.50e+03   9.87e-03 9.74e-01
        pdb=" CA  ALA A   3 "   -0.004 2.00e-02 2.50e+03
        pdb=" N   ALA A   3 "    0.017 2.00e-02 2.50e+03
        pdb=" H   ALA A   3 "   -0.008 2.00e-02 2.50e+03
  ... (remaining 3 not shown)

  Histogram of nonbonded interaction distances:
        2.01 -     2.58: 28
        2.58 -     3.16: 54
        3.16 -     3.74: 64
        3.74 -     4.32: 59
        4.32 -     4.90: 83
  Nonbonded interactions: 288
  Sorted by model distance:
  nonbonded pdb=" HXT ALA A   3 "
            pdb=" HA  ALA A   3 "
     model   vdw
     2.006 2.270
  nonbonded pdb=" HA1 GLY A   1 "
            pdb=" H   PHE A   2 "
     model   vdw
     2.136 2.270
  nonbonded pdb=" HA2 GLY A   1 "
            pdb=" H1  GLY A   1 "
     model   vdw
     2.137 1.816
  nonbonded pdb=" HB3 ALA A   3 "
            pdb=" HA  ALA A   3 "
     model   vdw
     2.211 1.952
  nonbonded pdb=" HE1 PHE A   2 "
            pdb=" HZ  PHE A   2 "
     model   vdw
     2.230 1.680
  ... (remaining 283 not shown)

  NOTE: a complete listing of the restraints can be obtained by requesting
        output of .geo file.

                   ----------xray_structure summary----------                  

Number of scattering types: 4
  Type Number    sf(0)   Gaussians
   O       4      7.97       2
   N       3      6.97       2
   C      14      5.97       2
   H      19      1.00       2
  sf(0) = scattering factor at diffraction angle 0.
Number of scatterers: 40
At special positions: 0
Unit cell: (12.325, 10.728, 17.485, 90, 90, 90)
Space group: P 1 (No. 1)

End of input processing
r_work=0.4342 r_free=0.5511
params.data_weight: None
params.restraints: qm
rmsd(b), start:  0.0871
mc:   0 R: 0.1232 rmsd(b):  0.2009 restraint_scale:  2.0 min_steps: 23
mc:   1 R: 0.0111 rmsd(b):  0.2414 restraint_scale:  4.0 min_steps: 52
mc:   2 R: 0.0033 rmsd(b):  0.2451 restraint_scale:  8.0 min_steps: 32
Convergence reached, stop now.
see the result structure:  ./p26/04_results/refine_qm/237_GFA07-new/0.6/8.pdb
Time: 135.3292
