phenix.python
you are importing  adaptive calculator, and it does nothing. Please give it energy, force....... 

============================== Collecting inputs ==============================


                   ----------Processing X-ray data----------                   

F-obs:
  /scratch/m_zhen01/31011.lupus.uni-muenster.de/p26/02_mtz/215_WGG07-new.mtz:F-obs
Miller array info: None
Observation type: xray.amplitude
Type of data: double, size=201
Type of sigmas: None
Number of Miller indices: 201
Anomalous flag: False
Unit cell: (12.289, 11.691, 13.906, 90, 90, 90)
Space group: P 1 (No. 1)
Systematic absences: 0
Centric reflections: 0
Resolution range: 3.9294 2.50153
Completeness in resolution range: 1
Completeness with d_max=infinity: 0.747212

Number of F-obs in resolution range:                   201
Number of F-obs<0 (these reflections will be rejected): 0
Number of F-obs=0 (these reflections will be used in refinement): 0
Refinement resolution range: d_max =   3.9294
                             d_min =   2.5015

R-free flags:
  /scratch/m_zhen01/31011.lupus.uni-muenster.de/p26/02_mtz/215_WGG07-new.mtz:R-free-flags
Miller array info: /scratch/m_zhen01/31011.lupus.uni-muenster.de/p26/02_mtz/215_WGG07-new.mtz:R-free-flags
Observation type: None
Type of data: int, size=201
Type of sigmas: None
Number of Miller indices: 201
Anomalous flag: False
Unit cell: (12.289, 11.691, 13.906, 90, 90, 90)
Space group: P 1 (No. 1)
Systematic absences: 0
Centric reflections: 0
Resolution range: 3.9294 2.50153
Completeness in resolution range: 1
Completeness with d_max=infinity: 0.747212
Wavelength: 1.0000

Test (R-free flags) flag value: 1

Number of work/free reflections by resolution:
                                  work free  %free
  bin  1: 3.9294 - 3.6119 [21/21]   16    5  23.8%
  bin  2: 3.6119 - 3.3772 [21/21]   21    0   0.0%
  bin  3: 3.3772 - 3.1936 [24/24]   24    0   0.0%
  bin  4: 3.1936 - 3.0443 [ 7/7 ]    7    0   0.0%
  bin  5: 3.0443 - 2.9196 [27/27]   27    0   0.0%
  bin  6: 2.9196 - 2.8131 [18/18]   14    4  22.2%
  bin  7: 2.8131 - 2.7206 [15/15]   11    4  26.7%
  bin  8: 2.7206 - 2.6391 [32/32]   32    0   0.0%
  bin  9: 2.6391 - 2.5666 [18/18]   18    0   0.0%
  bin 10: 2.5666 - 2.5015 [18/18]   18    0   0.0%
                          overall  188   13   6.5%

                   ----------Processing PDB file(s)----------                  

  Monomer Library directory:
    "/tmp1/m_zhen01/phenix-installer-1.10.1-2155-intel-linux-2.6-x86_64-centos5/phenix-1.10.1-2155/modules/chem_data/mon_lib"
  Total number of atoms: 41
  Number of models: 1
  Model: ""
    Number of chains: 1
    Chain: "A"
      Number of atoms: 41
      Number of conformers: 1
      Conformer: ""
        Number of residues, atoms: 3, 41
          Classifications: {'peptide': 3}
          Modifications used: {'NH2NOTPRO': 1, 'COOH': 1}
          Link IDs: {'TRANS': 2}
  Time building chain proxies: 0.07, per 1000 atoms: 1.71
  Number of scatterers: 41
  At special positions: 0
  Unit cell: (12.289, 11.691, 13.906, 90, 90, 90)
  Space group: P 1 (No. 1)
  Number of sites at special positions: 0
  Number of scattering types: 4
    Type Number    sf(0)
     O       4      8.00
     N       4      7.00
     C      15      6.00
     H      18      1.00
    sf(0) = scattering factor at diffraction angle 0.

  Number of disulfides: simple=0, symmetry=0

  Automatic linking
    Parameters for automatic linking
      Linking & cutoffs
        Metal                : False - 3.50
        Amimo acid           : False - 1.90
        Carbohydrate         : True  - 1.99
        Ligands              : True  - 1.99
        Amino acid - RNA/DNA : False
      
  Number of custom bonds: simple=0, symmetry=0
  Time building additional restraints: 0.03
  Conformation dependent library (CDL) restraints added in 2.8 milliseconds
  
  Adding C-beta torsion restraints...
  Number of C-beta restraints generated:  2
  Time building geometry restraints manager: 0.03 seconds

  NOTE: a complete listing of the restraints can be obtained by requesting
        output of .geo file.

  Histogram of bond lengths:
        0.84 -     0.98: 15
        0.98 -     1.13: 3
        1.13 -     1.27: 3
        1.27 -     1.42: 12
        1.42 -     1.56: 9
  Bond restraints: 42
  Sorted by residual:
  bond pdb=" CA  GLY A   3 "
       pdb=" N   GLY A   3 "
    ideal  model  delta    sigma   weight residual
    1.451  1.489 -0.038 1.60e-02 3.91e+03 5.67e+00
  bond pdb=" CA  GLY A   3 "
       pdb=" HA1 GLY A   3 "
    ideal  model  delta    sigma   weight residual
    0.970  0.924  0.046 2.00e-02 2.50e+03 5.23e+00
  bond pdb=" CB  TRP A   1 "
       pdb=" HB1 TRP A   1 "
    ideal  model  delta    sigma   weight residual
    0.970  0.927  0.043 2.00e-02 2.50e+03 4.67e+00
  bond pdb=" CZ2 TRP A   1 "
       pdb=" CH2 TRP A   1 "
    ideal  model  delta    sigma   weight residual
    1.368  1.407 -0.039 1.90e-02 2.77e+03 4.11e+00
  bond pdb=" CD1 TRP A   1 "
       pdb=" HD1 TRP A   1 "
    ideal  model  delta    sigma   weight residual
    0.930  0.968 -0.038 2.00e-02 2.50e+03 3.70e+00
  ... (remaining 37 not shown)

  Histogram of bond angle deviations from ideal:
      103.81 -   109.83: 19
      109.83 -   115.84: 14
      115.84 -   121.86: 19
      121.86 -   127.87: 15
      127.87 -   133.88: 2
  Bond angle restraints: 69
  Sorted by residual:
  angle pdb=" C   GLY A   3 "
        pdb=" CA  GLY A   3 "
        pdb=" N   GLY A   3 "
      ideal   model   delta    sigma   weight residual
     113.30  121.75   -8.45 2.90e+00 1.19e-01 8.48e+00
  angle pdb=" HA2 GLY A   3 "
        pdb=" CA  GLY A   3 "
        pdb=" N   GLY A   3 "
      ideal   model   delta    sigma   weight residual
     110.00  103.81    6.19 3.00e+00 1.11e-01 4.25e+00
  angle pdb=" HA1 GLY A   3 "
        pdb=" CA  GLY A   3 "
        pdb=" N   GLY A   3 "
      ideal   model   delta    sigma   weight residual
     110.00  104.21    5.79 3.00e+00 1.11e-01 3.73e+00
  angle pdb=" HB1 TRP A   1 "
        pdb=" CB  TRP A   1 "
        pdb=" HB2 TRP A   1 "
      ideal   model   delta    sigma   weight residual
     110.00  115.61   -5.61 3.00e+00 1.11e-01 3.50e+00
  angle pdb=" CZ3 TRP A   1 "
        pdb=" CE3 TRP A   1 "
        pdb=" CD2 TRP A   1 "
      ideal   model   delta    sigma   weight residual
     118.60  120.44   -1.84 1.30e+00 5.92e-01 2.01e+00
  ... (remaining 64 not shown)

  Histogram of dihedral angle deviations from ideal:
        0.01 -    35.57: 12
       35.57 -    71.13: 0
       71.13 -   106.69: 1
      106.69 -   142.25: 0
      142.25 -   177.81: 1
  Dihedral angle restraints: 14
    sinusoidal: 3
      harmonic: 11
  Sorted by residual:
  dihedral pdb=" O   GLY A   3 "
           pdb=" C   GLY A   3 "
           pdb=" OXT GLY A   3 "
           pdb=" HXT GLY A   3 "
      ideal   model   delta  harmonic     sigma   weight residual
       0.00 -177.81  177.81     0      3.00e+01 1.11e-03 3.51e+01
  dihedral pdb=" CA  GLY A   2 "
           pdb=" C   GLY A   2 "
           pdb=" N   GLY A   3 "
           pdb=" CA  GLY A   3 "
      ideal   model   delta  harmonic     sigma   weight residual
    -180.00 -165.31  -14.69     0      5.00e+00 4.00e-02 8.63e+00
  dihedral pdb=" OXT GLY A   3 "
           pdb=" C   GLY A   3 "
           pdb=" CA  GLY A   3 "
           pdb=" N   GLY A   3 "
      ideal   model   delta sinusoidal    sigma   weight residual
     160.00   79.74   80.26     2      3.00e+01 1.11e-03 5.18e+00
  ... (remaining 11 not shown)

  Histogram of chiral volume deviations from ideal:
       0.075 -    0.075: 1
       0.075 -    0.075: 0
       0.075 -    0.075: 0
       0.075 -    0.075: 0
       0.075 -    0.075: 0
  Chirality restraints: 1
  Sorted by residual:
  chirality pdb=" CA  TRP A   1 "
            pdb=" C   TRP A   1 "
            pdb=" N   TRP A   1 "
            pdb=" CB  TRP A   1 "
    both_signs  ideal   model   delta    sigma   weight residual
      False     -2.51   -2.59    0.08 2.00e-01 2.50e+01 1.41e-01

  Planarity restraints: 6
  Sorted by residual:
                                 delta    sigma   weight rms_deltas residual
  plane pdb=" CB  TRP A   1 "   -0.011 2.00e-02 2.50e+03   1.86e-02 1.39e+01
        pdb=" CG  TRP A   1 "    0.002 2.00e-02 2.50e+03
        pdb=" CD1 TRP A   1 "   -0.023 2.00e-02 2.50e+03
        pdb=" HD1 TRP A   1 "   -0.010 2.00e-02 2.50e+03
        pdb=" NE1 TRP A   1 "    0.024 2.00e-02 2.50e+03
        pdb=" HE1 TRP A   1 "    0.015 2.00e-02 2.50e+03
        pdb=" CE2 TRP A   1 "    0.010 2.00e-02 2.50e+03
        pdb=" CZ2 TRP A   1 "   -0.007 2.00e-02 2.50e+03
        pdb=" HZ2 TRP A   1 "    0.014 2.00e-02 2.50e+03
        pdb=" CH2 TRP A   1 "   -0.011 2.00e-02 2.50e+03
        pdb=" HH2 TRP A   1 "   -0.026 2.00e-02 2.50e+03
        pdb=" CZ3 TRP A   1 "   -0.001 2.00e-02 2.50e+03
        pdb=" HZ3 TRP A   1 "    0.010 2.00e-02 2.50e+03
        pdb=" CE3 TRP A   1 "   -0.024 2.00e-02 2.50e+03
        pdb=" HE3 TRP A   1 "    0.046 2.00e-02 2.50e+03
        pdb=" CD2 TRP A   1 "   -0.007 2.00e-02 2.50e+03
                                 delta    sigma   weight rms_deltas residual
  plane pdb=" C   TRP A   1 "   -0.006 2.00e-02 2.50e+03   1.11e-02 1.23e+00
        pdb=" CA  GLY A   2 "   -0.005 2.00e-02 2.50e+03
        pdb=" N   GLY A   2 "    0.019 2.00e-02 2.50e+03
        pdb=" H   GLY A   2 "   -0.008 2.00e-02 2.50e+03
                                 delta    sigma   weight rms_deltas residual
  plane pdb=" O   GLY A   3 "    0.008 2.00e-02 2.50e+03   7.93e-03 7.86e-01
        pdb=" C   GLY A   3 "   -0.010 2.00e-02 2.50e+03
        pdb=" OXT GLY A   3 "   -0.007 2.00e-02 2.50e+03
        pdb=" HXT GLY A   3 "    0.009 2.00e-02 2.50e+03
        pdb=" CA  GLY A   3 "   -0.000 2.00e-02 2.50e+03
  ... (remaining 3 not shown)

  Histogram of nonbonded interaction distances:
        2.15 -     2.70: 33
        2.70 -     3.25: 64
        3.25 -     3.80: 64
        3.80 -     4.35: 89
        4.35 -     4.90: 98
  Nonbonded interactions: 348
  Sorted by model distance:
  nonbonded pdb=" H2  TRP A   1 "
            pdb=" HD1 TRP A   1 "
     model   vdw
     2.146 2.100
  nonbonded pdb=" HXT GLY A   3 "
            pdb=" HA1 GLY A   3 "
     model   vdw
     2.174 2.270
  nonbonded pdb=" HA  TRP A   1 "
            pdb=" H1  TRP A   1 "
     model   vdw
     2.257 1.816
  nonbonded pdb=" HH2 TRP A   1 "
            pdb=" HZ3 TRP A   1 "
     model   vdw
     2.257 1.680
  nonbonded pdb=" HZ3 TRP A   1 "
            pdb=" HE3 TRP A   1 "
     model   vdw
     2.258 1.680
  ... (remaining 343 not shown)

  NOTE: a complete listing of the restraints can be obtained by requesting
        output of .geo file.

                   ----------xray_structure summary----------                  

Number of scattering types: 4
  Type Number    sf(0)   Gaussians
   O       4      7.97       2
   N       4      6.97       2
   C      15      5.97       2
   H      18      1.00       2
  sf(0) = scattering factor at diffraction angle 0.
Number of scatterers: 41
At special positions: 0
Unit cell: (12.289, 11.691, 13.906, 90, 90, 90)
Space group: P 1 (No. 1)

End of input processing
r_work=0.4223 r_free=0.2079
params.data_weight: None
params.restraints: qm
rmsd(b), start:  0.0878
mc:   0 R: 0.0543 rmsd(b):  0.0322 restraint_scale:  2.0 min_steps: 39
mc:   1 R: 0.0149 rmsd(b):  0.0248 restraint_scale:  2.0 min_steps: 28
mc:   2 R: 0.0138 rmsd(b):  0.0300 restraint_scale:  2.0 min_steps: 11
mc:   3 R: 0.0144 rmsd(b):  0.0306 restraint_scale:  4.0 min_steps: 3
Convergence reached, stop now.
see the result structure:  ./p26/04_results/refine_qm/215_WGG07-new/0.6/7.pdb
Time: 148.7130
