phenix.python
you are importing  adaptive calculator, and it does nothing. Please give it energy, force....... 

============================== Collecting inputs ==============================


                   ----------Processing X-ray data----------                   

F-obs:
  /scratch/m_zhen01/30993.lupus.uni-muenster.de/p26/02_mtz/261_FGG444-new.mtz:F-obs
Miller array info: None
Observation type: xray.amplitude
Type of data: double, size=188
Type of sigmas: None
Number of Miller indices: 188
Anomalous flag: False
Unit cell: (14.405, 13.122, 10.023, 90, 90, 90)
Space group: P 1 (No. 1)
Systematic absences: 0
Centric reflections: 0
Resolution range: 3.9826 2.50028
Completeness in resolution range: 1
Completeness with d_max=infinity: 0.752

Number of F-obs in resolution range:                   188
Number of F-obs<0 (these reflections will be rejected): 0
Number of F-obs=0 (these reflections will be used in refinement): 0
Refinement resolution range: d_max =   3.9826
                             d_min =   2.5003

R-free flags:
  /scratch/m_zhen01/30993.lupus.uni-muenster.de/p26/02_mtz/261_FGG444-new.mtz:R-free-flags
Miller array info: /scratch/m_zhen01/30993.lupus.uni-muenster.de/p26/02_mtz/261_FGG444-new.mtz:R-free-flags
Observation type: None
Type of data: int, size=188
Type of sigmas: None
Number of Miller indices: 188
Anomalous flag: False
Unit cell: (14.405, 13.122, 10.023, 90, 90, 90)
Space group: P 1 (No. 1)
Systematic absences: 0
Centric reflections: 0
Resolution range: 3.9826 2.50028
Completeness in resolution range: 1
Completeness with d_max=infinity: 0.752
Wavelength: 1.0000

Test (R-free flags) flag value: 1

Number of work/free reflections by resolution:
                                  work free  %free
  bin  1: 3.9826 - 3.6452 [18/18]   12    6  33.3%
  bin  2: 3.6452 - 3.3992 [17/17]   17    0   0.0%
  bin  3: 3.3992 - 3.2085 [24/24]   24    0   0.0%
  bin  4: 3.2085 - 3.0545 [18/18]   18    0   0.0%
  bin  5: 3.0545 - 2.9263 [22/22]   20    2   9.1%
  bin  6: 2.9263 - 2.8173 [15/15]   15    0   0.0%
  bin  7: 2.8173 - 2.7229 [14/14]   14    0   0.0%
  bin  8: 2.7229 - 2.6400 [28/28]   28    0   0.0%
  bin  9: 2.6400 - 2.5663 [13/13]   13    0   0.0%
  bin 10: 2.5663 - 2.5003 [19/19]   15    4  21.1%
                          overall  176   12   6.4%

                   ----------Processing PDB file(s)----------                  

  Monomer Library directory:
    "/tmp1/m_zhen01/phenix-installer-1.10.1-2155-intel-linux-2.6-x86_64-centos5/phenix-1.10.1-2155/modules/chem_data/mon_lib"
  Total number of atoms: 37
  Number of models: 1
  Model: ""
    Number of chains: 1
    Chain: "A"
      Number of atoms: 37
      Number of conformers: 1
      Conformer: ""
        Number of residues, atoms: 3, 37
          Classifications: {'peptide': 3}
          Modifications used: {'NH2NOTPRO': 1, 'COOH': 1}
          Link IDs: {'TRANS': 2}
  Time building chain proxies: 0.07, per 1000 atoms: 1.89
  Number of scatterers: 37
  At special positions: 0
  Unit cell: (14.405, 13.122, 10.023, 90, 90, 90)
  Space group: P 1 (No. 1)
  Number of sites at special positions: 0
  Number of scattering types: 4
    Type Number    sf(0)
     O       4      8.00
     N       3      7.00
     C      13      6.00
     H      17      1.00
    sf(0) = scattering factor at diffraction angle 0.

  Number of disulfides: simple=0, symmetry=0

  Automatic linking
    Parameters for automatic linking
      Linking & cutoffs
        Metal                : False - 3.50
        Amimo acid           : False - 1.90
        Carbohydrate         : True  - 1.99
        Ligands              : True  - 1.99
        Amino acid - RNA/DNA : False
      
  Number of custom bonds: simple=0, symmetry=0
  Time building additional restraints: 0.02
  Conformation dependent library (CDL) restraints added in 2.5 milliseconds
  
  Adding C-beta torsion restraints...
  Number of C-beta restraints generated:  2
  Time building geometry restraints manager: 0.02 seconds

  NOTE: a complete listing of the restraints can be obtained by requesting
        output of .geo file.

  Histogram of bond lengths:
        0.79 -     0.93: 2
        0.93 -     1.08: 15
        1.08 -     1.23: 1
        1.23 -     1.37: 5
        1.37 -     1.52: 14
  Bond restraints: 37
  Sorted by residual:
  bond pdb=" N   GLY A   2 "
       pdb=" H   GLY A   2 "
    ideal  model  delta    sigma   weight residual
    0.860  0.786  0.074 2.00e-02 2.50e+03 1.36e+01
  bond pdb=" C   GLY A   2 "
       pdb=" CA  GLY A   2 "
    ideal  model  delta    sigma   weight residual
    1.523  1.496  0.027 1.19e-02 7.06e+03 5.10e+00
  bond pdb=" CD2 PHE A   1 "
       pdb=" HD2 PHE A   1 "
    ideal  model  delta    sigma   weight residual
    0.930  0.975 -0.045 2.00e-02 2.50e+03 4.99e+00
  bond pdb=" C   GLY A   3 "
       pdb=" OXT GLY A   3 "
    ideal  model  delta    sigma   weight residual
    1.330  1.294  0.036 2.00e-02 2.50e+03 3.32e+00
  bond pdb=" CE2 PHE A   1 "
       pdb=" HE2 PHE A   1 "
    ideal  model  delta    sigma   weight residual
    0.930  0.965 -0.035 2.00e-02 2.50e+03 3.01e+00
  ... (remaining 32 not shown)

  Histogram of bond angle deviations from ideal:
      103.62 -   107.69: 9
      107.69 -   111.77: 14
      111.77 -   115.85: 7
      115.85 -   119.93: 11
      119.93 -   124.00: 19
  Bond angle restraints: 60
  Sorted by residual:
  angle pdb=" C   GLY A   2 "
        pdb=" CA  GLY A   2 "
        pdb=" N   GLY A   2 "
      ideal   model   delta    sigma   weight residual
     111.45  116.37   -4.92 1.23e+00 6.61e-01 1.60e+01
  angle pdb=" CA  GLY A   2 "
        pdb=" C   GLY A   2 "
        pdb=" N   GLY A   3 "
      ideal   model   delta    sigma   weight residual
     116.25  114.53    1.72 7.70e-01 1.69e+00 5.01e+00
  angle pdb=" C   PHE A   1 "
        pdb=" N   GLY A   2 "
        pdb=" CA  GLY A   2 "
      ideal   model   delta    sigma   weight residual
     121.86  123.45   -1.59 8.50e-01 1.38e+00 3.52e+00
  angle pdb=" HA1 GLY A   2 "
        pdb=" CA  GLY A   2 "
        pdb=" HA2 GLY A   2 "
      ideal   model   delta    sigma   weight residual
     109.00  103.62    5.38 3.00e+00 1.11e-01 3.22e+00
  angle pdb=" O   GLY A   2 "
        pdb=" C   GLY A   2 "
        pdb=" N   GLY A   3 "
      ideal   model   delta    sigma   weight residual
     123.08  123.97   -0.89 6.50e-01 2.37e+00 1.89e+00
  ... (remaining 55 not shown)

  Histogram of dihedral angle deviations from ideal:
        0.00 -    35.79: 11
       35.79 -    71.58: 1
       71.58 -   107.37: 0
      107.37 -   143.16: 0
      143.16 -   178.95: 1
  Dihedral angle restraints: 13
    sinusoidal: 3
      harmonic: 10
  Sorted by residual:
  dihedral pdb=" O   GLY A   3 "
           pdb=" C   GLY A   3 "
           pdb=" OXT GLY A   3 "
           pdb=" HXT GLY A   3 "
      ideal   model   delta  harmonic     sigma   weight residual
       0.00  178.95 -178.95     0      3.00e+01 1.11e-03 3.56e+01
  dihedral pdb=" CA  GLY A   2 "
           pdb=" C   GLY A   2 "
           pdb=" N   GLY A   3 "
           pdb=" CA  GLY A   3 "
      ideal   model   delta  harmonic     sigma   weight residual
    -180.00 -172.41   -7.59     0      5.00e+00 4.00e-02 2.31e+00
  dihedral pdb=" OXT GLY A   3 "
           pdb=" C   GLY A   3 "
           pdb=" CA  GLY A   3 "
           pdb=" N   GLY A   3 "
      ideal   model   delta sinusoidal    sigma   weight residual
     160.00 -160.20  -39.80     2      3.00e+01 1.11e-03 2.19e+00
  ... (remaining 10 not shown)

  Histogram of chiral volume deviations from ideal:
       0.024 -    0.024: 1
       0.024 -    0.024: 0
       0.024 -    0.024: 0
       0.024 -    0.024: 0
       0.024 -    0.024: 0
  Chirality restraints: 1
  Sorted by residual:
  chirality pdb=" CA  PHE A   1 "
            pdb=" C   PHE A   1 "
            pdb=" N   PHE A   1 "
            pdb=" CB  PHE A   1 "
    both_signs  ideal   model   delta    sigma   weight residual
      False     -2.51   -2.53    0.02 2.00e-01 2.50e+01 1.45e-02

  Planarity restraints: 6
  Sorted by residual:
                                 delta    sigma   weight rms_deltas residual
  plane pdb=" CB  PHE A   1 "   -0.004 2.00e-02 2.50e+03   1.20e-02 4.29e+00
        pdb=" CG  PHE A   1 "   -0.016 2.00e-02 2.50e+03
        pdb=" CD1 PHE A   1 "    0.002 2.00e-02 2.50e+03
        pdb=" HD1 PHE A   1 "    0.026 2.00e-02 2.50e+03
        pdb=" CE1 PHE A   1 "   -0.008 2.00e-02 2.50e+03
        pdb=" HE1 PHE A   1 "   -0.008 2.00e-02 2.50e+03
        pdb=" CZ  PHE A   1 "    0.004 2.00e-02 2.50e+03
        pdb=" HZ  PHE A   1 "   -0.011 2.00e-02 2.50e+03
        pdb=" CE2 PHE A   1 "    0.001 2.00e-02 2.50e+03
        pdb=" HE2 PHE A   1 "    0.021 2.00e-02 2.50e+03
        pdb=" CD2 PHE A   1 "   -0.002 2.00e-02 2.50e+03
        pdb=" HD2 PHE A   1 "   -0.005 2.00e-02 2.50e+03
                                 delta    sigma   weight rms_deltas residual
  plane pdb=" C   GLY A   2 "   -0.005 2.00e-02 2.50e+03   9.32e-03 8.69e-01
        pdb=" CA  GLY A   3 "   -0.004 2.00e-02 2.50e+03
        pdb=" N   GLY A   3 "    0.016 2.00e-02 2.50e+03
        pdb=" H   GLY A   3 "   -0.007 2.00e-02 2.50e+03
                                 delta    sigma   weight rms_deltas residual
  plane pdb=" C   GLY A   2 "    0.015 2.00e-02 2.50e+03   8.56e-03 7.33e-01
        pdb=" O   GLY A   2 "   -0.006 2.00e-02 2.50e+03
        pdb=" CA  GLY A   2 "   -0.004 2.00e-02 2.50e+03
        pdb=" N   GLY A   3 "   -0.005 2.00e-02 2.50e+03
  ... (remaining 3 not shown)

  Histogram of nonbonded interaction distances:
        2.10 -     2.66: 36
        2.66 -     3.22: 37
        3.22 -     3.78: 57
        3.78 -     4.34: 63
        4.34 -     4.89: 66
  Nonbonded interactions: 259
  Sorted by model distance:
  nonbonded pdb=" HA1 GLY A   3 "
            pdb=" H   GLY A   3 "
     model   vdw
     2.100 1.816
  nonbonded pdb=" HA2 GLY A   2 "
            pdb=" H   GLY A   3 "
     model   vdw
     2.141 2.270
  nonbonded pdb=" HXT GLY A   3 "
            pdb=" HA2 GLY A   3 "
     model   vdw
     2.149 2.270
  nonbonded pdb=" H1  PHE A   1 "
            pdb=" H   GLY A   2 "
     model   vdw
     2.188 2.100
  nonbonded pdb=" HA1 GLY A   2 "
            pdb=" H   GLY A   2 "
     model   vdw
     2.214 1.816
  ... (remaining 254 not shown)

  NOTE: a complete listing of the restraints can be obtained by requesting
        output of .geo file.

                   ----------xray_structure summary----------                  

Number of scattering types: 4
  Type Number    sf(0)   Gaussians
   O       4      7.97       2
   N       3      6.97       2
   C      13      5.97       2
   H      17      1.00       2
  sf(0) = scattering factor at diffraction angle 0.
Number of scatterers: 37
At special positions: 0
Unit cell: (14.405, 13.122, 10.023, 90, 90, 90)
Space group: P 1 (No. 1)

End of input processing
r_work=0.5456 r_free=0.6032
params.data_weight: 0.0
params.restraints: cctbx
rmsd(b), start:  0.0893
mc:   0 R: 0.5501 rmsd(b):  0.0008 restraint_scale:  1.0 min_steps: 54
mc:   1 R: 0.5490 rmsd(b):  0.0011 restraint_scale:  1.0 min_steps: 55
mc:   2 R: 0.5562 rmsd(b):  0.0010 restraint_scale:  1.0 min_steps: 53
mc:   3 R: 0.5557 rmsd(b):  0.0007 restraint_scale:  1.0 min_steps: 54
mc:   4 R: 0.5585 rmsd(b):  0.0007 restraint_scale:  1.0 min_steps: 53
mc:   5 R: 0.5629 rmsd(b):  0.0008 restraint_scale:  1.0 min_steps: 54
mc:   6 R: 0.5643 rmsd(b):  0.0006 restraint_scale:  1.0 min_steps: 55
mc:   7 R: 0.5657 rmsd(b):  0.0006 restraint_scale:  1.0 min_steps: 53
mc:   8 R: 0.5660 rmsd(b):  0.0006 restraint_scale:  1.0 min_steps: 53
Convergence reached, stop now.
see the result structure:  ./p26/04_results/opt_cctbx/261_FGG444-new/1.5/5.pdb
Time: 6.2639
