phenix.python
you are importing  adaptive calculator, and it does nothing. Please give it energy, force....... 

============================== Collecting inputs ==============================


                   ----------Processing X-ray data----------                   

F-obs:
  /scratch/m_zhen01/30995.lupus.uni-muenster.de/p26/02_mtz/262_FGG470-new.mtz:F-obs
Miller array info: None
Observation type: xray.amplitude
Type of data: double, size=196
Type of sigmas: None
Number of Miller indices: 196
Anomalous flag: False
Unit cell: (14.065, 13.516, 10.568, 90, 90, 90)
Space group: P 1 (No. 1)
Systematic absences: 0
Centric reflections: 0
Resolution range: 3.99149 2.52197
Completeness in resolution range: 1
Completeness with d_max=infinity: 0.742424

Number of F-obs in resolution range:                   196
Number of F-obs<0 (these reflections will be rejected): 0
Number of F-obs=0 (these reflections will be used in refinement): 0
Refinement resolution range: d_max =   3.9915
                             d_min =   2.5220

R-free flags:
  /scratch/m_zhen01/30995.lupus.uni-muenster.de/p26/02_mtz/262_FGG470-new.mtz:R-free-flags
Miller array info: /scratch/m_zhen01/30995.lupus.uni-muenster.de/p26/02_mtz/262_FGG470-new.mtz:R-free-flags
Observation type: None
Type of data: int, size=196
Type of sigmas: None
Number of Miller indices: 196
Anomalous flag: False
Unit cell: (14.065, 13.516, 10.568, 90, 90, 90)
Space group: P 1 (No. 1)
Systematic absences: 0
Centric reflections: 0
Resolution range: 3.99149 2.52197
Completeness in resolution range: 1
Completeness with d_max=infinity: 0.742424
Wavelength: 1.0000

Test (R-free flags) flag value: 1

Number of work/free reflections by resolution:
                                  work free  %free
  bin  1: 3.9915 - 3.6606 [12/12]   12    0   0.0%
  bin  2: 3.6606 - 3.4177 [18/18]   10    8  44.4%
  bin  3: 3.4177 - 3.2287 [29/29]   29    0   0.0%
  bin  4: 3.2287 - 3.0756 [24/24]   24    0   0.0%
  bin  5: 3.0756 - 2.9480 [14/14]   14    0   0.0%
  bin  6: 2.9480 - 2.8392 [16/16]   16    0   0.0%
  bin  7: 2.8392 - 2.7448 [21/21]   21    0   0.0%
  bin  8: 2.7448 - 2.6619 [21/21]   17    4  19.0%
  bin  9: 2.6619 - 2.5882 [23/23]   19    4  17.4%
  bin 10: 2.5882 - 2.5220 [18/18]   18    0   0.0%
                          overall  180   16   8.2%

                   ----------Processing PDB file(s)----------                  

  Monomer Library directory:
    "/tmp1/m_zhen01/phenix-installer-1.10.1-2155-intel-linux-2.6-x86_64-centos5/phenix-1.10.1-2155/modules/chem_data/mon_lib"
  Total number of atoms: 37
  Number of models: 1
  Model: ""
    Number of chains: 1
    Chain: "A"
      Number of atoms: 37
      Number of conformers: 1
      Conformer: ""
        Number of residues, atoms: 3, 37
          Classifications: {'peptide': 3}
          Modifications used: {'NH2NOTPRO': 1, 'COOH': 1}
          Link IDs: {'TRANS': 2}
  Time building chain proxies: 0.07, per 1000 atoms: 1.89
  Number of scatterers: 37
  At special positions: 0
  Unit cell: (14.065, 13.516, 10.568, 90, 90, 90)
  Space group: P 1 (No. 1)
  Number of sites at special positions: 0
  Number of scattering types: 4
    Type Number    sf(0)
     O       4      8.00
     N       3      7.00
     C      13      6.00
     H      17      1.00
    sf(0) = scattering factor at diffraction angle 0.

  Number of disulfides: simple=0, symmetry=0

  Automatic linking
    Parameters for automatic linking
      Linking & cutoffs
        Metal                : False - 3.50
        Amimo acid           : False - 1.90
        Carbohydrate         : True  - 1.99
        Ligands              : True  - 1.99
        Amino acid - RNA/DNA : False
      
  Number of custom bonds: simple=0, symmetry=0
  Time building additional restraints: 0.02
  Conformation dependent library (CDL) restraints added in 2.5 milliseconds
  
  Adding C-beta torsion restraints...
  Number of C-beta restraints generated:  2
  Time building geometry restraints manager: 0.03 seconds

  NOTE: a complete listing of the restraints can be obtained by requesting
        output of .geo file.

  Histogram of bond lengths:
        0.86 -     1.00: 17
        1.00 -     1.14: 0
        1.14 -     1.28: 3
        1.28 -     1.42: 9
        1.42 -     1.56: 8
  Bond restraints: 37
  Sorted by residual:
  bond pdb=" N   GLY A   2 "
       pdb=" H   GLY A   2 "
    ideal  model  delta    sigma   weight residual
    0.860  0.916 -0.056 2.00e-02 2.50e+03 7.75e+00
  bond pdb=" CB  PHE A   1 "
       pdb=" CG  PHE A   1 "
    ideal  model  delta    sigma   weight residual
    1.502  1.563 -0.061 2.30e-02 1.89e+03 7.07e+00
  bond pdb=" CE2 PHE A   1 "
       pdb=" HE2 PHE A   1 "
    ideal  model  delta    sigma   weight residual
    0.930  0.881  0.049 2.00e-02 2.50e+03 6.11e+00
  bond pdb=" CZ  PHE A   1 "
       pdb=" HZ  PHE A   1 "
    ideal  model  delta    sigma   weight residual
    0.930  0.884  0.046 2.00e-02 2.50e+03 5.20e+00
  bond pdb=" O   GLY A   3 "
       pdb=" C   GLY A   3 "
    ideal  model  delta    sigma   weight residual
    1.185  1.149  0.036 2.00e-02 2.50e+03 3.25e+00
  ... (remaining 32 not shown)

  Histogram of bond angle deviations from ideal:
      104.75 -   108.97: 14
      108.97 -   113.19: 11
      113.19 -   117.42: 6
      117.42 -   121.64: 20
      121.64 -   125.86: 9
  Bond angle restraints: 60
  Sorted by residual:
  angle pdb=" C   GLY A   2 "
        pdb=" N   GLY A   3 "
        pdb=" CA  GLY A   3 "
      ideal   model   delta    sigma   weight residual
     121.70  118.56    3.14 1.80e+00 3.09e-01 3.04e+00
  angle pdb=" OXT GLY A   3 "
        pdb=" C   GLY A   3 "
        pdb=" CA  GLY A   3 "
      ideal   model   delta    sigma   weight residual
     118.60  123.67   -5.07 3.00e+00 1.11e-01 2.85e+00
  angle pdb=" C   PHE A   1 "
        pdb=" CA  PHE A   1 "
        pdb=" N   PHE A   1 "
      ideal   model   delta    sigma   weight residual
     111.00  106.53    4.47 2.80e+00 1.28e-01 2.55e+00
  angle pdb=" CG  PHE A   1 "
        pdb=" CD1 PHE A   1 "
        pdb=" CE1 PHE A   1 "
      ideal   model   delta    sigma   weight residual
     120.70  123.02   -2.32 1.70e+00 3.46e-01 1.87e+00
  angle pdb=" N   PHE A   1 "
        pdb=" CA  PHE A   1 "
        pdb=" CB  PHE A   1 "
      ideal   model   delta    sigma   weight residual
     110.50  112.81   -2.31 1.70e+00 3.46e-01 1.85e+00
  ... (remaining 55 not shown)

  Histogram of dihedral angle deviations from ideal:
        0.07 -     6.83: 11
        6.83 -    13.60: 1
       13.60 -    20.36: 0
       20.36 -    27.12: 0
       27.12 -    33.88: 1
  Dihedral angle restraints: 13
    sinusoidal: 3
      harmonic: 10
  Sorted by residual:
  dihedral pdb=" OXT GLY A   3 "
           pdb=" C   GLY A   3 "
           pdb=" CA  GLY A   3 "
           pdb=" N   GLY A   3 "
      ideal   model   delta sinusoidal    sigma   weight residual
     160.00  126.12   33.88     2      3.00e+01 1.11e-03 1.66e+00
  dihedral pdb=" CA  PHE A   1 "
           pdb=" C   PHE A   1 "
           pdb=" N   GLY A   2 "
           pdb=" CA  GLY A   2 "
      ideal   model   delta  harmonic     sigma   weight residual
     180.00  174.04    5.96     0      5.00e+00 4.00e-02 1.42e+00
  dihedral pdb=" C   PHE A   1 "
           pdb=" N   PHE A   1 "
           pdb=" CA  PHE A   1 "
           pdb=" CB  PHE A   1 "
      ideal   model   delta  harmonic     sigma   weight residual
    -122.60 -120.36   -2.24     0      2.50e+00 1.60e-01 8.03e-01
  ... (remaining 10 not shown)

  Histogram of chiral volume deviations from ideal:
       0.184 -    0.184: 1
       0.184 -    0.184: 0
       0.184 -    0.184: 0
       0.184 -    0.184: 0
       0.184 -    0.184: 0
  Chirality restraints: 1
  Sorted by residual:
  chirality pdb=" CA  PHE A   1 "
            pdb=" C   PHE A   1 "
            pdb=" N   PHE A   1 "
            pdb=" CB  PHE A   1 "
    both_signs  ideal   model   delta    sigma   weight residual
      False     -2.51   -2.69    0.18 2.00e-01 2.50e+01 8.48e-01

  Planarity restraints: 6
  Sorted by residual:
                                 delta    sigma   weight rms_deltas residual
  plane pdb=" CB  PHE A   1 "   -0.004 2.00e-02 2.50e+03   1.00e-02 3.00e+00
        pdb=" CG  PHE A   1 "   -0.008 2.00e-02 2.50e+03
        pdb=" CD2 PHE A   1 "    0.011 2.00e-02 2.50e+03
        pdb=" HD2 PHE A   1 "    0.019 2.00e-02 2.50e+03
        pdb=" CE2 PHE A   1 "   -0.015 2.00e-02 2.50e+03
        pdb=" HE2 PHE A   1 "   -0.016 2.00e-02 2.50e+03
        pdb=" CZ  PHE A   1 "    0.007 2.00e-02 2.50e+03
        pdb=" HZ  PHE A   1 "    0.006 2.00e-02 2.50e+03
        pdb=" CE1 PHE A   1 "    0.001 2.00e-02 2.50e+03
        pdb=" HE1 PHE A   1 "    0.005 2.00e-02 2.50e+03
        pdb=" CD1 PHE A   1 "    0.002 2.00e-02 2.50e+03
        pdb=" HD1 PHE A   1 "   -0.006 2.00e-02 2.50e+03
                                 delta    sigma   weight rms_deltas residual
  plane pdb=" C   GLY A   2 "    0.006 2.00e-02 2.50e+03   1.15e-02 1.31e+00
        pdb=" CA  GLY A   3 "    0.005 2.00e-02 2.50e+03
        pdb=" N   GLY A   3 "   -0.020 2.00e-02 2.50e+03
        pdb=" H   GLY A   3 "    0.009 2.00e-02 2.50e+03
                                 delta    sigma   weight rms_deltas residual
  plane pdb=" C   PHE A   1 "   -0.005 2.00e-02 2.50e+03   8.88e-03 7.88e-01
        pdb=" CA  GLY A   2 "   -0.004 2.00e-02 2.50e+03
        pdb=" N   GLY A   2 "    0.015 2.00e-02 2.50e+03
        pdb=" H   GLY A   2 "   -0.006 2.00e-02 2.50e+03
  ... (remaining 3 not shown)

  Histogram of nonbonded interaction distances:
        2.14 -     2.69: 31
        2.69 -     3.24: 51
        3.24 -     3.79: 67
        3.79 -     4.34: 68
        4.34 -     4.89: 72
  Nonbonded interactions: 289
  Sorted by model distance:
  nonbonded pdb=" O   GLY A   3 "
            pdb=" HXT GLY A   3 "
     model   vdw
     2.143 2.056
  nonbonded pdb=" HA1 GLY A   2 "
            pdb=" H   GLY A   2 "
     model   vdw
     2.204 1.816
  nonbonded pdb=" HZ  PHE A   1 "
            pdb=" HE1 PHE A   1 "
     model   vdw
     2.223 1.680
  nonbonded pdb=" HA2 GLY A   3 "
            pdb=" H   GLY A   3 "
     model   vdw
     2.266 1.816
  nonbonded pdb=" O   GLY A   2 "
            pdb=" HA1 GLY A   3 "
     model   vdw
     2.282 2.740
  ... (remaining 284 not shown)

  NOTE: a complete listing of the restraints can be obtained by requesting
        output of .geo file.

                   ----------xray_structure summary----------                  

Number of scattering types: 4
  Type Number    sf(0)   Gaussians
   O       4      7.97       2
   N       3      6.97       2
   C      13      5.97       2
   H      17      1.00       2
  sf(0) = scattering factor at diffraction angle 0.
Number of scatterers: 37
At special positions: 0
Unit cell: (14.065, 13.516, 10.568, 90, 90, 90)
Space group: P 1 (No. 1)

End of input processing
r_work=0.5042 r_free=0.4588
params.data_weight: None
params.restraints: cctbx
rmsd(b), start:  0.0878
mc:   0 R: 0.1121 rmsd(b):  0.0285 restraint_scale:  1.0 min_steps: 39
mc:   1 R: 0.0267 rmsd(b):  0.0327 restraint_scale:  2.0 min_steps: 27
mc:   2 R: 0.0111 rmsd(b):  0.0463 restraint_scale:  4.0 min_steps: 20
mc:   3 R: 0.0067 rmsd(b):  0.0432 restraint_scale:  8.0 min_steps: 34
mc:   4 R: 0.0072 rmsd(b):  0.0296 restraint_scale:  8.0 min_steps: 26
mc:   5 R: 0.0067 rmsd(b):  0.0301 restraint_scale: 16.0 min_steps: 8
Convergence reached, stop now.
see the result structure:  ./p26/04_results/refine_cctbx/262_FGG470-new/0.9/8.pdb
Time: 6.0783
