phenix.python
you are importing  adaptive calculator, and it does nothing. Please give it energy, force....... 

============================== Collecting inputs ==============================


                   ----------Processing X-ray data----------                   

F-obs:
  /scratch/m_zhen01/30993.lupus.uni-muenster.de/p26/02_mtz/203_WG11-new.mtz:F-obs
Miller array info: None
Observation type: xray.amplitude
Type of data: double, size=181
Type of sigmas: None
Number of Miller indices: 181
Anomalous flag: False
Unit cell: (13.071, 13.502, 9.907, 90, 90, 90)
Space group: P 1 (No. 1)
Systematic absences: 0
Centric reflections: 0
Resolution range: 3.99375 2.52768
Completeness in resolution range: 1
Completeness with d_max=infinity: 0.770213

Number of F-obs in resolution range:                   181
Number of F-obs<0 (these reflections will be rejected): 0
Number of F-obs=0 (these reflections will be used in refinement): 0
Refinement resolution range: d_max =   3.9937
                             d_min =   2.5277

R-free flags:
  /scratch/m_zhen01/30993.lupus.uni-muenster.de/p26/02_mtz/203_WG11-new.mtz:R-free-flags
Miller array info: /scratch/m_zhen01/30993.lupus.uni-muenster.de/p26/02_mtz/203_WG11-new.mtz:R-free-flags
Observation type: None
Type of data: int, size=181
Type of sigmas: None
Number of Miller indices: 181
Anomalous flag: False
Unit cell: (13.071, 13.502, 9.907, 90, 90, 90)
Space group: P 1 (No. 1)
Systematic absences: 0
Centric reflections: 0
Resolution range: 3.99375 2.52768
Completeness in resolution range: 1
Completeness with d_max=infinity: 0.770213
Wavelength: 1.0000

Test (R-free flags) flag value: 1

Number of work/free reflections by resolution:
                                  work free  %free
  bin  1: 3.9937 - 3.6645 [24/24]   24    0   0.0%
  bin  2: 3.6645 - 3.4226 [10/10]   10    0   0.0%
  bin  3: 3.4226 - 3.2340 [13/13]    9    4  30.8%
  bin  4: 3.2340 - 3.0811 [28/28]   28    0   0.0%
  bin  5: 3.0811 - 2.9536 [16/16]   16    0   0.0%
  bin  6: 2.9536 - 2.8449 [20/20]   12    8  40.0%
  bin  7: 2.8449 - 2.7506 [ 6/6 ]    6    0   0.0%
  bin  8: 2.7506 - 2.6677 [17/17]   17    0   0.0%
  bin  9: 2.6677 - 2.5939 [19/19]   19    0   0.0%
  bin 10: 2.5939 - 2.5277 [28/28]   28    0   0.0%
                          overall  169   12   6.6%

                   ----------Processing PDB file(s)----------                  

  Monomer Library directory:
    "/tmp1/m_zhen01/phenix-installer-1.10.1-2155-intel-linux-2.6-x86_64-centos5/phenix-1.10.1-2155/modules/chem_data/mon_lib"
  Total number of atoms: 34
  Number of models: 1
  Model: ""
    Number of chains: 1
    Chain: "A"
      Number of atoms: 34
      Number of conformers: 1
      Conformer: ""
        Number of residues, atoms: 2, 34
          Classifications: {'peptide': 2}
          Modifications used: {'NH2NOTPRO': 1, 'COOH': 1}
          Link IDs: {'TRANS': 1}
  Time building chain proxies: 0.07, per 1000 atoms: 2.06
  Number of scatterers: 34
  At special positions: 0
  Unit cell: (13.071, 13.502, 9.907, 90, 90, 90)
  Space group: P 1 (No. 1)
  Number of sites at special positions: 0
  Number of scattering types: 4
    Type Number    sf(0)
     O       3      8.00
     N       3      7.00
     C      13      6.00
     H      15      1.00
    sf(0) = scattering factor at diffraction angle 0.

  Number of disulfides: simple=0, symmetry=0

  Automatic linking
    Parameters for automatic linking
      Linking & cutoffs
        Metal                : False - 3.50
        Amimo acid           : False - 1.90
        Carbohydrate         : True  - 1.99
        Ligands              : True  - 1.99
        Amino acid - RNA/DNA : False
      
  Number of custom bonds: simple=0, symmetry=0
  Time building additional restraints: 0.02
  Conformation dependent library (CDL) restraints added in 428.9 microseconds
  
  Adding C-beta torsion restraints...
  Number of C-beta restraints generated:  2
  Time building geometry restraints manager: 0.03 seconds

  NOTE: a complete listing of the restraints can be obtained by requesting
        output of .geo file.

  Histogram of bond lengths:
        0.86 -     1.01: 15
        1.01 -     1.15: 0
        1.15 -     1.29: 2
        1.29 -     1.44: 11
        1.44 -     1.58: 7
  Bond restraints: 35
  Sorted by residual:
  bond pdb=" CA  TRP A   1 "
       pdb=" CB  TRP A   1 "
    ideal  model  delta    sigma   weight residual
    1.530  1.579 -0.049 2.00e-02 2.50e+03 6.12e+00
  bond pdb=" CZ3 TRP A   1 "
       pdb=" HZ3 TRP A   1 "
    ideal  model  delta    sigma   weight residual
    0.930  0.976 -0.046 2.00e-02 2.50e+03 5.18e+00
  bond pdb=" O   GLY A   2 "
       pdb=" C   GLY A   2 "
    ideal  model  delta    sigma   weight residual
    1.185  1.229 -0.044 2.00e-02 2.50e+03 4.89e+00
  bond pdb=" CE3 TRP A   1 "
       pdb=" CD2 TRP A   1 "
    ideal  model  delta    sigma   weight residual
    1.398  1.368  0.030 1.60e-02 3.91e+03 3.55e+00
  bond pdb=" CH2 TRP A   1 "
       pdb=" HH2 TRP A   1 "
    ideal  model  delta    sigma   weight residual
    0.930  0.963 -0.033 2.00e-02 2.50e+03 2.73e+00
  ... (remaining 30 not shown)

  Histogram of bond angle deviations from ideal:
      105.10 -   110.62: 22
      110.62 -   116.14: 6
      116.14 -   121.66: 15
      121.66 -   127.18: 12
      127.18 -   132.70: 2
  Bond angle restraints: 57
  Sorted by residual:
  angle pdb=" C   GLY A   2 "
        pdb=" CA  GLY A   2 "
        pdb=" N   GLY A   2 "
      ideal   model   delta    sigma   weight residual
     113.30  106.68    6.62 2.90e+00 1.19e-01 5.22e+00
  angle pdb=" C   TRP A   1 "
        pdb=" N   GLY A   2 "
        pdb=" CA  GLY A   2 "
      ideal   model   delta    sigma   weight residual
     121.70  125.41   -3.71 1.80e+00 3.09e-01 4.25e+00
  angle pdb=" C   GLY A   2 "
        pdb=" OXT GLY A   2 "
        pdb=" HXT GLY A   2 "
      ideal   model   delta    sigma   weight residual
     108.00  113.87   -5.87 3.00e+00 1.11e-01 3.83e+00
  angle pdb=" CA  GLY A   2 "
        pdb=" N   GLY A   2 "
        pdb=" H   GLY A   2 "
      ideal   model   delta    sigma   weight residual
     114.00  109.25    4.75 3.00e+00 1.11e-01 2.51e+00
  angle pdb=" N   TRP A   1 "
        pdb=" CA  TRP A   1 "
        pdb=" CB  TRP A   1 "
      ideal   model   delta    sigma   weight residual
     110.50  113.14   -2.64 1.70e+00 3.46e-01 2.42e+00
  ... (remaining 52 not shown)

  Histogram of dihedral angle deviations from ideal:
        0.38 -    15.58: 11
       15.58 -    30.77: 1
       30.77 -    45.97: 0
       45.97 -    61.17: 0
       61.17 -    76.36: 1
  Dihedral angle restraints: 13
    sinusoidal: 3
      harmonic: 10
  Sorted by residual:
  dihedral pdb=" OXT GLY A   2 "
           pdb=" C   GLY A   2 "
           pdb=" CA  GLY A   2 "
           pdb=" N   GLY A   2 "
      ideal   model   delta sinusoidal    sigma   weight residual
     -20.00  -96.36   76.36     2      3.00e+01 1.11e-03 5.04e+00
  dihedral pdb=" N   TRP A   1 "
           pdb=" C   TRP A   1 "
           pdb=" CA  TRP A   1 "
           pdb=" CB  TRP A   1 "
      ideal   model   delta  harmonic     sigma   weight residual
     122.80  126.47   -3.67     0      2.50e+00 1.60e-01 2.15e+00
  dihedral pdb=" CA  TRP A   1 "
           pdb=" CB  TRP A   1 "
           pdb=" CG  TRP A   1 "
           pdb=" CD1 TRP A   1 "
      ideal   model   delta sinusoidal    sigma   weight residual
     -90.00  -65.78  -24.22     2      2.00e+01 2.50e-03 2.02e+00
  ... (remaining 10 not shown)

  Histogram of chiral volume deviations from ideal:
       0.025 -    0.025: 1
       0.025 -    0.025: 0
       0.025 -    0.025: 0
       0.025 -    0.025: 0
       0.025 -    0.025: 0
  Chirality restraints: 1
  Sorted by residual:
  chirality pdb=" CA  TRP A   1 "
            pdb=" C   TRP A   1 "
            pdb=" N   TRP A   1 "
            pdb=" CB  TRP A   1 "
    both_signs  ideal   model   delta    sigma   weight residual
      False     -2.51   -2.54    0.02 2.00e-01 2.50e+01 1.52e-02

  Planarity restraints: 4
  Sorted by residual:
                                 delta    sigma   weight rms_deltas residual
  plane pdb=" CB  TRP A   1 "    0.005 2.00e-02 2.50e+03   1.95e-02 1.52e+01
        pdb=" CG  TRP A   1 "   -0.017 2.00e-02 2.50e+03
        pdb=" CD1 TRP A   1 "   -0.009 2.00e-02 2.50e+03
        pdb=" HD1 TRP A   1 "   -0.014 2.00e-02 2.50e+03
        pdb=" NE1 TRP A   1 "    0.029 2.00e-02 2.50e+03
        pdb=" HE1 TRP A   1 "    0.002 2.00e-02 2.50e+03
        pdb=" CE2 TRP A   1 "    0.019 2.00e-02 2.50e+03
        pdb=" CZ2 TRP A   1 "   -0.003 2.00e-02 2.50e+03
        pdb=" HZ2 TRP A   1 "    0.005 2.00e-02 2.50e+03
        pdb=" CH2 TRP A   1 "    0.006 2.00e-02 2.50e+03
        pdb=" HH2 TRP A   1 "   -0.052 2.00e-02 2.50e+03
        pdb=" CZ3 TRP A   1 "    0.020 2.00e-02 2.50e+03
        pdb=" HZ3 TRP A   1 "    0.024 2.00e-02 2.50e+03
        pdb=" CE3 TRP A   1 "    0.009 2.00e-02 2.50e+03
        pdb=" HE3 TRP A   1 "   -0.021 2.00e-02 2.50e+03
        pdb=" CD2 TRP A   1 "   -0.004 2.00e-02 2.50e+03
                                 delta    sigma   weight rms_deltas residual
  plane pdb=" O   GLY A   2 "    0.010 2.00e-02 2.50e+03   1.39e-02 2.43e+00
        pdb=" C   GLY A   2 "   -0.025 2.00e-02 2.50e+03
        pdb=" OXT GLY A   2 "    0.014 2.00e-02 2.50e+03
        pdb=" HXT GLY A   2 "   -0.005 2.00e-02 2.50e+03
        pdb=" CA  GLY A   2 "    0.005 2.00e-02 2.50e+03
                                 delta    sigma   weight rms_deltas residual
  plane pdb=" C   TRP A   1 "    0.021 2.00e-02 2.50e+03   1.19e-02 1.42e+00
        pdb=" O   TRP A   1 "   -0.008 2.00e-02 2.50e+03
        pdb=" CA  TRP A   1 "   -0.006 2.00e-02 2.50e+03
        pdb=" N   GLY A   2 "   -0.007 2.00e-02 2.50e+03
  ... (remaining 1 not shown)

  Histogram of nonbonded interaction distances:
        2.03 -     2.60: 18
        2.60 -     3.17: 45
        3.17 -     3.74: 60
        3.74 -     4.32: 70
        4.32 -     4.89: 78
  Nonbonded interactions: 271
  Sorted by model distance:
  nonbonded pdb=" HA  TRP A   1 "
            pdb=" H1  TRP A   1 "
     model   vdw
     2.029 1.816
  nonbonded pdb=" C   GLY A   2 "
            pdb=" H   GLY A   2 "
     model   vdw
     2.274 2.240
  nonbonded pdb=" HZ2 TRP A   1 "
            pdb=" HH2 TRP A   1 "
     model   vdw
     2.290 1.680
  nonbonded pdb=" O   GLY A   2 "
            pdb=" HXT GLY A   2 "
     model   vdw
     2.301 2.056
  nonbonded pdb=" HZ3 TRP A   1 "
            pdb=" HE3 TRP A   1 "
     model   vdw
     2.304 1.680
  ... (remaining 266 not shown)

  NOTE: a complete listing of the restraints can be obtained by requesting
        output of .geo file.

                   ----------xray_structure summary----------                  

Number of scattering types: 4
  Type Number    sf(0)   Gaussians
   O       3      7.97       2
   N       3      6.97       2
   C      13      5.97       2
   H      15      1.00       2
  sf(0) = scattering factor at diffraction angle 0.
Number of scatterers: 34
At special positions: 0
Unit cell: (13.071, 13.502, 9.907, 90, 90, 90)
Space group: P 1 (No. 1)

End of input processing
r_work=0.5966 r_free=0.5650
params.data_weight: 0.0
params.restraints: cctbx
rmsd(b), start:  0.0815
mc:   0 R: 0.5891 rmsd(b):  0.0010 restraint_scale:  1.0 min_steps: 53
mc:   1 R: 0.5633 rmsd(b):  0.0013 restraint_scale:  1.0 min_steps: 56
mc:   2 R: 0.5636 rmsd(b):  0.0006 restraint_scale:  1.0 min_steps: 55
mc:   3 R: 0.5607 rmsd(b):  0.0013 restraint_scale:  1.0 min_steps: 53
mc:   4 R: 0.5537 rmsd(b):  0.0009 restraint_scale:  1.0 min_steps: 57
mc:   5 R: 0.5449 rmsd(b):  0.0008 restraint_scale:  1.0 min_steps: 56
mc:   6 R: 0.5278 rmsd(b):  0.0006 restraint_scale:  1.0 min_steps: 55
mc:   7 R: 0.5215 rmsd(b):  0.0005 restraint_scale:  1.0 min_steps: 57
mc:   8 R: 0.5118 rmsd(b):  0.0005 restraint_scale:  1.0 min_steps: 54
mc:   9 R: 0.5040 rmsd(b):  0.0005 restraint_scale:  1.0 min_steps: 54
mc:  10 R: 0.4991 rmsd(b):  0.0004 restraint_scale:  1.0 min_steps: 55
mc:  11 R: 0.4928 rmsd(b):  0.0004 restraint_scale:  1.0 min_steps: 54
mc:  12 R: 0.4874 rmsd(b):  0.0004 restraint_scale:  1.0 min_steps: 56
mc:  13 R: 0.4822 rmsd(b):  0.0005 restraint_scale:  1.0 min_steps: 56
mc:  14 R: 0.4801 rmsd(b):  0.0003 restraint_scale:  1.0 min_steps: 54
mc:  15 R: 0.4759 rmsd(b):  0.0005 restraint_scale:  1.0 min_steps: 54
mc:  16 R: 0.4743 rmsd(b):  0.0003 restraint_scale:  1.0 min_steps: 53
mc:  17 R: 0.4701 rmsd(b):  0.0005 restraint_scale:  1.0 min_steps: 55
mc:  18 R: 0.4694 rmsd(b):  0.0003 restraint_scale:  1.0 min_steps: 52
Convergence reached, stop now.
see the result structure:  ./p26/04_results/opt_cctbx/203_WG11-new/0.9/9.pdb
Time: 8.4389
