phenix.python
you are importing  adaptive calculator, and it does nothing. Please give it energy, force....... 

============================== Collecting inputs ==============================


                   ----------Processing X-ray data----------                   

F-obs:
  /scratch/m_zhen01/30993.lupus.uni-muenster.de/p26/02_mtz/245_GFA06-new.mtz:F-obs
Miller array info: None
Observation type: xray.amplitude
Type of data: double, size=236
Type of sigmas: None
Number of Miller indices: 236
Anomalous flag: False
Unit cell: (12.522, 17.481, 10.617, 90, 90, 90)
Space group: P 1 (No. 1)
Systematic absences: 0
Centric reflections: 0
Resolution range: 3.95801 2.50258
Completeness in resolution range: 1
Completeness with d_max=infinity: 0.763754

Number of F-obs in resolution range:                   236
Number of F-obs<0 (these reflections will be rejected): 0
Number of F-obs=0 (these reflections will be used in refinement): 0
Refinement resolution range: d_max =   3.9580
                             d_min =   2.5026

R-free flags:
  /scratch/m_zhen01/30993.lupus.uni-muenster.de/p26/02_mtz/245_GFA06-new.mtz:R-free-flags
Miller array info: /scratch/m_zhen01/30993.lupus.uni-muenster.de/p26/02_mtz/245_GFA06-new.mtz:R-free-flags
Observation type: None
Type of data: int, size=236
Type of sigmas: None
Number of Miller indices: 236
Anomalous flag: False
Unit cell: (12.522, 17.481, 10.617, 90, 90, 90)
Space group: P 1 (No. 1)
Systematic absences: 0
Centric reflections: 0
Resolution range: 3.95801 2.50258
Completeness in resolution range: 1
Completeness with d_max=infinity: 0.763754
Wavelength: 1.0000

Test (R-free flags) flag value: 1

Number of work/free reflections by resolution:
                                  work free  %free
  bin  1: 3.9580 - 3.6307 [30/30]   26    4  13.3%
  bin  2: 3.6307 - 3.3903 [18/18]   18    0   0.0%
  bin  3: 3.3903 - 3.2031 [34/34]   30    4  11.8%
  bin  4: 3.2031 - 3.0514 [15/15]   15    0   0.0%
  bin  5: 3.0514 - 2.9249 [28/28]   28    0   0.0%
  bin  6: 2.9249 - 2.8170 [25/25]   23    2   8.0%
  bin  7: 2.8170 - 2.7235 [14/14]   14    0   0.0%
  bin  8: 2.7235 - 2.6413 [29/29]   29    0   0.0%
  bin  9: 2.6413 - 2.5682 [24/24]   20    4  16.7%
  bin 10: 2.5682 - 2.5026 [19/19]   19    0   0.0%
                          overall  222   14   5.9%

                   ----------Processing PDB file(s)----------                  

  Monomer Library directory:
    "/tmp1/m_zhen01/phenix-installer-1.10.1-2155-intel-linux-2.6-x86_64-centos5/phenix-1.10.1-2155/modules/chem_data/mon_lib"
  Total number of atoms: 40
  Number of models: 1
  Model: ""
    Number of chains: 1
    Chain: "A"
      Number of atoms: 40
      Number of conformers: 1
      Conformer: ""
        Number of residues, atoms: 3, 40
          Classifications: {'peptide': 3}
          Modifications used: {'NH2NOTPRO': 1, 'COOH': 1}
          Link IDs: {'TRANS': 2}
  Time building chain proxies: 0.08, per 1000 atoms: 2.00
  Number of scatterers: 40
  At special positions: 0
  Unit cell: (12.522, 17.481, 10.617, 90, 90, 90)
  Space group: P 1 (No. 1)
  Number of sites at special positions: 0
  Number of scattering types: 4
    Type Number    sf(0)
     O       4      8.00
     N       3      7.00
     C      14      6.00
     H      19      1.00
    sf(0) = scattering factor at diffraction angle 0.

  Number of disulfides: simple=0, symmetry=0

  Automatic linking
    Parameters for automatic linking
      Linking & cutoffs
        Metal                : False - 3.50
        Amimo acid           : False - 1.90
        Carbohydrate         : True  - 1.99
        Ligands              : True  - 1.99
        Amino acid - RNA/DNA : False
      
  Number of custom bonds: simple=0, symmetry=0
  Time building additional restraints: 0.03
  Conformation dependent library (CDL) restraints added in 3.5 milliseconds
  
  Adding C-beta torsion restraints...
  Number of C-beta restraints generated:  4
  Time building geometry restraints manager: 0.03 seconds

  NOTE: a complete listing of the restraints can be obtained by requesting
        output of .geo file.

  Histogram of bond lengths:
        0.83 -     0.97: 16
        0.97 -     1.11: 3
        1.11 -     1.26: 3
        1.26 -     1.40: 8
        1.40 -     1.54: 10
  Bond restraints: 40
  Sorted by residual:
  bond pdb=" CZ  PHE A   2 "
       pdb=" HZ  PHE A   2 "
    ideal  model  delta    sigma   weight residual
    0.930  0.874  0.056 2.00e-02 2.50e+03 7.95e+00
  bond pdb=" CA  PHE A   2 "
       pdb=" HA  PHE A   2 "
    ideal  model  delta    sigma   weight residual
    0.970  1.015 -0.045 2.00e-02 2.50e+03 5.03e+00
  bond pdb=" CA  GLY A   1 "
       pdb=" HA1 GLY A   1 "
    ideal  model  delta    sigma   weight residual
    0.970  1.012 -0.042 2.00e-02 2.50e+03 4.45e+00
  bond pdb=" N   ALA A   3 "
       pdb=" H   ALA A   3 "
    ideal  model  delta    sigma   weight residual
    0.860  0.825  0.035 2.00e-02 2.50e+03 3.03e+00
  bond pdb=" CD2 PHE A   2 "
       pdb=" CE2 PHE A   2 "
    ideal  model  delta    sigma   weight residual
    1.382  1.336  0.046 3.00e-02 1.11e+03 2.38e+00
  ... (remaining 35 not shown)

  Histogram of bond angle deviations from ideal:
      104.29 -   108.73: 9
      108.73 -   113.17: 26
      113.17 -   117.61: 4
      117.61 -   122.05: 18
      122.05 -   126.49: 9
  Bond angle restraints: 66
  Sorted by residual:
  angle pdb=" O   PHE A   2 "
        pdb=" C   PHE A   2 "
        pdb=" CA  PHE A   2 "
      ideal   model   delta    sigma   weight residual
     120.51  124.30   -3.79 1.43e+00 4.89e-01 7.04e+00
  angle pdb=" O   ALA A   3 "
        pdb=" C   ALA A   3 "
        pdb=" CA  ALA A   3 "
      ideal   model   delta    sigma   weight residual
     118.60  112.90    5.70 3.00e+00 1.11e-01 3.61e+00
  angle pdb=" OXT ALA A   3 "
        pdb=" C   ALA A   3 "
        pdb=" CA  ALA A   3 "
      ideal   model   delta    sigma   weight residual
     118.60  123.88   -5.28 3.00e+00 1.11e-01 3.10e+00
  angle pdb=" C   PHE A   2 "
        pdb=" CA  PHE A   2 "
        pdb=" HA  PHE A   2 "
      ideal   model   delta    sigma   weight residual
     109.00  104.29    4.71 3.00e+00 1.11e-01 2.46e+00
  angle pdb=" CD2 PHE A   2 "
        pdb=" CE2 PHE A   2 "
        pdb=" CZ  PHE A   2 "
      ideal   model   delta    sigma   weight residual
     120.00  122.69   -2.69 1.80e+00 3.09e-01 2.24e+00
  ... (remaining 61 not shown)

  Histogram of dihedral angle deviations from ideal:
        0.21 -    35.75: 14
       35.75 -    71.29: 1
       71.29 -   106.83: 0
      106.83 -   142.37: 0
      142.37 -   177.91: 1
  Dihedral angle restraints: 16
    sinusoidal: 4
      harmonic: 12
  Sorted by residual:
  dihedral pdb=" O   ALA A   3 "
           pdb=" C   ALA A   3 "
           pdb=" OXT ALA A   3 "
           pdb=" HXT ALA A   3 "
      ideal   model   delta  harmonic     sigma   weight residual
       0.00 -177.91  177.91     0      3.00e+01 1.11e-03 3.52e+01
  dihedral pdb=" OXT ALA A   3 "
           pdb=" C   ALA A   3 "
           pdb=" CA  ALA A   3 "
           pdb=" N   ALA A   3 "
      ideal   model   delta sinusoidal    sigma   weight residual
     -20.00   47.96  -67.96     2      3.00e+01 1.11e-03 4.58e+00
  dihedral pdb=" CA  GLY A   1 "
           pdb=" C   GLY A   1 "
           pdb=" N   PHE A   2 "
           pdb=" CA  PHE A   2 "
      ideal   model   delta  harmonic     sigma   weight residual
    -180.00 -172.82   -7.18     0      5.00e+00 4.00e-02 2.06e+00
  ... (remaining 13 not shown)

  Histogram of chiral volume deviations from ideal:
       0.097 -    0.099: 1
       0.099 -    0.101: 0
       0.101 -    0.103: 0
       0.103 -    0.105: 0
       0.105 -    0.107: 1
  Chirality restraints: 2
  Sorted by residual:
  chirality pdb=" CA  ALA A   3 "
            pdb=" C   ALA A   3 "
            pdb=" CB  ALA A   3 "
            pdb=" N   ALA A   3 "
    both_signs  ideal   model   delta    sigma   weight residual
      False      2.48    2.59   -0.11 2.00e-01 2.50e+01 2.87e-01
  chirality pdb=" CA  PHE A   2 "
            pdb=" CB  PHE A   2 "
            pdb=" C   PHE A   2 "
            pdb=" N   PHE A   2 "
    both_signs  ideal   model   delta    sigma   weight residual
      False     -2.51   -2.41   -0.10 2.00e-01 2.50e+01 2.35e-01

  Planarity restraints: 6
  Sorted by residual:
                                 delta    sigma   weight rms_deltas residual
  plane pdb=" CB  PHE A   2 "   -0.011 2.00e-02 2.50e+03   2.31e-02 1.60e+01
        pdb=" CG  PHE A   2 "   -0.012 2.00e-02 2.50e+03
        pdb=" CD2 PHE A   2 "    0.032 2.00e-02 2.50e+03
        pdb=" HD2 PHE A   2 "    0.009 2.00e-02 2.50e+03
        pdb=" CE2 PHE A   2 "    0.008 2.00e-02 2.50e+03
        pdb=" HE2 PHE A   2 "   -0.048 2.00e-02 2.50e+03
        pdb=" CZ  PHE A   2 "   -0.011 2.00e-02 2.50e+03
        pdb=" HZ  PHE A   2 "    0.035 2.00e-02 2.50e+03
        pdb=" CE1 PHE A   2 "    0.004 2.00e-02 2.50e+03
        pdb=" HE1 PHE A   2 "   -0.022 2.00e-02 2.50e+03
        pdb=" CD1 PHE A   2 "    0.026 2.00e-02 2.50e+03
        pdb=" HD1 PHE A   2 "   -0.011 2.00e-02 2.50e+03
                                 delta    sigma   weight rms_deltas residual
  plane pdb=" C   PHE A   2 "    0.006 2.00e-02 2.50e+03   1.09e-02 1.18e+00
        pdb=" CA  ALA A   3 "    0.005 2.00e-02 2.50e+03
        pdb=" N   ALA A   3 "   -0.019 2.00e-02 2.50e+03
        pdb=" H   ALA A   3 "    0.008 2.00e-02 2.50e+03
                                 delta    sigma   weight rms_deltas residual
  plane pdb=" O   ALA A   3 "    0.009 2.00e-02 2.50e+03   8.36e-03 8.74e-01
        pdb=" C   ALA A   3 "   -0.015 2.00e-02 2.50e+03
        pdb=" OXT ALA A   3 "   -0.002 2.00e-02 2.50e+03
        pdb=" HXT ALA A   3 "    0.006 2.00e-02 2.50e+03
        pdb=" CA  ALA A   3 "    0.002 2.00e-02 2.50e+03
  ... (remaining 3 not shown)

  Histogram of nonbonded interaction distances:
        1.93 -     2.52: 28
        2.52 -     3.11: 60
        3.11 -     3.70: 59
        3.70 -     4.30: 69
        4.30 -     4.89: 88
  Nonbonded interactions: 304
  Sorted by model distance:
  nonbonded pdb=" H1  GLY A   1 "
            pdb=" H   PHE A   2 "
     model   vdw
     1.926 2.100
  nonbonded pdb=" HA2 GLY A   1 "
            pdb=" H2  GLY A   1 "
     model   vdw
     1.952 1.816
  nonbonded pdb=" HB2 PHE A   2 "
            pdb=" H   ALA A   3 "
     model   vdw
     1.958 2.270
  nonbonded pdb=" HA1 GLY A   1 "
            pdb=" H2  GLY A   1 "
     model   vdw
     2.147 1.816
  nonbonded pdb=" HE2 PHE A   2 "
            pdb=" HZ  PHE A   2 "
     model   vdw
     2.222 1.680
  ... (remaining 299 not shown)

  NOTE: a complete listing of the restraints can be obtained by requesting
        output of .geo file.

                   ----------xray_structure summary----------                  

Number of scattering types: 4
  Type Number    sf(0)   Gaussians
   O       4      7.97       2
   N       3      6.97       2
   C      14      5.97       2
   H      19      1.00       2
  sf(0) = scattering factor at diffraction angle 0.
Number of scatterers: 40
At special positions: 0
Unit cell: (12.522, 17.481, 10.617, 90, 90, 90)
Space group: P 1 (No. 1)

End of input processing
r_work=0.5208 r_free=0.6382
params.data_weight: 0.0
params.restraints: cctbx
rmsd(b), start:  0.0913
mc:   0 R: 0.5317 rmsd(b):  0.0015 restraint_scale:  1.0 min_steps: 53
mc:   1 R: 0.5358 rmsd(b):  0.0007 restraint_scale:  1.0 min_steps: 53
mc:   2 R: 0.5404 rmsd(b):  0.0007 restraint_scale:  1.0 min_steps: 54
mc:   3 R: 0.5447 rmsd(b):  0.0008 restraint_scale:  1.0 min_steps: 54
mc:   4 R: 0.5459 rmsd(b):  0.0007 restraint_scale:  1.0 min_steps: 53
mc:   5 R: 0.5480 rmsd(b):  0.0007 restraint_scale:  1.0 min_steps: 55
mc:   6 R: 0.5479 rmsd(b):  0.0006 restraint_scale:  1.0 min_steps: 56
mc:   7 R: 0.5500 rmsd(b):  0.0006 restraint_scale:  1.0 min_steps: 55
mc:   8 R: 0.5511 rmsd(b):  0.0006 restraint_scale:  1.0 min_steps: 52
mc:   9 R: 0.5519 rmsd(b):  0.0006 restraint_scale:  1.0 min_steps: 55
mc:  10 R: 0.5531 rmsd(b):  0.0006 restraint_scale:  1.0 min_steps: 55
mc:  11 R: 0.5532 rmsd(b):  0.0006 restraint_scale:  1.0 min_steps: 54
Convergence reached, stop now.
see the result structure:  ./p26/04_results/opt_cctbx/245_GFA06-new/1.5/6.pdb
Time: 7.2913
