phenix.python
you are importing  adaptive calculator, and it does nothing. Please give it energy, force....... 

============================== Collecting inputs ==============================


                   ----------Processing X-ray data----------                   

F-obs:
  /scratch/m_zhen01/30994.lupus.uni-muenster.de/p26/02_mtz/220_WGG12-new.mtz:F-obs
Miller array info: None
Observation type: xray.amplitude
Type of data: double, size=199
Type of sigmas: None
Number of Miller indices: 199
Anomalous flag: False
Unit cell: (12.478, 13.762, 11.515, 90, 90, 90)
Space group: P 1 (No. 1)
Systematic absences: 0
Centric reflections: 0
Resolution range: 3.98146 2.50959
Completeness in resolution range: 1
Completeness with d_max=infinity: 0.745318

Number of F-obs in resolution range:                   199
Number of F-obs<0 (these reflections will be rejected): 0
Number of F-obs=0 (these reflections will be used in refinement): 0
Refinement resolution range: d_max =   3.9815
                             d_min =   2.5096

R-free flags:
  /scratch/m_zhen01/30994.lupus.uni-muenster.de/p26/02_mtz/220_WGG12-new.mtz:R-free-flags
Miller array info: /scratch/m_zhen01/30994.lupus.uni-muenster.de/p26/02_mtz/220_WGG12-new.mtz:R-free-flags
Observation type: None
Type of data: int, size=199
Type of sigmas: None
Number of Miller indices: 199
Anomalous flag: False
Unit cell: (12.478, 13.762, 11.515, 90, 90, 90)
Space group: P 1 (No. 1)
Systematic absences: 0
Centric reflections: 0
Resolution range: 3.98146 2.50959
Completeness in resolution range: 1
Completeness with d_max=infinity: 0.745318
Wavelength: 1.0000

Test (R-free flags) flag value: 1

Number of work/free reflections by resolution:
                                  work free  %free
  bin  1: 3.9815 - 3.6487 [15/15]   11    4  26.7%
  bin  2: 3.6487 - 3.4051 [21/21]   21    0   0.0%
  bin  3: 3.4051 - 3.2157 [22/22]   22    0   0.0%
  bin  4: 3.2157 - 3.0625 [15/15]   11    4  26.7%
  bin  5: 3.0625 - 2.9349 [26/26]   26    0   0.0%
  bin  6: 2.9349 - 2.8262 [15/15]   15    0   0.0%
  bin  7: 2.8262 - 2.7320 [21/21]   21    0   0.0%
  bin  8: 2.7320 - 2.6492 [24/24]   24    0   0.0%
  bin  9: 2.6492 - 2.5756 [20/20]   20    0   0.0%
  bin 10: 2.5756 - 2.5096 [20/20]   16    4  20.0%
                          overall  187   12   6.0%

                   ----------Processing PDB file(s)----------                  

  Monomer Library directory:
    "/tmp1/m_zhen01/phenix-installer-1.10.1-2155-intel-linux-2.6-x86_64-centos5/phenix-1.10.1-2155/modules/chem_data/mon_lib"
  Total number of atoms: 41
  Number of models: 1
  Model: ""
    Number of chains: 1
    Chain: "A"
      Number of atoms: 41
      Number of conformers: 1
      Conformer: ""
        Number of residues, atoms: 3, 41
          Classifications: {'peptide': 3}
          Modifications used: {'NH2NOTPRO': 1, 'COOH': 1}
          Link IDs: {'TRANS': 2}
  Time building chain proxies: 0.07, per 1000 atoms: 1.71
  Number of scatterers: 41
  At special positions: 0
  Unit cell: (12.478, 13.762, 11.515, 90, 90, 90)
  Space group: P 1 (No. 1)
  Number of sites at special positions: 0
  Number of scattering types: 4
    Type Number    sf(0)
     O       4      8.00
     N       4      7.00
     C      15      6.00
     H      18      1.00
    sf(0) = scattering factor at diffraction angle 0.

  Number of disulfides: simple=0, symmetry=0

  Automatic linking
    Parameters for automatic linking
      Linking & cutoffs
        Metal                : False - 3.50
        Amimo acid           : False - 1.90
        Carbohydrate         : True  - 1.99
        Ligands              : True  - 1.99
        Amino acid - RNA/DNA : False
      
  Number of custom bonds: simple=0, symmetry=0
  Time building additional restraints: 0.03
  Conformation dependent library (CDL) restraints added in 2.8 milliseconds
  
  Adding C-beta torsion restraints...
  Number of C-beta restraints generated:  2
  Time building geometry restraints manager: 0.03 seconds

  NOTE: a complete listing of the restraints can be obtained by requesting
        output of .geo file.

  Histogram of bond lengths:
        0.87 -     1.01: 18
        1.01 -     1.15: 0
        1.15 -     1.29: 3
        1.29 -     1.43: 12
        1.43 -     1.57: 9
  Bond restraints: 42
  Sorted by residual:
  bond pdb=" C   TRP A   1 "
       pdb=" CA  TRP A   1 "
    ideal  model  delta    sigma   weight residual
    1.525  1.475  0.050 2.10e-02 2.27e+03 5.73e+00
  bond pdb=" N   TRP A   1 "
       pdb=" H2  TRP A   1 "
    ideal  model  delta    sigma   weight residual
    0.960  0.914  0.046 2.00e-02 2.50e+03 5.31e+00
  bond pdb=" CH2 TRP A   1 "
       pdb=" CZ3 TRP A   1 "
    ideal  model  delta    sigma   weight residual
    1.400  1.350  0.050 2.50e-02 1.60e+03 4.05e+00
  bond pdb=" CA  TRP A   1 "
       pdb=" CB  TRP A   1 "
    ideal  model  delta    sigma   weight residual
    1.530  1.569 -0.039 2.00e-02 2.50e+03 3.89e+00
  bond pdb=" CZ3 TRP A   1 "
       pdb=" HZ3 TRP A   1 "
    ideal  model  delta    sigma   weight residual
    0.930  0.966 -0.036 2.00e-02 2.50e+03 3.26e+00
  ... (remaining 37 not shown)

  Histogram of bond angle deviations from ideal:
      103.63 -   109.96: 19
      109.96 -   116.28: 16
      116.28 -   122.60: 19
      122.60 -   128.92: 13
      128.92 -   135.25: 2
  Bond angle restraints: 69
  Sorted by residual:
  angle pdb=" C   GLY A   2 "
        pdb=" CA  GLY A   2 "
        pdb=" N   GLY A   2 "
      ideal   model   delta    sigma   weight residual
     113.18  103.63    9.55 2.37e+00 1.78e-01 1.62e+01
  angle pdb=" C   GLY A   3 "
        pdb=" CA  GLY A   3 "
        pdb=" N   GLY A   3 "
      ideal   model   delta    sigma   weight residual
     113.30  105.94    7.36 2.90e+00 1.19e-01 6.45e+00
  angle pdb=" C   GLY A   2 "
        pdb=" N   GLY A   3 "
        pdb=" CA  GLY A   3 "
      ideal   model   delta    sigma   weight residual
     121.70  117.81    3.89 1.80e+00 3.09e-01 4.68e+00
  angle pdb=" CA  TRP A   1 "
        pdb=" C   TRP A   1 "
        pdb=" N   GLY A   2 "
      ideal   model   delta    sigma   weight residual
     116.20  112.03    4.17 2.00e+00 2.50e-01 4.34e+00
  angle pdb=" CA  TRP A   1 "
        pdb=" CB  TRP A   1 "
        pdb=" CG  TRP A   1 "
      ideal   model   delta    sigma   weight residual
     113.60  116.51   -2.91 1.90e+00 2.77e-01 2.35e+00
  ... (remaining 64 not shown)

  Histogram of dihedral angle deviations from ideal:
        0.73 -    36.24: 13
       36.24 -    71.76: 0
       71.76 -   107.28: 0
      107.28 -   142.79: 0
      142.79 -   178.31: 1
  Dihedral angle restraints: 14
    sinusoidal: 3
      harmonic: 11
  Sorted by residual:
  dihedral pdb=" O   GLY A   3 "
           pdb=" C   GLY A   3 "
           pdb=" OXT GLY A   3 "
           pdb=" HXT GLY A   3 "
      ideal   model   delta  harmonic     sigma   weight residual
       0.00  178.31 -178.31     0      3.00e+01 1.11e-03 3.53e+01
  dihedral pdb=" N   TRP A   1 "
           pdb=" C   TRP A   1 "
           pdb=" CA  TRP A   1 "
           pdb=" CB  TRP A   1 "
      ideal   model   delta  harmonic     sigma   weight residual
     122.80  118.44    4.36     0      2.50e+00 1.60e-01 3.04e+00
  dihedral pdb=" C   TRP A   1 "
           pdb=" N   TRP A   1 "
           pdb=" CA  TRP A   1 "
           pdb=" CB  TRP A   1 "
      ideal   model   delta  harmonic     sigma   weight residual
    -122.60 -118.79   -3.81     0      2.50e+00 1.60e-01 2.32e+00
  ... (remaining 11 not shown)

  Histogram of chiral volume deviations from ideal:
       0.129 -    0.129: 1
       0.129 -    0.129: 0
       0.129 -    0.129: 0
       0.129 -    0.129: 0
       0.129 -    0.129: 0
  Chirality restraints: 1
  Sorted by residual:
  chirality pdb=" CA  TRP A   1 "
            pdb=" C   TRP A   1 "
            pdb=" N   TRP A   1 "
            pdb=" CB  TRP A   1 "
    both_signs  ideal   model   delta    sigma   weight residual
      False     -2.51   -2.64    0.13 2.00e-01 2.50e+01 4.17e-01

  Planarity restraints: 6
  Sorted by residual:
                                 delta    sigma   weight rms_deltas residual
  plane pdb=" CB  TRP A   1 "    0.038 2.00e-02 2.50e+03   1.87e-02 1.39e+01
        pdb=" CG  TRP A   1 "   -0.011 2.00e-02 2.50e+03
        pdb=" CD1 TRP A   1 "   -0.000 2.00e-02 2.50e+03
        pdb=" HD1 TRP A   1 "   -0.029 2.00e-02 2.50e+03
        pdb=" NE1 TRP A   1 "   -0.023 2.00e-02 2.50e+03
        pdb=" HE1 TRP A   1 "    0.031 2.00e-02 2.50e+03
        pdb=" CE2 TRP A   1 "   -0.004 2.00e-02 2.50e+03
        pdb=" CZ2 TRP A   1 "    0.022 2.00e-02 2.50e+03
        pdb=" HZ2 TRP A   1 "   -0.016 2.00e-02 2.50e+03
        pdb=" CH2 TRP A   1 "    0.014 2.00e-02 2.50e+03
        pdb=" HH2 TRP A   1 "   -0.001 2.00e-02 2.50e+03
        pdb=" CZ3 TRP A   1 "    0.006 2.00e-02 2.50e+03
        pdb=" HZ3 TRP A   1 "   -0.012 2.00e-02 2.50e+03
        pdb=" CE3 TRP A   1 "    0.003 2.00e-02 2.50e+03
        pdb=" HE3 TRP A   1 "   -0.022 2.00e-02 2.50e+03
        pdb=" CD2 TRP A   1 "    0.005 2.00e-02 2.50e+03
                                 delta    sigma   weight rms_deltas residual
  plane pdb=" C   GLY A   2 "    0.029 2.00e-02 2.50e+03   1.67e-02 2.80e+00
        pdb=" O   GLY A   2 "   -0.011 2.00e-02 2.50e+03
        pdb=" CA  GLY A   2 "   -0.008 2.00e-02 2.50e+03
        pdb=" N   GLY A   3 "   -0.010 2.00e-02 2.50e+03
                                 delta    sigma   weight rms_deltas residual
  plane pdb=" O   GLY A   3 "    0.006 2.00e-02 2.50e+03   7.92e-03 7.83e-01
        pdb=" C   GLY A   3 "   -0.002 2.00e-02 2.50e+03
        pdb=" OXT GLY A   3 "   -0.012 2.00e-02 2.50e+03
        pdb=" HXT GLY A   3 "    0.011 2.00e-02 2.50e+03
        pdb=" CA  GLY A   3 "   -0.003 2.00e-02 2.50e+03
  ... (remaining 3 not shown)

  Histogram of nonbonded interaction distances:
        1.95 -     2.54: 24
        2.54 -     3.13: 61
        3.13 -     3.72: 62
        3.72 -     4.30: 88
        4.30 -     4.89: 110
  Nonbonded interactions: 345
  Sorted by model distance:
  nonbonded pdb=" H2  TRP A   1 "
            pdb=" H   GLY A   2 "
     model   vdw
     1.953 2.100
  nonbonded pdb=" O   GLY A   3 "
            pdb=" H   GLY A   3 "
     model   vdw
     1.995 1.970
  nonbonded pdb=" HA  TRP A   1 "
            pdb=" H1  TRP A   1 "
     model   vdw
     2.059 1.816
  nonbonded pdb=" N   TRP A   1 "
            pdb=" H   GLY A   2 "
     model   vdw
     2.171 2.650
  nonbonded pdb=" HXT GLY A   3 "
            pdb=" HA1 GLY A   3 "
     model   vdw
     2.221 2.270
  ... (remaining 340 not shown)

  NOTE: a complete listing of the restraints can be obtained by requesting
        output of .geo file.

                   ----------xray_structure summary----------                  

Number of scattering types: 4
  Type Number    sf(0)   Gaussians
   O       4      7.97       2
   N       4      6.97       2
   C      15      5.97       2
   H      18      1.00       2
  sf(0) = scattering factor at diffraction angle 0.
Number of scatterers: 41
At special positions: 0
Unit cell: (12.478, 13.762, 11.515, 90, 90, 90)
Space group: P 1 (No. 1)

End of input processing
r_work=0.5078 r_free=0.5190
params.data_weight: 0.0
params.restraints: qm
rmsd(b), start:  0.0838
mc:   0 R: 0.4887 rmsd(b):  0.0285 restraint_scale:  1.0 min_steps: 52
mc:   1 R: 0.4612 rmsd(b):  0.0286 restraint_scale:  1.0 min_steps: 52
mc:   2 R: 0.4612 rmsd(b):  0.0286 restraint_scale:  1.0 min_steps: 1
Convergence reached, stop now.
see the result structure:  ./p26/04_results/opt_qm/220_WGG12-new/0.9/8.pdb
Time: 111.0835
