phenix.python
you are importing  adaptive calculator, and it does nothing. Please give it energy, force....... 

============================== Collecting inputs ==============================


                   ----------Processing X-ray data----------                   

F-obs:
  /scratch/m_zhen01/31011.lupus.uni-muenster.de/p26/02_mtz/256_FGG366-new.mtz:F-obs
Miller array info: None
Observation type: xray.amplitude
Type of data: double, size=225
Type of sigmas: None
Number of Miller indices: 225
Anomalous flag: False
Unit cell: (17.505, 12.566, 10.301, 90, 90, 90)
Space group: P 1 (No. 1)
Systematic absences: 0
Centric reflections: 0
Resolution range: 3.9832 2.50071
Completeness in resolution range: 1
Completeness with d_max=infinity: 0.760135

Number of F-obs in resolution range:                   225
Number of F-obs<0 (these reflections will be rejected): 0
Number of F-obs=0 (these reflections will be used in refinement): 0
Refinement resolution range: d_max =   3.9832
                             d_min =   2.5007

R-free flags:
  /scratch/m_zhen01/31011.lupus.uni-muenster.de/p26/02_mtz/256_FGG366-new.mtz:R-free-flags
Miller array info: /scratch/m_zhen01/31011.lupus.uni-muenster.de/p26/02_mtz/256_FGG366-new.mtz:R-free-flags
Observation type: None
Type of data: int, size=225
Type of sigmas: None
Number of Miller indices: 225
Anomalous flag: False
Unit cell: (17.505, 12.566, 10.301, 90, 90, 90)
Space group: P 1 (No. 1)
Systematic absences: 0
Centric reflections: 0
Resolution range: 3.9832 2.50071
Completeness in resolution range: 1
Completeness with d_max=infinity: 0.760135
Wavelength: 1.0000

Test (R-free flags) flag value: 1

Number of work/free reflections by resolution:
                                  work free  %free
  bin  1: 3.9832 - 3.6458 [28/28]   28    0   0.0%
  bin  2: 3.6458 - 3.3998 [14/14]   14    0   0.0%
  bin  3: 3.3998 - 3.2091 [32/32]   30    2   6.2%
  bin  4: 3.2091 - 3.0550 [19/19]   15    4  21.1%
  bin  5: 3.0550 - 2.9268 [30/30]   30    0   0.0%
  bin  6: 2.9268 - 2.8178 [29/29]   25    4  13.8%
  bin  7: 2.8178 - 2.7234 [ 8/8 ]    8    0   0.0%
  bin  8: 2.7234 - 2.6404 [26/26]   26    0   0.0%
  bin  9: 2.6404 - 2.5668 [17/17]   17    0   0.0%
  bin 10: 2.5668 - 2.5007 [22/22]   20    2   9.1%
                          overall  213   12   5.3%

                   ----------Processing PDB file(s)----------                  

  Monomer Library directory:
    "/tmp1/m_zhen01/phenix-installer-1.10.1-2155-intel-linux-2.6-x86_64-centos5/phenix-1.10.1-2155/modules/chem_data/mon_lib"
  Total number of atoms: 37
  Number of models: 1
  Model: ""
    Number of chains: 1
    Chain: "A"
      Number of atoms: 37
      Number of conformers: 1
      Conformer: ""
        Number of residues, atoms: 3, 37
          Classifications: {'peptide': 3}
          Modifications used: {'NH2NOTPRO': 1, 'COOH': 1}
          Link IDs: {'TRANS': 2}
  Time building chain proxies: 0.07, per 1000 atoms: 1.89
  Number of scatterers: 37
  At special positions: 0
  Unit cell: (17.505, 12.566, 10.301, 90, 90, 90)
  Space group: P 1 (No. 1)
  Number of sites at special positions: 0
  Number of scattering types: 4
    Type Number    sf(0)
     O       4      8.00
     N       3      7.00
     C      13      6.00
     H      17      1.00
    sf(0) = scattering factor at diffraction angle 0.

  Number of disulfides: simple=0, symmetry=0

  Automatic linking
    Parameters for automatic linking
      Linking & cutoffs
        Metal                : False - 3.50
        Amimo acid           : False - 1.90
        Carbohydrate         : True  - 1.99
        Ligands              : True  - 1.99
        Amino acid - RNA/DNA : False
      
  Number of custom bonds: simple=0, symmetry=0
  Time building additional restraints: 0.02
  Conformation dependent library (CDL) restraints added in 3.0 milliseconds
  
  Adding C-beta torsion restraints...
  Number of C-beta restraints generated:  2
  Time building geometry restraints manager: 0.03 seconds

  NOTE: a complete listing of the restraints can be obtained by requesting
        output of .geo file.

  Histogram of bond lengths:
        0.83 -     0.97: 12
        0.97 -     1.11: 5
        1.11 -     1.26: 3
        1.26 -     1.40: 7
        1.40 -     1.54: 10
  Bond restraints: 37
  Sorted by residual:
  bond pdb=" CA  GLY A   3 "
       pdb=" HA2 GLY A   3 "
    ideal  model  delta    sigma   weight residual
    0.970  1.022 -0.052 2.00e-02 2.50e+03 6.81e+00
  bond pdb=" CA  GLY A   2 "
       pdb=" N   GLY A   2 "
    ideal  model  delta    sigma   weight residual
    1.449  1.478 -0.028 1.45e-02 4.76e+03 3.84e+00
  bond pdb=" C   GLY A   2 "
       pdb=" CA  GLY A   2 "
    ideal  model  delta    sigma   weight residual
    1.514  1.539 -0.025 1.41e-02 5.03e+03 3.18e+00
  bond pdb=" C   GLY A   3 "
       pdb=" OXT GLY A   3 "
    ideal  model  delta    sigma   weight residual
    1.330  1.366 -0.036 2.00e-02 2.50e+03 3.16e+00
  bond pdb=" CA  PHE A   1 "
       pdb=" N   PHE A   1 "
    ideal  model  delta    sigma   weight residual
    1.458  1.427  0.031 1.90e-02 2.77e+03 2.72e+00
  ... (remaining 32 not shown)

  Histogram of bond angle deviations from ideal:
      103.40 -   107.68: 7
      107.68 -   111.95: 17
      111.95 -   116.23: 6
      116.23 -   120.50: 16
      120.50 -   124.77: 14
  Bond angle restraints: 60
  Sorted by residual:
  angle pdb=" CA  PHE A   1 "
        pdb=" CB  PHE A   1 "
        pdb=" CG  PHE A   1 "
      ideal   model   delta    sigma   weight residual
     113.80  111.87    1.93 1.00e+00 1.00e+00 3.74e+00
  angle pdb=" HA1 GLY A   2 "
        pdb=" CA  GLY A   2 "
        pdb=" HA2 GLY A   2 "
      ideal   model   delta    sigma   weight residual
     109.00  103.40    5.60 3.00e+00 1.11e-01 3.48e+00
  angle pdb=" OXT GLY A   3 "
        pdb=" C   GLY A   3 "
        pdb=" CA  GLY A   3 "
      ideal   model   delta    sigma   weight residual
     118.60  113.12    5.48 3.00e+00 1.11e-01 3.33e+00
  angle pdb=" C   PHE A   1 "
        pdb=" N   GLY A   2 "
        pdb=" CA  GLY A   2 "
      ideal   model   delta    sigma   weight residual
     121.41  124.77   -3.36 1.96e+00 2.60e-01 2.94e+00
  angle pdb=" O   GLY A   3 "
        pdb=" C   GLY A   3 "
        pdb=" CA  GLY A   3 "
      ideal   model   delta    sigma   weight residual
     118.60  123.28   -4.68 3.00e+00 1.11e-01 2.43e+00
  ... (remaining 55 not shown)

  Histogram of dihedral angle deviations from ideal:
        0.00 -    17.60: 12
       17.60 -    35.21: 0
       35.21 -    52.81: 0
       52.81 -    70.41: 0
       70.41 -    88.01: 1
  Dihedral angle restraints: 13
    sinusoidal: 3
      harmonic: 10
  Sorted by residual:
  dihedral pdb=" OXT GLY A   3 "
           pdb=" C   GLY A   3 "
           pdb=" CA  GLY A   3 "
           pdb=" N   GLY A   3 "
      ideal   model   delta sinusoidal    sigma   weight residual
     -20.00   68.01  -88.01     2      3.00e+01 1.11e-03 5.33e+00
  dihedral pdb=" N   PHE A   1 "
           pdb=" CA  PHE A   1 "
           pdb=" CB  PHE A   1 "
           pdb=" CG  PHE A   1 "
      ideal   model   delta sinusoidal    sigma   weight residual
     -60.00  -77.33   17.33     3      1.50e+01 4.44e-03 1.82e+00
  dihedral pdb=" CG  PHE A   1 "
           pdb=" CE1 PHE A   1 "
           pdb=" CD1 PHE A   1 "
           pdb=" HE1 PHE A   1 "
      ideal   model   delta  harmonic     sigma   weight residual
    -180.00 -176.50   -3.50     0      5.00e+00 4.00e-02 4.90e-01
  ... (remaining 10 not shown)

  Histogram of chiral volume deviations from ideal:
       0.082 -    0.082: 1
       0.082 -    0.082: 0
       0.082 -    0.082: 0
       0.082 -    0.082: 0
       0.082 -    0.082: 0
  Chirality restraints: 1
  Sorted by residual:
  chirality pdb=" CA  PHE A   1 "
            pdb=" C   PHE A   1 "
            pdb=" N   PHE A   1 "
            pdb=" CB  PHE A   1 "
    both_signs  ideal   model   delta    sigma   weight residual
      False     -2.51   -2.43   -0.08 2.00e-01 2.50e+01 1.69e-01

  Planarity restraints: 6
  Sorted by residual:
                                 delta    sigma   weight rms_deltas residual
  plane pdb=" CB  PHE A   1 "    0.022 2.00e-02 2.50e+03   1.60e-02 7.67e+00
        pdb=" CG  PHE A   1 "   -0.025 2.00e-02 2.50e+03
        pdb=" CD2 PHE A   1 "    0.013 2.00e-02 2.50e+03
        pdb=" HD2 PHE A   1 "   -0.011 2.00e-02 2.50e+03
        pdb=" CE2 PHE A   1 "   -0.009 2.00e-02 2.50e+03
        pdb=" HE2 PHE A   1 "    0.006 2.00e-02 2.50e+03
        pdb=" CZ  PHE A   1 "   -0.004 2.00e-02 2.50e+03
        pdb=" HZ  PHE A   1 "    0.006 2.00e-02 2.50e+03
        pdb=" CE1 PHE A   1 "    0.032 2.00e-02 2.50e+03
        pdb=" HE1 PHE A   1 "   -0.013 2.00e-02 2.50e+03
        pdb=" CD1 PHE A   1 "   -0.019 2.00e-02 2.50e+03
        pdb=" HD1 PHE A   1 "    0.002 2.00e-02 2.50e+03
                                 delta    sigma   weight rms_deltas residual
  plane pdb=" C   GLY A   2 "   -0.006 2.00e-02 2.50e+03   1.17e-02 1.38e+00
        pdb=" CA  GLY A   3 "   -0.005 2.00e-02 2.50e+03
        pdb=" N   GLY A   3 "    0.020 2.00e-02 2.50e+03
        pdb=" H   GLY A   3 "   -0.009 2.00e-02 2.50e+03
                                 delta    sigma   weight rms_deltas residual
  plane pdb=" C   GLY A   2 "    0.013 2.00e-02 2.50e+03   7.71e-03 5.95e-01
        pdb=" O   GLY A   2 "   -0.005 2.00e-02 2.50e+03
        pdb=" CA  GLY A   2 "   -0.004 2.00e-02 2.50e+03
        pdb=" N   GLY A   3 "   -0.005 2.00e-02 2.50e+03
  ... (remaining 3 not shown)

  Histogram of nonbonded interaction distances:
        2.11 -     2.66: 33
        2.66 -     3.22: 52
        3.22 -     3.77: 53
        3.77 -     4.32: 40
        4.32 -     4.87: 80
  Nonbonded interactions: 258
  Sorted by model distance:
  nonbonded pdb=" HA2 GLY A   3 "
            pdb=" H   GLY A   3 "
     model   vdw
     2.115 1.816
  nonbonded pdb=" H1  PHE A   1 "
            pdb=" H   GLY A   2 "
     model   vdw
     2.222 2.100
  nonbonded pdb=" O   GLY A   2 "
            pdb=" OXT GLY A   3 "
     model   vdw
     2.252 3.040
  nonbonded pdb=" HA2 GLY A   2 "
            pdb=" H   GLY A   2 "
     model   vdw
     2.256 1.816
  nonbonded pdb=" HB2 PHE A   1 "
            pdb=" HD1 PHE A   1 "
     model   vdw
     2.301 2.270
  ... (remaining 253 not shown)

  NOTE: a complete listing of the restraints can be obtained by requesting
        output of .geo file.

                   ----------xray_structure summary----------                  

Number of scattering types: 4
  Type Number    sf(0)   Gaussians
   O       4      7.97       2
   N       3      6.97       2
   C      13      5.97       2
   H      17      1.00       2
  sf(0) = scattering factor at diffraction angle 0.
Number of scatterers: 37
At special positions: 0
Unit cell: (17.505, 12.566, 10.301, 90, 90, 90)
Space group: P 1 (No. 1)

End of input processing
r_work=0.5246 r_free=0.5043
params.data_weight: None
params.restraints: qm
rmsd(b), start:  0.0852
mc:   0 R: 0.3529 rmsd(b):  0.6811 restraint_scale:  2.0 min_steps: 54
mc:   1 R: 0.2435 rmsd(b):  0.7306 restraint_scale:  4.0 min_steps: 52
mc:   2 R: 0.2819 rmsd(b):  0.7706 restraint_scale:  8.0 min_steps: 39
mc:   3 R: 0.2859 rmsd(b):  0.7727 restraint_scale: 16.0 min_steps: 11
mc:   4 R: 0.2832 rmsd(b):  0.7630 restraint_scale: 32.0 min_steps: 8
mc:   5 R: 0.3433 rmsd(b):  0.7473 restraint_scale: 64.0 min_steps: 52
mc:   6 R: 0.3697 rmsd(b):  0.8237 restraint_scale: 128.0 min_steps: 38
mc:   7 R: 0.3852 rmsd(b):  0.8563 restraint_scale: 256.0 min_steps: 34
mc:   8 R: 0.3852 rmsd(b):  0.8563 restraint_scale: 512.0 min_steps: 1
Convergence reached, stop now.
see the result structure:  ./p26/04_results/refine_qm/256_FGG366-new/1.5/7.pdb
Time: 2059.9928
