phenix.python
you are importing  adaptive calculator, and it does nothing. Please give it energy, force....... 

============================== Collecting inputs ==============================


                   ----------Processing X-ray data----------                   

F-obs:
  /scratch/m_zhen01/30995.lupus.uni-muenster.de/p26/02_mtz/220_WGG12-new.mtz:F-obs
Miller array info: None
Observation type: xray.amplitude
Type of data: double, size=199
Type of sigmas: None
Number of Miller indices: 199
Anomalous flag: False
Unit cell: (12.478, 13.762, 11.515, 90, 90, 90)
Space group: P 1 (No. 1)
Systematic absences: 0
Centric reflections: 0
Resolution range: 3.98146 2.50959
Completeness in resolution range: 1
Completeness with d_max=infinity: 0.745318

Number of F-obs in resolution range:                   199
Number of F-obs<0 (these reflections will be rejected): 0
Number of F-obs=0 (these reflections will be used in refinement): 0
Refinement resolution range: d_max =   3.9815
                             d_min =   2.5096

R-free flags:
  /scratch/m_zhen01/30995.lupus.uni-muenster.de/p26/02_mtz/220_WGG12-new.mtz:R-free-flags
Miller array info: /scratch/m_zhen01/30995.lupus.uni-muenster.de/p26/02_mtz/220_WGG12-new.mtz:R-free-flags
Observation type: None
Type of data: int, size=199
Type of sigmas: None
Number of Miller indices: 199
Anomalous flag: False
Unit cell: (12.478, 13.762, 11.515, 90, 90, 90)
Space group: P 1 (No. 1)
Systematic absences: 0
Centric reflections: 0
Resolution range: 3.98146 2.50959
Completeness in resolution range: 1
Completeness with d_max=infinity: 0.745318
Wavelength: 1.0000

Test (R-free flags) flag value: 1

Number of work/free reflections by resolution:
                                  work free  %free
  bin  1: 3.9815 - 3.6487 [15/15]   11    4  26.7%
  bin  2: 3.6487 - 3.4051 [21/21]   21    0   0.0%
  bin  3: 3.4051 - 3.2157 [22/22]   22    0   0.0%
  bin  4: 3.2157 - 3.0625 [15/15]   11    4  26.7%
  bin  5: 3.0625 - 2.9349 [26/26]   26    0   0.0%
  bin  6: 2.9349 - 2.8262 [15/15]   15    0   0.0%
  bin  7: 2.8262 - 2.7320 [21/21]   21    0   0.0%
  bin  8: 2.7320 - 2.6492 [24/24]   24    0   0.0%
  bin  9: 2.6492 - 2.5756 [20/20]   20    0   0.0%
  bin 10: 2.5756 - 2.5096 [20/20]   16    4  20.0%
                          overall  187   12   6.0%

                   ----------Processing PDB file(s)----------                  

  Monomer Library directory:
    "/tmp1/m_zhen01/phenix-installer-1.10.1-2155-intel-linux-2.6-x86_64-centos5/phenix-1.10.1-2155/modules/chem_data/mon_lib"
  Total number of atoms: 41
  Number of models: 1
  Model: ""
    Number of chains: 1
    Chain: "A"
      Number of atoms: 41
      Number of conformers: 1
      Conformer: ""
        Number of residues, atoms: 3, 41
          Classifications: {'peptide': 3}
          Modifications used: {'NH2NOTPRO': 1, 'COOH': 1}
          Link IDs: {'TRANS': 2}
  Time building chain proxies: 0.08, per 1000 atoms: 1.95
  Number of scatterers: 41
  At special positions: 0
  Unit cell: (12.478, 13.762, 11.515, 90, 90, 90)
  Space group: P 1 (No. 1)
  Number of sites at special positions: 0
  Number of scattering types: 4
    Type Number    sf(0)
     O       4      8.00
     N       4      7.00
     C      15      6.00
     H      18      1.00
    sf(0) = scattering factor at diffraction angle 0.

  Number of disulfides: simple=0, symmetry=0

  Automatic linking
    Parameters for automatic linking
      Linking & cutoffs
        Metal                : False - 3.50
        Amimo acid           : False - 1.90
        Carbohydrate         : True  - 1.99
        Ligands              : True  - 1.99
        Amino acid - RNA/DNA : False
      
  Number of custom bonds: simple=0, symmetry=0
  Time building additional restraints: 0.02
  Conformation dependent library (CDL) restraints added in 2.4 milliseconds
  
  Adding C-beta torsion restraints...
  Number of C-beta restraints generated:  2
  Time building geometry restraints manager: 0.03 seconds

  NOTE: a complete listing of the restraints can be obtained by requesting
        output of .geo file.

  Histogram of bond lengths:
        0.84 -     0.98: 12
        0.98 -     1.13: 6
        1.13 -     1.27: 3
        1.27 -     1.42: 12
        1.42 -     1.56: 9
  Bond restraints: 42
  Sorted by residual:
  bond pdb=" CZ3 TRP A   1 "
       pdb=" HZ3 TRP A   1 "
    ideal  model  delta    sigma   weight residual
    0.930  0.868  0.062 2.00e-02 2.50e+03 9.73e+00
  bond pdb=" CH2 TRP A   1 "
       pdb=" HH2 TRP A   1 "
    ideal  model  delta    sigma   weight residual
    0.930  0.871  0.059 2.00e-02 2.50e+03 8.65e+00
  bond pdb=" CH2 TRP A   1 "
       pdb=" CZ3 TRP A   1 "
    ideal  model  delta    sigma   weight residual
    1.400  1.452 -0.052 2.50e-02 1.60e+03 4.34e+00
  bond pdb=" C   TRP A   1 "
       pdb=" CA  TRP A   1 "
    ideal  model  delta    sigma   weight residual
    1.525  1.562 -0.037 2.10e-02 2.27e+03 3.11e+00
  bond pdb=" CE3 TRP A   1 "
       pdb=" HE3 TRP A   1 "
    ideal  model  delta    sigma   weight residual
    0.930  0.901  0.029 2.00e-02 2.50e+03 2.09e+00
  ... (remaining 37 not shown)

  Histogram of bond angle deviations from ideal:
      103.35 -   109.11: 16
      109.11 -   114.86: 19
      114.86 -   120.62: 14
      120.62 -   126.38: 16
      126.38 -   132.14: 4
  Bond angle restraints: 69
  Sorted by residual:
  angle pdb=" O   GLY A   2 "
        pdb=" C   GLY A   2 "
        pdb=" N   GLY A   3 "
      ideal   model   delta    sigma   weight residual
     122.70  126.32   -3.62 1.30e+00 5.92e-01 7.74e+00
  angle pdb=" C   GLY A   2 "
        pdb=" N   GLY A   3 "
        pdb=" CA  GLY A   3 "
      ideal   model   delta    sigma   weight residual
     121.70  126.27   -4.57 1.80e+00 3.09e-01 6.44e+00
  angle pdb=" HA1 GLY A   3 "
        pdb=" CA  GLY A   3 "
        pdb=" HA2 GLY A   3 "
      ideal   model   delta    sigma   weight residual
     109.00  103.35    5.65 3.00e+00 1.11e-01 3.55e+00
  angle pdb=" CG  TRP A   1 "
        pdb=" CD2 TRP A   1 "
        pdb=" CE3 TRP A   1 "
      ideal   model   delta    sigma   weight residual
     133.90  132.14    1.76 1.00e+00 1.00e+00 3.11e+00
  angle pdb=" C   GLY A   2 "
        pdb=" CA  GLY A   2 "
        pdb=" N   GLY A   2 "
      ideal   model   delta    sigma   weight residual
     113.18  109.25    3.93 2.37e+00 1.78e-01 2.75e+00
  ... (remaining 64 not shown)

  Histogram of dihedral angle deviations from ideal:
        0.16 -    36.04: 13
       36.04 -    71.92: 0
       71.92 -   107.80: 0
      107.80 -   143.67: 0
      143.67 -   179.55: 1
  Dihedral angle restraints: 14
    sinusoidal: 3
      harmonic: 11
  Sorted by residual:
  dihedral pdb=" O   GLY A   3 "
           pdb=" C   GLY A   3 "
           pdb=" OXT GLY A   3 "
           pdb=" HXT GLY A   3 "
      ideal   model   delta  harmonic     sigma   weight residual
       0.00 -179.55  179.55     0      3.00e+01 1.11e-03 3.58e+01
  dihedral pdb=" CG  TRP A   1 "
           pdb=" CD1 TRP A   1 "
           pdb=" NE1 TRP A   1 "
           pdb=" HE1 TRP A   1 "
      ideal   model   delta  harmonic     sigma   weight residual
    -180.00 -173.10   -6.90     0      5.00e+00 4.00e-02 1.91e+00
  dihedral pdb=" CA  TRP A   1 "
           pdb=" C   TRP A   1 "
           pdb=" N   GLY A   2 "
           pdb=" CA  GLY A   2 "
      ideal   model   delta  harmonic     sigma   weight residual
     180.00  173.37    6.63     0      5.00e+00 4.00e-02 1.76e+00
  ... (remaining 11 not shown)

  Histogram of chiral volume deviations from ideal:
       0.065 -    0.065: 1
       0.065 -    0.065: 0
       0.065 -    0.065: 0
       0.065 -    0.065: 0
       0.065 -    0.065: 0
  Chirality restraints: 1
  Sorted by residual:
  chirality pdb=" CA  TRP A   1 "
            pdb=" C   TRP A   1 "
            pdb=" N   TRP A   1 "
            pdb=" CB  TRP A   1 "
    both_signs  ideal   model   delta    sigma   weight residual
      False     -2.51   -2.45   -0.07 2.00e-01 2.50e+01 1.06e-01

  Planarity restraints: 6
  Sorted by residual:
                                 delta    sigma   weight rms_deltas residual
  plane pdb=" CB  TRP A   1 "    0.018 2.00e-02 2.50e+03   1.58e-02 1.00e+01
        pdb=" CG  TRP A   1 "   -0.032 2.00e-02 2.50e+03
        pdb=" CD1 TRP A   1 "    0.012 2.00e-02 2.50e+03
        pdb=" HD1 TRP A   1 "    0.004 2.00e-02 2.50e+03
        pdb=" NE1 TRP A   1 "    0.030 2.00e-02 2.50e+03
        pdb=" HE1 TRP A   1 "   -0.027 2.00e-02 2.50e+03
        pdb=" CE2 TRP A   1 "    0.014 2.00e-02 2.50e+03
        pdb=" CZ2 TRP A   1 "    0.005 2.00e-02 2.50e+03
        pdb=" HZ2 TRP A   1 "   -0.005 2.00e-02 2.50e+03
        pdb=" CH2 TRP A   1 "    0.001 2.00e-02 2.50e+03
        pdb=" HH2 TRP A   1 "   -0.002 2.00e-02 2.50e+03
        pdb=" CZ3 TRP A   1 "    0.003 2.00e-02 2.50e+03
        pdb=" HZ3 TRP A   1 "    0.014 2.00e-02 2.50e+03
        pdb=" CE3 TRP A   1 "   -0.005 2.00e-02 2.50e+03
        pdb=" HE3 TRP A   1 "   -0.011 2.00e-02 2.50e+03
        pdb=" CD2 TRP A   1 "   -0.018 2.00e-02 2.50e+03
                                 delta    sigma   weight rms_deltas residual
  plane pdb=" C   GLY A   2 "   -0.027 2.00e-02 2.50e+03   1.54e-02 2.36e+00
        pdb=" O   GLY A   2 "    0.010 2.00e-02 2.50e+03
        pdb=" CA  GLY A   2 "    0.007 2.00e-02 2.50e+03
        pdb=" N   GLY A   3 "    0.009 2.00e-02 2.50e+03
                                 delta    sigma   weight rms_deltas residual
  plane pdb=" C   TRP A   1 "    0.015 2.00e-02 2.50e+03   8.51e-03 7.24e-01
        pdb=" O   TRP A   1 "   -0.006 2.00e-02 2.50e+03
        pdb=" CA  TRP A   1 "   -0.004 2.00e-02 2.50e+03
        pdb=" N   GLY A   2 "   -0.005 2.00e-02 2.50e+03
  ... (remaining 3 not shown)

  Histogram of nonbonded interaction distances:
        1.37 -     2.07: 2
        2.07 -     2.78: 45
        2.78 -     3.49: 77
        3.49 -     4.19: 88
        4.19 -     4.90: 123
  Nonbonded interactions: 335
  Sorted by model distance:
  nonbonded pdb=" HA  TRP A   1 "
            pdb=" H2  TRP A   1 "
     model   vdw
     1.369 1.816
  nonbonded pdb=" H1  TRP A   1 "
            pdb=" HD1 TRP A   1 "
     model   vdw
     2.057 2.100
  nonbonded pdb=" HXT GLY A   3 "
            pdb=" HA1 GLY A   3 "
     model   vdw
     2.152 2.270
  nonbonded pdb=" H1  TRP A   1 "
            pdb=" HB1 TRP A   1 "
     model   vdw
     2.189 2.270
  nonbonded pdb=" HZ2 TRP A   1 "
            pdb=" HH2 TRP A   1 "
     model   vdw
     2.217 1.680
  ... (remaining 330 not shown)

  NOTE: a complete listing of the restraints can be obtained by requesting
        output of .geo file.

                   ----------xray_structure summary----------                  

Number of scattering types: 4
  Type Number    sf(0)   Gaussians
   O       4      7.97       2
   N       4      6.97       2
   C      15      5.97       2
   H      18      1.00       2
  sf(0) = scattering factor at diffraction angle 0.
Number of scatterers: 41
At special positions: 0
Unit cell: (12.478, 13.762, 11.515, 90, 90, 90)
Space group: P 1 (No. 1)

End of input processing
r_work=0.4752 r_free=0.5371
params.data_weight: None
params.restraints: cctbx
rmsd(b), start:  0.0894
mc:   0 R: 0.2251 rmsd(b):  0.1201 restraint_scale:  2.0 min_steps: 37
mc:   1 R: 0.1609 rmsd(b):  0.0591 restraint_scale:  4.0 min_steps: 32
mc:   2 R: 0.1658 rmsd(b):  0.0554 restraint_scale:  8.0 min_steps: 15
mc:   3 R: 0.2233 rmsd(b):  0.0176 restraint_scale:  8.0 min_steps: 38
mc:   4 R: 0.1952 rmsd(b):  0.0317 restraint_scale: 16.0 min_steps: 19
mc:   5 R: 0.2326 rmsd(b):  0.0148 restraint_scale: 16.0 min_steps: 35
mc:   6 R: 0.2324 rmsd(b):  0.0148 restraint_scale: 16.0 min_steps: 4
Convergence reached, stop now.
see the result structure:  ./p26/04_results/refine_cctbx/220_WGG12-new/0.9/4.pdb
Time: 6.5266
