phenix.python
you are importing  adaptive calculator, and it does nothing. Please give it energy, force....... 

============================== Collecting inputs ==============================


                   ----------Processing X-ray data----------                   

F-obs:
  /scratch/m_zhen01/31011.lupus.uni-muenster.de/p26/02_mtz/194_WG02-new.mtz:F-obs
Miller array info: None
Observation type: xray.amplitude
Type of data: double, size=181
Type of sigmas: None
Number of Miller indices: 181
Anomalous flag: False
Unit cell: (14.062, 12.203, 10.869, 90, 90, 90)
Space group: P 1 (No. 1)
Systematic absences: 0
Centric reflections: 0
Resolution range: 3.90747 2.52298
Completeness in resolution range: 1
Completeness with d_max=infinity: 0.738776

Number of F-obs in resolution range:                   181
Number of F-obs<0 (these reflections will be rejected): 0
Number of F-obs=0 (these reflections will be used in refinement): 0
Refinement resolution range: d_max =   3.9075
                             d_min =   2.5230

R-free flags:
  /scratch/m_zhen01/31011.lupus.uni-muenster.de/p26/02_mtz/194_WG02-new.mtz:R-free-flags
Miller array info: /scratch/m_zhen01/31011.lupus.uni-muenster.de/p26/02_mtz/194_WG02-new.mtz:R-free-flags
Observation type: None
Type of data: int, size=181
Type of sigmas: None
Number of Miller indices: 181
Anomalous flag: False
Unit cell: (14.062, 12.203, 10.869, 90, 90, 90)
Space group: P 1 (No. 1)
Systematic absences: 0
Centric reflections: 0
Resolution range: 3.90747 2.52298
Completeness in resolution range: 1
Completeness with d_max=infinity: 0.738776
Wavelength: 1.0000

Test (R-free flags) flag value: 1

Number of work/free reflections by resolution:
                                  work free  %free
  bin  1: 3.9075 - 3.6068 [15/15]   13    2  13.3%
  bin  2: 3.6068 - 3.3815 [21/21]   21    0   0.0%
  bin  3: 3.3815 - 3.2037 [20/20]   18    2  10.0%
  bin  4: 3.2037 - 3.0582 [16/16]   16    0   0.0%
  bin  5: 3.0582 - 2.9360 [21/21]   17    4  19.0%
  bin  6: 2.9360 - 2.8312 [18/18]   18    0   0.0%
  bin  7: 2.8312 - 2.7399 [ 9/9 ]    9    0   0.0%
  bin  8: 2.7399 - 2.6594 [19/19]   19    0   0.0%
  bin  9: 2.6594 - 2.5876 [26/26]   24    2   7.7%
  bin 10: 2.5876 - 2.5230 [16/16]   16    0   0.0%
                          overall  171   10   5.5%

                   ----------Processing PDB file(s)----------                  

  Monomer Library directory:
    "/tmp1/m_zhen01/phenix-installer-1.10.1-2155-intel-linux-2.6-x86_64-centos5/phenix-1.10.1-2155/modules/chem_data/mon_lib"
  Total number of atoms: 34
  Number of models: 1
  Model: ""
    Number of chains: 1
    Chain: "A"
      Number of atoms: 34
      Number of conformers: 1
      Conformer: ""
        Number of residues, atoms: 2, 34
          Classifications: {'peptide': 2}
          Modifications used: {'NH2NOTPRO': 1, 'COOH': 1}
          Link IDs: {'TRANS': 1}
  Time building chain proxies: 0.08, per 1000 atoms: 2.35
  Number of scatterers: 34
  At special positions: 0
  Unit cell: (14.062, 12.203, 10.869, 90, 90, 90)
  Space group: P 1 (No. 1)
  Number of sites at special positions: 0
  Number of scattering types: 4
    Type Number    sf(0)
     O       3      8.00
     N       3      7.00
     C      13      6.00
     H      15      1.00
    sf(0) = scattering factor at diffraction angle 0.

  Number of disulfides: simple=0, symmetry=0

  Automatic linking
    Parameters for automatic linking
      Linking & cutoffs
        Metal                : False - 3.50
        Amimo acid           : False - 1.90
        Carbohydrate         : True  - 1.99
        Ligands              : True  - 1.99
        Amino acid - RNA/DNA : False
      
  Number of custom bonds: simple=0, symmetry=0
  Time building additional restraints: 0.02
  Conformation dependent library (CDL) restraints added in 512.8 microseconds
  
  Adding C-beta torsion restraints...
  Number of C-beta restraints generated:  2
  Time building geometry restraints manager: 0.03 seconds

  NOTE: a complete listing of the restraints can be obtained by requesting
        output of .geo file.

  Histogram of bond lengths:
        0.87 -     1.00: 15
        1.00 -     1.14: 0
        1.14 -     1.28: 2
        1.28 -     1.42: 10
        1.42 -     1.55: 8
  Bond restraints: 35
  Sorted by residual:
  bond pdb=" CZ2 TRP A   1 "
       pdb=" HZ2 TRP A   1 "
    ideal  model  delta    sigma   weight residual
    0.930  0.969 -0.039 2.00e-02 2.50e+03 3.89e+00
  bond pdb=" CZ3 TRP A   1 "
       pdb=" CE3 TRP A   1 "
    ideal  model  delta    sigma   weight residual
    1.382  1.439 -0.057 3.00e-02 1.11e+03 3.65e+00
  bond pdb=" CB  TRP A   1 "
       pdb=" CG  TRP A   1 "
    ideal  model  delta    sigma   weight residual
    1.498  1.553 -0.055 3.10e-02 1.04e+03 3.18e+00
  bond pdb=" CA  GLY A   2 "
       pdb=" HA1 GLY A   2 "
    ideal  model  delta    sigma   weight residual
    0.970  0.937  0.033 2.00e-02 2.50e+03 2.70e+00
  bond pdb=" CH2 TRP A   1 "
       pdb=" HH2 TRP A   1 "
    ideal  model  delta    sigma   weight residual
    0.930  0.956 -0.026 2.00e-02 2.50e+03 1.74e+00
  ... (remaining 30 not shown)

  Histogram of bond angle deviations from ideal:
      105.13 -   111.07: 21
      111.07 -   117.01: 6
      117.01 -   122.96: 20
      122.96 -   128.90: 8
      128.90 -   134.85: 2
  Bond angle restraints: 57
  Sorted by residual:
  angle pdb=" CA  TRP A   1 "
        pdb=" CB  TRP A   1 "
        pdb=" CG  TRP A   1 "
      ideal   model   delta    sigma   weight residual
     113.60  118.64   -5.04 1.90e+00 2.77e-01 7.03e+00
  angle pdb=" OXT GLY A   2 "
        pdb=" C   GLY A   2 "
        pdb=" CA  GLY A   2 "
      ideal   model   delta    sigma   weight residual
     118.60  123.92   -5.32 3.00e+00 1.11e-01 3.15e+00
  angle pdb=" H1  TRP A   1 "
        pdb=" N   TRP A   1 "
        pdb=" H2  TRP A   1 "
      ideal   model   delta    sigma   weight residual
     109.47  105.13    4.34 3.00e+00 1.11e-01 2.10e+00
  angle pdb=" N   TRP A   1 "
        pdb=" CA  TRP A   1 "
        pdb=" CB  TRP A   1 "
      ideal   model   delta    sigma   weight residual
     110.50  108.10    2.40 1.70e+00 3.46e-01 2.00e+00
  angle pdb=" C   TRP A   1 "
        pdb=" N   GLY A   2 "
        pdb=" CA  GLY A   2 "
      ideal   model   delta    sigma   weight residual
     121.70  119.35    2.35 1.80e+00 3.09e-01 1.71e+00
  ... (remaining 52 not shown)

  Histogram of dihedral angle deviations from ideal:
        0.05 -    35.98: 12
       35.98 -    71.91: 0
       71.91 -   107.84: 0
      107.84 -   143.77: 0
      143.77 -   179.70: 1
  Dihedral angle restraints: 13
    sinusoidal: 3
      harmonic: 10
  Sorted by residual:
  dihedral pdb=" O   GLY A   2 "
           pdb=" C   GLY A   2 "
           pdb=" OXT GLY A   2 "
           pdb=" HXT GLY A   2 "
      ideal   model   delta  harmonic     sigma   weight residual
       0.00 -179.70  179.70     0      3.00e+01 1.11e-03 3.59e+01
  dihedral pdb=" CA  TRP A   1 "
           pdb=" C   TRP A   1 "
           pdb=" N   GLY A   2 "
           pdb=" CA  GLY A   2 "
      ideal   model   delta  harmonic     sigma   weight residual
     180.00  171.28    8.72     0      5.00e+00 4.00e-02 3.04e+00
  dihedral pdb=" N   TRP A   1 "
           pdb=" C   TRP A   1 "
           pdb=" CA  TRP A   1 "
           pdb=" CB  TRP A   1 "
      ideal   model   delta  harmonic     sigma   weight residual
     122.80  118.90    3.90     0      2.50e+00 1.60e-01 2.44e+00
  ... (remaining 10 not shown)

  Histogram of chiral volume deviations from ideal:
       0.072 -    0.072: 1
       0.072 -    0.072: 0
       0.072 -    0.072: 0
       0.072 -    0.072: 0
       0.072 -    0.072: 0
  Chirality restraints: 1
  Sorted by residual:
  chirality pdb=" CA  TRP A   1 "
            pdb=" C   TRP A   1 "
            pdb=" N   TRP A   1 "
            pdb=" CB  TRP A   1 "
    both_signs  ideal   model   delta    sigma   weight residual
      False     -2.51   -2.58    0.07 2.00e-01 2.50e+01 1.30e-01

  Planarity restraints: 4
  Sorted by residual:
                                 delta    sigma   weight rms_deltas residual
  plane pdb=" C   TRP A   1 "   -0.056 2.00e-02 2.50e+03   3.22e-02 1.04e+01
        pdb=" O   TRP A   1 "    0.021 2.00e-02 2.50e+03
        pdb=" CA  TRP A   1 "    0.016 2.00e-02 2.50e+03
        pdb=" N   GLY A   2 "    0.019 2.00e-02 2.50e+03
                                 delta    sigma   weight rms_deltas residual
  plane pdb=" CB  TRP A   1 "    0.005 2.00e-02 2.50e+03   1.49e-02 8.88e+00
        pdb=" CG  TRP A   1 "    0.009 2.00e-02 2.50e+03
        pdb=" CD1 TRP A   1 "    0.019 2.00e-02 2.50e+03
        pdb=" HD1 TRP A   1 "   -0.006 2.00e-02 2.50e+03
        pdb=" NE1 TRP A   1 "   -0.018 2.00e-02 2.50e+03
        pdb=" HE1 TRP A   1 "   -0.018 2.00e-02 2.50e+03
        pdb=" CE2 TRP A   1 "    0.011 2.00e-02 2.50e+03
        pdb=" CZ2 TRP A   1 "    0.039 2.00e-02 2.50e+03
        pdb=" HZ2 TRP A   1 "   -0.002 2.00e-02 2.50e+03
        pdb=" CH2 TRP A   1 "   -0.002 2.00e-02 2.50e+03
        pdb=" HH2 TRP A   1 "   -0.007 2.00e-02 2.50e+03
        pdb=" CZ3 TRP A   1 "   -0.016 2.00e-02 2.50e+03
        pdb=" HZ3 TRP A   1 "    0.011 2.00e-02 2.50e+03
        pdb=" CE3 TRP A   1 "   -0.014 2.00e-02 2.50e+03
        pdb=" HE3 TRP A   1 "   -0.001 2.00e-02 2.50e+03
        pdb=" CD2 TRP A   1 "   -0.010 2.00e-02 2.50e+03
                                 delta    sigma   weight rms_deltas residual
  plane pdb=" C   TRP A   1 "    0.005 2.00e-02 2.50e+03   1.04e-02 1.08e+00
        pdb=" CA  GLY A   2 "    0.005 2.00e-02 2.50e+03
        pdb=" N   GLY A   2 "   -0.018 2.00e-02 2.50e+03
        pdb=" H   GLY A   2 "    0.008 2.00e-02 2.50e+03
  ... (remaining 1 not shown)

  Histogram of nonbonded interaction distances:
        2.18 -     2.73: 26
        2.73 -     3.27: 42
        3.27 -     3.81: 46
        3.81 -     4.36: 52
        4.36 -     4.90: 59
  Nonbonded interactions: 225
  Sorted by model distance:
  nonbonded pdb=" HA  TRP A   1 "
            pdb=" H1  TRP A   1 "
     model   vdw
     2.184 1.816
  nonbonded pdb=" HA2 GLY A   2 "
            pdb=" H   GLY A   2 "
     model   vdw
     2.214 1.816
  nonbonded pdb=" HA  TRP A   1 "
            pdb=" H   GLY A   2 "
     model   vdw
     2.232 2.270
  nonbonded pdb=" HXT GLY A   2 "
            pdb=" HA1 GLY A   2 "
     model   vdw
     2.234 2.270
  nonbonded pdb=" HA  TRP A   1 "
            pdb=" HB2 TRP A   1 "
     model   vdw
     2.271 1.952
  ... (remaining 220 not shown)

  NOTE: a complete listing of the restraints can be obtained by requesting
        output of .geo file.

                   ----------xray_structure summary----------                  

Number of scattering types: 4
  Type Number    sf(0)   Gaussians
   O       3      7.97       2
   N       3      6.97       2
   C      13      5.97       2
   H      15      1.00       2
  sf(0) = scattering factor at diffraction angle 0.
Number of scatterers: 34
At special positions: 0
Unit cell: (14.062, 12.203, 10.869, 90, 90, 90)
Space group: P 1 (No. 1)

End of input processing
r_work=0.5650 r_free=0.6491
params.data_weight: None
params.restraints: qm
rmsd(b), start:  0.0817
mc:   0 R: 0.1725 rmsd(b):  0.2242 restraint_scale:  2.0 min_steps: 51
mc:   1 R: 0.0274 rmsd(b):  0.1859 restraint_scale:  4.0 min_steps: 33
mc:   2 R: 0.0098 rmsd(b):  0.2065 restraint_scale:  8.0 min_steps: 53
mc:   3 R: 0.0100 rmsd(b):  0.2082 restraint_scale: 16.0 min_steps: 11
Convergence reached, stop now.
see the result structure:  ./p26/04_results/refine_qm/194_WG02-new/0.9/2.pdb
Time: 164.7154
