phenix.python
you are importing  adaptive calculator, and it does nothing. Please give it energy, force....... 

============================== Collecting inputs ==============================


                   ----------Processing X-ray data----------                   

F-obs:
  /scratch/m_zhen01/30995.lupus.uni-muenster.de/p26/02_mtz/217_WGG09-new.mtz:F-obs
Miller array info: None
Observation type: xray.amplitude
Type of data: double, size=226
Type of sigmas: None
Number of Miller indices: 226
Anomalous flag: False
Unit cell: (13.892, 11.261, 14.204, 90, 90, 90)
Space group: P 1 (No. 1)
Systematic absences: 0
Centric reflections: 0
Resolution range: 3.91224 2.50738
Completeness in resolution range: 1
Completeness with d_max=infinity: 0.748344

Number of F-obs in resolution range:                   226
Number of F-obs<0 (these reflections will be rejected): 0
Number of F-obs=0 (these reflections will be used in refinement): 0
Refinement resolution range: d_max =   3.9122
                             d_min =   2.5074

R-free flags:
  /scratch/m_zhen01/30995.lupus.uni-muenster.de/p26/02_mtz/217_WGG09-new.mtz:R-free-flags
Miller array info: /scratch/m_zhen01/30995.lupus.uni-muenster.de/p26/02_mtz/217_WGG09-new.mtz:R-free-flags
Observation type: None
Type of data: int, size=226
Type of sigmas: None
Number of Miller indices: 226
Anomalous flag: False
Unit cell: (13.892, 11.261, 14.204, 90, 90, 90)
Space group: P 1 (No. 1)
Systematic absences: 0
Centric reflections: 0
Resolution range: 3.91224 2.50738
Completeness in resolution range: 1
Completeness with d_max=infinity: 0.748344
Wavelength: 1.0000

Test (R-free flags) flag value: 1

Number of work/free reflections by resolution:
                                  work free  %free
  bin  1: 3.9122 - 3.6033 [23/23]   15    8  34.8%
  bin  2: 3.6033 - 3.3735 [22/22]   22    0   0.0%
  bin  3: 3.3735 - 3.1929 [32/32]   32    0   0.0%
  bin  4: 3.1929 - 3.0457 [ 8/8 ]    8    0   0.0%
  bin  5: 3.0457 - 2.9224 [22/22]   18    4  18.2%
  bin  6: 2.9224 - 2.8168 [21/21]   21    0   0.0%
  bin  7: 2.8168 - 2.7251 [26/26]   26    0   0.0%
  bin  8: 2.7251 - 2.6442 [26/26]   26    0   0.0%
  bin  9: 2.6442 - 2.5722 [10/10]   10    0   0.0%
  bin 10: 2.5722 - 2.5074 [36/36]   28    8  22.2%
                          overall  206   20   8.8%

                   ----------Processing PDB file(s)----------                  

  Monomer Library directory:
    "/tmp1/m_zhen01/phenix-installer-1.10.1-2155-intel-linux-2.6-x86_64-centos5/phenix-1.10.1-2155/modules/chem_data/mon_lib"
  Total number of atoms: 41
  Number of models: 1
  Model: ""
    Number of chains: 1
    Chain: "A"
      Number of atoms: 41
      Number of conformers: 1
      Conformer: ""
        Number of residues, atoms: 3, 41
          Classifications: {'peptide': 3}
          Modifications used: {'NH2NOTPRO': 1, 'COOH': 1}
          Link IDs: {'TRANS': 2}
  Time building chain proxies: 0.08, per 1000 atoms: 1.95
  Number of scatterers: 41
  At special positions: 0
  Unit cell: (13.892, 11.261, 14.204, 90, 90, 90)
  Space group: P 1 (No. 1)
  Number of sites at special positions: 0
  Number of scattering types: 4
    Type Number    sf(0)
     O       4      8.00
     N       4      7.00
     C      15      6.00
     H      18      1.00
    sf(0) = scattering factor at diffraction angle 0.

  Number of disulfides: simple=0, symmetry=0

  Automatic linking
    Parameters for automatic linking
      Linking & cutoffs
        Metal                : False - 3.50
        Amimo acid           : False - 1.90
        Carbohydrate         : True  - 1.99
        Ligands              : True  - 1.99
        Amino acid - RNA/DNA : False
      
  Number of custom bonds: simple=0, symmetry=0
  Time building additional restraints: 0.02
  Conformation dependent library (CDL) restraints added in 2.9 milliseconds
  
  Adding C-beta torsion restraints...
  Number of C-beta restraints generated:  2
  Time building geometry restraints manager: 0.03 seconds

  NOTE: a complete listing of the restraints can be obtained by requesting
        output of .geo file.

  Histogram of bond lengths:
        0.85 -     0.99: 16
        0.99 -     1.13: 2
        1.13 -     1.27: 3
        1.27 -     1.40: 12
        1.40 -     1.54: 9
  Bond restraints: 42
  Sorted by residual:
  bond pdb=" CA  GLY A   2 "
       pdb=" HA1 GLY A   2 "
    ideal  model  delta    sigma   weight residual
    0.970  0.914  0.056 2.00e-02 2.50e+03 7.85e+00
  bond pdb=" NE1 TRP A   1 "
       pdb=" HE1 TRP A   1 "
    ideal  model  delta    sigma   weight residual
    0.860  0.908 -0.048 2.00e-02 2.50e+03 5.78e+00
  bond pdb=" CB  TRP A   1 "
       pdb=" HB1 TRP A   1 "
    ideal  model  delta    sigma   weight residual
    0.970  1.008 -0.038 2.00e-02 2.50e+03 3.65e+00
  bond pdb=" C   GLY A   2 "
       pdb=" CA  GLY A   2 "
    ideal  model  delta    sigma   weight residual
    1.514  1.541 -0.027 1.41e-02 5.03e+03 3.53e+00
  bond pdb=" CA  TRP A   1 "
       pdb=" HA  TRP A   1 "
    ideal  model  delta    sigma   weight residual
    0.970  0.933  0.037 2.00e-02 2.50e+03 3.41e+00
  ... (remaining 37 not shown)

  Histogram of bond angle deviations from ideal:
      102.94 -   109.28: 17
      109.28 -   115.61: 14
      115.61 -   121.94: 27
      121.94 -   128.28: 8
      128.28 -   134.61: 3
  Bond angle restraints: 69
  Sorted by residual:
  angle pdb=" HA2 GLY A   3 "
        pdb=" CA  GLY A   3 "
        pdb=" N   GLY A   3 "
      ideal   model   delta    sigma   weight residual
     110.00  103.46    6.54 3.00e+00 1.11e-01 4.75e+00
  angle pdb=" CB  TRP A   1 "
        pdb=" CG  TRP A   1 "
        pdb=" CD1 TRP A   1 "
      ideal   model   delta    sigma   weight residual
     126.90  123.83    3.07 1.50e+00 4.44e-01 4.20e+00
  angle pdb=" CB  TRP A   1 "
        pdb=" CG  TRP A   1 "
        pdb=" CD2 TRP A   1 "
      ideal   model   delta    sigma   weight residual
     126.80  129.67   -2.87 1.40e+00 5.10e-01 4.19e+00
  angle pdb=" C   TRP A   1 "
        pdb=" CA  TRP A   1 "
        pdb=" HA  TRP A   1 "
      ideal   model   delta    sigma   weight residual
     109.00  102.94    6.06 3.00e+00 1.11e-01 4.08e+00
  angle pdb=" CA  TRP A   1 "
        pdb=" N   TRP A   1 "
        pdb=" H1  TRP A   1 "
      ideal   model   delta    sigma   weight residual
     109.47  115.12   -5.65 3.00e+00 1.11e-01 3.54e+00
  ... (remaining 64 not shown)

  Histogram of dihedral angle deviations from ideal:
        0.36 -    35.34: 13
       35.34 -    70.32: 0
       70.32 -   105.30: 0
      105.30 -   140.28: 0
      140.28 -   175.27: 1
  Dihedral angle restraints: 14
    sinusoidal: 3
      harmonic: 11
  Sorted by residual:
  dihedral pdb=" O   GLY A   3 "
           pdb=" C   GLY A   3 "
           pdb=" OXT GLY A   3 "
           pdb=" HXT GLY A   3 "
      ideal   model   delta  harmonic     sigma   weight residual
       0.00  175.27 -175.27     0      3.00e+01 1.11e-03 3.41e+01
  dihedral pdb=" CA  GLY A   2 "
           pdb=" C   GLY A   2 "
           pdb=" N   GLY A   3 "
           pdb=" CA  GLY A   3 "
      ideal   model   delta  harmonic     sigma   weight residual
    -180.00 -172.66   -7.34     0      5.00e+00 4.00e-02 2.16e+00
  dihedral pdb=" CA  TRP A   1 "
           pdb=" C   TRP A   1 "
           pdb=" N   GLY A   2 "
           pdb=" CA  GLY A   2 "
      ideal   model   delta  harmonic     sigma   weight residual
    -180.00 -174.57   -5.43     0      5.00e+00 4.00e-02 1.18e+00
  ... (remaining 11 not shown)

  Histogram of chiral volume deviations from ideal:
       0.050 -    0.050: 1
       0.050 -    0.050: 0
       0.050 -    0.050: 0
       0.050 -    0.050: 0
       0.050 -    0.050: 0
  Chirality restraints: 1
  Sorted by residual:
  chirality pdb=" CA  TRP A   1 "
            pdb=" C   TRP A   1 "
            pdb=" N   TRP A   1 "
            pdb=" CB  TRP A   1 "
    both_signs  ideal   model   delta    sigma   weight residual
      False     -2.51   -2.46   -0.05 2.00e-01 2.50e+01 6.21e-02

  Planarity restraints: 6
  Sorted by residual:
                                 delta    sigma   weight rms_deltas residual
  plane pdb=" CB  TRP A   1 "    0.023 2.00e-02 2.50e+03   1.68e-02 1.13e+01
        pdb=" CG  TRP A   1 "   -0.009 2.00e-02 2.50e+03
        pdb=" CD1 TRP A   1 "   -0.008 2.00e-02 2.50e+03
        pdb=" HD1 TRP A   1 "    0.024 2.00e-02 2.50e+03
        pdb=" NE1 TRP A   1 "    0.008 2.00e-02 2.50e+03
        pdb=" HE1 TRP A   1 "   -0.032 2.00e-02 2.50e+03
        pdb=" CE2 TRP A   1 "    0.003 2.00e-02 2.50e+03
        pdb=" CZ2 TRP A   1 "    0.009 2.00e-02 2.50e+03
        pdb=" HZ2 TRP A   1 "   -0.006 2.00e-02 2.50e+03
        pdb=" CH2 TRP A   1 "    0.003 2.00e-02 2.50e+03
        pdb=" HH2 TRP A   1 "    0.014 2.00e-02 2.50e+03
        pdb=" CZ3 TRP A   1 "    0.007 2.00e-02 2.50e+03
        pdb=" HZ3 TRP A   1 "    0.008 2.00e-02 2.50e+03
        pdb=" CE3 TRP A   1 "    0.003 2.00e-02 2.50e+03
        pdb=" HE3 TRP A   1 "   -0.041 2.00e-02 2.50e+03
        pdb=" CD2 TRP A   1 "   -0.007 2.00e-02 2.50e+03
                                 delta    sigma   weight rms_deltas residual
  plane pdb=" O   GLY A   3 "   -0.017 2.00e-02 2.50e+03   1.81e-02 4.11e+00
        pdb=" C   GLY A   3 "    0.014 2.00e-02 2.50e+03
        pdb=" OXT GLY A   3 "    0.024 2.00e-02 2.50e+03
        pdb=" HXT GLY A   3 "   -0.024 2.00e-02 2.50e+03
        pdb=" CA  GLY A   3 "    0.003 2.00e-02 2.50e+03
                                 delta    sigma   weight rms_deltas residual
  plane pdb=" C   GLY A   2 "    0.009 2.00e-02 2.50e+03   5.46e-03 2.98e-01
        pdb=" O   GLY A   2 "   -0.003 2.00e-02 2.50e+03
        pdb=" CA  GLY A   2 "   -0.003 2.00e-02 2.50e+03
        pdb=" N   GLY A   3 "   -0.003 2.00e-02 2.50e+03
  ... (remaining 3 not shown)

  Histogram of nonbonded interaction distances:
        2.13 -     2.68: 31
        2.68 -     3.24: 59
        3.24 -     3.79: 62
        3.79 -     4.35: 74
        4.35 -     4.90: 81
  Nonbonded interactions: 307
  Sorted by model distance:
  nonbonded pdb=" HA2 GLY A   3 "
            pdb=" H   GLY A   3 "
     model   vdw
     2.131 1.816
  nonbonded pdb=" HA2 GLY A   2 "
            pdb=" H   GLY A   2 "
     model   vdw
     2.180 1.816
  nonbonded pdb=" HA  TRP A   1 "
            pdb=" H   GLY A   2 "
     model   vdw
     2.221 2.270
  nonbonded pdb=" HXT GLY A   3 "
            pdb=" HA1 GLY A   3 "
     model   vdw
     2.230 2.270
  nonbonded pdb=" HZ2 TRP A   1 "
            pdb=" HH2 TRP A   1 "
     model   vdw
     2.230 1.680
  ... (remaining 302 not shown)

  NOTE: a complete listing of the restraints can be obtained by requesting
        output of .geo file.

                   ----------xray_structure summary----------                  

Number of scattering types: 4
  Type Number    sf(0)   Gaussians
   O       4      7.97       2
   N       4      6.97       2
   C      15      5.97       2
   H      18      1.00       2
  sf(0) = scattering factor at diffraction angle 0.
Number of scatterers: 41
At special positions: 0
Unit cell: (13.892, 11.261, 14.204, 90, 90, 90)
Space group: P 1 (No. 1)

End of input processing
r_work=0.5761 r_free=0.6077
params.data_weight: None
params.restraints: cctbx
rmsd(b), start:  0.0846
mc:   0 R: 0.2581 rmsd(b):  0.0909 restraint_scale:  2.0 min_steps: 52
mc:   1 R: 0.0743 rmsd(b):  0.0443 restraint_scale:  4.0 min_steps: 30
mc:   2 R: 0.0241 rmsd(b):  0.0138 restraint_scale:  4.0 min_steps: 22
mc:   3 R: 0.0117 rmsd(b):  0.0120 restraint_scale:  4.0 min_steps: 17
mc:   4 R: 0.0066 rmsd(b):  0.0212 restraint_scale:  4.0 min_steps: 44
mc:   5 R: 0.0060 rmsd(b):  0.0206 restraint_scale:  4.0 min_steps: 20
Convergence reached, stop now.
see the result structure:  ./p26/04_results/refine_cctbx/217_WGG09-new/0.9/6.pdb
Time: 6.5648
