phenix.python
you are importing  adaptive calculator, and it does nothing. Please give it energy, force....... 

============================== Collecting inputs ==============================


                   ----------Processing X-ray data----------                   

F-obs:
  /scratch/m_zhen01/30993.lupus.uni-muenster.de/p26/02_mtz/255_FGG252-new.mtz:F-obs
Miller array info: None
Observation type: xray.amplitude
Type of data: double, size=196
Type of sigmas: None
Number of Miller indices: 196
Anomalous flag: False
Unit cell: (16.001, 11.437, 10.504, 90, 90, 90)
Space group: P 1 (No. 1)
Systematic absences: 0
Centric reflections: 0
Resolution range: 3.90043 2.51122
Completeness in resolution range: 1
Completeness with d_max=infinity: 0.75969

Number of F-obs in resolution range:                   196
Number of F-obs<0 (these reflections will be rejected): 0
Number of F-obs=0 (these reflections will be used in refinement): 0
Refinement resolution range: d_max =   3.9004
                             d_min =   2.5112

R-free flags:
  /scratch/m_zhen01/30993.lupus.uni-muenster.de/p26/02_mtz/255_FGG252-new.mtz:R-free-flags
Miller array info: /scratch/m_zhen01/30993.lupus.uni-muenster.de/p26/02_mtz/255_FGG252-new.mtz:R-free-flags
Observation type: None
Type of data: int, size=196
Type of sigmas: None
Number of Miller indices: 196
Anomalous flag: False
Unit cell: (16.001, 11.437, 10.504, 90, 90, 90)
Space group: P 1 (No. 1)
Systematic absences: 0
Centric reflections: 0
Resolution range: 3.90043 2.51122
Completeness in resolution range: 1
Completeness with d_max=infinity: 0.75969
Wavelength: 1.0000

Test (R-free flags) flag value: 1

Number of work/free reflections by resolution:
                                  work free  %free
  bin  1: 3.9004 - 3.5973 [21/21]   17    4  19.0%
  bin  2: 3.5973 - 3.3707 [23/23]   23    0   0.0%
  bin  3: 3.3707 - 3.1922 [15/15]   13    2  13.3%
  bin  4: 3.1922 - 3.0464 [26/26]   24    2   7.7%
  bin  5: 3.0464 - 2.9240 [20/20]   20    0   0.0%
  bin  6: 2.9240 - 2.8192 [ 9/9 ]    9    0   0.0%
  bin  7: 2.8192 - 2.7280 [18/18]   16    2  11.1%
  bin  8: 2.7280 - 2.6475 [23/23]   23    0   0.0%
  bin  9: 2.6475 - 2.5758 [19/19]   17    2  10.5%
  bin 10: 2.5758 - 2.5112 [22/22]   22    0   0.0%
                          overall  184   12   6.1%

                   ----------Processing PDB file(s)----------                  

  Monomer Library directory:
    "/tmp1/m_zhen01/phenix-installer-1.10.1-2155-intel-linux-2.6-x86_64-centos5/phenix-1.10.1-2155/modules/chem_data/mon_lib"
  Total number of atoms: 37
  Number of models: 1
  Model: ""
    Number of chains: 1
    Chain: "A"
      Number of atoms: 37
      Number of conformers: 1
      Conformer: ""
        Number of residues, atoms: 3, 37
          Classifications: {'peptide': 3}
          Modifications used: {'NH2NOTPRO': 1, 'COOH': 1}
          Link IDs: {'TRANS': 2}
  Time building chain proxies: 0.07, per 1000 atoms: 1.89
  Number of scatterers: 37
  At special positions: 0
  Unit cell: (16.001, 11.437, 10.504, 90, 90, 90)
  Space group: P 1 (No. 1)
  Number of sites at special positions: 0
  Number of scattering types: 4
    Type Number    sf(0)
     O       4      8.00
     N       3      7.00
     C      13      6.00
     H      17      1.00
    sf(0) = scattering factor at diffraction angle 0.

  Number of disulfides: simple=0, symmetry=0

  Automatic linking
    Parameters for automatic linking
      Linking & cutoffs
        Metal                : False - 3.50
        Amimo acid           : False - 1.90
        Carbohydrate         : True  - 1.99
        Ligands              : True  - 1.99
        Amino acid - RNA/DNA : False
      
  Number of custom bonds: simple=0, symmetry=0
  Time building additional restraints: 0.02
  Conformation dependent library (CDL) restraints added in 2.5 milliseconds
  
  Adding C-beta torsion restraints...
  Number of C-beta restraints generated:  2
  Time building geometry restraints manager: 0.04 seconds

  NOTE: a complete listing of the restraints can be obtained by requesting
        output of .geo file.

  Histogram of bond lengths:
        0.81 -     0.95: 9
        0.95 -     1.10: 8
        1.10 -     1.25: 2
        1.25 -     1.40: 8
        1.40 -     1.55: 10
  Bond restraints: 37
  Sorted by residual:
  bond pdb=" N   GLY A   3 "
       pdb=" H   GLY A   3 "
    ideal  model  delta    sigma   weight residual
    0.860  0.806  0.054 2.00e-02 2.50e+03 7.24e+00
  bond pdb=" CB  PHE A   1 "
       pdb=" HB2 PHE A   1 "
    ideal  model  delta    sigma   weight residual
    0.970  1.010 -0.040 2.00e-02 2.50e+03 4.04e+00
  bond pdb=" CE1 PHE A   1 "
       pdb=" HE1 PHE A   1 "
    ideal  model  delta    sigma   weight residual
    0.930  0.967 -0.037 2.00e-02 2.50e+03 3.36e+00
  bond pdb=" CA  GLY A   3 "
       pdb=" N   GLY A   3 "
    ideal  model  delta    sigma   weight residual
    1.451  1.423  0.028 1.60e-02 3.91e+03 3.03e+00
  bond pdb=" CB  PHE A   1 "
       pdb=" CG  PHE A   1 "
    ideal  model  delta    sigma   weight residual
    1.502  1.540 -0.038 2.30e-02 1.89e+03 2.70e+00
  ... (remaining 32 not shown)

  Histogram of bond angle deviations from ideal:
      104.16 -   108.62: 13
      108.62 -   113.08: 11
      113.08 -   117.55: 8
      117.55 -   122.01: 20
      122.01 -   126.47: 8
  Bond angle restraints: 60
  Sorted by residual:
  angle pdb=" HA1 GLY A   2 "
        pdb=" CA  GLY A   2 "
        pdb=" N   GLY A   2 "
      ideal   model   delta    sigma   weight residual
     110.00  115.90   -5.90 3.00e+00 1.11e-01 3.87e+00
  angle pdb=" C   GLY A   3 "
        pdb=" CA  GLY A   3 "
        pdb=" HA2 GLY A   3 "
      ideal   model   delta    sigma   weight residual
     109.00  114.42   -5.42 3.00e+00 1.11e-01 3.26e+00
  angle pdb=" HA2 GLY A   3 "
        pdb=" CA  GLY A   3 "
        pdb=" N   GLY A   3 "
      ideal   model   delta    sigma   weight residual
     110.00  104.72    5.28 3.00e+00 1.11e-01 3.10e+00
  angle pdb=" CA  PHE A   1 "
        pdb=" CB  PHE A   1 "
        pdb=" CG  PHE A   1 "
      ideal   model   delta    sigma   weight residual
     113.80  115.35   -1.55 1.00e+00 1.00e+00 2.41e+00
  angle pdb=" C   GLY A   2 "
        pdb=" CA  GLY A   2 "
        pdb=" HA1 GLY A   2 "
      ideal   model   delta    sigma   weight residual
     109.00  104.49    4.51 3.00e+00 1.11e-01 2.26e+00
  ... (remaining 55 not shown)

  Histogram of dihedral angle deviations from ideal:
        0.12 -     9.48: 12
        9.48 -    18.83: 0
       18.83 -    28.19: 0
       28.19 -    37.55: 0
       37.55 -    46.90: 1
  Dihedral angle restraints: 13
    sinusoidal: 3
      harmonic: 10
  Sorted by residual:
  dihedral pdb=" OXT GLY A   3 "
           pdb=" C   GLY A   3 "
           pdb=" CA  GLY A   3 "
           pdb=" N   GLY A   3 "
      ideal   model   delta sinusoidal    sigma   weight residual
     160.00  113.10   46.90     2      3.00e+01 1.11e-03 2.84e+00
  dihedral pdb=" C   PHE A   1 "
           pdb=" N   PHE A   1 "
           pdb=" CA  PHE A   1 "
           pdb=" CB  PHE A   1 "
      ideal   model   delta  harmonic     sigma   weight residual
    -122.60 -125.46    2.86     0      2.50e+00 1.60e-01 1.31e+00
  dihedral pdb=" CA  PHE A   1 "
           pdb=" C   PHE A   1 "
           pdb=" N   GLY A   2 "
           pdb=" CA  GLY A   2 "
      ideal   model   delta  harmonic     sigma   weight residual
     180.00 -175.96   -4.04     0      5.00e+00 4.00e-02 6.52e-01
  ... (remaining 10 not shown)

  Histogram of chiral volume deviations from ideal:
       0.083 -    0.083: 1
       0.083 -    0.083: 0
       0.083 -    0.083: 0
       0.083 -    0.083: 0
       0.083 -    0.083: 0
  Chirality restraints: 1
  Sorted by residual:
  chirality pdb=" CA  PHE A   1 "
            pdb=" C   PHE A   1 "
            pdb=" N   PHE A   1 "
            pdb=" CB  PHE A   1 "
    both_signs  ideal   model   delta    sigma   weight residual
      False     -2.51   -2.43   -0.08 2.00e-01 2.50e+01 1.71e-01

  Planarity restraints: 6
  Sorted by residual:
                                 delta    sigma   weight rms_deltas residual
  plane pdb=" O   GLY A   3 "   -0.012 2.00e-02 2.50e+03   1.60e-02 3.18e+00
        pdb=" C   GLY A   3 "    0.031 2.00e-02 2.50e+03
        pdb=" OXT GLY A   3 "   -0.010 2.00e-02 2.50e+03
        pdb=" HXT GLY A   3 "    0.000 2.00e-02 2.50e+03
        pdb=" CA  GLY A   3 "   -0.009 2.00e-02 2.50e+03
                                 delta    sigma   weight rms_deltas residual
  plane pdb=" C   PHE A   1 "    0.008 2.00e-02 2.50e+03   1.55e-02 2.41e+00
        pdb=" CA  GLY A   2 "    0.007 2.00e-02 2.50e+03
        pdb=" N   GLY A   2 "   -0.027 2.00e-02 2.50e+03
        pdb=" H   GLY A   2 "    0.012 2.00e-02 2.50e+03
                                 delta    sigma   weight rms_deltas residual
  plane pdb=" CB  PHE A   1 "   -0.003 2.00e-02 2.50e+03   8.45e-03 2.14e+00
        pdb=" CG  PHE A   1 "   -0.013 2.00e-02 2.50e+03
        pdb=" CD1 PHE A   1 "    0.003 2.00e-02 2.50e+03
        pdb=" HD1 PHE A   1 "    0.011 2.00e-02 2.50e+03
        pdb=" CE1 PHE A   1 "   -0.004 2.00e-02 2.50e+03
        pdb=" HE1 PHE A   1 "   -0.003 2.00e-02 2.50e+03
        pdb=" CZ  PHE A   1 "   -0.001 2.00e-02 2.50e+03
        pdb=" HZ  PHE A   1 "    0.002 2.00e-02 2.50e+03
        pdb=" CE2 PHE A   1 "   -0.014 2.00e-02 2.50e+03
        pdb=" HE2 PHE A   1 "    0.008 2.00e-02 2.50e+03
        pdb=" CD2 PHE A   1 "    0.016 2.00e-02 2.50e+03
        pdb=" HD2 PHE A   1 "   -0.002 2.00e-02 2.50e+03
  ... (remaining 3 not shown)

  Histogram of nonbonded interaction distances:
        2.19 -     2.73: 36
        2.73 -     3.27: 51
        3.27 -     3.81: 55
        3.81 -     4.35: 46
        4.35 -     4.89: 65
  Nonbonded interactions: 253
  Sorted by model distance:
  nonbonded pdb=" HA2 GLY A   2 "
            pdb=" H   GLY A   2 "
     model   vdw
     2.192 1.816
  nonbonded pdb=" H1  PHE A   1 "
            pdb=" HA  PHE A   1 "
     model   vdw
     2.238 1.816
  nonbonded pdb=" O   GLY A   3 "
            pdb=" HXT GLY A   3 "
     model   vdw
     2.240 2.056
  nonbonded pdb=" H2  PHE A   1 "
            pdb=" HB2 PHE A   1 "
     model   vdw
     2.295 2.270
  nonbonded pdb=" HA  PHE A   1 "
            pdb=" HB2 PHE A   1 "
     model   vdw
     2.309 1.952
  ... (remaining 248 not shown)

  NOTE: a complete listing of the restraints can be obtained by requesting
        output of .geo file.

                   ----------xray_structure summary----------                  

Number of scattering types: 4
  Type Number    sf(0)   Gaussians
   O       4      7.97       2
   N       3      6.97       2
   C      13      5.97       2
   H      17      1.00       2
  sf(0) = scattering factor at diffraction angle 0.
Number of scatterers: 37
At special positions: 0
Unit cell: (16.001, 11.437, 10.504, 90, 90, 90)
Space group: P 1 (No. 1)

End of input processing
r_work=0.4691 r_free=0.4504
params.data_weight: 0.0
params.restraints: cctbx
rmsd(b), start:  0.0845
mc:   0 R: 0.4570 rmsd(b):  0.0009 restraint_scale:  1.0 min_steps: 53
mc:   1 R: 0.4563 rmsd(b):  0.0006 restraint_scale:  1.0 min_steps: 52
mc:   2 R: 0.4471 rmsd(b):  0.0005 restraint_scale:  1.0 min_steps: 53
mc:   3 R: 0.4475 rmsd(b):  0.0006 restraint_scale:  1.0 min_steps: 53
mc:   4 R: 0.4442 rmsd(b):  0.0005 restraint_scale:  1.0 min_steps: 53
mc:   5 R: 0.4432 rmsd(b):  0.0005 restraint_scale:  1.0 min_steps: 53
mc:   6 R: 0.4416 rmsd(b):  0.0005 restraint_scale:  1.0 min_steps: 53
mc:   7 R: 0.4412 rmsd(b):  0.0005 restraint_scale:  1.0 min_steps: 53
Convergence reached, stop now.
see the result structure:  ./p26/04_results/opt_cctbx/255_FGG252-new/0.9/0.pdb
Time: 6.0355
