phenix.python
you are importing  adaptive calculator, and it does nothing. Please give it energy, force....... 

============================== Collecting inputs ==============================


                   ----------Processing X-ray data----------                   

F-obs:
  /scratch/m_zhen01/30993.lupus.uni-muenster.de/p26/02_mtz/201_WG12-new.mtz:F-obs
Miller array info: None
Observation type: xray.amplitude
Type of data: double, size=181
Type of sigmas: None
Number of Miller indices: 181
Anomalous flag: False
Unit cell: (13.714, 12.215, 10.637, 90, 90, 90)
Space group: P 1 (No. 1)
Systematic absences: 0
Centric reflections: 0
Resolution range: 3.97392 2.50207
Completeness in resolution range: 1
Completeness with d_max=infinity: 0.763713

Number of F-obs in resolution range:                   181
Number of F-obs<0 (these reflections will be rejected): 0
Number of F-obs=0 (these reflections will be used in refinement): 0
Refinement resolution range: d_max =   3.9739
                             d_min =   2.5021

R-free flags:
  /scratch/m_zhen01/30993.lupus.uni-muenster.de/p26/02_mtz/201_WG12-new.mtz:R-free-flags
Miller array info: /scratch/m_zhen01/30993.lupus.uni-muenster.de/p26/02_mtz/201_WG12-new.mtz:R-free-flags
Observation type: None
Type of data: int, size=181
Type of sigmas: None
Number of Miller indices: 181
Anomalous flag: False
Unit cell: (13.714, 12.215, 10.637, 90, 90, 90)
Space group: P 1 (No. 1)
Systematic absences: 0
Centric reflections: 0
Resolution range: 3.97392 2.50207
Completeness in resolution range: 1
Completeness with d_max=infinity: 0.763713
Wavelength: 1.0000

Test (R-free flags) flag value: 1

Number of work/free reflections by resolution:
                                  work free  %free
  bin  1: 3.9739 - 3.6405 [22/22]   16    6  27.3%
  bin  2: 3.6405 - 3.3967 [18/18]   18    0   0.0%
  bin  3: 3.3967 - 3.2074 [18/18]   18    0   0.0%
  bin  4: 3.2074 - 3.0543 [12/12]   12    0   0.0%
  bin  5: 3.0543 - 2.9268 [21/21]   19    2   9.5%
  bin  6: 2.9268 - 2.8182 [18/18]   18    0   0.0%
  bin  7: 2.8182 - 2.7241 [17/17]   17    0   0.0%
  bin  8: 2.7241 - 2.6414 [13/13]   13    0   0.0%
  bin  9: 2.6414 - 2.5680 [26/26]   22    4  15.4%
  bin 10: 2.5680 - 2.5021 [16/16]   16    0   0.0%
                          overall  169   12   6.6%

                   ----------Processing PDB file(s)----------                  

  Monomer Library directory:
    "/tmp1/m_zhen01/phenix-installer-1.10.1-2155-intel-linux-2.6-x86_64-centos5/phenix-1.10.1-2155/modules/chem_data/mon_lib"
  Total number of atoms: 34
  Number of models: 1
  Model: ""
    Number of chains: 1
    Chain: "A"
      Number of atoms: 34
      Number of conformers: 1
      Conformer: ""
        Number of residues, atoms: 2, 34
          Classifications: {'peptide': 2}
          Modifications used: {'NH2NOTPRO': 1, 'COOH': 1}
          Link IDs: {'TRANS': 1}
  Time building chain proxies: 0.07, per 1000 atoms: 2.06
  Number of scatterers: 34
  At special positions: 0
  Unit cell: (13.714, 12.215, 10.637, 90, 90, 90)
  Space group: P 1 (No. 1)
  Number of sites at special positions: 0
  Number of scattering types: 4
    Type Number    sf(0)
     O       3      8.00
     N       3      7.00
     C      13      6.00
     H      15      1.00
    sf(0) = scattering factor at diffraction angle 0.

  Number of disulfides: simple=0, symmetry=0

  Automatic linking
    Parameters for automatic linking
      Linking & cutoffs
        Metal                : False - 3.50
        Amimo acid           : False - 1.90
        Carbohydrate         : True  - 1.99
        Ligands              : True  - 1.99
        Amino acid - RNA/DNA : False
      
  Number of custom bonds: simple=0, symmetry=0
  Time building additional restraints: 0.02
  Conformation dependent library (CDL) restraints added in 521.9 microseconds
  
  Adding C-beta torsion restraints...
  Number of C-beta restraints generated:  2
  Time building geometry restraints manager: 0.02 seconds

  NOTE: a complete listing of the restraints can be obtained by requesting
        output of .geo file.

  Histogram of bond lengths:
        0.86 -     1.00: 15
        1.00 -     1.14: 0
        1.14 -     1.28: 2
        1.28 -     1.41: 10
        1.41 -     1.55: 8
  Bond restraints: 35
  Sorted by residual:
  bond pdb=" CD1 TRP A   1 "
       pdb=" HD1 TRP A   1 "
    ideal  model  delta    sigma   weight residual
    0.930  0.888  0.042 2.00e-02 2.50e+03 4.46e+00
  bond pdb=" CA  GLY A   2 "
       pdb=" HA1 GLY A   2 "
    ideal  model  delta    sigma   weight residual
    0.970  0.934  0.036 2.00e-02 2.50e+03 3.32e+00
  bond pdb=" CB  TRP A   1 "
       pdb=" CG  TRP A   1 "
    ideal  model  delta    sigma   weight residual
    1.498  1.553 -0.055 3.10e-02 1.04e+03 3.13e+00
  bond pdb=" C   TRP A   1 "
       pdb=" N   GLY A   2 "
    ideal  model  delta    sigma   weight residual
    1.329  1.354 -0.025 1.40e-02 5.10e+03 3.10e+00
  bond pdb=" C   GLY A   2 "
       pdb=" CA  GLY A   2 "
    ideal  model  delta    sigma   weight residual
    1.516  1.545 -0.029 1.80e-02 3.09e+03 2.57e+00
  ... (remaining 30 not shown)

  Histogram of bond angle deviations from ideal:
      105.43 -   111.06: 22
      111.06 -   116.69: 7
      116.69 -   122.32: 16
      122.32 -   127.95: 9
      127.95 -   133.58: 3
  Bond angle restraints: 57
  Sorted by residual:
  angle pdb=" O   TRP A   1 "
        pdb=" C   TRP A   1 "
        pdb=" N   GLY A   2 "
      ideal   model   delta    sigma   weight residual
     123.00  126.48   -3.48 1.60e+00 3.91e-01 4.74e+00
  angle pdb=" O   GLY A   2 "
        pdb=" C   GLY A   2 "
        pdb=" CA  GLY A   2 "
      ideal   model   delta    sigma   weight residual
     118.60  123.14   -4.54 3.00e+00 1.11e-01 2.29e+00
  angle pdb=" OXT GLY A   2 "
        pdb=" C   GLY A   2 "
        pdb=" CA  GLY A   2 "
      ideal   model   delta    sigma   weight residual
     118.60  114.25    4.35 3.00e+00 1.11e-01 2.10e+00
  angle pdb=" CG  TRP A   1 "
        pdb=" CD1 TRP A   1 "
        pdb=" HD1 TRP A   1 "
      ideal   model   delta    sigma   weight residual
     124.90  120.67    4.23 3.00e+00 1.11e-01 1.98e+00
  angle pdb=" CA  TRP A   1 "
        pdb=" C   TRP A   1 "
        pdb=" N   GLY A   2 "
      ideal   model   delta    sigma   weight residual
     116.20  113.45    2.75 2.00e+00 2.50e-01 1.89e+00
  ... (remaining 52 not shown)

  Histogram of dihedral angle deviations from ideal:
        0.01 -    35.19: 10
       35.19 -    70.37: 2
       70.37 -   105.55: 0
      105.55 -   140.72: 0
      140.72 -   175.90: 1
  Dihedral angle restraints: 13
    sinusoidal: 3
      harmonic: 10
  Sorted by residual:
  dihedral pdb=" O   GLY A   2 "
           pdb=" C   GLY A   2 "
           pdb=" OXT GLY A   2 "
           pdb=" HXT GLY A   2 "
      ideal   model   delta  harmonic     sigma   weight residual
       0.00  175.90 -175.90     0      3.00e+01 1.11e-03 3.44e+01
  dihedral pdb=" CA  TRP A   1 "
           pdb=" C   TRP A   1 "
           pdb=" N   GLY A   2 "
           pdb=" CA  GLY A   2 "
      ideal   model   delta  harmonic     sigma   weight residual
     180.00 -163.29  -16.71     0      5.00e+00 4.00e-02 1.12e+01
  dihedral pdb=" CA  TRP A   1 "
           pdb=" CB  TRP A   1 "
           pdb=" CG  TRP A   1 "
           pdb=" CD1 TRP A   1 "
      ideal   model   delta sinusoidal    sigma   weight residual
      90.00   49.37   40.63     2      2.00e+01 2.50e-03 5.09e+00
  ... (remaining 10 not shown)

  Histogram of chiral volume deviations from ideal:
       0.003 -    0.003: 1
       0.003 -    0.003: 0
       0.003 -    0.003: 0
       0.003 -    0.003: 0
       0.003 -    0.003: 0
  Chirality restraints: 1
  Sorted by residual:
  chirality pdb=" CA  TRP A   1 "
            pdb=" C   TRP A   1 "
            pdb=" N   TRP A   1 "
            pdb=" CB  TRP A   1 "
    both_signs  ideal   model   delta    sigma   weight residual
      False     -2.51   -2.51   -0.00 2.00e-01 2.50e+01 2.08e-04

  Planarity restraints: 4
  Sorted by residual:
                                 delta    sigma   weight rms_deltas residual
  plane pdb=" CB  TRP A   1 "    0.009 2.00e-02 2.50e+03   1.40e-02 7.83e+00
        pdb=" CG  TRP A   1 "   -0.019 2.00e-02 2.50e+03
        pdb=" CD1 TRP A   1 "   -0.014 2.00e-02 2.50e+03
        pdb=" HD1 TRP A   1 "    0.021 2.00e-02 2.50e+03
        pdb=" NE1 TRP A   1 "   -0.010 2.00e-02 2.50e+03
        pdb=" HE1 TRP A   1 "   -0.001 2.00e-02 2.50e+03
        pdb=" CE2 TRP A   1 "   -0.011 2.00e-02 2.50e+03
        pdb=" CZ2 TRP A   1 "    0.022 2.00e-02 2.50e+03
        pdb=" HZ2 TRP A   1 "    0.003 2.00e-02 2.50e+03
        pdb=" CH2 TRP A   1 "   -0.025 2.00e-02 2.50e+03
        pdb=" HH2 TRP A   1 "    0.008 2.00e-02 2.50e+03
        pdb=" CZ3 TRP A   1 "    0.022 2.00e-02 2.50e+03
        pdb=" HZ3 TRP A   1 "   -0.012 2.00e-02 2.50e+03
        pdb=" CE3 TRP A   1 "   -0.004 2.00e-02 2.50e+03
        pdb=" HE3 TRP A   1 "    0.004 2.00e-02 2.50e+03
        pdb=" CD2 TRP A   1 "    0.006 2.00e-02 2.50e+03
                                 delta    sigma   weight rms_deltas residual
  plane pdb=" O   GLY A   2 "    0.017 2.00e-02 2.50e+03   1.54e-02 2.97e+00
        pdb=" C   GLY A   2 "   -0.023 2.00e-02 2.50e+03
        pdb=" OXT GLY A   2 "   -0.011 2.00e-02 2.50e+03
        pdb=" HXT GLY A   2 "    0.016 2.00e-02 2.50e+03
        pdb=" CA  GLY A   2 "    0.001 2.00e-02 2.50e+03
                                 delta    sigma   weight rms_deltas residual
  plane pdb=" C   TRP A   1 "   -0.009 2.00e-02 2.50e+03   5.07e-03 2.57e-01
        pdb=" O   TRP A   1 "    0.003 2.00e-02 2.50e+03
        pdb=" CA  TRP A   1 "    0.002 2.00e-02 2.50e+03
        pdb=" N   GLY A   2 "    0.003 2.00e-02 2.50e+03
  ... (remaining 1 not shown)

  Histogram of nonbonded interaction distances:
        1.80 -     2.42: 13
        2.42 -     3.04: 43
        3.04 -     3.66: 59
        3.66 -     4.27: 60
        4.27 -     4.89: 85
  Nonbonded interactions: 260
  Sorted by model distance:
  nonbonded pdb=" H2  TRP A   1 "
            pdb=" H   GLY A   2 "
     model   vdw
     1.804 2.100
  nonbonded pdb=" HXT GLY A   2 "
            pdb=" HA2 GLY A   2 "
     model   vdw
     2.159 2.270
  nonbonded pdb=" HA  TRP A   1 "
            pdb=" HB1 TRP A   1 "
     model   vdw
     2.175 1.952
  nonbonded pdb=" HA  TRP A   1 "
            pdb=" H1  TRP A   1 "
     model   vdw
     2.181 1.816
  nonbonded pdb=" HA  TRP A   1 "
            pdb=" H2  TRP A   1 "
     model   vdw
     2.204 1.816
  ... (remaining 255 not shown)

  NOTE: a complete listing of the restraints can be obtained by requesting
        output of .geo file.

                   ----------xray_structure summary----------                  

Number of scattering types: 4
  Type Number    sf(0)   Gaussians
   O       3      7.97       2
   N       3      6.97       2
   C      13      5.97       2
   H      15      1.00       2
  sf(0) = scattering factor at diffraction angle 0.
Number of scatterers: 34
At special positions: 0
Unit cell: (13.714, 12.215, 10.637, 90, 90, 90)
Space group: P 1 (No. 1)

End of input processing
r_work=0.6605 r_free=0.5619
params.data_weight: 0.0
params.restraints: cctbx
rmsd(b), start:  0.0862
mc:   0 R: 0.6590 rmsd(b):  0.0013 restraint_scale:  1.0 min_steps: 56
mc:   1 R: 0.6580 rmsd(b):  0.0006 restraint_scale:  1.0 min_steps: 54
mc:   2 R: 0.6616 rmsd(b):  0.0008 restraint_scale:  1.0 min_steps: 56
mc:   3 R: 0.6594 rmsd(b):  0.0007 restraint_scale:  1.0 min_steps: 55
mc:   4 R: 0.6614 rmsd(b):  0.0007 restraint_scale:  1.0 min_steps: 54
mc:   5 R: 0.6570 rmsd(b):  0.0008 restraint_scale:  1.0 min_steps: 52
mc:   6 R: 0.6568 rmsd(b):  0.0008 restraint_scale:  1.0 min_steps: 53
mc:   7 R: 0.6496 rmsd(b):  0.0009 restraint_scale:  1.0 min_steps: 53
mc:   8 R: 0.6495 rmsd(b):  0.0008 restraint_scale:  1.0 min_steps: 52
mc:   9 R: 0.6425 rmsd(b):  0.0007 restraint_scale:  1.0 min_steps: 55
mc:  10 R: 0.6402 rmsd(b):  0.0007 restraint_scale:  1.0 min_steps: 55
mc:  11 R: 0.6319 rmsd(b):  0.0009 restraint_scale:  1.0 min_steps: 53
mc:  12 R: 0.6296 rmsd(b):  0.0006 restraint_scale:  1.0 min_steps: 55
mc:  13 R: 0.6240 rmsd(b):  0.0007 restraint_scale:  1.0 min_steps: 56
mc:  14 R: 0.6164 rmsd(b):  0.0006 restraint_scale:  1.0 min_steps: 54
mc:  15 R: 0.6106 rmsd(b):  0.0007 restraint_scale:  1.0 min_steps: 52
mc:  16 R: 0.6060 rmsd(b):  0.0006 restraint_scale:  1.0 min_steps: 55
mc:  17 R: 0.6022 rmsd(b):  0.0005 restraint_scale:  1.0 min_steps: 55
mc:  18 R: 0.5976 rmsd(b):  0.0004 restraint_scale:  1.0 min_steps: 54
mc:  19 R: 0.5950 rmsd(b):  0.0006 restraint_scale:  1.0 min_steps: 52
mc:  20 R: 0.5915 rmsd(b):  0.0005 restraint_scale:  1.0 min_steps: 54
mc:  21 R: 0.5890 rmsd(b):  0.0006 restraint_scale:  1.0 min_steps: 56
mc:  22 R: 0.5866 rmsd(b):  0.0004 restraint_scale:  1.0 min_steps: 55
mc:  23 R: 0.5828 rmsd(b):  0.0008 restraint_scale:  1.0 min_steps: 54
mc:  24 R: 0.5812 rmsd(b):  0.0005 restraint_scale:  1.0 min_steps: 55
mc:  25 R: 0.5787 rmsd(b):  0.0006 restraint_scale:  1.0 min_steps: 53
mc:  26 R: 0.5767 rmsd(b):  0.0005 restraint_scale:  1.0 min_steps: 54
mc:  27 R: 0.5741 rmsd(b):  0.0006 restraint_scale:  1.0 min_steps: 54
mc:  28 R: 0.5725 rmsd(b):  0.0004 restraint_scale:  1.0 min_steps: 52
mc:  29 R: 0.5695 rmsd(b):  0.0005 restraint_scale:  1.0 min_steps: 55
mc:  30 R: 0.5679 rmsd(b):  0.0004 restraint_scale:  1.0 min_steps: 53
mc:  31 R: 0.5659 rmsd(b):  0.0004 restraint_scale:  1.0 min_steps: 53
mc:  32 R: 0.5628 rmsd(b):  0.0004 restraint_scale:  1.0 min_steps: 53
mc:  33 R: 0.5615 rmsd(b):  0.0004 restraint_scale:  1.0 min_steps: 53
mc:  34 R: 0.5603 rmsd(b):  0.0005 restraint_scale:  1.0 min_steps: 54
mc:  35 R: 0.5592 rmsd(b):  0.0004 restraint_scale:  1.0 min_steps: 54
mc:  36 R: 0.5583 rmsd(b):  0.0004 restraint_scale:  1.0 min_steps: 54
mc:  37 R: 0.5574 rmsd(b):  0.0004 restraint_scale:  1.0 min_steps: 53
Convergence reached, stop now.
see the result structure:  ./p26/04_results/opt_cctbx/201_WG12-new/1.5/5.pdb
Time: 12.5921
