phenix.python
you are importing  adaptive calculator, and it does nothing. Please give it energy, force....... 

============================== Collecting inputs ==============================


                   ----------Processing X-ray data----------                   

F-obs:
  /scratch/m_zhen01/30995.lupus.uni-muenster.de/p26/02_mtz/246_GFA16-new.mtz:F-obs
Miller array info: None
Observation type: xray.amplitude
Type of data: double, size=210
Type of sigmas: None
Number of Miller indices: 210
Anomalous flag: False
Unit cell: (17.049, 11.973, 10.115, 90, 90, 90)
Space group: P 1 (No. 1)
Systematic absences: 0
Centric reflections: 0
Resolution range: 3.991 2.50138
Completeness in resolution range: 1
Completeness with d_max=infinity: 0.76087

Number of F-obs in resolution range:                   210
Number of F-obs<0 (these reflections will be rejected): 0
Number of F-obs=0 (these reflections will be used in refinement): 0
Refinement resolution range: d_max =   3.9910
                             d_min =   2.5014

R-free flags:
  /scratch/m_zhen01/30995.lupus.uni-muenster.de/p26/02_mtz/246_GFA16-new.mtz:R-free-flags
Miller array info: /scratch/m_zhen01/30995.lupus.uni-muenster.de/p26/02_mtz/246_GFA16-new.mtz:R-free-flags
Observation type: None
Type of data: int, size=210
Type of sigmas: None
Number of Miller indices: 210
Anomalous flag: False
Unit cell: (17.049, 11.973, 10.115, 90, 90, 90)
Space group: P 1 (No. 1)
Systematic absences: 0
Centric reflections: 0
Resolution range: 3.991 2.50138
Completeness in resolution range: 1
Completeness with d_max=infinity: 0.76087
Wavelength: 1.0000

Test (R-free flags) flag value: 1

Number of work/free reflections by resolution:
                                  work free  %free
  bin  1: 3.9910 - 3.6510 [23/23]   21    2   8.7%
  bin  2: 3.6510 - 3.4035 [21/21]   21    0   0.0%
  bin  3: 3.4035 - 3.2119 [17/17]   15    2  11.8%
  bin  4: 3.2119 - 3.0572 [28/28]   28    0   0.0%
  bin  5: 3.0572 - 2.9286 [15/15]   15    0   0.0%
  bin  6: 2.9286 - 2.8192 [27/27]   25    2   7.4%
  bin  7: 2.8192 - 2.7245 [24/24]   24    0   0.0%
  bin  8: 2.7245 - 2.6414 [12/12]   12    0   0.0%
  bin  9: 2.6414 - 2.5676 [14/14]   10    4  28.6%
  bin 10: 2.5676 - 2.5014 [29/29]   29    0   0.0%
                          overall  200   10   4.8%

                   ----------Processing PDB file(s)----------                  

  Monomer Library directory:
    "/tmp1/m_zhen01/phenix-installer-1.10.1-2155-intel-linux-2.6-x86_64-centos5/phenix-1.10.1-2155/modules/chem_data/mon_lib"
  Total number of atoms: 40
  Number of models: 1
  Model: ""
    Number of chains: 1
    Chain: "A"
      Number of atoms: 40
      Number of conformers: 1
      Conformer: ""
        Number of residues, atoms: 3, 40
          Classifications: {'peptide': 3}
          Modifications used: {'NH2NOTPRO': 1, 'COOH': 1}
          Link IDs: {'TRANS': 2}
  Time building chain proxies: 0.08, per 1000 atoms: 2.00
  Number of scatterers: 40
  At special positions: 0
  Unit cell: (17.049, 11.973, 10.115, 90, 90, 90)
  Space group: P 1 (No. 1)
  Number of sites at special positions: 0
  Number of scattering types: 4
    Type Number    sf(0)
     O       4      8.00
     N       3      7.00
     C      14      6.00
     H      19      1.00
    sf(0) = scattering factor at diffraction angle 0.

  Number of disulfides: simple=0, symmetry=0

  Automatic linking
    Parameters for automatic linking
      Linking & cutoffs
        Metal                : False - 3.50
        Amimo acid           : False - 1.90
        Carbohydrate         : True  - 1.99
        Ligands              : True  - 1.99
        Amino acid - RNA/DNA : False
      
  Number of custom bonds: simple=0, symmetry=0
  Time building additional restraints: 0.03
  Conformation dependent library (CDL) restraints added in 3.4 milliseconds
  
  Adding C-beta torsion restraints...
  Number of C-beta restraints generated:  4
  Time building geometry restraints manager: 0.03 seconds

  NOTE: a complete listing of the restraints can be obtained by requesting
        output of .geo file.

  Histogram of bond lengths:
        0.82 -     0.97: 17
        0.97 -     1.12: 2
        1.12 -     1.26: 3
        1.26 -     1.41: 8
        1.41 -     1.56: 10
  Bond restraints: 40
  Sorted by residual:
  bond pdb=" CA  GLY A   1 "
       pdb=" HA1 GLY A   1 "
    ideal  model  delta    sigma   weight residual
    0.970  0.926  0.044 2.00e-02 2.50e+03 4.74e+00
  bond pdb=" N   PHE A   2 "
       pdb=" H   PHE A   2 "
    ideal  model  delta    sigma   weight residual
    0.860  0.822  0.038 2.00e-02 2.50e+03 3.70e+00
  bond pdb=" C   PHE A   2 "
       pdb=" N   ALA A   3 "
    ideal  model  delta    sigma   weight residual
    1.329  1.303  0.026 1.40e-02 5.10e+03 3.51e+00
  bond pdb=" C   PHE A   2 "
       pdb=" CA  PHE A   2 "
    ideal  model  delta    sigma   weight residual
    1.523  1.547 -0.023 1.34e-02 5.57e+03 3.07e+00
  bond pdb=" CE2 PHE A   2 "
       pdb=" CD2 PHE A   2 "
    ideal  model  delta    sigma   weight residual
    1.382  1.432 -0.050 3.00e-02 1.11e+03 2.74e+00
  ... (remaining 35 not shown)

  Histogram of bond angle deviations from ideal:
      104.14 -   108.44: 14
      108.44 -   112.74: 15
      112.74 -   117.04: 8
      117.04 -   121.34: 19
      121.34 -   125.64: 10
  Bond angle restraints: 66
  Sorted by residual:
  angle pdb=" CG  PHE A   2 "
        pdb=" CB  PHE A   2 "
        pdb=" CA  PHE A   2 "
      ideal   model   delta    sigma   weight residual
     113.80  115.95   -2.15 1.00e+00 1.00e+00 4.61e+00
  angle pdb=" OXT ALA A   3 "
        pdb=" C   ALA A   3 "
        pdb=" CA  ALA A   3 "
      ideal   model   delta    sigma   weight residual
     118.60  124.10   -5.50 3.00e+00 1.11e-01 3.36e+00
  angle pdb=" HA  PHE A   2 "
        pdb=" CA  PHE A   2 "
        pdb=" N   PHE A   2 "
      ideal   model   delta    sigma   weight residual
     110.00  104.87    5.13 3.00e+00 1.11e-01 2.93e+00
  angle pdb=" C   GLY A   1 "
        pdb=" CA  GLY A   1 "
        pdb=" HA2 GLY A   1 "
      ideal   model   delta    sigma   weight residual
     109.00  114.03   -5.03 3.00e+00 1.11e-01 2.81e+00
  angle pdb=" HA1 GLY A   1 "
        pdb=" CA  GLY A   1 "
        pdb=" HA2 GLY A   1 "
      ideal   model   delta    sigma   weight residual
     109.00  104.14    4.86 3.00e+00 1.11e-01 2.62e+00
  ... (remaining 61 not shown)

  Histogram of dihedral angle deviations from ideal:
        0.48 -    35.80: 14
       35.80 -    71.13: 1
       71.13 -   106.45: 0
      106.45 -   141.77: 0
      141.77 -   177.10: 1
  Dihedral angle restraints: 16
    sinusoidal: 4
      harmonic: 12
  Sorted by residual:
  dihedral pdb=" O   ALA A   3 "
           pdb=" C   ALA A   3 "
           pdb=" OXT ALA A   3 "
           pdb=" HXT ALA A   3 "
      ideal   model   delta  harmonic     sigma   weight residual
       0.00 -177.10  177.10     0      3.00e+01 1.11e-03 3.48e+01
  dihedral pdb=" CA  GLY A   1 "
           pdb=" C   GLY A   1 "
           pdb=" N   PHE A   2 "
           pdb=" CA  PHE A   2 "
      ideal   model   delta  harmonic     sigma   weight residual
    -180.00 -171.87   -8.13     0      5.00e+00 4.00e-02 2.64e+00
  dihedral pdb=" OXT ALA A   3 "
           pdb=" C   ALA A   3 "
           pdb=" CA  ALA A   3 "
           pdb=" N   ALA A   3 "
      ideal   model   delta sinusoidal    sigma   weight residual
     -20.00  -62.61   42.61     2      3.00e+01 1.11e-03 2.44e+00
  ... (remaining 13 not shown)

  Histogram of chiral volume deviations from ideal:
       0.046 -    0.057: 1
       0.057 -    0.068: 0
       0.068 -    0.079: 0
       0.079 -    0.090: 0
       0.090 -    0.101: 1
  Chirality restraints: 2
  Sorted by residual:
  chirality pdb=" CA  ALA A   3 "
            pdb=" C   ALA A   3 "
            pdb=" CB  ALA A   3 "
            pdb=" N   ALA A   3 "
    both_signs  ideal   model   delta    sigma   weight residual
      False      2.48    2.38    0.10 2.00e-01 2.50e+01 2.55e-01
  chirality pdb=" CA  PHE A   2 "
            pdb=" CB  PHE A   2 "
            pdb=" C   PHE A   2 "
            pdb=" N   PHE A   2 "
    both_signs  ideal   model   delta    sigma   weight residual
      False     -2.51   -2.56    0.05 2.00e-01 2.50e+01 5.22e-02

  Planarity restraints: 6
  Sorted by residual:
                                 delta    sigma   weight rms_deltas residual
  plane pdb=" CB  PHE A   2 "    0.004 2.00e-02 2.50e+03   1.21e-02 4.39e+00
        pdb=" CG  PHE A   2 "    0.018 2.00e-02 2.50e+03
        pdb=" CD1 PHE A   2 "   -0.005 2.00e-02 2.50e+03
        pdb=" HD1 PHE A   2 "   -0.011 2.00e-02 2.50e+03
        pdb=" CE1 PHE A   2 "    0.018 2.00e-02 2.50e+03
        pdb=" HE1 PHE A   2 "   -0.018 2.00e-02 2.50e+03
        pdb=" CZ  PHE A   2 "    0.001 2.00e-02 2.50e+03
        pdb=" HZ  PHE A   2 "    0.009 2.00e-02 2.50e+03
        pdb=" CE2 PHE A   2 "    0.014 2.00e-02 2.50e+03
        pdb=" HE2 PHE A   2 "   -0.015 2.00e-02 2.50e+03
        pdb=" CD2 PHE A   2 "   -0.006 2.00e-02 2.50e+03
        pdb=" HD2 PHE A   2 "   -0.010 2.00e-02 2.50e+03
                                 delta    sigma   weight rms_deltas residual
  plane pdb=" C   PHE A   2 "    0.030 2.00e-02 2.50e+03   1.72e-02 2.95e+00
        pdb=" O   PHE A   2 "   -0.011 2.00e-02 2.50e+03
        pdb=" CA  PHE A   2 "   -0.008 2.00e-02 2.50e+03
        pdb=" N   ALA A   3 "   -0.010 2.00e-02 2.50e+03
                                 delta    sigma   weight rms_deltas residual
  plane pdb=" O   ALA A   3 "    0.011 2.00e-02 2.50e+03   1.07e-02 1.44e+00
        pdb=" C   ALA A   3 "   -0.014 2.00e-02 2.50e+03
        pdb=" OXT ALA A   3 "   -0.010 2.00e-02 2.50e+03
        pdb=" HXT ALA A   3 "    0.012 2.00e-02 2.50e+03
        pdb=" CA  ALA A   3 "    0.001 2.00e-02 2.50e+03
  ... (remaining 3 not shown)

  Histogram of nonbonded interaction distances:
        1.96 -     2.54: 25
        2.54 -     3.13: 63
        3.13 -     3.72: 73
        3.72 -     4.31: 61
        4.31 -     4.89: 96
  Nonbonded interactions: 318
  Sorted by model distance:
  nonbonded pdb=" HB1 PHE A   2 "
            pdb=" H   ALA A   3 "
     model   vdw
     1.956 2.270
  nonbonded pdb=" HA  ALA A   3 "
            pdb=" H   ALA A   3 "
     model   vdw
     2.050 1.816
  nonbonded pdb=" HA1 GLY A   1 "
            pdb=" H2  GLY A   1 "
     model   vdw
     2.062 1.816
  nonbonded pdb=" HA  PHE A   2 "
            pdb=" H   PHE A   2 "
     model   vdw
     2.072 1.816
  nonbonded pdb=" HA1 GLY A   1 "
            pdb=" H1  GLY A   1 "
     model   vdw
     2.112 1.816
  ... (remaining 313 not shown)

  NOTE: a complete listing of the restraints can be obtained by requesting
        output of .geo file.

                   ----------xray_structure summary----------                  

Number of scattering types: 4
  Type Number    sf(0)   Gaussians
   O       4      7.97       2
   N       3      6.97       2
   C      14      5.97       2
   H      19      1.00       2
  sf(0) = scattering factor at diffraction angle 0.
Number of scatterers: 40
At special positions: 0
Unit cell: (17.049, 11.973, 10.115, 90, 90, 90)
Space group: P 1 (No. 1)

End of input processing
r_work=0.5562 r_free=0.6297
params.data_weight: None
params.restraints: cctbx
rmsd(b), start:  0.0884
mc:   0 R: 0.1825 rmsd(b):  0.0830 restraint_scale:  2.0 min_steps: 49
mc:   1 R: 0.1430 rmsd(b):  0.0330 restraint_scale:  4.0 min_steps: 38
mc:   2 R: 0.1443 rmsd(b):  0.0228 restraint_scale:  4.0 min_steps: 22
mc:   3 R: 0.1262 rmsd(b):  0.0337 restraint_scale:  8.0 min_steps: 10
mc:   4 R: 0.1308 rmsd(b):  0.0301 restraint_scale: 16.0 min_steps: 9
mc:   5 R: 0.1485 rmsd(b):  0.0203 restraint_scale: 16.0 min_steps: 12
mc:   6 R: 0.1612 rmsd(b):  0.0150 restraint_scale: 16.0 min_steps: 23
mc:   7 R: 0.1387 rmsd(b):  0.0270 restraint_scale: 16.0 min_steps: 12
mc:   8 R: 0.1548 rmsd(b):  0.0169 restraint_scale: 16.0 min_steps: 15
mc:   9 R: 0.1722 rmsd(b):  0.0103 restraint_scale: 16.0 min_steps: 20
mc:  10 R: 0.1534 rmsd(b):  0.0194 restraint_scale: 16.0 min_steps: 18
mc:  11 R: 0.1612 rmsd(b):  0.0145 restraint_scale: 16.0 min_steps: 11
mc:  12 R: 0.1521 rmsd(b):  0.0207 restraint_scale: 16.0 min_steps: 7
mc:  13 R: 0.1536 rmsd(b):  0.0187 restraint_scale: 16.0 min_steps: 10
mc:  14 R: 0.1589 rmsd(b):  0.0143 restraint_scale: 16.0 min_steps: 7
mc:  15 R: 0.1546 rmsd(b):  0.0198 restraint_scale: 16.0 min_steps: 5
mc:  16 R: 0.1621 rmsd(b):  0.0138 restraint_scale: 16.0 min_steps: 13
mc:  17 R: 0.1678 rmsd(b):  0.0124 restraint_scale: 16.0 min_steps: 23
mc:  18 R: 0.1678 rmsd(b):  0.0124 restraint_scale: 16.0 min_steps: 1
Convergence reached, stop now.
see the result structure:  ./p26/04_results/refine_cctbx/246_GFA16-new/1.2/4.pdb
Time: 8.9410
