phenix.python
you are importing  adaptive calculator, and it does nothing. Please give it energy, force....... 

============================== Collecting inputs ==============================


                   ----------Processing X-ray data----------                   

F-obs:
  /scratch/m_zhen01/31011.lupus.uni-muenster.de/p26/02_mtz/225_GGF10-new.mtz:F-obs
Miller array info: None
Observation type: xray.amplitude
Type of data: double, size=207
Type of sigmas: None
Number of Miller indices: 207
Anomalous flag: False
Unit cell: (11.818, 15.78, 10.799, 90, 90, 90)
Space group: P 1 (No. 1)
Systematic absences: 0
Centric reflections: 0
Resolution range: 3.986 2.50566
Completeness in resolution range: 1
Completeness with d_max=infinity: 0.772388

Number of F-obs in resolution range:                   207
Number of F-obs<0 (these reflections will be rejected): 0
Number of F-obs=0 (these reflections will be used in refinement): 0
Refinement resolution range: d_max =   3.9860
                             d_min =   2.5057

R-free flags:
  /scratch/m_zhen01/31011.lupus.uni-muenster.de/p26/02_mtz/225_GGF10-new.mtz:R-free-flags
Miller array info: /scratch/m_zhen01/31011.lupus.uni-muenster.de/p26/02_mtz/225_GGF10-new.mtz:R-free-flags
Observation type: None
Type of data: int, size=207
Type of sigmas: None
Number of Miller indices: 207
Anomalous flag: False
Unit cell: (11.818, 15.78, 10.799, 90, 90, 90)
Space group: P 1 (No. 1)
Systematic absences: 0
Centric reflections: 0
Resolution range: 3.986 2.50566
Completeness in resolution range: 1
Completeness with d_max=infinity: 0.772388
Wavelength: 1.0000

Test (R-free flags) flag value: 1

Number of work/free reflections by resolution:
                                  work free  %free
  bin  1: 3.9860 - 3.6498 [24/24]   22    2   8.3%
  bin  2: 3.6498 - 3.4043 [23/23]   23    0   0.0%
  bin  3: 3.4043 - 3.2139 [12/12]   10    2  16.7%
  bin  4: 3.2139 - 3.0600 [29/29]   29    0   0.0%
  bin  5: 3.0600 - 2.9319 [23/23]   23    0   0.0%
  bin  6: 2.9319 - 2.8229 [12/12]    8    4  33.3%
  bin  7: 2.8229 - 2.7284 [14/14]   14    0   0.0%
  bin  8: 2.7284 - 2.6455 [33/33]   33    0   0.0%
  bin  9: 2.6455 - 2.5718 [19/19]   15    4  21.1%
  bin 10: 2.5718 - 2.5057 [18/18]   18    0   0.0%
                          overall  195   12   5.8%

                   ----------Processing PDB file(s)----------                  

  Monomer Library directory:
    "/tmp1/m_zhen01/phenix-installer-1.10.1-2155-intel-linux-2.6-x86_64-centos5/phenix-1.10.1-2155/modules/chem_data/mon_lib"
  Total number of atoms: 37
  Number of models: 1
  Model: ""
    Number of chains: 1
    Chain: "A"
      Number of atoms: 37
      Number of conformers: 1
      Conformer: ""
        Number of residues, atoms: 3, 37
          Classifications: {'peptide': 3}
          Modifications used: {'NH2NOTPRO': 1, 'COOH': 1}
          Link IDs: {'TRANS': 2}
  Time building chain proxies: 0.07, per 1000 atoms: 1.89
  Number of scatterers: 37
  At special positions: 0
  Unit cell: (11.818, 15.78, 10.799, 90, 90, 90)
  Space group: P 1 (No. 1)
  Number of sites at special positions: 0
  Number of scattering types: 4
    Type Number    sf(0)
     O       4      8.00
     N       3      7.00
     C      13      6.00
     H      17      1.00
    sf(0) = scattering factor at diffraction angle 0.

  Number of disulfides: simple=0, symmetry=0

  Automatic linking
    Parameters for automatic linking
      Linking & cutoffs
        Metal                : False - 3.50
        Amimo acid           : False - 1.90
        Carbohydrate         : True  - 1.99
        Ligands              : True  - 1.99
        Amino acid - RNA/DNA : False
      
  Number of custom bonds: simple=0, symmetry=0
  Time building additional restraints: 0.02
  Conformation dependent library (CDL) restraints added in 2.9 milliseconds
  
  Adding C-beta torsion restraints...
  Number of C-beta restraints generated:  2
  Time building geometry restraints manager: 0.03 seconds

  NOTE: a complete listing of the restraints can be obtained by requesting
        output of .geo file.

  Histogram of bond lengths:
        0.82 -     0.96: 12
        0.96 -     1.11: 5
        1.11 -     1.26: 3
        1.26 -     1.40: 7
        1.40 -     1.55: 10
  Bond restraints: 37
  Sorted by residual:
  bond pdb=" N   PHE A   3 "
       pdb=" H   PHE A   3 "
    ideal  model  delta    sigma   weight residual
    0.860  0.816  0.044 2.00e-02 2.50e+03 4.79e+00
  bond pdb=" C   GLY A   1 "
       pdb=" CA  GLY A   1 "
    ideal  model  delta    sigma   weight residual
    1.516  1.552 -0.036 1.80e-02 3.09e+03 3.93e+00
  bond pdb=" N   GLY A   2 "
       pdb=" H   GLY A   2 "
    ideal  model  delta    sigma   weight residual
    0.860  0.821  0.039 2.00e-02 2.50e+03 3.87e+00
  bond pdb=" OXT PHE A   3 "
       pdb=" HXT PHE A   3 "
    ideal  model  delta    sigma   weight residual
    0.948  0.915  0.033 2.00e-02 2.50e+03 2.76e+00
  bond pdb=" CD1 PHE A   3 "
       pdb=" HD1 PHE A   3 "
    ideal  model  delta    sigma   weight residual
    0.930  0.963 -0.033 2.00e-02 2.50e+03 2.66e+00
  ... (remaining 32 not shown)

  Histogram of bond angle deviations from ideal:
      103.90 -   108.14: 14
      108.14 -   112.38: 7
      112.38 -   116.62: 9
      116.62 -   120.86: 18
      120.86 -   125.10: 12
  Bond angle restraints: 60
  Sorted by residual:
  angle pdb=" C   GLY A   2 "
        pdb=" CA  GLY A   2 "
        pdb=" N   GLY A   2 "
      ideal   model   delta    sigma   weight residual
     113.18  106.32    6.86 2.37e+00 1.78e-01 8.38e+00
  angle pdb=" CA  PHE A   3 "
        pdb=" CB  PHE A   3 "
        pdb=" CG  PHE A   3 "
      ideal   model   delta    sigma   weight residual
     113.80  116.17   -2.37 1.00e+00 1.00e+00 5.63e+00
  angle pdb=" C   GLY A   2 "
        pdb=" CA  GLY A   2 "
        pdb=" HA2 GLY A   2 "
      ideal   model   delta    sigma   weight residual
     109.00  114.86   -5.86 3.00e+00 1.11e-01 3.82e+00
  angle pdb=" C   PHE A   3 "
        pdb=" CA  PHE A   3 "
        pdb=" N   PHE A   3 "
      ideal   model   delta    sigma   weight residual
     111.00  116.27   -5.27 2.80e+00 1.28e-01 3.55e+00
  angle pdb=" O   GLY A   2 "
        pdb=" C   GLY A   2 "
        pdb=" N   PHE A   3 "
      ideal   model   delta    sigma   weight residual
     122.70  125.10   -2.40 1.30e+00 5.92e-01 3.42e+00
  ... (remaining 55 not shown)

  Histogram of dihedral angle deviations from ideal:
        0.62 -     4.17: 11
        4.17 -     7.73: 0
        7.73 -    11.29: 1
       11.29 -    14.84: 0
       14.84 -    18.40: 1
  Dihedral angle restraints: 13
    sinusoidal: 3
      harmonic: 10
  Sorted by residual:
  dihedral pdb=" C   PHE A   3 "
           pdb=" N   PHE A   3 "
           pdb=" CA  PHE A   3 "
           pdb=" CB  PHE A   3 "
      ideal   model   delta  harmonic     sigma   weight residual
    -122.60 -125.85    3.25     0      2.50e+00 1.60e-01 1.69e+00
  dihedral pdb=" N   PHE A   3 "
           pdb=" C   PHE A   3 "
           pdb=" CA  PHE A   3 "
           pdb=" CB  PHE A   3 "
      ideal   model   delta  harmonic     sigma   weight residual
     122.80  125.32   -2.52     0      2.50e+00 1.60e-01 1.01e+00
  dihedral pdb=" OXT PHE A   3 "
           pdb=" C   PHE A   3 "
           pdb=" CA  PHE A   3 "
           pdb=" N   PHE A   3 "
      ideal   model   delta sinusoidal    sigma   weight residual
     160.00  141.60   18.40     2      3.00e+01 1.11e-03 5.31e-01
  ... (remaining 10 not shown)

  Histogram of chiral volume deviations from ideal:
       0.158 -    0.158: 1
       0.158 -    0.158: 0
       0.158 -    0.158: 0
       0.158 -    0.158: 0
       0.158 -    0.158: 0
  Chirality restraints: 1
  Sorted by residual:
  chirality pdb=" CA  PHE A   3 "
            pdb=" C   PHE A   3 "
            pdb=" N   PHE A   3 "
            pdb=" CB  PHE A   3 "
    both_signs  ideal   model   delta    sigma   weight residual
      False     -2.51   -2.35   -0.16 2.00e-01 2.50e+01 6.23e-01

  Planarity restraints: 6
  Sorted by residual:
                                 delta    sigma   weight rms_deltas residual
  plane pdb=" CB  PHE A   3 "    0.005 2.00e-02 2.50e+03   1.25e-02 4.71e+00
        pdb=" CG  PHE A   3 "   -0.011 2.00e-02 2.50e+03
        pdb=" CD2 PHE A   3 "   -0.003 2.00e-02 2.50e+03
        pdb=" HD2 PHE A   3 "   -0.010 2.00e-02 2.50e+03
        pdb=" CE2 PHE A   3 "    0.018 2.00e-02 2.50e+03
        pdb=" HE2 PHE A   3 "   -0.007 2.00e-02 2.50e+03
        pdb=" CZ  PHE A   3 "   -0.001 2.00e-02 2.50e+03
        pdb=" HZ  PHE A   3 "    0.003 2.00e-02 2.50e+03
        pdb=" CE1 PHE A   3 "   -0.001 2.00e-02 2.50e+03
        pdb=" HE1 PHE A   3 "   -0.013 2.00e-02 2.50e+03
        pdb=" CD1 PHE A   3 "    0.031 2.00e-02 2.50e+03
        pdb=" HD1 PHE A   3 "   -0.012 2.00e-02 2.50e+03
                                 delta    sigma   weight rms_deltas residual
  plane pdb=" O   PHE A   3 "   -0.005 2.00e-02 2.50e+03   5.74e-03 4.11e-01
        pdb=" C   PHE A   3 "    0.011 2.00e-02 2.50e+03
        pdb=" OXT PHE A   3 "   -0.004 2.00e-02 2.50e+03
        pdb=" HXT PHE A   3 "    0.001 2.00e-02 2.50e+03
        pdb=" CA  PHE A   3 "   -0.003 2.00e-02 2.50e+03
                                 delta    sigma   weight rms_deltas residual
  plane pdb=" C   GLY A   1 "   -0.003 2.00e-02 2.50e+03   4.84e-03 2.34e-01
        pdb=" CA  GLY A   2 "   -0.002 2.00e-02 2.50e+03
        pdb=" N   GLY A   2 "    0.008 2.00e-02 2.50e+03
        pdb=" H   GLY A   2 "   -0.004 2.00e-02 2.50e+03
  ... (remaining 3 not shown)

  Histogram of nonbonded interaction distances:
        2.10 -     2.66: 33
        2.66 -     3.22: 55
        3.22 -     3.78: 60
        3.78 -     4.34: 44
        4.34 -     4.90: 97
  Nonbonded interactions: 289
  Sorted by model distance:
  nonbonded pdb=" HA1 GLY A   2 "
            pdb=" H   PHE A   3 "
     model   vdw
     2.096 2.270
  nonbonded pdb=" O   PHE A   3 "
            pdb=" HXT PHE A   3 "
     model   vdw
     2.161 2.056
  nonbonded pdb=" H2  GLY A   1 "
            pdb=" HE2 PHE A   3 "
     model   vdw
     2.170 2.100
  nonbonded pdb=" HA1 GLY A   1 "
            pdb=" H2  GLY A   1 "
     model   vdw
     2.224 1.816
  nonbonded pdb=" HZ  PHE A   3 "
            pdb=" HE1 PHE A   3 "
     model   vdw
     2.273 1.680
  ... (remaining 284 not shown)

  NOTE: a complete listing of the restraints can be obtained by requesting
        output of .geo file.

                   ----------xray_structure summary----------                  

Number of scattering types: 4
  Type Number    sf(0)   Gaussians
   O       4      7.97       2
   N       3      6.97       2
   C      13      5.97       2
   H      17      1.00       2
  sf(0) = scattering factor at diffraction angle 0.
Number of scatterers: 37
At special positions: 0
Unit cell: (11.818, 15.78, 10.799, 90, 90, 90)
Space group: P 1 (No. 1)

End of input processing
r_work=0.5173 r_free=0.5201
params.data_weight: None
params.restraints: qm
rmsd(b), start:  0.0897
mc:   0 R: 0.3424 rmsd(b):  0.8011 restraint_scale:  2.0 min_steps: 52
mc:   1 R: 0.3355 rmsd(b):  0.7882 restraint_scale:  4.0 min_steps: 11
mc:   2 R: 0.3376 rmsd(b):  0.7880 restraint_scale:  8.0 min_steps: 5
mc:   3 R: 0.3418 rmsd(b):  0.7959 restraint_scale: 16.0 min_steps: 11
mc:   4 R: 0.3534 rmsd(b):  0.8026 restraint_scale: 32.0 min_steps: 12
mc:   5 R: 0.3525 rmsd(b):  0.8136 restraint_scale: 64.0 min_steps: 10
mc:   6 R: 0.3912 rmsd(b):  0.5239 restraint_scale: 128.0 min_steps: 57
mc:   7 R: 0.3734 rmsd(b):  0.5731 restraint_scale: 256.0 min_steps: 59
mc:   8 R: 0.3760 rmsd(b):  0.6645 restraint_scale: 512.0 min_steps: 52
mc:   9 R: 0.3732 rmsd(b):  0.6466 restraint_scale: 1024.0 min_steps: 42
mc:  10 R: 0.3730 rmsd(b):  0.6453 restraint_scale: 2048.0 min_steps: 29
mc:  11 R: 0.3730 rmsd(b):  0.6453 restraint_scale: 4096.0 min_steps: 1
Convergence reached, stop now.
see the result structure:  ./p26/04_results/refine_qm/225_GGF10-new/1.2/7.pdb
Time: 931.1746
