phenix.python
you are importing  adaptive calculator, and it does nothing. Please give it energy, force....... 

============================== Collecting inputs ==============================


                   ----------Processing X-ray data----------                   

F-obs:
  /scratch/m_zhen01/31011.lupus.uni-muenster.de/p26/02_mtz/233_GGF03-new.mtz:F-obs
Miller array info: None
Observation type: xray.amplitude
Type of data: double, size=208
Type of sigmas: None
Number of Miller indices: 208
Anomalous flag: False
Unit cell: (13.946, 11.204, 13.358, 90, 90, 90)
Space group: P 1 (No. 1)
Systematic absences: 0
Centric reflections: 0
Resolution range: 3.96694 2.50339
Completeness in resolution range: 1
Completeness with d_max=infinity: 0.742857

Number of F-obs in resolution range:                   208
Number of F-obs<0 (these reflections will be rejected): 0
Number of F-obs=0 (these reflections will be used in refinement): 0
Refinement resolution range: d_max =   3.9669
                             d_min =   2.5034

R-free flags:
  /scratch/m_zhen01/31011.lupus.uni-muenster.de/p26/02_mtz/233_GGF03-new.mtz:R-free-flags
Miller array info: /scratch/m_zhen01/31011.lupus.uni-muenster.de/p26/02_mtz/233_GGF03-new.mtz:R-free-flags
Observation type: None
Type of data: int, size=208
Type of sigmas: None
Number of Miller indices: 208
Anomalous flag: False
Unit cell: (13.946, 11.204, 13.358, 90, 90, 90)
Space group: P 1 (No. 1)
Systematic absences: 0
Centric reflections: 0
Resolution range: 3.96694 2.50339
Completeness in resolution range: 1
Completeness with d_max=infinity: 0.742857
Wavelength: 1.0000

Test (R-free flags) flag value: 1

Number of work/free reflections by resolution:
                                  work free  %free
  bin  1: 3.9669 - 3.6367 [13/13]    9    4  30.8%
  bin  2: 3.6367 - 3.3947 [25/25]   25    0   0.0%
  bin  3: 3.3947 - 3.2064 [21/21]   21    0   0.0%
  bin  4: 3.2064 - 3.0540 [28/28]   20    8  28.6%
  bin  5: 3.0540 - 2.9270 [12/12]   12    0   0.0%
  bin  6: 2.9270 - 2.8187 [18/18]   14    4  22.2%
  bin  7: 2.8187 - 2.7249 [22/22]   18    4  18.2%
  bin  8: 2.7249 - 2.6425 [33/33]   33    0   0.0%
  bin  9: 2.6425 - 2.5692 [14/14]   14    0   0.0%
  bin 10: 2.5692 - 2.5034 [22/22]   22    0   0.0%
                          overall  188   20   9.6%

                   ----------Processing PDB file(s)----------                  

  Monomer Library directory:
    "/tmp1/m_zhen01/phenix-installer-1.10.1-2155-intel-linux-2.6-x86_64-centos5/phenix-1.10.1-2155/modules/chem_data/mon_lib"
  Total number of atoms: 37
  Number of models: 1
  Model: ""
    Number of chains: 1
    Chain: "A"
      Number of atoms: 37
      Number of conformers: 1
      Conformer: ""
        Number of residues, atoms: 3, 37
          Classifications: {'peptide': 3}
          Modifications used: {'NH2NOTPRO': 1, 'COOH': 1}
          Link IDs: {'TRANS': 2}
  Time building chain proxies: 0.07, per 1000 atoms: 1.89
  Number of scatterers: 37
  At special positions: 0
  Unit cell: (13.946, 11.204, 13.358, 90, 90, 90)
  Space group: P 1 (No. 1)
  Number of sites at special positions: 0
  Number of scattering types: 4
    Type Number    sf(0)
     O       4      8.00
     N       3      7.00
     C      13      6.00
     H      17      1.00
    sf(0) = scattering factor at diffraction angle 0.

  Number of disulfides: simple=0, symmetry=0

  Automatic linking
    Parameters for automatic linking
      Linking & cutoffs
        Metal                : False - 3.50
        Amimo acid           : False - 1.90
        Carbohydrate         : True  - 1.99
        Ligands              : True  - 1.99
        Amino acid - RNA/DNA : False
      
  Number of custom bonds: simple=0, symmetry=0
  Time building additional restraints: 0.02
  Conformation dependent library (CDL) restraints added in 2.9 milliseconds
  
  Adding C-beta torsion restraints...
  Number of C-beta restraints generated:  2
  Time building geometry restraints manager: 0.03 seconds

  NOTE: a complete listing of the restraints can be obtained by requesting
        output of .geo file.

  Histogram of bond lengths:
        0.88 -     1.01: 17
        1.01 -     1.15: 0
        1.15 -     1.28: 3
        1.28 -     1.42: 9
        1.42 -     1.55: 8
  Bond restraints: 37
  Sorted by residual:
  bond pdb=" OXT PHE A   3 "
       pdb=" HXT PHE A   3 "
    ideal  model  delta    sigma   weight residual
    0.948  0.875  0.073 2.00e-02 2.50e+03 1.32e+01
  bond pdb=" CA  PHE A   3 "
       pdb=" N   PHE A   3 "
    ideal  model  delta    sigma   weight residual
    1.458  1.515 -0.057 1.90e-02 2.77e+03 8.96e+00
  bond pdb=" N   GLY A   2 "
       pdb=" H   GLY A   2 "
    ideal  model  delta    sigma   weight residual
    0.860  0.910 -0.050 2.00e-02 2.50e+03 6.37e+00
  bond pdb=" N   PHE A   3 "
       pdb=" H   PHE A   3 "
    ideal  model  delta    sigma   weight residual
    0.860  0.903 -0.043 2.00e-02 2.50e+03 4.71e+00
  bond pdb=" CB  PHE A   3 "
       pdb=" CG  PHE A   3 "
    ideal  model  delta    sigma   weight residual
    1.502  1.458  0.044 2.30e-02 1.89e+03 3.62e+00
  ... (remaining 32 not shown)

  Histogram of bond angle deviations from ideal:
      103.90 -   109.21: 12
      109.21 -   114.52: 16
      114.52 -   119.83: 15
      119.83 -   125.14: 15
      125.14 -   130.45: 2
  Bond angle restraints: 60
  Sorted by residual:
  angle pdb=" O   GLY A   2 "
        pdb=" C   GLY A   2 "
        pdb=" CA  GLY A   2 "
      ideal   model   delta    sigma   weight residual
     119.69  116.37    3.32 1.27e+00 6.20e-01 6.83e+00
  angle pdb=" CA  GLY A   2 "
        pdb=" N   GLY A   2 "
        pdb=" H   GLY A   2 "
      ideal   model   delta    sigma   weight residual
     114.00  106.36    7.64 3.00e+00 1.11e-01 6.49e+00
  angle pdb=" CA  GLY A   2 "
        pdb=" C   GLY A   2 "
        pdb=" N   PHE A   3 "
      ideal   model   delta    sigma   weight residual
     117.95  120.76   -2.81 1.34e+00 5.57e-01 4.41e+00
  angle pdb=" C   GLY A   1 "
        pdb=" N   GLY A   2 "
        pdb=" H   GLY A   2 "
      ideal   model   delta    sigma   weight residual
     124.30  130.45   -6.15 3.00e+00 1.11e-01 4.20e+00
  angle pdb=" C   GLY A   2 "
        pdb=" CA  GLY A   2 "
        pdb=" N   GLY A   2 "
      ideal   model   delta    sigma   weight residual
     114.61  117.41   -2.80 1.49e+00 4.50e-01 3.54e+00
  ... (remaining 55 not shown)

  Histogram of dihedral angle deviations from ideal:
        0.14 -     2.01: 6
        2.01 -     3.89: 3
        3.89 -     5.76: 1
        5.76 -     7.63: 1
        7.63 -     9.50: 2
  Dihedral angle restraints: 13
    sinusoidal: 3
      harmonic: 10
  Sorted by residual:
  dihedral pdb=" CA  GLY A   2 "
           pdb=" C   GLY A   2 "
           pdb=" N   PHE A   3 "
           pdb=" CA  PHE A   3 "
      ideal   model   delta  harmonic     sigma   weight residual
     180.00  170.50    9.50     0      5.00e+00 4.00e-02 3.61e+00
  dihedral pdb=" CA  GLY A   1 "
           pdb=" C   GLY A   1 "
           pdb=" N   GLY A   2 "
           pdb=" CA  GLY A   2 "
      ideal   model   delta  harmonic     sigma   weight residual
    -180.00 -176.17   -3.83     0      5.00e+00 4.00e-02 5.86e-01
  dihedral pdb=" N   PHE A   3 "
           pdb=" C   PHE A   3 "
           pdb=" CA  PHE A   3 "
           pdb=" CB  PHE A   3 "
      ideal   model   delta  harmonic     sigma   weight residual
     122.80  124.61   -1.81     0      2.50e+00 1.60e-01 5.22e-01
  ... (remaining 10 not shown)

  Histogram of chiral volume deviations from ideal:
       0.103 -    0.103: 1
       0.103 -    0.103: 0
       0.103 -    0.103: 0
       0.103 -    0.103: 0
       0.103 -    0.103: 0
  Chirality restraints: 1
  Sorted by residual:
  chirality pdb=" CA  PHE A   3 "
            pdb=" C   PHE A   3 "
            pdb=" N   PHE A   3 "
            pdb=" CB  PHE A   3 "
    both_signs  ideal   model   delta    sigma   weight residual
      False     -2.51   -2.61    0.10 2.00e-01 2.50e+01 2.64e-01

  Planarity restraints: 6
  Sorted by residual:
                                 delta    sigma   weight rms_deltas residual
  plane pdb=" O   PHE A   3 "    0.009 2.00e-02 2.50e+03   1.67e-02 3.47e+00
        pdb=" C   PHE A   3 "   -0.031 2.00e-02 2.50e+03
        pdb=" OXT PHE A   3 "   -0.003 2.00e-02 2.50e+03
        pdb=" HXT PHE A   3 "    0.012 2.00e-02 2.50e+03
        pdb=" CA  PHE A   3 "    0.014 2.00e-02 2.50e+03
                                 delta    sigma   weight rms_deltas residual
  plane pdb=" CB  PHE A   3 "   -0.007 2.00e-02 2.50e+03   1.06e-02 3.38e+00
        pdb=" CG  PHE A   3 "   -0.007 2.00e-02 2.50e+03
        pdb=" CD2 PHE A   3 "   -0.000 2.00e-02 2.50e+03
        pdb=" HD2 PHE A   3 "    0.003 2.00e-02 2.50e+03
        pdb=" CE2 PHE A   3 "   -0.011 2.00e-02 2.50e+03
        pdb=" HE2 PHE A   3 "    0.009 2.00e-02 2.50e+03
        pdb=" CZ  PHE A   3 "    0.005 2.00e-02 2.50e+03
        pdb=" HZ  PHE A   3 "    0.005 2.00e-02 2.50e+03
        pdb=" CE1 PHE A   3 "   -0.001 2.00e-02 2.50e+03
        pdb=" HE1 PHE A   3 "   -0.018 2.00e-02 2.50e+03
        pdb=" CD1 PHE A   3 "   -0.004 2.00e-02 2.50e+03
        pdb=" HD1 PHE A   3 "    0.026 2.00e-02 2.50e+03
                                 delta    sigma   weight rms_deltas residual
  plane pdb=" C   GLY A   1 "   -0.011 2.00e-02 2.50e+03   6.23e-03 3.88e-01
        pdb=" O   GLY A   1 "    0.004 2.00e-02 2.50e+03
        pdb=" CA  GLY A   1 "    0.003 2.00e-02 2.50e+03
        pdb=" N   GLY A   2 "    0.004 2.00e-02 2.50e+03
  ... (remaining 3 not shown)

  Histogram of nonbonded interaction distances:
        2.03 -     2.60: 24
        2.60 -     3.18: 54
        3.18 -     3.75: 65
        3.75 -     4.32: 70
        4.32 -     4.90: 69
  Nonbonded interactions: 282
  Sorted by model distance:
  nonbonded pdb=" HA1 GLY A   2 "
            pdb=" H   GLY A   2 "
     model   vdw
     2.029 1.816
  nonbonded pdb=" HA1 GLY A   1 "
            pdb=" H1  GLY A   1 "
     model   vdw
     2.098 1.816
  nonbonded pdb=" O   PHE A   3 "
            pdb=" HXT PHE A   3 "
     model   vdw
     2.224 2.056
  nonbonded pdb=" HD2 PHE A   3 "
            pdb=" HE2 PHE A   3 "
     model   vdw
     2.259 1.680
  nonbonded pdb=" HB1 PHE A   3 "
            pdb=" HD1 PHE A   3 "
     model   vdw
     2.320 2.270
  ... (remaining 277 not shown)

  NOTE: a complete listing of the restraints can be obtained by requesting
        output of .geo file.

                   ----------xray_structure summary----------                  

Number of scattering types: 4
  Type Number    sf(0)   Gaussians
   O       4      7.97       2
   N       3      6.97       2
   C      13      5.97       2
   H      17      1.00       2
  sf(0) = scattering factor at diffraction angle 0.
Number of scatterers: 37
At special positions: 0
Unit cell: (13.946, 11.204, 13.358, 90, 90, 90)
Space group: P 1 (No. 1)

End of input processing
r_work=0.1994 r_free=0.2149
params.data_weight: None
params.restraints: qm
rmsd(b), start:  0.0845
mc:   0 R: 0.0320 rmsd(b):  0.0260 restraint_scale:  1.0 min_steps: 34
mc:   1 R: 0.0038 rmsd(b):  0.0290 restraint_scale:  1.0 min_steps: 38
Convergence reached, stop now.
see the result structure:  ./p26/04_results/refine_qm/233_GGF03-new/0.3/6.pdb
Time: 98.2784
