phenix.python
you are importing  adaptive calculator, and it does nothing. Please give it energy, force....... 

============================== Collecting inputs ==============================


                   ----------Processing X-ray data----------                   

F-obs:
  /scratch/m_zhen01/30993.lupus.uni-muenster.de/p26/02_mtz/243_GFA13-new.mtz:F-obs
Miller array info: None
Observation type: xray.amplitude
Type of data: double, size=224
Type of sigmas: None
Number of Miller indices: 224
Anomalous flag: False
Unit cell: (12.507, 10.299, 17.393, 90, 90, 90)
Space group: P 1 (No. 1)
Systematic absences: 0
Centric reflections: 0
Resolution range: 3.97519 2.5014
Completeness in resolution range: 1
Completeness with d_max=infinity: 0.759322

Number of F-obs in resolution range:                   224
Number of F-obs<0 (these reflections will be rejected): 0
Number of F-obs=0 (these reflections will be used in refinement): 0
Refinement resolution range: d_max =   3.9752
                             d_min =   2.5014

R-free flags:
  /scratch/m_zhen01/30993.lupus.uni-muenster.de/p26/02_mtz/243_GFA13-new.mtz:R-free-flags
Miller array info: /scratch/m_zhen01/30993.lupus.uni-muenster.de/p26/02_mtz/243_GFA13-new.mtz:R-free-flags
Observation type: None
Type of data: int, size=224
Type of sigmas: None
Number of Miller indices: 224
Anomalous flag: False
Unit cell: (12.507, 10.299, 17.393, 90, 90, 90)
Space group: P 1 (No. 1)
Systematic absences: 0
Centric reflections: 0
Resolution range: 3.97519 2.5014
Completeness in resolution range: 1
Completeness with d_max=infinity: 0.759322
Wavelength: 1.0000

Test (R-free flags) flag value: 1

Number of work/free reflections by resolution:
                                  work free  %free
  bin  1: 3.9752 - 3.6411 [28/28]   28    0   0.0%
  bin  2: 3.6411 - 3.3968 [12/12]   11    1   8.3%
  bin  3: 3.3968 - 3.2072 [34/34]   34    0   0.0%
  bin  4: 3.2072 - 3.0540 [17/17]   15    2  11.8%
  bin  5: 3.0540 - 2.9263 [28/28]   28    0   0.0%
  bin  6: 2.9263 - 2.8176 [29/29]   27    2   6.9%
  bin  7: 2.8176 - 2.7235 [ 8/8 ]    8    0   0.0%
  bin  8: 2.7235 - 2.6408 [24/24]   24    0   0.0%
  bin  9: 2.6408 - 2.5673 [23/23]   23    0   0.0%
  bin 10: 2.5673 - 2.5014 [21/21]   17    4  19.0%
                          overall  215    9   4.0%

                   ----------Processing PDB file(s)----------                  

  Monomer Library directory:
    "/tmp1/m_zhen01/phenix-installer-1.10.1-2155-intel-linux-2.6-x86_64-centos5/phenix-1.10.1-2155/modules/chem_data/mon_lib"
  Total number of atoms: 40
  Number of models: 1
  Model: ""
    Number of chains: 1
    Chain: "A"
      Number of atoms: 40
      Number of conformers: 1
      Conformer: ""
        Number of residues, atoms: 3, 40
          Classifications: {'peptide': 3}
          Modifications used: {'NH2NOTPRO': 1, 'COOH': 1}
          Link IDs: {'TRANS': 2}
  Time building chain proxies: 0.09, per 1000 atoms: 2.25
  Number of scatterers: 40
  At special positions: 0
  Unit cell: (12.507, 10.299, 17.393, 90, 90, 90)
  Space group: P 1 (No. 1)
  Number of sites at special positions: 0
  Number of scattering types: 4
    Type Number    sf(0)
     O       4      8.00
     N       3      7.00
     C      14      6.00
     H      19      1.00
    sf(0) = scattering factor at diffraction angle 0.

  Number of disulfides: simple=0, symmetry=0

  Automatic linking
    Parameters for automatic linking
      Linking & cutoffs
        Metal                : False - 3.50
        Amimo acid           : False - 1.90
        Carbohydrate         : True  - 1.99
        Ligands              : True  - 1.99
        Amino acid - RNA/DNA : False
      
  Number of custom bonds: simple=0, symmetry=0
  Time building additional restraints: 0.03
  Conformation dependent library (CDL) restraints added in 3.5 milliseconds
  
  Adding C-beta torsion restraints...
  Number of C-beta restraints generated:  4
  Time building geometry restraints manager: 0.04 seconds

  NOTE: a complete listing of the restraints can be obtained by requesting
        output of .geo file.

  Histogram of bond lengths:
        0.84 -     0.98: 17
        0.98 -     1.13: 2
        1.13 -     1.27: 3
        1.27 -     1.41: 9
        1.41 -     1.56: 9
  Bond restraints: 40
  Sorted by residual:
  bond pdb=" CE1 PHE A   2 "
       pdb=" HE1 PHE A   2 "
    ideal  model  delta    sigma   weight residual
    0.930  0.976 -0.046 2.00e-02 2.50e+03 5.40e+00
  bond pdb=" CA  ALA A   3 "
       pdb=" CB  ALA A   3 "
    ideal  model  delta    sigma   weight residual
    1.521  1.450  0.071 3.30e-02 9.18e+02 4.61e+00
  bond pdb=" CE2 PHE A   2 "
       pdb=" HE2 PHE A   2 "
    ideal  model  delta    sigma   weight residual
    0.930  0.972 -0.042 2.00e-02 2.50e+03 4.42e+00
  bond pdb=" CZ  PHE A   2 "
       pdb=" HZ  PHE A   2 "
    ideal  model  delta    sigma   weight residual
    0.930  0.971 -0.041 2.00e-02 2.50e+03 4.18e+00
  bond pdb=" CA  GLY A   1 "
       pdb=" HA2 GLY A   1 "
    ideal  model  delta    sigma   weight residual
    0.970  1.009 -0.039 2.00e-02 2.50e+03 3.78e+00
  ... (remaining 35 not shown)

  Histogram of bond angle deviations from ideal:
      103.12 -   107.91: 10
      107.91 -   112.71: 22
      112.71 -   117.50: 6
      117.50 -   122.30: 22
      122.30 -   127.09: 6
  Bond angle restraints: 66
  Sorted by residual:
  angle pdb=" C   GLY A   1 "
        pdb=" N   PHE A   2 "
        pdb=" CA  PHE A   2 "
      ideal   model   delta    sigma   weight residual
     121.54  125.40   -3.86 1.91e+00 2.74e-01 4.08e+00
  angle pdb=" CA  PHE A   2 "
        pdb=" N   PHE A   2 "
        pdb=" H   PHE A   2 "
      ideal   model   delta    sigma   weight residual
     114.00  108.83    5.17 3.00e+00 1.11e-01 2.97e+00
  angle pdb=" HB2 PHE A   2 "
        pdb=" CB  PHE A   2 "
        pdb=" CG  PHE A   2 "
      ideal   model   delta    sigma   weight residual
     108.00  103.12    4.88 3.00e+00 1.11e-01 2.65e+00
  angle pdb=" CG  PHE A   2 "
        pdb=" CB  PHE A   2 "
        pdb=" CA  PHE A   2 "
      ideal   model   delta    sigma   weight residual
     113.80  115.39   -1.59 1.00e+00 1.00e+00 2.54e+00
  angle pdb=" HA1 GLY A   1 "
        pdb=" CA  GLY A   1 "
        pdb=" N   GLY A   1 "
      ideal   model   delta    sigma   weight residual
     110.00  105.67    4.33 3.00e+00 1.11e-01 2.09e+00
  ... (remaining 61 not shown)

  Histogram of dihedral angle deviations from ideal:
        0.12 -     3.38: 12
        3.38 -     6.65: 2
        6.65 -     9.91: 0
        9.91 -    13.17: 1
       13.17 -    16.43: 1
  Dihedral angle restraints: 16
    sinusoidal: 4
      harmonic: 12
  Sorted by residual:
  dihedral pdb=" CA  PHE A   2 "
           pdb=" C   PHE A   2 "
           pdb=" N   ALA A   3 "
           pdb=" CA  ALA A   3 "
      ideal   model   delta  harmonic     sigma   weight residual
     180.00  163.57   16.43     0      5.00e+00 4.00e-02 1.08e+01
  dihedral pdb=" HB3 ALA A   3 "
           pdb=" CA  ALA A   3 "
           pdb=" CB  ALA A   3 "
           pdb=" N   ALA A   3 "
      ideal   model   delta sinusoidal    sigma   weight residual
     -60.00  -71.85   11.85     3      1.50e+01 4.44e-03 8.83e-01
  dihedral pdb=" C   PHE A   2 "
           pdb=" N   PHE A   2 "
           pdb=" CA  PHE A   2 "
           pdb=" CB  PHE A   2 "
      ideal   model   delta  harmonic     sigma   weight residual
    -122.60 -120.63   -1.97     0      2.50e+00 1.60e-01 6.19e-01
  ... (remaining 13 not shown)

  Histogram of chiral volume deviations from ideal:
       0.009 -    0.023: 1
       0.023 -    0.038: 0
       0.038 -    0.052: 0
       0.052 -    0.066: 0
       0.066 -    0.080: 1
  Chirality restraints: 2
  Sorted by residual:
  chirality pdb=" CA  ALA A   3 "
            pdb=" C   ALA A   3 "
            pdb=" CB  ALA A   3 "
            pdb=" N   ALA A   3 "
    both_signs  ideal   model   delta    sigma   weight residual
      False      2.48    2.40    0.08 2.00e-01 2.50e+01 1.61e-01
  chirality pdb=" CA  PHE A   2 "
            pdb=" CB  PHE A   2 "
            pdb=" C   PHE A   2 "
            pdb=" N   PHE A   2 "
    both_signs  ideal   model   delta    sigma   weight residual
      False     -2.51   -2.52    0.01 2.00e-01 2.50e+01 2.10e-03

  Planarity restraints: 6
  Sorted by residual:
                                 delta    sigma   weight rms_deltas residual
  plane pdb=" C   GLY A   1 "    0.011 2.00e-02 2.50e+03   1.95e-02 3.79e+00
        pdb=" CA  PHE A   2 "    0.009 2.00e-02 2.50e+03
        pdb=" N   PHE A   2 "   -0.034 2.00e-02 2.50e+03
        pdb=" H   PHE A   2 "    0.014 2.00e-02 2.50e+03
                                 delta    sigma   weight rms_deltas residual
  plane pdb=" CB  PHE A   2 "   -0.015 2.00e-02 2.50e+03   1.03e-02 3.19e+00
        pdb=" CG  PHE A   2 "    0.016 2.00e-02 2.50e+03
        pdb=" CD2 PHE A   2 "    0.006 2.00e-02 2.50e+03
        pdb=" HD2 PHE A   2 "    0.001 2.00e-02 2.50e+03
        pdb=" CE2 PHE A   2 "   -0.008 2.00e-02 2.50e+03
        pdb=" HE2 PHE A   2 "    0.008 2.00e-02 2.50e+03
        pdb=" CZ  PHE A   2 "   -0.020 2.00e-02 2.50e+03
        pdb=" HZ  PHE A   2 "    0.002 2.00e-02 2.50e+03
        pdb=" CE1 PHE A   2 "   -0.006 2.00e-02 2.50e+03
        pdb=" HE1 PHE A   2 "    0.009 2.00e-02 2.50e+03
        pdb=" CD1 PHE A   2 "    0.009 2.00e-02 2.50e+03
        pdb=" HD1 PHE A   2 "   -0.002 2.00e-02 2.50e+03
                                 delta    sigma   weight rms_deltas residual
  plane pdb=" C   PHE A   2 "    0.019 2.00e-02 2.50e+03   1.12e-02 1.24e+00
        pdb=" O   PHE A   2 "   -0.007 2.00e-02 2.50e+03
        pdb=" CA  PHE A   2 "   -0.006 2.00e-02 2.50e+03
        pdb=" N   ALA A   3 "   -0.006 2.00e-02 2.50e+03
  ... (remaining 3 not shown)

  Histogram of nonbonded interaction distances:
        1.85 -     2.46: 19
        2.46 -     3.06: 58
        3.06 -     3.67: 71
        3.67 -     4.28: 75
        4.28 -     4.89: 88
  Nonbonded interactions: 311
  Sorted by model distance:
  nonbonded pdb=" O   GLY A   1 "
            pdb=" H   ALA A   3 "
     model   vdw
     1.848 1.970
  nonbonded pdb=" HA  PHE A   2 "
            pdb=" H   PHE A   2 "
     model   vdw
     2.033 1.816
  nonbonded pdb=" HA1 GLY A   1 "
            pdb=" H2  GLY A   1 "
     model   vdw
     2.112 1.816
  nonbonded pdb=" HB1 ALA A   3 "
            pdb=" HA  ALA A   3 "
     model   vdw
     2.166 1.952
  nonbonded pdb=" HB1 PHE A   2 "
            pdb=" H   ALA A   3 "
     model   vdw
     2.196 2.270
  ... (remaining 306 not shown)

  NOTE: a complete listing of the restraints can be obtained by requesting
        output of .geo file.

                   ----------xray_structure summary----------                  

Number of scattering types: 4
  Type Number    sf(0)   Gaussians
   O       4      7.97       2
   N       3      6.97       2
   C      14      5.97       2
   H      19      1.00       2
  sf(0) = scattering factor at diffraction angle 0.
Number of scatterers: 40
At special positions: 0
Unit cell: (12.507, 10.299, 17.393, 90, 90, 90)
Space group: P 1 (No. 1)

End of input processing
r_work=0.2048 r_free=0.2171
params.data_weight: 0.0
params.restraints: cctbx
rmsd(b), start:  0.0841
mc:   0 R: 0.2015 rmsd(b):  0.0014 restraint_scale:  1.0 min_steps: 53
mc:   1 R: 0.2507 rmsd(b):  0.0009 restraint_scale:  1.0 min_steps: 55
mc:   2 R: 0.2621 rmsd(b):  0.0007 restraint_scale:  1.0 min_steps: 54
mc:   3 R: 0.2721 rmsd(b):  0.0006 restraint_scale:  1.0 min_steps: 52
mc:   4 R: 0.2758 rmsd(b):  0.0006 restraint_scale:  1.0 min_steps: 53
mc:   5 R: 0.2788 rmsd(b):  0.0005 restraint_scale:  1.0 min_steps: 56
mc:   6 R: 0.2808 rmsd(b):  0.0006 restraint_scale:  1.0 min_steps: 53
mc:   7 R: 0.2918 rmsd(b):  0.0005 restraint_scale:  1.0 min_steps: 52
mc:   8 R: 0.2936 rmsd(b):  0.0005 restraint_scale:  1.0 min_steps: 53
mc:   9 R: 0.2991 rmsd(b):  0.0005 restraint_scale:  1.0 min_steps: 53
mc:  10 R: 0.2997 rmsd(b):  0.0005 restraint_scale:  1.0 min_steps: 54
Convergence reached, stop now.
see the result structure:  ./p26/04_results/opt_cctbx/243_GFA13-new/0.3/2.pdb
Time: 6.9826
