phenix.python
you are importing  adaptive calculator, and it does nothing. Please give it energy, force....... 

============================== Collecting inputs ==============================


                   ----------Processing X-ray data----------                   

F-obs:
  /scratch/m_zhen01/30993.lupus.uni-muenster.de/p26/02_mtz/243_GFA13-new.mtz:F-obs
Miller array info: None
Observation type: xray.amplitude
Type of data: double, size=224
Type of sigmas: None
Number of Miller indices: 224
Anomalous flag: False
Unit cell: (12.507, 10.299, 17.393, 90, 90, 90)
Space group: P 1 (No. 1)
Systematic absences: 0
Centric reflections: 0
Resolution range: 3.97519 2.5014
Completeness in resolution range: 1
Completeness with d_max=infinity: 0.759322

Number of F-obs in resolution range:                   224
Number of F-obs<0 (these reflections will be rejected): 0
Number of F-obs=0 (these reflections will be used in refinement): 0
Refinement resolution range: d_max =   3.9752
                             d_min =   2.5014

R-free flags:
  /scratch/m_zhen01/30993.lupus.uni-muenster.de/p26/02_mtz/243_GFA13-new.mtz:R-free-flags
Miller array info: /scratch/m_zhen01/30993.lupus.uni-muenster.de/p26/02_mtz/243_GFA13-new.mtz:R-free-flags
Observation type: None
Type of data: int, size=224
Type of sigmas: None
Number of Miller indices: 224
Anomalous flag: False
Unit cell: (12.507, 10.299, 17.393, 90, 90, 90)
Space group: P 1 (No. 1)
Systematic absences: 0
Centric reflections: 0
Resolution range: 3.97519 2.5014
Completeness in resolution range: 1
Completeness with d_max=infinity: 0.759322
Wavelength: 1.0000

Test (R-free flags) flag value: 1

Number of work/free reflections by resolution:
                                  work free  %free
  bin  1: 3.9752 - 3.6411 [28/28]   28    0   0.0%
  bin  2: 3.6411 - 3.3968 [12/12]   11    1   8.3%
  bin  3: 3.3968 - 3.2072 [34/34]   34    0   0.0%
  bin  4: 3.2072 - 3.0540 [17/17]   15    2  11.8%
  bin  5: 3.0540 - 2.9263 [28/28]   28    0   0.0%
  bin  6: 2.9263 - 2.8176 [29/29]   27    2   6.9%
  bin  7: 2.8176 - 2.7235 [ 8/8 ]    8    0   0.0%
  bin  8: 2.7235 - 2.6408 [24/24]   24    0   0.0%
  bin  9: 2.6408 - 2.5673 [23/23]   23    0   0.0%
  bin 10: 2.5673 - 2.5014 [21/21]   17    4  19.0%
                          overall  215    9   4.0%

                   ----------Processing PDB file(s)----------                  

  Monomer Library directory:
    "/tmp1/m_zhen01/phenix-installer-1.10.1-2155-intel-linux-2.6-x86_64-centos5/phenix-1.10.1-2155/modules/chem_data/mon_lib"
  Total number of atoms: 40
  Number of models: 1
  Model: ""
    Number of chains: 1
    Chain: "A"
      Number of atoms: 40
      Number of conformers: 1
      Conformer: ""
        Number of residues, atoms: 3, 40
          Classifications: {'peptide': 3}
          Modifications used: {'NH2NOTPRO': 1, 'COOH': 1}
          Link IDs: {'TRANS': 2}
  Time building chain proxies: 0.08, per 1000 atoms: 2.00
  Number of scatterers: 40
  At special positions: 0
  Unit cell: (12.507, 10.299, 17.393, 90, 90, 90)
  Space group: P 1 (No. 1)
  Number of sites at special positions: 0
  Number of scattering types: 4
    Type Number    sf(0)
     O       4      8.00
     N       3      7.00
     C      14      6.00
     H      19      1.00
    sf(0) = scattering factor at diffraction angle 0.

  Number of disulfides: simple=0, symmetry=0

  Automatic linking
    Parameters for automatic linking
      Linking & cutoffs
        Metal                : False - 3.50
        Amimo acid           : False - 1.90
        Carbohydrate         : True  - 1.99
        Ligands              : True  - 1.99
        Amino acid - RNA/DNA : False
      
  Number of custom bonds: simple=0, symmetry=0
  Time building additional restraints: 0.03
  Conformation dependent library (CDL) restraints added in 3.5 milliseconds
  
  Adding C-beta torsion restraints...
  Number of C-beta restraints generated:  4
  Time building geometry restraints manager: 0.03 seconds

  NOTE: a complete listing of the restraints can be obtained by requesting
        output of .geo file.

  Histogram of bond lengths:
        0.84 -     0.99: 16
        0.99 -     1.13: 3
        1.13 -     1.28: 3
        1.28 -     1.43: 9
        1.43 -     1.57: 9
  Bond restraints: 40
  Sorted by residual:
  bond pdb=" C   ALA A   3 "
       pdb=" CA  ALA A   3 "
    ideal  model  delta    sigma   weight residual
    1.525  1.575 -0.050 2.10e-02 2.27e+03 5.63e+00
  bond pdb=" CB  ALA A   3 "
       pdb=" HB3 ALA A   3 "
    ideal  model  delta    sigma   weight residual
    0.970  1.010 -0.040 2.00e-02 2.50e+03 3.98e+00
  bond pdb=" CA  ALA A   3 "
       pdb=" CB  ALA A   3 "
    ideal  model  delta    sigma   weight residual
    1.521  1.456  0.065 3.30e-02 9.18e+02 3.89e+00
  bond pdb=" CB  ALA A   3 "
       pdb=" HB2 ALA A   3 "
    ideal  model  delta    sigma   weight residual
    0.970  1.005 -0.035 2.00e-02 2.50e+03 3.14e+00
  bond pdb=" CE2 PHE A   2 "
       pdb=" HE2 PHE A   2 "
    ideal  model  delta    sigma   weight residual
    0.930  0.898  0.032 2.00e-02 2.50e+03 2.51e+00
  ... (remaining 35 not shown)

  Histogram of bond angle deviations from ideal:
      104.12 -   108.64: 14
      108.64 -   113.17: 17
      113.17 -   117.70: 7
      117.70 -   122.23: 22
      122.23 -   126.76: 6
  Bond angle restraints: 66
  Sorted by residual:
  angle pdb=" C   GLY A   1 "
        pdb=" N   PHE A   2 "
        pdb=" CA  PHE A   2 "
      ideal   model   delta    sigma   weight residual
     121.54  125.58   -4.04 1.91e+00 2.74e-01 4.47e+00
  angle pdb=" CA  ALA A   3 "
        pdb=" CB  ALA A   3 "
        pdb=" HB2 ALA A   3 "
      ideal   model   delta    sigma   weight residual
     109.00  114.63   -5.63 3.00e+00 1.11e-01 3.52e+00
  angle pdb=" CB  PHE A   2 "
        pdb=" CA  PHE A   2 "
        pdb=" HA  PHE A   2 "
      ideal   model   delta    sigma   weight residual
     109.00  114.30   -5.30 3.00e+00 1.11e-01 3.12e+00
  angle pdb=" O   PHE A   2 "
        pdb=" C   PHE A   2 "
        pdb=" CA  PHE A   2 "
      ideal   model   delta    sigma   weight residual
     120.51  118.05    2.46 1.43e+00 4.89e-01 2.95e+00
  angle pdb=" CA  ALA A   3 "
        pdb=" CB  ALA A   3 "
        pdb=" HB1 ALA A   3 "
      ideal   model   delta    sigma   weight residual
     109.00  104.12    4.88 3.00e+00 1.11e-01 2.65e+00
  ... (remaining 61 not shown)

  Histogram of dihedral angle deviations from ideal:
        0.03 -     3.06: 11
        3.06 -     6.08: 2
        6.08 -     9.11: 1
        9.11 -    12.13: 0
       12.13 -    15.15: 2
  Dihedral angle restraints: 16
    sinusoidal: 4
      harmonic: 12
  Sorted by residual:
  dihedral pdb=" CA  PHE A   2 "
           pdb=" C   PHE A   2 "
           pdb=" N   ALA A   3 "
           pdb=" CA  ALA A   3 "
      ideal   model   delta  harmonic     sigma   weight residual
     180.00  164.85   15.15     0      5.00e+00 4.00e-02 9.19e+00
  dihedral pdb=" C   PHE A   2 "
           pdb=" N   PHE A   2 "
           pdb=" CA  PHE A   2 "
           pdb=" CB  PHE A   2 "
      ideal   model   delta  harmonic     sigma   weight residual
    -122.60 -119.72   -2.88     0      2.50e+00 1.60e-01 1.32e+00
  dihedral pdb=" HB3 ALA A   3 "
           pdb=" CA  ALA A   3 "
           pdb=" CB  ALA A   3 "
           pdb=" N   ALA A   3 "
      ideal   model   delta sinusoidal    sigma   weight residual
     -60.00  -73.64   13.64     3      1.50e+01 4.44e-03 1.16e+00
  ... (remaining 13 not shown)

  Histogram of chiral volume deviations from ideal:
       0.079 -    0.086: 1
       0.086 -    0.092: 0
       0.092 -    0.099: 0
       0.099 -    0.105: 0
       0.105 -    0.112: 1
  Chirality restraints: 2
  Sorted by residual:
  chirality pdb=" CA  PHE A   2 "
            pdb=" CB  PHE A   2 "
            pdb=" C   PHE A   2 "
            pdb=" N   PHE A   2 "
    both_signs  ideal   model   delta    sigma   weight residual
      False     -2.51   -2.62    0.11 2.00e-01 2.50e+01 3.11e-01
  chirality pdb=" CA  ALA A   3 "
            pdb=" C   ALA A   3 "
            pdb=" CB  ALA A   3 "
            pdb=" N   ALA A   3 "
    both_signs  ideal   model   delta    sigma   weight residual
      False      2.48    2.41    0.08 2.00e-01 2.50e+01 1.56e-01

  Planarity restraints: 6
  Sorted by residual:
                                 delta    sigma   weight rms_deltas residual
  plane pdb=" C   PHE A   2 "    0.017 2.00e-02 2.50e+03   3.20e-02 1.02e+01
        pdb=" CA  ALA A   3 "    0.014 2.00e-02 2.50e+03
        pdb=" N   ALA A   3 "   -0.055 2.00e-02 2.50e+03
        pdb=" H   ALA A   3 "    0.024 2.00e-02 2.50e+03
                                 delta    sigma   weight rms_deltas residual
  plane pdb=" C   PHE A   2 "    0.050 2.00e-02 2.50e+03   2.89e-02 8.35e+00
        pdb=" O   PHE A   2 "   -0.019 2.00e-02 2.50e+03
        pdb=" CA  PHE A   2 "   -0.014 2.00e-02 2.50e+03
        pdb=" N   ALA A   3 "   -0.017 2.00e-02 2.50e+03
                                 delta    sigma   weight rms_deltas residual
  plane pdb=" CB  PHE A   2 "   -0.019 2.00e-02 2.50e+03   8.42e-03 2.13e+00
        pdb=" CG  PHE A   2 "    0.008 2.00e-02 2.50e+03
        pdb=" CD2 PHE A   2 "    0.010 2.00e-02 2.50e+03
        pdb=" HD2 PHE A   2 "    0.007 2.00e-02 2.50e+03
        pdb=" CE2 PHE A   2 "   -0.005 2.00e-02 2.50e+03
        pdb=" HE2 PHE A   2 "    0.002 2.00e-02 2.50e+03
        pdb=" CZ  PHE A   2 "   -0.011 2.00e-02 2.50e+03
        pdb=" HZ  PHE A   2 "   -0.005 2.00e-02 2.50e+03
        pdb=" CE1 PHE A   2 "    0.001 2.00e-02 2.50e+03
        pdb=" HE1 PHE A   2 "    0.005 2.00e-02 2.50e+03
        pdb=" CD1 PHE A   2 "   -0.000 2.00e-02 2.50e+03
        pdb=" HD1 PHE A   2 "    0.007 2.00e-02 2.50e+03
  ... (remaining 3 not shown)

  Histogram of nonbonded interaction distances:
        1.76 -     2.39: 12
        2.39 -     3.01: 61
        3.01 -     3.64: 71
        3.64 -     4.27: 78
        4.27 -     4.90: 92
  Nonbonded interactions: 314
  Sorted by model distance:
  nonbonded pdb=" O   GLY A   1 "
            pdb=" H   ALA A   3 "
     model   vdw
     1.759 1.970
  nonbonded pdb=" HA  PHE A   2 "
            pdb=" H   PHE A   2 "
     model   vdw
     2.026 1.816
  nonbonded pdb=" HB1 ALA A   3 "
            pdb=" HA  ALA A   3 "
     model   vdw
     2.164 1.952
  nonbonded pdb=" O   ALA A   3 "
            pdb=" HXT ALA A   3 "
     model   vdw
     2.176 2.056
  nonbonded pdb=" HE2 PHE A   2 "
            pdb=" HZ  PHE A   2 "
     model   vdw
     2.252 1.680
  ... (remaining 309 not shown)

  NOTE: a complete listing of the restraints can be obtained by requesting
        output of .geo file.

                   ----------xray_structure summary----------                  

Number of scattering types: 4
  Type Number    sf(0)   Gaussians
   O       4      7.97       2
   N       3      6.97       2
   C      14      5.97       2
   H      19      1.00       2
  sf(0) = scattering factor at diffraction angle 0.
Number of scatterers: 40
At special positions: 0
Unit cell: (12.507, 10.299, 17.393, 90, 90, 90)
Space group: P 1 (No. 1)

End of input processing
r_work=0.2144 r_free=0.2215
params.data_weight: 0.0
params.restraints: cctbx
rmsd(b), start:  0.0926
mc:   0 R: 0.2073 rmsd(b):  0.0011 restraint_scale:  1.0 min_steps: 55
mc:   1 R: 0.2551 rmsd(b):  0.0006 restraint_scale:  1.0 min_steps: 55
mc:   2 R: 0.2669 rmsd(b):  0.0005 restraint_scale:  1.0 min_steps: 54
mc:   3 R: 0.2703 rmsd(b):  0.0005 restraint_scale:  1.0 min_steps: 54
mc:   4 R: 0.2827 rmsd(b):  0.0006 restraint_scale:  1.0 min_steps: 52
mc:   5 R: 0.2815 rmsd(b):  0.0005 restraint_scale:  1.0 min_steps: 54
mc:   6 R: 0.2852 rmsd(b):  0.0005 restraint_scale:  1.0 min_steps: 53
mc:   7 R: 0.2855 rmsd(b):  0.0005 restraint_scale:  1.0 min_steps: 56
mc:   8 R: 0.2884 rmsd(b):  0.0005 restraint_scale:  1.0 min_steps: 53
mc:   9 R: 0.2888 rmsd(b):  0.0005 restraint_scale:  1.0 min_steps: 53
Convergence reached, stop now.
see the result structure:  ./p26/04_results/opt_cctbx/243_GFA13-new/0.3/4.pdb
Time: 6.7796
