phenix.python
you are importing  adaptive calculator, and it does nothing. Please give it energy, force....... 

============================== Collecting inputs ==============================


                   ----------Processing X-ray data----------                   

F-obs:
  /scratch/m_zhen01/30994.lupus.uni-muenster.de/p26/02_mtz/257_FGG215-new.mtz:F-obs
Miller array info: None
Observation type: xray.amplitude
Type of data: double, size=194
Type of sigmas: None
Number of Miller indices: 194
Anomalous flag: False
Unit cell: (13.715, 13.378, 10.195, 90, 90, 90)
Space group: P 1 (No. 1)
Systematic absences: 0
Centric reflections: 0
Resolution range: 3.98235 2.50372
Completeness in resolution range: 1
Completeness with d_max=infinity: 0.76378

Number of F-obs in resolution range:                   194
Number of F-obs<0 (these reflections will be rejected): 0
Number of F-obs=0 (these reflections will be used in refinement): 0
Refinement resolution range: d_max =   3.9824
                             d_min =   2.5037

R-free flags:
  /scratch/m_zhen01/30994.lupus.uni-muenster.de/p26/02_mtz/257_FGG215-new.mtz:R-free-flags
Miller array info: /scratch/m_zhen01/30994.lupus.uni-muenster.de/p26/02_mtz/257_FGG215-new.mtz:R-free-flags
Observation type: None
Type of data: int, size=194
Type of sigmas: None
Number of Miller indices: 194
Anomalous flag: False
Unit cell: (13.715, 13.378, 10.195, 90, 90, 90)
Space group: P 1 (No. 1)
Systematic absences: 0
Centric reflections: 0
Resolution range: 3.98235 2.50372
Completeness in resolution range: 1
Completeness with d_max=infinity: 0.76378
Wavelength: 1.0000

Test (R-free flags) flag value: 1

Number of work/free reflections by resolution:
                                  work free  %free
  bin  1: 3.9824 - 3.6466 [20/20]   20    0   0.0%
  bin  2: 3.6466 - 3.4015 [15/15]   15    0   0.0%
  bin  3: 3.4015 - 3.2112 [22/22]   22    0   0.0%
  bin  4: 3.2112 - 3.0575 [16/16]    8    8  50.0%
  bin  5: 3.0575 - 2.9295 [28/28]   28    0   0.0%
  bin  6: 2.9295 - 2.8206 [10/10]   10    0   0.0%
  bin  7: 2.8206 - 2.7263 [17/17]   17    0   0.0%
  bin  8: 2.7263 - 2.6434 [23/23]   23    0   0.0%
  bin  9: 2.6434 - 2.5698 [24/24]   24    0   0.0%
  bin 10: 2.5698 - 2.5037 [19/19]   18    1   5.3%
                          overall  185    9   4.6%

                   ----------Processing PDB file(s)----------                  

  Monomer Library directory:
    "/tmp1/m_zhen01/phenix-installer-1.10.1-2155-intel-linux-2.6-x86_64-centos5/phenix-1.10.1-2155/modules/chem_data/mon_lib"
  Total number of atoms: 37
  Number of models: 1
  Model: ""
    Number of chains: 1
    Chain: "A"
      Number of atoms: 37
      Number of conformers: 1
      Conformer: ""
        Number of residues, atoms: 3, 37
          Classifications: {'peptide': 3}
          Modifications used: {'NH2NOTPRO': 1, 'COOH': 1}
          Link IDs: {'TRANS': 2}
  Time building chain proxies: 0.07, per 1000 atoms: 1.89
  Number of scatterers: 37
  At special positions: 0
  Unit cell: (13.715, 13.378, 10.195, 90, 90, 90)
  Space group: P 1 (No. 1)
  Number of sites at special positions: 0
  Number of scattering types: 4
    Type Number    sf(0)
     O       4      8.00
     N       3      7.00
     C      13      6.00
     H      17      1.00
    sf(0) = scattering factor at diffraction angle 0.

  Number of disulfides: simple=0, symmetry=0

  Automatic linking
    Parameters for automatic linking
      Linking & cutoffs
        Metal                : False - 3.50
        Amimo acid           : False - 1.90
        Carbohydrate         : True  - 1.99
        Ligands              : True  - 1.99
        Amino acid - RNA/DNA : False
      
  Number of custom bonds: simple=0, symmetry=0
  Time building additional restraints: 0.02
  Conformation dependent library (CDL) restraints added in 2.6 milliseconds
  
  Adding C-beta torsion restraints...
  Number of C-beta restraints generated:  2
  Time building geometry restraints manager: 0.04 seconds

  NOTE: a complete listing of the restraints can be obtained by requesting
        output of .geo file.

  Histogram of bond lengths:
        0.83 -     0.97: 14
        0.97 -     1.11: 3
        1.11 -     1.26: 3
        1.26 -     1.40: 5
        1.40 -     1.54: 12
  Bond restraints: 37
  Sorted by residual:
  bond pdb=" CB  PHE A   1 "
       pdb=" HB2 PHE A   1 "
    ideal  model  delta    sigma   weight residual
    0.970  1.039 -0.069 2.00e-02 2.50e+03 1.18e+01
  bond pdb=" C   GLY A   2 "
       pdb=" O   GLY A   2 "
    ideal  model  delta    sigma   weight residual
    1.235  1.207  0.028 1.35e-02 5.49e+03 4.20e+00
  bond pdb=" CE1 PHE A   1 "
       pdb=" CZ  PHE A   1 "
    ideal  model  delta    sigma   weight residual
    1.382  1.443 -0.061 3.00e-02 1.11e+03 4.17e+00
  bond pdb=" CZ  PHE A   1 "
       pdb=" HZ  PHE A   1 "
    ideal  model  delta    sigma   weight residual
    0.930  0.967 -0.037 2.00e-02 2.50e+03 3.37e+00
  bond pdb=" CA  PHE A   1 "
       pdb=" N   PHE A   1 "
    ideal  model  delta    sigma   weight residual
    1.458  1.491 -0.033 1.90e-02 2.77e+03 2.98e+00
  ... (remaining 32 not shown)

  Histogram of bond angle deviations from ideal:
      102.21 -   106.89: 8
      106.89 -   111.58: 13
      111.58 -   116.27: 11
      116.27 -   120.96: 15
      120.96 -   125.65: 13
  Bond angle restraints: 60
  Sorted by residual:
  angle pdb=" HA  PHE A   1 "
        pdb=" CA  PHE A   1 "
        pdb=" CB  PHE A   1 "
      ideal   model   delta    sigma   weight residual
     109.00  102.91    6.09 3.00e+00 1.11e-01 4.12e+00
  angle pdb=" C   GLY A   3 "
        pdb=" CA  GLY A   3 "
        pdb=" N   GLY A   3 "
      ideal   model   delta    sigma   weight residual
     113.30  107.51    5.79 2.90e+00 1.19e-01 3.99e+00
  angle pdb=" HB2 PHE A   1 "
        pdb=" CB  PHE A   1 "
        pdb=" CG  PHE A   1 "
      ideal   model   delta    sigma   weight residual
     108.00  102.21    5.79 3.00e+00 1.11e-01 3.73e+00
  angle pdb=" HA2 GLY A   3 "
        pdb=" CA  GLY A   3 "
        pdb=" N   GLY A   3 "
      ideal   model   delta    sigma   weight residual
     110.00  104.90    5.10 3.00e+00 1.11e-01 2.89e+00
  angle pdb=" OXT GLY A   3 "
        pdb=" C   GLY A   3 "
        pdb=" CA  GLY A   3 "
      ideal   model   delta    sigma   weight residual
     118.60  123.48   -4.88 3.00e+00 1.11e-01 2.65e+00
  ... (remaining 55 not shown)

  Histogram of dihedral angle deviations from ideal:
        0.03 -    35.78: 11
       35.78 -    71.53: 1
       71.53 -   107.29: 0
      107.29 -   143.04: 0
      143.04 -   178.79: 1
  Dihedral angle restraints: 13
    sinusoidal: 3
      harmonic: 10
  Sorted by residual:
  dihedral pdb=" O   GLY A   3 "
           pdb=" C   GLY A   3 "
           pdb=" OXT GLY A   3 "
           pdb=" HXT GLY A   3 "
      ideal   model   delta  harmonic     sigma   weight residual
       0.00  178.79 -178.79     0      3.00e+01 1.11e-03 3.55e+01
  dihedral pdb=" OXT GLY A   3 "
           pdb=" C   GLY A   3 "
           pdb=" CA  GLY A   3 "
           pdb=" N   GLY A   3 "
      ideal   model   delta sinusoidal    sigma   weight residual
     160.00   90.34   69.66     2      3.00e+01 1.11e-03 4.69e+00
  dihedral pdb=" CA  PHE A   1 "
           pdb=" C   PHE A   1 "
           pdb=" N   GLY A   2 "
           pdb=" CA  GLY A   2 "
      ideal   model   delta  harmonic     sigma   weight residual
     180.00  171.60    8.40     0      5.00e+00 4.00e-02 2.83e+00
  ... (remaining 10 not shown)

  Histogram of chiral volume deviations from ideal:
       0.044 -    0.044: 1
       0.044 -    0.044: 0
       0.044 -    0.044: 0
       0.044 -    0.044: 0
       0.044 -    0.044: 0
  Chirality restraints: 1
  Sorted by residual:
  chirality pdb=" CA  PHE A   1 "
            pdb=" C   PHE A   1 "
            pdb=" N   PHE A   1 "
            pdb=" CB  PHE A   1 "
    both_signs  ideal   model   delta    sigma   weight residual
      False     -2.51   -2.55    0.04 2.00e-01 2.50e+01 4.94e-02

  Planarity restraints: 6
  Sorted by residual:
                                 delta    sigma   weight rms_deltas residual
  plane pdb=" C   PHE A   1 "   -0.044 2.00e-02 2.50e+03   2.55e-02 6.51e+00
        pdb=" O   PHE A   1 "    0.017 2.00e-02 2.50e+03
        pdb=" CA  PHE A   1 "    0.013 2.00e-02 2.50e+03
        pdb=" N   GLY A   2 "    0.015 2.00e-02 2.50e+03
                                 delta    sigma   weight rms_deltas residual
  plane pdb=" O   GLY A   3 "   -0.009 2.00e-02 2.50e+03   2.21e-02 6.12e+00
        pdb=" C   GLY A   3 "    0.038 2.00e-02 2.50e+03
        pdb=" OXT GLY A   3 "   -0.025 2.00e-02 2.50e+03
        pdb=" HXT GLY A   3 "    0.010 2.00e-02 2.50e+03
        pdb=" CA  GLY A   3 "   -0.014 2.00e-02 2.50e+03
                                 delta    sigma   weight rms_deltas residual
  plane pdb=" CB  PHE A   1 "   -0.017 2.00e-02 2.50e+03   1.35e-02 5.49e+00
        pdb=" CG  PHE A   1 "    0.011 2.00e-02 2.50e+03
        pdb=" CD1 PHE A   1 "   -0.020 2.00e-02 2.50e+03
        pdb=" HD1 PHE A   1 "    0.021 2.00e-02 2.50e+03
        pdb=" CE1 PHE A   1 "    0.011 2.00e-02 2.50e+03
        pdb=" HE1 PHE A   1 "   -0.012 2.00e-02 2.50e+03
        pdb=" CZ  PHE A   1 "   -0.000 2.00e-02 2.50e+03
        pdb=" HZ  PHE A   1 "    0.004 2.00e-02 2.50e+03
        pdb=" CE2 PHE A   1 "   -0.019 2.00e-02 2.50e+03
        pdb=" HE2 PHE A   1 "    0.002 2.00e-02 2.50e+03
        pdb=" CD2 PHE A   1 "    0.018 2.00e-02 2.50e+03
        pdb=" HD2 PHE A   1 "    0.001 2.00e-02 2.50e+03
  ... (remaining 3 not shown)

  Histogram of nonbonded interaction distances:
        1.99 -     2.57: 27
        2.57 -     3.15: 46
        3.15 -     3.72: 55
        3.72 -     4.30: 45
        4.30 -     4.88: 66
  Nonbonded interactions: 239
  Sorted by model distance:
  nonbonded pdb=" H1  PHE A   1 "
            pdb=" H   GLY A   2 "
     model   vdw
     1.990 2.100
  nonbonded pdb=" HA2 GLY A   3 "
            pdb=" H   GLY A   3 "
     model   vdw
     2.102 1.816
  nonbonded pdb=" H2  PHE A   1 "
            pdb=" HD1 PHE A   1 "
     model   vdw
     2.222 2.100
  nonbonded pdb=" HA  PHE A   1 "
            pdb=" HB2 PHE A   1 "
     model   vdw
     2.245 1.952
  nonbonded pdb=" HZ  PHE A   1 "
            pdb=" HE2 PHE A   1 "
     model   vdw
     2.256 1.680
  ... (remaining 234 not shown)

  NOTE: a complete listing of the restraints can be obtained by requesting
        output of .geo file.

                   ----------xray_structure summary----------                  

Number of scattering types: 4
  Type Number    sf(0)   Gaussians
   O       4      7.97       2
   N       3      6.97       2
   C      13      5.97       2
   H      17      1.00       2
  sf(0) = scattering factor at diffraction angle 0.
Number of scatterers: 37
At special positions: 0
Unit cell: (13.715, 13.378, 10.195, 90, 90, 90)
Space group: P 1 (No. 1)

End of input processing
r_work=0.4628 r_free=0.3286
params.data_weight: 0.0
params.restraints: qm
rmsd(b), start:  0.0864
mc:   0 R: 0.4381 rmsd(b):  0.0283 restraint_scale:  1.0 min_steps: 53
mc:   1 R: 0.4355 rmsd(b):  0.0270 restraint_scale:  1.0 min_steps: 54
mc:   2 R: 0.4354 rmsd(b):  0.0269 restraint_scale:  1.0 min_steps: 8
Convergence reached, stop now.
see the result structure:  ./p26/04_results/opt_qm/257_FGG215-new/0.9/1.pdb
Time: 115.1585
