phenix.python
you are importing  adaptive calculator, and it does nothing. Please give it energy, force....... 

============================== Collecting inputs ==============================


                   ----------Processing X-ray data----------                   

F-obs:
  /scratch/m_zhen01/30994.lupus.uni-muenster.de/p26/02_mtz/240_GFA11-new.mtz:F-obs
Miller array info: None
Observation type: xray.amplitude
Type of data: double, size=256
Type of sigmas: None
Number of Miller indices: 256
Anomalous flag: False
Unit cell: (16.574, 13.229, 10.986, 90, 90, 90)
Space group: P 1 (No. 1)
Systematic absences: 0
Centric reflections: 0
Resolution range: 3.97299 2.50733
Completeness in resolution range: 1
Completeness with d_max=infinity: 0.773414

Number of F-obs in resolution range:                   256
Number of F-obs<0 (these reflections will be rejected): 0
Number of F-obs=0 (these reflections will be used in refinement): 0
Refinement resolution range: d_max =   3.9730
                             d_min =   2.5073

R-free flags:
  /scratch/m_zhen01/30994.lupus.uni-muenster.de/p26/02_mtz/240_GFA11-new.mtz:R-free-flags
Miller array info: /scratch/m_zhen01/30994.lupus.uni-muenster.de/p26/02_mtz/240_GFA11-new.mtz:R-free-flags
Observation type: None
Type of data: int, size=256
Type of sigmas: None
Number of Miller indices: 256
Anomalous flag: False
Unit cell: (16.574, 13.229, 10.986, 90, 90, 90)
Space group: P 1 (No. 1)
Systematic absences: 0
Centric reflections: 0
Resolution range: 3.97299 2.50733
Completeness in resolution range: 1
Completeness with d_max=infinity: 0.773414
Wavelength: 1.0000

Test (R-free flags) flag value: 1

Number of work/free reflections by resolution:
                                  work free  %free
  bin  1: 3.9730 - 3.6423 [33/33]   25    8  24.2%
  bin  2: 3.6423 - 3.3999 [14/14]   14    0   0.0%
  bin  3: 3.3999 - 3.2114 [30/30]   30    0   0.0%
  bin  4: 3.2114 - 3.0588 [28/28]   24    4  14.3%
  bin  5: 3.0588 - 2.9315 [22/22]   22    0   0.0%
  bin  6: 2.9315 - 2.8232 [18/18]   18    0   0.0%
  bin  7: 2.8232 - 2.7292 [26/26]   24    2   7.7%
  bin  8: 2.7292 - 2.6466 [26/26]   26    0   0.0%
  bin  9: 2.6466 - 2.5732 [23/23]   23    0   0.0%
  bin 10: 2.5732 - 2.5073 [36/36]   34    2   5.6%
                          overall  240   16   6.2%

                   ----------Processing PDB file(s)----------                  

  Monomer Library directory:
    "/tmp1/m_zhen01/phenix-installer-1.10.1-2155-intel-linux-2.6-x86_64-centos5/phenix-1.10.1-2155/modules/chem_data/mon_lib"
  Total number of atoms: 40
  Number of models: 1
  Model: ""
    Number of chains: 1
    Chain: "A"
      Number of atoms: 40
      Number of conformers: 1
      Conformer: ""
        Number of residues, atoms: 3, 40
          Classifications: {'peptide': 3}
          Modifications used: {'NH2NOTPRO': 1, 'COOH': 1}
          Link IDs: {'TRANS': 2}
  Time building chain proxies: 0.08, per 1000 atoms: 2.00
  Number of scatterers: 40
  At special positions: 0
  Unit cell: (16.574, 13.229, 10.986, 90, 90, 90)
  Space group: P 1 (No. 1)
  Number of sites at special positions: 0
  Number of scattering types: 4
    Type Number    sf(0)
     O       4      8.00
     N       3      7.00
     C      14      6.00
     H      19      1.00
    sf(0) = scattering factor at diffraction angle 0.

  Number of disulfides: simple=0, symmetry=0

  Automatic linking
    Parameters for automatic linking
      Linking & cutoffs
        Metal                : False - 3.50
        Amimo acid           : False - 1.90
        Carbohydrate         : True  - 1.99
        Ligands              : True  - 1.99
        Amino acid - RNA/DNA : False
      
  Number of custom bonds: simple=0, symmetry=0
  Time building additional restraints: 0.03
  Conformation dependent library (CDL) restraints added in 4.0 milliseconds
  
  Adding C-beta torsion restraints...
  Number of C-beta restraints generated:  4
  Time building geometry restraints manager: 0.04 seconds

  NOTE: a complete listing of the restraints can be obtained by requesting
        output of .geo file.

  Histogram of bond lengths:
        0.84 -     0.98: 15
        0.98 -     1.12: 4
        1.12 -     1.26: 3
        1.26 -     1.40: 8
        1.40 -     1.54: 10
  Bond restraints: 40
  Sorted by residual:
  bond pdb=" OXT ALA A   3 "
       pdb=" HXT ALA A   3 "
    ideal  model  delta    sigma   weight residual
    0.948  1.025 -0.077 2.00e-02 2.50e+03 1.47e+01
  bond pdb=" CB  PHE A   2 "
       pdb=" CA  PHE A   2 "
    ideal  model  delta    sigma   weight residual
    1.530  1.482  0.049 1.69e-02 3.50e+03 8.28e+00
  bond pdb=" CA  ALA A   3 "
       pdb=" N   ALA A   3 "
    ideal  model  delta    sigma   weight residual
    1.458  1.416  0.042 1.90e-02 2.77e+03 4.90e+00
  bond pdb=" CA  PHE A   2 "
       pdb=" N   PHE A   2 "
    ideal  model  delta    sigma   weight residual
    1.457  1.432  0.025 1.29e-02 6.01e+03 3.85e+00
  bond pdb=" CB  ALA A   3 "
       pdb=" HB3 ALA A   3 "
    ideal  model  delta    sigma   weight residual
    0.970  0.934  0.036 2.00e-02 2.50e+03 3.30e+00
  ... (remaining 35 not shown)

  Histogram of bond angle deviations from ideal:
      104.68 -   108.70: 11
      108.70 -   112.72: 19
      112.72 -   116.74: 7
      116.74 -   120.76: 17
      120.76 -   124.78: 12
  Bond angle restraints: 66
  Sorted by residual:
  angle pdb=" CG  PHE A   2 "
        pdb=" CB  PHE A   2 "
        pdb=" CA  PHE A   2 "
      ideal   model   delta    sigma   weight residual
     113.80  111.92    1.88 1.00e+00 1.00e+00 3.52e+00
  angle pdb=" C   PHE A   2 "
        pdb=" N   ALA A   3 "
        pdb=" CA  ALA A   3 "
      ideal   model   delta    sigma   weight residual
     121.70  124.66   -2.96 1.80e+00 3.09e-01 2.71e+00
  angle pdb=" CB  PHE A   2 "
        pdb=" CA  PHE A   2 "
        pdb=" HA  PHE A   2 "
      ideal   model   delta    sigma   weight residual
     109.00  105.07    3.93 3.00e+00 1.11e-01 1.72e+00
  angle pdb=" C   ALA A   3 "
        pdb=" CA  ALA A   3 "
        pdb=" HA  ALA A   3 "
      ideal   model   delta    sigma   weight residual
     109.00  105.18    3.82 3.00e+00 1.11e-01 1.62e+00
  angle pdb=" C   GLY A   1 "
        pdb=" CA  GLY A   1 "
        pdb=" HA2 GLY A   1 "
      ideal   model   delta    sigma   weight residual
     109.00  105.27    3.73 3.00e+00 1.11e-01 1.55e+00
  ... (remaining 61 not shown)

  Histogram of dihedral angle deviations from ideal:
        0.09 -    36.05: 15
       36.05 -    72.01: 0
       72.01 -   107.97: 0
      107.97 -   143.93: 0
      143.93 -   179.89: 1
  Dihedral angle restraints: 16
    sinusoidal: 4
      harmonic: 12
  Sorted by residual:
  dihedral pdb=" O   ALA A   3 "
           pdb=" C   ALA A   3 "
           pdb=" OXT ALA A   3 "
           pdb=" HXT ALA A   3 "
      ideal   model   delta  harmonic     sigma   weight residual
       0.00 -179.89  179.89     0      3.00e+01 1.11e-03 3.60e+01
  dihedral pdb=" CA  GLY A   1 "
           pdb=" C   GLY A   1 "
           pdb=" N   PHE A   2 "
           pdb=" CA  PHE A   2 "
      ideal   model   delta  harmonic     sigma   weight residual
    -180.00 -175.66   -4.34     0      5.00e+00 4.00e-02 7.53e-01
  dihedral pdb=" CA  PHE A   2 "
           pdb=" C   PHE A   2 "
           pdb=" N   ALA A   3 "
           pdb=" CA  ALA A   3 "
      ideal   model   delta  harmonic     sigma   weight residual
    -180.00 -175.68   -4.32     0      5.00e+00 4.00e-02 7.47e-01
  ... (remaining 13 not shown)

  Histogram of chiral volume deviations from ideal:
       0.089 -    0.097: 1
       0.097 -    0.105: 0
       0.105 -    0.112: 0
       0.112 -    0.120: 0
       0.120 -    0.128: 1
  Chirality restraints: 2
  Sorted by residual:
  chirality pdb=" CA  PHE A   2 "
            pdb=" CB  PHE A   2 "
            pdb=" C   PHE A   2 "
            pdb=" N   PHE A   2 "
    both_signs  ideal   model   delta    sigma   weight residual
      False     -2.51   -2.38   -0.13 2.00e-01 2.50e+01 4.06e-01
  chirality pdb=" CA  ALA A   3 "
            pdb=" C   ALA A   3 "
            pdb=" CB  ALA A   3 "
            pdb=" N   ALA A   3 "
    both_signs  ideal   model   delta    sigma   weight residual
      False      2.48    2.40    0.09 2.00e-01 2.50e+01 2.00e-01

  Planarity restraints: 6
  Sorted by residual:
                                 delta    sigma   weight rms_deltas residual
  plane pdb=" CB  PHE A   2 "    0.011 2.00e-02 2.50e+03   1.50e-02 6.76e+00
        pdb=" CG  PHE A   2 "   -0.006 2.00e-02 2.50e+03
        pdb=" CD2 PHE A   2 "    0.005 2.00e-02 2.50e+03
        pdb=" HD2 PHE A   2 "   -0.022 2.00e-02 2.50e+03
        pdb=" CE2 PHE A   2 "    0.006 2.00e-02 2.50e+03
        pdb=" HE2 PHE A   2 "    0.009 2.00e-02 2.50e+03
        pdb=" CZ  PHE A   2 "    0.028 2.00e-02 2.50e+03
        pdb=" HZ  PHE A   2 "   -0.015 2.00e-02 2.50e+03
        pdb=" CE1 PHE A   2 "   -0.029 2.00e-02 2.50e+03
        pdb=" HE1 PHE A   2 "    0.006 2.00e-02 2.50e+03
        pdb=" CD1 PHE A   2 "    0.002 2.00e-02 2.50e+03
        pdb=" HD1 PHE A   2 "    0.003 2.00e-02 2.50e+03
                                 delta    sigma   weight rms_deltas residual
  plane pdb=" O   ALA A   3 "    0.002 2.00e-02 2.50e+03   2.03e-02 5.13e+00
        pdb=" C   ALA A   3 "   -0.028 2.00e-02 2.50e+03
        pdb=" OXT ALA A   3 "    0.029 2.00e-02 2.50e+03
        pdb=" HXT ALA A   3 "   -0.016 2.00e-02 2.50e+03
        pdb=" CA  ALA A   3 "    0.013 2.00e-02 2.50e+03
                                 delta    sigma   weight rms_deltas residual
  plane pdb=" C   GLY A   1 "    0.016 2.00e-02 2.50e+03   9.30e-03 8.65e-01
        pdb=" O   GLY A   1 "   -0.006 2.00e-02 2.50e+03
        pdb=" CA  GLY A   1 "   -0.005 2.00e-02 2.50e+03
        pdb=" N   PHE A   2 "   -0.005 2.00e-02 2.50e+03
  ... (remaining 3 not shown)

  Histogram of nonbonded interaction distances:
        1.74 -     2.37: 16
        2.37 -     3.00: 61
        3.00 -     3.63: 68
        3.63 -     4.27: 77
        4.27 -     4.90: 99
  Nonbonded interactions: 321
  Sorted by model distance:
  nonbonded pdb=" H   PHE A   2 "
            pdb=" H   ALA A   3 "
     model   vdw
     1.736 2.100
  nonbonded pdb=" HXT ALA A   3 "
            pdb=" HB1 ALA A   3 "
     model   vdw
     2.099 2.270
  nonbonded pdb=" HA2 GLY A   1 "
            pdb=" H1  GLY A   1 "
     model   vdw
     2.121 1.816
  nonbonded pdb=" O   GLY A   1 "
            pdb=" HB2 PHE A   2 "
     model   vdw
     2.218 2.740
  nonbonded pdb=" HE2 PHE A   2 "
            pdb=" HZ  PHE A   2 "
     model   vdw
     2.250 1.680
  ... (remaining 316 not shown)

  NOTE: a complete listing of the restraints can be obtained by requesting
        output of .geo file.

                   ----------xray_structure summary----------                  

Number of scattering types: 4
  Type Number    sf(0)   Gaussians
   O       4      7.97       2
   N       3      6.97       2
   C      14      5.97       2
   H      19      1.00       2
  sf(0) = scattering factor at diffraction angle 0.
Number of scatterers: 40
At special positions: 0
Unit cell: (16.574, 13.229, 10.986, 90, 90, 90)
Space group: P 1 (No. 1)

End of input processing
r_work=0.6077 r_free=0.5097
params.data_weight: 0.0
params.restraints: qm
rmsd(b), start:  0.0913
mc:   0 R: 0.5783 rmsd(b):  0.0292 restraint_scale:  1.0 min_steps: 52
mc:   1 R: 0.5609 rmsd(b):  0.0286 restraint_scale:  1.0 min_steps: 52
mc:   2 R: 0.5609 rmsd(b):  0.0286 restraint_scale:  1.0 min_steps: 1
Convergence reached, stop now.
see the result structure:  ./p26/04_results/opt_qm/240_GFA11-new/1.2/9.pdb
Time: 106.7313
