phenix.python
you are importing  adaptive calculator, and it does nothing. Please give it energy, force....... 

============================== Collecting inputs ==============================


                   ----------Processing X-ray data----------                   

F-obs:
  /scratch/m_zhen01/30995.lupus.uni-muenster.de/p26/02_mtz/244_GFA12-new.mtz:F-obs
Miller array info: None
Observation type: xray.amplitude
Type of data: double, size=245
Type of sigmas: None
Number of Miller indices: 245
Anomalous flag: False
Unit cell: (17.316, 12.287, 11.138, 90, 90, 90)
Space group: P 1 (No. 1)
Systematic absences: 0
Centric reflections: 0
Resolution range: 3.9857 2.50516
Completeness in resolution range: 1
Completeness with d_max=infinity: 0.76087

Number of F-obs in resolution range:                   245
Number of F-obs<0 (these reflections will be rejected): 0
Number of F-obs=0 (these reflections will be used in refinement): 0
Refinement resolution range: d_max =   3.9857
                             d_min =   2.5052

R-free flags:
  /scratch/m_zhen01/30995.lupus.uni-muenster.de/p26/02_mtz/244_GFA12-new.mtz:R-free-flags
Miller array info: /scratch/m_zhen01/30995.lupus.uni-muenster.de/p26/02_mtz/244_GFA12-new.mtz:R-free-flags
Observation type: None
Type of data: int, size=245
Type of sigmas: None
Number of Miller indices: 245
Anomalous flag: False
Unit cell: (17.316, 12.287, 11.138, 90, 90, 90)
Space group: P 1 (No. 1)
Systematic absences: 0
Centric reflections: 0
Resolution range: 3.9857 2.50516
Completeness in resolution range: 1
Completeness with d_max=infinity: 0.76087
Wavelength: 1.0000

Test (R-free flags) flag value: 1

Number of work/free reflections by resolution:
                                  work free  %free
  bin  1: 3.9857 - 3.6494 [27/27]   23    4  14.8%
  bin  2: 3.6494 - 3.4039 [19/19]   17    2  10.5%
  bin  3: 3.4039 - 3.2134 [28/28]   28    0   0.0%
  bin  4: 3.2134 - 3.0595 [21/21]   19    2   9.5%
  bin  5: 3.0595 - 2.9314 [22/22]   22    0   0.0%
  bin  6: 2.9314 - 2.8223 [23/23]   19    4  17.4%
  bin  7: 2.8223 - 2.7279 [23/23]   23    0   0.0%
  bin  8: 2.7279 - 2.6450 [28/28]   28    0   0.0%
  bin  9: 2.6450 - 2.5713 [24/24]   24    0   0.0%
  bin 10: 2.5713 - 2.5052 [30/30]   28    2   6.7%
                          overall  231   14   5.7%

                   ----------Processing PDB file(s)----------                  

  Monomer Library directory:
    "/tmp1/m_zhen01/phenix-installer-1.10.1-2155-intel-linux-2.6-x86_64-centos5/phenix-1.10.1-2155/modules/chem_data/mon_lib"
  Total number of atoms: 40
  Number of models: 1
  Model: ""
    Number of chains: 1
    Chain: "A"
      Number of atoms: 40
      Number of conformers: 1
      Conformer: ""
        Number of residues, atoms: 3, 40
          Classifications: {'peptide': 3}
          Modifications used: {'NH2NOTPRO': 1, 'COOH': 1}
          Link IDs: {'TRANS': 2}
  Time building chain proxies: 0.09, per 1000 atoms: 2.25
  Number of scatterers: 40
  At special positions: 0
  Unit cell: (17.316, 12.287, 11.138, 90, 90, 90)
  Space group: P 1 (No. 1)
  Number of sites at special positions: 0
  Number of scattering types: 4
    Type Number    sf(0)
     O       4      8.00
     N       3      7.00
     C      14      6.00
     H      19      1.00
    sf(0) = scattering factor at diffraction angle 0.

  Number of disulfides: simple=0, symmetry=0

  Automatic linking
    Parameters for automatic linking
      Linking & cutoffs
        Metal                : False - 3.50
        Amimo acid           : False - 1.90
        Carbohydrate         : True  - 1.99
        Ligands              : True  - 1.99
        Amino acid - RNA/DNA : False
      
  Number of custom bonds: simple=0, symmetry=0
  Time building additional restraints: 0.03
  Conformation dependent library (CDL) restraints added in 3.4 milliseconds
  
  Adding C-beta torsion restraints...
  Number of C-beta restraints generated:  4
  Time building geometry restraints manager: 0.03 seconds

  NOTE: a complete listing of the restraints can be obtained by requesting
        output of .geo file.

  Histogram of bond lengths:
        0.80 -     0.95: 11
        0.95 -     1.10: 8
        1.10 -     1.26: 3
        1.26 -     1.41: 8
        1.41 -     1.56: 10
  Bond restraints: 40
  Sorted by residual:
  bond pdb=" N   PHE A   2 "
       pdb=" H   PHE A   2 "
    ideal  model  delta    sigma   weight residual
    0.860  0.799  0.061 2.00e-02 2.50e+03 9.22e+00
  bond pdb=" CB  PHE A   2 "
       pdb=" CG  PHE A   2 "
    ideal  model  delta    sigma   weight residual
    1.502  1.552 -0.050 2.30e-02 1.89e+03 4.63e+00
  bond pdb=" CZ  PHE A   2 "
       pdb=" HZ  PHE A   2 "
    ideal  model  delta    sigma   weight residual
    0.930  0.966 -0.036 2.00e-02 2.50e+03 3.26e+00
  bond pdb=" CB  ALA A   3 "
       pdb=" HB3 ALA A   3 "
    ideal  model  delta    sigma   weight residual
    0.970  0.935  0.035 2.00e-02 2.50e+03 3.10e+00
  bond pdb=" CB  PHE A   2 "
       pdb=" CA  PHE A   2 "
    ideal  model  delta    sigma   weight residual
    1.530  1.560 -0.030 1.69e-02 3.50e+03 3.05e+00
  ... (remaining 35 not shown)

  Histogram of bond angle deviations from ideal:
      104.73 -   109.57: 18
      109.57 -   114.42: 17
      114.42 -   119.26: 9
      119.26 -   124.10: 20
      124.10 -   128.94: 2
  Bond angle restraints: 66
  Sorted by residual:
  angle pdb=" O   GLY A   1 "
        pdb=" C   GLY A   1 "
        pdb=" CA  GLY A   1 "
      ideal   model   delta    sigma   weight residual
     120.80  115.74    5.06 2.10e+00 2.27e-01 5.80e+00
  angle pdb=" CA  GLY A   1 "
        pdb=" C   GLY A   1 "
        pdb=" N   PHE A   2 "
      ideal   model   delta    sigma   weight residual
     116.20  120.48   -4.28 2.00e+00 2.50e-01 4.57e+00
  angle pdb=" CA  PHE A   2 "
        pdb=" N   PHE A   2 "
        pdb=" H   PHE A   2 "
      ideal   model   delta    sigma   weight residual
     114.00  107.59    6.41 3.00e+00 1.11e-01 4.57e+00
  angle pdb=" OXT ALA A   3 "
        pdb=" C   ALA A   3 "
        pdb=" CA  ALA A   3 "
      ideal   model   delta    sigma   weight residual
     118.60  124.77   -6.17 3.00e+00 1.11e-01 4.23e+00
  angle pdb=" O   ALA A   3 "
        pdb=" C   ALA A   3 "
        pdb=" CA  ALA A   3 "
      ideal   model   delta    sigma   weight residual
     118.60  113.00    5.60 3.00e+00 1.11e-01 3.49e+00
  ... (remaining 61 not shown)

  Histogram of dihedral angle deviations from ideal:
        0.00 -    35.53: 14
       35.53 -    71.07: 1
       71.07 -   106.60: 0
      106.60 -   142.13: 0
      142.13 -   177.67: 1
  Dihedral angle restraints: 16
    sinusoidal: 4
      harmonic: 12
  Sorted by residual:
  dihedral pdb=" O   ALA A   3 "
           pdb=" C   ALA A   3 "
           pdb=" OXT ALA A   3 "
           pdb=" HXT ALA A   3 "
      ideal   model   delta  harmonic     sigma   weight residual
       0.00  177.67 -177.67     0      3.00e+01 1.11e-03 3.51e+01
  dihedral pdb=" CA  GLY A   1 "
           pdb=" C   GLY A   1 "
           pdb=" N   PHE A   2 "
           pdb=" CA  PHE A   2 "
      ideal   model   delta  harmonic     sigma   weight residual
     180.00  169.96   10.04     0      5.00e+00 4.00e-02 4.03e+00
  dihedral pdb=" OXT ALA A   3 "
           pdb=" C   ALA A   3 "
           pdb=" CA  ALA A   3 "
           pdb=" N   ALA A   3 "
      ideal   model   delta sinusoidal    sigma   weight residual
     160.00  113.96   46.04     2      3.00e+01 1.11e-03 2.76e+00
  ... (remaining 13 not shown)

  Histogram of chiral volume deviations from ideal:
       0.118 -    0.123: 1
       0.123 -    0.128: 0
       0.128 -    0.133: 0
       0.133 -    0.137: 0
       0.137 -    0.142: 1
  Chirality restraints: 2
  Sorted by residual:
  chirality pdb=" CA  PHE A   2 "
            pdb=" CB  PHE A   2 "
            pdb=" C   PHE A   2 "
            pdb=" N   PHE A   2 "
    both_signs  ideal   model   delta    sigma   weight residual
      False     -2.51   -2.65    0.14 2.00e-01 2.50e+01 5.05e-01
  chirality pdb=" CA  ALA A   3 "
            pdb=" C   ALA A   3 "
            pdb=" CB  ALA A   3 "
            pdb=" N   ALA A   3 "
    both_signs  ideal   model   delta    sigma   weight residual
      False      2.48    2.60   -0.12 2.00e-01 2.50e+01 3.50e-01

  Planarity restraints: 6
  Sorted by residual:
                                 delta    sigma   weight rms_deltas residual
  plane pdb=" CB  PHE A   2 "    0.017 2.00e-02 2.50e+03   1.61e-02 7.75e+00
        pdb=" CG  PHE A   2 "   -0.016 2.00e-02 2.50e+03
        pdb=" CD1 PHE A   2 "    0.013 2.00e-02 2.50e+03
        pdb=" HD1 PHE A   2 "    0.001 2.00e-02 2.50e+03
        pdb=" CE1 PHE A   2 "   -0.002 2.00e-02 2.50e+03
        pdb=" HE1 PHE A   2 "   -0.028 2.00e-02 2.50e+03
        pdb=" CZ  PHE A   2 "   -0.003 2.00e-02 2.50e+03
        pdb=" HZ  PHE A   2 "    0.032 2.00e-02 2.50e+03
        pdb=" CE2 PHE A   2 "    0.011 2.00e-02 2.50e+03
        pdb=" HE2 PHE A   2 "   -0.016 2.00e-02 2.50e+03
        pdb=" CD2 PHE A   2 "    0.005 2.00e-02 2.50e+03
        pdb=" HD2 PHE A   2 "   -0.013 2.00e-02 2.50e+03
                                 delta    sigma   weight rms_deltas residual
  plane pdb=" C   PHE A   2 "    0.008 2.00e-02 2.50e+03   1.60e-02 2.54e+00
        pdb=" CA  ALA A   3 "    0.007 2.00e-02 2.50e+03
        pdb=" N   ALA A   3 "   -0.027 2.00e-02 2.50e+03
        pdb=" H   ALA A   3 "    0.012 2.00e-02 2.50e+03
                                 delta    sigma   weight rms_deltas residual
  plane pdb=" C   GLY A   1 "    0.019 2.00e-02 2.50e+03   1.12e-02 1.26e+00
        pdb=" O   GLY A   1 "   -0.007 2.00e-02 2.50e+03
        pdb=" CA  GLY A   1 "   -0.006 2.00e-02 2.50e+03
        pdb=" N   PHE A   2 "   -0.007 2.00e-02 2.50e+03
  ... (remaining 3 not shown)

  Histogram of nonbonded interaction distances:
        2.00 -     2.58: 25
        2.58 -     3.16: 63
        3.16 -     3.74: 72
        3.74 -     4.31: 58
        4.31 -     4.89: 83
  Nonbonded interactions: 301
  Sorted by model distance:
  nonbonded pdb=" HA  PHE A   2 "
            pdb=" H   PHE A   2 "
     model   vdw
     1.998 1.816
  nonbonded pdb=" HB1 PHE A   2 "
            pdb=" H   ALA A   3 "
     model   vdw
     2.105 2.270
  nonbonded pdb=" HA2 GLY A   1 "
            pdb=" H1  GLY A   1 "
     model   vdw
     2.141 1.816
  nonbonded pdb=" O   GLY A   1 "
            pdb=" H   ALA A   3 "
     model   vdw
     2.242 1.970
  nonbonded pdb=" HE2 PHE A   2 "
            pdb=" HD2 PHE A   2 "
     model   vdw
     2.257 1.680
  ... (remaining 296 not shown)

  NOTE: a complete listing of the restraints can be obtained by requesting
        output of .geo file.

                   ----------xray_structure summary----------                  

Number of scattering types: 4
  Type Number    sf(0)   Gaussians
   O       4      7.97       2
   N       3      6.97       2
   C      14      5.97       2
   H      19      1.00       2
  sf(0) = scattering factor at diffraction angle 0.
Number of scatterers: 40
At special positions: 0
Unit cell: (17.316, 12.287, 11.138, 90, 90, 90)
Space group: P 1 (No. 1)

End of input processing
r_work=0.4476 r_free=0.4645
params.data_weight: None
params.restraints: cctbx
rmsd(b), start:  0.0905
mc:   0 R: 0.0982 rmsd(b):  0.0327 restraint_scale:  2.0 min_steps: 34
mc:   1 R: 0.0199 rmsd(b):  0.0106 restraint_scale:  2.0 min_steps: 21
mc:   2 R: 0.0043 rmsd(b):  0.0135 restraint_scale:  2.0 min_steps: 52
Convergence reached, stop now.
see the result structure:  ./p26/04_results/refine_cctbx/244_GFA12-new/0.6/4.pdb
Time: 5.4266
