phenix.python
you are importing  adaptive calculator, and it does nothing. Please give it energy, force....... 

============================== Collecting inputs ==============================


                   ----------Processing X-ray data----------                   

F-obs:
  /scratch/m_zhen01/30995.lupus.uni-muenster.de/p26/02_mtz/238_GFA10-new.mtz:F-obs
Miller array info: None
Observation type: xray.amplitude
Type of data: double, size=224
Type of sigmas: None
Number of Miller indices: 224
Anomalous flag: False
Unit cell: (11.253, 12.433, 15.848, 90, 90, 90)
Space group: P 1 (No. 1)
Systematic absences: 0
Centric reflections: 0
Resolution range: 3.962 2.51768
Completeness in resolution range: 1
Completeness with d_max=infinity: 0.756757

Number of F-obs in resolution range:                   224
Number of F-obs<0 (these reflections will be rejected): 0
Number of F-obs=0 (these reflections will be used in refinement): 0
Refinement resolution range: d_max =   3.9620
                             d_min =   2.5177

R-free flags:
  /scratch/m_zhen01/30995.lupus.uni-muenster.de/p26/02_mtz/238_GFA10-new.mtz:R-free-flags
Miller array info: /scratch/m_zhen01/30995.lupus.uni-muenster.de/p26/02_mtz/238_GFA10-new.mtz:R-free-flags
Observation type: None
Type of data: int, size=224
Type of sigmas: None
Number of Miller indices: 224
Anomalous flag: False
Unit cell: (11.253, 12.433, 15.848, 90, 90, 90)
Space group: P 1 (No. 1)
Systematic absences: 0
Centric reflections: 0
Resolution range: 3.962 2.51768
Completeness in resolution range: 1
Completeness with d_max=infinity: 0.756757
Wavelength: 1.0000

Test (R-free flags) flag value: 1

Number of work/free reflections by resolution:
                                  work free  %free
  bin  1: 3.9620 - 3.6399 [30/30]   28    2   6.7%
  bin  2: 3.6399 - 3.4021 [14/14]   14    0   0.0%
  bin  3: 3.4021 - 3.2164 [22/22]   20    2   9.1%
  bin  4: 3.2164 - 3.0655 [26/26]   26    0   0.0%
  bin  5: 3.0655 - 2.9395 [24/24]   20    4  16.7%
  bin  6: 2.9395 - 2.8320 [ 8/8 ]    8    0   0.0%
  bin  7: 2.8320 - 2.7386 [35/35]   35    0   0.0%
  bin  8: 2.7386 - 2.6565 [22/22]   22    0   0.0%
  bin  9: 2.6565 - 2.5833 [17/17]   17    0   0.0%
  bin 10: 2.5833 - 2.5177 [26/26]   22    4  15.4%
                          overall  212   12   5.4%

                   ----------Processing PDB file(s)----------                  

  Monomer Library directory:
    "/tmp1/m_zhen01/phenix-installer-1.10.1-2155-intel-linux-2.6-x86_64-centos5/phenix-1.10.1-2155/modules/chem_data/mon_lib"
  Total number of atoms: 40
  Number of models: 1
  Model: ""
    Number of chains: 1
    Chain: "A"
      Number of atoms: 40
      Number of conformers: 1
      Conformer: ""
        Number of residues, atoms: 3, 40
          Classifications: {'peptide': 3}
          Modifications used: {'NH2NOTPRO': 1, 'COOH': 1}
          Link IDs: {'TRANS': 2}
  Time building chain proxies: 0.09, per 1000 atoms: 2.25
  Number of scatterers: 40
  At special positions: 0
  Unit cell: (11.253, 12.433, 15.848, 90, 90, 90)
  Space group: P 1 (No. 1)
  Number of sites at special positions: 0
  Number of scattering types: 4
    Type Number    sf(0)
     O       4      8.00
     N       3      7.00
     C      14      6.00
     H      19      1.00
    sf(0) = scattering factor at diffraction angle 0.

  Number of disulfides: simple=0, symmetry=0

  Automatic linking
    Parameters for automatic linking
      Linking & cutoffs
        Metal                : False - 3.50
        Amimo acid           : False - 1.90
        Carbohydrate         : True  - 1.99
        Ligands              : True  - 1.99
        Amino acid - RNA/DNA : False
      
  Number of custom bonds: simple=0, symmetry=0
  Time building additional restraints: 0.03
  Conformation dependent library (CDL) restraints added in 3.5 milliseconds
  
  Adding C-beta torsion restraints...
  Number of C-beta restraints generated:  4
  Time building geometry restraints manager: 0.03 seconds

  NOTE: a complete listing of the restraints can be obtained by requesting
        output of .geo file.

  Histogram of bond lengths:
        0.87 -     1.00: 17
        1.00 -     1.14: 2
        1.14 -     1.27: 3
        1.27 -     1.40: 8
        1.40 -     1.54: 10
  Bond restraints: 40
  Sorted by residual:
  bond pdb=" CB  ALA A   3 "
       pdb=" HB3 ALA A   3 "
    ideal  model  delta    sigma   weight residual
    0.970  1.017 -0.047 2.00e-02 2.50e+03 5.53e+00
  bond pdb=" CA  ALA A   3 "
       pdb=" HA  ALA A   3 "
    ideal  model  delta    sigma   weight residual
    0.970  1.009 -0.039 2.00e-02 2.50e+03 3.82e+00
  bond pdb=" N   ALA A   3 "
       pdb=" H   ALA A   3 "
    ideal  model  delta    sigma   weight residual
    0.860  0.896 -0.036 2.00e-02 2.50e+03 3.22e+00
  bond pdb=" CB  PHE A   2 "
       pdb=" HB1 PHE A   2 "
    ideal  model  delta    sigma   weight residual
    0.970  0.935  0.035 2.00e-02 2.50e+03 3.10e+00
  bond pdb=" C   ALA A   3 "
       pdb=" OXT ALA A   3 "
    ideal  model  delta    sigma   weight residual
    1.330  1.295  0.035 2.00e-02 2.50e+03 3.00e+00
  ... (remaining 35 not shown)

  Histogram of bond angle deviations from ideal:
      103.00 -   107.34: 5
      107.34 -   111.69: 24
      111.69 -   116.04: 6
      116.04 -   120.38: 14
      120.38 -   124.73: 17
  Bond angle restraints: 66
  Sorted by residual:
  angle pdb=" C   GLY A   1 "
        pdb=" N   PHE A   2 "
        pdb=" CA  PHE A   2 "
      ideal   model   delta    sigma   weight residual
     122.30  119.19    3.11 1.35e+00 5.49e-01 5.31e+00
  angle pdb=" H1  GLY A   1 "
        pdb=" N   GLY A   1 "
        pdb=" H2  GLY A   1 "
      ideal   model   delta    sigma   weight residual
     109.47  103.00    6.47 3.00e+00 1.11e-01 4.66e+00
  angle pdb=" CB  PHE A   2 "
        pdb=" CA  PHE A   2 "
        pdb=" HA  PHE A   2 "
      ideal   model   delta    sigma   weight residual
     109.00  104.27    4.73 3.00e+00 1.11e-01 2.49e+00
  angle pdb=" CD2 PHE A   2 "
        pdb=" CE2 PHE A   2 "
        pdb=" CZ  PHE A   2 "
      ideal   model   delta    sigma   weight residual
     120.00  117.74    2.26 1.80e+00 3.09e-01 1.58e+00
  angle pdb=" CE2 PHE A   2 "
        pdb=" CZ  PHE A   2 "
        pdb=" CE1 PHE A   2 "
      ideal   model   delta    sigma   weight residual
     120.00  122.01   -2.01 1.80e+00 3.09e-01 1.24e+00
  ... (remaining 61 not shown)

  Histogram of dihedral angle deviations from ideal:
        0.13 -    35.90: 14
       35.90 -    71.68: 1
       71.68 -   107.45: 0
      107.45 -   143.23: 0
      143.23 -   179.00: 1
  Dihedral angle restraints: 16
    sinusoidal: 4
      harmonic: 12
  Sorted by residual:
  dihedral pdb=" O   ALA A   3 "
           pdb=" C   ALA A   3 "
           pdb=" OXT ALA A   3 "
           pdb=" HXT ALA A   3 "
      ideal   model   delta  harmonic     sigma   weight residual
       0.00  179.00 -179.00     0      3.00e+01 1.11e-03 3.56e+01
  dihedral pdb=" OXT ALA A   3 "
           pdb=" C   ALA A   3 "
           pdb=" CA  ALA A   3 "
           pdb=" N   ALA A   3 "
      ideal   model   delta sinusoidal    sigma   weight residual
     -20.00   49.64  -69.64     2      3.00e+01 1.11e-03 4.69e+00
  dihedral pdb=" HB3 ALA A   3 "
           pdb=" CA  ALA A   3 "
           pdb=" CB  ALA A   3 "
           pdb=" N   ALA A   3 "
      ideal   model   delta sinusoidal    sigma   weight residual
     -60.00  -86.45   26.45     3      1.50e+01 4.44e-03 3.86e+00
  ... (remaining 13 not shown)

  Histogram of chiral volume deviations from ideal:
       0.033 -    0.041: 1
       0.041 -    0.050: 0
       0.050 -    0.058: 0
       0.058 -    0.066: 0
       0.066 -    0.075: 1
  Chirality restraints: 2
  Sorted by residual:
  chirality pdb=" CA  ALA A   3 "
            pdb=" C   ALA A   3 "
            pdb=" CB  ALA A   3 "
            pdb=" N   ALA A   3 "
    both_signs  ideal   model   delta    sigma   weight residual
      False      2.48    2.56   -0.07 2.00e-01 2.50e+01 1.40e-01
  chirality pdb=" CA  PHE A   2 "
            pdb=" CB  PHE A   2 "
            pdb=" C   PHE A   2 "
            pdb=" N   PHE A   2 "
    both_signs  ideal   model   delta    sigma   weight residual
      False     -2.51   -2.48   -0.03 2.00e-01 2.50e+01 2.74e-02

  Planarity restraints: 6
  Sorted by residual:
                                 delta    sigma   weight rms_deltas residual
  plane pdb=" CB  PHE A   2 "    0.000 2.00e-02 2.50e+03   7.86e-03 1.85e+00
        pdb=" CG  PHE A   2 "   -0.001 2.00e-02 2.50e+03
        pdb=" CD2 PHE A   2 "    0.010 2.00e-02 2.50e+03
        pdb=" HD2 PHE A   2 "   -0.003 2.00e-02 2.50e+03
        pdb=" CE2 PHE A   2 "   -0.020 2.00e-02 2.50e+03
        pdb=" HE2 PHE A   2 "    0.008 2.00e-02 2.50e+03
        pdb=" CZ  PHE A   2 "    0.002 2.00e-02 2.50e+03
        pdb=" HZ  PHE A   2 "    0.008 2.00e-02 2.50e+03
        pdb=" CE1 PHE A   2 "   -0.006 2.00e-02 2.50e+03
        pdb=" HE1 PHE A   2 "   -0.004 2.00e-02 2.50e+03
        pdb=" CD1 PHE A   2 "   -0.001 2.00e-02 2.50e+03
        pdb=" HD1 PHE A   2 "    0.007 2.00e-02 2.50e+03
                                 delta    sigma   weight rms_deltas residual
  plane pdb=" C   GLY A   1 "   -0.016 2.00e-02 2.50e+03   9.32e-03 8.69e-01
        pdb=" O   GLY A   1 "    0.006 2.00e-02 2.50e+03
        pdb=" CA  GLY A   1 "    0.005 2.00e-02 2.50e+03
        pdb=" N   PHE A   2 "    0.005 2.00e-02 2.50e+03
                                 delta    sigma   weight rms_deltas residual
  plane pdb=" C   GLY A   1 "    0.004 2.00e-02 2.50e+03   7.60e-03 5.78e-01
        pdb=" CA  PHE A   2 "    0.003 2.00e-02 2.50e+03
        pdb=" N   PHE A   2 "   -0.013 2.00e-02 2.50e+03
        pdb=" H   PHE A   2 "    0.006 2.00e-02 2.50e+03
  ... (remaining 3 not shown)

  Histogram of nonbonded interaction distances:
        1.75 -     2.38: 13
        2.38 -     3.01: 64
        3.01 -     3.64: 63
        3.64 -     4.27: 77
        4.27 -     4.90: 103
  Nonbonded interactions: 320
  Sorted by model distance:
  nonbonded pdb=" HA2 GLY A   1 "
            pdb=" H2  GLY A   1 "
     model   vdw
     1.747 1.816
  nonbonded pdb=" HA1 GLY A   1 "
            pdb=" H2  GLY A   1 "
     model   vdw
     1.934 1.816
  nonbonded pdb=" HA2 GLY A   1 "
            pdb=" H1  GLY A   1 "
     model   vdw
     2.179 1.816
  nonbonded pdb=" HE1 PHE A   2 "
            pdb=" HD1 PHE A   2 "
     model   vdw
     2.233 1.680
  nonbonded pdb=" HB1 PHE A   2 "
            pdb=" HA  PHE A   2 "
     model   vdw
     2.251 1.952
  ... (remaining 315 not shown)

  NOTE: a complete listing of the restraints can be obtained by requesting
        output of .geo file.

                   ----------xray_structure summary----------                  

Number of scattering types: 4
  Type Number    sf(0)   Gaussians
   O       4      7.97       2
   N       3      6.97       2
   C      14      5.97       2
   H      19      1.00       2
  sf(0) = scattering factor at diffraction angle 0.
Number of scatterers: 40
At special positions: 0
Unit cell: (11.253, 12.433, 15.848, 90, 90, 90)
Space group: P 1 (No. 1)

End of input processing
r_work=0.5268 r_free=0.3941
params.data_weight: None
params.restraints: cctbx
rmsd(b), start:  0.0850
mc:   0 R: 0.3030 rmsd(b):  0.1478 restraint_scale:  2.0 min_steps: 53
mc:   1 R: 0.2981 rmsd(b):  0.1682 restraint_scale:  4.0 min_steps: 21
mc:   2 R: 0.3224 rmsd(b):  0.1004 restraint_scale:  8.0 min_steps: 23
mc:   3 R: 0.3420 rmsd(b):  0.0782 restraint_scale: 16.0 min_steps: 18
mc:   4 R: 0.3461 rmsd(b):  0.0680 restraint_scale: 32.0 min_steps: 8
mc:   5 R: 0.4127 rmsd(b):  0.0181 restraint_scale: 32.0 min_steps: 54
mc:   6 R: 0.4830 rmsd(b):  0.0048 restraint_scale: 16.0 min_steps: 53
mc:   7 R: 0.4908 rmsd(b):  0.0026 restraint_scale:  8.0 min_steps: 53
mc:   8 R: 0.4754 rmsd(b):  0.0016 restraint_scale:  4.0 min_steps: 53
mc:   9 R: 0.4796 rmsd(b):  0.0014 restraint_scale:  2.0 min_steps: 56
mc:  10 R: 0.3214 rmsd(b):  0.2988 restraint_scale:  4.0 min_steps: 54
mc:  11 R: 0.3110 rmsd(b):  0.2009 restraint_scale:  8.0 min_steps: 24
mc:  12 R: 0.2988 rmsd(b):  0.1066 restraint_scale: 16.0 min_steps: 39
mc:  13 R: 0.3897 rmsd(b):  0.0167 restraint_scale: 16.0 min_steps: 53
mc:  14 R: 0.3171 rmsd(b):  0.0245 restraint_scale: 16.0 min_steps: 54
mc:  15 R: 0.2692 rmsd(b):  0.0208 restraint_scale: 16.0 min_steps: 56
mc:  16 R: 0.2438 rmsd(b):  0.0230 restraint_scale: 16.0 min_steps: 43
mc:  17 R: 0.2016 rmsd(b):  0.0365 restraint_scale: 32.0 min_steps: 29
mc:  18 R: 0.2521 rmsd(b):  0.0194 restraint_scale: 32.0 min_steps: 21
mc:  19 R: 0.2597 rmsd(b):  0.0178 restraint_scale: 32.0 min_steps: 9
mc:  20 R: 0.2265 rmsd(b):  0.0272 restraint_scale: 32.0 min_steps: 17
mc:  21 R: 0.2141 rmsd(b):  0.0315 restraint_scale: 64.0 min_steps: 14
mc:  22 R: 0.2778 rmsd(b):  0.0127 restraint_scale: 64.0 min_steps: 51
mc:  23 R: 0.3154 rmsd(b):  0.0051 restraint_scale: 32.0 min_steps: 56
mc:  24 R: 0.2210 rmsd(b):  0.0296 restraint_scale: 32.0 min_steps: 40
mc:  25 R: 0.2329 rmsd(b):  0.0234 restraint_scale: 32.0 min_steps: 13
mc:  26 R: 0.2580 rmsd(b):  0.0164 restraint_scale: 32.0 min_steps: 32
mc:  27 R: 0.2623 rmsd(b):  0.0149 restraint_scale: 32.0 min_steps: 8
mc:  28 R: 0.2795 rmsd(b):  0.0109 restraint_scale: 32.0 min_steps: 20
mc:  29 R: 0.2396 rmsd(b):  0.0231 restraint_scale: 32.0 min_steps: 22
mc:  30 R: 0.2388 rmsd(b):  0.0221 restraint_scale: 32.0 min_steps: 19
mc:  31 R: 0.2556 rmsd(b):  0.0162 restraint_scale: 32.0 min_steps: 9
mc:  32 R: 0.2298 rmsd(b):  0.0257 restraint_scale: 32.0 min_steps: 13
mc:  33 R: 0.2012 rmsd(b):  0.0356 restraint_scale: 64.0 min_steps: 31
mc:  34 R: 0.2772 rmsd(b):  0.0127 restraint_scale: 64.0 min_steps: 47
mc:  35 R: 0.2773 rmsd(b):  0.0113 restraint_scale: 64.0 min_steps: 28
mc:  36 R: 0.2647 rmsd(b):  0.0152 restraint_scale: 64.0 min_steps: 16
mc:  37 R: 0.2647 rmsd(b):  0.0152 restraint_scale: 64.0 min_steps: 1
Convergence reached, stop now.
see the result structure:  ./p26/04_results/refine_cctbx/238_GFA10-new/1.5/4.pdb
Time: 15.6218
