phenix.python
you are importing  adaptive calculator, and it does nothing. Please give it energy, force....... 

============================== Collecting inputs ==============================


                   ----------Processing X-ray data----------                   

F-obs:
  /scratch/m_zhen01/31011.lupus.uni-muenster.de/p26/02_mtz/232_GGF06-new.mtz:F-obs
Miller array info: None
Observation type: xray.amplitude
Type of data: double, size=198
Type of sigmas: None
Number of Miller indices: 198
Anomalous flag: False
Unit cell: (10.757, 11.889, 14.726, 90, 90, 90)
Space group: P 1 (No. 1)
Systematic absences: 0
Centric reflections: 0
Resolution range: 3.9883 2.50081
Completeness in resolution range: 1
Completeness with d_max=infinity: 0.764479

Number of F-obs in resolution range:                   198
Number of F-obs<0 (these reflections will be rejected): 0
Number of F-obs=0 (these reflections will be used in refinement): 0
Refinement resolution range: d_max =   3.9883
                             d_min =   2.5008

R-free flags:
  /scratch/m_zhen01/31011.lupus.uni-muenster.de/p26/02_mtz/232_GGF06-new.mtz:R-free-flags
Miller array info: /scratch/m_zhen01/31011.lupus.uni-muenster.de/p26/02_mtz/232_GGF06-new.mtz:R-free-flags
Observation type: None
Type of data: int, size=198
Type of sigmas: None
Number of Miller indices: 198
Anomalous flag: False
Unit cell: (10.757, 11.889, 14.726, 90, 90, 90)
Space group: P 1 (No. 1)
Systematic absences: 0
Centric reflections: 0
Resolution range: 3.9883 2.50081
Completeness in resolution range: 1
Completeness with d_max=infinity: 0.764479
Wavelength: 1.0000

Test (R-free flags) flag value: 1

Number of work/free reflections by resolution:
                                  work free  %free
  bin  1: 3.9883 - 3.6491 [14/14]   12    2  14.3%
  bin  2: 3.6491 - 3.4020 [29/29]   29    0   0.0%
  bin  3: 3.4020 - 3.2106 [14/14]   14    0   0.0%
  bin  4: 3.2106 - 3.0561 [20/20]   16    4  20.0%
  bin  5: 3.0561 - 2.9277 [20/20]   20    0   0.0%
  bin  6: 2.9277 - 2.8184 [18/18]   18    0   0.0%
  bin  7: 2.8184 - 2.7238 [14/14]   10    4  28.6%
  bin  8: 2.7238 - 2.6407 [19/19]   19    0   0.0%
  bin  9: 2.6407 - 2.5670 [26/26]   26    0   0.0%
  bin 10: 2.5670 - 2.5008 [24/24]   20    4  16.7%
                          overall  184   14   7.1%

                   ----------Processing PDB file(s)----------                  

  Monomer Library directory:
    "/tmp1/m_zhen01/phenix-installer-1.10.1-2155-intel-linux-2.6-x86_64-centos5/phenix-1.10.1-2155/modules/chem_data/mon_lib"
  Total number of atoms: 37
  Number of models: 1
  Model: ""
    Number of chains: 1
    Chain: "A"
      Number of atoms: 37
      Number of conformers: 1
      Conformer: ""
        Number of residues, atoms: 3, 37
          Classifications: {'peptide': 3}
          Modifications used: {'NH2NOTPRO': 1, 'COOH': 1}
          Link IDs: {'TRANS': 2}
  Time building chain proxies: 0.07, per 1000 atoms: 1.89
  Number of scatterers: 37
  At special positions: 0
  Unit cell: (10.757, 11.889, 14.726, 90, 90, 90)
  Space group: P 1 (No. 1)
  Number of sites at special positions: 0
  Number of scattering types: 4
    Type Number    sf(0)
     O       4      8.00
     N       3      7.00
     C      13      6.00
     H      17      1.00
    sf(0) = scattering factor at diffraction angle 0.

  Number of disulfides: simple=0, symmetry=0

  Automatic linking
    Parameters for automatic linking
      Linking & cutoffs
        Metal                : False - 3.50
        Amimo acid           : False - 1.90
        Carbohydrate         : True  - 1.99
        Ligands              : True  - 1.99
        Amino acid - RNA/DNA : False
      
  Number of custom bonds: simple=0, symmetry=0
  Time building additional restraints: 0.02
  Conformation dependent library (CDL) restraints added in 2.8 milliseconds
  
  Adding C-beta torsion restraints...
  Number of C-beta restraints generated:  2
  Time building geometry restraints manager: 0.02 seconds

  NOTE: a complete listing of the restraints can be obtained by requesting
        output of .geo file.

  Histogram of bond lengths:
        0.88 -     1.02: 17
        1.02 -     1.15: 1
        1.15 -     1.29: 2
        1.29 -     1.42: 9
        1.42 -     1.56: 8
  Bond restraints: 37
  Sorted by residual:
  bond pdb=" C   GLY A   1 "
       pdb=" CA  GLY A   1 "
    ideal  model  delta    sigma   weight residual
    1.516  1.556 -0.040 1.80e-02 3.09e+03 4.90e+00
  bond pdb=" C   GLY A   1 "
       pdb=" N   GLY A   2 "
    ideal  model  delta    sigma   weight residual
    1.331  1.303  0.027 1.46e-02 4.69e+03 3.43e+00
  bond pdb=" CB  PHE A   3 "
       pdb=" CG  PHE A   3 "
    ideal  model  delta    sigma   weight residual
    1.502  1.461  0.041 2.30e-02 1.89e+03 3.16e+00
  bond pdb=" CA  GLY A   1 "
       pdb=" HA2 GLY A   1 "
    ideal  model  delta    sigma   weight residual
    0.970  1.005 -0.035 2.00e-02 2.50e+03 3.13e+00
  bond pdb=" O   PHE A   3 "
       pdb=" C   PHE A   3 "
    ideal  model  delta    sigma   weight residual
    1.185  1.150  0.035 2.00e-02 2.50e+03 3.10e+00
  ... (remaining 32 not shown)

  Histogram of bond angle deviations from ideal:
      103.60 -   108.12: 11
      108.12 -   112.65: 13
      112.65 -   117.17: 7
      117.17 -   121.70: 21
      121.70 -   126.22: 8
  Bond angle restraints: 60
  Sorted by residual:
  angle pdb=" O   PHE A   3 "
        pdb=" C   PHE A   3 "
        pdb=" OXT PHE A   3 "
      ideal   model   delta    sigma   weight residual
     122.80  115.94    6.86 3.00e+00 1.11e-01 5.23e+00
  angle pdb=" C   GLY A   1 "
        pdb=" CA  GLY A   1 "
        pdb=" N   GLY A   1 "
      ideal   model   delta    sigma   weight residual
     113.30  119.76   -6.46 2.90e+00 1.19e-01 4.96e+00
  angle pdb=" C   GLY A   2 "
        pdb=" N   PHE A   3 "
        pdb=" CA  PHE A   3 "
      ideal   model   delta    sigma   weight residual
     121.70  118.17    3.53 1.80e+00 3.09e-01 3.84e+00
  angle pdb=" O   PHE A   3 "
        pdb=" C   PHE A   3 "
        pdb=" CA  PHE A   3 "
      ideal   model   delta    sigma   weight residual
     118.60  123.32   -4.72 3.00e+00 1.11e-01 2.48e+00
  angle pdb=" CA  GLY A   1 "
        pdb=" N   GLY A   1 "
        pdb=" H1  GLY A   1 "
      ideal   model   delta    sigma   weight residual
     109.47  113.88   -4.41 3.00e+00 1.11e-01 2.17e+00
  ... (remaining 55 not shown)

  Histogram of dihedral angle deviations from ideal:
        0.08 -    35.66: 11
       35.66 -    71.25: 0
       71.25 -   106.83: 1
      106.83 -   142.42: 0
      142.42 -   178.00: 1
  Dihedral angle restraints: 13
    sinusoidal: 3
      harmonic: 10
  Sorted by residual:
  dihedral pdb=" O   PHE A   3 "
           pdb=" C   PHE A   3 "
           pdb=" OXT PHE A   3 "
           pdb=" HXT PHE A   3 "
      ideal   model   delta  harmonic     sigma   weight residual
       0.00 -178.00  178.00     0      3.00e+01 1.11e-03 3.52e+01
  dihedral pdb=" CA  GLY A   2 "
           pdb=" C   GLY A   2 "
           pdb=" N   PHE A   3 "
           pdb=" CA  PHE A   3 "
      ideal   model   delta  harmonic     sigma   weight residual
     180.00  167.69   12.31     0      5.00e+00 4.00e-02 6.06e+00
  dihedral pdb=" OXT PHE A   3 "
           pdb=" C   PHE A   3 "
           pdb=" CA  PHE A   3 "
           pdb=" N   PHE A   3 "
      ideal   model   delta sinusoidal    sigma   weight residual
     160.00   76.49   83.51     2      3.00e+01 1.11e-03 5.27e+00
  ... (remaining 10 not shown)

  Histogram of chiral volume deviations from ideal:
       0.081 -    0.081: 1
       0.081 -    0.081: 0
       0.081 -    0.081: 0
       0.081 -    0.081: 0
       0.081 -    0.081: 0
  Chirality restraints: 1
  Sorted by residual:
  chirality pdb=" CA  PHE A   3 "
            pdb=" C   PHE A   3 "
            pdb=" N   PHE A   3 "
            pdb=" CB  PHE A   3 "
    both_signs  ideal   model   delta    sigma   weight residual
      False     -2.51   -2.59    0.08 2.00e-01 2.50e+01 1.63e-01

  Planarity restraints: 6
  Sorted by residual:
                                 delta    sigma   weight rms_deltas residual
  plane pdb=" CB  PHE A   3 "    0.008 2.00e-02 2.50e+03   1.45e-02 6.27e+00
        pdb=" CG  PHE A   3 "   -0.001 2.00e-02 2.50e+03
        pdb=" CD1 PHE A   3 "    0.022 2.00e-02 2.50e+03
        pdb=" HD1 PHE A   3 "   -0.011 2.00e-02 2.50e+03
        pdb=" CE1 PHE A   3 "   -0.010 2.00e-02 2.50e+03
        pdb=" HE1 PHE A   3 "    0.008 2.00e-02 2.50e+03
        pdb=" CZ  PHE A   3 "   -0.025 2.00e-02 2.50e+03
        pdb=" HZ  PHE A   3 "    0.002 2.00e-02 2.50e+03
        pdb=" CE2 PHE A   3 "    0.006 2.00e-02 2.50e+03
        pdb=" HE2 PHE A   3 "    0.021 2.00e-02 2.50e+03
        pdb=" CD2 PHE A   3 "    0.004 2.00e-02 2.50e+03
        pdb=" HD2 PHE A   3 "   -0.023 2.00e-02 2.50e+03
                                 delta    sigma   weight rms_deltas residual
  plane pdb=" O   PHE A   3 "    0.003 2.00e-02 2.50e+03   2.14e-02 5.71e+00
        pdb=" C   PHE A   3 "    0.021 2.00e-02 2.50e+03
        pdb=" OXT PHE A   3 "   -0.034 2.00e-02 2.50e+03
        pdb=" HXT PHE A   3 "    0.023 2.00e-02 2.50e+03
        pdb=" CA  PHE A   3 "   -0.013 2.00e-02 2.50e+03
                                 delta    sigma   weight rms_deltas residual
  plane pdb=" C   GLY A   2 "    0.017 2.00e-02 2.50e+03   9.76e-03 9.54e-01
        pdb=" O   GLY A   2 "   -0.006 2.00e-02 2.50e+03
        pdb=" CA  GLY A   2 "   -0.005 2.00e-02 2.50e+03
        pdb=" N   PHE A   3 "   -0.006 2.00e-02 2.50e+03
  ... (remaining 3 not shown)

  Histogram of nonbonded interaction distances:
        1.90 -     2.50: 19
        2.50 -     3.10: 55
        3.10 -     3.70: 49
        3.70 -     4.30: 60
        4.30 -     4.90: 86
  Nonbonded interactions: 269
  Sorted by model distance:
  nonbonded pdb=" HA2 GLY A   1 "
            pdb=" H2  GLY A   1 "
     model   vdw
     1.903 1.816
  nonbonded pdb=" HA1 GLY A   1 "
            pdb=" H2  GLY A   1 "
     model   vdw
     1.999 1.816
  nonbonded pdb=" HA2 GLY A   2 "
            pdb=" H   GLY A   2 "
     model   vdw
     2.109 1.816
  nonbonded pdb=" HXT PHE A   3 "
            pdb=" HA  PHE A   3 "
     model   vdw
     2.195 2.270
  nonbonded pdb=" HE2 PHE A   3 "
            pdb=" HD2 PHE A   3 "
     model   vdw
     2.252 1.680
  ... (remaining 264 not shown)

  NOTE: a complete listing of the restraints can be obtained by requesting
        output of .geo file.

                   ----------xray_structure summary----------                  

Number of scattering types: 4
  Type Number    sf(0)   Gaussians
   O       4      7.97       2
   N       3      6.97       2
   C      13      5.97       2
   H      17      1.00       2
  sf(0) = scattering factor at diffraction angle 0.
Number of scatterers: 37
At special positions: 0
Unit cell: (10.757, 11.889, 14.726, 90, 90, 90)
Space group: P 1 (No. 1)

End of input processing
r_work=0.4790 r_free=0.6141
params.data_weight: None
params.restraints: qm
rmsd(b), start:  0.0835
mc:   0 R: 0.2201 rmsd(b):  0.4940 restraint_scale:  2.0 min_steps: 47
mc:   1 R: 0.1605 rmsd(b):  0.5823 restraint_scale:  4.0 min_steps: 38
mc:   2 R: 0.1609 rmsd(b):  0.5680 restraint_scale:  8.0 min_steps: 18
mc:   3 R: 0.1729 rmsd(b):  0.5572 restraint_scale: 16.0 min_steps: 16
mc:   4 R: 0.1848 rmsd(b):  0.5213 restraint_scale: 32.0 min_steps: 25
mc:   5 R: 0.1848 rmsd(b):  0.5213 restraint_scale: 64.0 min_steps: 1
Convergence reached, stop now.
see the result structure:  ./p26/04_results/refine_qm/232_GGF06-new/0.9/7.pdb
Time: 2156.8336
