phenix.python
you are importing  adaptive calculator, and it does nothing. Please give it energy, force....... 

============================== Collecting inputs ==============================


                   ----------Processing X-ray data----------                   

F-obs:
  /scratch/m_zhen01/30995.lupus.uni-muenster.de/p26/02_mtz/257_FGG215-new.mtz:F-obs
Miller array info: None
Observation type: xray.amplitude
Type of data: double, size=194
Type of sigmas: None
Number of Miller indices: 194
Anomalous flag: False
Unit cell: (13.715, 13.378, 10.195, 90, 90, 90)
Space group: P 1 (No. 1)
Systematic absences: 0
Centric reflections: 0
Resolution range: 3.98235 2.50372
Completeness in resolution range: 1
Completeness with d_max=infinity: 0.76378

Number of F-obs in resolution range:                   194
Number of F-obs<0 (these reflections will be rejected): 0
Number of F-obs=0 (these reflections will be used in refinement): 0
Refinement resolution range: d_max =   3.9824
                             d_min =   2.5037

R-free flags:
  /scratch/m_zhen01/30995.lupus.uni-muenster.de/p26/02_mtz/257_FGG215-new.mtz:R-free-flags
Miller array info: /scratch/m_zhen01/30995.lupus.uni-muenster.de/p26/02_mtz/257_FGG215-new.mtz:R-free-flags
Observation type: None
Type of data: int, size=194
Type of sigmas: None
Number of Miller indices: 194
Anomalous flag: False
Unit cell: (13.715, 13.378, 10.195, 90, 90, 90)
Space group: P 1 (No. 1)
Systematic absences: 0
Centric reflections: 0
Resolution range: 3.98235 2.50372
Completeness in resolution range: 1
Completeness with d_max=infinity: 0.76378
Wavelength: 1.0000

Test (R-free flags) flag value: 1

Number of work/free reflections by resolution:
                                  work free  %free
  bin  1: 3.9824 - 3.6466 [20/20]   20    0   0.0%
  bin  2: 3.6466 - 3.4015 [15/15]   15    0   0.0%
  bin  3: 3.4015 - 3.2112 [22/22]   22    0   0.0%
  bin  4: 3.2112 - 3.0575 [16/16]    8    8  50.0%
  bin  5: 3.0575 - 2.9295 [28/28]   28    0   0.0%
  bin  6: 2.9295 - 2.8206 [10/10]   10    0   0.0%
  bin  7: 2.8206 - 2.7263 [17/17]   17    0   0.0%
  bin  8: 2.7263 - 2.6434 [23/23]   23    0   0.0%
  bin  9: 2.6434 - 2.5698 [24/24]   24    0   0.0%
  bin 10: 2.5698 - 2.5037 [19/19]   18    1   5.3%
                          overall  185    9   4.6%

                   ----------Processing PDB file(s)----------                  

  Monomer Library directory:
    "/tmp1/m_zhen01/phenix-installer-1.10.1-2155-intel-linux-2.6-x86_64-centos5/phenix-1.10.1-2155/modules/chem_data/mon_lib"
  Total number of atoms: 37
  Number of models: 1
  Model: ""
    Number of chains: 1
    Chain: "A"
      Number of atoms: 37
      Number of conformers: 1
      Conformer: ""
        Number of residues, atoms: 3, 37
          Classifications: {'peptide': 3}
          Modifications used: {'NH2NOTPRO': 1, 'COOH': 1}
          Link IDs: {'TRANS': 2}
  Time building chain proxies: 0.06, per 1000 atoms: 1.62
  Number of scatterers: 37
  At special positions: 0
  Unit cell: (13.715, 13.378, 10.195, 90, 90, 90)
  Space group: P 1 (No. 1)
  Number of sites at special positions: 0
  Number of scattering types: 4
    Type Number    sf(0)
     O       4      8.00
     N       3      7.00
     C      13      6.00
     H      17      1.00
    sf(0) = scattering factor at diffraction angle 0.

  Number of disulfides: simple=0, symmetry=0

  Automatic linking
    Parameters for automatic linking
      Linking & cutoffs
        Metal                : False - 3.50
        Amimo acid           : False - 1.90
        Carbohydrate         : True  - 1.99
        Ligands              : True  - 1.99
        Amino acid - RNA/DNA : False
      
  Number of custom bonds: simple=0, symmetry=0
  Time building additional restraints: 0.02
  Conformation dependent library (CDL) restraints added in 2.5 milliseconds
  
  Adding C-beta torsion restraints...
  Number of C-beta restraints generated:  2
  Time building geometry restraints manager: 0.04 seconds

  NOTE: a complete listing of the restraints can be obtained by requesting
        output of .geo file.

  Histogram of bond lengths:
        0.85 -     0.99: 15
        0.99 -     1.13: 2
        1.13 -     1.26: 3
        1.26 -     1.40: 8
        1.40 -     1.54: 9
  Bond restraints: 37
  Sorted by residual:
  bond pdb=" CZ  PHE A   1 "
       pdb=" HZ  PHE A   1 "
    ideal  model  delta    sigma   weight residual
    0.930  0.994 -0.064 2.00e-02 2.50e+03 1.03e+01
  bond pdb=" CA  GLY A   3 "
       pdb=" HA2 GLY A   3 "
    ideal  model  delta    sigma   weight residual
    0.970  1.011 -0.041 2.00e-02 2.50e+03 4.18e+00
  bond pdb=" CE2 PHE A   1 "
       pdb=" CD2 PHE A   1 "
    ideal  model  delta    sigma   weight residual
    1.382  1.443 -0.061 3.00e-02 1.11e+03 4.07e+00
  bond pdb=" C   PHE A   1 "
       pdb=" N   GLY A   2 "
    ideal  model  delta    sigma   weight residual
    1.331  1.354 -0.024 1.46e-02 4.69e+03 2.66e+00
  bond pdb=" C   GLY A   3 "
       pdb=" CA  GLY A   3 "
    ideal  model  delta    sigma   weight residual
    1.516  1.494  0.022 1.80e-02 3.09e+03 1.51e+00
  ... (remaining 32 not shown)

  Histogram of bond angle deviations from ideal:
      102.58 -   107.06: 6
      107.06 -   111.54: 16
      111.54 -   116.02: 8
      116.02 -   120.50: 14
      120.50 -   124.98: 16
  Bond angle restraints: 60
  Sorted by residual:
  angle pdb=" C   GLY A   2 "
        pdb=" CA  GLY A   2 "
        pdb=" HA2 GLY A   2 "
      ideal   model   delta    sigma   weight residual
     109.00  102.58    6.42 3.00e+00 1.11e-01 4.58e+00
  angle pdb=" N   PHE A   1 "
        pdb=" CA  PHE A   1 "
        pdb=" HA  PHE A   1 "
      ideal   model   delta    sigma   weight residual
     110.00  103.84    6.16 3.00e+00 1.11e-01 4.22e+00
  angle pdb=" CB  PHE A   1 "
        pdb=" CG  PHE A   1 "
        pdb=" CD2 PHE A   1 "
      ideal   model   delta    sigma   weight residual
     120.70  123.90   -3.20 1.70e+00 3.46e-01 3.54e+00
  angle pdb=" HB1 PHE A   1 "
        pdb=" CB  PHE A   1 "
        pdb=" HB2 PHE A   1 "
      ideal   model   delta    sigma   weight residual
     110.00  105.85    4.15 3.00e+00 1.11e-01 1.92e+00
  angle pdb=" O   GLY A   2 "
        pdb=" C   GLY A   2 "
        pdb=" CA  GLY A   2 "
      ideal   model   delta    sigma   weight residual
     120.57  122.97   -2.40 1.74e+00 3.30e-01 1.90e+00
  ... (remaining 55 not shown)

  Histogram of dihedral angle deviations from ideal:
        0.49 -    35.66: 11
       35.66 -    70.83: 1
       70.83 -   106.00: 0
      106.00 -   141.17: 0
      141.17 -   176.34: 1
  Dihedral angle restraints: 13
    sinusoidal: 3
      harmonic: 10
  Sorted by residual:
  dihedral pdb=" O   GLY A   3 "
           pdb=" C   GLY A   3 "
           pdb=" OXT GLY A   3 "
           pdb=" HXT GLY A   3 "
      ideal   model   delta  harmonic     sigma   weight residual
       0.00  176.34 -176.34     0      3.00e+01 1.11e-03 3.45e+01
  dihedral pdb=" OXT GLY A   3 "
           pdb=" C   GLY A   3 "
           pdb=" CA  GLY A   3 "
           pdb=" N   GLY A   3 "
      ideal   model   delta sinusoidal    sigma   weight residual
     160.00  113.96   46.04     2      3.00e+01 1.11e-03 2.76e+00
  dihedral pdb=" CA  PHE A   1 "
           pdb=" C   PHE A   1 "
           pdb=" N   GLY A   2 "
           pdb=" CA  GLY A   2 "
      ideal   model   delta  harmonic     sigma   weight residual
     180.00  174.93    5.07     0      5.00e+00 4.00e-02 1.03e+00
  ... (remaining 10 not shown)

  Histogram of chiral volume deviations from ideal:
       0.083 -    0.083: 1
       0.083 -    0.083: 0
       0.083 -    0.083: 0
       0.083 -    0.083: 0
       0.083 -    0.083: 0
  Chirality restraints: 1
  Sorted by residual:
  chirality pdb=" CA  PHE A   1 "
            pdb=" C   PHE A   1 "
            pdb=" N   PHE A   1 "
            pdb=" CB  PHE A   1 "
    both_signs  ideal   model   delta    sigma   weight residual
      False     -2.51   -2.59    0.08 2.00e-01 2.50e+01 1.73e-01

  Planarity restraints: 6
  Sorted by residual:
                                 delta    sigma   weight rms_deltas residual
  plane pdb=" CB  PHE A   1 "   -0.003 2.00e-02 2.50e+03   1.60e-02 7.70e+00
        pdb=" CG  PHE A   1 "    0.014 2.00e-02 2.50e+03
        pdb=" CD1 PHE A   1 "    0.018 2.00e-02 2.50e+03
        pdb=" HD1 PHE A   1 "   -0.007 2.00e-02 2.50e+03
        pdb=" CE1 PHE A   1 "   -0.001 2.00e-02 2.50e+03
        pdb=" HE1 PHE A   1 "   -0.007 2.00e-02 2.50e+03
        pdb=" CZ  PHE A   1 "    0.012 2.00e-02 2.50e+03
        pdb=" HZ  PHE A   1 "   -0.026 2.00e-02 2.50e+03
        pdb=" CE2 PHE A   1 "    0.016 2.00e-02 2.50e+03
        pdb=" HE2 PHE A   1 "    0.020 2.00e-02 2.50e+03
        pdb=" CD2 PHE A   1 "   -0.005 2.00e-02 2.50e+03
        pdb=" HD2 PHE A   1 "   -0.031 2.00e-02 2.50e+03
                                 delta    sigma   weight rms_deltas residual
  plane pdb=" O   GLY A   3 "   -0.012 2.00e-02 2.50e+03   1.60e-02 3.21e+00
        pdb=" C   GLY A   3 "    0.005 2.00e-02 2.50e+03
        pdb=" OXT GLY A   3 "    0.024 2.00e-02 2.50e+03
        pdb=" HXT GLY A   3 "   -0.022 2.00e-02 2.50e+03
        pdb=" CA  GLY A   3 "    0.006 2.00e-02 2.50e+03
                                 delta    sigma   weight rms_deltas residual
  plane pdb=" C   GLY A   2 "   -0.008 2.00e-02 2.50e+03   1.47e-02 2.17e+00
        pdb=" CA  GLY A   3 "   -0.006 2.00e-02 2.50e+03
        pdb=" N   GLY A   3 "    0.025 2.00e-02 2.50e+03
        pdb=" H   GLY A   3 "   -0.011 2.00e-02 2.50e+03
  ... (remaining 3 not shown)

  Histogram of nonbonded interaction distances:
        2.00 -     2.57: 28
        2.57 -     3.15: 50
        3.15 -     3.73: 52
        3.73 -     4.30: 46
        4.30 -     4.88: 61
  Nonbonded interactions: 237
  Sorted by model distance:
  nonbonded pdb=" HXT GLY A   3 "
            pdb=" HA1 GLY A   3 "
     model   vdw
     1.998 2.270
  nonbonded pdb=" H1  PHE A   1 "
            pdb=" HA  PHE A   1 "
     model   vdw
     2.169 1.816
  nonbonded pdb=" H1  PHE A   1 "
            pdb=" H   GLY A   2 "
     model   vdw
     2.175 2.100
  nonbonded pdb=" HA2 GLY A   2 "
            pdb=" H   GLY A   3 "
     model   vdw
     2.198 2.270
  nonbonded pdb=" HA2 GLY A   3 "
            pdb=" H   GLY A   3 "
     model   vdw
     2.231 1.816
  ... (remaining 232 not shown)

  NOTE: a complete listing of the restraints can be obtained by requesting
        output of .geo file.

                   ----------xray_structure summary----------                  

Number of scattering types: 4
  Type Number    sf(0)   Gaussians
   O       4      7.97       2
   N       3      6.97       2
   C      13      5.97       2
   H      17      1.00       2
  sf(0) = scattering factor at diffraction angle 0.
Number of scatterers: 37
At special positions: 0
Unit cell: (13.715, 13.378, 10.195, 90, 90, 90)
Space group: P 1 (No. 1)

End of input processing
r_work=0.5141 r_free=0.3714
params.data_weight: None
params.restraints: cctbx
rmsd(b), start:  0.0829
mc:   0 R: 0.3352 rmsd(b):  0.1028 restraint_scale:  2.0 min_steps: 52
mc:   1 R: 0.3417 rmsd(b):  0.0878 restraint_scale:  4.0 min_steps: 55
mc:   2 R: 0.3147 rmsd(b):  0.1053 restraint_scale:  8.0 min_steps: 52
mc:   3 R: 0.3076 rmsd(b):  0.0428 restraint_scale: 16.0 min_steps: 41
mc:   4 R: 0.3511 rmsd(b):  0.0130 restraint_scale: 16.0 min_steps: 57
mc:   5 R: 0.3437 rmsd(b):  0.0292 restraint_scale: 16.0 min_steps: 39
mc:   6 R: 0.3449 rmsd(b):  0.0200 restraint_scale: 16.0 min_steps: 27
mc:   7 R: 0.3472 rmsd(b):  0.0198 restraint_scale: 16.0 min_steps: 8
mc:   8 R: 0.3498 rmsd(b):  0.0171 restraint_scale: 16.0 min_steps: 6
mc:   9 R: 0.3550 rmsd(b):  0.0150 restraint_scale: 16.0 min_steps: 15
mc:  10 R: 0.3550 rmsd(b):  0.0150 restraint_scale: 16.0 min_steps: 4
Convergence reached, stop now.
see the result structure:  ./p26/04_results/refine_cctbx/257_FGG215-new/1.2/5.pdb
Time: 8.0972
