phenix.python
you are importing  adaptive calculator, and it does nothing. Please give it energy, force....... 

============================== Collecting inputs ==============================


                   ----------Processing X-ray data----------                   

F-obs:
  /scratch/m_zhen01/31011.lupus.uni-muenster.de/p26/02_mtz/216_WGG11-new.mtz:F-obs
Miller array info: None
Observation type: xray.amplitude
Type of data: double, size=229
Type of sigmas: None
Number of Miller indices: 229
Anomalous flag: False
Unit cell: (15.298, 10.638, 14.264, 90, 90, 90)
Space group: P 1 (No. 1)
Systematic absences: 0
Centric reflections: 0
Resolution range: 3.86469 2.50082
Completeness in resolution range: 1
Completeness with d_max=infinity: 0.7411

Number of F-obs in resolution range:                   229
Number of F-obs<0 (these reflections will be rejected): 0
Number of F-obs=0 (these reflections will be used in refinement): 0
Refinement resolution range: d_max =   3.8647
                             d_min =   2.5008

R-free flags:
  /scratch/m_zhen01/31011.lupus.uni-muenster.de/p26/02_mtz/216_WGG11-new.mtz:R-free-flags
Miller array info: /scratch/m_zhen01/31011.lupus.uni-muenster.de/p26/02_mtz/216_WGG11-new.mtz:R-free-flags
Observation type: None
Type of data: int, size=229
Type of sigmas: None
Number of Miller indices: 229
Anomalous flag: False
Unit cell: (15.298, 10.638, 14.264, 90, 90, 90)
Space group: P 1 (No. 1)
Systematic absences: 0
Centric reflections: 0
Resolution range: 3.86469 2.50082
Completeness in resolution range: 1
Completeness with d_max=infinity: 0.7411
Wavelength: 1.0000

Test (R-free flags) flag value: 1

Number of work/free reflections by resolution:
                                  work free  %free
  bin  1: 3.8647 - 3.5696 [19/19]   11    8  42.1%
  bin  2: 3.5696 - 3.3480 [32/32]   32    0   0.0%
  bin  3: 3.3480 - 3.1728 [26/26]   26    0   0.0%
  bin  4: 3.1728 - 3.0294 [19/19]   19    0   0.0%
  bin  5: 3.0294 - 2.9088 [20/20]   16    4  20.0%
  bin  6: 2.9088 - 2.8054 [29/29]   29    0   0.0%
  bin  7: 2.8054 - 2.7153 [16/16]   16    0   0.0%
  bin  8: 2.7153 - 2.6357 [17/17]   17    0   0.0%
  bin  9: 2.6357 - 2.5647 [26/26]   22    4  15.4%
  bin 10: 2.5647 - 2.5008 [25/25]   25    0   0.0%
                          overall  213   16   7.0%

                   ----------Processing PDB file(s)----------                  

  Monomer Library directory:
    "/tmp1/m_zhen01/phenix-installer-1.10.1-2155-intel-linux-2.6-x86_64-centos5/phenix-1.10.1-2155/modules/chem_data/mon_lib"
  Total number of atoms: 41
  Number of models: 1
  Model: ""
    Number of chains: 1
    Chain: "A"
      Number of atoms: 41
      Number of conformers: 1
      Conformer: ""
        Number of residues, atoms: 3, 41
          Classifications: {'peptide': 3}
          Modifications used: {'NH2NOTPRO': 1, 'COOH': 1}
          Link IDs: {'TRANS': 2}
  Time building chain proxies: 0.08, per 1000 atoms: 1.95
  Number of scatterers: 41
  At special positions: 0
  Unit cell: (15.298, 10.638, 14.264, 90, 90, 90)
  Space group: P 1 (No. 1)
  Number of sites at special positions: 0
  Number of scattering types: 4
    Type Number    sf(0)
     O       4      8.00
     N       4      7.00
     C      15      6.00
     H      18      1.00
    sf(0) = scattering factor at diffraction angle 0.

  Number of disulfides: simple=0, symmetry=0

  Automatic linking
    Parameters for automatic linking
      Linking & cutoffs
        Metal                : False - 3.50
        Amimo acid           : False - 1.90
        Carbohydrate         : True  - 1.99
        Ligands              : True  - 1.99
        Amino acid - RNA/DNA : False
      
  Number of custom bonds: simple=0, symmetry=0
  Time building additional restraints: 0.03
  Conformation dependent library (CDL) restraints added in 2.8 milliseconds
  
  Adding C-beta torsion restraints...
  Number of C-beta restraints generated:  2
  Time building geometry restraints manager: 0.03 seconds

  NOTE: a complete listing of the restraints can be obtained by requesting
        output of .geo file.

  Histogram of bond lengths:
        0.83 -     0.97: 14
        0.97 -     1.12: 4
        1.12 -     1.27: 3
        1.27 -     1.42: 12
        1.42 -     1.56: 9
  Bond restraints: 42
  Sorted by residual:
  bond pdb=" C   GLY A   2 "
       pdb=" N   GLY A   3 "
    ideal  model  delta    sigma   weight residual
    1.329  1.299  0.030 1.40e-02 5.10e+03 4.66e+00
  bond pdb=" C   TRP A   1 "
       pdb=" CA  TRP A   1 "
    ideal  model  delta    sigma   weight residual
    1.525  1.564 -0.039 2.10e-02 2.27e+03 3.47e+00
  bond pdb=" N   GLY A   2 "
       pdb=" H   GLY A   2 "
    ideal  model  delta    sigma   weight residual
    0.860  0.828  0.032 2.00e-02 2.50e+03 2.64e+00
  bond pdb=" CA  TRP A   1 "
       pdb=" HA  TRP A   1 "
    ideal  model  delta    sigma   weight residual
    0.970  1.001 -0.031 2.00e-02 2.50e+03 2.38e+00
  bond pdb=" CA  GLY A   3 "
       pdb=" HA1 GLY A   3 "
    ideal  model  delta    sigma   weight residual
    0.970  0.941  0.029 2.00e-02 2.50e+03 2.11e+00
  ... (remaining 37 not shown)

  Histogram of bond angle deviations from ideal:
      102.92 -   109.26: 17
      109.26 -   115.60: 17
      115.60 -   121.93: 20
      121.93 -   128.27: 13
      128.27 -   134.61: 2
  Bond angle restraints: 69
  Sorted by residual:
  angle pdb=" C   GLY A   2 "
        pdb=" CA  GLY A   2 "
        pdb=" HA2 GLY A   2 "
      ideal   model   delta    sigma   weight residual
     109.00  102.92    6.08 3.00e+00 1.11e-01 4.10e+00
  angle pdb=" CA  TRP A   1 "
        pdb=" N   TRP A   1 "
        pdb=" H1  TRP A   1 "
      ideal   model   delta    sigma   weight residual
     109.47  114.74   -5.27 3.00e+00 1.11e-01 3.09e+00
  angle pdb=" HA1 GLY A   2 "
        pdb=" CA  GLY A   2 "
        pdb=" N   GLY A   2 "
      ideal   model   delta    sigma   weight residual
     110.00  114.61   -4.61 3.00e+00 1.11e-01 2.36e+00
  angle pdb=" HA2 GLY A   2 "
        pdb=" CA  GLY A   2 "
        pdb=" N   GLY A   2 "
      ideal   model   delta    sigma   weight residual
     110.00  105.92    4.08 3.00e+00 1.11e-01 1.85e+00
  angle pdb=" CA  GLY A   2 "
        pdb=" C   GLY A   2 "
        pdb=" N   GLY A   3 "
      ideal   model   delta    sigma   weight residual
     116.69  119.22   -2.53 2.04e+00 2.40e-01 1.54e+00
  ... (remaining 64 not shown)

  Histogram of dihedral angle deviations from ideal:
        0.26 -    13.38: 11
       13.38 -    26.50: 2
       26.50 -    39.62: 0
       39.62 -    52.74: 0
       52.74 -    65.87: 1
  Dihedral angle restraints: 14
    sinusoidal: 3
      harmonic: 11
  Sorted by residual:
  dihedral pdb=" CA  TRP A   1 "
           pdb=" C   TRP A   1 "
           pdb=" N   GLY A   2 "
           pdb=" CA  GLY A   2 "
      ideal   model   delta  harmonic     sigma   weight residual
    -180.00 -162.37  -17.63     0      5.00e+00 4.00e-02 1.24e+01
  dihedral pdb=" OXT GLY A   3 "
           pdb=" C   GLY A   3 "
           pdb=" CA  GLY A   3 "
           pdb=" N   GLY A   3 "
      ideal   model   delta sinusoidal    sigma   weight residual
     160.00   94.13   65.87     2      3.00e+01 1.11e-03 4.44e+00
  dihedral pdb=" CA  GLY A   2 "
           pdb=" C   GLY A   2 "
           pdb=" N   GLY A   3 "
           pdb=" CA  GLY A   3 "
      ideal   model   delta  harmonic     sigma   weight residual
     180.00  172.37    7.63     0      5.00e+00 4.00e-02 2.33e+00
  ... (remaining 11 not shown)

  Histogram of chiral volume deviations from ideal:
       0.052 -    0.052: 1
       0.052 -    0.052: 0
       0.052 -    0.052: 0
       0.052 -    0.052: 0
       0.052 -    0.052: 0
  Chirality restraints: 1
  Sorted by residual:
  chirality pdb=" CA  TRP A   1 "
            pdb=" C   TRP A   1 "
            pdb=" N   TRP A   1 "
            pdb=" CB  TRP A   1 "
    both_signs  ideal   model   delta    sigma   weight residual
      False     -2.51   -2.56    0.05 2.00e-01 2.50e+01 6.66e-02

  Planarity restraints: 6
  Sorted by residual:
                                 delta    sigma   weight rms_deltas residual
  plane pdb=" CB  TRP A   1 "   -0.024 2.00e-02 2.50e+03   1.82e-02 1.32e+01
        pdb=" CG  TRP A   1 "    0.028 2.00e-02 2.50e+03
        pdb=" CD1 TRP A   1 "    0.001 2.00e-02 2.50e+03
        pdb=" HD1 TRP A   1 "   -0.012 2.00e-02 2.50e+03
        pdb=" NE1 TRP A   1 "    0.014 2.00e-02 2.50e+03
        pdb=" HE1 TRP A   1 "   -0.021 2.00e-02 2.50e+03
        pdb=" CE2 TRP A   1 "    0.001 2.00e-02 2.50e+03
        pdb=" CZ2 TRP A   1 "    0.002 2.00e-02 2.50e+03
        pdb=" HZ2 TRP A   1 "    0.028 2.00e-02 2.50e+03
        pdb=" CH2 TRP A   1 "   -0.015 2.00e-02 2.50e+03
        pdb=" HH2 TRP A   1 "   -0.011 2.00e-02 2.50e+03
        pdb=" CZ3 TRP A   1 "   -0.000 2.00e-02 2.50e+03
        pdb=" HZ3 TRP A   1 "   -0.014 2.00e-02 2.50e+03
        pdb=" CE3 TRP A   1 "   -0.020 2.00e-02 2.50e+03
        pdb=" HE3 TRP A   1 "    0.037 2.00e-02 2.50e+03
        pdb=" CD2 TRP A   1 "    0.007 2.00e-02 2.50e+03
                                 delta    sigma   weight rms_deltas residual
  plane pdb=" C   TRP A   1 "   -0.042 2.00e-02 2.50e+03   2.40e-02 5.77e+00
        pdb=" O   TRP A   1 "    0.016 2.00e-02 2.50e+03
        pdb=" CA  TRP A   1 "    0.012 2.00e-02 2.50e+03
        pdb=" N   GLY A   2 "    0.014 2.00e-02 2.50e+03
                                 delta    sigma   weight rms_deltas residual
  plane pdb=" C   GLY A   2 "    0.013 2.00e-02 2.50e+03   7.52e-03 5.65e-01
        pdb=" O   GLY A   2 "   -0.005 2.00e-02 2.50e+03
        pdb=" CA  GLY A   2 "   -0.004 2.00e-02 2.50e+03
        pdb=" N   GLY A   3 "   -0.005 2.00e-02 2.50e+03
  ... (remaining 3 not shown)

  Histogram of nonbonded interaction distances:
        1.81 -     2.43: 13
        2.43 -     3.04: 53
        3.04 -     3.66: 66
        3.66 -     4.28: 74
        4.28 -     4.89: 85
  Nonbonded interactions: 291
  Sorted by model distance:
  nonbonded pdb=" H1  TRP A   1 "
            pdb=" H   GLY A   2 "
     model   vdw
     1.808 2.100
  nonbonded pdb=" O   GLY A   3 "
            pdb=" HXT GLY A   3 "
     model   vdw
     2.150 2.056
  nonbonded pdb=" HA2 GLY A   2 "
            pdb=" H   GLY A   3 "
     model   vdw
     2.233 2.270
  nonbonded pdb=" HZ2 TRP A   1 "
            pdb=" HH2 TRP A   1 "
     model   vdw
     2.278 1.680
  nonbonded pdb=" HA  TRP A   1 "
            pdb=" HB1 TRP A   1 "
     model   vdw
     2.287 1.952
  ... (remaining 286 not shown)

  NOTE: a complete listing of the restraints can be obtained by requesting
        output of .geo file.

                   ----------xray_structure summary----------                  

Number of scattering types: 4
  Type Number    sf(0)   Gaussians
   O       4      7.97       2
   N       4      6.97       2
   C      15      5.97       2
   H      18      1.00       2
  sf(0) = scattering factor at diffraction angle 0.
Number of scatterers: 41
At special positions: 0
Unit cell: (15.298, 10.638, 14.264, 90, 90, 90)
Space group: P 1 (No. 1)

End of input processing
r_work=0.5204 r_free=0.3634
params.data_weight: None
params.restraints: qm
rmsd(b), start:  0.0863
mc:   0 R: 0.2582 rmsd(b):  0.2907 restraint_scale:  2.0 min_steps: 51
mc:   1 R: 0.1867 rmsd(b):  0.3686 restraint_scale:  4.0 min_steps: 41
mc:   2 R: 0.1867 rmsd(b):  0.3686 restraint_scale:  8.0 min_steps: 1
Convergence reached, stop now.
see the result structure:  ./p26/04_results/refine_qm/216_WGG11-new/1.2/7.pdb
Time: 126.7772
