phenix.python
you are importing  adaptive calculator, and it does nothing. Please give it energy, force....... 

============================== Collecting inputs ==============================


                   ----------Processing X-ray data----------                   

F-obs:
  /scratch/m_zhen01/31011.lupus.uni-muenster.de/p26/02_mtz/216_WGG11-new.mtz:F-obs
Miller array info: None
Observation type: xray.amplitude
Type of data: double, size=229
Type of sigmas: None
Number of Miller indices: 229
Anomalous flag: False
Unit cell: (15.298, 10.638, 14.264, 90, 90, 90)
Space group: P 1 (No. 1)
Systematic absences: 0
Centric reflections: 0
Resolution range: 3.86469 2.50082
Completeness in resolution range: 1
Completeness with d_max=infinity: 0.7411

Number of F-obs in resolution range:                   229
Number of F-obs<0 (these reflections will be rejected): 0
Number of F-obs=0 (these reflections will be used in refinement): 0
Refinement resolution range: d_max =   3.8647
                             d_min =   2.5008

R-free flags:
  /scratch/m_zhen01/31011.lupus.uni-muenster.de/p26/02_mtz/216_WGG11-new.mtz:R-free-flags
Miller array info: /scratch/m_zhen01/31011.lupus.uni-muenster.de/p26/02_mtz/216_WGG11-new.mtz:R-free-flags
Observation type: None
Type of data: int, size=229
Type of sigmas: None
Number of Miller indices: 229
Anomalous flag: False
Unit cell: (15.298, 10.638, 14.264, 90, 90, 90)
Space group: P 1 (No. 1)
Systematic absences: 0
Centric reflections: 0
Resolution range: 3.86469 2.50082
Completeness in resolution range: 1
Completeness with d_max=infinity: 0.7411
Wavelength: 1.0000

Test (R-free flags) flag value: 1

Number of work/free reflections by resolution:
                                  work free  %free
  bin  1: 3.8647 - 3.5696 [19/19]   11    8  42.1%
  bin  2: 3.5696 - 3.3480 [32/32]   32    0   0.0%
  bin  3: 3.3480 - 3.1728 [26/26]   26    0   0.0%
  bin  4: 3.1728 - 3.0294 [19/19]   19    0   0.0%
  bin  5: 3.0294 - 2.9088 [20/20]   16    4  20.0%
  bin  6: 2.9088 - 2.8054 [29/29]   29    0   0.0%
  bin  7: 2.8054 - 2.7153 [16/16]   16    0   0.0%
  bin  8: 2.7153 - 2.6357 [17/17]   17    0   0.0%
  bin  9: 2.6357 - 2.5647 [26/26]   22    4  15.4%
  bin 10: 2.5647 - 2.5008 [25/25]   25    0   0.0%
                          overall  213   16   7.0%

                   ----------Processing PDB file(s)----------                  

  Monomer Library directory:
    "/tmp1/m_zhen01/phenix-installer-1.10.1-2155-intel-linux-2.6-x86_64-centos5/phenix-1.10.1-2155/modules/chem_data/mon_lib"
  Total number of atoms: 41
  Number of models: 1
  Model: ""
    Number of chains: 1
    Chain: "A"
      Number of atoms: 41
      Number of conformers: 1
      Conformer: ""
        Number of residues, atoms: 3, 41
          Classifications: {'peptide': 3}
          Modifications used: {'NH2NOTPRO': 1, 'COOH': 1}
          Link IDs: {'TRANS': 2}
  Time building chain proxies: 0.07, per 1000 atoms: 1.71
  Number of scatterers: 41
  At special positions: 0
  Unit cell: (15.298, 10.638, 14.264, 90, 90, 90)
  Space group: P 1 (No. 1)
  Number of sites at special positions: 0
  Number of scattering types: 4
    Type Number    sf(0)
     O       4      8.00
     N       4      7.00
     C      15      6.00
     H      18      1.00
    sf(0) = scattering factor at diffraction angle 0.

  Number of disulfides: simple=0, symmetry=0

  Automatic linking
    Parameters for automatic linking
      Linking & cutoffs
        Metal                : False - 3.50
        Amimo acid           : False - 1.90
        Carbohydrate         : True  - 1.99
        Ligands              : True  - 1.99
        Amino acid - RNA/DNA : False
      
  Number of custom bonds: simple=0, symmetry=0
  Time building additional restraints: 0.03
  Conformation dependent library (CDL) restraints added in 3.0 milliseconds
  
  Adding C-beta torsion restraints...
  Number of C-beta restraints generated:  2
  Time building geometry restraints manager: 0.03 seconds

  NOTE: a complete listing of the restraints can be obtained by requesting
        output of .geo file.

  Histogram of bond lengths:
        0.87 -     1.00: 17
        1.00 -     1.14: 1
        1.14 -     1.28: 3
        1.28 -     1.42: 9
        1.42 -     1.56: 12
  Bond restraints: 42
  Sorted by residual:
  bond pdb=" CA  GLY A   2 "
       pdb=" N   GLY A   2 "
    ideal  model  delta    sigma   weight residual
    1.449  1.489 -0.040 1.45e-02 4.76e+03 7.68e+00
  bond pdb=" CB  TRP A   1 "
       pdb=" HB1 TRP A   1 "
    ideal  model  delta    sigma   weight residual
    0.970  1.017 -0.047 2.00e-02 2.50e+03 5.60e+00
  bond pdb=" CE2 TRP A   1 "
       pdb=" CD2 TRP A   1 "
    ideal  model  delta    sigma   weight residual
    1.409  1.439 -0.030 1.70e-02 3.46e+03 3.17e+00
  bond pdb=" CA  GLY A   3 "
       pdb=" HA1 GLY A   3 "
    ideal  model  delta    sigma   weight residual
    0.970  0.935  0.035 2.00e-02 2.50e+03 3.15e+00
  bond pdb=" CZ3 TRP A   1 "
       pdb=" CE3 TRP A   1 "
    ideal  model  delta    sigma   weight residual
    1.382  1.428 -0.046 3.00e-02 1.11e+03 2.33e+00
  ... (remaining 37 not shown)

  Histogram of bond angle deviations from ideal:
      103.85 -   110.11: 21
      110.11 -   116.37: 13
      116.37 -   122.63: 21
      122.63 -   128.90: 12
      128.90 -   135.16: 2
  Bond angle restraints: 69
  Sorted by residual:
  angle pdb=" O   GLY A   2 "
        pdb=" C   GLY A   2 "
        pdb=" N   GLY A   3 "
      ideal   model   delta    sigma   weight residual
     122.70  117.27    5.43 1.30e+00 5.92e-01 1.75e+01
  angle pdb=" CA  GLY A   2 "
        pdb=" C   GLY A   2 "
        pdb=" N   GLY A   3 "
      ideal   model   delta    sigma   weight residual
     116.69  123.17   -6.48 2.04e+00 2.40e-01 1.01e+01
  angle pdb=" HA1 GLY A   2 "
        pdb=" CA  GLY A   2 "
        pdb=" N   GLY A   2 "
      ideal   model   delta    sigma   weight residual
     110.00  103.85    6.15 3.00e+00 1.11e-01 4.21e+00
  angle pdb=" C   GLY A   2 "
        pdb=" N   GLY A   3 "
        pdb=" CA  GLY A   3 "
      ideal   model   delta    sigma   weight residual
     121.70  118.90    2.80 1.80e+00 3.09e-01 2.42e+00
  angle pdb=" N   TRP A   1 "
        pdb=" CA  TRP A   1 "
        pdb=" CB  TRP A   1 "
      ideal   model   delta    sigma   weight residual
     110.50  112.88   -2.38 1.70e+00 3.46e-01 1.95e+00
  ... (remaining 64 not shown)

  Histogram of dihedral angle deviations from ideal:
        0.18 -     6.97: 12
        6.97 -    13.76: 0
       13.76 -    20.56: 1
       20.56 -    27.35: 0
       27.35 -    34.14: 1
  Dihedral angle restraints: 14
    sinusoidal: 3
      harmonic: 11
  Sorted by residual:
  dihedral pdb=" OXT GLY A   3 "
           pdb=" C   GLY A   3 "
           pdb=" CA  GLY A   3 "
           pdb=" N   GLY A   3 "
      ideal   model   delta sinusoidal    sigma   weight residual
     160.00  125.86   34.14     2      3.00e+01 1.11e-03 1.68e+00
  dihedral pdb=" N   TRP A   1 "
           pdb=" C   TRP A   1 "
           pdb=" CA  TRP A   1 "
           pdb=" CB  TRP A   1 "
      ideal   model   delta  harmonic     sigma   weight residual
     122.80  125.66   -2.86     0      2.50e+00 1.60e-01 1.31e+00
  dihedral pdb=" CA  TRP A   1 "
           pdb=" CB  TRP A   1 "
           pdb=" CG  TRP A   1 "
           pdb=" CD1 TRP A   1 "
      ideal   model   delta sinusoidal    sigma   weight residual
      90.00  107.10  -17.10     2      2.00e+01 2.50e-03 1.04e+00
  ... (remaining 11 not shown)

  Histogram of chiral volume deviations from ideal:
       0.046 -    0.046: 1
       0.046 -    0.046: 0
       0.046 -    0.046: 0
       0.046 -    0.046: 0
       0.046 -    0.046: 0
  Chirality restraints: 1
  Sorted by residual:
  chirality pdb=" CA  TRP A   1 "
            pdb=" C   TRP A   1 "
            pdb=" N   TRP A   1 "
            pdb=" CB  TRP A   1 "
    both_signs  ideal   model   delta    sigma   weight residual
      False     -2.51   -2.46   -0.05 2.00e-01 2.50e+01 5.26e-02

  Planarity restraints: 6
  Sorted by residual:
                                 delta    sigma   weight rms_deltas residual
  plane pdb=" CB  TRP A   1 "   -0.025 2.00e-02 2.50e+03   1.53e-02 9.33e+00
        pdb=" CG  TRP A   1 "   -0.011 2.00e-02 2.50e+03
        pdb=" CD1 TRP A   1 "    0.029 2.00e-02 2.50e+03
        pdb=" HD1 TRP A   1 "   -0.009 2.00e-02 2.50e+03
        pdb=" NE1 TRP A   1 "   -0.012 2.00e-02 2.50e+03
        pdb=" HE1 TRP A   1 "    0.011 2.00e-02 2.50e+03
        pdb=" CE2 TRP A   1 "    0.009 2.00e-02 2.50e+03
        pdb=" CZ2 TRP A   1 "    0.005 2.00e-02 2.50e+03
        pdb=" HZ2 TRP A   1 "   -0.003 2.00e-02 2.50e+03
        pdb=" CH2 TRP A   1 "   -0.017 2.00e-02 2.50e+03
        pdb=" HH2 TRP A   1 "   -0.002 2.00e-02 2.50e+03
        pdb=" CZ3 TRP A   1 "   -0.003 2.00e-02 2.50e+03
        pdb=" HZ3 TRP A   1 "   -0.006 2.00e-02 2.50e+03
        pdb=" CE3 TRP A   1 "   -0.002 2.00e-02 2.50e+03
        pdb=" HE3 TRP A   1 "    0.037 2.00e-02 2.50e+03
        pdb=" CD2 TRP A   1 "   -0.001 2.00e-02 2.50e+03
                                 delta    sigma   weight rms_deltas residual
  plane pdb=" C   TRP A   1 "    0.029 2.00e-02 2.50e+03   1.68e-02 2.83e+00
        pdb=" O   TRP A   1 "   -0.011 2.00e-02 2.50e+03
        pdb=" CA  TRP A   1 "   -0.008 2.00e-02 2.50e+03
        pdb=" N   GLY A   2 "   -0.010 2.00e-02 2.50e+03
                                 delta    sigma   weight rms_deltas residual
  plane pdb=" C   GLY A   2 "   -0.019 2.00e-02 2.50e+03   1.12e-02 1.25e+00
        pdb=" O   GLY A   2 "    0.007 2.00e-02 2.50e+03
        pdb=" CA  GLY A   2 "    0.006 2.00e-02 2.50e+03
        pdb=" N   GLY A   3 "    0.007 2.00e-02 2.50e+03
  ... (remaining 3 not shown)

  Histogram of nonbonded interaction distances:
        2.09 -     2.65: 30
        2.65 -     3.21: 46
        3.21 -     3.77: 71
        3.77 -     4.33: 56
        4.33 -     4.89: 81
  Nonbonded interactions: 284
  Sorted by model distance:
  nonbonded pdb=" H1  TRP A   1 "
            pdb=" H   GLY A   2 "
     model   vdw
     2.090 2.100
  nonbonded pdb=" H2  TRP A   1 "
            pdb=" HE3 TRP A   1 "
     model   vdw
     2.133 2.100
  nonbonded pdb=" O   GLY A   3 "
            pdb=" HXT GLY A   3 "
     model   vdw
     2.200 2.056
  nonbonded pdb=" HA1 GLY A   3 "
            pdb=" H   GLY A   3 "
     model   vdw
     2.213 1.816
  nonbonded pdb=" O   GLY A   2 "
            pdb=" HA2 GLY A   3 "
     model   vdw
     2.298 2.740
  ... (remaining 279 not shown)

  NOTE: a complete listing of the restraints can be obtained by requesting
        output of .geo file.

                   ----------xray_structure summary----------                  

Number of scattering types: 4
  Type Number    sf(0)   Gaussians
   O       4      7.97       2
   N       4      6.97       2
   C      15      5.97       2
   H      18      1.00       2
  sf(0) = scattering factor at diffraction angle 0.
Number of scatterers: 41
At special positions: 0
Unit cell: (15.298, 10.638, 14.264, 90, 90, 90)
Space group: P 1 (No. 1)

End of input processing
r_work=0.5305 r_free=0.3263
params.data_weight: None
params.restraints: qm
rmsd(b), start:  0.0827
mc:   0 R: 0.2080 rmsd(b):  0.4688 restraint_scale:  2.0 min_steps: 54
mc:   1 R: 0.1203 rmsd(b):  0.4006 restraint_scale:  4.0 min_steps: 53
mc:   2 R: 0.1273 rmsd(b):  0.4190 restraint_scale:  8.0 min_steps: 33
mc:   3 R: 0.1427 rmsd(b):  0.4241 restraint_scale: 16.0 min_steps: 15
mc:   4 R: 0.1529 rmsd(b):  0.4328 restraint_scale: 32.0 min_steps: 9
mc:   5 R: 0.1865 rmsd(b):  0.4900 restraint_scale: 64.0 min_steps: 50
mc:   6 R: 0.1865 rmsd(b):  0.4900 restraint_scale: 128.0 min_steps: 1
Convergence reached, stop now.
see the result structure:  ./p26/04_results/refine_qm/216_WGG11-new/1.2/9.pdb
Time: 289.4656
