phenix.python
you are importing  adaptive calculator, and it does nothing. Please give it energy, force....... 

============================== Collecting inputs ==============================


                   ----------Processing X-ray data----------                   

F-obs:
  /scratch/m_zhen01/31011.lupus.uni-muenster.de/p26/02_mtz/193_WG06-new.mtz:F-obs
Miller array info: None
Observation type: xray.amplitude
Type of data: double, size=198
Type of sigmas: None
Number of Miller indices: 198
Anomalous flag: False
Unit cell: (14.078, 12.868, 10.869, 90, 90, 90)
Space group: P 1 (No. 1)
Systematic absences: 0
Centric reflections: 0
Resolution range: 3.98988 2.50317
Completeness in resolution range: 1
Completeness with d_max=infinity: 0.75

Number of F-obs in resolution range:                   198
Number of F-obs<0 (these reflections will be rejected): 0
Number of F-obs=0 (these reflections will be used in refinement): 0
Refinement resolution range: d_max =   3.9899
                             d_min =   2.5032

R-free flags:
  /scratch/m_zhen01/31011.lupus.uni-muenster.de/p26/02_mtz/193_WG06-new.mtz:R-free-flags
Miller array info: /scratch/m_zhen01/31011.lupus.uni-muenster.de/p26/02_mtz/193_WG06-new.mtz:R-free-flags
Observation type: None
Type of data: int, size=198
Type of sigmas: None
Number of Miller indices: 198
Anomalous flag: False
Unit cell: (14.078, 12.868, 10.869, 90, 90, 90)
Space group: P 1 (No. 1)
Systematic absences: 0
Centric reflections: 0
Resolution range: 3.98988 2.50317
Completeness in resolution range: 1
Completeness with d_max=infinity: 0.75
Wavelength: 1.0000

Test (R-free flags) flag value: 1

Number of work/free reflections by resolution:
                                  work free  %free
  bin  1: 3.9899 - 3.6511 [14/14]   12    2  14.3%
  bin  2: 3.6511 - 3.4043 [24/24]   24    0   0.0%
  bin  3: 3.4043 - 3.2130 [21/21]   21    0   0.0%
  bin  4: 3.2130 - 3.0586 [22/22]   20    2   9.1%
  bin  5: 3.0586 - 2.9301 [18/18]   18    0   0.0%
  bin  6: 2.9301 - 2.8208 [16/16]   16    0   0.0%
  bin  7: 2.8208 - 2.7262 [15/15]   15    0   0.0%
  bin  8: 2.7262 - 2.6431 [27/27]   23    4  14.8%
  bin  9: 2.6431 - 2.5694 [27/27]   27    0   0.0%
  bin 10: 2.5694 - 2.5032 [14/14]   14    0   0.0%
                          overall  190    8   4.0%

                   ----------Processing PDB file(s)----------                  

  Monomer Library directory:
    "/tmp1/m_zhen01/phenix-installer-1.10.1-2155-intel-linux-2.6-x86_64-centos5/phenix-1.10.1-2155/modules/chem_data/mon_lib"
  Total number of atoms: 34
  Number of models: 1
  Model: ""
    Number of chains: 1
    Chain: "A"
      Number of atoms: 34
      Number of conformers: 1
      Conformer: ""
        Number of residues, atoms: 2, 34
          Classifications: {'peptide': 2}
          Modifications used: {'NH2NOTPRO': 1, 'COOH': 1}
          Link IDs: {'TRANS': 1}
  Time building chain proxies: 0.08, per 1000 atoms: 2.35
  Number of scatterers: 34
  At special positions: 0
  Unit cell: (14.078, 12.868, 10.869, 90, 90, 90)
  Space group: P 1 (No. 1)
  Number of sites at special positions: 0
  Number of scattering types: 4
    Type Number    sf(0)
     O       3      8.00
     N       3      7.00
     C      13      6.00
     H      15      1.00
    sf(0) = scattering factor at diffraction angle 0.

  Number of disulfides: simple=0, symmetry=0

  Automatic linking
    Parameters for automatic linking
      Linking & cutoffs
        Metal                : False - 3.50
        Amimo acid           : False - 1.90
        Carbohydrate         : True  - 1.99
        Ligands              : True  - 1.99
        Amino acid - RNA/DNA : False
      
  Number of custom bonds: simple=0, symmetry=0
  Time building additional restraints: 0.02
  Conformation dependent library (CDL) restraints added in 528.1 microseconds
  
  Adding C-beta torsion restraints...
  Number of C-beta restraints generated:  2
  Time building geometry restraints manager: 0.03 seconds

  NOTE: a complete listing of the restraints can be obtained by requesting
        output of .geo file.

  Histogram of bond lengths:
        0.88 -     1.02: 15
        1.02 -     1.17: 0
        1.17 -     1.32: 2
        1.32 -     1.46: 13
        1.46 -     1.61: 5
  Bond restraints: 35
  Sorted by residual:
  bond pdb=" CB  TRP A   1 "
       pdb=" CG  TRP A   1 "
    ideal  model  delta    sigma   weight residual
    1.498  1.609 -0.111 3.10e-02 1.04e+03 1.27e+01
  bond pdb=" CA  GLY A   2 "
       pdb=" N   GLY A   2 "
    ideal  model  delta    sigma   weight residual
    1.451  1.485 -0.034 1.60e-02 3.91e+03 4.52e+00
  bond pdb=" CH2 TRP A   1 "
       pdb=" CZ3 TRP A   1 "
    ideal  model  delta    sigma   weight residual
    1.400  1.357  0.043 2.50e-02 1.60e+03 2.98e+00
  bond pdb=" CA  TRP A   1 "
       pdb=" CB  TRP A   1 "
    ideal  model  delta    sigma   weight residual
    1.530  1.559 -0.029 2.00e-02 2.50e+03 2.11e+00
  bond pdb=" CB  TRP A   1 "
       pdb=" HB2 TRP A   1 "
    ideal  model  delta    sigma   weight residual
    0.970  0.941  0.029 2.00e-02 2.50e+03 2.04e+00
  ... (remaining 30 not shown)

  Histogram of bond angle deviations from ideal:
      104.81 -   110.81: 20
      110.81 -   116.82: 6
      116.82 -   122.82: 20
      122.82 -   128.83: 8
      128.83 -   134.83: 3
  Bond angle restraints: 57
  Sorted by residual:
  angle pdb=" CA  TRP A   1 "
        pdb=" CB  TRP A   1 "
        pdb=" CG  TRP A   1 "
      ideal   model   delta    sigma   weight residual
     113.60  118.79   -5.19 1.90e+00 2.77e-01 7.47e+00
  angle pdb=" CB  TRP A   1 "
        pdb=" CG  TRP A   1 "
        pdb=" CD2 TRP A   1 "
      ideal   model   delta    sigma   weight residual
     126.80  130.06   -3.26 1.40e+00 5.10e-01 5.44e+00
  angle pdb=" CA  TRP A   1 "
        pdb=" C   TRP A   1 "
        pdb=" N   GLY A   2 "
      ideal   model   delta    sigma   weight residual
     116.20  119.43   -3.23 2.00e+00 2.50e-01 2.61e+00
  angle pdb=" OXT GLY A   2 "
        pdb=" C   GLY A   2 "
        pdb=" CA  GLY A   2 "
      ideal   model   delta    sigma   weight residual
     118.60  123.43   -4.83 3.00e+00 1.11e-01 2.59e+00
  angle pdb=" O   TRP A   1 "
        pdb=" C   TRP A   1 "
        pdb=" N   GLY A   2 "
      ideal   model   delta    sigma   weight residual
     123.00  120.73    2.27 1.60e+00 3.91e-01 2.01e+00
  ... (remaining 52 not shown)

  Histogram of dihedral angle deviations from ideal:
        0.12 -    36.00: 12
       36.00 -    71.88: 0
       71.88 -   107.76: 0
      107.76 -   143.64: 0
      143.64 -   179.52: 1
  Dihedral angle restraints: 13
    sinusoidal: 3
      harmonic: 10
  Sorted by residual:
  dihedral pdb=" O   GLY A   2 "
           pdb=" C   GLY A   2 "
           pdb=" OXT GLY A   2 "
           pdb=" HXT GLY A   2 "
      ideal   model   delta  harmonic     sigma   weight residual
       0.00  179.52 -179.52     0      3.00e+01 1.11e-03 3.58e+01
  dihedral pdb=" CA  TRP A   1 "
           pdb=" C   TRP A   1 "
           pdb=" N   GLY A   2 "
           pdb=" CA  GLY A   2 "
      ideal   model   delta  harmonic     sigma   weight residual
     180.00  171.48    8.52     0      5.00e+00 4.00e-02 2.90e+00
  dihedral pdb=" CA  TRP A   1 "
           pdb=" CB  TRP A   1 "
           pdb=" CG  TRP A   1 "
           pdb=" CD1 TRP A   1 "
      ideal   model   delta sinusoidal    sigma   weight residual
     -90.00 -109.90   19.90     2      2.00e+01 2.50e-03 1.39e+00
  ... (remaining 10 not shown)

  Histogram of chiral volume deviations from ideal:
       0.050 -    0.050: 1
       0.050 -    0.050: 0
       0.050 -    0.050: 0
       0.050 -    0.050: 0
       0.050 -    0.050: 0
  Chirality restraints: 1
  Sorted by residual:
  chirality pdb=" CA  TRP A   1 "
            pdb=" C   TRP A   1 "
            pdb=" N   TRP A   1 "
            pdb=" CB  TRP A   1 "
    both_signs  ideal   model   delta    sigma   weight residual
      False     -2.51   -2.56    0.05 2.00e-01 2.50e+01 6.15e-02

  Planarity restraints: 4
  Sorted by residual:
                                 delta    sigma   weight rms_deltas residual
  plane pdb=" CB  TRP A   1 "   -0.010 2.00e-02 2.50e+03   1.33e-02 7.04e+00
        pdb=" CG  TRP A   1 "    0.003 2.00e-02 2.50e+03
        pdb=" CD1 TRP A   1 "   -0.012 2.00e-02 2.50e+03
        pdb=" HD1 TRP A   1 "    0.012 2.00e-02 2.50e+03
        pdb=" NE1 TRP A   1 "   -0.023 2.00e-02 2.50e+03
        pdb=" HE1 TRP A   1 "    0.018 2.00e-02 2.50e+03
        pdb=" CE2 TRP A   1 "   -0.010 2.00e-02 2.50e+03
        pdb=" CZ2 TRP A   1 "   -0.004 2.00e-02 2.50e+03
        pdb=" HZ2 TRP A   1 "    0.009 2.00e-02 2.50e+03
        pdb=" CH2 TRP A   1 "   -0.020 2.00e-02 2.50e+03
        pdb=" HH2 TRP A   1 "    0.010 2.00e-02 2.50e+03
        pdb=" CZ3 TRP A   1 "   -0.017 2.00e-02 2.50e+03
        pdb=" HZ3 TRP A   1 "    0.006 2.00e-02 2.50e+03
        pdb=" CE3 TRP A   1 "    0.017 2.00e-02 2.50e+03
        pdb=" HE3 TRP A   1 "    0.004 2.00e-02 2.50e+03
        pdb=" CD2 TRP A   1 "    0.017 2.00e-02 2.50e+03
                                 delta    sigma   weight rms_deltas residual
  plane pdb=" C   TRP A   1 "    0.003 2.00e-02 2.50e+03   6.16e-03 3.80e-01
        pdb=" CA  GLY A   2 "    0.003 2.00e-02 2.50e+03
        pdb=" N   GLY A   2 "   -0.011 2.00e-02 2.50e+03
        pdb=" H   GLY A   2 "    0.005 2.00e-02 2.50e+03
                                 delta    sigma   weight rms_deltas residual
  plane pdb=" O   GLY A   2 "   -0.002 2.00e-02 2.50e+03   1.92e-03 4.62e-02
        pdb=" C   GLY A   2 "    0.001 2.00e-02 2.50e+03
        pdb=" OXT GLY A   2 "    0.003 2.00e-02 2.50e+03
        pdb=" HXT GLY A   2 "   -0.003 2.00e-02 2.50e+03
        pdb=" CA  GLY A   2 "    0.000 2.00e-02 2.50e+03
  ... (remaining 1 not shown)

  Histogram of nonbonded interaction distances:
        2.10 -     2.66: 23
        2.66 -     3.22: 42
        3.22 -     3.78: 42
        3.78 -     4.34: 46
        4.34 -     4.90: 69
  Nonbonded interactions: 222
  Sorted by model distance:
  nonbonded pdb=" HA  TRP A   1 "
            pdb=" H1  TRP A   1 "
     model   vdw
     2.097 1.816
  nonbonded pdb=" HA2 GLY A   2 "
            pdb=" H   GLY A   2 "
     model   vdw
     2.143 1.816
  nonbonded pdb=" HH2 TRP A   1 "
            pdb=" HZ3 TRP A   1 "
     model   vdw
     2.279 1.680
  nonbonded pdb=" HA  TRP A   1 "
            pdb=" HB2 TRP A   1 "
     model   vdw
     2.289 1.952
  nonbonded pdb=" HXT GLY A   2 "
            pdb=" HA1 GLY A   2 "
     model   vdw
     2.302 2.270
  ... (remaining 217 not shown)

  NOTE: a complete listing of the restraints can be obtained by requesting
        output of .geo file.

                   ----------xray_structure summary----------                  

Number of scattering types: 4
  Type Number    sf(0)   Gaussians
   O       3      7.97       2
   N       3      6.97       2
   C      13      5.97       2
   H      15      1.00       2
  sf(0) = scattering factor at diffraction angle 0.
Number of scatterers: 34
At special positions: 0
Unit cell: (14.078, 12.868, 10.869, 90, 90, 90)
Space group: P 1 (No. 1)

End of input processing
r_work=0.5821 r_free=0.5822
params.data_weight: None
params.restraints: qm
rmsd(b), start:  0.0829
mc:   0 R: 0.5434 rmsd(b):  0.0274 restraint_scale:  1.0 min_steps: 52
mc:   1 R: 0.5233 rmsd(b):  0.0274 restraint_scale:  1.0 min_steps: 55
mc:   2 R: 0.5029 rmsd(b):  0.0275 restraint_scale:  1.0 min_steps: 57
mc:   3 R: 0.5029 rmsd(b):  0.0275 restraint_scale:  1.0 min_steps: 1
Convergence reached, stop now.
see the result structure:  ./p26/04_results/refine_qm/193_WG06-new/0.9/1.pdb
Time: 158.1872
