phenix.python
you are importing  adaptive calculator, and it does nothing. Please give it energy, force....... 

============================== Collecting inputs ==============================


                   ----------Processing X-ray data----------                   

F-obs:
  /scratch/m_zhen01/30995.lupus.uni-muenster.de/p26/02_mtz/260_FGG412-new.mtz:F-obs
Miller array info: None
Observation type: xray.amplitude
Type of data: double, size=198
Type of sigmas: None
Number of Miller indices: 198
Anomalous flag: False
Unit cell: (13.225, 13.658, 10.482, 90, 90, 90)
Space group: P 1 (No. 1)
Systematic absences: 0
Centric reflections: 0
Resolution range: 3.98202 2.52056
Completeness in resolution range: 1
Completeness with d_max=infinity: 0.767442

Number of F-obs in resolution range:                   198
Number of F-obs<0 (these reflections will be rejected): 0
Number of F-obs=0 (these reflections will be used in refinement): 0
Refinement resolution range: d_max =   3.9820
                             d_min =   2.5206

R-free flags:
  /scratch/m_zhen01/30995.lupus.uni-muenster.de/p26/02_mtz/260_FGG412-new.mtz:R-free-flags
Miller array info: /scratch/m_zhen01/30995.lupus.uni-muenster.de/p26/02_mtz/260_FGG412-new.mtz:R-free-flags
Observation type: None
Type of data: int, size=198
Type of sigmas: None
Number of Miller indices: 198
Anomalous flag: False
Unit cell: (13.225, 13.658, 10.482, 90, 90, 90)
Space group: P 1 (No. 1)
Systematic absences: 0
Centric reflections: 0
Resolution range: 3.98202 2.52056
Completeness in resolution range: 1
Completeness with d_max=infinity: 0.767442
Wavelength: 1.0000

Test (R-free flags) flag value: 1

Number of work/free reflections by resolution:
                                  work free  %free
  bin  1: 3.9820 - 3.6539 [20/20]   20    0   0.0%
  bin  2: 3.6539 - 3.4127 [16/16]   16    0   0.0%
  bin  3: 3.4127 - 3.2247 [23/23]   21    2   8.7%
  bin  4: 3.2247 - 3.0724 [14/14]   12    2  14.3%
  bin  5: 3.0724 - 2.9452 [28/28]   28    0   0.0%
  bin  6: 2.9452 - 2.8368 [10/10]   10    0   0.0%
  bin  7: 2.8368 - 2.7428 [12/12]   10    2  16.7%
  bin  8: 2.7428 - 2.6601 [25/25]   23    2   8.0%
  bin  9: 2.6601 - 2.5866 [26/26]   26    0   0.0%
  bin 10: 2.5866 - 2.5206 [24/24]   24    0   0.0%
                          overall  190    8   4.0%

                   ----------Processing PDB file(s)----------                  

  Monomer Library directory:
    "/tmp1/m_zhen01/phenix-installer-1.10.1-2155-intel-linux-2.6-x86_64-centos5/phenix-1.10.1-2155/modules/chem_data/mon_lib"
  Total number of atoms: 37
  Number of models: 1
  Model: ""
    Number of chains: 1
    Chain: "A"
      Number of atoms: 37
      Number of conformers: 1
      Conformer: ""
        Number of residues, atoms: 3, 37
          Classifications: {'peptide': 3}
          Modifications used: {'NH2NOTPRO': 1, 'COOH': 1}
          Link IDs: {'TRANS': 2}
  Time building chain proxies: 0.06, per 1000 atoms: 1.62
  Number of scatterers: 37
  At special positions: 0
  Unit cell: (13.225, 13.658, 10.482, 90, 90, 90)
  Space group: P 1 (No. 1)
  Number of sites at special positions: 0
  Number of scattering types: 4
    Type Number    sf(0)
     O       4      8.00
     N       3      7.00
     C      13      6.00
     H      17      1.00
    sf(0) = scattering factor at diffraction angle 0.

  Number of disulfides: simple=0, symmetry=0

  Automatic linking
    Parameters for automatic linking
      Linking & cutoffs
        Metal                : False - 3.50
        Amimo acid           : False - 1.90
        Carbohydrate         : True  - 1.99
        Ligands              : True  - 1.99
        Amino acid - RNA/DNA : False
      
  Number of custom bonds: simple=0, symmetry=0
  Time building additional restraints: 0.02
  Conformation dependent library (CDL) restraints added in 2.5 milliseconds
  
  Adding C-beta torsion restraints...
  Number of C-beta restraints generated:  2
  Time building geometry restraints manager: 0.03 seconds

  NOTE: a complete listing of the restraints can be obtained by requesting
        output of .geo file.

  Histogram of bond lengths:
        0.82 -     0.97: 10
        0.97 -     1.12: 7
        1.12 -     1.26: 3
        1.26 -     1.41: 9
        1.41 -     1.55: 8
  Bond restraints: 37
  Sorted by residual:
  bond pdb=" CA  GLY A   3 "
       pdb=" N   GLY A   3 "
    ideal  model  delta    sigma   weight residual
    1.451  1.407  0.044 1.60e-02 3.91e+03 7.71e+00
  bond pdb=" C   GLY A   3 "
       pdb=" CA  GLY A   3 "
    ideal  model  delta    sigma   weight residual
    1.516  1.555 -0.039 1.80e-02 3.09e+03 4.61e+00
  bond pdb=" O   GLY A   3 "
       pdb=" C   GLY A   3 "
    ideal  model  delta    sigma   weight residual
    1.185  1.227 -0.042 2.00e-02 2.50e+03 4.51e+00
  bond pdb=" CE1 PHE A   1 "
       pdb=" HE1 PHE A   1 "
    ideal  model  delta    sigma   weight residual
    0.930  0.890  0.040 2.00e-02 2.50e+03 4.09e+00
  bond pdb=" CD2 PHE A   1 "
       pdb=" HD2 PHE A   1 "
    ideal  model  delta    sigma   weight residual
    0.930  0.893  0.037 2.00e-02 2.50e+03 3.43e+00
  ... (remaining 32 not shown)

  Histogram of bond angle deviations from ideal:
      102.93 -   108.92: 12
      108.92 -   114.91: 16
      114.91 -   120.90: 20
      120.90 -   126.89: 10
      126.89 -   132.88: 2
  Bond angle restraints: 60
  Sorted by residual:
  angle pdb=" C   PHE A   1 "
        pdb=" N   GLY A   2 "
        pdb=" H   GLY A   2 "
      ideal   model   delta    sigma   weight residual
     124.30  132.88   -8.58 3.00e+00 1.11e-01 8.18e+00
  angle pdb=" C   GLY A   3 "
        pdb=" OXT GLY A   3 "
        pdb=" HXT GLY A   3 "
      ideal   model   delta    sigma   weight residual
     108.00  115.11   -7.11 3.00e+00 1.11e-01 5.62e+00
  angle pdb=" N   PHE A   1 "
        pdb=" CA  PHE A   1 "
        pdb=" CB  PHE A   1 "
      ideal   model   delta    sigma   weight residual
     110.50  114.05   -3.55 1.70e+00 3.46e-01 4.36e+00
  angle pdb=" CA  GLY A   2 "
        pdb=" N   GLY A   2 "
        pdb=" H   GLY A   2 "
      ideal   model   delta    sigma   weight residual
     114.00  107.87    6.13 3.00e+00 1.11e-01 4.17e+00
  angle pdb=" HA  PHE A   1 "
        pdb=" CA  PHE A   1 "
        pdb=" CB  PHE A   1 "
      ideal   model   delta    sigma   weight residual
     109.00  102.93    6.07 3.00e+00 1.11e-01 4.09e+00
  ... (remaining 55 not shown)

  Histogram of dihedral angle deviations from ideal:
        0.01 -     3.13: 8
        3.13 -     6.25: 3
        6.25 -     9.37: 1
        9.37 -    12.49: 0
       12.49 -    15.61: 1
  Dihedral angle restraints: 13
    sinusoidal: 3
      harmonic: 10
  Sorted by residual:
  dihedral pdb=" CA  GLY A   2 "
           pdb=" C   GLY A   2 "
           pdb=" N   GLY A   3 "
           pdb=" CA  GLY A   3 "
      ideal   model   delta  harmonic     sigma   weight residual
    -180.00 -172.40   -7.60     0      5.00e+00 4.00e-02 2.31e+00
  dihedral pdb=" N   PHE A   1 "
           pdb=" C   PHE A   1 "
           pdb=" CA  PHE A   1 "
           pdb=" CB  PHE A   1 "
      ideal   model   delta  harmonic     sigma   weight residual
     122.80  126.03   -3.23     0      2.50e+00 1.60e-01 1.67e+00
  dihedral pdb=" C   PHE A   1 "
           pdb=" N   PHE A   1 "
           pdb=" CA  PHE A   1 "
           pdb=" CB  PHE A   1 "
      ideal   model   delta  harmonic     sigma   weight residual
    -122.60 -124.26    1.66     0      2.50e+00 1.60e-01 4.39e-01
  ... (remaining 10 not shown)

  Histogram of chiral volume deviations from ideal:
       0.019 -    0.019: 1
       0.019 -    0.019: 0
       0.019 -    0.019: 0
       0.019 -    0.019: 0
       0.019 -    0.019: 0
  Chirality restraints: 1
  Sorted by residual:
  chirality pdb=" CA  PHE A   1 "
            pdb=" C   PHE A   1 "
            pdb=" N   PHE A   1 "
            pdb=" CB  PHE A   1 "
    both_signs  ideal   model   delta    sigma   weight residual
      False     -2.51   -2.49   -0.02 2.00e-01 2.50e+01 9.45e-03

  Planarity restraints: 6
  Sorted by residual:
                                 delta    sigma   weight rms_deltas residual
  plane pdb=" CB  PHE A   1 "   -0.018 2.00e-02 2.50e+03   1.01e-02 3.05e+00
        pdb=" CG  PHE A   1 "    0.022 2.00e-02 2.50e+03
        pdb=" CD2 PHE A   1 "    0.012 2.00e-02 2.50e+03
        pdb=" HD2 PHE A   1 "   -0.001 2.00e-02 2.50e+03
        pdb=" CE2 PHE A   1 "   -0.004 2.00e-02 2.50e+03
        pdb=" HE2 PHE A   1 "   -0.010 2.00e-02 2.50e+03
        pdb=" CZ  PHE A   1 "   -0.003 2.00e-02 2.50e+03
        pdb=" HZ  PHE A   1 "    0.007 2.00e-02 2.50e+03
        pdb=" CE1 PHE A   1 "   -0.006 2.00e-02 2.50e+03
        pdb=" HE1 PHE A   1 "   -0.004 2.00e-02 2.50e+03
        pdb=" CD1 PHE A   1 "    0.005 2.00e-02 2.50e+03
        pdb=" HD1 PHE A   1 "   -0.000 2.00e-02 2.50e+03
                                 delta    sigma   weight rms_deltas residual
  plane pdb=" C   PHE A   1 "    0.022 2.00e-02 2.50e+03   1.29e-02 1.66e+00
        pdb=" O   PHE A   1 "   -0.008 2.00e-02 2.50e+03
        pdb=" CA  PHE A   1 "   -0.006 2.00e-02 2.50e+03
        pdb=" N   GLY A   2 "   -0.008 2.00e-02 2.50e+03
                                 delta    sigma   weight rms_deltas residual
  plane pdb=" O   GLY A   3 "   -0.003 2.00e-02 2.50e+03   1.10e-02 1.52e+00
        pdb=" C   GLY A   3 "   -0.004 2.00e-02 2.50e+03
        pdb=" OXT GLY A   3 "   -0.017 2.00e-02 2.50e+03
        pdb=" HXT GLY A   3 "    0.015 2.00e-02 2.50e+03
        pdb=" CA  GLY A   3 "    0.008 2.00e-02 2.50e+03
  ... (remaining 3 not shown)

  Histogram of nonbonded interaction distances:
        1.98 -     2.56: 23
        2.56 -     3.14: 62
        3.14 -     3.73: 72
        3.73 -     4.31: 86
        4.31 -     4.90: 86
  Nonbonded interactions: 329
  Sorted by model distance:
  nonbonded pdb=" O   PHE A   1 "
            pdb=" H   GLY A   3 "
     model   vdw
     1.976 1.970
  nonbonded pdb=" HA1 GLY A   2 "
            pdb=" H   GLY A   2 "
     model   vdw
     2.000 1.816
  nonbonded pdb=" HA2 GLY A   3 "
            pdb=" H   GLY A   3 "
     model   vdw
     2.105 1.816
  nonbonded pdb=" H2  PHE A   1 "
            pdb=" HD2 PHE A   1 "
     model   vdw
     2.126 2.100
  nonbonded pdb=" HA  PHE A   1 "
            pdb=" HB1 PHE A   1 "
     model   vdw
     2.199 1.952
  ... (remaining 324 not shown)

  NOTE: a complete listing of the restraints can be obtained by requesting
        output of .geo file.

                   ----------xray_structure summary----------                  

Number of scattering types: 4
  Type Number    sf(0)   Gaussians
   O       4      7.97       2
   N       3      6.97       2
   C      13      5.97       2
   H      17      1.00       2
  sf(0) = scattering factor at diffraction angle 0.
Number of scatterers: 37
At special positions: 0
Unit cell: (13.225, 13.658, 10.482, 90, 90, 90)
Space group: P 1 (No. 1)

End of input processing
r_work=0.2193 r_free=0.1686
params.data_weight: None
params.restraints: cctbx
rmsd(b), start:  0.0955
mc:   0 R: 0.0550 rmsd(b):  0.0559 restraint_scale:  2.0 min_steps: 31
mc:   1 R: 0.0503 rmsd(b):  0.0512 restraint_scale:  4.0 min_steps: 9
mc:   2 R: 0.0462 rmsd(b):  0.0317 restraint_scale:  8.0 min_steps: 13
mc:   3 R: 0.0380 rmsd(b):  0.0324 restraint_scale: 16.0 min_steps: 5
mc:   4 R: 0.0312 rmsd(b):  0.0151 restraint_scale: 16.0 min_steps: 23
mc:   5 R: 0.0196 rmsd(b):  0.0273 restraint_scale: 16.0 min_steps: 15
mc:   6 R: 0.0189 rmsd(b):  0.0163 restraint_scale: 16.0 min_steps: 12
mc:   7 R: 0.0138 rmsd(b):  0.0190 restraint_scale: 16.0 min_steps: 13
mc:   8 R: 0.0122 rmsd(b):  0.0146 restraint_scale: 16.0 min_steps: 14
mc:   9 R: 0.0099 rmsd(b):  0.0155 restraint_scale: 16.0 min_steps: 12
mc:  10 R: 0.0095 rmsd(b):  0.0122 restraint_scale: 16.0 min_steps: 13
mc:  11 R: 0.0041 rmsd(b):  0.0150 restraint_scale: 16.0 min_steps: 50
Convergence reached, stop now.
see the result structure:  ./p26/04_results/refine_cctbx/260_FGG412-new/0.3/8.pdb
Time: 7.2483
