phenix.python
you are importing  adaptive calculator, and it does nothing. Please give it energy, force....... 

============================== Collecting inputs ==============================


                   ----------Processing X-ray data----------                   

F-obs:
  /scratch/m_zhen01/30993.lupus.uni-muenster.de/p26/02_mtz/229_GGF11-new.mtz:F-obs
Miller array info: None
Observation type: xray.amplitude
Type of data: double, size=190
Type of sigmas: None
Number of Miller indices: 190
Anomalous flag: False
Unit cell: (13.283, 13.75, 10.689, 90, 90, 90)
Space group: P 1 (No. 1)
Systematic absences: 0
Centric reflections: 0
Resolution range: 3.98506 2.53401
Completeness in resolution range: 1
Completeness with d_max=infinity: 0.736434

Number of F-obs in resolution range:                   190
Number of F-obs<0 (these reflections will be rejected): 0
Number of F-obs=0 (these reflections will be used in refinement): 0
Refinement resolution range: d_max =   3.9851
                             d_min =   2.5340

R-free flags:
  /scratch/m_zhen01/30993.lupus.uni-muenster.de/p26/02_mtz/229_GGF11-new.mtz:R-free-flags
Miller array info: /scratch/m_zhen01/30993.lupus.uni-muenster.de/p26/02_mtz/229_GGF11-new.mtz:R-free-flags
Observation type: None
Type of data: int, size=190
Type of sigmas: None
Number of Miller indices: 190
Anomalous flag: False
Unit cell: (13.283, 13.75, 10.689, 90, 90, 90)
Space group: P 1 (No. 1)
Systematic absences: 0
Centric reflections: 0
Resolution range: 3.98506 2.53401
Completeness in resolution range: 1
Completeness with d_max=infinity: 0.736434
Wavelength: 1.0000

Test (R-free flags) flag value: 1

Number of work/free reflections by resolution:
                                  work free  %free
  bin  1: 3.9851 - 3.6618 [12/12]    8    4  33.3%
  bin  2: 3.6618 - 3.4230 [20/20]   20    0   0.0%
  bin  3: 3.4230 - 3.2364 [19/19]   19    0   0.0%
  bin  4: 3.2364 - 3.0849 [18/18]   18    0   0.0%
  bin  5: 3.0849 - 2.9582 [24/24]   24    0   0.0%
  bin  6: 2.9582 - 2.8501 [14/14]   14    0   0.0%
  bin  7: 2.8501 - 2.7562 [14/14]   10    4  28.6%
  bin  8: 2.7562 - 2.6736 [19/19]   19    0   0.0%
  bin  9: 2.6736 - 2.6001 [30/30]   30    0   0.0%
  bin 10: 2.6001 - 2.5340 [20/20]   20    0   0.0%
                          overall  182    8   4.2%

                   ----------Processing PDB file(s)----------                  

  Monomer Library directory:
    "/tmp1/m_zhen01/phenix-installer-1.10.1-2155-intel-linux-2.6-x86_64-centos5/phenix-1.10.1-2155/modules/chem_data/mon_lib"
  Total number of atoms: 37
  Number of models: 1
  Model: ""
    Number of chains: 1
    Chain: "A"
      Number of atoms: 37
      Number of conformers: 1
      Conformer: ""
        Number of residues, atoms: 3, 37
          Classifications: {'peptide': 3}
          Modifications used: {'NH2NOTPRO': 1, 'COOH': 1}
          Link IDs: {'TRANS': 2}
  Time building chain proxies: 0.07, per 1000 atoms: 1.89
  Number of scatterers: 37
  At special positions: 0
  Unit cell: (13.283, 13.75, 10.689, 90, 90, 90)
  Space group: P 1 (No. 1)
  Number of sites at special positions: 0
  Number of scattering types: 4
    Type Number    sf(0)
     O       4      8.00
     N       3      7.00
     C      13      6.00
     H      17      1.00
    sf(0) = scattering factor at diffraction angle 0.

  Number of disulfides: simple=0, symmetry=0

  Automatic linking
    Parameters for automatic linking
      Linking & cutoffs
        Metal                : False - 3.50
        Amimo acid           : False - 1.90
        Carbohydrate         : True  - 1.99
        Ligands              : True  - 1.99
        Amino acid - RNA/DNA : False
      
  Number of custom bonds: simple=0, symmetry=0
  Time building additional restraints: 0.02
  Conformation dependent library (CDL) restraints added in 2.5 milliseconds
  
  Adding C-beta torsion restraints...
  Number of C-beta restraints generated:  2
  Time building geometry restraints manager: 0.03 seconds

  NOTE: a complete listing of the restraints can be obtained by requesting
        output of .geo file.

  Histogram of bond lengths:
        0.85 -     0.99: 16
        0.99 -     1.13: 1
        1.13 -     1.27: 3
        1.27 -     1.41: 5
        1.41 -     1.55: 12
  Bond restraints: 37
  Sorted by residual:
  bond pdb=" CA  GLY A   2 "
       pdb=" HA1 GLY A   2 "
    ideal  model  delta    sigma   weight residual
    0.970  1.022 -0.052 2.00e-02 2.50e+03 6.80e+00
  bond pdb=" C   GLY A   2 "
       pdb=" N   PHE A   3 "
    ideal  model  delta    sigma   weight residual
    1.329  1.365 -0.036 1.40e-02 5.10e+03 6.45e+00
  bond pdb=" N   GLY A   2 "
       pdb=" H   GLY A   2 "
    ideal  model  delta    sigma   weight residual
    0.860  0.910 -0.050 2.00e-02 2.50e+03 6.15e+00
  bond pdb=" CA  PHE A   3 "
       pdb=" HA  PHE A   3 "
    ideal  model  delta    sigma   weight residual
    0.970  0.924  0.046 2.00e-02 2.50e+03 5.39e+00
  bond pdb=" CG  PHE A   3 "
       pdb=" CD1 PHE A   3 "
    ideal  model  delta    sigma   weight residual
    1.384  1.428 -0.044 2.10e-02 2.27e+03 4.35e+00
  ... (remaining 32 not shown)

  Histogram of bond angle deviations from ideal:
      100.25 -   105.18: 5
      105.18 -   110.10: 12
      110.10 -   115.03: 9
      115.03 -   119.95: 16
      119.95 -   124.88: 18
  Bond angle restraints: 60
  Sorted by residual:
  angle pdb=" HA1 GLY A   2 "
        pdb=" CA  GLY A   2 "
        pdb=" HA2 GLY A   2 "
      ideal   model   delta    sigma   weight residual
     109.00  100.25    8.75 3.00e+00 1.11e-01 8.51e+00
  angle pdb=" CA  GLY A   2 "
        pdb=" C   GLY A   2 "
        pdb=" N   PHE A   3 "
      ideal   model   delta    sigma   weight residual
     118.65  122.06   -3.41 1.20e+00 6.94e-01 8.08e+00
  angle pdb=" CA  PHE A   3 "
        pdb=" CB  PHE A   3 "
        pdb=" CG  PHE A   3 "
      ideal   model   delta    sigma   weight residual
     113.80  115.85   -2.05 1.00e+00 1.00e+00 4.18e+00
  angle pdb=" CA  GLY A   2 "
        pdb=" N   GLY A   2 "
        pdb=" H   GLY A   2 "
      ideal   model   delta    sigma   weight residual
     114.00  119.68   -5.68 3.00e+00 1.11e-01 3.58e+00
  angle pdb=" HA1 GLY A   1 "
        pdb=" CA  GLY A   1 "
        pdb=" HA2 GLY A   1 "
      ideal   model   delta    sigma   weight residual
     109.00  103.69    5.31 3.00e+00 1.11e-01 3.13e+00
  ... (remaining 55 not shown)

  Histogram of dihedral angle deviations from ideal:
        0.34 -    36.22: 11
       36.22 -    72.10: 0
       72.10 -   107.99: 1
      107.99 -   143.87: 0
      143.87 -   179.75: 1
  Dihedral angle restraints: 13
    sinusoidal: 3
      harmonic: 10
  Sorted by residual:
  dihedral pdb=" O   PHE A   3 "
           pdb=" C   PHE A   3 "
           pdb=" OXT PHE A   3 "
           pdb=" HXT PHE A   3 "
      ideal   model   delta  harmonic     sigma   weight residual
       0.00 -179.75  179.75     0      3.00e+01 1.11e-03 3.59e+01
  dihedral pdb=" OXT PHE A   3 "
           pdb=" C   PHE A   3 "
           pdb=" CA  PHE A   3 "
           pdb=" N   PHE A   3 "
      ideal   model   delta sinusoidal    sigma   weight residual
     160.00   72.84   87.16     2      3.00e+01 1.11e-03 5.32e+00
  dihedral pdb=" CA  GLY A   1 "
           pdb=" C   GLY A   1 "
           pdb=" N   GLY A   2 "
           pdb=" CA  GLY A   2 "
      ideal   model   delta  harmonic     sigma   weight residual
    -180.00 -171.92   -8.08     0      5.00e+00 4.00e-02 2.61e+00
  ... (remaining 10 not shown)

  Histogram of chiral volume deviations from ideal:
       0.024 -    0.024: 1
       0.024 -    0.024: 0
       0.024 -    0.024: 0
       0.024 -    0.024: 0
       0.024 -    0.024: 0
  Chirality restraints: 1
  Sorted by residual:
  chirality pdb=" CA  PHE A   3 "
            pdb=" C   PHE A   3 "
            pdb=" N   PHE A   3 "
            pdb=" CB  PHE A   3 "
    both_signs  ideal   model   delta    sigma   weight residual
      False     -2.51   -2.49   -0.02 2.00e-01 2.50e+01 1.41e-02

  Planarity restraints: 6
  Sorted by residual:
                                 delta    sigma   weight rms_deltas residual
  plane pdb=" CB  PHE A   3 "   -0.025 2.00e-02 2.50e+03   1.48e-02 6.56e+00
        pdb=" CG  PHE A   3 "   -0.009 2.00e-02 2.50e+03
        pdb=" CD1 PHE A   3 "   -0.007 2.00e-02 2.50e+03
        pdb=" HD1 PHE A   3 "    0.030 2.00e-02 2.50e+03
        pdb=" CE1 PHE A   3 "    0.013 2.00e-02 2.50e+03
        pdb=" HE1 PHE A   3 "   -0.015 2.00e-02 2.50e+03
        pdb=" CZ  PHE A   3 "   -0.002 2.00e-02 2.50e+03
        pdb=" HZ  PHE A   3 "   -0.004 2.00e-02 2.50e+03
        pdb=" CE2 PHE A   3 "   -0.002 2.00e-02 2.50e+03
        pdb=" HE2 PHE A   3 "   -0.005 2.00e-02 2.50e+03
        pdb=" CD2 PHE A   3 "    0.006 2.00e-02 2.50e+03
        pdb=" HD2 PHE A   3 "    0.022 2.00e-02 2.50e+03
                                 delta    sigma   weight rms_deltas residual
  plane pdb=" C   GLY A   1 "   -0.007 2.00e-02 2.50e+03   1.38e-02 1.90e+00
        pdb=" CA  GLY A   2 "   -0.007 2.00e-02 2.50e+03
        pdb=" N   GLY A   2 "    0.024 2.00e-02 2.50e+03
        pdb=" H   GLY A   2 "   -0.010 2.00e-02 2.50e+03
                                 delta    sigma   weight rms_deltas residual
  plane pdb=" O   PHE A   3 "    0.003 2.00e-02 2.50e+03   1.17e-02 1.70e+00
        pdb=" C   PHE A   3 "   -0.018 2.00e-02 2.50e+03
        pdb=" OXT PHE A   3 "    0.015 2.00e-02 2.50e+03
        pdb=" HXT PHE A   3 "   -0.008 2.00e-02 2.50e+03
        pdb=" CA  PHE A   3 "    0.008 2.00e-02 2.50e+03
  ... (remaining 3 not shown)

  Histogram of nonbonded interaction distances:
        1.91 -     2.51: 23
        2.51 -     3.11: 53
        3.11 -     3.70: 73
        3.70 -     4.30: 70
        4.30 -     4.90: 91
  Nonbonded interactions: 310
  Sorted by model distance:
  nonbonded pdb=" HA2 GLY A   1 "
            pdb=" H2  GLY A   1 "
     model   vdw
     1.909 1.816
  nonbonded pdb=" O   GLY A   2 "
            pdb=" HXT PHE A   3 "
     model   vdw
     2.030 1.970
  nonbonded pdb=" HA1 GLY A   1 "
            pdb=" H2  GLY A   1 "
     model   vdw
     2.130 1.816
  nonbonded pdb=" HXT PHE A   3 "
            pdb=" HA  PHE A   3 "
     model   vdw
     2.152 2.270
  nonbonded pdb=" HA1 GLY A   2 "
            pdb=" H   GLY A   2 "
     model   vdw
     2.221 1.816
  ... (remaining 305 not shown)

  NOTE: a complete listing of the restraints can be obtained by requesting
        output of .geo file.

                   ----------xray_structure summary----------                  

Number of scattering types: 4
  Type Number    sf(0)   Gaussians
   O       4      7.97       2
   N       3      6.97       2
   C      13      5.97       2
   H      17      1.00       2
  sf(0) = scattering factor at diffraction angle 0.
Number of scatterers: 37
At special positions: 0
Unit cell: (13.283, 13.75, 10.689, 90, 90, 90)
Space group: P 1 (No. 1)

End of input processing
r_work=0.2505 r_free=0.1368
params.data_weight: 0.0
params.restraints: cctbx
rmsd(b), start:  0.0845
mc:   0 R: 0.2019 rmsd(b):  0.0024 restraint_scale:  1.0 min_steps: 53
mc:   1 R: 0.1853 rmsd(b):  0.0020 restraint_scale:  1.0 min_steps: 53
mc:   2 R: 0.2548 rmsd(b):  0.0018 restraint_scale:  1.0 min_steps: 56
mc:   3 R: 0.2567 rmsd(b):  0.0010 restraint_scale:  1.0 min_steps: 53
mc:   4 R: 0.2962 rmsd(b):  0.0011 restraint_scale:  1.0 min_steps: 54
mc:   5 R: 0.3091 rmsd(b):  0.0007 restraint_scale:  1.0 min_steps: 53
mc:   6 R: 0.3293 rmsd(b):  0.0008 restraint_scale:  1.0 min_steps: 53
mc:   7 R: 0.3357 rmsd(b):  0.0007 restraint_scale:  1.0 min_steps: 54
mc:   8 R: 0.3487 rmsd(b):  0.0007 restraint_scale:  1.0 min_steps: 55
mc:   9 R: 0.3531 rmsd(b):  0.0007 restraint_scale:  1.0 min_steps: 53
mc:  10 R: 0.3654 rmsd(b):  0.0007 restraint_scale:  1.0 min_steps: 56
mc:  11 R: 0.3678 rmsd(b):  0.0007 restraint_scale:  1.0 min_steps: 55
mc:  12 R: 0.3751 rmsd(b):  0.0007 restraint_scale:  1.0 min_steps: 55
mc:  13 R: 0.3770 rmsd(b):  0.0008 restraint_scale:  1.0 min_steps: 53
mc:  14 R: 0.3835 rmsd(b):  0.0007 restraint_scale:  1.0 min_steps: 54
mc:  15 R: 0.3847 rmsd(b):  0.0007 restraint_scale:  1.0 min_steps: 55
mc:  16 R: 0.3894 rmsd(b):  0.0008 restraint_scale:  1.0 min_steps: 55
mc:  17 R: 0.3905 rmsd(b):  0.0007 restraint_scale:  1.0 min_steps: 52
mc:  18 R: 0.3946 rmsd(b):  0.0008 restraint_scale:  1.0 min_steps: 54
mc:  19 R: 0.3958 rmsd(b):  0.0007 restraint_scale:  1.0 min_steps: 54
mc:  20 R: 0.3990 rmsd(b):  0.0007 restraint_scale:  1.0 min_steps: 55
mc:  21 R: 0.4016 rmsd(b):  0.0008 restraint_scale:  1.0 min_steps: 54
mc:  22 R: 0.4046 rmsd(b):  0.0008 restraint_scale:  1.0 min_steps: 53
mc:  23 R: 0.4150 rmsd(b):  0.0008 restraint_scale:  1.0 min_steps: 53
mc:  24 R: 0.4172 rmsd(b):  0.0007 restraint_scale:  1.0 min_steps: 52
mc:  25 R: 0.4184 rmsd(b):  0.0008 restraint_scale:  1.0 min_steps: 55
mc:  26 R: 0.4209 rmsd(b):  0.0007 restraint_scale:  1.0 min_steps: 53
mc:  27 R: 0.4225 rmsd(b):  0.0008 restraint_scale:  1.0 min_steps: 54
mc:  28 R: 0.4246 rmsd(b):  0.0008 restraint_scale:  1.0 min_steps: 52
mc:  29 R: 0.4259 rmsd(b):  0.0008 restraint_scale:  1.0 min_steps: 54
mc:  30 R: 0.4270 rmsd(b):  0.0008 restraint_scale:  1.0 min_steps: 53
mc:  31 R: 0.4285 rmsd(b):  0.0008 restraint_scale:  1.0 min_steps: 53
mc:  32 R: 0.4298 rmsd(b):  0.0008 restraint_scale:  1.0 min_steps: 53
mc:  33 R: 0.4316 rmsd(b):  0.0008 restraint_scale:  1.0 min_steps: 54
mc:  34 R: 0.4320 rmsd(b):  0.0008 restraint_scale:  1.0 min_steps: 55
Convergence reached, stop now.
see the result structure:  ./p26/04_results/opt_cctbx/229_GGF11-new/0.3/1.pdb
Time: 12.1970
