phenix.python
you are importing  adaptive calculator, and it does nothing. Please give it energy, force....... 

============================== Collecting inputs ==============================


                   ----------Processing X-ray data----------                   

F-obs:
  /scratch/m_zhen01/30993.lupus.uni-muenster.de/p26/02_mtz/229_GGF11-new.mtz:F-obs
Miller array info: None
Observation type: xray.amplitude
Type of data: double, size=190
Type of sigmas: None
Number of Miller indices: 190
Anomalous flag: False
Unit cell: (13.283, 13.75, 10.689, 90, 90, 90)
Space group: P 1 (No. 1)
Systematic absences: 0
Centric reflections: 0
Resolution range: 3.98506 2.53401
Completeness in resolution range: 1
Completeness with d_max=infinity: 0.736434

Number of F-obs in resolution range:                   190
Number of F-obs<0 (these reflections will be rejected): 0
Number of F-obs=0 (these reflections will be used in refinement): 0
Refinement resolution range: d_max =   3.9851
                             d_min =   2.5340

R-free flags:
  /scratch/m_zhen01/30993.lupus.uni-muenster.de/p26/02_mtz/229_GGF11-new.mtz:R-free-flags
Miller array info: /scratch/m_zhen01/30993.lupus.uni-muenster.de/p26/02_mtz/229_GGF11-new.mtz:R-free-flags
Observation type: None
Type of data: int, size=190
Type of sigmas: None
Number of Miller indices: 190
Anomalous flag: False
Unit cell: (13.283, 13.75, 10.689, 90, 90, 90)
Space group: P 1 (No. 1)
Systematic absences: 0
Centric reflections: 0
Resolution range: 3.98506 2.53401
Completeness in resolution range: 1
Completeness with d_max=infinity: 0.736434
Wavelength: 1.0000

Test (R-free flags) flag value: 1

Number of work/free reflections by resolution:
                                  work free  %free
  bin  1: 3.9851 - 3.6618 [12/12]    8    4  33.3%
  bin  2: 3.6618 - 3.4230 [20/20]   20    0   0.0%
  bin  3: 3.4230 - 3.2364 [19/19]   19    0   0.0%
  bin  4: 3.2364 - 3.0849 [18/18]   18    0   0.0%
  bin  5: 3.0849 - 2.9582 [24/24]   24    0   0.0%
  bin  6: 2.9582 - 2.8501 [14/14]   14    0   0.0%
  bin  7: 2.8501 - 2.7562 [14/14]   10    4  28.6%
  bin  8: 2.7562 - 2.6736 [19/19]   19    0   0.0%
  bin  9: 2.6736 - 2.6001 [30/30]   30    0   0.0%
  bin 10: 2.6001 - 2.5340 [20/20]   20    0   0.0%
                          overall  182    8   4.2%

                   ----------Processing PDB file(s)----------                  

  Monomer Library directory:
    "/tmp1/m_zhen01/phenix-installer-1.10.1-2155-intel-linux-2.6-x86_64-centos5/phenix-1.10.1-2155/modules/chem_data/mon_lib"
  Total number of atoms: 37
  Number of models: 1
  Model: ""
    Number of chains: 1
    Chain: "A"
      Number of atoms: 37
      Number of conformers: 1
      Conformer: ""
        Number of residues, atoms: 3, 37
          Classifications: {'peptide': 3}
          Modifications used: {'NH2NOTPRO': 1, 'COOH': 1}
          Link IDs: {'TRANS': 2}
  Time building chain proxies: 0.07, per 1000 atoms: 1.89
  Number of scatterers: 37
  At special positions: 0
  Unit cell: (13.283, 13.75, 10.689, 90, 90, 90)
  Space group: P 1 (No. 1)
  Number of sites at special positions: 0
  Number of scattering types: 4
    Type Number    sf(0)
     O       4      8.00
     N       3      7.00
     C      13      6.00
     H      17      1.00
    sf(0) = scattering factor at diffraction angle 0.

  Number of disulfides: simple=0, symmetry=0

  Automatic linking
    Parameters for automatic linking
      Linking & cutoffs
        Metal                : False - 3.50
        Amimo acid           : False - 1.90
        Carbohydrate         : True  - 1.99
        Ligands              : True  - 1.99
        Amino acid - RNA/DNA : False
      
  Number of custom bonds: simple=0, symmetry=0
  Time building additional restraints: 0.02
  Conformation dependent library (CDL) restraints added in 2.5 milliseconds
  
  Adding C-beta torsion restraints...
  Number of C-beta restraints generated:  2
  Time building geometry restraints manager: 0.03 seconds

  NOTE: a complete listing of the restraints can be obtained by requesting
        output of .geo file.

  Histogram of bond lengths:
        0.87 -     1.00: 17
        1.00 -     1.14: 0
        1.14 -     1.27: 3
        1.27 -     1.40: 9
        1.40 -     1.54: 8
  Bond restraints: 37
  Sorted by residual:
  bond pdb=" CE2 PHE A   3 "
       pdb=" HE2 PHE A   3 "
    ideal  model  delta    sigma   weight residual
    0.930  0.883  0.047 2.00e-02 2.50e+03 5.62e+00
  bond pdb=" CE1 PHE A   3 "
       pdb=" HE1 PHE A   3 "
    ideal  model  delta    sigma   weight residual
    0.930  0.888  0.042 2.00e-02 2.50e+03 4.35e+00
  bond pdb=" CA  GLY A   1 "
       pdb=" N   GLY A   1 "
    ideal  model  delta    sigma   weight residual
    1.451  1.418  0.033 1.60e-02 3.91e+03 4.15e+00
  bond pdb=" CZ  PHE A   3 "
       pdb=" HZ  PHE A   3 "
    ideal  model  delta    sigma   weight residual
    0.930  0.894  0.036 2.00e-02 2.50e+03 3.28e+00
  bond pdb=" C   GLY A   2 "
       pdb=" CA  GLY A   2 "
    ideal  model  delta    sigma   weight residual
    1.512  1.539 -0.027 1.49e-02 4.50e+03 3.24e+00
  ... (remaining 32 not shown)

  Histogram of bond angle deviations from ideal:
      104.18 -   108.01: 10
      108.01 -   111.85: 10
      111.85 -   115.68: 7
      115.68 -   119.52: 15
      119.52 -   123.35: 18
  Bond angle restraints: 60
  Sorted by residual:
  angle pdb=" N   PHE A   3 "
        pdb=" CA  PHE A   3 "
        pdb=" CB  PHE A   3 "
      ideal   model   delta    sigma   weight residual
     110.50  114.87   -4.37 1.70e+00 3.46e-01 6.62e+00
  angle pdb=" CA  PHE A   3 "
        pdb=" CB  PHE A   3 "
        pdb=" CG  PHE A   3 "
      ideal   model   delta    sigma   weight residual
     113.80  115.47   -1.67 1.00e+00 1.00e+00 2.80e+00
  angle pdb=" H1  GLY A   1 "
        pdb=" N   GLY A   1 "
        pdb=" H2  GLY A   1 "
      ideal   model   delta    sigma   weight residual
     109.47  105.24    4.23 3.00e+00 1.11e-01 1.98e+00
  angle pdb=" C   GLY A   2 "
        pdb=" CA  GLY A   2 "
        pdb=" HA1 GLY A   2 "
      ideal   model   delta    sigma   weight residual
     109.00  104.86    4.14 3.00e+00 1.11e-01 1.91e+00
  angle pdb=" C   GLY A   1 "
        pdb=" CA  GLY A   1 "
        pdb=" HA2 GLY A   1 "
      ideal   model   delta    sigma   weight residual
     109.00  113.11   -4.11 3.00e+00 1.11e-01 1.88e+00
  ... (remaining 55 not shown)

  Histogram of dihedral angle deviations from ideal:
        0.15 -    35.57: 11
       35.57 -    71.00: 0
       71.00 -   106.43: 1
      106.43 -   141.86: 0
      141.86 -   177.28: 1
  Dihedral angle restraints: 13
    sinusoidal: 3
      harmonic: 10
  Sorted by residual:
  dihedral pdb=" O   PHE A   3 "
           pdb=" C   PHE A   3 "
           pdb=" OXT PHE A   3 "
           pdb=" HXT PHE A   3 "
      ideal   model   delta  harmonic     sigma   weight residual
       0.00  177.28 -177.28     0      3.00e+01 1.11e-03 3.49e+01
  dihedral pdb=" OXT PHE A   3 "
           pdb=" C   PHE A   3 "
           pdb=" CA  PHE A   3 "
           pdb=" N   PHE A   3 "
      ideal   model   delta sinusoidal    sigma   weight residual
     -20.00   68.50  -88.50     2      3.00e+01 1.11e-03 5.33e+00
  dihedral pdb=" N   PHE A   3 "
           pdb=" C   PHE A   3 "
           pdb=" CA  PHE A   3 "
           pdb=" CB  PHE A   3 "
      ideal   model   delta  harmonic     sigma   weight residual
     122.80  128.04   -5.24     0      2.50e+00 1.60e-01 4.39e+00
  ... (remaining 10 not shown)

  Histogram of chiral volume deviations from ideal:
       0.119 -    0.119: 1
       0.119 -    0.119: 0
       0.119 -    0.119: 0
       0.119 -    0.119: 0
       0.119 -    0.119: 0
  Chirality restraints: 1
  Sorted by residual:
  chirality pdb=" CA  PHE A   3 "
            pdb=" C   PHE A   3 "
            pdb=" N   PHE A   3 "
            pdb=" CB  PHE A   3 "
    both_signs  ideal   model   delta    sigma   weight residual
      False     -2.51   -2.39   -0.12 2.00e-01 2.50e+01 3.53e-01

  Planarity restraints: 6
  Sorted by residual:
                                 delta    sigma   weight rms_deltas residual
  plane pdb=" CB  PHE A   3 "    0.026 2.00e-02 2.50e+03   2.02e-02 1.23e+01
        pdb=" CG  PHE A   3 "    0.007 2.00e-02 2.50e+03
        pdb=" CD1 PHE A   3 "    0.020 2.00e-02 2.50e+03
        pdb=" HD1 PHE A   3 "   -0.024 2.00e-02 2.50e+03
        pdb=" CE1 PHE A   3 "   -0.011 2.00e-02 2.50e+03
        pdb=" HE1 PHE A   3 "   -0.019 2.00e-02 2.50e+03
        pdb=" CZ  PHE A   3 "   -0.004 2.00e-02 2.50e+03
        pdb=" HZ  PHE A   3 "    0.045 2.00e-02 2.50e+03
        pdb=" CE2 PHE A   3 "   -0.007 2.00e-02 2.50e+03
        pdb=" HE2 PHE A   3 "   -0.012 2.00e-02 2.50e+03
        pdb=" CD2 PHE A   3 "    0.002 2.00e-02 2.50e+03
        pdb=" HD2 PHE A   3 "   -0.022 2.00e-02 2.50e+03
                                 delta    sigma   weight rms_deltas residual
  plane pdb=" C   GLY A   1 "   -0.007 2.00e-02 2.50e+03   1.34e-02 1.79e+00
        pdb=" CA  GLY A   2 "   -0.006 2.00e-02 2.50e+03
        pdb=" N   GLY A   2 "    0.023 2.00e-02 2.50e+03
        pdb=" H   GLY A   2 "   -0.010 2.00e-02 2.50e+03
                                 delta    sigma   weight rms_deltas residual
  plane pdb=" O   PHE A   3 "   -0.011 2.00e-02 2.50e+03   1.10e-02 1.51e+00
        pdb=" C   PHE A   3 "    0.020 2.00e-02 2.50e+03
        pdb=" OXT PHE A   3 "    0.003 2.00e-02 2.50e+03
        pdb=" HXT PHE A   3 "   -0.008 2.00e-02 2.50e+03
        pdb=" CA  PHE A   3 "   -0.003 2.00e-02 2.50e+03
  ... (remaining 3 not shown)

  Histogram of nonbonded interaction distances:
        2.05 -     2.62: 34
        2.62 -     3.18: 61
        3.18 -     3.75: 63
        3.75 -     4.31: 66
        4.31 -     4.88: 87
  Nonbonded interactions: 311
  Sorted by model distance:
  nonbonded pdb=" O   GLY A   2 "
            pdb=" HXT PHE A   3 "
     model   vdw
     2.054 1.970
  nonbonded pdb=" HA1 GLY A   2 "
            pdb=" H   GLY A   2 "
     model   vdw
     2.168 1.816
  nonbonded pdb=" HA2 GLY A   1 "
            pdb=" H1  GLY A   1 "
     model   vdw
     2.176 1.816
  nonbonded pdb=" HA1 GLY A   1 "
            pdb=" H2  GLY A   1 "
     model   vdw
     2.217 1.816
  nonbonded pdb=" HA  PHE A   3 "
            pdb=" HB2 PHE A   3 "
     model   vdw
     2.232 1.952
  ... (remaining 306 not shown)

  NOTE: a complete listing of the restraints can be obtained by requesting
        output of .geo file.

                   ----------xray_structure summary----------                  

Number of scattering types: 4
  Type Number    sf(0)   Gaussians
   O       4      7.97       2
   N       3      6.97       2
   C      13      5.97       2
   H      17      1.00       2
  sf(0) = scattering factor at diffraction angle 0.
Number of scatterers: 37
At special positions: 0
Unit cell: (13.283, 13.75, 10.689, 90, 90, 90)
Space group: P 1 (No. 1)

End of input processing
r_work=0.2786 r_free=0.1708
params.data_weight: 0.0
params.restraints: cctbx
rmsd(b), start:  0.0929
mc:   0 R: 0.2378 rmsd(b):  0.0023 restraint_scale:  1.0 min_steps: 55
mc:   1 R: 0.2273 rmsd(b):  0.0022 restraint_scale:  1.0 min_steps: 56
mc:   2 R: 0.2673 rmsd(b):  0.0014 restraint_scale:  1.0 min_steps: 53
mc:   3 R: 0.2793 rmsd(b):  0.0012 restraint_scale:  1.0 min_steps: 55
mc:   4 R: 0.3010 rmsd(b):  0.0009 restraint_scale:  1.0 min_steps: 56
mc:   5 R: 0.3243 rmsd(b):  0.0007 restraint_scale:  1.0 min_steps: 54
mc:   6 R: 0.3339 rmsd(b):  0.0007 restraint_scale:  1.0 min_steps: 54
mc:   7 R: 0.3487 rmsd(b):  0.0007 restraint_scale:  1.0 min_steps: 54
mc:   8 R: 0.3557 rmsd(b):  0.0008 restraint_scale:  1.0 min_steps: 53
mc:   9 R: 0.3627 rmsd(b):  0.0008 restraint_scale:  1.0 min_steps: 54
mc:  10 R: 0.3692 rmsd(b):  0.0007 restraint_scale:  1.0 min_steps: 53
mc:  11 R: 0.3747 rmsd(b):  0.0008 restraint_scale:  1.0 min_steps: 52
mc:  12 R: 0.3804 rmsd(b):  0.0007 restraint_scale:  1.0 min_steps: 54
mc:  13 R: 0.3830 rmsd(b):  0.0008 restraint_scale:  1.0 min_steps: 52
mc:  14 R: 0.3875 rmsd(b):  0.0008 restraint_scale:  1.0 min_steps: 54
mc:  15 R: 0.3903 rmsd(b):  0.0008 restraint_scale:  1.0 min_steps: 52
mc:  16 R: 0.3937 rmsd(b):  0.0008 restraint_scale:  1.0 min_steps: 54
mc:  17 R: 0.3978 rmsd(b):  0.0008 restraint_scale:  1.0 min_steps: 56
mc:  18 R: 0.4004 rmsd(b):  0.0008 restraint_scale:  1.0 min_steps: 52
mc:  19 R: 0.4037 rmsd(b):  0.0008 restraint_scale:  1.0 min_steps: 54
mc:  20 R: 0.4057 rmsd(b):  0.0008 restraint_scale:  1.0 min_steps: 53
mc:  21 R: 0.4134 rmsd(b):  0.0008 restraint_scale:  1.0 min_steps: 52
mc:  22 R: 0.4153 rmsd(b):  0.0008 restraint_scale:  1.0 min_steps: 52
mc:  23 R: 0.4186 rmsd(b):  0.0008 restraint_scale:  1.0 min_steps: 52
mc:  24 R: 0.4204 rmsd(b):  0.0008 restraint_scale:  1.0 min_steps: 53
mc:  25 R: 0.4245 rmsd(b):  0.0008 restraint_scale:  1.0 min_steps: 52
mc:  26 R: 0.4261 rmsd(b):  0.0008 restraint_scale:  1.0 min_steps: 54
mc:  27 R: 0.4300 rmsd(b):  0.0008 restraint_scale:  1.0 min_steps: 56
mc:  28 R: 0.4307 rmsd(b):  0.0008 restraint_scale:  1.0 min_steps: 54
Convergence reached, stop now.
see the result structure:  ./p26/04_results/opt_cctbx/229_GGF11-new/0.3/9.pdb
Time: 10.8518
