phenix.python
you are importing  adaptive calculator, and it does nothing. Please give it energy, force....... 

============================== Collecting inputs ==============================


                   ----------Processing X-ray data----------                   

F-obs:
  /scratch/m_zhen01/31011.lupus.uni-muenster.de/p26/02_mtz/191_WG03-new.mtz:F-obs
Miller array info: None
Observation type: xray.amplitude
Type of data: double, size=190
Type of sigmas: None
Number of Miller indices: 190
Anomalous flag: False
Unit cell: (13.42, 12.587, 10.96, 90, 90, 90)
Space group: P 1 (No. 1)
Systematic absences: 0
Centric reflections: 0
Resolution range: 3.94978 2.50559
Completeness in resolution range: 1
Completeness with d_max=infinity: 0.753968

Number of F-obs in resolution range:                   190
Number of F-obs<0 (these reflections will be rejected): 0
Number of F-obs=0 (these reflections will be used in refinement): 0
Refinement resolution range: d_max =   3.9498
                             d_min =   2.5056

R-free flags:
  /scratch/m_zhen01/31011.lupus.uni-muenster.de/p26/02_mtz/191_WG03-new.mtz:R-free-flags
Miller array info: /scratch/m_zhen01/31011.lupus.uni-muenster.de/p26/02_mtz/191_WG03-new.mtz:R-free-flags
Observation type: None
Type of data: int, size=190
Type of sigmas: None
Number of Miller indices: 190
Anomalous flag: False
Unit cell: (13.42, 12.587, 10.96, 90, 90, 90)
Space group: P 1 (No. 1)
Systematic absences: 0
Centric reflections: 0
Resolution range: 3.94978 2.50559
Completeness in resolution range: 1
Completeness with d_max=infinity: 0.753968
Wavelength: 1.0000

Test (R-free flags) flag value: 1

Number of work/free reflections by resolution:
                                  work free  %free
  bin  1: 3.9498 - 3.6267 [17/17]   17    0   0.0%
  bin  2: 3.6267 - 3.3887 [20/20]   20    0   0.0%
  bin  3: 3.3887 - 3.2030 [21/21]   21    0   0.0%
  bin  4: 3.2030 - 3.0523 [19/19]   11    8  42.1%
  bin  5: 3.0523 - 2.9264 [20/20]   20    0   0.0%
  bin  6: 2.9264 - 2.8191 [14/14]   14    0   0.0%
  bin  7: 2.8191 - 2.7259 [17/17]   17    0   0.0%
  bin  8: 2.7259 - 2.6440 [17/17]   17    0   0.0%
  bin  9: 2.6440 - 2.5711 [20/20]   16    4  20.0%
  bin 10: 2.5711 - 2.5056 [25/25]   25    0   0.0%
                          overall  178   12   6.3%

                   ----------Processing PDB file(s)----------                  

  Monomer Library directory:
    "/tmp1/m_zhen01/phenix-installer-1.10.1-2155-intel-linux-2.6-x86_64-centos5/phenix-1.10.1-2155/modules/chem_data/mon_lib"
  Total number of atoms: 34
  Number of models: 1
  Model: ""
    Number of chains: 1
    Chain: "A"
      Number of atoms: 34
      Number of conformers: 1
      Conformer: ""
        Number of residues, atoms: 2, 34
          Classifications: {'peptide': 2}
          Modifications used: {'NH2NOTPRO': 1, 'COOH': 1}
          Link IDs: {'TRANS': 1}
  Time building chain proxies: 0.07, per 1000 atoms: 2.06
  Number of scatterers: 34
  At special positions: 0
  Unit cell: (13.42, 12.587, 10.96, 90, 90, 90)
  Space group: P 1 (No. 1)
  Number of sites at special positions: 0
  Number of scattering types: 4
    Type Number    sf(0)
     O       3      8.00
     N       3      7.00
     C      13      6.00
     H      15      1.00
    sf(0) = scattering factor at diffraction angle 0.

  Number of disulfides: simple=0, symmetry=0

  Automatic linking
    Parameters for automatic linking
      Linking & cutoffs
        Metal                : False - 3.50
        Amimo acid           : False - 1.90
        Carbohydrate         : True  - 1.99
        Ligands              : True  - 1.99
        Amino acid - RNA/DNA : False
      
  Number of custom bonds: simple=0, symmetry=0
  Time building additional restraints: 0.02
  Conformation dependent library (CDL) restraints added in 432.0 microseconds
  
  Adding C-beta torsion restraints...
  Number of C-beta restraints generated:  2
  Time building geometry restraints manager: 0.03 seconds

  NOTE: a complete listing of the restraints can be obtained by requesting
        output of .geo file.

  Histogram of bond lengths:
        0.84 -     0.98: 12
        0.98 -     1.12: 3
        1.12 -     1.27: 2
        1.27 -     1.41: 8
        1.41 -     1.55: 10
  Bond restraints: 35
  Sorted by residual:
  bond pdb=" CD1 TRP A   1 "
       pdb=" HD1 TRP A   1 "
    ideal  model  delta    sigma   weight residual
    0.930  0.981 -0.051 2.00e-02 2.50e+03 6.44e+00
  bond pdb=" CA  GLY A   2 "
       pdb=" HA1 GLY A   2 "
    ideal  model  delta    sigma   weight residual
    0.970  0.932  0.038 2.00e-02 2.50e+03 3.65e+00
  bond pdb=" CA  GLY A   2 "
       pdb=" HA2 GLY A   2 "
    ideal  model  delta    sigma   weight residual
    0.970  0.932  0.038 2.00e-02 2.50e+03 3.57e+00
  bond pdb=" CE2 TRP A   1 "
       pdb=" CZ2 TRP A   1 "
    ideal  model  delta    sigma   weight residual
    1.394  1.428 -0.034 2.10e-02 2.27e+03 2.60e+00
  bond pdb=" CZ3 TRP A   1 "
       pdb=" CE3 TRP A   1 "
    ideal  model  delta    sigma   weight residual
    1.382  1.427 -0.045 3.00e-02 1.11e+03 2.22e+00
  ... (remaining 30 not shown)

  Histogram of bond angle deviations from ideal:
      103.02 -   109.24: 11
      109.24 -   115.47: 17
      115.47 -   121.69: 13
      121.69 -   127.92: 14
      127.92 -   134.15: 2
  Bond angle restraints: 57
  Sorted by residual:
  angle pdb=" HB2 TRP A   1 "
        pdb=" CB  TRP A   1 "
        pdb=" CG  TRP A   1 "
      ideal   model   delta    sigma   weight residual
     108.00  103.02    4.98 3.00e+00 1.11e-01 2.76e+00
  angle pdb=" C   TRP A   1 "
        pdb=" CA  TRP A   1 "
        pdb=" HA  TRP A   1 "
      ideal   model   delta    sigma   weight residual
     109.00  104.12    4.88 3.00e+00 1.11e-01 2.64e+00
  angle pdb=" C   TRP A   1 "
        pdb=" N   GLY A   2 "
        pdb=" CA  GLY A   2 "
      ideal   model   delta    sigma   weight residual
     121.70  124.59   -2.89 1.80e+00 3.09e-01 2.58e+00
  angle pdb=" HA1 GLY A   2 "
        pdb=" CA  GLY A   2 "
        pdb=" N   GLY A   2 "
      ideal   model   delta    sigma   weight residual
     110.00  105.27    4.73 3.00e+00 1.11e-01 2.49e+00
  angle pdb=" HE3 TRP A   1 "
        pdb=" CE3 TRP A   1 "
        pdb=" CD2 TRP A   1 "
      ideal   model   delta    sigma   weight residual
     120.70  117.59    3.11 3.00e+00 1.11e-01 1.07e+00
  ... (remaining 52 not shown)

  Histogram of dihedral angle deviations from ideal:
        0.75 -    35.87: 11
       35.87 -    71.00: 1
       71.00 -   106.13: 0
      106.13 -   141.25: 0
      141.25 -   176.38: 1
  Dihedral angle restraints: 13
    sinusoidal: 3
      harmonic: 10
  Sorted by residual:
  dihedral pdb=" O   GLY A   2 "
           pdb=" C   GLY A   2 "
           pdb=" OXT GLY A   2 "
           pdb=" HXT GLY A   2 "
      ideal   model   delta  harmonic     sigma   weight residual
       0.00  176.38 -176.38     0      3.00e+01 1.11e-03 3.46e+01
  dihedral pdb=" OXT GLY A   2 "
           pdb=" C   GLY A   2 "
           pdb=" CA  GLY A   2 "
           pdb=" N   GLY A   2 "
      ideal   model   delta sinusoidal    sigma   weight residual
     -20.00  -59.06   39.06     2      3.00e+01 1.11e-03 2.12e+00
  dihedral pdb=" C   TRP A   1 "
           pdb=" N   TRP A   1 "
           pdb=" CA  TRP A   1 "
           pdb=" CB  TRP A   1 "
      ideal   model   delta  harmonic     sigma   weight residual
    -122.60 -125.51    2.91     0      2.50e+00 1.60e-01 1.36e+00
  ... (remaining 10 not shown)

  Histogram of chiral volume deviations from ideal:
       0.008 -    0.008: 1
       0.008 -    0.008: 0
       0.008 -    0.008: 0
       0.008 -    0.008: 0
       0.008 -    0.008: 0
  Chirality restraints: 1
  Sorted by residual:
  chirality pdb=" CA  TRP A   1 "
            pdb=" C   TRP A   1 "
            pdb=" N   TRP A   1 "
            pdb=" CB  TRP A   1 "
    both_signs  ideal   model   delta    sigma   weight residual
      False     -2.51   -2.50   -0.01 2.00e-01 2.50e+01 1.77e-03

  Planarity restraints: 4
  Sorted by residual:
                                 delta    sigma   weight rms_deltas residual
  plane pdb=" O   GLY A   2 "    0.010 2.00e-02 2.50e+03   2.91e-02 1.06e+01
        pdb=" C   GLY A   2 "    0.019 2.00e-02 2.50e+03
        pdb=" OXT GLY A   2 "   -0.047 2.00e-02 2.50e+03
        pdb=" HXT GLY A   2 "    0.035 2.00e-02 2.50e+03
        pdb=" CA  GLY A   2 "   -0.017 2.00e-02 2.50e+03
                                 delta    sigma   weight rms_deltas residual
  plane pdb=" C   TRP A   1 "   -0.041 2.00e-02 2.50e+03   2.36e-02 5.56e+00
        pdb=" O   TRP A   1 "    0.016 2.00e-02 2.50e+03
        pdb=" CA  TRP A   1 "    0.012 2.00e-02 2.50e+03
        pdb=" N   GLY A   2 "    0.014 2.00e-02 2.50e+03
                                 delta    sigma   weight rms_deltas residual
  plane pdb=" CB  TRP A   1 "    0.008 2.00e-02 2.50e+03   9.59e-03 3.68e+00
        pdb=" CG  TRP A   1 "    0.011 2.00e-02 2.50e+03
        pdb=" CD1 TRP A   1 "   -0.012 2.00e-02 2.50e+03
        pdb=" HD1 TRP A   1 "    0.009 2.00e-02 2.50e+03
        pdb=" NE1 TRP A   1 "   -0.013 2.00e-02 2.50e+03
        pdb=" HE1 TRP A   1 "    0.001 2.00e-02 2.50e+03
        pdb=" CE2 TRP A   1 "    0.003 2.00e-02 2.50e+03
        pdb=" CZ2 TRP A   1 "   -0.014 2.00e-02 2.50e+03
        pdb=" HZ2 TRP A   1 "    0.012 2.00e-02 2.50e+03
        pdb=" CH2 TRP A   1 "    0.014 2.00e-02 2.50e+03
        pdb=" HH2 TRP A   1 "   -0.003 2.00e-02 2.50e+03
        pdb=" CZ3 TRP A   1 "    0.000 2.00e-02 2.50e+03
        pdb=" HZ3 TRP A   1 "   -0.000 2.00e-02 2.50e+03
        pdb=" CE3 TRP A   1 "    0.008 2.00e-02 2.50e+03
        pdb=" HE3 TRP A   1 "   -0.012 2.00e-02 2.50e+03
        pdb=" CD2 TRP A   1 "   -0.011 2.00e-02 2.50e+03
  ... (remaining 1 not shown)

  Histogram of nonbonded interaction distances:
        2.09 -     2.65: 25
        2.65 -     3.21: 47
        3.21 -     3.76: 55
        3.76 -     4.32: 53
        4.32 -     4.88: 67
  Nonbonded interactions: 247
  Sorted by model distance:
  nonbonded pdb=" HA1 GLY A   2 "
            pdb=" H   GLY A   2 "
     model   vdw
     2.092 1.816
  nonbonded pdb=" H2  TRP A   1 "
            pdb=" H   GLY A   2 "
     model   vdw
     2.204 2.100
  nonbonded pdb=" HH2 TRP A   1 "
            pdb=" HZ3 TRP A   1 "
     model   vdw
     2.269 1.680
  nonbonded pdb=" O   GLY A   2 "
            pdb=" HA1 GLY A   2 "
     model   vdw
     2.315 2.192
  nonbonded pdb=" H1  TRP A   1 "
            pdb=" HB1 TRP A   1 "
     model   vdw
     2.327 2.270
  ... (remaining 242 not shown)

  NOTE: a complete listing of the restraints can be obtained by requesting
        output of .geo file.

                   ----------xray_structure summary----------                  

Number of scattering types: 4
  Type Number    sf(0)   Gaussians
   O       3      7.97       2
   N       3      6.97       2
   C      13      5.97       2
   H      15      1.00       2
  sf(0) = scattering factor at diffraction angle 0.
Number of scatterers: 34
At special positions: 0
Unit cell: (13.42, 12.587, 10.96, 90, 90, 90)
Space group: P 1 (No. 1)

End of input processing
r_work=0.5770 r_free=0.5379
params.data_weight: None
params.restraints: qm
rmsd(b), start:  0.0880
mc:   0 R: 0.3286 rmsd(b):  0.6929 restraint_scale:  2.0 min_steps: 39
mc:   1 R: 0.3049 rmsd(b):  0.6643 restraint_scale:  4.0 min_steps: 22
mc:   2 R: 0.2975 rmsd(b):  0.6178 restraint_scale:  8.0 min_steps: 23
mc:   3 R: 0.3030 rmsd(b):  0.6114 restraint_scale: 16.0 min_steps: 12
mc:   4 R: 0.3088 rmsd(b):  0.6123 restraint_scale: 32.0 min_steps: 24
mc:   5 R: 0.3088 rmsd(b):  0.6123 restraint_scale: 64.0 min_steps: 1
Convergence reached, stop now.
see the result structure:  ./p26/04_results/refine_qm/191_WG03-new/1.2/2.pdb
Time: 206.2110
