phenix.python
you are importing  adaptive calculator, and it does nothing. Please give it energy, force....... 

============================== Collecting inputs ==============================


                   ----------Processing X-ray data----------                   

F-obs:
  /scratch/m_zhen01/30993.lupus.uni-muenster.de/p26/02_mtz/240_GFA11-new.mtz:F-obs
Miller array info: None
Observation type: xray.amplitude
Type of data: double, size=256
Type of sigmas: None
Number of Miller indices: 256
Anomalous flag: False
Unit cell: (16.574, 13.229, 10.986, 90, 90, 90)
Space group: P 1 (No. 1)
Systematic absences: 0
Centric reflections: 0
Resolution range: 3.97299 2.50733
Completeness in resolution range: 1
Completeness with d_max=infinity: 0.773414

Number of F-obs in resolution range:                   256
Number of F-obs<0 (these reflections will be rejected): 0
Number of F-obs=0 (these reflections will be used in refinement): 0
Refinement resolution range: d_max =   3.9730
                             d_min =   2.5073

R-free flags:
  /scratch/m_zhen01/30993.lupus.uni-muenster.de/p26/02_mtz/240_GFA11-new.mtz:R-free-flags
Miller array info: /scratch/m_zhen01/30993.lupus.uni-muenster.de/p26/02_mtz/240_GFA11-new.mtz:R-free-flags
Observation type: None
Type of data: int, size=256
Type of sigmas: None
Number of Miller indices: 256
Anomalous flag: False
Unit cell: (16.574, 13.229, 10.986, 90, 90, 90)
Space group: P 1 (No. 1)
Systematic absences: 0
Centric reflections: 0
Resolution range: 3.97299 2.50733
Completeness in resolution range: 1
Completeness with d_max=infinity: 0.773414
Wavelength: 1.0000

Test (R-free flags) flag value: 1

Number of work/free reflections by resolution:
                                  work free  %free
  bin  1: 3.9730 - 3.6423 [33/33]   25    8  24.2%
  bin  2: 3.6423 - 3.3999 [14/14]   14    0   0.0%
  bin  3: 3.3999 - 3.2114 [30/30]   30    0   0.0%
  bin  4: 3.2114 - 3.0588 [28/28]   24    4  14.3%
  bin  5: 3.0588 - 2.9315 [22/22]   22    0   0.0%
  bin  6: 2.9315 - 2.8232 [18/18]   18    0   0.0%
  bin  7: 2.8232 - 2.7292 [26/26]   24    2   7.7%
  bin  8: 2.7292 - 2.6466 [26/26]   26    0   0.0%
  bin  9: 2.6466 - 2.5732 [23/23]   23    0   0.0%
  bin 10: 2.5732 - 2.5073 [36/36]   34    2   5.6%
                          overall  240   16   6.2%

                   ----------Processing PDB file(s)----------                  

  Monomer Library directory:
    "/tmp1/m_zhen01/phenix-installer-1.10.1-2155-intel-linux-2.6-x86_64-centos5/phenix-1.10.1-2155/modules/chem_data/mon_lib"
  Total number of atoms: 40
  Number of models: 1
  Model: ""
    Number of chains: 1
    Chain: "A"
      Number of atoms: 40
      Number of conformers: 1
      Conformer: ""
        Number of residues, atoms: 3, 40
          Classifications: {'peptide': 3}
          Modifications used: {'NH2NOTPRO': 1, 'COOH': 1}
          Link IDs: {'TRANS': 2}
  Time building chain proxies: 0.08, per 1000 atoms: 2.00
  Number of scatterers: 40
  At special positions: 0
  Unit cell: (16.574, 13.229, 10.986, 90, 90, 90)
  Space group: P 1 (No. 1)
  Number of sites at special positions: 0
  Number of scattering types: 4
    Type Number    sf(0)
     O       4      8.00
     N       3      7.00
     C      14      6.00
     H      19      1.00
    sf(0) = scattering factor at diffraction angle 0.

  Number of disulfides: simple=0, symmetry=0

  Automatic linking
    Parameters for automatic linking
      Linking & cutoffs
        Metal                : False - 3.50
        Amimo acid           : False - 1.90
        Carbohydrate         : True  - 1.99
        Ligands              : True  - 1.99
        Amino acid - RNA/DNA : False
      
  Number of custom bonds: simple=0, symmetry=0
  Time building additional restraints: 0.03
  Conformation dependent library (CDL) restraints added in 3.4 milliseconds
  
  Adding C-beta torsion restraints...
  Number of C-beta restraints generated:  4
  Time building geometry restraints manager: 0.03 seconds

  NOTE: a complete listing of the restraints can be obtained by requesting
        output of .geo file.

  Histogram of bond lengths:
        0.84 -     0.99: 15
        0.99 -     1.13: 4
        1.13 -     1.28: 3
        1.28 -     1.42: 8
        1.42 -     1.56: 10
  Bond restraints: 40
  Sorted by residual:
  bond pdb=" CZ  PHE A   2 "
       pdb=" HZ  PHE A   2 "
    ideal  model  delta    sigma   weight residual
    0.930  1.001 -0.071 2.00e-02 2.50e+03 1.26e+01
  bond pdb=" C   PHE A   2 "
       pdb=" CA  PHE A   2 "
    ideal  model  delta    sigma   weight residual
    1.523  1.556 -0.033 1.34e-02 5.57e+03 6.04e+00
  bond pdb=" N   GLY A   1 "
       pdb=" H2  GLY A   1 "
    ideal  model  delta    sigma   weight residual
    0.960  0.920  0.040 2.00e-02 2.50e+03 4.03e+00
  bond pdb=" C   ALA A   3 "
       pdb=" CA  ALA A   3 "
    ideal  model  delta    sigma   weight residual
    1.525  1.564 -0.039 2.10e-02 2.27e+03 3.53e+00
  bond pdb=" O   ALA A   3 "
       pdb=" C   ALA A   3 "
    ideal  model  delta    sigma   weight residual
    1.185  1.221 -0.036 2.00e-02 2.50e+03 3.17e+00
  ... (remaining 35 not shown)

  Histogram of bond angle deviations from ideal:
      104.31 -   108.37: 12
      108.37 -   112.43: 18
      112.43 -   116.48: 7
      116.48 -   120.54: 13
      120.54 -   124.60: 16
  Bond angle restraints: 66
  Sorted by residual:
  angle pdb=" CB  ALA A   3 "
        pdb=" CA  ALA A   3 "
        pdb=" N   ALA A   3 "
      ideal   model   delta    sigma   weight residual
     110.40  106.55    3.85 1.50e+00 4.44e-01 6.60e+00
  angle pdb=" HB1 PHE A   2 "
        pdb=" CB  PHE A   2 "
        pdb=" CG  PHE A   2 "
      ideal   model   delta    sigma   weight residual
     108.00  113.83   -5.83 3.00e+00 1.11e-01 3.78e+00
  angle pdb=" C   GLY A   1 "
        pdb=" CA  GLY A   1 "
        pdb=" N   GLY A   1 "
      ideal   model   delta    sigma   weight residual
     113.30  108.60    4.70 2.90e+00 1.19e-01 2.62e+00
  angle pdb=" C   PHE A   2 "
        pdb=" N   ALA A   3 "
        pdb=" CA  ALA A   3 "
      ideal   model   delta    sigma   weight residual
     121.70  124.60   -2.90 1.80e+00 3.09e-01 2.59e+00
  angle pdb=" O   ALA A   3 "
        pdb=" C   ALA A   3 "
        pdb=" CA  ALA A   3 "
      ideal   model   delta    sigma   weight residual
     118.60  123.29   -4.69 3.00e+00 1.11e-01 2.44e+00
  ... (remaining 61 not shown)

  Histogram of dihedral angle deviations from ideal:
        0.16 -    35.95: 15
       35.95 -    71.74: 0
       71.74 -   107.53: 0
      107.53 -   143.32: 0
      143.32 -   179.11: 1
  Dihedral angle restraints: 16
    sinusoidal: 4
      harmonic: 12
  Sorted by residual:
  dihedral pdb=" O   ALA A   3 "
           pdb=" C   ALA A   3 "
           pdb=" OXT ALA A   3 "
           pdb=" HXT ALA A   3 "
      ideal   model   delta  harmonic     sigma   weight residual
       0.00 -179.11  179.11     0      3.00e+01 1.11e-03 3.56e+01
  dihedral pdb=" CA  GLY A   1 "
           pdb=" C   GLY A   1 "
           pdb=" N   PHE A   2 "
           pdb=" CA  PHE A   2 "
      ideal   model   delta  harmonic     sigma   weight residual
     180.00  171.31    8.69     0      5.00e+00 4.00e-02 3.02e+00
  dihedral pdb=" HB3 ALA A   3 "
           pdb=" CA  ALA A   3 "
           pdb=" CB  ALA A   3 "
           pdb=" N   ALA A   3 "
      ideal   model   delta sinusoidal    sigma   weight residual
     -60.00  -80.09   20.09     3      1.50e+01 4.44e-03 2.39e+00
  ... (remaining 13 not shown)

  Histogram of chiral volume deviations from ideal:
       0.034 -    0.043: 1
       0.043 -    0.052: 0
       0.052 -    0.061: 0
       0.061 -    0.070: 0
       0.070 -    0.079: 1
  Chirality restraints: 2
  Sorted by residual:
  chirality pdb=" CA  PHE A   2 "
            pdb=" CB  PHE A   2 "
            pdb=" C   PHE A   2 "
            pdb=" N   PHE A   2 "
    both_signs  ideal   model   delta    sigma   weight residual
      False     -2.51   -2.59    0.08 2.00e-01 2.50e+01 1.57e-01
  chirality pdb=" CA  ALA A   3 "
            pdb=" C   ALA A   3 "
            pdb=" CB  ALA A   3 "
            pdb=" N   ALA A   3 "
    both_signs  ideal   model   delta    sigma   weight residual
      False      2.48    2.52   -0.03 2.00e-01 2.50e+01 2.82e-02

  Planarity restraints: 6
  Sorted by residual:
                                 delta    sigma   weight rms_deltas residual
  plane pdb=" CB  PHE A   2 "   -0.008 2.00e-02 2.50e+03   1.35e-02 5.48e+00
        pdb=" CG  PHE A   2 "    0.027 2.00e-02 2.50e+03
        pdb=" CD2 PHE A   2 "   -0.009 2.00e-02 2.50e+03
        pdb=" HD2 PHE A   2 "   -0.020 2.00e-02 2.50e+03
        pdb=" CE2 PHE A   2 "    0.013 2.00e-02 2.50e+03
        pdb=" HE2 PHE A   2 "    0.008 2.00e-02 2.50e+03
        pdb=" CZ  PHE A   2 "    0.007 2.00e-02 2.50e+03
        pdb=" HZ  PHE A   2 "   -0.019 2.00e-02 2.50e+03
        pdb=" CE1 PHE A   2 "    0.009 2.00e-02 2.50e+03
        pdb=" HE1 PHE A   2 "   -0.009 2.00e-02 2.50e+03
        pdb=" CD1 PHE A   2 "    0.008 2.00e-02 2.50e+03
        pdb=" HD1 PHE A   2 "   -0.010 2.00e-02 2.50e+03
                                 delta    sigma   weight rms_deltas residual
  plane pdb=" O   ALA A   3 "   -0.000 2.00e-02 2.50e+03   1.36e-02 2.32e+00
        pdb=" C   ALA A   3 "   -0.016 2.00e-02 2.50e+03
        pdb=" OXT ALA A   3 "    0.021 2.00e-02 2.50e+03
        pdb=" HXT ALA A   3 "   -0.013 2.00e-02 2.50e+03
        pdb=" CA  ALA A   3 "    0.008 2.00e-02 2.50e+03
                                 delta    sigma   weight rms_deltas residual
  plane pdb=" C   GLY A   1 "   -0.018 2.00e-02 2.50e+03   1.06e-02 1.12e+00
        pdb=" O   GLY A   1 "    0.007 2.00e-02 2.50e+03
        pdb=" CA  GLY A   1 "    0.005 2.00e-02 2.50e+03
        pdb=" N   PHE A   2 "    0.006 2.00e-02 2.50e+03
  ... (remaining 3 not shown)

  Histogram of nonbonded interaction distances:
        2.04 -     2.61: 32
        2.61 -     3.18: 65
        3.18 -     3.75: 70
        3.75 -     4.32: 70
        4.32 -     4.89: 91
  Nonbonded interactions: 328
  Sorted by model distance:
  nonbonded pdb=" HB2 ALA A   3 "
            pdb=" H   ALA A   3 "
     model   vdw
     2.038 2.270
  nonbonded pdb=" HA1 GLY A   1 "
            pdb=" H2  GLY A   1 "
     model   vdw
     2.090 1.816
  nonbonded pdb=" H   PHE A   2 "
            pdb=" H   ALA A   3 "
     model   vdw
     2.098 2.100
  nonbonded pdb=" HXT ALA A   3 "
            pdb=" HB1 ALA A   3 "
     model   vdw
     2.099 2.270
  nonbonded pdb=" HB1 ALA A   3 "
            pdb=" HA  ALA A   3 "
     model   vdw
     2.177 1.952
  ... (remaining 323 not shown)

  NOTE: a complete listing of the restraints can be obtained by requesting
        output of .geo file.

                   ----------xray_structure summary----------                  

Number of scattering types: 4
  Type Number    sf(0)   Gaussians
   O       4      7.97       2
   N       3      6.97       2
   C      14      5.97       2
   H      19      1.00       2
  sf(0) = scattering factor at diffraction angle 0.
Number of scatterers: 40
At special positions: 0
Unit cell: (16.574, 13.229, 10.986, 90, 90, 90)
Space group: P 1 (No. 1)

End of input processing
r_work=0.5945 r_free=0.4591
params.data_weight: 0.0
params.restraints: cctbx
rmsd(b), start:  0.0865
mc:   0 R: 0.6053 rmsd(b):  0.0016 restraint_scale:  1.0 min_steps: 54
mc:   1 R: 0.5993 rmsd(b):  0.0010 restraint_scale:  1.0 min_steps: 55
mc:   2 R: 0.5995 rmsd(b):  0.0006 restraint_scale:  1.0 min_steps: 53
mc:   3 R: 0.5965 rmsd(b):  0.0006 restraint_scale:  1.0 min_steps: 53
mc:   4 R: 0.5981 rmsd(b):  0.0005 restraint_scale:  1.0 min_steps: 55
mc:   5 R: 0.5994 rmsd(b):  0.0006 restraint_scale:  1.0 min_steps: 54
mc:   6 R: 0.6004 rmsd(b):  0.0005 restraint_scale:  1.0 min_steps: 53
mc:   7 R: 0.6028 rmsd(b):  0.0005 restraint_scale:  1.0 min_steps: 52
mc:   8 R: 0.6032 rmsd(b):  0.0005 restraint_scale:  1.0 min_steps: 55
mc:   9 R: 0.6041 rmsd(b):  0.0005 restraint_scale:  1.0 min_steps: 55
Convergence reached, stop now.
see the result structure:  ./p26/04_results/opt_cctbx/240_GFA11-new/1.5/2.pdb
Time: 6.6348
