phenix.python
you are importing  adaptive calculator, and it does nothing. Please give it energy, force....... 

============================== Collecting inputs ==============================


                   ----------Processing X-ray data----------                   

F-obs:
  /scratch/m_zhen01/31011.lupus.uni-muenster.de/p26/02_mtz/207_WGG08-new.mtz:F-obs
Miller array info: None
Observation type: xray.amplitude
Type of data: double, size=218
Type of sigmas: None
Number of Miller indices: 218
Anomalous flag: False
Unit cell: (13.023, 14.053, 11.967, 90, 90, 90)
Space group: P 1 (No. 1)
Systematic absences: 0
Centric reflections: 0
Resolution range: 3.989 2.50428
Completeness in resolution range: 1
Completeness with d_max=infinity: 0.751724

Number of F-obs in resolution range:                   218
Number of F-obs<0 (these reflections will be rejected): 0
Number of F-obs=0 (these reflections will be used in refinement): 0
Refinement resolution range: d_max =   3.9890
                             d_min =   2.5043

R-free flags:
  /scratch/m_zhen01/31011.lupus.uni-muenster.de/p26/02_mtz/207_WGG08-new.mtz:R-free-flags
Miller array info: /scratch/m_zhen01/31011.lupus.uni-muenster.de/p26/02_mtz/207_WGG08-new.mtz:R-free-flags
Observation type: None
Type of data: int, size=218
Type of sigmas: None
Number of Miller indices: 218
Anomalous flag: False
Unit cell: (13.023, 14.053, 11.967, 90, 90, 90)
Space group: P 1 (No. 1)
Systematic absences: 0
Centric reflections: 0
Resolution range: 3.989 2.50428
Completeness in resolution range: 1
Completeness with d_max=infinity: 0.751724
Wavelength: 1.0000

Test (R-free flags) flag value: 1

Number of work/free reflections by resolution:
                                  work free  %free
  bin  1: 3.9890 - 3.6511 [23/23]   19    4  17.4%
  bin  2: 3.6511 - 3.4047 [21/21]   21    0   0.0%
  bin  3: 3.4047 - 3.2137 [19/19]   19    0   0.0%
  bin  4: 3.2137 - 3.0594 [28/28]   28    0   0.0%
  bin  5: 3.0594 - 2.9310 [21/21]   17    4  19.0%
  bin  6: 2.9310 - 2.8218 [18/18]   14    4  22.2%
  bin  7: 2.8218 - 2.7273 [25/25]   25    0   0.0%
  bin  8: 2.7273 - 2.6442 [28/28]   24    4  14.3%
  bin  9: 2.6442 - 2.5705 [13/13]   13    0   0.0%
  bin 10: 2.5705 - 2.5043 [22/22]   18    4  18.2%
                          overall  198   20   9.2%

                   ----------Processing PDB file(s)----------                  

  Monomer Library directory:
    "/tmp1/m_zhen01/phenix-installer-1.10.1-2155-intel-linux-2.6-x86_64-centos5/phenix-1.10.1-2155/modules/chem_data/mon_lib"
  Total number of atoms: 41
  Number of models: 1
  Model: ""
    Number of chains: 1
    Chain: "A"
      Number of atoms: 41
      Number of conformers: 1
      Conformer: ""
        Number of residues, atoms: 3, 41
          Classifications: {'peptide': 3}
          Modifications used: {'NH2NOTPRO': 1, 'COOH': 1}
          Link IDs: {'TRANS': 2}
  Time building chain proxies: 0.07, per 1000 atoms: 1.71
  Number of scatterers: 41
  At special positions: 0
  Unit cell: (13.023, 14.053, 11.967, 90, 90, 90)
  Space group: P 1 (No. 1)
  Number of sites at special positions: 0
  Number of scattering types: 4
    Type Number    sf(0)
     O       4      8.00
     N       4      7.00
     C      15      6.00
     H      18      1.00
    sf(0) = scattering factor at diffraction angle 0.

  Number of disulfides: simple=0, symmetry=0

  Automatic linking
    Parameters for automatic linking
      Linking & cutoffs
        Metal                : False - 3.50
        Amimo acid           : False - 1.90
        Carbohydrate         : True  - 1.99
        Ligands              : True  - 1.99
        Amino acid - RNA/DNA : False
      
  Number of custom bonds: simple=0, symmetry=0
  Time building additional restraints: 0.03
  Conformation dependent library (CDL) restraints added in 2.8 milliseconds
  
  Adding C-beta torsion restraints...
  Number of C-beta restraints generated:  2
  Time building geometry restraints manager: 0.03 seconds

  NOTE: a complete listing of the restraints can be obtained by requesting
        output of .geo file.

  Histogram of bond lengths:
        0.85 -     0.99: 17
        0.99 -     1.13: 1
        1.13 -     1.26: 3
        1.26 -     1.40: 8
        1.40 -     1.54: 13
  Bond restraints: 42
  Sorted by residual:
  bond pdb=" CE3 TRP A   1 "
       pdb=" HE3 TRP A   1 "
    ideal  model  delta    sigma   weight residual
    0.930  0.979 -0.049 2.00e-02 2.50e+03 5.96e+00
  bond pdb=" CH2 TRP A   1 "
       pdb=" HH2 TRP A   1 "
    ideal  model  delta    sigma   weight residual
    0.930  0.968 -0.038 2.00e-02 2.50e+03 3.69e+00
  bond pdb=" CD1 TRP A   1 "
       pdb=" HD1 TRP A   1 "
    ideal  model  delta    sigma   weight residual
    0.930  0.893  0.037 2.00e-02 2.50e+03 3.37e+00
  bond pdb=" OXT GLY A   3 "
       pdb=" HXT GLY A   3 "
    ideal  model  delta    sigma   weight residual
    0.948  0.983 -0.035 2.00e-02 2.50e+03 3.08e+00
  bond pdb=" CG  TRP A   1 "
       pdb=" CD1 TRP A   1 "
    ideal  model  delta    sigma   weight residual
    1.365  1.408 -0.043 2.50e-02 1.60e+03 2.91e+00
  ... (remaining 37 not shown)

  Histogram of bond angle deviations from ideal:
      105.39 -   111.16: 27
      111.16 -   116.93: 11
      116.93 -   122.70: 16
      122.70 -   128.47: 13
      128.47 -   134.24: 2
  Bond angle restraints: 69
  Sorted by residual:
  angle pdb=" C   TRP A   1 "
        pdb=" N   GLY A   2 "
        pdb=" CA  GLY A   2 "
      ideal   model   delta    sigma   weight residual
     121.41  124.46   -3.05 1.96e+00 2.60e-01 2.42e+00
  angle pdb=" O   TRP A   1 "
        pdb=" C   TRP A   1 "
        pdb=" N   GLY A   2 "
      ideal   model   delta    sigma   weight residual
     123.00  125.20   -2.20 1.60e+00 3.91e-01 1.88e+00
  angle pdb=" O   GLY A   2 "
        pdb=" C   GLY A   2 "
        pdb=" N   GLY A   3 "
      ideal   model   delta    sigma   weight residual
     122.70  124.29   -1.59 1.30e+00 5.92e-01 1.49e+00
  angle pdb=" C   TRP A   1 "
        pdb=" CA  TRP A   1 "
        pdb=" CB  TRP A   1 "
      ideal   model   delta    sigma   weight residual
     110.10  112.20   -2.10 1.90e+00 2.77e-01 1.22e+00
  angle pdb=" OXT GLY A   3 "
        pdb=" C   GLY A   3 "
        pdb=" CA  GLY A   3 "
      ideal   model   delta    sigma   weight residual
     118.60  115.38    3.22 3.00e+00 1.11e-01 1.15e+00
  ... (remaining 64 not shown)

  Histogram of dihedral angle deviations from ideal:
        0.03 -    35.85: 12
       35.85 -    71.66: 1
       71.66 -   107.47: 0
      107.47 -   143.28: 0
      143.28 -   179.09: 1
  Dihedral angle restraints: 14
    sinusoidal: 3
      harmonic: 11
  Sorted by residual:
  dihedral pdb=" O   GLY A   3 "
           pdb=" C   GLY A   3 "
           pdb=" OXT GLY A   3 "
           pdb=" HXT GLY A   3 "
      ideal   model   delta  harmonic     sigma   weight residual
       0.00 -179.09  179.09     0      3.00e+01 1.11e-03 3.56e+01
  dihedral pdb=" OXT GLY A   3 "
           pdb=" C   GLY A   3 "
           pdb=" CA  GLY A   3 "
           pdb=" N   GLY A   3 "
      ideal   model   delta sinusoidal    sigma   weight residual
     -20.00  -71.77   51.77     2      3.00e+01 1.11e-03 3.29e+00
  dihedral pdb=" C   TRP A   1 "
           pdb=" N   TRP A   1 "
           pdb=" CA  TRP A   1 "
           pdb=" CB  TRP A   1 "
      ideal   model   delta  harmonic     sigma   weight residual
    -122.60 -125.87    3.27     0      2.50e+00 1.60e-01 1.71e+00
  ... (remaining 11 not shown)

  Histogram of chiral volume deviations from ideal:
       0.151 -    0.151: 1
       0.151 -    0.151: 0
       0.151 -    0.151: 0
       0.151 -    0.151: 0
       0.151 -    0.151: 0
  Chirality restraints: 1
  Sorted by residual:
  chirality pdb=" CA  TRP A   1 "
            pdb=" C   TRP A   1 "
            pdb=" N   TRP A   1 "
            pdb=" CB  TRP A   1 "
    both_signs  ideal   model   delta    sigma   weight residual
      False     -2.51   -2.36   -0.15 2.00e-01 2.50e+01 5.67e-01

  Planarity restraints: 6
  Sorted by residual:
                                 delta    sigma   weight rms_deltas residual
  plane pdb=" CB  TRP A   1 "   -0.018 2.00e-02 2.50e+03   2.14e-02 1.84e+01
        pdb=" CG  TRP A   1 "    0.028 2.00e-02 2.50e+03
        pdb=" CD1 TRP A   1 "    0.034 2.00e-02 2.50e+03
        pdb=" HD1 TRP A   1 "    0.011 2.00e-02 2.50e+03
        pdb=" NE1 TRP A   1 "   -0.033 2.00e-02 2.50e+03
        pdb=" HE1 TRP A   1 "    0.009 2.00e-02 2.50e+03
        pdb=" CE2 TRP A   1 "   -0.041 2.00e-02 2.50e+03
        pdb=" CZ2 TRP A   1 "   -0.004 2.00e-02 2.50e+03
        pdb=" HZ2 TRP A   1 "    0.011 2.00e-02 2.50e+03
        pdb=" CH2 TRP A   1 "    0.030 2.00e-02 2.50e+03
        pdb=" HH2 TRP A   1 "   -0.011 2.00e-02 2.50e+03
        pdb=" CZ3 TRP A   1 "   -0.008 2.00e-02 2.50e+03
        pdb=" HZ3 TRP A   1 "    0.017 2.00e-02 2.50e+03
        pdb=" CE3 TRP A   1 "   -0.002 2.00e-02 2.50e+03
        pdb=" HE3 TRP A   1 "    0.002 2.00e-02 2.50e+03
        pdb=" CD2 TRP A   1 "   -0.025 2.00e-02 2.50e+03
                                 delta    sigma   weight rms_deltas residual
  plane pdb=" C   TRP A   1 "   -0.023 2.00e-02 2.50e+03   1.33e-02 1.78e+00
        pdb=" O   TRP A   1 "    0.009 2.00e-02 2.50e+03
        pdb=" CA  TRP A   1 "    0.006 2.00e-02 2.50e+03
        pdb=" N   GLY A   2 "    0.008 2.00e-02 2.50e+03
                                 delta    sigma   weight rms_deltas residual
  plane pdb=" C   GLY A   2 "    0.019 2.00e-02 2.50e+03   1.11e-02 1.23e+00
        pdb=" O   GLY A   2 "   -0.007 2.00e-02 2.50e+03
        pdb=" CA  GLY A   2 "   -0.005 2.00e-02 2.50e+03
        pdb=" N   GLY A   3 "   -0.006 2.00e-02 2.50e+03
  ... (remaining 3 not shown)

  Histogram of nonbonded interaction distances:
        2.07 -     2.64: 30
        2.64 -     3.20: 70
        3.20 -     3.77: 66
        3.77 -     4.33: 74
        4.33 -     4.90: 90
  Nonbonded interactions: 330
  Sorted by model distance:
  nonbonded pdb=" O   GLY A   2 "
            pdb=" HXT GLY A   3 "
     model   vdw
     2.075 1.970
  nonbonded pdb=" HA2 GLY A   2 "
            pdb=" H   GLY A   2 "
     model   vdw
     2.093 1.816
  nonbonded pdb=" HXT GLY A   3 "
            pdb=" HA2 GLY A   3 "
     model   vdw
     2.160 2.270
  nonbonded pdb=" HE1 TRP A   1 "
            pdb=" OXT GLY A   3 "
     model   vdw
     2.178 1.970
  nonbonded pdb=" HA1 GLY A   3 "
            pdb=" H   GLY A   3 "
     model   vdw
     2.190 1.816
  ... (remaining 325 not shown)

  NOTE: a complete listing of the restraints can be obtained by requesting
        output of .geo file.

                   ----------xray_structure summary----------                  

Number of scattering types: 4
  Type Number    sf(0)   Gaussians
   O       4      7.97       2
   N       4      6.97       2
   C      15      5.97       2
   H      18      1.00       2
  sf(0) = scattering factor at diffraction angle 0.
Number of scatterers: 41
At special positions: 0
Unit cell: (13.023, 14.053, 11.967, 90, 90, 90)
Space group: P 1 (No. 1)

End of input processing
r_work=0.6041 r_free=0.6334
params.data_weight: None
params.restraints: qm
rmsd(b), start:  0.0862
mc:   0 R: 0.3664 rmsd(b):  0.8416 restraint_scale:  2.0 min_steps: 51
mc:   1 R: 0.2476 rmsd(b):  1.1988 restraint_scale:  4.0 min_steps: 54
mc:   2 R: 0.2347 rmsd(b):  1.1885 restraint_scale:  8.0 min_steps: 19
mc:   3 R: 0.2425 rmsd(b):  1.2052 restraint_scale: 16.0 min_steps: 55
mc:   4 R: 0.2855 rmsd(b):  1.2446 restraint_scale: 32.0 min_steps: 48
mc:   5 R: 0.3054 rmsd(b):  1.2826 restraint_scale: 64.0 min_steps: 39
mc:   6 R: 0.3056 rmsd(b):  1.2827 restraint_scale: 128.0 min_steps: 6
Convergence reached, stop now.
see the result structure:  ./p26/04_results/refine_qm/207_WGG08-new/1.2/9.pdb
Time: 3667.2841
