phenix.python
you are importing  adaptive calculator, and it does nothing. Please give it energy, force....... 

============================== Collecting inputs ==============================


                   ----------Processing X-ray data----------                   

F-obs:
  /scratch/m_zhen01/30994.lupus.uni-muenster.de/p26/02_mtz/221_GGF14-new.mtz:F-obs
Miller array info: None
Observation type: xray.amplitude
Type of data: double, size=187
Type of sigmas: None
Number of Miller indices: 187
Anomalous flag: False
Unit cell: (15.174, 11.899, 10.178, 90, 90, 90)
Space group: P 1 (No. 1)
Systematic absences: 0
Centric reflections: 0
Resolution range: 3.98257 2.50946
Completeness in resolution range: 1
Completeness with d_max=infinity: 0.766393

Number of F-obs in resolution range:                   187
Number of F-obs<0 (these reflections will be rejected): 0
Number of F-obs=0 (these reflections will be used in refinement): 0
Refinement resolution range: d_max =   3.9826
                             d_min =   2.5095

R-free flags:
  /scratch/m_zhen01/30994.lupus.uni-muenster.de/p26/02_mtz/221_GGF14-new.mtz:R-free-flags
Miller array info: /scratch/m_zhen01/30994.lupus.uni-muenster.de/p26/02_mtz/221_GGF14-new.mtz:R-free-flags
Observation type: None
Type of data: int, size=187
Type of sigmas: None
Number of Miller indices: 187
Anomalous flag: False
Unit cell: (15.174, 11.899, 10.178, 90, 90, 90)
Space group: P 1 (No. 1)
Systematic absences: 0
Centric reflections: 0
Resolution range: 3.98257 2.50946
Completeness in resolution range: 1
Completeness with d_max=infinity: 0.766393
Wavelength: 1.0000

Test (R-free flags) flag value: 1

Number of work/free reflections by resolution:
                                  work free  %free
  bin  1: 3.9826 - 3.6493 [18/18]   14    4  22.2%
  bin  2: 3.6493 - 3.4055 [28/28]   28    0   0.0%
  bin  3: 3.4055 - 3.2160 [ 9/9 ]    7    2  22.2%
  bin  4: 3.2160 - 3.0627 [20/20]   20    0   0.0%
  bin  5: 3.0627 - 2.9349 [24/24]   24    0   0.0%
  bin  6: 2.9349 - 2.8262 [14/14]   12    2  14.3%
  bin  7: 2.8262 - 2.7319 [22/22]   22    0   0.0%
  bin  8: 2.7319 - 2.6491 [14/14]   14    0   0.0%
  bin  9: 2.6491 - 2.5755 [12/12]    8    4  33.3%
  bin 10: 2.5755 - 2.5095 [26/26]   26    0   0.0%
                          overall  175   12   6.4%

                   ----------Processing PDB file(s)----------                  

  Monomer Library directory:
    "/tmp1/m_zhen01/phenix-installer-1.10.1-2155-intel-linux-2.6-x86_64-centos5/phenix-1.10.1-2155/modules/chem_data/mon_lib"
  Total number of atoms: 37
  Number of models: 1
  Model: ""
    Number of chains: 1
    Chain: "A"
      Number of atoms: 37
      Number of conformers: 1
      Conformer: ""
        Number of residues, atoms: 3, 37
          Classifications: {'peptide': 3}
          Modifications used: {'NH2NOTPRO': 1, 'COOH': 1}
          Link IDs: {'TRANS': 2}
  Time building chain proxies: 0.07, per 1000 atoms: 1.89
  Number of scatterers: 37
  At special positions: 0
  Unit cell: (15.174, 11.899, 10.178, 90, 90, 90)
  Space group: P 1 (No. 1)
  Number of sites at special positions: 0
  Number of scattering types: 4
    Type Number    sf(0)
     O       4      8.00
     N       3      7.00
     C      13      6.00
     H      17      1.00
    sf(0) = scattering factor at diffraction angle 0.

  Number of disulfides: simple=0, symmetry=0

  Automatic linking
    Parameters for automatic linking
      Linking & cutoffs
        Metal                : False - 3.50
        Amimo acid           : False - 1.90
        Carbohydrate         : True  - 1.99
        Ligands              : True  - 1.99
        Amino acid - RNA/DNA : False
      
  Number of custom bonds: simple=0, symmetry=0
  Time building additional restraints: 0.02
  Conformation dependent library (CDL) restraints added in 3.0 milliseconds
  
  Adding C-beta torsion restraints...
  Number of C-beta restraints generated:  2
  Time building geometry restraints manager: 0.02 seconds

  NOTE: a complete listing of the restraints can be obtained by requesting
        output of .geo file.

  Histogram of bond lengths:
        0.87 -     1.01: 17
        1.01 -     1.15: 0
        1.15 -     1.30: 4
        1.30 -     1.44: 8
        1.44 -     1.58: 8
  Bond restraints: 37
  Sorted by residual:
  bond pdb=" N   PHE A   3 "
       pdb=" H   PHE A   3 "
    ideal  model  delta    sigma   weight residual
    0.860  0.930 -0.070 2.00e-02 2.50e+03 1.24e+01
  bond pdb=" CE2 PHE A   3 "
       pdb=" HE2 PHE A   3 "
    ideal  model  delta    sigma   weight residual
    0.930  0.871  0.059 2.00e-02 2.50e+03 8.67e+00
  bond pdb=" C   PHE A   3 "
       pdb=" CA  PHE A   3 "
    ideal  model  delta    sigma   weight residual
    1.525  1.583 -0.058 2.10e-02 2.27e+03 7.71e+00
  bond pdb=" N   GLY A   1 "
       pdb=" H2  GLY A   1 "
    ideal  model  delta    sigma   weight residual
    0.960  0.917  0.043 2.00e-02 2.50e+03 4.57e+00
  bond pdb=" C   PHE A   3 "
       pdb=" OXT PHE A   3 "
    ideal  model  delta    sigma   weight residual
    1.330  1.289  0.041 2.00e-02 2.50e+03 4.12e+00
  ... (remaining 32 not shown)

  Histogram of bond angle deviations from ideal:
      103.19 -   107.46: 5
      107.46 -   111.73: 17
      111.73 -   116.00: 6
      116.00 -   120.27: 17
      120.27 -   124.54: 15
  Bond angle restraints: 60
  Sorted by residual:
  angle pdb=" HA1 GLY A   2 "
        pdb=" CA  GLY A   2 "
        pdb=" HA2 GLY A   2 "
      ideal   model   delta    sigma   weight residual
     109.00  103.19    5.81 3.00e+00 1.11e-01 3.75e+00
  angle pdb=" C   GLY A   1 "
        pdb=" N   GLY A   2 "
        pdb=" H   GLY A   2 "
      ideal   model   delta    sigma   weight residual
     124.30  119.19    5.11 3.00e+00 1.11e-01 2.91e+00
  angle pdb=" C   GLY A   1 "
        pdb=" CA  GLY A   1 "
        pdb=" HA2 GLY A   1 "
      ideal   model   delta    sigma   weight residual
     109.00  104.39    4.61 3.00e+00 1.11e-01 2.36e+00
  angle pdb=" C   GLY A   2 "
        pdb=" N   PHE A   3 "
        pdb=" CA  PHE A   3 "
      ideal   model   delta    sigma   weight residual
     121.70  124.13   -2.43 1.80e+00 3.09e-01 1.82e+00
  angle pdb=" OXT PHE A   3 "
        pdb=" C   PHE A   3 "
        pdb=" CA  PHE A   3 "
      ideal   model   delta    sigma   weight residual
     118.60  122.60   -4.00 3.00e+00 1.11e-01 1.77e+00
  ... (remaining 55 not shown)

  Histogram of dihedral angle deviations from ideal:
        0.29 -    35.81: 12
       35.81 -    71.32: 0
       71.32 -   106.84: 0
      106.84 -   142.35: 0
      142.35 -   177.87: 1
  Dihedral angle restraints: 13
    sinusoidal: 3
      harmonic: 10
  Sorted by residual:
  dihedral pdb=" O   PHE A   3 "
           pdb=" C   PHE A   3 "
           pdb=" OXT PHE A   3 "
           pdb=" HXT PHE A   3 "
      ideal   model   delta  harmonic     sigma   weight residual
       0.00  177.87 -177.87     0      3.00e+01 1.11e-03 3.52e+01
  dihedral pdb=" CA  GLY A   1 "
           pdb=" C   GLY A   1 "
           pdb=" N   GLY A   2 "
           pdb=" CA  GLY A   2 "
      ideal   model   delta  harmonic     sigma   weight residual
    -180.00 -169.56  -10.44     0      5.00e+00 4.00e-02 4.36e+00
  dihedral pdb=" CA  GLY A   2 "
           pdb=" C   GLY A   2 "
           pdb=" N   PHE A   3 "
           pdb=" CA  PHE A   3 "
      ideal   model   delta  harmonic     sigma   weight residual
    -180.00 -171.16   -8.84     0      5.00e+00 4.00e-02 3.13e+00
  ... (remaining 10 not shown)

  Histogram of chiral volume deviations from ideal:
       0.176 -    0.176: 1
       0.176 -    0.176: 0
       0.176 -    0.176: 0
       0.176 -    0.176: 0
       0.176 -    0.176: 0
  Chirality restraints: 1
  Sorted by residual:
  chirality pdb=" CA  PHE A   3 "
            pdb=" C   PHE A   3 "
            pdb=" N   PHE A   3 "
            pdb=" CB  PHE A   3 "
    both_signs  ideal   model   delta    sigma   weight residual
      False     -2.51   -2.69    0.18 2.00e-01 2.50e+01 7.72e-01

  Planarity restraints: 6
  Sorted by residual:
                                 delta    sigma   weight rms_deltas residual
  plane pdb=" CB  PHE A   3 "    0.037 2.00e-02 2.50e+03   1.81e-02 9.86e+00
        pdb=" CG  PHE A   3 "   -0.018 2.00e-02 2.50e+03
        pdb=" CD1 PHE A   3 "   -0.019 2.00e-02 2.50e+03
        pdb=" HD1 PHE A   3 "   -0.017 2.00e-02 2.50e+03
        pdb=" CE1 PHE A   3 "   -0.003 2.00e-02 2.50e+03
        pdb=" HE1 PHE A   3 "    0.007 2.00e-02 2.50e+03
        pdb=" CZ  PHE A   3 "    0.012 2.00e-02 2.50e+03
        pdb=" HZ  PHE A   3 "    0.027 2.00e-02 2.50e+03
        pdb=" CE2 PHE A   3 "   -0.008 2.00e-02 2.50e+03
        pdb=" HE2 PHE A   3 "   -0.024 2.00e-02 2.50e+03
        pdb=" CD2 PHE A   3 "    0.006 2.00e-02 2.50e+03
        pdb=" HD2 PHE A   3 "    0.000 2.00e-02 2.50e+03
                                 delta    sigma   weight rms_deltas residual
  plane pdb=" C   GLY A   2 "   -0.008 2.00e-02 2.50e+03   1.40e-02 1.95e+00
        pdb=" CA  PHE A   3 "   -0.006 2.00e-02 2.50e+03
        pdb=" N   PHE A   3 "    0.024 2.00e-02 2.50e+03
        pdb=" H   PHE A   3 "   -0.010 2.00e-02 2.50e+03
                                 delta    sigma   weight rms_deltas residual
  plane pdb=" O   PHE A   3 "   -0.011 2.00e-02 2.50e+03   1.22e-02 1.85e+00
        pdb=" C   PHE A   3 "    0.024 2.00e-02 2.50e+03
        pdb=" OXT PHE A   3 "   -0.004 2.00e-02 2.50e+03
        pdb=" HXT PHE A   3 "   -0.004 2.00e-02 2.50e+03
        pdb=" CA  PHE A   3 "   -0.006 2.00e-02 2.50e+03
  ... (remaining 3 not shown)

  Histogram of nonbonded interaction distances:
        1.63 -     2.28: 8
        2.28 -     2.94: 48
        2.94 -     3.59: 65
        3.59 -     4.24: 68
        4.24 -     4.90: 105
  Nonbonded interactions: 294
  Sorted by model distance:
  nonbonded pdb=" HA2 GLY A   1 "
            pdb=" H2  GLY A   1 "
     model   vdw
     1.629 1.816
  nonbonded pdb=" O   GLY A   2 "
            pdb=" HXT PHE A   3 "
     model   vdw
     1.715 1.970
  nonbonded pdb=" C   GLY A   1 "
            pdb=" H2  GLY A   1 "
     model   vdw
     1.800 2.240
  nonbonded pdb=" HA1 GLY A   1 "
            pdb=" H2  GLY A   1 "
     model   vdw
     2.023 1.816
  nonbonded pdb=" HA  PHE A   3 "
            pdb=" H   PHE A   3 "
     model   vdw
     2.165 1.816
  ... (remaining 289 not shown)

  NOTE: a complete listing of the restraints can be obtained by requesting
        output of .geo file.

                   ----------xray_structure summary----------                  

Number of scattering types: 4
  Type Number    sf(0)   Gaussians
   O       4      7.97       2
   N       3      6.97       2
   C      13      5.97       2
   H      17      1.00       2
  sf(0) = scattering factor at diffraction angle 0.
Number of scatterers: 37
At special positions: 0
Unit cell: (15.174, 11.899, 10.178, 90, 90, 90)
Space group: P 1 (No. 1)

End of input processing
r_work=0.6185 r_free=0.3752
params.data_weight: 0.0
params.restraints: qm
rmsd(b), start:  0.0864
mc:   0 R: 0.6171 rmsd(b):  0.0271 restraint_scale:  1.0 min_steps: 52
mc:   1 R: 0.6174 rmsd(b):  0.0272 restraint_scale:  1.0 min_steps: 12
Convergence reached, stop now.
see the result structure:  ./p26/04_results/opt_qm/221_GGF14-new/1.5/3.pdb
Time: 71.1570
