phenix.python
you are importing  adaptive calculator, and it does nothing. Please give it energy, force....... 

============================== Collecting inputs ==============================


                   ----------Processing X-ray data----------                   

F-obs:
  /scratch/m_zhen01/30993.lupus.uni-muenster.de/p26/02_mtz/195_WG01-new.mtz:F-obs
Miller array info: None
Observation type: xray.amplitude
Type of data: double, size=188
Type of sigmas: None
Number of Miller indices: 188
Anomalous flag: False
Unit cell: (15.133, 10.304, 12.331, 90, 90, 90)
Space group: P 1 (No. 1)
Systematic absences: 0
Centric reflections: 0
Resolution range: 3.96662 2.52157
Completeness in resolution range: 1
Completeness with d_max=infinity: 0.752

Number of F-obs in resolution range:                   188
Number of F-obs<0 (these reflections will be rejected): 0
Number of F-obs=0 (these reflections will be used in refinement): 0
Refinement resolution range: d_max =   3.9666
                             d_min =   2.5216

R-free flags:
  /scratch/m_zhen01/30993.lupus.uni-muenster.de/p26/02_mtz/195_WG01-new.mtz:R-free-flags
Miller array info: /scratch/m_zhen01/30993.lupus.uni-muenster.de/p26/02_mtz/195_WG01-new.mtz:R-free-flags
Observation type: None
Type of data: int, size=188
Type of sigmas: None
Number of Miller indices: 188
Anomalous flag: False
Unit cell: (15.133, 10.304, 12.331, 90, 90, 90)
Space group: P 1 (No. 1)
Systematic absences: 0
Centric reflections: 0
Resolution range: 3.96662 2.52157
Completeness in resolution range: 1
Completeness with d_max=infinity: 0.752
Wavelength: 1.0000

Test (R-free flags) flag value: 1

Number of work/free reflections by resolution:
                                  work free  %free
  bin  1: 3.9666 - 3.6445 [21/21]   17    4  19.0%
  bin  2: 3.6445 - 3.4067 [25/25]   25    0   0.0%
  bin  3: 3.4067 - 3.2209 [10/10]    6    4  40.0%
  bin  4: 3.2209 - 3.0700 [19/19]   19    0   0.0%
  bin  5: 3.0700 - 2.9438 [25/25]   23    2   8.0%
  bin  6: 2.9438 - 2.8362 [16/16]   16    0   0.0%
  bin  7: 2.8362 - 2.7427 [18/18]   18    0   0.0%
  bin  8: 2.7427 - 2.6605 [14/14]   14    0   0.0%
  bin  9: 2.6605 - 2.5873 [20/20]   20    0   0.0%
  bin 10: 2.5873 - 2.5216 [20/20]   18    2  10.0%
                          overall  176   12   6.4%

                   ----------Processing PDB file(s)----------                  

  Monomer Library directory:
    "/tmp1/m_zhen01/phenix-installer-1.10.1-2155-intel-linux-2.6-x86_64-centos5/phenix-1.10.1-2155/modules/chem_data/mon_lib"
  Total number of atoms: 34
  Number of models: 1
  Model: ""
    Number of chains: 1
    Chain: "A"
      Number of atoms: 34
      Number of conformers: 1
      Conformer: ""
        Number of residues, atoms: 2, 34
          Classifications: {'peptide': 2}
          Modifications used: {'NH2NOTPRO': 1, 'COOH': 1}
          Link IDs: {'TRANS': 1}
  Time building chain proxies: 0.07, per 1000 atoms: 2.06
  Number of scatterers: 34
  At special positions: 0
  Unit cell: (15.133, 10.304, 12.331, 90, 90, 90)
  Space group: P 1 (No. 1)
  Number of sites at special positions: 0
  Number of scattering types: 4
    Type Number    sf(0)
     O       3      8.00
     N       3      7.00
     C      13      6.00
     H      15      1.00
    sf(0) = scattering factor at diffraction angle 0.

  Number of disulfides: simple=0, symmetry=0

  Automatic linking
    Parameters for automatic linking
      Linking & cutoffs
        Metal                : False - 3.50
        Amimo acid           : False - 1.90
        Carbohydrate         : True  - 1.99
        Ligands              : True  - 1.99
        Amino acid - RNA/DNA : False
      
  Number of custom bonds: simple=0, symmetry=0
  Time building additional restraints: 0.02
  Conformation dependent library (CDL) restraints added in 429.9 microseconds
  
  Adding C-beta torsion restraints...
  Number of C-beta restraints generated:  2
  Time building geometry restraints manager: 0.03 seconds

  NOTE: a complete listing of the restraints can be obtained by requesting
        output of .geo file.

  Histogram of bond lengths:
        0.79 -     0.94: 6
        0.94 -     1.09: 9
        1.09 -     1.24: 2
        1.24 -     1.39: 7
        1.39 -     1.54: 11
  Bond restraints: 35
  Sorted by residual:
  bond pdb=" NE1 TRP A   1 "
       pdb=" HE1 TRP A   1 "
    ideal  model  delta    sigma   weight residual
    0.860  0.794  0.066 2.00e-02 2.50e+03 1.09e+01
  bond pdb=" OXT GLY A   2 "
       pdb=" HXT GLY A   2 "
    ideal  model  delta    sigma   weight residual
    0.948  0.988 -0.040 2.00e-02 2.50e+03 3.96e+00
  bond pdb=" N   GLY A   2 "
       pdb=" H   GLY A   2 "
    ideal  model  delta    sigma   weight residual
    0.860  0.894 -0.034 2.00e-02 2.50e+03 2.97e+00
  bond pdb=" CZ3 TRP A   1 "
       pdb=" HZ3 TRP A   1 "
    ideal  model  delta    sigma   weight residual
    0.930  0.904  0.026 2.00e-02 2.50e+03 1.70e+00
  bond pdb=" N   TRP A   1 "
       pdb=" H2  TRP A   1 "
    ideal  model  delta    sigma   weight residual
    0.960  0.984 -0.024 2.00e-02 2.50e+03 1.45e+00
  ... (remaining 30 not shown)

  Histogram of bond angle deviations from ideal:
      104.93 -   110.62: 22
      110.62 -   116.31: 6
      116.31 -   122.00: 16
      122.00 -   127.70: 9
      127.70 -   133.39: 4
  Bond angle restraints: 57
  Sorted by residual:
  angle pdb=" HA2 GLY A   2 "
        pdb=" CA  GLY A   2 "
        pdb=" N   GLY A   2 "
      ideal   model   delta    sigma   weight residual
     110.00  104.93    5.07 3.00e+00 1.11e-01 2.86e+00
  angle pdb=" N   TRP A   1 "
        pdb=" CA  TRP A   1 "
        pdb=" CB  TRP A   1 "
      ideal   model   delta    sigma   weight residual
     110.50  113.30   -2.80 1.70e+00 3.46e-01 2.72e+00
  angle pdb=" CA  GLY A   2 "
        pdb=" N   GLY A   2 "
        pdb=" H   GLY A   2 "
      ideal   model   delta    sigma   weight residual
     114.00  109.42    4.58 3.00e+00 1.11e-01 2.33e+00
  angle pdb=" C   TRP A   1 "
        pdb=" N   GLY A   2 "
        pdb=" H   GLY A   2 "
      ideal   model   delta    sigma   weight residual
     124.30  128.82   -4.52 3.00e+00 1.11e-01 2.27e+00
  angle pdb=" C   TRP A   1 "
        pdb=" CA  TRP A   1 "
        pdb=" N   TRP A   1 "
      ideal   model   delta    sigma   weight residual
     111.00  107.30    3.70 2.80e+00 1.28e-01 1.74e+00
  ... (remaining 52 not shown)

  Histogram of dihedral angle deviations from ideal:
        0.04 -    35.80: 11
       35.80 -    71.57: 1
       71.57 -   107.33: 0
      107.33 -   143.09: 0
      143.09 -   178.85: 1
  Dihedral angle restraints: 13
    sinusoidal: 3
      harmonic: 10
  Sorted by residual:
  dihedral pdb=" O   GLY A   2 "
           pdb=" C   GLY A   2 "
           pdb=" OXT GLY A   2 "
           pdb=" HXT GLY A   2 "
      ideal   model   delta  harmonic     sigma   weight residual
       0.00  178.85 -178.85     0      3.00e+01 1.11e-03 3.55e+01
  dihedral pdb=" OXT GLY A   2 "
           pdb=" C   GLY A   2 "
           pdb=" CA  GLY A   2 "
           pdb=" N   GLY A   2 "
      ideal   model   delta sinusoidal    sigma   weight residual
     -20.00  -81.25   61.25     2      3.00e+01 1.11e-03 4.10e+00
  dihedral pdb=" CA  TRP A   1 "
           pdb=" C   TRP A   1 "
           pdb=" N   GLY A   2 "
           pdb=" CA  GLY A   2 "
      ideal   model   delta  harmonic     sigma   weight residual
    -180.00 -174.79   -5.21     0      5.00e+00 4.00e-02 1.08e+00
  ... (remaining 10 not shown)

  Histogram of chiral volume deviations from ideal:
       0.064 -    0.064: 1
       0.064 -    0.064: 0
       0.064 -    0.064: 0
       0.064 -    0.064: 0
       0.064 -    0.064: 0
  Chirality restraints: 1
  Sorted by residual:
  chirality pdb=" CA  TRP A   1 "
            pdb=" C   TRP A   1 "
            pdb=" N   TRP A   1 "
            pdb=" CB  TRP A   1 "
    both_signs  ideal   model   delta    sigma   weight residual
      False     -2.51   -2.57    0.06 2.00e-01 2.50e+01 1.03e-01

  Planarity restraints: 4
  Sorted by residual:
                                 delta    sigma   weight rms_deltas residual
  plane pdb=" CB  TRP A   1 "   -0.010 2.00e-02 2.50e+03   9.84e-03 3.87e+00
        pdb=" CG  TRP A   1 "    0.006 2.00e-02 2.50e+03
        pdb=" CD1 TRP A   1 "    0.005 2.00e-02 2.50e+03
        pdb=" HD1 TRP A   1 "   -0.006 2.00e-02 2.50e+03
        pdb=" NE1 TRP A   1 "    0.024 2.00e-02 2.50e+03
        pdb=" HE1 TRP A   1 "   -0.019 2.00e-02 2.50e+03
        pdb=" CE2 TRP A   1 "   -0.000 2.00e-02 2.50e+03
        pdb=" CZ2 TRP A   1 "    0.005 2.00e-02 2.50e+03
        pdb=" HZ2 TRP A   1 "   -0.008 2.00e-02 2.50e+03
        pdb=" CH2 TRP A   1 "    0.005 2.00e-02 2.50e+03
        pdb=" HH2 TRP A   1 "    0.003 2.00e-02 2.50e+03
        pdb=" CZ3 TRP A   1 "   -0.001 2.00e-02 2.50e+03
        pdb=" HZ3 TRP A   1 "   -0.013 2.00e-02 2.50e+03
        pdb=" CE3 TRP A   1 "   -0.003 2.00e-02 2.50e+03
        pdb=" HE3 TRP A   1 "    0.011 2.00e-02 2.50e+03
        pdb=" CD2 TRP A   1 "    0.002 2.00e-02 2.50e+03
                                 delta    sigma   weight rms_deltas residual
  plane pdb=" O   GLY A   2 "   -0.007 2.00e-02 2.50e+03   1.17e-02 1.71e+00
        pdb=" C   GLY A   2 "    0.022 2.00e-02 2.50e+03
        pdb=" OXT GLY A   2 "   -0.011 2.00e-02 2.50e+03
        pdb=" HXT GLY A   2 "    0.003 2.00e-02 2.50e+03
        pdb=" CA  GLY A   2 "   -0.007 2.00e-02 2.50e+03
                                 delta    sigma   weight rms_deltas residual
  plane pdb=" C   TRP A   1 "    0.004 2.00e-02 2.50e+03   7.94e-03 6.31e-01
        pdb=" CA  GLY A   2 "    0.003 2.00e-02 2.50e+03
        pdb=" N   GLY A   2 "   -0.014 2.00e-02 2.50e+03
        pdb=" H   GLY A   2 "    0.006 2.00e-02 2.50e+03
  ... (remaining 1 not shown)

  Histogram of nonbonded interaction distances:
        2.09 -     2.65: 29
        2.65 -     3.21: 39
        3.21 -     3.77: 65
        3.77 -     4.33: 59
        4.33 -     4.89: 68
  Nonbonded interactions: 260
  Sorted by model distance:
  nonbonded pdb=" H1  TRP A   1 "
            pdb=" H   GLY A   2 "
     model   vdw
     2.085 2.100
  nonbonded pdb=" H2  TRP A   1 "
            pdb=" H   GLY A   2 "
     model   vdw
     2.097 2.100
  nonbonded pdb=" HA1 GLY A   2 "
            pdb=" H   GLY A   2 "
     model   vdw
     2.137 1.816
  nonbonded pdb=" HXT GLY A   2 "
            pdb=" HA2 GLY A   2 "
     model   vdw
     2.222 2.270
  nonbonded pdb=" N   TRP A   1 "
            pdb=" H   GLY A   2 "
     model   vdw
     2.301 2.650
  ... (remaining 255 not shown)

  NOTE: a complete listing of the restraints can be obtained by requesting
        output of .geo file.

                   ----------xray_structure summary----------                  

Number of scattering types: 4
  Type Number    sf(0)   Gaussians
   O       3      7.97       2
   N       3      6.97       2
   C      13      5.97       2
   H      15      1.00       2
  sf(0) = scattering factor at diffraction angle 0.
Number of scatterers: 34
At special positions: 0
Unit cell: (15.133, 10.304, 12.331, 90, 90, 90)
Space group: P 1 (No. 1)

End of input processing
r_work=0.2147 r_free=0.2246
params.data_weight: 0.0
params.restraints: cctbx
rmsd(b), start:  0.0872
mc:   0 R: 0.2046 rmsd(b):  0.0006 restraint_scale:  1.0 min_steps: 54
mc:   1 R: 0.1582 rmsd(b):  0.0008 restraint_scale:  1.0 min_steps: 53
mc:   2 R: 0.1566 rmsd(b):  0.0007 restraint_scale:  1.0 min_steps: 56
mc:   3 R: 0.1483 rmsd(b):  0.0006 restraint_scale:  1.0 min_steps: 55
mc:   4 R: 0.1822 rmsd(b):  0.0008 restraint_scale:  1.0 min_steps: 55
mc:   5 R: 0.1953 rmsd(b):  0.0004 restraint_scale:  1.0 min_steps: 55
mc:   6 R: 0.2154 rmsd(b):  0.0005 restraint_scale:  1.0 min_steps: 52
mc:   7 R: 0.2263 rmsd(b):  0.0005 restraint_scale:  1.0 min_steps: 54
mc:   8 R: 0.2324 rmsd(b):  0.0005 restraint_scale:  1.0 min_steps: 52
mc:   9 R: 0.2373 rmsd(b):  0.0005 restraint_scale:  1.0 min_steps: 52
mc:  10 R: 0.2425 rmsd(b):  0.0005 restraint_scale:  1.0 min_steps: 53
mc:  11 R: 0.2442 rmsd(b):  0.0004 restraint_scale:  1.0 min_steps: 54
mc:  12 R: 0.2488 rmsd(b):  0.0005 restraint_scale:  1.0 min_steps: 55
mc:  13 R: 0.2490 rmsd(b):  0.0004 restraint_scale:  1.0 min_steps: 56
Convergence reached, stop now.
see the result structure:  ./p26/04_results/opt_cctbx/195_WG01-new/0.3/8.pdb
Time: 7.2844
