phenix.python
you are importing  adaptive calculator, and it does nothing. Please give it energy, force....... 

============================== Collecting inputs ==============================


                   ----------Processing X-ray data----------                   

F-obs:
  /scratch/m_zhen01/31011.lupus.uni-muenster.de/p26/02_mtz/243_GFA13-new.mtz:F-obs
Miller array info: None
Observation type: xray.amplitude
Type of data: double, size=224
Type of sigmas: None
Number of Miller indices: 224
Anomalous flag: False
Unit cell: (12.507, 10.299, 17.393, 90, 90, 90)
Space group: P 1 (No. 1)
Systematic absences: 0
Centric reflections: 0
Resolution range: 3.97519 2.5014
Completeness in resolution range: 1
Completeness with d_max=infinity: 0.759322

Number of F-obs in resolution range:                   224
Number of F-obs<0 (these reflections will be rejected): 0
Number of F-obs=0 (these reflections will be used in refinement): 0
Refinement resolution range: d_max =   3.9752
                             d_min =   2.5014

R-free flags:
  /scratch/m_zhen01/31011.lupus.uni-muenster.de/p26/02_mtz/243_GFA13-new.mtz:R-free-flags
Miller array info: /scratch/m_zhen01/31011.lupus.uni-muenster.de/p26/02_mtz/243_GFA13-new.mtz:R-free-flags
Observation type: None
Type of data: int, size=224
Type of sigmas: None
Number of Miller indices: 224
Anomalous flag: False
Unit cell: (12.507, 10.299, 17.393, 90, 90, 90)
Space group: P 1 (No. 1)
Systematic absences: 0
Centric reflections: 0
Resolution range: 3.97519 2.5014
Completeness in resolution range: 1
Completeness with d_max=infinity: 0.759322
Wavelength: 1.0000

Test (R-free flags) flag value: 1

Number of work/free reflections by resolution:
                                  work free  %free
  bin  1: 3.9752 - 3.6411 [28/28]   28    0   0.0%
  bin  2: 3.6411 - 3.3968 [12/12]   11    1   8.3%
  bin  3: 3.3968 - 3.2072 [34/34]   34    0   0.0%
  bin  4: 3.2072 - 3.0540 [17/17]   15    2  11.8%
  bin  5: 3.0540 - 2.9263 [28/28]   28    0   0.0%
  bin  6: 2.9263 - 2.8176 [29/29]   27    2   6.9%
  bin  7: 2.8176 - 2.7235 [ 8/8 ]    8    0   0.0%
  bin  8: 2.7235 - 2.6408 [24/24]   24    0   0.0%
  bin  9: 2.6408 - 2.5673 [23/23]   23    0   0.0%
  bin 10: 2.5673 - 2.5014 [21/21]   17    4  19.0%
                          overall  215    9   4.0%

                   ----------Processing PDB file(s)----------                  

  Monomer Library directory:
    "/tmp1/m_zhen01/phenix-installer-1.10.1-2155-intel-linux-2.6-x86_64-centos5/phenix-1.10.1-2155/modules/chem_data/mon_lib"
  Total number of atoms: 40
  Number of models: 1
  Model: ""
    Number of chains: 1
    Chain: "A"
      Number of atoms: 40
      Number of conformers: 1
      Conformer: ""
        Number of residues, atoms: 3, 40
          Classifications: {'peptide': 3}
          Modifications used: {'NH2NOTPRO': 1, 'COOH': 1}
          Link IDs: {'TRANS': 2}
  Time building chain proxies: 0.09, per 1000 atoms: 2.25
  Number of scatterers: 40
  At special positions: 0
  Unit cell: (12.507, 10.299, 17.393, 90, 90, 90)
  Space group: P 1 (No. 1)
  Number of sites at special positions: 0
  Number of scattering types: 4
    Type Number    sf(0)
     O       4      8.00
     N       3      7.00
     C      14      6.00
     H      19      1.00
    sf(0) = scattering factor at diffraction angle 0.

  Number of disulfides: simple=0, symmetry=0

  Automatic linking
    Parameters for automatic linking
      Linking & cutoffs
        Metal                : False - 3.50
        Amimo acid           : False - 1.90
        Carbohydrate         : True  - 1.99
        Ligands              : True  - 1.99
        Amino acid - RNA/DNA : False
      
  Number of custom bonds: simple=0, symmetry=0
  Time building additional restraints: 0.03
  Conformation dependent library (CDL) restraints added in 3.5 milliseconds
  
  Adding C-beta torsion restraints...
  Number of C-beta restraints generated:  4
  Time building geometry restraints manager: 0.03 seconds

  NOTE: a complete listing of the restraints can be obtained by requesting
        output of .geo file.

  Histogram of bond lengths:
        0.86 -     1.00: 19
        1.00 -     1.13: 0
        1.13 -     1.27: 3
        1.27 -     1.40: 7
        1.40 -     1.54: 11
  Bond restraints: 40
  Sorted by residual:
  bond pdb=" CZ  PHE A   2 "
       pdb=" HZ  PHE A   2 "
    ideal  model  delta    sigma   weight residual
    0.930  0.976 -0.046 2.00e-02 2.50e+03 5.21e+00
  bond pdb=" C   ALA A   3 "
       pdb=" OXT ALA A   3 "
    ideal  model  delta    sigma   weight residual
    1.330  1.375 -0.045 2.00e-02 2.50e+03 5.09e+00
  bond pdb=" CD2 PHE A   2 "
       pdb=" CE2 PHE A   2 "
    ideal  model  delta    sigma   weight residual
    1.382  1.428 -0.046 3.00e-02 1.11e+03 2.33e+00
  bond pdb=" C   PHE A   2 "
       pdb=" N   ALA A   3 "
    ideal  model  delta    sigma   weight residual
    1.329  1.350 -0.021 1.40e-02 5.10e+03 2.29e+00
  bond pdb=" OXT ALA A   3 "
       pdb=" HXT ALA A   3 "
    ideal  model  delta    sigma   weight residual
    0.948  0.975 -0.027 2.00e-02 2.50e+03 1.79e+00
  ... (remaining 35 not shown)

  Histogram of bond angle deviations from ideal:
      103.95 -   108.26: 9
      108.26 -   112.58: 22
      112.58 -   116.89: 7
      116.89 -   121.21: 16
      121.21 -   125.52: 12
  Bond angle restraints: 66
  Sorted by residual:
  angle pdb=" C   PHE A   2 "
        pdb=" N   ALA A   3 "
        pdb=" CA  ALA A   3 "
      ideal   model   delta    sigma   weight residual
     121.70  125.52   -3.82 1.80e+00 3.09e-01 4.51e+00
  angle pdb=" HA  PHE A   2 "
        pdb=" CA  PHE A   2 "
        pdb=" N   PHE A   2 "
      ideal   model   delta    sigma   weight residual
     110.00  103.95    6.05 3.00e+00 1.11e-01 4.07e+00
  angle pdb=" HA1 GLY A   1 "
        pdb=" CA  GLY A   1 "
        pdb=" N   GLY A   1 "
      ideal   model   delta    sigma   weight residual
     110.00  104.29    5.71 3.00e+00 1.11e-01 3.63e+00
  angle pdb=" O   PHE A   2 "
        pdb=" C   PHE A   2 "
        pdb=" N   ALA A   3 "
      ideal   model   delta    sigma   weight residual
     122.59  125.09   -2.50 1.33e+00 5.65e-01 3.53e+00
  angle pdb=" O   PHE A   2 "
        pdb=" C   PHE A   2 "
        pdb=" CA  PHE A   2 "
      ideal   model   delta    sigma   weight residual
     120.51  118.13    2.38 1.43e+00 4.89e-01 2.77e+00
  ... (remaining 61 not shown)

  Histogram of dihedral angle deviations from ideal:
        0.13 -     6.01: 12
        6.01 -    11.90: 0
       11.90 -    17.78: 1
       17.78 -    23.67: 1
       23.67 -    29.56: 2
  Dihedral angle restraints: 16
    sinusoidal: 4
      harmonic: 12
  Sorted by residual:
  dihedral pdb=" CA  GLY A   1 "
           pdb=" C   GLY A   1 "
           pdb=" N   PHE A   2 "
           pdb=" CA  PHE A   2 "
      ideal   model   delta  harmonic     sigma   weight residual
     180.00  166.98   13.02     0      5.00e+00 4.00e-02 6.78e+00
  dihedral pdb=" CG  PHE A   2 "
           pdb=" CB  PHE A   2 "
           pdb=" CA  PHE A   2 "
           pdb=" N   PHE A   2 "
      ideal   model   delta sinusoidal    sigma   weight residual
     -60.00  -84.49   24.49     3      1.50e+01 4.44e-03 3.39e+00
  dihedral pdb=" CD1 PHE A   2 "
           pdb=" CB  PHE A   2 "
           pdb=" CG  PHE A   2 "
           pdb=" CA  PHE A   2 "
      ideal   model   delta sinusoidal    sigma   weight residual
     -90.00  -70.47  -19.53     2      2.00e+01 2.50e-03 1.34e+00
  ... (remaining 13 not shown)

  Histogram of chiral volume deviations from ideal:
       0.001 -    0.006: 1
       0.006 -    0.011: 0
       0.011 -    0.016: 0
       0.016 -    0.021: 0
       0.021 -    0.025: 1
  Chirality restraints: 2
  Sorted by residual:
  chirality pdb=" CA  PHE A   2 "
            pdb=" CB  PHE A   2 "
            pdb=" C   PHE A   2 "
            pdb=" N   PHE A   2 "
    both_signs  ideal   model   delta    sigma   weight residual
      False     -2.51   -2.54    0.03 2.00e-01 2.50e+01 1.60e-02
  chirality pdb=" CA  ALA A   3 "
            pdb=" C   ALA A   3 "
            pdb=" CB  ALA A   3 "
            pdb=" N   ALA A   3 "
    both_signs  ideal   model   delta    sigma   weight residual
      False      2.48    2.49   -0.00 2.00e-01 2.50e+01 5.25e-05

  Planarity restraints: 6
  Sorted by residual:
                                 delta    sigma   weight rms_deltas residual
  plane pdb=" CB  PHE A   2 "   -0.018 2.00e-02 2.50e+03   1.46e-02 6.38e+00
        pdb=" CG  PHE A   2 "    0.007 2.00e-02 2.50e+03
        pdb=" CD2 PHE A   2 "    0.010 2.00e-02 2.50e+03
        pdb=" HD2 PHE A   2 "   -0.000 2.00e-02 2.50e+03
        pdb=" CE2 PHE A   2 "    0.005 2.00e-02 2.50e+03
        pdb=" HE2 PHE A   2 "   -0.018 2.00e-02 2.50e+03
        pdb=" CZ  PHE A   2 "    0.018 2.00e-02 2.50e+03
        pdb=" HZ  PHE A   2 "   -0.006 2.00e-02 2.50e+03
        pdb=" CE1 PHE A   2 "    0.003 2.00e-02 2.50e+03
        pdb=" HE1 PHE A   2 "   -0.019 2.00e-02 2.50e+03
        pdb=" CD1 PHE A   2 "    0.030 2.00e-02 2.50e+03
        pdb=" HD1 PHE A   2 "   -0.010 2.00e-02 2.50e+03
                                 delta    sigma   weight rms_deltas residual
  plane pdb=" O   ALA A   3 "    0.012 2.00e-02 2.50e+03   1.77e-02 3.93e+00
        pdb=" C   ALA A   3 "   -0.035 2.00e-02 2.50e+03
        pdb=" OXT ALA A   3 "    0.008 2.00e-02 2.50e+03
        pdb=" HXT ALA A   3 "    0.003 2.00e-02 2.50e+03
        pdb=" CA  ALA A   3 "    0.011 2.00e-02 2.50e+03
                                 delta    sigma   weight rms_deltas residual
  plane pdb=" C   GLY A   1 "    0.007 2.00e-02 2.50e+03   1.26e-02 1.58e+00
        pdb=" CA  PHE A   2 "    0.005 2.00e-02 2.50e+03
        pdb=" N   PHE A   2 "   -0.022 2.00e-02 2.50e+03
        pdb=" H   PHE A   2 "    0.009 2.00e-02 2.50e+03
  ... (remaining 3 not shown)

  Histogram of nonbonded interaction distances:
        1.70 -     2.33: 10
        2.33 -     2.97: 63
        2.97 -     3.61: 68
        3.61 -     4.25: 68
        4.25 -     4.88: 88
  Nonbonded interactions: 297
  Sorted by model distance:
  nonbonded pdb=" O   GLY A   1 "
            pdb=" H   ALA A   3 "
     model   vdw
     1.696 1.970
  nonbonded pdb=" HA1 GLY A   1 "
            pdb=" H2  GLY A   1 "
     model   vdw
     1.997 1.816
  nonbonded pdb=" HA  PHE A   2 "
            pdb=" H   PHE A   2 "
     model   vdw
     2.026 1.816
  nonbonded pdb=" HA1 GLY A   1 "
            pdb=" H1  GLY A   1 "
     model   vdw
     2.181 1.816
  nonbonded pdb=" O   ALA A   3 "
            pdb=" HXT ALA A   3 "
     model   vdw
     2.254 2.056
  ... (remaining 292 not shown)

  NOTE: a complete listing of the restraints can be obtained by requesting
        output of .geo file.

                   ----------xray_structure summary----------                  

Number of scattering types: 4
  Type Number    sf(0)   Gaussians
   O       4      7.97       2
   N       3      6.97       2
   C      14      5.97       2
   H      19      1.00       2
  sf(0) = scattering factor at diffraction angle 0.
Number of scatterers: 40
At special positions: 0
Unit cell: (12.507, 10.299, 17.393, 90, 90, 90)
Space group: P 1 (No. 1)

End of input processing
r_work=0.6020 r_free=0.5080
params.data_weight: None
params.restraints: qm
rmsd(b), start:  0.0835
mc:   0 R: 0.3013 rmsd(b):  0.8255 restraint_scale:  2.0 min_steps: 52
mc:   1 R: 0.3842 rmsd(b):  0.7531 restraint_scale:  4.0 min_steps: 57
mc:   2 R: 0.2653 rmsd(b):  0.9148 restraint_scale:  8.0 min_steps: 55
mc:   3 R: 0.2667 rmsd(b):  0.9198 restraint_scale: 16.0 min_steps: 58
mc:   4 R: 0.2684 rmsd(b):  0.9180 restraint_scale: 32.0 min_steps: 10
mc:   5 R: 0.2706 rmsd(b):  0.9171 restraint_scale: 64.0 min_steps: 10
mc:   6 R: 0.2822 rmsd(b):  0.9099 restraint_scale: 128.0 min_steps: 31
mc:   7 R: 0.2825 rmsd(b):  0.9095 restraint_scale: 256.0 min_steps: 3
Convergence reached, stop now.
see the result structure:  ./p26/04_results/refine_qm/243_GFA13-new/1.5/4.pdb
Time: 5746.9422
