phenix.python
you are importing  adaptive calculator, and it does nothing. Please give it energy, force....... 

============================== Collecting inputs ==============================


                   ----------Processing X-ray data----------                   

F-obs:
  /scratch/m_zhen01/31011.lupus.uni-muenster.de/p26/02_mtz/243_GFA13-new.mtz:F-obs
Miller array info: None
Observation type: xray.amplitude
Type of data: double, size=224
Type of sigmas: None
Number of Miller indices: 224
Anomalous flag: False
Unit cell: (12.507, 10.299, 17.393, 90, 90, 90)
Space group: P 1 (No. 1)
Systematic absences: 0
Centric reflections: 0
Resolution range: 3.97519 2.5014
Completeness in resolution range: 1
Completeness with d_max=infinity: 0.759322

Number of F-obs in resolution range:                   224
Number of F-obs<0 (these reflections will be rejected): 0
Number of F-obs=0 (these reflections will be used in refinement): 0
Refinement resolution range: d_max =   3.9752
                             d_min =   2.5014

R-free flags:
  /scratch/m_zhen01/31011.lupus.uni-muenster.de/p26/02_mtz/243_GFA13-new.mtz:R-free-flags
Miller array info: /scratch/m_zhen01/31011.lupus.uni-muenster.de/p26/02_mtz/243_GFA13-new.mtz:R-free-flags
Observation type: None
Type of data: int, size=224
Type of sigmas: None
Number of Miller indices: 224
Anomalous flag: False
Unit cell: (12.507, 10.299, 17.393, 90, 90, 90)
Space group: P 1 (No. 1)
Systematic absences: 0
Centric reflections: 0
Resolution range: 3.97519 2.5014
Completeness in resolution range: 1
Completeness with d_max=infinity: 0.759322
Wavelength: 1.0000

Test (R-free flags) flag value: 1

Number of work/free reflections by resolution:
                                  work free  %free
  bin  1: 3.9752 - 3.6411 [28/28]   28    0   0.0%
  bin  2: 3.6411 - 3.3968 [12/12]   11    1   8.3%
  bin  3: 3.3968 - 3.2072 [34/34]   34    0   0.0%
  bin  4: 3.2072 - 3.0540 [17/17]   15    2  11.8%
  bin  5: 3.0540 - 2.9263 [28/28]   28    0   0.0%
  bin  6: 2.9263 - 2.8176 [29/29]   27    2   6.9%
  bin  7: 2.8176 - 2.7235 [ 8/8 ]    8    0   0.0%
  bin  8: 2.7235 - 2.6408 [24/24]   24    0   0.0%
  bin  9: 2.6408 - 2.5673 [23/23]   23    0   0.0%
  bin 10: 2.5673 - 2.5014 [21/21]   17    4  19.0%
                          overall  215    9   4.0%

                   ----------Processing PDB file(s)----------                  

  Monomer Library directory:
    "/tmp1/m_zhen01/phenix-installer-1.10.1-2155-intel-linux-2.6-x86_64-centos5/phenix-1.10.1-2155/modules/chem_data/mon_lib"
  Total number of atoms: 40
  Number of models: 1
  Model: ""
    Number of chains: 1
    Chain: "A"
      Number of atoms: 40
      Number of conformers: 1
      Conformer: ""
        Number of residues, atoms: 3, 40
          Classifications: {'peptide': 3}
          Modifications used: {'NH2NOTPRO': 1, 'COOH': 1}
          Link IDs: {'TRANS': 2}
  Time building chain proxies: 0.10, per 1000 atoms: 2.50
  Number of scatterers: 40
  At special positions: 0
  Unit cell: (12.507, 10.299, 17.393, 90, 90, 90)
  Space group: P 1 (No. 1)
  Number of sites at special positions: 0
  Number of scattering types: 4
    Type Number    sf(0)
     O       4      8.00
     N       3      7.00
     C      14      6.00
     H      19      1.00
    sf(0) = scattering factor at diffraction angle 0.

  Number of disulfides: simple=0, symmetry=0

  Automatic linking
    Parameters for automatic linking
      Linking & cutoffs
        Metal                : False - 3.50
        Amimo acid           : False - 1.90
        Carbohydrate         : True  - 1.99
        Ligands              : True  - 1.99
        Amino acid - RNA/DNA : False
      
  Number of custom bonds: simple=0, symmetry=0
  Time building additional restraints: 0.03
  Conformation dependent library (CDL) restraints added in 3.9 milliseconds
  
  Adding C-beta torsion restraints...
  Number of C-beta restraints generated:  4
  Time building geometry restraints manager: 0.03 seconds

  NOTE: a complete listing of the restraints can be obtained by requesting
        output of .geo file.

  Histogram of bond lengths:
        0.83 -     0.97: 14
        0.97 -     1.11: 5
        1.11 -     1.25: 3
        1.25 -     1.39: 7
        1.39 -     1.53: 11
  Bond restraints: 40
  Sorted by residual:
  bond pdb=" CA  GLY A   1 "
       pdb=" N   GLY A   1 "
    ideal  model  delta    sigma   weight residual
    1.451  1.392  0.059 1.60e-02 3.91e+03 1.36e+01
  bond pdb=" N   PHE A   2 "
       pdb=" H   PHE A   2 "
    ideal  model  delta    sigma   weight residual
    0.860  0.827  0.033 2.00e-02 2.50e+03 2.73e+00
  bond pdb=" C   ALA A   3 "
       pdb=" CA  ALA A   3 "
    ideal  model  delta    sigma   weight residual
    1.525  1.494  0.031 2.10e-02 2.27e+03 2.14e+00
  bond pdb=" CB  ALA A   3 "
       pdb=" HB2 ALA A   3 "
    ideal  model  delta    sigma   weight residual
    0.970  0.942  0.028 2.00e-02 2.50e+03 1.98e+00
  bond pdb=" CD2 PHE A   2 "
       pdb=" CE2 PHE A   2 "
    ideal  model  delta    sigma   weight residual
    1.382  1.421 -0.039 3.00e-02 1.11e+03 1.72e+00
  ... (remaining 35 not shown)

  Histogram of bond angle deviations from ideal:
      104.55 -   108.52: 11
      108.52 -   112.49: 19
      112.49 -   116.46: 7
      116.46 -   120.43: 11
      120.43 -   124.40: 18
  Bond angle restraints: 66
  Sorted by residual:
  angle pdb=" C   PHE A   2 "
        pdb=" CA  PHE A   2 "
        pdb=" N   PHE A   2 "
      ideal   model   delta    sigma   weight residual
     110.80  115.45   -4.65 2.13e+00 2.20e-01 4.76e+00
  angle pdb=" HA  PHE A   2 "
        pdb=" CA  PHE A   2 "
        pdb=" N   PHE A   2 "
      ideal   model   delta    sigma   weight residual
     110.00  104.55    5.45 3.00e+00 1.11e-01 3.30e+00
  angle pdb=" C   GLY A   1 "
        pdb=" N   PHE A   2 "
        pdb=" CA  PHE A   2 "
      ideal   model   delta    sigma   weight residual
     121.54  124.40   -2.86 1.91e+00 2.74e-01 2.25e+00
  angle pdb=" CD2 PHE A   2 "
        pdb=" CE2 PHE A   2 "
        pdb=" CZ  PHE A   2 "
      ideal   model   delta    sigma   weight residual
     120.00  117.42    2.58 1.80e+00 3.09e-01 2.06e+00
  angle pdb=" O   ALA A   3 "
        pdb=" C   ALA A   3 "
        pdb=" CA  ALA A   3 "
      ideal   model   delta    sigma   weight residual
     118.60  114.45    4.15 3.00e+00 1.11e-01 1.91e+00
  ... (remaining 61 not shown)

  Histogram of dihedral angle deviations from ideal:
        0.31 -     6.14: 11
        6.14 -    11.98: 2
       11.98 -    17.81: 1
       17.81 -    23.64: 1
       23.64 -    29.47: 1
  Dihedral angle restraints: 16
    sinusoidal: 4
      harmonic: 12
  Sorted by residual:
  dihedral pdb=" CA  PHE A   2 "
           pdb=" C   PHE A   2 "
           pdb=" N   ALA A   3 "
           pdb=" CA  ALA A   3 "
      ideal   model   delta  harmonic     sigma   weight residual
    -180.00 -167.50  -12.50     0      5.00e+00 4.00e-02 6.25e+00
  dihedral pdb=" CD1 PHE A   2 "
           pdb=" CB  PHE A   2 "
           pdb=" CG  PHE A   2 "
           pdb=" CA  PHE A   2 "
      ideal   model   delta sinusoidal    sigma   weight residual
     -90.00  -60.53  -29.47     2      2.00e+01 2.50e-03 2.91e+00
  dihedral pdb=" C   PHE A   2 "
           pdb=" N   PHE A   2 "
           pdb=" CA  PHE A   2 "
           pdb=" CB  PHE A   2 "
      ideal   model   delta  harmonic     sigma   weight residual
    -122.60 -125.26    2.66     0      2.50e+00 1.60e-01 1.14e+00
  ... (remaining 13 not shown)

  Histogram of chiral volume deviations from ideal:
       0.008 -    0.036: 1
       0.036 -    0.064: 0
       0.064 -    0.092: 0
       0.092 -    0.120: 0
       0.120 -    0.148: 1
  Chirality restraints: 2
  Sorted by residual:
  chirality pdb=" CA  PHE A   2 "
            pdb=" CB  PHE A   2 "
            pdb=" C   PHE A   2 "
            pdb=" N   PHE A   2 "
    both_signs  ideal   model   delta    sigma   weight residual
      False     -2.51   -2.36   -0.15 2.00e-01 2.50e+01 5.44e-01
  chirality pdb=" CA  ALA A   3 "
            pdb=" C   ALA A   3 "
            pdb=" CB  ALA A   3 "
            pdb=" N   ALA A   3 "
    both_signs  ideal   model   delta    sigma   weight residual
      False      2.48    2.49   -0.01 2.00e-01 2.50e+01 1.47e-03

  Planarity restraints: 6
  Sorted by residual:
                                 delta    sigma   weight rms_deltas residual
  plane pdb=" C   PHE A   2 "    0.030 2.00e-02 2.50e+03   1.74e-02 3.01e+00
        pdb=" O   PHE A   2 "   -0.011 2.00e-02 2.50e+03
        pdb=" CA  PHE A   2 "   -0.009 2.00e-02 2.50e+03
        pdb=" N   ALA A   3 "   -0.010 2.00e-02 2.50e+03
                                 delta    sigma   weight rms_deltas residual
  plane pdb=" CB  PHE A   2 "    0.005 2.00e-02 2.50e+03   9.02e-03 2.44e+00
        pdb=" CG  PHE A   2 "    0.004 2.00e-02 2.50e+03
        pdb=" CD2 PHE A   2 "   -0.013 2.00e-02 2.50e+03
        pdb=" HD2 PHE A   2 "    0.004 2.00e-02 2.50e+03
        pdb=" CE2 PHE A   2 "    0.013 2.00e-02 2.50e+03
        pdb=" HE2 PHE A   2 "   -0.008 2.00e-02 2.50e+03
        pdb=" CZ  PHE A   2 "    0.002 2.00e-02 2.50e+03
        pdb=" HZ  PHE A   2 "   -0.006 2.00e-02 2.50e+03
        pdb=" CE1 PHE A   2 "    0.017 2.00e-02 2.50e+03
        pdb=" HE1 PHE A   2 "    0.000 2.00e-02 2.50e+03
        pdb=" CD1 PHE A   2 "   -0.004 2.00e-02 2.50e+03
        pdb=" HD1 PHE A   2 "   -0.013 2.00e-02 2.50e+03
                                 delta    sigma   weight rms_deltas residual
  plane pdb=" O   ALA A   3 "   -0.008 2.00e-02 2.50e+03   1.25e-02 1.94e+00
        pdb=" C   ALA A   3 "    0.025 2.00e-02 2.50e+03
        pdb=" OXT ALA A   3 "   -0.006 2.00e-02 2.50e+03
        pdb=" HXT ALA A   3 "   -0.002 2.00e-02 2.50e+03
        pdb=" CA  ALA A   3 "   -0.008 2.00e-02 2.50e+03
  ... (remaining 3 not shown)

  Histogram of nonbonded interaction distances:
        2.03 -     2.61: 34
        2.61 -     3.18: 52
        3.18 -     3.75: 68
        3.75 -     4.33: 63
        4.33 -     4.90: 81
  Nonbonded interactions: 298
  Sorted by model distance:
  nonbonded pdb=" HD1 PHE A   2 "
            pdb=" H   PHE A   2 "
     model   vdw
     2.032 2.100
  nonbonded pdb=" HA2 GLY A   1 "
            pdb=" H1  GLY A   1 "
     model   vdw
     2.046 1.816
  nonbonded pdb=" HA  PHE A   2 "
            pdb=" H   PHE A   2 "
     model   vdw
     2.047 1.816
  nonbonded pdb=" HB1 PHE A   2 "
            pdb=" H   ALA A   3 "
     model   vdw
     2.164 2.270
  nonbonded pdb=" HE1 PHE A   2 "
            pdb=" HD1 PHE A   2 "
     model   vdw
     2.260 1.680
  ... (remaining 293 not shown)

  NOTE: a complete listing of the restraints can be obtained by requesting
        output of .geo file.

                   ----------xray_structure summary----------                  

Number of scattering types: 4
  Type Number    sf(0)   Gaussians
   O       4      7.97       2
   N       3      6.97       2
   C      14      5.97       2
   H      19      1.00       2
  sf(0) = scattering factor at diffraction angle 0.
Number of scatterers: 40
At special positions: 0
Unit cell: (12.507, 10.299, 17.393, 90, 90, 90)
Space group: P 1 (No. 1)

End of input processing
r_work=0.5573 r_free=0.4424
params.data_weight: None
params.restraints: qm
rmsd(b), start:  0.0912
mc:   0 R: 0.3151 rmsd(b):  0.7383 restraint_scale:  2.0 min_steps: 32
mc:   1 R: 0.2905 rmsd(b):  1.1112 restraint_scale:  4.0 min_steps: 55
mc:   2 R: 0.3156 rmsd(b):  1.1498 restraint_scale:  8.0 min_steps: 15
mc:   3 R: 0.3345 rmsd(b):  1.2231 restraint_scale: 16.0 min_steps: 38
mc:   4 R: 0.3853 rmsd(b):  1.2793 restraint_scale: 32.0 min_steps: 45
mc:   5 R: 0.3299 rmsd(b):  1.3090 restraint_scale: 64.0 min_steps: 44
mc:   6 R: 0.3287 rmsd(b):  1.3286 restraint_scale: 128.0 min_steps: 55
mc:   7 R: 0.3288 rmsd(b):  1.3305 restraint_scale: 256.0 min_steps: 15
mc:   8 R: 0.3290 rmsd(b):  1.3305 restraint_scale: 512.0 min_steps: 6
Convergence reached, stop now.
see the result structure:  ./p26/04_results/refine_qm/243_GFA13-new/1.5/9.pdb
Time: 6103.5865
