phenix.python
you are importing  adaptive calculator, and it does nothing. Please give it energy, force....... 

============================== Collecting inputs ==============================


                   ----------Processing X-ray data----------                   

F-obs:
  /scratch/m_zhen01/31011.lupus.uni-muenster.de/p26/02_mtz/247_GFA03-new.mtz:F-obs
Miller array info: None
Observation type: xray.amplitude
Type of data: double, size=227
Type of sigmas: None
Number of Miller indices: 227
Anomalous flag: False
Unit cell: (16.841, 13.139, 9.995, 90, 90, 90)
Space group: P 1 (No. 1)
Systematic absences: 0
Centric reflections: 0
Resolution range: 3.97746 2.50702
Completeness in resolution range: 1
Completeness with d_max=infinity: 0.761745

Number of F-obs in resolution range:                   227
Number of F-obs<0 (these reflections will be rejected): 0
Number of F-obs=0 (these reflections will be used in refinement): 0
Refinement resolution range: d_max =   3.9775
                             d_min =   2.5070

R-free flags:
  /scratch/m_zhen01/31011.lupus.uni-muenster.de/p26/02_mtz/247_GFA03-new.mtz:R-free-flags
Miller array info: /scratch/m_zhen01/31011.lupus.uni-muenster.de/p26/02_mtz/247_GFA03-new.mtz:R-free-flags
Observation type: None
Type of data: int, size=227
Type of sigmas: None
Number of Miller indices: 227
Anomalous flag: False
Unit cell: (16.841, 13.139, 9.995, 90, 90, 90)
Space group: P 1 (No. 1)
Systematic absences: 0
Centric reflections: 0
Resolution range: 3.97746 2.50702
Completeness in resolution range: 1
Completeness with d_max=infinity: 0.761745
Wavelength: 1.0000

Test (R-free flags) flag value: 1

Number of work/free reflections by resolution:
                                  work free  %free
  bin  1: 3.9775 - 3.6450 [24/24]   24    0   0.0%
  bin  2: 3.6450 - 3.4016 [16/16]   16    0   0.0%
  bin  3: 3.4016 - 3.2125 [31/31]   27    4  12.9%
  bin  4: 3.2125 - 3.0594 [28/28]   24    4  14.3%
  bin  5: 3.0594 - 2.9319 [10/10]    8    2  20.0%
  bin  6: 2.9319 - 2.8233 [28/28]   28    0   0.0%
  bin  7: 2.8233 - 2.7292 [19/19]   19    0   0.0%
  bin  8: 2.7292 - 2.6465 [18/18]   18    0   0.0%
  bin  9: 2.6465 - 2.5730 [29/29]   27    2   6.9%
  bin 10: 2.5730 - 2.5070 [24/24]   24    0   0.0%
                          overall  215   12   5.3%

                   ----------Processing PDB file(s)----------                  

  Monomer Library directory:
    "/tmp1/m_zhen01/phenix-installer-1.10.1-2155-intel-linux-2.6-x86_64-centos5/phenix-1.10.1-2155/modules/chem_data/mon_lib"
  Total number of atoms: 40
  Number of models: 1
  Model: ""
    Number of chains: 1
    Chain: "A"
      Number of atoms: 40
      Number of conformers: 1
      Conformer: ""
        Number of residues, atoms: 3, 40
          Classifications: {'peptide': 3}
          Modifications used: {'NH2NOTPRO': 1, 'COOH': 1}
          Link IDs: {'TRANS': 2}
  Time building chain proxies: 0.09, per 1000 atoms: 2.25
  Number of scatterers: 40
  At special positions: 0
  Unit cell: (16.841, 13.139, 9.995, 90, 90, 90)
  Space group: P 1 (No. 1)
  Number of sites at special positions: 0
  Number of scattering types: 4
    Type Number    sf(0)
     O       4      8.00
     N       3      7.00
     C      14      6.00
     H      19      1.00
    sf(0) = scattering factor at diffraction angle 0.

  Number of disulfides: simple=0, symmetry=0

  Automatic linking
    Parameters for automatic linking
      Linking & cutoffs
        Metal                : False - 3.50
        Amimo acid           : False - 1.90
        Carbohydrate         : True  - 1.99
        Ligands              : True  - 1.99
        Amino acid - RNA/DNA : False
      
  Number of custom bonds: simple=0, symmetry=0
  Time building additional restraints: 0.03
  Conformation dependent library (CDL) restraints added in 4.0 milliseconds
  
  Adding C-beta torsion restraints...
  Number of C-beta restraints generated:  4
  Time building geometry restraints manager: 0.03 seconds

  NOTE: a complete listing of the restraints can be obtained by requesting
        output of .geo file.

  Histogram of bond lengths:
        0.82 -     0.97: 10
        0.97 -     1.12: 9
        1.12 -     1.27: 3
        1.27 -     1.42: 9
        1.42 -     1.58: 9
  Bond restraints: 40
  Sorted by residual:
  bond pdb=" C   PHE A   2 "
       pdb=" CA  PHE A   2 "
    ideal  model  delta    sigma   weight residual
    1.523  1.561 -0.038 1.10e-02 8.26e+03 1.20e+01
  bond pdb=" CB  ALA A   3 "
       pdb=" HB3 ALA A   3 "
    ideal  model  delta    sigma   weight residual
    0.970  1.029 -0.059 2.00e-02 2.50e+03 8.59e+00
  bond pdb=" CB  PHE A   2 "
       pdb=" HB1 PHE A   2 "
    ideal  model  delta    sigma   weight residual
    0.970  1.027 -0.057 2.00e-02 2.50e+03 8.26e+00
  bond pdb=" CZ  PHE A   2 "
       pdb=" HZ  PHE A   2 "
    ideal  model  delta    sigma   weight residual
    0.930  0.982 -0.052 2.00e-02 2.50e+03 6.74e+00
  bond pdb=" C   PHE A   2 "
       pdb=" O   PHE A   2 "
    ideal  model  delta    sigma   weight residual
    1.235  1.208  0.027 1.18e-02 7.18e+03 5.09e+00
  ... (remaining 35 not shown)

  Histogram of bond angle deviations from ideal:
      103.83 -   108.62: 14
      108.62 -   113.41: 17
      113.41 -   118.20: 11
      118.20 -   122.99: 21
      122.99 -   127.78: 3
  Bond angle restraints: 66
  Sorted by residual:
  angle pdb=" H1  GLY A   1 "
        pdb=" N   GLY A   1 "
        pdb=" H2  GLY A   1 "
      ideal   model   delta    sigma   weight residual
     109.47  103.88    5.59 3.00e+00 1.11e-01 3.48e+00
  angle pdb=" C   PHE A   2 "
        pdb=" CA  PHE A   2 "
        pdb=" N   PHE A   2 "
      ideal   model   delta    sigma   weight residual
     107.49  110.63   -3.14 1.74e+00 3.30e-01 3.27e+00
  angle pdb=" O   GLY A   1 "
        pdb=" C   GLY A   1 "
        pdb=" N   PHE A   2 "
      ideal   model   delta    sigma   weight residual
     123.00  125.80   -2.80 1.60e+00 3.91e-01 3.07e+00
  angle pdb=" HA1 GLY A   1 "
        pdb=" CA  GLY A   1 "
        pdb=" HA2 GLY A   1 "
      ideal   model   delta    sigma   weight residual
     109.00  103.83    5.17 3.00e+00 1.11e-01 2.97e+00
  angle pdb=" CB  ALA A   3 "
        pdb=" CA  ALA A   3 "
        pdb=" HA  ALA A   3 "
      ideal   model   delta    sigma   weight residual
     109.00  104.04    4.96 3.00e+00 1.11e-01 2.73e+00
  ... (remaining 61 not shown)

  Histogram of dihedral angle deviations from ideal:
        0.00 -     5.70: 12
        5.70 -    11.40: 2
       11.40 -    17.09: 1
       17.09 -    22.79: 0
       22.79 -    28.48: 1
  Dihedral angle restraints: 16
    sinusoidal: 4
      harmonic: 12
  Sorted by residual:
  dihedral pdb=" CA  PHE A   2 "
           pdb=" C   PHE A   2 "
           pdb=" N   ALA A   3 "
           pdb=" CA  ALA A   3 "
      ideal   model   delta  harmonic     sigma   weight residual
     180.00  171.17    8.83     0      5.00e+00 4.00e-02 3.12e+00
  dihedral pdb=" CD1 PHE A   2 "
           pdb=" CB  PHE A   2 "
           pdb=" CG  PHE A   2 "
           pdb=" CA  PHE A   2 "
      ideal   model   delta sinusoidal    sigma   weight residual
     -90.00  -61.52  -28.48     2      2.00e+01 2.50e-03 2.73e+00
  dihedral pdb=" CG  PHE A   2 "
           pdb=" CB  PHE A   2 "
           pdb=" CA  PHE A   2 "
           pdb=" N   PHE A   2 "
      ideal   model   delta sinusoidal    sigma   weight residual
    -180.00 -170.57   -9.43     3      1.50e+01 4.44e-03 5.66e-01
  ... (remaining 13 not shown)

  Histogram of chiral volume deviations from ideal:
       0.103 -    0.104: 1
       0.104 -    0.104: 0
       0.104 -    0.105: 0
       0.105 -    0.105: 0
       0.105 -    0.106: 1
  Chirality restraints: 2
  Sorted by residual:
  chirality pdb=" CA  PHE A   2 "
            pdb=" CB  PHE A   2 "
            pdb=" C   PHE A   2 "
            pdb=" N   PHE A   2 "
    both_signs  ideal   model   delta    sigma   weight residual
      False     -2.51   -2.62    0.11 2.00e-01 2.50e+01 2.80e-01
  chirality pdb=" CA  ALA A   3 "
            pdb=" C   ALA A   3 "
            pdb=" CB  ALA A   3 "
            pdb=" N   ALA A   3 "
    both_signs  ideal   model   delta    sigma   weight residual
      False      2.48    2.59   -0.10 2.00e-01 2.50e+01 2.67e-01

  Planarity restraints: 6
  Sorted by residual:
                                 delta    sigma   weight rms_deltas residual
  plane pdb=" C   GLY A   1 "    0.025 2.00e-02 2.50e+03   1.42e-02 2.01e+00
        pdb=" O   GLY A   1 "   -0.009 2.00e-02 2.50e+03
        pdb=" CA  GLY A   1 "   -0.007 2.00e-02 2.50e+03
        pdb=" N   PHE A   2 "   -0.008 2.00e-02 2.50e+03
                                 delta    sigma   weight rms_deltas residual
  plane pdb=" CB  PHE A   2 "    0.006 2.00e-02 2.50e+03   7.63e-03 1.74e+00
        pdb=" CG  PHE A   2 "   -0.019 2.00e-02 2.50e+03
        pdb=" CD1 PHE A   2 "   -0.005 2.00e-02 2.50e+03
        pdb=" HD1 PHE A   2 "    0.014 2.00e-02 2.50e+03
        pdb=" CE1 PHE A   2 "   -0.001 2.00e-02 2.50e+03
        pdb=" HE1 PHE A   2 "   -0.001 2.00e-02 2.50e+03
        pdb=" CZ  PHE A   2 "   -0.004 2.00e-02 2.50e+03
        pdb=" HZ  PHE A   2 "    0.001 2.00e-02 2.50e+03
        pdb=" CE2 PHE A   2 "    0.003 2.00e-02 2.50e+03
        pdb=" HE2 PHE A   2 "    0.006 2.00e-02 2.50e+03
        pdb=" CD2 PHE A   2 "   -0.003 2.00e-02 2.50e+03
        pdb=" HD2 PHE A   2 "    0.003 2.00e-02 2.50e+03
                                 delta    sigma   weight rms_deltas residual
  plane pdb=" C   PHE A   2 "    0.014 2.00e-02 2.50e+03   8.34e-03 6.96e-01
        pdb=" O   PHE A   2 "   -0.006 2.00e-02 2.50e+03
        pdb=" CA  PHE A   2 "   -0.004 2.00e-02 2.50e+03
        pdb=" N   ALA A   3 "   -0.005 2.00e-02 2.50e+03
  ... (remaining 3 not shown)

  Histogram of nonbonded interaction distances:
        1.89 -     2.49: 16
        2.49 -     3.09: 61
        3.09 -     3.69: 49
        3.69 -     4.30: 57
        4.30 -     4.90: 100
  Nonbonded interactions: 283
  Sorted by model distance:
  nonbonded pdb=" H1  GLY A   1 "
            pdb=" H   PHE A   2 "
     model   vdw
     1.887 2.100
  nonbonded pdb=" HD1 PHE A   2 "
            pdb=" HE1 PHE A   2 "
     model   vdw
     2.281 1.680
  nonbonded pdb=" HE2 PHE A   2 "
            pdb=" HD2 PHE A   2 "
     model   vdw
     2.307 1.680
  nonbonded pdb=" HZ  PHE A   2 "
            pdb=" HE2 PHE A   2 "
     model   vdw
     2.321 1.680
  nonbonded pdb=" HB2 ALA A   3 "
            pdb=" HA  ALA A   3 "
     model   vdw
     2.322 1.952
  ... (remaining 278 not shown)

  NOTE: a complete listing of the restraints can be obtained by requesting
        output of .geo file.

                   ----------xray_structure summary----------                  

Number of scattering types: 4
  Type Number    sf(0)   Gaussians
   O       4      7.97       2
   N       3      6.97       2
   C      14      5.97       2
   H      19      1.00       2
  sf(0) = scattering factor at diffraction angle 0.
Number of scatterers: 40
At special positions: 0
Unit cell: (16.841, 13.139, 9.995, 90, 90, 90)
Space group: P 1 (No. 1)

End of input processing
r_work=0.3787 r_free=0.3253
params.data_weight: None
params.restraints: qm
rmsd(b), start:  0.0785
mc:   0 R: 0.0665 rmsd(b):  0.0340 restraint_scale:  2.0 min_steps: 25
mc:   1 R: 0.0110 rmsd(b):  0.0217 restraint_scale:  2.0 min_steps: 42
mc:   2 R: 0.0110 rmsd(b):  0.0223 restraint_scale:  2.0 min_steps: 10
Convergence reached, stop now.
see the result structure:  ./p26/04_results/refine_qm/247_GFA03-new/0.6/1.pdb
Time: 121.9763
