phenix.python
you are importing  adaptive calculator, and it does nothing. Please give it energy, force....... 

============================== Collecting inputs ==============================


                   ----------Processing X-ray data----------                   

F-obs:
  /scratch/m_zhen01/31011.lupus.uni-muenster.de/p26/02_mtz/246_GFA16-new.mtz:F-obs
Miller array info: None
Observation type: xray.amplitude
Type of data: double, size=210
Type of sigmas: None
Number of Miller indices: 210
Anomalous flag: False
Unit cell: (17.049, 11.973, 10.115, 90, 90, 90)
Space group: P 1 (No. 1)
Systematic absences: 0
Centric reflections: 0
Resolution range: 3.991 2.50138
Completeness in resolution range: 1
Completeness with d_max=infinity: 0.76087

Number of F-obs in resolution range:                   210
Number of F-obs<0 (these reflections will be rejected): 0
Number of F-obs=0 (these reflections will be used in refinement): 0
Refinement resolution range: d_max =   3.9910
                             d_min =   2.5014

R-free flags:
  /scratch/m_zhen01/31011.lupus.uni-muenster.de/p26/02_mtz/246_GFA16-new.mtz:R-free-flags
Miller array info: /scratch/m_zhen01/31011.lupus.uni-muenster.de/p26/02_mtz/246_GFA16-new.mtz:R-free-flags
Observation type: None
Type of data: int, size=210
Type of sigmas: None
Number of Miller indices: 210
Anomalous flag: False
Unit cell: (17.049, 11.973, 10.115, 90, 90, 90)
Space group: P 1 (No. 1)
Systematic absences: 0
Centric reflections: 0
Resolution range: 3.991 2.50138
Completeness in resolution range: 1
Completeness with d_max=infinity: 0.76087
Wavelength: 1.0000

Test (R-free flags) flag value: 1

Number of work/free reflections by resolution:
                                  work free  %free
  bin  1: 3.9910 - 3.6510 [23/23]   21    2   8.7%
  bin  2: 3.6510 - 3.4035 [21/21]   21    0   0.0%
  bin  3: 3.4035 - 3.2119 [17/17]   15    2  11.8%
  bin  4: 3.2119 - 3.0572 [28/28]   28    0   0.0%
  bin  5: 3.0572 - 2.9286 [15/15]   15    0   0.0%
  bin  6: 2.9286 - 2.8192 [27/27]   25    2   7.4%
  bin  7: 2.8192 - 2.7245 [24/24]   24    0   0.0%
  bin  8: 2.7245 - 2.6414 [12/12]   12    0   0.0%
  bin  9: 2.6414 - 2.5676 [14/14]   10    4  28.6%
  bin 10: 2.5676 - 2.5014 [29/29]   29    0   0.0%
                          overall  200   10   4.8%

                   ----------Processing PDB file(s)----------                  

  Monomer Library directory:
    "/tmp1/m_zhen01/phenix-installer-1.10.1-2155-intel-linux-2.6-x86_64-centos5/phenix-1.10.1-2155/modules/chem_data/mon_lib"
  Total number of atoms: 40
  Number of models: 1
  Model: ""
    Number of chains: 1
    Chain: "A"
      Number of atoms: 40
      Number of conformers: 1
      Conformer: ""
        Number of residues, atoms: 3, 40
          Classifications: {'peptide': 3}
          Modifications used: {'NH2NOTPRO': 1, 'COOH': 1}
          Link IDs: {'TRANS': 2}
  Time building chain proxies: 0.09, per 1000 atoms: 2.25
  Number of scatterers: 40
  At special positions: 0
  Unit cell: (17.049, 11.973, 10.115, 90, 90, 90)
  Space group: P 1 (No. 1)
  Number of sites at special positions: 0
  Number of scattering types: 4
    Type Number    sf(0)
     O       4      8.00
     N       3      7.00
     C      14      6.00
     H      19      1.00
    sf(0) = scattering factor at diffraction angle 0.

  Number of disulfides: simple=0, symmetry=0

  Automatic linking
    Parameters for automatic linking
      Linking & cutoffs
        Metal                : False - 3.50
        Amimo acid           : False - 1.90
        Carbohydrate         : True  - 1.99
        Ligands              : True  - 1.99
        Amino acid - RNA/DNA : False
      
  Number of custom bonds: simple=0, symmetry=0
  Time building additional restraints: 0.03
  Conformation dependent library (CDL) restraints added in 3.9 milliseconds
  
  Adding C-beta torsion restraints...
  Number of C-beta restraints generated:  4
  Time building geometry restraints manager: 0.03 seconds

  NOTE: a complete listing of the restraints can be obtained by requesting
        output of .geo file.

  Histogram of bond lengths:
        0.88 -     1.02: 19
        1.02 -     1.15: 0
        1.15 -     1.29: 3
        1.29 -     1.42: 9
        1.42 -     1.55: 9
  Bond restraints: 40
  Sorted by residual:
  bond pdb=" N   PHE A   2 "
       pdb=" H   PHE A   2 "
    ideal  model  delta    sigma   weight residual
    0.860  0.920 -0.060 2.00e-02 2.50e+03 8.96e+00
  bond pdb=" C   ALA A   3 "
       pdb=" OXT ALA A   3 "
    ideal  model  delta    sigma   weight residual
    1.330  1.365 -0.035 2.00e-02 2.50e+03 2.99e+00
  bond pdb=" CG  PHE A   2 "
       pdb=" CD1 PHE A   2 "
    ideal  model  delta    sigma   weight residual
    1.384  1.419 -0.035 2.10e-02 2.27e+03 2.76e+00
  bond pdb=" CB  PHE A   2 "
       pdb=" HB2 PHE A   2 "
    ideal  model  delta    sigma   weight residual
    0.970  0.943  0.027 2.00e-02 2.50e+03 1.88e+00
  bond pdb=" CA  GLY A   1 "
       pdb=" HA2 GLY A   1 "
    ideal  model  delta    sigma   weight residual
    0.970  0.943  0.027 2.00e-02 2.50e+03 1.83e+00
  ... (remaining 35 not shown)

  Histogram of bond angle deviations from ideal:
      103.80 -   108.42: 9
      108.42 -   113.05: 23
      113.05 -   117.68: 7
      117.68 -   122.31: 19
      122.31 -   126.93: 8
  Bond angle restraints: 66
  Sorted by residual:
  angle pdb=" O   GLY A   1 "
        pdb=" C   GLY A   1 "
        pdb=" N   PHE A   2 "
      ideal   model   delta    sigma   weight residual
     123.00  126.93   -3.93 1.60e+00 3.91e-01 6.05e+00
  angle pdb=" HA  PHE A   2 "
        pdb=" CA  PHE A   2 "
        pdb=" N   PHE A   2 "
      ideal   model   delta    sigma   weight residual
     110.00  116.13   -6.13 3.00e+00 1.11e-01 4.18e+00
  angle pdb=" C   PHE A   2 "
        pdb=" N   ALA A   3 "
        pdb=" CA  ALA A   3 "
      ideal   model   delta    sigma   weight residual
     121.70  124.90   -3.20 1.80e+00 3.09e-01 3.16e+00
  angle pdb=" CB  ALA A   3 "
        pdb=" CA  ALA A   3 "
        pdb=" N   ALA A   3 "
      ideal   model   delta    sigma   weight residual
     110.40  112.88   -2.48 1.50e+00 4.44e-01 2.74e+00
  angle pdb=" CB  PHE A   2 "
        pdb=" CA  PHE A   2 "
        pdb=" C   PHE A   2 "
      ideal   model   delta    sigma   weight residual
     110.42  107.40    3.02 1.99e+00 2.53e-01 2.31e+00
  ... (remaining 61 not shown)

  Histogram of dihedral angle deviations from ideal:
        0.15 -    35.85: 14
       35.85 -    71.54: 1
       71.54 -   107.24: 0
      107.24 -   142.93: 0
      142.93 -   178.63: 1
  Dihedral angle restraints: 16
    sinusoidal: 4
      harmonic: 12
  Sorted by residual:
  dihedral pdb=" O   ALA A   3 "
           pdb=" C   ALA A   3 "
           pdb=" OXT ALA A   3 "
           pdb=" HXT ALA A   3 "
      ideal   model   delta  harmonic     sigma   weight residual
       0.00  178.63 -178.63     0      3.00e+01 1.11e-03 3.55e+01
  dihedral pdb=" CA  GLY A   1 "
           pdb=" C   GLY A   1 "
           pdb=" N   PHE A   2 "
           pdb=" CA  PHE A   2 "
      ideal   model   delta  harmonic     sigma   weight residual
    -180.00 -168.04  -11.96     0      5.00e+00 4.00e-02 5.72e+00
  dihedral pdb=" OXT ALA A   3 "
           pdb=" C   ALA A   3 "
           pdb=" CA  ALA A   3 "
           pdb=" N   ALA A   3 "
      ideal   model   delta sinusoidal    sigma   weight residual
     -20.00  -73.55   53.55     2      3.00e+01 1.11e-03 3.45e+00
  ... (remaining 13 not shown)

  Histogram of chiral volume deviations from ideal:
       0.006 -    0.029: 1
       0.029 -    0.052: 0
       0.052 -    0.075: 0
       0.075 -    0.098: 0
       0.098 -    0.121: 1
  Chirality restraints: 2
  Sorted by residual:
  chirality pdb=" CA  PHE A   2 "
            pdb=" CB  PHE A   2 "
            pdb=" C   PHE A   2 "
            pdb=" N   PHE A   2 "
    both_signs  ideal   model   delta    sigma   weight residual
      False     -2.51   -2.63    0.12 2.00e-01 2.50e+01 3.68e-01
  chirality pdb=" CA  ALA A   3 "
            pdb=" C   ALA A   3 "
            pdb=" CB  ALA A   3 "
            pdb=" N   ALA A   3 "
    both_signs  ideal   model   delta    sigma   weight residual
      False      2.48    2.49   -0.01 2.00e-01 2.50e+01 7.86e-04

  Planarity restraints: 6
  Sorted by residual:
                                 delta    sigma   weight rms_deltas residual
  plane pdb=" CB  PHE A   2 "    0.001 2.00e-02 2.50e+03   9.42e-03 2.66e+00
        pdb=" CG  PHE A   2 "   -0.006 2.00e-02 2.50e+03
        pdb=" CD1 PHE A   2 "   -0.018 2.00e-02 2.50e+03
        pdb=" HD1 PHE A   2 "    0.018 2.00e-02 2.50e+03
        pdb=" CE1 PHE A   2 "    0.007 2.00e-02 2.50e+03
        pdb=" HE1 PHE A   2 "   -0.007 2.00e-02 2.50e+03
        pdb=" CZ  PHE A   2 "    0.007 2.00e-02 2.50e+03
        pdb=" HZ  PHE A   2 "   -0.000 2.00e-02 2.50e+03
        pdb=" CE2 PHE A   2 "    0.001 2.00e-02 2.50e+03
        pdb=" HE2 PHE A   2 "   -0.001 2.00e-02 2.50e+03
        pdb=" CD2 PHE A   2 "   -0.011 2.00e-02 2.50e+03
        pdb=" HD2 PHE A   2 "    0.011 2.00e-02 2.50e+03
                                 delta    sigma   weight rms_deltas residual
  plane pdb=" C   PHE A   2 "    0.016 2.00e-02 2.50e+03   9.04e-03 8.17e-01
        pdb=" O   PHE A   2 "   -0.006 2.00e-02 2.50e+03
        pdb=" CA  PHE A   2 "   -0.005 2.00e-02 2.50e+03
        pdb=" N   ALA A   3 "   -0.005 2.00e-02 2.50e+03
                                 delta    sigma   weight rms_deltas residual
  plane pdb=" C   GLY A   1 "   -0.013 2.00e-02 2.50e+03   7.39e-03 5.47e-01
        pdb=" O   GLY A   1 "    0.005 2.00e-02 2.50e+03
        pdb=" CA  GLY A   1 "    0.004 2.00e-02 2.50e+03
        pdb=" N   PHE A   2 "    0.004 2.00e-02 2.50e+03
  ... (remaining 3 not shown)

  Histogram of nonbonded interaction distances:
        1.67 -     2.32: 16
        2.32 -     2.96: 54
        2.96 -     3.61: 76
        3.61 -     4.25: 64
        4.25 -     4.89: 100
  Nonbonded interactions: 310
  Sorted by model distance:
  nonbonded pdb=" HA1 GLY A   1 "
            pdb=" H2  GLY A   1 "
     model   vdw
     1.673 1.816
  nonbonded pdb=" HA2 GLY A   1 "
            pdb=" H2  GLY A   1 "
     model   vdw
     1.799 1.816
  nonbonded pdb=" O   GLY A   1 "
            pdb=" H   ALA A   3 "
     model   vdw
     1.899 1.970
  nonbonded pdb=" HXT ALA A   3 "
            pdb=" HB2 ALA A   3 "
     model   vdw
     1.947 2.270
  nonbonded pdb=" O   PHE A   2 "
            pdb=" HXT ALA A   3 "
     model   vdw
     2.022 1.970
  ... (remaining 305 not shown)

  NOTE: a complete listing of the restraints can be obtained by requesting
        output of .geo file.

                   ----------xray_structure summary----------                  

Number of scattering types: 4
  Type Number    sf(0)   Gaussians
   O       4      7.97       2
   N       3      6.97       2
   C      14      5.97       2
   H      19      1.00       2
  sf(0) = scattering factor at diffraction angle 0.
Number of scatterers: 40
At special positions: 0
Unit cell: (17.049, 11.973, 10.115, 90, 90, 90)
Space group: P 1 (No. 1)

End of input processing
r_work=0.3800 r_free=0.5905
params.data_weight: None
params.restraints: qm
rmsd(b), start:  0.0850
mc:   0 R: 0.1008 rmsd(b):  0.0368 restraint_scale:  2.0 min_steps: 44
mc:   1 R: 0.0281 rmsd(b):  0.0311 restraint_scale:  4.0 min_steps: 18
mc:   2 R: 0.0109 rmsd(b):  0.0372 restraint_scale:  8.0 min_steps: 39
mc:   3 R: 0.0069 rmsd(b):  0.0311 restraint_scale: 16.0 min_steps: 11
mc:   4 R: 0.0042 rmsd(b):  0.0269 restraint_scale: 16.0 min_steps: 24
Convergence reached, stop now.
see the result structure:  ./p26/04_results/refine_qm/246_GFA16-new/0.6/8.pdb
Time: 211.1725
