phenix.python
you are importing  adaptive calculator, and it does nothing. Please give it energy, force....... 

============================== Collecting inputs ==============================


                   ----------Processing X-ray data----------                   

F-obs:
  /scratch/m_zhen01/31011.lupus.uni-muenster.de/p26/02_mtz/262_FGG470-new.mtz:F-obs
Miller array info: None
Observation type: xray.amplitude
Type of data: double, size=196
Type of sigmas: None
Number of Miller indices: 196
Anomalous flag: False
Unit cell: (14.065, 13.516, 10.568, 90, 90, 90)
Space group: P 1 (No. 1)
Systematic absences: 0
Centric reflections: 0
Resolution range: 3.99149 2.52197
Completeness in resolution range: 1
Completeness with d_max=infinity: 0.742424

Number of F-obs in resolution range:                   196
Number of F-obs<0 (these reflections will be rejected): 0
Number of F-obs=0 (these reflections will be used in refinement): 0
Refinement resolution range: d_max =   3.9915
                             d_min =   2.5220

R-free flags:
  /scratch/m_zhen01/31011.lupus.uni-muenster.de/p26/02_mtz/262_FGG470-new.mtz:R-free-flags
Miller array info: /scratch/m_zhen01/31011.lupus.uni-muenster.de/p26/02_mtz/262_FGG470-new.mtz:R-free-flags
Observation type: None
Type of data: int, size=196
Type of sigmas: None
Number of Miller indices: 196
Anomalous flag: False
Unit cell: (14.065, 13.516, 10.568, 90, 90, 90)
Space group: P 1 (No. 1)
Systematic absences: 0
Centric reflections: 0
Resolution range: 3.99149 2.52197
Completeness in resolution range: 1
Completeness with d_max=infinity: 0.742424
Wavelength: 1.0000

Test (R-free flags) flag value: 1

Number of work/free reflections by resolution:
                                  work free  %free
  bin  1: 3.9915 - 3.6606 [12/12]   12    0   0.0%
  bin  2: 3.6606 - 3.4177 [18/18]   10    8  44.4%
  bin  3: 3.4177 - 3.2287 [29/29]   29    0   0.0%
  bin  4: 3.2287 - 3.0756 [24/24]   24    0   0.0%
  bin  5: 3.0756 - 2.9480 [14/14]   14    0   0.0%
  bin  6: 2.9480 - 2.8392 [16/16]   16    0   0.0%
  bin  7: 2.8392 - 2.7448 [21/21]   21    0   0.0%
  bin  8: 2.7448 - 2.6619 [21/21]   17    4  19.0%
  bin  9: 2.6619 - 2.5882 [23/23]   19    4  17.4%
  bin 10: 2.5882 - 2.5220 [18/18]   18    0   0.0%
                          overall  180   16   8.2%

                   ----------Processing PDB file(s)----------                  

  Monomer Library directory:
    "/tmp1/m_zhen01/phenix-installer-1.10.1-2155-intel-linux-2.6-x86_64-centos5/phenix-1.10.1-2155/modules/chem_data/mon_lib"
  Total number of atoms: 37
  Number of models: 1
  Model: ""
    Number of chains: 1
    Chain: "A"
      Number of atoms: 37
      Number of conformers: 1
      Conformer: ""
        Number of residues, atoms: 3, 37
          Classifications: {'peptide': 3}
          Modifications used: {'NH2NOTPRO': 1, 'COOH': 1}
          Link IDs: {'TRANS': 2}
  Time building chain proxies: 0.07, per 1000 atoms: 1.89
  Number of scatterers: 37
  At special positions: 0
  Unit cell: (14.065, 13.516, 10.568, 90, 90, 90)
  Space group: P 1 (No. 1)
  Number of sites at special positions: 0
  Number of scattering types: 4
    Type Number    sf(0)
     O       4      8.00
     N       3      7.00
     C      13      6.00
     H      17      1.00
    sf(0) = scattering factor at diffraction angle 0.

  Number of disulfides: simple=0, symmetry=0

  Automatic linking
    Parameters for automatic linking
      Linking & cutoffs
        Metal                : False - 3.50
        Amimo acid           : False - 1.90
        Carbohydrate         : True  - 1.99
        Ligands              : True  - 1.99
        Amino acid - RNA/DNA : False
      
  Number of custom bonds: simple=0, symmetry=0
  Time building additional restraints: 0.02
  Conformation dependent library (CDL) restraints added in 2.8 milliseconds
  
  Adding C-beta torsion restraints...
  Number of C-beta restraints generated:  2
  Time building geometry restraints manager: 0.02 seconds

  NOTE: a complete listing of the restraints can be obtained by requesting
        output of .geo file.

  Histogram of bond lengths:
        0.80 -     0.96: 6
        0.96 -     1.11: 11
        1.11 -     1.27: 3
        1.27 -     1.42: 8
        1.42 -     1.58: 9
  Bond restraints: 37
  Sorted by residual:
  bond pdb=" CZ  PHE A   1 "
       pdb=" HZ  PHE A   1 "
    ideal  model  delta    sigma   weight residual
    0.930  0.867  0.063 2.00e-02 2.50e+03 9.89e+00
  bond pdb=" N   GLY A   2 "
       pdb=" H   GLY A   2 "
    ideal  model  delta    sigma   weight residual
    0.860  0.802  0.058 2.00e-02 2.50e+03 8.37e+00
  bond pdb=" C   PHE A   1 "
       pdb=" CA  PHE A   1 "
    ideal  model  delta    sigma   weight residual
    1.525  1.575 -0.050 2.10e-02 2.27e+03 5.74e+00
  bond pdb=" C   GLY A   2 "
       pdb=" CA  GLY A   2 "
    ideal  model  delta    sigma   weight residual
    1.514  1.545 -0.031 1.41e-02 5.03e+03 4.84e+00
  bond pdb=" CD1 PHE A   1 "
       pdb=" HD1 PHE A   1 "
    ideal  model  delta    sigma   weight residual
    0.930  0.973 -0.043 2.00e-02 2.50e+03 4.69e+00
  ... (remaining 32 not shown)

  Histogram of bond angle deviations from ideal:
      104.24 -   108.29: 10
      108.29 -   112.34: 15
      112.34 -   116.39: 6
      116.39 -   120.44: 12
      120.44 -   124.49: 17
  Bond angle restraints: 60
  Sorted by residual:
  angle pdb=" N   PHE A   1 "
        pdb=" CA  PHE A   1 "
        pdb=" HA  PHE A   1 "
      ideal   model   delta    sigma   weight residual
     110.00  104.27    5.73 3.00e+00 1.11e-01 3.65e+00
  angle pdb=" CA  PHE A   1 "
        pdb=" CB  PHE A   1 "
        pdb=" CG  PHE A   1 "
      ideal   model   delta    sigma   weight residual
     113.80  111.93    1.87 1.00e+00 1.00e+00 3.50e+00
  angle pdb=" CE2 PHE A   1 "
        pdb=" CZ  PHE A   1 "
        pdb=" CE1 PHE A   1 "
      ideal   model   delta    sigma   weight residual
     120.00  116.83    3.17 1.80e+00 3.09e-01 3.10e+00
  angle pdb=" CA  PHE A   1 "
        pdb=" N   PHE A   1 "
        pdb=" H1  PHE A   1 "
      ideal   model   delta    sigma   weight residual
     109.47  104.24    5.23 3.00e+00 1.11e-01 3.04e+00
  angle pdb=" C   GLY A   2 "
        pdb=" CA  GLY A   2 "
        pdb=" N   GLY A   2 "
      ideal   model   delta    sigma   weight residual
     113.18  109.13    4.05 2.37e+00 1.78e-01 2.92e+00
  ... (remaining 55 not shown)

  Histogram of dihedral angle deviations from ideal:
        0.08 -     1.61: 7
        1.61 -     3.15: 2
        3.15 -     4.68: 1
        4.68 -     6.22: 1
        6.22 -     7.75: 2
  Dihedral angle restraints: 13
    sinusoidal: 3
      harmonic: 10
  Sorted by residual:
  dihedral pdb=" CA  GLY A   2 "
           pdb=" C   GLY A   2 "
           pdb=" N   GLY A   3 "
           pdb=" CA  GLY A   3 "
      ideal   model   delta  harmonic     sigma   weight residual
     180.00  172.25    7.75     0      5.00e+00 4.00e-02 2.40e+00
  dihedral pdb=" CA  PHE A   1 "
           pdb=" C   PHE A   1 "
           pdb=" N   GLY A   2 "
           pdb=" CA  GLY A   2 "
      ideal   model   delta  harmonic     sigma   weight residual
     180.00  175.08    4.92     0      5.00e+00 4.00e-02 9.67e-01
  dihedral pdb=" C   PHE A   1 "
           pdb=" N   PHE A   1 "
           pdb=" CA  PHE A   1 "
           pdb=" CB  PHE A   1 "
      ideal   model   delta  harmonic     sigma   weight residual
    -122.60 -124.85    2.25     0      2.50e+00 1.60e-01 8.12e-01
  ... (remaining 10 not shown)

  Histogram of chiral volume deviations from ideal:
       0.061 -    0.061: 1
       0.061 -    0.061: 0
       0.061 -    0.061: 0
       0.061 -    0.061: 0
       0.061 -    0.061: 0
  Chirality restraints: 1
  Sorted by residual:
  chirality pdb=" CA  PHE A   1 "
            pdb=" C   PHE A   1 "
            pdb=" N   PHE A   1 "
            pdb=" CB  PHE A   1 "
    both_signs  ideal   model   delta    sigma   weight residual
      False     -2.51   -2.57    0.06 2.00e-01 2.50e+01 9.24e-02

  Planarity restraints: 6
  Sorted by residual:
                                 delta    sigma   weight rms_deltas residual
  plane pdb=" CB  PHE A   1 "    0.009 2.00e-02 2.50e+03   1.44e-02 6.23e+00
        pdb=" CG  PHE A   1 "   -0.019 2.00e-02 2.50e+03
        pdb=" CD2 PHE A   1 "    0.004 2.00e-02 2.50e+03
        pdb=" HD2 PHE A   1 "   -0.014 2.00e-02 2.50e+03
        pdb=" CE2 PHE A   1 "   -0.003 2.00e-02 2.50e+03
        pdb=" HE2 PHE A   1 "    0.024 2.00e-02 2.50e+03
        pdb=" CZ  PHE A   1 "    0.001 2.00e-02 2.50e+03
        pdb=" HZ  PHE A   1 "   -0.018 2.00e-02 2.50e+03
        pdb=" CE1 PHE A   1 "   -0.011 2.00e-02 2.50e+03
        pdb=" HE1 PHE A   1 "    0.011 2.00e-02 2.50e+03
        pdb=" CD1 PHE A   1 "    0.024 2.00e-02 2.50e+03
        pdb=" HD1 PHE A   1 "   -0.008 2.00e-02 2.50e+03
                                 delta    sigma   weight rms_deltas residual
  plane pdb=" O   GLY A   3 "    0.009 2.00e-02 2.50e+03   1.57e-02 3.07e+00
        pdb=" C   GLY A   3 "   -0.004 2.00e-02 2.50e+03
        pdb=" OXT GLY A   3 "    0.025 2.00e-02 2.50e+03
        pdb=" HXT GLY A   3 "   -0.021 2.00e-02 2.50e+03
        pdb=" CA  GLY A   3 "   -0.009 2.00e-02 2.50e+03
                                 delta    sigma   weight rms_deltas residual
  plane pdb=" C   GLY A   2 "   -0.029 2.00e-02 2.50e+03   1.67e-02 2.80e+00
        pdb=" O   GLY A   2 "    0.011 2.00e-02 2.50e+03
        pdb=" CA  GLY A   2 "    0.008 2.00e-02 2.50e+03
        pdb=" N   GLY A   3 "    0.010 2.00e-02 2.50e+03
  ... (remaining 3 not shown)

  Histogram of nonbonded interaction distances:
        2.08 -     2.64: 34
        2.64 -     3.21: 44
        3.21 -     3.77: 48
        3.77 -     4.33: 51
        4.33 -     4.90: 65
  Nonbonded interactions: 242
  Sorted by model distance:
  nonbonded pdb=" H1  PHE A   1 "
            pdb=" HD1 PHE A   1 "
     model   vdw
     2.082 2.100
  nonbonded pdb=" HA1 GLY A   2 "
            pdb=" H   GLY A   2 "
     model   vdw
     2.216 1.816
  nonbonded pdb=" O   GLY A   3 "
            pdb=" HXT GLY A   3 "
     model   vdw
     2.239 2.056
  nonbonded pdb=" O   GLY A   2 "
            pdb=" HA1 GLY A   3 "
     model   vdw
     2.279 2.740
  nonbonded pdb=" HD2 PHE A   1 "
            pdb=" HE2 PHE A   1 "
     model   vdw
     2.280 1.680
  ... (remaining 237 not shown)

  NOTE: a complete listing of the restraints can be obtained by requesting
        output of .geo file.

                   ----------xray_structure summary----------                  

Number of scattering types: 4
  Type Number    sf(0)   Gaussians
   O       4      7.97       2
   N       3      6.97       2
   C      13      5.97       2
   H      17      1.00       2
  sf(0) = scattering factor at diffraction angle 0.
Number of scatterers: 37
At special positions: 0
Unit cell: (14.065, 13.516, 10.568, 90, 90, 90)
Space group: P 1 (No. 1)

End of input processing
r_work=0.4048 r_free=0.4190
params.data_weight: None
params.restraints: qm
rmsd(b), start:  0.0889
mc:   0 R: 0.1629 rmsd(b):  0.0704 restraint_scale:  2.0 min_steps: 51
mc:   1 R: 0.0293 rmsd(b):  0.0226 restraint_scale:  2.0 min_steps: 21
mc:   2 R: 0.0090 rmsd(b):  0.0303 restraint_scale:  4.0 min_steps: 21
mc:   3 R: 0.0065 rmsd(b):  0.0313 restraint_scale:  8.0 min_steps: 45
mc:   4 R: 0.0079 rmsd(b):  0.0225 restraint_scale:  8.0 min_steps: 18
mc:   5 R: 0.0077 rmsd(b):  0.0225 restraint_scale:  8.0 min_steps: 6
Convergence reached, stop now.
see the result structure:  ./p26/04_results/refine_qm/262_FGG470-new/0.9/2.pdb
Time: 229.4640
