phenix.python
you are importing  adaptive calculator, and it does nothing. Please give it energy, force....... 

============================== Collecting inputs ==============================


                   ----------Processing X-ray data----------                   

F-obs:
  /scratch/m_zhen01/31011.lupus.uni-muenster.de/p26/02_mtz/196_WG14-new.mtz:F-obs
Miller array info: None
Observation type: xray.amplitude
Type of data: double, size=203
Type of sigmas: None
Number of Miller indices: 203
Anomalous flag: False
Unit cell: (10.871, 14.682, 12.272, 90, 90, 90)
Space group: P 1 (No. 1)
Systematic absences: 0
Centric reflections: 0
Resolution range: 3.94058 2.51066
Completeness in resolution range: 1
Completeness with d_max=infinity: 0.7603

Number of F-obs in resolution range:                   203
Number of F-obs<0 (these reflections will be rejected): 0
Number of F-obs=0 (these reflections will be used in refinement): 0
Refinement resolution range: d_max =   3.9406
                             d_min =   2.5107

R-free flags:
  /scratch/m_zhen01/31011.lupus.uni-muenster.de/p26/02_mtz/196_WG14-new.mtz:R-free-flags
Miller array info: /scratch/m_zhen01/31011.lupus.uni-muenster.de/p26/02_mtz/196_WG14-new.mtz:R-free-flags
Observation type: None
Type of data: int, size=203
Type of sigmas: None
Number of Miller indices: 203
Anomalous flag: False
Unit cell: (10.871, 14.682, 12.272, 90, 90, 90)
Space group: P 1 (No. 1)
Systematic absences: 0
Centric reflections: 0
Resolution range: 3.94058 2.51066
Completeness in resolution range: 1
Completeness with d_max=infinity: 0.7603
Wavelength: 1.0000

Test (R-free flags) flag value: 1

Number of work/free reflections by resolution:
                                  work free  %free
  bin  1: 3.9406 - 3.6230 [18/18]   16    2  11.1%
  bin  2: 3.6230 - 3.3881 [26/26]   26    0   0.0%
  bin  3: 3.3881 - 3.2043 [12/12]   10    2  16.7%
  bin  4: 3.2043 - 3.0548 [19/19]   19    0   0.0%
  bin  5: 3.0548 - 2.9298 [27/27]   23    4  14.8%
  bin  6: 2.9298 - 2.8230 [20/20]   20    0   0.0%
  bin  7: 2.8230 - 2.7303 [10/10]   10    0   0.0%
  bin  8: 2.7303 - 2.6486 [27/27]   27    0   0.0%
  bin  9: 2.6486 - 2.5760 [18/18]   18    0   0.0%
  bin 10: 2.5760 - 2.5107 [26/26]   22    4  15.4%
                          overall  191   12   5.9%

                   ----------Processing PDB file(s)----------                  

  Monomer Library directory:
    "/tmp1/m_zhen01/phenix-installer-1.10.1-2155-intel-linux-2.6-x86_64-centos5/phenix-1.10.1-2155/modules/chem_data/mon_lib"
  Total number of atoms: 34
  Number of models: 1
  Model: ""
    Number of chains: 1
    Chain: "A"
      Number of atoms: 34
      Number of conformers: 1
      Conformer: ""
        Number of residues, atoms: 2, 34
          Classifications: {'peptide': 2}
          Modifications used: {'NH2NOTPRO': 1, 'COOH': 1}
          Link IDs: {'TRANS': 1}
  Time building chain proxies: 0.07, per 1000 atoms: 2.06
  Number of scatterers: 34
  At special positions: 0
  Unit cell: (10.871, 14.682, 12.272, 90, 90, 90)
  Space group: P 1 (No. 1)
  Number of sites at special positions: 0
  Number of scattering types: 4
    Type Number    sf(0)
     O       3      8.00
     N       3      7.00
     C      13      6.00
     H      15      1.00
    sf(0) = scattering factor at diffraction angle 0.

  Number of disulfides: simple=0, symmetry=0

  Automatic linking
    Parameters for automatic linking
      Linking & cutoffs
        Metal                : False - 3.50
        Amimo acid           : False - 1.90
        Carbohydrate         : True  - 1.99
        Ligands              : True  - 1.99
        Amino acid - RNA/DNA : False
      
  Number of custom bonds: simple=0, symmetry=0
  Time building additional restraints: 0.02
  Conformation dependent library (CDL) restraints added in 524.0 microseconds
  
  Adding C-beta torsion restraints...
  Number of C-beta restraints generated:  2
  Time building geometry restraints manager: 0.03 seconds

  NOTE: a complete listing of the restraints can be obtained by requesting
        output of .geo file.

  Histogram of bond lengths:
        0.86 -     0.99: 14
        0.99 -     1.13: 1
        1.13 -     1.26: 2
        1.26 -     1.40: 10
        1.40 -     1.53: 8
  Bond restraints: 35
  Sorted by residual:
  bond pdb=" CZ3 TRP A   1 "
       pdb=" HZ3 TRP A   1 "
    ideal  model  delta    sigma   weight residual
    0.930  0.992 -0.062 2.00e-02 2.50e+03 9.62e+00
  bond pdb=" CH2 TRP A   1 "
       pdb=" CZ3 TRP A   1 "
    ideal  model  delta    sigma   weight residual
    1.400  1.341  0.059 2.50e-02 1.60e+03 5.61e+00
  bond pdb=" CB  TRP A   1 "
       pdb=" HB2 TRP A   1 "
    ideal  model  delta    sigma   weight residual
    0.970  0.924  0.046 2.00e-02 2.50e+03 5.37e+00
  bond pdb=" CA  TRP A   1 "
       pdb=" HA  TRP A   1 "
    ideal  model  delta    sigma   weight residual
    0.970  0.933  0.037 2.00e-02 2.50e+03 3.50e+00
  bond pdb=" CA  GLY A   2 "
       pdb=" HA1 GLY A   2 "
    ideal  model  delta    sigma   weight residual
    0.970  1.002 -0.032 2.00e-02 2.50e+03 2.61e+00
  ... (remaining 30 not shown)

  Histogram of bond angle deviations from ideal:
      102.50 -   108.86: 14
      108.86 -   115.23: 13
      115.23 -   121.59: 14
      121.59 -   127.96: 12
      127.96 -   134.33: 4
  Bond angle restraints: 57
  Sorted by residual:
  angle pdb=" CA  TRP A   1 "
        pdb=" CB  TRP A   1 "
        pdb=" HB2 TRP A   1 "
      ideal   model   delta    sigma   weight residual
     109.00  102.50    6.50 3.00e+00 1.11e-01 4.70e+00
  angle pdb=" C   GLY A   2 "
        pdb=" CA  GLY A   2 "
        pdb=" HA1 GLY A   2 "
      ideal   model   delta    sigma   weight residual
     109.00  103.80    5.20 3.00e+00 1.11e-01 3.00e+00
  angle pdb=" HA  TRP A   1 "
        pdb=" CA  TRP A   1 "
        pdb=" N   TRP A   1 "
      ideal   model   delta    sigma   weight residual
     110.00  105.28    4.72 3.00e+00 1.11e-01 2.47e+00
  angle pdb=" CG  TRP A   1 "
        pdb=" CD1 TRP A   1 "
        pdb=" NE1 TRP A   1 "
      ideal   model   delta    sigma   weight residual
     110.20  108.24    1.96 1.30e+00 5.92e-01 2.27e+00
  angle pdb=" HD1 TRP A   1 "
        pdb=" CD1 TRP A   1 "
        pdb=" NE1 TRP A   1 "
      ideal   model   delta    sigma   weight residual
     124.90  128.75   -3.85 3.00e+00 1.11e-01 1.64e+00
  ... (remaining 52 not shown)

  Histogram of dihedral angle deviations from ideal:
        0.36 -     3.51: 8
        3.51 -     6.65: 1
        6.65 -     9.79: 0
        9.79 -    12.94: 1
       12.94 -    16.08: 3
  Dihedral angle restraints: 13
    sinusoidal: 3
      harmonic: 10
  Sorted by residual:
  dihedral pdb=" CA  TRP A   1 "
           pdb=" C   TRP A   1 "
           pdb=" N   GLY A   2 "
           pdb=" CA  GLY A   2 "
      ideal   model   delta  harmonic     sigma   weight residual
    -180.00 -166.32  -13.68     0      5.00e+00 4.00e-02 7.49e+00
  dihedral pdb=" C   TRP A   1 "
           pdb=" N   TRP A   1 "
           pdb=" CA  TRP A   1 "
           pdb=" CB  TRP A   1 "
      ideal   model   delta  harmonic     sigma   weight residual
    -122.60 -119.21   -3.39     0      2.50e+00 1.60e-01 1.84e+00
  dihedral pdb=" N   TRP A   1 "
           pdb=" C   TRP A   1 "
           pdb=" CA  TRP A   1 "
           pdb=" CB  TRP A   1 "
      ideal   model   delta  harmonic     sigma   weight residual
     122.80  120.26    2.54     0      2.50e+00 1.60e-01 1.03e+00
  ... (remaining 10 not shown)

  Histogram of chiral volume deviations from ideal:
       0.101 -    0.101: 1
       0.101 -    0.101: 0
       0.101 -    0.101: 0
       0.101 -    0.101: 0
       0.101 -    0.101: 0
  Chirality restraints: 1
  Sorted by residual:
  chirality pdb=" CA  TRP A   1 "
            pdb=" C   TRP A   1 "
            pdb=" N   TRP A   1 "
            pdb=" CB  TRP A   1 "
    both_signs  ideal   model   delta    sigma   weight residual
      False     -2.51   -2.61    0.10 2.00e-01 2.50e+01 2.57e-01

  Planarity restraints: 4
  Sorted by residual:
                                 delta    sigma   weight rms_deltas residual
  plane pdb=" CB  TRP A   1 "    0.002 2.00e-02 2.50e+03   1.47e-02 8.60e+00
        pdb=" CG  TRP A   1 "    0.006 2.00e-02 2.50e+03
        pdb=" CD1 TRP A   1 "    0.003 2.00e-02 2.50e+03
        pdb=" HD1 TRP A   1 "    0.004 2.00e-02 2.50e+03
        pdb=" NE1 TRP A   1 "   -0.013 2.00e-02 2.50e+03
        pdb=" HE1 TRP A   1 "    0.007 2.00e-02 2.50e+03
        pdb=" CE2 TRP A   1 "   -0.015 2.00e-02 2.50e+03
        pdb=" CZ2 TRP A   1 "   -0.017 2.00e-02 2.50e+03
        pdb=" HZ2 TRP A   1 "    0.026 2.00e-02 2.50e+03
        pdb=" CH2 TRP A   1 "    0.023 2.00e-02 2.50e+03
        pdb=" HH2 TRP A   1 "   -0.028 2.00e-02 2.50e+03
        pdb=" CZ3 TRP A   1 "    0.017 2.00e-02 2.50e+03
        pdb=" HZ3 TRP A   1 "    0.006 2.00e-02 2.50e+03
        pdb=" CE3 TRP A   1 "   -0.014 2.00e-02 2.50e+03
        pdb=" HE3 TRP A   1 "    0.004 2.00e-02 2.50e+03
        pdb=" CD2 TRP A   1 "   -0.012 2.00e-02 2.50e+03
                                 delta    sigma   weight rms_deltas residual
  plane pdb=" C   TRP A   1 "   -0.008 2.00e-02 2.50e+03   1.49e-02 2.23e+00
        pdb=" CA  GLY A   2 "   -0.007 2.00e-02 2.50e+03
        pdb=" N   GLY A   2 "    0.026 2.00e-02 2.50e+03
        pdb=" H   GLY A   2 "   -0.011 2.00e-02 2.50e+03
                                 delta    sigma   weight rms_deltas residual
  plane pdb=" OXT GLY A   2 "   -0.003 2.00e-02 2.50e+03   1.22e-02 1.87e+00
        pdb=" C   GLY A   2 "    0.024 2.00e-02 2.50e+03
        pdb=" O   GLY A   2 "   -0.007 2.00e-02 2.50e+03
        pdb=" HXT GLY A   2 "   -0.005 2.00e-02 2.50e+03
        pdb=" CA  GLY A   2 "   -0.009 2.00e-02 2.50e+03
  ... (remaining 1 not shown)

  Histogram of nonbonded interaction distances:
        2.02 -     2.60: 16
        2.60 -     3.17: 47
        3.17 -     3.75: 52
        3.75 -     4.32: 48
        4.32 -     4.90: 63
  Nonbonded interactions: 226
  Sorted by model distance:
  nonbonded pdb=" HA  TRP A   1 "
            pdb=" H1  TRP A   1 "
     model   vdw
     2.022 1.816
  nonbonded pdb=" HA2 GLY A   2 "
            pdb=" H   GLY A   2 "
     model   vdw
     2.169 1.816
  nonbonded pdb=" HA  TRP A   1 "
            pdb=" H   GLY A   2 "
     model   vdw
     2.195 2.270
  nonbonded pdb=" O   GLY A   2 "
            pdb=" HXT GLY A   2 "
     model   vdw
     2.230 2.056
  nonbonded pdb=" HH2 TRP A   1 "
            pdb=" HZ3 TRP A   1 "
     model   vdw
     2.298 1.680
  ... (remaining 221 not shown)

  NOTE: a complete listing of the restraints can be obtained by requesting
        output of .geo file.

                   ----------xray_structure summary----------                  

Number of scattering types: 4
  Type Number    sf(0)   Gaussians
   O       3      7.97       2
   N       3      6.97       2
   C      13      5.97       2
   H      15      1.00       2
  sf(0) = scattering factor at diffraction angle 0.
Number of scatterers: 34
At special positions: 0
Unit cell: (10.871, 14.682, 12.272, 90, 90, 90)
Space group: P 1 (No. 1)

End of input processing
r_work=0.4791 r_free=0.4061
params.data_weight: None
params.restraints: qm
rmsd(b), start:  0.0832
mc:   0 R: 0.2541 rmsd(b):  0.7052 restraint_scale:  2.0 min_steps: 35
mc:   1 R: 0.0657 rmsd(b):  0.7282 restraint_scale:  4.0 min_steps: 38
mc:   2 R: 0.0472 rmsd(b):  0.7105 restraint_scale:  8.0 min_steps: 30
mc:   3 R: 0.0462 rmsd(b):  0.7021 restraint_scale: 16.0 min_steps: 13
mc:   4 R: 0.0462 rmsd(b):  0.7021 restraint_scale: 32.0 min_steps: 1
Convergence reached, stop now.
see the result structure:  ./p26/04_results/refine_qm/196_WG14-new/0.9/3.pdb
Time: 181.4303
