phenix.python
you are importing  adaptive calculator, and it does nothing. Please give it energy, force....... 

============================== Collecting inputs ==============================


                   ----------Processing X-ray data----------                   

F-obs:
  /scratch/m_zhen01/31011.lupus.uni-muenster.de/p26/02_mtz/198_WG09-new.mtz:F-obs
Miller array info: None
Observation type: xray.amplitude
Type of data: double, size=207
Type of sigmas: None
Number of Miller indices: 207
Anomalous flag: False
Unit cell: (10.906, 14.623, 12.255, 90, 90, 90)
Space group: P 1 (No. 1)
Systematic absences: 0
Centric reflections: 0
Resolution range: 3.93437 2.5009
Completeness in resolution range: 1
Completeness with d_max=infinity: 0.763838

Number of F-obs in resolution range:                   207
Number of F-obs<0 (these reflections will be rejected): 0
Number of F-obs=0 (these reflections will be used in refinement): 0
Refinement resolution range: d_max =   3.9344
                             d_min =   2.5009

R-free flags:
  /scratch/m_zhen01/31011.lupus.uni-muenster.de/p26/02_mtz/198_WG09-new.mtz:R-free-flags
Miller array info: /scratch/m_zhen01/31011.lupus.uni-muenster.de/p26/02_mtz/198_WG09-new.mtz:R-free-flags
Observation type: None
Type of data: int, size=207
Type of sigmas: None
Number of Miller indices: 207
Anomalous flag: False
Unit cell: (10.906, 14.623, 12.255, 90, 90, 90)
Space group: P 1 (No. 1)
Systematic absences: 0
Centric reflections: 0
Resolution range: 3.93437 2.5009
Completeness in resolution range: 1
Completeness with d_max=infinity: 0.763838
Wavelength: 1.0000

Test (R-free flags) flag value: 1

Number of work/free reflections by resolution:
                                  work free  %free
  bin  1: 3.9344 - 3.6148 [18/18]   16    2  11.1%
  bin  2: 3.6148 - 3.3789 [30/30]   30    0   0.0%
  bin  3: 3.3789 - 3.1946 [ 8/8 ]    8    0   0.0%
  bin  4: 3.1946 - 3.0448 [23/23]   19    4  17.4%
  bin  5: 3.0448 - 2.9197 [23/23]   23    0   0.0%
  bin  6: 2.9197 - 2.8130 [20/20]   18    2  10.0%
  bin  7: 2.8130 - 2.7203 [15/15]   15    0   0.0%
  bin  8: 2.7203 - 2.6387 [22/22]   22    0   0.0%
  bin  9: 2.6387 - 2.5661 [18/18]   14    4  22.2%
  bin 10: 2.5661 - 2.5009 [30/30]   30    0   0.0%
                          overall  195   12   5.8%

                   ----------Processing PDB file(s)----------                  

  Monomer Library directory:
    "/tmp1/m_zhen01/phenix-installer-1.10.1-2155-intel-linux-2.6-x86_64-centos5/phenix-1.10.1-2155/modules/chem_data/mon_lib"
  Total number of atoms: 34
  Number of models: 1
  Model: ""
    Number of chains: 1
    Chain: "A"
      Number of atoms: 34
      Number of conformers: 1
      Conformer: ""
        Number of residues, atoms: 2, 34
          Classifications: {'peptide': 2}
          Modifications used: {'NH2NOTPRO': 1, 'COOH': 1}
          Link IDs: {'TRANS': 1}
  Time building chain proxies: 0.07, per 1000 atoms: 2.06
  Number of scatterers: 34
  At special positions: 0
  Unit cell: (10.906, 14.623, 12.255, 90, 90, 90)
  Space group: P 1 (No. 1)
  Number of sites at special positions: 0
  Number of scattering types: 4
    Type Number    sf(0)
     O       3      8.00
     N       3      7.00
     C      13      6.00
     H      15      1.00
    sf(0) = scattering factor at diffraction angle 0.

  Number of disulfides: simple=0, symmetry=0

  Automatic linking
    Parameters for automatic linking
      Linking & cutoffs
        Metal                : False - 3.50
        Amimo acid           : False - 1.90
        Carbohydrate         : True  - 1.99
        Ligands              : True  - 1.99
        Amino acid - RNA/DNA : False
      
  Number of custom bonds: simple=0, symmetry=0
  Time building additional restraints: 0.02
  Conformation dependent library (CDL) restraints added in 519.0 microseconds
  
  Adding C-beta torsion restraints...
  Number of C-beta restraints generated:  2
  Time building geometry restraints manager: 0.02 seconds

  NOTE: a complete listing of the restraints can be obtained by requesting
        output of .geo file.

  Histogram of bond lengths:
        0.89 -     1.02: 15
        1.02 -     1.15: 0
        1.15 -     1.29: 2
        1.29 -     1.42: 10
        1.42 -     1.55: 8
  Bond restraints: 35
  Sorted by residual:
  bond pdb=" CB  TRP A   1 "
       pdb=" HB1 TRP A   1 "
    ideal  model  delta    sigma   weight residual
    0.970  1.013 -0.043 2.00e-02 2.50e+03 4.71e+00
  bond pdb=" CA  TRP A   1 "
       pdb=" HA  TRP A   1 "
    ideal  model  delta    sigma   weight residual
    0.970  0.933  0.037 2.00e-02 2.50e+03 3.49e+00
  bond pdb=" CA  GLY A   2 "
       pdb=" N   GLY A   2 "
    ideal  model  delta    sigma   weight residual
    1.451  1.480 -0.029 1.60e-02 3.91e+03 3.37e+00
  bond pdb=" CB  TRP A   1 "
       pdb=" CG  TRP A   1 "
    ideal  model  delta    sigma   weight residual
    1.498  1.554 -0.056 3.10e-02 1.04e+03 3.31e+00
  bond pdb=" N   TRP A   1 "
       pdb=" H2  TRP A   1 "
    ideal  model  delta    sigma   weight residual
    0.960  0.996 -0.036 2.00e-02 2.50e+03 3.28e+00
  ... (remaining 30 not shown)

  Histogram of bond angle deviations from ideal:
      103.63 -   109.77: 18
      109.77 -   115.90: 9
      115.90 -   122.03: 16
      122.03 -   128.17: 12
      128.17 -   134.30: 2
  Bond angle restraints: 57
  Sorted by residual:
  angle pdb=" OXT GLY A   2 "
        pdb=" C   GLY A   2 "
        pdb=" O   GLY A   2 "
      ideal   model   delta    sigma   weight residual
     122.80  116.26    6.54 3.00e+00 1.11e-01 4.76e+00
  angle pdb=" O   TRP A   1 "
        pdb=" C   TRP A   1 "
        pdb=" CA  TRP A   1 "
      ideal   model   delta    sigma   weight residual
     120.80  117.65    3.15 1.70e+00 3.46e-01 3.43e+00
  angle pdb=" O   TRP A   1 "
        pdb=" C   TRP A   1 "
        pdb=" N   GLY A   2 "
      ideal   model   delta    sigma   weight residual
     123.00  125.90   -2.90 1.60e+00 3.91e-01 3.29e+00
  angle pdb=" CA  TRP A   1 "
        pdb=" CB  TRP A   1 "
        pdb=" HB2 TRP A   1 "
      ideal   model   delta    sigma   weight residual
     109.00  103.63    5.37 3.00e+00 1.11e-01 3.20e+00
  angle pdb=" OXT GLY A   2 "
        pdb=" C   GLY A   2 "
        pdb=" CA  GLY A   2 "
      ideal   model   delta    sigma   weight residual
     118.60  122.33   -3.73 3.00e+00 1.11e-01 1.55e+00
  ... (remaining 52 not shown)

  Histogram of dihedral angle deviations from ideal:
        1.44 -     4.09: 9
        4.09 -     6.74: 0
        6.74 -     9.39: 0
        9.39 -    12.04: 1
       12.04 -    14.68: 3
  Dihedral angle restraints: 13
    sinusoidal: 3
      harmonic: 10
  Sorted by residual:
  dihedral pdb=" CA  TRP A   1 "
           pdb=" C   TRP A   1 "
           pdb=" N   GLY A   2 "
           pdb=" CA  GLY A   2 "
      ideal   model   delta  harmonic     sigma   weight residual
     180.00  169.91   10.09     0      5.00e+00 4.00e-02 4.08e+00
  dihedral pdb=" N   TRP A   1 "
           pdb=" C   TRP A   1 "
           pdb=" CA  TRP A   1 "
           pdb=" CB  TRP A   1 "
      ideal   model   delta  harmonic     sigma   weight residual
     122.80  119.65    3.15     0      2.50e+00 1.60e-01 1.59e+00
  dihedral pdb=" N   TRP A   1 "
           pdb=" CA  TRP A   1 "
           pdb=" CB  TRP A   1 "
           pdb=" CG  TRP A   1 "
      ideal   model   delta sinusoidal    sigma   weight residual
     180.00 -167.75  -12.25     3      1.50e+01 4.44e-03 9.42e-01
  ... (remaining 10 not shown)

  Histogram of chiral volume deviations from ideal:
       0.095 -    0.095: 1
       0.095 -    0.095: 0
       0.095 -    0.095: 0
       0.095 -    0.095: 0
       0.095 -    0.095: 0
  Chirality restraints: 1
  Sorted by residual:
  chirality pdb=" CA  TRP A   1 "
            pdb=" C   TRP A   1 "
            pdb=" N   TRP A   1 "
            pdb=" CB  TRP A   1 "
    both_signs  ideal   model   delta    sigma   weight residual
      False     -2.51   -2.61    0.09 2.00e-01 2.50e+01 2.24e-01

  Planarity restraints: 4
  Sorted by residual:
                                 delta    sigma   weight rms_deltas residual
  plane pdb=" CB  TRP A   1 "    0.017 2.00e-02 2.50e+03   1.55e-02 9.65e+00
        pdb=" CG  TRP A   1 "    0.002 2.00e-02 2.50e+03
        pdb=" CD1 TRP A   1 "    0.006 2.00e-02 2.50e+03
        pdb=" HD1 TRP A   1 "   -0.002 2.00e-02 2.50e+03
        pdb=" NE1 TRP A   1 "   -0.008 2.00e-02 2.50e+03
        pdb=" HE1 TRP A   1 "    0.014 2.00e-02 2.50e+03
        pdb=" CE2 TRP A   1 "    0.012 2.00e-02 2.50e+03
        pdb=" CZ2 TRP A   1 "   -0.022 2.00e-02 2.50e+03
        pdb=" HZ2 TRP A   1 "   -0.011 2.00e-02 2.50e+03
        pdb=" CH2 TRP A   1 "    0.022 2.00e-02 2.50e+03
        pdb=" HH2 TRP A   1 "    0.012 2.00e-02 2.50e+03
        pdb=" CZ3 TRP A   1 "    0.018 2.00e-02 2.50e+03
        pdb=" HZ3 TRP A   1 "   -0.003 2.00e-02 2.50e+03
        pdb=" CE3 TRP A   1 "   -0.020 2.00e-02 2.50e+03
        pdb=" HE3 TRP A   1 "   -0.002 2.00e-02 2.50e+03
        pdb=" CD2 TRP A   1 "   -0.034 2.00e-02 2.50e+03
                                 delta    sigma   weight rms_deltas residual
  plane pdb=" C   TRP A   1 "    0.014 2.00e-02 2.50e+03   2.61e-02 6.80e+00
        pdb=" CA  GLY A   2 "    0.011 2.00e-02 2.50e+03
        pdb=" N   GLY A   2 "   -0.045 2.00e-02 2.50e+03
        pdb=" H   GLY A   2 "    0.019 2.00e-02 2.50e+03
                                 delta    sigma   weight rms_deltas residual
  plane pdb=" OXT GLY A   2 "    0.012 2.00e-02 2.50e+03   8.59e-03 9.22e-01
        pdb=" C   GLY A   2 "   -0.011 2.00e-02 2.50e+03
        pdb=" O   GLY A   2 "    0.007 2.00e-02 2.50e+03
        pdb=" HXT GLY A   2 "   -0.007 2.00e-02 2.50e+03
        pdb=" CA  GLY A   2 "    0.000 2.00e-02 2.50e+03
  ... (remaining 1 not shown)

  Histogram of nonbonded interaction distances:
        2.13 -     2.69: 19
        2.69 -     3.24: 45
        3.24 -     3.79: 46
        3.79 -     4.35: 42
        4.35 -     4.90: 68
  Nonbonded interactions: 220
  Sorted by model distance:
  nonbonded pdb=" O   GLY A   2 "
            pdb=" HXT GLY A   2 "
     model   vdw
     2.132 2.056
  nonbonded pdb=" HA2 GLY A   2 "
            pdb=" H   GLY A   2 "
     model   vdw
     2.151 1.816
  nonbonded pdb=" HA  TRP A   1 "
            pdb=" H1  TRP A   1 "
     model   vdw
     2.164 1.816
  nonbonded pdb=" HZ3 TRP A   1 "
            pdb=" HE3 TRP A   1 "
     model   vdw
     2.277 1.680
  nonbonded pdb=" HZ2 TRP A   1 "
            pdb=" HH2 TRP A   1 "
     model   vdw
     2.305 1.680
  ... (remaining 215 not shown)

  NOTE: a complete listing of the restraints can be obtained by requesting
        output of .geo file.

                   ----------xray_structure summary----------                  

Number of scattering types: 4
  Type Number    sf(0)   Gaussians
   O       3      7.97       2
   N       3      6.97       2
   C      13      5.97       2
   H      15      1.00       2
  sf(0) = scattering factor at diffraction angle 0.
Number of scatterers: 34
At special positions: 0
Unit cell: (10.906, 14.623, 12.255, 90, 90, 90)
Space group: P 1 (No. 1)

End of input processing
r_work=0.4669 r_free=0.4074
params.data_weight: None
params.restraints: qm
rmsd(b), start:  0.0776
mc:   0 R: 0.2759 rmsd(b):  0.2840 restraint_scale:  2.0 min_steps: 47
mc:   1 R: 0.1673 rmsd(b):  0.3903 restraint_scale:  4.0 min_steps: 40
mc:   2 R: 0.1836 rmsd(b):  0.4067 restraint_scale:  8.0 min_steps: 23
mc:   3 R: 0.1637 rmsd(b):  0.4108 restraint_scale: 16.0 min_steps: 10
mc:   4 R: 0.2127 rmsd(b):  0.4157 restraint_scale: 32.0 min_steps: 17
mc:   5 R: 0.2498 rmsd(b):  0.4255 restraint_scale: 64.0 min_steps: 22
mc:   6 R: 0.2837 rmsd(b):  0.4384 restraint_scale: 128.0 min_steps: 34
mc:   7 R: 0.3632 rmsd(b):  0.5049 restraint_scale: 256.0 min_steps: 43
mc:   8 R: 0.4271 rmsd(b):  0.6232 restraint_scale: 512.0 min_steps: 59
mc:   9 R: 0.4380 rmsd(b):  0.6876 restraint_scale: 1024.0 min_steps: 55
mc:  10 R: 0.4380 rmsd(b):  0.6876 restraint_scale: 2048.0 min_steps: 1
Convergence reached, stop now.
see the result structure:  ./p26/04_results/refine_qm/198_WG09-new/0.9/2.pdb
Time: 458.5936
