phenix.python
you are importing  adaptive calculator, and it does nothing. Please give it energy, force....... 

============================== Collecting inputs ==============================


                   ----------Processing X-ray data----------                   

F-obs:
  /scratch/m_zhen01/30995.lupus.uni-muenster.de/p26/02_mtz/197_WG07-new.mtz:F-obs
Miller array info: None
Observation type: xray.amplitude
Type of data: double, size=182
Type of sigmas: None
Number of Miller indices: 182
Anomalous flag: False
Unit cell: (13.914, 10.187, 12.801, 90, 90, 90)
Space group: P 1 (No. 1)
Systematic absences: 0
Centric reflections: 0
Resolution range: 3.98551 2.50513
Completeness in resolution range: 1
Completeness with d_max=infinity: 0.752066

Number of F-obs in resolution range:                   182
Number of F-obs<0 (these reflections will be rejected): 0
Number of F-obs=0 (these reflections will be used in refinement): 0
Refinement resolution range: d_max =   3.9855
                             d_min =   2.5051

R-free flags:
  /scratch/m_zhen01/30995.lupus.uni-muenster.de/p26/02_mtz/197_WG07-new.mtz:R-free-flags
Miller array info: /scratch/m_zhen01/30995.lupus.uni-muenster.de/p26/02_mtz/197_WG07-new.mtz:R-free-flags
Observation type: None
Type of data: int, size=182
Type of sigmas: None
Number of Miller indices: 182
Anomalous flag: False
Unit cell: (13.914, 10.187, 12.801, 90, 90, 90)
Space group: P 1 (No. 1)
Systematic absences: 0
Centric reflections: 0
Resolution range: 3.98551 2.50513
Completeness in resolution range: 1
Completeness with d_max=infinity: 0.752066
Wavelength: 1.0000

Test (R-free flags) flag value: 1

Number of work/free reflections by resolution:
                                  work free  %free
  bin  1: 3.9855 - 3.6493 [18/18]   18    0   0.0%
  bin  2: 3.6493 - 3.4038 [17/17]   13    4  23.5%
  bin  3: 3.4038 - 3.2133 [15/15]   15    0   0.0%
  bin  4: 3.2133 - 3.0594 [17/17]   17    0   0.0%
  bin  5: 3.0594 - 2.9313 [32/32]   32    0   0.0%
  bin  6: 2.9313 - 2.8223 [ 8/8 ]    8    0   0.0%
  bin  7: 2.8223 - 2.7279 [15/15]   15    0   0.0%
  bin  8: 2.7279 - 2.6449 [22/22]   20    2   9.1%
  bin  9: 2.6449 - 2.5712 [18/18]   16    2  11.1%
  bin 10: 2.5712 - 2.5051 [20/20]   20    0   0.0%
                          overall  174    8   4.4%

                   ----------Processing PDB file(s)----------                  

  Monomer Library directory:
    "/tmp1/m_zhen01/phenix-installer-1.10.1-2155-intel-linux-2.6-x86_64-centos5/phenix-1.10.1-2155/modules/chem_data/mon_lib"
  Total number of atoms: 34
  Number of models: 1
  Model: ""
    Number of chains: 1
    Chain: "A"
      Number of atoms: 34
      Number of conformers: 1
      Conformer: ""
        Number of residues, atoms: 2, 34
          Classifications: {'peptide': 2}
          Modifications used: {'NH2NOTPRO': 1, 'COOH': 1}
          Link IDs: {'TRANS': 1}
  Time building chain proxies: 0.08, per 1000 atoms: 2.35
  Number of scatterers: 34
  At special positions: 0
  Unit cell: (13.914, 10.187, 12.801, 90, 90, 90)
  Space group: P 1 (No. 1)
  Number of sites at special positions: 0
  Number of scattering types: 4
    Type Number    sf(0)
     O       3      8.00
     N       3      7.00
     C      13      6.00
     H      15      1.00
    sf(0) = scattering factor at diffraction angle 0.

  Number of disulfides: simple=0, symmetry=0

  Automatic linking
    Parameters for automatic linking
      Linking & cutoffs
        Metal                : False - 3.50
        Amimo acid           : False - 1.90
        Carbohydrate         : True  - 1.99
        Ligands              : True  - 1.99
        Amino acid - RNA/DNA : False
      
  Number of custom bonds: simple=0, symmetry=0
  Time building additional restraints: 0.02
  Conformation dependent library (CDL) restraints added in 518.1 microseconds
  
  Adding C-beta torsion restraints...
  Number of C-beta restraints generated:  2
  Time building geometry restraints manager: 0.03 seconds

  NOTE: a complete listing of the restraints can be obtained by requesting
        output of .geo file.

  Histogram of bond lengths:
        0.83 -     0.97: 12
        0.97 -     1.11: 3
        1.11 -     1.26: 2
        1.26 -     1.40: 7
        1.40 -     1.54: 11
  Bond restraints: 35
  Sorted by residual:
  bond pdb=" N   TRP A   1 "
       pdb=" H2  TRP A   1 "
    ideal  model  delta    sigma   weight residual
    0.960  0.914  0.046 2.00e-02 2.50e+03 5.20e+00
  bond pdb=" CA  TRP A   1 "
       pdb=" N   TRP A   1 "
    ideal  model  delta    sigma   weight residual
    1.458  1.500 -0.042 1.90e-02 2.77e+03 4.98e+00
  bond pdb=" C   TRP A   1 "
       pdb=" N   GLY A   2 "
    ideal  model  delta    sigma   weight residual
    1.329  1.351 -0.022 1.40e-02 5.10e+03 2.50e+00
  bond pdb=" N   GLY A   2 "
       pdb=" H   GLY A   2 "
    ideal  model  delta    sigma   weight residual
    0.860  0.829  0.031 2.00e-02 2.50e+03 2.46e+00
  bond pdb=" CE3 TRP A   1 "
       pdb=" HE3 TRP A   1 "
    ideal  model  delta    sigma   weight residual
    0.930  0.899  0.031 2.00e-02 2.50e+03 2.41e+00
  ... (remaining 30 not shown)

  Histogram of bond angle deviations from ideal:
       99.79 -   106.56: 4
      106.56 -   113.34: 21
      113.34 -   120.11: 12
      120.11 -   126.88: 15
      126.88 -   133.65: 5
  Bond angle restraints: 57
  Sorted by residual:
  angle pdb=" CA  TRP A   1 "
        pdb=" CB  TRP A   1 "
        pdb=" HB2 TRP A   1 "
      ideal   model   delta    sigma   weight residual
     109.00   99.79    9.21 3.00e+00 1.11e-01 9.42e+00
  angle pdb=" CA  TRP A   1 "
        pdb=" CB  TRP A   1 "
        pdb=" CG  TRP A   1 "
      ideal   model   delta    sigma   weight residual
     113.60  119.15   -5.55 1.90e+00 2.77e-01 8.53e+00
  angle pdb=" C   TRP A   1 "
        pdb=" CA  TRP A   1 "
        pdb=" N   TRP A   1 "
      ideal   model   delta    sigma   weight residual
     111.00  116.87   -5.87 2.80e+00 1.28e-01 4.39e+00
  angle pdb=" N   TRP A   1 "
        pdb=" CA  TRP A   1 "
        pdb=" CB  TRP A   1 "
      ideal   model   delta    sigma   weight residual
     110.50  107.22    3.28 1.70e+00 3.46e-01 3.73e+00
  angle pdb=" C   GLY A   2 "
        pdb=" CA  GLY A   2 "
        pdb=" N   GLY A   2 "
      ideal   model   delta    sigma   weight residual
     113.30  108.03    5.27 2.90e+00 1.19e-01 3.30e+00
  ... (remaining 52 not shown)

  Histogram of dihedral angle deviations from ideal:
        0.06 -    16.05: 10
       16.05 -    32.03: 1
       32.03 -    48.01: 0
       48.01 -    63.99: 1
       63.99 -    79.97: 1
  Dihedral angle restraints: 13
    sinusoidal: 3
      harmonic: 10
  Sorted by residual:
  dihedral pdb=" N   TRP A   1 "
           pdb=" CA  TRP A   1 "
           pdb=" CB  TRP A   1 "
           pdb=" CG  TRP A   1 "
      ideal   model   delta sinusoidal    sigma   weight residual
     180.00  121.92   58.08     3      1.50e+01 4.44e-03 9.46e+00
  dihedral pdb=" OXT GLY A   2 "
           pdb=" C   GLY A   2 "
           pdb=" CA  GLY A   2 "
           pdb=" N   GLY A   2 "
      ideal   model   delta sinusoidal    sigma   weight residual
     -20.00   59.97  -79.97     2      3.00e+01 1.11e-03 5.17e+00
  dihedral pdb=" CA  TRP A   1 "
           pdb=" CB  TRP A   1 "
           pdb=" CG  TRP A   1 "
           pdb=" CD1 TRP A   1 "
      ideal   model   delta sinusoidal    sigma   weight residual
     -90.00 -111.13   21.13     2      2.00e+01 2.50e-03 1.56e+00
  ... (remaining 10 not shown)

  Histogram of chiral volume deviations from ideal:
       0.057 -    0.057: 1
       0.057 -    0.057: 0
       0.057 -    0.057: 0
       0.057 -    0.057: 0
       0.057 -    0.057: 0
  Chirality restraints: 1
  Sorted by residual:
  chirality pdb=" CA  TRP A   1 "
            pdb=" C   TRP A   1 "
            pdb=" N   TRP A   1 "
            pdb=" CB  TRP A   1 "
    both_signs  ideal   model   delta    sigma   weight residual
      False     -2.51   -2.45   -0.06 2.00e-01 2.50e+01 8.11e-02

  Planarity restraints: 4
  Sorted by residual:
                                 delta    sigma   weight rms_deltas residual
  plane pdb=" CB  TRP A   1 "   -0.012 2.00e-02 2.50e+03   1.54e-02 9.45e+00
        pdb=" CG  TRP A   1 "    0.030 2.00e-02 2.50e+03
        pdb=" CD1 TRP A   1 "    0.011 2.00e-02 2.50e+03
        pdb=" HD1 TRP A   1 "   -0.016 2.00e-02 2.50e+03
        pdb=" NE1 TRP A   1 "   -0.011 2.00e-02 2.50e+03
        pdb=" HE1 TRP A   1 "    0.011 2.00e-02 2.50e+03
        pdb=" CE2 TRP A   1 "   -0.013 2.00e-02 2.50e+03
        pdb=" CZ2 TRP A   1 "   -0.018 2.00e-02 2.50e+03
        pdb=" HZ2 TRP A   1 "   -0.004 2.00e-02 2.50e+03
        pdb=" CH2 TRP A   1 "    0.019 2.00e-02 2.50e+03
        pdb=" HH2 TRP A   1 "    0.020 2.00e-02 2.50e+03
        pdb=" CZ3 TRP A   1 "   -0.014 2.00e-02 2.50e+03
        pdb=" HZ3 TRP A   1 "   -0.023 2.00e-02 2.50e+03
        pdb=" CE3 TRP A   1 "    0.003 2.00e-02 2.50e+03
        pdb=" HE3 TRP A   1 "    0.009 2.00e-02 2.50e+03
        pdb=" CD2 TRP A   1 "    0.008 2.00e-02 2.50e+03
                                 delta    sigma   weight rms_deltas residual
  plane pdb=" OXT GLY A   2 "    0.002 2.00e-02 2.50e+03   7.90e-03 7.79e-01
        pdb=" C   GLY A   2 "   -0.016 2.00e-02 2.50e+03
        pdb=" O   GLY A   2 "    0.005 2.00e-02 2.50e+03
        pdb=" HXT GLY A   2 "    0.003 2.00e-02 2.50e+03
        pdb=" CA  GLY A   2 "    0.006 2.00e-02 2.50e+03
                                 delta    sigma   weight rms_deltas residual
  plane pdb=" C   TRP A   1 "    0.003 2.00e-02 2.50e+03   1.97e-03 3.86e-02
        pdb=" O   TRP A   1 "   -0.001 2.00e-02 2.50e+03
        pdb=" CA  TRP A   1 "   -0.001 2.00e-02 2.50e+03
        pdb=" N   GLY A   2 "   -0.001 2.00e-02 2.50e+03
  ... (remaining 1 not shown)

  Histogram of nonbonded interaction distances:
        1.93 -     2.52: 15
        2.52 -     3.11: 41
        3.11 -     3.70: 53
        3.70 -     4.29: 58
        4.29 -     4.88: 70
  Nonbonded interactions: 237
  Sorted by model distance:
  nonbonded pdb=" H1  TRP A   1 "
            pdb=" HB1 TRP A   1 "
     model   vdw
     1.929 2.270
  nonbonded pdb=" HA  TRP A   1 "
            pdb=" HB2 TRP A   1 "
     model   vdw
     1.995 1.952
  nonbonded pdb=" HA2 GLY A   2 "
            pdb=" H   GLY A   2 "
     model   vdw
     2.275 1.816
  nonbonded pdb=" HH2 TRP A   1 "
            pdb=" HZ3 TRP A   1 "
     model   vdw
     2.278 1.680
  nonbonded pdb=" HZ3 TRP A   1 "
            pdb=" HE3 TRP A   1 "
     model   vdw
     2.280 1.680
  ... (remaining 232 not shown)

  NOTE: a complete listing of the restraints can be obtained by requesting
        output of .geo file.

                   ----------xray_structure summary----------                  

Number of scattering types: 4
  Type Number    sf(0)   Gaussians
   O       3      7.97       2
   N       3      6.97       2
   C      13      5.97       2
   H      15      1.00       2
  sf(0) = scattering factor at diffraction angle 0.
Number of scatterers: 34
At special positions: 0
Unit cell: (13.914, 10.187, 12.801, 90, 90, 90)
Space group: P 1 (No. 1)

End of input processing
r_work=0.6293 r_free=0.4777
params.data_weight: None
params.restraints: cctbx
rmsd(b), start:  0.0905
mc:   0 R: 0.3464 rmsd(b):  0.2188 restraint_scale:  2.0 min_steps: 54
mc:   1 R: 0.3400 rmsd(b):  0.1658 restraint_scale:  4.0 min_steps: 19
mc:   2 R: 0.3524 rmsd(b):  0.1336 restraint_scale:  8.0 min_steps: 15
mc:   3 R: 0.3298 rmsd(b):  0.0551 restraint_scale: 16.0 min_steps: 53
mc:   4 R: 0.2998 rmsd(b):  0.0252 restraint_scale: 16.0 min_steps: 49
mc:   5 R: 0.2966 rmsd(b):  0.0289 restraint_scale: 16.0 min_steps: 6
mc:   6 R: 0.2959 rmsd(b):  0.0273 restraint_scale: 16.0 min_steps: 13
mc:   7 R: 0.2995 rmsd(b):  0.0224 restraint_scale: 16.0 min_steps: 10
mc:   8 R: 0.3051 rmsd(b):  0.0163 restraint_scale: 16.0 min_steps: 15
mc:   9 R: 0.3017 rmsd(b):  0.0225 restraint_scale: 16.0 min_steps: 12
mc:  10 R: 0.2885 rmsd(b):  0.0472 restraint_scale: 32.0 min_steps: 24
mc:  11 R: 0.2946 rmsd(b):  0.0264 restraint_scale: 32.0 min_steps: 16
mc:  12 R: 0.3137 rmsd(b):  0.0105 restraint_scale: 32.0 min_steps: 38
mc:  13 R: 0.3169 rmsd(b):  0.0081 restraint_scale: 16.0 min_steps: 13
mc:  14 R: 0.3125 rmsd(b):  0.0136 restraint_scale: 16.0 min_steps: 9
mc:  15 R: 0.2935 rmsd(b):  0.0298 restraint_scale: 16.0 min_steps: 27
mc:  16 R: 0.3033 rmsd(b):  0.0186 restraint_scale: 16.0 min_steps: 25
mc:  17 R: 0.2935 rmsd(b):  0.0314 restraint_scale: 32.0 min_steps: 14
mc:  18 R: 0.3044 rmsd(b):  0.0168 restraint_scale: 32.0 min_steps: 19
mc:  19 R: 0.3105 rmsd(b):  0.0112 restraint_scale: 32.0 min_steps: 14
mc:  20 R: 0.3109 rmsd(b):  0.0118 restraint_scale: 32.0 min_steps: 13
Convergence reached, stop now.
see the result structure:  ./p26/04_results/refine_cctbx/197_WG07-new/1.5/7.pdb
Time: 9.1879
