phenix.python
you are importing  adaptive calculator, and it does nothing. Please give it energy, force....... 

============================== Collecting inputs ==============================


                   ----------Processing X-ray data----------                   

F-obs:
  /scratch/m_zhen01/30994.lupus.uni-muenster.de/p26/02_mtz/253_FGG99-new.mtz:F-obs
Miller array info: None
Observation type: xray.amplitude
Type of data: double, size=196
Type of sigmas: None
Number of Miller indices: 196
Anomalous flag: False
Unit cell: (12.778, 14.048, 10.891, 90, 90, 90)
Space group: P 1 (No. 1)
Systematic absences: 0
Centric reflections: 0
Resolution range: 3.97501 2.50305
Completeness in resolution range: 1
Completeness with d_max=infinity: 0.748092

Number of F-obs in resolution range:                   196
Number of F-obs<0 (these reflections will be rejected): 0
Number of F-obs=0 (these reflections will be used in refinement): 0
Refinement resolution range: d_max =   3.9750
                             d_min =   2.5031

R-free flags:
  /scratch/m_zhen01/30994.lupus.uni-muenster.de/p26/02_mtz/253_FGG99-new.mtz:R-free-flags
Miller array info: /scratch/m_zhen01/30994.lupus.uni-muenster.de/p26/02_mtz/253_FGG99-new.mtz:R-free-flags
Observation type: None
Type of data: int, size=196
Type of sigmas: None
Number of Miller indices: 196
Anomalous flag: False
Unit cell: (12.778, 14.048, 10.891, 90, 90, 90)
Space group: P 1 (No. 1)
Systematic absences: 0
Centric reflections: 0
Resolution range: 3.97501 2.50305
Completeness in resolution range: 1
Completeness with d_max=infinity: 0.748092
Wavelength: 1.0000

Test (R-free flags) flag value: 1

Number of work/free reflections by resolution:
                                  work free  %free
  bin  1: 3.9750 - 3.6417 [14/14]   14    0   0.0%
  bin  2: 3.6417 - 3.3979 [24/24]   20    4  16.7%
  bin  3: 3.3979 - 3.2085 [20/20]   18    2  10.0%
  bin  4: 3.2085 - 3.0554 [23/23]   23    0   0.0%
  bin  5: 3.0554 - 2.9278 [18/18]   18    0   0.0%
  bin  6: 2.9278 - 2.8192 [12/12]   12    0   0.0%
  bin  7: 2.8192 - 2.7251 [19/19]   19    0   0.0%
  bin  8: 2.7251 - 2.6425 [25/25]   21    4  16.0%
  bin  9: 2.6425 - 2.5690 [20/20]   16    4  20.0%
  bin 10: 2.5690 - 2.5031 [21/21]   21    0   0.0%
                          overall  182   14   7.1%

                   ----------Processing PDB file(s)----------                  

  Monomer Library directory:
    "/tmp1/m_zhen01/phenix-installer-1.10.1-2155-intel-linux-2.6-x86_64-centos5/phenix-1.10.1-2155/modules/chem_data/mon_lib"
  Total number of atoms: 37
  Number of models: 1
  Model: ""
    Number of chains: 1
    Chain: "A"
      Number of atoms: 37
      Number of conformers: 1
      Conformer: ""
        Number of residues, atoms: 3, 37
          Classifications: {'peptide': 3}
          Modifications used: {'NH2NOTPRO': 1, 'COOH': 1}
          Link IDs: {'TRANS': 2}
  Time building chain proxies: 0.07, per 1000 atoms: 1.89
  Number of scatterers: 37
  At special positions: 0
  Unit cell: (12.778, 14.048, 10.891, 90, 90, 90)
  Space group: P 1 (No. 1)
  Number of sites at special positions: 0
  Number of scattering types: 4
    Type Number    sf(0)
     O       4      8.00
     N       3      7.00
     C      13      6.00
     H      17      1.00
    sf(0) = scattering factor at diffraction angle 0.

  Number of disulfides: simple=0, symmetry=0

  Automatic linking
    Parameters for automatic linking
      Linking & cutoffs
        Metal                : False - 3.50
        Amimo acid           : False - 1.90
        Carbohydrate         : True  - 1.99
        Ligands              : True  - 1.99
        Amino acid - RNA/DNA : False
      
  Number of custom bonds: simple=0, symmetry=0
  Time building additional restraints: 0.02
  Conformation dependent library (CDL) restraints added in 3.0 milliseconds
  
  Adding C-beta torsion restraints...
  Number of C-beta restraints generated:  2
  Time building geometry restraints manager: 0.03 seconds

  NOTE: a complete listing of the restraints can be obtained by requesting
        output of .geo file.

  Histogram of bond lengths:
        0.83 -     0.98: 15
        0.98 -     1.12: 2
        1.12 -     1.26: 3
        1.26 -     1.40: 8
        1.40 -     1.54: 9
  Bond restraints: 37
  Sorted by residual:
  bond pdb=" CA  GLY A   2 "
       pdb=" HA1 GLY A   2 "
    ideal  model  delta    sigma   weight residual
    0.970  1.009 -0.039 2.00e-02 2.50e+03 3.89e+00
  bond pdb=" CA  GLY A   3 "
       pdb=" N   GLY A   3 "
    ideal  model  delta    sigma   weight residual
    1.451  1.424  0.027 1.60e-02 3.91e+03 2.75e+00
  bond pdb=" CB  PHE A   1 "
       pdb=" CG  PHE A   1 "
    ideal  model  delta    sigma   weight residual
    1.502  1.537 -0.035 2.30e-02 1.89e+03 2.38e+00
  bond pdb=" CB  PHE A   1 "
       pdb=" HB1 PHE A   1 "
    ideal  model  delta    sigma   weight residual
    0.970  1.000 -0.030 2.00e-02 2.50e+03 2.23e+00
  bond pdb=" CE1 PHE A   1 "
       pdb=" HE1 PHE A   1 "
    ideal  model  delta    sigma   weight residual
    0.930  0.959 -0.029 2.00e-02 2.50e+03 2.17e+00
  ... (remaining 32 not shown)

  Histogram of bond angle deviations from ideal:
      101.86 -   106.75: 7
      106.75 -   111.63: 16
      111.63 -   116.52: 8
      116.52 -   121.40: 19
      121.40 -   126.29: 10
  Bond angle restraints: 60
  Sorted by residual:
  angle pdb=" C   GLY A   3 "
        pdb=" CA  GLY A   3 "
        pdb=" N   GLY A   3 "
      ideal   model   delta    sigma   weight residual
     113.30  103.96    9.34 2.90e+00 1.19e-01 1.04e+01
  angle pdb=" CA  PHE A   1 "
        pdb=" CB  PHE A   1 "
        pdb=" HB2 PHE A   1 "
      ideal   model   delta    sigma   weight residual
     109.00  101.86    7.14 3.00e+00 1.11e-01 5.66e+00
  angle pdb=" CA  PHE A   1 "
        pdb=" CB  PHE A   1 "
        pdb=" CG  PHE A   1 "
      ideal   model   delta    sigma   weight residual
     113.80  115.53   -1.73 1.00e+00 1.00e+00 3.00e+00
  angle pdb=" C   PHE A   1 "
        pdb=" CA  PHE A   1 "
        pdb=" HA  PHE A   1 "
      ideal   model   delta    sigma   weight residual
     109.00  104.31    4.69 3.00e+00 1.11e-01 2.44e+00
  angle pdb=" HA1 GLY A   2 "
        pdb=" CA  GLY A   2 "
        pdb=" HA2 GLY A   2 "
      ideal   model   delta    sigma   weight residual
     109.00  104.55    4.45 3.00e+00 1.11e-01 2.20e+00
  ... (remaining 55 not shown)

  Histogram of dihedral angle deviations from ideal:
        0.04 -     3.69: 10
        3.69 -     7.34: 0
        7.34 -    10.99: 0
       10.99 -    14.64: 0
       14.64 -    18.30: 3
  Dihedral angle restraints: 13
    sinusoidal: 3
      harmonic: 10
  Sorted by residual:
  dihedral pdb=" CA  GLY A   2 "
           pdb=" C   GLY A   2 "
           pdb=" N   GLY A   3 "
           pdb=" CA  GLY A   3 "
      ideal   model   delta  harmonic     sigma   weight residual
     180.00  164.61   15.39     0      5.00e+00 4.00e-02 9.48e+00
  dihedral pdb=" N   PHE A   1 "
           pdb=" CA  PHE A   1 "
           pdb=" CB  PHE A   1 "
           pdb=" CG  PHE A   1 "
      ideal   model   delta sinusoidal    sigma   weight residual
      60.00   44.44   15.56     3      1.50e+01 4.44e-03 1.49e+00
  dihedral pdb=" CA  PHE A   1 "
           pdb=" CB  PHE A   1 "
           pdb=" CG  PHE A   1 "
           pdb=" CD1 PHE A   1 "
      ideal   model   delta sinusoidal    sigma   weight residual
     -90.00  -71.70  -18.30     2      2.00e+01 2.50e-03 1.18e+00
  ... (remaining 10 not shown)

  Histogram of chiral volume deviations from ideal:
       0.066 -    0.066: 1
       0.066 -    0.066: 0
       0.066 -    0.066: 0
       0.066 -    0.066: 0
       0.066 -    0.066: 0
  Chirality restraints: 1
  Sorted by residual:
  chirality pdb=" CA  PHE A   1 "
            pdb=" C   PHE A   1 "
            pdb=" N   PHE A   1 "
            pdb=" CB  PHE A   1 "
    both_signs  ideal   model   delta    sigma   weight residual
      False     -2.51   -2.44   -0.07 2.00e-01 2.50e+01 1.10e-01

  Planarity restraints: 6
  Sorted by residual:
                                 delta    sigma   weight rms_deltas residual
  plane pdb=" CB  PHE A   1 "    0.000 2.00e-02 2.50e+03   7.84e-03 1.85e+00
        pdb=" CG  PHE A   1 "   -0.008 2.00e-02 2.50e+03
        pdb=" CD1 PHE A   1 "   -0.000 2.00e-02 2.50e+03
        pdb=" HD1 PHE A   1 "    0.002 2.00e-02 2.50e+03
        pdb=" CE1 PHE A   1 "   -0.010 2.00e-02 2.50e+03
        pdb=" HE1 PHE A   1 "    0.001 2.00e-02 2.50e+03
        pdb=" CZ  PHE A   1 "    0.017 2.00e-02 2.50e+03
        pdb=" HZ  PHE A   1 "    0.001 2.00e-02 2.50e+03
        pdb=" CE2 PHE A   1 "   -0.011 2.00e-02 2.50e+03
        pdb=" HE2 PHE A   1 "   -0.007 2.00e-02 2.50e+03
        pdb=" CD2 PHE A   1 "    0.009 2.00e-02 2.50e+03
        pdb=" HD2 PHE A   1 "    0.005 2.00e-02 2.50e+03
                                 delta    sigma   weight rms_deltas residual
  plane pdb=" C   GLY A   2 "   -0.007 2.00e-02 2.50e+03   1.35e-02 1.82e+00
        pdb=" CA  GLY A   3 "   -0.006 2.00e-02 2.50e+03
        pdb=" N   GLY A   3 "    0.023 2.00e-02 2.50e+03
        pdb=" H   GLY A   3 "   -0.010 2.00e-02 2.50e+03
                                 delta    sigma   weight rms_deltas residual
  plane pdb=" C   PHE A   1 "   -0.006 2.00e-02 2.50e+03   1.12e-02 1.26e+00
        pdb=" CA  GLY A   2 "   -0.005 2.00e-02 2.50e+03
        pdb=" N   GLY A   2 "    0.019 2.00e-02 2.50e+03
        pdb=" H   GLY A   2 "   -0.009 2.00e-02 2.50e+03
  ... (remaining 3 not shown)

  Histogram of nonbonded interaction distances:
        1.57 -     2.23: 2
        2.23 -     2.90: 55
        2.90 -     3.57: 73
        3.57 -     4.23: 71
        4.23 -     4.90: 101
  Nonbonded interactions: 302
  Sorted by model distance:
  nonbonded pdb=" H2  PHE A   1 "
            pdb=" HA  PHE A   1 "
     model   vdw
     1.568 1.816
  nonbonded pdb=" HA  PHE A   1 "
            pdb=" HB2 PHE A   1 "
     model   vdw
     2.114 1.952
  nonbonded pdb=" HD1 PHE A   1 "
            pdb=" HE1 PHE A   1 "
     model   vdw
     2.301 1.680
  nonbonded pdb=" HZ  PHE A   1 "
            pdb=" HE2 PHE A   1 "
     model   vdw
     2.309 1.680
  nonbonded pdb=" O   GLY A   3 "
            pdb=" HXT GLY A   3 "
     model   vdw
     2.312 2.056
  ... (remaining 297 not shown)

  NOTE: a complete listing of the restraints can be obtained by requesting
        output of .geo file.

                   ----------xray_structure summary----------                  

Number of scattering types: 4
  Type Number    sf(0)   Gaussians
   O       4      7.97       2
   N       3      6.97       2
   C      13      5.97       2
   H      17      1.00       2
  sf(0) = scattering factor at diffraction angle 0.
Number of scatterers: 37
At special positions: 0
Unit cell: (12.778, 14.048, 10.891, 90, 90, 90)
Space group: P 1 (No. 1)

End of input processing
r_work=0.5512 r_free=0.3546
params.data_weight: 0.0
params.restraints: qm
rmsd(b), start:  0.0838
mc:   0 R: 0.5355 rmsd(b):  0.0298 restraint_scale:  1.0 min_steps: 52
mc:   1 R: 0.5371 rmsd(b):  0.0295 restraint_scale:  1.0 min_steps: 18
mc:   2 R: 0.5370 rmsd(b):  0.0294 restraint_scale:  1.0 min_steps: 12
Convergence reached, stop now.
see the result structure:  ./p26/04_results/opt_qm/253_FGG99-new/1.5/5.pdb
Time: 102.6616
