phenix.python
you are importing  adaptive calculator, and it does nothing. Please give it energy, force....... 

============================== Collecting inputs ==============================


                   ----------Processing X-ray data----------                   

F-obs:
  /scratch/m_zhen01/30994.lupus.uni-muenster.de/p26/02_mtz/253_FGG99-new.mtz:F-obs
Miller array info: None
Observation type: xray.amplitude
Type of data: double, size=196
Type of sigmas: None
Number of Miller indices: 196
Anomalous flag: False
Unit cell: (12.778, 14.048, 10.891, 90, 90, 90)
Space group: P 1 (No. 1)
Systematic absences: 0
Centric reflections: 0
Resolution range: 3.97501 2.50305
Completeness in resolution range: 1
Completeness with d_max=infinity: 0.748092

Number of F-obs in resolution range:                   196
Number of F-obs<0 (these reflections will be rejected): 0
Number of F-obs=0 (these reflections will be used in refinement): 0
Refinement resolution range: d_max =   3.9750
                             d_min =   2.5031

R-free flags:
  /scratch/m_zhen01/30994.lupus.uni-muenster.de/p26/02_mtz/253_FGG99-new.mtz:R-free-flags
Miller array info: /scratch/m_zhen01/30994.lupus.uni-muenster.de/p26/02_mtz/253_FGG99-new.mtz:R-free-flags
Observation type: None
Type of data: int, size=196
Type of sigmas: None
Number of Miller indices: 196
Anomalous flag: False
Unit cell: (12.778, 14.048, 10.891, 90, 90, 90)
Space group: P 1 (No. 1)
Systematic absences: 0
Centric reflections: 0
Resolution range: 3.97501 2.50305
Completeness in resolution range: 1
Completeness with d_max=infinity: 0.748092
Wavelength: 1.0000

Test (R-free flags) flag value: 1

Number of work/free reflections by resolution:
                                  work free  %free
  bin  1: 3.9750 - 3.6417 [14/14]   14    0   0.0%
  bin  2: 3.6417 - 3.3979 [24/24]   20    4  16.7%
  bin  3: 3.3979 - 3.2085 [20/20]   18    2  10.0%
  bin  4: 3.2085 - 3.0554 [23/23]   23    0   0.0%
  bin  5: 3.0554 - 2.9278 [18/18]   18    0   0.0%
  bin  6: 2.9278 - 2.8192 [12/12]   12    0   0.0%
  bin  7: 2.8192 - 2.7251 [19/19]   19    0   0.0%
  bin  8: 2.7251 - 2.6425 [25/25]   21    4  16.0%
  bin  9: 2.6425 - 2.5690 [20/20]   16    4  20.0%
  bin 10: 2.5690 - 2.5031 [21/21]   21    0   0.0%
                          overall  182   14   7.1%

                   ----------Processing PDB file(s)----------                  

  Monomer Library directory:
    "/tmp1/m_zhen01/phenix-installer-1.10.1-2155-intel-linux-2.6-x86_64-centos5/phenix-1.10.1-2155/modules/chem_data/mon_lib"
  Total number of atoms: 37
  Number of models: 1
  Model: ""
    Number of chains: 1
    Chain: "A"
      Number of atoms: 37
      Number of conformers: 1
      Conformer: ""
        Number of residues, atoms: 3, 37
          Classifications: {'peptide': 3}
          Modifications used: {'NH2NOTPRO': 1, 'COOH': 1}
          Link IDs: {'TRANS': 2}
  Time building chain proxies: 0.07, per 1000 atoms: 1.89
  Number of scatterers: 37
  At special positions: 0
  Unit cell: (12.778, 14.048, 10.891, 90, 90, 90)
  Space group: P 1 (No. 1)
  Number of sites at special positions: 0
  Number of scattering types: 4
    Type Number    sf(0)
     O       4      8.00
     N       3      7.00
     C      13      6.00
     H      17      1.00
    sf(0) = scattering factor at diffraction angle 0.

  Number of disulfides: simple=0, symmetry=0

  Automatic linking
    Parameters for automatic linking
      Linking & cutoffs
        Metal                : False - 3.50
        Amimo acid           : False - 1.90
        Carbohydrate         : True  - 1.99
        Ligands              : True  - 1.99
        Amino acid - RNA/DNA : False
      
  Number of custom bonds: simple=0, symmetry=0
  Time building additional restraints: 0.02
  Conformation dependent library (CDL) restraints added in 2.9 milliseconds
  
  Adding C-beta torsion restraints...
  Number of C-beta restraints generated:  2
  Time building geometry restraints manager: 0.03 seconds

  NOTE: a complete listing of the restraints can be obtained by requesting
        output of .geo file.

  Histogram of bond lengths:
        0.86 -     1.00: 15
        1.00 -     1.14: 2
        1.14 -     1.27: 3
        1.27 -     1.41: 7
        1.41 -     1.55: 10
  Bond restraints: 37
  Sorted by residual:
  bond pdb=" CA  GLY A   2 "
       pdb=" HA2 GLY A   2 "
    ideal  model  delta    sigma   weight residual
    0.970  1.008 -0.038 2.00e-02 2.50e+03 3.70e+00
  bond pdb=" CE2 PHE A   1 "
       pdb=" HE2 PHE A   1 "
    ideal  model  delta    sigma   weight residual
    0.930  0.895  0.035 2.00e-02 2.50e+03 2.98e+00
  bond pdb=" CB  PHE A   1 "
       pdb=" HB1 PHE A   1 "
    ideal  model  delta    sigma   weight residual
    0.970  1.001 -0.031 2.00e-02 2.50e+03 2.41e+00
  bond pdb=" CE2 PHE A   1 "
       pdb=" CD2 PHE A   1 "
    ideal  model  delta    sigma   weight residual
    1.382  1.428 -0.046 3.00e-02 1.11e+03 2.35e+00
  bond pdb=" CA  GLY A   3 "
       pdb=" HA2 GLY A   3 "
    ideal  model  delta    sigma   weight residual
    0.970  0.942  0.028 2.00e-02 2.50e+03 1.97e+00
  ... (remaining 32 not shown)

  Histogram of bond angle deviations from ideal:
      104.38 -   108.75: 10
      108.75 -   113.12: 16
      113.12 -   117.48: 6
      117.48 -   121.85: 20
      121.85 -   126.22: 8
  Bond angle restraints: 60
  Sorted by residual:
  angle pdb=" CB  PHE A   1 "
        pdb=" CG  PHE A   1 "
        pdb=" CD1 PHE A   1 "
      ideal   model   delta    sigma   weight residual
     120.70  124.04   -3.34 1.70e+00 3.46e-01 3.85e+00
  angle pdb=" C   GLY A   2 "
        pdb=" CA  GLY A   2 "
        pdb=" N   GLY A   2 "
      ideal   model   delta    sigma   weight residual
     113.18  109.68    3.50 2.37e+00 1.78e-01 2.18e+00
  angle pdb=" CD1 PHE A   1 "
        pdb=" CG  PHE A   1 "
        pdb=" CD2 PHE A   1 "
      ideal   model   delta    sigma   weight residual
     118.60  116.41    2.19 1.50e+00 4.44e-01 2.13e+00
  angle pdb=" CA  PHE A   1 "
        pdb=" C   PHE A   1 "
        pdb=" N   GLY A   2 "
      ideal   model   delta    sigma   weight residual
     116.20  119.01   -2.81 2.00e+00 2.50e-01 1.97e+00
  angle pdb=" C   GLY A   3 "
        pdb=" CA  GLY A   3 "
        pdb=" N   GLY A   3 "
      ideal   model   delta    sigma   weight residual
     113.30  109.27    4.03 2.90e+00 1.19e-01 1.93e+00
  ... (remaining 55 not shown)

  Histogram of dihedral angle deviations from ideal:
        0.13 -     4.40: 8
        4.40 -     8.67: 2
        8.67 -    12.94: 1
       12.94 -    17.21: 1
       17.21 -    21.48: 1
  Dihedral angle restraints: 13
    sinusoidal: 3
      harmonic: 10
  Sorted by residual:
  dihedral pdb=" CA  PHE A   1 "
           pdb=" C   PHE A   1 "
           pdb=" N   GLY A   2 "
           pdb=" CA  GLY A   2 "
      ideal   model   delta  harmonic     sigma   weight residual
     180.00  167.49   12.51     0      5.00e+00 4.00e-02 6.26e+00
  dihedral pdb=" CA  GLY A   2 "
           pdb=" C   GLY A   2 "
           pdb=" N   GLY A   3 "
           pdb=" CA  GLY A   3 "
      ideal   model   delta  harmonic     sigma   weight residual
     180.00  173.46    6.54     0      5.00e+00 4.00e-02 1.71e+00
  dihedral pdb=" CA  PHE A   1 "
           pdb=" CB  PHE A   1 "
           pdb=" CG  PHE A   1 "
           pdb=" CD1 PHE A   1 "
      ideal   model   delta sinusoidal    sigma   weight residual
     -90.00  -68.52  -21.48     2      2.00e+01 2.50e-03 1.61e+00
  ... (remaining 10 not shown)

  Histogram of chiral volume deviations from ideal:
       0.032 -    0.032: 1
       0.032 -    0.032: 0
       0.032 -    0.032: 0
       0.032 -    0.032: 0
       0.032 -    0.032: 0
  Chirality restraints: 1
  Sorted by residual:
  chirality pdb=" CA  PHE A   1 "
            pdb=" C   PHE A   1 "
            pdb=" N   PHE A   1 "
            pdb=" CB  PHE A   1 "
    both_signs  ideal   model   delta    sigma   weight residual
      False     -2.51   -2.54    0.03 2.00e-01 2.50e+01 2.56e-02

  Planarity restraints: 6
  Sorted by residual:
                                 delta    sigma   weight rms_deltas residual
  plane pdb=" CB  PHE A   1 "   -0.032 2.00e-02 2.50e+03   1.73e-02 9.03e+00
        pdb=" CG  PHE A   1 "    0.026 2.00e-02 2.50e+03
        pdb=" CD1 PHE A   1 "    0.020 2.00e-02 2.50e+03
        pdb=" HD1 PHE A   1 "    0.014 2.00e-02 2.50e+03
        pdb=" CE1 PHE A   1 "   -0.030 2.00e-02 2.50e+03
        pdb=" HE1 PHE A   1 "    0.003 2.00e-02 2.50e+03
        pdb=" CZ  PHE A   1 "   -0.015 2.00e-02 2.50e+03
        pdb=" HZ  PHE A   1 "    0.001 2.00e-02 2.50e+03
        pdb=" CE2 PHE A   1 "   -0.001 2.00e-02 2.50e+03
        pdb=" HE2 PHE A   1 "    0.012 2.00e-02 2.50e+03
        pdb=" CD2 PHE A   1 "    0.002 2.00e-02 2.50e+03
        pdb=" HD2 PHE A   1 "    0.001 2.00e-02 2.50e+03
                                 delta    sigma   weight rms_deltas residual
  plane pdb=" C   GLY A   2 "    0.007 2.00e-02 2.50e+03   1.38e-02 1.90e+00
        pdb=" CA  GLY A   3 "    0.006 2.00e-02 2.50e+03
        pdb=" N   GLY A   3 "   -0.024 2.00e-02 2.50e+03
        pdb=" H   GLY A   3 "    0.010 2.00e-02 2.50e+03
                                 delta    sigma   weight rms_deltas residual
  plane pdb=" O   GLY A   3 "    0.002 2.00e-02 2.50e+03   8.67e-03 9.40e-01
        pdb=" C   GLY A   3 "   -0.012 2.00e-02 2.50e+03
        pdb=" OXT GLY A   3 "   -0.008 2.00e-02 2.50e+03
        pdb=" HXT GLY A   3 "    0.010 2.00e-02 2.50e+03
        pdb=" CA  GLY A   3 "    0.008 2.00e-02 2.50e+03
  ... (remaining 3 not shown)

  Histogram of nonbonded interaction distances:
        2.23 -     2.76: 39
        2.76 -     3.30: 55
        3.30 -     3.83: 48
        3.83 -     4.37: 53
        4.37 -     4.90: 74
  Nonbonded interactions: 269
  Sorted by model distance:
  nonbonded pdb=" H2  PHE A   1 "
            pdb=" HD1 PHE A   1 "
     model   vdw
     2.228 2.100
  nonbonded pdb=" HB1 PHE A   1 "
            pdb=" HD2 PHE A   1 "
     model   vdw
     2.258 2.270
  nonbonded pdb=" HA  PHE A   1 "
            pdb=" HB2 PHE A   1 "
     model   vdw
     2.268 1.952
  nonbonded pdb=" O   GLY A   3 "
            pdb=" HXT GLY A   3 "
     model   vdw
     2.275 2.056
  nonbonded pdb=" O   GLY A   3 "
            pdb=" H   GLY A   3 "
     model   vdw
     2.281 1.970
  ... (remaining 264 not shown)

  NOTE: a complete listing of the restraints can be obtained by requesting
        output of .geo file.

                   ----------xray_structure summary----------                  

Number of scattering types: 4
  Type Number    sf(0)   Gaussians
   O       4      7.97       2
   N       3      6.97       2
   C      13      5.97       2
   H      17      1.00       2
  sf(0) = scattering factor at diffraction angle 0.
Number of scatterers: 37
At special positions: 0
Unit cell: (12.778, 14.048, 10.891, 90, 90, 90)
Space group: P 1 (No. 1)

End of input processing
r_work=0.5369 r_free=0.3869
params.data_weight: 0.0
params.restraints: qm
rmsd(b), start:  0.0857
mc:   0 R: 0.5197 rmsd(b):  0.0289 restraint_scale:  1.0 min_steps: 52
mc:   1 R: 0.5183 rmsd(b):  0.0281 restraint_scale:  1.0 min_steps: 53
mc:   2 R: 0.5182 rmsd(b):  0.0283 restraint_scale:  1.0 min_steps: 12
Convergence reached, stop now.
see the result structure:  ./p26/04_results/opt_qm/253_FGG99-new/1.5/6.pdb
Time: 114.1661
