phenix.python
you are importing  adaptive calculator, and it does nothing. Please give it energy, force....... 

============================== Collecting inputs ==============================


                   ----------Processing X-ray data----------                   

F-obs:
  /scratch/m_zhen01/30995.lupus.uni-muenster.de/p26/02_mtz/251_GFA04-new.mtz:F-obs
Miller array info: None
Observation type: xray.amplitude
Type of data: double, size=233
Type of sigmas: None
Number of Miller indices: 233
Anomalous flag: False
Unit cell: (14.309, 10.346, 15.667, 90, 90, 90)
Space group: P 1 (No. 1)
Systematic absences: 0
Centric reflections: 0
Resolution range: 3.91675 2.50414
Completeness in resolution range: 1
Completeness with d_max=infinity: 0.744409

Number of F-obs in resolution range:                   233
Number of F-obs<0 (these reflections will be rejected): 0
Number of F-obs=0 (these reflections will be used in refinement): 0
Refinement resolution range: d_max =   3.9167
                             d_min =   2.5041

R-free flags:
  /scratch/m_zhen01/30995.lupus.uni-muenster.de/p26/02_mtz/251_GFA04-new.mtz:R-free-flags
Miller array info: /scratch/m_zhen01/30995.lupus.uni-muenster.de/p26/02_mtz/251_GFA04-new.mtz:R-free-flags
Observation type: None
Type of data: int, size=233
Type of sigmas: None
Number of Miller indices: 233
Anomalous flag: False
Unit cell: (14.309, 10.346, 15.667, 90, 90, 90)
Space group: P 1 (No. 1)
Systematic absences: 0
Centric reflections: 0
Resolution range: 3.91675 2.50414
Completeness in resolution range: 1
Completeness with d_max=infinity: 0.744409
Wavelength: 1.0000

Test (R-free flags) flag value: 1

Number of work/free reflections by resolution:
                                  work free  %free
  bin  1: 3.9168 - 3.6049 [19/19]   19    0   0.0%
  bin  2: 3.6049 - 3.3733 [24/24]   24    0   0.0%
  bin  3: 3.3733 - 3.1918 [30/30]   28    2   6.7%
  bin  4: 3.1918 - 3.0439 [25/25]   23    2   8.0%
  bin  5: 3.0439 - 2.9201 [12/12]   12    0   0.0%
  bin  6: 2.9201 - 2.8142 [35/35]   31    4  11.4%
  bin  7: 2.8142 - 2.7222 [16/16]   16    0   0.0%
  bin  8: 2.7222 - 2.6412 [14/14]   14    0   0.0%
  bin  9: 2.6412 - 2.5690 [22/22]   22    0   0.0%
  bin 10: 2.5690 - 2.5041 [36/36]   34    2   5.6%
                          overall  223   10   4.3%

                   ----------Processing PDB file(s)----------                  

  Monomer Library directory:
    "/tmp1/m_zhen01/phenix-installer-1.10.1-2155-intel-linux-2.6-x86_64-centos5/phenix-1.10.1-2155/modules/chem_data/mon_lib"
  Total number of atoms: 40
  Number of models: 1
  Model: ""
    Number of chains: 1
    Chain: "A"
      Number of atoms: 40
      Number of conformers: 1
      Conformer: ""
        Number of residues, atoms: 3, 40
          Classifications: {'peptide': 3}
          Modifications used: {'NH2NOTPRO': 1, 'COOH': 1}
          Link IDs: {'TRANS': 2}
  Time building chain proxies: 0.09, per 1000 atoms: 2.25
  Number of scatterers: 40
  At special positions: 0
  Unit cell: (14.309, 10.346, 15.667, 90, 90, 90)
  Space group: P 1 (No. 1)
  Number of sites at special positions: 0
  Number of scattering types: 4
    Type Number    sf(0)
     O       4      8.00
     N       3      7.00
     C      14      6.00
     H      19      1.00
    sf(0) = scattering factor at diffraction angle 0.

  Number of disulfides: simple=0, symmetry=0

  Automatic linking
    Parameters for automatic linking
      Linking & cutoffs
        Metal                : False - 3.50
        Amimo acid           : False - 1.90
        Carbohydrate         : True  - 1.99
        Ligands              : True  - 1.99
        Amino acid - RNA/DNA : False
      
  Number of custom bonds: simple=0, symmetry=0
  Time building additional restraints: 0.03
  Conformation dependent library (CDL) restraints added in 4.0 milliseconds
  
  Adding C-beta torsion restraints...
  Number of C-beta restraints generated:  4
  Time building geometry restraints manager: 0.03 seconds

  NOTE: a complete listing of the restraints can be obtained by requesting
        output of .geo file.

  Histogram of bond lengths:
        0.86 -     1.01: 18
        1.01 -     1.15: 1
        1.15 -     1.30: 3
        1.30 -     1.44: 12
        1.44 -     1.59: 6
  Bond restraints: 40
  Sorted by residual:
  bond pdb=" N   ALA A   3 "
       pdb=" H   ALA A   3 "
    ideal  model  delta    sigma   weight residual
    0.860  0.913 -0.053 2.00e-02 2.50e+03 7.13e+00
  bond pdb=" CB  ALA A   3 "
       pdb=" HB3 ALA A   3 "
    ideal  model  delta    sigma   weight residual
    0.970  1.015 -0.045 2.00e-02 2.50e+03 5.00e+00
  bond pdb=" CA  ALA A   3 "
       pdb=" CB  ALA A   3 "
    ideal  model  delta    sigma   weight residual
    1.521  1.588 -0.067 3.30e-02 9.18e+02 4.09e+00
  bond pdb=" CB  ALA A   3 "
       pdb=" HB2 ALA A   3 "
    ideal  model  delta    sigma   weight residual
    0.970  1.006 -0.036 2.00e-02 2.50e+03 3.28e+00
  bond pdb=" C   ALA A   3 "
       pdb=" CA  ALA A   3 "
    ideal  model  delta    sigma   weight residual
    1.525  1.489  0.036 2.10e-02 2.27e+03 2.97e+00
  ... (remaining 35 not shown)

  Histogram of bond angle deviations from ideal:
      104.79 -   109.20: 15
      109.20 -   113.60: 16
      113.60 -   118.01: 7
      118.01 -   122.41: 26
      122.41 -   126.82: 2
  Bond angle restraints: 66
  Sorted by residual:
  angle pdb=" CA  GLY A   1 "
        pdb=" C   GLY A   1 "
        pdb=" N   PHE A   2 "
      ideal   model   delta    sigma   weight residual
     116.20  120.85   -4.65 2.00e+00 2.50e-01 5.41e+00
  angle pdb=" C   GLY A   1 "
        pdb=" N   PHE A   2 "
        pdb=" CA  PHE A   2 "
      ideal   model   delta    sigma   weight residual
     122.21  118.99    3.22 1.62e+00 3.81e-01 3.95e+00
  angle pdb=" CA  ALA A   3 "
        pdb=" CB  ALA A   3 "
        pdb=" HB1 ALA A   3 "
      ideal   model   delta    sigma   weight residual
     109.00  114.42   -5.42 3.00e+00 1.11e-01 3.27e+00
  angle pdb=" O   ALA A   3 "
        pdb=" C   ALA A   3 "
        pdb=" CA  ALA A   3 "
      ideal   model   delta    sigma   weight residual
     118.60  123.72   -5.12 3.00e+00 1.11e-01 2.91e+00
  angle pdb=" CA  ALA A   3 "
        pdb=" CB  ALA A   3 "
        pdb=" HB2 ALA A   3 "
      ideal   model   delta    sigma   weight residual
     109.00  104.94    4.06 3.00e+00 1.11e-01 1.83e+00
  ... (remaining 61 not shown)

  Histogram of dihedral angle deviations from ideal:
        0.07 -     3.29: 9
        3.29 -     6.51: 4
        6.51 -     9.73: 1
        9.73 -    12.95: 1
       12.95 -    16.17: 1
  Dihedral angle restraints: 16
    sinusoidal: 4
      harmonic: 12
  Sorted by residual:
  dihedral pdb=" HB3 ALA A   3 "
           pdb=" CA  ALA A   3 "
           pdb=" CB  ALA A   3 "
           pdb=" N   ALA A   3 "
      ideal   model   delta sinusoidal    sigma   weight residual
      60.00   76.17  -16.17     3      1.50e+01 4.44e-03 1.60e+00
  dihedral pdb=" CG  PHE A   2 "
           pdb=" CE2 PHE A   2 "
           pdb=" CD2 PHE A   2 "
           pdb=" HE2 PHE A   2 "
      ideal   model   delta  harmonic     sigma   weight residual
    -180.00 -174.95   -5.05     0      5.00e+00 4.00e-02 1.02e+00
  dihedral pdb=" CA  PHE A   2 "
           pdb=" C   PHE A   2 "
           pdb=" N   ALA A   3 "
           pdb=" CA  ALA A   3 "
      ideal   model   delta  harmonic     sigma   weight residual
    -180.00 -175.28   -4.72     0      5.00e+00 4.00e-02 8.91e-01
  ... (remaining 13 not shown)

  Histogram of chiral volume deviations from ideal:
       0.022 -    0.029: 1
       0.029 -    0.035: 0
       0.035 -    0.042: 0
       0.042 -    0.049: 0
       0.049 -    0.056: 1
  Chirality restraints: 2
  Sorted by residual:
  chirality pdb=" CA  PHE A   2 "
            pdb=" CB  PHE A   2 "
            pdb=" C   PHE A   2 "
            pdb=" N   PHE A   2 "
    both_signs  ideal   model   delta    sigma   weight residual
      False     -2.51   -2.57    0.06 2.00e-01 2.50e+01 7.79e-02
  chirality pdb=" CA  ALA A   3 "
            pdb=" C   ALA A   3 "
            pdb=" CB  ALA A   3 "
            pdb=" N   ALA A   3 "
    both_signs  ideal   model   delta    sigma   weight residual
      False      2.48    2.51   -0.02 2.00e-01 2.50e+01 1.19e-02

  Planarity restraints: 6
  Sorted by residual:
                                 delta    sigma   weight rms_deltas residual
  plane pdb=" CB  PHE A   2 "    0.001 2.00e-02 2.50e+03   2.18e-02 1.42e+01
        pdb=" CG  PHE A   2 "   -0.033 2.00e-02 2.50e+03
        pdb=" CD1 PHE A   2 "    0.012 2.00e-02 2.50e+03
        pdb=" HD1 PHE A   2 "   -0.014 2.00e-02 2.50e+03
        pdb=" CE1 PHE A   2 "    0.002 2.00e-02 2.50e+03
        pdb=" HE1 PHE A   2 "    0.002 2.00e-02 2.50e+03
        pdb=" CZ  PHE A   2 "    0.022 2.00e-02 2.50e+03
        pdb=" HZ  PHE A   2 "    0.008 2.00e-02 2.50e+03
        pdb=" CE2 PHE A   2 "   -0.003 2.00e-02 2.50e+03
        pdb=" HE2 PHE A   2 "   -0.046 2.00e-02 2.50e+03
        pdb=" CD2 PHE A   2 "    0.009 2.00e-02 2.50e+03
        pdb=" HD2 PHE A   2 "    0.039 2.00e-02 2.50e+03
                                 delta    sigma   weight rms_deltas residual
  plane pdb=" C   GLY A   1 "   -0.008 2.00e-02 2.50e+03   1.53e-02 2.35e+00
        pdb=" CA  PHE A   2 "   -0.006 2.00e-02 2.50e+03
        pdb=" N   PHE A   2 "    0.026 2.00e-02 2.50e+03
        pdb=" H   PHE A   2 "   -0.012 2.00e-02 2.50e+03
                                 delta    sigma   weight rms_deltas residual
  plane pdb=" C   PHE A   2 "   -0.021 2.00e-02 2.50e+03   1.22e-02 1.48e+00
        pdb=" O   PHE A   2 "    0.008 2.00e-02 2.50e+03
        pdb=" CA  PHE A   2 "    0.006 2.00e-02 2.50e+03
        pdb=" N   ALA A   3 "    0.007 2.00e-02 2.50e+03
  ... (remaining 3 not shown)

  Histogram of nonbonded interaction distances:
        2.13 -     2.68: 38
        2.68 -     3.24: 55
        3.24 -     3.79: 62
        3.79 -     4.34: 61
        4.34 -     4.90: 93
  Nonbonded interactions: 309
  Sorted by model distance:
  nonbonded pdb=" HA1 GLY A   1 "
            pdb=" H1  GLY A   1 "
     model   vdw
     2.128 1.816
  nonbonded pdb=" HD1 PHE A   2 "
            pdb=" HE1 PHE A   2 "
     model   vdw
     2.260 1.680
  nonbonded pdb=" HD1 PHE A   2 "
            pdb=" O   ALA A   3 "
     model   vdw
     2.273 2.570
  nonbonded pdb=" HA  PHE A   2 "
            pdb=" H   ALA A   3 "
     model   vdw
     2.278 2.270
  nonbonded pdb=" HE2 PHE A   2 "
            pdb=" HD2 PHE A   2 "
     model   vdw
     2.284 1.680
  ... (remaining 304 not shown)

  NOTE: a complete listing of the restraints can be obtained by requesting
        output of .geo file.

                   ----------xray_structure summary----------                  

Number of scattering types: 4
  Type Number    sf(0)   Gaussians
   O       4      7.97       2
   N       3      6.97       2
   C      14      5.97       2
   H      19      1.00       2
  sf(0) = scattering factor at diffraction angle 0.
Number of scatterers: 40
At special positions: 0
Unit cell: (14.309, 10.346, 15.667, 90, 90, 90)
Space group: P 1 (No. 1)

End of input processing
r_work=0.4297 r_free=0.5471
params.data_weight: None
params.restraints: cctbx
rmsd(b), start:  0.0796
mc:   0 R: 0.1471 rmsd(b):  0.0663 restraint_scale:  2.0 min_steps: 33
mc:   1 R: 0.0266 rmsd(b):  0.0147 restraint_scale:  2.0 min_steps: 29
mc:   2 R: 0.0073 rmsd(b):  0.0154 restraint_scale:  2.0 min_steps: 35
mc:   3 R: 0.0041 rmsd(b):  0.0304 restraint_scale:  4.0 min_steps: 47
Convergence reached, stop now.
see the result structure:  ./p26/04_results/refine_cctbx/251_GFA04-new/0.6/9.pdb
Time: 6.8642
