phenix.python
you are importing  adaptive calculator, and it does nothing. Please give it energy, force....... 

============================== Collecting inputs ==============================


                   ----------Processing X-ray data----------                   

F-obs:
  /scratch/m_zhen01/30995.lupus.uni-muenster.de/p26/02_mtz/222_GGF13-new.mtz:F-obs
Miller array info: None
Observation type: xray.amplitude
Type of data: double, size=185
Type of sigmas: None
Number of Miller indices: 185
Anomalous flag: False
Unit cell: (14.815, 10.106, 12.442, 90, 90, 90)
Space group: P 1 (No. 1)
Systematic absences: 0
Centric reflections: 0
Resolution range: 3.99379 2.50369
Completeness in resolution range: 1
Completeness with d_max=infinity: 0.761317

Number of F-obs in resolution range:                   185
Number of F-obs<0 (these reflections will be rejected): 0
Number of F-obs=0 (these reflections will be used in refinement): 0
Refinement resolution range: d_max =   3.9938
                             d_min =   2.5037

R-free flags:
  /scratch/m_zhen01/30995.lupus.uni-muenster.de/p26/02_mtz/222_GGF13-new.mtz:R-free-flags
Miller array info: /scratch/m_zhen01/30995.lupus.uni-muenster.de/p26/02_mtz/222_GGF13-new.mtz:R-free-flags
Observation type: None
Type of data: int, size=185
Type of sigmas: None
Number of Miller indices: 185
Anomalous flag: False
Unit cell: (14.815, 10.106, 12.442, 90, 90, 90)
Space group: P 1 (No. 1)
Systematic absences: 0
Centric reflections: 0
Resolution range: 3.99379 2.50369
Completeness in resolution range: 1
Completeness with d_max=infinity: 0.761317
Wavelength: 1.0000

Test (R-free flags) flag value: 1

Number of work/free reflections by resolution:
                                  work free  %free
  bin  1: 3.9938 - 3.6538 [21/21]   19    2   9.5%
  bin  2: 3.6538 - 3.4063 [20/20]   20    0   0.0%
  bin  3: 3.4063 - 3.2146 [13/13]   12    1   7.7%
  bin  4: 3.2146 - 3.0599 [21/21]   19    2   9.5%
  bin  5: 3.0599 - 2.9312 [25/25]   25    0   0.0%
  bin  6: 2.9312 - 2.8217 [18/18]   18    0   0.0%
  bin  7: 2.8217 - 2.7270 [16/16]   16    0   0.0%
  bin  8: 2.7270 - 2.6438 [20/20]   18    2  10.0%
  bin  9: 2.6438 - 2.5699 [16/16]   16    0   0.0%
  bin 10: 2.5699 - 2.5037 [15/15]   15    0   0.0%
                          overall  178    7   3.8%

                   ----------Processing PDB file(s)----------                  

  Monomer Library directory:
    "/tmp1/m_zhen01/phenix-installer-1.10.1-2155-intel-linux-2.6-x86_64-centos5/phenix-1.10.1-2155/modules/chem_data/mon_lib"
  Total number of atoms: 37
  Number of models: 1
  Model: ""
    Number of chains: 1
    Chain: "A"
      Number of atoms: 37
      Number of conformers: 1
      Conformer: ""
        Number of residues, atoms: 3, 37
          Classifications: {'peptide': 3}
          Modifications used: {'NH2NOTPRO': 1, 'COOH': 1}
          Link IDs: {'TRANS': 2}
  Time building chain proxies: 0.06, per 1000 atoms: 1.62
  Number of scatterers: 37
  At special positions: 0
  Unit cell: (14.815, 10.106, 12.442, 90, 90, 90)
  Space group: P 1 (No. 1)
  Number of sites at special positions: 0
  Number of scattering types: 4
    Type Number    sf(0)
     O       4      8.00
     N       3      7.00
     C      13      6.00
     H      17      1.00
    sf(0) = scattering factor at diffraction angle 0.

  Number of disulfides: simple=0, symmetry=0

  Automatic linking
    Parameters for automatic linking
      Linking & cutoffs
        Metal                : False - 3.50
        Amimo acid           : False - 1.90
        Carbohydrate         : True  - 1.99
        Ligands              : True  - 1.99
        Amino acid - RNA/DNA : False
      
  Number of custom bonds: simple=0, symmetry=0
  Time building additional restraints: 0.02
  Conformation dependent library (CDL) restraints added in 2.5 milliseconds
  
  Adding C-beta torsion restraints...
  Number of C-beta restraints generated:  2
  Time building geometry restraints manager: 0.02 seconds

  NOTE: a complete listing of the restraints can be obtained by requesting
        output of .geo file.

  Histogram of bond lengths:
        0.89 -     1.02: 17
        1.02 -     1.16: 0
        1.16 -     1.29: 3
        1.29 -     1.43: 9
        1.43 -     1.56: 8
  Bond restraints: 37
  Sorted by residual:
  bond pdb=" N   PHE A   3 "
       pdb=" H   PHE A   3 "
    ideal  model  delta    sigma   weight residual
    0.860  0.931 -0.071 2.00e-02 2.50e+03 1.25e+01
  bond pdb=" CD1 PHE A   3 "
       pdb=" HD1 PHE A   3 "
    ideal  model  delta    sigma   weight residual
    0.930  0.887  0.043 2.00e-02 2.50e+03 4.69e+00
  bond pdb=" C   PHE A   3 "
       pdb=" CA  PHE A   3 "
    ideal  model  delta    sigma   weight residual
    1.525  1.564 -0.039 2.10e-02 2.27e+03 3.42e+00
  bond pdb=" CA  GLY A   2 "
       pdb=" N   GLY A   2 "
    ideal  model  delta    sigma   weight residual
    1.464  1.445  0.019 1.12e-02 7.97e+03 2.94e+00
  bond pdb=" CE2 PHE A   3 "
       pdb=" HE2 PHE A   3 "
    ideal  model  delta    sigma   weight residual
    0.930  0.896  0.034 2.00e-02 2.50e+03 2.81e+00
  ... (remaining 32 not shown)

  Histogram of bond angle deviations from ideal:
      103.34 -   107.75: 8
      107.75 -   112.17: 12
      112.17 -   116.58: 10
      116.58 -   120.99: 20
      120.99 -   125.41: 10
  Bond angle restraints: 60
  Sorted by residual:
  angle pdb=" C   GLY A   2 "
        pdb=" CA  GLY A   2 "
        pdb=" N   GLY A   2 "
      ideal   model   delta    sigma   weight residual
     111.67  109.22    2.45 9.20e-01 1.18e+00 7.12e+00
  angle pdb=" HA  PHE A   3 "
        pdb=" CA  PHE A   3 "
        pdb=" CB  PHE A   3 "
      ideal   model   delta    sigma   weight residual
     109.00  103.34    5.66 3.00e+00 1.11e-01 3.56e+00
  angle pdb=" HA1 GLY A   2 "
        pdb=" CA  GLY A   2 "
        pdb=" N   GLY A   2 "
      ideal   model   delta    sigma   weight residual
     110.00  115.30   -5.30 3.00e+00 1.11e-01 3.12e+00
  angle pdb=" O   PHE A   3 "
        pdb=" C   PHE A   3 "
        pdb=" OXT PHE A   3 "
      ideal   model   delta    sigma   weight residual
     122.80  117.96    4.84 3.00e+00 1.11e-01 2.61e+00
  angle pdb=" HA1 GLY A   1 "
        pdb=" CA  GLY A   1 "
        pdb=" HA2 GLY A   1 "
      ideal   model   delta    sigma   weight residual
     109.00  113.59   -4.59 3.00e+00 1.11e-01 2.34e+00
  ... (remaining 55 not shown)

  Histogram of dihedral angle deviations from ideal:
        0.15 -    35.84: 11
       35.84 -    71.53: 1
       71.53 -   107.22: 0
      107.22 -   142.91: 0
      142.91 -   178.60: 1
  Dihedral angle restraints: 13
    sinusoidal: 3
      harmonic: 10
  Sorted by residual:
  dihedral pdb=" O   PHE A   3 "
           pdb=" C   PHE A   3 "
           pdb=" OXT PHE A   3 "
           pdb=" HXT PHE A   3 "
      ideal   model   delta  harmonic     sigma   weight residual
       0.00  178.60 -178.60     0      3.00e+01 1.11e-03 3.54e+01
  dihedral pdb=" OXT PHE A   3 "
           pdb=" C   PHE A   3 "
           pdb=" CA  PHE A   3 "
           pdb=" N   PHE A   3 "
      ideal   model   delta sinusoidal    sigma   weight residual
     -20.00  -70.23   50.23     2      3.00e+01 1.11e-03 3.15e+00
  dihedral pdb=" N   PHE A   3 "
           pdb=" CA  PHE A   3 "
           pdb=" CB  PHE A   3 "
           pdb=" CG  PHE A   3 "
      ideal   model   delta sinusoidal    sigma   weight residual
     -60.00  -44.91  -15.09     3      1.50e+01 4.44e-03 1.40e+00
  ... (remaining 10 not shown)

  Histogram of chiral volume deviations from ideal:
       0.000 -    0.000: 1
       0.000 -    0.000: 0
       0.000 -    0.000: 0
       0.000 -    0.000: 0
       0.000 -    0.000: 0
  Chirality restraints: 1
  Sorted by residual:
  chirality pdb=" CA  PHE A   3 "
            pdb=" C   PHE A   3 "
            pdb=" N   PHE A   3 "
            pdb=" CB  PHE A   3 "
    both_signs  ideal   model   delta    sigma   weight residual
      False     -2.51   -2.51   -0.00 2.00e-01 2.50e+01 1.87e-08

  Planarity restraints: 6
  Sorted by residual:
                                 delta    sigma   weight rms_deltas residual
  plane pdb=" CB  PHE A   3 "    0.003 2.00e-02 2.50e+03   1.20e-02 4.33e+00
        pdb=" CG  PHE A   3 "   -0.011 2.00e-02 2.50e+03
        pdb=" CD1 PHE A   3 "    0.007 2.00e-02 2.50e+03
        pdb=" HD1 PHE A   3 "    0.011 2.00e-02 2.50e+03
        pdb=" CE1 PHE A   3 "    0.001 2.00e-02 2.50e+03
        pdb=" HE1 PHE A   3 "   -0.012 2.00e-02 2.50e+03
        pdb=" CZ  PHE A   3 "   -0.024 2.00e-02 2.50e+03
        pdb=" HZ  PHE A   3 "    0.022 2.00e-02 2.50e+03
        pdb=" CE2 PHE A   3 "   -0.008 2.00e-02 2.50e+03
        pdb=" HE2 PHE A   3 "    0.010 2.00e-02 2.50e+03
        pdb=" CD2 PHE A   3 "    0.007 2.00e-02 2.50e+03
        pdb=" HD2 PHE A   3 "   -0.006 2.00e-02 2.50e+03
                                 delta    sigma   weight rms_deltas residual
  plane pdb=" C   GLY A   2 "    0.009 2.00e-02 2.50e+03   1.55e-02 2.41e+00
        pdb=" CA  PHE A   3 "    0.007 2.00e-02 2.50e+03
        pdb=" N   PHE A   3 "   -0.027 2.00e-02 2.50e+03
        pdb=" H   PHE A   3 "    0.011 2.00e-02 2.50e+03
                                 delta    sigma   weight rms_deltas residual
  plane pdb=" C   GLY A   2 "   -0.011 2.00e-02 2.50e+03   6.42e-03 4.12e-01
        pdb=" O   GLY A   2 "    0.004 2.00e-02 2.50e+03
        pdb=" CA  GLY A   2 "    0.003 2.00e-02 2.50e+03
        pdb=" N   PHE A   3 "    0.004 2.00e-02 2.50e+03
  ... (remaining 3 not shown)

  Histogram of nonbonded interaction distances:
        1.79 -     2.41: 15
        2.41 -     3.03: 54
        3.03 -     3.65: 79
        3.65 -     4.28: 72
        4.28 -     4.90: 91
  Nonbonded interactions: 311
  Sorted by model distance:
  nonbonded pdb=" O   GLY A   2 "
            pdb=" HXT PHE A   3 "
     model   vdw
     1.790 1.970
  nonbonded pdb=" HXT PHE A   3 "
            pdb=" HB1 PHE A   3 "
     model   vdw
     2.098 2.270
  nonbonded pdb=" HA2 GLY A   2 "
            pdb=" H   PHE A   3 "
     model   vdw
     2.206 2.270
  nonbonded pdb=" HA  PHE A   3 "
            pdb=" H   PHE A   3 "
     model   vdw
     2.217 1.816
  nonbonded pdb=" HA1 GLY A   1 "
            pdb=" H1  GLY A   1 "
     model   vdw
     2.218 1.816
  ... (remaining 306 not shown)

  NOTE: a complete listing of the restraints can be obtained by requesting
        output of .geo file.

                   ----------xray_structure summary----------                  

Number of scattering types: 4
  Type Number    sf(0)   Gaussians
   O       4      7.97       2
   N       3      6.97       2
   C      13      5.97       2
   H      17      1.00       2
  sf(0) = scattering factor at diffraction angle 0.
Number of scatterers: 37
At special positions: 0
Unit cell: (14.815, 10.106, 12.442, 90, 90, 90)
Space group: P 1 (No. 1)

End of input processing
r_work=0.5018 r_free=0.4605
params.data_weight: None
params.restraints: cctbx
rmsd(b), start:  0.0855
mc:   0 R: 0.2187 rmsd(b):  0.0509 restraint_scale:  2.0 min_steps: 52
mc:   1 R: 0.0442 rmsd(b):  0.0187 restraint_scale:  2.0 min_steps: 38
mc:   2 R: 0.0133 rmsd(b):  0.0079 restraint_scale:  1.0 min_steps: 16
mc:   3 R: 0.0062 rmsd(b):  0.0314 restraint_scale:  2.0 min_steps: 37
mc:   4 R: 0.0062 rmsd(b):  0.0314 restraint_scale:  4.0 min_steps: 1
Convergence reached, stop now.
see the result structure:  ./p26/04_results/refine_cctbx/222_GGF13-new/1.2/6.pdb
Time: 5.5969
