phenix.python
you are importing  adaptive calculator, and it does nothing. Please give it energy, force....... 

============================== Collecting inputs ==============================


                   ----------Processing X-ray data----------                   

F-obs:
  /scratch/m_zhen01/30995.lupus.uni-muenster.de/p26/02_mtz/222_GGF13-new.mtz:F-obs
Miller array info: None
Observation type: xray.amplitude
Type of data: double, size=185
Type of sigmas: None
Number of Miller indices: 185
Anomalous flag: False
Unit cell: (14.815, 10.106, 12.442, 90, 90, 90)
Space group: P 1 (No. 1)
Systematic absences: 0
Centric reflections: 0
Resolution range: 3.99379 2.50369
Completeness in resolution range: 1
Completeness with d_max=infinity: 0.761317

Number of F-obs in resolution range:                   185
Number of F-obs<0 (these reflections will be rejected): 0
Number of F-obs=0 (these reflections will be used in refinement): 0
Refinement resolution range: d_max =   3.9938
                             d_min =   2.5037

R-free flags:
  /scratch/m_zhen01/30995.lupus.uni-muenster.de/p26/02_mtz/222_GGF13-new.mtz:R-free-flags
Miller array info: /scratch/m_zhen01/30995.lupus.uni-muenster.de/p26/02_mtz/222_GGF13-new.mtz:R-free-flags
Observation type: None
Type of data: int, size=185
Type of sigmas: None
Number of Miller indices: 185
Anomalous flag: False
Unit cell: (14.815, 10.106, 12.442, 90, 90, 90)
Space group: P 1 (No. 1)
Systematic absences: 0
Centric reflections: 0
Resolution range: 3.99379 2.50369
Completeness in resolution range: 1
Completeness with d_max=infinity: 0.761317
Wavelength: 1.0000

Test (R-free flags) flag value: 1

Number of work/free reflections by resolution:
                                  work free  %free
  bin  1: 3.9938 - 3.6538 [21/21]   19    2   9.5%
  bin  2: 3.6538 - 3.4063 [20/20]   20    0   0.0%
  bin  3: 3.4063 - 3.2146 [13/13]   12    1   7.7%
  bin  4: 3.2146 - 3.0599 [21/21]   19    2   9.5%
  bin  5: 3.0599 - 2.9312 [25/25]   25    0   0.0%
  bin  6: 2.9312 - 2.8217 [18/18]   18    0   0.0%
  bin  7: 2.8217 - 2.7270 [16/16]   16    0   0.0%
  bin  8: 2.7270 - 2.6438 [20/20]   18    2  10.0%
  bin  9: 2.6438 - 2.5699 [16/16]   16    0   0.0%
  bin 10: 2.5699 - 2.5037 [15/15]   15    0   0.0%
                          overall  178    7   3.8%

                   ----------Processing PDB file(s)----------                  

  Monomer Library directory:
    "/tmp1/m_zhen01/phenix-installer-1.10.1-2155-intel-linux-2.6-x86_64-centos5/phenix-1.10.1-2155/modules/chem_data/mon_lib"
  Total number of atoms: 37
  Number of models: 1
  Model: ""
    Number of chains: 1
    Chain: "A"
      Number of atoms: 37
      Number of conformers: 1
      Conformer: ""
        Number of residues, atoms: 3, 37
          Classifications: {'peptide': 3}
          Modifications used: {'NH2NOTPRO': 1, 'COOH': 1}
          Link IDs: {'TRANS': 2}
  Time building chain proxies: 0.07, per 1000 atoms: 1.89
  Number of scatterers: 37
  At special positions: 0
  Unit cell: (14.815, 10.106, 12.442, 90, 90, 90)
  Space group: P 1 (No. 1)
  Number of sites at special positions: 0
  Number of scattering types: 4
    Type Number    sf(0)
     O       4      8.00
     N       3      7.00
     C      13      6.00
     H      17      1.00
    sf(0) = scattering factor at diffraction angle 0.

  Number of disulfides: simple=0, symmetry=0

  Automatic linking
    Parameters for automatic linking
      Linking & cutoffs
        Metal                : False - 3.50
        Amimo acid           : False - 1.90
        Carbohydrate         : True  - 1.99
        Ligands              : True  - 1.99
        Amino acid - RNA/DNA : False
      
  Number of custom bonds: simple=0, symmetry=0
  Time building additional restraints: 0.02
  Conformation dependent library (CDL) restraints added in 2.5 milliseconds
  
  Adding C-beta torsion restraints...
  Number of C-beta restraints generated:  2
  Time building geometry restraints manager: 0.04 seconds

  NOTE: a complete listing of the restraints can be obtained by requesting
        output of .geo file.

  Histogram of bond lengths:
        0.88 -     1.01: 17
        1.01 -     1.14: 0
        1.14 -     1.27: 3
        1.27 -     1.40: 8
        1.40 -     1.53: 9
  Bond restraints: 37
  Sorted by residual:
  bond pdb=" N   PHE A   3 "
       pdb=" H   PHE A   3 "
    ideal  model  delta    sigma   weight residual
    0.860  0.917 -0.057 2.00e-02 2.50e+03 8.14e+00
  bond pdb=" CA  GLY A   1 "
       pdb=" HA2 GLY A   1 "
    ideal  model  delta    sigma   weight residual
    0.970  0.921  0.049 2.00e-02 2.50e+03 5.94e+00
  bond pdb=" CD2 PHE A   3 "
       pdb=" HD2 PHE A   3 "
    ideal  model  delta    sigma   weight residual
    0.930  0.976 -0.046 2.00e-02 2.50e+03 5.22e+00
  bond pdb=" CE2 PHE A   3 "
       pdb=" HE2 PHE A   3 "
    ideal  model  delta    sigma   weight residual
    0.930  0.972 -0.042 2.00e-02 2.50e+03 4.35e+00
  bond pdb=" CE1 PHE A   3 "
       pdb=" HE1 PHE A   3 "
    ideal  model  delta    sigma   weight residual
    0.930  0.972 -0.042 2.00e-02 2.50e+03 4.31e+00
  ... (remaining 32 not shown)

  Histogram of bond angle deviations from ideal:
      103.08 -   107.60: 6
      107.60 -   112.12: 15
      112.12 -   116.64: 10
      116.64 -   121.16: 19
      121.16 -   125.68: 10
  Bond angle restraints: 60
  Sorted by residual:
  angle pdb=" C   GLY A   1 "
        pdb=" N   GLY A   2 "
        pdb=" CA  GLY A   2 "
      ideal   model   delta    sigma   weight residual
     121.41  125.60   -4.19 1.96e+00 2.60e-01 4.57e+00
  angle pdb=" C   GLY A   1 "
        pdb=" CA  GLY A   1 "
        pdb=" N   GLY A   1 "
      ideal   model   delta    sigma   weight residual
     113.30  107.10    6.20 2.90e+00 1.19e-01 4.57e+00
  angle pdb=" HB1 PHE A   3 "
        pdb=" CB  PHE A   3 "
        pdb=" CG  PHE A   3 "
      ideal   model   delta    sigma   weight residual
     108.00  103.08    4.92 3.00e+00 1.11e-01 2.69e+00
  angle pdb=" O   GLY A   2 "
        pdb=" C   GLY A   2 "
        pdb=" CA  GLY A   2 "
      ideal   model   delta    sigma   weight residual
     120.57  123.37   -2.80 1.74e+00 3.30e-01 2.58e+00
  angle pdb=" HA1 GLY A   2 "
        pdb=" CA  GLY A   2 "
        pdb=" HA2 GLY A   2 "
      ideal   model   delta    sigma   weight residual
     109.00  104.40    4.60 3.00e+00 1.11e-01 2.35e+00
  ... (remaining 55 not shown)

  Histogram of dihedral angle deviations from ideal:
        0.46 -    36.22: 11
       36.22 -    71.99: 1
       71.99 -   107.75: 0
      107.75 -   143.52: 0
      143.52 -   179.29: 1
  Dihedral angle restraints: 13
    sinusoidal: 3
      harmonic: 10
  Sorted by residual:
  dihedral pdb=" O   PHE A   3 "
           pdb=" C   PHE A   3 "
           pdb=" OXT PHE A   3 "
           pdb=" HXT PHE A   3 "
      ideal   model   delta  harmonic     sigma   weight residual
       0.00 -179.29  179.29     0      3.00e+01 1.11e-03 3.57e+01
  dihedral pdb=" OXT PHE A   3 "
           pdb=" C   PHE A   3 "
           pdb=" CA  PHE A   3 "
           pdb=" N   PHE A   3 "
      ideal   model   delta sinusoidal    sigma   weight residual
     -20.00  -86.04   66.04     2      3.00e+01 1.11e-03 4.45e+00
  dihedral pdb=" CA  GLY A   2 "
           pdb=" C   GLY A   2 "
           pdb=" N   PHE A   3 "
           pdb=" CA  PHE A   3 "
      ideal   model   delta  harmonic     sigma   weight residual
     180.00 -173.05   -6.95     0      5.00e+00 4.00e-02 1.93e+00
  ... (remaining 10 not shown)

  Histogram of chiral volume deviations from ideal:
       0.014 -    0.014: 1
       0.014 -    0.014: 0
       0.014 -    0.014: 0
       0.014 -    0.014: 0
       0.014 -    0.014: 0
  Chirality restraints: 1
  Sorted by residual:
  chirality pdb=" CA  PHE A   3 "
            pdb=" C   PHE A   3 "
            pdb=" N   PHE A   3 "
            pdb=" CB  PHE A   3 "
    both_signs  ideal   model   delta    sigma   weight residual
      False     -2.51   -2.52    0.01 2.00e-01 2.50e+01 4.71e-03

  Planarity restraints: 6
  Sorted by residual:
                                 delta    sigma   weight rms_deltas residual
  plane pdb=" CB  PHE A   3 "   -0.005 2.00e-02 2.50e+03   1.37e-02 5.64e+00
        pdb=" CG  PHE A   3 "    0.024 2.00e-02 2.50e+03
        pdb=" CD1 PHE A   3 "    0.004 2.00e-02 2.50e+03
        pdb=" HD1 PHE A   3 "    0.006 2.00e-02 2.50e+03
        pdb=" CE1 PHE A   3 "   -0.012 2.00e-02 2.50e+03
        pdb=" HE1 PHE A   3 "   -0.002 2.00e-02 2.50e+03
        pdb=" CZ  PHE A   3 "   -0.022 2.00e-02 2.50e+03
        pdb=" HZ  PHE A   3 "    0.013 2.00e-02 2.50e+03
        pdb=" CE2 PHE A   3 "   -0.009 2.00e-02 2.50e+03
        pdb=" HE2 PHE A   3 "    0.022 2.00e-02 2.50e+03
        pdb=" CD2 PHE A   3 "   -0.003 2.00e-02 2.50e+03
        pdb=" HD2 PHE A   3 "   -0.015 2.00e-02 2.50e+03
                                 delta    sigma   weight rms_deltas residual
  plane pdb=" C   GLY A   1 "   -0.007 2.00e-02 2.50e+03   1.21e-02 1.46e+00
        pdb=" CA  GLY A   2 "   -0.006 2.00e-02 2.50e+03
        pdb=" N   GLY A   2 "    0.021 2.00e-02 2.50e+03
        pdb=" H   GLY A   2 "   -0.009 2.00e-02 2.50e+03
                                 delta    sigma   weight rms_deltas residual
  plane pdb=" C   GLY A   2 "   -0.016 2.00e-02 2.50e+03   9.10e-03 8.28e-01
        pdb=" O   GLY A   2 "    0.006 2.00e-02 2.50e+03
        pdb=" CA  GLY A   2 "    0.005 2.00e-02 2.50e+03
        pdb=" N   PHE A   3 "    0.005 2.00e-02 2.50e+03
  ... (remaining 3 not shown)

  Histogram of nonbonded interaction distances:
        1.96 -     2.55: 25
        2.55 -     3.14: 52
        3.14 -     3.72: 72
        3.72 -     4.31: 60
        4.31 -     4.90: 85
  Nonbonded interactions: 294
  Sorted by model distance:
  nonbonded pdb=" HXT PHE A   3 "
            pdb=" HB1 PHE A   3 "
     model   vdw
     1.962 2.270
  nonbonded pdb=" O   GLY A   2 "
            pdb=" HXT PHE A   3 "
     model   vdw
     2.040 1.970
  nonbonded pdb=" HA  PHE A   3 "
            pdb=" H   PHE A   3 "
     model   vdw
     2.125 1.816
  nonbonded pdb=" HA1 GLY A   2 "
            pdb=" H   GLY A   2 "
     model   vdw
     2.140 1.816
  nonbonded pdb=" HA2 GLY A   1 "
            pdb=" H1  GLY A   1 "
     model   vdw
     2.249 1.816
  ... (remaining 289 not shown)

  NOTE: a complete listing of the restraints can be obtained by requesting
        output of .geo file.

                   ----------xray_structure summary----------                  

Number of scattering types: 4
  Type Number    sf(0)   Gaussians
   O       4      7.97       2
   N       3      6.97       2
   C      13      5.97       2
   H      17      1.00       2
  sf(0) = scattering factor at diffraction angle 0.
Number of scatterers: 37
At special positions: 0
Unit cell: (14.815, 10.106, 12.442, 90, 90, 90)
Space group: P 1 (No. 1)

End of input processing
r_work=0.5342 r_free=0.6109
params.data_weight: None
params.restraints: cctbx
rmsd(b), start:  0.0800
mc:   0 R: 0.2438 rmsd(b):  0.0444 restraint_scale:  2.0 min_steps: 52
mc:   1 R: 0.0573 rmsd(b):  0.0193 restraint_scale:  2.0 min_steps: 38
mc:   2 R: 0.0160 rmsd(b):  0.0077 restraint_scale:  1.0 min_steps: 23
mc:   3 R: 0.0077 rmsd(b):  0.0399 restraint_scale:  2.0 min_steps: 40
mc:   4 R: 0.0077 rmsd(b):  0.0399 restraint_scale:  4.0 min_steps: 1
Convergence reached, stop now.
see the result structure:  ./p26/04_results/refine_cctbx/222_GGF13-new/1.2/9.pdb
Time: 5.6613
