phenix.python
you are importing  adaptive calculator, and it does nothing. Please give it energy, force....... 

============================== Collecting inputs ==============================


                   ----------Processing X-ray data----------                   

F-obs:
  /scratch/m_zhen01/30994.lupus.uni-muenster.de/p26/02_mtz/230_GGF09-new.mtz:F-obs
Miller array info: None
Observation type: xray.amplitude
Type of data: double, size=208
Type of sigmas: None
Number of Miller indices: 208
Anomalous flag: False
Unit cell: (13.158, 10.74, 14.911, 90, 90, 90)
Space group: P 1 (No. 1)
Systematic absences: 0
Centric reflections: 0
Resolution range: 3.9658 2.51082
Completeness in resolution range: 1
Completeness with d_max=infinity: 0.742857

Number of F-obs in resolution range:                   208
Number of F-obs<0 (these reflections will be rejected): 0
Number of F-obs=0 (these reflections will be used in refinement): 0
Refinement resolution range: d_max =   3.9658
                             d_min =   2.5108

R-free flags:
  /scratch/m_zhen01/30994.lupus.uni-muenster.de/p26/02_mtz/230_GGF09-new.mtz:R-free-flags
Miller array info: /scratch/m_zhen01/30994.lupus.uni-muenster.de/p26/02_mtz/230_GGF09-new.mtz:R-free-flags
Observation type: None
Type of data: int, size=208
Type of sigmas: None
Number of Miller indices: 208
Anomalous flag: False
Unit cell: (13.158, 10.74, 14.911, 90, 90, 90)
Space group: P 1 (No. 1)
Systematic absences: 0
Centric reflections: 0
Resolution range: 3.9658 2.51082
Completeness in resolution range: 1
Completeness with d_max=infinity: 0.742857
Wavelength: 1.0000

Test (R-free flags) flag value: 1

Number of work/free reflections by resolution:
                                  work free  %free
  bin  1: 3.9658 - 3.6393 [15/15]   15    0   0.0%
  bin  2: 3.6393 - 3.3992 [25/25]   24    1   4.0%
  bin  3: 3.3992 - 3.2120 [19/19]   17    2  10.5%
  bin  4: 3.2120 - 3.0603 [34/34]   34    0   0.0%
  bin  5: 3.0603 - 2.9337 [ 7/7 ]    7    0   0.0%
  bin  6: 2.9337 - 2.8258 [20/20]   18    2  10.0%
  bin  7: 2.8258 - 2.7321 [26/26]   26    0   0.0%
  bin  8: 2.7321 - 2.6498 [15/15]   15    0   0.0%
  bin  9: 2.6498 - 2.5766 [27/27]   23    4  14.8%
  bin 10: 2.5766 - 2.5108 [20/20]   20    0   0.0%
                          overall  199    9   4.3%

                   ----------Processing PDB file(s)----------                  

  Monomer Library directory:
    "/tmp1/m_zhen01/phenix-installer-1.10.1-2155-intel-linux-2.6-x86_64-centos5/phenix-1.10.1-2155/modules/chem_data/mon_lib"
  Total number of atoms: 37
  Number of models: 1
  Model: ""
    Number of chains: 1
    Chain: "A"
      Number of atoms: 37
      Number of conformers: 1
      Conformer: ""
        Number of residues, atoms: 3, 37
          Classifications: {'peptide': 3}
          Modifications used: {'NH2NOTPRO': 1, 'COOH': 1}
          Link IDs: {'TRANS': 2}
  Time building chain proxies: 0.07, per 1000 atoms: 1.89
  Number of scatterers: 37
  At special positions: 0
  Unit cell: (13.158, 10.74, 14.911, 90, 90, 90)
  Space group: P 1 (No. 1)
  Number of sites at special positions: 0
  Number of scattering types: 4
    Type Number    sf(0)
     O       4      8.00
     N       3      7.00
     C      13      6.00
     H      17      1.00
    sf(0) = scattering factor at diffraction angle 0.

  Number of disulfides: simple=0, symmetry=0

  Automatic linking
    Parameters for automatic linking
      Linking & cutoffs
        Metal                : False - 3.50
        Amimo acid           : False - 1.90
        Carbohydrate         : True  - 1.99
        Ligands              : True  - 1.99
        Amino acid - RNA/DNA : False
      
  Number of custom bonds: simple=0, symmetry=0
  Time building additional restraints: 0.02
  Conformation dependent library (CDL) restraints added in 3.0 milliseconds
  
  Adding C-beta torsion restraints...
  Number of C-beta restraints generated:  2
  Time building geometry restraints manager: 0.02 seconds

  NOTE: a complete listing of the restraints can be obtained by requesting
        output of .geo file.

  Histogram of bond lengths:
        0.87 -     1.00: 17
        1.00 -     1.14: 0
        1.14 -     1.28: 3
        1.28 -     1.42: 9
        1.42 -     1.56: 8
  Bond restraints: 37
  Sorted by residual:
  bond pdb=" CA  GLY A   2 "
       pdb=" N   GLY A   2 "
    ideal  model  delta    sigma   weight residual
    1.449  1.491 -0.042 1.45e-02 4.76e+03 8.28e+00
  bond pdb=" N   GLY A   1 "
       pdb=" H1  GLY A   1 "
    ideal  model  delta    sigma   weight residual
    0.960  0.911  0.049 2.00e-02 2.50e+03 5.91e+00
  bond pdb=" CE1 PHE A   3 "
       pdb=" HE1 PHE A   3 "
    ideal  model  delta    sigma   weight residual
    0.930  0.975 -0.045 2.00e-02 2.50e+03 5.12e+00
  bond pdb=" C   GLY A   2 "
       pdb=" O   GLY A   2 "
    ideal  model  delta    sigma   weight residual
    1.235  1.264 -0.030 1.35e-02 5.49e+03 4.80e+00
  bond pdb=" CE2 PHE A   3 "
       pdb=" HE2 PHE A   3 "
    ideal  model  delta    sigma   weight residual
    0.930  0.972 -0.042 2.00e-02 2.50e+03 4.41e+00
  ... (remaining 32 not shown)

  Histogram of bond angle deviations from ideal:
      103.91 -   108.96: 14
      108.96 -   114.01: 14
      114.01 -   119.06: 10
      119.06 -   124.11: 19
      124.11 -   129.16: 3
  Bond angle restraints: 60
  Sorted by residual:
  angle pdb=" O   GLY A   2 "
        pdb=" C   GLY A   2 "
        pdb=" N   PHE A   3 "
      ideal   model   delta    sigma   weight residual
     122.70  125.48   -2.78 1.30e+00 5.92e-01 4.56e+00
  angle pdb=" OXT PHE A   3 "
        pdb=" C   PHE A   3 "
        pdb=" CA  PHE A   3 "
      ideal   model   delta    sigma   weight residual
     118.60  124.06   -5.46 3.00e+00 1.11e-01 3.31e+00
  angle pdb=" CD1 PHE A   3 "
        pdb=" CG  PHE A   3 "
        pdb=" CD2 PHE A   3 "
      ideal   model   delta    sigma   weight residual
     118.60  115.99    2.61 1.50e+00 4.44e-01 3.03e+00
  angle pdb=" HA  PHE A   3 "
        pdb=" CA  PHE A   3 "
        pdb=" CB  PHE A   3 "
      ideal   model   delta    sigma   weight residual
     109.00  103.91    5.09 3.00e+00 1.11e-01 2.88e+00
  angle pdb=" C   PHE A   3 "
        pdb=" CA  PHE A   3 "
        pdb=" CB  PHE A   3 "
      ideal   model   delta    sigma   weight residual
     110.10  106.96    3.14 1.90e+00 2.77e-01 2.72e+00
  ... (remaining 55 not shown)

  Histogram of dihedral angle deviations from ideal:
        0.04 -     2.65: 10
        2.65 -     5.26: 2
        5.26 -     7.87: 0
        7.87 -    10.48: 0
       10.48 -    13.09: 1
  Dihedral angle restraints: 13
    sinusoidal: 3
      harmonic: 10
  Sorted by residual:
  dihedral pdb=" C   PHE A   3 "
           pdb=" N   PHE A   3 "
           pdb=" CA  PHE A   3 "
           pdb=" CB  PHE A   3 "
      ideal   model   delta  harmonic     sigma   weight residual
    -122.60 -119.56   -3.04     0      2.50e+00 1.60e-01 1.48e+00
  dihedral pdb=" N   PHE A   3 "
           pdb=" CA  PHE A   3 "
           pdb=" CB  PHE A   3 "
           pdb=" CG  PHE A   3 "
      ideal   model   delta sinusoidal    sigma   weight residual
      60.00   46.91   13.09     3      1.50e+01 4.44e-03 1.07e+00
  dihedral pdb=" CA  GLY A   2 "
           pdb=" C   GLY A   2 "
           pdb=" N   PHE A   3 "
           pdb=" CA  PHE A   3 "
      ideal   model   delta  harmonic     sigma   weight residual
     180.00  175.58    4.42     0      5.00e+00 4.00e-02 7.82e-01
  ... (remaining 10 not shown)

  Histogram of chiral volume deviations from ideal:
       0.109 -    0.109: 1
       0.109 -    0.109: 0
       0.109 -    0.109: 0
       0.109 -    0.109: 0
       0.109 -    0.109: 0
  Chirality restraints: 1
  Sorted by residual:
  chirality pdb=" CA  PHE A   3 "
            pdb=" C   PHE A   3 "
            pdb=" N   PHE A   3 "
            pdb=" CB  PHE A   3 "
    both_signs  ideal   model   delta    sigma   weight residual
      False     -2.51   -2.62    0.11 2.00e-01 2.50e+01 2.96e-01

  Planarity restraints: 6
  Sorted by residual:
                                 delta    sigma   weight rms_deltas residual
  plane pdb=" CB  PHE A   3 "    0.025 2.00e-02 2.50e+03   1.20e-02 4.33e+00
        pdb=" CG  PHE A   3 "   -0.016 2.00e-02 2.50e+03
        pdb=" CD1 PHE A   3 "   -0.019 2.00e-02 2.50e+03
        pdb=" HD1 PHE A   3 "    0.003 2.00e-02 2.50e+03
        pdb=" CE1 PHE A   3 "    0.001 2.00e-02 2.50e+03
        pdb=" HE1 PHE A   3 "   -0.002 2.00e-02 2.50e+03
        pdb=" CZ  PHE A   3 "    0.012 2.00e-02 2.50e+03
        pdb=" HZ  PHE A   3 "    0.010 2.00e-02 2.50e+03
        pdb=" CE2 PHE A   3 "    0.000 2.00e-02 2.50e+03
        pdb=" HE2 PHE A   3 "   -0.004 2.00e-02 2.50e+03
        pdb=" CD2 PHE A   3 "   -0.014 2.00e-02 2.50e+03
        pdb=" HD2 PHE A   3 "    0.004 2.00e-02 2.50e+03
                                 delta    sigma   weight rms_deltas residual
  plane pdb=" C   GLY A   1 "   -0.020 2.00e-02 2.50e+03   1.17e-02 1.38e+00
        pdb=" O   GLY A   1 "    0.008 2.00e-02 2.50e+03
        pdb=" CA  GLY A   1 "    0.006 2.00e-02 2.50e+03
        pdb=" N   GLY A   2 "    0.007 2.00e-02 2.50e+03
                                 delta    sigma   weight rms_deltas residual
  plane pdb=" C   GLY A   1 "    0.006 2.00e-02 2.50e+03   1.16e-02 1.34e+00
        pdb=" CA  GLY A   2 "    0.005 2.00e-02 2.50e+03
        pdb=" N   GLY A   2 "   -0.020 2.00e-02 2.50e+03
        pdb=" H   GLY A   2 "    0.009 2.00e-02 2.50e+03
  ... (remaining 3 not shown)

  Histogram of nonbonded interaction distances:
        1.88 -     2.49: 20
        2.49 -     3.09: 51
        3.09 -     3.69: 78
        3.69 -     4.30: 69
        4.30 -     4.90: 97
  Nonbonded interactions: 315
  Sorted by model distance:
  nonbonded pdb=" H2  GLY A   1 "
            pdb=" H   GLY A   2 "
     model   vdw
     1.884 2.100
  nonbonded pdb=" HA1 GLY A   1 "
            pdb=" H1  GLY A   1 "
     model   vdw
     2.051 1.816
  nonbonded pdb=" O   GLY A   1 "
            pdb=" H   PHE A   3 "
     model   vdw
     2.130 1.970
  nonbonded pdb=" HA  PHE A   3 "
            pdb=" HB2 PHE A   3 "
     model   vdw
     2.151 1.952
  nonbonded pdb=" HA2 GLY A   2 "
            pdb=" H   GLY A   2 "
     model   vdw
     2.158 1.816
  ... (remaining 310 not shown)

  NOTE: a complete listing of the restraints can be obtained by requesting
        output of .geo file.

                   ----------xray_structure summary----------                  

Number of scattering types: 4
  Type Number    sf(0)   Gaussians
   O       4      7.97       2
   N       3      6.97       2
   C      13      5.97       2
   H      17      1.00       2
  sf(0) = scattering factor at diffraction angle 0.
Number of scatterers: 37
At special positions: 0
Unit cell: (13.158, 10.74, 14.911, 90, 90, 90)
Space group: P 1 (No. 1)

End of input processing
r_work=0.2071 r_free=0.2246
params.data_weight: 0.0
params.restraints: qm
rmsd(b), start:  0.0840
mc:   0 R: 0.2000 rmsd(b):  0.0283 restraint_scale:  1.0 min_steps: 52
mc:   1 R: 0.1823 rmsd(b):  0.0282 restraint_scale:  1.0 min_steps: 52
mc:   2 R: 0.1823 rmsd(b):  0.0282 restraint_scale:  1.0 min_steps: 1
Convergence reached, stop now.
see the result structure:  ./p26/04_results/opt_qm/230_GGF09-new/0.3/1.pdb
Time: 110.3334
