phenix.python
you are importing  adaptive calculator, and it does nothing. Please give it energy, force....... 

============================== Collecting inputs ==============================


                   ----------Processing X-ray data----------                   

F-obs:
  /scratch/m_zhen01/30995.lupus.uni-muenster.de/p26/02_mtz/208_WGG04-new.mtz:F-obs
Miller array info: None
Observation type: xray.amplitude
Type of data: double, size=231
Type of sigmas: None
Number of Miller indices: 231
Anomalous flag: False
Unit cell: (12.308, 13.023, 13.953, 90, 90, 90)
Space group: P 1 (No. 1)
Systematic absences: 0
Centric reflections: 0
Resolution range: 3.93605 2.50671
Completeness in resolution range: 1
Completeness with d_max=infinity: 0.759868

Number of F-obs in resolution range:                   231
Number of F-obs<0 (these reflections will be rejected): 0
Number of F-obs=0 (these reflections will be used in refinement): 0
Refinement resolution range: d_max =   3.9360
                             d_min =   2.5067

R-free flags:
  /scratch/m_zhen01/30995.lupus.uni-muenster.de/p26/02_mtz/208_WGG04-new.mtz:R-free-flags
Miller array info: /scratch/m_zhen01/30995.lupus.uni-muenster.de/p26/02_mtz/208_WGG04-new.mtz:R-free-flags
Observation type: None
Type of data: int, size=231
Type of sigmas: None
Number of Miller indices: 231
Anomalous flag: False
Unit cell: (12.308, 13.023, 13.953, 90, 90, 90)
Space group: P 1 (No. 1)
Systematic absences: 0
Centric reflections: 0
Resolution range: 3.93605 2.50671
Completeness in resolution range: 1
Completeness with d_max=infinity: 0.759868
Wavelength: 1.0000

Test (R-free flags) flag value: 1

Number of work/free reflections by resolution:
                                  work free  %free
  bin  1: 3.9360 - 3.6184 [22/22]   22    0   0.0%
  bin  2: 3.6184 - 3.3835 [27/27]   26    1   3.7%
  bin  3: 3.3835 - 3.1997 [17/17]   13    4  23.5%
  bin  4: 3.1997 - 3.0503 [27/27]   27    0   0.0%
  bin  5: 3.0503 - 2.9254 [26/26]   26    0   0.0%
  bin  6: 2.9254 - 2.8187 [14/14]   14    0   0.0%
  bin  7: 2.8187 - 2.7261 [31/31]   23    8  25.8%
  bin  8: 2.7261 - 2.6445 [20/20]   20    0   0.0%
  bin  9: 2.6445 - 2.5719 [13/13]   13    0   0.0%
  bin 10: 2.5719 - 2.5067 [34/34]   34    0   0.0%
                          overall  218   13   5.6%

                   ----------Processing PDB file(s)----------                  

  Monomer Library directory:
    "/tmp1/m_zhen01/phenix-installer-1.10.1-2155-intel-linux-2.6-x86_64-centos5/phenix-1.10.1-2155/modules/chem_data/mon_lib"
  Total number of atoms: 41
  Number of models: 1
  Model: ""
    Number of chains: 1
    Chain: "A"
      Number of atoms: 41
      Number of conformers: 1
      Conformer: ""
        Number of residues, atoms: 3, 41
          Classifications: {'peptide': 3}
          Modifications used: {'NH2NOTPRO': 1, 'COOH': 1}
          Link IDs: {'TRANS': 2}
  Time building chain proxies: 0.08, per 1000 atoms: 1.95
  Number of scatterers: 41
  At special positions: 0
  Unit cell: (12.308, 13.023, 13.953, 90, 90, 90)
  Space group: P 1 (No. 1)
  Number of sites at special positions: 0
  Number of scattering types: 4
    Type Number    sf(0)
     O       4      8.00
     N       4      7.00
     C      15      6.00
     H      18      1.00
    sf(0) = scattering factor at diffraction angle 0.

  Number of disulfides: simple=0, symmetry=0

  Automatic linking
    Parameters for automatic linking
      Linking & cutoffs
        Metal                : False - 3.50
        Amimo acid           : False - 1.90
        Carbohydrate         : True  - 1.99
        Ligands              : True  - 1.99
        Amino acid - RNA/DNA : False
      
  Number of custom bonds: simple=0, symmetry=0
  Time building additional restraints: 0.02
  Conformation dependent library (CDL) restraints added in 2.4 milliseconds
  
  Adding C-beta torsion restraints...
  Number of C-beta restraints generated:  2
  Time building geometry restraints manager: 0.03 seconds

  NOTE: a complete listing of the restraints can be obtained by requesting
        output of .geo file.

  Histogram of bond lengths:
        0.82 -     0.97: 13
        0.97 -     1.11: 5
        1.11 -     1.25: 3
        1.25 -     1.40: 11
        1.40 -     1.54: 10
  Bond restraints: 42
  Sorted by residual:
  bond pdb=" CZ3 TRP A   1 "
       pdb=" HZ3 TRP A   1 "
    ideal  model  delta    sigma   weight residual
    0.930  0.887  0.043 2.00e-02 2.50e+03 4.68e+00
  bond pdb=" O   GLY A   3 "
       pdb=" C   GLY A   3 "
    ideal  model  delta    sigma   weight residual
    1.185  1.143  0.042 2.00e-02 2.50e+03 4.49e+00
  bond pdb=" N   TRP A   1 "
       pdb=" H2  TRP A   1 "
    ideal  model  delta    sigma   weight residual
    0.960  0.918  0.042 2.00e-02 2.50e+03 4.33e+00
  bond pdb=" CE3 TRP A   1 "
       pdb=" CD2 TRP A   1 "
    ideal  model  delta    sigma   weight residual
    1.398  1.431 -0.033 1.60e-02 3.91e+03 4.23e+00
  bond pdb=" CB  TRP A   1 "
       pdb=" HB1 TRP A   1 "
    ideal  model  delta    sigma   weight residual
    0.970  1.011 -0.041 2.00e-02 2.50e+03 4.12e+00
  ... (remaining 37 not shown)

  Histogram of bond angle deviations from ideal:
      105.81 -   111.66: 25
      111.66 -   117.50: 12
      117.50 -   123.34: 20
      123.34 -   129.18: 11
      129.18 -   135.03: 1
  Bond angle restraints: 69
  Sorted by residual:
  angle pdb=" C   GLY A   2 "
        pdb=" N   GLY A   3 "
        pdb=" CA  GLY A   3 "
      ideal   model   delta    sigma   weight residual
     121.70  125.64   -3.94 1.80e+00 3.09e-01 4.79e+00
  angle pdb=" C   GLY A   3 "
        pdb=" CA  GLY A   3 "
        pdb=" N   GLY A   3 "
      ideal   model   delta    sigma   weight residual
     113.30  108.15    5.15 2.90e+00 1.19e-01 3.15e+00
  angle pdb=" HA1 GLY A   3 "
        pdb=" CA  GLY A   3 "
        pdb=" N   GLY A   3 "
      ideal   model   delta    sigma   weight residual
     110.00  105.97    4.03 3.00e+00 1.11e-01 1.81e+00
  angle pdb=" H1  TRP A   1 "
        pdb=" N   TRP A   1 "
        pdb=" H2  TRP A   1 "
      ideal   model   delta    sigma   weight residual
     109.47  113.40   -3.93 3.00e+00 1.11e-01 1.72e+00
  angle pdb=" C   TRP A   1 "
        pdb=" N   GLY A   2 "
        pdb=" CA  GLY A   2 "
      ideal   model   delta    sigma   weight residual
     121.41  123.79   -2.38 1.96e+00 2.60e-01 1.47e+00
  ... (remaining 64 not shown)

  Histogram of dihedral angle deviations from ideal:
        0.63 -    36.27: 13
       36.27 -    71.91: 0
       71.91 -   107.56: 0
      107.56 -   143.20: 0
      143.20 -   178.84: 1
  Dihedral angle restraints: 14
    sinusoidal: 3
      harmonic: 11
  Sorted by residual:
  dihedral pdb=" O   GLY A   3 "
           pdb=" C   GLY A   3 "
           pdb=" OXT GLY A   3 "
           pdb=" HXT GLY A   3 "
      ideal   model   delta  harmonic     sigma   weight residual
       0.00  178.84 -178.84     0      3.00e+01 1.11e-03 3.55e+01
  dihedral pdb=" CA  TRP A   1 "
           pdb=" C   TRP A   1 "
           pdb=" N   GLY A   2 "
           pdb=" CA  GLY A   2 "
      ideal   model   delta  harmonic     sigma   weight residual
    -180.00 -173.99   -6.01     0      5.00e+00 4.00e-02 1.44e+00
  dihedral pdb=" CA  GLY A   2 "
           pdb=" C   GLY A   2 "
           pdb=" N   GLY A   3 "
           pdb=" CA  GLY A   3 "
      ideal   model   delta  harmonic     sigma   weight residual
     180.00  175.00    5.00     0      5.00e+00 4.00e-02 9.99e-01
  ... (remaining 11 not shown)

  Histogram of chiral volume deviations from ideal:
       0.043 -    0.043: 1
       0.043 -    0.043: 0
       0.043 -    0.043: 0
       0.043 -    0.043: 0
       0.043 -    0.043: 0
  Chirality restraints: 1
  Sorted by residual:
  chirality pdb=" CA  TRP A   1 "
            pdb=" C   TRP A   1 "
            pdb=" N   TRP A   1 "
            pdb=" CB  TRP A   1 "
    both_signs  ideal   model   delta    sigma   weight residual
      False     -2.51   -2.55    0.04 2.00e-01 2.50e+01 4.62e-02

  Planarity restraints: 6
  Sorted by residual:
                                 delta    sigma   weight rms_deltas residual
  plane pdb=" CB  TRP A   1 "   -0.017 2.00e-02 2.50e+03   2.07e-02 1.71e+01
        pdb=" CG  TRP A   1 "    0.025 2.00e-02 2.50e+03
        pdb=" CD1 TRP A   1 "    0.028 2.00e-02 2.50e+03
        pdb=" HD1 TRP A   1 "   -0.023 2.00e-02 2.50e+03
        pdb=" NE1 TRP A   1 "    0.014 2.00e-02 2.50e+03
        pdb=" HE1 TRP A   1 "   -0.008 2.00e-02 2.50e+03
        pdb=" CE2 TRP A   1 "    0.040 2.00e-02 2.50e+03
        pdb=" CZ2 TRP A   1 "   -0.005 2.00e-02 2.50e+03
        pdb=" HZ2 TRP A   1 "   -0.025 2.00e-02 2.50e+03
        pdb=" CH2 TRP A   1 "   -0.002 2.00e-02 2.50e+03
        pdb=" HH2 TRP A   1 "    0.004 2.00e-02 2.50e+03
        pdb=" CZ3 TRP A   1 "   -0.019 2.00e-02 2.50e+03
        pdb=" HZ3 TRP A   1 "    0.027 2.00e-02 2.50e+03
        pdb=" CE3 TRP A   1 "   -0.015 2.00e-02 2.50e+03
        pdb=" HE3 TRP A   1 "    0.003 2.00e-02 2.50e+03
        pdb=" CD2 TRP A   1 "   -0.027 2.00e-02 2.50e+03
                                 delta    sigma   weight rms_deltas residual
  plane pdb=" C   TRP A   1 "   -0.025 2.00e-02 2.50e+03   1.45e-02 2.11e+00
        pdb=" O   TRP A   1 "    0.010 2.00e-02 2.50e+03
        pdb=" CA  TRP A   1 "    0.007 2.00e-02 2.50e+03
        pdb=" N   GLY A   2 "    0.008 2.00e-02 2.50e+03
                                 delta    sigma   weight rms_deltas residual
  plane pdb=" O   GLY A   3 "   -0.002 2.00e-02 2.50e+03   1.22e-02 1.85e+00
        pdb=" C   GLY A   3 "   -0.012 2.00e-02 2.50e+03
        pdb=" OXT GLY A   3 "    0.019 2.00e-02 2.50e+03
        pdb=" HXT GLY A   3 "   -0.013 2.00e-02 2.50e+03
        pdb=" CA  GLY A   3 "    0.007 2.00e-02 2.50e+03
  ... (remaining 3 not shown)

  Histogram of nonbonded interaction distances:
        2.08 -     2.65: 33
        2.65 -     3.21: 58
        3.21 -     3.77: 56
        3.77 -     4.33: 58
        4.33 -     4.90: 82
  Nonbonded interactions: 287
  Sorted by model distance:
  nonbonded pdb=" O   GLY A   3 "
            pdb=" H   GLY A   3 "
     model   vdw
     2.084 1.970
  nonbonded pdb=" HZ3 TRP A   1 "
            pdb=" HE3 TRP A   1 "
     model   vdw
     2.233 1.680
  nonbonded pdb=" HA  TRP A   1 "
            pdb=" H2  TRP A   1 "
     model   vdw
     2.273 1.816
  nonbonded pdb=" HA1 GLY A   2 "
            pdb=" H   GLY A   2 "
     model   vdw
     2.282 1.816
  nonbonded pdb=" HH2 TRP A   1 "
            pdb=" HZ3 TRP A   1 "
     model   vdw
     2.283 1.680
  ... (remaining 282 not shown)

  NOTE: a complete listing of the restraints can be obtained by requesting
        output of .geo file.

                   ----------xray_structure summary----------                  

Number of scattering types: 4
  Type Number    sf(0)   Gaussians
   O       4      7.97       2
   N       4      6.97       2
   C      15      5.97       2
   H      18      1.00       2
  sf(0) = scattering factor at diffraction angle 0.
Number of scatterers: 41
At special positions: 0
Unit cell: (12.308, 13.023, 13.953, 90, 90, 90)
Space group: P 1 (No. 1)

End of input processing
r_work=0.3965 r_free=0.3582
params.data_weight: None
params.restraints: cctbx
rmsd(b), start:  0.0906
mc:   0 R: 0.1299 rmsd(b):  0.1043 restraint_scale:  2.0 min_steps: 42
mc:   1 R: 0.0399 rmsd(b):  0.0175 restraint_scale:  2.0 min_steps: 34
mc:   2 R: 0.0116 rmsd(b):  0.0242 restraint_scale:  2.0 min_steps: 32
mc:   3 R: 0.0087 rmsd(b):  0.0508 restraint_scale:  4.0 min_steps: 26
mc:   4 R: 0.0086 rmsd(b):  0.0503 restraint_scale:  8.0 min_steps: 8
Convergence reached, stop now.
see the result structure:  ./p26/04_results/refine_cctbx/208_WGG04-new/0.9/3.pdb
Time: 5.9717
