phenix.python
you are importing  adaptive calculator, and it does nothing. Please give it energy, force....... 

============================== Collecting inputs ==============================


                   ----------Processing X-ray data----------                   

F-obs:
  /scratch/m_zhen01/30995.lupus.uni-muenster.de/p26/02_mtz/207_WGG08-new.mtz:F-obs
Miller array info: None
Observation type: xray.amplitude
Type of data: double, size=218
Type of sigmas: None
Number of Miller indices: 218
Anomalous flag: False
Unit cell: (13.023, 14.053, 11.967, 90, 90, 90)
Space group: P 1 (No. 1)
Systematic absences: 0
Centric reflections: 0
Resolution range: 3.989 2.50428
Completeness in resolution range: 1
Completeness with d_max=infinity: 0.751724

Number of F-obs in resolution range:                   218
Number of F-obs<0 (these reflections will be rejected): 0
Number of F-obs=0 (these reflections will be used in refinement): 0
Refinement resolution range: d_max =   3.9890
                             d_min =   2.5043

R-free flags:
  /scratch/m_zhen01/30995.lupus.uni-muenster.de/p26/02_mtz/207_WGG08-new.mtz:R-free-flags
Miller array info: /scratch/m_zhen01/30995.lupus.uni-muenster.de/p26/02_mtz/207_WGG08-new.mtz:R-free-flags
Observation type: None
Type of data: int, size=218
Type of sigmas: None
Number of Miller indices: 218
Anomalous flag: False
Unit cell: (13.023, 14.053, 11.967, 90, 90, 90)
Space group: P 1 (No. 1)
Systematic absences: 0
Centric reflections: 0
Resolution range: 3.989 2.50428
Completeness in resolution range: 1
Completeness with d_max=infinity: 0.751724
Wavelength: 1.0000

Test (R-free flags) flag value: 1

Number of work/free reflections by resolution:
                                  work free  %free
  bin  1: 3.9890 - 3.6511 [23/23]   19    4  17.4%
  bin  2: 3.6511 - 3.4047 [21/21]   21    0   0.0%
  bin  3: 3.4047 - 3.2137 [19/19]   19    0   0.0%
  bin  4: 3.2137 - 3.0594 [28/28]   28    0   0.0%
  bin  5: 3.0594 - 2.9310 [21/21]   17    4  19.0%
  bin  6: 2.9310 - 2.8218 [18/18]   14    4  22.2%
  bin  7: 2.8218 - 2.7273 [25/25]   25    0   0.0%
  bin  8: 2.7273 - 2.6442 [28/28]   24    4  14.3%
  bin  9: 2.6442 - 2.5705 [13/13]   13    0   0.0%
  bin 10: 2.5705 - 2.5043 [22/22]   18    4  18.2%
                          overall  198   20   9.2%

                   ----------Processing PDB file(s)----------                  

  Monomer Library directory:
    "/tmp1/m_zhen01/phenix-installer-1.10.1-2155-intel-linux-2.6-x86_64-centos5/phenix-1.10.1-2155/modules/chem_data/mon_lib"
  Total number of atoms: 41
  Number of models: 1
  Model: ""
    Number of chains: 1
    Chain: "A"
      Number of atoms: 41
      Number of conformers: 1
      Conformer: ""
        Number of residues, atoms: 3, 41
          Classifications: {'peptide': 3}
          Modifications used: {'NH2NOTPRO': 1, 'COOH': 1}
          Link IDs: {'TRANS': 2}
  Time building chain proxies: 0.07, per 1000 atoms: 1.71
  Number of scatterers: 41
  At special positions: 0
  Unit cell: (13.023, 14.053, 11.967, 90, 90, 90)
  Space group: P 1 (No. 1)
  Number of sites at special positions: 0
  Number of scattering types: 4
    Type Number    sf(0)
     O       4      8.00
     N       4      7.00
     C      15      6.00
     H      18      1.00
    sf(0) = scattering factor at diffraction angle 0.

  Number of disulfides: simple=0, symmetry=0

  Automatic linking
    Parameters for automatic linking
      Linking & cutoffs
        Metal                : False - 3.50
        Amimo acid           : False - 1.90
        Carbohydrate         : True  - 1.99
        Ligands              : True  - 1.99
        Amino acid - RNA/DNA : False
      
  Number of custom bonds: simple=0, symmetry=0
  Time building additional restraints: 0.03
  Conformation dependent library (CDL) restraints added in 2.4 milliseconds
  
  Adding C-beta torsion restraints...
  Number of C-beta restraints generated:  2
  Time building geometry restraints manager: 0.03 seconds

  NOTE: a complete listing of the restraints can be obtained by requesting
        output of .geo file.

  Histogram of bond lengths:
        0.85 -     0.99: 16
        0.99 -     1.13: 2
        1.13 -     1.28: 3
        1.28 -     1.42: 12
        1.42 -     1.57: 9
  Bond restraints: 42
  Sorted by residual:
  bond pdb=" CD1 TRP A   1 "
       pdb=" HD1 TRP A   1 "
    ideal  model  delta    sigma   weight residual
    0.930  0.880  0.050 2.00e-02 2.50e+03 6.20e+00
  bond pdb=" C   TRP A   1 "
       pdb=" O   TRP A   1 "
    ideal  model  delta    sigma   weight residual
    1.231  1.278 -0.047 2.00e-02 2.50e+03 5.49e+00
  bond pdb=" C   GLY A   2 "
       pdb=" O   GLY A   2 "
    ideal  model  delta    sigma   weight residual
    1.235  1.207  0.028 1.35e-02 5.49e+03 4.28e+00
  bond pdb=" CE3 TRP A   1 "
       pdb=" HE3 TRP A   1 "
    ideal  model  delta    sigma   weight residual
    0.930  0.966 -0.036 2.00e-02 2.50e+03 3.32e+00
  bond pdb=" CA  TRP A   1 "
       pdb=" CB  TRP A   1 "
    ideal  model  delta    sigma   weight residual
    1.530  1.566 -0.036 2.00e-02 2.50e+03 3.17e+00
  ... (remaining 37 not shown)

  Histogram of bond angle deviations from ideal:
      104.62 -   110.48: 26
      110.48 -   116.34: 9
      116.34 -   122.20: 21
      122.20 -   128.07: 9
      128.07 -   133.93: 4
  Bond angle restraints: 69
  Sorted by residual:
  angle pdb=" O   TRP A   1 "
        pdb=" C   TRP A   1 "
        pdb=" N   GLY A   2 "
      ideal   model   delta    sigma   weight residual
     123.00  119.54    3.46 1.60e+00 3.91e-01 4.68e+00
  angle pdb=" C   TRP A   1 "
        pdb=" CA  TRP A   1 "
        pdb=" CB  TRP A   1 "
      ideal   model   delta    sigma   weight residual
     110.10  113.50   -3.40 1.90e+00 2.77e-01 3.20e+00
  angle pdb=" CA  TRP A   1 "
        pdb=" C   TRP A   1 "
        pdb=" N   GLY A   2 "
      ideal   model   delta    sigma   weight residual
     116.20  119.43   -3.23 2.00e+00 2.50e-01 2.62e+00
  angle pdb=" C   GLY A   3 "
        pdb=" CA  GLY A   3 "
        pdb=" HA2 GLY A   3 "
      ideal   model   delta    sigma   weight residual
     109.00  104.62    4.38 3.00e+00 1.11e-01 2.14e+00
  angle pdb=" C   GLY A   3 "
        pdb=" CA  GLY A   3 "
        pdb=" N   GLY A   3 "
      ideal   model   delta    sigma   weight residual
     113.30  117.36   -4.06 2.90e+00 1.19e-01 1.96e+00
  ... (remaining 64 not shown)

  Histogram of dihedral angle deviations from ideal:
        0.39 -    36.28: 12
       36.28 -    72.17: 1
       72.17 -   108.05: 0
      108.05 -   143.94: 0
      143.94 -   179.83: 1
  Dihedral angle restraints: 14
    sinusoidal: 3
      harmonic: 11
  Sorted by residual:
  dihedral pdb=" O   GLY A   3 "
           pdb=" C   GLY A   3 "
           pdb=" OXT GLY A   3 "
           pdb=" HXT GLY A   3 "
      ideal   model   delta  harmonic     sigma   weight residual
       0.00  179.83 -179.83     0      3.00e+01 1.11e-03 3.59e+01
  dihedral pdb=" OXT GLY A   3 "
           pdb=" C   GLY A   3 "
           pdb=" CA  GLY A   3 "
           pdb=" N   GLY A   3 "
      ideal   model   delta sinusoidal    sigma   weight residual
     -20.00  -81.75   61.75     2      3.00e+01 1.11e-03 4.14e+00
  dihedral pdb=" CG  TRP A   1 "
           pdb=" CE3 TRP A   1 "
           pdb=" CD2 TRP A   1 "
           pdb=" HE3 TRP A   1 "
      ideal   model   delta  harmonic     sigma   weight residual
       0.00   -7.92    7.92     0      5.00e+00 4.00e-02 2.51e+00
  ... (remaining 11 not shown)

  Histogram of chiral volume deviations from ideal:
       0.089 -    0.089: 1
       0.089 -    0.089: 0
       0.089 -    0.089: 0
       0.089 -    0.089: 0
       0.089 -    0.089: 0
  Chirality restraints: 1
  Sorted by residual:
  chirality pdb=" CA  TRP A   1 "
            pdb=" C   TRP A   1 "
            pdb=" N   TRP A   1 "
            pdb=" CB  TRP A   1 "
    both_signs  ideal   model   delta    sigma   weight residual
      False     -2.51   -2.60    0.09 2.00e-01 2.50e+01 2.00e-01

  Planarity restraints: 6
  Sorted by residual:
                                 delta    sigma   weight rms_deltas residual
  plane pdb=" CB  TRP A   1 "    0.007 2.00e-02 2.50e+03   1.64e-02 1.07e+01
        pdb=" CG  TRP A   1 "   -0.007 2.00e-02 2.50e+03
        pdb=" CD1 TRP A   1 "    0.023 2.00e-02 2.50e+03
        pdb=" HD1 TRP A   1 "   -0.011 2.00e-02 2.50e+03
        pdb=" NE1 TRP A   1 "    0.016 2.00e-02 2.50e+03
        pdb=" HE1 TRP A   1 "   -0.007 2.00e-02 2.50e+03
        pdb=" CE2 TRP A   1 "   -0.025 2.00e-02 2.50e+03
        pdb=" CZ2 TRP A   1 "   -0.010 2.00e-02 2.50e+03
        pdb=" HZ2 TRP A   1 "   -0.008 2.00e-02 2.50e+03
        pdb=" CH2 TRP A   1 "    0.012 2.00e-02 2.50e+03
        pdb=" HH2 TRP A   1 "    0.021 2.00e-02 2.50e+03
        pdb=" CZ3 TRP A   1 "    0.006 2.00e-02 2.50e+03
        pdb=" HZ3 TRP A   1 "   -0.008 2.00e-02 2.50e+03
        pdb=" CE3 TRP A   1 "   -0.036 2.00e-02 2.50e+03
        pdb=" HE3 TRP A   1 "    0.008 2.00e-02 2.50e+03
        pdb=" CD2 TRP A   1 "    0.020 2.00e-02 2.50e+03
                                 delta    sigma   weight rms_deltas residual
  plane pdb=" C   TRP A   1 "    0.010 2.00e-02 2.50e+03   1.83e-02 3.37e+00
        pdb=" CA  GLY A   2 "    0.008 2.00e-02 2.50e+03
        pdb=" N   GLY A   2 "   -0.032 2.00e-02 2.50e+03
        pdb=" H   GLY A   2 "    0.014 2.00e-02 2.50e+03
                                 delta    sigma   weight rms_deltas residual
  plane pdb=" C   TRP A   1 "    0.026 2.00e-02 2.50e+03   1.49e-02 2.22e+00
        pdb=" O   TRP A   1 "   -0.009 2.00e-02 2.50e+03
        pdb=" CA  TRP A   1 "   -0.008 2.00e-02 2.50e+03
        pdb=" N   GLY A   2 "   -0.009 2.00e-02 2.50e+03
  ... (remaining 3 not shown)

  Histogram of nonbonded interaction distances:
        2.14 -     2.69: 32
        2.69 -     3.24: 64
        3.24 -     3.79: 62
        3.79 -     4.34: 61
        4.34 -     4.89: 93
  Nonbonded interactions: 312
  Sorted by model distance:
  nonbonded pdb=" HA2 GLY A   2 "
            pdb=" H   GLY A   2 "
     model   vdw
     2.145 1.816
  nonbonded pdb=" HA1 GLY A   3 "
            pdb=" H   GLY A   3 "
     model   vdw
     2.200 1.816
  nonbonded pdb=" HXT GLY A   3 "
            pdb=" HA2 GLY A   3 "
     model   vdw
     2.221 2.270
  nonbonded pdb=" HA1 GLY A   2 "
            pdb=" H   GLY A   3 "
     model   vdw
     2.253 2.270
  nonbonded pdb=" HH2 TRP A   1 "
            pdb=" HZ3 TRP A   1 "
     model   vdw
     2.283 1.680
  ... (remaining 307 not shown)

  NOTE: a complete listing of the restraints can be obtained by requesting
        output of .geo file.

                   ----------xray_structure summary----------                  

Number of scattering types: 4
  Type Number    sf(0)   Gaussians
   O       4      7.97       2
   N       4      6.97       2
   C      15      5.97       2
   H      18      1.00       2
  sf(0) = scattering factor at diffraction angle 0.
Number of scatterers: 41
At special positions: 0
Unit cell: (13.023, 14.053, 11.967, 90, 90, 90)
Space group: P 1 (No. 1)

End of input processing
r_work=0.5761 r_free=0.5845
params.data_weight: None
params.restraints: cctbx
rmsd(b), start:  0.0852
mc:   0 R: 0.3977 rmsd(b):  0.2900 restraint_scale:  2.0 min_steps: 40
mc:   1 R: 0.3939 rmsd(b):  0.1926 restraint_scale:  4.0 min_steps: 46
mc:   2 R: 0.4134 rmsd(b):  0.1958 restraint_scale:  8.0 min_steps: 29
mc:   3 R: 0.4440 rmsd(b):  0.0514 restraint_scale: 16.0 min_steps: 53
mc:   4 R: 0.4031 rmsd(b):  0.0263 restraint_scale: 16.0 min_steps: 53
mc:   5 R: 0.3101 rmsd(b):  0.0262 restraint_scale: 16.0 min_steps: 54
mc:   6 R: 0.3151 rmsd(b):  0.0231 restraint_scale: 16.0 min_steps: 47
mc:   7 R: 0.3109 rmsd(b):  0.0228 restraint_scale: 16.0 min_steps: 11
mc:   8 R: 0.3017 rmsd(b):  0.0316 restraint_scale: 32.0 min_steps: 20
mc:   9 R: 0.3145 rmsd(b):  0.0124 restraint_scale: 32.0 min_steps: 29
mc:  10 R: 0.3140 rmsd(b):  0.0173 restraint_scale: 32.0 min_steps: 18
mc:  11 R: 0.3159 rmsd(b):  0.0147 restraint_scale: 32.0 min_steps: 8
mc:  12 R: 0.3159 rmsd(b):  0.0147 restraint_scale: 32.0 min_steps: 1
Convergence reached, stop now.
see the result structure:  ./p26/04_results/refine_cctbx/207_WGG08-new/1.2/0.pdb
Time: 8.2296
