phenix.python
you are importing  adaptive calculator, and it does nothing. Please give it energy, force....... 

============================== Collecting inputs ==============================


                   ----------Processing X-ray data----------                   

F-obs:
  /scratch/m_zhen01/30994.lupus.uni-muenster.de/p26/02_mtz/254_FGG300-new.mtz:F-obs
Miller array info: None
Observation type: xray.amplitude
Type of data: double, size=210
Type of sigmas: None
Number of Miller indices: 210
Anomalous flag: False
Unit cell: (16.768, 12.41, 9.912, 90, 90, 90)
Space group: P 1 (No. 1)
Systematic absences: 0
Centric reflections: 0
Resolution range: 3.97154 2.50919
Completeness in resolution range: 1
Completeness with d_max=infinity: 0.758123

Number of F-obs in resolution range:                   210
Number of F-obs<0 (these reflections will be rejected): 0
Number of F-obs=0 (these reflections will be used in refinement): 0
Refinement resolution range: d_max =   3.9715
                             d_min =   2.5092

R-free flags:
  /scratch/m_zhen01/30994.lupus.uni-muenster.de/p26/02_mtz/254_FGG300-new.mtz:R-free-flags
Miller array info: /scratch/m_zhen01/30994.lupus.uni-muenster.de/p26/02_mtz/254_FGG300-new.mtz:R-free-flags
Observation type: None
Type of data: int, size=210
Type of sigmas: None
Number of Miller indices: 210
Anomalous flag: False
Unit cell: (16.768, 12.41, 9.912, 90, 90, 90)
Space group: P 1 (No. 1)
Systematic absences: 0
Centric reflections: 0
Resolution range: 3.97154 2.50919
Completeness in resolution range: 1
Completeness with d_max=infinity: 0.758123
Wavelength: 1.0000

Test (R-free flags) flag value: 1

Number of work/free reflections by resolution:
                                  work free  %free
  bin  1: 3.9715 - 3.6422 [28/28]   24    4  14.3%
  bin  2: 3.6422 - 3.4005 [14/14]   14    0   0.0%
  bin  3: 3.4005 - 3.2124 [12/12]   12    0   0.0%
  bin  4: 3.2124 - 3.0601 [35/35]   31    4  11.4%
  bin  5: 3.0601 - 2.9331 [16/16]   16    0   0.0%
  bin  6: 2.9331 - 2.8248 [22/22]   18    4  18.2%
  bin  7: 2.8248 - 2.7309 [23/23]   23    0   0.0%
  bin  8: 2.7309 - 2.6484 [10/10]   10    0   0.0%
  bin  9: 2.6484 - 2.5750 [24/24]   20    4  16.7%
  bin 10: 2.5750 - 2.5092 [26/26]   26    0   0.0%
                          overall  194   16   7.6%

                   ----------Processing PDB file(s)----------                  

  Monomer Library directory:
    "/tmp1/m_zhen01/phenix-installer-1.10.1-2155-intel-linux-2.6-x86_64-centos5/phenix-1.10.1-2155/modules/chem_data/mon_lib"
  Total number of atoms: 37
  Number of models: 1
  Model: ""
    Number of chains: 1
    Chain: "A"
      Number of atoms: 37
      Number of conformers: 1
      Conformer: ""
        Number of residues, atoms: 3, 37
          Classifications: {'peptide': 3}
          Modifications used: {'NH2NOTPRO': 1, 'COOH': 1}
          Link IDs: {'TRANS': 2}
  Time building chain proxies: 0.07, per 1000 atoms: 1.89
  Number of scatterers: 37
  At special positions: 0
  Unit cell: (16.768, 12.41, 9.912, 90, 90, 90)
  Space group: P 1 (No. 1)
  Number of sites at special positions: 0
  Number of scattering types: 4
    Type Number    sf(0)
     O       4      8.00
     N       3      7.00
     C      13      6.00
     H      17      1.00
    sf(0) = scattering factor at diffraction angle 0.

  Number of disulfides: simple=0, symmetry=0

  Automatic linking
    Parameters for automatic linking
      Linking & cutoffs
        Metal                : False - 3.50
        Amimo acid           : False - 1.90
        Carbohydrate         : True  - 1.99
        Ligands              : True  - 1.99
        Amino acid - RNA/DNA : False
      
  Number of custom bonds: simple=0, symmetry=0
  Time building additional restraints: 0.02
  Conformation dependent library (CDL) restraints added in 2.8 milliseconds
  
  Adding C-beta torsion restraints...
  Number of C-beta restraints generated:  2
  Time building geometry restraints manager: 0.03 seconds

  NOTE: a complete listing of the restraints can be obtained by requesting
        output of .geo file.

  Histogram of bond lengths:
        0.84 -     0.98: 14
        0.98 -     1.12: 3
        1.12 -     1.26: 3
        1.26 -     1.40: 8
        1.40 -     1.54: 9
  Bond restraints: 37
  Sorted by residual:
  bond pdb=" CA  GLY A   2 "
       pdb=" HA1 GLY A   2 "
    ideal  model  delta    sigma   weight residual
    0.970  1.020 -0.050 2.00e-02 2.50e+03 6.22e+00
  bond pdb=" CZ  PHE A   1 "
       pdb=" HZ  PHE A   1 "
    ideal  model  delta    sigma   weight residual
    0.930  0.887  0.043 2.00e-02 2.50e+03 4.61e+00
  bond pdb=" C   GLY A   3 "
       pdb=" OXT GLY A   3 "
    ideal  model  delta    sigma   weight residual
    1.330  1.293  0.037 2.00e-02 2.50e+03 3.51e+00
  bond pdb=" CB  PHE A   1 "
       pdb=" CG  PHE A   1 "
    ideal  model  delta    sigma   weight residual
    1.502  1.535 -0.033 2.30e-02 1.89e+03 2.11e+00
  bond pdb=" N   GLY A   2 "
       pdb=" H   GLY A   2 "
    ideal  model  delta    sigma   weight residual
    0.860  0.836  0.024 2.00e-02 2.50e+03 1.49e+00
  ... (remaining 32 not shown)

  Histogram of bond angle deviations from ideal:
      103.30 -   108.27: 10
      108.27 -   113.25: 17
      113.25 -   118.22: 6
      118.22 -   123.19: 25
      123.19 -   128.17: 2
  Bond angle restraints: 60
  Sorted by residual:
  angle pdb=" HA2 GLY A   3 "
        pdb=" CA  GLY A   3 "
        pdb=" N   GLY A   3 "
      ideal   model   delta    sigma   weight residual
     110.00  103.30    6.70 3.00e+00 1.11e-01 4.99e+00
  angle pdb=" C   GLY A   3 "
        pdb=" CA  GLY A   3 "
        pdb=" N   GLY A   3 "
      ideal   model   delta    sigma   weight residual
     113.30  118.85   -5.55 2.90e+00 1.19e-01 3.66e+00
  angle pdb=" HA1 GLY A   2 "
        pdb=" CA  GLY A   2 "
        pdb=" N   GLY A   2 "
      ideal   model   delta    sigma   weight residual
     110.00  105.05    4.95 3.00e+00 1.11e-01 2.73e+00
  angle pdb=" C   PHE A   1 "
        pdb=" N   GLY A   2 "
        pdb=" CA  GLY A   2 "
      ideal   model   delta    sigma   weight residual
     121.41  118.52    2.89 1.96e+00 2.60e-01 2.18e+00
  angle pdb=" CA  PHE A   1 "
        pdb=" CB  PHE A   1 "
        pdb=" CG  PHE A   1 "
      ideal   model   delta    sigma   weight residual
     113.80  112.46    1.34 1.00e+00 1.00e+00 1.79e+00
  ... (remaining 55 not shown)

  Histogram of dihedral angle deviations from ideal:
        0.14 -     4.88: 10
        4.88 -     9.63: 1
        9.63 -    14.37: 0
       14.37 -    19.12: 1
       19.12 -    23.86: 1
  Dihedral angle restraints: 13
    sinusoidal: 3
      harmonic: 10
  Sorted by residual:
  dihedral pdb=" CA  GLY A   2 "
           pdb=" C   GLY A   2 "
           pdb=" N   GLY A   3 "
           pdb=" CA  GLY A   3 "
      ideal   model   delta  harmonic     sigma   weight residual
    -180.00 -165.15  -14.85     0      5.00e+00 4.00e-02 8.83e+00
  dihedral pdb=" OXT GLY A   3 "
           pdb=" C   GLY A   3 "
           pdb=" CA  GLY A   3 "
           pdb=" N   GLY A   3 "
      ideal   model   delta sinusoidal    sigma   weight residual
     160.00 -176.14  -23.86     2      3.00e+01 1.11e-03 8.73e-01
  dihedral pdb=" C   PHE A   1 "
           pdb=" N   PHE A   1 "
           pdb=" CA  PHE A   1 "
           pdb=" CB  PHE A   1 "
      ideal   model   delta  harmonic     sigma   weight residual
    -122.60 -121.25   -1.35     0      2.50e+00 1.60e-01 2.93e-01
  ... (remaining 10 not shown)

  Histogram of chiral volume deviations from ideal:
       0.022 -    0.022: 1
       0.022 -    0.022: 0
       0.022 -    0.022: 0
       0.022 -    0.022: 0
       0.022 -    0.022: 0
  Chirality restraints: 1
  Sorted by residual:
  chirality pdb=" CA  PHE A   1 "
            pdb=" C   PHE A   1 "
            pdb=" N   PHE A   1 "
            pdb=" CB  PHE A   1 "
    both_signs  ideal   model   delta    sigma   weight residual
      False     -2.51   -2.49   -0.02 2.00e-01 2.50e+01 1.25e-02

  Planarity restraints: 6
  Sorted by residual:
                                 delta    sigma   weight rms_deltas residual
  plane pdb=" O   GLY A   3 "    0.008 2.00e-02 2.50e+03   1.50e-02 2.80e+00
        pdb=" C   GLY A   3 "   -0.029 2.00e-02 2.50e+03
        pdb=" OXT GLY A   3 "    0.001 2.00e-02 2.50e+03
        pdb=" HXT GLY A   3 "    0.008 2.00e-02 2.50e+03
        pdb=" CA  GLY A   3 "    0.012 2.00e-02 2.50e+03
                                 delta    sigma   weight rms_deltas residual
  plane pdb=" C   PHE A   1 "    0.027 2.00e-02 2.50e+03   1.55e-02 2.39e+00
        pdb=" O   PHE A   1 "   -0.010 2.00e-02 2.50e+03
        pdb=" CA  PHE A   1 "   -0.008 2.00e-02 2.50e+03
        pdb=" N   GLY A   2 "   -0.009 2.00e-02 2.50e+03
                                 delta    sigma   weight rms_deltas residual
  plane pdb=" CB  PHE A   1 "    0.006 2.00e-02 2.50e+03   8.91e-03 2.38e+00
        pdb=" CG  PHE A   1 "    0.017 2.00e-02 2.50e+03
        pdb=" CD2 PHE A   1 "   -0.001 2.00e-02 2.50e+03
        pdb=" HD2 PHE A   1 "   -0.014 2.00e-02 2.50e+03
        pdb=" CE2 PHE A   1 "    0.003 2.00e-02 2.50e+03
        pdb=" HE2 PHE A   1 "   -0.003 2.00e-02 2.50e+03
        pdb=" CZ  PHE A   1 "    0.005 2.00e-02 2.50e+03
        pdb=" HZ  PHE A   1 "    0.001 2.00e-02 2.50e+03
        pdb=" CE1 PHE A   1 "    0.012 2.00e-02 2.50e+03
        pdb=" HE1 PHE A   1 "   -0.008 2.00e-02 2.50e+03
        pdb=" CD1 PHE A   1 "   -0.004 2.00e-02 2.50e+03
        pdb=" HD1 PHE A   1 "   -0.013 2.00e-02 2.50e+03
  ... (remaining 3 not shown)

  Histogram of nonbonded interaction distances:
        2.07 -     2.63: 33
        2.63 -     3.19: 47
        3.19 -     3.74: 46
        3.74 -     4.30: 39
        4.30 -     4.86: 62
  Nonbonded interactions: 227
  Sorted by model distance:
  nonbonded pdb=" H2  PHE A   1 "
            pdb=" HA  PHE A   1 "
     model   vdw
     2.072 1.816
  nonbonded pdb=" O   GLY A   3 "
            pdb=" HXT GLY A   3 "
     model   vdw
     2.136 2.056
  nonbonded pdb=" HE2 PHE A   1 "
            pdb=" HZ  PHE A   1 "
     model   vdw
     2.231 1.680
  nonbonded pdb=" HZ  PHE A   1 "
            pdb=" HE1 PHE A   1 "
     model   vdw
     2.277 1.680
  nonbonded pdb=" H1  PHE A   1 "
            pdb=" HB1 PHE A   1 "
     model   vdw
     2.294 2.270
  ... (remaining 222 not shown)

  NOTE: a complete listing of the restraints can be obtained by requesting
        output of .geo file.

                   ----------xray_structure summary----------                  

Number of scattering types: 4
  Type Number    sf(0)   Gaussians
   O       4      7.97       2
   N       3      6.97       2
   C      13      5.97       2
   H      17      1.00       2
  sf(0) = scattering factor at diffraction angle 0.
Number of scatterers: 37
At special positions: 0
Unit cell: (16.768, 12.41, 9.912, 90, 90, 90)
Space group: P 1 (No. 1)

End of input processing
r_work=0.5679 r_free=0.5689
params.data_weight: 0.0
params.restraints: qm
rmsd(b), start:  0.0894
mc:   0 R: 0.5756 rmsd(b):  0.0282 restraint_scale:  1.0 min_steps: 52
mc:   1 R: 0.5536 rmsd(b):  0.0281 restraint_scale:  1.0 min_steps: 54
mc:   2 R: 0.5470 rmsd(b):  0.0279 restraint_scale:  1.0 min_steps: 55
mc:   3 R: 0.5446 rmsd(b):  0.0282 restraint_scale:  1.0 min_steps: 53
mc:   4 R: 0.5704 rmsd(b):  0.0280 restraint_scale:  1.0 min_steps: 54
mc:   5 R: 0.5724 rmsd(b):  0.0281 restraint_scale:  1.0 min_steps: 52
mc:   6 R: 0.5724 rmsd(b):  0.0282 restraint_scale:  1.0 min_steps: 17
Convergence reached, stop now.
see the result structure:  ./p26/04_results/opt_qm/254_FGG300-new/1.2/1.pdb
Time: 307.1549
