phenix.python
you are importing  adaptive calculator, and it does nothing. Please give it energy, force....... 

============================== Collecting inputs ==============================


                   ----------Processing X-ray data----------                   

F-obs:
  /scratch/m_zhen01/31011.lupus.uni-muenster.de/p26/02_mtz/231_GGF01-new.mtz:F-obs
Miller array info: None
Observation type: xray.amplitude
Type of data: double, size=171
Type of sigmas: None
Number of Miller indices: 171
Anomalous flag: False
Unit cell: (12.408, 13.107, 10.683, 90, 90, 90)
Space group: P 1 (No. 1)
Systematic absences: 0
Centric reflections: 0
Resolution range: 3.94428 2.52193
Completeness in resolution range: 1
Completeness with d_max=infinity: 0.753304

Number of F-obs in resolution range:                   171
Number of F-obs<0 (these reflections will be rejected): 0
Number of F-obs=0 (these reflections will be used in refinement): 0
Refinement resolution range: d_max =   3.9443
                             d_min =   2.5219

R-free flags:
  /scratch/m_zhen01/31011.lupus.uni-muenster.de/p26/02_mtz/231_GGF01-new.mtz:R-free-flags
Miller array info: /scratch/m_zhen01/31011.lupus.uni-muenster.de/p26/02_mtz/231_GGF01-new.mtz:R-free-flags
Observation type: None
Type of data: int, size=171
Type of sigmas: None
Number of Miller indices: 171
Anomalous flag: False
Unit cell: (12.408, 13.107, 10.683, 90, 90, 90)
Space group: P 1 (No. 1)
Systematic absences: 0
Centric reflections: 0
Resolution range: 3.94428 2.52193
Completeness in resolution range: 1
Completeness with d_max=infinity: 0.753304
Wavelength: 1.0000

Test (R-free flags) flag value: 1

Number of work/free reflections by resolution:
                                  work free  %free
  bin  1: 3.9443 - 3.6303 [20/20]   20    0   0.0%
  bin  2: 3.6303 - 3.3972 [13/13]   13    0   0.0%
  bin  3: 3.3972 - 3.2143 [21/21]   21    0   0.0%
  bin  4: 3.2143 - 3.0654 [13/13]   11    2  15.4%
  bin  5: 3.0654 - 2.9408 [22/22]   20    2   9.1%
  bin  6: 2.9408 - 2.8342 [14/14]   14    0   0.0%
  bin  7: 2.8342 - 2.7415 [14/14]   14    0   0.0%
  bin  8: 2.7415 - 2.6599 [17/17]   17    0   0.0%
  bin  9: 2.6599 - 2.5873 [17/17]   13    4  23.5%
  bin 10: 2.5873 - 2.5219 [20/20]   20    0   0.0%
                          overall  163    8   4.7%

                   ----------Processing PDB file(s)----------                  

  Monomer Library directory:
    "/tmp1/m_zhen01/phenix-installer-1.10.1-2155-intel-linux-2.6-x86_64-centos5/phenix-1.10.1-2155/modules/chem_data/mon_lib"
  Total number of atoms: 37
  Number of models: 1
  Model: ""
    Number of chains: 1
    Chain: "A"
      Number of atoms: 37
      Number of conformers: 1
      Conformer: ""
        Number of residues, atoms: 3, 37
          Classifications: {'peptide': 3}
          Modifications used: {'NH2NOTPRO': 1, 'COOH': 1}
          Link IDs: {'TRANS': 2}
  Time building chain proxies: 0.07, per 1000 atoms: 1.89
  Number of scatterers: 37
  At special positions: 0
  Unit cell: (12.408, 13.107, 10.683, 90, 90, 90)
  Space group: P 1 (No. 1)
  Number of sites at special positions: 0
  Number of scattering types: 4
    Type Number    sf(0)
     O       4      8.00
     N       3      7.00
     C      13      6.00
     H      17      1.00
    sf(0) = scattering factor at diffraction angle 0.

  Number of disulfides: simple=0, symmetry=0

  Automatic linking
    Parameters for automatic linking
      Linking & cutoffs
        Metal                : False - 3.50
        Amimo acid           : False - 1.90
        Carbohydrate         : True  - 1.99
        Ligands              : True  - 1.99
        Amino acid - RNA/DNA : False
      
  Number of custom bonds: simple=0, symmetry=0
  Time building additional restraints: 0.02
  Conformation dependent library (CDL) restraints added in 2.8 milliseconds
  
  Adding C-beta torsion restraints...
  Number of C-beta restraints generated:  2
  Time building geometry restraints manager: 0.02 seconds

  NOTE: a complete listing of the restraints can be obtained by requesting
        output of .geo file.

  Histogram of bond lengths:
        0.83 -     0.98: 13
        0.98 -     1.12: 4
        1.12 -     1.26: 3
        1.26 -     1.40: 8
        1.40 -     1.55: 9
  Bond restraints: 37
  Sorted by residual:
  bond pdb=" CA  GLY A   2 "
       pdb=" HA2 GLY A   2 "
    ideal  model  delta    sigma   weight residual
    0.970  0.919  0.051 2.00e-02 2.50e+03 6.55e+00
  bond pdb=" OXT PHE A   3 "
       pdb=" HXT PHE A   3 "
    ideal  model  delta    sigma   weight residual
    0.948  0.996 -0.048 2.00e-02 2.50e+03 5.72e+00
  bond pdb=" CZ  PHE A   3 "
       pdb=" HZ  PHE A   3 "
    ideal  model  delta    sigma   weight residual
    0.930  0.964 -0.034 2.00e-02 2.50e+03 2.95e+00
  bond pdb=" C   GLY A   1 "
       pdb=" CA  GLY A   1 "
    ideal  model  delta    sigma   weight residual
    1.516  1.546 -0.030 1.80e-02 3.09e+03 2.81e+00
  bond pdb=" C   GLY A   1 "
       pdb=" N   GLY A   2 "
    ideal  model  delta    sigma   weight residual
    1.331  1.354 -0.024 1.46e-02 4.69e+03 2.60e+00
  ... (remaining 32 not shown)

  Histogram of bond angle deviations from ideal:
      103.23 -   107.63: 12
      107.63 -   112.04: 6
      112.04 -   116.44: 11
      116.44 -   120.85: 19
      120.85 -   125.25: 12
  Bond angle restraints: 60
  Sorted by residual:
  angle pdb=" HB1 PHE A   3 "
        pdb=" CB  PHE A   3 "
        pdb=" HB2 PHE A   3 "
      ideal   model   delta    sigma   weight residual
     110.00  103.23    6.77 3.00e+00 1.11e-01 5.10e+00
  angle pdb=" CA  PHE A   3 "
        pdb=" CB  PHE A   3 "
        pdb=" CG  PHE A   3 "
      ideal   model   delta    sigma   weight residual
     113.80  115.77   -1.97 1.00e+00 1.00e+00 3.89e+00
  angle pdb=" HA2 GLY A   2 "
        pdb=" CA  GLY A   2 "
        pdb=" N   GLY A   2 "
      ideal   model   delta    sigma   weight residual
     110.00  104.29    5.71 3.00e+00 1.11e-01 3.62e+00
  angle pdb=" C   PHE A   3 "
        pdb=" CA  PHE A   3 "
        pdb=" HA  PHE A   3 "
      ideal   model   delta    sigma   weight residual
     109.00  103.83    5.17 3.00e+00 1.11e-01 2.97e+00
  angle pdb=" C   GLY A   1 "
        pdb=" N   GLY A   2 "
        pdb=" CA  GLY A   2 "
      ideal   model   delta    sigma   weight residual
     121.41  118.28    3.13 1.96e+00 2.60e-01 2.55e+00
  ... (remaining 55 not shown)

  Histogram of dihedral angle deviations from ideal:
        0.01 -    35.81: 12
       35.81 -    71.62: 0
       71.62 -   107.42: 0
      107.42 -   143.22: 0
      143.22 -   179.02: 1
  Dihedral angle restraints: 13
    sinusoidal: 3
      harmonic: 10
  Sorted by residual:
  dihedral pdb=" O   PHE A   3 "
           pdb=" C   PHE A   3 "
           pdb=" OXT PHE A   3 "
           pdb=" HXT PHE A   3 "
      ideal   model   delta  harmonic     sigma   weight residual
       0.00  179.02 -179.02     0      3.00e+01 1.11e-03 3.56e+01
  dihedral pdb=" N   PHE A   3 "
           pdb=" CA  PHE A   3 "
           pdb=" CB  PHE A   3 "
           pdb=" CG  PHE A   3 "
      ideal   model   delta sinusoidal    sigma   weight residual
      60.00   88.72  -28.72     3      1.50e+01 4.44e-03 4.42e+00
  dihedral pdb=" CA  GLY A   1 "
           pdb=" C   GLY A   1 "
           pdb=" N   GLY A   2 "
           pdb=" CA  GLY A   2 "
      ideal   model   delta  harmonic     sigma   weight residual
    -180.00 -175.53   -4.47     0      5.00e+00 4.00e-02 7.97e-01
  ... (remaining 10 not shown)

  Histogram of chiral volume deviations from ideal:
       0.053 -    0.053: 1
       0.053 -    0.053: 0
       0.053 -    0.053: 0
       0.053 -    0.053: 0
       0.053 -    0.053: 0
  Chirality restraints: 1
  Sorted by residual:
  chirality pdb=" CA  PHE A   3 "
            pdb=" C   PHE A   3 "
            pdb=" N   PHE A   3 "
            pdb=" CB  PHE A   3 "
    both_signs  ideal   model   delta    sigma   weight residual
      False     -2.51   -2.46   -0.05 2.00e-01 2.50e+01 7.01e-02

  Planarity restraints: 6
  Sorted by residual:
                                 delta    sigma   weight rms_deltas residual
  plane pdb=" CB  PHE A   3 "   -0.021 2.00e-02 2.50e+03   1.50e-02 6.72e+00
        pdb=" CG  PHE A   3 "    0.029 2.00e-02 2.50e+03
        pdb=" CD2 PHE A   3 "    0.008 2.00e-02 2.50e+03
        pdb=" HD2 PHE A   3 "    0.016 2.00e-02 2.50e+03
        pdb=" CE2 PHE A   3 "   -0.011 2.00e-02 2.50e+03
        pdb=" HE2 PHE A   3 "   -0.025 2.00e-02 2.50e+03
        pdb=" CZ  PHE A   3 "    0.006 2.00e-02 2.50e+03
        pdb=" HZ  PHE A   3 "    0.010 2.00e-02 2.50e+03
        pdb=" CE1 PHE A   3 "   -0.008 2.00e-02 2.50e+03
        pdb=" HE1 PHE A   3 "    0.004 2.00e-02 2.50e+03
        pdb=" CD1 PHE A   3 "    0.001 2.00e-02 2.50e+03
        pdb=" HD1 PHE A   3 "   -0.009 2.00e-02 2.50e+03
                                 delta    sigma   weight rms_deltas residual
  plane pdb=" C   GLY A   1 "   -0.030 2.00e-02 2.50e+03   1.76e-02 3.09e+00
        pdb=" O   GLY A   1 "    0.012 2.00e-02 2.50e+03
        pdb=" CA  GLY A   1 "    0.009 2.00e-02 2.50e+03
        pdb=" N   GLY A   2 "    0.010 2.00e-02 2.50e+03
                                 delta    sigma   weight rms_deltas residual
  plane pdb=" C   GLY A   2 "   -0.007 2.00e-02 2.50e+03   1.36e-02 1.85e+00
        pdb=" CA  PHE A   3 "   -0.006 2.00e-02 2.50e+03
        pdb=" N   PHE A   3 "    0.023 2.00e-02 2.50e+03
        pdb=" H   PHE A   3 "   -0.010 2.00e-02 2.50e+03
  ... (remaining 3 not shown)

  Histogram of nonbonded interaction distances:
        2.02 -     2.59: 28
        2.59 -     3.17: 50
        3.17 -     3.75: 72
        3.75 -     4.32: 70
        4.32 -     4.90: 108
  Nonbonded interactions: 328
  Sorted by model distance:
  nonbonded pdb=" HA1 GLY A   1 "
            pdb=" H2  GLY A   1 "
     model   vdw
     2.019 1.816
  nonbonded pdb=" HXT PHE A   3 "
            pdb=" H   PHE A   3 "
     model   vdw
     2.020 2.100
  nonbonded pdb=" HA2 GLY A   1 "
            pdb=" H1  GLY A   1 "
     model   vdw
     2.075 1.816
  nonbonded pdb=" HA  PHE A   3 "
            pdb=" HB1 PHE A   3 "
     model   vdw
     2.197 1.952
  nonbonded pdb=" HE2 PHE A   3 "
            pdb=" HZ  PHE A   3 "
     model   vdw
     2.286 1.680
  ... (remaining 323 not shown)

  NOTE: a complete listing of the restraints can be obtained by requesting
        output of .geo file.

                   ----------xray_structure summary----------                  

Number of scattering types: 4
  Type Number    sf(0)   Gaussians
   O       4      7.97       2
   N       3      6.97       2
   C      13      5.97       2
   H      17      1.00       2
  sf(0) = scattering factor at diffraction angle 0.
Number of scatterers: 37
At special positions: 0
Unit cell: (12.408, 13.107, 10.683, 90, 90, 90)
Space group: P 1 (No. 1)

End of input processing
r_work=0.5519 r_free=0.6008
params.data_weight: None
params.restraints: qm
rmsd(b), start:  0.0851
mc:   0 R: 0.5577 rmsd(b):  0.0297 restraint_scale:  1.0 min_steps: 52
mc:   1 R: 0.5484 rmsd(b):  0.0293 restraint_scale:  1.0 min_steps: 52
mc:   2 R: 0.5515 rmsd(b):  0.0296 restraint_scale:  1.0 min_steps: 56
mc:   3 R: 0.5514 rmsd(b):  0.0295 restraint_scale:  1.0 min_steps: 9
Convergence reached, stop now.
see the result structure:  ./p26/04_results/refine_qm/231_GGF01-new/1.5/0.pdb
Time: 169.6462
