phenix.python
you are importing  adaptive calculator, and it does nothing. Please give it energy, force....... 

============================== Collecting inputs ==============================


                   ----------Processing X-ray data----------                   

F-obs:
  /scratch/m_zhen01/31011.lupus.uni-muenster.de/p26/02_mtz/231_GGF01-new.mtz:F-obs
Miller array info: None
Observation type: xray.amplitude
Type of data: double, size=171
Type of sigmas: None
Number of Miller indices: 171
Anomalous flag: False
Unit cell: (12.408, 13.107, 10.683, 90, 90, 90)
Space group: P 1 (No. 1)
Systematic absences: 0
Centric reflections: 0
Resolution range: 3.94428 2.52193
Completeness in resolution range: 1
Completeness with d_max=infinity: 0.753304

Number of F-obs in resolution range:                   171
Number of F-obs<0 (these reflections will be rejected): 0
Number of F-obs=0 (these reflections will be used in refinement): 0
Refinement resolution range: d_max =   3.9443
                             d_min =   2.5219

R-free flags:
  /scratch/m_zhen01/31011.lupus.uni-muenster.de/p26/02_mtz/231_GGF01-new.mtz:R-free-flags
Miller array info: /scratch/m_zhen01/31011.lupus.uni-muenster.de/p26/02_mtz/231_GGF01-new.mtz:R-free-flags
Observation type: None
Type of data: int, size=171
Type of sigmas: None
Number of Miller indices: 171
Anomalous flag: False
Unit cell: (12.408, 13.107, 10.683, 90, 90, 90)
Space group: P 1 (No. 1)
Systematic absences: 0
Centric reflections: 0
Resolution range: 3.94428 2.52193
Completeness in resolution range: 1
Completeness with d_max=infinity: 0.753304
Wavelength: 1.0000

Test (R-free flags) flag value: 1

Number of work/free reflections by resolution:
                                  work free  %free
  bin  1: 3.9443 - 3.6303 [20/20]   20    0   0.0%
  bin  2: 3.6303 - 3.3972 [13/13]   13    0   0.0%
  bin  3: 3.3972 - 3.2143 [21/21]   21    0   0.0%
  bin  4: 3.2143 - 3.0654 [13/13]   11    2  15.4%
  bin  5: 3.0654 - 2.9408 [22/22]   20    2   9.1%
  bin  6: 2.9408 - 2.8342 [14/14]   14    0   0.0%
  bin  7: 2.8342 - 2.7415 [14/14]   14    0   0.0%
  bin  8: 2.7415 - 2.6599 [17/17]   17    0   0.0%
  bin  9: 2.6599 - 2.5873 [17/17]   13    4  23.5%
  bin 10: 2.5873 - 2.5219 [20/20]   20    0   0.0%
                          overall  163    8   4.7%

                   ----------Processing PDB file(s)----------                  

  Monomer Library directory:
    "/tmp1/m_zhen01/phenix-installer-1.10.1-2155-intel-linux-2.6-x86_64-centos5/phenix-1.10.1-2155/modules/chem_data/mon_lib"
  Total number of atoms: 37
  Number of models: 1
  Model: ""
    Number of chains: 1
    Chain: "A"
      Number of atoms: 37
      Number of conformers: 1
      Conformer: ""
        Number of residues, atoms: 3, 37
          Classifications: {'peptide': 3}
          Modifications used: {'NH2NOTPRO': 1, 'COOH': 1}
          Link IDs: {'TRANS': 2}
  Time building chain proxies: 0.07, per 1000 atoms: 1.89
  Number of scatterers: 37
  At special positions: 0
  Unit cell: (12.408, 13.107, 10.683, 90, 90, 90)
  Space group: P 1 (No. 1)
  Number of sites at special positions: 0
  Number of scattering types: 4
    Type Number    sf(0)
     O       4      8.00
     N       3      7.00
     C      13      6.00
     H      17      1.00
    sf(0) = scattering factor at diffraction angle 0.

  Number of disulfides: simple=0, symmetry=0

  Automatic linking
    Parameters for automatic linking
      Linking & cutoffs
        Metal                : False - 3.50
        Amimo acid           : False - 1.90
        Carbohydrate         : True  - 1.99
        Ligands              : True  - 1.99
        Amino acid - RNA/DNA : False
      
  Number of custom bonds: simple=0, symmetry=0
  Time building additional restraints: 0.02
  Conformation dependent library (CDL) restraints added in 2.6 milliseconds
  
  Adding C-beta torsion restraints...
  Number of C-beta restraints generated:  2
  Time building geometry restraints manager: 0.03 seconds

  NOTE: a complete listing of the restraints can be obtained by requesting
        output of .geo file.

  Histogram of bond lengths:
        0.85 -     0.98: 16
        0.98 -     1.12: 1
        1.12 -     1.25: 3
        1.25 -     1.39: 9
        1.39 -     1.52: 8
  Bond restraints: 37
  Sorted by residual:
  bond pdb=" O   PHE A   3 "
       pdb=" C   PHE A   3 "
    ideal  model  delta    sigma   weight residual
    1.185  1.133  0.052 2.00e-02 2.50e+03 6.87e+00
  bond pdb=" CA  GLY A   1 "
       pdb=" N   GLY A   1 "
    ideal  model  delta    sigma   weight residual
    1.451  1.481 -0.030 1.60e-02 3.91e+03 3.54e+00
  bond pdb=" CZ  PHE A   3 "
       pdb=" HZ  PHE A   3 "
    ideal  model  delta    sigma   weight residual
    0.930  0.968 -0.038 2.00e-02 2.50e+03 3.52e+00
  bond pdb=" CD2 PHE A   3 "
       pdb=" CE2 PHE A   3 "
    ideal  model  delta    sigma   weight residual
    1.382  1.327  0.055 3.00e-02 1.11e+03 3.32e+00
  bond pdb=" CA  GLY A   2 "
       pdb=" N   GLY A   2 "
    ideal  model  delta    sigma   weight residual
    1.449  1.474 -0.024 1.45e-02 4.76e+03 2.82e+00
  ... (remaining 32 not shown)

  Histogram of bond angle deviations from ideal:
      102.24 -   106.92: 6
      106.92 -   111.60: 13
      111.60 -   116.27: 11
      116.27 -   120.95: 20
      120.95 -   125.63: 10
  Bond angle restraints: 60
  Sorted by residual:
  angle pdb=" O   GLY A   2 "
        pdb=" C   GLY A   2 "
        pdb=" N   PHE A   3 "
      ideal   model   delta    sigma   weight residual
     122.70  120.02    2.68 1.30e+00 5.92e-01 4.24e+00
  angle pdb=" C   PHE A   3 "
        pdb=" OXT PHE A   3 "
        pdb=" HXT PHE A   3 "
      ideal   model   delta    sigma   weight residual
     108.00  102.24    5.76 3.00e+00 1.11e-01 3.68e+00
  angle pdb=" C   GLY A   2 "
        pdb=" CA  GLY A   2 "
        pdb=" HA2 GLY A   2 "
      ideal   model   delta    sigma   weight residual
     109.00  103.56    5.44 3.00e+00 1.11e-01 3.28e+00
  angle pdb=" HA1 GLY A   2 "
        pdb=" CA  GLY A   2 "
        pdb=" HA2 GLY A   2 "
      ideal   model   delta    sigma   weight residual
     109.00  113.54   -4.54 3.00e+00 1.11e-01 2.29e+00
  angle pdb=" H1  GLY A   1 "
        pdb=" N   GLY A   1 "
        pdb=" H2  GLY A   1 "
      ideal   model   delta    sigma   weight residual
     109.47  113.85   -4.38 3.00e+00 1.11e-01 2.14e+00
  ... (remaining 55 not shown)

  Histogram of dihedral angle deviations from ideal:
        0.01 -    35.52: 11
       35.52 -    71.03: 1
       71.03 -   106.54: 0
      106.54 -   142.05: 0
      142.05 -   177.56: 1
  Dihedral angle restraints: 13
    sinusoidal: 3
      harmonic: 10
  Sorted by residual:
  dihedral pdb=" O   PHE A   3 "
           pdb=" C   PHE A   3 "
           pdb=" OXT PHE A   3 "
           pdb=" HXT PHE A   3 "
      ideal   model   delta  harmonic     sigma   weight residual
       0.00  177.56 -177.56     0      3.00e+01 1.11e-03 3.50e+01
  dihedral pdb=" N   PHE A   3 "
           pdb=" CA  PHE A   3 "
           pdb=" CB  PHE A   3 "
           pdb=" CG  PHE A   3 "
      ideal   model   delta sinusoidal    sigma   weight residual
      60.00   95.94  -35.94     3      1.50e+01 4.44e-03 6.19e+00
  dihedral pdb=" CA  GLY A   1 "
           pdb=" C   GLY A   1 "
           pdb=" N   GLY A   2 "
           pdb=" CA  GLY A   2 "
      ideal   model   delta  harmonic     sigma   weight residual
    -180.00 -171.35   -8.65     0      5.00e+00 4.00e-02 2.99e+00
  ... (remaining 10 not shown)

  Histogram of chiral volume deviations from ideal:
       0.045 -    0.045: 1
       0.045 -    0.045: 0
       0.045 -    0.045: 0
       0.045 -    0.045: 0
       0.045 -    0.045: 0
  Chirality restraints: 1
  Sorted by residual:
  chirality pdb=" CA  PHE A   3 "
            pdb=" C   PHE A   3 "
            pdb=" N   PHE A   3 "
            pdb=" CB  PHE A   3 "
    both_signs  ideal   model   delta    sigma   weight residual
      False     -2.51   -2.47   -0.04 2.00e-01 2.50e+01 5.04e-02

  Planarity restraints: 6
  Sorted by residual:
                                 delta    sigma   weight rms_deltas residual
  plane pdb=" CB  PHE A   3 "    0.012 2.00e-02 2.50e+03   1.51e-02 6.87e+00
        pdb=" CG  PHE A   3 "   -0.041 2.00e-02 2.50e+03
        pdb=" CD2 PHE A   3 "    0.013 2.00e-02 2.50e+03
        pdb=" HD2 PHE A   3 "    0.012 2.00e-02 2.50e+03
        pdb=" CE2 PHE A   3 "   -0.002 2.00e-02 2.50e+03
        pdb=" HE2 PHE A   3 "    0.000 2.00e-02 2.50e+03
        pdb=" CZ  PHE A   3 "   -0.006 2.00e-02 2.50e+03
        pdb=" HZ  PHE A   3 "   -0.002 2.00e-02 2.50e+03
        pdb=" CE1 PHE A   3 "   -0.005 2.00e-02 2.50e+03
        pdb=" HE1 PHE A   3 "    0.020 2.00e-02 2.50e+03
        pdb=" CD1 PHE A   3 "   -0.010 2.00e-02 2.50e+03
        pdb=" HD1 PHE A   3 "    0.008 2.00e-02 2.50e+03
                                 delta    sigma   weight rms_deltas residual
  plane pdb=" C   GLY A   1 "    0.008 2.00e-02 2.50e+03   1.61e-02 2.58e+00
        pdb=" CA  GLY A   2 "    0.007 2.00e-02 2.50e+03
        pdb=" N   GLY A   2 "   -0.028 2.00e-02 2.50e+03
        pdb=" H   GLY A   2 "    0.012 2.00e-02 2.50e+03
                                 delta    sigma   weight rms_deltas residual
  plane pdb=" O   PHE A   3 "    0.009 2.00e-02 2.50e+03   1.14e-02 1.64e+00
        pdb=" C   PHE A   3 "   -0.003 2.00e-02 2.50e+03
        pdb=" OXT PHE A   3 "   -0.017 2.00e-02 2.50e+03
        pdb=" HXT PHE A   3 "    0.016 2.00e-02 2.50e+03
        pdb=" CA  PHE A   3 "   -0.005 2.00e-02 2.50e+03
  ... (remaining 3 not shown)

  Histogram of nonbonded interaction distances:
        1.79 -     2.41: 14
        2.41 -     3.03: 52
        3.03 -     3.65: 76
        3.65 -     4.28: 85
        4.28 -     4.90: 98
  Nonbonded interactions: 325
  Sorted by model distance:
  nonbonded pdb=" HXT PHE A   3 "
            pdb=" H   PHE A   3 "
     model   vdw
     1.786 2.100
  nonbonded pdb=" HA1 GLY A   1 "
            pdb=" H1  GLY A   1 "
     model   vdw
     2.121 1.816
  nonbonded pdb=" HA  PHE A   3 "
            pdb=" HB1 PHE A   3 "
     model   vdw
     2.146 1.952
  nonbonded pdb=" HXT PHE A   3 "
            pdb=" N   PHE A   3 "
     model   vdw
     2.236 2.650
  nonbonded pdb=" HD2 PHE A   3 "
            pdb=" HE2 PHE A   3 "
     model   vdw
     2.268 1.680
  ... (remaining 320 not shown)

  NOTE: a complete listing of the restraints can be obtained by requesting
        output of .geo file.

                   ----------xray_structure summary----------                  

Number of scattering types: 4
  Type Number    sf(0)   Gaussians
   O       4      7.97       2
   N       3      6.97       2
   C      13      5.97       2
   H      17      1.00       2
  sf(0) = scattering factor at diffraction angle 0.
Number of scatterers: 37
At special positions: 0
Unit cell: (12.408, 13.107, 10.683, 90, 90, 90)
Space group: P 1 (No. 1)

End of input processing
r_work=0.5379 r_free=0.6552
params.data_weight: None
params.restraints: qm
rmsd(b), start:  0.0843
mc:   0 R: 0.5532 rmsd(b):  0.0294 restraint_scale:  1.0 min_steps: 52
mc:   1 R: 0.3875 rmsd(b):  0.8449 restraint_scale:  2.0 min_steps: 52
mc:   2 R: 0.3167 rmsd(b):  1.0110 restraint_scale:  4.0 min_steps: 53
mc:   3 R: 0.2933 rmsd(b):  0.9888 restraint_scale:  8.0 min_steps: 41
mc:   4 R: 0.3183 rmsd(b):  1.0187 restraint_scale: 16.0 min_steps: 55
mc:   5 R: 0.3443 rmsd(b):  1.0253 restraint_scale: 32.0 min_steps: 22
mc:   6 R: 0.3612 rmsd(b):  1.0247 restraint_scale: 64.0 min_steps: 35
mc:   7 R: 0.3612 rmsd(b):  1.0187 restraint_scale: 128.0 min_steps: 30
mc:   8 R: 0.3753 rmsd(b):  1.0184 restraint_scale: 256.0 min_steps: 46
mc:   9 R: 0.3751 rmsd(b):  1.0177 restraint_scale: 512.0 min_steps: 14
Convergence reached, stop now.
see the result structure:  ./p26/04_results/refine_qm/231_GGF01-new/1.5/8.pdb
Time: 8175.9412
