phenix.python
you are importing  adaptive calculator, and it does nothing. Please give it energy, force....... 

============================== Collecting inputs ==============================


                   ----------Processing X-ray data----------                   

F-obs:
  /scratch/m_zhen01/30994.lupus.uni-muenster.de/p26/02_mtz/227_GGF04-new.mtz:F-obs
Miller array info: None
Observation type: xray.amplitude
Type of data: double, size=209
Type of sigmas: None
Number of Miller indices: 209
Anomalous flag: False
Unit cell: (12.734, 10.556, 15.466, 90, 90, 90)
Space group: P 1 (No. 1)
Systematic absences: 0
Centric reflections: 0
Resolution range: 3.9382 2.50409
Completeness in resolution range: 1
Completeness with d_max=infinity: 0.754513

Number of F-obs in resolution range:                   209
Number of F-obs<0 (these reflections will be rejected): 0
Number of F-obs=0 (these reflections will be used in refinement): 0
Refinement resolution range: d_max =   3.9382
                             d_min =   2.5041

R-free flags:
  /scratch/m_zhen01/30994.lupus.uni-muenster.de/p26/02_mtz/227_GGF04-new.mtz:R-free-flags
Miller array info: /scratch/m_zhen01/30994.lupus.uni-muenster.de/p26/02_mtz/227_GGF04-new.mtz:R-free-flags
Observation type: None
Type of data: int, size=209
Type of sigmas: None
Number of Miller indices: 209
Anomalous flag: False
Unit cell: (12.734, 10.556, 15.466, 90, 90, 90)
Space group: P 1 (No. 1)
Systematic absences: 0
Centric reflections: 0
Resolution range: 3.9382 2.50409
Completeness in resolution range: 1
Completeness with d_max=infinity: 0.754513
Wavelength: 1.0000

Test (R-free flags) flag value: 1

Number of work/free reflections by resolution:
                                  work free  %free
  bin  1: 3.9382 - 3.6187 [23/23]   21    2   8.7%
  bin  2: 3.6187 - 3.3827 [21/21]   21    0   0.0%
  bin  3: 3.3827 - 3.1983 [16/16]   12    4  25.0%
  bin  4: 3.1983 - 3.0485 [24/24]   24    0   0.0%
  bin  5: 3.0485 - 2.9233 [24/24]   24    0   0.0%
  bin  6: 2.9233 - 2.8164 [20/20]   20    0   0.0%
  bin  7: 2.8164 - 2.7237 [16/16]   12    4  25.0%
  bin  8: 2.7237 - 2.6420 [22/22]   22    0   0.0%
  bin  9: 2.6420 - 2.5694 [20/20]   19    1   5.0%
  bin 10: 2.5694 - 2.5041 [23/23]   23    0   0.0%
                          overall  198   11   5.3%

                   ----------Processing PDB file(s)----------                  

  Monomer Library directory:
    "/tmp1/m_zhen01/phenix-installer-1.10.1-2155-intel-linux-2.6-x86_64-centos5/phenix-1.10.1-2155/modules/chem_data/mon_lib"
  Total number of atoms: 37
  Number of models: 1
  Model: ""
    Number of chains: 1
    Chain: "A"
      Number of atoms: 37
      Number of conformers: 1
      Conformer: ""
        Number of residues, atoms: 3, 37
          Classifications: {'peptide': 3}
          Modifications used: {'NH2NOTPRO': 1, 'COOH': 1}
          Link IDs: {'TRANS': 2}
  Time building chain proxies: 0.07, per 1000 atoms: 1.89
  Number of scatterers: 37
  At special positions: 0
  Unit cell: (12.734, 10.556, 15.466, 90, 90, 90)
  Space group: P 1 (No. 1)
  Number of sites at special positions: 0
  Number of scattering types: 4
    Type Number    sf(0)
     O       4      8.00
     N       3      7.00
     C      13      6.00
     H      17      1.00
    sf(0) = scattering factor at diffraction angle 0.

  Number of disulfides: simple=0, symmetry=0

  Automatic linking
    Parameters for automatic linking
      Linking & cutoffs
        Metal                : False - 3.50
        Amimo acid           : False - 1.90
        Carbohydrate         : True  - 1.99
        Ligands              : True  - 1.99
        Amino acid - RNA/DNA : False
      
  Number of custom bonds: simple=0, symmetry=0
  Time building additional restraints: 0.02
  Conformation dependent library (CDL) restraints added in 3.0 milliseconds
  
  Adding C-beta torsion restraints...
  Number of C-beta restraints generated:  2
  Time building geometry restraints manager: 0.03 seconds

  NOTE: a complete listing of the restraints can be obtained by requesting
        output of .geo file.

  Histogram of bond lengths:
        0.84 -     0.97: 13
        0.97 -     1.11: 4
        1.11 -     1.25: 3
        1.25 -     1.39: 5
        1.39 -     1.52: 12
  Bond restraints: 37
  Sorted by residual:
  bond pdb=" CZ  PHE A   3 "
       pdb=" HZ  PHE A   3 "
    ideal  model  delta    sigma   weight residual
    0.930  0.981 -0.051 2.00e-02 2.50e+03 6.57e+00
  bond pdb=" CA  PHE A   3 "
       pdb=" HA  PHE A   3 "
    ideal  model  delta    sigma   weight residual
    0.970  1.011 -0.041 2.00e-02 2.50e+03 4.28e+00
  bond pdb=" CB  PHE A   3 "
       pdb=" HB2 PHE A   3 "
    ideal  model  delta    sigma   weight residual
    0.970  1.005 -0.035 2.00e-02 2.50e+03 3.05e+00
  bond pdb=" C   GLY A   1 "
       pdb=" N   GLY A   2 "
    ideal  model  delta    sigma   weight residual
    1.331  1.356 -0.025 1.46e-02 4.69e+03 3.00e+00
  bond pdb=" CA  PHE A   3 "
       pdb=" N   PHE A   3 "
    ideal  model  delta    sigma   weight residual
    1.458  1.428  0.030 1.90e-02 2.77e+03 2.47e+00
  ... (remaining 32 not shown)

  Histogram of bond angle deviations from ideal:
      102.39 -   107.31: 5
      107.31 -   112.23: 19
      112.23 -   117.15: 8
      117.15 -   122.07: 22
      122.07 -   126.98: 6
  Bond angle restraints: 60
  Sorted by residual:
  angle pdb=" HB2 PHE A   3 "
        pdb=" CB  PHE A   3 "
        pdb=" CG  PHE A   3 "
      ideal   model   delta    sigma   weight residual
     108.00  102.39    5.61 3.00e+00 1.11e-01 3.50e+00
  angle pdb=" C   PHE A   3 "
        pdb=" OXT PHE A   3 "
        pdb=" HXT PHE A   3 "
      ideal   model   delta    sigma   weight residual
     108.00  102.65    5.35 3.00e+00 1.11e-01 3.18e+00
  angle pdb=" O   GLY A   1 "
        pdb=" C   GLY A   1 "
        pdb=" N   GLY A   2 "
      ideal   model   delta    sigma   weight residual
     123.00  120.34    2.66 1.60e+00 3.91e-01 2.76e+00
  angle pdb=" CB  PHE A   3 "
        pdb=" CG  PHE A   3 "
        pdb=" CD2 PHE A   3 "
      ideal   model   delta    sigma   weight residual
     120.70  118.00    2.70 1.70e+00 3.46e-01 2.51e+00
  angle pdb=" C   PHE A   3 "
        pdb=" CA  PHE A   3 "
        pdb=" N   PHE A   3 "
      ideal   model   delta    sigma   weight residual
     111.00  106.65    4.35 2.80e+00 1.28e-01 2.41e+00
  ... (remaining 55 not shown)

  Histogram of dihedral angle deviations from ideal:
        0.04 -     6.81: 9
        6.81 -    13.58: 3
       13.58 -    20.36: 0
       20.36 -    27.13: 0
       27.13 -    33.90: 1
  Dihedral angle restraints: 13
    sinusoidal: 3
      harmonic: 10
  Sorted by residual:
  dihedral pdb=" CA  PHE A   3 "
           pdb=" CB  PHE A   3 "
           pdb=" CG  PHE A   3 "
           pdb=" CD1 PHE A   3 "
      ideal   model   delta sinusoidal    sigma   weight residual
     160.00  126.10   33.90     2      2.00e+01 2.50e-03 3.73e+00
  dihedral pdb=" CA  GLY A   1 "
           pdb=" C   GLY A   1 "
           pdb=" N   GLY A   2 "
           pdb=" CA  GLY A   2 "
      ideal   model   delta  harmonic     sigma   weight residual
    -180.00 -172.08   -7.92     0      5.00e+00 4.00e-02 2.51e+00
  dihedral pdb=" CA  GLY A   2 "
           pdb=" C   GLY A   2 "
           pdb=" N   PHE A   3 "
           pdb=" CA  PHE A   3 "
      ideal   model   delta  harmonic     sigma   weight residual
     180.00  174.76    5.24     0      5.00e+00 4.00e-02 1.10e+00
  ... (remaining 10 not shown)

  Histogram of chiral volume deviations from ideal:
       0.075 -    0.075: 1
       0.075 -    0.075: 0
       0.075 -    0.075: 0
       0.075 -    0.075: 0
       0.075 -    0.075: 0
  Chirality restraints: 1
  Sorted by residual:
  chirality pdb=" CA  PHE A   3 "
            pdb=" C   PHE A   3 "
            pdb=" N   PHE A   3 "
            pdb=" CB  PHE A   3 "
    both_signs  ideal   model   delta    sigma   weight residual
      False     -2.51   -2.44   -0.08 2.00e-01 2.50e+01 1.41e-01

  Planarity restraints: 6
  Sorted by residual:
                                 delta    sigma   weight rms_deltas residual
  plane pdb=" CB  PHE A   3 "    0.003 2.00e-02 2.50e+03   1.05e-02 3.30e+00
        pdb=" CG  PHE A   3 "    0.012 2.00e-02 2.50e+03
        pdb=" CD1 PHE A   3 "   -0.009 2.00e-02 2.50e+03
        pdb=" HD1 PHE A   3 "   -0.014 2.00e-02 2.50e+03
        pdb=" CE1 PHE A   3 "    0.007 2.00e-02 2.50e+03
        pdb=" HE1 PHE A   3 "   -0.002 2.00e-02 2.50e+03
        pdb=" CZ  PHE A   3 "    0.005 2.00e-02 2.50e+03
        pdb=" HZ  PHE A   3 "    0.013 2.00e-02 2.50e+03
        pdb=" CE2 PHE A   3 "   -0.009 2.00e-02 2.50e+03
        pdb=" HE2 PHE A   3 "   -0.020 2.00e-02 2.50e+03
        pdb=" CD2 PHE A   3 "    0.014 2.00e-02 2.50e+03
        pdb=" HD2 PHE A   3 "    0.000 2.00e-02 2.50e+03
                                 delta    sigma   weight rms_deltas residual
  plane pdb=" C   GLY A   2 "    0.023 2.00e-02 2.50e+03   1.32e-02 1.74e+00
        pdb=" O   GLY A   2 "   -0.009 2.00e-02 2.50e+03
        pdb=" CA  GLY A   2 "   -0.007 2.00e-02 2.50e+03
        pdb=" N   PHE A   3 "   -0.008 2.00e-02 2.50e+03
                                 delta    sigma   weight rms_deltas residual
  plane pdb=" C   GLY A   2 "    0.007 2.00e-02 2.50e+03   1.24e-02 1.55e+00
        pdb=" CA  PHE A   3 "    0.005 2.00e-02 2.50e+03
        pdb=" N   PHE A   3 "   -0.021 2.00e-02 2.50e+03
        pdb=" H   PHE A   3 "    0.009 2.00e-02 2.50e+03
  ... (remaining 3 not shown)

  Histogram of nonbonded interaction distances:
        2.08 -     2.65: 34
        2.65 -     3.21: 47
        3.21 -     3.77: 50
        3.77 -     4.33: 62
        4.33 -     4.90: 93
  Nonbonded interactions: 286
  Sorted by model distance:
  nonbonded pdb=" HA2 GLY A   2 "
            pdb=" H   GLY A   2 "
     model   vdw
     2.083 1.816
  nonbonded pdb=" HA1 GLY A   1 "
            pdb=" H1  GLY A   1 "
     model   vdw
     2.139 1.816
  nonbonded pdb=" HA2 GLY A   1 "
            pdb=" H2  GLY A   1 "
     model   vdw
     2.151 1.816
  nonbonded pdb=" O   PHE A   3 "
            pdb=" HXT PHE A   3 "
     model   vdw
     2.283 2.056
  nonbonded pdb=" HD1 PHE A   3 "
            pdb=" HE1 PHE A   3 "
     model   vdw
     2.314 1.680
  ... (remaining 281 not shown)

  NOTE: a complete listing of the restraints can be obtained by requesting
        output of .geo file.

                   ----------xray_structure summary----------                  

Number of scattering types: 4
  Type Number    sf(0)   Gaussians
   O       4      7.97       2
   N       3      6.97       2
   C      13      5.97       2
   H      17      1.00       2
  sf(0) = scattering factor at diffraction angle 0.
Number of scatterers: 37
At special positions: 0
Unit cell: (12.734, 10.556, 15.466, 90, 90, 90)
Space group: P 1 (No. 1)

End of input processing
r_work=0.3304 r_free=0.3665
params.data_weight: 0.0
params.restraints: qm
rmsd(b), start:  0.0853
mc:   0 R: 0.3446 rmsd(b):  0.0280 restraint_scale:  1.0 min_steps: 52
mc:   1 R: 0.3203 rmsd(b):  0.0280 restraint_scale:  1.0 min_steps: 52
mc:   2 R: 0.3203 rmsd(b):  0.0280 restraint_scale:  1.0 min_steps: 1
Convergence reached, stop now.
see the result structure:  ./p26/04_results/opt_qm/227_GGF04-new/0.6/5.pdb
Time: 109.4285
