phenix.python
you are importing  adaptive calculator, and it does nothing. Please give it energy, force....... 

============================== Collecting inputs ==============================


                   ----------Processing X-ray data----------                   

F-obs:
  /scratch/m_zhen01/30993.lupus.uni-muenster.de/p26/02_mtz/229_GGF11-new.mtz:F-obs
Miller array info: None
Observation type: xray.amplitude
Type of data: double, size=190
Type of sigmas: None
Number of Miller indices: 190
Anomalous flag: False
Unit cell: (13.283, 13.75, 10.689, 90, 90, 90)
Space group: P 1 (No. 1)
Systematic absences: 0
Centric reflections: 0
Resolution range: 3.98506 2.53401
Completeness in resolution range: 1
Completeness with d_max=infinity: 0.736434

Number of F-obs in resolution range:                   190
Number of F-obs<0 (these reflections will be rejected): 0
Number of F-obs=0 (these reflections will be used in refinement): 0
Refinement resolution range: d_max =   3.9851
                             d_min =   2.5340

R-free flags:
  /scratch/m_zhen01/30993.lupus.uni-muenster.de/p26/02_mtz/229_GGF11-new.mtz:R-free-flags
Miller array info: /scratch/m_zhen01/30993.lupus.uni-muenster.de/p26/02_mtz/229_GGF11-new.mtz:R-free-flags
Observation type: None
Type of data: int, size=190
Type of sigmas: None
Number of Miller indices: 190
Anomalous flag: False
Unit cell: (13.283, 13.75, 10.689, 90, 90, 90)
Space group: P 1 (No. 1)
Systematic absences: 0
Centric reflections: 0
Resolution range: 3.98506 2.53401
Completeness in resolution range: 1
Completeness with d_max=infinity: 0.736434
Wavelength: 1.0000

Test (R-free flags) flag value: 1

Number of work/free reflections by resolution:
                                  work free  %free
  bin  1: 3.9851 - 3.6618 [12/12]    8    4  33.3%
  bin  2: 3.6618 - 3.4230 [20/20]   20    0   0.0%
  bin  3: 3.4230 - 3.2364 [19/19]   19    0   0.0%
  bin  4: 3.2364 - 3.0849 [18/18]   18    0   0.0%
  bin  5: 3.0849 - 2.9582 [24/24]   24    0   0.0%
  bin  6: 2.9582 - 2.8501 [14/14]   14    0   0.0%
  bin  7: 2.8501 - 2.7562 [14/14]   10    4  28.6%
  bin  8: 2.7562 - 2.6736 [19/19]   19    0   0.0%
  bin  9: 2.6736 - 2.6001 [30/30]   30    0   0.0%
  bin 10: 2.6001 - 2.5340 [20/20]   20    0   0.0%
                          overall  182    8   4.2%

                   ----------Processing PDB file(s)----------                  

  Monomer Library directory:
    "/tmp1/m_zhen01/phenix-installer-1.10.1-2155-intel-linux-2.6-x86_64-centos5/phenix-1.10.1-2155/modules/chem_data/mon_lib"
  Total number of atoms: 37
  Number of models: 1
  Model: ""
    Number of chains: 1
    Chain: "A"
      Number of atoms: 37
      Number of conformers: 1
      Conformer: ""
        Number of residues, atoms: 3, 37
          Classifications: {'peptide': 3}
          Modifications used: {'NH2NOTPRO': 1, 'COOH': 1}
          Link IDs: {'TRANS': 2}
  Time building chain proxies: 0.07, per 1000 atoms: 1.89
  Number of scatterers: 37
  At special positions: 0
  Unit cell: (13.283, 13.75, 10.689, 90, 90, 90)
  Space group: P 1 (No. 1)
  Number of sites at special positions: 0
  Number of scattering types: 4
    Type Number    sf(0)
     O       4      8.00
     N       3      7.00
     C      13      6.00
     H      17      1.00
    sf(0) = scattering factor at diffraction angle 0.

  Number of disulfides: simple=0, symmetry=0

  Automatic linking
    Parameters for automatic linking
      Linking & cutoffs
        Metal                : False - 3.50
        Amimo acid           : False - 1.90
        Carbohydrate         : True  - 1.99
        Ligands              : True  - 1.99
        Amino acid - RNA/DNA : False
      
  Number of custom bonds: simple=0, symmetry=0
  Time building additional restraints: 0.02
  Conformation dependent library (CDL) restraints added in 2.5 milliseconds
  
  Adding C-beta torsion restraints...
  Number of C-beta restraints generated:  2
  Time building geometry restraints manager: 0.03 seconds

  NOTE: a complete listing of the restraints can be obtained by requesting
        output of .geo file.

  Histogram of bond lengths:
        0.82 -     0.97: 11
        0.97 -     1.12: 6
        1.12 -     1.26: 3
        1.26 -     1.41: 9
        1.41 -     1.55: 8
  Bond restraints: 37
  Sorted by residual:
  bond pdb=" CA  PHE A   3 "
       pdb=" HA  PHE A   3 "
    ideal  model  delta    sigma   weight residual
    0.970  1.022 -0.052 2.00e-02 2.50e+03 6.84e+00
  bond pdb=" CD1 PHE A   3 "
       pdb=" HD1 PHE A   3 "
    ideal  model  delta    sigma   weight residual
    0.930  0.981 -0.051 2.00e-02 2.50e+03 6.48e+00
  bond pdb=" CE2 PHE A   3 "
       pdb=" HE2 PHE A   3 "
    ideal  model  delta    sigma   weight residual
    0.930  0.968 -0.038 2.00e-02 2.50e+03 3.70e+00
  bond pdb=" N   PHE A   3 "
       pdb=" H   PHE A   3 "
    ideal  model  delta    sigma   weight residual
    0.860  0.823  0.037 2.00e-02 2.50e+03 3.36e+00
  bond pdb=" CA  GLY A   1 "
       pdb=" N   GLY A   1 "
    ideal  model  delta    sigma   weight residual
    1.451  1.426  0.025 1.60e-02 3.91e+03 2.48e+00
  ... (remaining 32 not shown)

  Histogram of bond angle deviations from ideal:
      104.92 -   109.05: 14
      109.05 -   113.19: 11
      113.19 -   117.32: 3
      117.32 -   121.45: 25
      121.45 -   125.58: 7
  Bond angle restraints: 60
  Sorted by residual:
  angle pdb=" C   GLY A   1 "
        pdb=" CA  GLY A   1 "
        pdb=" N   GLY A   1 "
      ideal   model   delta    sigma   weight residual
     113.30  118.27   -4.97 2.90e+00 1.19e-01 2.94e+00
  angle pdb=" HA  PHE A   3 "
        pdb=" CA  PHE A   3 "
        pdb=" N   PHE A   3 "
      ideal   model   delta    sigma   weight residual
     110.00  104.92    5.08 3.00e+00 1.11e-01 2.86e+00
  angle pdb=" C   GLY A   2 "
        pdb=" N   PHE A   3 "
        pdb=" CA  PHE A   3 "
      ideal   model   delta    sigma   weight residual
     121.70  118.88    2.82 1.80e+00 3.09e-01 2.46e+00
  angle pdb=" C   PHE A   3 "
        pdb=" CA  PHE A   3 "
        pdb=" N   PHE A   3 "
      ideal   model   delta    sigma   weight residual
     111.00  115.39   -4.39 2.80e+00 1.28e-01 2.46e+00
  angle pdb=" CA  PHE A   3 "
        pdb=" N   PHE A   3 "
        pdb=" H   PHE A   3 "
      ideal   model   delta    sigma   weight residual
     114.00  118.43   -4.43 3.00e+00 1.11e-01 2.19e+00
  ... (remaining 55 not shown)

  Histogram of dihedral angle deviations from ideal:
        1.54 -    36.75: 12
       36.75 -    71.95: 0
       71.95 -   107.15: 0
      107.15 -   142.35: 0
      142.35 -   177.55: 1
  Dihedral angle restraints: 13
    sinusoidal: 3
      harmonic: 10
  Sorted by residual:
  dihedral pdb=" O   PHE A   3 "
           pdb=" C   PHE A   3 "
           pdb=" OXT PHE A   3 "
           pdb=" HXT PHE A   3 "
      ideal   model   delta  harmonic     sigma   weight residual
       0.00 -177.55  177.55     0      3.00e+01 1.11e-03 3.50e+01
  dihedral pdb=" CA  GLY A   1 "
           pdb=" C   GLY A   1 "
           pdb=" N   GLY A   2 "
           pdb=" CA  GLY A   2 "
      ideal   model   delta  harmonic     sigma   weight residual
     180.00  171.12    8.88     0      5.00e+00 4.00e-02 3.15e+00
  dihedral pdb=" N   PHE A   3 "
           pdb=" CA  PHE A   3 "
           pdb=" CB  PHE A   3 "
           pdb=" CG  PHE A   3 "
      ideal   model   delta sinusoidal    sigma   weight residual
      60.00   41.54   18.46     3      1.50e+01 4.44e-03 2.05e+00
  ... (remaining 10 not shown)

  Histogram of chiral volume deviations from ideal:
       0.116 -    0.116: 1
       0.116 -    0.116: 0
       0.116 -    0.116: 0
       0.116 -    0.116: 0
       0.116 -    0.116: 0
  Chirality restraints: 1
  Sorted by residual:
  chirality pdb=" CA  PHE A   3 "
            pdb=" C   PHE A   3 "
            pdb=" N   PHE A   3 "
            pdb=" CB  PHE A   3 "
    both_signs  ideal   model   delta    sigma   weight residual
      False     -2.51   -2.39   -0.12 2.00e-01 2.50e+01 3.39e-01

  Planarity restraints: 6
  Sorted by residual:
                                 delta    sigma   weight rms_deltas residual
  plane pdb=" CB  PHE A   3 "   -0.009 2.00e-02 2.50e+03   1.71e-02 8.80e+00
        pdb=" CG  PHE A   3 "    0.027 2.00e-02 2.50e+03
        pdb=" CD1 PHE A   3 "   -0.010 2.00e-02 2.50e+03
        pdb=" HD1 PHE A   3 "   -0.010 2.00e-02 2.50e+03
        pdb=" CE1 PHE A   3 "   -0.002 2.00e-02 2.50e+03
        pdb=" HE1 PHE A   3 "    0.009 2.00e-02 2.50e+03
        pdb=" CZ  PHE A   3 "    0.025 2.00e-02 2.50e+03
        pdb=" HZ  PHE A   3 "   -0.010 2.00e-02 2.50e+03
        pdb=" CE2 PHE A   3 "   -0.000 2.00e-02 2.50e+03
        pdb=" HE2 PHE A   3 "   -0.016 2.00e-02 2.50e+03
        pdb=" CD2 PHE A   3 "   -0.028 2.00e-02 2.50e+03
        pdb=" HD2 PHE A   3 "    0.025 2.00e-02 2.50e+03
                                 delta    sigma   weight rms_deltas residual
  plane pdb=" O   PHE A   3 "    0.010 2.00e-02 2.50e+03   1.05e-02 1.38e+00
        pdb=" C   PHE A   3 "   -0.020 2.00e-02 2.50e+03
        pdb=" OXT PHE A   3 "   -0.001 2.00e-02 2.50e+03
        pdb=" HXT PHE A   3 "    0.007 2.00e-02 2.50e+03
        pdb=" CA  PHE A   3 "    0.003 2.00e-02 2.50e+03
                                 delta    sigma   weight rms_deltas residual
  plane pdb=" C   GLY A   2 "   -0.004 2.00e-02 2.50e+03   7.55e-03 5.70e-01
        pdb=" CA  PHE A   3 "   -0.003 2.00e-02 2.50e+03
        pdb=" N   PHE A   3 "    0.013 2.00e-02 2.50e+03
        pdb=" H   PHE A   3 "   -0.006 2.00e-02 2.50e+03
  ... (remaining 3 not shown)

  Histogram of nonbonded interaction distances:
        1.89 -     2.49: 20
        2.49 -     3.08: 53
        3.08 -     3.68: 49
        3.68 -     4.27: 70
        4.27 -     4.87: 83
  Nonbonded interactions: 275
  Sorted by model distance:
  nonbonded pdb=" HA2 GLY A   1 "
            pdb=" H2  GLY A   1 "
     model   vdw
     1.890 1.816
  nonbonded pdb=" H   GLY A   2 "
            pdb=" H   PHE A   3 "
     model   vdw
     2.163 2.100
  nonbonded pdb=" HA1 GLY A   1 "
            pdb=" H   GLY A   2 "
     model   vdw
     2.215 2.270
  nonbonded pdb=" HA1 GLY A   1 "
            pdb=" H1  GLY A   1 "
     model   vdw
     2.220 1.816
  nonbonded pdb=" HA  PHE A   3 "
            pdb=" HB2 PHE A   3 "
     model   vdw
     2.245 1.952
  ... (remaining 270 not shown)

  NOTE: a complete listing of the restraints can be obtained by requesting
        output of .geo file.

                   ----------xray_structure summary----------                  

Number of scattering types: 4
  Type Number    sf(0)   Gaussians
   O       4      7.97       2
   N       3      6.97       2
   C      13      5.97       2
   H      17      1.00       2
  sf(0) = scattering factor at diffraction angle 0.
Number of scatterers: 37
At special positions: 0
Unit cell: (13.283, 13.75, 10.689, 90, 90, 90)
Space group: P 1 (No. 1)

End of input processing
r_work=0.5517 r_free=0.6060
params.data_weight: 0.0
params.restraints: cctbx
rmsd(b), start:  0.0834
mc:   0 R: 0.5501 rmsd(b):  0.0012 restraint_scale:  1.0 min_steps: 56
mc:   1 R: 0.5155 rmsd(b):  0.0011 restraint_scale:  1.0 min_steps: 52
mc:   2 R: 0.5129 rmsd(b):  0.0008 restraint_scale:  1.0 min_steps: 53
mc:   3 R: 0.5159 rmsd(b):  0.0010 restraint_scale:  1.0 min_steps: 54
mc:   4 R: 0.5127 rmsd(b):  0.0008 restraint_scale:  1.0 min_steps: 54
mc:   5 R: 0.5144 rmsd(b):  0.0007 restraint_scale:  1.0 min_steps: 54
mc:   6 R: 0.5129 rmsd(b):  0.0008 restraint_scale:  1.0 min_steps: 56
mc:   7 R: 0.5214 rmsd(b):  0.0007 restraint_scale:  1.0 min_steps: 54
mc:   8 R: 0.5189 rmsd(b):  0.0007 restraint_scale:  1.0 min_steps: 55
mc:   9 R: 0.5327 rmsd(b):  0.0007 restraint_scale:  1.0 min_steps: 54
mc:  10 R: 0.5304 rmsd(b):  0.0007 restraint_scale:  1.0 min_steps: 54
mc:  11 R: 0.5339 rmsd(b):  0.0007 restraint_scale:  1.0 min_steps: 55
mc:  12 R: 0.5334 rmsd(b):  0.0007 restraint_scale:  1.0 min_steps: 53
Convergence reached, stop now.
see the result structure:  ./p26/04_results/opt_cctbx/229_GGF11-new/1.2/0.pdb
Time: 7.2565
