phenix.python
you are importing  adaptive calculator, and it does nothing. Please give it energy, force....... 

============================== Collecting inputs ==============================


                   ----------Processing X-ray data----------                   

F-obs:
  /scratch/m_zhen01/30993.lupus.uni-muenster.de/p26/02_mtz/210_WGG05-new.mtz:F-obs
Miller array info: None
Observation type: xray.amplitude
Type of data: double, size=239
Type of sigmas: None
Number of Miller indices: 239
Anomalous flag: False
Unit cell: (13.15, 12.243, 14.308, 90, 90, 90)
Space group: P 1 (No. 1)
Systematic absences: 0
Centric reflections: 0
Resolution range: 3.96517 2.5095
Completeness in resolution range: 1
Completeness with d_max=infinity: 0.766026

Number of F-obs in resolution range:                   239
Number of F-obs<0 (these reflections will be rejected): 0
Number of F-obs=0 (these reflections will be used in refinement): 0
Refinement resolution range: d_max =   3.9652
                             d_min =   2.5095

R-free flags:
  /scratch/m_zhen01/30993.lupus.uni-muenster.de/p26/02_mtz/210_WGG05-new.mtz:R-free-flags
Miller array info: /scratch/m_zhen01/30993.lupus.uni-muenster.de/p26/02_mtz/210_WGG05-new.mtz:R-free-flags
Observation type: None
Type of data: int, size=239
Type of sigmas: None
Number of Miller indices: 239
Anomalous flag: False
Unit cell: (13.15, 12.243, 14.308, 90, 90, 90)
Space group: P 1 (No. 1)
Systematic absences: 0
Centric reflections: 0
Resolution range: 3.96517 2.5095
Completeness in resolution range: 1
Completeness with d_max=infinity: 0.766026
Wavelength: 1.0000

Test (R-free flags) flag value: 1

Number of work/free reflections by resolution:
                                  work free  %free
  bin  1: 3.9652 - 3.6383 [26/26]   18    8  30.8%
  bin  2: 3.6383 - 3.3980 [27/27]   27    0   0.0%
  bin  3: 3.3980 - 3.2108 [15/15]   15    0   0.0%
  bin  4: 3.2108 - 3.0590 [27/27]   27    0   0.0%
  bin  5: 3.0590 - 2.9324 [20/20]   20    0   0.0%
  bin  6: 2.9324 - 2.8244 [23/23]   19    4  17.4%
  bin  7: 2.8244 - 2.7308 [26/26]   24    2   7.7%
  bin  8: 2.7308 - 2.6485 [20/20]   18    2  10.0%
  bin  9: 2.6485 - 2.5752 [21/21]   21    0   0.0%
  bin 10: 2.5752 - 2.5095 [34/34]   34    0   0.0%
                          overall  223   16   6.7%

                   ----------Processing PDB file(s)----------                  

  Monomer Library directory:
    "/tmp1/m_zhen01/phenix-installer-1.10.1-2155-intel-linux-2.6-x86_64-centos5/phenix-1.10.1-2155/modules/chem_data/mon_lib"
  Total number of atoms: 41
  Number of models: 1
  Model: ""
    Number of chains: 1
    Chain: "A"
      Number of atoms: 41
      Number of conformers: 1
      Conformer: ""
        Number of residues, atoms: 3, 41
          Classifications: {'peptide': 3}
          Modifications used: {'NH2NOTPRO': 1, 'COOH': 1}
          Link IDs: {'TRANS': 2}
  Time building chain proxies: 0.07, per 1000 atoms: 1.71
  Number of scatterers: 41
  At special positions: 0
  Unit cell: (13.15, 12.243, 14.308, 90, 90, 90)
  Space group: P 1 (No. 1)
  Number of sites at special positions: 0
  Number of scattering types: 4
    Type Number    sf(0)
     O       4      8.00
     N       4      7.00
     C      15      6.00
     H      18      1.00
    sf(0) = scattering factor at diffraction angle 0.

  Number of disulfides: simple=0, symmetry=0

  Automatic linking
    Parameters for automatic linking
      Linking & cutoffs
        Metal                : False - 3.50
        Amimo acid           : False - 1.90
        Carbohydrate         : True  - 1.99
        Ligands              : True  - 1.99
        Amino acid - RNA/DNA : False
      
  Number of custom bonds: simple=0, symmetry=0
  Time building additional restraints: 0.02
  Conformation dependent library (CDL) restraints added in 2.4 milliseconds
  
  Adding C-beta torsion restraints...
  Number of C-beta restraints generated:  2
  Time building geometry restraints manager: 0.03 seconds

  NOTE: a complete listing of the restraints can be obtained by requesting
        output of .geo file.

  Histogram of bond lengths:
        0.82 -     0.96: 12
        0.96 -     1.11: 6
        1.11 -     1.25: 3
        1.25 -     1.40: 10
        1.40 -     1.54: 11
  Bond restraints: 42
  Sorted by residual:
  bond pdb=" C   TRP A   1 "
       pdb=" CA  TRP A   1 "
    ideal  model  delta    sigma   weight residual
    1.525  1.470  0.055 2.10e-02 2.27e+03 6.93e+00
  bond pdb=" N   GLY A   3 "
       pdb=" H   GLY A   3 "
    ideal  model  delta    sigma   weight residual
    0.860  0.818  0.042 2.00e-02 2.50e+03 4.31e+00
  bond pdb=" CH2 TRP A   1 "
       pdb=" HH2 TRP A   1 "
    ideal  model  delta    sigma   weight residual
    0.930  0.893  0.037 2.00e-02 2.50e+03 3.49e+00
  bond pdb=" CG  TRP A   1 "
       pdb=" CD2 TRP A   1 "
    ideal  model  delta    sigma   weight residual
    1.433  1.465 -0.032 1.80e-02 3.09e+03 3.12e+00
  bond pdb=" CE3 TRP A   1 "
       pdb=" HE3 TRP A   1 "
    ideal  model  delta    sigma   weight residual
    0.930  0.896  0.034 2.00e-02 2.50e+03 2.84e+00
  ... (remaining 37 not shown)

  Histogram of bond angle deviations from ideal:
      106.24 -   111.76: 25
      111.76 -   117.29: 13
      117.29 -   122.82: 20
      122.82 -   128.34: 8
      128.34 -   133.87: 3
  Bond angle restraints: 69
  Sorted by residual:
  angle pdb=" C   GLY A   3 "
        pdb=" CA  GLY A   3 "
        pdb=" N   GLY A   3 "
      ideal   model   delta    sigma   weight residual
     113.30  106.50    6.80 2.90e+00 1.19e-01 5.50e+00
  angle pdb=" C   GLY A   2 "
        pdb=" CA  GLY A   2 "
        pdb=" N   GLY A   2 "
      ideal   model   delta    sigma   weight residual
     113.18  107.89    5.29 2.37e+00 1.78e-01 4.97e+00
  angle pdb=" O   GLY A   3 "
        pdb=" C   GLY A   3 "
        pdb=" CA  GLY A   3 "
      ideal   model   delta    sigma   weight residual
     118.60  113.41    5.19 3.00e+00 1.11e-01 2.99e+00
  angle pdb=" CB  TRP A   1 "
        pdb=" CG  TRP A   1 "
        pdb=" CD1 TRP A   1 "
      ideal   model   delta    sigma   weight residual
     126.90  124.38    2.52 1.50e+00 4.44e-01 2.83e+00
  angle pdb=" C   GLY A   2 "
        pdb=" N   GLY A   3 "
        pdb=" CA  GLY A   3 "
      ideal   model   delta    sigma   weight residual
     121.70  118.69    3.01 1.80e+00 3.09e-01 2.80e+00
  ... (remaining 64 not shown)

  Histogram of dihedral angle deviations from ideal:
        0.14 -    13.25: 12
       13.25 -    26.36: 0
       26.36 -    39.48: 1
       39.48 -    52.59: 0
       52.59 -    65.70: 1
  Dihedral angle restraints: 14
    sinusoidal: 3
      harmonic: 11
  Sorted by residual:
  dihedral pdb=" OXT GLY A   3 "
           pdb=" C   GLY A   3 "
           pdb=" CA  GLY A   3 "
           pdb=" N   GLY A   3 "
      ideal   model   delta sinusoidal    sigma   weight residual
     160.00 -134.30  -65.70     2      3.00e+01 1.11e-03 4.43e+00
  dihedral pdb=" CA  TRP A   1 "
           pdb=" CB  TRP A   1 "
           pdb=" CG  TRP A   1 "
           pdb=" CD1 TRP A   1 "
      ideal   model   delta sinusoidal    sigma   weight residual
     -90.00  -57.63  -32.37     2      2.00e+01 2.50e-03 3.44e+00
  dihedral pdb=" HZ3 TRP A   1 "
           pdb=" CZ3 TRP A   1 "
           pdb=" CE3 TRP A   1 "
           pdb=" CD2 TRP A   1 "
      ideal   model   delta  harmonic     sigma   weight residual
     180.00  175.81    4.19     0      5.00e+00 4.00e-02 7.01e-01
  ... (remaining 11 not shown)

  Histogram of chiral volume deviations from ideal:
       0.096 -    0.096: 1
       0.096 -    0.096: 0
       0.096 -    0.096: 0
       0.096 -    0.096: 0
       0.096 -    0.096: 0
  Chirality restraints: 1
  Sorted by residual:
  chirality pdb=" CA  TRP A   1 "
            pdb=" C   TRP A   1 "
            pdb=" N   TRP A   1 "
            pdb=" CB  TRP A   1 "
    both_signs  ideal   model   delta    sigma   weight residual
      False     -2.51   -2.41   -0.10 2.00e-01 2.50e+01 2.32e-01

  Planarity restraints: 6
  Sorted by residual:
                                 delta    sigma   weight rms_deltas residual
  plane pdb=" CB  TRP A   1 "   -0.019 2.00e-02 2.50e+03   1.50e-02 8.99e+00
        pdb=" CG  TRP A   1 "   -0.010 2.00e-02 2.50e+03
        pdb=" CD1 TRP A   1 "    0.016 2.00e-02 2.50e+03
        pdb=" HD1 TRP A   1 "   -0.000 2.00e-02 2.50e+03
        pdb=" NE1 TRP A   1 "    0.003 2.00e-02 2.50e+03
        pdb=" HE1 TRP A   1 "    0.011 2.00e-02 2.50e+03
        pdb=" CE2 TRP A   1 "    0.003 2.00e-02 2.50e+03
        pdb=" CZ2 TRP A   1 "   -0.007 2.00e-02 2.50e+03
        pdb=" HZ2 TRP A   1 "   -0.027 2.00e-02 2.50e+03
        pdb=" CH2 TRP A   1 "    0.018 2.00e-02 2.50e+03
        pdb=" HH2 TRP A   1 "   -0.006 2.00e-02 2.50e+03
        pdb=" CZ3 TRP A   1 "    0.032 2.00e-02 2.50e+03
        pdb=" HZ3 TRP A   1 "   -0.022 2.00e-02 2.50e+03
        pdb=" CE3 TRP A   1 "   -0.001 2.00e-02 2.50e+03
        pdb=" HE3 TRP A   1 "    0.010 2.00e-02 2.50e+03
        pdb=" CD2 TRP A   1 "   -0.002 2.00e-02 2.50e+03
                                 delta    sigma   weight rms_deltas residual
  plane pdb=" O   GLY A   3 "   -0.016 2.00e-02 2.50e+03   2.11e-02 5.58e+00
        pdb=" C   GLY A   3 "    0.040 2.00e-02 2.50e+03
        pdb=" OXT GLY A   3 "   -0.018 2.00e-02 2.50e+03
        pdb=" HXT GLY A   3 "    0.003 2.00e-02 2.50e+03
        pdb=" CA  GLY A   3 "   -0.009 2.00e-02 2.50e+03
                                 delta    sigma   weight rms_deltas residual
  plane pdb=" C   GLY A   2 "    0.012 2.00e-02 2.50e+03   2.27e-02 5.15e+00
        pdb=" CA  GLY A   3 "    0.009 2.00e-02 2.50e+03
        pdb=" N   GLY A   3 "   -0.039 2.00e-02 2.50e+03
        pdb=" H   GLY A   3 "    0.018 2.00e-02 2.50e+03
  ... (remaining 3 not shown)

  Histogram of nonbonded interaction distances:
        1.89 -     2.49: 23
        2.49 -     3.10: 52
        3.10 -     3.70: 62
        3.70 -     4.30: 79
        4.30 -     4.90: 93
  Nonbonded interactions: 309
  Sorted by model distance:
  nonbonded pdb=" H2  TRP A   1 "
            pdb=" H   GLY A   2 "
     model   vdw
     1.894 2.100
  nonbonded pdb=" HA1 GLY A   3 "
            pdb=" H   GLY A   3 "
     model   vdw
     2.164 1.816
  nonbonded pdb=" HH2 TRP A   1 "
            pdb=" HZ3 TRP A   1 "
     model   vdw
     2.210 1.680
  nonbonded pdb=" N   TRP A   1 "
            pdb=" H   GLY A   2 "
     model   vdw
     2.232 2.650
  nonbonded pdb=" HA  TRP A   1 "
            pdb=" HB1 TRP A   1 "
     model   vdw
     2.263 1.952
  ... (remaining 304 not shown)

  NOTE: a complete listing of the restraints can be obtained by requesting
        output of .geo file.

                   ----------xray_structure summary----------                  

Number of scattering types: 4
  Type Number    sf(0)   Gaussians
   O       4      7.97       2
   N       4      6.97       2
   C      15      5.97       2
   H      18      1.00       2
  sf(0) = scattering factor at diffraction angle 0.
Number of scatterers: 41
At special positions: 0
Unit cell: (13.15, 12.243, 14.308, 90, 90, 90)
Space group: P 1 (No. 1)

End of input processing
r_work=0.5518 r_free=0.5364
params.data_weight: 0.0
params.restraints: cctbx
rmsd(b), start:  0.0936
mc:   0 R: 0.5488 rmsd(b):  0.0012 restraint_scale:  1.0 min_steps: 53
mc:   1 R: 0.5501 rmsd(b):  0.0006 restraint_scale:  1.0 min_steps: 53
mc:   2 R: 0.5388 rmsd(b):  0.0008 restraint_scale:  1.0 min_steps: 53
mc:   3 R: 0.5396 rmsd(b):  0.0005 restraint_scale:  1.0 min_steps: 54
mc:   4 R: 0.5471 rmsd(b):  0.0007 restraint_scale:  1.0 min_steps: 52
mc:   5 R: 0.5458 rmsd(b):  0.0006 restraint_scale:  1.0 min_steps: 54
mc:   6 R: 0.5434 rmsd(b):  0.0003 restraint_scale:  1.0 min_steps: 55
mc:   7 R: 0.5351 rmsd(b):  0.0004 restraint_scale:  1.0 min_steps: 53
mc:   8 R: 0.5300 rmsd(b):  0.0003 restraint_scale:  1.0 min_steps: 55
mc:   9 R: 0.5252 rmsd(b):  0.0003 restraint_scale:  1.0 min_steps: 53
mc:  10 R: 0.5211 rmsd(b):  0.0003 restraint_scale:  1.0 min_steps: 55
mc:  11 R: 0.5175 rmsd(b):  0.0003 restraint_scale:  1.0 min_steps: 54
mc:  12 R: 0.5148 rmsd(b):  0.0003 restraint_scale:  1.0 min_steps: 58
mc:  13 R: 0.5126 rmsd(b):  0.0004 restraint_scale:  1.0 min_steps: 53
mc:  14 R: 0.5115 rmsd(b):  0.0003 restraint_scale:  1.0 min_steps: 56
mc:  15 R: 0.5100 rmsd(b):  0.0004 restraint_scale:  1.0 min_steps: 55
mc:  16 R: 0.5090 rmsd(b):  0.0004 restraint_scale:  1.0 min_steps: 54
mc:  17 R: 0.5072 rmsd(b):  0.0004 restraint_scale:  1.0 min_steps: 54
mc:  18 R: 0.5073 rmsd(b):  0.0003 restraint_scale:  1.0 min_steps: 56
mc:  19 R: 0.5064 rmsd(b):  0.0004 restraint_scale:  1.0 min_steps: 54
Convergence reached, stop now.
see the result structure:  ./p26/04_results/opt_cctbx/210_WGG05-new/1.2/0.pdb
Time: 9.0885
