phenix.python
you are importing  adaptive calculator, and it does nothing. Please give it energy, force....... 

============================== Collecting inputs ==============================


                   ----------Processing X-ray data----------                   

F-obs:
  /scratch/m_zhen01/30993.lupus.uni-muenster.de/p26/02_mtz/210_WGG05-new.mtz:F-obs
Miller array info: None
Observation type: xray.amplitude
Type of data: double, size=239
Type of sigmas: None
Number of Miller indices: 239
Anomalous flag: False
Unit cell: (13.15, 12.243, 14.308, 90, 90, 90)
Space group: P 1 (No. 1)
Systematic absences: 0
Centric reflections: 0
Resolution range: 3.96517 2.5095
Completeness in resolution range: 1
Completeness with d_max=infinity: 0.766026

Number of F-obs in resolution range:                   239
Number of F-obs<0 (these reflections will be rejected): 0
Number of F-obs=0 (these reflections will be used in refinement): 0
Refinement resolution range: d_max =   3.9652
                             d_min =   2.5095

R-free flags:
  /scratch/m_zhen01/30993.lupus.uni-muenster.de/p26/02_mtz/210_WGG05-new.mtz:R-free-flags
Miller array info: /scratch/m_zhen01/30993.lupus.uni-muenster.de/p26/02_mtz/210_WGG05-new.mtz:R-free-flags
Observation type: None
Type of data: int, size=239
Type of sigmas: None
Number of Miller indices: 239
Anomalous flag: False
Unit cell: (13.15, 12.243, 14.308, 90, 90, 90)
Space group: P 1 (No. 1)
Systematic absences: 0
Centric reflections: 0
Resolution range: 3.96517 2.5095
Completeness in resolution range: 1
Completeness with d_max=infinity: 0.766026
Wavelength: 1.0000

Test (R-free flags) flag value: 1

Number of work/free reflections by resolution:
                                  work free  %free
  bin  1: 3.9652 - 3.6383 [26/26]   18    8  30.8%
  bin  2: 3.6383 - 3.3980 [27/27]   27    0   0.0%
  bin  3: 3.3980 - 3.2108 [15/15]   15    0   0.0%
  bin  4: 3.2108 - 3.0590 [27/27]   27    0   0.0%
  bin  5: 3.0590 - 2.9324 [20/20]   20    0   0.0%
  bin  6: 2.9324 - 2.8244 [23/23]   19    4  17.4%
  bin  7: 2.8244 - 2.7308 [26/26]   24    2   7.7%
  bin  8: 2.7308 - 2.6485 [20/20]   18    2  10.0%
  bin  9: 2.6485 - 2.5752 [21/21]   21    0   0.0%
  bin 10: 2.5752 - 2.5095 [34/34]   34    0   0.0%
                          overall  223   16   6.7%

                   ----------Processing PDB file(s)----------                  

  Monomer Library directory:
    "/tmp1/m_zhen01/phenix-installer-1.10.1-2155-intel-linux-2.6-x86_64-centos5/phenix-1.10.1-2155/modules/chem_data/mon_lib"
  Total number of atoms: 41
  Number of models: 1
  Model: ""
    Number of chains: 1
    Chain: "A"
      Number of atoms: 41
      Number of conformers: 1
      Conformer: ""
        Number of residues, atoms: 3, 41
          Classifications: {'peptide': 3}
          Modifications used: {'NH2NOTPRO': 1, 'COOH': 1}
          Link IDs: {'TRANS': 2}
  Time building chain proxies: 0.08, per 1000 atoms: 1.95
  Number of scatterers: 41
  At special positions: 0
  Unit cell: (13.15, 12.243, 14.308, 90, 90, 90)
  Space group: P 1 (No. 1)
  Number of sites at special positions: 0
  Number of scattering types: 4
    Type Number    sf(0)
     O       4      8.00
     N       4      7.00
     C      15      6.00
     H      18      1.00
    sf(0) = scattering factor at diffraction angle 0.

  Number of disulfides: simple=0, symmetry=0

  Automatic linking
    Parameters for automatic linking
      Linking & cutoffs
        Metal                : False - 3.50
        Amimo acid           : False - 1.90
        Carbohydrate         : True  - 1.99
        Ligands              : True  - 1.99
        Amino acid - RNA/DNA : False
      
  Number of custom bonds: simple=0, symmetry=0
  Time building additional restraints: 0.02
  Conformation dependent library (CDL) restraints added in 2.4 milliseconds
  
  Adding C-beta torsion restraints...
  Number of C-beta restraints generated:  2
  Time building geometry restraints manager: 0.03 seconds

  NOTE: a complete listing of the restraints can be obtained by requesting
        output of .geo file.

  Histogram of bond lengths:
        0.82 -     0.97: 11
        0.97 -     1.11: 7
        1.11 -     1.25: 2
        1.25 -     1.39: 9
        1.39 -     1.53: 13
  Bond restraints: 42
  Sorted by residual:
  bond pdb=" C   GLY A   3 "
       pdb=" CA  GLY A   3 "
    ideal  model  delta    sigma   weight residual
    1.516  1.468  0.048 1.80e-02 3.09e+03 7.17e+00
  bond pdb=" CA  GLY A   3 "
       pdb=" N   GLY A   3 "
    ideal  model  delta    sigma   weight residual
    1.451  1.415  0.036 1.60e-02 3.91e+03 5.12e+00
  bond pdb=" OXT GLY A   3 "
       pdb=" HXT GLY A   3 "
    ideal  model  delta    sigma   weight residual
    0.948  0.992 -0.044 2.00e-02 2.50e+03 4.84e+00
  bond pdb=" N   GLY A   2 "
       pdb=" H   GLY A   2 "
    ideal  model  delta    sigma   weight residual
    0.860  0.824  0.036 2.00e-02 2.50e+03 3.22e+00
  bond pdb=" CE2 TRP A   1 "
       pdb=" CD2 TRP A   1 "
    ideal  model  delta    sigma   weight residual
    1.409  1.385  0.024 1.70e-02 3.46e+03 1.99e+00
  ... (remaining 37 not shown)

  Histogram of bond angle deviations from ideal:
      103.29 -   109.47: 19
      109.47 -   115.65: 16
      115.65 -   121.83: 19
      121.83 -   128.01: 10
      128.01 -   134.19: 5
  Bond angle restraints: 69
  Sorted by residual:
  angle pdb=" C   TRP A   1 "
        pdb=" N   GLY A   2 "
        pdb=" H   GLY A   2 "
      ideal   model   delta    sigma   weight residual
     124.30  130.01   -5.71 3.00e+00 1.11e-01 3.63e+00
  angle pdb=" CB  TRP A   1 "
        pdb=" CG  TRP A   1 "
        pdb=" CD2 TRP A   1 "
      ideal   model   delta    sigma   weight residual
     126.80  129.36   -2.56 1.40e+00 5.10e-01 3.34e+00
  angle pdb=" C   GLY A   2 "
        pdb=" N   GLY A   3 "
        pdb=" CA  GLY A   3 "
      ideal   model   delta    sigma   weight residual
     121.70  118.73    2.97 1.80e+00 3.09e-01 2.72e+00
  angle pdb=" CA  GLY A   2 "
        pdb=" N   GLY A   2 "
        pdb=" H   GLY A   2 "
      ideal   model   delta    sigma   weight residual
     114.00  109.15    4.85 3.00e+00 1.11e-01 2.62e+00
  angle pdb=" C   GLY A   3 "
        pdb=" OXT GLY A   3 "
        pdb=" HXT GLY A   3 "
      ideal   model   delta    sigma   weight residual
     108.00  103.29    4.71 3.00e+00 1.11e-01 2.46e+00
  ... (remaining 64 not shown)

  Histogram of dihedral angle deviations from ideal:
        0.08 -    14.85: 12
       14.85 -    29.61: 0
       29.61 -    44.38: 1
       44.38 -    59.14: 0
       59.14 -    73.90: 1
  Dihedral angle restraints: 14
    sinusoidal: 3
      harmonic: 11
  Sorted by residual:
  dihedral pdb=" OXT GLY A   3 "
           pdb=" C   GLY A   3 "
           pdb=" CA  GLY A   3 "
           pdb=" N   GLY A   3 "
      ideal   model   delta sinusoidal    sigma   weight residual
     160.00 -126.10  -73.90     2      3.00e+01 1.11e-03 4.92e+00
  dihedral pdb=" CA  TRP A   1 "
           pdb=" CB  TRP A   1 "
           pdb=" CG  TRP A   1 "
           pdb=" CD1 TRP A   1 "
      ideal   model   delta sinusoidal    sigma   weight residual
     -90.00  -56.88  -33.12     2      2.00e+01 2.50e-03 3.58e+00
  dihedral pdb=" CA  TRP A   1 "
           pdb=" C   TRP A   1 "
           pdb=" N   GLY A   2 "
           pdb=" CA  GLY A   2 "
      ideal   model   delta  harmonic     sigma   weight residual
    -180.00 -175.18   -4.82     0      5.00e+00 4.00e-02 9.30e-01
  ... (remaining 11 not shown)

  Histogram of chiral volume deviations from ideal:
       0.061 -    0.061: 1
       0.061 -    0.061: 0
       0.061 -    0.061: 0
       0.061 -    0.061: 0
       0.061 -    0.061: 0
  Chirality restraints: 1
  Sorted by residual:
  chirality pdb=" CA  TRP A   1 "
            pdb=" C   TRP A   1 "
            pdb=" N   TRP A   1 "
            pdb=" CB  TRP A   1 "
    both_signs  ideal   model   delta    sigma   weight residual
      False     -2.51   -2.57    0.06 2.00e-01 2.50e+01 9.28e-02

  Planarity restraints: 6
  Sorted by residual:
                                 delta    sigma   weight rms_deltas residual
  plane pdb=" C   GLY A   2 "   -0.014 2.00e-02 2.50e+03   2.69e-02 7.26e+00
        pdb=" CA  GLY A   3 "   -0.011 2.00e-02 2.50e+03
        pdb=" N   GLY A   3 "    0.046 2.00e-02 2.50e+03
        pdb=" H   GLY A   3 "   -0.021 2.00e-02 2.50e+03
                                 delta    sigma   weight rms_deltas residual
  plane pdb=" CB  TRP A   1 "    0.003 2.00e-02 2.50e+03   1.16e-02 5.38e+00
        pdb=" CG  TRP A   1 "   -0.013 2.00e-02 2.50e+03
        pdb=" CD1 TRP A   1 "    0.001 2.00e-02 2.50e+03
        pdb=" HD1 TRP A   1 "   -0.001 2.00e-02 2.50e+03
        pdb=" NE1 TRP A   1 "   -0.001 2.00e-02 2.50e+03
        pdb=" HE1 TRP A   1 "   -0.004 2.00e-02 2.50e+03
        pdb=" CE2 TRP A   1 "    0.006 2.00e-02 2.50e+03
        pdb=" CZ2 TRP A   1 "    0.018 2.00e-02 2.50e+03
        pdb=" HZ2 TRP A   1 "   -0.001 2.00e-02 2.50e+03
        pdb=" CH2 TRP A   1 "   -0.025 2.00e-02 2.50e+03
        pdb=" HH2 TRP A   1 "    0.015 2.00e-02 2.50e+03
        pdb=" CZ3 TRP A   1 "   -0.024 2.00e-02 2.50e+03
        pdb=" HZ3 TRP A   1 "    0.004 2.00e-02 2.50e+03
        pdb=" CE3 TRP A   1 "    0.003 2.00e-02 2.50e+03
        pdb=" HE3 TRP A   1 "    0.011 2.00e-02 2.50e+03
        pdb=" CD2 TRP A   1 "    0.008 2.00e-02 2.50e+03
                                 delta    sigma   weight rms_deltas residual
  plane pdb=" C   TRP A   1 "   -0.021 2.00e-02 2.50e+03   1.23e-02 1.51e+00
        pdb=" O   TRP A   1 "    0.008 2.00e-02 2.50e+03
        pdb=" CA  TRP A   1 "    0.006 2.00e-02 2.50e+03
        pdb=" N   GLY A   2 "    0.007 2.00e-02 2.50e+03
  ... (remaining 3 not shown)

  Histogram of nonbonded interaction distances:
        1.91 -     2.51: 25
        2.51 -     3.11: 53
        3.11 -     3.70: 58
        3.70 -     4.30: 78
        4.30 -     4.89: 95
  Nonbonded interactions: 309
  Sorted by model distance:
  nonbonded pdb=" HA  TRP A   1 "
            pdb=" H2  TRP A   1 "
     model   vdw
     1.915 1.816
  nonbonded pdb=" H1  TRP A   1 "
            pdb=" HD1 TRP A   1 "
     model   vdw
     2.157 2.100
  nonbonded pdb=" HA1 GLY A   3 "
            pdb=" H   GLY A   3 "
     model   vdw
     2.175 1.816
  nonbonded pdb=" O   GLY A   3 "
            pdb=" HXT GLY A   3 "
     model   vdw
     2.239 2.056
  nonbonded pdb=" H2  TRP A   1 "
            pdb=" H   GLY A   2 "
     model   vdw
     2.246 2.100
  ... (remaining 304 not shown)

  NOTE: a complete listing of the restraints can be obtained by requesting
        output of .geo file.

                   ----------xray_structure summary----------                  

Number of scattering types: 4
  Type Number    sf(0)   Gaussians
   O       4      7.97       2
   N       4      6.97       2
   C      15      5.97       2
   H      18      1.00       2
  sf(0) = scattering factor at diffraction angle 0.
Number of scatterers: 41
At special positions: 0
Unit cell: (13.15, 12.243, 14.308, 90, 90, 90)
Space group: P 1 (No. 1)

End of input processing
r_work=0.5525 r_free=0.5596
params.data_weight: 0.0
params.restraints: cctbx
rmsd(b), start:  0.0897
mc:   0 R: 0.5477 rmsd(b):  0.0012 restraint_scale:  1.0 min_steps: 54
mc:   1 R: 0.5530 rmsd(b):  0.0006 restraint_scale:  1.0 min_steps: 55
mc:   2 R: 0.5466 rmsd(b):  0.0008 restraint_scale:  1.0 min_steps: 54
mc:   3 R: 0.5341 rmsd(b):  0.0005 restraint_scale:  1.0 min_steps: 52
mc:   4 R: 0.5339 rmsd(b):  0.0008 restraint_scale:  1.0 min_steps: 54
mc:   5 R: 0.5324 rmsd(b):  0.0005 restraint_scale:  1.0 min_steps: 56
mc:   6 R: 0.5464 rmsd(b):  0.0005 restraint_scale:  1.0 min_steps: 55
mc:   7 R: 0.5482 rmsd(b):  0.0005 restraint_scale:  1.0 min_steps: 55
mc:   8 R: 0.5500 rmsd(b):  0.0004 restraint_scale:  1.0 min_steps: 54
mc:   9 R: 0.5477 rmsd(b):  0.0004 restraint_scale:  1.0 min_steps: 52
mc:  10 R: 0.5407 rmsd(b):  0.0003 restraint_scale:  1.0 min_steps: 53
mc:  11 R: 0.5376 rmsd(b):  0.0003 restraint_scale:  1.0 min_steps: 53
mc:  12 R: 0.5326 rmsd(b):  0.0003 restraint_scale:  1.0 min_steps: 54
mc:  13 R: 0.5300 rmsd(b):  0.0003 restraint_scale:  1.0 min_steps: 55
mc:  14 R: 0.5197 rmsd(b):  0.0004 restraint_scale:  1.0 min_steps: 53
mc:  15 R: 0.5192 rmsd(b):  0.0003 restraint_scale:  1.0 min_steps: 53
Convergence reached, stop now.
see the result structure:  ./p26/04_results/opt_cctbx/210_WGG05-new/1.2/3.pdb
Time: 8.0660
