phenix.python
you are importing  adaptive calculator, and it does nothing. Please give it energy, force....... 

============================== Collecting inputs ==============================


                   ----------Processing X-ray data----------                   

F-obs:
  /scratch/m_zhen01/31011.lupus.uni-muenster.de/p26/02_mtz/264_FGG114-new.mtz:F-obs
Miller array info: None
Observation type: xray.amplitude
Type of data: double, size=182
Type of sigmas: None
Number of Miller indices: 182
Anomalous flag: False
Unit cell: (14.073, 12.739, 10.197, 90, 90, 90)
Space group: P 1 (No. 1)
Systematic absences: 0
Centric reflections: 0
Resolution range: 3.98038 2.50705
Completeness in resolution range: 1
Completeness with d_max=infinity: 0.752066

Number of F-obs in resolution range:                   182
Number of F-obs<0 (these reflections will be rejected): 0
Number of F-obs=0 (these reflections will be used in refinement): 0
Refinement resolution range: d_max =   3.9804
                             d_min =   2.5070

R-free flags:
  /scratch/m_zhen01/31011.lupus.uni-muenster.de/p26/02_mtz/264_FGG114-new.mtz:R-free-flags
Miller array info: /scratch/m_zhen01/31011.lupus.uni-muenster.de/p26/02_mtz/264_FGG114-new.mtz:R-free-flags
Observation type: None
Type of data: int, size=182
Type of sigmas: None
Number of Miller indices: 182
Anomalous flag: False
Unit cell: (14.073, 12.739, 10.197, 90, 90, 90)
Space group: P 1 (No. 1)
Systematic absences: 0
Centric reflections: 0
Resolution range: 3.98038 2.50705
Completeness in resolution range: 1
Completeness with d_max=infinity: 0.752066
Wavelength: 1.0000

Test (R-free flags) flag value: 1

Number of work/free reflections by resolution:
                                  work free  %free
  bin  1: 3.9804 - 3.6469 [18/18]   16    2  11.1%
  bin  2: 3.6469 - 3.4029 [17/17]   17    0   0.0%
  bin  3: 3.4029 - 3.2134 [19/19]   19    0   0.0%
  bin  4: 3.2134 - 3.0600 [17/17]   15    2  11.8%
  bin  5: 3.0600 - 2.9324 [32/32]   28    4  12.5%
  bin  6: 2.9324 - 2.8236 [ 8/8 ]    8    0   0.0%
  bin  7: 2.8236 - 2.7294 [13/13]   13    0   0.0%
  bin  8: 2.7294 - 2.6466 [24/24]   24    0   0.0%
  bin  9: 2.6466 - 2.5731 [16/16]   12    4  25.0%
  bin 10: 2.5731 - 2.5070 [18/18]   18    0   0.0%
                          overall  170   12   6.6%

                   ----------Processing PDB file(s)----------                  

  Monomer Library directory:
    "/tmp1/m_zhen01/phenix-installer-1.10.1-2155-intel-linux-2.6-x86_64-centos5/phenix-1.10.1-2155/modules/chem_data/mon_lib"
  Total number of atoms: 37
  Number of models: 1
  Model: ""
    Number of chains: 1
    Chain: "A"
      Number of atoms: 37
      Number of conformers: 1
      Conformer: ""
        Number of residues, atoms: 3, 37
          Classifications: {'peptide': 3}
          Modifications used: {'NH2NOTPRO': 1, 'COOH': 1}
          Link IDs: {'TRANS': 2}
  Time building chain proxies: 0.07, per 1000 atoms: 1.89
  Number of scatterers: 37
  At special positions: 0
  Unit cell: (14.073, 12.739, 10.197, 90, 90, 90)
  Space group: P 1 (No. 1)
  Number of sites at special positions: 0
  Number of scattering types: 4
    Type Number    sf(0)
     O       4      8.00
     N       3      7.00
     C      13      6.00
     H      17      1.00
    sf(0) = scattering factor at diffraction angle 0.

  Number of disulfides: simple=0, symmetry=0

  Automatic linking
    Parameters for automatic linking
      Linking & cutoffs
        Metal                : False - 3.50
        Amimo acid           : False - 1.90
        Carbohydrate         : True  - 1.99
        Ligands              : True  - 1.99
        Amino acid - RNA/DNA : False
      
  Number of custom bonds: simple=0, symmetry=0
  Time building additional restraints: 0.02
  Conformation dependent library (CDL) restraints added in 2.8 milliseconds
  
  Adding C-beta torsion restraints...
  Number of C-beta restraints generated:  2
  Time building geometry restraints manager: 0.02 seconds

  NOTE: a complete listing of the restraints can be obtained by requesting
        output of .geo file.

  Histogram of bond lengths:
        0.82 -     0.97: 12
        0.97 -     1.11: 5
        1.11 -     1.26: 2
        1.26 -     1.40: 10
        1.40 -     1.55: 8
  Bond restraints: 37
  Sorted by residual:
  bond pdb=" CA  GLY A   2 "
       pdb=" HA2 GLY A   2 "
    ideal  model  delta    sigma   weight residual
    0.970  1.031 -0.061 2.00e-02 2.50e+03 9.44e+00
  bond pdb=" N   PHE A   1 "
       pdb=" H2  PHE A   1 "
    ideal  model  delta    sigma   weight residual
    0.960  1.010 -0.050 2.00e-02 2.50e+03 6.24e+00
  bond pdb=" CZ  PHE A   1 "
       pdb=" HZ  PHE A   1 "
    ideal  model  delta    sigma   weight residual
    0.930  0.978 -0.048 2.00e-02 2.50e+03 5.67e+00
  bond pdb=" CE1 PHE A   1 "
       pdb=" CZ  PHE A   1 "
    ideal  model  delta    sigma   weight residual
    1.382  1.318  0.064 3.00e-02 1.11e+03 4.56e+00
  bond pdb=" CB  PHE A   1 "
       pdb=" HB1 PHE A   1 "
    ideal  model  delta    sigma   weight residual
    0.970  1.012 -0.042 2.00e-02 2.50e+03 4.40e+00
  ... (remaining 32 not shown)

  Histogram of bond angle deviations from ideal:
      105.40 -   109.35: 12
      109.35 -   113.31: 13
      113.31 -   117.27: 5
      117.27 -   121.23: 20
      121.23 -   125.19: 10
  Bond angle restraints: 60
  Sorted by residual:
  angle pdb=" CA  PHE A   1 "
        pdb=" CB  PHE A   1 "
        pdb=" HB1 PHE A   1 "
      ideal   model   delta    sigma   weight residual
     109.00  112.81   -3.81 3.00e+00 1.11e-01 1.61e+00
  angle pdb=" C   PHE A   1 "
        pdb=" CA  PHE A   1 "
        pdb=" N   PHE A   1 "
      ideal   model   delta    sigma   weight residual
     111.00  107.76    3.24 2.80e+00 1.28e-01 1.34e+00
  angle pdb=" HA1 GLY A   3 "
        pdb=" CA  GLY A   3 "
        pdb=" N   GLY A   3 "
      ideal   model   delta    sigma   weight residual
     110.00  106.55    3.45 3.00e+00 1.11e-01 1.32e+00
  angle pdb=" HA2 GLY A   3 "
        pdb=" CA  GLY A   3 "
        pdb=" N   GLY A   3 "
      ideal   model   delta    sigma   weight residual
     110.00  113.44   -3.44 3.00e+00 1.11e-01 1.31e+00
  angle pdb=" N   PHE A   1 "
        pdb=" CA  PHE A   1 "
        pdb=" HA  PHE A   1 "
      ideal   model   delta    sigma   weight residual
     110.00  106.75    3.25 3.00e+00 1.11e-01 1.18e+00
  ... (remaining 55 not shown)

  Histogram of dihedral angle deviations from ideal:
        0.02 -    35.40: 11
       35.40 -    70.79: 1
       70.79 -   106.17: 0
      106.17 -   141.55: 0
      141.55 -   176.93: 1
  Dihedral angle restraints: 13
    sinusoidal: 3
      harmonic: 10
  Sorted by residual:
  dihedral pdb=" O   GLY A   3 "
           pdb=" C   GLY A   3 "
           pdb=" OXT GLY A   3 "
           pdb=" HXT GLY A   3 "
      ideal   model   delta  harmonic     sigma   weight residual
       0.00 -176.93  176.93     0      3.00e+01 1.11e-03 3.48e+01
  dihedral pdb=" OXT GLY A   3 "
           pdb=" C   GLY A   3 "
           pdb=" CA  GLY A   3 "
           pdb=" N   GLY A   3 "
      ideal   model   delta sinusoidal    sigma   weight residual
     -20.00  -82.63   62.63     2      3.00e+01 1.11e-03 4.21e+00
  dihedral pdb=" N   PHE A   1 "
           pdb=" CA  PHE A   1 "
           pdb=" CB  PHE A   1 "
           pdb=" CG  PHE A   1 "
      ideal   model   delta sinusoidal    sigma   weight residual
      60.00   51.56    8.44     3      1.50e+01 4.44e-03 4.56e-01
  ... (remaining 10 not shown)

  Histogram of chiral volume deviations from ideal:
       0.000 -    0.000: 1
       0.000 -    0.000: 0
       0.000 -    0.000: 0
       0.000 -    0.000: 0
       0.000 -    0.000: 0
  Chirality restraints: 1
  Sorted by residual:
  chirality pdb=" CA  PHE A   1 "
            pdb=" C   PHE A   1 "
            pdb=" N   PHE A   1 "
            pdb=" CB  PHE A   1 "
    both_signs  ideal   model   delta    sigma   weight residual
      False     -2.51   -2.51   -0.00 2.00e-01 2.50e+01 5.52e-06

  Planarity restraints: 6
  Sorted by residual:
                                 delta    sigma   weight rms_deltas residual
  plane pdb=" CB  PHE A   1 "    0.016 2.00e-02 2.50e+03   1.12e-02 3.76e+00
        pdb=" CG  PHE A   1 "   -0.003 2.00e-02 2.50e+03
        pdb=" CD1 PHE A   1 "   -0.007 2.00e-02 2.50e+03
        pdb=" HD1 PHE A   1 "   -0.019 2.00e-02 2.50e+03
        pdb=" CE1 PHE A   1 "    0.002 2.00e-02 2.50e+03
        pdb=" HE1 PHE A   1 "    0.013 2.00e-02 2.50e+03
        pdb=" CZ  PHE A   1 "   -0.008 2.00e-02 2.50e+03
        pdb=" HZ  PHE A   1 "    0.017 2.00e-02 2.50e+03
        pdb=" CE2 PHE A   1 "   -0.006 2.00e-02 2.50e+03
        pdb=" HE2 PHE A   1 "   -0.013 2.00e-02 2.50e+03
        pdb=" CD2 PHE A   1 "   -0.001 2.00e-02 2.50e+03
        pdb=" HD2 PHE A   1 "    0.009 2.00e-02 2.50e+03
                                 delta    sigma   weight rms_deltas residual
  plane pdb=" C   PHE A   1 "   -0.027 2.00e-02 2.50e+03   1.58e-02 2.50e+00
        pdb=" O   PHE A   1 "    0.010 2.00e-02 2.50e+03
        pdb=" CA  PHE A   1 "    0.008 2.00e-02 2.50e+03
        pdb=" N   GLY A   2 "    0.009 2.00e-02 2.50e+03
                                 delta    sigma   weight rms_deltas residual
  plane pdb=" O   GLY A   3 "   -0.010 2.00e-02 2.50e+03   1.26e-02 1.99e+00
        pdb=" C   GLY A   3 "    0.006 2.00e-02 2.50e+03
        pdb=" OXT GLY A   3 "    0.018 2.00e-02 2.50e+03
        pdb=" HXT GLY A   3 "   -0.017 2.00e-02 2.50e+03
        pdb=" CA  GLY A   3 "    0.004 2.00e-02 2.50e+03
  ... (remaining 3 not shown)

  Histogram of nonbonded interaction distances:
        2.20 -     2.74: 45
        2.74 -     3.28: 53
        3.28 -     3.82: 42
        3.82 -     4.36: 51
        4.36 -     4.90: 67
  Nonbonded interactions: 258
  Sorted by model distance:
  nonbonded pdb=" HA2 GLY A   3 "
            pdb=" H   GLY A   3 "
     model   vdw
     2.200 1.816
  nonbonded pdb=" HXT GLY A   3 "
            pdb=" HA2 GLY A   3 "
     model   vdw
     2.211 2.270
  nonbonded pdb=" H1  PHE A   1 "
            pdb=" HA  PHE A   1 "
     model   vdw
     2.211 1.816
  nonbonded pdb=" HA  PHE A   1 "
            pdb=" HB2 PHE A   1 "
     model   vdw
     2.241 1.952
  nonbonded pdb=" HE1 PHE A   1 "
            pdb=" HZ  PHE A   1 "
     model   vdw
     2.246 1.680
  ... (remaining 253 not shown)

  NOTE: a complete listing of the restraints can be obtained by requesting
        output of .geo file.

                   ----------xray_structure summary----------                  

Number of scattering types: 4
  Type Number    sf(0)   Gaussians
   O       4      7.97       2
   N       3      6.97       2
   C      13      5.97       2
   H      17      1.00       2
  sf(0) = scattering factor at diffraction angle 0.
Number of scatterers: 37
At special positions: 0
Unit cell: (14.073, 12.739, 10.197, 90, 90, 90)
Space group: P 1 (No. 1)

End of input processing
r_work=0.4500 r_free=0.2983
params.data_weight: None
params.restraints: qm
rmsd(b), start:  0.0833
mc:   0 R: 0.2459 rmsd(b):  1.0543 restraint_scale:  2.0 min_steps: 52
mc:   1 R: 0.1593 rmsd(b):  1.1015 restraint_scale:  4.0 min_steps: 33
mc:   2 R: 0.2172 rmsd(b):  1.0629 restraint_scale:  8.0 min_steps: 9
mc:   3 R: 0.2157 rmsd(b):  1.0400 restraint_scale: 16.0 min_steps: 56
mc:   4 R: 0.2515 rmsd(b):  1.0729 restraint_scale: 32.0 min_steps: 53
mc:   5 R: 0.2566 rmsd(b):  1.0893 restraint_scale: 64.0 min_steps: 12
mc:   6 R: 0.2833 rmsd(b):  1.1640 restraint_scale: 128.0 min_steps: 52
mc:   7 R: 0.2833 rmsd(b):  1.1640 restraint_scale: 256.0 min_steps: 1
Convergence reached, stop now.
see the result structure:  ./p26/04_results/refine_qm/264_FGG114-new/1.5/8.pdb
Time: 6076.5621
