phenix.python
you are importing  adaptive calculator, and it does nothing. Please give it energy, force....... 

============================== Collecting inputs ==============================


                   ----------Processing X-ray data----------                   

F-obs:
  /scratch/m_zhen01/31011.lupus.uni-muenster.de/p26/02_mtz/255_FGG252-new.mtz:F-obs
Miller array info: None
Observation type: xray.amplitude
Type of data: double, size=196
Type of sigmas: None
Number of Miller indices: 196
Anomalous flag: False
Unit cell: (16.001, 11.437, 10.504, 90, 90, 90)
Space group: P 1 (No. 1)
Systematic absences: 0
Centric reflections: 0
Resolution range: 3.90043 2.51122
Completeness in resolution range: 1
Completeness with d_max=infinity: 0.75969

Number of F-obs in resolution range:                   196
Number of F-obs<0 (these reflections will be rejected): 0
Number of F-obs=0 (these reflections will be used in refinement): 0
Refinement resolution range: d_max =   3.9004
                             d_min =   2.5112

R-free flags:
  /scratch/m_zhen01/31011.lupus.uni-muenster.de/p26/02_mtz/255_FGG252-new.mtz:R-free-flags
Miller array info: /scratch/m_zhen01/31011.lupus.uni-muenster.de/p26/02_mtz/255_FGG252-new.mtz:R-free-flags
Observation type: None
Type of data: int, size=196
Type of sigmas: None
Number of Miller indices: 196
Anomalous flag: False
Unit cell: (16.001, 11.437, 10.504, 90, 90, 90)
Space group: P 1 (No. 1)
Systematic absences: 0
Centric reflections: 0
Resolution range: 3.90043 2.51122
Completeness in resolution range: 1
Completeness with d_max=infinity: 0.75969
Wavelength: 1.0000

Test (R-free flags) flag value: 1

Number of work/free reflections by resolution:
                                  work free  %free
  bin  1: 3.9004 - 3.5973 [21/21]   17    4  19.0%
  bin  2: 3.5973 - 3.3707 [23/23]   23    0   0.0%
  bin  3: 3.3707 - 3.1922 [15/15]   13    2  13.3%
  bin  4: 3.1922 - 3.0464 [26/26]   24    2   7.7%
  bin  5: 3.0464 - 2.9240 [20/20]   20    0   0.0%
  bin  6: 2.9240 - 2.8192 [ 9/9 ]    9    0   0.0%
  bin  7: 2.8192 - 2.7280 [18/18]   16    2  11.1%
  bin  8: 2.7280 - 2.6475 [23/23]   23    0   0.0%
  bin  9: 2.6475 - 2.5758 [19/19]   17    2  10.5%
  bin 10: 2.5758 - 2.5112 [22/22]   22    0   0.0%
                          overall  184   12   6.1%

                   ----------Processing PDB file(s)----------                  

  Monomer Library directory:
    "/tmp1/m_zhen01/phenix-installer-1.10.1-2155-intel-linux-2.6-x86_64-centos5/phenix-1.10.1-2155/modules/chem_data/mon_lib"
  Total number of atoms: 37
  Number of models: 1
  Model: ""
    Number of chains: 1
    Chain: "A"
      Number of atoms: 37
      Number of conformers: 1
      Conformer: ""
        Number of residues, atoms: 3, 37
          Classifications: {'peptide': 3}
          Modifications used: {'NH2NOTPRO': 1, 'COOH': 1}
          Link IDs: {'TRANS': 2}
  Time building chain proxies: 0.07, per 1000 atoms: 1.89
  Number of scatterers: 37
  At special positions: 0
  Unit cell: (16.001, 11.437, 10.504, 90, 90, 90)
  Space group: P 1 (No. 1)
  Number of sites at special positions: 0
  Number of scattering types: 4
    Type Number    sf(0)
     O       4      8.00
     N       3      7.00
     C      13      6.00
     H      17      1.00
    sf(0) = scattering factor at diffraction angle 0.

  Number of disulfides: simple=0, symmetry=0

  Automatic linking
    Parameters for automatic linking
      Linking & cutoffs
        Metal                : False - 3.50
        Amimo acid           : False - 1.90
        Carbohydrate         : True  - 1.99
        Ligands              : True  - 1.99
        Amino acid - RNA/DNA : False
      
  Number of custom bonds: simple=0, symmetry=0
  Time building additional restraints: 0.02
  Conformation dependent library (CDL) restraints added in 2.9 milliseconds
  
  Adding C-beta torsion restraints...
  Number of C-beta restraints generated:  2
  Time building geometry restraints manager: 0.03 seconds

  NOTE: a complete listing of the restraints can be obtained by requesting
        output of .geo file.

  Histogram of bond lengths:
        0.84 -     0.98: 16
        0.98 -     1.13: 1
        1.13 -     1.28: 3
        1.28 -     1.43: 10
        1.43 -     1.58: 7
  Bond restraints: 37
  Sorted by residual:
  bond pdb=" CA  PHE A   1 "
       pdb=" CB  PHE A   1 "
    ideal  model  delta    sigma   weight residual
    1.530  1.576 -0.046 2.00e-02 2.50e+03 5.29e+00
  bond pdb=" CB  PHE A   1 "
       pdb=" HB1 PHE A   1 "
    ideal  model  delta    sigma   weight residual
    0.970  0.925  0.045 2.00e-02 2.50e+03 5.06e+00
  bond pdb=" CA  PHE A   1 "
       pdb=" N   PHE A   1 "
    ideal  model  delta    sigma   weight residual
    1.458  1.418  0.040 1.90e-02 2.77e+03 4.48e+00
  bond pdb=" CE2 PHE A   1 "
       pdb=" CD2 PHE A   1 "
    ideal  model  delta    sigma   weight residual
    1.382  1.322  0.060 3.00e-02 1.11e+03 4.06e+00
  bond pdb=" CA  GLY A   2 "
       pdb=" N   GLY A   2 "
    ideal  model  delta    sigma   weight residual
    1.449  1.476 -0.027 1.45e-02 4.76e+03 3.53e+00
  ... (remaining 32 not shown)

  Histogram of bond angle deviations from ideal:
      103.80 -   108.40: 11
      108.40 -   113.00: 14
      113.00 -   117.60: 5
      117.60 -   122.20: 26
      122.20 -   126.81: 4
  Bond angle restraints: 60
  Sorted by residual:
  angle pdb=" C   GLY A   3 "
        pdb=" CA  GLY A   3 "
        pdb=" HA2 GLY A   3 "
      ideal   model   delta    sigma   weight residual
     109.00  115.93   -6.93 3.00e+00 1.11e-01 5.34e+00
  angle pdb=" C   GLY A   3 "
        pdb=" CA  GLY A   3 "
        pdb=" HA1 GLY A   3 "
      ideal   model   delta    sigma   weight residual
     109.00  104.31    4.69 3.00e+00 1.11e-01 2.45e+00
  angle pdb=" CA  PHE A   1 "
        pdb=" N   PHE A   1 "
        pdb=" H1  PHE A   1 "
      ideal   model   delta    sigma   weight residual
     109.47  104.96    4.51 3.00e+00 1.11e-01 2.26e+00
  angle pdb=" CA  PHE A   1 "
        pdb=" C   PHE A   1 "
        pdb=" N   GLY A   2 "
      ideal   model   delta    sigma   weight residual
     116.20  119.15   -2.95 2.00e+00 2.50e-01 2.17e+00
  angle pdb=" HB2 PHE A   1 "
        pdb=" CB  PHE A   1 "
        pdb=" CG  PHE A   1 "
      ideal   model   delta    sigma   weight residual
     108.00  103.80    4.20 3.00e+00 1.11e-01 1.96e+00
  ... (remaining 55 not shown)

  Histogram of dihedral angle deviations from ideal:
        0.13 -    15.66: 11
       15.66 -    31.19: 1
       31.19 -    46.72: 0
       46.72 -    62.25: 0
       62.25 -    77.78: 1
  Dihedral angle restraints: 13
    sinusoidal: 3
      harmonic: 10
  Sorted by residual:
  dihedral pdb=" OXT GLY A   3 "
           pdb=" C   GLY A   3 "
           pdb=" CA  GLY A   3 "
           pdb=" N   GLY A   3 "
      ideal   model   delta sinusoidal    sigma   weight residual
     160.00   82.22   77.78     2      3.00e+01 1.11e-03 5.09e+00
  dihedral pdb=" CA  PHE A   1 "
           pdb=" CB  PHE A   1 "
           pdb=" CG  PHE A   1 "
           pdb=" CD1 PHE A   1 "
      ideal   model   delta sinusoidal    sigma   weight residual
     -90.00 -110.60   20.60     2      2.00e+01 2.50e-03 1.48e+00
  dihedral pdb=" CA  PHE A   1 "
           pdb=" C   PHE A   1 "
           pdb=" N   GLY A   2 "
           pdb=" CA  GLY A   2 "
      ideal   model   delta  harmonic     sigma   weight residual
     180.00  174.22    5.78     0      5.00e+00 4.00e-02 1.34e+00
  ... (remaining 10 not shown)

  Histogram of chiral volume deviations from ideal:
       0.000 -    0.000: 1
       0.000 -    0.000: 0
       0.000 -    0.000: 0
       0.000 -    0.000: 0
       0.000 -    0.000: 0
  Chirality restraints: 1
  Sorted by residual:
  chirality pdb=" CA  PHE A   1 "
            pdb=" C   PHE A   1 "
            pdb=" N   PHE A   1 "
            pdb=" CB  PHE A   1 "
    both_signs  ideal   model   delta    sigma   weight residual
      False     -2.51   -2.51    0.00 2.00e-01 2.50e+01 7.62e-07

  Planarity restraints: 6
  Sorted by residual:
                                 delta    sigma   weight rms_deltas residual
  plane pdb=" C   PHE A   1 "    0.020 2.00e-02 2.50e+03   3.59e-02 1.29e+01
        pdb=" CA  GLY A   2 "    0.015 2.00e-02 2.50e+03
        pdb=" N   GLY A   2 "   -0.062 2.00e-02 2.50e+03
        pdb=" H   GLY A   2 "    0.027 2.00e-02 2.50e+03
                                 delta    sigma   weight rms_deltas residual
  plane pdb=" C   GLY A   2 "   -0.038 2.00e-02 2.50e+03   2.18e-02 4.77e+00
        pdb=" O   GLY A   2 "    0.014 2.00e-02 2.50e+03
        pdb=" CA  GLY A   2 "    0.011 2.00e-02 2.50e+03
        pdb=" N   GLY A   3 "    0.013 2.00e-02 2.50e+03
                                 delta    sigma   weight rms_deltas residual
  plane pdb=" CB  PHE A   1 "    0.012 2.00e-02 2.50e+03   1.10e-02 3.60e+00
        pdb=" CG  PHE A   1 "   -0.021 2.00e-02 2.50e+03
        pdb=" CD1 PHE A   1 "    0.016 2.00e-02 2.50e+03
        pdb=" HD1 PHE A   1 "   -0.011 2.00e-02 2.50e+03
        pdb=" CE1 PHE A   1 "   -0.013 2.00e-02 2.50e+03
        pdb=" HE1 PHE A   1 "    0.014 2.00e-02 2.50e+03
        pdb=" CZ  PHE A   1 "   -0.004 2.00e-02 2.50e+03
        pdb=" HZ  PHE A   1 "    0.000 2.00e-02 2.50e+03
        pdb=" CE2 PHE A   1 "   -0.002 2.00e-02 2.50e+03
        pdb=" HE2 PHE A   1 "    0.004 2.00e-02 2.50e+03
        pdb=" CD2 PHE A   1 "    0.009 2.00e-02 2.50e+03
        pdb=" HD2 PHE A   1 "   -0.003 2.00e-02 2.50e+03
  ... (remaining 3 not shown)

  Histogram of nonbonded interaction distances:
        2.19 -     2.73: 39
        2.73 -     3.26: 54
        3.26 -     3.80: 44
        3.80 -     4.34: 52
        4.34 -     4.87: 66
  Nonbonded interactions: 255
  Sorted by model distance:
  nonbonded pdb=" HA2 GLY A   2 "
            pdb=" H   GLY A   2 "
     model   vdw
     2.189 1.816
  nonbonded pdb=" H1  PHE A   1 "
            pdb=" HA  PHE A   1 "
     model   vdw
     2.191 1.816
  nonbonded pdb=" O   GLY A   3 "
            pdb=" HXT GLY A   3 "
     model   vdw
     2.238 2.056
  nonbonded pdb=" HE2 PHE A   1 "
            pdb=" HD2 PHE A   1 "
     model   vdw
     2.243 1.680
  nonbonded pdb=" HE1 PHE A   1 "
            pdb=" HZ  PHE A   1 "
     model   vdw
     2.251 1.680
  ... (remaining 250 not shown)

  NOTE: a complete listing of the restraints can be obtained by requesting
        output of .geo file.

                   ----------xray_structure summary----------                  

Number of scattering types: 4
  Type Number    sf(0)   Gaussians
   O       4      7.97       2
   N       3      6.97       2
   C      13      5.97       2
   H      17      1.00       2
  sf(0) = scattering factor at diffraction angle 0.
Number of scatterers: 37
At special positions: 0
Unit cell: (16.001, 11.437, 10.504, 90, 90, 90)
Space group: P 1 (No. 1)

End of input processing
r_work=0.5262 r_free=0.5545
params.data_weight: None
params.restraints: qm
rmsd(b), start:  0.0887
mc:   0 R: 0.5045 rmsd(b):  0.0277 restraint_scale:  1.0 min_steps: 52
mc:   1 R: 0.5138 rmsd(b):  0.0276 restraint_scale:  1.0 min_steps: 52
mc:   2 R: 0.5086 rmsd(b):  0.0274 restraint_scale:  1.0 min_steps: 53
mc:   3 R: 0.5082 rmsd(b):  0.0277 restraint_scale:  1.0 min_steps: 15
mc:   4 R: 0.5080 rmsd(b):  0.0276 restraint_scale:  1.0 min_steps: 16
Convergence reached, stop now.
see the result structure:  ./p26/04_results/refine_qm/255_FGG252-new/1.2/1.pdb
Time: 196.8509
