phenix.python
you are importing  adaptive calculator, and it does nothing. Please give it energy, force....... 

============================== Collecting inputs ==============================


                   ----------Processing X-ray data----------                   

F-obs:
  /scratch/m_zhen01/30993.lupus.uni-muenster.de/p26/02_mtz/263_FGG80-new.mtz:F-obs
Miller array info: None
Observation type: xray.amplitude
Type of data: double, size=189
Type of sigmas: None
Number of Miller indices: 189
Anomalous flag: False
Unit cell: (14.025, 12.498, 10.51, 90, 90, 90)
Space group: P 1 (No. 1)
Systematic absences: 0
Centric reflections: 0
Resolution range: 3.99354 2.50445
Completeness in resolution range: 1
Completeness with d_max=infinity: 0.759036

Number of F-obs in resolution range:                   189
Number of F-obs<0 (these reflections will be rejected): 0
Number of F-obs=0 (these reflections will be used in refinement): 0
Refinement resolution range: d_max =   3.9935
                             d_min =   2.5045

R-free flags:
  /scratch/m_zhen01/30993.lupus.uni-muenster.de/p26/02_mtz/263_FGG80-new.mtz:R-free-flags
Miller array info: /scratch/m_zhen01/30993.lupus.uni-muenster.de/p26/02_mtz/263_FGG80-new.mtz:R-free-flags
Observation type: None
Type of data: int, size=189
Type of sigmas: None
Number of Miller indices: 189
Anomalous flag: False
Unit cell: (14.025, 12.498, 10.51, 90, 90, 90)
Space group: P 1 (No. 1)
Systematic absences: 0
Centric reflections: 0
Resolution range: 3.99354 2.50445
Completeness in resolution range: 1
Completeness with d_max=infinity: 0.759036
Wavelength: 1.0000

Test (R-free flags) flag value: 1

Number of work/free reflections by resolution:
                                  work free  %free
  bin  1: 3.9935 - 3.6540 [18/18]   16    2  11.1%
  bin  2: 3.6540 - 3.4067 [14/14]   12    2  14.3%
  bin  3: 3.4067 - 3.2151 [22/22]   22    0   0.0%
  bin  4: 3.2151 - 3.0605 [13/13]   13    0   0.0%
  bin  5: 3.0605 - 2.9319 [32/32]   32    0   0.0%
  bin  6: 2.9319 - 2.8224 [12/12]   12    0   0.0%
  bin  7: 2.8224 - 2.7277 [17/17]   15    2  11.8%
  bin  8: 2.7277 - 2.6446 [16/16]   16    0   0.0%
  bin  9: 2.6446 - 2.5707 [23/23]   23    0   0.0%
  bin 10: 2.5707 - 2.5045 [22/22]   18    4  18.2%
                          overall  179   10   5.3%

                   ----------Processing PDB file(s)----------                  

  Monomer Library directory:
    "/tmp1/m_zhen01/phenix-installer-1.10.1-2155-intel-linux-2.6-x86_64-centos5/phenix-1.10.1-2155/modules/chem_data/mon_lib"
  Total number of atoms: 37
  Number of models: 1
  Model: ""
    Number of chains: 1
    Chain: "A"
      Number of atoms: 37
      Number of conformers: 1
      Conformer: ""
        Number of residues, atoms: 3, 37
          Classifications: {'peptide': 3}
          Modifications used: {'NH2NOTPRO': 1, 'COOH': 1}
          Link IDs: {'TRANS': 2}
  Time building chain proxies: 0.07, per 1000 atoms: 1.89
  Number of scatterers: 37
  At special positions: 0
  Unit cell: (14.025, 12.498, 10.51, 90, 90, 90)
  Space group: P 1 (No. 1)
  Number of sites at special positions: 0
  Number of scattering types: 4
    Type Number    sf(0)
     O       4      8.00
     N       3      7.00
     C      13      6.00
     H      17      1.00
    sf(0) = scattering factor at diffraction angle 0.

  Number of disulfides: simple=0, symmetry=0

  Automatic linking
    Parameters for automatic linking
      Linking & cutoffs
        Metal                : False - 3.50
        Amimo acid           : False - 1.90
        Carbohydrate         : True  - 1.99
        Ligands              : True  - 1.99
        Amino acid - RNA/DNA : False
      
  Number of custom bonds: simple=0, symmetry=0
  Time building additional restraints: 0.02
  Conformation dependent library (CDL) restraints added in 2.5 milliseconds
  
  Adding C-beta torsion restraints...
  Number of C-beta restraints generated:  2
  Time building geometry restraints manager: 0.03 seconds

  NOTE: a complete listing of the restraints can be obtained by requesting
        output of .geo file.

  Histogram of bond lengths:
        0.82 -     0.97: 12
        0.97 -     1.12: 5
        1.12 -     1.26: 3
        1.26 -     1.41: 9
        1.41 -     1.55: 8
  Bond restraints: 37
  Sorted by residual:
  bond pdb=" CB  PHE A   1 "
       pdb=" HB1 PHE A   1 "
    ideal  model  delta    sigma   weight residual
    0.970  0.919  0.051 2.00e-02 2.50e+03 6.51e+00
  bond pdb=" N   GLY A   3 "
       pdb=" H   GLY A   3 "
    ideal  model  delta    sigma   weight residual
    0.860  0.911 -0.051 2.00e-02 2.50e+03 6.40e+00
  bond pdb=" CB  PHE A   1 "
       pdb=" HB2 PHE A   1 "
    ideal  model  delta    sigma   weight residual
    0.970  0.922  0.048 2.00e-02 2.50e+03 5.82e+00
  bond pdb=" CB  PHE A   1 "
       pdb=" CG  PHE A   1 "
    ideal  model  delta    sigma   weight residual
    1.502  1.546 -0.044 2.30e-02 1.89e+03 3.74e+00
  bond pdb=" CD2 PHE A   1 "
       pdb=" HD2 PHE A   1 "
    ideal  model  delta    sigma   weight residual
    0.930  0.968 -0.038 2.00e-02 2.50e+03 3.60e+00
  ... (remaining 32 not shown)

  Histogram of bond angle deviations from ideal:
      104.85 -   109.27: 12
      109.27 -   113.68: 13
      113.68 -   118.09: 7
      118.09 -   122.50: 25
      122.50 -   126.91: 3
  Bond angle restraints: 60
  Sorted by residual:
  angle pdb=" C   PHE A   1 "
        pdb=" N   GLY A   2 "
        pdb=" CA  GLY A   2 "
      ideal   model   delta    sigma   weight residual
     121.41  124.93   -3.52 1.96e+00 2.60e-01 3.22e+00
  angle pdb=" HA  PHE A   1 "
        pdb=" CA  PHE A   1 "
        pdb=" CB  PHE A   1 "
      ideal   model   delta    sigma   weight residual
     109.00  113.77   -4.77 3.00e+00 1.11e-01 2.53e+00
  angle pdb=" N   PHE A   1 "
        pdb=" CA  PHE A   1 "
        pdb=" HA  PHE A   1 "
      ideal   model   delta    sigma   weight residual
     110.00  105.84    4.16 3.00e+00 1.11e-01 1.92e+00
  angle pdb=" HA1 GLY A   2 "
        pdb=" CA  GLY A   2 "
        pdb=" HA2 GLY A   2 "
      ideal   model   delta    sigma   weight residual
     109.00  104.85    4.15 3.00e+00 1.11e-01 1.91e+00
  angle pdb=" C   PHE A   1 "
        pdb=" CA  PHE A   1 "
        pdb=" HA  PHE A   1 "
      ideal   model   delta    sigma   weight residual
     109.00  104.90    4.10 3.00e+00 1.11e-01 1.87e+00
  ... (remaining 55 not shown)

  Histogram of dihedral angle deviations from ideal:
        0.22 -    35.69: 11
       35.69 -    71.15: 1
       71.15 -   106.62: 0
      106.62 -   142.09: 0
      142.09 -   177.55: 1
  Dihedral angle restraints: 13
    sinusoidal: 3
      harmonic: 10
  Sorted by residual:
  dihedral pdb=" O   GLY A   3 "
           pdb=" C   GLY A   3 "
           pdb=" OXT GLY A   3 "
           pdb=" HXT GLY A   3 "
      ideal   model   delta  harmonic     sigma   weight residual
       0.00  177.55 -177.55     0      3.00e+01 1.11e-03 3.50e+01
  dihedral pdb=" CA  PHE A   1 "
           pdb=" CB  PHE A   1 "
           pdb=" CG  PHE A   1 "
           pdb=" CD1 PHE A   1 "
      ideal   model   delta sinusoidal    sigma   weight residual
     -90.00 -117.71   27.71     2      2.00e+01 2.50e-03 2.59e+00
  dihedral pdb=" OXT GLY A   3 "
           pdb=" C   GLY A   3 "
           pdb=" CA  GLY A   3 "
           pdb=" N   GLY A   3 "
      ideal   model   delta sinusoidal    sigma   weight residual
     160.00  118.64   41.36     2      3.00e+01 1.11e-03 2.33e+00
  ... (remaining 10 not shown)

  Histogram of chiral volume deviations from ideal:
       0.008 -    0.008: 1
       0.008 -    0.008: 0
       0.008 -    0.008: 0
       0.008 -    0.008: 0
       0.008 -    0.008: 0
  Chirality restraints: 1
  Sorted by residual:
  chirality pdb=" CA  PHE A   1 "
            pdb=" C   PHE A   1 "
            pdb=" N   PHE A   1 "
            pdb=" CB  PHE A   1 "
    both_signs  ideal   model   delta    sigma   weight residual
      False     -2.51   -2.50   -0.01 2.00e-01 2.50e+01 1.48e-03

  Planarity restraints: 6
  Sorted by residual:
                                 delta    sigma   weight rms_deltas residual
  plane pdb=" CB  PHE A   1 "    0.003 2.00e-02 2.50e+03   1.53e-02 7.00e+00
        pdb=" CG  PHE A   1 "    0.001 2.00e-02 2.50e+03
        pdb=" CD1 PHE A   1 "    0.014 2.00e-02 2.50e+03
        pdb=" HD1 PHE A   1 "   -0.037 2.00e-02 2.50e+03
        pdb=" CE1 PHE A   1 "    0.001 2.00e-02 2.50e+03
        pdb=" HE1 PHE A   1 "    0.027 2.00e-02 2.50e+03
        pdb=" CZ  PHE A   1 "    0.002 2.00e-02 2.50e+03
        pdb=" HZ  PHE A   1 "   -0.010 2.00e-02 2.50e+03
        pdb=" CE2 PHE A   1 "   -0.013 2.00e-02 2.50e+03
        pdb=" HE2 PHE A   1 "   -0.009 2.00e-02 2.50e+03
        pdb=" CD2 PHE A   1 "    0.011 2.00e-02 2.50e+03
        pdb=" HD2 PHE A   1 "    0.008 2.00e-02 2.50e+03
                                 delta    sigma   weight rms_deltas residual
  plane pdb=" O   GLY A   3 "   -0.005 2.00e-02 2.50e+03   2.14e-02 5.74e+00
        pdb=" C   GLY A   3 "   -0.018 2.00e-02 2.50e+03
        pdb=" OXT GLY A   3 "    0.035 2.00e-02 2.50e+03
        pdb=" HXT GLY A   3 "   -0.024 2.00e-02 2.50e+03
        pdb=" CA  GLY A   3 "    0.012 2.00e-02 2.50e+03
                                 delta    sigma   weight rms_deltas residual
  plane pdb=" C   GLY A   2 "   -0.007 2.00e-02 2.50e+03   1.28e-02 1.63e+00
        pdb=" CA  GLY A   3 "   -0.006 2.00e-02 2.50e+03
        pdb=" N   GLY A   3 "    0.022 2.00e-02 2.50e+03
        pdb=" H   GLY A   3 "   -0.009 2.00e-02 2.50e+03
  ... (remaining 3 not shown)

  Histogram of nonbonded interaction distances:
        2.02 -     2.60: 29
        2.60 -     3.17: 58
        3.17 -     3.75: 69
        3.75 -     4.32: 58
        4.32 -     4.90: 85
  Nonbonded interactions: 299
  Sorted by model distance:
  nonbonded pdb=" H2  PHE A   1 "
            pdb=" HA  PHE A   1 "
     model   vdw
     2.023 1.816
  nonbonded pdb=" HXT GLY A   3 "
            pdb=" HA1 GLY A   3 "
     model   vdw
     2.115 2.270
  nonbonded pdb=" HA2 GLY A   3 "
            pdb=" H   GLY A   3 "
     model   vdw
     2.126 1.816
  nonbonded pdb=" HD2 PHE A   1 "
            pdb=" H   GLY A   3 "
     model   vdw
     2.177 2.100
  nonbonded pdb=" H1  PHE A   1 "
            pdb=" HA  PHE A   1 "
     model   vdw
     2.185 1.816
  ... (remaining 294 not shown)

  NOTE: a complete listing of the restraints can be obtained by requesting
        output of .geo file.

                   ----------xray_structure summary----------                  

Number of scattering types: 4
  Type Number    sf(0)   Gaussians
   O       4      7.97       2
   N       3      6.97       2
   C      13      5.97       2
   H      17      1.00       2
  sf(0) = scattering factor at diffraction angle 0.
Number of scatterers: 37
At special positions: 0
Unit cell: (14.025, 12.498, 10.51, 90, 90, 90)
Space group: P 1 (No. 1)

End of input processing
r_work=0.5227 r_free=0.3404
params.data_weight: 0.0
params.restraints: cctbx
rmsd(b), start:  0.0891
mc:   0 R: 0.5311 rmsd(b):  0.0014 restraint_scale:  1.0 min_steps: 55
mc:   1 R: 0.5370 rmsd(b):  0.0010 restraint_scale:  1.0 min_steps: 55
mc:   2 R: 0.5460 rmsd(b):  0.0009 restraint_scale:  1.0 min_steps: 54
mc:   3 R: 0.5448 rmsd(b):  0.0009 restraint_scale:  1.0 min_steps: 53
mc:   4 R: 0.5432 rmsd(b):  0.0007 restraint_scale:  1.0 min_steps: 55
mc:   5 R: 0.5400 rmsd(b):  0.0005 restraint_scale:  1.0 min_steps: 53
mc:   6 R: 0.5371 rmsd(b):  0.0007 restraint_scale:  1.0 min_steps: 53
mc:   7 R: 0.5348 rmsd(b):  0.0005 restraint_scale:  1.0 min_steps: 54
mc:   8 R: 0.5316 rmsd(b):  0.0006 restraint_scale:  1.0 min_steps: 53
mc:   9 R: 0.5303 rmsd(b):  0.0005 restraint_scale:  1.0 min_steps: 55
mc:  10 R: 0.5249 rmsd(b):  0.0007 restraint_scale:  1.0 min_steps: 52
mc:  11 R: 0.5240 rmsd(b):  0.0005 restraint_scale:  1.0 min_steps: 56
mc:  12 R: 0.5205 rmsd(b):  0.0005 restraint_scale:  1.0 min_steps: 55
mc:  13 R: 0.5198 rmsd(b):  0.0005 restraint_scale:  1.0 min_steps: 56
mc:  14 R: 0.5180 rmsd(b):  0.0005 restraint_scale:  1.0 min_steps: 54
mc:  15 R: 0.5177 rmsd(b):  0.0005 restraint_scale:  1.0 min_steps: 53
Convergence reached, stop now.
see the result structure:  ./p26/04_results/opt_cctbx/263_FGG80-new/0.9/1.pdb
Time: 7.9205
