phenix.python
you are importing  adaptive calculator, and it does nothing. Please give it energy, force....... 

============================== Collecting inputs ==============================


                   ----------Processing X-ray data----------                   

F-obs:
  /scratch/m_zhen01/30993.lupus.uni-muenster.de/p26/02_mtz/193_WG06-new.mtz:F-obs
Miller array info: None
Observation type: xray.amplitude
Type of data: double, size=198
Type of sigmas: None
Number of Miller indices: 198
Anomalous flag: False
Unit cell: (14.078, 12.868, 10.869, 90, 90, 90)
Space group: P 1 (No. 1)
Systematic absences: 0
Centric reflections: 0
Resolution range: 3.98988 2.50317
Completeness in resolution range: 1
Completeness with d_max=infinity: 0.75

Number of F-obs in resolution range:                   198
Number of F-obs<0 (these reflections will be rejected): 0
Number of F-obs=0 (these reflections will be used in refinement): 0
Refinement resolution range: d_max =   3.9899
                             d_min =   2.5032

R-free flags:
  /scratch/m_zhen01/30993.lupus.uni-muenster.de/p26/02_mtz/193_WG06-new.mtz:R-free-flags
Miller array info: /scratch/m_zhen01/30993.lupus.uni-muenster.de/p26/02_mtz/193_WG06-new.mtz:R-free-flags
Observation type: None
Type of data: int, size=198
Type of sigmas: None
Number of Miller indices: 198
Anomalous flag: False
Unit cell: (14.078, 12.868, 10.869, 90, 90, 90)
Space group: P 1 (No. 1)
Systematic absences: 0
Centric reflections: 0
Resolution range: 3.98988 2.50317
Completeness in resolution range: 1
Completeness with d_max=infinity: 0.75
Wavelength: 1.0000

Test (R-free flags) flag value: 1

Number of work/free reflections by resolution:
                                  work free  %free
  bin  1: 3.9899 - 3.6511 [14/14]   12    2  14.3%
  bin  2: 3.6511 - 3.4043 [24/24]   24    0   0.0%
  bin  3: 3.4043 - 3.2130 [21/21]   21    0   0.0%
  bin  4: 3.2130 - 3.0586 [22/22]   20    2   9.1%
  bin  5: 3.0586 - 2.9301 [18/18]   18    0   0.0%
  bin  6: 2.9301 - 2.8208 [16/16]   16    0   0.0%
  bin  7: 2.8208 - 2.7262 [15/15]   15    0   0.0%
  bin  8: 2.7262 - 2.6431 [27/27]   23    4  14.8%
  bin  9: 2.6431 - 2.5694 [27/27]   27    0   0.0%
  bin 10: 2.5694 - 2.5032 [14/14]   14    0   0.0%
                          overall  190    8   4.0%

                   ----------Processing PDB file(s)----------                  

  Monomer Library directory:
    "/tmp1/m_zhen01/phenix-installer-1.10.1-2155-intel-linux-2.6-x86_64-centos5/phenix-1.10.1-2155/modules/chem_data/mon_lib"
  Total number of atoms: 34
  Number of models: 1
  Model: ""
    Number of chains: 1
    Chain: "A"
      Number of atoms: 34
      Number of conformers: 1
      Conformer: ""
        Number of residues, atoms: 2, 34
          Classifications: {'peptide': 2}
          Modifications used: {'NH2NOTPRO': 1, 'COOH': 1}
          Link IDs: {'TRANS': 1}
  Time building chain proxies: 0.07, per 1000 atoms: 2.06
  Number of scatterers: 34
  At special positions: 0
  Unit cell: (14.078, 12.868, 10.869, 90, 90, 90)
  Space group: P 1 (No. 1)
  Number of sites at special positions: 0
  Number of scattering types: 4
    Type Number    sf(0)
     O       3      8.00
     N       3      7.00
     C      13      6.00
     H      15      1.00
    sf(0) = scattering factor at diffraction angle 0.

  Number of disulfides: simple=0, symmetry=0

  Automatic linking
    Parameters for automatic linking
      Linking & cutoffs
        Metal                : False - 3.50
        Amimo acid           : False - 1.90
        Carbohydrate         : True  - 1.99
        Ligands              : True  - 1.99
        Amino acid - RNA/DNA : False
      
  Number of custom bonds: simple=0, symmetry=0
  Time building additional restraints: 0.02
  Conformation dependent library (CDL) restraints added in 526.0 microseconds
  
  Adding C-beta torsion restraints...
  Number of C-beta restraints generated:  2
  Time building geometry restraints manager: 0.03 seconds

  NOTE: a complete listing of the restraints can be obtained by requesting
        output of .geo file.

  Histogram of bond lengths:
        0.84 -     0.98: 12
        0.98 -     1.13: 3
        1.13 -     1.27: 2
        1.27 -     1.42: 11
        1.42 -     1.56: 7
  Bond restraints: 35
  Sorted by residual:
  bond pdb=" CZ2 TRP A   1 "
       pdb=" HZ2 TRP A   1 "
    ideal  model  delta    sigma   weight residual
    0.930  0.980 -0.050 2.00e-02 2.50e+03 6.23e+00
  bond pdb=" C   TRP A   1 "
       pdb=" O   TRP A   1 "
    ideal  model  delta    sigma   weight residual
    1.231  1.182  0.049 2.00e-02 2.50e+03 6.13e+00
  bond pdb=" CB  TRP A   1 "
       pdb=" HB1 TRP A   1 "
    ideal  model  delta    sigma   weight residual
    0.970  1.009 -0.039 2.00e-02 2.50e+03 3.78e+00
  bond pdb=" C   TRP A   1 "
       pdb=" CA  TRP A   1 "
    ideal  model  delta    sigma   weight residual
    1.525  1.564 -0.039 2.10e-02 2.27e+03 3.45e+00
  bond pdb=" CH2 TRP A   1 "
       pdb=" CZ3 TRP A   1 "
    ideal  model  delta    sigma   weight residual
    1.400  1.367  0.033 2.50e-02 1.60e+03 1.70e+00
  ... (remaining 30 not shown)

  Histogram of bond angle deviations from ideal:
      103.61 -   109.52: 18
      109.52 -   115.43: 7
      115.43 -   121.34: 14
      121.34 -   127.24: 15
      127.24 -   133.15: 3
  Bond angle restraints: 57
  Sorted by residual:
  angle pdb=" CA  TRP A   1 "
        pdb=" N   TRP A   1 "
        pdb=" H1  TRP A   1 "
      ideal   model   delta    sigma   weight residual
     109.47  119.43   -9.96 3.00e+00 1.11e-01 1.10e+01
  angle pdb=" C   GLY A   2 "
        pdb=" CA  GLY A   2 "
        pdb=" N   GLY A   2 "
      ideal   model   delta    sigma   weight residual
     113.30  122.15   -8.85 2.90e+00 1.19e-01 9.32e+00
  angle pdb=" CA  TRP A   1 "
        pdb=" CB  TRP A   1 "
        pdb=" CG  TRP A   1 "
      ideal   model   delta    sigma   weight residual
     113.60  108.30    5.30 1.90e+00 2.77e-01 7.78e+00
  angle pdb=" CA  TRP A   1 "
        pdb=" CB  TRP A   1 "
        pdb=" HB1 TRP A   1 "
      ideal   model   delta    sigma   weight residual
     109.00  115.76   -6.76 3.00e+00 1.11e-01 5.08e+00
  angle pdb=" O   TRP A   1 "
        pdb=" C   TRP A   1 "
        pdb=" CA  TRP A   1 "
      ideal   model   delta    sigma   weight residual
     120.80  116.99    3.81 1.70e+00 3.46e-01 5.03e+00
  ... (remaining 52 not shown)

  Histogram of dihedral angle deviations from ideal:
        0.18 -    35.60: 11
       35.60 -    71.02: 1
       71.02 -   106.45: 0
      106.45 -   141.87: 0
      141.87 -   177.29: 1
  Dihedral angle restraints: 13
    sinusoidal: 3
      harmonic: 10
  Sorted by residual:
  dihedral pdb=" O   GLY A   2 "
           pdb=" C   GLY A   2 "
           pdb=" OXT GLY A   2 "
           pdb=" HXT GLY A   2 "
      ideal   model   delta  harmonic     sigma   weight residual
       0.00 -177.29  177.29     0      3.00e+01 1.11e-03 3.49e+01
  dihedral pdb=" OXT GLY A   2 "
           pdb=" C   GLY A   2 "
           pdb=" CA  GLY A   2 "
           pdb=" N   GLY A   2 "
      ideal   model   delta sinusoidal    sigma   weight residual
     160.00  111.00   49.00     2      3.00e+01 1.11e-03 3.04e+00
  dihedral pdb=" CG  TRP A   1 "
           pdb=" CE3 TRP A   1 "
           pdb=" CD2 TRP A   1 "
           pdb=" HE3 TRP A   1 "
      ideal   model   delta  harmonic     sigma   weight residual
       0.00    6.86   -6.86     0      5.00e+00 4.00e-02 1.88e+00
  ... (remaining 10 not shown)

  Histogram of chiral volume deviations from ideal:
       0.122 -    0.122: 1
       0.122 -    0.122: 0
       0.122 -    0.122: 0
       0.122 -    0.122: 0
       0.122 -    0.122: 0
  Chirality restraints: 1
  Sorted by residual:
  chirality pdb=" CA  TRP A   1 "
            pdb=" C   TRP A   1 "
            pdb=" N   TRP A   1 "
            pdb=" CB  TRP A   1 "
    both_signs  ideal   model   delta    sigma   weight residual
      False     -2.51   -2.63    0.12 2.00e-01 2.50e+01 3.74e-01

  Planarity restraints: 4
  Sorted by residual:
                                 delta    sigma   weight rms_deltas residual
  plane pdb=" CB  TRP A   1 "   -0.013 2.00e-02 2.50e+03   1.78e-02 1.26e+01
        pdb=" CG  TRP A   1 "   -0.024 2.00e-02 2.50e+03
        pdb=" CD1 TRP A   1 "    0.022 2.00e-02 2.50e+03
        pdb=" HD1 TRP A   1 "    0.014 2.00e-02 2.50e+03
        pdb=" NE1 TRP A   1 "   -0.003 2.00e-02 2.50e+03
        pdb=" HE1 TRP A   1 "   -0.023 2.00e-02 2.50e+03
        pdb=" CE2 TRP A   1 "    0.007 2.00e-02 2.50e+03
        pdb=" CZ2 TRP A   1 "    0.037 2.00e-02 2.50e+03
        pdb=" HZ2 TRP A   1 "   -0.013 2.00e-02 2.50e+03
        pdb=" CH2 TRP A   1 "    0.006 2.00e-02 2.50e+03
        pdb=" HH2 TRP A   1 "   -0.016 2.00e-02 2.50e+03
        pdb=" CZ3 TRP A   1 "   -0.011 2.00e-02 2.50e+03
        pdb=" HZ3 TRP A   1 "    0.010 2.00e-02 2.50e+03
        pdb=" CE3 TRP A   1 "   -0.022 2.00e-02 2.50e+03
        pdb=" HE3 TRP A   1 "    0.019 2.00e-02 2.50e+03
        pdb=" CD2 TRP A   1 "    0.010 2.00e-02 2.50e+03
                                 delta    sigma   weight rms_deltas residual
  plane pdb=" O   GLY A   2 "    0.012 2.00e-02 2.50e+03   1.12e-02 1.58e+00
        pdb=" C   GLY A   2 "   -0.021 2.00e-02 2.50e+03
        pdb=" OXT GLY A   2 "   -0.002 2.00e-02 2.50e+03
        pdb=" HXT GLY A   2 "    0.008 2.00e-02 2.50e+03
        pdb=" CA  GLY A   2 "    0.003 2.00e-02 2.50e+03
                                 delta    sigma   weight rms_deltas residual
  plane pdb=" C   TRP A   1 "    0.006 2.00e-02 2.50e+03   3.71e-03 1.38e-01
        pdb=" O   TRP A   1 "   -0.002 2.00e-02 2.50e+03
        pdb=" CA  TRP A   1 "   -0.002 2.00e-02 2.50e+03
        pdb=" N   GLY A   2 "   -0.002 2.00e-02 2.50e+03
  ... (remaining 1 not shown)

  Histogram of nonbonded interaction distances:
        1.87 -     2.47: 15
        2.47 -     3.08: 43
        3.08 -     3.69: 55
        3.69 -     4.29: 63
        4.29 -     4.90: 77
  Nonbonded interactions: 253
  Sorted by model distance:
  nonbonded pdb=" HXT GLY A   2 "
            pdb=" HA1 GLY A   2 "
     model   vdw
     1.867 2.270
  nonbonded pdb=" H2  TRP A   1 "
            pdb=" HB1 TRP A   1 "
     model   vdw
     2.123 2.270
  nonbonded pdb=" H2  TRP A   1 "
            pdb=" CB  TRP A   1 "
     model   vdw
     2.130 2.376
  nonbonded pdb=" HA2 GLY A   2 "
            pdb=" H   GLY A   2 "
     model   vdw
     2.149 1.816
  nonbonded pdb=" HH2 TRP A   1 "
            pdb=" HZ3 TRP A   1 "
     model   vdw
     2.256 1.680
  ... (remaining 248 not shown)

  NOTE: a complete listing of the restraints can be obtained by requesting
        output of .geo file.

                   ----------xray_structure summary----------                  

Number of scattering types: 4
  Type Number    sf(0)   Gaussians
   O       3      7.97       2
   N       3      6.97       2
   C      13      5.97       2
   H      15      1.00       2
  sf(0) = scattering factor at diffraction angle 0.
Number of scatterers: 34
At special positions: 0
Unit cell: (14.078, 12.868, 10.869, 90, 90, 90)
Space group: P 1 (No. 1)

End of input processing
r_work=0.4678 r_free=0.5907
params.data_weight: 0.0
params.restraints: cctbx
rmsd(b), start:  0.0813
mc:   0 R: 0.4601 rmsd(b):  0.0008 restraint_scale:  1.0 min_steps: 55
mc:   1 R: 0.4749 rmsd(b):  0.0013 restraint_scale:  1.0 min_steps: 53
mc:   2 R: 0.4775 rmsd(b):  0.0005 restraint_scale:  1.0 min_steps: 56
mc:   3 R: 0.4806 rmsd(b):  0.0010 restraint_scale:  1.0 min_steps: 55
mc:   4 R: 0.4814 rmsd(b):  0.0004 restraint_scale:  1.0 min_steps: 53
mc:   5 R: 0.4780 rmsd(b):  0.0010 restraint_scale:  1.0 min_steps: 54
mc:   6 R: 0.4778 rmsd(b):  0.0003 restraint_scale:  1.0 min_steps: 56
mc:   7 R: 0.4760 rmsd(b):  0.0007 restraint_scale:  1.0 min_steps: 56
mc:   8 R: 0.4759 rmsd(b):  0.0004 restraint_scale:  1.0 min_steps: 54
mc:   9 R: 0.4758 rmsd(b):  0.0004 restraint_scale:  1.0 min_steps: 53
mc:  10 R: 0.4768 rmsd(b):  0.0003 restraint_scale:  1.0 min_steps: 53
mc:  11 R: 0.4770 rmsd(b):  0.0003 restraint_scale:  1.0 min_steps: 54
Convergence reached, stop now.
see the result structure:  ./p26/04_results/opt_cctbx/193_WG06-new/0.6/8.pdb
Time: 6.8154
