phenix.python
you are importing  adaptive calculator, and it does nothing. Please give it energy, force....... 

============================== Collecting inputs ==============================


                   ----------Processing X-ray data----------                   

F-obs:
  /scratch/m_zhen01/30995.lupus.uni-muenster.de/p26/02_mtz/266_FGG691-new.mtz:F-obs
Miller array info: None
Observation type: xray.amplitude
Type of data: double, size=187
Type of sigmas: None
Number of Miller indices: 187
Anomalous flag: False
Unit cell: (16.969, 11.457, 9.986, 90, 90, 90)
Space group: P 1 (No. 1)
Systematic absences: 0
Centric reflections: 0
Resolution range: 3.97829 2.50929
Completeness in resolution range: 1
Completeness with d_max=infinity: 0.74502

Number of F-obs in resolution range:                   187
Number of F-obs<0 (these reflections will be rejected): 0
Number of F-obs=0 (these reflections will be used in refinement): 0
Refinement resolution range: d_max =   3.9783
                             d_min =   2.5093

R-free flags:
  /scratch/m_zhen01/30995.lupus.uni-muenster.de/p26/02_mtz/266_FGG691-new.mtz:R-free-flags
Miller array info: /scratch/m_zhen01/30995.lupus.uni-muenster.de/p26/02_mtz/266_FGG691-new.mtz:R-free-flags
Observation type: None
Type of data: int, size=187
Type of sigmas: None
Number of Miller indices: 187
Anomalous flag: False
Unit cell: (16.969, 11.457, 9.986, 90, 90, 90)
Space group: P 1 (No. 1)
Systematic absences: 0
Centric reflections: 0
Resolution range: 3.97829 2.50929
Completeness in resolution range: 1
Completeness with d_max=infinity: 0.74502
Wavelength: 1.0000

Test (R-free flags) flag value: 1

Number of work/free reflections by resolution:
                                  work free  %free
  bin  1: 3.9783 - 3.6465 [23/23]   21    2   8.7%
  bin  2: 3.6465 - 3.4035 [18/18]   18    0   0.0%
  bin  3: 3.4035 - 3.2146 [16/16]   16    0   0.0%
  bin  4: 3.2146 - 3.0616 [24/24]   22    2   8.3%
  bin  5: 3.0616 - 2.9342 [14/14]   14    0   0.0%
  bin  6: 2.9342 - 2.8256 [18/18]   16    2  11.1%
  bin  7: 2.8256 - 2.7315 [20/20]   20    0   0.0%
  bin  8: 2.7315 - 2.6488 [24/24]   22    2   8.3%
  bin  9: 2.6488 - 2.5753 [10/10]   10    0   0.0%
  bin 10: 2.5753 - 2.5093 [20/20]   20    0   0.0%
                          overall  179    8   4.3%

                   ----------Processing PDB file(s)----------                  

  Monomer Library directory:
    "/tmp1/m_zhen01/phenix-installer-1.10.1-2155-intel-linux-2.6-x86_64-centos5/phenix-1.10.1-2155/modules/chem_data/mon_lib"
  Total number of atoms: 37
  Number of models: 1
  Model: ""
    Number of chains: 1
    Chain: "A"
      Number of atoms: 37
      Number of conformers: 1
      Conformer: ""
        Number of residues, atoms: 3, 37
          Classifications: {'peptide': 3}
          Modifications used: {'NH2NOTPRO': 1, 'COOH': 1}
          Link IDs: {'TRANS': 2}
  Time building chain proxies: 0.07, per 1000 atoms: 1.89
  Number of scatterers: 37
  At special positions: 0
  Unit cell: (16.969, 11.457, 9.986, 90, 90, 90)
  Space group: P 1 (No. 1)
  Number of sites at special positions: 0
  Number of scattering types: 4
    Type Number    sf(0)
     O       4      8.00
     N       3      7.00
     C      13      6.00
     H      17      1.00
    sf(0) = scattering factor at diffraction angle 0.

  Number of disulfides: simple=0, symmetry=0

  Automatic linking
    Parameters for automatic linking
      Linking & cutoffs
        Metal                : False - 3.50
        Amimo acid           : False - 1.90
        Carbohydrate         : True  - 1.99
        Ligands              : True  - 1.99
        Amino acid - RNA/DNA : False
      
  Number of custom bonds: simple=0, symmetry=0
  Time building additional restraints: 0.02
  Conformation dependent library (CDL) restraints added in 2.5 milliseconds
  
  Adding C-beta torsion restraints...
  Number of C-beta restraints generated:  2
  Time building geometry restraints manager: 0.03 seconds

  NOTE: a complete listing of the restraints can be obtained by requesting
        output of .geo file.

  Histogram of bond lengths:
        0.86 -     1.00: 17
        1.00 -     1.13: 0
        1.13 -     1.26: 2
        1.26 -     1.39: 7
        1.39 -     1.52: 11
  Bond restraints: 37
  Sorted by residual:
  bond pdb=" C   GLY A   3 "
       pdb=" CA  GLY A   3 "
    ideal  model  delta    sigma   weight residual
    1.516  1.471  0.045 1.80e-02 3.09e+03 6.25e+00
  bond pdb=" CB  PHE A   1 "
       pdb=" CG  PHE A   1 "
    ideal  model  delta    sigma   weight residual
    1.502  1.450  0.052 2.30e-02 1.89e+03 5.05e+00
  bond pdb=" CZ  PHE A   1 "
       pdb=" HZ  PHE A   1 "
    ideal  model  delta    sigma   weight residual
    0.930  0.889  0.041 2.00e-02 2.50e+03 4.23e+00
  bond pdb=" CA  GLY A   2 "
       pdb=" N   GLY A   2 "
    ideal  model  delta    sigma   weight residual
    1.449  1.420  0.029 1.45e-02 4.76e+03 4.12e+00
  bond pdb=" C   GLY A   2 "
       pdb=" O   GLY A   2 "
    ideal  model  delta    sigma   weight residual
    1.235  1.260 -0.025 1.35e-02 5.49e+03 3.45e+00
  ... (remaining 32 not shown)

  Histogram of bond angle deviations from ideal:
      100.78 -   105.71: 2
      105.71 -   110.64: 14
      110.64 -   115.56: 10
      115.56 -   120.49: 22
      120.49 -   125.42: 12
  Bond angle restraints: 60
  Sorted by residual:
  angle pdb=" C   GLY A   2 "
        pdb=" CA  GLY A   2 "
        pdb=" HA2 GLY A   2 "
      ideal   model   delta    sigma   weight residual
     109.00  100.78    8.22 3.00e+00 1.11e-01 7.50e+00
  angle pdb=" CA  PHE A   1 "
        pdb=" C   PHE A   1 "
        pdb=" N   GLY A   2 "
      ideal   model   delta    sigma   weight residual
     116.20  119.84   -3.64 2.00e+00 2.50e-01 3.31e+00
  angle pdb=" C   GLY A   2 "
        pdb=" N   GLY A   3 "
        pdb=" CA  GLY A   3 "
      ideal   model   delta    sigma   weight residual
     121.70  118.91    2.79 1.80e+00 3.09e-01 2.41e+00
  angle pdb=" O   PHE A   1 "
        pdb=" C   PHE A   1 "
        pdb=" CA  PHE A   1 "
      ideal   model   delta    sigma   weight residual
     120.80  118.59    2.21 1.70e+00 3.46e-01 1.70e+00
  angle pdb=" HB2 PHE A   1 "
        pdb=" CB  PHE A   1 "
        pdb=" CG  PHE A   1 "
      ideal   model   delta    sigma   weight residual
     108.00  111.76   -3.76 3.00e+00 1.11e-01 1.57e+00
  ... (remaining 55 not shown)

  Histogram of dihedral angle deviations from ideal:
        0.69 -    15.32: 12
       15.32 -    29.96: 0
       29.96 -    44.59: 0
       44.59 -    59.23: 0
       59.23 -    73.87: 1
  Dihedral angle restraints: 13
    sinusoidal: 3
      harmonic: 10
  Sorted by residual:
  dihedral pdb=" OXT GLY A   3 "
           pdb=" C   GLY A   3 "
           pdb=" CA  GLY A   3 "
           pdb=" N   GLY A   3 "
      ideal   model   delta sinusoidal    sigma   weight residual
     160.00   86.13   73.87     2      3.00e+01 1.11e-03 4.92e+00
  dihedral pdb=" CA  GLY A   2 "
           pdb=" C   GLY A   2 "
           pdb=" N   GLY A   3 "
           pdb=" CA  GLY A   3 "
      ideal   model   delta  harmonic     sigma   weight residual
    -180.00 -176.00   -4.00     0      5.00e+00 4.00e-02 6.41e-01
  dihedral pdb=" N   PHE A   1 "
           pdb=" CA  PHE A   1 "
           pdb=" CB  PHE A   1 "
           pdb=" CG  PHE A   1 "
      ideal   model   delta sinusoidal    sigma   weight residual
      60.00   50.98    9.02     3      1.50e+01 4.44e-03 5.19e-01
  ... (remaining 10 not shown)

  Histogram of chiral volume deviations from ideal:
       0.051 -    0.051: 1
       0.051 -    0.051: 0
       0.051 -    0.051: 0
       0.051 -    0.051: 0
       0.051 -    0.051: 0
  Chirality restraints: 1
  Sorted by residual:
  chirality pdb=" CA  PHE A   1 "
            pdb=" C   PHE A   1 "
            pdb=" N   PHE A   1 "
            pdb=" CB  PHE A   1 "
    both_signs  ideal   model   delta    sigma   weight residual
      False     -2.51   -2.46   -0.05 2.00e-01 2.50e+01 6.60e-02

  Planarity restraints: 6
  Sorted by residual:
                                 delta    sigma   weight rms_deltas residual
  plane pdb=" C   GLY A   2 "   -0.015 2.00e-02 2.50e+03   3.02e-02 9.13e+00
        pdb=" CA  GLY A   3 "   -0.013 2.00e-02 2.50e+03
        pdb=" N   GLY A   3 "    0.052 2.00e-02 2.50e+03
        pdb=" H   GLY A   3 "   -0.023 2.00e-02 2.50e+03
                                 delta    sigma   weight rms_deltas residual
  plane pdb=" CB  PHE A   1 "    0.032 2.00e-02 2.50e+03   1.57e-02 7.35e+00
        pdb=" CG  PHE A   1 "    0.003 2.00e-02 2.50e+03
        pdb=" CD2 PHE A   1 "   -0.031 2.00e-02 2.50e+03
        pdb=" HD2 PHE A   1 "   -0.006 2.00e-02 2.50e+03
        pdb=" CE2 PHE A   1 "   -0.000 2.00e-02 2.50e+03
        pdb=" HE2 PHE A   1 "    0.009 2.00e-02 2.50e+03
        pdb=" CZ  PHE A   1 "    0.004 2.00e-02 2.50e+03
        pdb=" HZ  PHE A   1 "    0.017 2.00e-02 2.50e+03
        pdb=" CE1 PHE A   1 "   -0.017 2.00e-02 2.50e+03
        pdb=" HE1 PHE A   1 "    0.008 2.00e-02 2.50e+03
        pdb=" CD1 PHE A   1 "   -0.011 2.00e-02 2.50e+03
        pdb=" HD1 PHE A   1 "   -0.007 2.00e-02 2.50e+03
                                 delta    sigma   weight rms_deltas residual
  plane pdb=" C   PHE A   1 "    0.011 2.00e-02 2.50e+03   2.12e-02 4.50e+00
        pdb=" CA  GLY A   2 "    0.009 2.00e-02 2.50e+03
        pdb=" N   GLY A   2 "   -0.036 2.00e-02 2.50e+03
        pdb=" H   GLY A   2 "    0.016 2.00e-02 2.50e+03
  ... (remaining 3 not shown)

  Histogram of nonbonded interaction distances:
        1.52 -     2.19: 3
        2.19 -     2.87: 50
        2.87 -     3.54: 61
        3.54 -     4.21: 60
        4.21 -     4.89: 75
  Nonbonded interactions: 249
  Sorted by model distance:
  nonbonded pdb=" H2  PHE A   1 "
            pdb=" HA  PHE A   1 "
     model   vdw
     1.518 1.816
  nonbonded pdb=" H1  PHE A   1 "
            pdb=" H   GLY A   2 "
     model   vdw
     1.751 2.100
  nonbonded pdb=" HA  PHE A   1 "
            pdb=" HB2 PHE A   1 "
     model   vdw
     2.192 1.952
  nonbonded pdb=" H1  PHE A   1 "
            pdb=" N   GLY A   2 "
     model   vdw
     2.236 2.650
  nonbonded pdb=" HZ  PHE A   1 "
            pdb=" HE1 PHE A   1 "
     model   vdw
     2.283 1.680
  ... (remaining 244 not shown)

  NOTE: a complete listing of the restraints can be obtained by requesting
        output of .geo file.

                   ----------xray_structure summary----------                  

Number of scattering types: 4
  Type Number    sf(0)   Gaussians
   O       4      7.97       2
   N       3      6.97       2
   C      13      5.97       2
   H      17      1.00       2
  sf(0) = scattering factor at diffraction angle 0.
Number of scatterers: 37
At special positions: 0
Unit cell: (16.969, 11.457, 9.986, 90, 90, 90)
Space group: P 1 (No. 1)

End of input processing
r_work=0.4875 r_free=0.5340
params.data_weight: None
params.restraints: cctbx
rmsd(b), start:  0.0911
mc:   0 R: 0.2713 rmsd(b):  0.0724 restraint_scale:  2.0 min_steps: 45
mc:   1 R: 0.2121 rmsd(b):  0.1011 restraint_scale:  4.0 min_steps: 19
mc:   2 R: 0.2441 rmsd(b):  0.0636 restraint_scale:  8.0 min_steps: 26
mc:   3 R: 0.0796 rmsd(b):  0.0418 restraint_scale: 16.0 min_steps: 53
mc:   4 R: 0.0514 rmsd(b):  0.0293 restraint_scale: 16.0 min_steps: 17
mc:   5 R: 0.0404 rmsd(b):  0.0133 restraint_scale: 16.0 min_steps: 15
mc:   6 R: 0.0306 rmsd(b):  0.0152 restraint_scale: 16.0 min_steps: 9
mc:   7 R: 0.0295 rmsd(b):  0.0111 restraint_scale: 16.0 min_steps: 10
mc:   8 R: 0.0260 rmsd(b):  0.0126 restraint_scale: 16.0 min_steps: 13
mc:   9 R: 0.0255 rmsd(b):  0.0109 restraint_scale: 16.0 min_steps: 6
Convergence reached, stop now.
see the result structure:  ./p26/04_results/refine_cctbx/266_FGG691-new/1.2/4.pdb
Time: 6.7002
