phenix.python
you are importing  adaptive calculator, and it does nothing. Please give it energy, force....... 

============================== Collecting inputs ==============================


                   ----------Processing X-ray data----------                   

F-obs:
  /scratch/m_zhen01/31011.lupus.uni-muenster.de/p26/02_mtz/218_WGG13-new.mtz:F-obs
Miller array info: None
Observation type: xray.amplitude
Type of data: double, size=208
Type of sigmas: None
Number of Miller indices: 208
Anomalous flag: False
Unit cell: (11.352, 14.685, 12.593, 90, 90, 90)
Space group: P 1 (No. 1)
Systematic absences: 0
Centric reflections: 0
Resolution range: 3.93712 2.5186
Completeness in resolution range: 1
Completeness with d_max=infinity: 0.748201

Number of F-obs in resolution range:                   208
Number of F-obs<0 (these reflections will be rejected): 0
Number of F-obs=0 (these reflections will be used in refinement): 0
Refinement resolution range: d_max =   3.9371
                             d_min =   2.5186

R-free flags:
  /scratch/m_zhen01/31011.lupus.uni-muenster.de/p26/02_mtz/218_WGG13-new.mtz:R-free-flags
Miller array info: /scratch/m_zhen01/31011.lupus.uni-muenster.de/p26/02_mtz/218_WGG13-new.mtz:R-free-flags
Observation type: None
Type of data: int, size=208
Type of sigmas: None
Number of Miller indices: 208
Anomalous flag: False
Unit cell: (11.352, 14.685, 12.593, 90, 90, 90)
Space group: P 1 (No. 1)
Systematic absences: 0
Centric reflections: 0
Resolution range: 3.93712 2.5186
Completeness in resolution range: 1
Completeness with d_max=infinity: 0.748201
Wavelength: 1.0000

Test (R-free flags) flag value: 1

Number of work/free reflections by resolution:
                                  work free  %free
  bin  1: 3.9371 - 3.6242 [24/24]   24    0   0.0%
  bin  2: 3.6242 - 3.3918 [18/18]   14    4  22.2%
  bin  3: 3.3918 - 3.2095 [18/18]   18    0   0.0%
  bin  4: 3.2095 - 3.0609 [25/25]   21    4  16.0%
  bin  5: 3.0609 - 2.9366 [21/21]   21    0   0.0%
  bin  6: 2.9366 - 2.8302 [11/11]   11    0   0.0%
  bin  7: 2.8302 - 2.7378 [30/30]   26    4  13.3%
  bin  8: 2.7378 - 2.6564 [18/18]   14    4  22.2%
  bin  9: 2.6564 - 2.5838 [22/22]   22    0   0.0%
  bin 10: 2.5838 - 2.5186 [21/21]   21    0   0.0%
                          overall  192   16   7.7%

                   ----------Processing PDB file(s)----------                  

  Monomer Library directory:
    "/tmp1/m_zhen01/phenix-installer-1.10.1-2155-intel-linux-2.6-x86_64-centos5/phenix-1.10.1-2155/modules/chem_data/mon_lib"
  Total number of atoms: 41
  Number of models: 1
  Model: ""
    Number of chains: 1
    Chain: "A"
      Number of atoms: 41
      Number of conformers: 1
      Conformer: ""
        Number of residues, atoms: 3, 41
          Classifications: {'peptide': 3}
          Modifications used: {'NH2NOTPRO': 1, 'COOH': 1}
          Link IDs: {'TRANS': 2}
  Time building chain proxies: 0.08, per 1000 atoms: 1.95
  Number of scatterers: 41
  At special positions: 0
  Unit cell: (11.352, 14.685, 12.593, 90, 90, 90)
  Space group: P 1 (No. 1)
  Number of sites at special positions: 0
  Number of scattering types: 4
    Type Number    sf(0)
     O       4      8.00
     N       4      7.00
     C      15      6.00
     H      18      1.00
    sf(0) = scattering factor at diffraction angle 0.

  Number of disulfides: simple=0, symmetry=0

  Automatic linking
    Parameters for automatic linking
      Linking & cutoffs
        Metal                : False - 3.50
        Amimo acid           : False - 1.90
        Carbohydrate         : True  - 1.99
        Ligands              : True  - 1.99
        Amino acid - RNA/DNA : False
      
  Number of custom bonds: simple=0, symmetry=0
  Time building additional restraints: 0.03
  Conformation dependent library (CDL) restraints added in 2.8 milliseconds
  
  Adding C-beta torsion restraints...
  Number of C-beta restraints generated:  2
  Time building geometry restraints manager: 0.03 seconds

  NOTE: a complete listing of the restraints can be obtained by requesting
        output of .geo file.

  Histogram of bond lengths:
        0.86 -     1.00: 18
        1.00 -     1.13: 0
        1.13 -     1.27: 3
        1.27 -     1.40: 12
        1.40 -     1.54: 9
  Bond restraints: 42
  Sorted by residual:
  bond pdb=" CH2 TRP A   1 "
       pdb=" CZ3 TRP A   1 "
    ideal  model  delta    sigma   weight residual
    1.400  1.346  0.054 2.50e-02 1.60e+03 4.62e+00
  bond pdb=" CD1 TRP A   1 "
       pdb=" HD1 TRP A   1 "
    ideal  model  delta    sigma   weight residual
    0.930  0.973 -0.043 2.00e-02 2.50e+03 4.59e+00
  bond pdb=" C   TRP A   1 "
       pdb=" O   TRP A   1 "
    ideal  model  delta    sigma   weight residual
    1.231  1.192  0.039 2.00e-02 2.50e+03 3.74e+00
  bond pdb=" C   GLY A   2 "
       pdb=" CA  GLY A   2 "
    ideal  model  delta    sigma   weight residual
    1.514  1.538 -0.024 1.41e-02 5.03e+03 2.87e+00
  bond pdb=" CZ3 TRP A   1 "
       pdb=" HZ3 TRP A   1 "
    ideal  model  delta    sigma   weight residual
    0.930  0.960 -0.030 2.00e-02 2.50e+03 2.18e+00
  ... (remaining 37 not shown)

  Histogram of bond angle deviations from ideal:
      104.19 -   110.04: 19
      110.04 -   115.88: 14
      115.88 -   121.73: 21
      121.73 -   127.57: 10
      127.57 -   133.41: 5
  Bond angle restraints: 69
  Sorted by residual:
  angle pdb=" HA  TRP A   1 "
        pdb=" CA  TRP A   1 "
        pdb=" N   TRP A   1 "
      ideal   model   delta    sigma   weight residual
     110.00  104.19    5.81 3.00e+00 1.11e-01 3.75e+00
  angle pdb=" C   GLY A   2 "
        pdb=" N   GLY A   3 "
        pdb=" CA  GLY A   3 "
      ideal   model   delta    sigma   weight residual
     121.70  118.88    2.82 1.80e+00 3.09e-01 2.45e+00
  angle pdb=" HA1 GLY A   3 "
        pdb=" CA  GLY A   3 "
        pdb=" N   GLY A   3 "
      ideal   model   delta    sigma   weight residual
     110.00  105.75    4.25 3.00e+00 1.11e-01 2.01e+00
  angle pdb=" CB  TRP A   1 "
        pdb=" CG  TRP A   1 "
        pdb=" CD1 TRP A   1 "
      ideal   model   delta    sigma   weight residual
     126.90  128.86   -1.96 1.50e+00 4.44e-01 1.71e+00
  angle pdb=" HA1 GLY A   2 "
        pdb=" CA  GLY A   2 "
        pdb=" N   GLY A   2 "
      ideal   model   delta    sigma   weight residual
     110.00  106.25    3.75 3.00e+00 1.11e-01 1.56e+00
  ... (remaining 64 not shown)

  Histogram of dihedral angle deviations from ideal:
        0.02 -    35.74: 12
       35.74 -    71.46: 1
       71.46 -   107.18: 0
      107.18 -   142.90: 0
      142.90 -   178.62: 1
  Dihedral angle restraints: 14
    sinusoidal: 3
      harmonic: 11
  Sorted by residual:
  dihedral pdb=" O   GLY A   3 "
           pdb=" OXT GLY A   3 "
           pdb=" C   GLY A   3 "
           pdb=" HXT GLY A   3 "
      ideal   model   delta  harmonic     sigma   weight residual
       0.00  178.62 -178.62     0      3.00e+01 1.11e-03 3.55e+01
  dihedral pdb=" CA  TRP A   1 "
           pdb=" C   TRP A   1 "
           pdb=" N   GLY A   2 "
           pdb=" CA  GLY A   2 "
      ideal   model   delta  harmonic     sigma   weight residual
     180.00 -170.90   -9.10     0      5.00e+00 4.00e-02 3.32e+00
  dihedral pdb=" OXT GLY A   3 "
           pdb=" C   GLY A   3 "
           pdb=" CA  GLY A   3 "
           pdb=" N   GLY A   3 "
      ideal   model   delta sinusoidal    sigma   weight residual
     -20.00  -66.80   46.80     2      3.00e+01 1.11e-03 2.83e+00
  ... (remaining 11 not shown)

  Histogram of chiral volume deviations from ideal:
       0.021 -    0.021: 1
       0.021 -    0.021: 0
       0.021 -    0.021: 0
       0.021 -    0.021: 0
       0.021 -    0.021: 0
  Chirality restraints: 1
  Sorted by residual:
  chirality pdb=" CA  TRP A   1 "
            pdb=" C   TRP A   1 "
            pdb=" N   TRP A   1 "
            pdb=" CB  TRP A   1 "
    both_signs  ideal   model   delta    sigma   weight residual
      False     -2.51   -2.53    0.02 2.00e-01 2.50e+01 1.10e-02

  Planarity restraints: 6
  Sorted by residual:
                                 delta    sigma   weight rms_deltas residual
  plane pdb=" CB  TRP A   1 "   -0.025 2.00e-02 2.50e+03   1.80e-02 1.29e+01
        pdb=" CG  TRP A   1 "   -0.028 2.00e-02 2.50e+03
        pdb=" CD1 TRP A   1 "   -0.010 2.00e-02 2.50e+03
        pdb=" HD1 TRP A   1 "    0.018 2.00e-02 2.50e+03
        pdb=" NE1 TRP A   1 "    0.014 2.00e-02 2.50e+03
        pdb=" HE1 TRP A   1 "    0.007 2.00e-02 2.50e+03
        pdb=" CE2 TRP A   1 "    0.005 2.00e-02 2.50e+03
        pdb=" CZ2 TRP A   1 "   -0.017 2.00e-02 2.50e+03
        pdb=" HZ2 TRP A   1 "    0.016 2.00e-02 2.50e+03
        pdb=" CH2 TRP A   1 "   -0.021 2.00e-02 2.50e+03
        pdb=" HH2 TRP A   1 "   -0.016 2.00e-02 2.50e+03
        pdb=" CZ3 TRP A   1 "    0.005 2.00e-02 2.50e+03
        pdb=" HZ3 TRP A   1 "    0.002 2.00e-02 2.50e+03
        pdb=" CE3 TRP A   1 "    0.005 2.00e-02 2.50e+03
        pdb=" HE3 TRP A   1 "    0.042 2.00e-02 2.50e+03
        pdb=" CD2 TRP A   1 "    0.001 2.00e-02 2.50e+03
                                 delta    sigma   weight rms_deltas residual
  plane pdb=" OXT GLY A   3 "   -0.019 2.00e-02 2.50e+03   1.81e-02 4.09e+00
        pdb=" C   GLY A   3 "    0.032 2.00e-02 2.50e+03
        pdb=" O   GLY A   3 "   -0.009 2.00e-02 2.50e+03
        pdb=" HXT GLY A   3 "    0.007 2.00e-02 2.50e+03
        pdb=" CA  GLY A   3 "   -0.011 2.00e-02 2.50e+03
                                 delta    sigma   weight rms_deltas residual
  plane pdb=" C   GLY A   2 "    0.006 2.00e-02 2.50e+03   1.16e-02 1.35e+00
        pdb=" CA  GLY A   3 "    0.005 2.00e-02 2.50e+03
        pdb=" N   GLY A   3 "   -0.020 2.00e-02 2.50e+03
        pdb=" H   GLY A   3 "    0.009 2.00e-02 2.50e+03
  ... (remaining 3 not shown)

  Histogram of nonbonded interaction distances:
        2.16 -     2.70: 35
        2.70 -     3.25: 80
        3.25 -     3.80: 75
        3.80 -     4.35: 92
        4.35 -     4.90: 101
  Nonbonded interactions: 383
  Sorted by model distance:
  nonbonded pdb=" HA1 GLY A   3 "
            pdb=" H   GLY A   3 "
     model   vdw
     2.156 1.816
  nonbonded pdb=" HA  TRP A   1 "
            pdb=" H1  TRP A   1 "
     model   vdw
     2.175 1.816
  nonbonded pdb=" HH2 TRP A   1 "
            pdb=" HZ3 TRP A   1 "
     model   vdw
     2.255 1.680
  nonbonded pdb=" HZ2 TRP A   1 "
            pdb=" HH2 TRP A   1 "
     model   vdw
     2.273 1.680
  nonbonded pdb=" HA  TRP A   1 "
            pdb=" HB2 TRP A   1 "
     model   vdw
     2.282 1.952
  ... (remaining 378 not shown)

  NOTE: a complete listing of the restraints can be obtained by requesting
        output of .geo file.

                   ----------xray_structure summary----------                  

Number of scattering types: 4
  Type Number    sf(0)   Gaussians
   O       4      7.97       2
   N       4      6.97       2
   C      15      5.97       2
   H      18      1.00       2
  sf(0) = scattering factor at diffraction angle 0.
Number of scatterers: 41
At special positions: 0
Unit cell: (11.352, 14.685, 12.593, 90, 90, 90)
Space group: P 1 (No. 1)

End of input processing
r_work=0.2303 r_free=0.1636
params.data_weight: None
params.restraints: qm
rmsd(b), start:  0.0797
mc:   0 R: 0.0214 rmsd(b):  0.0207 restraint_scale:  1.0 min_steps: 25
mc:   1 R: 0.0068 rmsd(b):  0.0296 restraint_scale:  1.0 min_steps: 22
mc:   2 R: 0.0057 rmsd(b):  0.0305 restraint_scale:  2.0 min_steps: 11
mc:   3 R: 0.0054 rmsd(b):  0.0308 restraint_scale:  4.0 min_steps: 4
Convergence reached, stop now.
see the result structure:  ./p26/04_results/refine_qm/218_WGG13-new/0.3/4.pdb
Time: 130.9425
