phenix.python
you are importing  adaptive calculator, and it does nothing. Please give it energy, force....... 

============================== Collecting inputs ==============================


                   ----------Processing X-ray data----------                   

F-obs:
  /scratch/m_zhen01/30995.lupus.uni-muenster.de/p26/02_mtz/215_WGG07-new.mtz:F-obs
Miller array info: None
Observation type: xray.amplitude
Type of data: double, size=201
Type of sigmas: None
Number of Miller indices: 201
Anomalous flag: False
Unit cell: (12.289, 11.691, 13.906, 90, 90, 90)
Space group: P 1 (No. 1)
Systematic absences: 0
Centric reflections: 0
Resolution range: 3.9294 2.50153
Completeness in resolution range: 1
Completeness with d_max=infinity: 0.747212

Number of F-obs in resolution range:                   201
Number of F-obs<0 (these reflections will be rejected): 0
Number of F-obs=0 (these reflections will be used in refinement): 0
Refinement resolution range: d_max =   3.9294
                             d_min =   2.5015

R-free flags:
  /scratch/m_zhen01/30995.lupus.uni-muenster.de/p26/02_mtz/215_WGG07-new.mtz:R-free-flags
Miller array info: /scratch/m_zhen01/30995.lupus.uni-muenster.de/p26/02_mtz/215_WGG07-new.mtz:R-free-flags
Observation type: None
Type of data: int, size=201
Type of sigmas: None
Number of Miller indices: 201
Anomalous flag: False
Unit cell: (12.289, 11.691, 13.906, 90, 90, 90)
Space group: P 1 (No. 1)
Systematic absences: 0
Centric reflections: 0
Resolution range: 3.9294 2.50153
Completeness in resolution range: 1
Completeness with d_max=infinity: 0.747212
Wavelength: 1.0000

Test (R-free flags) flag value: 1

Number of work/free reflections by resolution:
                                  work free  %free
  bin  1: 3.9294 - 3.6119 [21/21]   16    5  23.8%
  bin  2: 3.6119 - 3.3772 [21/21]   21    0   0.0%
  bin  3: 3.3772 - 3.1936 [24/24]   24    0   0.0%
  bin  4: 3.1936 - 3.0443 [ 7/7 ]    7    0   0.0%
  bin  5: 3.0443 - 2.9196 [27/27]   27    0   0.0%
  bin  6: 2.9196 - 2.8131 [18/18]   14    4  22.2%
  bin  7: 2.8131 - 2.7206 [15/15]   11    4  26.7%
  bin  8: 2.7206 - 2.6391 [32/32]   32    0   0.0%
  bin  9: 2.6391 - 2.5666 [18/18]   18    0   0.0%
  bin 10: 2.5666 - 2.5015 [18/18]   18    0   0.0%
                          overall  188   13   6.5%

                   ----------Processing PDB file(s)----------                  

  Monomer Library directory:
    "/tmp1/m_zhen01/phenix-installer-1.10.1-2155-intel-linux-2.6-x86_64-centos5/phenix-1.10.1-2155/modules/chem_data/mon_lib"
  Total number of atoms: 41
  Number of models: 1
  Model: ""
    Number of chains: 1
    Chain: "A"
      Number of atoms: 41
      Number of conformers: 1
      Conformer: ""
        Number of residues, atoms: 3, 41
          Classifications: {'peptide': 3}
          Modifications used: {'NH2NOTPRO': 1, 'COOH': 1}
          Link IDs: {'TRANS': 2}
  Time building chain proxies: 0.08, per 1000 atoms: 1.95
  Number of scatterers: 41
  At special positions: 0
  Unit cell: (12.289, 11.691, 13.906, 90, 90, 90)
  Space group: P 1 (No. 1)
  Number of sites at special positions: 0
  Number of scattering types: 4
    Type Number    sf(0)
     O       4      8.00
     N       4      7.00
     C      15      6.00
     H      18      1.00
    sf(0) = scattering factor at diffraction angle 0.

  Number of disulfides: simple=0, symmetry=0

  Automatic linking
    Parameters for automatic linking
      Linking & cutoffs
        Metal                : False - 3.50
        Amimo acid           : False - 1.90
        Carbohydrate         : True  - 1.99
        Ligands              : True  - 1.99
        Amino acid - RNA/DNA : False
      
  Number of custom bonds: simple=0, symmetry=0
  Time building additional restraints: 0.03
  Conformation dependent library (CDL) restraints added in 2.4 milliseconds
  
  Adding C-beta torsion restraints...
  Number of C-beta restraints generated:  2
  Time building geometry restraints manager: 0.03 seconds

  NOTE: a complete listing of the restraints can be obtained by requesting
        output of .geo file.

  Histogram of bond lengths:
        0.87 -     1.00: 16
        1.00 -     1.13: 2
        1.13 -     1.27: 3
        1.27 -     1.40: 11
        1.40 -     1.54: 10
  Bond restraints: 42
  Sorted by residual:
  bond pdb=" CH2 TRP A   1 "
       pdb=" HH2 TRP A   1 "
    ideal  model  delta    sigma   weight residual
    0.930  1.001 -0.071 2.00e-02 2.50e+03 1.25e+01
  bond pdb=" CZ3 TRP A   1 "
       pdb=" HZ3 TRP A   1 "
    ideal  model  delta    sigma   weight residual
    0.930  0.995 -0.065 2.00e-02 2.50e+03 1.06e+01
  bond pdb=" CH2 TRP A   1 "
       pdb=" CZ3 TRP A   1 "
    ideal  model  delta    sigma   weight residual
    1.400  1.341  0.059 2.50e-02 1.60e+03 5.49e+00
  bond pdb=" CA  TRP A   1 "
       pdb=" N   TRP A   1 "
    ideal  model  delta    sigma   weight residual
    1.458  1.499 -0.041 1.90e-02 2.77e+03 4.75e+00
  bond pdb=" CB  TRP A   1 "
       pdb=" HB2 TRP A   1 "
    ideal  model  delta    sigma   weight residual
    0.970  1.006 -0.036 2.00e-02 2.50e+03 3.17e+00
  ... (remaining 37 not shown)

  Histogram of bond angle deviations from ideal:
      102.44 -   108.78: 16
      108.78 -   115.12: 16
      115.12 -   121.46: 19
      121.46 -   127.80: 16
      127.80 -   134.14: 2
  Bond angle restraints: 69
  Sorted by residual:
  angle pdb=" HA2 GLY A   2 "
        pdb=" CA  GLY A   2 "
        pdb=" N   GLY A   2 "
      ideal   model   delta    sigma   weight residual
     110.00  102.44    7.56 3.00e+00 1.11e-01 6.36e+00
  angle pdb=" CA  TRP A   1 "
        pdb=" CB  TRP A   1 "
        pdb=" HB2 TRP A   1 "
      ideal   model   delta    sigma   weight residual
     109.00  114.99   -5.99 3.00e+00 1.11e-01 3.99e+00
  angle pdb=" HA1 GLY A   2 "
        pdb=" CA  GLY A   2 "
        pdb=" N   GLY A   2 "
      ideal   model   delta    sigma   weight residual
     110.00  105.71    4.29 3.00e+00 1.11e-01 2.04e+00
  angle pdb=" C   GLY A   2 "
        pdb=" CA  GLY A   2 "
        pdb=" HA1 GLY A   2 "
      ideal   model   delta    sigma   weight residual
     109.00  112.97   -3.97 3.00e+00 1.11e-01 1.75e+00
  angle pdb=" CA  TRP A   1 "
        pdb=" N   TRP A   1 "
        pdb=" H1  TRP A   1 "
      ideal   model   delta    sigma   weight residual
     109.47  113.33   -3.86 3.00e+00 1.11e-01 1.65e+00
  ... (remaining 64 not shown)

  Histogram of dihedral angle deviations from ideal:
        0.22 -    35.42: 12
       35.42 -    70.62: 0
       70.62 -   105.83: 1
      105.83 -   141.03: 0
      141.03 -   176.24: 1
  Dihedral angle restraints: 14
    sinusoidal: 3
      harmonic: 11
  Sorted by residual:
  dihedral pdb=" O   GLY A   3 "
           pdb=" C   GLY A   3 "
           pdb=" OXT GLY A   3 "
           pdb=" HXT GLY A   3 "
      ideal   model   delta  harmonic     sigma   weight residual
       0.00  176.24 -176.24     0      3.00e+01 1.11e-03 3.45e+01
  dihedral pdb=" OXT GLY A   3 "
           pdb=" C   GLY A   3 "
           pdb=" CA  GLY A   3 "
           pdb=" N   GLY A   3 "
      ideal   model   delta sinusoidal    sigma   weight residual
     -20.00   66.90  -86.90     2      3.00e+01 1.11e-03 5.32e+00
  dihedral pdb=" CA  TRP A   1 "
           pdb=" C   TRP A   1 "
           pdb=" N   GLY A   2 "
           pdb=" CA  GLY A   2 "
      ideal   model   delta  harmonic     sigma   weight residual
     180.00  170.83    9.17     0      5.00e+00 4.00e-02 3.36e+00
  ... (remaining 11 not shown)

  Histogram of chiral volume deviations from ideal:
       0.101 -    0.101: 1
       0.101 -    0.101: 0
       0.101 -    0.101: 0
       0.101 -    0.101: 0
       0.101 -    0.101: 0
  Chirality restraints: 1
  Sorted by residual:
  chirality pdb=" CA  TRP A   1 "
            pdb=" C   TRP A   1 "
            pdb=" N   TRP A   1 "
            pdb=" CB  TRP A   1 "
    both_signs  ideal   model   delta    sigma   weight residual
      False     -2.51   -2.61    0.10 2.00e-01 2.50e+01 2.56e-01

  Planarity restraints: 6
  Sorted by residual:
                                 delta    sigma   weight rms_deltas residual
  plane pdb=" CB  TRP A   1 "    0.015 2.00e-02 2.50e+03   1.36e-02 7.38e+00
        pdb=" CG  TRP A   1 "    0.010 2.00e-02 2.50e+03
        pdb=" CD1 TRP A   1 "    0.013 2.00e-02 2.50e+03
        pdb=" HD1 TRP A   1 "   -0.012 2.00e-02 2.50e+03
        pdb=" NE1 TRP A   1 "   -0.019 2.00e-02 2.50e+03
        pdb=" HE1 TRP A   1 "    0.011 2.00e-02 2.50e+03
        pdb=" CE2 TRP A   1 "   -0.019 2.00e-02 2.50e+03
        pdb=" CZ2 TRP A   1 "    0.005 2.00e-02 2.50e+03
        pdb=" HZ2 TRP A   1 "   -0.007 2.00e-02 2.50e+03
        pdb=" CH2 TRP A   1 "    0.020 2.00e-02 2.50e+03
        pdb=" HH2 TRP A   1 "   -0.002 2.00e-02 2.50e+03
        pdb=" CZ3 TRP A   1 "    0.003 2.00e-02 2.50e+03
        pdb=" HZ3 TRP A   1 "    0.004 2.00e-02 2.50e+03
        pdb=" CE3 TRP A   1 "    0.002 2.00e-02 2.50e+03
        pdb=" HE3 TRP A   1 "   -0.031 2.00e-02 2.50e+03
        pdb=" CD2 TRP A   1 "    0.006 2.00e-02 2.50e+03
                                 delta    sigma   weight rms_deltas residual
  plane pdb=" C   TRP A   1 "    0.034 2.00e-02 2.50e+03   1.99e-02 3.97e+00
        pdb=" O   TRP A   1 "   -0.013 2.00e-02 2.50e+03
        pdb=" CA  TRP A   1 "   -0.010 2.00e-02 2.50e+03
        pdb=" N   GLY A   2 "   -0.012 2.00e-02 2.50e+03
                                 delta    sigma   weight rms_deltas residual
  plane pdb=" O   GLY A   3 "   -0.016 2.00e-02 2.50e+03   1.62e-02 3.28e+00
        pdb=" C   GLY A   3 "    0.030 2.00e-02 2.50e+03
        pdb=" OXT GLY A   3 "    0.001 2.00e-02 2.50e+03
        pdb=" HXT GLY A   3 "   -0.010 2.00e-02 2.50e+03
        pdb=" CA  GLY A   3 "   -0.005 2.00e-02 2.50e+03
  ... (remaining 3 not shown)

  Histogram of nonbonded interaction distances:
        2.18 -     2.72: 41
        2.72 -     3.25: 68
        3.25 -     3.79: 84
        3.79 -     4.33: 87
        4.33 -     4.86: 103
  Nonbonded interactions: 383
  Sorted by model distance:
  nonbonded pdb=" HA2 GLY A   3 "
            pdb=" H   GLY A   3 "
     model   vdw
     2.181 1.816
  nonbonded pdb=" HH2 TRP A   1 "
            pdb=" HZ3 TRP A   1 "
     model   vdw
     2.276 1.680
  nonbonded pdb=" HZ2 TRP A   1 "
            pdb=" HH2 TRP A   1 "
     model   vdw
     2.282 1.680
  nonbonded pdb=" HA  TRP A   1 "
            pdb=" H1  TRP A   1 "
     model   vdw
     2.308 1.816
  nonbonded pdb=" O   TRP A   1 "
            pdb=" HA2 GLY A   2 "
     model   vdw
     2.312 2.740
  ... (remaining 378 not shown)

  NOTE: a complete listing of the restraints can be obtained by requesting
        output of .geo file.

                   ----------xray_structure summary----------                  

Number of scattering types: 4
  Type Number    sf(0)   Gaussians
   O       4      7.97       2
   N       4      6.97       2
   C      15      5.97       2
   H      18      1.00       2
  sf(0) = scattering factor at diffraction angle 0.
Number of scatterers: 41
At special positions: 0
Unit cell: (12.289, 11.691, 13.906, 90, 90, 90)
Space group: P 1 (No. 1)

End of input processing
r_work=0.2527 r_free=0.1792
params.data_weight: None
params.restraints: cctbx
rmsd(b), start:  0.0740
mc:   0 R: 0.0377 rmsd(b):  0.0154 restraint_scale:  1.0 min_steps: 27
mc:   1 R: 0.0116 rmsd(b):  0.0287 restraint_scale:  1.0 min_steps: 13
mc:   2 R: 0.0093 rmsd(b):  0.0309 restraint_scale:  2.0 min_steps: 6
mc:   3 R: 0.0078 rmsd(b):  0.0318 restraint_scale:  4.0 min_steps: 6
mc:   4 R: 0.0074 rmsd(b):  0.0319 restraint_scale:  8.0 min_steps: 3
Convergence reached, stop now.
see the result structure:  ./p26/04_results/refine_cctbx/215_WGG07-new/0.3/1.pdb
Time: 5.4029
