phenix.python
you are importing  adaptive calculator, and it does nothing. Please give it energy, force....... 

============================== Collecting inputs ==============================


                   ----------Processing X-ray data----------                   

F-obs:
  /scratch/m_zhen01/30995.lupus.uni-muenster.de/p26/02_mtz/215_WGG07-new.mtz:F-obs
Miller array info: None
Observation type: xray.amplitude
Type of data: double, size=201
Type of sigmas: None
Number of Miller indices: 201
Anomalous flag: False
Unit cell: (12.289, 11.691, 13.906, 90, 90, 90)
Space group: P 1 (No. 1)
Systematic absences: 0
Centric reflections: 0
Resolution range: 3.9294 2.50153
Completeness in resolution range: 1
Completeness with d_max=infinity: 0.747212

Number of F-obs in resolution range:                   201
Number of F-obs<0 (these reflections will be rejected): 0
Number of F-obs=0 (these reflections will be used in refinement): 0
Refinement resolution range: d_max =   3.9294
                             d_min =   2.5015

R-free flags:
  /scratch/m_zhen01/30995.lupus.uni-muenster.de/p26/02_mtz/215_WGG07-new.mtz:R-free-flags
Miller array info: /scratch/m_zhen01/30995.lupus.uni-muenster.de/p26/02_mtz/215_WGG07-new.mtz:R-free-flags
Observation type: None
Type of data: int, size=201
Type of sigmas: None
Number of Miller indices: 201
Anomalous flag: False
Unit cell: (12.289, 11.691, 13.906, 90, 90, 90)
Space group: P 1 (No. 1)
Systematic absences: 0
Centric reflections: 0
Resolution range: 3.9294 2.50153
Completeness in resolution range: 1
Completeness with d_max=infinity: 0.747212
Wavelength: 1.0000

Test (R-free flags) flag value: 1

Number of work/free reflections by resolution:
                                  work free  %free
  bin  1: 3.9294 - 3.6119 [21/21]   16    5  23.8%
  bin  2: 3.6119 - 3.3772 [21/21]   21    0   0.0%
  bin  3: 3.3772 - 3.1936 [24/24]   24    0   0.0%
  bin  4: 3.1936 - 3.0443 [ 7/7 ]    7    0   0.0%
  bin  5: 3.0443 - 2.9196 [27/27]   27    0   0.0%
  bin  6: 2.9196 - 2.8131 [18/18]   14    4  22.2%
  bin  7: 2.8131 - 2.7206 [15/15]   11    4  26.7%
  bin  8: 2.7206 - 2.6391 [32/32]   32    0   0.0%
  bin  9: 2.6391 - 2.5666 [18/18]   18    0   0.0%
  bin 10: 2.5666 - 2.5015 [18/18]   18    0   0.0%
                          overall  188   13   6.5%

                   ----------Processing PDB file(s)----------                  

  Monomer Library directory:
    "/tmp1/m_zhen01/phenix-installer-1.10.1-2155-intel-linux-2.6-x86_64-centos5/phenix-1.10.1-2155/modules/chem_data/mon_lib"
  Total number of atoms: 41
  Number of models: 1
  Model: ""
    Number of chains: 1
    Chain: "A"
      Number of atoms: 41
      Number of conformers: 1
      Conformer: ""
        Number of residues, atoms: 3, 41
          Classifications: {'peptide': 3}
          Modifications used: {'NH2NOTPRO': 1, 'COOH': 1}
          Link IDs: {'TRANS': 2}
  Time building chain proxies: 0.08, per 1000 atoms: 1.95
  Number of scatterers: 41
  At special positions: 0
  Unit cell: (12.289, 11.691, 13.906, 90, 90, 90)
  Space group: P 1 (No. 1)
  Number of sites at special positions: 0
  Number of scattering types: 4
    Type Number    sf(0)
     O       4      8.00
     N       4      7.00
     C      15      6.00
     H      18      1.00
    sf(0) = scattering factor at diffraction angle 0.

  Number of disulfides: simple=0, symmetry=0

  Automatic linking
    Parameters for automatic linking
      Linking & cutoffs
        Metal                : False - 3.50
        Amimo acid           : False - 1.90
        Carbohydrate         : True  - 1.99
        Ligands              : True  - 1.99
        Amino acid - RNA/DNA : False
      
  Number of custom bonds: simple=0, symmetry=0
  Time building additional restraints: 0.03
  Conformation dependent library (CDL) restraints added in 2.9 milliseconds
  
  Adding C-beta torsion restraints...
  Number of C-beta restraints generated:  2
  Time building geometry restraints manager: 0.03 seconds

  NOTE: a complete listing of the restraints can be obtained by requesting
        output of .geo file.

  Histogram of bond lengths:
        0.86 -     1.00: 18
        1.00 -     1.13: 0
        1.13 -     1.27: 3
        1.27 -     1.40: 11
        1.40 -     1.54: 10
  Bond restraints: 42
  Sorted by residual:
  bond pdb=" CD1 TRP A   1 "
       pdb=" HD1 TRP A   1 "
    ideal  model  delta    sigma   weight residual
    0.930  0.987 -0.057 2.00e-02 2.50e+03 8.20e+00
  bond pdb=" CH2 TRP A   1 "
       pdb=" HH2 TRP A   1 "
    ideal  model  delta    sigma   weight residual
    0.930  0.987 -0.057 2.00e-02 2.50e+03 8.02e+00
  bond pdb=" CZ3 TRP A   1 "
       pdb=" HZ3 TRP A   1 "
    ideal  model  delta    sigma   weight residual
    0.930  0.982 -0.052 2.00e-02 2.50e+03 6.65e+00
  bond pdb=" CH2 TRP A   1 "
       pdb=" CZ3 TRP A   1 "
    ideal  model  delta    sigma   weight residual
    1.400  1.343  0.057 2.50e-02 1.60e+03 5.28e+00
  bond pdb=" CA  TRP A   1 "
       pdb=" N   TRP A   1 "
    ideal  model  delta    sigma   weight residual
    1.458  1.496 -0.038 1.90e-02 2.77e+03 3.98e+00
  ... (remaining 37 not shown)

  Histogram of bond angle deviations from ideal:
      102.26 -   108.68: 14
      108.68 -   115.11: 19
      115.11 -   121.54: 21
      121.54 -   127.97: 13
      127.97 -   134.39: 2
  Bond angle restraints: 69
  Sorted by residual:
  angle pdb=" HA2 GLY A   2 "
        pdb=" CA  GLY A   2 "
        pdb=" N   GLY A   2 "
      ideal   model   delta    sigma   weight residual
     110.00  102.26    7.74 3.00e+00 1.11e-01 6.66e+00
  angle pdb=" CA  TRP A   1 "
        pdb=" CB  TRP A   1 "
        pdb=" HB2 TRP A   1 "
      ideal   model   delta    sigma   weight residual
     109.00  114.85   -5.85 3.00e+00 1.11e-01 3.80e+00
  angle pdb=" CA  TRP A   1 "
        pdb=" N   TRP A   1 "
        pdb=" H1  TRP A   1 "
      ideal   model   delta    sigma   weight residual
     109.47  113.72   -4.25 3.00e+00 1.11e-01 2.01e+00
  angle pdb=" C   GLY A   2 "
        pdb=" CA  GLY A   2 "
        pdb=" HA1 GLY A   2 "
      ideal   model   delta    sigma   weight residual
     109.00  113.18   -4.18 3.00e+00 1.11e-01 1.94e+00
  angle pdb=" C   GLY A   3 "
        pdb=" CA  GLY A   3 "
        pdb=" N   GLY A   3 "
      ideal   model   delta    sigma   weight residual
     113.30  109.37    3.93 2.90e+00 1.19e-01 1.84e+00
  ... (remaining 64 not shown)

  Histogram of dihedral angle deviations from ideal:
        0.29 -    36.07: 12
       36.07 -    71.85: 0
       71.85 -   107.63: 1
      107.63 -   143.41: 0
      143.41 -   179.20: 1
  Dihedral angle restraints: 14
    sinusoidal: 3
      harmonic: 11
  Sorted by residual:
  dihedral pdb=" O   GLY A   3 "
           pdb=" C   GLY A   3 "
           pdb=" OXT GLY A   3 "
           pdb=" HXT GLY A   3 "
      ideal   model   delta  harmonic     sigma   weight residual
       0.00 -179.20  179.20     0      3.00e+01 1.11e-03 3.57e+01
  dihedral pdb=" OXT GLY A   3 "
           pdb=" C   GLY A   3 "
           pdb=" CA  GLY A   3 "
           pdb=" N   GLY A   3 "
      ideal   model   delta sinusoidal    sigma   weight residual
     -20.00   69.74  -89.74     2      3.00e+01 1.11e-03 5.33e+00
  dihedral pdb=" CA  TRP A   1 "
           pdb=" C   TRP A   1 "
           pdb=" N   GLY A   2 "
           pdb=" CA  GLY A   2 "
      ideal   model   delta  harmonic     sigma   weight residual
     180.00  170.80    9.20     0      5.00e+00 4.00e-02 3.38e+00
  ... (remaining 11 not shown)

  Histogram of chiral volume deviations from ideal:
       0.083 -    0.083: 1
       0.083 -    0.083: 0
       0.083 -    0.083: 0
       0.083 -    0.083: 0
       0.083 -    0.083: 0
  Chirality restraints: 1
  Sorted by residual:
  chirality pdb=" CA  TRP A   1 "
            pdb=" C   TRP A   1 "
            pdb=" N   TRP A   1 "
            pdb=" CB  TRP A   1 "
    both_signs  ideal   model   delta    sigma   weight residual
      False     -2.51   -2.59    0.08 2.00e-01 2.50e+01 1.74e-01

  Planarity restraints: 6
  Sorted by residual:
                                 delta    sigma   weight rms_deltas residual
  plane pdb=" CB  TRP A   1 "    0.014 2.00e-02 2.50e+03   1.31e-02 6.88e+00
        pdb=" CG  TRP A   1 "    0.008 2.00e-02 2.50e+03
        pdb=" CD1 TRP A   1 "    0.013 2.00e-02 2.50e+03
        pdb=" HD1 TRP A   1 "   -0.016 2.00e-02 2.50e+03
        pdb=" NE1 TRP A   1 "   -0.023 2.00e-02 2.50e+03
        pdb=" HE1 TRP A   1 "    0.017 2.00e-02 2.50e+03
        pdb=" CE2 TRP A   1 "   -0.015 2.00e-02 2.50e+03
        pdb=" CZ2 TRP A   1 "    0.013 2.00e-02 2.50e+03
        pdb=" HZ2 TRP A   1 "   -0.008 2.00e-02 2.50e+03
        pdb=" CH2 TRP A   1 "    0.013 2.00e-02 2.50e+03
        pdb=" HH2 TRP A   1 "   -0.004 2.00e-02 2.50e+03
        pdb=" CZ3 TRP A   1 "    0.007 2.00e-02 2.50e+03
        pdb=" HZ3 TRP A   1 "   -0.000 2.00e-02 2.50e+03
        pdb=" CE3 TRP A   1 "    0.000 2.00e-02 2.50e+03
        pdb=" HE3 TRP A   1 "   -0.024 2.00e-02 2.50e+03
        pdb=" CD2 TRP A   1 "    0.005 2.00e-02 2.50e+03
                                 delta    sigma   weight rms_deltas residual
  plane pdb=" C   TRP A   1 "    0.035 2.00e-02 2.50e+03   2.00e-02 4.02e+00
        pdb=" O   TRP A   1 "   -0.013 2.00e-02 2.50e+03
        pdb=" CA  TRP A   1 "   -0.010 2.00e-02 2.50e+03
        pdb=" N   GLY A   2 "   -0.012 2.00e-02 2.50e+03
                                 delta    sigma   weight rms_deltas residual
  plane pdb=" C   TRP A   1 "    0.008 2.00e-02 2.50e+03   1.40e-02 1.96e+00
        pdb=" CA  GLY A   2 "    0.006 2.00e-02 2.50e+03
        pdb=" N   GLY A   2 "   -0.024 2.00e-02 2.50e+03
        pdb=" H   GLY A   2 "    0.010 2.00e-02 2.50e+03
  ... (remaining 3 not shown)

  Histogram of nonbonded interaction distances:
        2.19 -     2.73: 40
        2.73 -     3.27: 70
        3.27 -     3.81: 84
        3.81 -     4.35: 88
        4.35 -     4.89: 100
  Nonbonded interactions: 382
  Sorted by model distance:
  nonbonded pdb=" HA2 GLY A   3 "
            pdb=" H   GLY A   3 "
     model   vdw
     2.188 1.816
  nonbonded pdb=" HH2 TRP A   1 "
            pdb=" HZ3 TRP A   1 "
     model   vdw
     2.253 1.680
  nonbonded pdb=" HA  TRP A   1 "
            pdb=" H1  TRP A   1 "
     model   vdw
     2.295 1.816
  nonbonded pdb=" HZ2 TRP A   1 "
            pdb=" HH2 TRP A   1 "
     model   vdw
     2.308 1.680
  nonbonded pdb=" O   TRP A   1 "
            pdb=" HA2 GLY A   2 "
     model   vdw
     2.314 2.740
  ... (remaining 377 not shown)

  NOTE: a complete listing of the restraints can be obtained by requesting
        output of .geo file.

                   ----------xray_structure summary----------                  

Number of scattering types: 4
  Type Number    sf(0)   Gaussians
   O       4      7.97       2
   N       4      6.97       2
   C      15      5.97       2
   H      18      1.00       2
  sf(0) = scattering factor at diffraction angle 0.
Number of scatterers: 41
At special positions: 0
Unit cell: (12.289, 11.691, 13.906, 90, 90, 90)
Space group: P 1 (No. 1)

End of input processing
r_work=0.2538 r_free=0.1782
params.data_weight: None
params.restraints: cctbx
rmsd(b), start:  0.0751
mc:   0 R: 0.0386 rmsd(b):  0.0160 restraint_scale:  1.0 min_steps: 28
mc:   1 R: 0.0128 rmsd(b):  0.0374 restraint_scale:  2.0 min_steps: 21
mc:   2 R: 0.0098 rmsd(b):  0.0330 restraint_scale:  4.0 min_steps: 15
mc:   3 R: 0.0082 rmsd(b):  0.0336 restraint_scale:  8.0 min_steps: 5
mc:   4 R: 0.0082 rmsd(b):  0.0336 restraint_scale: 16.0 min_steps: 1
Convergence reached, stop now.
see the result structure:  ./p26/04_results/refine_cctbx/215_WGG07-new/0.3/4.pdb
Time: 5.3428
