phenix.python
you are importing  adaptive calculator, and it does nothing. Please give it energy, force....... 

============================== Collecting inputs ==============================


                   ----------Processing X-ray data----------                   

F-obs:
  /scratch/m_zhen01/31011.lupus.uni-muenster.de/p26/02_mtz/236_GFA15-new.mtz:F-obs
Miller array info: None
Observation type: xray.amplitude
Type of data: double, size=244
Type of sigmas: None
Number of Miller indices: 244
Anomalous flag: False
Unit cell: (11.9, 11.178, 17.205, 90, 90, 90)
Space group: P 1 (No. 1)
Systematic absences: 0
Centric reflections: 0
Resolution range: 3.96667 2.50252
Completeness in resolution range: 1
Completeness with d_max=infinity: 0.772152

Number of F-obs in resolution range:                   244
Number of F-obs<0 (these reflections will be rejected): 0
Number of F-obs=0 (these reflections will be used in refinement): 0
Refinement resolution range: d_max =   3.9667
                             d_min =   2.5025

R-free flags:
  /scratch/m_zhen01/31011.lupus.uni-muenster.de/p26/02_mtz/236_GFA15-new.mtz:R-free-flags
Miller array info: /scratch/m_zhen01/31011.lupus.uni-muenster.de/p26/02_mtz/236_GFA15-new.mtz:R-free-flags
Observation type: None
Type of data: int, size=244
Type of sigmas: None
Number of Miller indices: 244
Anomalous flag: False
Unit cell: (11.9, 11.178, 17.205, 90, 90, 90)
Space group: P 1 (No. 1)
Systematic absences: 0
Centric reflections: 0
Resolution range: 3.96667 2.50252
Completeness in resolution range: 1
Completeness with d_max=infinity: 0.772152
Wavelength: 1.0000

Test (R-free flags) flag value: 1

Number of work/free reflections by resolution:
                                  work free  %free
  bin  1: 3.9667 - 3.6361 [32/32]   32    0   0.0%
  bin  2: 3.6361 - 3.3939 [19/19]   15    4  21.1%
  bin  3: 3.3939 - 3.2056 [24/24]   24    0   0.0%
  bin  4: 3.2056 - 3.0532 [20/20]   16    4  20.0%
  bin  5: 3.0532 - 2.9261 [23/23]   19    4  17.4%
  bin  6: 2.9261 - 2.8179 [21/21]   21    0   0.0%
  bin  7: 2.8179 - 2.7240 [27/27]   27    0   0.0%
  bin  8: 2.7240 - 2.6416 [18/18]   18    0   0.0%
  bin  9: 2.6416 - 2.5683 [32/32]   28    4  12.5%
  bin 10: 2.5683 - 2.5025 [28/28]   28    0   0.0%
                          overall  228   16   6.6%

                   ----------Processing PDB file(s)----------                  

  Monomer Library directory:
    "/tmp1/m_zhen01/phenix-installer-1.10.1-2155-intel-linux-2.6-x86_64-centos5/phenix-1.10.1-2155/modules/chem_data/mon_lib"
  Total number of atoms: 40
  Number of models: 1
  Model: ""
    Number of chains: 1
    Chain: "A"
      Number of atoms: 40
      Number of conformers: 1
      Conformer: ""
        Number of residues, atoms: 3, 40
          Classifications: {'peptide': 3}
          Modifications used: {'NH2NOTPRO': 1, 'COOH': 1}
          Link IDs: {'TRANS': 2}
  Time building chain proxies: 0.09, per 1000 atoms: 2.25
  Number of scatterers: 40
  At special positions: 0
  Unit cell: (11.9, 11.178, 17.205, 90, 90, 90)
  Space group: P 1 (No. 1)
  Number of sites at special positions: 0
  Number of scattering types: 4
    Type Number    sf(0)
     O       4      8.00
     N       3      7.00
     C      14      6.00
     H      19      1.00
    sf(0) = scattering factor at diffraction angle 0.

  Number of disulfides: simple=0, symmetry=0

  Automatic linking
    Parameters for automatic linking
      Linking & cutoffs
        Metal                : False - 3.50
        Amimo acid           : False - 1.90
        Carbohydrate         : True  - 1.99
        Ligands              : True  - 1.99
        Amino acid - RNA/DNA : False
      
  Number of custom bonds: simple=0, symmetry=0
  Time building additional restraints: 0.03
  Conformation dependent library (CDL) restraints added in 4.0 milliseconds
  
  Adding C-beta torsion restraints...
  Number of C-beta restraints generated:  4
  Time building geometry restraints manager: 0.04 seconds

  NOTE: a complete listing of the restraints can be obtained by requesting
        output of .geo file.

  Histogram of bond lengths:
        0.81 -     0.96: 10
        0.96 -     1.10: 9
        1.10 -     1.25: 3
        1.25 -     1.40: 9
        1.40 -     1.54: 9
  Bond restraints: 40
  Sorted by residual:
  bond pdb=" N   PHE A   2 "
       pdb=" H   PHE A   2 "
    ideal  model  delta    sigma   weight residual
    0.860  0.809  0.051 2.00e-02 2.50e+03 6.46e+00
  bond pdb=" C   PHE A   2 "
       pdb=" O   PHE A   2 "
    ideal  model  delta    sigma   weight residual
    1.235  1.211  0.024 1.26e-02 6.30e+03 3.72e+00
  bond pdb=" CZ  PHE A   2 "
       pdb=" HZ  PHE A   2 "
    ideal  model  delta    sigma   weight residual
    0.930  0.963 -0.033 2.00e-02 2.50e+03 2.77e+00
  bond pdb=" CB  ALA A   3 "
       pdb=" HB3 ALA A   3 "
    ideal  model  delta    sigma   weight residual
    0.970  0.999 -0.029 2.00e-02 2.50e+03 2.05e+00
  bond pdb=" CB  ALA A   3 "
       pdb=" HB1 ALA A   3 "
    ideal  model  delta    sigma   weight residual
    0.970  0.997 -0.027 2.00e-02 2.50e+03 1.86e+00
  ... (remaining 35 not shown)

  Histogram of bond angle deviations from ideal:
      104.50 -   108.64: 12
      108.64 -   112.78: 17
      112.78 -   116.92: 8
      116.92 -   121.06: 21
      121.06 -   125.20: 8
  Bond angle restraints: 66
  Sorted by residual:
  angle pdb=" O   PHE A   2 "
        pdb=" C   PHE A   2 "
        pdb=" N   ALA A   3 "
      ideal   model   delta    sigma   weight residual
     122.59  125.20   -2.61 1.33e+00 5.65e-01 3.85e+00
  angle pdb=" HB1 PHE A   2 "
        pdb=" CB  PHE A   2 "
        pdb=" HB2 PHE A   2 "
      ideal   model   delta    sigma   weight residual
     110.00  104.50    5.50 3.00e+00 1.11e-01 3.36e+00
  angle pdb=" HB1 PHE A   2 "
        pdb=" CB  PHE A   2 "
        pdb=" CA  PHE A   2 "
      ideal   model   delta    sigma   weight residual
     109.00  114.40   -5.40 3.00e+00 1.11e-01 3.24e+00
  angle pdb=" CA  GLY A   1 "
        pdb=" N   GLY A   1 "
        pdb=" H1  GLY A   1 "
      ideal   model   delta    sigma   weight residual
     109.47  114.77   -5.30 3.00e+00 1.11e-01 3.12e+00
  angle pdb=" HA  PHE A   2 "
        pdb=" CA  PHE A   2 "
        pdb=" N   PHE A   2 "
      ideal   model   delta    sigma   weight residual
     110.00  104.72    5.28 3.00e+00 1.11e-01 3.10e+00
  ... (remaining 61 not shown)

  Histogram of dihedral angle deviations from ideal:
        0.23 -    36.02: 15
       36.02 -    71.82: 0
       71.82 -   107.61: 0
      107.61 -   143.40: 0
      143.40 -   179.20: 1
  Dihedral angle restraints: 16
    sinusoidal: 4
      harmonic: 12
  Sorted by residual:
  dihedral pdb=" O   ALA A   3 "
           pdb=" C   ALA A   3 "
           pdb=" OXT ALA A   3 "
           pdb=" HXT ALA A   3 "
      ideal   model   delta  harmonic     sigma   weight residual
       0.00  179.20 -179.20     0      3.00e+01 1.11e-03 3.57e+01
  dihedral pdb=" OXT ALA A   3 "
           pdb=" C   ALA A   3 "
           pdb=" CA  ALA A   3 "
           pdb=" N   ALA A   3 "
      ideal   model   delta sinusoidal    sigma   weight residual
     160.00  126.88   33.12     2      3.00e+01 1.11e-03 1.59e+00
  dihedral pdb=" CG  PHE A   2 "
           pdb=" CB  PHE A   2 "
           pdb=" CA  PHE A   2 "
           pdb=" N   PHE A   2 "
      ideal   model   delta sinusoidal    sigma   weight residual
     -60.00  -48.59  -11.41     3      1.50e+01 4.44e-03 8.21e-01
  ... (remaining 13 not shown)

  Histogram of chiral volume deviations from ideal:
       0.020 -    0.037: 1
       0.037 -    0.054: 0
       0.054 -    0.071: 0
       0.071 -    0.088: 0
       0.088 -    0.106: 1
  Chirality restraints: 2
  Sorted by residual:
  chirality pdb=" CA  PHE A   2 "
            pdb=" CB  PHE A   2 "
            pdb=" C   PHE A   2 "
            pdb=" N   PHE A   2 "
    both_signs  ideal   model   delta    sigma   weight residual
      False     -2.51   -2.40   -0.11 2.00e-01 2.50e+01 2.78e-01
  chirality pdb=" CA  ALA A   3 "
            pdb=" C   ALA A   3 "
            pdb=" CB  ALA A   3 "
            pdb=" N   ALA A   3 "
    both_signs  ideal   model   delta    sigma   weight residual
      False      2.48    2.50   -0.02 2.00e-01 2.50e+01 9.63e-03

  Planarity restraints: 6
  Sorted by residual:
                                 delta    sigma   weight rms_deltas residual
  plane pdb=" C   PHE A   2 "    0.010 2.00e-02 2.50e+03   1.88e-02 3.52e+00
        pdb=" CA  ALA A   3 "    0.008 2.00e-02 2.50e+03
        pdb=" N   ALA A   3 "   -0.032 2.00e-02 2.50e+03
        pdb=" H   ALA A   3 "    0.014 2.00e-02 2.50e+03
                                 delta    sigma   weight rms_deltas residual
  plane pdb=" CB  PHE A   2 "   -0.015 2.00e-02 2.50e+03   1.04e-02 3.24e+00
        pdb=" CG  PHE A   2 "    0.027 2.00e-02 2.50e+03
        pdb=" CD1 PHE A   2 "   -0.003 2.00e-02 2.50e+03
        pdb=" HD1 PHE A   2 "    0.004 2.00e-02 2.50e+03
        pdb=" CE1 PHE A   2 "   -0.004 2.00e-02 2.50e+03
        pdb=" HE1 PHE A   2 "   -0.000 2.00e-02 2.50e+03
        pdb=" CZ  PHE A   2 "   -0.013 2.00e-02 2.50e+03
        pdb=" HZ  PHE A   2 "    0.004 2.00e-02 2.50e+03
        pdb=" CE2 PHE A   2 "   -0.004 2.00e-02 2.50e+03
        pdb=" HE2 PHE A   2 "    0.007 2.00e-02 2.50e+03
        pdb=" CD2 PHE A   2 "    0.005 2.00e-02 2.50e+03
        pdb=" HD2 PHE A   2 "   -0.007 2.00e-02 2.50e+03
                                 delta    sigma   weight rms_deltas residual
  plane pdb=" O   ALA A   3 "   -0.002 2.00e-02 2.50e+03   6.67e-03 5.56e-01
        pdb=" C   ALA A   3 "   -0.005 2.00e-02 2.50e+03
        pdb=" OXT ALA A   3 "    0.011 2.00e-02 2.50e+03
        pdb=" HXT ALA A   3 "   -0.008 2.00e-02 2.50e+03
        pdb=" CA  ALA A   3 "    0.004 2.00e-02 2.50e+03
  ... (remaining 3 not shown)

  Histogram of nonbonded interaction distances:
        1.67 -     2.32: 10
        2.32 -     2.96: 60
        2.96 -     3.60: 73
        3.60 -     4.25: 74
        4.25 -     4.89: 96
  Nonbonded interactions: 313
  Sorted by model distance:
  nonbonded pdb=" O   GLY A   1 "
            pdb=" H   ALA A   3 "
     model   vdw
     1.675 1.970
  nonbonded pdb=" HA  PHE A   2 "
            pdb=" H   PHE A   2 "
     model   vdw
     2.061 1.816
  nonbonded pdb=" HXT ALA A   3 "
            pdb=" HA  ALA A   3 "
     model   vdw
     2.135 2.270
  nonbonded pdb=" O   GLY A   1 "
            pdb=" N   ALA A   3 "
     model   vdw
     2.169 2.520
  nonbonded pdb=" HA1 GLY A   1 "
            pdb=" H2  GLY A   1 "
     model   vdw
     2.211 1.816
  ... (remaining 308 not shown)

  NOTE: a complete listing of the restraints can be obtained by requesting
        output of .geo file.

                   ----------xray_structure summary----------                  

Number of scattering types: 4
  Type Number    sf(0)   Gaussians
   O       4      7.97       2
   N       3      6.97       2
   C      14      5.97       2
   H      19      1.00       2
  sf(0) = scattering factor at diffraction angle 0.
Number of scatterers: 40
At special positions: 0
Unit cell: (11.9, 11.178, 17.205, 90, 90, 90)
Space group: P 1 (No. 1)

End of input processing
r_work=0.5332 r_free=0.5666
params.data_weight: None
params.restraints: qm
rmsd(b), start:  0.0880
mc:   0 R: 0.1739 rmsd(b):  0.2061 restraint_scale:  2.0 min_steps: 53
mc:   1 R: 0.0504 rmsd(b):  0.1793 restraint_scale:  4.0 min_steps: 30
mc:   2 R: 0.0307 rmsd(b):  0.1843 restraint_scale:  8.0 min_steps: 41
mc:   3 R: 0.0245 rmsd(b):  0.1983 restraint_scale: 16.0 min_steps: 18
mc:   4 R: 0.0326 rmsd(b):  0.1783 restraint_scale: 32.0 min_steps: 21
mc:   5 R: 0.0395 rmsd(b):  0.1671 restraint_scale: 64.0 min_steps: 18
mc:   6 R: 0.0392 rmsd(b):  0.1677 restraint_scale: 128.0 min_steps: 4
Convergence reached, stop now.
see the result structure:  ./p26/04_results/refine_qm/236_GFA15-new/0.9/6.pdb
Time: 275.1482
