phenix.python
you are importing  adaptive calculator, and it does nothing. Please give it energy, force....... 

============================== Collecting inputs ==============================


                   ----------Processing X-ray data----------                   

F-obs:
  /scratch/m_zhen01/30995.lupus.uni-muenster.de/p26/02_mtz/222_GGF13-new.mtz:F-obs
Miller array info: None
Observation type: xray.amplitude
Type of data: double, size=185
Type of sigmas: None
Number of Miller indices: 185
Anomalous flag: False
Unit cell: (14.815, 10.106, 12.442, 90, 90, 90)
Space group: P 1 (No. 1)
Systematic absences: 0
Centric reflections: 0
Resolution range: 3.99379 2.50369
Completeness in resolution range: 1
Completeness with d_max=infinity: 0.761317

Number of F-obs in resolution range:                   185
Number of F-obs<0 (these reflections will be rejected): 0
Number of F-obs=0 (these reflections will be used in refinement): 0
Refinement resolution range: d_max =   3.9938
                             d_min =   2.5037

R-free flags:
  /scratch/m_zhen01/30995.lupus.uni-muenster.de/p26/02_mtz/222_GGF13-new.mtz:R-free-flags
Miller array info: /scratch/m_zhen01/30995.lupus.uni-muenster.de/p26/02_mtz/222_GGF13-new.mtz:R-free-flags
Observation type: None
Type of data: int, size=185
Type of sigmas: None
Number of Miller indices: 185
Anomalous flag: False
Unit cell: (14.815, 10.106, 12.442, 90, 90, 90)
Space group: P 1 (No. 1)
Systematic absences: 0
Centric reflections: 0
Resolution range: 3.99379 2.50369
Completeness in resolution range: 1
Completeness with d_max=infinity: 0.761317
Wavelength: 1.0000

Test (R-free flags) flag value: 1

Number of work/free reflections by resolution:
                                  work free  %free
  bin  1: 3.9938 - 3.6538 [21/21]   19    2   9.5%
  bin  2: 3.6538 - 3.4063 [20/20]   20    0   0.0%
  bin  3: 3.4063 - 3.2146 [13/13]   12    1   7.7%
  bin  4: 3.2146 - 3.0599 [21/21]   19    2   9.5%
  bin  5: 3.0599 - 2.9312 [25/25]   25    0   0.0%
  bin  6: 2.9312 - 2.8217 [18/18]   18    0   0.0%
  bin  7: 2.8217 - 2.7270 [16/16]   16    0   0.0%
  bin  8: 2.7270 - 2.6438 [20/20]   18    2  10.0%
  bin  9: 2.6438 - 2.5699 [16/16]   16    0   0.0%
  bin 10: 2.5699 - 2.5037 [15/15]   15    0   0.0%
                          overall  178    7   3.8%

                   ----------Processing PDB file(s)----------                  

  Monomer Library directory:
    "/tmp1/m_zhen01/phenix-installer-1.10.1-2155-intel-linux-2.6-x86_64-centos5/phenix-1.10.1-2155/modules/chem_data/mon_lib"
  Total number of atoms: 37
  Number of models: 1
  Model: ""
    Number of chains: 1
    Chain: "A"
      Number of atoms: 37
      Number of conformers: 1
      Conformer: ""
        Number of residues, atoms: 3, 37
          Classifications: {'peptide': 3}
          Modifications used: {'NH2NOTPRO': 1, 'COOH': 1}
          Link IDs: {'TRANS': 2}
  Time building chain proxies: 0.07, per 1000 atoms: 1.89
  Number of scatterers: 37
  At special positions: 0
  Unit cell: (14.815, 10.106, 12.442, 90, 90, 90)
  Space group: P 1 (No. 1)
  Number of sites at special positions: 0
  Number of scattering types: 4
    Type Number    sf(0)
     O       4      8.00
     N       3      7.00
     C      13      6.00
     H      17      1.00
    sf(0) = scattering factor at diffraction angle 0.

  Number of disulfides: simple=0, symmetry=0

  Automatic linking
    Parameters for automatic linking
      Linking & cutoffs
        Metal                : False - 3.50
        Amimo acid           : False - 1.90
        Carbohydrate         : True  - 1.99
        Ligands              : True  - 1.99
        Amino acid - RNA/DNA : False
      
  Number of custom bonds: simple=0, symmetry=0
  Time building additional restraints: 0.02
  Conformation dependent library (CDL) restraints added in 2.5 milliseconds
  
  Adding C-beta torsion restraints...
  Number of C-beta restraints generated:  2
  Time building geometry restraints manager: 0.03 seconds

  NOTE: a complete listing of the restraints can be obtained by requesting
        output of .geo file.

  Histogram of bond lengths:
        0.86 -     0.99: 17
        0.99 -     1.13: 0
        1.13 -     1.27: 3
        1.27 -     1.41: 7
        1.41 -     1.54: 10
  Bond restraints: 37
  Sorted by residual:
  bond pdb=" CZ  PHE A   3 "
       pdb=" HZ  PHE A   3 "
    ideal  model  delta    sigma   weight residual
    0.930  0.858  0.072 2.00e-02 2.50e+03 1.31e+01
  bond pdb=" C   GLY A   2 "
       pdb=" O   GLY A   2 "
    ideal  model  delta    sigma   weight residual
    1.235  1.266 -0.031 1.35e-02 5.49e+03 5.30e+00
  bond pdb=" CE2 PHE A   3 "
       pdb=" HE2 PHE A   3 "
    ideal  model  delta    sigma   weight residual
    0.930  0.889  0.041 2.00e-02 2.50e+03 4.19e+00
  bond pdb=" N   PHE A   3 "
       pdb=" H   PHE A   3 "
    ideal  model  delta    sigma   weight residual
    0.860  0.897 -0.037 2.00e-02 2.50e+03 3.43e+00
  bond pdb=" CE1 PHE A   3 "
       pdb=" CZ  PHE A   3 "
    ideal  model  delta    sigma   weight residual
    1.382  1.434 -0.052 3.00e-02 1.11e+03 3.02e+00
  ... (remaining 32 not shown)

  Histogram of bond angle deviations from ideal:
      104.30 -   109.21: 14
      109.21 -   114.11: 11
      114.11 -   119.02: 10
      119.02 -   123.92: 24
      123.92 -   128.82: 1
  Bond angle restraints: 60
  Sorted by residual:
  angle pdb=" CA  GLY A   1 "
        pdb=" N   GLY A   1 "
        pdb=" H1  GLY A   1 "
      ideal   model   delta    sigma   weight residual
     109.47  115.99   -6.52 3.00e+00 1.11e-01 4.72e+00
  angle pdb=" C   PHE A   3 "
        pdb=" OXT PHE A   3 "
        pdb=" HXT PHE A   3 "
      ideal   model   delta    sigma   weight residual
     108.00  114.14   -6.14 3.00e+00 1.11e-01 4.19e+00
  angle pdb=" CA  GLY A   2 "
        pdb=" N   GLY A   2 "
        pdb=" H   GLY A   2 "
      ideal   model   delta    sigma   weight residual
     114.00  108.16    5.84 3.00e+00 1.11e-01 3.79e+00
  angle pdb=" CG  PHE A   3 "
        pdb=" CD2 PHE A   3 "
        pdb=" CE2 PHE A   3 "
      ideal   model   delta    sigma   weight residual
     120.70  123.84   -3.14 1.70e+00 3.46e-01 3.42e+00
  angle pdb=" HA1 GLY A   1 "
        pdb=" CA  GLY A   1 "
        pdb=" N   GLY A   1 "
      ideal   model   delta    sigma   weight residual
     110.00  105.15    4.85 3.00e+00 1.11e-01 2.61e+00
  ... (remaining 55 not shown)

  Histogram of dihedral angle deviations from ideal:
        0.06 -    35.57: 11
       35.57 -    71.08: 1
       71.08 -   106.59: 0
      106.59 -   142.10: 0
      142.10 -   177.61: 1
  Dihedral angle restraints: 13
    sinusoidal: 3
      harmonic: 10
  Sorted by residual:
  dihedral pdb=" O   PHE A   3 "
           pdb=" C   PHE A   3 "
           pdb=" OXT PHE A   3 "
           pdb=" HXT PHE A   3 "
      ideal   model   delta  harmonic     sigma   weight residual
       0.00  177.61 -177.61     0      3.00e+01 1.11e-03 3.50e+01
  dihedral pdb=" OXT PHE A   3 "
           pdb=" C   PHE A   3 "
           pdb=" CA  PHE A   3 "
           pdb=" N   PHE A   3 "
      ideal   model   delta sinusoidal    sigma   weight residual
     -20.00  -56.30   36.30     2      3.00e+01 1.11e-03 1.87e+00
  dihedral pdb=" N   PHE A   3 "
           pdb=" C   PHE A   3 "
           pdb=" CA  PHE A   3 "
           pdb=" CB  PHE A   3 "
      ideal   model   delta  harmonic     sigma   weight residual
     122.80  125.40   -2.60     0      2.50e+00 1.60e-01 1.08e+00
  ... (remaining 10 not shown)

  Histogram of chiral volume deviations from ideal:
       0.071 -    0.071: 1
       0.071 -    0.071: 0
       0.071 -    0.071: 0
       0.071 -    0.071: 0
       0.071 -    0.071: 0
  Chirality restraints: 1
  Sorted by residual:
  chirality pdb=" CA  PHE A   3 "
            pdb=" C   PHE A   3 "
            pdb=" N   PHE A   3 "
            pdb=" CB  PHE A   3 "
    both_signs  ideal   model   delta    sigma   weight residual
      False     -2.51   -2.44   -0.07 2.00e-01 2.50e+01 1.26e-01

  Planarity restraints: 6
  Sorted by residual:
                                 delta    sigma   weight rms_deltas residual
  plane pdb=" CB  PHE A   3 "   -0.004 2.00e-02 2.50e+03   1.10e-02 3.64e+00
        pdb=" CG  PHE A   3 "    0.022 2.00e-02 2.50e+03
        pdb=" CD1 PHE A   3 "    0.003 2.00e-02 2.50e+03
        pdb=" HD1 PHE A   3 "   -0.016 2.00e-02 2.50e+03
        pdb=" CE1 PHE A   3 "    0.012 2.00e-02 2.50e+03
        pdb=" HE1 PHE A   3 "   -0.001 2.00e-02 2.50e+03
        pdb=" CZ  PHE A   3 "   -0.014 2.00e-02 2.50e+03
        pdb=" HZ  PHE A   3 "    0.008 2.00e-02 2.50e+03
        pdb=" CE2 PHE A   3 "   -0.014 2.00e-02 2.50e+03
        pdb=" HE2 PHE A   3 "    0.003 2.00e-02 2.50e+03
        pdb=" CD2 PHE A   3 "    0.006 2.00e-02 2.50e+03
        pdb=" HD2 PHE A   3 "   -0.006 2.00e-02 2.50e+03
                                 delta    sigma   weight rms_deltas residual
  plane pdb=" C   GLY A   1 "    0.028 2.00e-02 2.50e+03   1.61e-02 2.58e+00
        pdb=" O   GLY A   1 "   -0.011 2.00e-02 2.50e+03
        pdb=" CA  GLY A   1 "   -0.008 2.00e-02 2.50e+03
        pdb=" N   GLY A   2 "   -0.009 2.00e-02 2.50e+03
                                 delta    sigma   weight rms_deltas residual
  plane pdb=" C   GLY A   2 "    0.007 2.00e-02 2.50e+03   1.24e-02 1.54e+00
        pdb=" CA  PHE A   3 "    0.006 2.00e-02 2.50e+03
        pdb=" N   PHE A   3 "   -0.021 2.00e-02 2.50e+03
        pdb=" H   PHE A   3 "    0.009 2.00e-02 2.50e+03
  ... (remaining 3 not shown)

  Histogram of nonbonded interaction distances:
        1.51 -     2.19: 4
        2.19 -     2.86: 52
        2.86 -     3.54: 72
        3.54 -     4.21: 81
        4.21 -     4.89: 99
  Nonbonded interactions: 308
  Sorted by model distance:
  nonbonded pdb=" O   GLY A   2 "
            pdb=" HXT PHE A   3 "
     model   vdw
     1.513 1.970
  nonbonded pdb=" HA2 GLY A   1 "
            pdb=" H2  GLY A   1 "
     model   vdw
     1.628 1.816
  nonbonded pdb=" HA1 GLY A   2 "
            pdb=" H   GLY A   2 "
     model   vdw
     2.082 1.816
  nonbonded pdb=" HA  PHE A   3 "
            pdb=" H   PHE A   3 "
     model   vdw
     2.098 1.816
  nonbonded pdb=" O   GLY A   1 "
            pdb=" H   PHE A   3 "
     model   vdw
     2.193 1.970
  ... (remaining 303 not shown)

  NOTE: a complete listing of the restraints can be obtained by requesting
        output of .geo file.

                   ----------xray_structure summary----------                  

Number of scattering types: 4
  Type Number    sf(0)   Gaussians
   O       4      7.97       2
   N       3      6.97       2
   C      13      5.97       2
   H      17      1.00       2
  sf(0) = scattering factor at diffraction angle 0.
Number of scatterers: 37
At special positions: 0
Unit cell: (14.815, 10.106, 12.442, 90, 90, 90)
Space group: P 1 (No. 1)

End of input processing
r_work=0.3477 r_free=0.2974
params.data_weight: None
params.restraints: cctbx
rmsd(b), start:  0.0952
mc:   0 R: 0.1260 rmsd(b):  0.0531 restraint_scale:  2.0 min_steps: 28
mc:   1 R: 0.0196 rmsd(b):  0.0092 restraint_scale:  1.0 min_steps: 41
mc:   2 R: 0.0085 rmsd(b):  0.0204 restraint_scale:  1.0 min_steps: 18
mc:   3 R: 0.0048 rmsd(b):  0.0476 restraint_scale:  2.0 min_steps: 41
Convergence reached, stop now.
see the result structure:  ./p26/04_results/refine_cctbx/222_GGF13-new/0.6/2.pdb
Time: 5.7579
