phenix.python
you are importing  adaptive calculator, and it does nothing. Please give it energy, force....... 

============================== Collecting inputs ==============================


                   ----------Processing X-ray data----------                   

F-obs:
  /scratch/m_zhen01/30995.lupus.uni-muenster.de/p26/02_mtz/222_GGF13-new.mtz:F-obs
Miller array info: None
Observation type: xray.amplitude
Type of data: double, size=185
Type of sigmas: None
Number of Miller indices: 185
Anomalous flag: False
Unit cell: (14.815, 10.106, 12.442, 90, 90, 90)
Space group: P 1 (No. 1)
Systematic absences: 0
Centric reflections: 0
Resolution range: 3.99379 2.50369
Completeness in resolution range: 1
Completeness with d_max=infinity: 0.761317

Number of F-obs in resolution range:                   185
Number of F-obs<0 (these reflections will be rejected): 0
Number of F-obs=0 (these reflections will be used in refinement): 0
Refinement resolution range: d_max =   3.9938
                             d_min =   2.5037

R-free flags:
  /scratch/m_zhen01/30995.lupus.uni-muenster.de/p26/02_mtz/222_GGF13-new.mtz:R-free-flags
Miller array info: /scratch/m_zhen01/30995.lupus.uni-muenster.de/p26/02_mtz/222_GGF13-new.mtz:R-free-flags
Observation type: None
Type of data: int, size=185
Type of sigmas: None
Number of Miller indices: 185
Anomalous flag: False
Unit cell: (14.815, 10.106, 12.442, 90, 90, 90)
Space group: P 1 (No. 1)
Systematic absences: 0
Centric reflections: 0
Resolution range: 3.99379 2.50369
Completeness in resolution range: 1
Completeness with d_max=infinity: 0.761317
Wavelength: 1.0000

Test (R-free flags) flag value: 1

Number of work/free reflections by resolution:
                                  work free  %free
  bin  1: 3.9938 - 3.6538 [21/21]   19    2   9.5%
  bin  2: 3.6538 - 3.4063 [20/20]   20    0   0.0%
  bin  3: 3.4063 - 3.2146 [13/13]   12    1   7.7%
  bin  4: 3.2146 - 3.0599 [21/21]   19    2   9.5%
  bin  5: 3.0599 - 2.9312 [25/25]   25    0   0.0%
  bin  6: 2.9312 - 2.8217 [18/18]   18    0   0.0%
  bin  7: 2.8217 - 2.7270 [16/16]   16    0   0.0%
  bin  8: 2.7270 - 2.6438 [20/20]   18    2  10.0%
  bin  9: 2.6438 - 2.5699 [16/16]   16    0   0.0%
  bin 10: 2.5699 - 2.5037 [15/15]   15    0   0.0%
                          overall  178    7   3.8%

                   ----------Processing PDB file(s)----------                  

  Monomer Library directory:
    "/tmp1/m_zhen01/phenix-installer-1.10.1-2155-intel-linux-2.6-x86_64-centos5/phenix-1.10.1-2155/modules/chem_data/mon_lib"
  Total number of atoms: 37
  Number of models: 1
  Model: ""
    Number of chains: 1
    Chain: "A"
      Number of atoms: 37
      Number of conformers: 1
      Conformer: ""
        Number of residues, atoms: 3, 37
          Classifications: {'peptide': 3}
          Modifications used: {'NH2NOTPRO': 1, 'COOH': 1}
          Link IDs: {'TRANS': 2}
  Time building chain proxies: 0.07, per 1000 atoms: 1.89
  Number of scatterers: 37
  At special positions: 0
  Unit cell: (14.815, 10.106, 12.442, 90, 90, 90)
  Space group: P 1 (No. 1)
  Number of sites at special positions: 0
  Number of scattering types: 4
    Type Number    sf(0)
     O       4      8.00
     N       3      7.00
     C      13      6.00
     H      17      1.00
    sf(0) = scattering factor at diffraction angle 0.

  Number of disulfides: simple=0, symmetry=0

  Automatic linking
    Parameters for automatic linking
      Linking & cutoffs
        Metal                : False - 3.50
        Amimo acid           : False - 1.90
        Carbohydrate         : True  - 1.99
        Ligands              : True  - 1.99
        Amino acid - RNA/DNA : False
      
  Number of custom bonds: simple=0, symmetry=0
  Time building additional restraints: 0.02
  Conformation dependent library (CDL) restraints added in 2.4 milliseconds
  
  Adding C-beta torsion restraints...
  Number of C-beta restraints generated:  2
  Time building geometry restraints manager: 0.04 seconds

  NOTE: a complete listing of the restraints can be obtained by requesting
        output of .geo file.

  Histogram of bond lengths:
        0.80 -     0.95: 12
        0.95 -     1.10: 5
        1.10 -     1.25: 3
        1.25 -     1.40: 8
        1.40 -     1.55: 9
  Bond restraints: 37
  Sorted by residual:
  bond pdb=" C   GLY A   1 "
       pdb=" N   GLY A   2 "
    ideal  model  delta    sigma   weight residual
    1.331  1.286  0.045 1.46e-02 4.69e+03 9.44e+00
  bond pdb=" CZ  PHE A   3 "
       pdb=" HZ  PHE A   3 "
    ideal  model  delta    sigma   weight residual
    0.930  0.990 -0.060 2.00e-02 2.50e+03 8.86e+00
  bond pdb=" CA  GLY A   2 "
       pdb=" HA2 GLY A   2 "
    ideal  model  delta    sigma   weight residual
    0.970  0.913  0.057 2.00e-02 2.50e+03 8.22e+00
  bond pdb=" N   PHE A   3 "
       pdb=" H   PHE A   3 "
    ideal  model  delta    sigma   weight residual
    0.860  0.805  0.055 2.00e-02 2.50e+03 7.63e+00
  bond pdb=" CA  GLY A   2 "
       pdb=" HA1 GLY A   2 "
    ideal  model  delta    sigma   weight residual
    0.970  0.929  0.041 2.00e-02 2.50e+03 4.10e+00
  ... (remaining 32 not shown)

  Histogram of bond angle deviations from ideal:
      104.82 -   108.86: 10
      108.86 -   112.89: 12
      112.89 -   116.92: 9
      116.92 -   120.96: 16
      120.96 -   124.99: 13
  Bond angle restraints: 60
  Sorted by residual:
  angle pdb=" C   PHE A   3 "
        pdb=" CA  PHE A   3 "
        pdb=" CB  PHE A   3 "
      ideal   model   delta    sigma   weight residual
     110.10  104.82    5.28 1.90e+00 2.77e-01 7.72e+00
  angle pdb=" C   PHE A   3 "
        pdb=" OXT PHE A   3 "
        pdb=" HXT PHE A   3 "
      ideal   model   delta    sigma   weight residual
     108.00  114.98   -6.98 3.00e+00 1.11e-01 5.42e+00
  angle pdb=" O   GLY A   2 "
        pdb=" C   GLY A   2 "
        pdb=" N   PHE A   3 "
      ideal   model   delta    sigma   weight residual
     122.70  124.72   -2.02 1.30e+00 5.92e-01 2.41e+00
  angle pdb=" CA  GLY A   1 "
        pdb=" C   GLY A   1 "
        pdb=" N   GLY A   2 "
      ideal   model   delta    sigma   weight residual
     116.20  119.29   -3.09 2.00e+00 2.50e-01 2.39e+00
  angle pdb=" HA  PHE A   3 "
        pdb=" CA  PHE A   3 "
        pdb=" N   PHE A   3 "
      ideal   model   delta    sigma   weight residual
     110.00  105.46    4.54 3.00e+00 1.11e-01 2.29e+00
  ... (remaining 55 not shown)

  Histogram of dihedral angle deviations from ideal:
        0.26 -    36.04: 11
       36.04 -    71.83: 1
       71.83 -   107.61: 0
      107.61 -   143.40: 0
      143.40 -   179.19: 1
  Dihedral angle restraints: 13
    sinusoidal: 3
      harmonic: 10
  Sorted by residual:
  dihedral pdb=" O   PHE A   3 "
           pdb=" C   PHE A   3 "
           pdb=" OXT PHE A   3 "
           pdb=" HXT PHE A   3 "
      ideal   model   delta  harmonic     sigma   weight residual
       0.00 -179.19  179.19     0      3.00e+01 1.11e-03 3.57e+01
  dihedral pdb=" OXT PHE A   3 "
           pdb=" C   PHE A   3 "
           pdb=" CA  PHE A   3 "
           pdb=" N   PHE A   3 "
      ideal   model   delta sinusoidal    sigma   weight residual
     -20.00  -65.92   45.92     2      3.00e+01 1.11e-03 2.75e+00
  dihedral pdb=" CA  GLY A   2 "
           pdb=" C   GLY A   2 "
           pdb=" N   PHE A   3 "
           pdb=" CA  PHE A   3 "
      ideal   model   delta  harmonic     sigma   weight residual
     180.00  172.01    7.99     0      5.00e+00 4.00e-02 2.55e+00
  ... (remaining 10 not shown)

  Histogram of chiral volume deviations from ideal:
       0.056 -    0.056: 1
       0.056 -    0.056: 0
       0.056 -    0.056: 0
       0.056 -    0.056: 0
       0.056 -    0.056: 0
  Chirality restraints: 1
  Sorted by residual:
  chirality pdb=" CA  PHE A   3 "
            pdb=" C   PHE A   3 "
            pdb=" N   PHE A   3 "
            pdb=" CB  PHE A   3 "
    both_signs  ideal   model   delta    sigma   weight residual
      False     -2.51   -2.57    0.06 2.00e-01 2.50e+01 7.85e-02

  Planarity restraints: 6
  Sorted by residual:
                                 delta    sigma   weight rms_deltas residual
  plane pdb=" C   GLY A   2 "    0.044 2.00e-02 2.50e+03   2.56e-02 6.55e+00
        pdb=" O   GLY A   2 "   -0.017 2.00e-02 2.50e+03
        pdb=" CA  GLY A   2 "   -0.012 2.00e-02 2.50e+03
        pdb=" N   PHE A   3 "   -0.015 2.00e-02 2.50e+03
                                 delta    sigma   weight rms_deltas residual
  plane pdb=" CB  PHE A   3 "    0.020 2.00e-02 2.50e+03   1.44e-02 6.24e+00
        pdb=" CG  PHE A   3 "   -0.023 2.00e-02 2.50e+03
        pdb=" CD1 PHE A   3 "   -0.003 2.00e-02 2.50e+03
        pdb=" HD1 PHE A   3 "   -0.006 2.00e-02 2.50e+03
        pdb=" CE1 PHE A   3 "    0.011 2.00e-02 2.50e+03
        pdb=" HE1 PHE A   3 "    0.009 2.00e-02 2.50e+03
        pdb=" CZ  PHE A   3 "   -0.022 2.00e-02 2.50e+03
        pdb=" HZ  PHE A   3 "    0.009 2.00e-02 2.50e+03
        pdb=" CE2 PHE A   3 "   -0.016 2.00e-02 2.50e+03
        pdb=" HE2 PHE A   3 "    0.015 2.00e-02 2.50e+03
        pdb=" CD2 PHE A   3 "    0.015 2.00e-02 2.50e+03
        pdb=" HD2 PHE A   3 "   -0.009 2.00e-02 2.50e+03
                                 delta    sigma   weight rms_deltas residual
  plane pdb=" C   GLY A   1 "    0.004 2.00e-02 2.50e+03   7.05e-03 4.97e-01
        pdb=" CA  GLY A   2 "    0.003 2.00e-02 2.50e+03
        pdb=" N   GLY A   2 "   -0.012 2.00e-02 2.50e+03
        pdb=" H   GLY A   2 "    0.005 2.00e-02 2.50e+03
  ... (remaining 3 not shown)

  Histogram of nonbonded interaction distances:
        1.85 -     2.46: 18
        2.46 -     3.06: 57
        3.06 -     3.67: 66
        3.67 -     4.27: 66
        4.27 -     4.88: 96
  Nonbonded interactions: 303
  Sorted by model distance:
  nonbonded pdb=" O   GLY A   2 "
            pdb=" HXT PHE A   3 "
     model   vdw
     1.850 1.970
  nonbonded pdb=" HA  PHE A   3 "
            pdb=" H   PHE A   3 "
     model   vdw
     2.079 1.816
  nonbonded pdb=" HA1 GLY A   2 "
            pdb=" H   GLY A   2 "
     model   vdw
     2.117 1.816
  nonbonded pdb=" HA1 GLY A   1 "
            pdb=" H1  GLY A   1 "
     model   vdw
     2.174 1.816
  nonbonded pdb=" HA2 GLY A   1 "
            pdb=" H2  GLY A   1 "
     model   vdw
     2.176 1.816
  ... (remaining 298 not shown)

  NOTE: a complete listing of the restraints can be obtained by requesting
        output of .geo file.

                   ----------xray_structure summary----------                  

Number of scattering types: 4
  Type Number    sf(0)   Gaussians
   O       4      7.97       2
   N       3      6.97       2
   C      13      5.97       2
   H      17      1.00       2
  sf(0) = scattering factor at diffraction angle 0.
Number of scatterers: 37
At special positions: 0
Unit cell: (14.815, 10.106, 12.442, 90, 90, 90)
Space group: P 1 (No. 1)

End of input processing
r_work=0.3574 r_free=0.2670
params.data_weight: None
params.restraints: cctbx
rmsd(b), start:  0.0919
mc:   0 R: 0.1292 rmsd(b):  0.0671 restraint_scale:  2.0 min_steps: 26
mc:   1 R: 0.0202 rmsd(b):  0.0128 restraint_scale:  2.0 min_steps: 33
mc:   2 R: 0.0053 rmsd(b):  0.0113 restraint_scale:  2.0 min_steps: 40
mc:   3 R: 0.0038 rmsd(b):  0.0122 restraint_scale:  2.0 min_steps: 26
Convergence reached, stop now.
see the result structure:  ./p26/04_results/refine_cctbx/222_GGF13-new/0.6/6.pdb
Time: 5.6433
