phenix.python
you are importing  adaptive calculator, and it does nothing. Please give it energy, force....... 

============================== Collecting inputs ==============================


                   ----------Processing X-ray data----------                   

F-obs:
  /scratch/m_zhen01/30995.lupus.uni-muenster.de/p26/02_mtz/255_FGG252-new.mtz:F-obs
Miller array info: None
Observation type: xray.amplitude
Type of data: double, size=196
Type of sigmas: None
Number of Miller indices: 196
Anomalous flag: False
Unit cell: (16.001, 11.437, 10.504, 90, 90, 90)
Space group: P 1 (No. 1)
Systematic absences: 0
Centric reflections: 0
Resolution range: 3.90043 2.51122
Completeness in resolution range: 1
Completeness with d_max=infinity: 0.75969

Number of F-obs in resolution range:                   196
Number of F-obs<0 (these reflections will be rejected): 0
Number of F-obs=0 (these reflections will be used in refinement): 0
Refinement resolution range: d_max =   3.9004
                             d_min =   2.5112

R-free flags:
  /scratch/m_zhen01/30995.lupus.uni-muenster.de/p26/02_mtz/255_FGG252-new.mtz:R-free-flags
Miller array info: /scratch/m_zhen01/30995.lupus.uni-muenster.de/p26/02_mtz/255_FGG252-new.mtz:R-free-flags
Observation type: None
Type of data: int, size=196
Type of sigmas: None
Number of Miller indices: 196
Anomalous flag: False
Unit cell: (16.001, 11.437, 10.504, 90, 90, 90)
Space group: P 1 (No. 1)
Systematic absences: 0
Centric reflections: 0
Resolution range: 3.90043 2.51122
Completeness in resolution range: 1
Completeness with d_max=infinity: 0.75969
Wavelength: 1.0000

Test (R-free flags) flag value: 1

Number of work/free reflections by resolution:
                                  work free  %free
  bin  1: 3.9004 - 3.5973 [21/21]   17    4  19.0%
  bin  2: 3.5973 - 3.3707 [23/23]   23    0   0.0%
  bin  3: 3.3707 - 3.1922 [15/15]   13    2  13.3%
  bin  4: 3.1922 - 3.0464 [26/26]   24    2   7.7%
  bin  5: 3.0464 - 2.9240 [20/20]   20    0   0.0%
  bin  6: 2.9240 - 2.8192 [ 9/9 ]    9    0   0.0%
  bin  7: 2.8192 - 2.7280 [18/18]   16    2  11.1%
  bin  8: 2.7280 - 2.6475 [23/23]   23    0   0.0%
  bin  9: 2.6475 - 2.5758 [19/19]   17    2  10.5%
  bin 10: 2.5758 - 2.5112 [22/22]   22    0   0.0%
                          overall  184   12   6.1%

                   ----------Processing PDB file(s)----------                  

  Monomer Library directory:
    "/tmp1/m_zhen01/phenix-installer-1.10.1-2155-intel-linux-2.6-x86_64-centos5/phenix-1.10.1-2155/modules/chem_data/mon_lib"
  Total number of atoms: 37
  Number of models: 1
  Model: ""
    Number of chains: 1
    Chain: "A"
      Number of atoms: 37
      Number of conformers: 1
      Conformer: ""
        Number of residues, atoms: 3, 37
          Classifications: {'peptide': 3}
          Modifications used: {'NH2NOTPRO': 1, 'COOH': 1}
          Link IDs: {'TRANS': 2}
  Time building chain proxies: 0.07, per 1000 atoms: 1.89
  Number of scatterers: 37
  At special positions: 0
  Unit cell: (16.001, 11.437, 10.504, 90, 90, 90)
  Space group: P 1 (No. 1)
  Number of sites at special positions: 0
  Number of scattering types: 4
    Type Number    sf(0)
     O       4      8.00
     N       3      7.00
     C      13      6.00
     H      17      1.00
    sf(0) = scattering factor at diffraction angle 0.

  Number of disulfides: simple=0, symmetry=0

  Automatic linking
    Parameters for automatic linking
      Linking & cutoffs
        Metal                : False - 3.50
        Amimo acid           : False - 1.90
        Carbohydrate         : True  - 1.99
        Ligands              : True  - 1.99
        Amino acid - RNA/DNA : False
      
  Number of custom bonds: simple=0, symmetry=0
  Time building additional restraints: 0.02
  Conformation dependent library (CDL) restraints added in 2.5 milliseconds
  
  Adding C-beta torsion restraints...
  Number of C-beta restraints generated:  2
  Time building geometry restraints manager: 0.04 seconds

  NOTE: a complete listing of the restraints can be obtained by requesting
        output of .geo file.

  Histogram of bond lengths:
        0.82 -     0.96: 8
        0.96 -     1.11: 9
        1.11 -     1.26: 2
        1.26 -     1.40: 8
        1.40 -     1.55: 10
  Bond restraints: 37
  Sorted by residual:
  bond pdb=" CA  GLY A   2 "
       pdb=" N   GLY A   2 "
    ideal  model  delta    sigma   weight residual
    1.449  1.484 -0.034 1.45e-02 4.76e+03 5.60e+00
  bond pdb=" C   PHE A   1 "
       pdb=" O   PHE A   1 "
    ideal  model  delta    sigma   weight residual
    1.231  1.278 -0.047 2.00e-02 2.50e+03 5.51e+00
  bond pdb=" N   GLY A   3 "
       pdb=" H   GLY A   3 "
    ideal  model  delta    sigma   weight residual
    0.860  0.817  0.043 2.00e-02 2.50e+03 4.71e+00
  bond pdb=" O   GLY A   3 "
       pdb=" C   GLY A   3 "
    ideal  model  delta    sigma   weight residual
    1.185  1.142  0.043 2.00e-02 2.50e+03 4.54e+00
  bond pdb=" CB  PHE A   1 "
       pdb=" CG  PHE A   1 "
    ideal  model  delta    sigma   weight residual
    1.502  1.547 -0.045 2.30e-02 1.89e+03 3.80e+00
  ... (remaining 32 not shown)

  Histogram of bond angle deviations from ideal:
      103.26 -   107.89: 9
      107.89 -   112.51: 15
      112.51 -   117.14: 8
      117.14 -   121.76: 19
      121.76 -   126.39: 9
  Bond angle restraints: 60
  Sorted by residual:
  angle pdb=" HA1 GLY A   3 "
        pdb=" CA  GLY A   3 "
        pdb=" N   GLY A   3 "
      ideal   model   delta    sigma   weight residual
     110.00  103.26    6.74 3.00e+00 1.11e-01 5.04e+00
  angle pdb=" CA  PHE A   1 "
        pdb=" CB  PHE A   1 "
        pdb=" CG  PHE A   1 "
      ideal   model   delta    sigma   weight residual
     113.80  115.63   -1.83 1.00e+00 1.00e+00 3.37e+00
  angle pdb=" OXT GLY A   3 "
        pdb=" C   GLY A   3 "
        pdb=" CA  GLY A   3 "
      ideal   model   delta    sigma   weight residual
     118.60  113.68    4.92 3.00e+00 1.11e-01 2.69e+00
  angle pdb=" C   PHE A   1 "
        pdb=" CA  PHE A   1 "
        pdb=" CB  PHE A   1 "
      ideal   model   delta    sigma   weight residual
     110.10  113.09   -2.99 1.90e+00 2.77e-01 2.48e+00
  angle pdb=" CA  PHE A   1 "
        pdb=" CB  PHE A   1 "
        pdb=" HB2 PHE A   1 "
      ideal   model   delta    sigma   weight residual
     109.00  104.34    4.66 3.00e+00 1.11e-01 2.41e+00
  ... (remaining 55 not shown)

  Histogram of dihedral angle deviations from ideal:
        0.35 -     2.89: 9
        2.89 -     5.42: 1
        5.42 -     7.96: 0
        7.96 -    10.50: 1
       10.50 -    13.04: 2
  Dihedral angle restraints: 13
    sinusoidal: 3
      harmonic: 10
  Sorted by residual:
  dihedral pdb=" CA  PHE A   1 "
           pdb=" C   PHE A   1 "
           pdb=" N   GLY A   2 "
           pdb=" CA  GLY A   2 "
      ideal   model   delta  harmonic     sigma   weight residual
    -180.00 -171.15   -8.85     0      5.00e+00 4.00e-02 3.14e+00
  dihedral pdb=" CA  PHE A   1 "
           pdb=" CB  PHE A   1 "
           pdb=" CG  PHE A   1 "
           pdb=" CD1 PHE A   1 "
      ideal   model   delta sinusoidal    sigma   weight residual
     -90.00  -76.96  -13.04     2      2.00e+01 2.50e-03 6.11e-01
  dihedral pdb=" C   PHE A   1 "
           pdb=" N   PHE A   1 "
           pdb=" CA  PHE A   1 "
           pdb=" CB  PHE A   1 "
      ideal   model   delta  harmonic     sigma   weight residual
    -122.60 -124.34    1.74     0      2.50e+00 1.60e-01 4.86e-01
  ... (remaining 10 not shown)

  Histogram of chiral volume deviations from ideal:
       0.010 -    0.010: 1
       0.010 -    0.010: 0
       0.010 -    0.010: 0
       0.010 -    0.010: 0
       0.010 -    0.010: 0
  Chirality restraints: 1
  Sorted by residual:
  chirality pdb=" CA  PHE A   1 "
            pdb=" C   PHE A   1 "
            pdb=" N   PHE A   1 "
            pdb=" CB  PHE A   1 "
    both_signs  ideal   model   delta    sigma   weight residual
      False     -2.51   -2.52    0.01 2.00e-01 2.50e+01 2.39e-03

  Planarity restraints: 6
  Sorted by residual:
                                 delta    sigma   weight rms_deltas residual
  plane pdb=" CB  PHE A   1 "   -0.002 2.00e-02 2.50e+03   8.70e-03 2.27e+00
        pdb=" CG  PHE A   1 "   -0.013 2.00e-02 2.50e+03
        pdb=" CD1 PHE A   1 "    0.019 2.00e-02 2.50e+03
        pdb=" HD1 PHE A   1 "   -0.002 2.00e-02 2.50e+03
        pdb=" CE1 PHE A   1 "   -0.011 2.00e-02 2.50e+03
        pdb=" HE1 PHE A   1 "   -0.000 2.00e-02 2.50e+03
        pdb=" CZ  PHE A   1 "   -0.001 2.00e-02 2.50e+03
        pdb=" HZ  PHE A   1 "    0.005 2.00e-02 2.50e+03
        pdb=" CE2 PHE A   1 "   -0.007 2.00e-02 2.50e+03
        pdb=" HE2 PHE A   1 "   -0.001 2.00e-02 2.50e+03
        pdb=" CD2 PHE A   1 "    0.013 2.00e-02 2.50e+03
        pdb=" HD2 PHE A   1 "   -0.001 2.00e-02 2.50e+03
                                 delta    sigma   weight rms_deltas residual
  plane pdb=" C   PHE A   1 "    0.004 2.00e-02 2.50e+03   8.35e-03 6.98e-01
        pdb=" CA  GLY A   2 "    0.003 2.00e-02 2.50e+03
        pdb=" N   GLY A   2 "   -0.014 2.00e-02 2.50e+03
        pdb=" H   GLY A   2 "    0.007 2.00e-02 2.50e+03
                                 delta    sigma   weight rms_deltas residual
  plane pdb=" C   PHE A   1 "    0.013 2.00e-02 2.50e+03   7.71e-03 5.95e-01
        pdb=" O   PHE A   1 "   -0.005 2.00e-02 2.50e+03
        pdb=" CA  PHE A   1 "   -0.004 2.00e-02 2.50e+03
        pdb=" N   GLY A   2 "   -0.004 2.00e-02 2.50e+03
  ... (remaining 3 not shown)

  Histogram of nonbonded interaction distances:
        2.03 -     2.60: 24
        2.60 -     3.17: 44
        3.17 -     3.73: 69
        3.73 -     4.30: 57
        4.30 -     4.87: 71
  Nonbonded interactions: 265
  Sorted by model distance:
  nonbonded pdb=" O   PHE A   1 "
            pdb=" H   GLY A   3 "
     model   vdw
     2.028 1.970
  nonbonded pdb=" HA2 GLY A   2 "
            pdb=" H   GLY A   2 "
     model   vdw
     2.167 1.816
  nonbonded pdb=" HA1 GLY A   3 "
            pdb=" H   GLY A   3 "
     model   vdw
     2.220 1.816
  nonbonded pdb=" HZ  PHE A   1 "
            pdb=" HE2 PHE A   1 "
     model   vdw
     2.276 1.680
  nonbonded pdb=" HA  PHE A   1 "
            pdb=" HB2 PHE A   1 "
     model   vdw
     2.290 1.952
  ... (remaining 260 not shown)

  NOTE: a complete listing of the restraints can be obtained by requesting
        output of .geo file.

                   ----------xray_structure summary----------                  

Number of scattering types: 4
  Type Number    sf(0)   Gaussians
   O       4      7.97       2
   N       3      6.97       2
   C      13      5.97       2
   H      17      1.00       2
  sf(0) = scattering factor at diffraction angle 0.
Number of scatterers: 37
At special positions: 0
Unit cell: (16.001, 11.437, 10.504, 90, 90, 90)
Space group: P 1 (No. 1)

End of input processing
r_work=0.3638 r_free=0.2877
params.data_weight: None
params.restraints: cctbx
rmsd(b), start:  0.0879
mc:   0 R: 0.0780 rmsd(b):  0.0538 restraint_scale:  2.0 min_steps: 45
mc:   1 R: 0.0280 rmsd(b):  0.0337 restraint_scale:  4.0 min_steps: 21
mc:   2 R: 0.0151 rmsd(b):  0.0189 restraint_scale:  4.0 min_steps: 24
mc:   3 R: 0.0095 rmsd(b):  0.0294 restraint_scale:  4.0 min_steps: 19
mc:   4 R: 0.0094 rmsd(b):  0.0135 restraint_scale:  4.0 min_steps: 33
mc:   5 R: 0.0073 rmsd(b):  0.0223 restraint_scale:  4.0 min_steps: 15
mc:   6 R: 0.0071 rmsd(b):  0.0230 restraint_scale:  4.0 min_steps: 10
Convergence reached, stop now.
see the result structure:  ./p26/04_results/refine_cctbx/255_FGG252-new/0.6/3.pdb
Time: 6.1589
