phenix.python
you are importing  adaptive calculator, and it does nothing. Please give it energy, force....... 

============================== Collecting inputs ==============================


                   ----------Processing X-ray data----------                   

F-obs:
  /scratch/m_zhen01/30994.lupus.uni-muenster.de/p26/02_mtz/209_WGG03-new.mtz:F-obs
Miller array info: None
Observation type: xray.amplitude
Type of data: double, size=214
Type of sigmas: None
Number of Miller indices: 214
Anomalous flag: False
Unit cell: (11.975, 13.816, 13.034, 90, 90, 90)
Space group: P 1 (No. 1)
Systematic absences: 0
Centric reflections: 0
Resolution range: 3.99167 2.50493
Completeness in resolution range: 1
Completeness with d_max=infinity: 0.748252

Number of F-obs in resolution range:                   214
Number of F-obs<0 (these reflections will be rejected): 0
Number of F-obs=0 (these reflections will be used in refinement): 0
Refinement resolution range: d_max =   3.9917
                             d_min =   2.5049

R-free flags:
  /scratch/m_zhen01/30994.lupus.uni-muenster.de/p26/02_mtz/209_WGG03-new.mtz:R-free-flags
Miller array info: /scratch/m_zhen01/30994.lupus.uni-muenster.de/p26/02_mtz/209_WGG03-new.mtz:R-free-flags
Observation type: None
Type of data: int, size=214
Type of sigmas: None
Number of Miller indices: 214
Anomalous flag: False
Unit cell: (11.975, 13.816, 13.034, 90, 90, 90)
Space group: P 1 (No. 1)
Systematic absences: 0
Centric reflections: 0
Resolution range: 3.99167 2.50493
Completeness in resolution range: 1
Completeness with d_max=infinity: 0.748252
Wavelength: 1.0000

Test (R-free flags) flag value: 1

Number of work/free reflections by resolution:
                                  work free  %free
  bin  1: 3.9917 - 3.6531 [21/21]   17    4  19.0%
  bin  2: 3.6531 - 3.4062 [23/23]   19    4  17.4%
  bin  3: 3.4062 - 3.2150 [19/19]   19    0   0.0%
  bin  4: 3.2150 - 3.0605 [18/18]   18    0   0.0%
  bin  5: 3.0605 - 2.9320 [27/27]   27    0   0.0%
  bin  6: 2.9320 - 2.8227 [22/22]   22    0   0.0%
  bin  7: 2.8227 - 2.7281 [15/15]   15    0   0.0%
  bin  8: 2.7281 - 2.6450 [26/26]   22    4  15.4%
  bin  9: 2.6450 - 2.5711 [19/19]   19    0   0.0%
  bin 10: 2.5711 - 2.5049 [24/24]   24    0   0.0%
                          overall  202   12   5.6%

                   ----------Processing PDB file(s)----------                  

  Monomer Library directory:
    "/tmp1/m_zhen01/phenix-installer-1.10.1-2155-intel-linux-2.6-x86_64-centos5/phenix-1.10.1-2155/modules/chem_data/mon_lib"
  Total number of atoms: 41
  Number of models: 1
  Model: ""
    Number of chains: 1
    Chain: "A"
      Number of atoms: 41
      Number of conformers: 1
      Conformer: ""
        Number of residues, atoms: 3, 41
          Classifications: {'peptide': 3}
          Modifications used: {'NH2NOTPRO': 1, 'COOH': 1}
          Link IDs: {'TRANS': 2}
  Time building chain proxies: 0.08, per 1000 atoms: 1.95
  Number of scatterers: 41
  At special positions: 0
  Unit cell: (11.975, 13.816, 13.034, 90, 90, 90)
  Space group: P 1 (No. 1)
  Number of sites at special positions: 0
  Number of scattering types: 4
    Type Number    sf(0)
     O       4      8.00
     N       4      7.00
     C      15      6.00
     H      18      1.00
    sf(0) = scattering factor at diffraction angle 0.

  Number of disulfides: simple=0, symmetry=0

  Automatic linking
    Parameters for automatic linking
      Linking & cutoffs
        Metal                : False - 3.50
        Amimo acid           : False - 1.90
        Carbohydrate         : True  - 1.99
        Ligands              : True  - 1.99
        Amino acid - RNA/DNA : False
      
  Number of custom bonds: simple=0, symmetry=0
  Time building additional restraints: 0.03
  Conformation dependent library (CDL) restraints added in 2.8 milliseconds
  
  Adding C-beta torsion restraints...
  Number of C-beta restraints generated:  2
  Time building geometry restraints manager: 0.03 seconds

  NOTE: a complete listing of the restraints can be obtained by requesting
        output of .geo file.

  Histogram of bond lengths:
        0.85 -     0.99: 14
        0.99 -     1.13: 4
        1.13 -     1.27: 3
        1.27 -     1.40: 10
        1.40 -     1.54: 11
  Bond restraints: 42
  Sorted by residual:
  bond pdb=" CA  GLY A   3 "
       pdb=" HA2 GLY A   3 "
    ideal  model  delta    sigma   weight residual
    0.970  1.026 -0.056 2.00e-02 2.50e+03 7.80e+00
  bond pdb=" N   TRP A   1 "
       pdb=" H2  TRP A   1 "
    ideal  model  delta    sigma   weight residual
    0.960  1.000 -0.040 2.00e-02 2.50e+03 3.91e+00
  bond pdb=" N   GLY A   3 "
       pdb=" H   GLY A   3 "
    ideal  model  delta    sigma   weight residual
    0.860  0.898 -0.038 2.00e-02 2.50e+03 3.59e+00
  bond pdb=" N   GLY A   2 "
       pdb=" H   GLY A   2 "
    ideal  model  delta    sigma   weight residual
    0.860  0.897 -0.037 2.00e-02 2.50e+03 3.44e+00
  bond pdb=" CA  TRP A   1 "
       pdb=" CB  TRP A   1 "
    ideal  model  delta    sigma   weight residual
    1.530  1.495  0.035 2.00e-02 2.50e+03 3.07e+00
  ... (remaining 37 not shown)

  Histogram of bond angle deviations from ideal:
      104.95 -   110.50: 23
      110.50 -   116.06: 13
      116.06 -   121.61: 18
      121.61 -   127.16: 11
      127.16 -   132.71: 4
  Bond angle restraints: 69
  Sorted by residual:
  angle pdb=" C   GLY A   2 "
        pdb=" N   GLY A   3 "
        pdb=" CA  GLY A   3 "
      ideal   model   delta    sigma   weight residual
     121.70  126.11   -4.41 1.80e+00 3.09e-01 6.01e+00
  angle pdb=" CA  GLY A   2 "
        pdb=" N   GLY A   2 "
        pdb=" H   GLY A   2 "
      ideal   model   delta    sigma   weight residual
     114.00  119.14   -5.14 3.00e+00 1.11e-01 2.94e+00
  angle pdb=" CE2 TRP A   1 "
        pdb=" CZ2 TRP A   1 "
        pdb=" HZ2 TRP A   1 "
      ideal   model   delta    sigma   weight residual
     121.25  125.47   -4.22 3.00e+00 1.11e-01 1.98e+00
  angle pdb=" C   TRP A   1 "
        pdb=" CA  TRP A   1 "
        pdb=" HA  TRP A   1 "
      ideal   model   delta    sigma   weight residual
     109.00  104.95    4.05 3.00e+00 1.11e-01 1.82e+00
  angle pdb=" O   GLY A   3 "
        pdb=" C   GLY A   3 "
        pdb=" OXT GLY A   3 "
      ideal   model   delta    sigma   weight residual
     122.80  126.77   -3.97 3.00e+00 1.11e-01 1.75e+00
  ... (remaining 64 not shown)

  Histogram of dihedral angle deviations from ideal:
        0.14 -    35.44: 12
       35.44 -    70.74: 1
       70.74 -   106.04: 0
      106.04 -   141.34: 0
      141.34 -   176.64: 1
  Dihedral angle restraints: 14
    sinusoidal: 3
      harmonic: 11
  Sorted by residual:
  dihedral pdb=" O   GLY A   3 "
           pdb=" C   GLY A   3 "
           pdb=" OXT GLY A   3 "
           pdb=" HXT GLY A   3 "
      ideal   model   delta  harmonic     sigma   weight residual
       0.00  176.64 -176.64     0      3.00e+01 1.11e-03 3.47e+01
  dihedral pdb=" OXT GLY A   3 "
           pdb=" C   GLY A   3 "
           pdb=" CA  GLY A   3 "
           pdb=" N   GLY A   3 "
      ideal   model   delta sinusoidal    sigma   weight residual
     -20.00  -68.89   48.89     2      3.00e+01 1.11e-03 3.03e+00
  dihedral pdb=" CG  TRP A   1 "
           pdb=" CE3 TRP A   1 "
           pdb=" CD2 TRP A   1 "
           pdb=" HE3 TRP A   1 "
      ideal   model   delta  harmonic     sigma   weight residual
       0.00   -5.16    5.16     0      5.00e+00 4.00e-02 1.07e+00
  ... (remaining 11 not shown)

  Histogram of chiral volume deviations from ideal:
       0.072 -    0.072: 1
       0.072 -    0.072: 0
       0.072 -    0.072: 0
       0.072 -    0.072: 0
       0.072 -    0.072: 0
  Chirality restraints: 1
  Sorted by residual:
  chirality pdb=" CA  TRP A   1 "
            pdb=" C   TRP A   1 "
            pdb=" N   TRP A   1 "
            pdb=" CB  TRP A   1 "
    both_signs  ideal   model   delta    sigma   weight residual
      False     -2.51   -2.44   -0.07 2.00e-01 2.50e+01 1.30e-01

  Planarity restraints: 6
  Sorted by residual:
                                 delta    sigma   weight rms_deltas residual
  plane pdb=" CB  TRP A   1 "   -0.010 2.00e-02 2.50e+03   1.57e-02 9.90e+00
        pdb=" CG  TRP A   1 "    0.008 2.00e-02 2.50e+03
        pdb=" CD1 TRP A   1 "    0.018 2.00e-02 2.50e+03
        pdb=" HD1 TRP A   1 "    0.024 2.00e-02 2.50e+03
        pdb=" NE1 TRP A   1 "   -0.030 2.00e-02 2.50e+03
        pdb=" HE1 TRP A   1 "    0.009 2.00e-02 2.50e+03
        pdb=" CE2 TRP A   1 "   -0.020 2.00e-02 2.50e+03
        pdb=" CZ2 TRP A   1 "   -0.015 2.00e-02 2.50e+03
        pdb=" HZ2 TRP A   1 "   -0.000 2.00e-02 2.50e+03
        pdb=" CH2 TRP A   1 "    0.020 2.00e-02 2.50e+03
        pdb=" HH2 TRP A   1 "    0.009 2.00e-02 2.50e+03
        pdb=" CZ3 TRP A   1 "   -0.001 2.00e-02 2.50e+03
        pdb=" HZ3 TRP A   1 "    0.007 2.00e-02 2.50e+03
        pdb=" CE3 TRP A   1 "    0.011 2.00e-02 2.50e+03
        pdb=" HE3 TRP A   1 "   -0.008 2.00e-02 2.50e+03
        pdb=" CD2 TRP A   1 "   -0.023 2.00e-02 2.50e+03
                                 delta    sigma   weight rms_deltas residual
  plane pdb=" O   GLY A   3 "    0.012 2.00e-02 2.50e+03   1.32e-02 2.17e+00
        pdb=" C   GLY A   3 "   -0.010 2.00e-02 2.50e+03
        pdb=" OXT GLY A   3 "   -0.017 2.00e-02 2.50e+03
        pdb=" HXT GLY A   3 "    0.018 2.00e-02 2.50e+03
        pdb=" CA  GLY A   3 "   -0.004 2.00e-02 2.50e+03
                                 delta    sigma   weight rms_deltas residual
  plane pdb=" C   TRP A   1 "    0.005 2.00e-02 2.50e+03   1.04e-02 1.07e+00
        pdb=" CA  GLY A   2 "    0.005 2.00e-02 2.50e+03
        pdb=" N   GLY A   2 "   -0.018 2.00e-02 2.50e+03
        pdb=" H   GLY A   2 "    0.008 2.00e-02 2.50e+03
  ... (remaining 3 not shown)

  Histogram of nonbonded interaction distances:
        2.07 -     2.63: 30
        2.63 -     3.20: 65
        3.20 -     3.76: 66
        3.76 -     4.33: 72
        4.33 -     4.89: 97
  Nonbonded interactions: 330
  Sorted by model distance:
  nonbonded pdb=" HE1 TRP A   1 "
            pdb=" OXT GLY A   3 "
     model   vdw
     2.068 1.970
  nonbonded pdb=" HA1 GLY A   3 "
            pdb=" H   GLY A   3 "
     model   vdw
     2.109 1.816
  nonbonded pdb=" HA  TRP A   1 "
            pdb=" H   GLY A   2 "
     model   vdw
     2.180 2.270
  nonbonded pdb=" O   GLY A   2 "
            pdb=" HXT GLY A   3 "
     model   vdw
     2.180 1.970
  nonbonded pdb=" H1  TRP A   1 "
            pdb=" HB2 TRP A   1 "
     model   vdw
     2.195 2.270
  ... (remaining 325 not shown)

  NOTE: a complete listing of the restraints can be obtained by requesting
        output of .geo file.

                   ----------xray_structure summary----------                  

Number of scattering types: 4
  Type Number    sf(0)   Gaussians
   O       4      7.97       2
   N       4      6.97       2
   C      15      5.97       2
   H      18      1.00       2
  sf(0) = scattering factor at diffraction angle 0.
Number of scatterers: 41
At special positions: 0
Unit cell: (11.975, 13.816, 13.034, 90, 90, 90)
Space group: P 1 (No. 1)

End of input processing
r_work=0.5855 r_free=0.7608
params.data_weight: 0.0
params.restraints: qm
rmsd(b), start:  0.0784
mc:   0 R: 0.5762 rmsd(b):  0.0268 restraint_scale:  1.0 min_steps: 52
mc:   1 R: 0.5725 rmsd(b):  0.0270 restraint_scale:  1.0 min_steps: 25
mc:   2 R: 0.5725 rmsd(b):  0.0270 restraint_scale:  1.0 min_steps: 1
Convergence reached, stop now.
see the result structure:  ./p26/04_results/opt_qm/209_WGG03-new/1.2/8.pdb
Time: 106.7405
