phenix.python
you are importing  adaptive calculator, and it does nothing. Please give it energy, force....... 

============================== Collecting inputs ==============================


                   ----------Processing X-ray data----------                   

F-obs:
  /scratch/m_zhen01/30995.lupus.uni-muenster.de/p26/02_mtz/237_GFA07-new.mtz:F-obs
Miller array info: None
Observation type: xray.amplitude
Type of data: double, size=243
Type of sigmas: None
Number of Miller indices: 243
Anomalous flag: False
Unit cell: (12.325, 10.728, 17.485, 90, 90, 90)
Space group: P 1 (No. 1)
Systematic absences: 0
Centric reflections: 0
Resolution range: 3.99942 2.50022
Completeness in resolution range: 1
Completeness with d_max=infinity: 0.773885

Number of F-obs in resolution range:                   243
Number of F-obs<0 (these reflections will be rejected): 0
Number of F-obs=0 (these reflections will be used in refinement): 0
Refinement resolution range: d_max =   3.9994
                             d_min =   2.5002

R-free flags:
  /scratch/m_zhen01/30995.lupus.uni-muenster.de/p26/02_mtz/237_GFA07-new.mtz:R-free-flags
Miller array info: /scratch/m_zhen01/30995.lupus.uni-muenster.de/p26/02_mtz/237_GFA07-new.mtz:R-free-flags
Observation type: None
Type of data: int, size=243
Type of sigmas: None
Number of Miller indices: 243
Anomalous flag: False
Unit cell: (12.325, 10.728, 17.485, 90, 90, 90)
Space group: P 1 (No. 1)
Systematic absences: 0
Centric reflections: 0
Resolution range: 3.99942 2.50022
Completeness in resolution range: 1
Completeness with d_max=infinity: 0.773885
Wavelength: 1.0000

Test (R-free flags) flag value: 1

Number of work/free reflections by resolution:
                                  work free  %free
  bin  1: 3.9994 - 3.6558 [32/32]   30    2   6.2%
  bin  2: 3.6558 - 3.4063 [12/12]   12    0   0.0%
  bin  3: 3.4063 - 3.2134 [28/28]   24    4  14.3%
  bin  4: 3.2134 - 3.0579 [19/19]   19    0   0.0%
  bin  5: 3.0579 - 2.9287 [28/28]   26    2   7.1%
  bin  6: 2.9287 - 2.8189 [29/29]   28    1   3.4%
  bin  7: 2.8189 - 2.7239 [18/18]   18    0   0.0%
  bin  8: 2.7239 - 2.6406 [25/25]   25    0   0.0%
  bin  9: 2.6406 - 2.5666 [24/24]   24    0   0.0%
  bin 10: 2.5666 - 2.5002 [28/28]   26    2   7.1%
                          overall  232   11   4.5%

                   ----------Processing PDB file(s)----------                  

  Monomer Library directory:
    "/tmp1/m_zhen01/phenix-installer-1.10.1-2155-intel-linux-2.6-x86_64-centos5/phenix-1.10.1-2155/modules/chem_data/mon_lib"
  Total number of atoms: 40
  Number of models: 1
  Model: ""
    Number of chains: 1
    Chain: "A"
      Number of atoms: 40
      Number of conformers: 1
      Conformer: ""
        Number of residues, atoms: 3, 40
          Classifications: {'peptide': 3}
          Modifications used: {'NH2NOTPRO': 1, 'COOH': 1}
          Link IDs: {'TRANS': 2}
  Time building chain proxies: 0.08, per 1000 atoms: 2.00
  Number of scatterers: 40
  At special positions: 0
  Unit cell: (12.325, 10.728, 17.485, 90, 90, 90)
  Space group: P 1 (No. 1)
  Number of sites at special positions: 0
  Number of scattering types: 4
    Type Number    sf(0)
     O       4      8.00
     N       3      7.00
     C      14      6.00
     H      19      1.00
    sf(0) = scattering factor at diffraction angle 0.

  Number of disulfides: simple=0, symmetry=0

  Automatic linking
    Parameters for automatic linking
      Linking & cutoffs
        Metal                : False - 3.50
        Amimo acid           : False - 1.90
        Carbohydrate         : True  - 1.99
        Ligands              : True  - 1.99
        Amino acid - RNA/DNA : False
      
  Number of custom bonds: simple=0, symmetry=0
  Time building additional restraints: 0.03
  Conformation dependent library (CDL) restraints added in 3.5 milliseconds
  
  Adding C-beta torsion restraints...
  Number of C-beta restraints generated:  4
  Time building geometry restraints manager: 0.03 seconds

  NOTE: a complete listing of the restraints can be obtained by requesting
        output of .geo file.

  Histogram of bond lengths:
        0.84 -     0.98: 18
        0.98 -     1.12: 1
        1.12 -     1.26: 3
        1.26 -     1.40: 7
        1.40 -     1.54: 11
  Bond restraints: 40
  Sorted by residual:
  bond pdb=" CA  GLY A   1 "
       pdb=" HA2 GLY A   1 "
    ideal  model  delta    sigma   weight residual
    0.970  0.905  0.065 2.00e-02 2.50e+03 1.04e+01
  bond pdb=" C   PHE A   2 "
       pdb=" O   PHE A   2 "
    ideal  model  delta    sigma   weight residual
    1.232  1.193  0.038 1.35e-02 5.49e+03 8.00e+00
  bond pdb=" CB  PHE A   2 "
       pdb=" HB2 PHE A   2 "
    ideal  model  delta    sigma   weight residual
    0.970  1.021 -0.051 2.00e-02 2.50e+03 6.53e+00
  bond pdb=" CA  ALA A   3 "
       pdb=" HA  ALA A   3 "
    ideal  model  delta    sigma   weight residual
    0.970  0.921  0.049 2.00e-02 2.50e+03 5.91e+00
  bond pdb=" CE1 PHE A   2 "
       pdb=" HE1 PHE A   2 "
    ideal  model  delta    sigma   weight residual
    0.930  0.968 -0.038 2.00e-02 2.50e+03 3.63e+00
  ... (remaining 35 not shown)

  Histogram of bond angle deviations from ideal:
      102.91 -   108.06: 8
      108.06 -   113.22: 22
      113.22 -   118.38: 12
      118.38 -   123.54: 22
      123.54 -   128.70: 2
  Bond angle restraints: 66
  Sorted by residual:
  angle pdb=" C   GLY A   1 "
        pdb=" CA  GLY A   1 "
        pdb=" N   GLY A   1 "
      ideal   model   delta    sigma   weight residual
     113.30  104.69    8.61 2.90e+00 1.19e-01 8.81e+00
  angle pdb=" HA1 GLY A   1 "
        pdb=" CA  GLY A   1 "
        pdb=" HA2 GLY A   1 "
      ideal   model   delta    sigma   weight residual
     109.00  115.09   -6.09 3.00e+00 1.11e-01 4.12e+00
  angle pdb=" CA  ALA A   3 "
        pdb=" N   ALA A   3 "
        pdb=" H   ALA A   3 "
      ideal   model   delta    sigma   weight residual
     114.00  108.09    5.91 3.00e+00 1.11e-01 3.88e+00
  angle pdb=" HB2 PHE A   2 "
        pdb=" CB  PHE A   2 "
        pdb=" CG  PHE A   2 "
      ideal   model   delta    sigma   weight residual
     108.00  113.81   -5.81 3.00e+00 1.11e-01 3.75e+00
  angle pdb=" HB1 PHE A   2 "
        pdb=" CB  PHE A   2 "
        pdb=" HB2 PHE A   2 "
      ideal   model   delta    sigma   weight residual
     110.00  104.44    5.56 3.00e+00 1.11e-01 3.44e+00
  ... (remaining 61 not shown)

  Histogram of dihedral angle deviations from ideal:
        0.41 -    36.24: 14
       36.24 -    72.06: 1
       72.06 -   107.88: 0
      107.88 -   143.70: 0
      143.70 -   179.52: 1
  Dihedral angle restraints: 16
    sinusoidal: 4
      harmonic: 12
  Sorted by residual:
  dihedral pdb=" O   ALA A   3 "
           pdb=" C   ALA A   3 "
           pdb=" OXT ALA A   3 "
           pdb=" HXT ALA A   3 "
      ideal   model   delta  harmonic     sigma   weight residual
       0.00  179.52 -179.52     0      3.00e+01 1.11e-03 3.58e+01
  dihedral pdb=" CA  PHE A   2 "
           pdb=" C   PHE A   2 "
           pdb=" N   ALA A   3 "
           pdb=" CA  ALA A   3 "
      ideal   model   delta  harmonic     sigma   weight residual
     180.00  168.99   11.01     0      5.00e+00 4.00e-02 4.84e+00
  dihedral pdb=" OXT ALA A   3 "
           pdb=" C   ALA A   3 "
           pdb=" CA  ALA A   3 "
           pdb=" N   ALA A   3 "
      ideal   model   delta sinusoidal    sigma   weight residual
     160.00  103.75   56.25     2      3.00e+01 1.11e-03 3.69e+00
  ... (remaining 13 not shown)

  Histogram of chiral volume deviations from ideal:
       0.060 -    0.061: 1
       0.061 -    0.063: 0
       0.063 -    0.064: 0
       0.064 -    0.066: 0
       0.066 -    0.068: 1
  Chirality restraints: 2
  Sorted by residual:
  chirality pdb=" CA  ALA A   3 "
            pdb=" C   ALA A   3 "
            pdb=" CB  ALA A   3 "
            pdb=" N   ALA A   3 "
    both_signs  ideal   model   delta    sigma   weight residual
      False      2.48    2.55   -0.07 2.00e-01 2.50e+01 1.15e-01
  chirality pdb=" CA  PHE A   2 "
            pdb=" CB  PHE A   2 "
            pdb=" C   PHE A   2 "
            pdb=" N   PHE A   2 "
    both_signs  ideal   model   delta    sigma   weight residual
      False     -2.51   -2.57    0.06 2.00e-01 2.50e+01 8.86e-02

  Planarity restraints: 6
  Sorted by residual:
                                 delta    sigma   weight rms_deltas residual
  plane pdb=" CB  PHE A   2 "   -0.004 2.00e-02 2.50e+03   9.77e-03 2.86e+00
        pdb=" CG  PHE A   2 "   -0.004 2.00e-02 2.50e+03
        pdb=" CD1 PHE A   2 "    0.012 2.00e-02 2.50e+03
        pdb=" HD1 PHE A   2 "   -0.002 2.00e-02 2.50e+03
        pdb=" CE1 PHE A   2 "    0.005 2.00e-02 2.50e+03
        pdb=" HE1 PHE A   2 "   -0.003 2.00e-02 2.50e+03
        pdb=" CZ  PHE A   2 "    0.003 2.00e-02 2.50e+03
        pdb=" HZ  PHE A   2 "   -0.019 2.00e-02 2.50e+03
        pdb=" CE2 PHE A   2 "    0.021 2.00e-02 2.50e+03
        pdb=" HE2 PHE A   2 "    0.002 2.00e-02 2.50e+03
        pdb=" CD2 PHE A   2 "   -0.009 2.00e-02 2.50e+03
        pdb=" HD2 PHE A   2 "   -0.003 2.00e-02 2.50e+03
                                 delta    sigma   weight rms_deltas residual
  plane pdb=" O   ALA A   3 "   -0.005 2.00e-02 2.50e+03   1.30e-02 2.12e+00
        pdb=" C   ALA A   3 "    0.022 2.00e-02 2.50e+03
        pdb=" OXT ALA A   3 "   -0.016 2.00e-02 2.50e+03
        pdb=" HXT ALA A   3 "    0.007 2.00e-02 2.50e+03
        pdb=" CA  ALA A   3 "   -0.008 2.00e-02 2.50e+03
                                 delta    sigma   weight rms_deltas residual
  plane pdb=" C   GLY A   1 "    0.004 2.00e-02 2.50e+03   7.65e-03 5.85e-01
        pdb=" CA  PHE A   2 "    0.003 2.00e-02 2.50e+03
        pdb=" N   PHE A   2 "   -0.013 2.00e-02 2.50e+03
        pdb=" H   PHE A   2 "    0.006 2.00e-02 2.50e+03
  ... (remaining 3 not shown)

  Histogram of nonbonded interaction distances:
        1.99 -     2.57: 31
        2.57 -     3.15: 51
        3.15 -     3.73: 67
        3.73 -     4.31: 52
        4.31 -     4.89: 93
  Nonbonded interactions: 294
  Sorted by model distance:
  nonbonded pdb=" HA1 GLY A   1 "
            pdb=" H2  GLY A   1 "
     model   vdw
     1.994 1.816
  nonbonded pdb=" HXT ALA A   3 "
            pdb=" HA  ALA A   3 "
     model   vdw
     2.037 2.270
  nonbonded pdb=" HA1 GLY A   1 "
            pdb=" H   PHE A   2 "
     model   vdw
     2.258 2.270
  nonbonded pdb=" HB3 ALA A   3 "
            pdb=" HA  ALA A   3 "
     model   vdw
     2.290 1.952
  nonbonded pdb=" HB1 ALA A   3 "
            pdb=" H   ALA A   3 "
     model   vdw
     2.312 2.270
  ... (remaining 289 not shown)

  NOTE: a complete listing of the restraints can be obtained by requesting
        output of .geo file.

                   ----------xray_structure summary----------                  

Number of scattering types: 4
  Type Number    sf(0)   Gaussians
   O       4      7.97       2
   N       3      6.97       2
   C      14      5.97       2
   H      19      1.00       2
  sf(0) = scattering factor at diffraction angle 0.
Number of scatterers: 40
At special positions: 0
Unit cell: (12.325, 10.728, 17.485, 90, 90, 90)
Space group: P 1 (No. 1)

End of input processing
r_work=0.4099 r_free=0.5253
params.data_weight: None
params.restraints: cctbx
rmsd(b), start:  0.0912
mc:   0 R: 0.1143 rmsd(b):  0.0593 restraint_scale:  2.0 min_steps: 24
mc:   1 R: 0.0119 rmsd(b):  0.0139 restraint_scale:  2.0 min_steps: 47
mc:   2 R: 0.0039 rmsd(b):  0.0201 restraint_scale:  2.0 min_steps: 38
Convergence reached, stop now.
see the result structure:  ./p26/04_results/refine_cctbx/237_GFA07-new/0.6/7.pdb
Time: 5.5061
