phenix.python
you are importing  adaptive calculator, and it does nothing. Please give it energy, force....... 

============================== Collecting inputs ==============================


                   ----------Processing X-ray data----------                   

F-obs:
  /scratch/m_zhen01/30995.lupus.uni-muenster.de/p26/02_mtz/200_WG13-new.mtz:F-obs
Miller array info: None
Observation type: xray.amplitude
Type of data: double, size=182
Type of sigmas: None
Number of Miller indices: 182
Anomalous flag: False
Unit cell: (12.646, 10.326, 13.899, 90, 90, 90)
Space group: P 1 (No. 1)
Systematic absences: 0
Centric reflections: 0
Resolution range: 3.99915 2.51363
Completeness in resolution range: 1
Completeness with d_max=infinity: 0.752066

Number of F-obs in resolution range:                   182
Number of F-obs<0 (these reflections will be rejected): 0
Number of F-obs=0 (these reflections will be used in refinement): 0
Refinement resolution range: d_max =   3.9992
                             d_min =   2.5136

R-free flags:
  /scratch/m_zhen01/30995.lupus.uni-muenster.de/p26/02_mtz/200_WG13-new.mtz:R-free-flags
Miller array info: /scratch/m_zhen01/30995.lupus.uni-muenster.de/p26/02_mtz/200_WG13-new.mtz:R-free-flags
Observation type: None
Type of data: int, size=182
Type of sigmas: None
Number of Miller indices: 182
Anomalous flag: False
Unit cell: (12.646, 10.326, 13.899, 90, 90, 90)
Space group: P 1 (No. 1)
Systematic absences: 0
Centric reflections: 0
Resolution range: 3.99915 2.51363
Completeness in resolution range: 1
Completeness with d_max=infinity: 0.752066
Wavelength: 1.0000

Test (R-free flags) flag value: 1

Number of work/free reflections by resolution:
                                  work free  %free
  bin  1: 3.9992 - 3.6617 [18/18]   16    2  11.1%
  bin  2: 3.6617 - 3.4154 [14/14]   14    0   0.0%
  bin  3: 3.4154 - 3.2243 [22/22]   20    2   9.1%
  bin  4: 3.2243 - 3.0698 [15/15]   15    0   0.0%
  bin  5: 3.0698 - 2.9413 [30/30]   28    2   6.7%
  bin  6: 2.9413 - 2.8319 [ 8/8 ]    8    0   0.0%
  bin  7: 2.8319 - 2.7371 [15/15]   15    0   0.0%
  bin  8: 2.7371 - 2.6539 [18/18]   16    2  11.1%
  bin  9: 2.6539 - 2.5800 [23/23]   23    0   0.0%
  bin 10: 2.5800 - 2.5136 [19/19]   19    0   0.0%
                          overall  174    8   4.4%

                   ----------Processing PDB file(s)----------                  

  Monomer Library directory:
    "/tmp1/m_zhen01/phenix-installer-1.10.1-2155-intel-linux-2.6-x86_64-centos5/phenix-1.10.1-2155/modules/chem_data/mon_lib"
  Total number of atoms: 34
  Number of models: 1
  Model: ""
    Number of chains: 1
    Chain: "A"
      Number of atoms: 34
      Number of conformers: 1
      Conformer: ""
        Number of residues, atoms: 2, 34
          Classifications: {'peptide': 2}
          Modifications used: {'NH2NOTPRO': 1, 'COOH': 1}
          Link IDs: {'TRANS': 1}
  Time building chain proxies: 0.08, per 1000 atoms: 2.35
  Number of scatterers: 34
  At special positions: 0
  Unit cell: (12.646, 10.326, 13.899, 90, 90, 90)
  Space group: P 1 (No. 1)
  Number of sites at special positions: 0
  Number of scattering types: 4
    Type Number    sf(0)
     O       3      8.00
     N       3      7.00
     C      13      6.00
     H      15      1.00
    sf(0) = scattering factor at diffraction angle 0.

  Number of disulfides: simple=0, symmetry=0

  Automatic linking
    Parameters for automatic linking
      Linking & cutoffs
        Metal                : False - 3.50
        Amimo acid           : False - 1.90
        Carbohydrate         : True  - 1.99
        Ligands              : True  - 1.99
        Amino acid - RNA/DNA : False
      
  Number of custom bonds: simple=0, symmetry=0
  Time building additional restraints: 0.02
  Conformation dependent library (CDL) restraints added in 433.0 microseconds
  
  Adding C-beta torsion restraints...
  Number of C-beta restraints generated:  2
  Time building geometry restraints manager: 0.03 seconds

  NOTE: a complete listing of the restraints can be obtained by requesting
        output of .geo file.

  Histogram of bond lengths:
        0.84 -     0.97: 13
        0.97 -     1.11: 2
        1.11 -     1.25: 2
        1.25 -     1.39: 7
        1.39 -     1.53: 11
  Bond restraints: 35
  Sorted by residual:
  bond pdb=" CA  GLY A   2 "
       pdb=" HA1 GLY A   2 "
    ideal  model  delta    sigma   weight residual
    0.970  0.940  0.030 2.00e-02 2.50e+03 2.18e+00
  bond pdb=" CB  TRP A   1 "
       pdb=" CG  TRP A   1 "
    ideal  model  delta    sigma   weight residual
    1.498  1.454  0.044 3.10e-02 1.04e+03 1.98e+00
  bond pdb=" N   GLY A   2 "
       pdb=" H   GLY A   2 "
    ideal  model  delta    sigma   weight residual
    0.860  0.835  0.025 2.00e-02 2.50e+03 1.51e+00
  bond pdb=" N   TRP A   1 "
       pdb=" H2  TRP A   1 "
    ideal  model  delta    sigma   weight residual
    0.960  0.936  0.024 2.00e-02 2.50e+03 1.43e+00
  bond pdb=" N   TRP A   1 "
       pdb=" H1  TRP A   1 "
    ideal  model  delta    sigma   weight residual
    0.960  0.937  0.023 2.00e-02 2.50e+03 1.35e+00
  ... (remaining 30 not shown)

  Histogram of bond angle deviations from ideal:
      103.49 -   109.55: 13
      109.55 -   115.62: 13
      115.62 -   121.68: 16
      121.68 -   127.74: 12
      127.74 -   133.81: 3
  Bond angle restraints: 57
  Sorted by residual:
  angle pdb=" C   GLY A   2 "
        pdb=" CA  GLY A   2 "
        pdb=" N   GLY A   2 "
      ideal   model   delta    sigma   weight residual
     113.30  120.47   -7.17 2.90e+00 1.19e-01 6.11e+00
  angle pdb=" HA  TRP A   1 "
        pdb=" CA  TRP A   1 "
        pdb=" CB  TRP A   1 "
      ideal   model   delta    sigma   weight residual
     109.00  103.49    5.51 3.00e+00 1.11e-01 3.37e+00
  angle pdb=" C   GLY A   2 "
        pdb=" CA  GLY A   2 "
        pdb=" HA1 GLY A   2 "
      ideal   model   delta    sigma   weight residual
     109.00  104.47    4.53 3.00e+00 1.11e-01 2.28e+00
  angle pdb=" H1  TRP A   1 "
        pdb=" N   TRP A   1 "
        pdb=" H2  TRP A   1 "
      ideal   model   delta    sigma   weight residual
     109.47  105.18    4.29 3.00e+00 1.11e-01 2.05e+00
  angle pdb=" C   TRP A   1 "
        pdb=" CA  TRP A   1 "
        pdb=" CB  TRP A   1 "
      ideal   model   delta    sigma   weight residual
     110.10  112.68   -2.58 1.90e+00 2.77e-01 1.85e+00
  ... (remaining 52 not shown)

  Histogram of dihedral angle deviations from ideal:
        0.74 -    13.47: 11
       13.47 -    26.20: 1
       26.20 -    38.93: 0
       38.93 -    51.67: 0
       51.67 -    64.40: 1
  Dihedral angle restraints: 13
    sinusoidal: 3
      harmonic: 10
  Sorted by residual:
  dihedral pdb=" OXT GLY A   2 "
           pdb=" C   GLY A   2 "
           pdb=" CA  GLY A   2 "
           pdb=" N   GLY A   2 "
      ideal   model   delta sinusoidal    sigma   weight residual
     160.00   95.60   64.40     2      3.00e+01 1.11e-03 4.34e+00
  dihedral pdb=" N   TRP A   1 "
           pdb=" CA  TRP A   1 "
           pdb=" CB  TRP A   1 "
           pdb=" CG  TRP A   1 "
      ideal   model   delta sinusoidal    sigma   weight residual
      60.00   81.52  -21.52     3      1.50e+01 4.44e-03 2.71e+00
  dihedral pdb=" CG  TRP A   1 "
           pdb=" CE3 TRP A   1 "
           pdb=" CD2 TRP A   1 "
           pdb=" HE3 TRP A   1 "
      ideal   model   delta  harmonic     sigma   weight residual
       0.00   -7.62    7.62     0      5.00e+00 4.00e-02 2.32e+00
  ... (remaining 10 not shown)

  Histogram of chiral volume deviations from ideal:
       0.099 -    0.099: 1
       0.099 -    0.099: 0
       0.099 -    0.099: 0
       0.099 -    0.099: 0
       0.099 -    0.099: 0
  Chirality restraints: 1
  Sorted by residual:
  chirality pdb=" CA  TRP A   1 "
            pdb=" C   TRP A   1 "
            pdb=" N   TRP A   1 "
            pdb=" CB  TRP A   1 "
    both_signs  ideal   model   delta    sigma   weight residual
      False     -2.51   -2.41   -0.10 2.00e-01 2.50e+01 2.44e-01

  Planarity restraints: 4
  Sorted by residual:
                                 delta    sigma   weight rms_deltas residual
  plane pdb=" CB  TRP A   1 "   -0.028 2.00e-02 2.50e+03   1.88e-02 1.42e+01
        pdb=" CG  TRP A   1 "    0.010 2.00e-02 2.50e+03
        pdb=" CD1 TRP A   1 "    0.003 2.00e-02 2.50e+03
        pdb=" HD1 TRP A   1 "   -0.018 2.00e-02 2.50e+03
        pdb=" NE1 TRP A   1 "    0.001 2.00e-02 2.50e+03
        pdb=" HE1 TRP A   1 "    0.021 2.00e-02 2.50e+03
        pdb=" CE2 TRP A   1 "   -0.003 2.00e-02 2.50e+03
        pdb=" CZ2 TRP A   1 "    0.011 2.00e-02 2.50e+03
        pdb=" HZ2 TRP A   1 "   -0.032 2.00e-02 2.50e+03
        pdb=" CH2 TRP A   1 "   -0.005 2.00e-02 2.50e+03
        pdb=" HH2 TRP A   1 "    0.012 2.00e-02 2.50e+03
        pdb=" CZ3 TRP A   1 "   -0.005 2.00e-02 2.50e+03
        pdb=" HZ3 TRP A   1 "   -0.017 2.00e-02 2.50e+03
        pdb=" CE3 TRP A   1 "   -0.015 2.00e-02 2.50e+03
        pdb=" HE3 TRP A   1 "    0.026 2.00e-02 2.50e+03
        pdb=" CD2 TRP A   1 "    0.038 2.00e-02 2.50e+03
                                 delta    sigma   weight rms_deltas residual
  plane pdb=" C   TRP A   1 "    0.010 2.00e-02 2.50e+03   1.83e-02 3.36e+00
        pdb=" CA  GLY A   2 "    0.008 2.00e-02 2.50e+03
        pdb=" N   GLY A   2 "   -0.032 2.00e-02 2.50e+03
        pdb=" H   GLY A   2 "    0.014 2.00e-02 2.50e+03
                                 delta    sigma   weight rms_deltas residual
  plane pdb=" O   GLY A   2 "   -0.006 2.00e-02 2.50e+03   7.83e-03 7.66e-01
        pdb=" C   GLY A   2 "    0.015 2.00e-02 2.50e+03
        pdb=" OXT GLY A   2 "   -0.005 2.00e-02 2.50e+03
        pdb=" HXT GLY A   2 "    0.000 2.00e-02 2.50e+03
        pdb=" CA  GLY A   2 "   -0.004 2.00e-02 2.50e+03
  ... (remaining 1 not shown)

  Histogram of nonbonded interaction distances:
        2.02 -     2.60: 19
        2.60 -     3.17: 44
        3.17 -     3.74: 59
        3.74 -     4.32: 61
        4.32 -     4.89: 66
  Nonbonded interactions: 249
  Sorted by model distance:
  nonbonded pdb=" H2  TRP A   1 "
            pdb=" HB1 TRP A   1 "
     model   vdw
     2.021 2.270
  nonbonded pdb=" HA  TRP A   1 "
            pdb=" H2  TRP A   1 "
     model   vdw
     2.163 1.816
  nonbonded pdb=" HA  TRP A   1 "
            pdb=" H1  TRP A   1 "
     model   vdw
     2.185 1.816
  nonbonded pdb=" HA  TRP A   1 "
            pdb=" HB2 TRP A   1 "
     model   vdw
     2.191 1.952
  nonbonded pdb=" O   GLY A   2 "
            pdb=" HXT GLY A   2 "
     model   vdw
     2.278 2.056
  ... (remaining 244 not shown)

  NOTE: a complete listing of the restraints can be obtained by requesting
        output of .geo file.

                   ----------xray_structure summary----------                  

Number of scattering types: 4
  Type Number    sf(0)   Gaussians
   O       3      7.97       2
   N       3      6.97       2
   C      13      5.97       2
   H      15      1.00       2
  sf(0) = scattering factor at diffraction angle 0.
Number of scatterers: 34
At special positions: 0
Unit cell: (12.646, 10.326, 13.899, 90, 90, 90)
Space group: P 1 (No. 1)

End of input processing
r_work=0.5260 r_free=0.8624
params.data_weight: None
params.restraints: cctbx
rmsd(b), start:  0.0875
mc:   0 R: 0.5222 rmsd(b):  0.0006 restraint_scale:  0.5 min_steps: 54
mc:   1 R: 0.5261 rmsd(b):  0.0010 restraint_scale:  0.2 min_steps: 54
mc:   2 R: 0.5280 rmsd(b):  0.0006 restraint_scale:  0.1 min_steps: 55
mc:   3 R: 0.5238 rmsd(b):  0.0009 restraint_scale:  0.1 min_steps: 55
mc:   4 R: 0.2929 rmsd(b):  0.3317 restraint_scale:  0.1 min_steps: 30
mc:   5 R: 0.2230 rmsd(b):  0.5588 restraint_scale:  0.2 min_steps: 23
mc:   6 R: 0.2220 rmsd(b):  0.4608 restraint_scale:  0.5 min_steps: 14
mc:   7 R: 0.2201 rmsd(b):  0.3575 restraint_scale:  1.0 min_steps: 9
mc:   8 R: 0.2130 rmsd(b):  0.2518 restraint_scale:  2.0 min_steps: 16
mc:   9 R: 0.1064 rmsd(b):  0.0458 restraint_scale:  4.0 min_steps: 52
mc:  10 R: 0.0396 rmsd(b):  0.0170 restraint_scale:  4.0 min_steps: 28
mc:  11 R: 0.0128 rmsd(b):  0.0135 restraint_scale:  4.0 min_steps: 41
mc:  12 R: 0.0094 rmsd(b):  0.0157 restraint_scale:  4.0 min_steps: 16
mc:  13 R: 0.0087 rmsd(b):  0.0179 restraint_scale:  4.0 min_steps: 16
Convergence reached, stop now.
see the result structure:  ./p26/04_results/refine_cctbx/200_WG13-new/0.9/1.pdb
Time: 8.7338
