phenix.python
you are importing  adaptive calculator, and it does nothing. Please give it energy, force....... 

============================== Collecting inputs ==============================


                   ----------Processing X-ray data----------                   

F-obs:
  /scratch/m_zhen01/30995.lupus.uni-muenster.de/p26/02_mtz/200_WG13-new.mtz:F-obs
Miller array info: None
Observation type: xray.amplitude
Type of data: double, size=182
Type of sigmas: None
Number of Miller indices: 182
Anomalous flag: False
Unit cell: (12.646, 10.326, 13.899, 90, 90, 90)
Space group: P 1 (No. 1)
Systematic absences: 0
Centric reflections: 0
Resolution range: 3.99915 2.51363
Completeness in resolution range: 1
Completeness with d_max=infinity: 0.752066

Number of F-obs in resolution range:                   182
Number of F-obs<0 (these reflections will be rejected): 0
Number of F-obs=0 (these reflections will be used in refinement): 0
Refinement resolution range: d_max =   3.9992
                             d_min =   2.5136

R-free flags:
  /scratch/m_zhen01/30995.lupus.uni-muenster.de/p26/02_mtz/200_WG13-new.mtz:R-free-flags
Miller array info: /scratch/m_zhen01/30995.lupus.uni-muenster.de/p26/02_mtz/200_WG13-new.mtz:R-free-flags
Observation type: None
Type of data: int, size=182
Type of sigmas: None
Number of Miller indices: 182
Anomalous flag: False
Unit cell: (12.646, 10.326, 13.899, 90, 90, 90)
Space group: P 1 (No. 1)
Systematic absences: 0
Centric reflections: 0
Resolution range: 3.99915 2.51363
Completeness in resolution range: 1
Completeness with d_max=infinity: 0.752066
Wavelength: 1.0000

Test (R-free flags) flag value: 1

Number of work/free reflections by resolution:
                                  work free  %free
  bin  1: 3.9992 - 3.6617 [18/18]   16    2  11.1%
  bin  2: 3.6617 - 3.4154 [14/14]   14    0   0.0%
  bin  3: 3.4154 - 3.2243 [22/22]   20    2   9.1%
  bin  4: 3.2243 - 3.0698 [15/15]   15    0   0.0%
  bin  5: 3.0698 - 2.9413 [30/30]   28    2   6.7%
  bin  6: 2.9413 - 2.8319 [ 8/8 ]    8    0   0.0%
  bin  7: 2.8319 - 2.7371 [15/15]   15    0   0.0%
  bin  8: 2.7371 - 2.6539 [18/18]   16    2  11.1%
  bin  9: 2.6539 - 2.5800 [23/23]   23    0   0.0%
  bin 10: 2.5800 - 2.5136 [19/19]   19    0   0.0%
                          overall  174    8   4.4%

                   ----------Processing PDB file(s)----------                  

  Monomer Library directory:
    "/tmp1/m_zhen01/phenix-installer-1.10.1-2155-intel-linux-2.6-x86_64-centos5/phenix-1.10.1-2155/modules/chem_data/mon_lib"
  Total number of atoms: 34
  Number of models: 1
  Model: ""
    Number of chains: 1
    Chain: "A"
      Number of atoms: 34
      Number of conformers: 1
      Conformer: ""
        Number of residues, atoms: 2, 34
          Classifications: {'peptide': 2}
          Modifications used: {'NH2NOTPRO': 1, 'COOH': 1}
          Link IDs: {'TRANS': 1}
  Time building chain proxies: 0.08, per 1000 atoms: 2.35
  Number of scatterers: 34
  At special positions: 0
  Unit cell: (12.646, 10.326, 13.899, 90, 90, 90)
  Space group: P 1 (No. 1)
  Number of sites at special positions: 0
  Number of scattering types: 4
    Type Number    sf(0)
     O       3      8.00
     N       3      7.00
     C      13      6.00
     H      15      1.00
    sf(0) = scattering factor at diffraction angle 0.

  Number of disulfides: simple=0, symmetry=0

  Automatic linking
    Parameters for automatic linking
      Linking & cutoffs
        Metal                : False - 3.50
        Amimo acid           : False - 1.90
        Carbohydrate         : True  - 1.99
        Ligands              : True  - 1.99
        Amino acid - RNA/DNA : False
      
  Number of custom bonds: simple=0, symmetry=0
  Time building additional restraints: 0.02
  Conformation dependent library (CDL) restraints added in 527.9 microseconds
  
  Adding C-beta torsion restraints...
  Number of C-beta restraints generated:  2
  Time building geometry restraints manager: 0.03 seconds

  NOTE: a complete listing of the restraints can be obtained by requesting
        output of .geo file.

  Histogram of bond lengths:
        0.86 -     0.99: 14
        0.99 -     1.13: 1
        1.13 -     1.26: 2
        1.26 -     1.40: 8
        1.40 -     1.53: 10
  Bond restraints: 35
  Sorted by residual:
  bond pdb=" CG  TRP A   1 "
       pdb=" CD2 TRP A   1 "
    ideal  model  delta    sigma   weight residual
    1.433  1.470 -0.037 1.80e-02 3.09e+03 4.29e+00
  bond pdb=" N   TRP A   1 "
       pdb=" H1  TRP A   1 "
    ideal  model  delta    sigma   weight residual
    0.960  0.999 -0.039 2.00e-02 2.50e+03 3.89e+00
  bond pdb=" CA  TRP A   1 "
       pdb=" CB  TRP A   1 "
    ideal  model  delta    sigma   weight residual
    1.530  1.497  0.033 2.00e-02 2.50e+03 2.78e+00
  bond pdb=" OXT GLY A   2 "
       pdb=" HXT GLY A   2 "
    ideal  model  delta    sigma   weight residual
    0.948  0.921  0.027 2.00e-02 2.50e+03 1.85e+00
  bond pdb=" N   GLY A   2 "
       pdb=" H   GLY A   2 "
    ideal  model  delta    sigma   weight residual
    0.860  0.886 -0.026 2.00e-02 2.50e+03 1.72e+00
  ... (remaining 30 not shown)

  Histogram of bond angle deviations from ideal:
      104.97 -   110.78: 20
      110.78 -   116.59: 9
      116.59 -   122.40: 16
      122.40 -   128.21: 9
      128.21 -   134.03: 3
  Bond angle restraints: 57
  Sorted by residual:
  angle pdb=" HZ3 TRP A   1 "
        pdb=" CZ3 TRP A   1 "
        pdb=" CE3 TRP A   1 "
      ideal   model   delta    sigma   weight residual
     119.45  123.75   -4.30 3.00e+00 1.11e-01 2.05e+00
  angle pdb=" C   GLY A   2 "
        pdb=" CA  GLY A   2 "
        pdb=" HA2 GLY A   2 "
      ideal   model   delta    sigma   weight residual
     109.00  104.97    4.03 3.00e+00 1.11e-01 1.81e+00
  angle pdb=" CA  TRP A   1 "
        pdb=" CB  TRP A   1 "
        pdb=" CG  TRP A   1 "
      ideal   model   delta    sigma   weight residual
     113.60  111.06    2.54 1.90e+00 2.77e-01 1.79e+00
  angle pdb=" HA1 GLY A   2 "
        pdb=" CA  GLY A   2 "
        pdb=" N   GLY A   2 "
      ideal   model   delta    sigma   weight residual
     110.00  113.76   -3.76 3.00e+00 1.11e-01 1.57e+00
  angle pdb=" HA  TRP A   1 "
        pdb=" CA  TRP A   1 "
        pdb=" N   TRP A   1 "
      ideal   model   delta    sigma   weight residual
     110.00  106.39    3.61 3.00e+00 1.11e-01 1.45e+00
  ... (remaining 52 not shown)

  Histogram of dihedral angle deviations from ideal:
        0.25 -     7.28: 10
        7.28 -    14.30: 2
       14.30 -    21.33: 0
       21.33 -    28.36: 0
       28.36 -    35.39: 1
  Dihedral angle restraints: 13
    sinusoidal: 3
      harmonic: 10
  Sorted by residual:
  dihedral pdb=" OXT GLY A   2 "
           pdb=" C   GLY A   2 "
           pdb=" CA  GLY A   2 "
           pdb=" N   GLY A   2 "
      ideal   model   delta sinusoidal    sigma   weight residual
     160.00  124.61   35.39     2      3.00e+01 1.11e-03 1.79e+00
  dihedral pdb=" HH2 TRP A   1 "
           pdb=" CH2 TRP A   1 "
           pdb=" CZ3 TRP A   1 "
           pdb=" CE3 TRP A   1 "
      ideal   model   delta  harmonic     sigma   weight residual
     180.00 -175.27   -4.73     0      5.00e+00 4.00e-02 8.95e-01
  dihedral pdb=" CG  TRP A   1 "
           pdb=" CE3 TRP A   1 "
           pdb=" CD2 TRP A   1 "
           pdb=" HE3 TRP A   1 "
      ideal   model   delta  harmonic     sigma   weight residual
       0.00    4.68   -4.68     0      5.00e+00 4.00e-02 8.76e-01
  ... (remaining 10 not shown)

  Histogram of chiral volume deviations from ideal:
       0.024 -    0.024: 1
       0.024 -    0.024: 0
       0.024 -    0.024: 0
       0.024 -    0.024: 0
       0.024 -    0.024: 0
  Chirality restraints: 1
  Sorted by residual:
  chirality pdb=" CA  TRP A   1 "
            pdb=" C   TRP A   1 "
            pdb=" N   TRP A   1 "
            pdb=" CB  TRP A   1 "
    both_signs  ideal   model   delta    sigma   weight residual
      False     -2.51   -2.49   -0.02 2.00e-01 2.50e+01 1.44e-02

  Planarity restraints: 4
  Sorted by residual:
                                 delta    sigma   weight rms_deltas residual
  plane pdb=" CB  TRP A   1 "   -0.029 2.00e-02 2.50e+03   1.98e-02 1.57e+01
        pdb=" CG  TRP A   1 "    0.003 2.00e-02 2.50e+03
        pdb=" CD1 TRP A   1 "    0.010 2.00e-02 2.50e+03
        pdb=" HD1 TRP A   1 "    0.014 2.00e-02 2.50e+03
        pdb=" NE1 TRP A   1 "   -0.011 2.00e-02 2.50e+03
        pdb=" HE1 TRP A   1 "    0.009 2.00e-02 2.50e+03
        pdb=" CE2 TRP A   1 "   -0.027 2.00e-02 2.50e+03
        pdb=" CZ2 TRP A   1 "   -0.017 2.00e-02 2.50e+03
        pdb=" HZ2 TRP A   1 "   -0.005 2.00e-02 2.50e+03
        pdb=" CH2 TRP A   1 "   -0.014 2.00e-02 2.50e+03
        pdb=" HH2 TRP A   1 "    0.023 2.00e-02 2.50e+03
        pdb=" CZ3 TRP A   1 "    0.002 2.00e-02 2.50e+03
        pdb=" HZ3 TRP A   1 "   -0.016 2.00e-02 2.50e+03
        pdb=" CE3 TRP A   1 "    0.047 2.00e-02 2.50e+03
        pdb=" HE3 TRP A   1 "   -0.011 2.00e-02 2.50e+03
        pdb=" CD2 TRP A   1 "    0.023 2.00e-02 2.50e+03
                                 delta    sigma   weight rms_deltas residual
  plane pdb=" C   TRP A   1 "   -0.022 2.00e-02 2.50e+03   1.26e-02 1.59e+00
        pdb=" O   TRP A   1 "    0.008 2.00e-02 2.50e+03
        pdb=" CA  TRP A   1 "    0.006 2.00e-02 2.50e+03
        pdb=" N   GLY A   2 "    0.007 2.00e-02 2.50e+03
                                 delta    sigma   weight rms_deltas residual
  plane pdb=" O   GLY A   2 "   -0.001 2.00e-02 2.50e+03   3.73e-03 1.74e-01
        pdb=" C   GLY A   2 "    0.006 2.00e-02 2.50e+03
        pdb=" OXT GLY A   2 "    0.002 2.00e-02 2.50e+03
        pdb=" HXT GLY A   2 "   -0.004 2.00e-02 2.50e+03
        pdb=" CA  GLY A   2 "   -0.003 2.00e-02 2.50e+03
  ... (remaining 1 not shown)

  Histogram of nonbonded interaction distances:
        2.07 -     2.64: 24
        2.64 -     3.20: 41
        3.20 -     3.77: 51
        3.77 -     4.33: 51
        4.33 -     4.90: 63
  Nonbonded interactions: 230
  Sorted by model distance:
  nonbonded pdb=" H1  TRP A   1 "
            pdb=" HD1 TRP A   1 "
     model   vdw
     2.073 2.100
  nonbonded pdb=" HA  TRP A   1 "
            pdb=" H2  TRP A   1 "
     model   vdw
     2.181 1.816
  nonbonded pdb=" HH2 TRP A   1 "
            pdb=" HZ3 TRP A   1 "
     model   vdw
     2.285 1.680
  nonbonded pdb=" HA  TRP A   1 "
            pdb=" HB1 TRP A   1 "
     model   vdw
     2.291 1.952
  nonbonded pdb=" O   GLY A   2 "
            pdb=" HXT GLY A   2 "
     model   vdw
     2.320 2.056
  ... (remaining 225 not shown)

  NOTE: a complete listing of the restraints can be obtained by requesting
        output of .geo file.

                   ----------xray_structure summary----------                  

Number of scattering types: 4
  Type Number    sf(0)   Gaussians
   O       3      7.97       2
   N       3      6.97       2
   C      13      5.97       2
   H      15      1.00       2
  sf(0) = scattering factor at diffraction angle 0.
Number of scatterers: 34
At special positions: 0
Unit cell: (12.646, 10.326, 13.899, 90, 90, 90)
Space group: P 1 (No. 1)

End of input processing
r_work=0.4997 r_free=0.5121
params.data_weight: None
params.restraints: cctbx
rmsd(b), start:  0.0824
mc:   0 R: 0.1339 rmsd(b):  0.0459 restraint_scale:  2.0 min_steps: 52
mc:   1 R: 0.0244 rmsd(b):  0.0213 restraint_scale:  2.0 min_steps: 29
mc:   2 R: 0.0095 rmsd(b):  0.0203 restraint_scale:  2.0 min_steps: 26
mc:   3 R: 0.0081 rmsd(b):  0.0223 restraint_scale:  2.0 min_steps: 18
mc:   4 R: 0.0081 rmsd(b):  0.0221 restraint_scale:  2.0 min_steps: 6
Convergence reached, stop now.
see the result structure:  ./p26/04_results/refine_cctbx/200_WG13-new/0.9/3.pdb
Time: 5.5712
