phenix.python
you are importing  adaptive calculator, and it does nothing. Please give it energy, force....... 

============================== Collecting inputs ==============================


                   ----------Processing X-ray data----------                   

F-obs:
  /scratch/m_zhen01/30993.lupus.uni-muenster.de/p26/02_mtz/219_WGG10-new.mtz:F-obs
Miller array info: None
Observation type: xray.amplitude
Type of data: double, size=215
Type of sigmas: None
Number of Miller indices: 215
Anomalous flag: False
Unit cell: (15.338, 10.259, 14.201, 90, 90, 90)
Space group: P 1 (No. 1)
Systematic absences: 0
Centric reflections: 0
Resolution range: 3.84637 2.51193
Completeness in resolution range: 1
Completeness with d_max=infinity: 0.728814

Number of F-obs in resolution range:                   215
Number of F-obs<0 (these reflections will be rejected): 0
Number of F-obs=0 (these reflections will be used in refinement): 0
Refinement resolution range: d_max =   3.8464
                             d_min =   2.5119

R-free flags:
  /scratch/m_zhen01/30993.lupus.uni-muenster.de/p26/02_mtz/219_WGG10-new.mtz:R-free-flags
Miller array info: /scratch/m_zhen01/30993.lupus.uni-muenster.de/p26/02_mtz/219_WGG10-new.mtz:R-free-flags
Observation type: None
Type of data: int, size=215
Type of sigmas: None
Number of Miller indices: 215
Anomalous flag: False
Unit cell: (15.338, 10.259, 14.201, 90, 90, 90)
Space group: P 1 (No. 1)
Systematic absences: 0
Centric reflections: 0
Resolution range: 3.84637 2.51193
Completeness in resolution range: 1
Completeness with d_max=infinity: 0.728814
Wavelength: 1.0000

Test (R-free flags) flag value: 1

Number of work/free reflections by resolution:
                                  work free  %free
  bin  1: 3.8464 - 3.5621 [19/19]   17    2  10.5%
  bin  2: 3.5621 - 3.3467 [24/24]   22    2   8.3%
  bin  3: 3.3467 - 3.1755 [26/26]   26    0   0.0%
  bin  4: 3.1755 - 3.0347 [19/19]   19    0   0.0%
  bin  5: 3.0347 - 2.9160 [18/18]   16    2  11.1%
  bin  6: 2.9160 - 2.8139 [29/29]   29    0   0.0%
  bin  7: 2.8139 - 2.7247 [22/22]   20    2   9.1%
  bin  8: 2.7247 - 2.6459 [10/10]   10    0   0.0%
  bin  9: 2.6459 - 2.5754 [24/24]   24    0   0.0%
  bin 10: 2.5754 - 2.5119 [24/24]   20    4  16.7%
                          overall  203   12   5.6%

                   ----------Processing PDB file(s)----------                  

  Monomer Library directory:
    "/tmp1/m_zhen01/phenix-installer-1.10.1-2155-intel-linux-2.6-x86_64-centos5/phenix-1.10.1-2155/modules/chem_data/mon_lib"
  Total number of atoms: 41
  Number of models: 1
  Model: ""
    Number of chains: 1
    Chain: "A"
      Number of atoms: 41
      Number of conformers: 1
      Conformer: ""
        Number of residues, atoms: 3, 41
          Classifications: {'peptide': 3}
          Modifications used: {'NH2NOTPRO': 1, 'COOH': 1}
          Link IDs: {'TRANS': 2}
  Time building chain proxies: 0.08, per 1000 atoms: 1.95
  Number of scatterers: 41
  At special positions: 0
  Unit cell: (15.338, 10.259, 14.201, 90, 90, 90)
  Space group: P 1 (No. 1)
  Number of sites at special positions: 0
  Number of scattering types: 4
    Type Number    sf(0)
     O       4      8.00
     N       4      7.00
     C      15      6.00
     H      18      1.00
    sf(0) = scattering factor at diffraction angle 0.

  Number of disulfides: simple=0, symmetry=0

  Automatic linking
    Parameters for automatic linking
      Linking & cutoffs
        Metal                : False - 3.50
        Amimo acid           : False - 1.90
        Carbohydrate         : True  - 1.99
        Ligands              : True  - 1.99
        Amino acid - RNA/DNA : False
      
  Number of custom bonds: simple=0, symmetry=0
  Time building additional restraints: 0.02
  Conformation dependent library (CDL) restraints added in 2.4 milliseconds
  
  Adding C-beta torsion restraints...
  Number of C-beta restraints generated:  2
  Time building geometry restraints manager: 0.03 seconds

  NOTE: a complete listing of the restraints can be obtained by requesting
        output of .geo file.

  Histogram of bond lengths:
        0.81 -     0.95: 10
        0.95 -     1.10: 8
        1.10 -     1.25: 3
        1.25 -     1.39: 10
        1.39 -     1.54: 11
  Bond restraints: 42
  Sorted by residual:
  bond pdb=" N   GLY A   2 "
       pdb=" H   GLY A   2 "
    ideal  model  delta    sigma   weight residual
    0.860  0.808  0.052 2.00e-02 2.50e+03 6.75e+00
  bond pdb=" CA  GLY A   3 "
       pdb=" N   GLY A   3 "
    ideal  model  delta    sigma   weight residual
    1.451  1.486 -0.035 1.60e-02 3.91e+03 4.82e+00
  bond pdb=" CG  TRP A   1 "
       pdb=" CD2 TRP A   1 "
    ideal  model  delta    sigma   weight residual
    1.433  1.465 -0.032 1.80e-02 3.09e+03 3.07e+00
  bond pdb=" C   GLY A   3 "
       pdb=" OXT GLY A   3 "
    ideal  model  delta    sigma   weight residual
    1.330  1.364 -0.034 2.00e-02 2.50e+03 2.84e+00
  bond pdb=" CA  GLY A   3 "
       pdb=" HA2 GLY A   3 "
    ideal  model  delta    sigma   weight residual
    0.970  0.999 -0.029 2.00e-02 2.50e+03 2.15e+00
  ... (remaining 37 not shown)

  Histogram of bond angle deviations from ideal:
      105.49 -   111.13: 24
      111.13 -   116.77: 12
      116.77 -   122.40: 19
      122.40 -   128.04: 11
      128.04 -   133.68: 3
  Bond angle restraints: 69
  Sorted by residual:
  angle pdb=" C   TRP A   1 "
        pdb=" N   GLY A   2 "
        pdb=" H   GLY A   2 "
      ideal   model   delta    sigma   weight residual
     124.30  119.64    4.66 3.00e+00 1.11e-01 2.41e+00
  angle pdb=" HD1 TRP A   1 "
        pdb=" CD1 TRP A   1 "
        pdb=" NE1 TRP A   1 "
      ideal   model   delta    sigma   weight residual
     124.90  128.94   -4.04 3.00e+00 1.11e-01 1.81e+00
  angle pdb=" C   GLY A   2 "
        pdb=" CA  GLY A   2 "
        pdb=" N   GLY A   2 "
      ideal   model   delta    sigma   weight residual
     113.18  110.27    2.91 2.37e+00 1.78e-01 1.51e+00
  angle pdb=" HA  TRP A   1 "
        pdb=" CA  TRP A   1 "
        pdb=" CB  TRP A   1 "
      ideal   model   delta    sigma   weight residual
     109.00  105.49    3.51 3.00e+00 1.11e-01 1.37e+00
  angle pdb=" C   TRP A   1 "
        pdb=" CA  TRP A   1 "
        pdb=" HA  TRP A   1 "
      ideal   model   delta    sigma   weight residual
     109.00  112.40   -3.40 3.00e+00 1.11e-01 1.28e+00
  ... (remaining 64 not shown)

  Histogram of dihedral angle deviations from ideal:
        0.15 -    35.54: 13
       35.54 -    70.94: 0
       70.94 -   106.33: 0
      106.33 -   141.72: 0
      141.72 -   177.11: 1
  Dihedral angle restraints: 14
    sinusoidal: 3
      harmonic: 11
  Sorted by residual:
  dihedral pdb=" O   GLY A   3 "
           pdb=" C   GLY A   3 "
           pdb=" OXT GLY A   3 "
           pdb=" HXT GLY A   3 "
      ideal   model   delta  harmonic     sigma   weight residual
       0.00  177.11 -177.11     0      3.00e+01 1.11e-03 3.49e+01
  dihedral pdb=" CA  GLY A   2 "
           pdb=" C   GLY A   2 "
           pdb=" N   GLY A   3 "
           pdb=" CA  GLY A   3 "
      ideal   model   delta  harmonic     sigma   weight residual
     180.00  171.70    8.30     0      5.00e+00 4.00e-02 2.76e+00
  dihedral pdb=" OXT GLY A   3 "
           pdb=" C   GLY A   3 "
           pdb=" CA  GLY A   3 "
           pdb=" N   GLY A   3 "
      ideal   model   delta sinusoidal    sigma   weight residual
     160.00 -164.85  -35.15     2      3.00e+01 1.11e-03 1.77e+00
  ... (remaining 11 not shown)

  Histogram of chiral volume deviations from ideal:
       0.033 -    0.033: 1
       0.033 -    0.033: 0
       0.033 -    0.033: 0
       0.033 -    0.033: 0
       0.033 -    0.033: 0
  Chirality restraints: 1
  Sorted by residual:
  chirality pdb=" CA  TRP A   1 "
            pdb=" C   TRP A   1 "
            pdb=" N   TRP A   1 "
            pdb=" CB  TRP A   1 "
    both_signs  ideal   model   delta    sigma   weight residual
      False     -2.51   -2.54    0.03 2.00e-01 2.50e+01 2.74e-02

  Planarity restraints: 6
  Sorted by residual:
                                 delta    sigma   weight rms_deltas residual
  plane pdb=" CB  TRP A   1 "    0.012 2.00e-02 2.50e+03   1.52e-02 9.25e+00
        pdb=" CG  TRP A   1 "   -0.009 2.00e-02 2.50e+03
        pdb=" CD1 TRP A   1 "   -0.005 2.00e-02 2.50e+03
        pdb=" HD1 TRP A   1 "   -0.003 2.00e-02 2.50e+03
        pdb=" NE1 TRP A   1 "    0.001 2.00e-02 2.50e+03
        pdb=" HE1 TRP A   1 "    0.028 2.00e-02 2.50e+03
        pdb=" CE2 TRP A   1 "   -0.006 2.00e-02 2.50e+03
        pdb=" CZ2 TRP A   1 "   -0.021 2.00e-02 2.50e+03
        pdb=" HZ2 TRP A   1 "    0.005 2.00e-02 2.50e+03
        pdb=" CH2 TRP A   1 "    0.012 2.00e-02 2.50e+03
        pdb=" HH2 TRP A   1 "   -0.015 2.00e-02 2.50e+03
        pdb=" CZ3 TRP A   1 "   -0.011 2.00e-02 2.50e+03
        pdb=" HZ3 TRP A   1 "    0.034 2.00e-02 2.50e+03
        pdb=" CE3 TRP A   1 "    0.006 2.00e-02 2.50e+03
        pdb=" HE3 TRP A   1 "   -0.011 2.00e-02 2.50e+03
        pdb=" CD2 TRP A   1 "   -0.019 2.00e-02 2.50e+03
                                 delta    sigma   weight rms_deltas residual
  plane pdb=" O   GLY A   3 "   -0.013 2.00e-02 2.50e+03   1.30e-02 2.12e+00
        pdb=" C   GLY A   3 "    0.025 2.00e-02 2.50e+03
        pdb=" OXT GLY A   3 "   -0.001 2.00e-02 2.50e+03
        pdb=" HXT GLY A   3 "   -0.006 2.00e-02 2.50e+03
        pdb=" CA  GLY A   3 "   -0.005 2.00e-02 2.50e+03
                                 delta    sigma   weight rms_deltas residual
  plane pdb=" C   GLY A   2 "   -0.002 2.00e-02 2.50e+03   4.67e-03 2.18e-01
        pdb=" CA  GLY A   3 "   -0.002 2.00e-02 2.50e+03
        pdb=" N   GLY A   3 "    0.008 2.00e-02 2.50e+03
        pdb=" H   GLY A   3 "   -0.004 2.00e-02 2.50e+03
  ... (remaining 3 not shown)

  Histogram of nonbonded interaction distances:
        2.15 -     2.70: 37
        2.70 -     3.25: 54
        3.25 -     3.79: 58
        3.79 -     4.34: 61
        4.34 -     4.89: 76
  Nonbonded interactions: 286
  Sorted by model distance:
  nonbonded pdb=" HA2 GLY A   3 "
            pdb=" H   GLY A   3 "
     model   vdw
     2.150 1.816
  nonbonded pdb=" HB1 TRP A   1 "
            pdb=" H   GLY A   2 "
     model   vdw
     2.203 2.270
  nonbonded pdb=" HA2 GLY A   2 "
            pdb=" H   GLY A   3 "
     model   vdw
     2.205 2.270
  nonbonded pdb=" H2  TRP A   1 "
            pdb=" HB2 TRP A   1 "
     model   vdw
     2.210 2.270
  nonbonded pdb=" HA  TRP A   1 "
            pdb=" H1  TRP A   1 "
     model   vdw
     2.234 1.816
  ... (remaining 281 not shown)

  NOTE: a complete listing of the restraints can be obtained by requesting
        output of .geo file.

                   ----------xray_structure summary----------                  

Number of scattering types: 4
  Type Number    sf(0)   Gaussians
   O       4      7.97       2
   N       4      6.97       2
   C      15      5.97       2
   H      18      1.00       2
  sf(0) = scattering factor at diffraction angle 0.
Number of scatterers: 41
At special positions: 0
Unit cell: (15.338, 10.259, 14.201, 90, 90, 90)
Space group: P 1 (No. 1)

End of input processing
r_work=0.5851 r_free=0.4625
params.data_weight: 0.0
params.restraints: cctbx
rmsd(b), start:  0.0878
mc:   0 R: 0.5847 rmsd(b):  0.0006 restraint_scale:  1.0 min_steps: 53
mc:   1 R: 0.5801 rmsd(b):  0.0004 restraint_scale:  1.0 min_steps: 52
mc:   2 R: 0.5773 rmsd(b):  0.0006 restraint_scale:  1.0 min_steps: 53
mc:   3 R: 0.5791 rmsd(b):  0.0003 restraint_scale:  1.0 min_steps: 52
mc:   4 R: 0.5770 rmsd(b):  0.0005 restraint_scale:  1.0 min_steps: 55
mc:   5 R: 0.5780 rmsd(b):  0.0003 restraint_scale:  1.0 min_steps: 53
mc:   6 R: 0.5754 rmsd(b):  0.0005 restraint_scale:  1.0 min_steps: 52
mc:   7 R: 0.5758 rmsd(b):  0.0003 restraint_scale:  1.0 min_steps: 56
mc:   8 R: 0.5732 rmsd(b):  0.0006 restraint_scale:  1.0 min_steps: 54
mc:   9 R: 0.5734 rmsd(b):  0.0003 restraint_scale:  1.0 min_steps: 53
mc:  10 R: 0.5709 rmsd(b):  0.0004 restraint_scale:  1.0 min_steps: 56
mc:  11 R: 0.5708 rmsd(b):  0.0003 restraint_scale:  1.0 min_steps: 56
mc:  12 R: 0.5686 rmsd(b):  0.0004 restraint_scale:  1.0 min_steps: 55
mc:  13 R: 0.5679 rmsd(b):  0.0003 restraint_scale:  1.0 min_steps: 54
mc:  14 R: 0.5655 rmsd(b):  0.0004 restraint_scale:  1.0 min_steps: 54
mc:  15 R: 0.5647 rmsd(b):  0.0003 restraint_scale:  1.0 min_steps: 54
mc:  16 R: 0.5621 rmsd(b):  0.0004 restraint_scale:  1.0 min_steps: 53
mc:  17 R: 0.5617 rmsd(b):  0.0003 restraint_scale:  1.0 min_steps: 55
mc:  18 R: 0.5590 rmsd(b):  0.0004 restraint_scale:  1.0 min_steps: 53
mc:  19 R: 0.5588 rmsd(b):  0.0003 restraint_scale:  1.0 min_steps: 54
mc:  20 R: 0.5564 rmsd(b):  0.0004 restraint_scale:  1.0 min_steps: 53
mc:  21 R: 0.5562 rmsd(b):  0.0003 restraint_scale:  1.0 min_steps: 53
mc:  22 R: 0.5544 rmsd(b):  0.0004 restraint_scale:  1.0 min_steps: 55
mc:  23 R: 0.5543 rmsd(b):  0.0003 restraint_scale:  1.0 min_steps: 55
mc:  24 R: 0.5525 rmsd(b):  0.0003 restraint_scale:  1.0 min_steps: 54
mc:  25 R: 0.5530 rmsd(b):  0.0003 restraint_scale:  1.0 min_steps: 55
mc:  26 R: 0.5515 rmsd(b):  0.0003 restraint_scale:  1.0 min_steps: 52
mc:  27 R: 0.5520 rmsd(b):  0.0003 restraint_scale:  1.0 min_steps: 54
mc:  28 R: 0.5511 rmsd(b):  0.0003 restraint_scale:  1.0 min_steps: 52
Convergence reached, stop now.
see the result structure:  ./p26/04_results/opt_cctbx/219_WGG10-new/1.5/6.pdb
Time: 11.4215
