phenix.python
you are importing  adaptive calculator, and it does nothing. Please give it energy, force....... 

============================== Collecting inputs ==============================


                   ----------Processing X-ray data----------                   

F-obs:
  /scratch/m_zhen01/30994.lupus.uni-muenster.de/p26/02_mtz/210_WGG05-new.mtz:F-obs
Miller array info: None
Observation type: xray.amplitude
Type of data: double, size=239
Type of sigmas: None
Number of Miller indices: 239
Anomalous flag: False
Unit cell: (13.15, 12.243, 14.308, 90, 90, 90)
Space group: P 1 (No. 1)
Systematic absences: 0
Centric reflections: 0
Resolution range: 3.96517 2.5095
Completeness in resolution range: 1
Completeness with d_max=infinity: 0.766026

Number of F-obs in resolution range:                   239
Number of F-obs<0 (these reflections will be rejected): 0
Number of F-obs=0 (these reflections will be used in refinement): 0
Refinement resolution range: d_max =   3.9652
                             d_min =   2.5095

R-free flags:
  /scratch/m_zhen01/30994.lupus.uni-muenster.de/p26/02_mtz/210_WGG05-new.mtz:R-free-flags
Miller array info: /scratch/m_zhen01/30994.lupus.uni-muenster.de/p26/02_mtz/210_WGG05-new.mtz:R-free-flags
Observation type: None
Type of data: int, size=239
Type of sigmas: None
Number of Miller indices: 239
Anomalous flag: False
Unit cell: (13.15, 12.243, 14.308, 90, 90, 90)
Space group: P 1 (No. 1)
Systematic absences: 0
Centric reflections: 0
Resolution range: 3.96517 2.5095
Completeness in resolution range: 1
Completeness with d_max=infinity: 0.766026
Wavelength: 1.0000

Test (R-free flags) flag value: 1

Number of work/free reflections by resolution:
                                  work free  %free
  bin  1: 3.9652 - 3.6383 [26/26]   18    8  30.8%
  bin  2: 3.6383 - 3.3980 [27/27]   27    0   0.0%
  bin  3: 3.3980 - 3.2108 [15/15]   15    0   0.0%
  bin  4: 3.2108 - 3.0590 [27/27]   27    0   0.0%
  bin  5: 3.0590 - 2.9324 [20/20]   20    0   0.0%
  bin  6: 2.9324 - 2.8244 [23/23]   19    4  17.4%
  bin  7: 2.8244 - 2.7308 [26/26]   24    2   7.7%
  bin  8: 2.7308 - 2.6485 [20/20]   18    2  10.0%
  bin  9: 2.6485 - 2.5752 [21/21]   21    0   0.0%
  bin 10: 2.5752 - 2.5095 [34/34]   34    0   0.0%
                          overall  223   16   6.7%

                   ----------Processing PDB file(s)----------                  

  Monomer Library directory:
    "/tmp1/m_zhen01/phenix-installer-1.10.1-2155-intel-linux-2.6-x86_64-centos5/phenix-1.10.1-2155/modules/chem_data/mon_lib"
  Total number of atoms: 41
  Number of models: 1
  Model: ""
    Number of chains: 1
    Chain: "A"
      Number of atoms: 41
      Number of conformers: 1
      Conformer: ""
        Number of residues, atoms: 3, 41
          Classifications: {'peptide': 3}
          Modifications used: {'NH2NOTPRO': 1, 'COOH': 1}
          Link IDs: {'TRANS': 2}
  Time building chain proxies: 0.07, per 1000 atoms: 1.71
  Number of scatterers: 41
  At special positions: 0
  Unit cell: (13.15, 12.243, 14.308, 90, 90, 90)
  Space group: P 1 (No. 1)
  Number of sites at special positions: 0
  Number of scattering types: 4
    Type Number    sf(0)
     O       4      8.00
     N       4      7.00
     C      15      6.00
     H      18      1.00
    sf(0) = scattering factor at diffraction angle 0.

  Number of disulfides: simple=0, symmetry=0

  Automatic linking
    Parameters for automatic linking
      Linking & cutoffs
        Metal                : False - 3.50
        Amimo acid           : False - 1.90
        Carbohydrate         : True  - 1.99
        Ligands              : True  - 1.99
        Amino acid - RNA/DNA : False
      
  Number of custom bonds: simple=0, symmetry=0
  Time building additional restraints: 0.03
  Conformation dependent library (CDL) restraints added in 2.9 milliseconds
  
  Adding C-beta torsion restraints...
  Number of C-beta restraints generated:  2
  Time building geometry restraints manager: 0.04 seconds

  NOTE: a complete listing of the restraints can be obtained by requesting
        output of .geo file.

  Histogram of bond lengths:
        0.81 -     0.96: 11
        0.96 -     1.10: 7
        1.10 -     1.24: 2
        1.24 -     1.39: 10
        1.39 -     1.53: 12
  Bond restraints: 42
  Sorted by residual:
  bond pdb=" N   GLY A   3 "
       pdb=" H   GLY A   3 "
    ideal  model  delta    sigma   weight residual
    0.860  0.815  0.045 2.00e-02 2.50e+03 5.14e+00
  bond pdb=" C   TRP A   1 "
       pdb=" CA  TRP A   1 "
    ideal  model  delta    sigma   weight residual
    1.525  1.488  0.037 2.10e-02 2.27e+03 3.11e+00
  bond pdb=" C   GLY A   2 "
       pdb=" N   GLY A   3 "
    ideal  model  delta    sigma   weight residual
    1.329  1.306  0.023 1.40e-02 5.10e+03 2.68e+00
  bond pdb=" CA  GLY A   3 "
       pdb=" HA2 GLY A   3 "
    ideal  model  delta    sigma   weight residual
    0.970  1.000 -0.030 2.00e-02 2.50e+03 2.25e+00
  bond pdb=" C   TRP A   1 "
       pdb=" O   TRP A   1 "
    ideal  model  delta    sigma   weight residual
    1.231  1.261 -0.030 2.00e-02 2.50e+03 2.22e+00
  ... (remaining 37 not shown)

  Histogram of bond angle deviations from ideal:
      102.54 -   108.98: 13
      108.98 -   115.43: 20
      115.43 -   121.88: 20
      121.88 -   128.32: 14
      128.32 -   134.77: 2
  Bond angle restraints: 69
  Sorted by residual:
  angle pdb=" C   TRP A   1 "
        pdb=" N   GLY A   2 "
        pdb=" CA  GLY A   2 "
      ideal   model   delta    sigma   weight residual
     123.44  120.36    3.08 1.19e+00 7.06e-01 6.68e+00
  angle pdb=" C   GLY A   3 "
        pdb=" CA  GLY A   3 "
        pdb=" HA2 GLY A   3 "
      ideal   model   delta    sigma   weight residual
     109.00  102.54    6.46 3.00e+00 1.11e-01 4.64e+00
  angle pdb=" O   GLY A   2 "
        pdb=" C   GLY A   2 "
        pdb=" CA  GLY A   2 "
      ideal   model   delta    sigma   weight residual
     119.56  118.11    1.45 8.70e-01 1.32e+00 2.79e+00
  angle pdb=" C   GLY A   2 "
        pdb=" N   GLY A   3 "
        pdb=" CA  GLY A   3 "
      ideal   model   delta    sigma   weight residual
     121.70  124.58   -2.88 1.80e+00 3.09e-01 2.55e+00
  angle pdb=" CA  TRP A   1 "
        pdb=" N   TRP A   1 "
        pdb=" H1  TRP A   1 "
      ideal   model   delta    sigma   weight residual
     109.47  113.59   -4.12 3.00e+00 1.11e-01 1.89e+00
  ... (remaining 64 not shown)

  Histogram of dihedral angle deviations from ideal:
        0.65 -     8.77: 10
        8.77 -    16.89: 2
       16.89 -    25.02: 1
       25.02 -    33.14: 0
       33.14 -    41.26: 1
  Dihedral angle restraints: 14
    sinusoidal: 3
      harmonic: 11
  Sorted by residual:
  dihedral pdb=" CA  GLY A   2 "
           pdb=" C   GLY A   2 "
           pdb=" N   GLY A   3 "
           pdb=" CA  GLY A   3 "
      ideal   model   delta  harmonic     sigma   weight residual
    -180.00 -163.56  -16.44     0      5.00e+00 4.00e-02 1.08e+01
  dihedral pdb=" CA  TRP A   1 "
           pdb=" C   TRP A   1 "
           pdb=" N   GLY A   2 "
           pdb=" CA  GLY A   2 "
      ideal   model   delta  harmonic     sigma   weight residual
     180.00  169.27   10.73     0      5.00e+00 4.00e-02 4.61e+00
  dihedral pdb=" OXT GLY A   3 "
           pdb=" C   GLY A   3 "
           pdb=" CA  GLY A   3 "
           pdb=" N   GLY A   3 "
      ideal   model   delta sinusoidal    sigma   weight residual
     160.00 -158.74  -41.26     2      3.00e+01 1.11e-03 2.32e+00
  ... (remaining 11 not shown)

  Histogram of chiral volume deviations from ideal:
       0.062 -    0.062: 1
       0.062 -    0.062: 0
       0.062 -    0.062: 0
       0.062 -    0.062: 0
       0.062 -    0.062: 0
  Chirality restraints: 1
  Sorted by residual:
  chirality pdb=" CA  TRP A   1 "
            pdb=" C   TRP A   1 "
            pdb=" N   TRP A   1 "
            pdb=" CB  TRP A   1 "
    both_signs  ideal   model   delta    sigma   weight residual
      False     -2.51   -2.45   -0.06 2.00e-01 2.50e+01 9.50e-02

  Planarity restraints: 6
  Sorted by residual:
                                 delta    sigma   weight rms_deltas residual
  plane pdb=" CB  TRP A   1 "   -0.011 2.00e-02 2.50e+03   1.52e-02 9.19e+00
        pdb=" CG  TRP A   1 "   -0.015 2.00e-02 2.50e+03
        pdb=" CD1 TRP A   1 "    0.004 2.00e-02 2.50e+03
        pdb=" HD1 TRP A   1 "    0.003 2.00e-02 2.50e+03
        pdb=" NE1 TRP A   1 "    0.006 2.00e-02 2.50e+03
        pdb=" HE1 TRP A   1 "   -0.012 2.00e-02 2.50e+03
        pdb=" CE2 TRP A   1 "    0.004 2.00e-02 2.50e+03
        pdb=" CZ2 TRP A   1 "    0.038 2.00e-02 2.50e+03
        pdb=" HZ2 TRP A   1 "   -0.016 2.00e-02 2.50e+03
        pdb=" CH2 TRP A   1 "   -0.007 2.00e-02 2.50e+03
        pdb=" HH2 TRP A   1 "   -0.013 2.00e-02 2.50e+03
        pdb=" CZ3 TRP A   1 "   -0.017 2.00e-02 2.50e+03
        pdb=" HZ3 TRP A   1 "    0.004 2.00e-02 2.50e+03
        pdb=" CE3 TRP A   1 "    0.026 2.00e-02 2.50e+03
        pdb=" HE3 TRP A   1 "   -0.004 2.00e-02 2.50e+03
        pdb=" CD2 TRP A   1 "    0.013 2.00e-02 2.50e+03
                                 delta    sigma   weight rms_deltas residual
  plane pdb=" C   GLY A   2 "    0.028 2.00e-02 2.50e+03   1.60e-02 2.57e+00
        pdb=" O   GLY A   2 "   -0.010 2.00e-02 2.50e+03
        pdb=" CA  GLY A   2 "   -0.008 2.00e-02 2.50e+03
        pdb=" N   GLY A   3 "   -0.010 2.00e-02 2.50e+03
                                 delta    sigma   weight rms_deltas residual
  plane pdb=" C   TRP A   1 "   -0.026 2.00e-02 2.50e+03   1.53e-02 2.33e+00
        pdb=" O   TRP A   1 "    0.010 2.00e-02 2.50e+03
        pdb=" CA  TRP A   1 "    0.008 2.00e-02 2.50e+03
        pdb=" N   GLY A   2 "    0.009 2.00e-02 2.50e+03
  ... (remaining 3 not shown)

  Histogram of nonbonded interaction distances:
        2.03 -     2.60: 27
        2.60 -     3.17: 60
        3.17 -     3.74: 59
        3.74 -     4.32: 77
        4.32 -     4.89: 87
  Nonbonded interactions: 310
  Sorted by model distance:
  nonbonded pdb=" HA  TRP A   1 "
            pdb=" H2  TRP A   1 "
     model   vdw
     2.027 1.816
  nonbonded pdb=" HZ3 TRP A   1 "
            pdb=" HE3 TRP A   1 "
     model   vdw
     2.249 1.680
  nonbonded pdb=" HA  TRP A   1 "
            pdb=" HB2 TRP A   1 "
     model   vdw
     2.256 1.952
  nonbonded pdb=" HA1 GLY A   2 "
            pdb=" H   GLY A   2 "
     model   vdw
     2.257 1.816
  nonbonded pdb=" O   GLY A   3 "
            pdb=" HXT GLY A   3 "
     model   vdw
     2.275 2.056
  ... (remaining 305 not shown)

  NOTE: a complete listing of the restraints can be obtained by requesting
        output of .geo file.

                   ----------xray_structure summary----------                  

Number of scattering types: 4
  Type Number    sf(0)   Gaussians
   O       4      7.97       2
   N       4      6.97       2
   C      15      5.97       2
   H      18      1.00       2
  sf(0) = scattering factor at diffraction angle 0.
Number of scatterers: 41
At special positions: 0
Unit cell: (13.15, 12.243, 14.308, 90, 90, 90)
Space group: P 1 (No. 1)

End of input processing
r_work=0.5046 r_free=0.5301
params.data_weight: 0.0
params.restraints: qm
rmsd(b), start:  0.0894
mc:   0 R: 0.5160 rmsd(b):  0.0281 restraint_scale:  1.0 min_steps: 52
mc:   1 R: 0.5160 rmsd(b):  0.0281 restraint_scale:  1.0 min_steps: 1
Convergence reached, stop now.
see the result structure:  ./p26/04_results/opt_qm/210_WGG05-new/0.9/3.pdb
Time: 66.3392
