phenix.python
you are importing  adaptive calculator, and it does nothing. Please give it energy, force....... 

============================== Collecting inputs ==============================


                   ----------Processing X-ray data----------                   

F-obs:
  /scratch/m_zhen01/31011.lupus.uni-muenster.de/p26/02_mtz/235_GGF05-new.mtz:F-obs
Miller array info: None
Observation type: xray.amplitude
Type of data: double, size=200
Type of sigmas: None
Number of Miller indices: 200
Anomalous flag: False
Unit cell: (13.215, 13.456, 11.167, 90, 90, 90)
Space group: P 1 (No. 1)
Systematic absences: 0
Centric reflections: 0
Resolution range: 3.96989 2.52592
Completeness in resolution range: 1
Completeness with d_max=infinity: 0.746269

Number of F-obs in resolution range:                   200
Number of F-obs<0 (these reflections will be rejected): 0
Number of F-obs=0 (these reflections will be used in refinement): 0
Refinement resolution range: d_max =   3.9699
                             d_min =   2.5259

R-free flags:
  /scratch/m_zhen01/31011.lupus.uni-muenster.de/p26/02_mtz/235_GGF05-new.mtz:R-free-flags
Miller array info: /scratch/m_zhen01/31011.lupus.uni-muenster.de/p26/02_mtz/235_GGF05-new.mtz:R-free-flags
Observation type: None
Type of data: int, size=200
Type of sigmas: None
Number of Miller indices: 200
Anomalous flag: False
Unit cell: (13.215, 13.456, 11.167, 90, 90, 90)
Space group: P 1 (No. 1)
Systematic absences: 0
Centric reflections: 0
Resolution range: 3.96989 2.52592
Completeness in resolution range: 1
Completeness with d_max=infinity: 0.746269
Wavelength: 1.0000

Test (R-free flags) flag value: 1

Number of work/free reflections by resolution:
                                  work free  %free
  bin  1: 3.9699 - 3.6485 [13/13]   13    0   0.0%
  bin  2: 3.6485 - 3.4110 [24/24]   24    0   0.0%
  bin  3: 3.4110 - 3.2254 [16/16]   16    0   0.0%
  bin  4: 3.2254 - 3.0745 [32/32]   24    8  25.0%
  bin  5: 3.0745 - 2.9484 [ 8/8 ]    8    0   0.0%
  bin  6: 2.9484 - 2.8407 [20/20]   20    0   0.0%
  bin  7: 2.8407 - 2.7472 [17/17]   17    0   0.0%
  bin  8: 2.7472 - 2.6649 [15/15]   15    0   0.0%
  bin  9: 2.6649 - 2.5917 [29/29]   25    4  13.8%
  bin 10: 2.5917 - 2.5259 [26/26]   26    0   0.0%
                          overall  188   12   6.0%

                   ----------Processing PDB file(s)----------                  

  Monomer Library directory:
    "/tmp1/m_zhen01/phenix-installer-1.10.1-2155-intel-linux-2.6-x86_64-centos5/phenix-1.10.1-2155/modules/chem_data/mon_lib"
  Total number of atoms: 37
  Number of models: 1
  Model: ""
    Number of chains: 1
    Chain: "A"
      Number of atoms: 37
      Number of conformers: 1
      Conformer: ""
        Number of residues, atoms: 3, 37
          Classifications: {'peptide': 3}
          Modifications used: {'NH2NOTPRO': 1, 'COOH': 1}
          Link IDs: {'TRANS': 2}
  Time building chain proxies: 0.07, per 1000 atoms: 1.89
  Number of scatterers: 37
  At special positions: 0
  Unit cell: (13.215, 13.456, 11.167, 90, 90, 90)
  Space group: P 1 (No. 1)
  Number of sites at special positions: 0
  Number of scattering types: 4
    Type Number    sf(0)
     O       4      8.00
     N       3      7.00
     C      13      6.00
     H      17      1.00
    sf(0) = scattering factor at diffraction angle 0.

  Number of disulfides: simple=0, symmetry=0

  Automatic linking
    Parameters for automatic linking
      Linking & cutoffs
        Metal                : False - 3.50
        Amimo acid           : False - 1.90
        Carbohydrate         : True  - 1.99
        Ligands              : True  - 1.99
        Amino acid - RNA/DNA : False
      
  Number of custom bonds: simple=0, symmetry=0
  Time building additional restraints: 0.02
  Conformation dependent library (CDL) restraints added in 2.9 milliseconds
  
  Adding C-beta torsion restraints...
  Number of C-beta restraints generated:  2
  Time building geometry restraints manager: 0.03 seconds

  NOTE: a complete listing of the restraints can be obtained by requesting
        output of .geo file.

  Histogram of bond lengths:
        0.82 -     0.96: 11
        0.96 -     1.10: 6
        1.10 -     1.25: 3
        1.25 -     1.39: 6
        1.39 -     1.53: 11
  Bond restraints: 37
  Sorted by residual:
  bond pdb=" C   GLY A   1 "
       pdb=" CA  GLY A   1 "
    ideal  model  delta    sigma   weight residual
    1.516  1.472  0.044 1.80e-02 3.09e+03 6.10e+00
  bond pdb=" CA  GLY A   2 "
       pdb=" N   GLY A   2 "
    ideal  model  delta    sigma   weight residual
    1.447  1.479 -0.032 1.53e-02 4.27e+03 4.30e+00
  bond pdb=" N   PHE A   3 "
       pdb=" H   PHE A   3 "
    ideal  model  delta    sigma   weight residual
    0.860  0.820  0.040 2.00e-02 2.50e+03 4.09e+00
  bond pdb=" N   GLY A   2 "
       pdb=" H   GLY A   2 "
    ideal  model  delta    sigma   weight residual
    0.860  0.900 -0.040 2.00e-02 2.50e+03 4.03e+00
  bond pdb=" CE2 PHE A   3 "
       pdb=" HE2 PHE A   3 "
    ideal  model  delta    sigma   weight residual
    0.930  0.893  0.037 2.00e-02 2.50e+03 3.35e+00
  ... (remaining 32 not shown)

  Histogram of bond angle deviations from ideal:
       99.22 -   104.39: 2
      104.39 -   109.56: 12
      109.56 -   114.73: 13
      114.73 -   119.89: 13
      119.89 -   125.06: 20
  Bond angle restraints: 60
  Sorted by residual:
  angle pdb=" C   GLY A   1 "
        pdb=" CA  GLY A   1 "
        pdb=" HA2 GLY A   1 "
      ideal   model   delta    sigma   weight residual
     109.00   99.22    9.78 3.00e+00 1.11e-01 1.06e+01
  angle pdb=" HA1 GLY A   1 "
        pdb=" CA  GLY A   1 "
        pdb=" N   GLY A   1 "
      ideal   model   delta    sigma   weight residual
     110.00  116.73   -6.73 3.00e+00 1.11e-01 5.03e+00
  angle pdb=" HA2 GLY A   2 "
        pdb=" CA  GLY A   2 "
        pdb=" N   GLY A   2 "
      ideal   model   delta    sigma   weight residual
     110.00  103.85    6.15 3.00e+00 1.11e-01 4.20e+00
  angle pdb=" CD1 PHE A   3 "
        pdb=" CG  PHE A   3 "
        pdb=" CD2 PHE A   3 "
      ideal   model   delta    sigma   weight residual
     118.60  121.40   -2.80 1.50e+00 4.44e-01 3.48e+00
  angle pdb=" CA  GLY A   1 "
        pdb=" N   GLY A   1 "
        pdb=" H1  GLY A   1 "
      ideal   model   delta    sigma   weight residual
     109.47  114.70   -5.23 3.00e+00 1.11e-01 3.04e+00
  ... (remaining 55 not shown)

  Histogram of dihedral angle deviations from ideal:
        0.46 -     3.82: 8
        3.82 -     7.17: 3
        7.17 -    10.53: 0
       10.53 -    13.89: 1
       13.89 -    17.24: 1
  Dihedral angle restraints: 13
    sinusoidal: 3
      harmonic: 10
  Sorted by residual:
  dihedral pdb=" CA  GLY A   1 "
           pdb=" C   GLY A   1 "
           pdb=" N   GLY A   2 "
           pdb=" CA  GLY A   2 "
      ideal   model   delta  harmonic     sigma   weight residual
     180.00  162.76   17.24     0      5.00e+00 4.00e-02 1.19e+01
  dihedral pdb=" CA  GLY A   2 "
           pdb=" C   GLY A   2 "
           pdb=" N   PHE A   3 "
           pdb=" CA  PHE A   3 "
      ideal   model   delta  harmonic     sigma   weight residual
     180.00  174.85    5.15     0      5.00e+00 4.00e-02 1.06e+00
  dihedral pdb=" CA  PHE A   3 "
           pdb=" CB  PHE A   3 "
           pdb=" CG  PHE A   3 "
           pdb=" CD1 PHE A   3 "
      ideal   model   delta sinusoidal    sigma   weight residual
     -90.00 -102.73   12.73     2      2.00e+01 2.50e-03 5.83e-01
  ... (remaining 10 not shown)

  Histogram of chiral volume deviations from ideal:
       0.123 -    0.123: 1
       0.123 -    0.123: 0
       0.123 -    0.123: 0
       0.123 -    0.123: 0
       0.123 -    0.123: 0
  Chirality restraints: 1
  Sorted by residual:
  chirality pdb=" CA  PHE A   3 "
            pdb=" C   PHE A   3 "
            pdb=" N   PHE A   3 "
            pdb=" CB  PHE A   3 "
    both_signs  ideal   model   delta    sigma   weight residual
      False     -2.51   -2.39   -0.12 2.00e-01 2.50e+01 3.80e-01

  Planarity restraints: 6
  Sorted by residual:
                                 delta    sigma   weight rms_deltas residual
  plane pdb=" C   GLY A   1 "    0.015 2.00e-02 2.50e+03   2.79e-02 7.78e+00
        pdb=" CA  GLY A   2 "    0.012 2.00e-02 2.50e+03
        pdb=" N   GLY A   2 "   -0.048 2.00e-02 2.50e+03
        pdb=" H   GLY A   2 "    0.021 2.00e-02 2.50e+03
                                 delta    sigma   weight rms_deltas residual
  plane pdb=" CB  PHE A   3 "   -0.007 2.00e-02 2.50e+03   6.32e-03 1.20e+00
        pdb=" CG  PHE A   3 "    0.014 2.00e-02 2.50e+03
        pdb=" CD1 PHE A   3 "    0.000 2.00e-02 2.50e+03
        pdb=" HD1 PHE A   3 "    0.002 2.00e-02 2.50e+03
        pdb=" CE1 PHE A   3 "   -0.005 2.00e-02 2.50e+03
        pdb=" HE1 PHE A   3 "   -0.006 2.00e-02 2.50e+03
        pdb=" CZ  PHE A   3 "    0.012 2.00e-02 2.50e+03
        pdb=" HZ  PHE A   3 "   -0.003 2.00e-02 2.50e+03
        pdb=" CE2 PHE A   3 "    0.001 2.00e-02 2.50e+03
        pdb=" HE2 PHE A   3 "   -0.003 2.00e-02 2.50e+03
        pdb=" CD2 PHE A   3 "   -0.004 2.00e-02 2.50e+03
        pdb=" HD2 PHE A   3 "   -0.002 2.00e-02 2.50e+03
                                 delta    sigma   weight rms_deltas residual
  plane pdb=" O   PHE A   3 "   -0.004 2.00e-02 2.50e+03   4.95e-03 3.06e-01
        pdb=" C   PHE A   3 "    0.010 2.00e-02 2.50e+03
        pdb=" OXT PHE A   3 "   -0.003 2.00e-02 2.50e+03
        pdb=" HXT PHE A   3 "   -0.000 2.00e-02 2.50e+03
        pdb=" CA  PHE A   3 "   -0.003 2.00e-02 2.50e+03
  ... (remaining 3 not shown)

  Histogram of nonbonded interaction distances:
        2.17 -     2.71: 37
        2.71 -     3.26: 59
        3.26 -     3.81: 56
        3.81 -     4.35: 56
        4.35 -     4.90: 74
  Nonbonded interactions: 282
  Sorted by model distance:
  nonbonded pdb=" HA1 GLY A   2 "
            pdb=" H   GLY A   2 "
     model   vdw
     2.169 1.816
  nonbonded pdb=" HB2 PHE A   3 "
            pdb=" HD1 PHE A   3 "
     model   vdw
     2.236 2.270
  nonbonded pdb=" HE1 PHE A   3 "
            pdb=" HZ  PHE A   3 "
     model   vdw
     2.242 1.680
  nonbonded pdb=" HA  PHE A   3 "
            pdb=" HB2 PHE A   3 "
     model   vdw
     2.252 1.952
  nonbonded pdb=" O   PHE A   3 "
            pdb=" HXT PHE A   3 "
     model   vdw
     2.256 2.056
  ... (remaining 277 not shown)

  NOTE: a complete listing of the restraints can be obtained by requesting
        output of .geo file.

                   ----------xray_structure summary----------                  

Number of scattering types: 4
  Type Number    sf(0)   Gaussians
   O       4      7.97       2
   N       3      6.97       2
   C      13      5.97       2
   H      17      1.00       2
  sf(0) = scattering factor at diffraction angle 0.
Number of scatterers: 37
At special positions: 0
Unit cell: (13.215, 13.456, 11.167, 90, 90, 90)
Space group: P 1 (No. 1)

End of input processing
r_work=0.3312 r_free=0.2824
params.data_weight: None
params.restraints: qm
rmsd(b), start:  0.0923
mc:   0 R: 0.0570 rmsd(b):  0.0484 restraint_scale:  2.0 min_steps: 58
mc:   1 R: 0.0114 rmsd(b):  0.0366 restraint_scale:  4.0 min_steps: 32
mc:   2 R: 0.0061 rmsd(b):  0.0322 restraint_scale:  8.0 min_steps: 22
mc:   3 R: 0.0059 rmsd(b):  0.0326 restraint_scale: 16.0 min_steps: 23
Convergence reached, stop now.
see the result structure:  ./p26/04_results/refine_qm/235_GGF05-new/0.6/2.pdb
Time: 187.1762
