phenix.python
you are importing  adaptive calculator, and it does nothing. Please give it energy, force....... 

============================== Collecting inputs ==============================


                   ----------Processing X-ray data----------                   

F-obs:
  /scratch/m_zhen01/30994.lupus.uni-muenster.de/p26/02_mtz/193_WG06-new.mtz:F-obs
Miller array info: None
Observation type: xray.amplitude
Type of data: double, size=198
Type of sigmas: None
Number of Miller indices: 198
Anomalous flag: False
Unit cell: (14.078, 12.868, 10.869, 90, 90, 90)
Space group: P 1 (No. 1)
Systematic absences: 0
Centric reflections: 0
Resolution range: 3.98988 2.50317
Completeness in resolution range: 1
Completeness with d_max=infinity: 0.75

Number of F-obs in resolution range:                   198
Number of F-obs<0 (these reflections will be rejected): 0
Number of F-obs=0 (these reflections will be used in refinement): 0
Refinement resolution range: d_max =   3.9899
                             d_min =   2.5032

R-free flags:
  /scratch/m_zhen01/30994.lupus.uni-muenster.de/p26/02_mtz/193_WG06-new.mtz:R-free-flags
Miller array info: /scratch/m_zhen01/30994.lupus.uni-muenster.de/p26/02_mtz/193_WG06-new.mtz:R-free-flags
Observation type: None
Type of data: int, size=198
Type of sigmas: None
Number of Miller indices: 198
Anomalous flag: False
Unit cell: (14.078, 12.868, 10.869, 90, 90, 90)
Space group: P 1 (No. 1)
Systematic absences: 0
Centric reflections: 0
Resolution range: 3.98988 2.50317
Completeness in resolution range: 1
Completeness with d_max=infinity: 0.75
Wavelength: 1.0000

Test (R-free flags) flag value: 1

Number of work/free reflections by resolution:
                                  work free  %free
  bin  1: 3.9899 - 3.6511 [14/14]   12    2  14.3%
  bin  2: 3.6511 - 3.4043 [24/24]   24    0   0.0%
  bin  3: 3.4043 - 3.2130 [21/21]   21    0   0.0%
  bin  4: 3.2130 - 3.0586 [22/22]   20    2   9.1%
  bin  5: 3.0586 - 2.9301 [18/18]   18    0   0.0%
  bin  6: 2.9301 - 2.8208 [16/16]   16    0   0.0%
  bin  7: 2.8208 - 2.7262 [15/15]   15    0   0.0%
  bin  8: 2.7262 - 2.6431 [27/27]   23    4  14.8%
  bin  9: 2.6431 - 2.5694 [27/27]   27    0   0.0%
  bin 10: 2.5694 - 2.5032 [14/14]   14    0   0.0%
                          overall  190    8   4.0%

                   ----------Processing PDB file(s)----------                  

  Monomer Library directory:
    "/tmp1/m_zhen01/phenix-installer-1.10.1-2155-intel-linux-2.6-x86_64-centos5/phenix-1.10.1-2155/modules/chem_data/mon_lib"
  Total number of atoms: 34
  Number of models: 1
  Model: ""
    Number of chains: 1
    Chain: "A"
      Number of atoms: 34
      Number of conformers: 1
      Conformer: ""
        Number of residues, atoms: 2, 34
          Classifications: {'peptide': 2}
          Modifications used: {'NH2NOTPRO': 1, 'COOH': 1}
          Link IDs: {'TRANS': 1}
  Time building chain proxies: 0.07, per 1000 atoms: 2.06
  Number of scatterers: 34
  At special positions: 0
  Unit cell: (14.078, 12.868, 10.869, 90, 90, 90)
  Space group: P 1 (No. 1)
  Number of sites at special positions: 0
  Number of scattering types: 4
    Type Number    sf(0)
     O       3      8.00
     N       3      7.00
     C      13      6.00
     H      15      1.00
    sf(0) = scattering factor at diffraction angle 0.

  Number of disulfides: simple=0, symmetry=0

  Automatic linking
    Parameters for automatic linking
      Linking & cutoffs
        Metal                : False - 3.50
        Amimo acid           : False - 1.90
        Carbohydrate         : True  - 1.99
        Ligands              : True  - 1.99
        Amino acid - RNA/DNA : False
      
  Number of custom bonds: simple=0, symmetry=0
  Time building additional restraints: 0.02
  Conformation dependent library (CDL) restraints added in 505.0 microseconds
  
  Adding C-beta torsion restraints...
  Number of C-beta restraints generated:  2
  Time building geometry restraints manager: 0.03 seconds

  NOTE: a complete listing of the restraints can be obtained by requesting
        output of .geo file.

  Histogram of bond lengths:
        0.86 -     1.00: 15
        1.00 -     1.13: 0
        1.13 -     1.27: 2
        1.27 -     1.40: 9
        1.40 -     1.54: 9
  Bond restraints: 35
  Sorted by residual:
  bond pdb=" CD1 TRP A   1 "
       pdb=" HD1 TRP A   1 "
    ideal  model  delta    sigma   weight residual
    0.930  0.964 -0.034 2.00e-02 2.50e+03 2.88e+00
  bond pdb=" NE1 TRP A   1 "
       pdb=" HE1 TRP A   1 "
    ideal  model  delta    sigma   weight residual
    0.860  0.893 -0.033 2.00e-02 2.50e+03 2.67e+00
  bond pdb=" C   GLY A   2 "
       pdb=" OXT GLY A   2 "
    ideal  model  delta    sigma   weight residual
    1.330  1.359 -0.029 2.00e-02 2.50e+03 2.12e+00
  bond pdb=" CA  GLY A   2 "
       pdb=" N   GLY A   2 "
    ideal  model  delta    sigma   weight residual
    1.451  1.428  0.023 1.60e-02 3.91e+03 2.11e+00
  bond pdb=" CE3 TRP A   1 "
       pdb=" HE3 TRP A   1 "
    ideal  model  delta    sigma   weight residual
    0.930  0.955 -0.025 2.00e-02 2.50e+03 1.62e+00
  ... (remaining 30 not shown)

  Histogram of bond angle deviations from ideal:
      103.62 -   109.74: 14
      109.74 -   115.86: 14
      115.86 -   121.98: 16
      121.98 -   128.11: 11
      128.11 -   134.23: 2
  Bond angle restraints: 57
  Sorted by residual:
  angle pdb=" CA  TRP A   1 "
        pdb=" N   TRP A   1 "
        pdb=" H1  TRP A   1 "
      ideal   model   delta    sigma   weight residual
     109.47  104.09    5.38 3.00e+00 1.11e-01 3.21e+00
  angle pdb=" O   TRP A   1 "
        pdb=" C   TRP A   1 "
        pdb=" N   GLY A   2 "
      ideal   model   delta    sigma   weight residual
     123.00  125.62   -2.62 1.60e+00 3.91e-01 2.67e+00
  angle pdb=" HB1 TRP A   1 "
        pdb=" CB  TRP A   1 "
        pdb=" CG  TRP A   1 "
      ideal   model   delta    sigma   weight residual
     108.00  103.62    4.38 3.00e+00 1.11e-01 2.13e+00
  angle pdb=" CA  TRP A   1 "
        pdb=" C   TRP A   1 "
        pdb=" N   GLY A   2 "
      ideal   model   delta    sigma   weight residual
     116.20  113.57    2.63 2.00e+00 2.50e-01 1.73e+00
  angle pdb=" C   GLY A   2 "
        pdb=" CA  GLY A   2 "
        pdb=" N   GLY A   2 "
      ideal   model   delta    sigma   weight residual
     113.30  109.89    3.41 2.90e+00 1.19e-01 1.38e+00
  ... (remaining 52 not shown)

  Histogram of dihedral angle deviations from ideal:
        0.60 -    36.34: 12
       36.34 -    72.08: 0
       72.08 -   107.82: 0
      107.82 -   143.57: 0
      143.57 -   179.31: 1
  Dihedral angle restraints: 13
    sinusoidal: 3
      harmonic: 10
  Sorted by residual:
  dihedral pdb=" O   GLY A   2 "
           pdb=" C   GLY A   2 "
           pdb=" OXT GLY A   2 "
           pdb=" HXT GLY A   2 "
      ideal   model   delta  harmonic     sigma   weight residual
       0.00  179.31 -179.31     0      3.00e+01 1.11e-03 3.57e+01
  dihedral pdb=" CA  TRP A   1 "
           pdb=" C   TRP A   1 "
           pdb=" N   GLY A   2 "
           pdb=" CA  GLY A   2 "
      ideal   model   delta  harmonic     sigma   weight residual
    -180.00 -172.84   -7.16     0      5.00e+00 4.00e-02 2.05e+00
  dihedral pdb=" OXT GLY A   2 "
           pdb=" C   GLY A   2 "
           pdb=" CA  GLY A   2 "
           pdb=" N   GLY A   2 "
      ideal   model   delta sinusoidal    sigma   weight residual
     160.00 -164.48  -35.52     2      3.00e+01 1.11e-03 1.80e+00
  ... (remaining 10 not shown)

  Histogram of chiral volume deviations from ideal:
       0.085 -    0.085: 1
       0.085 -    0.085: 0
       0.085 -    0.085: 0
       0.085 -    0.085: 0
       0.085 -    0.085: 0
  Chirality restraints: 1
  Sorted by residual:
  chirality pdb=" CA  TRP A   1 "
            pdb=" C   TRP A   1 "
            pdb=" N   TRP A   1 "
            pdb=" CB  TRP A   1 "
    both_signs  ideal   model   delta    sigma   weight residual
      False     -2.51   -2.60    0.09 2.00e-01 2.50e+01 1.83e-01

  Planarity restraints: 4
  Sorted by residual:
                                 delta    sigma   weight rms_deltas residual
  plane pdb=" CB  TRP A   1 "   -0.035 2.00e-02 2.50e+03   1.91e-02 1.46e+01
        pdb=" CG  TRP A   1 "    0.015 2.00e-02 2.50e+03
        pdb=" CD1 TRP A   1 "    0.016 2.00e-02 2.50e+03
        pdb=" HD1 TRP A   1 "    0.009 2.00e-02 2.50e+03
        pdb=" NE1 TRP A   1 "   -0.036 2.00e-02 2.50e+03
        pdb=" HE1 TRP A   1 "    0.006 2.00e-02 2.50e+03
        pdb=" CE2 TRP A   1 "   -0.018 2.00e-02 2.50e+03
        pdb=" CZ2 TRP A   1 "    0.010 2.00e-02 2.50e+03
        pdb=" HZ2 TRP A   1 "   -0.004 2.00e-02 2.50e+03
        pdb=" CH2 TRP A   1 "    0.002 2.00e-02 2.50e+03
        pdb=" HH2 TRP A   1 "   -0.006 2.00e-02 2.50e+03
        pdb=" CZ3 TRP A   1 "    0.003 2.00e-02 2.50e+03
        pdb=" HZ3 TRP A   1 "   -0.014 2.00e-02 2.50e+03
        pdb=" CE3 TRP A   1 "    0.028 2.00e-02 2.50e+03
        pdb=" HE3 TRP A   1 "   -0.009 2.00e-02 2.50e+03
        pdb=" CD2 TRP A   1 "    0.035 2.00e-02 2.50e+03
                                 delta    sigma   weight rms_deltas residual
  plane pdb=" O   GLY A   2 "   -0.006 2.00e-02 2.50e+03   1.50e-02 2.81e+00
        pdb=" C   GLY A   2 "    0.026 2.00e-02 2.50e+03
        pdb=" OXT GLY A   2 "   -0.017 2.00e-02 2.50e+03
        pdb=" HXT GLY A   2 "    0.007 2.00e-02 2.50e+03
        pdb=" CA  GLY A   2 "   -0.010 2.00e-02 2.50e+03
                                 delta    sigma   weight rms_deltas residual
  plane pdb=" C   TRP A   1 "   -0.019 2.00e-02 2.50e+03   1.09e-02 1.18e+00
        pdb=" O   TRP A   1 "    0.007 2.00e-02 2.50e+03
        pdb=" CA  TRP A   1 "    0.005 2.00e-02 2.50e+03
        pdb=" N   GLY A   2 "    0.006 2.00e-02 2.50e+03
  ... (remaining 1 not shown)

  Histogram of nonbonded interaction distances:
        2.22 -     2.75: 34
        2.75 -     3.29: 42
        3.29 -     3.82: 43
        3.82 -     4.35: 40
        4.35 -     4.88: 62
  Nonbonded interactions: 221
  Sorted by model distance:
  nonbonded pdb=" HA  TRP A   1 "
            pdb=" H   GLY A   2 "
     model   vdw
     2.223 2.270
  nonbonded pdb=" H1  TRP A   1 "
            pdb=" HB1 TRP A   1 "
     model   vdw
     2.230 2.270
  nonbonded pdb=" HA2 GLY A   2 "
            pdb=" H   GLY A   2 "
     model   vdw
     2.238 1.816
  nonbonded pdb=" HZ2 TRP A   1 "
            pdb=" HH2 TRP A   1 "
     model   vdw
     2.289 1.680
  nonbonded pdb=" H1  TRP A   1 "
            pdb=" CB  TRP A   1 "
     model   vdw
     2.300 2.376
  ... (remaining 216 not shown)

  NOTE: a complete listing of the restraints can be obtained by requesting
        output of .geo file.

                   ----------xray_structure summary----------                  

Number of scattering types: 4
  Type Number    sf(0)   Gaussians
   O       3      7.97       2
   N       3      6.97       2
   C      13      5.97       2
   H      15      1.00       2
  sf(0) = scattering factor at diffraction angle 0.
Number of scatterers: 34
At special positions: 0
Unit cell: (14.078, 12.868, 10.869, 90, 90, 90)
Space group: P 1 (No. 1)

End of input processing
r_work=0.5618 r_free=0.6302
params.data_weight: 0.0
params.restraints: qm
rmsd(b), start:  0.0789
mc:   0 R: 0.5468 rmsd(b):  0.0281 restraint_scale:  1.0 min_steps: 52
mc:   1 R: 0.5421 rmsd(b):  0.0283 restraint_scale:  1.0 min_steps: 56
mc:   2 R: 0.5381 rmsd(b):  0.0281 restraint_scale:  1.0 min_steps: 38
mc:   3 R: 0.5380 rmsd(b):  0.0281 restraint_scale:  1.0 min_steps: 5
Convergence reached, stop now.
see the result structure:  ./p26/04_results/opt_qm/193_WG06-new/1.2/1.pdb
Time: 163.0919
