phenix.python
you are importing  adaptive calculator, and it does nothing. Please give it energy, force....... 

============================== Collecting inputs ==============================


                   ----------Processing X-ray data----------                   

F-obs:
  /scratch/m_zhen01/30994.lupus.uni-muenster.de/p26/02_mtz/261_FGG444-new.mtz:F-obs
Miller array info: None
Observation type: xray.amplitude
Type of data: double, size=188
Type of sigmas: None
Number of Miller indices: 188
Anomalous flag: False
Unit cell: (14.405, 13.122, 10.023, 90, 90, 90)
Space group: P 1 (No. 1)
Systematic absences: 0
Centric reflections: 0
Resolution range: 3.9826 2.50028
Completeness in resolution range: 1
Completeness with d_max=infinity: 0.752

Number of F-obs in resolution range:                   188
Number of F-obs<0 (these reflections will be rejected): 0
Number of F-obs=0 (these reflections will be used in refinement): 0
Refinement resolution range: d_max =   3.9826
                             d_min =   2.5003

R-free flags:
  /scratch/m_zhen01/30994.lupus.uni-muenster.de/p26/02_mtz/261_FGG444-new.mtz:R-free-flags
Miller array info: /scratch/m_zhen01/30994.lupus.uni-muenster.de/p26/02_mtz/261_FGG444-new.mtz:R-free-flags
Observation type: None
Type of data: int, size=188
Type of sigmas: None
Number of Miller indices: 188
Anomalous flag: False
Unit cell: (14.405, 13.122, 10.023, 90, 90, 90)
Space group: P 1 (No. 1)
Systematic absences: 0
Centric reflections: 0
Resolution range: 3.9826 2.50028
Completeness in resolution range: 1
Completeness with d_max=infinity: 0.752
Wavelength: 1.0000

Test (R-free flags) flag value: 1

Number of work/free reflections by resolution:
                                  work free  %free
  bin  1: 3.9826 - 3.6452 [18/18]   12    6  33.3%
  bin  2: 3.6452 - 3.3992 [17/17]   17    0   0.0%
  bin  3: 3.3992 - 3.2085 [24/24]   24    0   0.0%
  bin  4: 3.2085 - 3.0545 [18/18]   18    0   0.0%
  bin  5: 3.0545 - 2.9263 [22/22]   20    2   9.1%
  bin  6: 2.9263 - 2.8173 [15/15]   15    0   0.0%
  bin  7: 2.8173 - 2.7229 [14/14]   14    0   0.0%
  bin  8: 2.7229 - 2.6400 [28/28]   28    0   0.0%
  bin  9: 2.6400 - 2.5663 [13/13]   13    0   0.0%
  bin 10: 2.5663 - 2.5003 [19/19]   15    4  21.1%
                          overall  176   12   6.4%

                   ----------Processing PDB file(s)----------                  

  Monomer Library directory:
    "/tmp1/m_zhen01/phenix-installer-1.10.1-2155-intel-linux-2.6-x86_64-centos5/phenix-1.10.1-2155/modules/chem_data/mon_lib"
  Total number of atoms: 37
  Number of models: 1
  Model: ""
    Number of chains: 1
    Chain: "A"
      Number of atoms: 37
      Number of conformers: 1
      Conformer: ""
        Number of residues, atoms: 3, 37
          Classifications: {'peptide': 3}
          Modifications used: {'NH2NOTPRO': 1, 'COOH': 1}
          Link IDs: {'TRANS': 2}
  Time building chain proxies: 0.07, per 1000 atoms: 1.89
  Number of scatterers: 37
  At special positions: 0
  Unit cell: (14.405, 13.122, 10.023, 90, 90, 90)
  Space group: P 1 (No. 1)
  Number of sites at special positions: 0
  Number of scattering types: 4
    Type Number    sf(0)
     O       4      8.00
     N       3      7.00
     C      13      6.00
     H      17      1.00
    sf(0) = scattering factor at diffraction angle 0.

  Number of disulfides: simple=0, symmetry=0

  Automatic linking
    Parameters for automatic linking
      Linking & cutoffs
        Metal                : False - 3.50
        Amimo acid           : False - 1.90
        Carbohydrate         : True  - 1.99
        Ligands              : True  - 1.99
        Amino acid - RNA/DNA : False
      
  Number of custom bonds: simple=0, symmetry=0
  Time building additional restraints: 0.02
  Conformation dependent library (CDL) restraints added in 3.0 milliseconds
  
  Adding C-beta torsion restraints...
  Number of C-beta restraints generated:  2
  Time building geometry restraints manager: 0.03 seconds

  NOTE: a complete listing of the restraints can be obtained by requesting
        output of .geo file.

  Histogram of bond lengths:
        0.82 -     0.97: 10
        0.97 -     1.11: 7
        1.11 -     1.25: 3
        1.25 -     1.40: 9
        1.40 -     1.54: 8
  Bond restraints: 37
  Sorted by residual:
  bond pdb=" CA  PHE A   1 "
       pdb=" HA  PHE A   1 "
    ideal  model  delta    sigma   weight residual
    0.970  1.025 -0.055 2.00e-02 2.50e+03 7.58e+00
  bond pdb=" CA  GLY A   2 "
       pdb=" HA1 GLY A   2 "
    ideal  model  delta    sigma   weight residual
    0.970  1.011 -0.041 2.00e-02 2.50e+03 4.14e+00
  bond pdb=" CA  GLY A   3 "
       pdb=" N   GLY A   3 "
    ideal  model  delta    sigma   weight residual
    1.451  1.483 -0.032 1.60e-02 3.91e+03 4.07e+00
  bond pdb=" OXT GLY A   3 "
       pdb=" HXT GLY A   3 "
    ideal  model  delta    sigma   weight residual
    0.948  0.909  0.039 2.00e-02 2.50e+03 3.85e+00
  bond pdb=" N   GLY A   2 "
       pdb=" H   GLY A   2 "
    ideal  model  delta    sigma   weight residual
    0.860  0.824  0.036 2.00e-02 2.50e+03 3.29e+00
  ... (remaining 32 not shown)

  Histogram of bond angle deviations from ideal:
      102.92 -   106.99: 6
      106.99 -   111.06: 14
      111.06 -   115.14: 4
      115.14 -   119.21: 12
      119.21 -   123.28: 24
  Bond angle restraints: 60
  Sorted by residual:
  angle pdb=" N   PHE A   1 "
        pdb=" CA  PHE A   1 "
        pdb=" HA  PHE A   1 "
      ideal   model   delta    sigma   weight residual
     110.00  102.92    7.08 3.00e+00 1.11e-01 5.57e+00
  angle pdb=" H1  PHE A   1 "
        pdb=" N   PHE A   1 "
        pdb=" H2  PHE A   1 "
      ideal   model   delta    sigma   weight residual
     109.47  115.50   -6.03 3.00e+00 1.11e-01 4.04e+00
  angle pdb=" CA  GLY A   2 "
        pdb=" C   GLY A   2 "
        pdb=" N   GLY A   3 "
      ideal   model   delta    sigma   weight residual
     116.69  120.45   -3.76 2.04e+00 2.40e-01 3.40e+00
  angle pdb=" CA  GLY A   2 "
        pdb=" N   GLY A   2 "
        pdb=" H   GLY A   2 "
      ideal   model   delta    sigma   weight residual
     114.00  119.46   -5.46 3.00e+00 1.11e-01 3.31e+00
  angle pdb=" O   GLY A   2 "
        pdb=" C   GLY A   2 "
        pdb=" CA  GLY A   2 "
      ideal   model   delta    sigma   weight residual
     120.57  117.51    3.06 1.74e+00 3.30e-01 3.09e+00
  ... (remaining 55 not shown)

  Histogram of dihedral angle deviations from ideal:
        0.19 -    36.14: 11
       36.14 -    72.10: 1
       72.10 -   108.05: 0
      108.05 -   144.00: 0
      144.00 -   179.96: 1
  Dihedral angle restraints: 13
    sinusoidal: 3
      harmonic: 10
  Sorted by residual:
  dihedral pdb=" O   GLY A   3 "
           pdb=" C   GLY A   3 "
           pdb=" OXT GLY A   3 "
           pdb=" HXT GLY A   3 "
      ideal   model   delta  harmonic     sigma   weight residual
       0.00  179.96 -179.96     0      3.00e+01 1.11e-03 3.60e+01
  dihedral pdb=" OXT GLY A   3 "
           pdb=" C   GLY A   3 "
           pdb=" CA  GLY A   3 "
           pdb=" N   GLY A   3 "
      ideal   model   delta sinusoidal    sigma   weight residual
     160.00  106.52   53.48     2      3.00e+01 1.11e-03 3.44e+00
  dihedral pdb=" CA  GLY A   2 "
           pdb=" C   GLY A   2 "
           pdb=" N   GLY A   3 "
           pdb=" CA  GLY A   3 "
      ideal   model   delta  harmonic     sigma   weight residual
     180.00  173.79    6.21     0      5.00e+00 4.00e-02 1.54e+00
  ... (remaining 10 not shown)

  Histogram of chiral volume deviations from ideal:
       0.047 -    0.047: 1
       0.047 -    0.047: 0
       0.047 -    0.047: 0
       0.047 -    0.047: 0
       0.047 -    0.047: 0
  Chirality restraints: 1
  Sorted by residual:
  chirality pdb=" CA  PHE A   1 "
            pdb=" C   PHE A   1 "
            pdb=" N   PHE A   1 "
            pdb=" CB  PHE A   1 "
    both_signs  ideal   model   delta    sigma   weight residual
      False     -2.51   -2.56    0.05 2.00e-01 2.50e+01 5.46e-02

  Planarity restraints: 6
  Sorted by residual:
                                 delta    sigma   weight rms_deltas residual
  plane pdb=" CB  PHE A   1 "   -0.014 2.00e-02 2.50e+03   1.35e-02 5.51e+00
        pdb=" CG  PHE A   1 "   -0.021 2.00e-02 2.50e+03
        pdb=" CD1 PHE A   1 "    0.002 2.00e-02 2.50e+03
        pdb=" HD1 PHE A   1 "    0.018 2.00e-02 2.50e+03
        pdb=" CE1 PHE A   1 "    0.015 2.00e-02 2.50e+03
        pdb=" HE1 PHE A   1 "   -0.011 2.00e-02 2.50e+03
        pdb=" CZ  PHE A   1 "    0.014 2.00e-02 2.50e+03
        pdb=" HZ  PHE A   1 "   -0.023 2.00e-02 2.50e+03
        pdb=" CE2 PHE A   1 "    0.002 2.00e-02 2.50e+03
        pdb=" HE2 PHE A   1 "    0.002 2.00e-02 2.50e+03
        pdb=" CD2 PHE A   1 "    0.003 2.00e-02 2.50e+03
        pdb=" HD2 PHE A   1 "    0.012 2.00e-02 2.50e+03
                                 delta    sigma   weight rms_deltas residual
  plane pdb=" C   GLY A   2 "    0.019 2.00e-02 2.50e+03   1.11e-02 1.23e+00
        pdb=" O   GLY A   2 "   -0.007 2.00e-02 2.50e+03
        pdb=" CA  GLY A   2 "   -0.006 2.00e-02 2.50e+03
        pdb=" N   GLY A   3 "   -0.007 2.00e-02 2.50e+03
                                 delta    sigma   weight rms_deltas residual
  plane pdb=" C   PHE A   1 "   -0.005 2.00e-02 2.50e+03   1.01e-02 1.02e+00
        pdb=" CA  GLY A   2 "   -0.005 2.00e-02 2.50e+03
        pdb=" N   GLY A   2 "    0.017 2.00e-02 2.50e+03
        pdb=" H   GLY A   2 "   -0.008 2.00e-02 2.50e+03
  ... (remaining 3 not shown)

  Histogram of nonbonded interaction distances:
        1.84 -     2.45: 17
        2.45 -     3.06: 55
        3.06 -     3.67: 72
        3.67 -     4.29: 64
        4.29 -     4.90: 69
  Nonbonded interactions: 277
  Sorted by model distance:
  nonbonded pdb=" H2  PHE A   1 "
            pdb=" HB2 PHE A   1 "
     model   vdw
     1.838 2.270
  nonbonded pdb=" H2  PHE A   1 "
            pdb=" HA  PHE A   1 "
     model   vdw
     1.863 1.816
  nonbonded pdb=" H2  PHE A   1 "
            pdb=" CB  PHE A   1 "
     model   vdw
     1.997 2.376
  nonbonded pdb=" H1  PHE A   1 "
            pdb=" H   GLY A   2 "
     model   vdw
     2.082 2.100
  nonbonded pdb=" H1  PHE A   1 "
            pdb=" HA  PHE A   1 "
     model   vdw
     2.084 1.816
  ... (remaining 272 not shown)

  NOTE: a complete listing of the restraints can be obtained by requesting
        output of .geo file.

                   ----------xray_structure summary----------                  

Number of scattering types: 4
  Type Number    sf(0)   Gaussians
   O       4      7.97       2
   N       3      6.97       2
   C      13      5.97       2
   H      17      1.00       2
  sf(0) = scattering factor at diffraction angle 0.
Number of scatterers: 37
At special positions: 0
Unit cell: (14.405, 13.122, 10.023, 90, 90, 90)
Space group: P 1 (No. 1)

End of input processing
r_work=0.4501 r_free=0.4102
params.data_weight: 0.0
params.restraints: qm
rmsd(b), start:  0.0890
mc:   0 R: 0.3223 rmsd(b):  0.0276 restraint_scale:  1.0 min_steps: 52
mc:   1 R: 0.2970 rmsd(b):  0.0262 restraint_scale:  1.0 min_steps: 53
mc:   2 R: 0.2690 rmsd(b):  0.0265 restraint_scale:  1.0 min_steps: 55
mc:   3 R: 0.2653 rmsd(b):  0.0265 restraint_scale:  1.0 min_steps: 27
mc:   4 R: 0.2652 rmsd(b):  0.0264 restraint_scale:  1.0 min_steps: 15
Convergence reached, stop now.
see the result structure:  ./p26/04_results/opt_qm/261_FGG444-new/0.6/5.pdb
Time: 206.8171
