phenix.python
you are importing  adaptive calculator, and it does nothing. Please give it energy, force....... 

============================== Collecting inputs ==============================


                   ----------Processing X-ray data----------                   

F-obs:
  /scratch/m_zhen01/30993.lupus.uni-muenster.de/p26/02_mtz/248_GFA01-new.mtz:F-obs
Miller array info: None
Observation type: xray.amplitude
Type of data: double, size=227
Type of sigmas: None
Number of Miller indices: 227
Anomalous flag: False
Unit cell: (9.958, 13.159, 16.81, 90, 90, 90)
Space group: P 1 (No. 1)
Systematic absences: 0
Centric reflections: 0
Resolution range: 3.97031 2.50701
Completeness in resolution range: 1
Completeness with d_max=infinity: 0.761745

Number of F-obs in resolution range:                   227
Number of F-obs<0 (these reflections will be rejected): 0
Number of F-obs=0 (these reflections will be used in refinement): 0
Refinement resolution range: d_max =   3.9703
                             d_min =   2.5070

R-free flags:
  /scratch/m_zhen01/30993.lupus.uni-muenster.de/p26/02_mtz/248_GFA01-new.mtz:R-free-flags
Miller array info: /scratch/m_zhen01/30993.lupus.uni-muenster.de/p26/02_mtz/248_GFA01-new.mtz:R-free-flags
Observation type: None
Type of data: int, size=227
Type of sigmas: None
Number of Miller indices: 227
Anomalous flag: False
Unit cell: (9.958, 13.159, 16.81, 90, 90, 90)
Space group: P 1 (No. 1)
Systematic absences: 0
Centric reflections: 0
Resolution range: 3.97031 2.50701
Completeness in resolution range: 1
Completeness with d_max=infinity: 0.761745
Wavelength: 1.0000

Test (R-free flags) flag value: 1

Number of work/free reflections by resolution:
                                  work free  %free
  bin  1: 3.9703 - 3.6405 [24/24]   22    2   8.3%
  bin  2: 3.6405 - 3.3985 [16/16]   16    0   0.0%
  bin  3: 3.3985 - 3.2103 [31/31]   27    4  12.9%
  bin  4: 3.2103 - 3.0579 [28/28]   28    0   0.0%
  bin  5: 3.0579 - 2.9308 [10/10]   10    0   0.0%
  bin  6: 2.9308 - 2.8226 [28/28]   28    0   0.0%
  bin  7: 2.8226 - 2.7287 [15/15]   15    0   0.0%
  bin  8: 2.7287 - 2.6462 [18/18]   16    2  11.1%
  bin  9: 2.6462 - 2.5728 [33/33]   29    4  12.1%
  bin 10: 2.5728 - 2.5070 [24/24]   24    0   0.0%
                          overall  215   12   5.3%

                   ----------Processing PDB file(s)----------                  

  Monomer Library directory:
    "/tmp1/m_zhen01/phenix-installer-1.10.1-2155-intel-linux-2.6-x86_64-centos5/phenix-1.10.1-2155/modules/chem_data/mon_lib"
  Total number of atoms: 40
  Number of models: 1
  Model: ""
    Number of chains: 1
    Chain: "A"
      Number of atoms: 40
      Number of conformers: 1
      Conformer: ""
        Number of residues, atoms: 3, 40
          Classifications: {'peptide': 3}
          Modifications used: {'NH2NOTPRO': 1, 'COOH': 1}
          Link IDs: {'TRANS': 2}
  Time building chain proxies: 0.10, per 1000 atoms: 2.50
  Number of scatterers: 40
  At special positions: 0
  Unit cell: (9.958, 13.159, 16.81, 90, 90, 90)
  Space group: P 1 (No. 1)
  Number of sites at special positions: 0
  Number of scattering types: 4
    Type Number    sf(0)
     O       4      8.00
     N       3      7.00
     C      14      6.00
     H      19      1.00
    sf(0) = scattering factor at diffraction angle 0.

  Number of disulfides: simple=0, symmetry=0

  Automatic linking
    Parameters for automatic linking
      Linking & cutoffs
        Metal                : False - 3.50
        Amimo acid           : False - 1.90
        Carbohydrate         : True  - 1.99
        Ligands              : True  - 1.99
        Amino acid - RNA/DNA : False
      
  Number of custom bonds: simple=0, symmetry=0
  Time building additional restraints: 0.03
  Conformation dependent library (CDL) restraints added in 3.5 milliseconds
  
  Adding C-beta torsion restraints...
  Number of C-beta restraints generated:  4
  Time building geometry restraints manager: 0.04 seconds

  NOTE: a complete listing of the restraints can be obtained by requesting
        output of .geo file.

  Histogram of bond lengths:
        0.84 -     0.98: 17
        0.98 -     1.12: 2
        1.12 -     1.26: 2
        1.26 -     1.40: 8
        1.40 -     1.55: 11
  Bond restraints: 40
  Sorted by residual:
  bond pdb=" CE2 PHE A   2 "
       pdb=" CD2 PHE A   2 "
    ideal  model  delta    sigma   weight residual
    1.382  1.477 -0.095 3.00e-02 1.11e+03 1.01e+01
  bond pdb=" CE2 PHE A   2 "
       pdb=" HE2 PHE A   2 "
    ideal  model  delta    sigma   weight residual
    0.930  0.870  0.060 2.00e-02 2.50e+03 9.05e+00
  bond pdb=" CB  ALA A   3 "
       pdb=" HB2 ALA A   3 "
    ideal  model  delta    sigma   weight residual
    0.970  0.928  0.042 2.00e-02 2.50e+03 4.32e+00
  bond pdb=" CB  PHE A   2 "
       pdb=" HB2 PHE A   2 "
    ideal  model  delta    sigma   weight residual
    0.970  0.930  0.040 2.00e-02 2.50e+03 3.96e+00
  bond pdb=" CD1 PHE A   2 "
       pdb=" CE1 PHE A   2 "
    ideal  model  delta    sigma   weight residual
    1.382  1.439 -0.057 3.00e-02 1.11e+03 3.55e+00
  ... (remaining 35 not shown)

  Histogram of bond angle deviations from ideal:
      102.45 -   107.73: 7
      107.73 -   113.02: 25
      113.02 -   118.30: 5
      118.30 -   123.58: 28
      123.58 -   128.87: 1
  Bond angle restraints: 66
  Sorted by residual:
  angle pdb=" CB  ALA A   3 "
        pdb=" CA  ALA A   3 "
        pdb=" HA  ALA A   3 "
      ideal   model   delta    sigma   weight residual
     109.00  102.45    6.55 3.00e+00 1.11e-01 4.77e+00
  angle pdb=" C   GLY A   1 "
        pdb=" CA  GLY A   1 "
        pdb=" N   GLY A   1 "
      ideal   model   delta    sigma   weight residual
     113.30  108.21    5.09 2.90e+00 1.19e-01 3.08e+00
  angle pdb=" C   PHE A   2 "
        pdb=" N   ALA A   3 "
        pdb=" H   ALA A   3 "
      ideal   model   delta    sigma   weight residual
     124.30  128.87   -4.57 3.00e+00 1.11e-01 2.32e+00
  angle pdb=" CA  GLY A   1 "
        pdb=" N   GLY A   1 "
        pdb=" H1  GLY A   1 "
      ideal   model   delta    sigma   weight residual
     109.47  114.00   -4.53 3.00e+00 1.11e-01 2.28e+00
  angle pdb=" C   ALA A   3 "
        pdb=" OXT ALA A   3 "
        pdb=" HXT ALA A   3 "
      ideal   model   delta    sigma   weight residual
     108.00  103.73    4.27 3.00e+00 1.11e-01 2.02e+00
  ... (remaining 61 not shown)

  Histogram of dihedral angle deviations from ideal:
        0.03 -     6.30: 14
        6.30 -    12.58: 1
       12.58 -    18.85: 0
       18.85 -    25.12: 0
       25.12 -    31.39: 1
  Dihedral angle restraints: 16
    sinusoidal: 4
      harmonic: 12
  Sorted by residual:
  dihedral pdb=" CA  GLY A   1 "
           pdb=" C   GLY A   1 "
           pdb=" N   PHE A   2 "
           pdb=" CA  PHE A   2 "
      ideal   model   delta  harmonic     sigma   weight residual
     180.00  167.59   12.41     0      5.00e+00 4.00e-02 6.16e+00
  dihedral pdb=" CD1 PHE A   2 "
           pdb=" CB  PHE A   2 "
           pdb=" CG  PHE A   2 "
           pdb=" CA  PHE A   2 "
      ideal   model   delta sinusoidal    sigma   weight residual
      90.00  121.39  -31.39     2      2.00e+01 2.50e-03 3.26e+00
  dihedral pdb=" C   PHE A   2 "
           pdb=" N   PHE A   2 "
           pdb=" CA  PHE A   2 "
           pdb=" CB  PHE A   2 "
      ideal   model   delta  harmonic     sigma   weight residual
    -122.60 -118.10   -4.50     0      2.50e+00 1.60e-01 3.24e+00
  ... (remaining 13 not shown)

  Histogram of chiral volume deviations from ideal:
       0.025 -    0.053: 1
       0.053 -    0.082: 0
       0.082 -    0.110: 0
       0.110 -    0.139: 0
       0.139 -    0.167: 1
  Chirality restraints: 2
  Sorted by residual:
  chirality pdb=" CA  PHE A   2 "
            pdb=" CB  PHE A   2 "
            pdb=" C   PHE A   2 "
            pdb=" N   PHE A   2 "
    both_signs  ideal   model   delta    sigma   weight residual
      False     -2.51   -2.68    0.17 2.00e-01 2.50e+01 6.99e-01
  chirality pdb=" CA  ALA A   3 "
            pdb=" C   ALA A   3 "
            pdb=" CB  ALA A   3 "
            pdb=" N   ALA A   3 "
    both_signs  ideal   model   delta    sigma   weight residual
      False      2.48    2.46    0.02 2.00e-01 2.50e+01 1.52e-02

  Planarity restraints: 6
  Sorted by residual:
                                 delta    sigma   weight rms_deltas residual
  plane pdb=" C   PHE A   2 "   -0.013 2.00e-02 2.50e+03   2.42e-02 5.88e+00
        pdb=" CA  ALA A   3 "   -0.010 2.00e-02 2.50e+03
        pdb=" N   ALA A   3 "    0.042 2.00e-02 2.50e+03
        pdb=" H   ALA A   3 "   -0.019 2.00e-02 2.50e+03
                                 delta    sigma   weight rms_deltas residual
  plane pdb=" C   GLY A   1 "   -0.026 2.00e-02 2.50e+03   1.53e-02 2.35e+00
        pdb=" O   GLY A   1 "    0.010 2.00e-02 2.50e+03
        pdb=" CA  GLY A   1 "    0.008 2.00e-02 2.50e+03
        pdb=" N   PHE A   2 "    0.009 2.00e-02 2.50e+03
                                 delta    sigma   weight rms_deltas residual
  plane pdb=" O   ALA A   3 "    0.010 2.00e-02 2.50e+03   1.33e-02 2.22e+00
        pdb=" C   ALA A   3 "   -0.024 2.00e-02 2.50e+03
        pdb=" OXT ALA A   3 "    0.013 2.00e-02 2.50e+03
        pdb=" HXT ALA A   3 "   -0.004 2.00e-02 2.50e+03
        pdb=" CA  ALA A   3 "    0.005 2.00e-02 2.50e+03
  ... (remaining 3 not shown)

  Histogram of nonbonded interaction distances:
        1.66 -     2.31: 7
        2.31 -     2.96: 63
        2.96 -     3.60: 54
        3.60 -     4.25: 65
        4.25 -     4.90: 98
  Nonbonded interactions: 287
  Sorted by model distance:
  nonbonded pdb=" HA1 GLY A   1 "
            pdb=" H2  GLY A   1 "
     model   vdw
     1.660 1.816
  nonbonded pdb=" O   ALA A   3 "
            pdb=" HXT ALA A   3 "
     model   vdw
     2.198 2.056
  nonbonded pdb=" HB3 ALA A   3 "
            pdb=" HA  ALA A   3 "
     model   vdw
     2.242 1.952
  nonbonded pdb=" HB2 PHE A   2 "
            pdb=" HD1 PHE A   2 "
     model   vdw
     2.254 2.270
  nonbonded pdb=" HB1 ALA A   3 "
            pdb=" HA  ALA A   3 "
     model   vdw
     2.269 1.952
  ... (remaining 282 not shown)

  NOTE: a complete listing of the restraints can be obtained by requesting
        output of .geo file.

                   ----------xray_structure summary----------                  

Number of scattering types: 4
  Type Number    sf(0)   Gaussians
   O       4      7.97       2
   N       3      6.97       2
   C      14      5.97       2
   H      19      1.00       2
  sf(0) = scattering factor at diffraction angle 0.
Number of scatterers: 40
At special positions: 0
Unit cell: (9.958, 13.159, 16.81, 90, 90, 90)
Space group: P 1 (No. 1)

End of input processing
r_work=0.3786 r_free=0.5613
params.data_weight: 0.0
params.restraints: cctbx
rmsd(b), start:  0.0994
mc:   0 R: 0.3562 rmsd(b):  0.0008 restraint_scale:  1.0 min_steps: 53
mc:   1 R: 0.3406 rmsd(b):  0.0005 restraint_scale:  1.0 min_steps: 54
mc:   2 R: 0.3240 rmsd(b):  0.0005 restraint_scale:  1.0 min_steps: 53
mc:   3 R: 0.3233 rmsd(b):  0.0005 restraint_scale:  1.0 min_steps: 55
mc:   4 R: 0.3149 rmsd(b):  0.0004 restraint_scale:  1.0 min_steps: 55
mc:   5 R: 0.3149 rmsd(b):  0.0005 restraint_scale:  1.0 min_steps: 52
mc:   6 R: 0.3104 rmsd(b):  0.0005 restraint_scale:  1.0 min_steps: 53
mc:   7 R: 0.3101 rmsd(b):  0.0005 restraint_scale:  1.0 min_steps: 53
mc:   8 R: 0.3077 rmsd(b):  0.0005 restraint_scale:  1.0 min_steps: 55
mc:   9 R: 0.3057 rmsd(b):  0.0005 restraint_scale:  1.0 min_steps: 52
mc:  10 R: 0.3046 rmsd(b):  0.0005 restraint_scale:  1.0 min_steps: 54
mc:  11 R: 0.3019 rmsd(b):  0.0005 restraint_scale:  1.0 min_steps: 54
mc:  12 R: 0.3006 rmsd(b):  0.0005 restraint_scale:  1.0 min_steps: 54
mc:  13 R: 0.2984 rmsd(b):  0.0005 restraint_scale:  1.0 min_steps: 53
mc:  14 R: 0.2971 rmsd(b):  0.0005 restraint_scale:  1.0 min_steps: 54
mc:  15 R: 0.2956 rmsd(b):  0.0005 restraint_scale:  1.0 min_steps: 54
mc:  16 R: 0.2938 rmsd(b):  0.0005 restraint_scale:  1.0 min_steps: 55
mc:  17 R: 0.2930 rmsd(b):  0.0005 restraint_scale:  1.0 min_steps: 54
mc:  18 R: 0.2916 rmsd(b):  0.0005 restraint_scale:  1.0 min_steps: 54
mc:  19 R: 0.2911 rmsd(b):  0.0005 restraint_scale:  1.0 min_steps: 54
Convergence reached, stop now.
see the result structure:  ./p26/04_results/opt_cctbx/248_GFA01-new/0.6/6.pdb
Time: 9.0866
