phenix.python
you are importing  adaptive calculator, and it does nothing. Please give it energy, force....... 

============================== Collecting inputs ==============================


                   ----------Processing X-ray data----------                   

F-obs:
  /scratch/m_zhen01/30995.lupus.uni-muenster.de/p26/02_mtz/197_WG07-new.mtz:F-obs
Miller array info: None
Observation type: xray.amplitude
Type of data: double, size=182
Type of sigmas: None
Number of Miller indices: 182
Anomalous flag: False
Unit cell: (13.914, 10.187, 12.801, 90, 90, 90)
Space group: P 1 (No. 1)
Systematic absences: 0
Centric reflections: 0
Resolution range: 3.98551 2.50513
Completeness in resolution range: 1
Completeness with d_max=infinity: 0.752066

Number of F-obs in resolution range:                   182
Number of F-obs<0 (these reflections will be rejected): 0
Number of F-obs=0 (these reflections will be used in refinement): 0
Refinement resolution range: d_max =   3.9855
                             d_min =   2.5051

R-free flags:
  /scratch/m_zhen01/30995.lupus.uni-muenster.de/p26/02_mtz/197_WG07-new.mtz:R-free-flags
Miller array info: /scratch/m_zhen01/30995.lupus.uni-muenster.de/p26/02_mtz/197_WG07-new.mtz:R-free-flags
Observation type: None
Type of data: int, size=182
Type of sigmas: None
Number of Miller indices: 182
Anomalous flag: False
Unit cell: (13.914, 10.187, 12.801, 90, 90, 90)
Space group: P 1 (No. 1)
Systematic absences: 0
Centric reflections: 0
Resolution range: 3.98551 2.50513
Completeness in resolution range: 1
Completeness with d_max=infinity: 0.752066
Wavelength: 1.0000

Test (R-free flags) flag value: 1

Number of work/free reflections by resolution:
                                  work free  %free
  bin  1: 3.9855 - 3.6493 [18/18]   18    0   0.0%
  bin  2: 3.6493 - 3.4038 [17/17]   13    4  23.5%
  bin  3: 3.4038 - 3.2133 [15/15]   15    0   0.0%
  bin  4: 3.2133 - 3.0594 [17/17]   17    0   0.0%
  bin  5: 3.0594 - 2.9313 [32/32]   32    0   0.0%
  bin  6: 2.9313 - 2.8223 [ 8/8 ]    8    0   0.0%
  bin  7: 2.8223 - 2.7279 [15/15]   15    0   0.0%
  bin  8: 2.7279 - 2.6449 [22/22]   20    2   9.1%
  bin  9: 2.6449 - 2.5712 [18/18]   16    2  11.1%
  bin 10: 2.5712 - 2.5051 [20/20]   20    0   0.0%
                          overall  174    8   4.4%

                   ----------Processing PDB file(s)----------                  

  Monomer Library directory:
    "/tmp1/m_zhen01/phenix-installer-1.10.1-2155-intel-linux-2.6-x86_64-centos5/phenix-1.10.1-2155/modules/chem_data/mon_lib"
  Total number of atoms: 34
  Number of models: 1
  Model: ""
    Number of chains: 1
    Chain: "A"
      Number of atoms: 34
      Number of conformers: 1
      Conformer: ""
        Number of residues, atoms: 2, 34
          Classifications: {'peptide': 2}
          Modifications used: {'NH2NOTPRO': 1, 'COOH': 1}
          Link IDs: {'TRANS': 1}
  Time building chain proxies: 0.16, per 1000 atoms: 4.71
  Number of scatterers: 34
  At special positions: 0
  Unit cell: (13.914, 10.187, 12.801, 90, 90, 90)
  Space group: P 1 (No. 1)
  Number of sites at special positions: 0
  Number of scattering types: 4
    Type Number    sf(0)
     O       3      8.00
     N       3      7.00
     C      13      6.00
     H      15      1.00
    sf(0) = scattering factor at diffraction angle 0.

  Number of disulfides: simple=0, symmetry=0

  Automatic linking
    Parameters for automatic linking
      Linking & cutoffs
        Metal                : False - 3.50
        Amimo acid           : False - 1.90
        Carbohydrate         : True  - 1.99
        Ligands              : True  - 1.99
        Amino acid - RNA/DNA : False
      
  Number of custom bonds: simple=0, symmetry=0
  Time building additional restraints: 0.04
  Conformation dependent library (CDL) restraints added in 446.1 microseconds
  
  Adding C-beta torsion restraints...
  Number of C-beta restraints generated:  2
  Time building geometry restraints manager: 0.05 seconds

  NOTE: a complete listing of the restraints can be obtained by requesting
        output of .geo file.

  Histogram of bond lengths:
        0.86 -     0.99: 15
        0.99 -     1.13: 0
        1.13 -     1.26: 2
        1.26 -     1.39: 6
        1.39 -     1.52: 12
  Bond restraints: 35
  Sorted by residual:
  bond pdb=" C   TRP A   1 "
       pdb=" CA  TRP A   1 "
    ideal  model  delta    sigma   weight residual
    1.525  1.476  0.049 2.10e-02 2.27e+03 5.49e+00
  bond pdb=" CB  TRP A   1 "
       pdb=" HB2 TRP A   1 "
    ideal  model  delta    sigma   weight residual
    0.970  0.926  0.044 2.00e-02 2.50e+03 4.88e+00
  bond pdb=" CH2 TRP A   1 "
       pdb=" HH2 TRP A   1 "
    ideal  model  delta    sigma   weight residual
    0.930  0.892  0.038 2.00e-02 2.50e+03 3.63e+00
  bond pdb=" CD1 TRP A   1 "
       pdb=" HD1 TRP A   1 "
    ideal  model  delta    sigma   weight residual
    0.930  0.896  0.034 2.00e-02 2.50e+03 2.91e+00
  bond pdb=" CZ3 TRP A   1 "
       pdb=" HZ3 TRP A   1 "
    ideal  model  delta    sigma   weight residual
    0.930  0.904  0.026 2.00e-02 2.50e+03 1.70e+00
  ... (remaining 30 not shown)

  Histogram of bond angle deviations from ideal:
      104.63 -   110.64: 16
      110.64 -   116.66: 12
      116.66 -   122.67: 17
      122.67 -   128.68: 10
      128.68 -   134.70: 2
  Bond angle restraints: 57
  Sorted by residual:
  angle pdb=" CA  TRP A   1 "
        pdb=" N   TRP A   1 "
        pdb=" H1  TRP A   1 "
      ideal   model   delta    sigma   weight residual
     109.47  114.92   -5.45 3.00e+00 1.11e-01 3.30e+00
  angle pdb=" HA  TRP A   1 "
        pdb=" CA  TRP A   1 "
        pdb=" N   TRP A   1 "
      ideal   model   delta    sigma   weight residual
     110.00  105.66    4.34 3.00e+00 1.11e-01 2.09e+00
  angle pdb=" CA  TRP A   1 "
        pdb=" CB  TRP A   1 "
        pdb=" HB2 TRP A   1 "
      ideal   model   delta    sigma   weight residual
     109.00  113.31   -4.31 3.00e+00 1.11e-01 2.06e+00
  angle pdb=" HB1 TRP A   1 "
        pdb=" CB  TRP A   1 "
        pdb=" HB2 TRP A   1 "
      ideal   model   delta    sigma   weight residual
     110.00  113.76   -3.76 3.00e+00 1.11e-01 1.57e+00
  angle pdb=" C   TRP A   1 "
        pdb=" N   GLY A   2 "
        pdb=" H   GLY A   2 "
      ideal   model   delta    sigma   weight residual
     124.30  120.57    3.73 3.00e+00 1.11e-01 1.55e+00
  ... (remaining 52 not shown)

  Histogram of dihedral angle deviations from ideal:
        0.19 -     8.73: 10
        8.73 -    17.28: 1
       17.28 -    25.82: 1
       25.82 -    34.37: 0
       34.37 -    42.91: 1
  Dihedral angle restraints: 13
    sinusoidal: 3
      harmonic: 10
  Sorted by residual:
  dihedral pdb=" CA  TRP A   1 "
           pdb=" C   TRP A   1 "
           pdb=" N   GLY A   2 "
           pdb=" CA  GLY A   2 "
      ideal   model   delta  harmonic     sigma   weight residual
     180.00  171.67    8.33     0      5.00e+00 4.00e-02 2.78e+00
  dihedral pdb=" OXT GLY A   2 "
           pdb=" C   GLY A   2 "
           pdb=" CA  GLY A   2 "
           pdb=" N   GLY A   2 "
      ideal   model   delta sinusoidal    sigma   weight residual
     160.00  117.09   42.91     2      3.00e+01 1.11e-03 2.47e+00
  dihedral pdb=" N   TRP A   1 "
           pdb=" CA  TRP A   1 "
           pdb=" CB  TRP A   1 "
           pdb=" CG  TRP A   1 "
      ideal   model   delta sinusoidal    sigma   weight residual
      60.00   42.69   17.31     3      1.50e+01 4.44e-03 1.82e+00
  ... (remaining 10 not shown)

  Histogram of chiral volume deviations from ideal:
       0.073 -    0.073: 1
       0.073 -    0.073: 0
       0.073 -    0.073: 0
       0.073 -    0.073: 0
       0.073 -    0.073: 0
  Chirality restraints: 1
  Sorted by residual:
  chirality pdb=" CA  TRP A   1 "
            pdb=" C   TRP A   1 "
            pdb=" N   TRP A   1 "
            pdb=" CB  TRP A   1 "
    both_signs  ideal   model   delta    sigma   weight residual
      False     -2.51   -2.44   -0.07 2.00e-01 2.50e+01 1.32e-01

  Planarity restraints: 4
  Sorted by residual:
                                 delta    sigma   weight rms_deltas residual
  plane pdb=" CB  TRP A   1 "   -0.014 2.00e-02 2.50e+03   9.22e-03 3.40e+00
        pdb=" CG  TRP A   1 "    0.012 2.00e-02 2.50e+03
        pdb=" CD1 TRP A   1 "    0.000 2.00e-02 2.50e+03
        pdb=" HD1 TRP A   1 "   -0.008 2.00e-02 2.50e+03
        pdb=" NE1 TRP A   1 "    0.001 2.00e-02 2.50e+03
        pdb=" HE1 TRP A   1 "   -0.008 2.00e-02 2.50e+03
        pdb=" CE2 TRP A   1 "   -0.002 2.00e-02 2.50e+03
        pdb=" CZ2 TRP A   1 "    0.011 2.00e-02 2.50e+03
        pdb=" HZ2 TRP A   1 "    0.004 2.00e-02 2.50e+03
        pdb=" CH2 TRP A   1 "   -0.005 2.00e-02 2.50e+03
        pdb=" HH2 TRP A   1 "   -0.010 2.00e-02 2.50e+03
        pdb=" CZ3 TRP A   1 "   -0.004 2.00e-02 2.50e+03
        pdb=" HZ3 TRP A   1 "   -0.006 2.00e-02 2.50e+03
        pdb=" CE3 TRP A   1 "    0.012 2.00e-02 2.50e+03
        pdb=" HE3 TRP A   1 "   -0.004 2.00e-02 2.50e+03
        pdb=" CD2 TRP A   1 "    0.021 2.00e-02 2.50e+03
                                 delta    sigma   weight rms_deltas residual
  plane pdb=" C   TRP A   1 "    0.007 2.00e-02 2.50e+03   1.30e-02 1.70e+00
        pdb=" CA  GLY A   2 "    0.006 2.00e-02 2.50e+03
        pdb=" N   GLY A   2 "   -0.022 2.00e-02 2.50e+03
        pdb=" H   GLY A   2 "    0.010 2.00e-02 2.50e+03
                                 delta    sigma   weight rms_deltas residual
  plane pdb=" OXT GLY A   2 "    0.004 2.00e-02 2.50e+03   7.95e-03 7.90e-01
        pdb=" C   GLY A   2 "   -0.016 2.00e-02 2.50e+03
        pdb=" O   GLY A   2 "    0.006 2.00e-02 2.50e+03
        pdb=" HXT GLY A   2 "    0.001 2.00e-02 2.50e+03
        pdb=" CA  GLY A   2 "    0.005 2.00e-02 2.50e+03
  ... (remaining 1 not shown)

  Histogram of nonbonded interaction distances:
        1.50 -     2.18: 4
        2.18 -     2.85: 40
        2.85 -     3.53: 63
        3.53 -     4.21: 76
        4.21 -     4.89: 80
  Nonbonded interactions: 263
  Sorted by model distance:
  nonbonded pdb=" HA  TRP A   1 "
            pdb=" H2  TRP A   1 "
     model   vdw
     1.496 1.816
  nonbonded pdb=" C   TRP A   1 "
            pdb=" H2  TRP A   1 "
     model   vdw
     2.046 2.240
  nonbonded pdb=" H1  TRP A   1 "
            pdb=" H   GLY A   2 "
     model   vdw
     2.075 2.100
  nonbonded pdb=" O   GLY A   2 "
            pdb=" HXT GLY A   2 "
     model   vdw
     2.145 2.056
  nonbonded pdb=" HA  TRP A   1 "
            pdb=" HB1 TRP A   1 "
     model   vdw
     2.235 1.952
  ... (remaining 258 not shown)

  NOTE: a complete listing of the restraints can be obtained by requesting
        output of .geo file.

                   ----------xray_structure summary----------                  

Number of scattering types: 4
  Type Number    sf(0)   Gaussians
   O       3      7.97       2
   N       3      6.97       2
   C      13      5.97       2
   H      15      1.00       2
  sf(0) = scattering factor at diffraction angle 0.
Number of scatterers: 34
At special positions: 0
Unit cell: (13.914, 10.187, 12.801, 90, 90, 90)
Space group: P 1 (No. 1)

End of input processing
r_work=0.5620 r_free=0.5210
params.data_weight: None
params.restraints: cctbx
rmsd(b), start:  0.0906
mc:   0 R: 0.3674 rmsd(b):  0.1854 restraint_scale:  2.0 min_steps: 53
mc:   1 R: 0.3344 rmsd(b):  0.1638 restraint_scale:  4.0 min_steps: 14
mc:   2 R: 0.3312 rmsd(b):  0.1263 restraint_scale:  8.0 min_steps: 16
mc:   3 R: 0.3596 rmsd(b):  0.0878 restraint_scale: 16.0 min_steps: 28
mc:   4 R: 0.3772 rmsd(b):  0.0210 restraint_scale: 16.0 min_steps: 54
mc:   5 R: 0.3071 rmsd(b):  0.0268 restraint_scale: 16.0 min_steps: 55
mc:   6 R: 0.2917 rmsd(b):  0.0340 restraint_scale: 32.0 min_steps: 49
mc:   7 R: 0.3093 rmsd(b):  0.0141 restraint_scale: 32.0 min_steps: 36
mc:   8 R: 0.3184 rmsd(b):  0.0087 restraint_scale: 16.0 min_steps: 20
mc:   9 R: 0.3052 rmsd(b):  0.0211 restraint_scale: 16.0 min_steps: 16
mc:  10 R: 0.2865 rmsd(b):  0.0471 restraint_scale: 32.0 min_steps: 23
mc:  11 R: 0.2911 rmsd(b):  0.0274 restraint_scale: 32.0 min_steps: 13
mc:  12 R: 0.3125 rmsd(b):  0.0116 restraint_scale: 32.0 min_steps: 57
mc:  13 R: 0.3148 rmsd(b):  0.0084 restraint_scale: 16.0 min_steps: 16
mc:  14 R: 0.3098 rmsd(b):  0.0144 restraint_scale: 16.0 min_steps: 9
mc:  15 R: 0.2913 rmsd(b):  0.0319 restraint_scale: 32.0 min_steps: 37
mc:  16 R: 0.3109 rmsd(b):  0.0109 restraint_scale: 32.0 min_steps: 43
mc:  17 R: 0.3069 rmsd(b):  0.0166 restraint_scale: 32.0 min_steps: 5
mc:  18 R: 0.3079 rmsd(b):  0.0150 restraint_scale: 32.0 min_steps: 4
mc:  19 R: 0.3105 rmsd(b):  0.0118 restraint_scale: 32.0 min_steps: 7
mc:  20 R: 0.3105 rmsd(b):  0.0118 restraint_scale: 32.0 min_steps: 1
Convergence reached, stop now.
see the result structure:  ./p26/04_results/refine_cctbx/197_WG07-new/1.2/9.pdb
Time: 10.5511
