phenix.python
you are importing  adaptive calculator, and it does nothing. Please give it energy, force....... 

============================== Collecting inputs ==============================


                   ----------Processing X-ray data----------                   

F-obs:
  /scratch/m_zhen01/31011.lupus.uni-muenster.de/p26/02_mtz/207_WGG08-new.mtz:F-obs
Miller array info: None
Observation type: xray.amplitude
Type of data: double, size=218
Type of sigmas: None
Number of Miller indices: 218
Anomalous flag: False
Unit cell: (13.023, 14.053, 11.967, 90, 90, 90)
Space group: P 1 (No. 1)
Systematic absences: 0
Centric reflections: 0
Resolution range: 3.989 2.50428
Completeness in resolution range: 1
Completeness with d_max=infinity: 0.751724

Number of F-obs in resolution range:                   218
Number of F-obs<0 (these reflections will be rejected): 0
Number of F-obs=0 (these reflections will be used in refinement): 0
Refinement resolution range: d_max =   3.9890
                             d_min =   2.5043

R-free flags:
  /scratch/m_zhen01/31011.lupus.uni-muenster.de/p26/02_mtz/207_WGG08-new.mtz:R-free-flags
Miller array info: /scratch/m_zhen01/31011.lupus.uni-muenster.de/p26/02_mtz/207_WGG08-new.mtz:R-free-flags
Observation type: None
Type of data: int, size=218
Type of sigmas: None
Number of Miller indices: 218
Anomalous flag: False
Unit cell: (13.023, 14.053, 11.967, 90, 90, 90)
Space group: P 1 (No. 1)
Systematic absences: 0
Centric reflections: 0
Resolution range: 3.989 2.50428
Completeness in resolution range: 1
Completeness with d_max=infinity: 0.751724
Wavelength: 1.0000

Test (R-free flags) flag value: 1

Number of work/free reflections by resolution:
                                  work free  %free
  bin  1: 3.9890 - 3.6511 [23/23]   19    4  17.4%
  bin  2: 3.6511 - 3.4047 [21/21]   21    0   0.0%
  bin  3: 3.4047 - 3.2137 [19/19]   19    0   0.0%
  bin  4: 3.2137 - 3.0594 [28/28]   28    0   0.0%
  bin  5: 3.0594 - 2.9310 [21/21]   17    4  19.0%
  bin  6: 2.9310 - 2.8218 [18/18]   14    4  22.2%
  bin  7: 2.8218 - 2.7273 [25/25]   25    0   0.0%
  bin  8: 2.7273 - 2.6442 [28/28]   24    4  14.3%
  bin  9: 2.6442 - 2.5705 [13/13]   13    0   0.0%
  bin 10: 2.5705 - 2.5043 [22/22]   18    4  18.2%
                          overall  198   20   9.2%

                   ----------Processing PDB file(s)----------                  

  Monomer Library directory:
    "/tmp1/m_zhen01/phenix-installer-1.10.1-2155-intel-linux-2.6-x86_64-centos5/phenix-1.10.1-2155/modules/chem_data/mon_lib"
  Total number of atoms: 41
  Number of models: 1
  Model: ""
    Number of chains: 1
    Chain: "A"
      Number of atoms: 41
      Number of conformers: 1
      Conformer: ""
        Number of residues, atoms: 3, 41
          Classifications: {'peptide': 3}
          Modifications used: {'NH2NOTPRO': 1, 'COOH': 1}
          Link IDs: {'TRANS': 2}
  Time building chain proxies: 0.08, per 1000 atoms: 1.95
  Number of scatterers: 41
  At special positions: 0
  Unit cell: (13.023, 14.053, 11.967, 90, 90, 90)
  Space group: P 1 (No. 1)
  Number of sites at special positions: 0
  Number of scattering types: 4
    Type Number    sf(0)
     O       4      8.00
     N       4      7.00
     C      15      6.00
     H      18      1.00
    sf(0) = scattering factor at diffraction angle 0.

  Number of disulfides: simple=0, symmetry=0

  Automatic linking
    Parameters for automatic linking
      Linking & cutoffs
        Metal                : False - 3.50
        Amimo acid           : False - 1.90
        Carbohydrate         : True  - 1.99
        Ligands              : True  - 1.99
        Amino acid - RNA/DNA : False
      
  Number of custom bonds: simple=0, symmetry=0
  Time building additional restraints: 0.03
  Conformation dependent library (CDL) restraints added in 2.9 milliseconds
  
  Adding C-beta torsion restraints...
  Number of C-beta restraints generated:  2
  Time building geometry restraints manager: 0.03 seconds

  NOTE: a complete listing of the restraints can be obtained by requesting
        output of .geo file.

  Histogram of bond lengths:
        0.85 -     0.99: 16
        0.99 -     1.14: 2
        1.14 -     1.28: 3
        1.28 -     1.42: 12
        1.42 -     1.56: 9
  Bond restraints: 42
  Sorted by residual:
  bond pdb=" CA  GLY A   3 "
       pdb=" HA1 GLY A   3 "
    ideal  model  delta    sigma   weight residual
    0.970  1.026 -0.056 2.00e-02 2.50e+03 7.76e+00
  bond pdb=" C   TRP A   1 "
       pdb=" N   GLY A   2 "
    ideal  model  delta    sigma   weight residual
    1.331  1.366 -0.035 1.46e-02 4.69e+03 5.88e+00
  bond pdb=" CA  TRP A   1 "
       pdb=" HA  TRP A   1 "
    ideal  model  delta    sigma   weight residual
    0.970  0.923  0.047 2.00e-02 2.50e+03 5.58e+00
  bond pdb=" CB  TRP A   1 "
       pdb=" CG  TRP A   1 "
    ideal  model  delta    sigma   weight residual
    1.498  1.565 -0.067 3.10e-02 1.04e+03 4.60e+00
  bond pdb=" CA  GLY A   3 "
       pdb=" HA2 GLY A   3 "
    ideal  model  delta    sigma   weight residual
    0.970  1.012 -0.042 2.00e-02 2.50e+03 4.43e+00
  ... (remaining 37 not shown)

  Histogram of bond angle deviations from ideal:
      104.87 -   110.73: 26
      110.73 -   116.60: 11
      116.60 -   122.46: 18
      122.46 -   128.32: 12
      128.32 -   134.19: 2
  Bond angle restraints: 69
  Sorted by residual:
  angle pdb=" C   TRP A   1 "
        pdb=" CA  TRP A   1 "
        pdb=" CB  TRP A   1 "
      ideal   model   delta    sigma   weight residual
     110.10  113.73   -3.63 1.90e+00 2.77e-01 3.65e+00
  angle pdb=" C   TRP A   1 "
        pdb=" CA  TRP A   1 "
        pdb=" N   TRP A   1 "
      ideal   model   delta    sigma   weight residual
     111.00  106.02    4.98 2.80e+00 1.28e-01 3.17e+00
  angle pdb=" O   GLY A   3 "
        pdb=" C   GLY A   3 "
        pdb=" CA  GLY A   3 "
      ideal   model   delta    sigma   weight residual
     118.60  113.84    4.76 3.00e+00 1.11e-01 2.52e+00
  angle pdb=" C   GLY A   2 "
        pdb=" N   GLY A   3 "
        pdb=" CA  GLY A   3 "
      ideal   model   delta    sigma   weight residual
     121.70  124.56   -2.86 1.80e+00 3.09e-01 2.52e+00
  angle pdb=" CA  TRP A   1 "
        pdb=" N   TRP A   1 "
        pdb=" H1  TRP A   1 "
      ideal   model   delta    sigma   weight residual
     109.47  104.87    4.60 3.00e+00 1.11e-01 2.35e+00
  ... (remaining 64 not shown)

  Histogram of dihedral angle deviations from ideal:
        0.09 -    35.47: 12
       35.47 -    70.85: 1
       70.85 -   106.23: 0
      106.23 -   141.61: 0
      141.61 -   176.99: 1
  Dihedral angle restraints: 14
    sinusoidal: 3
      harmonic: 11
  Sorted by residual:
  dihedral pdb=" O   GLY A   3 "
           pdb=" C   GLY A   3 "
           pdb=" OXT GLY A   3 "
           pdb=" HXT GLY A   3 "
      ideal   model   delta  harmonic     sigma   weight residual
       0.00  176.99 -176.99     0      3.00e+01 1.11e-03 3.48e+01
  dihedral pdb=" OXT GLY A   3 "
           pdb=" C   GLY A   3 "
           pdb=" CA  GLY A   3 "
           pdb=" N   GLY A   3 "
      ideal   model   delta sinusoidal    sigma   weight residual
     -20.00  -67.50   47.50     2      3.00e+01 1.11e-03 2.90e+00
  dihedral pdb=" CA  GLY A   2 "
           pdb=" C   GLY A   2 "
           pdb=" N   GLY A   3 "
           pdb=" CA  GLY A   3 "
      ideal   model   delta  harmonic     sigma   weight residual
     180.00  172.73    7.27     0      5.00e+00 4.00e-02 2.11e+00
  ... (remaining 11 not shown)

  Histogram of chiral volume deviations from ideal:
       0.086 -    0.086: 1
       0.086 -    0.086: 0
       0.086 -    0.086: 0
       0.086 -    0.086: 0
       0.086 -    0.086: 0
  Chirality restraints: 1
  Sorted by residual:
  chirality pdb=" CA  TRP A   1 "
            pdb=" C   TRP A   1 "
            pdb=" N   TRP A   1 "
            pdb=" CB  TRP A   1 "
    both_signs  ideal   model   delta    sigma   weight residual
      False     -2.51   -2.60    0.09 2.00e-01 2.50e+01 1.84e-01

  Planarity restraints: 6
  Sorted by residual:
                                 delta    sigma   weight rms_deltas residual
  plane pdb=" CB  TRP A   1 "   -0.022 2.00e-02 2.50e+03   1.57e-02 9.83e+00
        pdb=" CG  TRP A   1 "    0.005 2.00e-02 2.50e+03
        pdb=" CD1 TRP A   1 "   -0.014 2.00e-02 2.50e+03
        pdb=" HD1 TRP A   1 "    0.023 2.00e-02 2.50e+03
        pdb=" NE1 TRP A   1 "   -0.016 2.00e-02 2.50e+03
        pdb=" HE1 TRP A   1 "    0.015 2.00e-02 2.50e+03
        pdb=" CE2 TRP A   1 "   -0.004 2.00e-02 2.50e+03
        pdb=" CZ2 TRP A   1 "   -0.011 2.00e-02 2.50e+03
        pdb=" HZ2 TRP A   1 "   -0.015 2.00e-02 2.50e+03
        pdb=" CH2 TRP A   1 "   -0.010 2.00e-02 2.50e+03
        pdb=" HH2 TRP A   1 "    0.012 2.00e-02 2.50e+03
        pdb=" CZ3 TRP A   1 "    0.001 2.00e-02 2.50e+03
        pdb=" HZ3 TRP A   1 "    0.003 2.00e-02 2.50e+03
        pdb=" CE3 TRP A   1 "    0.027 2.00e-02 2.50e+03
        pdb=" HE3 TRP A   1 "   -0.018 2.00e-02 2.50e+03
        pdb=" CD2 TRP A   1 "    0.023 2.00e-02 2.50e+03
                                 delta    sigma   weight rms_deltas residual
  plane pdb=" O   GLY A   3 "    0.011 2.00e-02 2.50e+03   1.08e-02 1.46e+00
        pdb=" C   GLY A   3 "   -0.014 2.00e-02 2.50e+03
        pdb=" OXT GLY A   3 "   -0.010 2.00e-02 2.50e+03
        pdb=" HXT GLY A   3 "    0.013 2.00e-02 2.50e+03
        pdb=" CA  GLY A   3 "   -0.000 2.00e-02 2.50e+03
                                 delta    sigma   weight rms_deltas residual
  plane pdb=" C   TRP A   1 "   -0.016 2.00e-02 2.50e+03   9.51e-03 9.05e-01
        pdb=" O   TRP A   1 "    0.006 2.00e-02 2.50e+03
        pdb=" CA  TRP A   1 "    0.005 2.00e-02 2.50e+03
        pdb=" N   GLY A   2 "    0.005 2.00e-02 2.50e+03
  ... (remaining 3 not shown)

  Histogram of nonbonded interaction distances:
        2.05 -     2.62: 28
        2.62 -     3.19: 67
        3.19 -     3.76: 63
        3.76 -     4.32: 71
        4.32 -     4.89: 95
  Nonbonded interactions: 324
  Sorted by model distance:
  nonbonded pdb=" HE1 TRP A   1 "
            pdb=" OXT GLY A   3 "
     model   vdw
     2.046 1.970
  nonbonded pdb=" HA2 GLY A   2 "
            pdb=" H   GLY A   2 "
     model   vdw
     2.155 1.816
  nonbonded pdb=" HA  TRP A   1 "
            pdb=" H1  TRP A   1 "
     model   vdw
     2.163 1.816
  nonbonded pdb=" HA  TRP A   1 "
            pdb=" H2  TRP A   1 "
     model   vdw
     2.175 1.816
  nonbonded pdb=" HA1 GLY A   3 "
            pdb=" H   GLY A   3 "
     model   vdw
     2.185 1.816
  ... (remaining 319 not shown)

  NOTE: a complete listing of the restraints can be obtained by requesting
        output of .geo file.

                   ----------xray_structure summary----------                  

Number of scattering types: 4
  Type Number    sf(0)   Gaussians
   O       4      7.97       2
   N       4      6.97       2
   C      15      5.97       2
   H      18      1.00       2
  sf(0) = scattering factor at diffraction angle 0.
Number of scatterers: 41
At special positions: 0
Unit cell: (13.023, 14.053, 11.967, 90, 90, 90)
Space group: P 1 (No. 1)

End of input processing
r_work=0.5379 r_free=0.6732
params.data_weight: None
params.restraints: qm
rmsd(b), start:  0.0845
mc:   0 R: 0.3179 rmsd(b):  0.4595 restraint_scale:  2.0 min_steps: 54
mc:   1 R: 0.1617 rmsd(b):  0.2908 restraint_scale:  4.0 min_steps: 33
mc:   2 R: 0.0358 rmsd(b):  0.1936 restraint_scale:  8.0 min_steps: 47
mc:   3 R: 0.0209 rmsd(b):  0.1941 restraint_scale: 16.0 min_steps: 15
mc:   4 R: 0.0193 rmsd(b):  0.1941 restraint_scale: 32.0 min_steps: 15
mc:   5 R: 0.0192 rmsd(b):  0.1937 restraint_scale: 64.0 min_steps: 16
Convergence reached, stop now.
see the result structure:  ./p26/04_results/refine_qm/207_WGG08-new/0.9/2.pdb
Time: 258.1238
