phenix.python
you are importing  adaptive calculator, and it does nothing. Please give it energy, force....... 

============================== Collecting inputs ==============================


                   ----------Processing X-ray data----------                   

F-obs:
  /scratch/m_zhen01/30993.lupus.uni-muenster.de/p26/02_mtz/223_GGF07-new.mtz:F-obs
Miller array info: None
Observation type: xray.amplitude
Type of data: double, size=203
Type of sigmas: None
Number of Miller indices: 203
Anomalous flag: False
Unit cell: (15.501, 11.782, 10.787, 90, 90, 90)
Space group: P 1 (No. 1)
Systematic absences: 0
Centric reflections: 0
Resolution range: 3.97805 2.50921
Completeness in resolution range: 1
Completeness with d_max=infinity: 0.768939

Number of F-obs in resolution range:                   203
Number of F-obs<0 (these reflections will be rejected): 0
Number of F-obs=0 (these reflections will be used in refinement): 0
Refinement resolution range: d_max =   3.9781
                             d_min =   2.5092

R-free flags:
  /scratch/m_zhen01/30993.lupus.uni-muenster.de/p26/02_mtz/223_GGF07-new.mtz:R-free-flags
Miller array info: /scratch/m_zhen01/30993.lupus.uni-muenster.de/p26/02_mtz/223_GGF07-new.mtz:R-free-flags
Observation type: None
Type of data: int, size=203
Type of sigmas: None
Number of Miller indices: 203
Anomalous flag: False
Unit cell: (15.501, 11.782, 10.787, 90, 90, 90)
Space group: P 1 (No. 1)
Systematic absences: 0
Centric reflections: 0
Resolution range: 3.97805 2.50921
Completeness in resolution range: 1
Completeness with d_max=infinity: 0.768939
Wavelength: 1.0000

Test (R-free flags) flag value: 1

Number of work/free reflections by resolution:
                                  work free  %free
  bin  1: 3.9781 - 3.6464 [24/24]   22    2   8.3%
  bin  2: 3.6464 - 3.4034 [23/23]   23    0   0.0%
  bin  3: 3.4034 - 3.2144 [12/12]   12    0   0.0%
  bin  4: 3.2144 - 3.0615 [25/25]   24    1   4.0%
  bin  5: 3.0615 - 2.9340 [23/23]   23    0   0.0%
  bin  6: 2.9340 - 2.8255 [16/16]   16    0   0.0%
  bin  7: 2.8255 - 2.7314 [14/14]   10    4  28.6%
  bin  8: 2.7314 - 2.6487 [23/23]   23    0   0.0%
  bin  9: 2.6487 - 2.5752 [23/23]   19    4  17.4%
  bin 10: 2.5752 - 2.5092 [20/20]   20    0   0.0%
                          overall  192   11   5.4%

                   ----------Processing PDB file(s)----------                  

  Monomer Library directory:
    "/tmp1/m_zhen01/phenix-installer-1.10.1-2155-intel-linux-2.6-x86_64-centos5/phenix-1.10.1-2155/modules/chem_data/mon_lib"
  Total number of atoms: 37
  Number of models: 1
  Model: ""
    Number of chains: 1
    Chain: "A"
      Number of atoms: 37
      Number of conformers: 1
      Conformer: ""
        Number of residues, atoms: 3, 37
          Classifications: {'peptide': 3}
          Modifications used: {'NH2NOTPRO': 1, 'COOH': 1}
          Link IDs: {'TRANS': 2}
  Time building chain proxies: 0.07, per 1000 atoms: 1.89
  Number of scatterers: 37
  At special positions: 0
  Unit cell: (15.501, 11.782, 10.787, 90, 90, 90)
  Space group: P 1 (No. 1)
  Number of sites at special positions: 0
  Number of scattering types: 4
    Type Number    sf(0)
     O       4      8.00
     N       3      7.00
     C      13      6.00
     H      17      1.00
    sf(0) = scattering factor at diffraction angle 0.

  Number of disulfides: simple=0, symmetry=0

  Automatic linking
    Parameters for automatic linking
      Linking & cutoffs
        Metal                : False - 3.50
        Amimo acid           : False - 1.90
        Carbohydrate         : True  - 1.99
        Ligands              : True  - 1.99
        Amino acid - RNA/DNA : False
      
  Number of custom bonds: simple=0, symmetry=0
  Time building additional restraints: 0.02
  Conformation dependent library (CDL) restraints added in 2.5 milliseconds
  
  Adding C-beta torsion restraints...
  Number of C-beta restraints generated:  2
  Time building geometry restraints manager: 0.03 seconds

  NOTE: a complete listing of the restraints can be obtained by requesting
        output of .geo file.

  Histogram of bond lengths:
        0.84 -     0.99: 15
        0.99 -     1.14: 2
        1.14 -     1.29: 3
        1.29 -     1.44: 10
        1.44 -     1.59: 7
  Bond restraints: 37
  Sorted by residual:
  bond pdb=" CA  PHE A   3 "
       pdb=" CB  PHE A   3 "
    ideal  model  delta    sigma   weight residual
    1.530  1.588 -0.058 2.00e-02 2.50e+03 8.52e+00
  bond pdb=" CZ  PHE A   3 "
       pdb=" HZ  PHE A   3 "
    ideal  model  delta    sigma   weight residual
    0.930  0.876  0.054 2.00e-02 2.50e+03 7.17e+00
  bond pdb=" CE1 PHE A   3 "
       pdb=" HE1 PHE A   3 "
    ideal  model  delta    sigma   weight residual
    0.930  0.883  0.047 2.00e-02 2.50e+03 5.57e+00
  bond pdb=" C   GLY A   1 "
       pdb=" N   GLY A   2 "
    ideal  model  delta    sigma   weight residual
    1.331  1.297  0.033 1.46e-02 4.69e+03 5.18e+00
  bond pdb=" CA  GLY A   2 "
       pdb=" HA2 GLY A   2 "
    ideal  model  delta    sigma   weight residual
    0.970  1.011 -0.041 2.00e-02 2.50e+03 4.19e+00
  ... (remaining 32 not shown)

  Histogram of bond angle deviations from ideal:
      102.72 -   108.18: 11
      108.18 -   113.64: 15
      113.64 -   119.10: 13
      119.10 -   124.56: 20
      124.56 -   130.01: 1
  Bond angle restraints: 60
  Sorted by residual:
  angle pdb=" C   GLY A   2 "
        pdb=" CA  GLY A   2 "
        pdb=" HA1 GLY A   2 "
      ideal   model   delta    sigma   weight residual
     109.00  102.72    6.28 3.00e+00 1.11e-01 4.38e+00
  angle pdb=" C   GLY A   1 "
        pdb=" N   GLY A   2 "
        pdb=" H   GLY A   2 "
      ideal   model   delta    sigma   weight residual
     124.30  130.01   -5.71 3.00e+00 1.11e-01 3.63e+00
  angle pdb=" N   PHE A   3 "
        pdb=" CA  PHE A   3 "
        pdb=" CB  PHE A   3 "
      ideal   model   delta    sigma   weight residual
     110.50  113.04   -2.54 1.70e+00 3.46e-01 2.23e+00
  angle pdb=" H1  GLY A   1 "
        pdb=" N   GLY A   1 "
        pdb=" H2  GLY A   1 "
      ideal   model   delta    sigma   weight residual
     109.47  105.03    4.44 3.00e+00 1.11e-01 2.19e+00
  angle pdb=" CA  PHE A   3 "
        pdb=" CB  PHE A   3 "
        pdb=" CG  PHE A   3 "
      ideal   model   delta    sigma   weight residual
     113.80  115.20   -1.40 1.00e+00 1.00e+00 1.96e+00
  ... (remaining 55 not shown)

  Histogram of dihedral angle deviations from ideal:
        0.08 -     6.66: 11
        6.66 -    13.23: 1
       13.23 -    19.81: 0
       19.81 -    26.39: 0
       26.39 -    32.97: 1
  Dihedral angle restraints: 13
    sinusoidal: 3
      harmonic: 10
  Sorted by residual:
  dihedral pdb=" CA  GLY A   2 "
           pdb=" C   GLY A   2 "
           pdb=" N   PHE A   3 "
           pdb=" CA  PHE A   3 "
      ideal   model   delta  harmonic     sigma   weight residual
     180.00  170.06    9.94     0      5.00e+00 4.00e-02 3.95e+00
  dihedral pdb=" OXT PHE A   3 "
           pdb=" C   PHE A   3 "
           pdb=" CA  PHE A   3 "
           pdb=" N   PHE A   3 "
      ideal   model   delta sinusoidal    sigma   weight residual
     -20.00  -52.97   32.97     2      3.00e+01 1.11e-03 1.58e+00
  dihedral pdb=" C   PHE A   3 "
           pdb=" N   PHE A   3 "
           pdb=" CA  PHE A   3 "
           pdb=" CB  PHE A   3 "
      ideal   model   delta  harmonic     sigma   weight residual
    -122.60 -119.50   -3.10     0      2.50e+00 1.60e-01 1.54e+00
  ... (remaining 10 not shown)

  Histogram of chiral volume deviations from ideal:
       0.114 -    0.114: 1
       0.114 -    0.114: 0
       0.114 -    0.114: 0
       0.114 -    0.114: 0
       0.114 -    0.114: 0
  Chirality restraints: 1
  Sorted by residual:
  chirality pdb=" CA  PHE A   3 "
            pdb=" C   PHE A   3 "
            pdb=" N   PHE A   3 "
            pdb=" CB  PHE A   3 "
    both_signs  ideal   model   delta    sigma   weight residual
      False     -2.51   -2.62    0.11 2.00e-01 2.50e+01 3.23e-01

  Planarity restraints: 6
  Sorted by residual:
                                 delta    sigma   weight rms_deltas residual
  plane pdb=" C   GLY A   2 "   -0.039 2.00e-02 2.50e+03   2.28e-02 5.21e+00
        pdb=" O   GLY A   2 "    0.015 2.00e-02 2.50e+03
        pdb=" CA  GLY A   2 "    0.011 2.00e-02 2.50e+03
        pdb=" N   PHE A   3 "    0.014 2.00e-02 2.50e+03
                                 delta    sigma   weight rms_deltas residual
  plane pdb=" CB  PHE A   3 "   -0.011 2.00e-02 2.50e+03   1.01e-02 3.05e+00
        pdb=" CG  PHE A   3 "    0.006 2.00e-02 2.50e+03
        pdb=" CD2 PHE A   3 "    0.000 2.00e-02 2.50e+03
        pdb=" HD2 PHE A   3 "    0.014 2.00e-02 2.50e+03
        pdb=" CE2 PHE A   3 "   -0.011 2.00e-02 2.50e+03
        pdb=" HE2 PHE A   3 "    0.003 2.00e-02 2.50e+03
        pdb=" CZ  PHE A   3 "   -0.005 2.00e-02 2.50e+03
        pdb=" HZ  PHE A   3 "    0.004 2.00e-02 2.50e+03
        pdb=" CE1 PHE A   3 "   -0.020 2.00e-02 2.50e+03
        pdb=" HE1 PHE A   3 "    0.016 2.00e-02 2.50e+03
        pdb=" CD1 PHE A   3 "   -0.001 2.00e-02 2.50e+03
        pdb=" HD1 PHE A   3 "    0.007 2.00e-02 2.50e+03
                                 delta    sigma   weight rms_deltas residual
  plane pdb=" C   GLY A   2 "    0.005 2.00e-02 2.50e+03   9.41e-03 8.86e-01
        pdb=" CA  PHE A   3 "    0.004 2.00e-02 2.50e+03
        pdb=" N   PHE A   3 "   -0.016 2.00e-02 2.50e+03
        pdb=" H   PHE A   3 "    0.007 2.00e-02 2.50e+03
  ... (remaining 3 not shown)

  Histogram of nonbonded interaction distances:
        2.09 -     2.65: 32
        2.65 -     3.22: 56
        3.22 -     3.78: 47
        3.78 -     4.34: 52
        4.34 -     4.90: 81
  Nonbonded interactions: 268
  Sorted by model distance:
  nonbonded pdb=" HA2 GLY A   2 "
            pdb=" H   GLY A   2 "
     model   vdw
     2.092 1.816
  nonbonded pdb=" HA  PHE A   3 "
            pdb=" HD1 PHE A   3 "
     model   vdw
     2.161 2.270
  nonbonded pdb=" HD2 PHE A   3 "
            pdb=" HE2 PHE A   3 "
     model   vdw
     2.211 1.680
  nonbonded pdb=" HA1 GLY A   1 "
            pdb=" H1  GLY A   1 "
     model   vdw
     2.221 1.816
  nonbonded pdb=" HZ  PHE A   3 "
            pdb=" HE1 PHE A   3 "
     model   vdw
     2.229 1.680
  ... (remaining 263 not shown)

  NOTE: a complete listing of the restraints can be obtained by requesting
        output of .geo file.

                   ----------xray_structure summary----------                  

Number of scattering types: 4
  Type Number    sf(0)   Gaussians
   O       4      7.97       2
   N       3      6.97       2
   C      13      5.97       2
   H      17      1.00       2
  sf(0) = scattering factor at diffraction angle 0.
Number of scatterers: 37
At special positions: 0
Unit cell: (15.501, 11.782, 10.787, 90, 90, 90)
Space group: P 1 (No. 1)

End of input processing
r_work=0.4989 r_free=0.4021
params.data_weight: 0.0
params.restraints: cctbx
rmsd(b), start:  0.0931
mc:   0 R: 0.4891 rmsd(b):  0.0019 restraint_scale:  1.0 min_steps: 54
mc:   1 R: 0.4717 rmsd(b):  0.0013 restraint_scale:  1.0 min_steps: 53
mc:   2 R: 0.4548 rmsd(b):  0.0013 restraint_scale:  1.0 min_steps: 54
mc:   3 R: 0.4458 rmsd(b):  0.0012 restraint_scale:  1.0 min_steps: 54
mc:   4 R: 0.4325 rmsd(b):  0.0011 restraint_scale:  1.0 min_steps: 54
mc:   5 R: 0.4293 rmsd(b):  0.0010 restraint_scale:  1.0 min_steps: 55
mc:   6 R: 0.4143 rmsd(b):  0.0008 restraint_scale:  1.0 min_steps: 54
mc:   7 R: 0.4134 rmsd(b):  0.0009 restraint_scale:  1.0 min_steps: 56
mc:   8 R: 0.4029 rmsd(b):  0.0007 restraint_scale:  1.0 min_steps: 54
mc:   9 R: 0.4022 rmsd(b):  0.0007 restraint_scale:  1.0 min_steps: 54
Convergence reached, stop now.
see the result structure:  ./p26/04_results/opt_cctbx/223_GGF07-new/0.9/1.pdb
Time: 6.5779
