phenix.python
you are importing  adaptive calculator, and it does nothing. Please give it energy, force....... 

============================== Collecting inputs ==============================


                   ----------Processing X-ray data----------                   

F-obs:
  /scratch/m_zhen01/31011.lupus.uni-muenster.de/p26/02_mtz/234_GGF02-new.mtz:F-obs
Miller array info: None
Observation type: xray.amplitude
Type of data: double, size=208
Type of sigmas: None
Number of Miller indices: 208
Anomalous flag: False
Unit cell: (11.205, 14.445, 12.67, 90, 90, 90)
Space group: P 1 (No. 1)
Systematic absences: 0
Centric reflections: 0
Resolution range: 3.95194 2.51655
Completeness in resolution range: 1
Completeness with d_max=infinity: 0.748201

Number of F-obs in resolution range:                   208
Number of F-obs<0 (these reflections will be rejected): 0
Number of F-obs=0 (these reflections will be used in refinement): 0
Refinement resolution range: d_max =   3.9519
                             d_min =   2.5166

R-free flags:
  /scratch/m_zhen01/31011.lupus.uni-muenster.de/p26/02_mtz/234_GGF02-new.mtz:R-free-flags
Miller array info: /scratch/m_zhen01/31011.lupus.uni-muenster.de/p26/02_mtz/234_GGF02-new.mtz:R-free-flags
Observation type: None
Type of data: int, size=208
Type of sigmas: None
Number of Miller indices: 208
Anomalous flag: False
Unit cell: (11.205, 14.445, 12.67, 90, 90, 90)
Space group: P 1 (No. 1)
Systematic absences: 0
Centric reflections: 0
Resolution range: 3.95194 2.51655
Completeness in resolution range: 1
Completeness with d_max=infinity: 0.748201
Wavelength: 1.0000

Test (R-free flags) flag value: 1

Number of work/free reflections by resolution:
                                  work free  %free
  bin  1: 3.9519 - 3.6329 [13/13]   13    0   0.0%
  bin  2: 3.6329 - 3.3970 [29/29]   25    4  13.8%
  bin  3: 3.3970 - 3.2124 [14/14]   14    0   0.0%
  bin  4: 3.2124 - 3.0624 [19/19]   15    4  21.1%
  bin  5: 3.0624 - 2.9370 [30/30]   30    0   0.0%
  bin  6: 2.9370 - 2.8298 [ 7/7 ]    6    1  14.3%
  bin  7: 2.8298 - 2.7368 [29/29]   29    0   0.0%
  bin  8: 2.7368 - 2.6549 [22/22]   18    4  18.2%
  bin  9: 2.6549 - 2.5820 [12/12]   12    0   0.0%
  bin 10: 2.5820 - 2.5166 [33/33]   33    0   0.0%
                          overall  195   13   6.2%

                   ----------Processing PDB file(s)----------                  

  Monomer Library directory:
    "/tmp1/m_zhen01/phenix-installer-1.10.1-2155-intel-linux-2.6-x86_64-centos5/phenix-1.10.1-2155/modules/chem_data/mon_lib"
  Total number of atoms: 37
  Number of models: 1
  Model: ""
    Number of chains: 1
    Chain: "A"
      Number of atoms: 37
      Number of conformers: 1
      Conformer: ""
        Number of residues, atoms: 3, 37
          Classifications: {'peptide': 3}
          Modifications used: {'NH2NOTPRO': 1, 'COOH': 1}
          Link IDs: {'TRANS': 2}
  Time building chain proxies: 0.07, per 1000 atoms: 1.89
  Number of scatterers: 37
  At special positions: 0
  Unit cell: (11.205, 14.445, 12.67, 90, 90, 90)
  Space group: P 1 (No. 1)
  Number of sites at special positions: 0
  Number of scattering types: 4
    Type Number    sf(0)
     O       4      8.00
     N       3      7.00
     C      13      6.00
     H      17      1.00
    sf(0) = scattering factor at diffraction angle 0.

  Number of disulfides: simple=0, symmetry=0

  Automatic linking
    Parameters for automatic linking
      Linking & cutoffs
        Metal                : False - 3.50
        Amimo acid           : False - 1.90
        Carbohydrate         : True  - 1.99
        Ligands              : True  - 1.99
        Amino acid - RNA/DNA : False
      
  Number of custom bonds: simple=0, symmetry=0
  Time building additional restraints: 0.02
  Conformation dependent library (CDL) restraints added in 2.9 milliseconds
  
  Adding C-beta torsion restraints...
  Number of C-beta restraints generated:  2
  Time building geometry restraints manager: 0.02 seconds

  NOTE: a complete listing of the restraints can be obtained by requesting
        output of .geo file.

  Histogram of bond lengths:
        0.87 -     1.01: 16
        1.01 -     1.15: 1
        1.15 -     1.29: 3
        1.29 -     1.42: 9
        1.42 -     1.56: 8
  Bond restraints: 37
  Sorted by residual:
  bond pdb=" CE1 PHE A   3 "
       pdb=" HE1 PHE A   3 "
    ideal  model  delta    sigma   weight residual
    0.930  0.874  0.056 2.00e-02 2.50e+03 7.94e+00
  bond pdb=" CA  GLY A   2 "
       pdb=" HA1 GLY A   2 "
    ideal  model  delta    sigma   weight residual
    0.970  1.026 -0.056 2.00e-02 2.50e+03 7.85e+00
  bond pdb=" N   PHE A   3 "
       pdb=" H   PHE A   3 "
    ideal  model  delta    sigma   weight residual
    0.860  0.913 -0.053 2.00e-02 2.50e+03 6.94e+00
  bond pdb=" OXT PHE A   3 "
       pdb=" HXT PHE A   3 "
    ideal  model  delta    sigma   weight residual
    0.948  0.905  0.043 2.00e-02 2.50e+03 4.61e+00
  bond pdb=" CB  PHE A   3 "
       pdb=" CG  PHE A   3 "
    ideal  model  delta    sigma   weight residual
    1.502  1.545 -0.043 2.30e-02 1.89e+03 3.53e+00
  ... (remaining 32 not shown)

  Histogram of bond angle deviations from ideal:
      105.20 -   108.99: 13
      108.99 -   112.77: 9
      112.77 -   116.55: 9
      116.55 -   120.33: 12
      120.33 -   124.11: 17
  Bond angle restraints: 60
  Sorted by residual:
  angle pdb=" C   GLY A   1 "
        pdb=" CA  GLY A   1 "
        pdb=" N   GLY A   1 "
      ideal   model   delta    sigma   weight residual
     113.30  106.62    6.68 2.90e+00 1.19e-01 5.30e+00
  angle pdb=" H1  GLY A   1 "
        pdb=" N   GLY A   1 "
        pdb=" H2  GLY A   1 "
      ideal   model   delta    sigma   weight residual
     109.47  114.62   -5.15 3.00e+00 1.11e-01 2.94e+00
  angle pdb=" HB1 PHE A   3 "
        pdb=" CB  PHE A   3 "
        pdb=" HB2 PHE A   3 "
      ideal   model   delta    sigma   weight residual
     110.00  105.20    4.80 3.00e+00 1.11e-01 2.56e+00
  angle pdb=" CZ  PHE A   3 "
        pdb=" CE1 PHE A   3 "
        pdb=" HE1 PHE A   3 "
      ideal   model   delta    sigma   weight residual
     120.00  115.72    4.28 3.00e+00 1.11e-01 2.04e+00
  angle pdb=" CD2 PHE A   3 "
        pdb=" CG  PHE A   3 "
        pdb=" CD1 PHE A   3 "
      ideal   model   delta    sigma   weight residual
     118.60  116.52    2.08 1.50e+00 4.44e-01 1.91e+00
  ... (remaining 55 not shown)

  Histogram of dihedral angle deviations from ideal:
        0.01 -     2.99: 7
        2.99 -     5.96: 2
        5.96 -     8.94: 2
        8.94 -    11.92: 1
       11.92 -    14.89: 1
  Dihedral angle restraints: 13
    sinusoidal: 3
      harmonic: 10
  Sorted by residual:
  dihedral pdb=" CA  GLY A   2 "
           pdb=" C   GLY A   2 "
           pdb=" N   PHE A   3 "
           pdb=" CA  PHE A   3 "
      ideal   model   delta  harmonic     sigma   weight residual
    -180.00 -173.57   -6.43     0      5.00e+00 4.00e-02 1.66e+00
  dihedral pdb=" N   PHE A   3 "
           pdb=" CA  PHE A   3 "
           pdb=" CB  PHE A   3 "
           pdb=" CG  PHE A   3 "
      ideal   model   delta sinusoidal    sigma   weight residual
      60.00   74.89  -14.89     3      1.50e+01 4.44e-03 1.37e+00
  dihedral pdb=" CG  PHE A   3 "
           pdb=" CE1 PHE A   3 "
           pdb=" CD1 PHE A   3 "
           pdb=" HE1 PHE A   3 "
      ideal   model   delta  harmonic     sigma   weight residual
    -180.00 -175.90   -4.10     0      5.00e+00 4.00e-02 6.71e-01
  ... (remaining 10 not shown)

  Histogram of chiral volume deviations from ideal:
       0.032 -    0.032: 1
       0.032 -    0.032: 0
       0.032 -    0.032: 0
       0.032 -    0.032: 0
       0.032 -    0.032: 0
  Chirality restraints: 1
  Sorted by residual:
  chirality pdb=" CA  PHE A   3 "
            pdb=" C   PHE A   3 "
            pdb=" N   PHE A   3 "
            pdb=" CB  PHE A   3 "
    both_signs  ideal   model   delta    sigma   weight residual
      False     -2.51   -2.54    0.03 2.00e-01 2.50e+01 2.62e-02

  Planarity restraints: 6
  Sorted by residual:
                                 delta    sigma   weight rms_deltas residual
  plane pdb=" CB  PHE A   3 "    0.007 2.00e-02 2.50e+03   1.67e-02 8.32e+00
        pdb=" CG  PHE A   3 "   -0.004 2.00e-02 2.50e+03
        pdb=" CD2 PHE A   3 "    0.011 2.00e-02 2.50e+03
        pdb=" HD2 PHE A   3 "   -0.019 2.00e-02 2.50e+03
        pdb=" CE2 PHE A   3 "    0.002 2.00e-02 2.50e+03
        pdb=" HE2 PHE A   3 "    0.013 2.00e-02 2.50e+03
        pdb=" CZ  PHE A   3 "    0.016 2.00e-02 2.50e+03
        pdb=" HZ  PHE A   3 "   -0.020 2.00e-02 2.50e+03
        pdb=" CE1 PHE A   3 "   -0.034 2.00e-02 2.50e+03
        pdb=" HE1 PHE A   3 "    0.025 2.00e-02 2.50e+03
        pdb=" CD1 PHE A   3 "    0.010 2.00e-02 2.50e+03
        pdb=" HD1 PHE A   3 "   -0.008 2.00e-02 2.50e+03
                                 delta    sigma   weight rms_deltas residual
  plane pdb=" C   GLY A   2 "   -0.010 2.00e-02 2.50e+03   1.95e-02 3.82e+00
        pdb=" CA  PHE A   3 "   -0.009 2.00e-02 2.50e+03
        pdb=" N   PHE A   3 "    0.034 2.00e-02 2.50e+03
        pdb=" H   PHE A   3 "   -0.014 2.00e-02 2.50e+03
                                 delta    sigma   weight rms_deltas residual
  plane pdb=" OXT PHE A   3 "   -0.012 2.00e-02 2.50e+03   1.74e-02 3.79e+00
        pdb=" C   PHE A   3 "   -0.028 2.00e-02 2.50e+03
        pdb=" O   PHE A   3 "    0.005 2.00e-02 2.50e+03
        pdb=" HXT PHE A   3 "    0.018 2.00e-02 2.50e+03
        pdb=" CA  PHE A   3 "    0.016 2.00e-02 2.50e+03
  ... (remaining 3 not shown)

  Histogram of nonbonded interaction distances:
        1.77 -     2.40: 12
        2.40 -     3.02: 50
        3.02 -     3.64: 59
        3.64 -     4.27: 66
        4.27 -     4.89: 87
  Nonbonded interactions: 274
  Sorted by model distance:
  nonbonded pdb=" H   GLY A   2 "
            pdb=" H   PHE A   3 "
     model   vdw
     1.771 2.100
  nonbonded pdb=" HA1 GLY A   1 "
            pdb=" H1  GLY A   1 "
     model   vdw
     2.169 1.816
  nonbonded pdb=" HZ  PHE A   3 "
            pdb=" HE1 PHE A   3 "
     model   vdw
     2.177 1.680
  nonbonded pdb=" O   PHE A   3 "
            pdb=" HXT PHE A   3 "
     model   vdw
     2.229 2.056
  nonbonded pdb=" HE2 PHE A   3 "
            pdb=" HZ  PHE A   3 "
     model   vdw
     2.248 1.680
  ... (remaining 269 not shown)

  NOTE: a complete listing of the restraints can be obtained by requesting
        output of .geo file.

                   ----------xray_structure summary----------                  

Number of scattering types: 4
  Type Number    sf(0)   Gaussians
   O       4      7.97       2
   N       3      6.97       2
   C      13      5.97       2
   H      17      1.00       2
  sf(0) = scattering factor at diffraction angle 0.
Number of scatterers: 37
At special positions: 0
Unit cell: (11.205, 14.445, 12.67, 90, 90, 90)
Space group: P 1 (No. 1)

End of input processing
r_work=0.6487 r_free=0.8561
params.data_weight: None
params.restraints: qm
rmsd(b), start:  0.0862
mc:   0 R: 0.6393 rmsd(b):  0.0297 restraint_scale:  1.0 min_steps: 53
mc:   1 R: 0.6316 rmsd(b):  0.0288 restraint_scale:  1.0 min_steps: 52
mc:   2 R: 0.6308 rmsd(b):  0.0289 restraint_scale:  1.0 min_steps: 38
mc:   3 R: 0.6308 rmsd(b):  0.0290 restraint_scale:  1.0 min_steps: 8
Convergence reached, stop now.
see the result structure:  ./p26/04_results/refine_qm/234_GGF02-new/1.5/8.pdb
Time: 167.5316
