phenix.python
you are importing  adaptive calculator, and it does nothing. Please give it energy, force....... 

============================== Collecting inputs ==============================


                   ----------Processing X-ray data----------                   

F-obs:
  /scratch/m_zhen01/31011.lupus.uni-muenster.de/p26/02_mtz/260_FGG412-new.mtz:F-obs
Miller array info: None
Observation type: xray.amplitude
Type of data: double, size=198
Type of sigmas: None
Number of Miller indices: 198
Anomalous flag: False
Unit cell: (13.225, 13.658, 10.482, 90, 90, 90)
Space group: P 1 (No. 1)
Systematic absences: 0
Centric reflections: 0
Resolution range: 3.98202 2.52056
Completeness in resolution range: 1
Completeness with d_max=infinity: 0.767442

Number of F-obs in resolution range:                   198
Number of F-obs<0 (these reflections will be rejected): 0
Number of F-obs=0 (these reflections will be used in refinement): 0
Refinement resolution range: d_max =   3.9820
                             d_min =   2.5206

R-free flags:
  /scratch/m_zhen01/31011.lupus.uni-muenster.de/p26/02_mtz/260_FGG412-new.mtz:R-free-flags
Miller array info: /scratch/m_zhen01/31011.lupus.uni-muenster.de/p26/02_mtz/260_FGG412-new.mtz:R-free-flags
Observation type: None
Type of data: int, size=198
Type of sigmas: None
Number of Miller indices: 198
Anomalous flag: False
Unit cell: (13.225, 13.658, 10.482, 90, 90, 90)
Space group: P 1 (No. 1)
Systematic absences: 0
Centric reflections: 0
Resolution range: 3.98202 2.52056
Completeness in resolution range: 1
Completeness with d_max=infinity: 0.767442
Wavelength: 1.0000

Test (R-free flags) flag value: 1

Number of work/free reflections by resolution:
                                  work free  %free
  bin  1: 3.9820 - 3.6539 [20/20]   20    0   0.0%
  bin  2: 3.6539 - 3.4127 [16/16]   16    0   0.0%
  bin  3: 3.4127 - 3.2247 [23/23]   21    2   8.7%
  bin  4: 3.2247 - 3.0724 [14/14]   12    2  14.3%
  bin  5: 3.0724 - 2.9452 [28/28]   28    0   0.0%
  bin  6: 2.9452 - 2.8368 [10/10]   10    0   0.0%
  bin  7: 2.8368 - 2.7428 [12/12]   10    2  16.7%
  bin  8: 2.7428 - 2.6601 [25/25]   23    2   8.0%
  bin  9: 2.6601 - 2.5866 [26/26]   26    0   0.0%
  bin 10: 2.5866 - 2.5206 [24/24]   24    0   0.0%
                          overall  190    8   4.0%

                   ----------Processing PDB file(s)----------                  

  Monomer Library directory:
    "/tmp1/m_zhen01/phenix-installer-1.10.1-2155-intel-linux-2.6-x86_64-centos5/phenix-1.10.1-2155/modules/chem_data/mon_lib"
  Total number of atoms: 37
  Number of models: 1
  Model: ""
    Number of chains: 1
    Chain: "A"
      Number of atoms: 37
      Number of conformers: 1
      Conformer: ""
        Number of residues, atoms: 3, 37
          Classifications: {'peptide': 3}
          Modifications used: {'NH2NOTPRO': 1, 'COOH': 1}
          Link IDs: {'TRANS': 2}
  Time building chain proxies: 0.07, per 1000 atoms: 1.89
  Number of scatterers: 37
  At special positions: 0
  Unit cell: (13.225, 13.658, 10.482, 90, 90, 90)
  Space group: P 1 (No. 1)
  Number of sites at special positions: 0
  Number of scattering types: 4
    Type Number    sf(0)
     O       4      8.00
     N       3      7.00
     C      13      6.00
     H      17      1.00
    sf(0) = scattering factor at diffraction angle 0.

  Number of disulfides: simple=0, symmetry=0

  Automatic linking
    Parameters for automatic linking
      Linking & cutoffs
        Metal                : False - 3.50
        Amimo acid           : False - 1.90
        Carbohydrate         : True  - 1.99
        Ligands              : True  - 1.99
        Amino acid - RNA/DNA : False
      
  Number of custom bonds: simple=0, symmetry=0
  Time building additional restraints: 0.02
  Conformation dependent library (CDL) restraints added in 2.9 milliseconds
  
  Adding C-beta torsion restraints...
  Number of C-beta restraints generated:  2
  Time building geometry restraints manager: 0.03 seconds

  NOTE: a complete listing of the restraints can be obtained by requesting
        output of .geo file.

  Histogram of bond lengths:
        0.81 -     0.96: 10
        0.96 -     1.10: 7
        1.10 -     1.25: 3
        1.25 -     1.40: 7
        1.40 -     1.55: 10
  Bond restraints: 37
  Sorted by residual:
  bond pdb=" CE1 PHE A   1 "
       pdb=" HE1 PHE A   1 "
    ideal  model  delta    sigma   weight residual
    0.930  0.982 -0.052 2.00e-02 2.50e+03 6.85e+00
  bond pdb=" N   GLY A   3 "
       pdb=" H   GLY A   3 "
    ideal  model  delta    sigma   weight residual
    0.860  0.808  0.052 2.00e-02 2.50e+03 6.75e+00
  bond pdb=" C   GLY A   3 "
       pdb=" CA  GLY A   3 "
    ideal  model  delta    sigma   weight residual
    1.516  1.546 -0.030 1.80e-02 3.09e+03 2.74e+00
  bond pdb=" N   PHE A   1 "
       pdb=" H1  PHE A   1 "
    ideal  model  delta    sigma   weight residual
    0.960  0.927  0.033 2.00e-02 2.50e+03 2.66e+00
  bond pdb=" CA  PHE A   1 "
       pdb=" HA  PHE A   1 "
    ideal  model  delta    sigma   weight residual
    0.970  0.939  0.031 2.00e-02 2.50e+03 2.37e+00
  ... (remaining 32 not shown)

  Histogram of bond angle deviations from ideal:
      103.13 -   107.82: 8
      107.82 -   112.50: 14
      112.50 -   117.19: 9
      117.19 -   121.88: 24
      121.88 -   126.56: 5
  Bond angle restraints: 60
  Sorted by residual:
  angle pdb=" C   GLY A   3 "
        pdb=" OXT GLY A   3 "
        pdb=" HXT GLY A   3 "
      ideal   model   delta    sigma   weight residual
     108.00  114.64   -6.64 3.00e+00 1.11e-01 4.90e+00
  angle pdb=" CA  PHE A   1 "
        pdb=" CB  PHE A   1 "
        pdb=" HB1 PHE A   1 "
      ideal   model   delta    sigma   weight residual
     109.00  103.13    5.87 3.00e+00 1.11e-01 3.83e+00
  angle pdb=" HA  PHE A   1 "
        pdb=" CA  PHE A   1 "
        pdb=" CB  PHE A   1 "
      ideal   model   delta    sigma   weight residual
     109.00  103.67    5.33 3.00e+00 1.11e-01 3.15e+00
  angle pdb=" N   PHE A   1 "
        pdb=" CA  PHE A   1 "
        pdb=" CB  PHE A   1 "
      ideal   model   delta    sigma   weight residual
     110.50  113.35   -2.85 1.70e+00 3.46e-01 2.81e+00
  angle pdb=" C   GLY A   2 "
        pdb=" N   GLY A   3 "
        pdb=" CA  GLY A   3 "
      ideal   model   delta    sigma   weight residual
     121.70  118.77    2.93 1.80e+00 3.09e-01 2.65e+00
  ... (remaining 55 not shown)

  Histogram of dihedral angle deviations from ideal:
        0.16 -     3.61: 7
        3.61 -     7.05: 4
        7.05 -    10.49: 1
       10.49 -    13.94: 0
       13.94 -    17.38: 1
  Dihedral angle restraints: 13
    sinusoidal: 3
      harmonic: 10
  Sorted by residual:
  dihedral pdb=" N   PHE A   1 "
           pdb=" C   PHE A   1 "
           pdb=" CA  PHE A   1 "
           pdb=" CB  PHE A   1 "
      ideal   model   delta  harmonic     sigma   weight residual
     122.80  127.02   -4.22     0      2.50e+00 1.60e-01 2.85e+00
  dihedral pdb=" C   PHE A   1 "
           pdb=" N   PHE A   1 "
           pdb=" CA  PHE A   1 "
           pdb=" CB  PHE A   1 "
      ideal   model   delta  harmonic     sigma   weight residual
    -122.60 -126.25    3.65     0      2.50e+00 1.60e-01 2.13e+00
  dihedral pdb=" CA  GLY A   2 "
           pdb=" C   GLY A   2 "
           pdb=" N   GLY A   3 "
           pdb=" CA  GLY A   3 "
      ideal   model   delta  harmonic     sigma   weight residual
    -180.00 -172.91   -7.09     0      5.00e+00 4.00e-02 2.01e+00
  ... (remaining 10 not shown)

  Histogram of chiral volume deviations from ideal:
       0.119 -    0.119: 1
       0.119 -    0.119: 0
       0.119 -    0.119: 0
       0.119 -    0.119: 0
       0.119 -    0.119: 0
  Chirality restraints: 1
  Sorted by residual:
  chirality pdb=" CA  PHE A   1 "
            pdb=" C   PHE A   1 "
            pdb=" N   PHE A   1 "
            pdb=" CB  PHE A   1 "
    both_signs  ideal   model   delta    sigma   weight residual
      False     -2.51   -2.39   -0.12 2.00e-01 2.50e+01 3.56e-01

  Planarity restraints: 6
  Sorted by residual:
                                 delta    sigma   weight rms_deltas residual
  plane pdb=" CB  PHE A   1 "   -0.008 2.00e-02 2.50e+03   1.47e-02 6.45e+00
        pdb=" CG  PHE A   1 "    0.031 2.00e-02 2.50e+03
        pdb=" CD2 PHE A   1 "    0.021 2.00e-02 2.50e+03
        pdb=" HD2 PHE A   1 "   -0.019 2.00e-02 2.50e+03
        pdb=" CE2 PHE A   1 "   -0.002 2.00e-02 2.50e+03
        pdb=" HE2 PHE A   1 "   -0.014 2.00e-02 2.50e+03
        pdb=" CZ  PHE A   1 "    0.006 2.00e-02 2.50e+03
        pdb=" HZ  PHE A   1 "    0.002 2.00e-02 2.50e+03
        pdb=" CE1 PHE A   1 "    0.003 2.00e-02 2.50e+03
        pdb=" HE1 PHE A   1 "   -0.004 2.00e-02 2.50e+03
        pdb=" CD1 PHE A   1 "    0.005 2.00e-02 2.50e+03
        pdb=" HD1 PHE A   1 "   -0.021 2.00e-02 2.50e+03
                                 delta    sigma   weight rms_deltas residual
  plane pdb=" O   GLY A   3 "   -0.003 2.00e-02 2.50e+03   1.10e-02 1.50e+00
        pdb=" C   GLY A   3 "   -0.004 2.00e-02 2.50e+03
        pdb=" OXT GLY A   3 "   -0.017 2.00e-02 2.50e+03
        pdb=" HXT GLY A   3 "    0.015 2.00e-02 2.50e+03
        pdb=" CA  GLY A   3 "    0.008 2.00e-02 2.50e+03
                                 delta    sigma   weight rms_deltas residual
  plane pdb=" C   GLY A   2 "   -0.005 2.00e-02 2.50e+03   9.35e-03 8.75e-01
        pdb=" CA  GLY A   3 "   -0.004 2.00e-02 2.50e+03
        pdb=" N   GLY A   3 "    0.016 2.00e-02 2.50e+03
        pdb=" H   GLY A   3 "   -0.007 2.00e-02 2.50e+03
  ... (remaining 3 not shown)

  Histogram of nonbonded interaction distances:
        1.94 -     2.53: 20
        2.53 -     3.12: 60
        3.12 -     3.71: 70
        3.71 -     4.31: 89
        4.31 -     4.90: 90
  Nonbonded interactions: 329
  Sorted by model distance:
  nonbonded pdb=" O   PHE A   1 "
            pdb=" H   GLY A   3 "
     model   vdw
     1.935 1.970
  nonbonded pdb=" H1  PHE A   1 "
            pdb=" H   GLY A   2 "
     model   vdw
     2.013 2.100
  nonbonded pdb=" HA1 GLY A   2 "
            pdb=" H   GLY A   2 "
     model   vdw
     2.114 1.816
  nonbonded pdb=" HA2 GLY A   3 "
            pdb=" H   GLY A   3 "
     model   vdw
     2.136 1.816
  nonbonded pdb=" HA  PHE A   1 "
            pdb=" HB1 PHE A   1 "
     model   vdw
     2.187 1.952
  ... (remaining 324 not shown)

  NOTE: a complete listing of the restraints can be obtained by requesting
        output of .geo file.

                   ----------xray_structure summary----------                  

Number of scattering types: 4
  Type Number    sf(0)   Gaussians
   O       4      7.97       2
   N       3      6.97       2
   C      13      5.97       2
   H      17      1.00       2
  sf(0) = scattering factor at diffraction angle 0.
Number of scatterers: 37
At special positions: 0
Unit cell: (13.225, 13.658, 10.482, 90, 90, 90)
Space group: P 1 (No. 1)

End of input processing
r_work=0.2270 r_free=0.2104
params.data_weight: None
params.restraints: qm
rmsd(b), start:  0.0846
mc:   0 R: 0.0409 rmsd(b):  0.0531 restraint_scale:  2.0 min_steps: 21
mc:   1 R: 0.0341 rmsd(b):  0.0638 restraint_scale:  4.0 min_steps: 10
mc:   2 R: 0.0327 rmsd(b):  0.0370 restraint_scale:  8.0 min_steps: 21
mc:   3 R: 0.0251 rmsd(b):  0.0416 restraint_scale: 16.0 min_steps: 6
mc:   4 R: 0.0179 rmsd(b):  0.0295 restraint_scale: 16.0 min_steps: 38
mc:   5 R: 0.0097 rmsd(b):  0.0622 restraint_scale: 32.0 min_steps: 23
mc:   6 R: 0.0141 rmsd(b):  0.0284 restraint_scale: 32.0 min_steps: 18
mc:   7 R: 0.0093 rmsd(b):  0.0380 restraint_scale: 64.0 min_steps: 16
mc:   8 R: 0.0106 rmsd(b):  0.0292 restraint_scale: 64.0 min_steps: 8
mc:   9 R: 0.0087 rmsd(b):  0.0324 restraint_scale: 128.0 min_steps: 15
mc:  10 R: 0.0105 rmsd(b):  0.0273 restraint_scale: 128.0 min_steps: 10
mc:  11 R: 0.0075 rmsd(b):  0.0307 restraint_scale: 256.0 min_steps: 9
mc:  12 R: 0.0090 rmsd(b):  0.0279 restraint_scale: 256.0 min_steps: 6
mc:  13 R: 0.0080 rmsd(b):  0.0284 restraint_scale: 256.0 min_steps: 4
Convergence reached, stop now.
see the result structure:  ./p26/04_results/refine_qm/260_FGG412-new/0.3/2.pdb
Time: 416.1738
