phenix.python
you are importing  adaptive calculator, and it does nothing. Please give it energy, force....... 

============================== Collecting inputs ==============================


                   ----------Processing X-ray data----------                   

F-obs:
  /scratch/m_zhen01/31011.lupus.uni-muenster.de/p26/02_mtz/260_FGG412-new.mtz:F-obs
Miller array info: None
Observation type: xray.amplitude
Type of data: double, size=198
Type of sigmas: None
Number of Miller indices: 198
Anomalous flag: False
Unit cell: (13.225, 13.658, 10.482, 90, 90, 90)
Space group: P 1 (No. 1)
Systematic absences: 0
Centric reflections: 0
Resolution range: 3.98202 2.52056
Completeness in resolution range: 1
Completeness with d_max=infinity: 0.767442

Number of F-obs in resolution range:                   198
Number of F-obs<0 (these reflections will be rejected): 0
Number of F-obs=0 (these reflections will be used in refinement): 0
Refinement resolution range: d_max =   3.9820
                             d_min =   2.5206

R-free flags:
  /scratch/m_zhen01/31011.lupus.uni-muenster.de/p26/02_mtz/260_FGG412-new.mtz:R-free-flags
Miller array info: /scratch/m_zhen01/31011.lupus.uni-muenster.de/p26/02_mtz/260_FGG412-new.mtz:R-free-flags
Observation type: None
Type of data: int, size=198
Type of sigmas: None
Number of Miller indices: 198
Anomalous flag: False
Unit cell: (13.225, 13.658, 10.482, 90, 90, 90)
Space group: P 1 (No. 1)
Systematic absences: 0
Centric reflections: 0
Resolution range: 3.98202 2.52056
Completeness in resolution range: 1
Completeness with d_max=infinity: 0.767442
Wavelength: 1.0000

Test (R-free flags) flag value: 1

Number of work/free reflections by resolution:
                                  work free  %free
  bin  1: 3.9820 - 3.6539 [20/20]   20    0   0.0%
  bin  2: 3.6539 - 3.4127 [16/16]   16    0   0.0%
  bin  3: 3.4127 - 3.2247 [23/23]   21    2   8.7%
  bin  4: 3.2247 - 3.0724 [14/14]   12    2  14.3%
  bin  5: 3.0724 - 2.9452 [28/28]   28    0   0.0%
  bin  6: 2.9452 - 2.8368 [10/10]   10    0   0.0%
  bin  7: 2.8368 - 2.7428 [12/12]   10    2  16.7%
  bin  8: 2.7428 - 2.6601 [25/25]   23    2   8.0%
  bin  9: 2.6601 - 2.5866 [26/26]   26    0   0.0%
  bin 10: 2.5866 - 2.5206 [24/24]   24    0   0.0%
                          overall  190    8   4.0%

                   ----------Processing PDB file(s)----------                  

  Monomer Library directory:
    "/tmp1/m_zhen01/phenix-installer-1.10.1-2155-intel-linux-2.6-x86_64-centos5/phenix-1.10.1-2155/modules/chem_data/mon_lib"
  Total number of atoms: 37
  Number of models: 1
  Model: ""
    Number of chains: 1
    Chain: "A"
      Number of atoms: 37
      Number of conformers: 1
      Conformer: ""
        Number of residues, atoms: 3, 37
          Classifications: {'peptide': 3}
          Modifications used: {'NH2NOTPRO': 1, 'COOH': 1}
          Link IDs: {'TRANS': 2}
  Time building chain proxies: 0.07, per 1000 atoms: 1.89
  Number of scatterers: 37
  At special positions: 0
  Unit cell: (13.225, 13.658, 10.482, 90, 90, 90)
  Space group: P 1 (No. 1)
  Number of sites at special positions: 0
  Number of scattering types: 4
    Type Number    sf(0)
     O       4      8.00
     N       3      7.00
     C      13      6.00
     H      17      1.00
    sf(0) = scattering factor at diffraction angle 0.

  Number of disulfides: simple=0, symmetry=0

  Automatic linking
    Parameters for automatic linking
      Linking & cutoffs
        Metal                : False - 3.50
        Amimo acid           : False - 1.90
        Carbohydrate         : True  - 1.99
        Ligands              : True  - 1.99
        Amino acid - RNA/DNA : False
      
  Number of custom bonds: simple=0, symmetry=0
  Time building additional restraints: 0.02
  Conformation dependent library (CDL) restraints added in 3.0 milliseconds
  
  Adding C-beta torsion restraints...
  Number of C-beta restraints generated:  2
  Time building geometry restraints manager: 0.03 seconds

  NOTE: a complete listing of the restraints can be obtained by requesting
        output of .geo file.

  Histogram of bond lengths:
        0.82 -     0.97: 10
        0.97 -     1.12: 7
        1.12 -     1.27: 3
        1.27 -     1.42: 9
        1.42 -     1.57: 8
  Bond restraints: 37
  Sorted by residual:
  bond pdb=" CA  GLY A   3 "
       pdb=" HA1 GLY A   3 "
    ideal  model  delta    sigma   weight residual
    0.970  1.015 -0.045 2.00e-02 2.50e+03 5.14e+00
  bond pdb=" N   GLY A   2 "
       pdb=" H   GLY A   2 "
    ideal  model  delta    sigma   weight residual
    0.860  0.820  0.040 2.00e-02 2.50e+03 3.95e+00
  bond pdb=" CE2 PHE A   1 "
       pdb=" HE2 PHE A   1 "
    ideal  model  delta    sigma   weight residual
    0.930  0.893  0.037 2.00e-02 2.50e+03 3.42e+00
  bond pdb=" CA  PHE A   1 "
       pdb=" CB  PHE A   1 "
    ideal  model  delta    sigma   weight residual
    1.530  1.565 -0.035 2.00e-02 2.50e+03 3.06e+00
  bond pdb=" C   GLY A   3 "
       pdb=" OXT GLY A   3 "
    ideal  model  delta    sigma   weight residual
    1.330  1.365 -0.035 2.00e-02 2.50e+03 3.02e+00
  ... (remaining 32 not shown)

  Histogram of bond angle deviations from ideal:
      102.65 -   107.46: 4
      107.46 -   112.27: 22
      112.27 -   117.09: 4
      117.09 -   121.90: 25
      121.90 -   126.72: 5
  Bond angle restraints: 60
  Sorted by residual:
  angle pdb=" CA  GLY A   2 "
        pdb=" N   GLY A   2 "
        pdb=" H   GLY A   2 "
      ideal   model   delta    sigma   weight residual
     114.00  122.60   -8.60 3.00e+00 1.11e-01 8.22e+00
  angle pdb=" C   PHE A   1 "
        pdb=" N   GLY A   2 "
        pdb=" H   GLY A   2 "
      ideal   model   delta    sigma   weight residual
     124.30  116.26    8.04 3.00e+00 1.11e-01 7.18e+00
  angle pdb=" C   GLY A   2 "
        pdb=" N   GLY A   3 "
        pdb=" CA  GLY A   3 "
      ideal   model   delta    sigma   weight residual
     121.70  118.41    3.29 1.80e+00 3.09e-01 3.33e+00
  angle pdb=" C   GLY A   3 "
        pdb=" OXT GLY A   3 "
        pdb=" HXT GLY A   3 "
      ideal   model   delta    sigma   weight residual
     108.00  102.65    5.35 3.00e+00 1.11e-01 3.19e+00
  angle pdb=" C   PHE A   1 "
        pdb=" CA  PHE A   1 "
        pdb=" HA  PHE A   1 "
      ideal   model   delta    sigma   weight residual
     109.00  104.66    4.34 3.00e+00 1.11e-01 2.10e+00
  ... (remaining 55 not shown)

  Histogram of dihedral angle deviations from ideal:
        0.02 -     4.58: 10
        4.58 -     9.13: 2
        9.13 -    13.68: 0
       13.68 -    18.24: 0
       18.24 -    22.79: 1
  Dihedral angle restraints: 13
    sinusoidal: 3
      harmonic: 10
  Sorted by residual:
  dihedral pdb=" CA  GLY A   2 "
           pdb=" C   GLY A   2 "
           pdb=" N   GLY A   3 "
           pdb=" CA  GLY A   3 "
      ideal   model   delta  harmonic     sigma   weight residual
     180.00 -173.45   -6.55     0      5.00e+00 4.00e-02 1.72e+00
  dihedral pdb=" OXT GLY A   3 "
           pdb=" C   GLY A   3 "
           pdb=" CA  GLY A   3 "
           pdb=" N   GLY A   3 "
      ideal   model   delta sinusoidal    sigma   weight residual
     -20.00    2.79  -22.79     2      3.00e+01 1.11e-03 8.00e-01
  dihedral pdb=" CA  PHE A   1 "
           pdb=" CB  PHE A   1 "
           pdb=" CG  PHE A   1 "
           pdb=" CD1 PHE A   1 "
      ideal   model   delta sinusoidal    sigma   weight residual
      90.00   96.94   -6.94     2      2.00e+01 2.50e-03 1.75e-01
  ... (remaining 10 not shown)

  Histogram of chiral volume deviations from ideal:
       0.126 -    0.126: 1
       0.126 -    0.126: 0
       0.126 -    0.126: 0
       0.126 -    0.126: 0
       0.126 -    0.126: 0
  Chirality restraints: 1
  Sorted by residual:
  chirality pdb=" CA  PHE A   1 "
            pdb=" C   PHE A   1 "
            pdb=" N   PHE A   1 "
            pdb=" CB  PHE A   1 "
    both_signs  ideal   model   delta    sigma   weight residual
      False     -2.51   -2.64    0.13 2.00e-01 2.50e+01 3.98e-01

  Planarity restraints: 6
  Sorted by residual:
                                 delta    sigma   weight rms_deltas residual
  plane pdb=" CB  PHE A   1 "    0.010 2.00e-02 2.50e+03   1.13e-02 3.84e+00
        pdb=" CG  PHE A   1 "    0.000 2.00e-02 2.50e+03
        pdb=" CD2 PHE A   1 "    0.004 2.00e-02 2.50e+03
        pdb=" HD2 PHE A   1 "   -0.026 2.00e-02 2.50e+03
        pdb=" CE2 PHE A   1 "    0.008 2.00e-02 2.50e+03
        pdb=" HE2 PHE A   1 "    0.010 2.00e-02 2.50e+03
        pdb=" CZ  PHE A   1 "   -0.001 2.00e-02 2.50e+03
        pdb=" HZ  PHE A   1 "   -0.003 2.00e-02 2.50e+03
        pdb=" CE1 PHE A   1 "    0.007 2.00e-02 2.50e+03
        pdb=" HE1 PHE A   1 "   -0.011 2.00e-02 2.50e+03
        pdb=" CD1 PHE A   1 "    0.015 2.00e-02 2.50e+03
        pdb=" HD1 PHE A   1 "   -0.012 2.00e-02 2.50e+03
                                 delta    sigma   weight rms_deltas residual
  plane pdb=" C   GLY A   2 "    0.005 2.00e-02 2.50e+03   9.30e-03 8.65e-01
        pdb=" CA  GLY A   3 "    0.004 2.00e-02 2.50e+03
        pdb=" N   GLY A   3 "   -0.016 2.00e-02 2.50e+03
        pdb=" H   GLY A   3 "    0.007 2.00e-02 2.50e+03
                                 delta    sigma   weight rms_deltas residual
  plane pdb=" C   GLY A   2 "    0.009 2.00e-02 2.50e+03   5.10e-03 2.60e-01
        pdb=" O   GLY A   2 "   -0.003 2.00e-02 2.50e+03
        pdb=" CA  GLY A   2 "   -0.003 2.00e-02 2.50e+03
        pdb=" N   GLY A   3 "   -0.003 2.00e-02 2.50e+03
  ... (remaining 3 not shown)

  Histogram of nonbonded interaction distances:
        2.02 -     2.59: 30
        2.59 -     3.17: 60
        3.17 -     3.74: 67
        3.74 -     4.32: 83
        4.32 -     4.89: 94
  Nonbonded interactions: 334
  Sorted by model distance:
  nonbonded pdb=" O   PHE A   1 "
            pdb=" H   GLY A   3 "
     model   vdw
     2.017 1.970
  nonbonded pdb=" H2  PHE A   1 "
            pdb=" HD2 PHE A   1 "
     model   vdw
     2.117 2.100
  nonbonded pdb=" O   GLY A   3 "
            pdb=" HXT GLY A   3 "
     model   vdw
     2.145 2.056
  nonbonded pdb=" HA2 GLY A   3 "
            pdb=" H   GLY A   3 "
     model   vdw
     2.211 1.816
  nonbonded pdb=" H2  PHE A   1 "
            pdb=" HB2 PHE A   1 "
     model   vdw
     2.234 2.270
  ... (remaining 329 not shown)

  NOTE: a complete listing of the restraints can be obtained by requesting
        output of .geo file.

                   ----------xray_structure summary----------                  

Number of scattering types: 4
  Type Number    sf(0)   Gaussians
   O       4      7.97       2
   N       3      6.97       2
   C      13      5.97       2
   H      17      1.00       2
  sf(0) = scattering factor at diffraction angle 0.
Number of scatterers: 37
At special positions: 0
Unit cell: (13.225, 13.658, 10.482, 90, 90, 90)
Space group: P 1 (No. 1)

End of input processing
r_work=0.2246 r_free=0.2259
params.data_weight: None
params.restraints: qm
rmsd(b), start:  0.0944
mc:   0 R: 0.0338 rmsd(b):  0.0491 restraint_scale:  2.0 min_steps: 28
mc:   1 R: 0.0208 rmsd(b):  0.0869 restraint_scale:  4.0 min_steps: 21
mc:   2 R: 0.0224 rmsd(b):  0.0378 restraint_scale:  8.0 min_steps: 26
mc:   3 R: 0.0157 rmsd(b):  0.0518 restraint_scale: 16.0 min_steps: 17
mc:   4 R: 0.0165 rmsd(b):  0.0304 restraint_scale: 32.0 min_steps: 25
mc:   5 R: 0.0108 rmsd(b):  0.0441 restraint_scale: 64.0 min_steps: 20
mc:   6 R: 0.0154 rmsd(b):  0.0281 restraint_scale: 64.0 min_steps: 21
mc:   7 R: 0.0122 rmsd(b):  0.0294 restraint_scale: 64.0 min_steps: 3
mc:   8 R: 0.0095 rmsd(b):  0.0292 restraint_scale: 64.0 min_steps: 9
mc:   9 R: 0.0082 rmsd(b):  0.0298 restraint_scale: 64.0 min_steps: 4
mc:  10 R: 0.0083 rmsd(b):  0.0293 restraint_scale: 64.0 min_steps: 4
Convergence reached, stop now.
see the result structure:  ./p26/04_results/refine_qm/260_FGG412-new/0.3/7.pdb
Time: 345.3916
