phenix.python
you are importing  adaptive calculator, and it does nothing. Please give it energy, force....... 

============================== Collecting inputs ==============================


                   ----------Processing X-ray data----------                   

F-obs:
  /scratch/m_zhen01/30995.lupus.uni-muenster.de/p26/02_mtz/228_GGF08-new.mtz:F-obs
Miller array info: None
Observation type: xray.amplitude
Type of data: double, size=205
Type of sigmas: None
Number of Miller indices: 205
Anomalous flag: False
Unit cell: (15.127, 10.801, 12.687, 90, 90, 90)
Space group: P 1 (No. 1)
Systematic absences: 0
Centric reflections: 0
Resolution range: 3.96812 2.50244
Completeness in resolution range: 1
Completeness with d_max=infinity: 0.756458

Number of F-obs in resolution range:                   205
Number of F-obs<0 (these reflections will be rejected): 0
Number of F-obs=0 (these reflections will be used in refinement): 0
Refinement resolution range: d_max =   3.9681
                             d_min =   2.5024

R-free flags:
  /scratch/m_zhen01/30995.lupus.uni-muenster.de/p26/02_mtz/228_GGF08-new.mtz:R-free-flags
Miller array info: /scratch/m_zhen01/30995.lupus.uni-muenster.de/p26/02_mtz/228_GGF08-new.mtz:R-free-flags
Observation type: None
Type of data: int, size=205
Type of sigmas: None
Number of Miller indices: 205
Anomalous flag: False
Unit cell: (15.127, 10.801, 12.687, 90, 90, 90)
Space group: P 1 (No. 1)
Systematic absences: 0
Centric reflections: 0
Resolution range: 3.96812 2.50244
Completeness in resolution range: 1
Completeness with d_max=infinity: 0.756458
Wavelength: 1.0000

Test (R-free flags) flag value: 1

Number of work/free reflections by resolution:
                                  work free  %free
  bin  1: 3.9681 - 3.6370 [21/21]   19    2   9.5%
  bin  2: 3.6370 - 3.3945 [25/25]   21    4  16.0%
  bin  3: 3.3945 - 3.2060 [16/16]   16    0   0.0%
  bin  4: 3.2060 - 3.0534 [27/27]   27    0   0.0%
  bin  5: 3.0534 - 2.9262 [19/19]   15    4  21.1%
  bin  6: 2.9262 - 2.8179 [22/22]   22    0   0.0%
  bin  7: 2.8179 - 2.7241 [18/18]   18    0   0.0%
  bin  8: 2.7241 - 2.6416 [21/21]   21    0   0.0%
  bin  9: 2.6416 - 2.5682 [26/26]   24    2   7.7%
  bin 10: 2.5682 - 2.5024 [10/10]   10    0   0.0%
                          overall  193   12   5.9%

                   ----------Processing PDB file(s)----------                  

  Monomer Library directory:
    "/tmp1/m_zhen01/phenix-installer-1.10.1-2155-intel-linux-2.6-x86_64-centos5/phenix-1.10.1-2155/modules/chem_data/mon_lib"
  Total number of atoms: 37
  Number of models: 1
  Model: ""
    Number of chains: 1
    Chain: "A"
      Number of atoms: 37
      Number of conformers: 1
      Conformer: ""
        Number of residues, atoms: 3, 37
          Classifications: {'peptide': 3}
          Modifications used: {'NH2NOTPRO': 1, 'COOH': 1}
          Link IDs: {'TRANS': 2}
  Time building chain proxies: 0.07, per 1000 atoms: 1.89
  Number of scatterers: 37
  At special positions: 0
  Unit cell: (15.127, 10.801, 12.687, 90, 90, 90)
  Space group: P 1 (No. 1)
  Number of sites at special positions: 0
  Number of scattering types: 4
    Type Number    sf(0)
     O       4      8.00
     N       3      7.00
     C      13      6.00
     H      17      1.00
    sf(0) = scattering factor at diffraction angle 0.

  Number of disulfides: simple=0, symmetry=0

  Automatic linking
    Parameters for automatic linking
      Linking & cutoffs
        Metal                : False - 3.50
        Amimo acid           : False - 1.90
        Carbohydrate         : True  - 1.99
        Ligands              : True  - 1.99
        Amino acid - RNA/DNA : False
      
  Number of custom bonds: simple=0, symmetry=0
  Time building additional restraints: 0.02
  Conformation dependent library (CDL) restraints added in 2.5 milliseconds
  
  Adding C-beta torsion restraints...
  Number of C-beta restraints generated:  2
  Time building geometry restraints manager: 0.04 seconds

  NOTE: a complete listing of the restraints can be obtained by requesting
        output of .geo file.

  Histogram of bond lengths:
        0.83 -     0.97: 14
        0.97 -     1.12: 3
        1.12 -     1.27: 3
        1.27 -     1.42: 9
        1.42 -     1.56: 8
  Bond restraints: 37
  Sorted by residual:
  bond pdb=" CZ  PHE A   3 "
       pdb=" HZ  PHE A   3 "
    ideal  model  delta    sigma   weight residual
    0.930  0.861  0.069 2.00e-02 2.50e+03 1.20e+01
  bond pdb=" CE1 PHE A   3 "
       pdb=" HE1 PHE A   3 "
    ideal  model  delta    sigma   weight residual
    0.930  0.869  0.061 2.00e-02 2.50e+03 9.20e+00
  bond pdb=" C   GLY A   2 "
       pdb=" O   GLY A   2 "
    ideal  model  delta    sigma   weight residual
    1.235  1.206  0.029 1.35e-02 5.49e+03 4.58e+00
  bond pdb=" CE2 PHE A   3 "
       pdb=" HE2 PHE A   3 "
    ideal  model  delta    sigma   weight residual
    0.930  0.890  0.040 2.00e-02 2.50e+03 4.00e+00
  bond pdb=" C   PHE A   3 "
       pdb=" OXT PHE A   3 "
    ideal  model  delta    sigma   weight residual
    1.330  1.291  0.039 2.00e-02 2.50e+03 3.71e+00
  ... (remaining 32 not shown)

  Histogram of bond angle deviations from ideal:
      103.11 -   107.50: 8
      107.50 -   111.89: 11
      111.89 -   116.28: 12
      116.28 -   120.68: 14
      120.68 -   125.07: 15
  Bond angle restraints: 60
  Sorted by residual:
  angle pdb=" C   GLY A   2 "
        pdb=" N   PHE A   3 "
        pdb=" H   PHE A   3 "
      ideal   model   delta    sigma   weight residual
     124.30  118.37    5.93 3.00e+00 1.11e-01 3.91e+00
  angle pdb=" C   PHE A   3 "
        pdb=" CA  PHE A   3 "
        pdb=" N   PHE A   3 "
      ideal   model   delta    sigma   weight residual
     111.00  116.52   -5.52 2.80e+00 1.28e-01 3.89e+00
  angle pdb=" C   GLY A   1 "
        pdb=" CA  GLY A   1 "
        pdb=" HA1 GLY A   1 "
      ideal   model   delta    sigma   weight residual
     109.00  103.11    5.89 3.00e+00 1.11e-01 3.85e+00
  angle pdb=" O   PHE A   3 "
        pdb=" C   PHE A   3 "
        pdb=" CA  PHE A   3 "
      ideal   model   delta    sigma   weight residual
     118.60  112.81    5.79 3.00e+00 1.11e-01 3.73e+00
  angle pdb=" OXT PHE A   3 "
        pdb=" C   PHE A   3 "
        pdb=" CA  PHE A   3 "
      ideal   model   delta    sigma   weight residual
     118.60  124.13   -5.53 3.00e+00 1.11e-01 3.40e+00
  ... (remaining 55 not shown)

  Histogram of dihedral angle deviations from ideal:
        0.71 -     3.58: 9
        3.58 -     6.46: 1
        6.46 -     9.33: 2
        9.33 -    12.20: 0
       12.20 -    15.08: 1
  Dihedral angle restraints: 13
    sinusoidal: 3
      harmonic: 10
  Sorted by residual:
  dihedral pdb=" CA  GLY A   1 "
           pdb=" C   GLY A   1 "
           pdb=" N   GLY A   2 "
           pdb=" CA  GLY A   2 "
      ideal   model   delta  harmonic     sigma   weight residual
    -180.00 -172.46   -7.54     0      5.00e+00 4.00e-02 2.27e+00
  dihedral pdb=" N   PHE A   3 "
           pdb=" CA  PHE A   3 "
           pdb=" CB  PHE A   3 "
           pdb=" CG  PHE A   3 "
      ideal   model   delta sinusoidal    sigma   weight residual
      60.00   44.92   15.08     3      1.50e+01 4.44e-03 1.40e+00
  dihedral pdb=" CA  PHE A   3 "
           pdb=" CB  PHE A   3 "
           pdb=" CG  PHE A   3 "
           pdb=" CD1 PHE A   3 "
      ideal   model   delta sinusoidal    sigma   weight residual
      90.00   80.98    9.02     2      2.00e+01 2.50e-03 2.95e-01
  ... (remaining 10 not shown)

  Histogram of chiral volume deviations from ideal:
       0.002 -    0.002: 1
       0.002 -    0.002: 0
       0.002 -    0.002: 0
       0.002 -    0.002: 0
       0.002 -    0.002: 0
  Chirality restraints: 1
  Sorted by residual:
  chirality pdb=" CA  PHE A   3 "
            pdb=" C   PHE A   3 "
            pdb=" N   PHE A   3 "
            pdb=" CB  PHE A   3 "
    both_signs  ideal   model   delta    sigma   weight residual
      False     -2.51   -2.51   -0.00 2.00e-01 2.50e+01 1.06e-04

  Planarity restraints: 6
  Sorted by residual:
                                 delta    sigma   weight rms_deltas residual
  plane pdb=" C   GLY A   2 "    0.038 2.00e-02 2.50e+03   2.22e-02 4.93e+00
        pdb=" O   GLY A   2 "   -0.015 2.00e-02 2.50e+03
        pdb=" CA  GLY A   2 "   -0.011 2.00e-02 2.50e+03
        pdb=" N   PHE A   3 "   -0.013 2.00e-02 2.50e+03
                                 delta    sigma   weight rms_deltas residual
  plane pdb=" CB  PHE A   3 "   -0.009 2.00e-02 2.50e+03   1.06e-02 3.40e+00
        pdb=" CG  PHE A   3 "   -0.013 2.00e-02 2.50e+03
        pdb=" CD2 PHE A   3 "   -0.005 2.00e-02 2.50e+03
        pdb=" HD2 PHE A   3 "    0.004 2.00e-02 2.50e+03
        pdb=" CE2 PHE A   3 "    0.001 2.00e-02 2.50e+03
        pdb=" HE2 PHE A   3 "    0.016 2.00e-02 2.50e+03
        pdb=" CZ  PHE A   3 "    0.006 2.00e-02 2.50e+03
        pdb=" HZ  PHE A   3 "   -0.022 2.00e-02 2.50e+03
        pdb=" CE1 PHE A   3 "    0.002 2.00e-02 2.50e+03
        pdb=" HE1 PHE A   3 "   -0.002 2.00e-02 2.50e+03
        pdb=" CD1 PHE A   3 "    0.007 2.00e-02 2.50e+03
        pdb=" HD1 PHE A   3 "    0.015 2.00e-02 2.50e+03
                                 delta    sigma   weight rms_deltas residual
  plane pdb=" C   GLY A   1 "    0.007 2.00e-02 2.50e+03   1.40e-02 1.96e+00
        pdb=" CA  GLY A   2 "    0.006 2.00e-02 2.50e+03
        pdb=" N   GLY A   2 "   -0.024 2.00e-02 2.50e+03
        pdb=" H   GLY A   2 "    0.011 2.00e-02 2.50e+03
  ... (remaining 3 not shown)

  Histogram of nonbonded interaction distances:
        1.90 -     2.50: 19
        2.50 -     3.10: 55
        3.10 -     3.70: 77
        3.70 -     4.30: 77
        4.30 -     4.90: 104
  Nonbonded interactions: 332
  Sorted by model distance:
  nonbonded pdb=" O   GLY A   1 "
            pdb=" H   PHE A   3 "
     model   vdw
     1.898 1.970
  nonbonded pdb=" H2  GLY A   1 "
            pdb=" H   GLY A   2 "
     model   vdw
     1.903 2.100
  nonbonded pdb=" HA2 GLY A   1 "
            pdb=" H1  GLY A   1 "
     model   vdw
     2.168 1.816
  nonbonded pdb=" HA2 GLY A   2 "
            pdb=" H   GLY A   2 "
     model   vdw
     2.193 1.816
  nonbonded pdb=" O   PHE A   3 "
            pdb=" HXT PHE A   3 "
     model   vdw
     2.200 2.056
  ... (remaining 327 not shown)

  NOTE: a complete listing of the restraints can be obtained by requesting
        output of .geo file.

                   ----------xray_structure summary----------                  

Number of scattering types: 4
  Type Number    sf(0)   Gaussians
   O       4      7.97       2
   N       3      6.97       2
   C      13      5.97       2
   H      17      1.00       2
  sf(0) = scattering factor at diffraction angle 0.
Number of scatterers: 37
At special positions: 0
Unit cell: (15.127, 10.801, 12.687, 90, 90, 90)
Space group: P 1 (No. 1)

End of input processing
r_work=0.2029 r_free=0.0882
params.data_weight: None
params.restraints: cctbx
rmsd(b), start:  0.0951
mc:   0 R: 0.0201 rmsd(b):  0.0225 restraint_scale:  1.0 min_steps: 28
mc:   1 R: 0.0082 rmsd(b):  0.0283 restraint_scale:  1.0 min_steps: 25
mc:   2 R: 0.0061 rmsd(b):  0.0457 restraint_scale:  2.0 min_steps: 27
mc:   3 R: 0.0059 rmsd(b):  0.0453 restraint_scale:  4.0 min_steps: 8
Convergence reached, stop now.
see the result structure:  ./p26/04_results/refine_cctbx/228_GGF08-new/0.3/7.pdb
Time: 5.4406
