phenix.python
you are importing  adaptive calculator, and it does nothing. Please give it energy, force....... 

============================== Collecting inputs ==============================


                   ----------Processing X-ray data----------                   

F-obs:
  /scratch/m_zhen01/30995.lupus.uni-muenster.de/p26/02_mtz/226_GGF15-new.mtz:F-obs
Miller array info: None
Observation type: xray.amplitude
Type of data: double, size=203
Type of sigmas: None
Number of Miller indices: 203
Anomalous flag: False
Unit cell: (14.526, 12.333, 10.786, 90, 90, 90)
Space group: P 1 (No. 1)
Systematic absences: 0
Centric reflections: 0
Resolution range: 3.95564 2.50185
Completeness in resolution range: 1
Completeness with d_max=infinity: 0.7603

Number of F-obs in resolution range:                   203
Number of F-obs<0 (these reflections will be rejected): 0
Number of F-obs=0 (these reflections will be used in refinement): 0
Refinement resolution range: d_max =   3.9556
                             d_min =   2.5019

R-free flags:
  /scratch/m_zhen01/30995.lupus.uni-muenster.de/p26/02_mtz/226_GGF15-new.mtz:R-free-flags
Miller array info: /scratch/m_zhen01/30995.lupus.uni-muenster.de/p26/02_mtz/226_GGF15-new.mtz:R-free-flags
Observation type: None
Type of data: int, size=203
Type of sigmas: None
Number of Miller indices: 203
Anomalous flag: False
Unit cell: (14.526, 12.333, 10.786, 90, 90, 90)
Space group: P 1 (No. 1)
Systematic absences: 0
Centric reflections: 0
Resolution range: 3.95564 2.50185
Completeness in resolution range: 1
Completeness with d_max=infinity: 0.7603
Wavelength: 1.0000

Test (R-free flags) flag value: 1

Number of work/free reflections by resolution:
                                  work free  %free
  bin  1: 3.9556 - 3.6288 [15/15]   11    4  26.7%
  bin  2: 3.6288 - 3.3888 [29/29]   29    0   0.0%
  bin  3: 3.3888 - 3.2018 [12/12]   12    0   0.0%
  bin  4: 3.2018 - 3.0502 [19/19]   19    0   0.0%
  bin  5: 3.0502 - 2.9238 [26/26]   22    4  15.4%
  bin  6: 2.9238 - 2.8161 [15/15]   11    4  26.7%
  bin  7: 2.8161 - 2.7227 [14/14]   14    0   0.0%
  bin  8: 2.7227 - 2.6405 [21/21]   21    0   0.0%
  bin  9: 2.6405 - 2.5674 [22/22]   22    0   0.0%
  bin 10: 2.5674 - 2.5019 [30/30]   28    2   6.7%
                          overall  189   14   6.9%

                   ----------Processing PDB file(s)----------                  

  Monomer Library directory:
    "/tmp1/m_zhen01/phenix-installer-1.10.1-2155-intel-linux-2.6-x86_64-centos5/phenix-1.10.1-2155/modules/chem_data/mon_lib"
  Total number of atoms: 37
  Number of models: 1
  Model: ""
    Number of chains: 1
    Chain: "A"
      Number of atoms: 37
      Number of conformers: 1
      Conformer: ""
        Number of residues, atoms: 3, 37
          Classifications: {'peptide': 3}
          Modifications used: {'NH2NOTPRO': 1, 'COOH': 1}
          Link IDs: {'TRANS': 2}
  Time building chain proxies: 0.08, per 1000 atoms: 2.16
  Number of scatterers: 37
  At special positions: 0
  Unit cell: (14.526, 12.333, 10.786, 90, 90, 90)
  Space group: P 1 (No. 1)
  Number of sites at special positions: 0
  Number of scattering types: 4
    Type Number    sf(0)
     O       4      8.00
     N       3      7.00
     C      13      6.00
     H      17      1.00
    sf(0) = scattering factor at diffraction angle 0.

  Number of disulfides: simple=0, symmetry=0

  Automatic linking
    Parameters for automatic linking
      Linking & cutoffs
        Metal                : False - 3.50
        Amimo acid           : False - 1.90
        Carbohydrate         : True  - 1.99
        Ligands              : True  - 1.99
        Amino acid - RNA/DNA : False
      
  Number of custom bonds: simple=0, symmetry=0
  Time building additional restraints: 0.02
  Conformation dependent library (CDL) restraints added in 2.9 milliseconds
  
  Adding C-beta torsion restraints...
  Number of C-beta restraints generated:  2
  Time building geometry restraints manager: 0.03 seconds

  NOTE: a complete listing of the restraints can be obtained by requesting
        output of .geo file.

  Histogram of bond lengths:
        0.88 -     1.01: 16
        1.01 -     1.14: 1
        1.14 -     1.28: 3
        1.28 -     1.41: 9
        1.41 -     1.54: 8
  Bond restraints: 37
  Sorted by residual:
  bond pdb=" CA  GLY A   2 "
       pdb=" HA2 GLY A   2 "
    ideal  model  delta    sigma   weight residual
    0.970  1.016 -0.046 2.00e-02 2.50e+03 5.29e+00
  bond pdb=" CA  PHE A   3 "
       pdb=" HA  PHE A   3 "
    ideal  model  delta    sigma   weight residual
    0.970  0.936  0.034 2.00e-02 2.50e+03 2.97e+00
  bond pdb=" CB  PHE A   3 "
       pdb=" CG  PHE A   3 "
    ideal  model  delta    sigma   weight residual
    1.502  1.541 -0.039 2.30e-02 1.89e+03 2.92e+00
  bond pdb=" C   GLY A   1 "
       pdb=" CA  GLY A   1 "
    ideal  model  delta    sigma   weight residual
    1.516  1.489  0.027 1.80e-02 3.09e+03 2.19e+00
  bond pdb=" CE1 PHE A   3 "
       pdb=" HE1 PHE A   3 "
    ideal  model  delta    sigma   weight residual
    0.930  0.901  0.029 2.00e-02 2.50e+03 2.17e+00
  ... (remaining 32 not shown)

  Histogram of bond angle deviations from ideal:
      106.16 -   110.04: 15
      110.04 -   113.92: 13
      113.92 -   117.80: 3
      117.80 -   121.68: 22
      121.68 -   125.56: 7
  Bond angle restraints: 60
  Sorted by residual:
  angle pdb=" C   GLY A   1 "
        pdb=" N   GLY A   2 "
        pdb=" CA  GLY A   2 "
      ideal   model   delta    sigma   weight residual
     121.13  123.85   -2.72 1.35e+00 5.49e-01 4.07e+00
  angle pdb=" HA  PHE A   3 "
        pdb=" CA  PHE A   3 "
        pdb=" CB  PHE A   3 "
      ideal   model   delta    sigma   weight residual
     109.00  112.77   -3.77 3.00e+00 1.11e-01 1.58e+00
  angle pdb=" HA2 GLY A   2 "
        pdb=" CA  GLY A   2 "
        pdb=" N   GLY A   2 "
      ideal   model   delta    sigma   weight residual
     110.00  106.44    3.56 3.00e+00 1.11e-01 1.41e+00
  angle pdb=" C   PHE A   3 "
        pdb=" OXT PHE A   3 "
        pdb=" HXT PHE A   3 "
      ideal   model   delta    sigma   weight residual
     108.00  111.47   -3.47 3.00e+00 1.11e-01 1.34e+00
  angle pdb=" HA  PHE A   3 "
        pdb=" CA  PHE A   3 "
        pdb=" N   PHE A   3 "
      ideal   model   delta    sigma   weight residual
     110.00  106.73    3.27 3.00e+00 1.11e-01 1.19e+00
  ... (remaining 55 not shown)

  Histogram of dihedral angle deviations from ideal:
        0.07 -    35.39: 12
       35.39 -    70.72: 0
       70.72 -   106.04: 0
      106.04 -   141.36: 0
      141.36 -   176.69: 1
  Dihedral angle restraints: 13
    sinusoidal: 3
      harmonic: 10
  Sorted by residual:
  dihedral pdb=" O   PHE A   3 "
           pdb=" C   PHE A   3 "
           pdb=" OXT PHE A   3 "
           pdb=" HXT PHE A   3 "
      ideal   model   delta  harmonic     sigma   weight residual
       0.00 -176.69  176.69     0      3.00e+01 1.11e-03 3.47e+01
  dihedral pdb=" N   PHE A   3 "
           pdb=" CA  PHE A   3 "
           pdb=" CB  PHE A   3 "
           pdb=" CG  PHE A   3 "
      ideal   model   delta sinusoidal    sigma   weight residual
     -60.00  -79.12   19.12     3      1.50e+01 4.44e-03 2.18e+00
  dihedral pdb=" CA  PHE A   3 "
           pdb=" CB  PHE A   3 "
           pdb=" CG  PHE A   3 "
           pdb=" CD1 PHE A   3 "
      ideal   model   delta sinusoidal    sigma   weight residual
      90.00  108.58  -18.58     2      2.00e+01 2.50e-03 1.22e+00
  ... (remaining 10 not shown)

  Histogram of chiral volume deviations from ideal:
       0.099 -    0.099: 1
       0.099 -    0.099: 0
       0.099 -    0.099: 0
       0.099 -    0.099: 0
       0.099 -    0.099: 0
  Chirality restraints: 1
  Sorted by residual:
  chirality pdb=" CA  PHE A   3 "
            pdb=" C   PHE A   3 "
            pdb=" N   PHE A   3 "
            pdb=" CB  PHE A   3 "
    both_signs  ideal   model   delta    sigma   weight residual
      False     -2.51   -2.61    0.10 2.00e-01 2.50e+01 2.46e-01

  Planarity restraints: 6
  Sorted by residual:
                                 delta    sigma   weight rms_deltas residual
  plane pdb=" C   GLY A   1 "    0.036 2.00e-02 2.50e+03   2.08e-02 4.32e+00
        pdb=" O   GLY A   1 "   -0.013 2.00e-02 2.50e+03
        pdb=" CA  GLY A   1 "   -0.011 2.00e-02 2.50e+03
        pdb=" N   GLY A   2 "   -0.012 2.00e-02 2.50e+03
                                 delta    sigma   weight rms_deltas residual
  plane pdb=" CB  PHE A   3 "   -0.004 2.00e-02 2.50e+03   8.80e-03 2.32e+00
        pdb=" CG  PHE A   3 "   -0.006 2.00e-02 2.50e+03
        pdb=" CD2 PHE A   3 "    0.004 2.00e-02 2.50e+03
        pdb=" HD2 PHE A   3 "    0.009 2.00e-02 2.50e+03
        pdb=" CE2 PHE A   3 "   -0.011 2.00e-02 2.50e+03
        pdb=" HE2 PHE A   3 "   -0.003 2.00e-02 2.50e+03
        pdb=" CZ  PHE A   3 "    0.021 2.00e-02 2.50e+03
        pdb=" HZ  PHE A   3 "   -0.009 2.00e-02 2.50e+03
        pdb=" CE1 PHE A   3 "   -0.008 2.00e-02 2.50e+03
        pdb=" HE1 PHE A   3 "    0.004 2.00e-02 2.50e+03
        pdb=" CD1 PHE A   3 "   -0.003 2.00e-02 2.50e+03
        pdb=" HD1 PHE A   3 "    0.006 2.00e-02 2.50e+03
                                 delta    sigma   weight rms_deltas residual
  plane pdb=" O   PHE A   3 "   -0.012 2.00e-02 2.50e+03   1.28e-02 2.06e+00
        pdb=" C   PHE A   3 "    0.009 2.00e-02 2.50e+03
        pdb=" OXT PHE A   3 "    0.018 2.00e-02 2.50e+03
        pdb=" HXT PHE A   3 "   -0.017 2.00e-02 2.50e+03
        pdb=" CA  PHE A   3 "    0.003 2.00e-02 2.50e+03
  ... (remaining 3 not shown)

  Histogram of nonbonded interaction distances:
        1.52 -     2.20: 5
        2.20 -     2.87: 54
        2.87 -     3.55: 45
        3.55 -     4.22: 57
        4.22 -     4.89: 85
  Nonbonded interactions: 246
  Sorted by model distance:
  nonbonded pdb=" HA2 GLY A   1 "
            pdb=" H2  GLY A   1 "
     model   vdw
     1.525 1.816
  nonbonded pdb=" HXT PHE A   3 "
            pdb=" HB2 PHE A   3 "
     model   vdw
     1.964 2.270
  nonbonded pdb=" C   GLY A   1 "
            pdb=" H2  GLY A   1 "
     model   vdw
     2.017 2.240
  nonbonded pdb=" HA1 GLY A   1 "
            pdb=" H2  GLY A   1 "
     model   vdw
     2.122 1.816
  nonbonded pdb=" HA2 GLY A   2 "
            pdb=" H   GLY A   2 "
     model   vdw
     2.156 1.816
  ... (remaining 241 not shown)

  NOTE: a complete listing of the restraints can be obtained by requesting
        output of .geo file.

                   ----------xray_structure summary----------                  

Number of scattering types: 4
  Type Number    sf(0)   Gaussians
   O       4      7.97       2
   N       3      6.97       2
   C      13      5.97       2
   H      17      1.00       2
  sf(0) = scattering factor at diffraction angle 0.
Number of scatterers: 37
At special positions: 0
Unit cell: (14.526, 12.333, 10.786, 90, 90, 90)
Space group: P 1 (No. 1)

End of input processing
r_work=0.5908 r_free=0.5332
params.data_weight: None
params.restraints: cctbx
rmsd(b), start:  0.0882
mc:   0 R: 0.3578 rmsd(b):  0.1657 restraint_scale:  2.0 min_steps: 52
mc:   1 R: 0.2510 rmsd(b):  0.1298 restraint_scale:  4.0 min_steps: 55
mc:   2 R: 0.2851 rmsd(b):  0.0887 restraint_scale:  8.0 min_steps: 25
mc:   3 R: 0.3027 rmsd(b):  0.0575 restraint_scale: 16.0 min_steps: 50
mc:   4 R: 0.2922 rmsd(b):  0.0152 restraint_scale: 16.0 min_steps: 54
mc:   5 R: 0.3022 rmsd(b):  0.0185 restraint_scale: 16.0 min_steps: 21
mc:   6 R: 0.3045 rmsd(b):  0.0128 restraint_scale: 16.0 min_steps: 7
mc:   7 R: 0.3045 rmsd(b):  0.0129 restraint_scale: 16.0 min_steps: 1
Convergence reached, stop now.
see the result structure:  ./p26/04_results/refine_cctbx/226_GGF15-new/1.5/3.pdb
Time: 7.1822
