phenix.python
you are importing  adaptive calculator, and it does nothing. Please give it energy, force....... 

============================== Collecting inputs ==============================


                   ----------Processing X-ray data----------                   

F-obs:
  /scratch/m_zhen01/30993.lupus.uni-muenster.de/p26/02_mtz/224_GGF12-new.mtz:F-obs
Miller array info: None
Observation type: xray.amplitude
Type of data: double, size=206
Type of sigmas: None
Number of Miller indices: 206
Anomalous flag: False
Unit cell: (11.522, 12.779, 13.991, 90, 90, 90)
Space group: P 1 (No. 1)
Systematic absences: 0
Centric reflections: 0
Resolution range: 3.99537 2.50202
Completeness in resolution range: 1
Completeness with d_max=infinity: 0.746377

Number of F-obs in resolution range:                   206
Number of F-obs<0 (these reflections will be rejected): 0
Number of F-obs=0 (these reflections will be used in refinement): 0
Refinement resolution range: d_max =   3.9954
                             d_min =   2.5020

R-free flags:
  /scratch/m_zhen01/30993.lupus.uni-muenster.de/p26/02_mtz/224_GGF12-new.mtz:R-free-flags
Miller array info: /scratch/m_zhen01/30993.lupus.uni-muenster.de/p26/02_mtz/224_GGF12-new.mtz:R-free-flags
Observation type: None
Type of data: int, size=206
Type of sigmas: None
Number of Miller indices: 206
Anomalous flag: False
Unit cell: (11.522, 12.779, 13.991, 90, 90, 90)
Space group: P 1 (No. 1)
Systematic absences: 0
Centric reflections: 0
Resolution range: 3.99537 2.50202
Completeness in resolution range: 1
Completeness with d_max=infinity: 0.746377
Wavelength: 1.0000

Test (R-free flags) flag value: 1

Number of work/free reflections by resolution:
                                  work free  %free
  bin  1: 3.9954 - 3.6541 [13/13]   13    0   0.0%
  bin  2: 3.6541 - 3.4058 [27/27]   23    4  14.8%
  bin  3: 3.4058 - 3.2137 [20/20]   18    2  10.0%
  bin  4: 3.2137 - 3.0587 [21/21]   21    0   0.0%
  bin  5: 3.0587 - 2.9298 [20/20]   20    0   0.0%
  bin  6: 2.9298 - 2.8203 [15/15]   15    0   0.0%
  bin  7: 2.8203 - 2.7254 [27/27]   23    4  14.8%
  bin  8: 2.7254 - 2.6422 [18/18]   18    0   0.0%
  bin  9: 2.6422 - 2.5683 [30/30]   26    4  13.3%
  bin 10: 2.5683 - 2.5020 [15/15]   15    0   0.0%
                          overall  192   14   6.8%

                   ----------Processing PDB file(s)----------                  

  Monomer Library directory:
    "/tmp1/m_zhen01/phenix-installer-1.10.1-2155-intel-linux-2.6-x86_64-centos5/phenix-1.10.1-2155/modules/chem_data/mon_lib"
  Total number of atoms: 37
  Number of models: 1
  Model: ""
    Number of chains: 1
    Chain: "A"
      Number of atoms: 37
      Number of conformers: 1
      Conformer: ""
        Number of residues, atoms: 3, 37
          Classifications: {'peptide': 3}
          Modifications used: {'NH2NOTPRO': 1, 'COOH': 1}
          Link IDs: {'TRANS': 2}
  Time building chain proxies: 0.07, per 1000 atoms: 1.89
  Number of scatterers: 37
  At special positions: 0
  Unit cell: (11.522, 12.779, 13.991, 90, 90, 90)
  Space group: P 1 (No. 1)
  Number of sites at special positions: 0
  Number of scattering types: 4
    Type Number    sf(0)
     O       4      8.00
     N       3      7.00
     C      13      6.00
     H      17      1.00
    sf(0) = scattering factor at diffraction angle 0.

  Number of disulfides: simple=0, symmetry=0

  Automatic linking
    Parameters for automatic linking
      Linking & cutoffs
        Metal                : False - 3.50
        Amimo acid           : False - 1.90
        Carbohydrate         : True  - 1.99
        Ligands              : True  - 1.99
        Amino acid - RNA/DNA : False
      
  Number of custom bonds: simple=0, symmetry=0
  Time building additional restraints: 0.02
  Conformation dependent library (CDL) restraints added in 2.5 milliseconds
  
  Adding C-beta torsion restraints...
  Number of C-beta restraints generated:  2
  Time building geometry restraints manager: 0.03 seconds

  NOTE: a complete listing of the restraints can be obtained by requesting
        output of .geo file.

  Histogram of bond lengths:
        0.86 -     1.00: 17
        1.00 -     1.15: 0
        1.15 -     1.29: 3
        1.29 -     1.43: 9
        1.43 -     1.58: 8
  Bond restraints: 37
  Sorted by residual:
  bond pdb=" CD1 PHE A   3 "
       pdb=" CE1 PHE A   3 "
    ideal  model  delta    sigma   weight residual
    1.382  1.312  0.070 3.00e-02 1.11e+03 5.44e+00
  bond pdb=" CA  PHE A   3 "
       pdb=" CB  PHE A   3 "
    ideal  model  delta    sigma   weight residual
    1.530  1.576 -0.046 2.00e-02 2.50e+03 5.31e+00
  bond pdb=" C   GLY A   2 "
       pdb=" O   GLY A   2 "
    ideal  model  delta    sigma   weight residual
    1.235  1.209  0.026 1.35e-02 5.49e+03 3.62e+00
  bond pdb=" CZ  PHE A   3 "
       pdb=" HZ  PHE A   3 "
    ideal  model  delta    sigma   weight residual
    0.930  0.966 -0.036 2.00e-02 2.50e+03 3.33e+00
  bond pdb=" C   GLY A   1 "
       pdb=" N   GLY A   2 "
    ideal  model  delta    sigma   weight residual
    1.331  1.356 -0.026 1.46e-02 4.69e+03 3.15e+00
  ... (remaining 32 not shown)

  Histogram of bond angle deviations from ideal:
      103.02 -   107.42: 9
      107.42 -   111.81: 13
      111.81 -   116.20: 6
      116.20 -   120.59: 20
      120.59 -   124.98: 12
  Bond angle restraints: 60
  Sorted by residual:
  angle pdb=" C   GLY A   2 "
        pdb=" CA  GLY A   2 "
        pdb=" HA1 GLY A   2 "
      ideal   model   delta    sigma   weight residual
     109.00  103.02    5.98 3.00e+00 1.11e-01 3.97e+00
  angle pdb=" C   GLY A   2 "
        pdb=" CA  GLY A   2 "
        pdb=" N   GLY A   2 "
      ideal   model   delta    sigma   weight residual
     113.18  108.94    4.24 2.37e+00 1.78e-01 3.20e+00
  angle pdb=" C   GLY A   1 "
        pdb=" CA  GLY A   1 "
        pdb=" N   GLY A   1 "
      ideal   model   delta    sigma   weight residual
     113.30  118.20   -4.90 2.90e+00 1.19e-01 2.85e+00
  angle pdb=" C   GLY A   2 "
        pdb=" CA  GLY A   2 "
        pdb=" HA2 GLY A   2 "
      ideal   model   delta    sigma   weight residual
     109.00  113.75   -4.75 3.00e+00 1.11e-01 2.51e+00
  angle pdb=" CA  PHE A   3 "
        pdb=" N   PHE A   3 "
        pdb=" H   PHE A   3 "
      ideal   model   delta    sigma   weight residual
     114.00  118.29   -4.29 3.00e+00 1.11e-01 2.05e+00
  ... (remaining 55 not shown)

  Histogram of dihedral angle deviations from ideal:
        0.17 -     5.43: 10
        5.43 -    10.70: 1
       10.70 -    15.96: 1
       15.96 -    21.22: 0
       21.22 -    26.48: 1
  Dihedral angle restraints: 13
    sinusoidal: 3
      harmonic: 10
  Sorted by residual:
  dihedral pdb=" CA  GLY A   2 "
           pdb=" C   GLY A   2 "
           pdb=" N   PHE A   3 "
           pdb=" CA  PHE A   3 "
      ideal   model   delta  harmonic     sigma   weight residual
     180.00 -169.00  -11.00     0      5.00e+00 4.00e-02 4.84e+00
  dihedral pdb=" N   PHE A   3 "
           pdb=" CA  PHE A   3 "
           pdb=" CB  PHE A   3 "
           pdb=" CG  PHE A   3 "
      ideal   model   delta sinusoidal    sigma   weight residual
      60.00   86.48  -26.48     3      1.50e+01 4.44e-03 3.87e+00
  dihedral pdb=" CA  GLY A   1 "
           pdb=" C   GLY A   1 "
           pdb=" N   GLY A   2 "
           pdb=" CA  GLY A   2 "
      ideal   model   delta  harmonic     sigma   weight residual
    -180.00 -175.35   -4.65     0      5.00e+00 4.00e-02 8.64e-01
  ... (remaining 10 not shown)

  Histogram of chiral volume deviations from ideal:
       0.000 -    0.000: 1
       0.000 -    0.000: 0
       0.000 -    0.000: 0
       0.000 -    0.000: 0
       0.000 -    0.000: 0
  Chirality restraints: 1
  Sorted by residual:
  chirality pdb=" CA  PHE A   3 "
            pdb=" C   PHE A   3 "
            pdb=" N   PHE A   3 "
            pdb=" CB  PHE A   3 "
    both_signs  ideal   model   delta    sigma   weight residual
      False     -2.51   -2.51    0.00 2.00e-01 2.50e+01 1.25e-06

  Planarity restraints: 6
  Sorted by residual:
                                 delta    sigma   weight rms_deltas residual
  plane pdb=" CB  PHE A   3 "    0.002 2.00e-02 2.50e+03   1.11e-02 3.72e+00
        pdb=" CG  PHE A   3 "    0.005 2.00e-02 2.50e+03
        pdb=" CD1 PHE A   3 "   -0.002 2.00e-02 2.50e+03
        pdb=" HD1 PHE A   3 "    0.008 2.00e-02 2.50e+03
        pdb=" CE1 PHE A   3 "    0.003 2.00e-02 2.50e+03
        pdb=" HE1 PHE A   3 "   -0.012 2.00e-02 2.50e+03
        pdb=" CZ  PHE A   3 "    0.013 2.00e-02 2.50e+03
        pdb=" HZ  PHE A   3 "   -0.010 2.00e-02 2.50e+03
        pdb=" CE2 PHE A   3 "   -0.010 2.00e-02 2.50e+03
        pdb=" HE2 PHE A   3 "    0.021 2.00e-02 2.50e+03
        pdb=" CD2 PHE A   3 "    0.003 2.00e-02 2.50e+03
        pdb=" HD2 PHE A   3 "   -0.020 2.00e-02 2.50e+03
                                 delta    sigma   weight rms_deltas residual
  plane pdb=" C   GLY A   2 "   -0.007 2.00e-02 2.50e+03   1.31e-02 1.72e+00
        pdb=" CA  PHE A   3 "   -0.006 2.00e-02 2.50e+03
        pdb=" N   PHE A   3 "    0.023 2.00e-02 2.50e+03
        pdb=" H   PHE A   3 "   -0.010 2.00e-02 2.50e+03
                                 delta    sigma   weight rms_deltas residual
  plane pdb=" O   PHE A   3 "    0.004 2.00e-02 2.50e+03   1.15e-02 1.67e+00
        pdb=" C   PHE A   3 "   -0.020 2.00e-02 2.50e+03
        pdb=" OXT PHE A   3 "   -0.006 2.00e-02 2.50e+03
        pdb=" HXT PHE A   3 "    0.011 2.00e-02 2.50e+03
        pdb=" CA  PHE A   3 "    0.010 2.00e-02 2.50e+03
  ... (remaining 3 not shown)

  Histogram of nonbonded interaction distances:
        2.07 -     2.63: 25
        2.63 -     3.19: 49
        3.19 -     3.75: 52
        3.75 -     4.31: 49
        4.31 -     4.88: 67
  Nonbonded interactions: 242
  Sorted by model distance:
  nonbonded pdb=" HA2 GLY A   1 "
            pdb=" H1  GLY A   1 "
     model   vdw
     2.070 1.816
  nonbonded pdb=" HA  PHE A   3 "
            pdb=" HB1 PHE A   3 "
     model   vdw
     2.192 1.952
  nonbonded pdb=" HD1 PHE A   3 "
            pdb=" HE1 PHE A   3 "
     model   vdw
     2.232 1.680
  nonbonded pdb=" O   PHE A   3 "
            pdb=" HXT PHE A   3 "
     model   vdw
     2.246 2.056
  nonbonded pdb=" HE1 PHE A   3 "
            pdb=" HZ  PHE A   3 "
     model   vdw
     2.258 1.680
  ... (remaining 237 not shown)

  NOTE: a complete listing of the restraints can be obtained by requesting
        output of .geo file.

                   ----------xray_structure summary----------                  

Number of scattering types: 4
  Type Number    sf(0)   Gaussians
   O       4      7.97       2
   N       3      6.97       2
   C      13      5.97       2
   H      17      1.00       2
  sf(0) = scattering factor at diffraction angle 0.
Number of scatterers: 37
At special positions: 0
Unit cell: (11.522, 12.779, 13.991, 90, 90, 90)
Space group: P 1 (No. 1)

End of input processing
r_work=0.5329 r_free=0.4853
params.data_weight: 0.0
params.restraints: cctbx
rmsd(b), start:  0.0857
mc:   0 R: 0.5428 rmsd(b):  0.0013 restraint_scale:  1.0 min_steps: 55
mc:   1 R: 0.5384 rmsd(b):  0.0008 restraint_scale:  1.0 min_steps: 53
mc:   2 R: 0.5446 rmsd(b):  0.0008 restraint_scale:  1.0 min_steps: 54
mc:   3 R: 0.5440 rmsd(b):  0.0006 restraint_scale:  1.0 min_steps: 53
mc:   4 R: 0.5478 rmsd(b):  0.0007 restraint_scale:  1.0 min_steps: 54
mc:   5 R: 0.5469 rmsd(b):  0.0006 restraint_scale:  1.0 min_steps: 54
mc:   6 R: 0.5487 rmsd(b):  0.0006 restraint_scale:  1.0 min_steps: 53
mc:   7 R: 0.5478 rmsd(b):  0.0005 restraint_scale:  1.0 min_steps: 53
mc:   8 R: 0.5490 rmsd(b):  0.0006 restraint_scale:  1.0 min_steps: 54
mc:   9 R: 0.5484 rmsd(b):  0.0005 restraint_scale:  1.0 min_steps: 54
mc:  10 R: 0.5484 rmsd(b):  0.0006 restraint_scale:  1.0 min_steps: 55
mc:  11 R: 0.5476 rmsd(b):  0.0005 restraint_scale:  1.0 min_steps: 55
mc:  12 R: 0.5471 rmsd(b):  0.0006 restraint_scale:  1.0 min_steps: 54
mc:  13 R: 0.5464 rmsd(b):  0.0005 restraint_scale:  1.0 min_steps: 54
mc:  14 R: 0.5467 rmsd(b):  0.0005 restraint_scale:  1.0 min_steps: 54
mc:  15 R: 0.5464 rmsd(b):  0.0005 restraint_scale:  1.0 min_steps: 53
mc:  16 R: 0.5465 rmsd(b):  0.0005 restraint_scale:  1.0 min_steps: 52
Convergence reached, stop now.
see the result structure:  ./p26/04_results/opt_cctbx/224_GGF12-new/1.5/0.pdb
Time: 8.0559
