phenix.python
you are importing  adaptive calculator, and it does nothing. Please give it energy, force....... 

============================== Collecting inputs ==============================


                   ----------Processing X-ray data----------                   

F-obs:
  /scratch/m_zhen01/31011.lupus.uni-muenster.de/p26/02_mtz/224_GGF12-new.mtz:F-obs
Miller array info: None
Observation type: xray.amplitude
Type of data: double, size=206
Type of sigmas: None
Number of Miller indices: 206
Anomalous flag: False
Unit cell: (11.522, 12.779, 13.991, 90, 90, 90)
Space group: P 1 (No. 1)
Systematic absences: 0
Centric reflections: 0
Resolution range: 3.99537 2.50202
Completeness in resolution range: 1
Completeness with d_max=infinity: 0.746377

Number of F-obs in resolution range:                   206
Number of F-obs<0 (these reflections will be rejected): 0
Number of F-obs=0 (these reflections will be used in refinement): 0
Refinement resolution range: d_max =   3.9954
                             d_min =   2.5020

R-free flags:
  /scratch/m_zhen01/31011.lupus.uni-muenster.de/p26/02_mtz/224_GGF12-new.mtz:R-free-flags
Miller array info: /scratch/m_zhen01/31011.lupus.uni-muenster.de/p26/02_mtz/224_GGF12-new.mtz:R-free-flags
Observation type: None
Type of data: int, size=206
Type of sigmas: None
Number of Miller indices: 206
Anomalous flag: False
Unit cell: (11.522, 12.779, 13.991, 90, 90, 90)
Space group: P 1 (No. 1)
Systematic absences: 0
Centric reflections: 0
Resolution range: 3.99537 2.50202
Completeness in resolution range: 1
Completeness with d_max=infinity: 0.746377
Wavelength: 1.0000

Test (R-free flags) flag value: 1

Number of work/free reflections by resolution:
                                  work free  %free
  bin  1: 3.9954 - 3.6541 [13/13]   13    0   0.0%
  bin  2: 3.6541 - 3.4058 [27/27]   23    4  14.8%
  bin  3: 3.4058 - 3.2137 [20/20]   18    2  10.0%
  bin  4: 3.2137 - 3.0587 [21/21]   21    0   0.0%
  bin  5: 3.0587 - 2.9298 [20/20]   20    0   0.0%
  bin  6: 2.9298 - 2.8203 [15/15]   15    0   0.0%
  bin  7: 2.8203 - 2.7254 [27/27]   23    4  14.8%
  bin  8: 2.7254 - 2.6422 [18/18]   18    0   0.0%
  bin  9: 2.6422 - 2.5683 [30/30]   26    4  13.3%
  bin 10: 2.5683 - 2.5020 [15/15]   15    0   0.0%
                          overall  192   14   6.8%

                   ----------Processing PDB file(s)----------                  

  Monomer Library directory:
    "/tmp1/m_zhen01/phenix-installer-1.10.1-2155-intel-linux-2.6-x86_64-centos5/phenix-1.10.1-2155/modules/chem_data/mon_lib"
  Total number of atoms: 37
  Number of models: 1
  Model: ""
    Number of chains: 1
    Chain: "A"
      Number of atoms: 37
      Number of conformers: 1
      Conformer: ""
        Number of residues, atoms: 3, 37
          Classifications: {'peptide': 3}
          Modifications used: {'NH2NOTPRO': 1, 'COOH': 1}
          Link IDs: {'TRANS': 2}
  Time building chain proxies: 0.07, per 1000 atoms: 1.89
  Number of scatterers: 37
  At special positions: 0
  Unit cell: (11.522, 12.779, 13.991, 90, 90, 90)
  Space group: P 1 (No. 1)
  Number of sites at special positions: 0
  Number of scattering types: 4
    Type Number    sf(0)
     O       4      8.00
     N       3      7.00
     C      13      6.00
     H      17      1.00
    sf(0) = scattering factor at diffraction angle 0.

  Number of disulfides: simple=0, symmetry=0

  Automatic linking
    Parameters for automatic linking
      Linking & cutoffs
        Metal                : False - 3.50
        Amimo acid           : False - 1.90
        Carbohydrate         : True  - 1.99
        Ligands              : True  - 1.99
        Amino acid - RNA/DNA : False
      
  Number of custom bonds: simple=0, symmetry=0
  Time building additional restraints: 0.02
  Conformation dependent library (CDL) restraints added in 3.0 milliseconds
  
  Adding C-beta torsion restraints...
  Number of C-beta restraints generated:  2
  Time building geometry restraints manager: 0.03 seconds

  NOTE: a complete listing of the restraints can be obtained by requesting
        output of .geo file.

  Histogram of bond lengths:
        0.85 -     0.99: 17
        0.99 -     1.12: 0
        1.12 -     1.26: 3
        1.26 -     1.39: 9
        1.39 -     1.53: 8
  Bond restraints: 37
  Sorted by residual:
  bond pdb=" CE2 PHE A   3 "
       pdb=" CD2 PHE A   3 "
    ideal  model  delta    sigma   weight residual
    1.382  1.306  0.076 3.00e-02 1.11e+03 6.50e+00
  bond pdb=" CE1 PHE A   3 "
       pdb=" HE1 PHE A   3 "
    ideal  model  delta    sigma   weight residual
    0.930  0.890  0.040 2.00e-02 2.50e+03 4.03e+00
  bond pdb=" N   PHE A   3 "
       pdb=" H   PHE A   3 "
    ideal  model  delta    sigma   weight residual
    0.860  0.899 -0.039 2.00e-02 2.50e+03 3.77e+00
  bond pdb=" C   GLY A   2 "
       pdb=" O   GLY A   2 "
    ideal  model  delta    sigma   weight residual
    1.235  1.210  0.025 1.35e-02 5.49e+03 3.36e+00
  bond pdb=" CE1 PHE A   3 "
       pdb=" CZ  PHE A   3 "
    ideal  model  delta    sigma   weight residual
    1.382  1.335  0.047 3.00e-02 1.11e+03 2.44e+00
  ... (remaining 32 not shown)

  Histogram of bond angle deviations from ideal:
      105.30 -   109.41: 13
      109.41 -   113.52: 14
      113.52 -   117.63: 5
      117.63 -   121.75: 20
      121.75 -   125.86: 8
  Bond angle restraints: 60
  Sorted by residual:
  angle pdb=" O   GLY A   2 "
        pdb=" C   GLY A   2 "
        pdb=" N   PHE A   3 "
      ideal   model   delta    sigma   weight residual
     122.70  125.75   -3.05 1.30e+00 5.92e-01 5.51e+00
  angle pdb=" C   PHE A   3 "
        pdb=" CA  PHE A   3 "
        pdb=" CB  PHE A   3 "
      ideal   model   delta    sigma   weight residual
     110.10  114.23   -4.13 1.90e+00 2.77e-01 4.73e+00
  angle pdb=" OXT PHE A   3 "
        pdb=" C   PHE A   3 "
        pdb=" CA  PHE A   3 "
      ideal   model   delta    sigma   weight residual
     118.60  112.45    6.15 3.00e+00 1.11e-01 4.21e+00
  angle pdb=" O   GLY A   1 "
        pdb=" C   GLY A   1 "
        pdb=" N   GLY A   2 "
      ideal   model   delta    sigma   weight residual
     123.00  125.86   -2.86 1.60e+00 3.91e-01 3.19e+00
  angle pdb=" O   PHE A   3 "
        pdb=" C   PHE A   3 "
        pdb=" CA  PHE A   3 "
      ideal   model   delta    sigma   weight residual
     118.60  123.68   -5.08 3.00e+00 1.11e-01 2.87e+00
  ... (remaining 55 not shown)

  Histogram of dihedral angle deviations from ideal:
        0.08 -     2.57: 8
        2.57 -     5.06: 2
        5.06 -     7.54: 1
        7.54 -    10.03: 1
       10.03 -    12.52: 1
  Dihedral angle restraints: 13
    sinusoidal: 3
      harmonic: 10
  Sorted by residual:
  dihedral pdb=" C   PHE A   3 "
           pdb=" N   PHE A   3 "
           pdb=" CA  PHE A   3 "
           pdb=" CB  PHE A   3 "
      ideal   model   delta  harmonic     sigma   weight residual
    -122.60 -128.41    5.81     0      2.50e+00 1.60e-01 5.40e+00
  dihedral pdb=" CA  GLY A   2 "
           pdb=" C   GLY A   2 "
           pdb=" N   PHE A   3 "
           pdb=" CA  PHE A   3 "
      ideal   model   delta  harmonic     sigma   weight residual
    -180.00 -171.35   -8.65     0      5.00e+00 4.00e-02 2.99e+00
  dihedral pdb=" N   PHE A   3 "
           pdb=" C   PHE A   3 "
           pdb=" CA  PHE A   3 "
           pdb=" CB  PHE A   3 "
      ideal   model   delta  harmonic     sigma   weight residual
     122.80  125.89   -3.09     0      2.50e+00 1.60e-01 1.53e+00
  ... (remaining 10 not shown)

  Histogram of chiral volume deviations from ideal:
       0.262 -    0.262: 1
       0.262 -    0.262: 0
       0.262 -    0.262: 0
       0.262 -    0.262: 0
       0.262 -    0.262: 0
  Chirality restraints: 1
  Sorted by residual:
  chirality pdb=" CA  PHE A   3 "
            pdb=" C   PHE A   3 "
            pdb=" N   PHE A   3 "
            pdb=" CB  PHE A   3 "
    both_signs  ideal   model   delta    sigma   weight residual
      False     -2.51   -2.25   -0.26 2.00e-01 2.50e+01 1.72e+00

  Planarity restraints: 6
  Sorted by residual:
                                 delta    sigma   weight rms_deltas residual
  plane pdb=" CB  PHE A   3 "    0.015 2.00e-02 2.50e+03   7.59e-03 1.73e+00
        pdb=" CG  PHE A   3 "   -0.009 2.00e-02 2.50e+03
        pdb=" CD1 PHE A   3 "   -0.000 2.00e-02 2.50e+03
        pdb=" HD1 PHE A   3 "   -0.009 2.00e-02 2.50e+03
        pdb=" CE1 PHE A   3 "    0.004 2.00e-02 2.50e+03
        pdb=" HE1 PHE A   3 "   -0.000 2.00e-02 2.50e+03
        pdb=" CZ  PHE A   3 "   -0.007 2.00e-02 2.50e+03
        pdb=" HZ  PHE A   3 "    0.006 2.00e-02 2.50e+03
        pdb=" CE2 PHE A   3 "    0.010 2.00e-02 2.50e+03
        pdb=" HE2 PHE A   3 "   -0.002 2.00e-02 2.50e+03
        pdb=" CD2 PHE A   3 "   -0.000 2.00e-02 2.50e+03
        pdb=" HD2 PHE A   3 "   -0.010 2.00e-02 2.50e+03
                                 delta    sigma   weight rms_deltas residual
  plane pdb=" O   PHE A   3 "    0.002 2.00e-02 2.50e+03   4.08e-03 2.08e-01
        pdb=" C   PHE A   3 "   -0.007 2.00e-02 2.50e+03
        pdb=" OXT PHE A   3 "   -0.002 2.00e-02 2.50e+03
        pdb=" HXT PHE A   3 "    0.004 2.00e-02 2.50e+03
        pdb=" CA  PHE A   3 "    0.004 2.00e-02 2.50e+03
                                 delta    sigma   weight rms_deltas residual
  plane pdb=" C   GLY A   1 "    0.002 2.00e-02 2.50e+03   4.39e-03 1.93e-01
        pdb=" CA  GLY A   2 "    0.002 2.00e-02 2.50e+03
        pdb=" N   GLY A   2 "   -0.008 2.00e-02 2.50e+03
        pdb=" H   GLY A   2 "    0.003 2.00e-02 2.50e+03
  ... (remaining 3 not shown)

  Histogram of nonbonded interaction distances:
        1.94 -     2.53: 18
        2.53 -     3.12: 52
        3.12 -     3.71: 66
        3.71 -     4.30: 59
        4.30 -     4.89: 77
  Nonbonded interactions: 272
  Sorted by model distance:
  nonbonded pdb=" O   GLY A   1 "
            pdb=" H   PHE A   3 "
     model   vdw
     1.939 1.970
  nonbonded pdb=" HA2 GLY A   1 "
            pdb=" H1  GLY A   1 "
     model   vdw
     2.143 1.816
  nonbonded pdb=" HA1 GLY A   1 "
            pdb=" H   GLY A   2 "
     model   vdw
     2.159 2.270
  nonbonded pdb=" HA1 GLY A   2 "
            pdb=" H   GLY A   2 "
     model   vdw
     2.159 1.816
  nonbonded pdb=" HA  PHE A   3 "
            pdb=" HB2 PHE A   3 "
     model   vdw
     2.202 1.952
  ... (remaining 267 not shown)

  NOTE: a complete listing of the restraints can be obtained by requesting
        output of .geo file.

                   ----------xray_structure summary----------                  

Number of scattering types: 4
  Type Number    sf(0)   Gaussians
   O       4      7.97       2
   N       3      6.97       2
   C      13      5.97       2
   H      17      1.00       2
  sf(0) = scattering factor at diffraction angle 0.
Number of scatterers: 37
At special positions: 0
Unit cell: (11.522, 12.779, 13.991, 90, 90, 90)
Space group: P 1 (No. 1)

End of input processing
r_work=0.3570 r_free=0.3409
params.data_weight: None
params.restraints: qm
rmsd(b), start:  0.0933
mc:   0 R: 0.1120 rmsd(b):  0.0498 restraint_scale:  2.0 min_steps: 38
mc:   1 R: 0.0454 rmsd(b):  0.0607 restraint_scale:  4.0 min_steps: 15
mc:   2 R: 0.0302 rmsd(b):  0.0247 restraint_scale:  4.0 min_steps: 24
mc:   3 R: 0.0220 rmsd(b):  0.0233 restraint_scale:  4.0 min_steps: 12
mc:   4 R: 0.0180 rmsd(b):  0.0243 restraint_scale:  4.0 min_steps: 6
mc:   5 R: 0.0159 rmsd(b):  0.0266 restraint_scale:  4.0 min_steps: 6
mc:   6 R: 0.0111 rmsd(b):  0.0377 restraint_scale:  8.0 min_steps: 23
mc:   7 R: 0.0100 rmsd(b):  0.0360 restraint_scale: 16.0 min_steps: 11
mc:   8 R: 0.0096 rmsd(b):  0.0303 restraint_scale: 32.0 min_steps: 16
mc:   9 R: 0.0092 rmsd(b):  0.0303 restraint_scale: 64.0 min_steps: 19
Convergence reached, stop now.
see the result structure:  ./p26/04_results/refine_qm/224_GGF12-new/0.6/1.pdb
Time: 325.4751
