phenix.python
you are importing  adaptive calculator, and it does nothing. Please give it energy, force....... 

============================== Collecting inputs ==============================


                   ----------Processing X-ray data----------                   

F-obs:
  /scratch/m_zhen01/30994.lupus.uni-muenster.de/p26/02_mtz/250_GFA05-new.mtz:F-obs
Miller array info: None
Observation type: xray.amplitude
Type of data: double, size=233
Type of sigmas: None
Number of Miller indices: 233
Anomalous flag: False
Unit cell: (15.714, 10.32, 14.336, 90, 90, 90)
Space group: P 1 (No. 1)
Systematic absences: 0
Centric reflections: 0
Resolution range: 3.9285 2.50627
Completeness in resolution range: 1
Completeness with d_max=infinity: 0.744409

Number of F-obs in resolution range:                   233
Number of F-obs<0 (these reflections will be rejected): 0
Number of F-obs=0 (these reflections will be used in refinement): 0
Refinement resolution range: d_max =   3.9285
                             d_min =   2.5063

R-free flags:
  /scratch/m_zhen01/30994.lupus.uni-muenster.de/p26/02_mtz/250_GFA05-new.mtz:R-free-flags
Miller array info: /scratch/m_zhen01/30994.lupus.uni-muenster.de/p26/02_mtz/250_GFA05-new.mtz:R-free-flags
Observation type: None
Type of data: int, size=233
Type of sigmas: None
Number of Miller indices: 233
Anomalous flag: False
Unit cell: (15.714, 10.32, 14.336, 90, 90, 90)
Space group: P 1 (No. 1)
Systematic absences: 0
Centric reflections: 0
Resolution range: 3.9285 2.50627
Completeness in resolution range: 1
Completeness with d_max=infinity: 0.744409
Wavelength: 1.0000

Test (R-free flags) flag value: 1

Number of work/free reflections by resolution:
                                  work free  %free
  bin  1: 3.9285 - 3.6134 [19/19]   15    4  21.1%
  bin  2: 3.6134 - 3.3799 [24/24]   24    0   0.0%
  bin  3: 3.3799 - 3.1971 [30/30]   30    0   0.0%
  bin  4: 3.1971 - 3.0483 [21/21]   21    0   0.0%
  bin  5: 3.0483 - 2.9238 [16/16]   14    2  12.5%
  bin  6: 2.9238 - 2.8175 [35/35]   35    0   0.0%
  bin  7: 2.8175 - 2.7251 [16/16]   14    2  12.5%
  bin  8: 2.7251 - 2.6438 [14/14]   14    0   0.0%
  bin  9: 2.6438 - 2.5714 [24/24]   24    0   0.0%
  bin 10: 2.5714 - 2.5063 [34/34]   30    4  11.8%
                          overall  221   12   5.2%

                   ----------Processing PDB file(s)----------                  

  Monomer Library directory:
    "/tmp1/m_zhen01/phenix-installer-1.10.1-2155-intel-linux-2.6-x86_64-centos5/phenix-1.10.1-2155/modules/chem_data/mon_lib"
  Total number of atoms: 40
  Number of models: 1
  Model: ""
    Number of chains: 1
    Chain: "A"
      Number of atoms: 40
      Number of conformers: 1
      Conformer: ""
        Number of residues, atoms: 3, 40
          Classifications: {'peptide': 3}
          Modifications used: {'NH2NOTPRO': 1, 'COOH': 1}
          Link IDs: {'TRANS': 2}
  Time building chain proxies: 0.09, per 1000 atoms: 2.25
  Number of scatterers: 40
  At special positions: 0
  Unit cell: (15.714, 10.32, 14.336, 90, 90, 90)
  Space group: P 1 (No. 1)
  Number of sites at special positions: 0
  Number of scattering types: 4
    Type Number    sf(0)
     O       4      8.00
     N       3      7.00
     C      14      6.00
     H      19      1.00
    sf(0) = scattering factor at diffraction angle 0.

  Number of disulfides: simple=0, symmetry=0

  Automatic linking
    Parameters for automatic linking
      Linking & cutoffs
        Metal                : False - 3.50
        Amimo acid           : False - 1.90
        Carbohydrate         : True  - 1.99
        Ligands              : True  - 1.99
        Amino acid - RNA/DNA : False
      
  Number of custom bonds: simple=0, symmetry=0
  Time building additional restraints: 0.03
  Conformation dependent library (CDL) restraints added in 3.8 milliseconds
  
  Adding C-beta torsion restraints...
  Number of C-beta restraints generated:  4
  Time building geometry restraints manager: 0.04 seconds

  NOTE: a complete listing of the restraints can be obtained by requesting
        output of .geo file.

  Histogram of bond lengths:
        0.85 -     0.99: 15
        0.99 -     1.13: 4
        1.13 -     1.27: 3
        1.27 -     1.41: 9
        1.41 -     1.55: 9
  Bond restraints: 40
  Sorted by residual:
  bond pdb=" CB  PHE A   2 "
       pdb=" HB1 PHE A   2 "
    ideal  model  delta    sigma   weight residual
    0.970  1.015 -0.045 2.00e-02 2.50e+03 5.14e+00
  bond pdb=" CB  PHE A   2 "
       pdb=" CG  PHE A   2 "
    ideal  model  delta    sigma   weight residual
    1.502  1.460  0.042 2.30e-02 1.89e+03 3.33e+00
  bond pdb=" OXT ALA A   3 "
       pdb=" HXT ALA A   3 "
    ideal  model  delta    sigma   weight residual
    0.948  0.912  0.036 2.00e-02 2.50e+03 3.29e+00
  bond pdb=" CB  ALA A   3 "
       pdb=" HB2 ALA A   3 "
    ideal  model  delta    sigma   weight residual
    0.970  1.003 -0.033 2.00e-02 2.50e+03 2.79e+00
  bond pdb=" C   PHE A   2 "
       pdb=" CA  PHE A   2 "
    ideal  model  delta    sigma   weight residual
    1.521  1.501  0.020 1.24e-02 6.50e+03 2.61e+00
  ... (remaining 35 not shown)

  Histogram of bond angle deviations from ideal:
      101.91 -   107.19: 8
      107.19 -   112.47: 24
      112.47 -   117.75: 6
      117.75 -   123.03: 25
      123.03 -   128.31: 3
  Bond angle restraints: 66
  Sorted by residual:
  angle pdb=" C   ALA A   3 "
        pdb=" OXT ALA A   3 "
        pdb=" HXT ALA A   3 "
      ideal   model   delta    sigma   weight residual
     108.00  101.91    6.09 3.00e+00 1.11e-01 4.12e+00
  angle pdb=" CA  GLY A   1 "
        pdb=" N   GLY A   1 "
        pdb=" H1  GLY A   1 "
      ideal   model   delta    sigma   weight residual
     109.47  103.60    5.87 3.00e+00 1.11e-01 3.83e+00
  angle pdb=" HB1 ALA A   3 "
        pdb=" CB  ALA A   3 "
        pdb=" HB2 ALA A   3 "
      ideal   model   delta    sigma   weight residual
     110.00  105.13    4.87 3.00e+00 1.11e-01 2.64e+00
  angle pdb=" C   GLY A   1 "
        pdb=" CA  GLY A   1 "
        pdb=" N   GLY A   1 "
      ideal   model   delta    sigma   weight residual
     113.30  117.58   -4.28 2.90e+00 1.19e-01 2.18e+00
  angle pdb=" C   GLY A   1 "
        pdb=" N   PHE A   2 "
        pdb=" H   PHE A   2 "
      ideal   model   delta    sigma   weight residual
     124.30  128.31   -4.01 3.00e+00 1.11e-01 1.78e+00
  ... (remaining 61 not shown)

  Histogram of dihedral angle deviations from ideal:
        0.03 -     8.78: 13
        8.78 -    17.53: 2
       17.53 -    26.29: 0
       26.29 -    35.04: 0
       35.04 -    43.79: 1
  Dihedral angle restraints: 16
    sinusoidal: 4
      harmonic: 12
  Sorted by residual:
  dihedral pdb=" CA  GLY A   1 "
           pdb=" C   GLY A   1 "
           pdb=" N   PHE A   2 "
           pdb=" CA  PHE A   2 "
      ideal   model   delta  harmonic     sigma   weight residual
    -180.00 -171.66   -8.34     0      5.00e+00 4.00e-02 2.78e+00
  dihedral pdb=" OXT ALA A   3 "
           pdb=" C   ALA A   3 "
           pdb=" CA  ALA A   3 "
           pdb=" N   ALA A   3 "
      ideal   model   delta sinusoidal    sigma   weight residual
     160.00  116.21   43.79     2      3.00e+01 1.11e-03 2.55e+00
  dihedral pdb=" C   ALA A   3 "
           pdb=" N   ALA A   3 "
           pdb=" CA  ALA A   3 "
           pdb=" CB  ALA A   3 "
      ideal   model   delta  harmonic     sigma   weight residual
    -122.60 -120.09   -2.51     0      2.50e+00 1.60e-01 1.00e+00
  ... (remaining 13 not shown)

  Histogram of chiral volume deviations from ideal:
       0.003 -    0.024: 1
       0.024 -    0.045: 0
       0.045 -    0.067: 0
       0.067 -    0.088: 0
       0.088 -    0.109: 1
  Chirality restraints: 2
  Sorted by residual:
  chirality pdb=" CA  ALA A   3 "
            pdb=" C   ALA A   3 "
            pdb=" CB  ALA A   3 "
            pdb=" N   ALA A   3 "
    both_signs  ideal   model   delta    sigma   weight residual
      False      2.48    2.59   -0.11 2.00e-01 2.50e+01 2.97e-01
  chirality pdb=" CA  PHE A   2 "
            pdb=" CB  PHE A   2 "
            pdb=" C   PHE A   2 "
            pdb=" N   PHE A   2 "
    both_signs  ideal   model   delta    sigma   weight residual
      False     -2.51   -2.51    0.00 2.00e-01 2.50e+01 2.34e-04

  Planarity restraints: 6
  Sorted by residual:
                                 delta    sigma   weight rms_deltas residual
  plane pdb=" C   PHE A   2 "    0.014 2.00e-02 2.50e+03   2.67e-02 7.15e+00
        pdb=" CA  ALA A   3 "    0.012 2.00e-02 2.50e+03
        pdb=" N   ALA A   3 "   -0.046 2.00e-02 2.50e+03
        pdb=" H   ALA A   3 "    0.020 2.00e-02 2.50e+03
                                 delta    sigma   weight rms_deltas residual
  plane pdb=" CB  PHE A   2 "   -0.018 2.00e-02 2.50e+03   1.25e-02 4.73e+00
        pdb=" CG  PHE A   2 "    0.020 2.00e-02 2.50e+03
        pdb=" CD1 PHE A   2 "   -0.004 2.00e-02 2.50e+03
        pdb=" HD1 PHE A   2 "    0.006 2.00e-02 2.50e+03
        pdb=" CE1 PHE A   2 "    0.013 2.00e-02 2.50e+03
        pdb=" HE1 PHE A   2 "   -0.003 2.00e-02 2.50e+03
        pdb=" CZ  PHE A   2 "   -0.024 2.00e-02 2.50e+03
        pdb=" HZ  PHE A   2 "    0.002 2.00e-02 2.50e+03
        pdb=" CE2 PHE A   2 "   -0.011 2.00e-02 2.50e+03
        pdb=" HE2 PHE A   2 "    0.012 2.00e-02 2.50e+03
        pdb=" CD2 PHE A   2 "    0.009 2.00e-02 2.50e+03
        pdb=" HD2 PHE A   2 "   -0.003 2.00e-02 2.50e+03
                                 delta    sigma   weight rms_deltas residual
  plane pdb=" O   ALA A   3 "   -0.000 2.00e-02 2.50e+03   4.05e-03 2.05e-01
        pdb=" C   ALA A   3 "   -0.005 2.00e-02 2.50e+03
        pdb=" OXT ALA A   3 "   -0.004 2.00e-02 2.50e+03
        pdb=" HXT ALA A   3 "    0.005 2.00e-02 2.50e+03
        pdb=" CA  ALA A   3 "    0.004 2.00e-02 2.50e+03
  ... (remaining 3 not shown)

  Histogram of nonbonded interaction distances:
        1.88 -     2.48: 22
        2.48 -     3.09: 48
        3.09 -     3.69: 64
        3.69 -     4.30: 80
        4.30 -     4.90: 94
  Nonbonded interactions: 308
  Sorted by model distance:
  nonbonded pdb=" HA2 GLY A   1 "
            pdb=" H2  GLY A   1 "
     model   vdw
     1.881 1.816
  nonbonded pdb=" HA1 GLY A   1 "
            pdb=" H2  GLY A   1 "
     model   vdw
     1.971 1.816
  nonbonded pdb=" O   ALA A   3 "
            pdb=" HXT ALA A   3 "
     model   vdw
     2.145 2.056
  nonbonded pdb=" HA2 GLY A   1 "
            pdb=" H1  GLY A   1 "
     model   vdw
     2.150 1.816
  nonbonded pdb=" HA  PHE A   2 "
            pdb=" H   ALA A   3 "
     model   vdw
     2.254 2.270
  ... (remaining 303 not shown)

  NOTE: a complete listing of the restraints can be obtained by requesting
        output of .geo file.

                   ----------xray_structure summary----------                  

Number of scattering types: 4
  Type Number    sf(0)   Gaussians
   O       4      7.97       2
   N       3      6.97       2
   C      14      5.97       2
   H      19      1.00       2
  sf(0) = scattering factor at diffraction angle 0.
Number of scatterers: 40
At special positions: 0
Unit cell: (15.714, 10.32, 14.336, 90, 90, 90)
Space group: P 1 (No. 1)

End of input processing
r_work=0.5419 r_free=0.5017
params.data_weight: 0.0
params.restraints: qm
rmsd(b), start:  0.0829
mc:   0 R: 0.5275 rmsd(b):  0.0274 restraint_scale:  1.0 min_steps: 52
mc:   1 R: 0.5235 rmsd(b):  0.0274 restraint_scale:  1.0 min_steps: 42
mc:   2 R: 0.5235 rmsd(b):  0.0274 restraint_scale:  1.0 min_steps: 1
Convergence reached, stop now.
see the result structure:  ./p26/04_results/opt_qm/250_GFA05-new/1.2/2.pdb
Time: 119.3081
