phenix.python
you are importing  adaptive calculator, and it does nothing. Please give it energy, force....... 

============================== Collecting inputs ==============================


                   ----------Processing X-ray data----------                   

F-obs:
  /scratch/m_zhen01/30994.lupus.uni-muenster.de/p26/02_mtz/203_WG11-new.mtz:F-obs
Miller array info: None
Observation type: xray.amplitude
Type of data: double, size=181
Type of sigmas: None
Number of Miller indices: 181
Anomalous flag: False
Unit cell: (13.071, 13.502, 9.907, 90, 90, 90)
Space group: P 1 (No. 1)
Systematic absences: 0
Centric reflections: 0
Resolution range: 3.99375 2.52768
Completeness in resolution range: 1
Completeness with d_max=infinity: 0.770213

Number of F-obs in resolution range:                   181
Number of F-obs<0 (these reflections will be rejected): 0
Number of F-obs=0 (these reflections will be used in refinement): 0
Refinement resolution range: d_max =   3.9937
                             d_min =   2.5277

R-free flags:
  /scratch/m_zhen01/30994.lupus.uni-muenster.de/p26/02_mtz/203_WG11-new.mtz:R-free-flags
Miller array info: /scratch/m_zhen01/30994.lupus.uni-muenster.de/p26/02_mtz/203_WG11-new.mtz:R-free-flags
Observation type: None
Type of data: int, size=181
Type of sigmas: None
Number of Miller indices: 181
Anomalous flag: False
Unit cell: (13.071, 13.502, 9.907, 90, 90, 90)
Space group: P 1 (No. 1)
Systematic absences: 0
Centric reflections: 0
Resolution range: 3.99375 2.52768
Completeness in resolution range: 1
Completeness with d_max=infinity: 0.770213
Wavelength: 1.0000

Test (R-free flags) flag value: 1

Number of work/free reflections by resolution:
                                  work free  %free
  bin  1: 3.9937 - 3.6645 [24/24]   24    0   0.0%
  bin  2: 3.6645 - 3.4226 [10/10]   10    0   0.0%
  bin  3: 3.4226 - 3.2340 [13/13]    9    4  30.8%
  bin  4: 3.2340 - 3.0811 [28/28]   28    0   0.0%
  bin  5: 3.0811 - 2.9536 [16/16]   16    0   0.0%
  bin  6: 2.9536 - 2.8449 [20/20]   12    8  40.0%
  bin  7: 2.8449 - 2.7506 [ 6/6 ]    6    0   0.0%
  bin  8: 2.7506 - 2.6677 [17/17]   17    0   0.0%
  bin  9: 2.6677 - 2.5939 [19/19]   19    0   0.0%
  bin 10: 2.5939 - 2.5277 [28/28]   28    0   0.0%
                          overall  169   12   6.6%

                   ----------Processing PDB file(s)----------                  

  Monomer Library directory:
    "/tmp1/m_zhen01/phenix-installer-1.10.1-2155-intel-linux-2.6-x86_64-centos5/phenix-1.10.1-2155/modules/chem_data/mon_lib"
  Total number of atoms: 34
  Number of models: 1
  Model: ""
    Number of chains: 1
    Chain: "A"
      Number of atoms: 34
      Number of conformers: 1
      Conformer: ""
        Number of residues, atoms: 2, 34
          Classifications: {'peptide': 2}
          Modifications used: {'NH2NOTPRO': 1, 'COOH': 1}
          Link IDs: {'TRANS': 1}
  Time building chain proxies: 0.08, per 1000 atoms: 2.35
  Number of scatterers: 34
  At special positions: 0
  Unit cell: (13.071, 13.502, 9.907, 90, 90, 90)
  Space group: P 1 (No. 1)
  Number of sites at special positions: 0
  Number of scattering types: 4
    Type Number    sf(0)
     O       3      8.00
     N       3      7.00
     C      13      6.00
     H      15      1.00
    sf(0) = scattering factor at diffraction angle 0.

  Number of disulfides: simple=0, symmetry=0

  Automatic linking
    Parameters for automatic linking
      Linking & cutoffs
        Metal                : False - 3.50
        Amimo acid           : False - 1.90
        Carbohydrate         : True  - 1.99
        Ligands              : True  - 1.99
        Amino acid - RNA/DNA : False
      
  Number of custom bonds: simple=0, symmetry=0
  Time building additional restraints: 0.02
  Conformation dependent library (CDL) restraints added in 436.1 microseconds
  
  Adding C-beta torsion restraints...
  Number of C-beta restraints generated:  2
  Time building geometry restraints manager: 0.03 seconds

  NOTE: a complete listing of the restraints can be obtained by requesting
        output of .geo file.

  Histogram of bond lengths:
        0.84 -     0.98: 15
        0.98 -     1.12: 0
        1.12 -     1.27: 1
        1.27 -     1.41: 12
        1.41 -     1.55: 7
  Bond restraints: 35
  Sorted by residual:
  bond pdb=" C   TRP A   1 "
       pdb=" N   GLY A   2 "
    ideal  model  delta    sigma   weight residual
    1.329  1.293  0.036 1.40e-02 5.10e+03 6.47e+00
  bond pdb=" CZ3 TRP A   1 "
       pdb=" HZ3 TRP A   1 "
    ideal  model  delta    sigma   weight residual
    0.930  0.880  0.050 2.00e-02 2.50e+03 6.24e+00
  bond pdb=" C   TRP A   1 "
       pdb=" O   TRP A   1 "
    ideal  model  delta    sigma   weight residual
    1.231  1.276 -0.045 2.00e-02 2.50e+03 4.98e+00
  bond pdb=" CB  TRP A   1 "
       pdb=" HB2 TRP A   1 "
    ideal  model  delta    sigma   weight residual
    0.970  0.928  0.042 2.00e-02 2.50e+03 4.42e+00
  bond pdb=" CH2 TRP A   1 "
       pdb=" HH2 TRP A   1 "
    ideal  model  delta    sigma   weight residual
    0.930  0.889  0.041 2.00e-02 2.50e+03 4.27e+00
  ... (remaining 30 not shown)

  Histogram of bond angle deviations from ideal:
      103.80 -   109.53: 18
      109.53 -   115.27: 8
      115.27 -   121.01: 15
      121.01 -   126.75: 11
      126.75 -   132.49: 5
  Bond angle restraints: 57
  Sorted by residual:
  angle pdb=" C   TRP A   1 "
        pdb=" N   GLY A   2 "
        pdb=" H   GLY A   2 "
      ideal   model   delta    sigma   weight residual
     124.30  132.49   -8.19 3.00e+00 1.11e-01 7.45e+00
  angle pdb=" CA  GLY A   2 "
        pdb=" N   GLY A   2 "
        pdb=" H   GLY A   2 "
      ideal   model   delta    sigma   weight residual
     114.00  106.92    7.08 3.00e+00 1.11e-01 5.57e+00
  angle pdb=" O   TRP A   1 "
        pdb=" C   TRP A   1 "
        pdb=" CA  TRP A   1 "
      ideal   model   delta    sigma   weight residual
     120.80  124.61   -3.81 1.70e+00 3.46e-01 5.01e+00
  angle pdb=" O   GLY A   2 "
        pdb=" C   GLY A   2 "
        pdb=" CA  GLY A   2 "
      ideal   model   delta    sigma   weight residual
     118.60  112.18    6.42 3.00e+00 1.11e-01 4.59e+00
  angle pdb=" CA  TRP A   1 "
        pdb=" N   TRP A   1 "
        pdb=" H1  TRP A   1 "
      ideal   model   delta    sigma   weight residual
     109.47  115.57   -6.10 3.00e+00 1.11e-01 4.14e+00
  ... (remaining 52 not shown)

  Histogram of dihedral angle deviations from ideal:
        0.25 -     7.72: 12
        7.72 -    15.20: 0
       15.20 -    22.68: 0
       22.68 -    30.16: 0
       30.16 -    37.63: 1
  Dihedral angle restraints: 13
    sinusoidal: 3
      harmonic: 10
  Sorted by residual:
  dihedral pdb=" OXT GLY A   2 "
           pdb=" C   GLY A   2 "
           pdb=" CA  GLY A   2 "
           pdb=" N   GLY A   2 "
      ideal   model   delta sinusoidal    sigma   weight residual
     -20.00   17.63  -37.63     2      3.00e+01 1.11e-03 1.99e+00
  dihedral pdb=" CA  TRP A   1 "
           pdb=" C   TRP A   1 "
           pdb=" N   GLY A   2 "
           pdb=" CA  GLY A   2 "
      ideal   model   delta  harmonic     sigma   weight residual
     180.00  175.49    4.51     0      5.00e+00 4.00e-02 8.15e-01
  dihedral pdb=" C   TRP A   1 "
           pdb=" N   TRP A   1 "
           pdb=" CA  TRP A   1 "
           pdb=" CB  TRP A   1 "
      ideal   model   delta  harmonic     sigma   weight residual
    -122.60 -121.28   -1.32     0      2.50e+00 1.60e-01 2.80e-01
  ... (remaining 10 not shown)

  Histogram of chiral volume deviations from ideal:
       0.070 -    0.070: 1
       0.070 -    0.070: 0
       0.070 -    0.070: 0
       0.070 -    0.070: 0
       0.070 -    0.070: 0
  Chirality restraints: 1
  Sorted by residual:
  chirality pdb=" CA  TRP A   1 "
            pdb=" C   TRP A   1 "
            pdb=" N   TRP A   1 "
            pdb=" CB  TRP A   1 "
    both_signs  ideal   model   delta    sigma   weight residual
      False     -2.51   -2.58    0.07 2.00e-01 2.50e+01 1.22e-01

  Planarity restraints: 4
  Sorted by residual:
                                 delta    sigma   weight rms_deltas residual
  plane pdb=" CB  TRP A   1 "    0.001 2.00e-02 2.50e+03   1.27e-02 6.42e+00
        pdb=" CG  TRP A   1 "    0.017 2.00e-02 2.50e+03
        pdb=" CD1 TRP A   1 "    0.011 2.00e-02 2.50e+03
        pdb=" HD1 TRP A   1 "   -0.030 2.00e-02 2.50e+03
        pdb=" NE1 TRP A   1 "    0.019 2.00e-02 2.50e+03
        pdb=" HE1 TRP A   1 "   -0.008 2.00e-02 2.50e+03
        pdb=" CE2 TRP A   1 "    0.006 2.00e-02 2.50e+03
        pdb=" CZ2 TRP A   1 "   -0.009 2.00e-02 2.50e+03
        pdb=" HZ2 TRP A   1 "   -0.007 2.00e-02 2.50e+03
        pdb=" CH2 TRP A   1 "    0.004 2.00e-02 2.50e+03
        pdb=" HH2 TRP A   1 "    0.007 2.00e-02 2.50e+03
        pdb=" CZ3 TRP A   1 "    0.011 2.00e-02 2.50e+03
        pdb=" HZ3 TRP A   1 "   -0.016 2.00e-02 2.50e+03
        pdb=" CE3 TRP A   1 "   -0.007 2.00e-02 2.50e+03
        pdb=" HE3 TRP A   1 "   -0.008 2.00e-02 2.50e+03
        pdb=" CD2 TRP A   1 "    0.009 2.00e-02 2.50e+03
                                 delta    sigma   weight rms_deltas residual
  plane pdb=" O   GLY A   2 "   -0.009 2.00e-02 2.50e+03   1.22e-02 1.87e+00
        pdb=" C   GLY A   2 "    0.015 2.00e-02 2.50e+03
        pdb=" OXT GLY A   2 "   -0.018 2.00e-02 2.50e+03
        pdb=" HXT GLY A   2 "    0.011 2.00e-02 2.50e+03
        pdb=" CA  GLY A   2 "    0.001 2.00e-02 2.50e+03
                                 delta    sigma   weight rms_deltas residual
  plane pdb=" C   TRP A   1 "   -0.006 2.00e-02 2.50e+03   1.03e-02 1.06e+00
        pdb=" CA  GLY A   2 "   -0.004 2.00e-02 2.50e+03
        pdb=" N   GLY A   2 "    0.018 2.00e-02 2.50e+03
        pdb=" H   GLY A   2 "   -0.008 2.00e-02 2.50e+03
  ... (remaining 1 not shown)

  Histogram of nonbonded interaction distances:
        1.62 -     2.27: 3
        2.27 -     2.92: 48
        2.92 -     3.57: 71
        3.57 -     4.22: 80
        4.22 -     4.87: 88
  Nonbonded interactions: 290
  Sorted by model distance:
  nonbonded pdb=" HA  TRP A   1 "
            pdb=" H2  TRP A   1 "
     model   vdw
     1.625 1.816
  nonbonded pdb=" HA1 GLY A   2 "
            pdb=" H   GLY A   2 "
     model   vdw
     2.157 1.816
  nonbonded pdb=" HZ2 TRP A   1 "
            pdb=" HH2 TRP A   1 "
     model   vdw
     2.234 1.680
  nonbonded pdb=" HH2 TRP A   1 "
            pdb=" HZ3 TRP A   1 "
     model   vdw
     2.284 1.680
  nonbonded pdb=" O   TRP A   1 "
            pdb=" HA2 GLY A   2 "
     model   vdw
     2.296 2.740
  ... (remaining 285 not shown)

  NOTE: a complete listing of the restraints can be obtained by requesting
        output of .geo file.

                   ----------xray_structure summary----------                  

Number of scattering types: 4
  Type Number    sf(0)   Gaussians
   O       3      7.97       2
   N       3      6.97       2
   C      13      5.97       2
   H      15      1.00       2
  sf(0) = scattering factor at diffraction angle 0.
Number of scatterers: 34
At special positions: 0
Unit cell: (13.071, 13.502, 9.907, 90, 90, 90)
Space group: P 1 (No. 1)

End of input processing
r_work=0.2330 r_free=0.1148
params.data_weight: 0.0
params.restraints: qm
rmsd(b), start:  0.0940
mc:   0 R: 0.1502 rmsd(b):  0.0271 restraint_scale:  1.0 min_steps: 52
mc:   1 R: 0.1265 rmsd(b):  0.0268 restraint_scale:  1.0 min_steps: 54
mc:   2 R: 0.1242 rmsd(b):  0.0269 restraint_scale:  1.0 min_steps: 27
mc:   3 R: 0.1242 rmsd(b):  0.0268 restraint_scale:  1.0 min_steps: 3
Convergence reached, stop now.
see the result structure:  ./p26/04_results/opt_qm/203_WG11-new/0.3/9.pdb
Time: 146.7027
