phenix.python
you are importing  adaptive calculator, and it does nothing. Please give it energy, force....... 

============================== Collecting inputs ==============================


                   ----------Processing X-ray data----------                   

F-obs:
  /scratch/m_zhen01/30994.lupus.uni-muenster.de/p26/02_mtz/255_FGG252-new.mtz:F-obs
Miller array info: None
Observation type: xray.amplitude
Type of data: double, size=196
Type of sigmas: None
Number of Miller indices: 196
Anomalous flag: False
Unit cell: (16.001, 11.437, 10.504, 90, 90, 90)
Space group: P 1 (No. 1)
Systematic absences: 0
Centric reflections: 0
Resolution range: 3.90043 2.51122
Completeness in resolution range: 1
Completeness with d_max=infinity: 0.75969

Number of F-obs in resolution range:                   196
Number of F-obs<0 (these reflections will be rejected): 0
Number of F-obs=0 (these reflections will be used in refinement): 0
Refinement resolution range: d_max =   3.9004
                             d_min =   2.5112

R-free flags:
  /scratch/m_zhen01/30994.lupus.uni-muenster.de/p26/02_mtz/255_FGG252-new.mtz:R-free-flags
Miller array info: /scratch/m_zhen01/30994.lupus.uni-muenster.de/p26/02_mtz/255_FGG252-new.mtz:R-free-flags
Observation type: None
Type of data: int, size=196
Type of sigmas: None
Number of Miller indices: 196
Anomalous flag: False
Unit cell: (16.001, 11.437, 10.504, 90, 90, 90)
Space group: P 1 (No. 1)
Systematic absences: 0
Centric reflections: 0
Resolution range: 3.90043 2.51122
Completeness in resolution range: 1
Completeness with d_max=infinity: 0.75969
Wavelength: 1.0000

Test (R-free flags) flag value: 1

Number of work/free reflections by resolution:
                                  work free  %free
  bin  1: 3.9004 - 3.5973 [21/21]   17    4  19.0%
  bin  2: 3.5973 - 3.3707 [23/23]   23    0   0.0%
  bin  3: 3.3707 - 3.1922 [15/15]   13    2  13.3%
  bin  4: 3.1922 - 3.0464 [26/26]   24    2   7.7%
  bin  5: 3.0464 - 2.9240 [20/20]   20    0   0.0%
  bin  6: 2.9240 - 2.8192 [ 9/9 ]    9    0   0.0%
  bin  7: 2.8192 - 2.7280 [18/18]   16    2  11.1%
  bin  8: 2.7280 - 2.6475 [23/23]   23    0   0.0%
  bin  9: 2.6475 - 2.5758 [19/19]   17    2  10.5%
  bin 10: 2.5758 - 2.5112 [22/22]   22    0   0.0%
                          overall  184   12   6.1%

                   ----------Processing PDB file(s)----------                  

  Monomer Library directory:
    "/tmp1/m_zhen01/phenix-installer-1.10.1-2155-intel-linux-2.6-x86_64-centos5/phenix-1.10.1-2155/modules/chem_data/mon_lib"
  Total number of atoms: 37
  Number of models: 1
  Model: ""
    Number of chains: 1
    Chain: "A"
      Number of atoms: 37
      Number of conformers: 1
      Conformer: ""
        Number of residues, atoms: 3, 37
          Classifications: {'peptide': 3}
          Modifications used: {'NH2NOTPRO': 1, 'COOH': 1}
          Link IDs: {'TRANS': 2}
  Time building chain proxies: 0.07, per 1000 atoms: 1.89
  Number of scatterers: 37
  At special positions: 0
  Unit cell: (16.001, 11.437, 10.504, 90, 90, 90)
  Space group: P 1 (No. 1)
  Number of sites at special positions: 0
  Number of scattering types: 4
    Type Number    sf(0)
     O       4      8.00
     N       3      7.00
     C      13      6.00
     H      17      1.00
    sf(0) = scattering factor at diffraction angle 0.

  Number of disulfides: simple=0, symmetry=0

  Automatic linking
    Parameters for automatic linking
      Linking & cutoffs
        Metal                : False - 3.50
        Amimo acid           : False - 1.90
        Carbohydrate         : True  - 1.99
        Ligands              : True  - 1.99
        Amino acid - RNA/DNA : False
      
  Number of custom bonds: simple=0, symmetry=0
  Time building additional restraints: 0.02
  Conformation dependent library (CDL) restraints added in 3.0 milliseconds
  
  Adding C-beta torsion restraints...
  Number of C-beta restraints generated:  2
  Time building geometry restraints manager: 0.03 seconds

  NOTE: a complete listing of the restraints can be obtained by requesting
        output of .geo file.

  Histogram of bond lengths:
        0.82 -     0.97: 12
        0.97 -     1.11: 5
        1.11 -     1.26: 3
        1.26 -     1.41: 9
        1.41 -     1.56: 8
  Bond restraints: 37
  Sorted by residual:
  bond pdb=" C   GLY A   3 "
       pdb=" CA  GLY A   3 "
    ideal  model  delta    sigma   weight residual
    1.516  1.558 -0.042 1.80e-02 3.09e+03 5.36e+00
  bond pdb=" CZ  PHE A   1 "
       pdb=" HZ  PHE A   1 "
    ideal  model  delta    sigma   weight residual
    0.930  0.976 -0.046 2.00e-02 2.50e+03 5.30e+00
  bond pdb=" N   GLY A   3 "
       pdb=" H   GLY A   3 "
    ideal  model  delta    sigma   weight residual
    0.860  0.818  0.042 2.00e-02 2.50e+03 4.40e+00
  bond pdb=" CA  GLY A   3 "
       pdb=" HA2 GLY A   3 "
    ideal  model  delta    sigma   weight residual
    0.970  0.937  0.033 2.00e-02 2.50e+03 2.73e+00
  bond pdb=" N   PHE A   1 "
       pdb=" H2  PHE A   1 "
    ideal  model  delta    sigma   weight residual
    0.960  0.991 -0.031 2.00e-02 2.50e+03 2.35e+00
  ... (remaining 32 not shown)

  Histogram of bond angle deviations from ideal:
      101.02 -   105.78: 3
      105.78 -   110.53: 13
      110.53 -   115.28: 12
      115.28 -   120.04: 15
      120.04 -   124.79: 17
  Bond angle restraints: 60
  Sorted by residual:
  angle pdb=" C   GLY A   3 "
        pdb=" CA  GLY A   3 "
        pdb=" HA2 GLY A   3 "
      ideal   model   delta    sigma   weight residual
     109.00  101.02    7.98 3.00e+00 1.11e-01 7.07e+00
  angle pdb=" N   PHE A   1 "
        pdb=" CA  PHE A   1 "
        pdb=" CB  PHE A   1 "
      ideal   model   delta    sigma   weight residual
     110.50  114.27   -3.77 1.70e+00 3.46e-01 4.92e+00
  angle pdb=" CA  PHE A   1 "
        pdb=" CB  PHE A   1 "
        pdb=" CG  PHE A   1 "
      ideal   model   delta    sigma   weight residual
     113.80  115.98   -2.18 1.00e+00 1.00e+00 4.74e+00
  angle pdb=" CA  PHE A   1 "
        pdb=" C   PHE A   1 "
        pdb=" N   GLY A   2 "
      ideal   model   delta    sigma   weight residual
     116.20  120.51   -4.31 2.00e+00 2.50e-01 4.65e+00
  angle pdb=" CA  PHE A   1 "
        pdb=" CB  PHE A   1 "
        pdb=" HB1 PHE A   1 "
      ideal   model   delta    sigma   weight residual
     109.00  103.37    5.63 3.00e+00 1.11e-01 3.52e+00
  ... (remaining 55 not shown)

  Histogram of dihedral angle deviations from ideal:
        0.67 -    15.61: 11
       15.61 -    30.54: 1
       30.54 -    45.48: 0
       45.48 -    60.41: 0
       60.41 -    75.35: 1
  Dihedral angle restraints: 13
    sinusoidal: 3
      harmonic: 10
  Sorted by residual:
  dihedral pdb=" OXT GLY A   3 "
           pdb=" C   GLY A   3 "
           pdb=" CA  GLY A   3 "
           pdb=" N   GLY A   3 "
      ideal   model   delta sinusoidal    sigma   weight residual
     160.00   84.65   75.35     2      3.00e+01 1.11e-03 4.99e+00
  dihedral pdb=" CA  GLY A   2 "
           pdb=" C   GLY A   2 "
           pdb=" N   GLY A   3 "
           pdb=" CA  GLY A   3 "
      ideal   model   delta  harmonic     sigma   weight residual
    -180.00 -171.22   -8.78     0      5.00e+00 4.00e-02 3.08e+00
  dihedral pdb=" N   PHE A   1 "
           pdb=" C   PHE A   1 "
           pdb=" CA  PHE A   1 "
           pdb=" CB  PHE A   1 "
      ideal   model   delta  harmonic     sigma   weight residual
     122.80  126.55   -3.75     0      2.50e+00 1.60e-01 2.25e+00
  ... (remaining 10 not shown)

  Histogram of chiral volume deviations from ideal:
       0.015 -    0.015: 1
       0.015 -    0.015: 0
       0.015 -    0.015: 0
       0.015 -    0.015: 0
       0.015 -    0.015: 0
  Chirality restraints: 1
  Sorted by residual:
  chirality pdb=" CA  PHE A   1 "
            pdb=" C   PHE A   1 "
            pdb=" N   PHE A   1 "
            pdb=" CB  PHE A   1 "
    both_signs  ideal   model   delta    sigma   weight residual
      False     -2.51   -2.50   -0.02 2.00e-01 2.50e+01 5.70e-03

  Planarity restraints: 6
  Sorted by residual:
                                 delta    sigma   weight rms_deltas residual
  plane pdb=" CB  PHE A   1 "    0.016 2.00e-02 2.50e+03   1.60e-02 7.67e+00
        pdb=" CG  PHE A   1 "   -0.019 2.00e-02 2.50e+03
        pdb=" CD1 PHE A   1 "    0.006 2.00e-02 2.50e+03
        pdb=" HD1 PHE A   1 "    0.012 2.00e-02 2.50e+03
        pdb=" CE1 PHE A   1 "   -0.021 2.00e-02 2.50e+03
        pdb=" HE1 PHE A   1 "   -0.013 2.00e-02 2.50e+03
        pdb=" CZ  PHE A   1 "    0.035 2.00e-02 2.50e+03
        pdb=" HZ  PHE A   1 "   -0.005 2.00e-02 2.50e+03
        pdb=" CE2 PHE A   1 "    0.010 2.00e-02 2.50e+03
        pdb=" HE2 PHE A   1 "    0.003 2.00e-02 2.50e+03
        pdb=" CD2 PHE A   1 "   -0.012 2.00e-02 2.50e+03
        pdb=" HD2 PHE A   1 "   -0.012 2.00e-02 2.50e+03
                                 delta    sigma   weight rms_deltas residual
  plane pdb=" O   GLY A   3 "   -0.010 2.00e-02 2.50e+03   1.45e-02 2.63e+00
        pdb=" C   GLY A   3 "    0.028 2.00e-02 2.50e+03
        pdb=" OXT GLY A   3 "   -0.007 2.00e-02 2.50e+03
        pdb=" HXT GLY A   3 "   -0.002 2.00e-02 2.50e+03
        pdb=" CA  GLY A   3 "   -0.009 2.00e-02 2.50e+03
                                 delta    sigma   weight rms_deltas residual
  plane pdb=" C   GLY A   2 "    0.008 2.00e-02 2.50e+03   1.49e-02 2.22e+00
        pdb=" CA  GLY A   3 "    0.006 2.00e-02 2.50e+03
        pdb=" N   GLY A   3 "   -0.026 2.00e-02 2.50e+03
        pdb=" H   GLY A   3 "    0.011 2.00e-02 2.50e+03
  ... (remaining 3 not shown)

  Histogram of nonbonded interaction distances:
        2.11 -     2.67: 37
        2.67 -     3.22: 46
        3.22 -     3.78: 56
        3.78 -     4.34: 51
        4.34 -     4.90: 73
  Nonbonded interactions: 263
  Sorted by model distance:
  nonbonded pdb=" H1  PHE A   1 "
            pdb=" H   GLY A   2 "
     model   vdw
     2.108 2.100
  nonbonded pdb=" O   GLY A   3 "
            pdb=" HXT GLY A   3 "
     model   vdw
     2.264 2.056
  nonbonded pdb=" O   PHE A   1 "
            pdb=" HA1 GLY A   2 "
     model   vdw
     2.266 2.740
  nonbonded pdb=" HA  PHE A   1 "
            pdb=" HB2 PHE A   1 "
     model   vdw
     2.276 1.952
  nonbonded pdb=" HD1 PHE A   1 "
            pdb=" HE1 PHE A   1 "
     model   vdw
     2.296 1.680
  ... (remaining 258 not shown)

  NOTE: a complete listing of the restraints can be obtained by requesting
        output of .geo file.

                   ----------xray_structure summary----------                  

Number of scattering types: 4
  Type Number    sf(0)   Gaussians
   O       4      7.97       2
   N       3      6.97       2
   C      13      5.97       2
   H      17      1.00       2
  sf(0) = scattering factor at diffraction angle 0.
Number of scatterers: 37
At special positions: 0
Unit cell: (16.001, 11.437, 10.504, 90, 90, 90)
Space group: P 1 (No. 1)

End of input processing
r_work=0.5293 r_free=0.5318
params.data_weight: 0.0
params.restraints: qm
rmsd(b), start:  0.0910
mc:   0 R: 0.5121 rmsd(b):  0.0281 restraint_scale:  1.0 min_steps: 52
mc:   1 R: 0.5152 rmsd(b):  0.0271 restraint_scale:  1.0 min_steps: 52
mc:   2 R: 0.5126 rmsd(b):  0.0277 restraint_scale:  1.0 min_steps: 53
mc:   3 R: 0.4993 rmsd(b):  0.0277 restraint_scale:  1.0 min_steps: 55
mc:   4 R: 0.4994 rmsd(b):  0.0276 restraint_scale:  1.0 min_steps: 19
Convergence reached, stop now.
see the result structure:  ./p26/04_results/opt_qm/255_FGG252-new/1.2/8.pdb
Time: 214.6584
