phenix.python
you are importing  adaptive calculator, and it does nothing. Please give it energy, force....... 

============================== Collecting inputs ==============================


                   ----------Processing X-ray data----------                   

F-obs:
  /scratch/m_zhen01/30994.lupus.uni-muenster.de/p26/02_mtz/223_GGF07-new.mtz:F-obs
Miller array info: None
Observation type: xray.amplitude
Type of data: double, size=203
Type of sigmas: None
Number of Miller indices: 203
Anomalous flag: False
Unit cell: (15.501, 11.782, 10.787, 90, 90, 90)
Space group: P 1 (No. 1)
Systematic absences: 0
Centric reflections: 0
Resolution range: 3.97805 2.50921
Completeness in resolution range: 1
Completeness with d_max=infinity: 0.768939

Number of F-obs in resolution range:                   203
Number of F-obs<0 (these reflections will be rejected): 0
Number of F-obs=0 (these reflections will be used in refinement): 0
Refinement resolution range: d_max =   3.9781
                             d_min =   2.5092

R-free flags:
  /scratch/m_zhen01/30994.lupus.uni-muenster.de/p26/02_mtz/223_GGF07-new.mtz:R-free-flags
Miller array info: /scratch/m_zhen01/30994.lupus.uni-muenster.de/p26/02_mtz/223_GGF07-new.mtz:R-free-flags
Observation type: None
Type of data: int, size=203
Type of sigmas: None
Number of Miller indices: 203
Anomalous flag: False
Unit cell: (15.501, 11.782, 10.787, 90, 90, 90)
Space group: P 1 (No. 1)
Systematic absences: 0
Centric reflections: 0
Resolution range: 3.97805 2.50921
Completeness in resolution range: 1
Completeness with d_max=infinity: 0.768939
Wavelength: 1.0000

Test (R-free flags) flag value: 1

Number of work/free reflections by resolution:
                                  work free  %free
  bin  1: 3.9781 - 3.6464 [24/24]   22    2   8.3%
  bin  2: 3.6464 - 3.4034 [23/23]   23    0   0.0%
  bin  3: 3.4034 - 3.2144 [12/12]   12    0   0.0%
  bin  4: 3.2144 - 3.0615 [25/25]   24    1   4.0%
  bin  5: 3.0615 - 2.9340 [23/23]   23    0   0.0%
  bin  6: 2.9340 - 2.8255 [16/16]   16    0   0.0%
  bin  7: 2.8255 - 2.7314 [14/14]   10    4  28.6%
  bin  8: 2.7314 - 2.6487 [23/23]   23    0   0.0%
  bin  9: 2.6487 - 2.5752 [23/23]   19    4  17.4%
  bin 10: 2.5752 - 2.5092 [20/20]   20    0   0.0%
                          overall  192   11   5.4%

                   ----------Processing PDB file(s)----------                  

  Monomer Library directory:
    "/tmp1/m_zhen01/phenix-installer-1.10.1-2155-intel-linux-2.6-x86_64-centos5/phenix-1.10.1-2155/modules/chem_data/mon_lib"
  Total number of atoms: 37
  Number of models: 1
  Model: ""
    Number of chains: 1
    Chain: "A"
      Number of atoms: 37
      Number of conformers: 1
      Conformer: ""
        Number of residues, atoms: 3, 37
          Classifications: {'peptide': 3}
          Modifications used: {'NH2NOTPRO': 1, 'COOH': 1}
          Link IDs: {'TRANS': 2}
  Time building chain proxies: 0.07, per 1000 atoms: 1.89
  Number of scatterers: 37
  At special positions: 0
  Unit cell: (15.501, 11.782, 10.787, 90, 90, 90)
  Space group: P 1 (No. 1)
  Number of sites at special positions: 0
  Number of scattering types: 4
    Type Number    sf(0)
     O       4      8.00
     N       3      7.00
     C      13      6.00
     H      17      1.00
    sf(0) = scattering factor at diffraction angle 0.

  Number of disulfides: simple=0, symmetry=0

  Automatic linking
    Parameters for automatic linking
      Linking & cutoffs
        Metal                : False - 3.50
        Amimo acid           : False - 1.90
        Carbohydrate         : True  - 1.99
        Ligands              : True  - 1.99
        Amino acid - RNA/DNA : False
      
  Number of custom bonds: simple=0, symmetry=0
  Time building additional restraints: 0.02
  Conformation dependent library (CDL) restraints added in 3.0 milliseconds
  
  Adding C-beta torsion restraints...
  Number of C-beta restraints generated:  2
  Time building geometry restraints manager: 0.03 seconds

  NOTE: a complete listing of the restraints can be obtained by requesting
        output of .geo file.

  Histogram of bond lengths:
        0.85 -     0.99: 15
        0.99 -     1.12: 3
        1.12 -     1.26: 2
        1.26 -     1.40: 6
        1.40 -     1.54: 11
  Bond restraints: 37
  Sorted by residual:
  bond pdb=" CZ  PHE A   3 "
       pdb=" HZ  PHE A   3 "
    ideal  model  delta    sigma   weight residual
    0.930  0.862  0.068 2.00e-02 2.50e+03 1.16e+01
  bond pdb=" O   PHE A   3 "
       pdb=" C   PHE A   3 "
    ideal  model  delta    sigma   weight residual
    1.185  1.120  0.065 2.00e-02 2.50e+03 1.04e+01
  bond pdb=" CA  PHE A   3 "
       pdb=" N   PHE A   3 "
    ideal  model  delta    sigma   weight residual
    1.458  1.508 -0.050 1.90e-02 2.77e+03 6.85e+00
  bond pdb=" C   GLY A   1 "
       pdb=" N   GLY A   2 "
    ideal  model  delta    sigma   weight residual
    1.331  1.305  0.025 1.46e-02 4.69e+03 2.95e+00
  bond pdb=" CB  PHE A   3 "
       pdb=" CG  PHE A   3 "
    ideal  model  delta    sigma   weight residual
    1.502  1.539 -0.037 2.30e-02 1.89e+03 2.53e+00
  ... (remaining 32 not shown)

  Histogram of bond angle deviations from ideal:
      103.43 -   108.36: 10
      108.36 -   113.29: 12
      113.29 -   118.22: 12
      118.22 -   123.14: 23
      123.14 -   128.07: 3
  Bond angle restraints: 60
  Sorted by residual:
  angle pdb=" C   PHE A   3 "
        pdb=" CA  PHE A   3 "
        pdb=" HA  PHE A   3 "
      ideal   model   delta    sigma   weight residual
     109.00  103.43    5.57 3.00e+00 1.11e-01 3.45e+00
  angle pdb=" C   GLY A   2 "
        pdb=" CA  GLY A   2 "
        pdb=" N   GLY A   2 "
      ideal   model   delta    sigma   weight residual
     113.18  117.45   -4.27 2.37e+00 1.78e-01 3.25e+00
  angle pdb=" O   PHE A   3 "
        pdb=" C   PHE A   3 "
        pdb=" OXT PHE A   3 "
      ideal   model   delta    sigma   weight residual
     122.80  128.07   -5.27 3.00e+00 1.11e-01 3.09e+00
  angle pdb=" N   PHE A   3 "
        pdb=" CA  PHE A   3 "
        pdb=" CB  PHE A   3 "
      ideal   model   delta    sigma   weight residual
     110.50  113.46   -2.96 1.70e+00 3.46e-01 3.03e+00
  angle pdb=" O   PHE A   3 "
        pdb=" C   PHE A   3 "
        pdb=" CA  PHE A   3 "
      ideal   model   delta    sigma   weight residual
     118.60  113.43    5.17 3.00e+00 1.11e-01 2.97e+00
  ... (remaining 55 not shown)

  Histogram of dihedral angle deviations from ideal:
        0.08 -     8.50: 12
        8.50 -    16.92: 0
       16.92 -    25.34: 0
       25.34 -    33.76: 0
       33.76 -    42.18: 1
  Dihedral angle restraints: 13
    sinusoidal: 3
      harmonic: 10
  Sorted by residual:
  dihedral pdb=" CA  GLY A   2 "
           pdb=" C   GLY A   2 "
           pdb=" N   PHE A   3 "
           pdb=" CA  PHE A   3 "
      ideal   model   delta  harmonic     sigma   weight residual
     180.00  171.68    8.32     0      5.00e+00 4.00e-02 2.77e+00
  dihedral pdb=" OXT PHE A   3 "
           pdb=" C   PHE A   3 "
           pdb=" CA  PHE A   3 "
           pdb=" N   PHE A   3 "
      ideal   model   delta sinusoidal    sigma   weight residual
     -20.00  -62.18   42.18     2      3.00e+01 1.11e-03 2.41e+00
  dihedral pdb=" CA  GLY A   1 "
           pdb=" C   GLY A   1 "
           pdb=" N   GLY A   2 "
           pdb=" CA  GLY A   2 "
      ideal   model   delta  harmonic     sigma   weight residual
     180.00 -175.70   -4.30     0      5.00e+00 4.00e-02 7.39e-01
  ... (remaining 10 not shown)

  Histogram of chiral volume deviations from ideal:
       0.095 -    0.095: 1
       0.095 -    0.095: 0
       0.095 -    0.095: 0
       0.095 -    0.095: 0
       0.095 -    0.095: 0
  Chirality restraints: 1
  Sorted by residual:
  chirality pdb=" CA  PHE A   3 "
            pdb=" C   PHE A   3 "
            pdb=" N   PHE A   3 "
            pdb=" CB  PHE A   3 "
    both_signs  ideal   model   delta    sigma   weight residual
      False     -2.51   -2.61    0.10 2.00e-01 2.50e+01 2.28e-01

  Planarity restraints: 6
  Sorted by residual:
                                 delta    sigma   weight rms_deltas residual
  plane pdb=" C   GLY A   1 "   -0.010 2.00e-02 2.50e+03   1.97e-02 3.88e+00
        pdb=" CA  GLY A   2 "   -0.008 2.00e-02 2.50e+03
        pdb=" N   GLY A   2 "    0.034 2.00e-02 2.50e+03
        pdb=" H   GLY A   2 "   -0.015 2.00e-02 2.50e+03
                                 delta    sigma   weight rms_deltas residual
  plane pdb=" CB  PHE A   3 "   -0.004 2.00e-02 2.50e+03   1.03e-02 3.20e+00
        pdb=" CG  PHE A   3 "   -0.022 2.00e-02 2.50e+03
        pdb=" CD2 PHE A   3 "    0.021 2.00e-02 2.50e+03
        pdb=" HD2 PHE A   3 "   -0.002 2.00e-02 2.50e+03
        pdb=" CE2 PHE A   3 "    0.002 2.00e-02 2.50e+03
        pdb=" HE2 PHE A   3 "    0.002 2.00e-02 2.50e+03
        pdb=" CZ  PHE A   3 "   -0.013 2.00e-02 2.50e+03
        pdb=" HZ  PHE A   3 "   -0.004 2.00e-02 2.50e+03
        pdb=" CE1 PHE A   3 "    0.005 2.00e-02 2.50e+03
        pdb=" HE1 PHE A   3 "    0.000 2.00e-02 2.50e+03
        pdb=" CD1 PHE A   3 "    0.012 2.00e-02 2.50e+03
        pdb=" HD1 PHE A   3 "    0.003 2.00e-02 2.50e+03
                                 delta    sigma   weight rms_deltas residual
  plane pdb=" C   GLY A   1 "    0.021 2.00e-02 2.50e+03   1.23e-02 1.52e+00
        pdb=" O   GLY A   1 "   -0.008 2.00e-02 2.50e+03
        pdb=" CA  GLY A   1 "   -0.006 2.00e-02 2.50e+03
        pdb=" N   GLY A   2 "   -0.007 2.00e-02 2.50e+03
  ... (remaining 3 not shown)

  Histogram of nonbonded interaction distances:
        2.16 -     2.71: 38
        2.71 -     3.25: 56
        3.25 -     3.80: 38
        3.80 -     4.35: 55
        4.35 -     4.89: 73
  Nonbonded interactions: 260
  Sorted by model distance:
  nonbonded pdb=" HA2 GLY A   2 "
            pdb=" H   GLY A   2 "
     model   vdw
     2.162 1.816
  nonbonded pdb=" HE2 PHE A   3 "
            pdb=" HZ  PHE A   3 "
     model   vdw
     2.190 1.680
  nonbonded pdb=" O   PHE A   3 "
            pdb=" HA  PHE A   3 "
     model   vdw
     2.196 2.192
  nonbonded pdb=" O   GLY A   1 "
            pdb=" H   PHE A   3 "
     model   vdw
     2.203 1.970
  nonbonded pdb=" HA  PHE A   3 "
            pdb=" HD1 PHE A   3 "
     model   vdw
     2.240 2.270
  ... (remaining 255 not shown)

  NOTE: a complete listing of the restraints can be obtained by requesting
        output of .geo file.

                   ----------xray_structure summary----------                  

Number of scattering types: 4
  Type Number    sf(0)   Gaussians
   O       4      7.97       2
   N       3      6.97       2
   C      13      5.97       2
   H      17      1.00       2
  sf(0) = scattering factor at diffraction angle 0.
Number of scatterers: 37
At special positions: 0
Unit cell: (15.501, 11.782, 10.787, 90, 90, 90)
Space group: P 1 (No. 1)

End of input processing
r_work=0.5063 r_free=0.3986
params.data_weight: 0.0
params.restraints: qm
rmsd(b), start:  0.0927
mc:   0 R: 0.4798 rmsd(b):  0.0281 restraint_scale:  1.0 min_steps: 52
mc:   1 R: 0.4806 rmsd(b):  0.0280 restraint_scale:  1.0 min_steps: 39
mc:   2 R: 0.4806 rmsd(b):  0.0280 restraint_scale:  1.0 min_steps: 1
Convergence reached, stop now.
see the result structure:  ./p26/04_results/opt_qm/223_GGF07-new/0.9/5.pdb
Time: 115.7479
