phenix.python
you are importing  adaptive calculator, and it does nothing. Please give it energy, force....... 

============================== Collecting inputs ==============================


                   ----------Processing X-ray data----------                   

F-obs:
  /scratch/m_zhen01/30994.lupus.uni-muenster.de/p26/02_mtz/223_GGF07-new.mtz:F-obs
Miller array info: None
Observation type: xray.amplitude
Type of data: double, size=203
Type of sigmas: None
Number of Miller indices: 203
Anomalous flag: False
Unit cell: (15.501, 11.782, 10.787, 90, 90, 90)
Space group: P 1 (No. 1)
Systematic absences: 0
Centric reflections: 0
Resolution range: 3.97805 2.50921
Completeness in resolution range: 1
Completeness with d_max=infinity: 0.768939

Number of F-obs in resolution range:                   203
Number of F-obs<0 (these reflections will be rejected): 0
Number of F-obs=0 (these reflections will be used in refinement): 0
Refinement resolution range: d_max =   3.9781
                             d_min =   2.5092

R-free flags:
  /scratch/m_zhen01/30994.lupus.uni-muenster.de/p26/02_mtz/223_GGF07-new.mtz:R-free-flags
Miller array info: /scratch/m_zhen01/30994.lupus.uni-muenster.de/p26/02_mtz/223_GGF07-new.mtz:R-free-flags
Observation type: None
Type of data: int, size=203
Type of sigmas: None
Number of Miller indices: 203
Anomalous flag: False
Unit cell: (15.501, 11.782, 10.787, 90, 90, 90)
Space group: P 1 (No. 1)
Systematic absences: 0
Centric reflections: 0
Resolution range: 3.97805 2.50921
Completeness in resolution range: 1
Completeness with d_max=infinity: 0.768939
Wavelength: 1.0000

Test (R-free flags) flag value: 1

Number of work/free reflections by resolution:
                                  work free  %free
  bin  1: 3.9781 - 3.6464 [24/24]   22    2   8.3%
  bin  2: 3.6464 - 3.4034 [23/23]   23    0   0.0%
  bin  3: 3.4034 - 3.2144 [12/12]   12    0   0.0%
  bin  4: 3.2144 - 3.0615 [25/25]   24    1   4.0%
  bin  5: 3.0615 - 2.9340 [23/23]   23    0   0.0%
  bin  6: 2.9340 - 2.8255 [16/16]   16    0   0.0%
  bin  7: 2.8255 - 2.7314 [14/14]   10    4  28.6%
  bin  8: 2.7314 - 2.6487 [23/23]   23    0   0.0%
  bin  9: 2.6487 - 2.5752 [23/23]   19    4  17.4%
  bin 10: 2.5752 - 2.5092 [20/20]   20    0   0.0%
                          overall  192   11   5.4%

                   ----------Processing PDB file(s)----------                  

  Monomer Library directory:
    "/tmp1/m_zhen01/phenix-installer-1.10.1-2155-intel-linux-2.6-x86_64-centos5/phenix-1.10.1-2155/modules/chem_data/mon_lib"
  Total number of atoms: 37
  Number of models: 1
  Model: ""
    Number of chains: 1
    Chain: "A"
      Number of atoms: 37
      Number of conformers: 1
      Conformer: ""
        Number of residues, atoms: 3, 37
          Classifications: {'peptide': 3}
          Modifications used: {'NH2NOTPRO': 1, 'COOH': 1}
          Link IDs: {'TRANS': 2}
  Time building chain proxies: 0.07, per 1000 atoms: 1.89
  Number of scatterers: 37
  At special positions: 0
  Unit cell: (15.501, 11.782, 10.787, 90, 90, 90)
  Space group: P 1 (No. 1)
  Number of sites at special positions: 0
  Number of scattering types: 4
    Type Number    sf(0)
     O       4      8.00
     N       3      7.00
     C      13      6.00
     H      17      1.00
    sf(0) = scattering factor at diffraction angle 0.

  Number of disulfides: simple=0, symmetry=0

  Automatic linking
    Parameters for automatic linking
      Linking & cutoffs
        Metal                : False - 3.50
        Amimo acid           : False - 1.90
        Carbohydrate         : True  - 1.99
        Ligands              : True  - 1.99
        Amino acid - RNA/DNA : False
      
  Number of custom bonds: simple=0, symmetry=0
  Time building additional restraints: 0.02
  Conformation dependent library (CDL) restraints added in 3.0 milliseconds
  
  Adding C-beta torsion restraints...
  Number of C-beta restraints generated:  2
  Time building geometry restraints manager: 0.03 seconds

  NOTE: a complete listing of the restraints can be obtained by requesting
        output of .geo file.

  Histogram of bond lengths:
        0.80 -     0.96: 9
        0.96 -     1.11: 8
        1.11 -     1.27: 3
        1.27 -     1.42: 9
        1.42 -     1.58: 8
  Bond restraints: 37
  Sorted by residual:
  bond pdb=" N   PHE A   3 "
       pdb=" H   PHE A   3 "
    ideal  model  delta    sigma   weight residual
    0.860  0.805  0.055 2.00e-02 2.50e+03 7.57e+00
  bond pdb=" C   PHE A   3 "
       pdb=" CA  PHE A   3 "
    ideal  model  delta    sigma   weight residual
    1.525  1.576 -0.051 2.10e-02 2.27e+03 6.01e+00
  bond pdb=" CZ  PHE A   3 "
       pdb=" HZ  PHE A   3 "
    ideal  model  delta    sigma   weight residual
    0.930  0.889  0.041 2.00e-02 2.50e+03 4.15e+00
  bond pdb=" C   GLY A   1 "
       pdb=" O   GLY A   1 "
    ideal  model  delta    sigma   weight residual
    1.231  1.197  0.034 2.00e-02 2.50e+03 2.96e+00
  bond pdb=" CB  PHE A   3 "
       pdb=" HB2 PHE A   3 "
    ideal  model  delta    sigma   weight residual
    0.970  1.002 -0.032 2.00e-02 2.50e+03 2.59e+00
  ... (remaining 32 not shown)

  Histogram of bond angle deviations from ideal:
      102.94 -   108.02: 7
      108.02 -   113.09: 19
      113.09 -   118.16: 5
      118.16 -   123.24: 28
      123.24 -   128.31: 1
  Bond angle restraints: 60
  Sorted by residual:
  angle pdb=" N   PHE A   3 "
        pdb=" CA  PHE A   3 "
        pdb=" CB  PHE A   3 "
      ideal   model   delta    sigma   weight residual
     110.50  106.83    3.67 1.70e+00 3.46e-01 4.67e+00
  angle pdb=" HA  PHE A   3 "
        pdb=" CA  PHE A   3 "
        pdb=" CB  PHE A   3 "
      ideal   model   delta    sigma   weight residual
     109.00  102.94    6.06 3.00e+00 1.11e-01 4.08e+00
  angle pdb=" C   GLY A   1 "
        pdb=" CA  GLY A   1 "
        pdb=" HA2 GLY A   1 "
      ideal   model   delta    sigma   weight residual
     109.00  102.99    6.01 3.00e+00 1.11e-01 4.01e+00
  angle pdb=" HB1 PHE A   3 "
        pdb=" CB  PHE A   3 "
        pdb=" CG  PHE A   3 "
      ideal   model   delta    sigma   weight residual
     108.00  102.98    5.02 3.00e+00 1.11e-01 2.80e+00
  angle pdb=" CA  GLY A   2 "
        pdb=" N   GLY A   2 "
        pdb=" H   GLY A   2 "
      ideal   model   delta    sigma   weight residual
     114.00  109.55    4.45 3.00e+00 1.11e-01 2.20e+00
  ... (remaining 55 not shown)

  Histogram of dihedral angle deviations from ideal:
        0.19 -     5.82: 11
        5.82 -    11.45: 1
       11.45 -    17.08: 0
       17.08 -    22.71: 0
       22.71 -    28.34: 1
  Dihedral angle restraints: 13
    sinusoidal: 3
      harmonic: 10
  Sorted by residual:
  dihedral pdb=" CA  GLY A   1 "
           pdb=" C   GLY A   1 "
           pdb=" N   GLY A   2 "
           pdb=" CA  GLY A   2 "
      ideal   model   delta  harmonic     sigma   weight residual
     180.00  170.55    9.45     0      5.00e+00 4.00e-02 3.58e+00
  dihedral pdb=" N   PHE A   3 "
           pdb=" C   PHE A   3 "
           pdb=" CA  PHE A   3 "
           pdb=" CB  PHE A   3 "
      ideal   model   delta  harmonic     sigma   weight residual
     122.80  119.38    3.42     0      2.50e+00 1.60e-01 1.87e+00
  dihedral pdb=" OXT PHE A   3 "
           pdb=" C   PHE A   3 "
           pdb=" CA  PHE A   3 "
           pdb=" N   PHE A   3 "
      ideal   model   delta sinusoidal    sigma   weight residual
     -20.00  -48.34   28.34     2      3.00e+01 1.11e-03 1.20e+00
  ... (remaining 10 not shown)

  Histogram of chiral volume deviations from ideal:
       0.143 -    0.143: 1
       0.143 -    0.143: 0
       0.143 -    0.143: 0
       0.143 -    0.143: 0
       0.143 -    0.143: 0
  Chirality restraints: 1
  Sorted by residual:
  chirality pdb=" CA  PHE A   3 "
            pdb=" C   PHE A   3 "
            pdb=" N   PHE A   3 "
            pdb=" CB  PHE A   3 "
    both_signs  ideal   model   delta    sigma   weight residual
      False     -2.51   -2.65    0.14 2.00e-01 2.50e+01 5.15e-01

  Planarity restraints: 6
  Sorted by residual:
                                 delta    sigma   weight rms_deltas residual
  plane pdb=" CB  PHE A   3 "    0.016 2.00e-02 2.50e+03   1.32e-02 5.22e+00
        pdb=" CG  PHE A   3 "    0.019 2.00e-02 2.50e+03
        pdb=" CD2 PHE A   3 "   -0.022 2.00e-02 2.50e+03
        pdb=" HD2 PHE A   3 "   -0.011 2.00e-02 2.50e+03
        pdb=" CE2 PHE A   3 "   -0.004 2.00e-02 2.50e+03
        pdb=" HE2 PHE A   3 "    0.006 2.00e-02 2.50e+03
        pdb=" CZ  PHE A   3 "    0.018 2.00e-02 2.50e+03
        pdb=" HZ  PHE A   3 "    0.008 2.00e-02 2.50e+03
        pdb=" CE1 PHE A   3 "   -0.018 2.00e-02 2.50e+03
        pdb=" HE1 PHE A   3 "    0.000 2.00e-02 2.50e+03
        pdb=" CD1 PHE A   3 "   -0.007 2.00e-02 2.50e+03
        pdb=" HD1 PHE A   3 "   -0.006 2.00e-02 2.50e+03
                                 delta    sigma   weight rms_deltas residual
  plane pdb=" C   GLY A   2 "   -0.021 2.00e-02 2.50e+03   1.22e-02 1.50e+00
        pdb=" O   GLY A   2 "    0.008 2.00e-02 2.50e+03
        pdb=" CA  GLY A   2 "    0.006 2.00e-02 2.50e+03
        pdb=" N   PHE A   3 "    0.007 2.00e-02 2.50e+03
                                 delta    sigma   weight rms_deltas residual
  plane pdb=" O   PHE A   3 "   -0.004 2.00e-02 2.50e+03   9.72e-03 1.18e+00
        pdb=" C   PHE A   3 "    0.018 2.00e-02 2.50e+03
        pdb=" OXT PHE A   3 "    0.003 2.00e-02 2.50e+03
        pdb=" HXT PHE A   3 "   -0.008 2.00e-02 2.50e+03
        pdb=" CA  PHE A   3 "   -0.009 2.00e-02 2.50e+03
  ... (remaining 3 not shown)

  Histogram of nonbonded interaction distances:
        2.05 -     2.62: 27
        2.62 -     3.19: 51
        3.19 -     3.76: 45
        3.76 -     4.33: 63
        4.33 -     4.90: 72
  Nonbonded interactions: 258
  Sorted by model distance:
  nonbonded pdb=" HA  PHE A   3 "
            pdb=" HD1 PHE A   3 "
     model   vdw
     2.053 2.270
  nonbonded pdb=" HA2 GLY A   2 "
            pdb=" H   GLY A   2 "
     model   vdw
     2.203 1.816
  nonbonded pdb=" HA2 GLY A   1 "
            pdb=" H1  GLY A   1 "
     model   vdw
     2.208 1.816
  nonbonded pdb=" O   PHE A   3 "
            pdb=" HXT PHE A   3 "
     model   vdw
     2.231 2.056
  nonbonded pdb=" HZ  PHE A   3 "
            pdb=" HE1 PHE A   3 "
     model   vdw
     2.245 1.680
  ... (remaining 253 not shown)

  NOTE: a complete listing of the restraints can be obtained by requesting
        output of .geo file.

                   ----------xray_structure summary----------                  

Number of scattering types: 4
  Type Number    sf(0)   Gaussians
   O       4      7.97       2
   N       3      6.97       2
   C      13      5.97       2
   H      17      1.00       2
  sf(0) = scattering factor at diffraction angle 0.
Number of scatterers: 37
At special positions: 0
Unit cell: (15.501, 11.782, 10.787, 90, 90, 90)
Space group: P 1 (No. 1)

End of input processing
r_work=0.5137 r_free=0.4526
params.data_weight: 0.0
params.restraints: qm
rmsd(b), start:  0.0923
mc:   0 R: 0.4808 rmsd(b):  0.0292 restraint_scale:  1.0 min_steps: 53
mc:   1 R: 0.4860 rmsd(b):  0.0283 restraint_scale:  1.0 min_steps: 52
mc:   2 R: 0.4827 rmsd(b):  0.0285 restraint_scale:  1.0 min_steps: 52
mc:   3 R: 0.4827 rmsd(b):  0.0284 restraint_scale:  1.0 min_steps: 8
Convergence reached, stop now.
see the result structure:  ./p26/04_results/opt_qm/223_GGF07-new/0.9/9.pdb
Time: 175.8732
