phenix.python
you are importing  adaptive calculator, and it does nothing. Please give it energy, force....... 

============================== Collecting inputs ==============================


                   ----------Processing X-ray data----------                   

F-obs:
  /scratch/m_zhen01/30993.lupus.uni-muenster.de/p26/02_mtz/246_GFA16-new.mtz:F-obs
Miller array info: None
Observation type: xray.amplitude
Type of data: double, size=210
Type of sigmas: None
Number of Miller indices: 210
Anomalous flag: False
Unit cell: (17.049, 11.973, 10.115, 90, 90, 90)
Space group: P 1 (No. 1)
Systematic absences: 0
Centric reflections: 0
Resolution range: 3.991 2.50138
Completeness in resolution range: 1
Completeness with d_max=infinity: 0.76087

Number of F-obs in resolution range:                   210
Number of F-obs<0 (these reflections will be rejected): 0
Number of F-obs=0 (these reflections will be used in refinement): 0
Refinement resolution range: d_max =   3.9910
                             d_min =   2.5014

R-free flags:
  /scratch/m_zhen01/30993.lupus.uni-muenster.de/p26/02_mtz/246_GFA16-new.mtz:R-free-flags
Miller array info: /scratch/m_zhen01/30993.lupus.uni-muenster.de/p26/02_mtz/246_GFA16-new.mtz:R-free-flags
Observation type: None
Type of data: int, size=210
Type of sigmas: None
Number of Miller indices: 210
Anomalous flag: False
Unit cell: (17.049, 11.973, 10.115, 90, 90, 90)
Space group: P 1 (No. 1)
Systematic absences: 0
Centric reflections: 0
Resolution range: 3.991 2.50138
Completeness in resolution range: 1
Completeness with d_max=infinity: 0.76087
Wavelength: 1.0000

Test (R-free flags) flag value: 1

Number of work/free reflections by resolution:
                                  work free  %free
  bin  1: 3.9910 - 3.6510 [23/23]   21    2   8.7%
  bin  2: 3.6510 - 3.4035 [21/21]   21    0   0.0%
  bin  3: 3.4035 - 3.2119 [17/17]   15    2  11.8%
  bin  4: 3.2119 - 3.0572 [28/28]   28    0   0.0%
  bin  5: 3.0572 - 2.9286 [15/15]   15    0   0.0%
  bin  6: 2.9286 - 2.8192 [27/27]   25    2   7.4%
  bin  7: 2.8192 - 2.7245 [24/24]   24    0   0.0%
  bin  8: 2.7245 - 2.6414 [12/12]   12    0   0.0%
  bin  9: 2.6414 - 2.5676 [14/14]   10    4  28.6%
  bin 10: 2.5676 - 2.5014 [29/29]   29    0   0.0%
                          overall  200   10   4.8%

                   ----------Processing PDB file(s)----------                  

  Monomer Library directory:
    "/tmp1/m_zhen01/phenix-installer-1.10.1-2155-intel-linux-2.6-x86_64-centos5/phenix-1.10.1-2155/modules/chem_data/mon_lib"
  Total number of atoms: 40
  Number of models: 1
  Model: ""
    Number of chains: 1
    Chain: "A"
      Number of atoms: 40
      Number of conformers: 1
      Conformer: ""
        Number of residues, atoms: 3, 40
          Classifications: {'peptide': 3}
          Modifications used: {'NH2NOTPRO': 1, 'COOH': 1}
          Link IDs: {'TRANS': 2}
  Time building chain proxies: 0.08, per 1000 atoms: 2.00
  Number of scatterers: 40
  At special positions: 0
  Unit cell: (17.049, 11.973, 10.115, 90, 90, 90)
  Space group: P 1 (No. 1)
  Number of sites at special positions: 0
  Number of scattering types: 4
    Type Number    sf(0)
     O       4      8.00
     N       3      7.00
     C      14      6.00
     H      19      1.00
    sf(0) = scattering factor at diffraction angle 0.

  Number of disulfides: simple=0, symmetry=0

  Automatic linking
    Parameters for automatic linking
      Linking & cutoffs
        Metal                : False - 3.50
        Amimo acid           : False - 1.90
        Carbohydrate         : True  - 1.99
        Ligands              : True  - 1.99
        Amino acid - RNA/DNA : False
      
  Number of custom bonds: simple=0, symmetry=0
  Time building additional restraints: 0.03
  Conformation dependent library (CDL) restraints added in 3.4 milliseconds
  
  Adding C-beta torsion restraints...
  Number of C-beta restraints generated:  4
  Time building geometry restraints manager: 0.04 seconds

  NOTE: a complete listing of the restraints can be obtained by requesting
        output of .geo file.

  Histogram of bond lengths:
        0.80 -     0.95: 9
        0.95 -     1.10: 10
        1.10 -     1.25: 2
        1.25 -     1.40: 9
        1.40 -     1.55: 10
  Bond restraints: 40
  Sorted by residual:
  bond pdb=" N   PHE A   2 "
       pdb=" H   PHE A   2 "
    ideal  model  delta    sigma   weight residual
    0.860  0.803  0.057 2.00e-02 2.50e+03 8.22e+00
  bond pdb=" C   PHE A   2 "
       pdb=" O   PHE A   2 "
    ideal  model  delta    sigma   weight residual
    1.235  1.262 -0.027 1.26e-02 6.30e+03 4.61e+00
  bond pdb=" CG  PHE A   2 "
       pdb=" CD1 PHE A   2 "
    ideal  model  delta    sigma   weight residual
    1.384  1.424 -0.040 2.10e-02 2.27e+03 3.66e+00
  bond pdb=" CD1 PHE A   2 "
       pdb=" HD1 PHE A   2 "
    ideal  model  delta    sigma   weight residual
    0.930  0.892  0.038 2.00e-02 2.50e+03 3.60e+00
  bond pdb=" CA  ALA A   3 "
       pdb=" N   ALA A   3 "
    ideal  model  delta    sigma   weight residual
    1.458  1.481 -0.023 1.90e-02 2.77e+03 1.52e+00
  ... (remaining 35 not shown)

  Histogram of bond angle deviations from ideal:
      103.98 -   108.45: 9
      108.45 -   112.92: 21
      112.92 -   117.39: 8
      117.39 -   121.85: 21
      121.85 -   126.32: 7
  Bond angle restraints: 66
  Sorted by residual:
  angle pdb=" C   GLY A   1 "
        pdb=" N   PHE A   2 "
        pdb=" CA  PHE A   2 "
      ideal   model   delta    sigma   weight residual
     121.54  125.54   -4.00 1.91e+00 2.74e-01 4.39e+00
  angle pdb=" O   GLY A   1 "
        pdb=" C   GLY A   1 "
        pdb=" N   PHE A   2 "
      ideal   model   delta    sigma   weight residual
     123.00  126.32   -3.32 1.60e+00 3.91e-01 4.31e+00
  angle pdb=" HB1 PHE A   2 "
        pdb=" CB  PHE A   2 "
        pdb=" HB2 PHE A   2 "
      ideal   model   delta    sigma   weight residual
     110.00  104.11    5.89 3.00e+00 1.11e-01 3.85e+00
  angle pdb=" HB2 PHE A   2 "
        pdb=" CB  PHE A   2 "
        pdb=" CG  PHE A   2 "
      ideal   model   delta    sigma   weight residual
     108.00  113.64   -5.64 3.00e+00 1.11e-01 3.53e+00
  angle pdb=" OXT ALA A   3 "
        pdb=" C   ALA A   3 "
        pdb=" CA  ALA A   3 "
      ideal   model   delta    sigma   weight residual
     118.60  123.80   -5.20 3.00e+00 1.11e-01 3.01e+00
  ... (remaining 61 not shown)

  Histogram of dihedral angle deviations from ideal:
        0.21 -    36.03: 14
       36.03 -    71.84: 1
       71.84 -   107.66: 0
      107.66 -   143.48: 0
      143.48 -   179.30: 1
  Dihedral angle restraints: 16
    sinusoidal: 4
      harmonic: 12
  Sorted by residual:
  dihedral pdb=" O   ALA A   3 "
           pdb=" C   ALA A   3 "
           pdb=" OXT ALA A   3 "
           pdb=" HXT ALA A   3 "
      ideal   model   delta  harmonic     sigma   weight residual
       0.00  179.30 -179.30     0      3.00e+01 1.11e-03 3.57e+01
  dihedral pdb=" CA  GLY A   1 "
           pdb=" C   GLY A   1 "
           pdb=" N   PHE A   2 "
           pdb=" CA  PHE A   2 "
      ideal   model   delta  harmonic     sigma   weight residual
     180.00  166.31   13.69     0      5.00e+00 4.00e-02 7.49e+00
  dihedral pdb=" OXT ALA A   3 "
           pdb=" C   ALA A   3 "
           pdb=" CA  ALA A   3 "
           pdb=" N   ALA A   3 "
      ideal   model   delta sinusoidal    sigma   weight residual
     -20.00  -66.14   46.14     2      3.00e+01 1.11e-03 2.77e+00
  ... (remaining 13 not shown)

  Histogram of chiral volume deviations from ideal:
       0.013 -    0.019: 1
       0.019 -    0.026: 0
       0.026 -    0.032: 0
       0.032 -    0.039: 0
       0.039 -    0.045: 1
  Chirality restraints: 2
  Sorted by residual:
  chirality pdb=" CA  ALA A   3 "
            pdb=" C   ALA A   3 "
            pdb=" CB  ALA A   3 "
            pdb=" N   ALA A   3 "
    both_signs  ideal   model   delta    sigma   weight residual
      False      2.48    2.53   -0.05 2.00e-01 2.50e+01 5.12e-02
  chirality pdb=" CA  PHE A   2 "
            pdb=" CB  PHE A   2 "
            pdb=" C   PHE A   2 "
            pdb=" N   PHE A   2 "
    both_signs  ideal   model   delta    sigma   weight residual
      False     -2.51   -2.50   -0.01 2.00e-01 2.50e+01 4.00e-03

  Planarity restraints: 6
  Sorted by residual:
                                 delta    sigma   weight rms_deltas residual
  plane pdb=" CB  PHE A   2 "   -0.010 2.00e-02 2.50e+03   9.29e-03 2.59e+00
        pdb=" CG  PHE A   2 "    0.015 2.00e-02 2.50e+03
        pdb=" CD1 PHE A   2 "    0.004 2.00e-02 2.50e+03
        pdb=" HD1 PHE A   2 "    0.004 2.00e-02 2.50e+03
        pdb=" CE1 PHE A   2 "   -0.007 2.00e-02 2.50e+03
        pdb=" HE1 PHE A   2 "   -0.002 2.00e-02 2.50e+03
        pdb=" CZ  PHE A   2 "   -0.013 2.00e-02 2.50e+03
        pdb=" HZ  PHE A   2 "    0.010 2.00e-02 2.50e+03
        pdb=" CE2 PHE A   2 "    0.005 2.00e-02 2.50e+03
        pdb=" HE2 PHE A   2 "   -0.002 2.00e-02 2.50e+03
        pdb=" CD2 PHE A   2 "   -0.015 2.00e-02 2.50e+03
        pdb=" HD2 PHE A   2 "    0.009 2.00e-02 2.50e+03
                                 delta    sigma   weight rms_deltas residual
  plane pdb=" C   PHE A   2 "   -0.005 2.00e-02 2.50e+03   1.01e-02 1.02e+00
        pdb=" CA  ALA A   3 "   -0.004 2.00e-02 2.50e+03
        pdb=" N   ALA A   3 "    0.017 2.00e-02 2.50e+03
        pdb=" H   ALA A   3 "   -0.008 2.00e-02 2.50e+03
                                 delta    sigma   weight rms_deltas residual
  plane pdb=" O   ALA A   3 "   -0.001 2.00e-02 2.50e+03   8.21e-03 8.43e-01
        pdb=" C   ALA A   3 "   -0.009 2.00e-02 2.50e+03
        pdb=" OXT ALA A   3 "    0.013 2.00e-02 2.50e+03
        pdb=" HXT ALA A   3 "   -0.008 2.00e-02 2.50e+03
        pdb=" CA  ALA A   3 "    0.005 2.00e-02 2.50e+03
  ... (remaining 3 not shown)

  Histogram of nonbonded interaction distances:
        1.69 -     2.33: 13
        2.33 -     2.97: 61
        2.97 -     3.61: 72
        3.61 -     4.26: 76
        4.26 -     4.90: 91
  Nonbonded interactions: 313
  Sorted by model distance:
  nonbonded pdb=" O   PHE A   2 "
            pdb=" HXT ALA A   3 "
     model   vdw
     1.687 1.970
  nonbonded pdb=" O   GLY A   1 "
            pdb=" H   ALA A   3 "
     model   vdw
     1.942 1.970
  nonbonded pdb=" HA  PHE A   2 "
            pdb=" H   PHE A   2 "
     model   vdw
     2.054 1.816
  nonbonded pdb=" HA  ALA A   3 "
            pdb=" H   ALA A   3 "
     model   vdw
     2.167 1.816
  nonbonded pdb=" HXT ALA A   3 "
            pdb=" HB2 ALA A   3 "
     model   vdw
     2.168 2.270
  ... (remaining 308 not shown)

  NOTE: a complete listing of the restraints can be obtained by requesting
        output of .geo file.

                   ----------xray_structure summary----------                  

Number of scattering types: 4
  Type Number    sf(0)   Gaussians
   O       4      7.97       2
   N       3      6.97       2
   C      14      5.97       2
   H      19      1.00       2
  sf(0) = scattering factor at diffraction angle 0.
Number of scatterers: 40
At special positions: 0
Unit cell: (17.049, 11.973, 10.115, 90, 90, 90)
Space group: P 1 (No. 1)

End of input processing
r_work=0.4457 r_free=0.5967
params.data_weight: 0.0
params.restraints: cctbx
rmsd(b), start:  0.0908
mc:   0 R: 0.4522 rmsd(b):  0.0020 restraint_scale:  1.0 min_steps: 54
mc:   1 R: 0.4539 rmsd(b):  0.0011 restraint_scale:  1.0 min_steps: 54
mc:   2 R: 0.4559 rmsd(b):  0.0014 restraint_scale:  1.0 min_steps: 52
mc:   3 R: 0.4584 rmsd(b):  0.0011 restraint_scale:  1.0 min_steps: 56
mc:   4 R: 0.4616 rmsd(b):  0.0012 restraint_scale:  1.0 min_steps: 53
mc:   5 R: 0.4641 rmsd(b):  0.0011 restraint_scale:  1.0 min_steps: 53
mc:   6 R: 0.4672 rmsd(b):  0.0011 restraint_scale:  1.0 min_steps: 55
mc:   7 R: 0.4695 rmsd(b):  0.0011 restraint_scale:  1.0 min_steps: 55
mc:   8 R: 0.4723 rmsd(b):  0.0011 restraint_scale:  1.0 min_steps: 54
mc:   9 R: 0.4743 rmsd(b):  0.0010 restraint_scale:  1.0 min_steps: 55
mc:  10 R: 0.4766 rmsd(b):  0.0011 restraint_scale:  1.0 min_steps: 53
mc:  11 R: 0.4782 rmsd(b):  0.0011 restraint_scale:  1.0 min_steps: 55
mc:  12 R: 0.4809 rmsd(b):  0.0010 restraint_scale:  1.0 min_steps: 52
mc:  13 R: 0.4823 rmsd(b):  0.0010 restraint_scale:  1.0 min_steps: 55
mc:  14 R: 0.4849 rmsd(b):  0.0011 restraint_scale:  1.0 min_steps: 53
mc:  15 R: 0.4857 rmsd(b):  0.0010 restraint_scale:  1.0 min_steps: 55
Convergence reached, stop now.
see the result structure:  ./p26/04_results/opt_cctbx/246_GFA16-new/0.9/6.pdb
Time: 8.2406
