phenix.python
you are importing  adaptive calculator, and it does nothing. Please give it energy, force....... 

============================== Collecting inputs ==============================


                   ----------Processing X-ray data----------                   

F-obs:
  /scratch/m_zhen01/30995.lupus.uni-muenster.de/p26/02_mtz/228_GGF08-new.mtz:F-obs
Miller array info: None
Observation type: xray.amplitude
Type of data: double, size=205
Type of sigmas: None
Number of Miller indices: 205
Anomalous flag: False
Unit cell: (15.127, 10.801, 12.687, 90, 90, 90)
Space group: P 1 (No. 1)
Systematic absences: 0
Centric reflections: 0
Resolution range: 3.96812 2.50244
Completeness in resolution range: 1
Completeness with d_max=infinity: 0.756458

Number of F-obs in resolution range:                   205
Number of F-obs<0 (these reflections will be rejected): 0
Number of F-obs=0 (these reflections will be used in refinement): 0
Refinement resolution range: d_max =   3.9681
                             d_min =   2.5024

R-free flags:
  /scratch/m_zhen01/30995.lupus.uni-muenster.de/p26/02_mtz/228_GGF08-new.mtz:R-free-flags
Miller array info: /scratch/m_zhen01/30995.lupus.uni-muenster.de/p26/02_mtz/228_GGF08-new.mtz:R-free-flags
Observation type: None
Type of data: int, size=205
Type of sigmas: None
Number of Miller indices: 205
Anomalous flag: False
Unit cell: (15.127, 10.801, 12.687, 90, 90, 90)
Space group: P 1 (No. 1)
Systematic absences: 0
Centric reflections: 0
Resolution range: 3.96812 2.50244
Completeness in resolution range: 1
Completeness with d_max=infinity: 0.756458
Wavelength: 1.0000

Test (R-free flags) flag value: 1

Number of work/free reflections by resolution:
                                  work free  %free
  bin  1: 3.9681 - 3.6370 [21/21]   19    2   9.5%
  bin  2: 3.6370 - 3.3945 [25/25]   21    4  16.0%
  bin  3: 3.3945 - 3.2060 [16/16]   16    0   0.0%
  bin  4: 3.2060 - 3.0534 [27/27]   27    0   0.0%
  bin  5: 3.0534 - 2.9262 [19/19]   15    4  21.1%
  bin  6: 2.9262 - 2.8179 [22/22]   22    0   0.0%
  bin  7: 2.8179 - 2.7241 [18/18]   18    0   0.0%
  bin  8: 2.7241 - 2.6416 [21/21]   21    0   0.0%
  bin  9: 2.6416 - 2.5682 [26/26]   24    2   7.7%
  bin 10: 2.5682 - 2.5024 [10/10]   10    0   0.0%
                          overall  193   12   5.9%

                   ----------Processing PDB file(s)----------                  

  Monomer Library directory:
    "/tmp1/m_zhen01/phenix-installer-1.10.1-2155-intel-linux-2.6-x86_64-centos5/phenix-1.10.1-2155/modules/chem_data/mon_lib"
  Total number of atoms: 37
  Number of models: 1
  Model: ""
    Number of chains: 1
    Chain: "A"
      Number of atoms: 37
      Number of conformers: 1
      Conformer: ""
        Number of residues, atoms: 3, 37
          Classifications: {'peptide': 3}
          Modifications used: {'NH2NOTPRO': 1, 'COOH': 1}
          Link IDs: {'TRANS': 2}
  Time building chain proxies: 0.07, per 1000 atoms: 1.89
  Number of scatterers: 37
  At special positions: 0
  Unit cell: (15.127, 10.801, 12.687, 90, 90, 90)
  Space group: P 1 (No. 1)
  Number of sites at special positions: 0
  Number of scattering types: 4
    Type Number    sf(0)
     O       4      8.00
     N       3      7.00
     C      13      6.00
     H      17      1.00
    sf(0) = scattering factor at diffraction angle 0.

  Number of disulfides: simple=0, symmetry=0

  Automatic linking
    Parameters for automatic linking
      Linking & cutoffs
        Metal                : False - 3.50
        Amimo acid           : False - 1.90
        Carbohydrate         : True  - 1.99
        Ligands              : True  - 1.99
        Amino acid - RNA/DNA : False
      
  Number of custom bonds: simple=0, symmetry=0
  Time building additional restraints: 0.02
  Conformation dependent library (CDL) restraints added in 2.5 milliseconds
  
  Adding C-beta torsion restraints...
  Number of C-beta restraints generated:  2
  Time building geometry restraints manager: 0.03 seconds

  NOTE: a complete listing of the restraints can be obtained by requesting
        output of .geo file.

  Histogram of bond lengths:
        0.82 -     0.96: 11
        0.96 -     1.11: 6
        1.11 -     1.25: 3
        1.25 -     1.40: 7
        1.40 -     1.55: 10
  Bond restraints: 37
  Sorted by residual:
  bond pdb=" CZ  PHE A   3 "
       pdb=" HZ  PHE A   3 "
    ideal  model  delta    sigma   weight residual
    0.930  0.976 -0.046 2.00e-02 2.50e+03 5.39e+00
  bond pdb=" N   PHE A   3 "
       pdb=" H   PHE A   3 "
    ideal  model  delta    sigma   weight residual
    0.860  0.816  0.044 2.00e-02 2.50e+03 4.90e+00
  bond pdb=" CE2 PHE A   3 "
       pdb=" HE2 PHE A   3 "
    ideal  model  delta    sigma   weight residual
    0.930  0.969 -0.039 2.00e-02 2.50e+03 3.79e+00
  bond pdb=" CA  PHE A   3 "
       pdb=" HA  PHE A   3 "
    ideal  model  delta    sigma   weight residual
    0.970  1.009 -0.039 2.00e-02 2.50e+03 3.78e+00
  bond pdb=" CB  PHE A   3 "
       pdb=" HB1 PHE A   3 "
    ideal  model  delta    sigma   weight residual
    0.970  0.932  0.038 2.00e-02 2.50e+03 3.59e+00
  ... (remaining 32 not shown)

  Histogram of bond angle deviations from ideal:
      105.60 -   109.46: 14
      109.46 -   113.31: 13
      113.31 -   117.17: 4
      117.17 -   121.02: 19
      121.02 -   124.88: 10
  Bond angle restraints: 60
  Sorted by residual:
  angle pdb=" CA  PHE A   3 "
        pdb=" CB  PHE A   3 "
        pdb=" CG  PHE A   3 "
      ideal   model   delta    sigma   weight residual
     113.80  112.19    1.61 1.00e+00 1.00e+00 2.60e+00
  angle pdb=" HA1 GLY A   2 "
        pdb=" CA  GLY A   2 "
        pdb=" N   GLY A   2 "
      ideal   model   delta    sigma   weight residual
     110.00  105.86    4.14 3.00e+00 1.11e-01 1.90e+00
  angle pdb=" O   GLY A   2 "
        pdb=" C   GLY A   2 "
        pdb=" N   PHE A   3 "
      ideal   model   delta    sigma   weight residual
     122.70  124.43   -1.73 1.30e+00 5.92e-01 1.77e+00
  angle pdb=" CB  PHE A   3 "
        pdb=" CG  PHE A   3 "
        pdb=" CD1 PHE A   3 "
      ideal   model   delta    sigma   weight residual
     120.70  118.54    2.16 1.70e+00 3.46e-01 1.61e+00
  angle pdb=" H1  GLY A   1 "
        pdb=" N   GLY A   1 "
        pdb=" H2  GLY A   1 "
      ideal   model   delta    sigma   weight residual
     109.47  106.06    3.41 3.00e+00 1.11e-01 1.29e+00
  ... (remaining 55 not shown)

  Histogram of dihedral angle deviations from ideal:
        0.07 -     2.90: 9
        2.90 -     5.72: 3
        5.72 -     8.55: 0
        8.55 -    11.37: 0
       11.37 -    14.20: 1
  Dihedral angle restraints: 13
    sinusoidal: 3
      harmonic: 10
  Sorted by residual:
  dihedral pdb=" CA  GLY A   2 "
           pdb=" C   GLY A   2 "
           pdb=" N   PHE A   3 "
           pdb=" CA  PHE A   3 "
      ideal   model   delta  harmonic     sigma   weight residual
     180.00 -175.15   -4.85     0      5.00e+00 4.00e-02 9.42e-01
  dihedral pdb=" C   PHE A   3 "
           pdb=" N   PHE A   3 "
           pdb=" CA  PHE A   3 "
           pdb=" CB  PHE A   3 "
      ideal   model   delta  harmonic     sigma   weight residual
    -122.60 -124.21    1.61     0      2.50e+00 1.60e-01 4.12e-01
  dihedral pdb=" OXT PHE A   3 "
           pdb=" C   PHE A   3 "
           pdb=" CA  PHE A   3 "
           pdb=" N   PHE A   3 "
      ideal   model   delta sinusoidal    sigma   weight residual
     160.00  145.80   14.20     2      3.00e+01 1.11e-03 3.21e-01
  ... (remaining 10 not shown)

  Histogram of chiral volume deviations from ideal:
       0.001 -    0.001: 1
       0.001 -    0.001: 0
       0.001 -    0.001: 0
       0.001 -    0.001: 0
       0.001 -    0.001: 0
  Chirality restraints: 1
  Sorted by residual:
  chirality pdb=" CA  PHE A   3 "
            pdb=" C   PHE A   3 "
            pdb=" N   PHE A   3 "
            pdb=" CB  PHE A   3 "
    both_signs  ideal   model   delta    sigma   weight residual
      False     -2.51   -2.51    0.00 2.00e-01 2.50e+01 7.48e-06

  Planarity restraints: 6
  Sorted by residual:
                                 delta    sigma   weight rms_deltas residual
  plane pdb=" CB  PHE A   3 "    0.022 2.00e-02 2.50e+03   1.40e-02 5.84e+00
        pdb=" CG  PHE A   3 "   -0.016 2.00e-02 2.50e+03
        pdb=" CD2 PHE A   3 "   -0.012 2.00e-02 2.50e+03
        pdb=" HD2 PHE A   3 "   -0.010 2.00e-02 2.50e+03
        pdb=" CE2 PHE A   3 "   -0.009 2.00e-02 2.50e+03
        pdb=" HE2 PHE A   3 "    0.025 2.00e-02 2.50e+03
        pdb=" CZ  PHE A   3 "    0.003 2.00e-02 2.50e+03
        pdb=" HZ  PHE A   3 "    0.004 2.00e-02 2.50e+03
        pdb=" CE1 PHE A   3 "   -0.011 2.00e-02 2.50e+03
        pdb=" HE1 PHE A   3 "    0.002 2.00e-02 2.50e+03
        pdb=" CD1 PHE A   3 "   -0.014 2.00e-02 2.50e+03
        pdb=" HD1 PHE A   3 "    0.017 2.00e-02 2.50e+03
                                 delta    sigma   weight rms_deltas residual
  plane pdb=" C   GLY A   1 "    0.008 2.00e-02 2.50e+03   1.50e-02 2.24e+00
        pdb=" CA  GLY A   2 "    0.007 2.00e-02 2.50e+03
        pdb=" N   GLY A   2 "   -0.026 2.00e-02 2.50e+03
        pdb=" H   GLY A   2 "    0.011 2.00e-02 2.50e+03
                                 delta    sigma   weight rms_deltas residual
  plane pdb=" C   GLY A   2 "    0.011 2.00e-02 2.50e+03   6.38e-03 4.07e-01
        pdb=" O   GLY A   2 "   -0.004 2.00e-02 2.50e+03
        pdb=" CA  GLY A   2 "   -0.003 2.00e-02 2.50e+03
        pdb=" N   PHE A   3 "   -0.004 2.00e-02 2.50e+03
  ... (remaining 3 not shown)

  Histogram of nonbonded interaction distances:
        2.15 -     2.70: 38
        2.70 -     3.25: 53
        3.25 -     3.80: 64
        3.80 -     4.35: 66
        4.35 -     4.90: 82
  Nonbonded interactions: 303
  Sorted by model distance:
  nonbonded pdb=" HA2 GLY A   2 "
            pdb=" H   GLY A   2 "
     model   vdw
     2.150 1.816
  nonbonded pdb=" HA1 GLY A   1 "
            pdb=" H1  GLY A   1 "
     model   vdw
     2.158 1.816
  nonbonded pdb=" O   PHE A   3 "
            pdb=" HXT PHE A   3 "
     model   vdw
     2.246 2.056
  nonbonded pdb=" HA  PHE A   3 "
            pdb=" HB2 PHE A   3 "
     model   vdw
     2.258 1.952
  nonbonded pdb=" HD2 PHE A   3 "
            pdb=" HE2 PHE A   3 "
     model   vdw
     2.298 1.680
  ... (remaining 298 not shown)

  NOTE: a complete listing of the restraints can be obtained by requesting
        output of .geo file.

                   ----------xray_structure summary----------                  

Number of scattering types: 4
  Type Number    sf(0)   Gaussians
   O       4      7.97       2
   N       3      6.97       2
   C      13      5.97       2
   H      17      1.00       2
  sf(0) = scattering factor at diffraction angle 0.
Number of scatterers: 37
At special positions: 0
Unit cell: (15.127, 10.801, 12.687, 90, 90, 90)
Space group: P 1 (No. 1)

End of input processing
r_work=0.4559 r_free=0.2120
params.data_weight: None
params.restraints: cctbx
rmsd(b), start:  0.0843
mc:   0 R: 0.0943 rmsd(b):  0.0828 restraint_scale:  2.0 min_steps: 30
mc:   1 R: 0.0374 rmsd(b):  0.0418 restraint_scale:  4.0 min_steps: 17
mc:   2 R: 0.0222 rmsd(b):  0.0243 restraint_scale:  4.0 min_steps: 17
mc:   3 R: 0.0155 rmsd(b):  0.0196 restraint_scale:  4.0 min_steps: 16
mc:   4 R: 0.0096 rmsd(b):  0.0309 restraint_scale:  8.0 min_steps: 23
mc:   5 R: 0.0093 rmsd(b):  0.0307 restraint_scale: 16.0 min_steps: 8
Convergence reached, stop now.
see the result structure:  ./p26/04_results/refine_cctbx/228_GGF08-new/0.6/4.pdb
Time: 5.8517
