phenix.python
you are importing  adaptive calculator, and it does nothing. Please give it energy, force....... 

============================== Collecting inputs ==============================


                   ----------Processing X-ray data----------                   

F-obs:
  /scratch/m_zhen01/30995.lupus.uni-muenster.de/p26/02_mtz/199_WG15-new.mtz:F-obs
Miller array info: None
Observation type: xray.amplitude
Type of data: double, size=186
Type of sigmas: None
Number of Miller indices: 186
Anomalous flag: False
Unit cell: (11.802, 13.932, 11.218, 90, 90, 90)
Space group: P 1 (No. 1)
Systematic absences: 0
Centric reflections: 0
Resolution range: 3.934 2.51963
Completeness in resolution range: 1
Completeness with d_max=infinity: 0.746988

Number of F-obs in resolution range:                   186
Number of F-obs<0 (these reflections will be rejected): 0
Number of F-obs=0 (these reflections will be used in refinement): 0
Refinement resolution range: d_max =   3.9340
                             d_min =   2.5196

R-free flags:
  /scratch/m_zhen01/30995.lupus.uni-muenster.de/p26/02_mtz/199_WG15-new.mtz:R-free-flags
Miller array info: /scratch/m_zhen01/30995.lupus.uni-muenster.de/p26/02_mtz/199_WG15-new.mtz:R-free-flags
Observation type: None
Type of data: int, size=186
Type of sigmas: None
Number of Miller indices: 186
Anomalous flag: False
Unit cell: (11.802, 13.932, 11.218, 90, 90, 90)
Space group: P 1 (No. 1)
Systematic absences: 0
Centric reflections: 0
Resolution range: 3.934 2.51963
Completeness in resolution range: 1
Completeness with d_max=infinity: 0.746988
Wavelength: 1.0000

Test (R-free flags) flag value: 1

Number of work/free reflections by resolution:
                                  work free  %free
  bin  1: 3.9340 - 3.6227 [12/12]   10    2  16.7%
  bin  2: 3.6227 - 3.3911 [29/29]   27    2   6.9%
  bin  3: 3.3911 - 3.2093 [12/12]   12    0   0.0%
  bin  4: 3.2093 - 3.0612 [18/18]   18    0   0.0%
  bin  5: 3.0612 - 2.9370 [11/11]   11    0   0.0%
  bin  6: 2.9370 - 2.8309 [26/26]   26    0   0.0%
  bin  7: 2.8309 - 2.7386 [12/12]    8    4  33.3%
  bin  8: 2.7386 - 2.6572 [18/18]   14    4  22.2%
  bin  9: 2.6572 - 2.5848 [26/26]   26    0   0.0%
  bin 10: 2.5848 - 2.5196 [22/22]   22    0   0.0%
                          overall  174   12   6.5%

                   ----------Processing PDB file(s)----------                  

  Monomer Library directory:
    "/tmp1/m_zhen01/phenix-installer-1.10.1-2155-intel-linux-2.6-x86_64-centos5/phenix-1.10.1-2155/modules/chem_data/mon_lib"
  Total number of atoms: 34
  Number of models: 1
  Model: ""
    Number of chains: 1
    Chain: "A"
      Number of atoms: 34
      Number of conformers: 1
      Conformer: ""
        Number of residues, atoms: 2, 34
          Classifications: {'peptide': 2}
          Modifications used: {'NH2NOTPRO': 1, 'COOH': 1}
          Link IDs: {'TRANS': 1}
  Time building chain proxies: 0.07, per 1000 atoms: 2.06
  Number of scatterers: 34
  At special positions: 0
  Unit cell: (11.802, 13.932, 11.218, 90, 90, 90)
  Space group: P 1 (No. 1)
  Number of sites at special positions: 0
  Number of scattering types: 4
    Type Number    sf(0)
     O       3      8.00
     N       3      7.00
     C      13      6.00
     H      15      1.00
    sf(0) = scattering factor at diffraction angle 0.

  Number of disulfides: simple=0, symmetry=0

  Automatic linking
    Parameters for automatic linking
      Linking & cutoffs
        Metal                : False - 3.50
        Amimo acid           : False - 1.90
        Carbohydrate         : True  - 1.99
        Ligands              : True  - 1.99
        Amino acid - RNA/DNA : False
      
  Number of custom bonds: simple=0, symmetry=0
  Time building additional restraints: 0.02
  Conformation dependent library (CDL) restraints added in 438.0 microseconds
  
  Adding C-beta torsion restraints...
  Number of C-beta restraints generated:  2
  Time building geometry restraints manager: 0.03 seconds

  NOTE: a complete listing of the restraints can be obtained by requesting
        output of .geo file.

  Histogram of bond lengths:
        0.84 -     0.98: 13
        0.98 -     1.12: 2
        1.12 -     1.26: 2
        1.26 -     1.40: 9
        1.40 -     1.54: 9
  Bond restraints: 35
  Sorted by residual:
  bond pdb=" CH2 TRP A   1 "
       pdb=" HH2 TRP A   1 "
    ideal  model  delta    sigma   weight residual
    0.930  0.884  0.046 2.00e-02 2.50e+03 5.37e+00
  bond pdb=" CA  GLY A   2 "
       pdb=" HA2 GLY A   2 "
    ideal  model  delta    sigma   weight residual
    0.970  1.013 -0.043 2.00e-02 2.50e+03 4.68e+00
  bond pdb=" OXT GLY A   2 "
       pdb=" HXT GLY A   2 "
    ideal  model  delta    sigma   weight residual
    0.948  0.911  0.037 2.00e-02 2.50e+03 3.33e+00
  bond pdb=" CA  TRP A   1 "
       pdb=" HA  TRP A   1 "
    ideal  model  delta    sigma   weight residual
    0.970  0.936  0.034 2.00e-02 2.50e+03 2.95e+00
  bond pdb=" O   GLY A   2 "
       pdb=" C   GLY A   2 "
    ideal  model  delta    sigma   weight residual
    1.185  1.212 -0.027 2.00e-02 2.50e+03 1.82e+00
  ... (remaining 30 not shown)

  Histogram of bond angle deviations from ideal:
      103.46 -   109.37: 15
      109.37 -   115.29: 10
      115.29 -   121.21: 16
      121.21 -   127.13: 14
      127.13 -   133.05: 2
  Bond angle restraints: 57
  Sorted by residual:
  angle pdb=" CA  TRP A   1 "
        pdb=" CB  TRP A   1 "
        pdb=" HB1 TRP A   1 "
      ideal   model   delta    sigma   weight residual
     109.00  115.74   -6.74 3.00e+00 1.11e-01 5.05e+00
  angle pdb=" C   TRP A   1 "
        pdb=" CA  TRP A   1 "
        pdb=" HA  TRP A   1 "
      ideal   model   delta    sigma   weight residual
     109.00  103.46    5.54 3.00e+00 1.11e-01 3.42e+00
  angle pdb=" C   GLY A   2 "
        pdb=" CA  GLY A   2 "
        pdb=" HA2 GLY A   2 "
      ideal   model   delta    sigma   weight residual
     109.00  103.96    5.04 3.00e+00 1.11e-01 2.82e+00
  angle pdb=" CA  TRP A   1 "
        pdb=" N   TRP A   1 "
        pdb=" H1  TRP A   1 "
      ideal   model   delta    sigma   weight residual
     109.47  114.12   -4.65 3.00e+00 1.11e-01 2.41e+00
  angle pdb=" O   GLY A   2 "
        pdb=" C   GLY A   2 "
        pdb=" CA  GLY A   2 "
      ideal   model   delta    sigma   weight residual
     118.60  123.15   -4.55 3.00e+00 1.11e-01 2.30e+00
  ... (remaining 52 not shown)

  Histogram of dihedral angle deviations from ideal:
        0.05 -    16.23: 11
       16.23 -    32.40: 0
       32.40 -    48.57: 1
       48.57 -    64.74: 0
       64.74 -    80.91: 1
  Dihedral angle restraints: 13
    sinusoidal: 3
      harmonic: 10
  Sorted by residual:
  dihedral pdb=" N   TRP A   1 "
           pdb=" CA  TRP A   1 "
           pdb=" CB  TRP A   1 "
           pdb=" CG  TRP A   1 "
      ideal   model   delta sinusoidal    sigma   weight residual
      60.00  101.13  -41.13     3      1.50e+01 4.44e-03 7.35e+00
  dihedral pdb=" OXT GLY A   2 "
           pdb=" C   GLY A   2 "
           pdb=" CA  GLY A   2 "
           pdb=" N   GLY A   2 "
      ideal   model   delta sinusoidal    sigma   weight residual
     -20.00   60.91  -80.91     2      3.00e+01 1.11e-03 5.20e+00
  dihedral pdb=" CA  TRP A   1 "
           pdb=" C   TRP A   1 "
           pdb=" N   GLY A   2 "
           pdb=" CA  GLY A   2 "
      ideal   model   delta  harmonic     sigma   weight residual
     180.00  174.63    5.37     0      5.00e+00 4.00e-02 1.16e+00
  ... (remaining 10 not shown)

  Histogram of chiral volume deviations from ideal:
       0.034 -    0.034: 1
       0.034 -    0.034: 0
       0.034 -    0.034: 0
       0.034 -    0.034: 0
       0.034 -    0.034: 0
  Chirality restraints: 1
  Sorted by residual:
  chirality pdb=" CA  TRP A   1 "
            pdb=" C   TRP A   1 "
            pdb=" N   TRP A   1 "
            pdb=" CB  TRP A   1 "
    both_signs  ideal   model   delta    sigma   weight residual
      False     -2.51   -2.54    0.03 2.00e-01 2.50e+01 2.93e-02

  Planarity restraints: 4
  Sorted by residual:
                                 delta    sigma   weight rms_deltas residual
  plane pdb=" C   TRP A   1 "    0.037 2.00e-02 2.50e+03   2.14e-02 4.58e+00
        pdb=" O   TRP A   1 "   -0.014 2.00e-02 2.50e+03
        pdb=" CA  TRP A   1 "   -0.011 2.00e-02 2.50e+03
        pdb=" N   GLY A   2 "   -0.013 2.00e-02 2.50e+03
                                 delta    sigma   weight rms_deltas residual
  plane pdb=" CB  TRP A   1 "    0.005 2.00e-02 2.50e+03   9.42e-03 3.55e+00
        pdb=" CG  TRP A   1 "   -0.016 2.00e-02 2.50e+03
        pdb=" CD1 TRP A   1 "   -0.014 2.00e-02 2.50e+03
        pdb=" HD1 TRP A   1 "    0.001 2.00e-02 2.50e+03
        pdb=" NE1 TRP A   1 "    0.022 2.00e-02 2.50e+03
        pdb=" HE1 TRP A   1 "    0.006 2.00e-02 2.50e+03
        pdb=" CE2 TRP A   1 "    0.007 2.00e-02 2.50e+03
        pdb=" CZ2 TRP A   1 "   -0.009 2.00e-02 2.50e+03
        pdb=" HZ2 TRP A   1 "   -0.005 2.00e-02 2.50e+03
        pdb=" CH2 TRP A   1 "   -0.009 2.00e-02 2.50e+03
        pdb=" HH2 TRP A   1 "    0.003 2.00e-02 2.50e+03
        pdb=" CZ3 TRP A   1 "   -0.005 2.00e-02 2.50e+03
        pdb=" HZ3 TRP A   1 "    0.011 2.00e-02 2.50e+03
        pdb=" CE3 TRP A   1 "    0.003 2.00e-02 2.50e+03
        pdb=" HE3 TRP A   1 "    0.004 2.00e-02 2.50e+03
        pdb=" CD2 TRP A   1 "   -0.004 2.00e-02 2.50e+03
                                 delta    sigma   weight rms_deltas residual
  plane pdb=" C   TRP A   1 "   -0.005 2.00e-02 2.50e+03   9.32e-03 8.68e-01
        pdb=" CA  GLY A   2 "   -0.004 2.00e-02 2.50e+03
        pdb=" N   GLY A   2 "    0.016 2.00e-02 2.50e+03
        pdb=" H   GLY A   2 "   -0.007 2.00e-02 2.50e+03
  ... (remaining 1 not shown)

  Histogram of nonbonded interaction distances:
        2.09 -     2.64: 21
        2.64 -     3.19: 42
        3.19 -     3.74: 66
        3.74 -     4.29: 80
        4.29 -     4.84: 75
  Nonbonded interactions: 284
  Sorted by model distance:
  nonbonded pdb=" HA  TRP A   1 "
            pdb=" HB2 TRP A   1 "
     model   vdw
     2.088 1.952
  nonbonded pdb=" O   GLY A   2 "
            pdb=" HXT GLY A   2 "
     model   vdw
     2.167 2.056
  nonbonded pdb=" HA1 GLY A   2 "
            pdb=" H   GLY A   2 "
     model   vdw
     2.219 1.816
  nonbonded pdb=" HH2 TRP A   1 "
            pdb=" HZ3 TRP A   1 "
     model   vdw
     2.277 1.680
  nonbonded pdb=" HZ2 TRP A   1 "
            pdb=" HH2 TRP A   1 "
     model   vdw
     2.290 1.680
  ... (remaining 279 not shown)

  NOTE: a complete listing of the restraints can be obtained by requesting
        output of .geo file.

                   ----------xray_structure summary----------                  

Number of scattering types: 4
  Type Number    sf(0)   Gaussians
   O       3      7.97       2
   N       3      6.97       2
   C      13      5.97       2
   H      15      1.00       2
  sf(0) = scattering factor at diffraction angle 0.
Number of scatterers: 34
At special positions: 0
Unit cell: (11.802, 13.932, 11.218, 90, 90, 90)
Space group: P 1 (No. 1)

End of input processing
r_work=0.2652 r_free=0.2039
params.data_weight: None
params.restraints: cctbx
rmsd(b), start:  0.0924
mc:   0 R: 0.0458 rmsd(b):  0.0214 restraint_scale:  1.0 min_steps: 29
mc:   1 R: 0.0117 rmsd(b):  0.0495 restraint_scale:  2.0 min_steps: 28
mc:   2 R: 0.0086 rmsd(b):  0.0488 restraint_scale:  4.0 min_steps: 11
mc:   3 R: 0.0074 rmsd(b):  0.0398 restraint_scale:  8.0 min_steps: 15
mc:   4 R: 0.0065 rmsd(b):  0.0170 restraint_scale:  8.0 min_steps: 19
mc:   5 R: 0.0051 rmsd(b):  0.0109 restraint_scale:  8.0 min_steps: 36
mc:   6 R: 0.0045 rmsd(b):  0.0110 restraint_scale:  8.0 min_steps: 15
Convergence reached, stop now.
see the result structure:  ./p26/04_results/refine_cctbx/199_WG15-new/0.3/9.pdb
Time: 6.0357
