phenix.python
you are importing  adaptive calculator, and it does nothing. Please give it energy, force....... 

============================== Collecting inputs ==============================


                   ----------Processing X-ray data----------                   

F-obs:
  /scratch/m_zhen01/30994.lupus.uni-muenster.de/p26/02_mtz/247_GFA03-new.mtz:F-obs
Miller array info: None
Observation type: xray.amplitude
Type of data: double, size=227
Type of sigmas: None
Number of Miller indices: 227
Anomalous flag: False
Unit cell: (16.841, 13.139, 9.995, 90, 90, 90)
Space group: P 1 (No. 1)
Systematic absences: 0
Centric reflections: 0
Resolution range: 3.97746 2.50702
Completeness in resolution range: 1
Completeness with d_max=infinity: 0.761745

Number of F-obs in resolution range:                   227
Number of F-obs<0 (these reflections will be rejected): 0
Number of F-obs=0 (these reflections will be used in refinement): 0
Refinement resolution range: d_max =   3.9775
                             d_min =   2.5070

R-free flags:
  /scratch/m_zhen01/30994.lupus.uni-muenster.de/p26/02_mtz/247_GFA03-new.mtz:R-free-flags
Miller array info: /scratch/m_zhen01/30994.lupus.uni-muenster.de/p26/02_mtz/247_GFA03-new.mtz:R-free-flags
Observation type: None
Type of data: int, size=227
Type of sigmas: None
Number of Miller indices: 227
Anomalous flag: False
Unit cell: (16.841, 13.139, 9.995, 90, 90, 90)
Space group: P 1 (No. 1)
Systematic absences: 0
Centric reflections: 0
Resolution range: 3.97746 2.50702
Completeness in resolution range: 1
Completeness with d_max=infinity: 0.761745
Wavelength: 1.0000

Test (R-free flags) flag value: 1

Number of work/free reflections by resolution:
                                  work free  %free
  bin  1: 3.9775 - 3.6450 [24/24]   24    0   0.0%
  bin  2: 3.6450 - 3.4016 [16/16]   16    0   0.0%
  bin  3: 3.4016 - 3.2125 [31/31]   27    4  12.9%
  bin  4: 3.2125 - 3.0594 [28/28]   24    4  14.3%
  bin  5: 3.0594 - 2.9319 [10/10]    8    2  20.0%
  bin  6: 2.9319 - 2.8233 [28/28]   28    0   0.0%
  bin  7: 2.8233 - 2.7292 [19/19]   19    0   0.0%
  bin  8: 2.7292 - 2.6465 [18/18]   18    0   0.0%
  bin  9: 2.6465 - 2.5730 [29/29]   27    2   6.9%
  bin 10: 2.5730 - 2.5070 [24/24]   24    0   0.0%
                          overall  215   12   5.3%

                   ----------Processing PDB file(s)----------                  

  Monomer Library directory:
    "/tmp1/m_zhen01/phenix-installer-1.10.1-2155-intel-linux-2.6-x86_64-centos5/phenix-1.10.1-2155/modules/chem_data/mon_lib"
  Total number of atoms: 40
  Number of models: 1
  Model: ""
    Number of chains: 1
    Chain: "A"
      Number of atoms: 40
      Number of conformers: 1
      Conformer: ""
        Number of residues, atoms: 3, 40
          Classifications: {'peptide': 3}
          Modifications used: {'NH2NOTPRO': 1, 'COOH': 1}
          Link IDs: {'TRANS': 2}
  Time building chain proxies: 0.09, per 1000 atoms: 2.25
  Number of scatterers: 40
  At special positions: 0
  Unit cell: (16.841, 13.139, 9.995, 90, 90, 90)
  Space group: P 1 (No. 1)
  Number of sites at special positions: 0
  Number of scattering types: 4
    Type Number    sf(0)
     O       4      8.00
     N       3      7.00
     C      14      6.00
     H      19      1.00
    sf(0) = scattering factor at diffraction angle 0.

  Number of disulfides: simple=0, symmetry=0

  Automatic linking
    Parameters for automatic linking
      Linking & cutoffs
        Metal                : False - 3.50
        Amimo acid           : False - 1.90
        Carbohydrate         : True  - 1.99
        Ligands              : True  - 1.99
        Amino acid - RNA/DNA : False
      
  Number of custom bonds: simple=0, symmetry=0
  Time building additional restraints: 0.03
  Conformation dependent library (CDL) restraints added in 3.9 milliseconds
  
  Adding C-beta torsion restraints...
  Number of C-beta restraints generated:  4
  Time building geometry restraints manager: 0.03 seconds

  NOTE: a complete listing of the restraints can be obtained by requesting
        output of .geo file.

  Histogram of bond lengths:
        0.83 -     0.97: 15
        0.97 -     1.11: 4
        1.11 -     1.25: 2
        1.25 -     1.39: 9
        1.39 -     1.52: 10
  Bond restraints: 40
  Sorted by residual:
  bond pdb=" CB  PHE A   2 "
       pdb=" HB2 PHE A   2 "
    ideal  model  delta    sigma   weight residual
    0.970  1.036 -0.066 2.00e-02 2.50e+03 1.08e+01
  bond pdb=" CB  ALA A   3 "
       pdb=" HB1 ALA A   3 "
    ideal  model  delta    sigma   weight residual
    0.970  0.924  0.046 2.00e-02 2.50e+03 5.26e+00
  bond pdb=" CE2 PHE A   2 "
       pdb=" CD2 PHE A   2 "
    ideal  model  delta    sigma   weight residual
    1.382  1.317  0.065 3.00e-02 1.11e+03 4.75e+00
  bond pdb=" CE1 PHE A   2 "
       pdb=" HE1 PHE A   2 "
    ideal  model  delta    sigma   weight residual
    0.930  0.962 -0.032 2.00e-02 2.50e+03 2.54e+00
  bond pdb=" CA  GLY A   1 "
       pdb=" HA1 GLY A   1 "
    ideal  model  delta    sigma   weight residual
    0.970  1.001 -0.031 2.00e-02 2.50e+03 2.33e+00
  ... (remaining 35 not shown)

  Histogram of bond angle deviations from ideal:
      102.53 -   107.15: 6
      107.15 -   111.76: 20
      111.76 -   116.37: 11
      116.37 -   120.98: 19
      120.98 -   125.60: 10
  Bond angle restraints: 66
  Sorted by residual:
  angle pdb=" C   GLY A   1 "
        pdb=" N   PHE A   2 "
        pdb=" CA  PHE A   2 "
      ideal   model   delta    sigma   weight residual
     121.72  125.60   -3.88 1.54e+00 4.22e-01 6.33e+00
  angle pdb=" CB  ALA A   3 "
        pdb=" CA  ALA A   3 "
        pdb=" HA  ALA A   3 "
      ideal   model   delta    sigma   weight residual
     109.00  102.53    6.47 3.00e+00 1.11e-01 4.65e+00
  angle pdb=" CA  ALA A   3 "
        pdb=" CB  ALA A   3 "
        pdb=" HB1 ALA A   3 "
      ideal   model   delta    sigma   weight residual
     109.00  113.64   -4.64 3.00e+00 1.11e-01 2.40e+00
  angle pdb=" CB  PHE A   2 "
        pdb=" CA  PHE A   2 "
        pdb=" N   PHE A   2 "
      ideal   model   delta    sigma   weight residual
     110.79  113.28   -2.49 1.63e+00 3.76e-01 2.34e+00
  angle pdb=" CB  PHE A   2 "
        pdb=" CG  PHE A   2 "
        pdb=" CD2 PHE A   2 "
      ideal   model   delta    sigma   weight residual
     120.70  118.53    2.17 1.70e+00 3.46e-01 1.63e+00
  ... (remaining 61 not shown)

  Histogram of dihedral angle deviations from ideal:
        0.17 -     5.00: 11
        5.00 -     9.83: 3
        9.83 -    14.66: 1
       14.66 -    19.49: 0
       19.49 -    24.32: 1
  Dihedral angle restraints: 16
    sinusoidal: 4
      harmonic: 12
  Sorted by residual:
  dihedral pdb=" CA  GLY A   1 "
           pdb=" C   GLY A   1 "
           pdb=" N   PHE A   2 "
           pdb=" CA  PHE A   2 "
      ideal   model   delta  harmonic     sigma   weight residual
    -180.00 -167.75  -12.25     0      5.00e+00 4.00e-02 6.00e+00
  dihedral pdb=" CG  PHE A   2 "
           pdb=" CB  PHE A   2 "
           pdb=" CA  PHE A   2 "
           pdb=" N   PHE A   2 "
      ideal   model   delta sinusoidal    sigma   weight residual
    -180.00 -155.68  -24.32     3      1.50e+01 4.44e-03 3.35e+00
  dihedral pdb=" N   PHE A   2 "
           pdb=" C   PHE A   2 "
           pdb=" CA  PHE A   2 "
           pdb=" CB  PHE A   2 "
      ideal   model   delta  harmonic     sigma   weight residual
     122.80  124.62   -1.82     0      2.50e+00 1.60e-01 5.31e-01
  ... (remaining 13 not shown)

  Histogram of chiral volume deviations from ideal:
       0.002 -    0.008: 1
       0.008 -    0.014: 0
       0.014 -    0.021: 0
       0.021 -    0.027: 0
       0.027 -    0.034: 1
  Chirality restraints: 2
  Sorted by residual:
  chirality pdb=" CA  PHE A   2 "
            pdb=" CB  PHE A   2 "
            pdb=" C   PHE A   2 "
            pdb=" N   PHE A   2 "
    both_signs  ideal   model   delta    sigma   weight residual
      False     -2.51   -2.48   -0.03 2.00e-01 2.50e+01 2.85e-02
  chirality pdb=" CA  ALA A   3 "
            pdb=" C   ALA A   3 "
            pdb=" CB  ALA A   3 "
            pdb=" N   ALA A   3 "
    both_signs  ideal   model   delta    sigma   weight residual
      False      2.48    2.49   -0.00 2.00e-01 2.50e+01 6.68e-05

  Planarity restraints: 6
  Sorted by residual:
                                 delta    sigma   weight rms_deltas residual
  plane pdb=" CB  PHE A   2 "   -0.016 2.00e-02 2.50e+03   1.71e-02 8.82e+00
        pdb=" CG  PHE A   2 "    0.015 2.00e-02 2.50e+03
        pdb=" CD1 PHE A   2 "   -0.002 2.00e-02 2.50e+03
        pdb=" HD1 PHE A   2 "    0.027 2.00e-02 2.50e+03
        pdb=" CE1 PHE A   2 "   -0.012 2.00e-02 2.50e+03
        pdb=" HE1 PHE A   2 "    0.002 2.00e-02 2.50e+03
        pdb=" CZ  PHE A   2 "   -0.030 2.00e-02 2.50e+03
        pdb=" HZ  PHE A   2 "   -0.001 2.00e-02 2.50e+03
        pdb=" CE2 PHE A   2 "    0.010 2.00e-02 2.50e+03
        pdb=" HE2 PHE A   2 "    0.029 2.00e-02 2.50e+03
        pdb=" CD2 PHE A   2 "   -0.018 2.00e-02 2.50e+03
        pdb=" HD2 PHE A   2 "   -0.004 2.00e-02 2.50e+03
                                 delta    sigma   weight rms_deltas residual
  plane pdb=" O   ALA A   3 "   -0.017 2.00e-02 2.50e+03   2.14e-02 5.70e+00
        pdb=" C   ALA A   3 "    0.036 2.00e-02 2.50e+03
        pdb=" OXT ALA A   3 "   -0.023 2.00e-02 2.50e+03
        pdb=" HXT ALA A   3 "    0.010 2.00e-02 2.50e+03
        pdb=" CA  ALA A   3 "   -0.006 2.00e-02 2.50e+03
                                 delta    sigma   weight rms_deltas residual
  plane pdb=" C   GLY A   1 "   -0.039 2.00e-02 2.50e+03   2.25e-02 5.08e+00
        pdb=" O   GLY A   1 "    0.015 2.00e-02 2.50e+03
        pdb=" CA  GLY A   1 "    0.011 2.00e-02 2.50e+03
        pdb=" N   PHE A   2 "    0.013 2.00e-02 2.50e+03
  ... (remaining 3 not shown)

  Histogram of nonbonded interaction distances:
        1.93 -     2.53: 24
        2.53 -     3.12: 52
        3.12 -     3.71: 64
        3.71 -     4.30: 63
        4.30 -     4.89: 86
  Nonbonded interactions: 289
  Sorted by model distance:
  nonbonded pdb=" HA2 GLY A   1 "
            pdb=" H2  GLY A   1 "
     model   vdw
     1.934 1.816
  nonbonded pdb=" HA1 GLY A   1 "
            pdb=" H1  GLY A   1 "
     model   vdw
     2.159 1.816
  nonbonded pdb=" H2  GLY A   1 "
            pdb=" H   PHE A   2 "
     model   vdw
     2.165 2.100
  nonbonded pdb=" O   ALA A   3 "
            pdb=" HXT ALA A   3 "
     model   vdw
     2.172 2.056
  nonbonded pdb=" HE2 PHE A   2 "
            pdb=" HD2 PHE A   2 "
     model   vdw
     2.212 1.680
  ... (remaining 284 not shown)

  NOTE: a complete listing of the restraints can be obtained by requesting
        output of .geo file.

                   ----------xray_structure summary----------                  

Number of scattering types: 4
  Type Number    sf(0)   Gaussians
   O       4      7.97       2
   N       3      6.97       2
   C      14      5.97       2
   H      19      1.00       2
  sf(0) = scattering factor at diffraction angle 0.
Number of scatterers: 40
At special positions: 0
Unit cell: (16.841, 13.139, 9.995, 90, 90, 90)
Space group: P 1 (No. 1)

End of input processing
r_work=0.5298 r_free=0.5465
params.data_weight: 0.0
params.restraints: qm
rmsd(b), start:  0.0883
mc:   0 R: 0.5472 rmsd(b):  0.0269 restraint_scale:  1.0 min_steps: 52
mc:   1 R: 0.5376 rmsd(b):  0.0259 restraint_scale:  1.0 min_steps: 53
mc:   2 R: 0.5355 rmsd(b):  0.0268 restraint_scale:  1.0 min_steps: 53
mc:   3 R: 0.5355 rmsd(b):  0.0268 restraint_scale:  1.0 min_steps: 1
Convergence reached, stop now.
see the result structure:  ./p26/04_results/opt_qm/247_GFA03-new/1.2/7.pdb
Time: 155.7058
