phenix.python
you are importing  adaptive calculator, and it does nothing. Please give it energy, force....... 

============================== Collecting inputs ==============================


                   ----------Processing X-ray data----------                   

F-obs:
  /scratch/m_zhen01/30994.lupus.uni-muenster.de/p26/02_mtz/208_WGG04-new.mtz:F-obs
Miller array info: None
Observation type: xray.amplitude
Type of data: double, size=231
Type of sigmas: None
Number of Miller indices: 231
Anomalous flag: False
Unit cell: (12.308, 13.023, 13.953, 90, 90, 90)
Space group: P 1 (No. 1)
Systematic absences: 0
Centric reflections: 0
Resolution range: 3.93605 2.50671
Completeness in resolution range: 1
Completeness with d_max=infinity: 0.759868

Number of F-obs in resolution range:                   231
Number of F-obs<0 (these reflections will be rejected): 0
Number of F-obs=0 (these reflections will be used in refinement): 0
Refinement resolution range: d_max =   3.9360
                             d_min =   2.5067

R-free flags:
  /scratch/m_zhen01/30994.lupus.uni-muenster.de/p26/02_mtz/208_WGG04-new.mtz:R-free-flags
Miller array info: /scratch/m_zhen01/30994.lupus.uni-muenster.de/p26/02_mtz/208_WGG04-new.mtz:R-free-flags
Observation type: None
Type of data: int, size=231
Type of sigmas: None
Number of Miller indices: 231
Anomalous flag: False
Unit cell: (12.308, 13.023, 13.953, 90, 90, 90)
Space group: P 1 (No. 1)
Systematic absences: 0
Centric reflections: 0
Resolution range: 3.93605 2.50671
Completeness in resolution range: 1
Completeness with d_max=infinity: 0.759868
Wavelength: 1.0000

Test (R-free flags) flag value: 1

Number of work/free reflections by resolution:
                                  work free  %free
  bin  1: 3.9360 - 3.6184 [22/22]   22    0   0.0%
  bin  2: 3.6184 - 3.3835 [27/27]   26    1   3.7%
  bin  3: 3.3835 - 3.1997 [17/17]   13    4  23.5%
  bin  4: 3.1997 - 3.0503 [27/27]   27    0   0.0%
  bin  5: 3.0503 - 2.9254 [26/26]   26    0   0.0%
  bin  6: 2.9254 - 2.8187 [14/14]   14    0   0.0%
  bin  7: 2.8187 - 2.7261 [31/31]   23    8  25.8%
  bin  8: 2.7261 - 2.6445 [20/20]   20    0   0.0%
  bin  9: 2.6445 - 2.5719 [13/13]   13    0   0.0%
  bin 10: 2.5719 - 2.5067 [34/34]   34    0   0.0%
                          overall  218   13   5.6%

                   ----------Processing PDB file(s)----------                  

  Monomer Library directory:
    "/tmp1/m_zhen01/phenix-installer-1.10.1-2155-intel-linux-2.6-x86_64-centos5/phenix-1.10.1-2155/modules/chem_data/mon_lib"
  Total number of atoms: 41
  Number of models: 1
  Model: ""
    Number of chains: 1
    Chain: "A"
      Number of atoms: 41
      Number of conformers: 1
      Conformer: ""
        Number of residues, atoms: 3, 41
          Classifications: {'peptide': 3}
          Modifications used: {'NH2NOTPRO': 1, 'COOH': 1}
          Link IDs: {'TRANS': 2}
  Time building chain proxies: 0.08, per 1000 atoms: 1.95
  Number of scatterers: 41
  At special positions: 0
  Unit cell: (12.308, 13.023, 13.953, 90, 90, 90)
  Space group: P 1 (No. 1)
  Number of sites at special positions: 0
  Number of scattering types: 4
    Type Number    sf(0)
     O       4      8.00
     N       4      7.00
     C      15      6.00
     H      18      1.00
    sf(0) = scattering factor at diffraction angle 0.

  Number of disulfides: simple=0, symmetry=0

  Automatic linking
    Parameters for automatic linking
      Linking & cutoffs
        Metal                : False - 3.50
        Amimo acid           : False - 1.90
        Carbohydrate         : True  - 1.99
        Ligands              : True  - 1.99
        Amino acid - RNA/DNA : False
      
  Number of custom bonds: simple=0, symmetry=0
  Time building additional restraints: 0.03
  Conformation dependent library (CDL) restraints added in 2.5 milliseconds
  
  Adding C-beta torsion restraints...
  Number of C-beta restraints generated:  2
  Time building geometry restraints manager: 0.03 seconds

  NOTE: a complete listing of the restraints can be obtained by requesting
        output of .geo file.

  Histogram of bond lengths:
        0.84 -     0.98: 11
        0.98 -     1.11: 7
        1.11 -     1.25: 3
        1.25 -     1.39: 9
        1.39 -     1.53: 12
  Bond restraints: 42
  Sorted by residual:
  bond pdb=" CA  GLY A   2 "
       pdb=" HA1 GLY A   2 "
    ideal  model  delta    sigma   weight residual
    0.970  1.032 -0.062 2.00e-02 2.50e+03 9.47e+00
  bond pdb=" CA  GLY A   3 "
       pdb=" HA1 GLY A   3 "
    ideal  model  delta    sigma   weight residual
    0.970  1.024 -0.054 2.00e-02 2.50e+03 7.31e+00
  bond pdb=" CZ3 TRP A   1 "
       pdb=" HZ3 TRP A   1 "
    ideal  model  delta    sigma   weight residual
    0.930  0.980 -0.050 2.00e-02 2.50e+03 6.15e+00
  bond pdb=" CB  TRP A   1 "
       pdb=" HB2 TRP A   1 "
    ideal  model  delta    sigma   weight residual
    0.970  1.016 -0.046 2.00e-02 2.50e+03 5.23e+00
  bond pdb=" CA  GLY A   2 "
       pdb=" HA2 GLY A   2 "
    ideal  model  delta    sigma   weight residual
    0.970  1.013 -0.043 2.00e-02 2.50e+03 4.67e+00
  ... (remaining 37 not shown)

  Histogram of bond angle deviations from ideal:
      103.57 -   109.72: 17
      109.72 -   115.86: 18
      115.86 -   122.01: 20
      122.01 -   128.15: 12
      128.15 -   134.30: 2
  Bond angle restraints: 69
  Sorted by residual:
  angle pdb=" HA2 GLY A   2 "
        pdb=" CA  GLY A   2 "
        pdb=" N   GLY A   2 "
      ideal   model   delta    sigma   weight residual
     110.00  104.63    5.37 3.00e+00 1.11e-01 3.20e+00
  angle pdb=" C   TRP A   1 "
        pdb=" CA  TRP A   1 "
        pdb=" HA  TRP A   1 "
      ideal   model   delta    sigma   weight residual
     109.00  103.64    5.36 3.00e+00 1.11e-01 3.19e+00
  angle pdb=" HB1 TRP A   1 "
        pdb=" CB  TRP A   1 "
        pdb=" CG  TRP A   1 "
      ideal   model   delta    sigma   weight residual
     108.00  103.57    4.43 3.00e+00 1.11e-01 2.18e+00
  angle pdb=" HA1 GLY A   3 "
        pdb=" CA  GLY A   3 "
        pdb=" HA2 GLY A   3 "
      ideal   model   delta    sigma   weight residual
     109.00  113.42   -4.42 3.00e+00 1.11e-01 2.17e+00
  angle pdb=" HA1 GLY A   2 "
        pdb=" CA  GLY A   2 "
        pdb=" N   GLY A   2 "
      ideal   model   delta    sigma   weight residual
     110.00  105.61    4.39 3.00e+00 1.11e-01 2.14e+00
  ... (remaining 64 not shown)

  Histogram of dihedral angle deviations from ideal:
        0.19 -    36.02: 12
       36.02 -    71.86: 1
       71.86 -   107.69: 0
      107.69 -   143.53: 0
      143.53 -   179.36: 1
  Dihedral angle restraints: 14
    sinusoidal: 3
      harmonic: 11
  Sorted by residual:
  dihedral pdb=" O   GLY A   3 "
           pdb=" C   GLY A   3 "
           pdb=" OXT GLY A   3 "
           pdb=" HXT GLY A   3 "
      ideal   model   delta  harmonic     sigma   weight residual
       0.00 -179.36  179.36     0      3.00e+01 1.11e-03 3.57e+01
  dihedral pdb=" OXT GLY A   3 "
           pdb=" C   GLY A   3 "
           pdb=" CA  GLY A   3 "
           pdb=" N   GLY A   3 "
      ideal   model   delta sinusoidal    sigma   weight residual
     160.00   88.18   71.82     2      3.00e+01 1.11e-03 4.81e+00
  dihedral pdb=" CG  TRP A   1 "
           pdb=" CE3 TRP A   1 "
           pdb=" CD2 TRP A   1 "
           pdb=" HE3 TRP A   1 "
      ideal   model   delta  harmonic     sigma   weight residual
       0.00   -5.14    5.14     0      5.00e+00 4.00e-02 1.06e+00
  ... (remaining 11 not shown)

  Histogram of chiral volume deviations from ideal:
       0.042 -    0.042: 1
       0.042 -    0.042: 0
       0.042 -    0.042: 0
       0.042 -    0.042: 0
       0.042 -    0.042: 0
  Chirality restraints: 1
  Sorted by residual:
  chirality pdb=" CA  TRP A   1 "
            pdb=" C   TRP A   1 "
            pdb=" N   TRP A   1 "
            pdb=" CB  TRP A   1 "
    both_signs  ideal   model   delta    sigma   weight residual
      False     -2.51   -2.47   -0.04 2.00e-01 2.50e+01 4.49e-02

  Planarity restraints: 6
  Sorted by residual:
                                 delta    sigma   weight rms_deltas residual
  plane pdb=" CB  TRP A   1 "    0.015 2.00e-02 2.50e+03   1.80e-02 1.30e+01
        pdb=" CG  TRP A   1 "    0.015 2.00e-02 2.50e+03
        pdb=" CD1 TRP A   1 "   -0.013 2.00e-02 2.50e+03
        pdb=" HD1 TRP A   1 "    0.029 2.00e-02 2.50e+03
        pdb=" NE1 TRP A   1 "   -0.023 2.00e-02 2.50e+03
        pdb=" HE1 TRP A   1 "    0.007 2.00e-02 2.50e+03
        pdb=" CE2 TRP A   1 "   -0.029 2.00e-02 2.50e+03
        pdb=" CZ2 TRP A   1 "   -0.009 2.00e-02 2.50e+03
        pdb=" HZ2 TRP A   1 "    0.016 2.00e-02 2.50e+03
        pdb=" CH2 TRP A   1 "    0.005 2.00e-02 2.50e+03
        pdb=" HH2 TRP A   1 "    0.004 2.00e-02 2.50e+03
        pdb=" CZ3 TRP A   1 "    0.007 2.00e-02 2.50e+03
        pdb=" HZ3 TRP A   1 "    0.025 2.00e-02 2.50e+03
        pdb=" CE3 TRP A   1 "   -0.001 2.00e-02 2.50e+03
        pdb=" HE3 TRP A   1 "   -0.031 2.00e-02 2.50e+03
        pdb=" CD2 TRP A   1 "   -0.018 2.00e-02 2.50e+03
                                 delta    sigma   weight rms_deltas residual
  plane pdb=" C   GLY A   2 "   -0.010 2.00e-02 2.50e+03   1.81e-02 3.27e+00
        pdb=" CA  GLY A   3 "   -0.008 2.00e-02 2.50e+03
        pdb=" N   GLY A   3 "    0.031 2.00e-02 2.50e+03
        pdb=" H   GLY A   3 "   -0.014 2.00e-02 2.50e+03
                                 delta    sigma   weight rms_deltas residual
  plane pdb=" C   TRP A   1 "   -0.029 2.00e-02 2.50e+03   1.71e-02 2.91e+00
        pdb=" O   TRP A   1 "    0.011 2.00e-02 2.50e+03
        pdb=" CA  TRP A   1 "    0.008 2.00e-02 2.50e+03
        pdb=" N   GLY A   2 "    0.010 2.00e-02 2.50e+03
  ... (remaining 3 not shown)

  Histogram of nonbonded interaction distances:
        2.16 -     2.71: 38
        2.71 -     3.25: 68
        3.25 -     3.80: 68
        3.80 -     4.35: 75
        4.35 -     4.90: 108
  Nonbonded interactions: 357
  Sorted by model distance:
  nonbonded pdb=" H1  TRP A   1 "
            pdb=" H   GLY A   2 "
     model   vdw
     2.158 2.100
  nonbonded pdb=" HA1 GLY A   2 "
            pdb=" H   GLY A   2 "
     model   vdw
     2.194 1.816
  nonbonded pdb=" HXT GLY A   3 "
            pdb=" HA1 GLY A   3 "
     model   vdw
     2.205 2.270
  nonbonded pdb=" HA2 GLY A   3 "
            pdb=" H   GLY A   3 "
     model   vdw
     2.206 1.816
  nonbonded pdb=" O   TRP A   1 "
            pdb=" HA2 GLY A   2 "
     model   vdw
     2.283 2.740
  ... (remaining 352 not shown)

  NOTE: a complete listing of the restraints can be obtained by requesting
        output of .geo file.

                   ----------xray_structure summary----------                  

Number of scattering types: 4
  Type Number    sf(0)   Gaussians
   O       4      7.97       2
   N       4      6.97       2
   C      15      5.97       2
   H      18      1.00       2
  sf(0) = scattering factor at diffraction angle 0.
Number of scatterers: 41
At special positions: 0
Unit cell: (12.308, 13.023, 13.953, 90, 90, 90)
Space group: P 1 (No. 1)

End of input processing
r_work=0.2261 r_free=0.2337
params.data_weight: 0.0
params.restraints: qm
rmsd(b), start:  0.0745
mc:   0 R: 0.1228 rmsd(b):  0.0265 restraint_scale:  1.0 min_steps: 52
mc:   1 R: 0.1000 rmsd(b):  0.0269 restraint_scale:  1.0 min_steps: 53
mc:   2 R: 0.0978 rmsd(b):  0.0266 restraint_scale:  1.0 min_steps: 34
mc:   3 R: 0.0976 rmsd(b):  0.0266 restraint_scale:  1.0 min_steps: 11
Convergence reached, stop now.
see the result structure:  ./p26/04_results/opt_qm/208_WGG04-new/0.3/3.pdb
Time: 166.1161
