phenix.python
you are importing  adaptive calculator, and it does nothing. Please give it energy, force....... 

============================== Collecting inputs ==============================


                   ----------Processing X-ray data----------                   

F-obs:
  /scratch/m_zhen01/30994.lupus.uni-muenster.de/p26/02_mtz/208_WGG04-new.mtz:F-obs
Miller array info: None
Observation type: xray.amplitude
Type of data: double, size=231
Type of sigmas: None
Number of Miller indices: 231
Anomalous flag: False
Unit cell: (12.308, 13.023, 13.953, 90, 90, 90)
Space group: P 1 (No. 1)
Systematic absences: 0
Centric reflections: 0
Resolution range: 3.93605 2.50671
Completeness in resolution range: 1
Completeness with d_max=infinity: 0.759868

Number of F-obs in resolution range:                   231
Number of F-obs<0 (these reflections will be rejected): 0
Number of F-obs=0 (these reflections will be used in refinement): 0
Refinement resolution range: d_max =   3.9360
                             d_min =   2.5067

R-free flags:
  /scratch/m_zhen01/30994.lupus.uni-muenster.de/p26/02_mtz/208_WGG04-new.mtz:R-free-flags
Miller array info: /scratch/m_zhen01/30994.lupus.uni-muenster.de/p26/02_mtz/208_WGG04-new.mtz:R-free-flags
Observation type: None
Type of data: int, size=231
Type of sigmas: None
Number of Miller indices: 231
Anomalous flag: False
Unit cell: (12.308, 13.023, 13.953, 90, 90, 90)
Space group: P 1 (No. 1)
Systematic absences: 0
Centric reflections: 0
Resolution range: 3.93605 2.50671
Completeness in resolution range: 1
Completeness with d_max=infinity: 0.759868
Wavelength: 1.0000

Test (R-free flags) flag value: 1

Number of work/free reflections by resolution:
                                  work free  %free
  bin  1: 3.9360 - 3.6184 [22/22]   22    0   0.0%
  bin  2: 3.6184 - 3.3835 [27/27]   26    1   3.7%
  bin  3: 3.3835 - 3.1997 [17/17]   13    4  23.5%
  bin  4: 3.1997 - 3.0503 [27/27]   27    0   0.0%
  bin  5: 3.0503 - 2.9254 [26/26]   26    0   0.0%
  bin  6: 2.9254 - 2.8187 [14/14]   14    0   0.0%
  bin  7: 2.8187 - 2.7261 [31/31]   23    8  25.8%
  bin  8: 2.7261 - 2.6445 [20/20]   20    0   0.0%
  bin  9: 2.6445 - 2.5719 [13/13]   13    0   0.0%
  bin 10: 2.5719 - 2.5067 [34/34]   34    0   0.0%
                          overall  218   13   5.6%

                   ----------Processing PDB file(s)----------                  

  Monomer Library directory:
    "/tmp1/m_zhen01/phenix-installer-1.10.1-2155-intel-linux-2.6-x86_64-centos5/phenix-1.10.1-2155/modules/chem_data/mon_lib"
  Total number of atoms: 41
  Number of models: 1
  Model: ""
    Number of chains: 1
    Chain: "A"
      Number of atoms: 41
      Number of conformers: 1
      Conformer: ""
        Number of residues, atoms: 3, 41
          Classifications: {'peptide': 3}
          Modifications used: {'NH2NOTPRO': 1, 'COOH': 1}
          Link IDs: {'TRANS': 2}
  Time building chain proxies: 0.07, per 1000 atoms: 1.71
  Number of scatterers: 41
  At special positions: 0
  Unit cell: (12.308, 13.023, 13.953, 90, 90, 90)
  Space group: P 1 (No. 1)
  Number of sites at special positions: 0
  Number of scattering types: 4
    Type Number    sf(0)
     O       4      8.00
     N       4      7.00
     C      15      6.00
     H      18      1.00
    sf(0) = scattering factor at diffraction angle 0.

  Number of disulfides: simple=0, symmetry=0

  Automatic linking
    Parameters for automatic linking
      Linking & cutoffs
        Metal                : False - 3.50
        Amimo acid           : False - 1.90
        Carbohydrate         : True  - 1.99
        Ligands              : True  - 1.99
        Amino acid - RNA/DNA : False
      
  Number of custom bonds: simple=0, symmetry=0
  Time building additional restraints: 0.03
  Conformation dependent library (CDL) restraints added in 2.9 milliseconds
  
  Adding C-beta torsion restraints...
  Number of C-beta restraints generated:  2
  Time building geometry restraints manager: 0.03 seconds

  NOTE: a complete listing of the restraints can be obtained by requesting
        output of .geo file.

  Histogram of bond lengths:
        0.82 -     0.96: 10
        0.96 -     1.10: 8
        1.10 -     1.24: 2
        1.24 -     1.38: 8
        1.38 -     1.52: 14
  Bond restraints: 42
  Sorted by residual:
  bond pdb=" NE1 TRP A   1 "
       pdb=" CE2 TRP A   1 "
    ideal  model  delta    sigma   weight residual
    1.370  1.347  0.023 1.10e-02 8.26e+03 4.44e+00
  bond pdb=" N   GLY A   3 "
       pdb=" H   GLY A   3 "
    ideal  model  delta    sigma   weight residual
    0.860  0.819  0.041 2.00e-02 2.50e+03 4.23e+00
  bond pdb=" CA  GLY A   2 "
       pdb=" HA2 GLY A   2 "
    ideal  model  delta    sigma   weight residual
    0.970  1.008 -0.038 2.00e-02 2.50e+03 3.57e+00
  bond pdb=" CH2 TRP A   1 "
       pdb=" HH2 TRP A   1 "
    ideal  model  delta    sigma   weight residual
    0.930  0.893  0.037 2.00e-02 2.50e+03 3.43e+00
  bond pdb=" CE3 TRP A   1 "
       pdb=" CD2 TRP A   1 "
    ideal  model  delta    sigma   weight residual
    1.398  1.371  0.027 1.60e-02 3.91e+03 2.87e+00
  ... (remaining 37 not shown)

  Histogram of bond angle deviations from ideal:
      104.49 -   110.54: 24
      110.54 -   116.58: 12
      116.58 -   122.63: 22
      122.63 -   128.67: 9
      128.67 -   134.72: 2
  Bond angle restraints: 69
  Sorted by residual:
  angle pdb=" HA1 GLY A   3 "
        pdb=" CA  GLY A   3 "
        pdb=" HA2 GLY A   3 "
      ideal   model   delta    sigma   weight residual
     109.00  114.73   -5.73 3.00e+00 1.11e-01 3.65e+00
  angle pdb=" HA2 GLY A   3 "
        pdb=" CA  GLY A   3 "
        pdb=" N   GLY A   3 "
      ideal   model   delta    sigma   weight residual
     110.00  105.18    4.82 3.00e+00 1.11e-01 2.58e+00
  angle pdb=" CZ2 TRP A   1 "
        pdb=" CE2 TRP A   1 "
        pdb=" CD2 TRP A   1 "
      ideal   model   delta    sigma   weight residual
     122.40  121.00    1.40 1.00e+00 1.00e+00 1.96e+00
  angle pdb=" CE2 TRP A   1 "
        pdb=" CZ2 TRP A   1 "
        pdb=" CH2 TRP A   1 "
      ideal   model   delta    sigma   weight residual
     117.50  119.13   -1.63 1.30e+00 5.92e-01 1.58e+00
  angle pdb=" CZ3 TRP A   1 "
        pdb=" CE3 TRP A   1 "
        pdb=" CD2 TRP A   1 "
      ideal   model   delta    sigma   weight residual
     118.60  120.15   -1.55 1.30e+00 5.92e-01 1.43e+00
  ... (remaining 64 not shown)

  Histogram of dihedral angle deviations from ideal:
        0.39 -    36.05: 12
       36.05 -    71.71: 1
       71.71 -   107.36: 0
      107.36 -   143.02: 0
      143.02 -   178.68: 1
  Dihedral angle restraints: 14
    sinusoidal: 3
      harmonic: 11
  Sorted by residual:
  dihedral pdb=" O   GLY A   3 "
           pdb=" C   GLY A   3 "
           pdb=" OXT GLY A   3 "
           pdb=" HXT GLY A   3 "
      ideal   model   delta  harmonic     sigma   weight residual
       0.00 -178.68  178.68     0      3.00e+01 1.11e-03 3.55e+01
  dihedral pdb=" OXT GLY A   3 "
           pdb=" C   GLY A   3 "
           pdb=" CA  GLY A   3 "
           pdb=" N   GLY A   3 "
      ideal   model   delta sinusoidal    sigma   weight residual
     160.00   89.62   70.38     2      3.00e+01 1.11e-03 4.73e+00
  dihedral pdb=" CG  TRP A   1 "
           pdb=" CE3 TRP A   1 "
           pdb=" CD2 TRP A   1 "
           pdb=" HE3 TRP A   1 "
      ideal   model   delta  harmonic     sigma   weight residual
       0.00   -5.74    5.74     0      5.00e+00 4.00e-02 1.32e+00
  ... (remaining 11 not shown)

  Histogram of chiral volume deviations from ideal:
       0.012 -    0.012: 1
       0.012 -    0.012: 0
       0.012 -    0.012: 0
       0.012 -    0.012: 0
       0.012 -    0.012: 0
  Chirality restraints: 1
  Sorted by residual:
  chirality pdb=" CA  TRP A   1 "
            pdb=" C   TRP A   1 "
            pdb=" N   TRP A   1 "
            pdb=" CB  TRP A   1 "
    both_signs  ideal   model   delta    sigma   weight residual
      False     -2.51   -2.50   -0.01 2.00e-01 2.50e+01 3.86e-03

  Planarity restraints: 6
  Sorted by residual:
                                 delta    sigma   weight rms_deltas residual
  plane pdb=" CB  TRP A   1 "    0.020 2.00e-02 2.50e+03   1.57e-02 9.81e+00
        pdb=" CG  TRP A   1 "    0.014 2.00e-02 2.50e+03
        pdb=" CD1 TRP A   1 "    0.002 2.00e-02 2.50e+03
        pdb=" HD1 TRP A   1 "    0.002 2.00e-02 2.50e+03
        pdb=" NE1 TRP A   1 "   -0.003 2.00e-02 2.50e+03
        pdb=" HE1 TRP A   1 "   -0.021 2.00e-02 2.50e+03
        pdb=" CE2 TRP A   1 "   -0.020 2.00e-02 2.50e+03
        pdb=" CZ2 TRP A   1 "    0.005 2.00e-02 2.50e+03
        pdb=" HZ2 TRP A   1 "    0.011 2.00e-02 2.50e+03
        pdb=" CH2 TRP A   1 "    0.019 2.00e-02 2.50e+03
        pdb=" HH2 TRP A   1 "    0.003 2.00e-02 2.50e+03
        pdb=" CZ3 TRP A   1 "    0.018 2.00e-02 2.50e+03
        pdb=" HZ3 TRP A   1 "   -0.019 2.00e-02 2.50e+03
        pdb=" CE3 TRP A   1 "    0.012 2.00e-02 2.50e+03
        pdb=" HE3 TRP A   1 "   -0.033 2.00e-02 2.50e+03
        pdb=" CD2 TRP A   1 "   -0.009 2.00e-02 2.50e+03
                                 delta    sigma   weight rms_deltas residual
  plane pdb=" C   GLY A   2 "   -0.008 2.00e-02 2.50e+03   1.57e-02 2.48e+00
        pdb=" CA  GLY A   3 "   -0.007 2.00e-02 2.50e+03
        pdb=" N   GLY A   3 "    0.027 2.00e-02 2.50e+03
        pdb=" H   GLY A   3 "   -0.012 2.00e-02 2.50e+03
                                 delta    sigma   weight rms_deltas residual
  plane pdb=" C   TRP A   1 "   -0.026 2.00e-02 2.50e+03   1.50e-02 2.26e+00
        pdb=" O   TRP A   1 "    0.010 2.00e-02 2.50e+03
        pdb=" CA  TRP A   1 "    0.007 2.00e-02 2.50e+03
        pdb=" N   GLY A   2 "    0.009 2.00e-02 2.50e+03
  ... (remaining 3 not shown)

  Histogram of nonbonded interaction distances:
        1.94 -     2.54: 21
        2.54 -     3.13: 71
        3.13 -     3.72: 72
        3.72 -     4.31: 81
        4.31 -     4.90: 108
  Nonbonded interactions: 353
  Sorted by model distance:
  nonbonded pdb=" H1  TRP A   1 "
            pdb=" H   GLY A   2 "
     model   vdw
     1.945 2.100
  nonbonded pdb=" HA1 GLY A   2 "
            pdb=" H   GLY A   2 "
     model   vdw
     2.152 1.816
  nonbonded pdb=" HA2 GLY A   3 "
            pdb=" H   GLY A   3 "
     model   vdw
     2.157 1.816
  nonbonded pdb=" HXT GLY A   3 "
            pdb=" HA1 GLY A   3 "
     model   vdw
     2.256 2.270
  nonbonded pdb=" HZ2 TRP A   1 "
            pdb=" HH2 TRP A   1 "
     model   vdw
     2.265 1.680
  ... (remaining 348 not shown)

  NOTE: a complete listing of the restraints can be obtained by requesting
        output of .geo file.

                   ----------xray_structure summary----------                  

Number of scattering types: 4
  Type Number    sf(0)   Gaussians
   O       4      7.97       2
   N       4      6.97       2
   C      15      5.97       2
   H      18      1.00       2
  sf(0) = scattering factor at diffraction angle 0.
Number of scatterers: 41
At special positions: 0
Unit cell: (12.308, 13.023, 13.953, 90, 90, 90)
Space group: P 1 (No. 1)

End of input processing
r_work=0.2290 r_free=0.2475
params.data_weight: 0.0
params.restraints: qm
rmsd(b), start:  0.0914
mc:   0 R: 0.1151 rmsd(b):  0.0269 restraint_scale:  1.0 min_steps: 52
mc:   1 R: 0.0959 rmsd(b):  0.0270 restraint_scale:  1.0 min_steps: 52
mc:   2 R: 0.0954 rmsd(b):  0.0271 restraint_scale:  1.0 min_steps: 30
mc:   3 R: 0.0954 rmsd(b):  0.0271 restraint_scale:  1.0 min_steps: 1
Convergence reached, stop now.
see the result structure:  ./p26/04_results/opt_qm/208_WGG04-new/0.3/5.pdb
Time: 154.2304
