phenix.python
you are importing  adaptive calculator, and it does nothing. Please give it energy, force....... 

============================== Collecting inputs ==============================


                   ----------Processing X-ray data----------                   

F-obs:
  /scratch/m_zhen01/31011.lupus.uni-muenster.de/p26/02_mtz/191_WG03-new.mtz:F-obs
Miller array info: None
Observation type: xray.amplitude
Type of data: double, size=190
Type of sigmas: None
Number of Miller indices: 190
Anomalous flag: False
Unit cell: (13.42, 12.587, 10.96, 90, 90, 90)
Space group: P 1 (No. 1)
Systematic absences: 0
Centric reflections: 0
Resolution range: 3.94978 2.50559
Completeness in resolution range: 1
Completeness with d_max=infinity: 0.753968

Number of F-obs in resolution range:                   190
Number of F-obs<0 (these reflections will be rejected): 0
Number of F-obs=0 (these reflections will be used in refinement): 0
Refinement resolution range: d_max =   3.9498
                             d_min =   2.5056

R-free flags:
  /scratch/m_zhen01/31011.lupus.uni-muenster.de/p26/02_mtz/191_WG03-new.mtz:R-free-flags
Miller array info: /scratch/m_zhen01/31011.lupus.uni-muenster.de/p26/02_mtz/191_WG03-new.mtz:R-free-flags
Observation type: None
Type of data: int, size=190
Type of sigmas: None
Number of Miller indices: 190
Anomalous flag: False
Unit cell: (13.42, 12.587, 10.96, 90, 90, 90)
Space group: P 1 (No. 1)
Systematic absences: 0
Centric reflections: 0
Resolution range: 3.94978 2.50559
Completeness in resolution range: 1
Completeness with d_max=infinity: 0.753968
Wavelength: 1.0000

Test (R-free flags) flag value: 1

Number of work/free reflections by resolution:
                                  work free  %free
  bin  1: 3.9498 - 3.6267 [17/17]   17    0   0.0%
  bin  2: 3.6267 - 3.3887 [20/20]   20    0   0.0%
  bin  3: 3.3887 - 3.2030 [21/21]   21    0   0.0%
  bin  4: 3.2030 - 3.0523 [19/19]   11    8  42.1%
  bin  5: 3.0523 - 2.9264 [20/20]   20    0   0.0%
  bin  6: 2.9264 - 2.8191 [14/14]   14    0   0.0%
  bin  7: 2.8191 - 2.7259 [17/17]   17    0   0.0%
  bin  8: 2.7259 - 2.6440 [17/17]   17    0   0.0%
  bin  9: 2.6440 - 2.5711 [20/20]   16    4  20.0%
  bin 10: 2.5711 - 2.5056 [25/25]   25    0   0.0%
                          overall  178   12   6.3%

                   ----------Processing PDB file(s)----------                  

  Monomer Library directory:
    "/tmp1/m_zhen01/phenix-installer-1.10.1-2155-intel-linux-2.6-x86_64-centos5/phenix-1.10.1-2155/modules/chem_data/mon_lib"
  Total number of atoms: 34
  Number of models: 1
  Model: ""
    Number of chains: 1
    Chain: "A"
      Number of atoms: 34
      Number of conformers: 1
      Conformer: ""
        Number of residues, atoms: 2, 34
          Classifications: {'peptide': 2}
          Modifications used: {'NH2NOTPRO': 1, 'COOH': 1}
          Link IDs: {'TRANS': 1}
  Time building chain proxies: 0.08, per 1000 atoms: 2.35
  Number of scatterers: 34
  At special positions: 0
  Unit cell: (13.42, 12.587, 10.96, 90, 90, 90)
  Space group: P 1 (No. 1)
  Number of sites at special positions: 0
  Number of scattering types: 4
    Type Number    sf(0)
     O       3      8.00
     N       3      7.00
     C      13      6.00
     H      15      1.00
    sf(0) = scattering factor at diffraction angle 0.

  Number of disulfides: simple=0, symmetry=0

  Automatic linking
    Parameters for automatic linking
      Linking & cutoffs
        Metal                : False - 3.50
        Amimo acid           : False - 1.90
        Carbohydrate         : True  - 1.99
        Ligands              : True  - 1.99
        Amino acid - RNA/DNA : False
      
  Number of custom bonds: simple=0, symmetry=0
  Time building additional restraints: 0.02
  Conformation dependent library (CDL) restraints added in 461.1 microseconds
  
  Adding C-beta torsion restraints...
  Number of C-beta restraints generated:  2
  Time building geometry restraints manager: 0.03 seconds

  NOTE: a complete listing of the restraints can be obtained by requesting
        output of .geo file.

  Histogram of bond lengths:
        0.81 -     0.96: 9
        0.96 -     1.11: 6
        1.11 -     1.26: 2
        1.26 -     1.40: 11
        1.40 -     1.55: 7
  Bond restraints: 35
  Sorted by residual:
  bond pdb=" CE2 TRP A   1 "
       pdb=" CZ2 TRP A   1 "
    ideal  model  delta    sigma   weight residual
    1.394  1.340  0.054 2.10e-02 2.27e+03 6.57e+00
  bond pdb=" N   GLY A   2 "
       pdb=" H   GLY A   2 "
    ideal  model  delta    sigma   weight residual
    0.860  0.814  0.046 2.00e-02 2.50e+03 5.35e+00
  bond pdb=" CZ3 TRP A   1 "
       pdb=" CE3 TRP A   1 "
    ideal  model  delta    sigma   weight residual
    1.382  1.316  0.066 3.00e-02 1.11e+03 4.91e+00
  bond pdb=" N   TRP A   1 "
       pdb=" H1  TRP A   1 "
    ideal  model  delta    sigma   weight residual
    0.960  0.921  0.039 2.00e-02 2.50e+03 3.84e+00
  bond pdb=" CA  GLY A   2 "
       pdb=" N   GLY A   2 "
    ideal  model  delta    sigma   weight residual
    1.451  1.481 -0.030 1.60e-02 3.91e+03 3.61e+00
  ... (remaining 30 not shown)

  Histogram of bond angle deviations from ideal:
      104.70 -   110.39: 21
      110.39 -   116.09: 7
      116.09 -   121.79: 17
      121.79 -   127.48: 9
      127.48 -   133.18: 3
  Bond angle restraints: 57
  Sorted by residual:
  angle pdb=" C   TRP A   1 "
        pdb=" CA  TRP A   1 "
        pdb=" N   TRP A   1 "
      ideal   model   delta    sigma   weight residual
     111.00  115.27   -4.27 2.80e+00 1.28e-01 2.33e+00
  angle pdb=" HA  TRP A   1 "
        pdb=" CA  TRP A   1 "
        pdb=" CB  TRP A   1 "
      ideal   model   delta    sigma   weight residual
     109.00  104.77    4.23 3.00e+00 1.11e-01 1.99e+00
  angle pdb=" CA  TRP A   1 "
        pdb=" N   TRP A   1 "
        pdb=" H1  TRP A   1 "
      ideal   model   delta    sigma   weight residual
     109.47  105.26    4.21 3.00e+00 1.11e-01 1.97e+00
  angle pdb=" C   GLY A   2 "
        pdb=" CA  GLY A   2 "
        pdb=" N   GLY A   2 "
      ideal   model   delta    sigma   weight residual
     113.30  109.83    3.47 2.90e+00 1.19e-01 1.43e+00
  angle pdb=" O   GLY A   2 "
        pdb=" C   GLY A   2 "
        pdb=" CA  GLY A   2 "
      ideal   model   delta    sigma   weight residual
     118.60  115.20    3.40 3.00e+00 1.11e-01 1.29e+00
  ... (remaining 52 not shown)

  Histogram of dihedral angle deviations from ideal:
        0.06 -    35.42: 11
       35.42 -    70.78: 1
       70.78 -   106.14: 0
      106.14 -   141.49: 0
      141.49 -   176.85: 1
  Dihedral angle restraints: 13
    sinusoidal: 3
      harmonic: 10
  Sorted by residual:
  dihedral pdb=" O   GLY A   2 "
           pdb=" C   GLY A   2 "
           pdb=" OXT GLY A   2 "
           pdb=" HXT GLY A   2 "
      ideal   model   delta  harmonic     sigma   weight residual
       0.00 -176.85  176.85     0      3.00e+01 1.11e-03 3.48e+01
  dihedral pdb=" OXT GLY A   2 "
           pdb=" C   GLY A   2 "
           pdb=" CA  GLY A   2 "
           pdb=" N   GLY A   2 "
      ideal   model   delta sinusoidal    sigma   weight residual
     -20.00  -67.15   47.15     2      3.00e+01 1.11e-03 2.87e+00
  dihedral pdb=" N   TRP A   1 "
           pdb=" CA  TRP A   1 "
           pdb=" CB  TRP A   1 "
           pdb=" CG  TRP A   1 "
      ideal   model   delta sinusoidal    sigma   weight residual
      60.00   75.63  -15.63     3      1.50e+01 4.44e-03 1.50e+00
  ... (remaining 10 not shown)

  Histogram of chiral volume deviations from ideal:
       0.029 -    0.029: 1
       0.029 -    0.029: 0
       0.029 -    0.029: 0
       0.029 -    0.029: 0
       0.029 -    0.029: 0
  Chirality restraints: 1
  Sorted by residual:
  chirality pdb=" CA  TRP A   1 "
            pdb=" C   TRP A   1 "
            pdb=" N   TRP A   1 "
            pdb=" CB  TRP A   1 "
    both_signs  ideal   model   delta    sigma   weight residual
      False     -2.51   -2.54    0.03 2.00e-01 2.50e+01 2.07e-02

  Planarity restraints: 4
  Sorted by residual:
                                 delta    sigma   weight rms_deltas residual
  plane pdb=" CB  TRP A   1 "    0.032 2.00e-02 2.50e+03   1.82e-02 1.33e+01
        pdb=" CG  TRP A   1 "    0.007 2.00e-02 2.50e+03
        pdb=" CD1 TRP A   1 "   -0.038 2.00e-02 2.50e+03
        pdb=" HD1 TRP A   1 "    0.008 2.00e-02 2.50e+03
        pdb=" NE1 TRP A   1 "    0.016 2.00e-02 2.50e+03
        pdb=" HE1 TRP A   1 "   -0.001 2.00e-02 2.50e+03
        pdb=" CE2 TRP A   1 "   -0.018 2.00e-02 2.50e+03
        pdb=" CZ2 TRP A   1 "   -0.008 2.00e-02 2.50e+03
        pdb=" HZ2 TRP A   1 "    0.012 2.00e-02 2.50e+03
        pdb=" CH2 TRP A   1 "    0.024 2.00e-02 2.50e+03
        pdb=" HH2 TRP A   1 "   -0.005 2.00e-02 2.50e+03
        pdb=" CZ3 TRP A   1 "    0.022 2.00e-02 2.50e+03
        pdb=" HZ3 TRP A   1 "   -0.014 2.00e-02 2.50e+03
        pdb=" CE3 TRP A   1 "   -0.000 2.00e-02 2.50e+03
        pdb=" HE3 TRP A   1 "   -0.017 2.00e-02 2.50e+03
        pdb=" CD2 TRP A   1 "   -0.021 2.00e-02 2.50e+03
                                 delta    sigma   weight rms_deltas residual
  plane pdb=" O   GLY A   2 "   -0.010 2.00e-02 2.50e+03   2.25e-02 6.35e+00
        pdb=" C   GLY A   2 "   -0.011 2.00e-02 2.50e+03
        pdb=" OXT GLY A   2 "    0.037 2.00e-02 2.50e+03
        pdb=" HXT GLY A   2 "   -0.029 2.00e-02 2.50e+03
        pdb=" CA  GLY A   2 "    0.013 2.00e-02 2.50e+03
                                 delta    sigma   weight rms_deltas residual
  plane pdb=" C   TRP A   1 "   -0.013 2.00e-02 2.50e+03   7.27e-03 5.28e-01
        pdb=" O   TRP A   1 "    0.005 2.00e-02 2.50e+03
        pdb=" CA  TRP A   1 "    0.004 2.00e-02 2.50e+03
        pdb=" N   GLY A   2 "    0.004 2.00e-02 2.50e+03
  ... (remaining 1 not shown)

  Histogram of nonbonded interaction distances:
        1.87 -     2.47: 14
        2.47 -     3.08: 47
        3.08 -     3.68: 67
        3.68 -     4.28: 58
        4.28 -     4.89: 75
  Nonbonded interactions: 261
  Sorted by model distance:
  nonbonded pdb=" O   TRP A   1 "
            pdb=" HXT GLY A   2 "
     model   vdw
     1.866 1.970
  nonbonded pdb=" HA  TRP A   1 "
            pdb=" H1  TRP A   1 "
     model   vdw
     2.060 1.816
  nonbonded pdb=" H2  TRP A   1 "
            pdb=" HE3 TRP A   1 "
     model   vdw
     2.180 2.100
  nonbonded pdb=" HA1 GLY A   2 "
            pdb=" H   GLY A   2 "
     model   vdw
     2.191 1.816
  nonbonded pdb=" HZ3 TRP A   1 "
            pdb=" HE3 TRP A   1 "
     model   vdw
     2.209 1.680
  ... (remaining 256 not shown)

  NOTE: a complete listing of the restraints can be obtained by requesting
        output of .geo file.

                   ----------xray_structure summary----------                  

Number of scattering types: 4
  Type Number    sf(0)   Gaussians
   O       3      7.97       2
   N       3      6.97       2
   C      13      5.97       2
   H      15      1.00       2
  sf(0) = scattering factor at diffraction angle 0.
Number of scatterers: 34
At special positions: 0
Unit cell: (13.42, 12.587, 10.96, 90, 90, 90)
Space group: P 1 (No. 1)

End of input processing
r_work=0.4483 r_free=0.3645
params.data_weight: None
params.restraints: qm
rmsd(b), start:  0.0889
mc:   0 R: 0.0604 rmsd(b):  0.0275 restraint_scale:  1.0 min_steps: 52
mc:   1 R: 0.0188 rmsd(b):  0.0369 restraint_scale:  2.0 min_steps: 21
mc:   2 R: 0.0167 rmsd(b):  0.0320 restraint_scale:  4.0 min_steps: 11
mc:   3 R: 0.0160 rmsd(b):  0.0308 restraint_scale:  8.0 min_steps: 5
Convergence reached, stop now.
see the result structure:  ./p26/04_results/refine_qm/191_WG03-new/0.6/0.pdb
Time: 149.0657
