phenix.python
you are importing  adaptive calculator, and it does nothing. Please give it energy, force....... 

============================== Collecting inputs ==============================


                   ----------Processing X-ray data----------                   

F-obs:
  /scratch/m_zhen01/30995.lupus.uni-muenster.de/p26/02_mtz/263_FGG80-new.mtz:F-obs
Miller array info: None
Observation type: xray.amplitude
Type of data: double, size=189
Type of sigmas: None
Number of Miller indices: 189
Anomalous flag: False
Unit cell: (14.025, 12.498, 10.51, 90, 90, 90)
Space group: P 1 (No. 1)
Systematic absences: 0
Centric reflections: 0
Resolution range: 3.99354 2.50445
Completeness in resolution range: 1
Completeness with d_max=infinity: 0.759036

Number of F-obs in resolution range:                   189
Number of F-obs<0 (these reflections will be rejected): 0
Number of F-obs=0 (these reflections will be used in refinement): 0
Refinement resolution range: d_max =   3.9935
                             d_min =   2.5045

R-free flags:
  /scratch/m_zhen01/30995.lupus.uni-muenster.de/p26/02_mtz/263_FGG80-new.mtz:R-free-flags
Miller array info: /scratch/m_zhen01/30995.lupus.uni-muenster.de/p26/02_mtz/263_FGG80-new.mtz:R-free-flags
Observation type: None
Type of data: int, size=189
Type of sigmas: None
Number of Miller indices: 189
Anomalous flag: False
Unit cell: (14.025, 12.498, 10.51, 90, 90, 90)
Space group: P 1 (No. 1)
Systematic absences: 0
Centric reflections: 0
Resolution range: 3.99354 2.50445
Completeness in resolution range: 1
Completeness with d_max=infinity: 0.759036
Wavelength: 1.0000

Test (R-free flags) flag value: 1

Number of work/free reflections by resolution:
                                  work free  %free
  bin  1: 3.9935 - 3.6540 [18/18]   16    2  11.1%
  bin  2: 3.6540 - 3.4067 [14/14]   12    2  14.3%
  bin  3: 3.4067 - 3.2151 [22/22]   22    0   0.0%
  bin  4: 3.2151 - 3.0605 [13/13]   13    0   0.0%
  bin  5: 3.0605 - 2.9319 [32/32]   32    0   0.0%
  bin  6: 2.9319 - 2.8224 [12/12]   12    0   0.0%
  bin  7: 2.8224 - 2.7277 [17/17]   15    2  11.8%
  bin  8: 2.7277 - 2.6446 [16/16]   16    0   0.0%
  bin  9: 2.6446 - 2.5707 [23/23]   23    0   0.0%
  bin 10: 2.5707 - 2.5045 [22/22]   18    4  18.2%
                          overall  179   10   5.3%

                   ----------Processing PDB file(s)----------                  

  Monomer Library directory:
    "/tmp1/m_zhen01/phenix-installer-1.10.1-2155-intel-linux-2.6-x86_64-centos5/phenix-1.10.1-2155/modules/chem_data/mon_lib"
  Total number of atoms: 37
  Number of models: 1
  Model: ""
    Number of chains: 1
    Chain: "A"
      Number of atoms: 37
      Number of conformers: 1
      Conformer: ""
        Number of residues, atoms: 3, 37
          Classifications: {'peptide': 3}
          Modifications used: {'NH2NOTPRO': 1, 'COOH': 1}
          Link IDs: {'TRANS': 2}
  Time building chain proxies: 0.07, per 1000 atoms: 1.89
  Number of scatterers: 37
  At special positions: 0
  Unit cell: (14.025, 12.498, 10.51, 90, 90, 90)
  Space group: P 1 (No. 1)
  Number of sites at special positions: 0
  Number of scattering types: 4
    Type Number    sf(0)
     O       4      8.00
     N       3      7.00
     C      13      6.00
     H      17      1.00
    sf(0) = scattering factor at diffraction angle 0.

  Number of disulfides: simple=0, symmetry=0

  Automatic linking
    Parameters for automatic linking
      Linking & cutoffs
        Metal                : False - 3.50
        Amimo acid           : False - 1.90
        Carbohydrate         : True  - 1.99
        Ligands              : True  - 1.99
        Amino acid - RNA/DNA : False
      
  Number of custom bonds: simple=0, symmetry=0
  Time building additional restraints: 0.02
  Conformation dependent library (CDL) restraints added in 2.5 milliseconds
  
  Adding C-beta torsion restraints...
  Number of C-beta restraints generated:  2
  Time building geometry restraints manager: 0.02 seconds

  NOTE: a complete listing of the restraints can be obtained by requesting
        output of .geo file.

  Histogram of bond lengths:
        0.86 -     1.00: 16
        1.00 -     1.13: 1
        1.13 -     1.26: 3
        1.26 -     1.39: 8
        1.39 -     1.52: 9
  Bond restraints: 37
  Sorted by residual:
  bond pdb=" CB  PHE A   1 "
       pdb=" HB1 PHE A   1 "
    ideal  model  delta    sigma   weight residual
    0.970  0.906  0.064 2.00e-02 2.50e+03 1.04e+01
  bond pdb=" N   GLY A   2 "
       pdb=" H   GLY A   2 "
    ideal  model  delta    sigma   weight residual
    0.860  0.917 -0.057 2.00e-02 2.50e+03 8.09e+00
  bond pdb=" CA  GLY A   2 "
       pdb=" HA1 GLY A   2 "
    ideal  model  delta    sigma   weight residual
    0.970  1.013 -0.043 2.00e-02 2.50e+03 4.64e+00
  bond pdb=" CZ  PHE A   1 "
       pdb=" HZ  PHE A   1 "
    ideal  model  delta    sigma   weight residual
    0.930  0.888  0.042 2.00e-02 2.50e+03 4.43e+00
  bond pdb=" CA  PHE A   1 "
       pdb=" CB  PHE A   1 "
    ideal  model  delta    sigma   weight residual
    1.530  1.491  0.039 2.00e-02 2.50e+03 3.86e+00
  ... (remaining 32 not shown)

  Histogram of bond angle deviations from ideal:
      103.10 -   107.32: 7
      107.32 -   111.54: 14
      111.54 -   115.76: 7
      115.76 -   119.99: 12
      119.99 -   124.21: 20
  Bond angle restraints: 60
  Sorted by residual:
  angle pdb=" HA1 GLY A   3 "
        pdb=" CA  GLY A   3 "
        pdb=" HA2 GLY A   3 "
      ideal   model   delta    sigma   weight residual
     109.00  103.10    5.90 3.00e+00 1.11e-01 3.87e+00
  angle pdb=" HA1 GLY A   2 "
        pdb=" CA  GLY A   2 "
        pdb=" HA2 GLY A   2 "
      ideal   model   delta    sigma   weight residual
     109.00  103.40    5.60 3.00e+00 1.11e-01 3.48e+00
  angle pdb=" C   PHE A   1 "
        pdb=" N   GLY A   2 "
        pdb=" CA  GLY A   2 "
      ideal   model   delta    sigma   weight residual
     121.41  124.21   -2.80 1.96e+00 2.60e-01 2.04e+00
  angle pdb=" HA2 GLY A   2 "
        pdb=" CA  GLY A   2 "
        pdb=" N   GLY A   2 "
      ideal   model   delta    sigma   weight residual
     110.00  106.03    3.97 3.00e+00 1.11e-01 1.75e+00
  angle pdb=" CA  GLY A   3 "
        pdb=" N   GLY A   3 "
        pdb=" H   GLY A   3 "
      ideal   model   delta    sigma   weight residual
     114.00  117.93   -3.93 3.00e+00 1.11e-01 1.72e+00
  ... (remaining 55 not shown)

  Histogram of dihedral angle deviations from ideal:
        0.73 -    36.26: 11
       36.26 -    71.78: 1
       71.78 -   107.31: 0
      107.31 -   142.84: 0
      142.84 -   178.37: 1
  Dihedral angle restraints: 13
    sinusoidal: 3
      harmonic: 10
  Sorted by residual:
  dihedral pdb=" O   GLY A   3 "
           pdb=" C   GLY A   3 "
           pdb=" OXT GLY A   3 "
           pdb=" HXT GLY A   3 "
      ideal   model   delta  harmonic     sigma   weight residual
       0.00  178.37 -178.37     0      3.00e+01 1.11e-03 3.53e+01
  dihedral pdb=" OXT GLY A   3 "
           pdb=" C   GLY A   3 "
           pdb=" CA  GLY A   3 "
           pdb=" N   GLY A   3 "
      ideal   model   delta sinusoidal    sigma   weight residual
     160.00   94.85   65.15     2      3.00e+01 1.11e-03 4.39e+00
  dihedral pdb=" CA  GLY A   2 "
           pdb=" C   GLY A   2 "
           pdb=" N   GLY A   3 "
           pdb=" CA  GLY A   3 "
      ideal   model   delta  harmonic     sigma   weight residual
     180.00  174.52    5.48     0      5.00e+00 4.00e-02 1.20e+00
  ... (remaining 10 not shown)

  Histogram of chiral volume deviations from ideal:
       0.023 -    0.023: 1
       0.023 -    0.023: 0
       0.023 -    0.023: 0
       0.023 -    0.023: 0
       0.023 -    0.023: 0
  Chirality restraints: 1
  Sorted by residual:
  chirality pdb=" CA  PHE A   1 "
            pdb=" C   PHE A   1 "
            pdb=" N   PHE A   1 "
            pdb=" CB  PHE A   1 "
    both_signs  ideal   model   delta    sigma   weight residual
      False     -2.51   -2.49   -0.02 2.00e-01 2.50e+01 1.28e-02

  Planarity restraints: 6
  Sorted by residual:
                                 delta    sigma   weight rms_deltas residual
  plane pdb=" CB  PHE A   1 "   -0.021 2.00e-02 2.50e+03   1.43e-02 6.15e+00
        pdb=" CG  PHE A   1 "    0.015 2.00e-02 2.50e+03
        pdb=" CD1 PHE A   1 "   -0.010 2.00e-02 2.50e+03
        pdb=" HD1 PHE A   1 "    0.033 2.00e-02 2.50e+03
        pdb=" CE1 PHE A   1 "   -0.005 2.00e-02 2.50e+03
        pdb=" HE1 PHE A   1 "   -0.013 2.00e-02 2.50e+03
        pdb=" CZ  PHE A   1 "    0.000 2.00e-02 2.50e+03
        pdb=" HZ  PHE A   1 "   -0.009 2.00e-02 2.50e+03
        pdb=" CE2 PHE A   1 "    0.005 2.00e-02 2.50e+03
        pdb=" HE2 PHE A   1 "    0.015 2.00e-02 2.50e+03
        pdb=" CD2 PHE A   1 "   -0.008 2.00e-02 2.50e+03
        pdb=" HD2 PHE A   1 "   -0.003 2.00e-02 2.50e+03
                                 delta    sigma   weight rms_deltas residual
  plane pdb=" C   PHE A   1 "    0.035 2.00e-02 2.50e+03   2.05e-02 4.21e+00
        pdb=" O   PHE A   1 "   -0.013 2.00e-02 2.50e+03
        pdb=" CA  PHE A   1 "   -0.010 2.00e-02 2.50e+03
        pdb=" N   GLY A   2 "   -0.012 2.00e-02 2.50e+03
                                 delta    sigma   weight rms_deltas residual
  plane pdb=" C   GLY A   2 "    0.006 2.00e-02 2.50e+03   1.26e-02 1.59e+00
        pdb=" CA  GLY A   3 "    0.006 2.00e-02 2.50e+03
        pdb=" N   GLY A   3 "   -0.022 2.00e-02 2.50e+03
        pdb=" H   GLY A   3 "    0.010 2.00e-02 2.50e+03
  ... (remaining 3 not shown)

  Histogram of nonbonded interaction distances:
        2.06 -     2.63: 39
        2.63 -     3.20: 55
        3.20 -     3.76: 64
        3.76 -     4.33: 72
        4.33 -     4.90: 82
  Nonbonded interactions: 312
  Sorted by model distance:
  nonbonded pdb=" HXT GLY A   3 "
            pdb=" HA1 GLY A   3 "
     model   vdw
     2.064 2.270
  nonbonded pdb=" HA2 GLY A   3 "
            pdb=" H   GLY A   3 "
     model   vdw
     2.185 1.816
  nonbonded pdb=" HE1 PHE A   1 "
            pdb=" HZ  PHE A   1 "
     model   vdw
     2.250 1.680
  nonbonded pdb=" HA  PHE A   1 "
            pdb=" HB1 PHE A   1 "
     model   vdw
     2.251 1.952
  nonbonded pdb=" HZ  PHE A   1 "
            pdb=" HE2 PHE A   1 "
     model   vdw
     2.255 1.680
  ... (remaining 307 not shown)

  NOTE: a complete listing of the restraints can be obtained by requesting
        output of .geo file.

                   ----------xray_structure summary----------                  

Number of scattering types: 4
  Type Number    sf(0)   Gaussians
   O       4      7.97       2
   N       3      6.97       2
   C      13      5.97       2
   H      17      1.00       2
  sf(0) = scattering factor at diffraction angle 0.
Number of scatterers: 37
At special positions: 0
Unit cell: (14.025, 12.498, 10.51, 90, 90, 90)
Space group: P 1 (No. 1)

End of input processing
r_work=0.4163 r_free=0.2748
params.data_weight: None
params.restraints: cctbx
rmsd(b), start:  0.0882
mc:   0 R: 0.0328 rmsd(b):  0.0171 restraint_scale:  1.0 min_steps: 34
mc:   1 R: 0.0044 rmsd(b):  0.0205 restraint_scale:  1.0 min_steps: 46
Convergence reached, stop now.
see the result structure:  ./p26/04_results/refine_cctbx/263_FGG80-new/0.6/7.pdb
Time: 4.9566
