phenix.python
you are importing  adaptive calculator, and it does nothing. Please give it energy, force....... 

============================== Collecting inputs ==============================


                   ----------Processing X-ray data----------                   

F-obs:
  /scratch/m_zhen01/31011.lupus.uni-muenster.de/p26/02_mtz/229_GGF11-new.mtz:F-obs
Miller array info: None
Observation type: xray.amplitude
Type of data: double, size=190
Type of sigmas: None
Number of Miller indices: 190
Anomalous flag: False
Unit cell: (13.283, 13.75, 10.689, 90, 90, 90)
Space group: P 1 (No. 1)
Systematic absences: 0
Centric reflections: 0
Resolution range: 3.98506 2.53401
Completeness in resolution range: 1
Completeness with d_max=infinity: 0.736434

Number of F-obs in resolution range:                   190
Number of F-obs<0 (these reflections will be rejected): 0
Number of F-obs=0 (these reflections will be used in refinement): 0
Refinement resolution range: d_max =   3.9851
                             d_min =   2.5340

R-free flags:
  /scratch/m_zhen01/31011.lupus.uni-muenster.de/p26/02_mtz/229_GGF11-new.mtz:R-free-flags
Miller array info: /scratch/m_zhen01/31011.lupus.uni-muenster.de/p26/02_mtz/229_GGF11-new.mtz:R-free-flags
Observation type: None
Type of data: int, size=190
Type of sigmas: None
Number of Miller indices: 190
Anomalous flag: False
Unit cell: (13.283, 13.75, 10.689, 90, 90, 90)
Space group: P 1 (No. 1)
Systematic absences: 0
Centric reflections: 0
Resolution range: 3.98506 2.53401
Completeness in resolution range: 1
Completeness with d_max=infinity: 0.736434
Wavelength: 1.0000

Test (R-free flags) flag value: 1

Number of work/free reflections by resolution:
                                  work free  %free
  bin  1: 3.9851 - 3.6618 [12/12]    8    4  33.3%
  bin  2: 3.6618 - 3.4230 [20/20]   20    0   0.0%
  bin  3: 3.4230 - 3.2364 [19/19]   19    0   0.0%
  bin  4: 3.2364 - 3.0849 [18/18]   18    0   0.0%
  bin  5: 3.0849 - 2.9582 [24/24]   24    0   0.0%
  bin  6: 2.9582 - 2.8501 [14/14]   14    0   0.0%
  bin  7: 2.8501 - 2.7562 [14/14]   10    4  28.6%
  bin  8: 2.7562 - 2.6736 [19/19]   19    0   0.0%
  bin  9: 2.6736 - 2.6001 [30/30]   30    0   0.0%
  bin 10: 2.6001 - 2.5340 [20/20]   20    0   0.0%
                          overall  182    8   4.2%

                   ----------Processing PDB file(s)----------                  

  Monomer Library directory:
    "/tmp1/m_zhen01/phenix-installer-1.10.1-2155-intel-linux-2.6-x86_64-centos5/phenix-1.10.1-2155/modules/chem_data/mon_lib"
  Total number of atoms: 37
  Number of models: 1
  Model: ""
    Number of chains: 1
    Chain: "A"
      Number of atoms: 37
      Number of conformers: 1
      Conformer: ""
        Number of residues, atoms: 3, 37
          Classifications: {'peptide': 3}
          Modifications used: {'NH2NOTPRO': 1, 'COOH': 1}
          Link IDs: {'TRANS': 2}
  Time building chain proxies: 0.07, per 1000 atoms: 1.89
  Number of scatterers: 37
  At special positions: 0
  Unit cell: (13.283, 13.75, 10.689, 90, 90, 90)
  Space group: P 1 (No. 1)
  Number of sites at special positions: 0
  Number of scattering types: 4
    Type Number    sf(0)
     O       4      8.00
     N       3      7.00
     C      13      6.00
     H      17      1.00
    sf(0) = scattering factor at diffraction angle 0.

  Number of disulfides: simple=0, symmetry=0

  Automatic linking
    Parameters for automatic linking
      Linking & cutoffs
        Metal                : False - 3.50
        Amimo acid           : False - 1.90
        Carbohydrate         : True  - 1.99
        Ligands              : True  - 1.99
        Amino acid - RNA/DNA : False
      
  Number of custom bonds: simple=0, symmetry=0
  Time building additional restraints: 0.02
  Conformation dependent library (CDL) restraints added in 2.8 milliseconds
  
  Adding C-beta torsion restraints...
  Number of C-beta restraints generated:  2
  Time building geometry restraints manager: 0.03 seconds

  NOTE: a complete listing of the restraints can be obtained by requesting
        output of .geo file.

  Histogram of bond lengths:
        0.88 -     1.01: 17
        1.01 -     1.14: 0
        1.14 -     1.26: 3
        1.26 -     1.39: 3
        1.39 -     1.52: 14
  Bond restraints: 37
  Sorted by residual:
  bond pdb=" N   GLY A   2 "
       pdb=" H   GLY A   2 "
    ideal  model  delta    sigma   weight residual
    0.860  0.907 -0.047 2.00e-02 2.50e+03 5.50e+00
  bond pdb=" CE2 PHE A   3 "
       pdb=" CD2 PHE A   3 "
    ideal  model  delta    sigma   weight residual
    1.382  1.439 -0.057 3.00e-02 1.11e+03 3.57e+00
  bond pdb=" CZ  PHE A   3 "
       pdb=" HZ  PHE A   3 "
    ideal  model  delta    sigma   weight residual
    0.930  0.893  0.037 2.00e-02 2.50e+03 3.45e+00
  bond pdb=" CG  PHE A   3 "
       pdb=" CD1 PHE A   3 "
    ideal  model  delta    sigma   weight residual
    1.384  1.421 -0.037 2.10e-02 2.27e+03 3.06e+00
  bond pdb=" CZ  PHE A   3 "
       pdb=" CE2 PHE A   3 "
    ideal  model  delta    sigma   weight residual
    1.382  1.431 -0.049 3.00e-02 1.11e+03 2.62e+00
  ... (remaining 32 not shown)

  Histogram of bond angle deviations from ideal:
      102.47 -   107.65: 9
      107.65 -   112.84: 16
      112.84 -   118.02: 9
      118.02 -   123.21: 22
      123.21 -   128.39: 4
  Bond angle restraints: 60
  Sorted by residual:
  angle pdb=" HA1 GLY A   1 "
        pdb=" CA  GLY A   1 "
        pdb=" N   GLY A   1 "
      ideal   model   delta    sigma   weight residual
     110.00  116.66   -6.66 3.00e+00 1.11e-01 4.92e+00
  angle pdb=" CB  PHE A   3 "
        pdb=" CG  PHE A   3 "
        pdb=" CD2 PHE A   3 "
      ideal   model   delta    sigma   weight residual
     120.70  123.95   -3.25 1.70e+00 3.46e-01 3.66e+00
  angle pdb=" C   GLY A   1 "
        pdb=" CA  GLY A   1 "
        pdb=" HA1 GLY A   1 "
      ideal   model   delta    sigma   weight residual
     109.00  103.26    5.74 3.00e+00 1.11e-01 3.66e+00
  angle pdb=" C   GLY A   1 "
        pdb=" N   GLY A   2 "
        pdb=" H   GLY A   2 "
      ideal   model   delta    sigma   weight residual
     124.30  118.62    5.68 3.00e+00 1.11e-01 3.59e+00
  angle pdb=" HB2 PHE A   3 "
        pdb=" CB  PHE A   3 "
        pdb=" CG  PHE A   3 "
      ideal   model   delta    sigma   weight residual
     108.00  102.47    5.53 3.00e+00 1.11e-01 3.40e+00
  ... (remaining 55 not shown)

  Histogram of dihedral angle deviations from ideal:
        0.34 -    35.69: 11
       35.69 -    71.04: 0
       71.04 -   106.39: 1
      106.39 -   141.74: 0
      141.74 -   177.08: 1
  Dihedral angle restraints: 13
    sinusoidal: 3
      harmonic: 10
  Sorted by residual:
  dihedral pdb=" O   PHE A   3 "
           pdb=" C   PHE A   3 "
           pdb=" OXT PHE A   3 "
           pdb=" HXT PHE A   3 "
      ideal   model   delta  harmonic     sigma   weight residual
       0.00 -177.08  177.08     0      3.00e+01 1.11e-03 3.48e+01
  dihedral pdb=" OXT PHE A   3 "
           pdb=" C   PHE A   3 "
           pdb=" CA  PHE A   3 "
           pdb=" N   PHE A   3 "
      ideal   model   delta sinusoidal    sigma   weight residual
     -20.00   53.38  -73.38     2      3.00e+01 1.11e-03 4.90e+00
  dihedral pdb=" CA  GLY A   1 "
           pdb=" C   GLY A   1 "
           pdb=" N   GLY A   2 "
           pdb=" CA  GLY A   2 "
      ideal   model   delta  harmonic     sigma   weight residual
     180.00  175.16    4.84     0      5.00e+00 4.00e-02 9.38e-01
  ... (remaining 10 not shown)

  Histogram of chiral volume deviations from ideal:
       0.018 -    0.018: 1
       0.018 -    0.018: 0
       0.018 -    0.018: 0
       0.018 -    0.018: 0
       0.018 -    0.018: 0
  Chirality restraints: 1
  Sorted by residual:
  chirality pdb=" CA  PHE A   3 "
            pdb=" C   PHE A   3 "
            pdb=" N   PHE A   3 "
            pdb=" CB  PHE A   3 "
    both_signs  ideal   model   delta    sigma   weight residual
      False     -2.51   -2.49   -0.02 2.00e-01 2.50e+01 8.13e-03

  Planarity restraints: 6
  Sorted by residual:
                                 delta    sigma   weight rms_deltas residual
  plane pdb=" CB  PHE A   3 "    0.017 2.00e-02 2.50e+03   1.58e-02 7.50e+00
        pdb=" CG  PHE A   3 "   -0.020 2.00e-02 2.50e+03
        pdb=" CD1 PHE A   3 "   -0.002 2.00e-02 2.50e+03
        pdb=" HD1 PHE A   3 "    0.004 2.00e-02 2.50e+03
        pdb=" CE1 PHE A   3 "   -0.019 2.00e-02 2.50e+03
        pdb=" HE1 PHE A   3 "    0.020 2.00e-02 2.50e+03
        pdb=" CZ  PHE A   3 "    0.016 2.00e-02 2.50e+03
        pdb=" HZ  PHE A   3 "   -0.021 2.00e-02 2.50e+03
        pdb=" CE2 PHE A   3 "    0.005 2.00e-02 2.50e+03
        pdb=" HE2 PHE A   3 "    0.020 2.00e-02 2.50e+03
        pdb=" CD2 PHE A   3 "   -0.022 2.00e-02 2.50e+03
        pdb=" HD2 PHE A   3 "    0.002 2.00e-02 2.50e+03
                                 delta    sigma   weight rms_deltas residual
  plane pdb=" O   PHE A   3 "    0.015 2.00e-02 2.50e+03   1.68e-02 3.54e+00
        pdb=" C   PHE A   3 "   -0.033 2.00e-02 2.50e+03
        pdb=" OXT PHE A   3 "    0.005 2.00e-02 2.50e+03
        pdb=" HXT PHE A   3 "    0.004 2.00e-02 2.50e+03
        pdb=" CA  PHE A   3 "    0.008 2.00e-02 2.50e+03
                                 delta    sigma   weight rms_deltas residual
  plane pdb=" C   GLY A   2 "    0.016 2.00e-02 2.50e+03   9.06e-03 8.20e-01
        pdb=" O   GLY A   2 "   -0.006 2.00e-02 2.50e+03
        pdb=" CA  GLY A   2 "   -0.005 2.00e-02 2.50e+03
        pdb=" N   PHE A   3 "   -0.005 2.00e-02 2.50e+03
  ... (remaining 3 not shown)

  Histogram of nonbonded interaction distances:
        2.18 -     2.72: 45
        2.72 -     3.27: 56
        3.27 -     3.81: 59
        3.81 -     4.35: 70
        4.35 -     4.90: 83
  Nonbonded interactions: 313
  Sorted by model distance:
  nonbonded pdb=" HA1 GLY A   1 "
            pdb=" H2  GLY A   1 "
     model   vdw
     2.178 1.816
  nonbonded pdb=" HA1 GLY A   2 "
            pdb=" H   GLY A   2 "
     model   vdw
     2.225 1.816
  nonbonded pdb=" H1  GLY A   1 "
            pdb=" HE2 PHE A   3 "
     model   vdw
     2.266 2.100
  nonbonded pdb=" HXT PHE A   3 "
            pdb=" H   PHE A   3 "
     model   vdw
     2.283 2.100
  nonbonded pdb=" HD1 PHE A   3 "
            pdb=" HE1 PHE A   3 "
     model   vdw
     2.309 1.680
  ... (remaining 308 not shown)

  NOTE: a complete listing of the restraints can be obtained by requesting
        output of .geo file.

                   ----------xray_structure summary----------                  

Number of scattering types: 4
  Type Number    sf(0)   Gaussians
   O       4      7.97       2
   N       3      6.97       2
   C      13      5.97       2
   H      17      1.00       2
  sf(0) = scattering factor at diffraction angle 0.
Number of scatterers: 37
At special positions: 0
Unit cell: (13.283, 13.75, 10.689, 90, 90, 90)
Space group: P 1 (No. 1)

End of input processing
r_work=0.4587 r_free=0.5096
params.data_weight: None
params.restraints: qm
rmsd(b), start:  0.0837
mc:   0 R: 0.2058 rmsd(b):  0.0392 restraint_scale:  2.0 min_steps: 51
mc:   1 R: 0.0481 rmsd(b):  0.0374 restraint_scale:  4.0 min_steps: 34
mc:   2 R: 0.0137 rmsd(b):  0.0290 restraint_scale:  4.0 min_steps: 18
mc:   3 R: 0.0088 rmsd(b):  0.0355 restraint_scale:  8.0 min_steps: 30
mc:   4 R: 0.0107 rmsd(b):  0.0242 restraint_scale:  8.0 min_steps: 16
mc:   5 R: 0.0101 rmsd(b):  0.0240 restraint_scale:  8.0 min_steps: 11
Convergence reached, stop now.
see the result structure:  ./p26/04_results/refine_qm/229_GGF11-new/0.9/0.pdb
Time: 248.9768
