phenix.python
you are importing  adaptive calculator, and it does nothing. Please give it energy, force....... 

============================== Collecting inputs ==============================


                   ----------Processing X-ray data----------                   

F-obs:
  /scratch/m_zhen01/31011.lupus.uni-muenster.de/p26/02_mtz/208_WGG04-new.mtz:F-obs
Miller array info: None
Observation type: xray.amplitude
Type of data: double, size=231
Type of sigmas: None
Number of Miller indices: 231
Anomalous flag: False
Unit cell: (12.308, 13.023, 13.953, 90, 90, 90)
Space group: P 1 (No. 1)
Systematic absences: 0
Centric reflections: 0
Resolution range: 3.93605 2.50671
Completeness in resolution range: 1
Completeness with d_max=infinity: 0.759868

Number of F-obs in resolution range:                   231
Number of F-obs<0 (these reflections will be rejected): 0
Number of F-obs=0 (these reflections will be used in refinement): 0
Refinement resolution range: d_max =   3.9360
                             d_min =   2.5067

R-free flags:
  /scratch/m_zhen01/31011.lupus.uni-muenster.de/p26/02_mtz/208_WGG04-new.mtz:R-free-flags
Miller array info: /scratch/m_zhen01/31011.lupus.uni-muenster.de/p26/02_mtz/208_WGG04-new.mtz:R-free-flags
Observation type: None
Type of data: int, size=231
Type of sigmas: None
Number of Miller indices: 231
Anomalous flag: False
Unit cell: (12.308, 13.023, 13.953, 90, 90, 90)
Space group: P 1 (No. 1)
Systematic absences: 0
Centric reflections: 0
Resolution range: 3.93605 2.50671
Completeness in resolution range: 1
Completeness with d_max=infinity: 0.759868
Wavelength: 1.0000

Test (R-free flags) flag value: 1

Number of work/free reflections by resolution:
                                  work free  %free
  bin  1: 3.9360 - 3.6184 [22/22]   22    0   0.0%
  bin  2: 3.6184 - 3.3835 [27/27]   26    1   3.7%
  bin  3: 3.3835 - 3.1997 [17/17]   13    4  23.5%
  bin  4: 3.1997 - 3.0503 [27/27]   27    0   0.0%
  bin  5: 3.0503 - 2.9254 [26/26]   26    0   0.0%
  bin  6: 2.9254 - 2.8187 [14/14]   14    0   0.0%
  bin  7: 2.8187 - 2.7261 [31/31]   23    8  25.8%
  bin  8: 2.7261 - 2.6445 [20/20]   20    0   0.0%
  bin  9: 2.6445 - 2.5719 [13/13]   13    0   0.0%
  bin 10: 2.5719 - 2.5067 [34/34]   34    0   0.0%
                          overall  218   13   5.6%

                   ----------Processing PDB file(s)----------                  

  Monomer Library directory:
    "/tmp1/m_zhen01/phenix-installer-1.10.1-2155-intel-linux-2.6-x86_64-centos5/phenix-1.10.1-2155/modules/chem_data/mon_lib"
  Total number of atoms: 41
  Number of models: 1
  Model: ""
    Number of chains: 1
    Chain: "A"
      Number of atoms: 41
      Number of conformers: 1
      Conformer: ""
        Number of residues, atoms: 3, 41
          Classifications: {'peptide': 3}
          Modifications used: {'NH2NOTPRO': 1, 'COOH': 1}
          Link IDs: {'TRANS': 2}
  Time building chain proxies: 0.07, per 1000 atoms: 1.71
  Number of scatterers: 41
  At special positions: 0
  Unit cell: (12.308, 13.023, 13.953, 90, 90, 90)
  Space group: P 1 (No. 1)
  Number of sites at special positions: 0
  Number of scattering types: 4
    Type Number    sf(0)
     O       4      8.00
     N       4      7.00
     C      15      6.00
     H      18      1.00
    sf(0) = scattering factor at diffraction angle 0.

  Number of disulfides: simple=0, symmetry=0

  Automatic linking
    Parameters for automatic linking
      Linking & cutoffs
        Metal                : False - 3.50
        Amimo acid           : False - 1.90
        Carbohydrate         : True  - 1.99
        Ligands              : True  - 1.99
        Amino acid - RNA/DNA : False
      
  Number of custom bonds: simple=0, symmetry=0
  Time building additional restraints: 0.02
  Conformation dependent library (CDL) restraints added in 2.8 milliseconds
  
  Adding C-beta torsion restraints...
  Number of C-beta restraints generated:  2
  Time building geometry restraints manager: 0.03 seconds

  NOTE: a complete listing of the restraints can be obtained by requesting
        output of .geo file.

  Histogram of bond lengths:
        0.82 -     0.97: 11
        0.97 -     1.12: 7
        1.12 -     1.27: 3
        1.27 -     1.42: 11
        1.42 -     1.57: 10
  Bond restraints: 42
  Sorted by residual:
  bond pdb=" C   GLY A   3 "
       pdb=" CA  GLY A   3 "
    ideal  model  delta    sigma   weight residual
    1.516  1.554 -0.038 1.80e-02 3.09e+03 4.56e+00
  bond pdb=" CZ3 TRP A   1 "
       pdb=" HZ3 TRP A   1 "
    ideal  model  delta    sigma   weight residual
    0.930  0.888  0.042 2.00e-02 2.50e+03 4.40e+00
  bond pdb=" CB  TRP A   1 "
       pdb=" HB1 TRP A   1 "
    ideal  model  delta    sigma   weight residual
    0.970  1.011 -0.041 2.00e-02 2.50e+03 4.12e+00
  bond pdb=" N   GLY A   3 "
       pdb=" H   GLY A   3 "
    ideal  model  delta    sigma   weight residual
    0.860  0.820  0.040 2.00e-02 2.50e+03 4.09e+00
  bond pdb=" CA  TRP A   1 "
       pdb=" CB  TRP A   1 "
    ideal  model  delta    sigma   weight residual
    1.530  1.567 -0.037 2.00e-02 2.50e+03 3.39e+00
  ... (remaining 37 not shown)

  Histogram of bond angle deviations from ideal:
      104.42 -   110.21: 20
      110.21 -   116.00: 17
      116.00 -   121.80: 11
      121.80 -   127.59: 19
      127.59 -   133.39: 2
  Bond angle restraints: 69
  Sorted by residual:
  angle pdb=" OXT GLY A   3 "
        pdb=" C   GLY A   3 "
        pdb=" CA  GLY A   3 "
      ideal   model   delta    sigma   weight residual
     118.60  122.86   -4.26 3.00e+00 1.11e-01 2.02e+00
  angle pdb=" O   GLY A   3 "
        pdb=" C   GLY A   3 "
        pdb=" CA  GLY A   3 "
      ideal   model   delta    sigma   weight residual
     118.60  114.37    4.23 3.00e+00 1.11e-01 1.99e+00
  angle pdb=" C   GLY A   3 "
        pdb=" CA  GLY A   3 "
        pdb=" HA2 GLY A   3 "
      ideal   model   delta    sigma   weight residual
     109.00  104.91    4.09 3.00e+00 1.11e-01 1.86e+00
  angle pdb=" C   GLY A   2 "
        pdb=" N   GLY A   3 "
        pdb=" CA  GLY A   3 "
      ideal   model   delta    sigma   weight residual
     121.70  124.10   -2.40 1.80e+00 3.09e-01 1.78e+00
  angle pdb=" CA  TRP A   1 "
        pdb=" CB  TRP A   1 "
        pdb=" HB2 TRP A   1 "
      ideal   model   delta    sigma   weight residual
     109.00  112.72   -3.72 3.00e+00 1.11e-01 1.54e+00
  ... (remaining 64 not shown)

  Histogram of dihedral angle deviations from ideal:
        0.00 -    35.85: 12
       35.85 -    71.70: 1
       71.70 -   107.54: 0
      107.54 -   143.39: 0
      143.39 -   179.24: 1
  Dihedral angle restraints: 14
    sinusoidal: 3
      harmonic: 11
  Sorted by residual:
  dihedral pdb=" O   GLY A   3 "
           pdb=" C   GLY A   3 "
           pdb=" OXT GLY A   3 "
           pdb=" HXT GLY A   3 "
      ideal   model   delta  harmonic     sigma   weight residual
       0.00 -179.24  179.24     0      3.00e+01 1.11e-03 3.57e+01
  dihedral pdb=" CA  TRP A   1 "
           pdb=" C   TRP A   1 "
           pdb=" N   GLY A   2 "
           pdb=" CA  GLY A   2 "
      ideal   model   delta  harmonic     sigma   weight residual
     180.00  171.31    8.69     0      5.00e+00 4.00e-02 3.02e+00
  dihedral pdb=" OXT GLY A   3 "
           pdb=" C   GLY A   3 "
           pdb=" CA  GLY A   3 "
           pdb=" N   GLY A   3 "
      ideal   model   delta sinusoidal    sigma   weight residual
     160.00 -153.76  -46.24     2      3.00e+01 1.11e-03 2.78e+00
  ... (remaining 11 not shown)

  Histogram of chiral volume deviations from ideal:
       0.028 -    0.028: 1
       0.028 -    0.028: 0
       0.028 -    0.028: 0
       0.028 -    0.028: 0
       0.028 -    0.028: 0
  Chirality restraints: 1
  Sorted by residual:
  chirality pdb=" CA  TRP A   1 "
            pdb=" C   TRP A   1 "
            pdb=" N   TRP A   1 "
            pdb=" CB  TRP A   1 "
    both_signs  ideal   model   delta    sigma   weight residual
      False     -2.51   -2.48   -0.03 2.00e-01 2.50e+01 1.96e-02

  Planarity restraints: 6
  Sorted by residual:
                                 delta    sigma   weight rms_deltas residual
  plane pdb=" CB  TRP A   1 "   -0.001 2.00e-02 2.50e+03   1.95e-02 1.52e+01
        pdb=" CG  TRP A   1 "   -0.012 2.00e-02 2.50e+03
        pdb=" CD1 TRP A   1 "    0.033 2.00e-02 2.50e+03
        pdb=" HD1 TRP A   1 "   -0.031 2.00e-02 2.50e+03
        pdb=" NE1 TRP A   1 "    0.009 2.00e-02 2.50e+03
        pdb=" HE1 TRP A   1 "    0.023 2.00e-02 2.50e+03
        pdb=" CE2 TRP A   1 "    0.023 2.00e-02 2.50e+03
        pdb=" CZ2 TRP A   1 "   -0.024 2.00e-02 2.50e+03
        pdb=" HZ2 TRP A   1 "   -0.005 2.00e-02 2.50e+03
        pdb=" CH2 TRP A   1 "   -0.009 2.00e-02 2.50e+03
        pdb=" HH2 TRP A   1 "   -0.019 2.00e-02 2.50e+03
        pdb=" CZ3 TRP A   1 "    0.015 2.00e-02 2.50e+03
        pdb=" HZ3 TRP A   1 "    0.031 2.00e-02 2.50e+03
        pdb=" CE3 TRP A   1 "   -0.014 2.00e-02 2.50e+03
        pdb=" HE3 TRP A   1 "   -0.001 2.00e-02 2.50e+03
        pdb=" CD2 TRP A   1 "   -0.017 2.00e-02 2.50e+03
                                 delta    sigma   weight rms_deltas residual
  plane pdb=" C   TRP A   1 "   -0.018 2.00e-02 2.50e+03   1.01e-02 1.03e+00
        pdb=" O   TRP A   1 "    0.007 2.00e-02 2.50e+03
        pdb=" CA  TRP A   1 "    0.005 2.00e-02 2.50e+03
        pdb=" N   GLY A   2 "    0.006 2.00e-02 2.50e+03
                                 delta    sigma   weight rms_deltas residual
  plane pdb=" C   GLY A   2 "    0.004 2.00e-02 2.50e+03   8.58e-03 7.35e-01
        pdb=" CA  GLY A   3 "    0.004 2.00e-02 2.50e+03
        pdb=" N   GLY A   3 "   -0.015 2.00e-02 2.50e+03
        pdb=" H   GLY A   3 "    0.007 2.00e-02 2.50e+03
  ... (remaining 3 not shown)

  Histogram of nonbonded interaction distances:
        1.94 -     2.53: 21
        2.53 -     3.12: 62
        3.12 -     3.71: 55
        3.71 -     4.30: 66
        4.30 -     4.89: 84
  Nonbonded interactions: 288
  Sorted by model distance:
  nonbonded pdb=" HA  TRP A   1 "
            pdb=" H2  TRP A   1 "
     model   vdw
     1.941 1.816
  nonbonded pdb=" H1  TRP A   1 "
            pdb=" H   GLY A   2 "
     model   vdw
     1.986 2.100
  nonbonded pdb=" HH2 TRP A   1 "
            pdb=" HZ3 TRP A   1 "
     model   vdw
     2.235 1.680
  nonbonded pdb=" HA1 GLY A   3 "
            pdb=" H   GLY A   3 "
     model   vdw
     2.248 1.816
  nonbonded pdb=" HA1 GLY A   2 "
            pdb=" H   GLY A   2 "
     model   vdw
     2.253 1.816
  ... (remaining 283 not shown)

  NOTE: a complete listing of the restraints can be obtained by requesting
        output of .geo file.

                   ----------xray_structure summary----------                  

Number of scattering types: 4
  Type Number    sf(0)   Gaussians
   O       4      7.97       2
   N       4      6.97       2
   C      15      5.97       2
   H      18      1.00       2
  sf(0) = scattering factor at diffraction angle 0.
Number of scatterers: 41
At special positions: 0
Unit cell: (12.308, 13.023, 13.953, 90, 90, 90)
Space group: P 1 (No. 1)

End of input processing
r_work=0.4394 r_free=0.3678
params.data_weight: None
params.restraints: qm
rmsd(b), start:  0.0860
mc:   0 R: 0.2413 rmsd(b):  1.0079 restraint_scale:  2.0 min_steps: 53
mc:   1 R: 0.2625 rmsd(b):  1.0134 restraint_scale:  4.0 min_steps: 19
mc:   2 R: 0.2718 rmsd(b):  1.0228 restraint_scale:  8.0 min_steps: 12
mc:   3 R: 0.2717 rmsd(b):  1.0222 restraint_scale: 16.0 min_steps: 4
mc:   4 R: 0.2969 rmsd(b):  1.0749 restraint_scale: 32.0 min_steps: 45
mc:   5 R: 0.2769 rmsd(b):  1.0509 restraint_scale: 64.0 min_steps: 11
mc:   6 R: 0.3789 rmsd(b):  1.3783 restraint_scale: 128.0 min_steps: 55
mc:   7 R: 0.3789 rmsd(b):  1.3783 restraint_scale: 256.0 min_steps: 1
Convergence reached, stop now.
see the result structure:  ./p26/04_results/refine_qm/208_WGG04-new/1.2/2.pdb
Time: 2803.1631
