phenix.python
you are importing  adaptive calculator, and it does nothing. Please give it energy, force....... 

============================== Collecting inputs ==============================


                   ----------Processing X-ray data----------                   

F-obs:
  /scratch/m_zhen01/30994.lupus.uni-muenster.de/p26/02_mtz/239_GFA02-new.mtz:F-obs
Miller array info: None
Observation type: xray.amplitude
Type of data: double, size=236
Type of sigmas: None
Number of Miller indices: 236
Anomalous flag: False
Unit cell: (13.94, 13.832, 11.842, 90, 90, 90)
Space group: P 1 (No. 1)
Systematic absences: 0
Centric reflections: 0
Resolution range: 3.94733 2.50633
Completeness in resolution range: 1
Completeness with d_max=infinity: 0.75641

Number of F-obs in resolution range:                   236
Number of F-obs<0 (these reflections will be rejected): 0
Number of F-obs=0 (these reflections will be used in refinement): 0
Refinement resolution range: d_max =   3.9473
                             d_min =   2.5063

R-free flags:
  /scratch/m_zhen01/30994.lupus.uni-muenster.de/p26/02_mtz/239_GFA02-new.mtz:R-free-flags
Miller array info: /scratch/m_zhen01/30994.lupus.uni-muenster.de/p26/02_mtz/239_GFA02-new.mtz:R-free-flags
Observation type: None
Type of data: int, size=236
Type of sigmas: None
Number of Miller indices: 236
Anomalous flag: False
Unit cell: (13.94, 13.832, 11.842, 90, 90, 90)
Space group: P 1 (No. 1)
Systematic absences: 0
Centric reflections: 0
Resolution range: 3.94733 2.50633
Completeness in resolution range: 1
Completeness with d_max=infinity: 0.75641
Wavelength: 1.0000

Test (R-free flags) flag value: 1

Number of work/free reflections by resolution:
                                  work free  %free
  bin  1: 3.9473 - 3.6255 [29/29]   25    4  13.8%
  bin  2: 3.6255 - 3.3882 [14/14]   14    0   0.0%
  bin  3: 3.3882 - 3.2029 [34/34]   26    8  23.5%
  bin  4: 3.2029 - 3.0524 [12/12]   12    0   0.0%
  bin  5: 3.0524 - 2.9268 [29/29]   29    0   0.0%
  bin  6: 2.9268 - 2.8195 [16/16]   12    4  25.0%
  bin  7: 2.8195 - 2.7265 [24/24]   24    0   0.0%
  bin  8: 2.7265 - 2.6446 [34/34]   34    0   0.0%
  bin  9: 2.6446 - 2.5718 [ 6/6 ]    6    0   0.0%
  bin 10: 2.5718 - 2.5063 [38/38]   38    0   0.0%
                          overall  220   16   6.8%

                   ----------Processing PDB file(s)----------                  

  Monomer Library directory:
    "/tmp1/m_zhen01/phenix-installer-1.10.1-2155-intel-linux-2.6-x86_64-centos5/phenix-1.10.1-2155/modules/chem_data/mon_lib"
  Total number of atoms: 40
  Number of models: 1
  Model: ""
    Number of chains: 1
    Chain: "A"
      Number of atoms: 40
      Number of conformers: 1
      Conformer: ""
        Number of residues, atoms: 3, 40
          Classifications: {'peptide': 3}
          Modifications used: {'NH2NOTPRO': 1, 'COOH': 1}
          Link IDs: {'TRANS': 2}
  Time building chain proxies: 0.08, per 1000 atoms: 2.00
  Number of scatterers: 40
  At special positions: 0
  Unit cell: (13.94, 13.832, 11.842, 90, 90, 90)
  Space group: P 1 (No. 1)
  Number of sites at special positions: 0
  Number of scattering types: 4
    Type Number    sf(0)
     O       4      8.00
     N       3      7.00
     C      14      6.00
     H      19      1.00
    sf(0) = scattering factor at diffraction angle 0.

  Number of disulfides: simple=0, symmetry=0

  Automatic linking
    Parameters for automatic linking
      Linking & cutoffs
        Metal                : False - 3.50
        Amimo acid           : False - 1.90
        Carbohydrate         : True  - 1.99
        Ligands              : True  - 1.99
        Amino acid - RNA/DNA : False
      
  Number of custom bonds: simple=0, symmetry=0
  Time building additional restraints: 0.03
  Conformation dependent library (CDL) restraints added in 3.8 milliseconds
  
  Adding C-beta torsion restraints...
  Number of C-beta restraints generated:  4
  Time building geometry restraints manager: 0.03 seconds

  NOTE: a complete listing of the restraints can be obtained by requesting
        output of .geo file.

  Histogram of bond lengths:
        0.82 -     0.97: 13
        0.97 -     1.11: 6
        1.11 -     1.26: 3
        1.26 -     1.41: 8
        1.41 -     1.55: 10
  Bond restraints: 40
  Sorted by residual:
  bond pdb=" CD2 PHE A   2 "
       pdb=" HD2 PHE A   2 "
    ideal  model  delta    sigma   weight residual
    0.930  0.972 -0.042 2.00e-02 2.50e+03 4.32e+00
  bond pdb=" CD1 PHE A   2 "
       pdb=" HD1 PHE A   2 "
    ideal  model  delta    sigma   weight residual
    0.930  0.970 -0.040 2.00e-02 2.50e+03 3.91e+00
  bond pdb=" N   ALA A   3 "
       pdb=" H   ALA A   3 "
    ideal  model  delta    sigma   weight residual
    0.860  0.823  0.037 2.00e-02 2.50e+03 3.49e+00
  bond pdb=" C   ALA A   3 "
       pdb=" OXT ALA A   3 "
    ideal  model  delta    sigma   weight residual
    1.330  1.364 -0.034 2.00e-02 2.50e+03 2.89e+00
  bond pdb=" CB  PHE A   2 "
       pdb=" CA  PHE A   2 "
    ideal  model  delta    sigma   weight residual
    1.535  1.510  0.025 1.64e-02 3.72e+03 2.40e+00
  ... (remaining 35 not shown)

  Histogram of bond angle deviations from ideal:
      103.97 -   108.58: 13
      108.58 -   113.20: 20
      113.20 -   117.82: 5
      117.82 -   122.43: 22
      122.43 -   127.05: 6
  Bond angle restraints: 66
  Sorted by residual:
  angle pdb=" OXT ALA A   3 "
        pdb=" C   ALA A   3 "
        pdb=" CA  ALA A   3 "
      ideal   model   delta    sigma   weight residual
     118.60  113.19    5.41 3.00e+00 1.11e-01 3.25e+00
  angle pdb=" C   GLY A   1 "
        pdb=" N   PHE A   2 "
        pdb=" CA  PHE A   2 "
      ideal   model   delta    sigma   weight residual
     121.41  118.33    3.08 1.83e+00 2.99e-01 2.84e+00
  angle pdb=" C   GLY A   1 "
        pdb=" CA  GLY A   1 "
        pdb=" HA1 GLY A   1 "
      ideal   model   delta    sigma   weight residual
     109.00  103.97    5.03 3.00e+00 1.11e-01 2.82e+00
  angle pdb=" CA  GLY A   1 "
        pdb=" C   GLY A   1 "
        pdb=" N   PHE A   2 "
      ideal   model   delta    sigma   weight residual
     116.20  119.27   -3.07 2.00e+00 2.50e-01 2.36e+00
  angle pdb=" C   ALA A   3 "
        pdb=" CA  ALA A   3 "
        pdb=" CB  ALA A   3 "
      ideal   model   delta    sigma   weight residual
     110.50  108.25    2.25 1.50e+00 4.44e-01 2.26e+00
  ... (remaining 61 not shown)

  Histogram of dihedral angle deviations from ideal:
        0.09 -     1.88: 9
        1.88 -     3.67: 4
        3.67 -     5.46: 1
        5.46 -     7.26: 0
        7.26 -     9.05: 2
  Dihedral angle restraints: 16
    sinusoidal: 4
      harmonic: 12
  Sorted by residual:
  dihedral pdb=" CA  GLY A   1 "
           pdb=" C   GLY A   1 "
           pdb=" N   PHE A   2 "
           pdb=" CA  PHE A   2 "
      ideal   model   delta  harmonic     sigma   weight residual
     180.00 -171.46   -8.54     0      5.00e+00 4.00e-02 2.92e+00
  dihedral pdb=" CA  PHE A   2 "
           pdb=" C   PHE A   2 "
           pdb=" N   ALA A   3 "
           pdb=" CA  ALA A   3 "
      ideal   model   delta  harmonic     sigma   weight residual
    -180.00 -175.34   -4.66     0      5.00e+00 4.00e-02 8.69e-01
  dihedral pdb=" CD1 PHE A   2 "
           pdb=" CG  PHE A   2 "
           pdb=" CD2 PHE A   2 "
           pdb=" HD2 PHE A   2 "
      ideal   model   delta  harmonic     sigma   weight residual
    -180.00 -176.82   -3.18     0      5.00e+00 4.00e-02 4.04e-01
  ... (remaining 13 not shown)

  Histogram of chiral volume deviations from ideal:
       0.004 -    0.024: 1
       0.024 -    0.044: 0
       0.044 -    0.064: 0
       0.064 -    0.085: 0
       0.085 -    0.105: 1
  Chirality restraints: 2
  Sorted by residual:
  chirality pdb=" CA  PHE A   2 "
            pdb=" CB  PHE A   2 "
            pdb=" C   PHE A   2 "
            pdb=" N   PHE A   2 "
    both_signs  ideal   model   delta    sigma   weight residual
      False     -2.51   -2.41   -0.11 2.00e-01 2.50e+01 2.76e-01
  chirality pdb=" CA  ALA A   3 "
            pdb=" C   ALA A   3 "
            pdb=" CB  ALA A   3 "
            pdb=" N   ALA A   3 "
    both_signs  ideal   model   delta    sigma   weight residual
      False      2.48    2.49   -0.00 2.00e-01 2.50e+01 3.15e-04

  Planarity restraints: 6
  Sorted by residual:
                                 delta    sigma   weight rms_deltas residual
  plane pdb=" CB  PHE A   2 "   -0.002 2.00e-02 2.50e+03   2.02e-02 1.23e+01
        pdb=" CG  PHE A   2 "    0.004 2.00e-02 2.50e+03
        pdb=" CD1 PHE A   2 "    0.011 2.00e-02 2.50e+03
        pdb=" HD1 PHE A   2 "   -0.028 2.00e-02 2.50e+03
        pdb=" CE1 PHE A   2 "   -0.013 2.00e-02 2.50e+03
        pdb=" HE1 PHE A   2 "    0.019 2.00e-02 2.50e+03
        pdb=" CZ  PHE A   2 "    0.039 2.00e-02 2.50e+03
        pdb=" HZ  PHE A   2 "   -0.010 2.00e-02 2.50e+03
        pdb=" CE2 PHE A   2 "   -0.013 2.00e-02 2.50e+03
        pdb=" HE2 PHE A   2 "   -0.027 2.00e-02 2.50e+03
        pdb=" CD2 PHE A   2 "   -0.009 2.00e-02 2.50e+03
        pdb=" HD2 PHE A   2 "    0.030 2.00e-02 2.50e+03
                                 delta    sigma   weight rms_deltas residual
  plane pdb=" O   ALA A   3 "   -0.002 2.00e-02 2.50e+03   6.62e-03 5.48e-01
        pdb=" C   ALA A   3 "   -0.003 2.00e-02 2.50e+03
        pdb=" OXT ALA A   3 "   -0.010 2.00e-02 2.50e+03
        pdb=" HXT ALA A   3 "    0.009 2.00e-02 2.50e+03
        pdb=" CA  ALA A   3 "    0.005 2.00e-02 2.50e+03
                                 delta    sigma   weight rms_deltas residual
  plane pdb=" C   GLY A   1 "   -0.004 2.00e-02 2.50e+03   2.11e-03 4.45e-02
        pdb=" O   GLY A   1 "    0.001 2.00e-02 2.50e+03
        pdb=" CA  GLY A   1 "    0.001 2.00e-02 2.50e+03
        pdb=" N   PHE A   2 "    0.001 2.00e-02 2.50e+03
  ... (remaining 3 not shown)

  Histogram of nonbonded interaction distances:
        2.07 -     2.63: 36
        2.63 -     3.20: 45
        3.20 -     3.76: 71
        3.76 -     4.33: 68
        4.33 -     4.90: 93
  Nonbonded interactions: 313
  Sorted by model distance:
  nonbonded pdb=" H   PHE A   2 "
            pdb=" H   ALA A   3 "
     model   vdw
     2.067 2.100
  nonbonded pdb=" HB2 PHE A   2 "
            pdb=" HA  PHE A   2 "
     model   vdw
     2.230 1.952
  nonbonded pdb=" O   GLY A   1 "
            pdb=" HA  PHE A   2 "
     model   vdw
     2.251 2.740
  nonbonded pdb=" HB1 PHE A   2 "
            pdb=" HA  PHE A   2 "
     model   vdw
     2.258 1.952
  nonbonded pdb=" HE2 PHE A   2 "
            pdb=" HD2 PHE A   2 "
     model   vdw
     2.266 1.680
  ... (remaining 308 not shown)

  NOTE: a complete listing of the restraints can be obtained by requesting
        output of .geo file.

                   ----------xray_structure summary----------                  

Number of scattering types: 4
  Type Number    sf(0)   Gaussians
   O       4      7.97       2
   N       3      6.97       2
   C      14      5.97       2
   H      19      1.00       2
  sf(0) = scattering factor at diffraction angle 0.
Number of scatterers: 40
At special positions: 0
Unit cell: (13.94, 13.832, 11.842, 90, 90, 90)
Space group: P 1 (No. 1)

End of input processing
r_work=0.5236 r_free=0.4263
params.data_weight: 0.0
params.restraints: qm
rmsd(b), start:  0.0867
mc:   0 R: 0.5172 rmsd(b):  0.0281 restraint_scale:  1.0 min_steps: 52
mc:   1 R: 0.5022 rmsd(b):  0.0277 restraint_scale:  1.0 min_steps: 53
mc:   2 R: 0.5061 rmsd(b):  0.0277 restraint_scale:  1.0 min_steps: 54
mc:   3 R: 0.5039 rmsd(b):  0.0277 restraint_scale:  1.0 min_steps: 29
mc:   4 R: 0.5039 rmsd(b):  0.0277 restraint_scale:  1.0 min_steps: 1
Convergence reached, stop now.
see the result structure:  ./p26/04_results/opt_qm/239_GFA02-new/1.2/7.pdb
Time: 195.9639
