phenix.python
you are importing  adaptive calculator, and it does nothing. Please give it energy, force....... 

============================== Collecting inputs ==============================


                   ----------Processing X-ray data----------                   

F-obs:
  /scratch/m_zhen01/30994.lupus.uni-muenster.de/p26/02_mtz/252_FGG55-new.mtz:F-obs
Miller array info: None
Observation type: xray.amplitude
Type of data: double, size=198
Type of sigmas: None
Number of Miller indices: 198
Anomalous flag: False
Unit cell: (13.54, 12.837, 11.4, 90, 90, 90)
Space group: P 1 (No. 1)
Systematic absences: 0
Centric reflections: 0
Resolution range: 3.98871 2.50467
Completeness in resolution range: 1
Completeness with d_max=infinity: 0.744361

Number of F-obs in resolution range:                   198
Number of F-obs<0 (these reflections will be rejected): 0
Number of F-obs=0 (these reflections will be used in refinement): 0
Refinement resolution range: d_max =   3.9887
                             d_min =   2.5047

R-free flags:
  /scratch/m_zhen01/30994.lupus.uni-muenster.de/p26/02_mtz/252_FGG55-new.mtz:R-free-flags
Miller array info: /scratch/m_zhen01/30994.lupus.uni-muenster.de/p26/02_mtz/252_FGG55-new.mtz:R-free-flags
Observation type: None
Type of data: int, size=198
Type of sigmas: None
Number of Miller indices: 198
Anomalous flag: False
Unit cell: (13.54, 12.837, 11.4, 90, 90, 90)
Space group: P 1 (No. 1)
Systematic absences: 0
Centric reflections: 0
Resolution range: 3.98871 2.50467
Completeness in resolution range: 1
Completeness with d_max=infinity: 0.744361
Wavelength: 1.0000

Test (R-free flags) flag value: 1

Number of work/free reflections by resolution:
                                  work free  %free
  bin  1: 3.9887 - 3.6511 [13/13]   13    0   0.0%
  bin  2: 3.6511 - 3.4048 [28/28]   24    4  14.3%
  bin  3: 3.4048 - 3.2139 [13/13]    9    4  30.8%
  bin  4: 3.2139 - 3.0597 [23/23]   23    0   0.0%
  bin  5: 3.0597 - 2.9314 [18/18]   18    0   0.0%
  bin  6: 2.9314 - 2.8222 [21/21]   21    0   0.0%
  bin  7: 2.8222 - 2.7276 [18/18]   18    0   0.0%
  bin  8: 2.7276 - 2.6446 [21/21]   20    1   4.8%
  bin  9: 2.6446 - 2.5708 [28/28]   28    0   0.0%
  bin 10: 2.5708 - 2.5047 [15/15]   14    1   6.7%
                          overall  188   10   5.1%

                   ----------Processing PDB file(s)----------                  

  Monomer Library directory:
    "/tmp1/m_zhen01/phenix-installer-1.10.1-2155-intel-linux-2.6-x86_64-centos5/phenix-1.10.1-2155/modules/chem_data/mon_lib"
  Total number of atoms: 37
  Number of models: 1
  Model: ""
    Number of chains: 1
    Chain: "A"
      Number of atoms: 37
      Number of conformers: 1
      Conformer: ""
        Number of residues, atoms: 3, 37
          Classifications: {'peptide': 3}
          Modifications used: {'NH2NOTPRO': 1, 'COOH': 1}
          Link IDs: {'TRANS': 2}
  Time building chain proxies: 0.07, per 1000 atoms: 1.89
  Number of scatterers: 37
  At special positions: 0
  Unit cell: (13.54, 12.837, 11.4, 90, 90, 90)
  Space group: P 1 (No. 1)
  Number of sites at special positions: 0
  Number of scattering types: 4
    Type Number    sf(0)
     O       4      8.00
     N       3      7.00
     C      13      6.00
     H      17      1.00
    sf(0) = scattering factor at diffraction angle 0.

  Number of disulfides: simple=0, symmetry=0

  Automatic linking
    Parameters for automatic linking
      Linking & cutoffs
        Metal                : False - 3.50
        Amimo acid           : False - 1.90
        Carbohydrate         : True  - 1.99
        Ligands              : True  - 1.99
        Amino acid - RNA/DNA : False
      
  Number of custom bonds: simple=0, symmetry=0
  Time building additional restraints: 0.02
  Conformation dependent library (CDL) restraints added in 3.0 milliseconds
  
  Adding C-beta torsion restraints...
  Number of C-beta restraints generated:  2
  Time building geometry restraints manager: 0.02 seconds

  NOTE: a complete listing of the restraints can be obtained by requesting
        output of .geo file.

  Histogram of bond lengths:
        0.81 -     0.96: 12
        0.96 -     1.11: 5
        1.11 -     1.26: 3
        1.26 -     1.41: 9
        1.41 -     1.56: 8
  Bond restraints: 37
  Sorted by residual:
  bond pdb=" CD1 PHE A   1 "
       pdb=" HD1 PHE A   1 "
    ideal  model  delta    sigma   weight residual
    0.930  0.874  0.056 2.00e-02 2.50e+03 7.73e+00
  bond pdb=" N   GLY A   2 "
       pdb=" H   GLY A   2 "
    ideal  model  delta    sigma   weight residual
    0.860  0.810  0.050 2.00e-02 2.50e+03 6.33e+00
  bond pdb=" CA  GLY A   3 "
       pdb=" HA1 GLY A   3 "
    ideal  model  delta    sigma   weight residual
    0.970  0.925  0.045 2.00e-02 2.50e+03 5.00e+00
  bond pdb=" N   PHE A   1 "
       pdb=" H2  PHE A   1 "
    ideal  model  delta    sigma   weight residual
    0.960  0.922  0.038 2.00e-02 2.50e+03 3.58e+00
  bond pdb=" CA  PHE A   1 "
       pdb=" CB  PHE A   1 "
    ideal  model  delta    sigma   weight residual
    1.530  1.562 -0.032 2.00e-02 2.50e+03 2.61e+00
  ... (remaining 32 not shown)

  Histogram of bond angle deviations from ideal:
      101.50 -   107.22: 5
      107.22 -   112.94: 22
      112.94 -   118.66: 8
      118.66 -   124.38: 22
      124.38 -   130.10: 3
  Bond angle restraints: 60
  Sorted by residual:
  angle pdb=" CA  PHE A   1 "
        pdb=" C   PHE A   1 "
        pdb=" N   GLY A   2 "
      ideal   model   delta    sigma   weight residual
     116.20  111.17    5.03 2.00e+00 2.50e-01 6.33e+00
  angle pdb=" C   PHE A   1 "
        pdb=" CA  PHE A   1 "
        pdb=" HA  PHE A   1 "
      ideal   model   delta    sigma   weight residual
     109.00  101.50    7.50 3.00e+00 1.11e-01 6.25e+00
  angle pdb=" C   PHE A   1 "
        pdb=" CA  PHE A   1 "
        pdb=" CB  PHE A   1 "
      ideal   model   delta    sigma   weight residual
     110.10  106.09    4.01 1.90e+00 2.77e-01 4.46e+00
  angle pdb=" O   PHE A   1 "
        pdb=" C   PHE A   1 "
        pdb=" CA  PHE A   1 "
      ideal   model   delta    sigma   weight residual
     120.80  124.23   -3.43 1.70e+00 3.46e-01 4.07e+00
  angle pdb=" C   PHE A   1 "
        pdb=" N   GLY A   2 "
        pdb=" H   GLY A   2 "
      ideal   model   delta    sigma   weight residual
     124.30  130.10   -5.80 3.00e+00 1.11e-01 3.73e+00
  ... (remaining 55 not shown)

  Histogram of dihedral angle deviations from ideal:
        0.87 -    36.62: 11
       36.62 -    72.37: 1
       72.37 -   108.11: 0
      108.11 -   143.86: 0
      143.86 -   179.60: 1
  Dihedral angle restraints: 13
    sinusoidal: 3
      harmonic: 10
  Sorted by residual:
  dihedral pdb=" O   GLY A   3 "
           pdb=" C   GLY A   3 "
           pdb=" OXT GLY A   3 "
           pdb=" HXT GLY A   3 "
      ideal   model   delta  harmonic     sigma   weight residual
       0.00  179.60 -179.60     0      3.00e+01 1.11e-03 3.58e+01
  dihedral pdb=" OXT GLY A   3 "
           pdb=" C   GLY A   3 "
           pdb=" CA  GLY A   3 "
           pdb=" N   GLY A   3 "
      ideal   model   delta sinusoidal    sigma   weight residual
     -20.00  -76.49   56.49     2      3.00e+01 1.11e-03 3.71e+00
  dihedral pdb=" N   PHE A   1 "
           pdb=" CA  PHE A   1 "
           pdb=" CB  PHE A   1 "
           pdb=" CG  PHE A   1 "
      ideal   model   delta sinusoidal    sigma   weight residual
     180.00 -159.84  -20.16     3      1.50e+01 4.44e-03 2.40e+00
  ... (remaining 10 not shown)

  Histogram of chiral volume deviations from ideal:
       0.007 -    0.007: 1
       0.007 -    0.007: 0
       0.007 -    0.007: 0
       0.007 -    0.007: 0
       0.007 -    0.007: 0
  Chirality restraints: 1
  Sorted by residual:
  chirality pdb=" CA  PHE A   1 "
            pdb=" C   PHE A   1 "
            pdb=" N   PHE A   1 "
            pdb=" CB  PHE A   1 "
    both_signs  ideal   model   delta    sigma   weight residual
      False     -2.51   -2.50   -0.01 2.00e-01 2.50e+01 1.26e-03

  Planarity restraints: 6
  Sorted by residual:
                                 delta    sigma   weight rms_deltas residual
  plane pdb=" CB  PHE A   1 "    0.035 2.00e-02 2.50e+03   2.43e-02 1.78e+01
        pdb=" CG  PHE A   1 "   -0.035 2.00e-02 2.50e+03
        pdb=" CD2 PHE A   1 "    0.024 2.00e-02 2.50e+03
        pdb=" HD2 PHE A   1 "   -0.028 2.00e-02 2.50e+03
        pdb=" CE2 PHE A   1 "   -0.010 2.00e-02 2.50e+03
        pdb=" HE2 PHE A   1 "   -0.011 2.00e-02 2.50e+03
        pdb=" CZ  PHE A   1 "    0.010 2.00e-02 2.50e+03
        pdb=" HZ  PHE A   1 "    0.040 2.00e-02 2.50e+03
        pdb=" CE1 PHE A   1 "   -0.001 2.00e-02 2.50e+03
        pdb=" HE1 PHE A   1 "   -0.036 2.00e-02 2.50e+03
        pdb=" CD1 PHE A   1 "    0.012 2.00e-02 2.50e+03
        pdb=" HD1 PHE A   1 "    0.001 2.00e-02 2.50e+03
                                 delta    sigma   weight rms_deltas residual
  plane pdb=" C   GLY A   2 "   -0.060 2.00e-02 2.50e+03   3.46e-02 1.20e+01
        pdb=" O   GLY A   2 "    0.023 2.00e-02 2.50e+03
        pdb=" CA  GLY A   2 "    0.017 2.00e-02 2.50e+03
        pdb=" N   GLY A   3 "    0.020 2.00e-02 2.50e+03
                                 delta    sigma   weight rms_deltas residual
  plane pdb=" C   PHE A   1 "    0.010 2.00e-02 2.50e+03   1.79e-02 3.20e+00
        pdb=" CA  GLY A   2 "    0.007 2.00e-02 2.50e+03
        pdb=" N   GLY A   2 "   -0.031 2.00e-02 2.50e+03
        pdb=" H   GLY A   2 "    0.014 2.00e-02 2.50e+03
  ... (remaining 3 not shown)

  Histogram of nonbonded interaction distances:
        1.94 -     2.53: 21
        2.53 -     3.12: 61
        3.12 -     3.72: 75
        3.72 -     4.31: 57
        4.31 -     4.90: 91
  Nonbonded interactions: 305
  Sorted by model distance:
  nonbonded pdb=" O   GLY A   2 "
            pdb=" HXT GLY A   3 "
     model   vdw
     1.942 1.970
  nonbonded pdb=" H2  PHE A   1 "
            pdb=" HA  PHE A   1 "
     model   vdw
     1.966 1.816
  nonbonded pdb=" HA2 GLY A   2 "
            pdb=" H   GLY A   2 "
     model   vdw
     1.991 1.816
  nonbonded pdb=" O   PHE A   1 "
            pdb=" H   GLY A   3 "
     model   vdw
     2.073 1.970
  nonbonded pdb=" HA  PHE A   1 "
            pdb=" H   GLY A   2 "
     model   vdw
     2.093 2.270
  ... (remaining 300 not shown)

  NOTE: a complete listing of the restraints can be obtained by requesting
        output of .geo file.

                   ----------xray_structure summary----------                  

Number of scattering types: 4
  Type Number    sf(0)   Gaussians
   O       4      7.97       2
   N       3      6.97       2
   C      13      5.97       2
   H      17      1.00       2
  sf(0) = scattering factor at diffraction angle 0.
Number of scatterers: 37
At special positions: 0
Unit cell: (13.54, 12.837, 11.4, 90, 90, 90)
Space group: P 1 (No. 1)

End of input processing
r_work=0.4537 r_free=0.5411
params.data_weight: 0.0
params.restraints: qm
rmsd(b), start:  0.0928
mc:   0 R: 0.4010 rmsd(b):  0.0270 restraint_scale:  1.0 min_steps: 52
mc:   1 R: 0.3757 rmsd(b):  0.0265 restraint_scale:  1.0 min_steps: 54
mc:   2 R: 0.3755 rmsd(b):  0.0264 restraint_scale:  1.0 min_steps: 7
Convergence reached, stop now.
see the result structure:  ./p26/04_results/opt_qm/252_FGG55-new/0.6/9.pdb
Time: 114.9161
