phenix.python
you are importing  adaptive calculator, and it does nothing. Please give it energy, force....... 

============================== Collecting inputs ==============================


                   ----------Processing X-ray data----------                   

F-obs:
  /scratch/m_zhen01/31011.lupus.uni-muenster.de/p26/02_mtz/212_WGG14-new.mtz:F-obs
Miller array info: None
Observation type: xray.amplitude
Type of data: double, size=201
Type of sigmas: None
Number of Miller indices: 201
Anomalous flag: False
Unit cell: (12.294, 13.908, 11.688, 90, 90, 90)
Space group: P 1 (No. 1)
Systematic absences: 0
Centric reflections: 0
Resolution range: 3.93091 2.50228
Completeness in resolution range: 1
Completeness with d_max=infinity: 0.747212

Number of F-obs in resolution range:                   201
Number of F-obs<0 (these reflections will be rejected): 0
Number of F-obs=0 (these reflections will be used in refinement): 0
Refinement resolution range: d_max =   3.9309
                             d_min =   2.5023

R-free flags:
  /scratch/m_zhen01/31011.lupus.uni-muenster.de/p26/02_mtz/212_WGG14-new.mtz:R-free-flags
Miller array info: /scratch/m_zhen01/31011.lupus.uni-muenster.de/p26/02_mtz/212_WGG14-new.mtz:R-free-flags
Observation type: None
Type of data: int, size=201
Type of sigmas: None
Number of Miller indices: 201
Anomalous flag: False
Unit cell: (12.294, 13.908, 11.688, 90, 90, 90)
Space group: P 1 (No. 1)
Systematic absences: 0
Centric reflections: 0
Resolution range: 3.93091 2.50228
Completeness in resolution range: 1
Completeness with d_max=infinity: 0.747212
Wavelength: 1.0000

Test (R-free flags) flag value: 1

Number of work/free reflections by resolution:
                                  work free  %free
  bin  1: 3.9309 - 3.6132 [21/21]   20    1   4.8%
  bin  2: 3.6132 - 3.3783 [21/21]   21    0   0.0%
  bin  3: 3.3783 - 3.1946 [24/24]   20    4  16.7%
  bin  4: 3.1946 - 3.0453 [ 7/7 ]    7    0   0.0%
  bin  5: 3.0453 - 2.9205 [27/27]   27    0   0.0%
  bin  6: 2.9205 - 2.8139 [18/18]   16    2  11.1%
  bin  7: 2.8139 - 2.7214 [15/15]   15    0   0.0%
  bin  8: 2.7214 - 2.6399 [30/30]   30    0   0.0%
  bin  9: 2.6399 - 2.5674 [20/20]   20    0   0.0%
  bin 10: 2.5674 - 2.5023 [18/18]   18    0   0.0%
                          overall  194    7   3.5%

                   ----------Processing PDB file(s)----------                  

  Monomer Library directory:
    "/tmp1/m_zhen01/phenix-installer-1.10.1-2155-intel-linux-2.6-x86_64-centos5/phenix-1.10.1-2155/modules/chem_data/mon_lib"
  Total number of atoms: 41
  Number of models: 1
  Model: ""
    Number of chains: 1
    Chain: "A"
      Number of atoms: 41
      Number of conformers: 1
      Conformer: ""
        Number of residues, atoms: 3, 41
          Classifications: {'peptide': 3}
          Modifications used: {'NH2NOTPRO': 1, 'COOH': 1}
          Link IDs: {'TRANS': 2}
  Time building chain proxies: 0.08, per 1000 atoms: 1.95
  Number of scatterers: 41
  At special positions: 0
  Unit cell: (12.294, 13.908, 11.688, 90, 90, 90)
  Space group: P 1 (No. 1)
  Number of sites at special positions: 0
  Number of scattering types: 4
    Type Number    sf(0)
     O       4      8.00
     N       4      7.00
     C      15      6.00
     H      18      1.00
    sf(0) = scattering factor at diffraction angle 0.

  Number of disulfides: simple=0, symmetry=0

  Automatic linking
    Parameters for automatic linking
      Linking & cutoffs
        Metal                : False - 3.50
        Amimo acid           : False - 1.90
        Carbohydrate         : True  - 1.99
        Ligands              : True  - 1.99
        Amino acid - RNA/DNA : False
      
  Number of custom bonds: simple=0, symmetry=0
  Time building additional restraints: 0.03
  Conformation dependent library (CDL) restraints added in 2.5 milliseconds
  
  Adding C-beta torsion restraints...
  Number of C-beta restraints generated:  2
  Time building geometry restraints manager: 0.03 seconds

  NOTE: a complete listing of the restraints can be obtained by requesting
        output of .geo file.

  Histogram of bond lengths:
        0.84 -     0.98: 15
        0.98 -     1.12: 3
        1.12 -     1.26: 3
        1.26 -     1.40: 9
        1.40 -     1.54: 12
  Bond restraints: 42
  Sorted by residual:
  bond pdb=" CB  TRP A   1 "
       pdb=" HB2 TRP A   1 "
    ideal  model  delta    sigma   weight residual
    0.970  1.019 -0.049 2.00e-02 2.50e+03 5.97e+00
  bond pdb=" CA  GLY A   2 "
       pdb=" HA1 GLY A   2 "
    ideal  model  delta    sigma   weight residual
    0.970  0.922  0.048 2.00e-02 2.50e+03 5.74e+00
  bond pdb=" CA  GLY A   2 "
       pdb=" N   GLY A   2 "
    ideal  model  delta    sigma   weight residual
    1.449  1.421  0.029 1.45e-02 4.76e+03 3.88e+00
  bond pdb=" CH2 TRP A   1 "
       pdb=" CZ3 TRP A   1 "
    ideal  model  delta    sigma   weight residual
    1.400  1.445 -0.045 2.50e-02 1.60e+03 3.31e+00
  bond pdb=" C   TRP A   1 "
       pdb=" N   GLY A   2 "
    ideal  model  delta    sigma   weight residual
    1.331  1.309  0.022 1.46e-02 4.69e+03 2.21e+00
  ... (remaining 37 not shown)

  Histogram of bond angle deviations from ideal:
      100.95 -   107.27: 5
      107.27 -   113.59: 26
      113.59 -   119.92: 12
      119.92 -   126.24: 19
      126.24 -   132.56: 7
  Bond angle restraints: 69
  Sorted by residual:
  angle pdb=" O   TRP A   1 "
        pdb=" C   TRP A   1 "
        pdb=" N   GLY A   2 "
      ideal   model   delta    sigma   weight residual
     123.00  127.73   -4.73 1.60e+00 3.91e-01 8.76e+00
  angle pdb=" CA  TRP A   1 "
        pdb=" C   TRP A   1 "
        pdb=" N   GLY A   2 "
      ideal   model   delta    sigma   weight residual
     116.20  111.18    5.02 2.00e+00 2.50e-01 6.30e+00
  angle pdb=" HB1 TRP A   1 "
        pdb=" CB  TRP A   1 "
        pdb=" CG  TRP A   1 "
      ideal   model   delta    sigma   weight residual
     108.00  100.95    7.05 3.00e+00 1.11e-01 5.52e+00
  angle pdb=" C   GLY A   2 "
        pdb=" CA  GLY A   2 "
        pdb=" N   GLY A   2 "
      ideal   model   delta    sigma   weight residual
     113.18  108.22    4.96 2.37e+00 1.78e-01 4.38e+00
  angle pdb=" CA  TRP A   1 "
        pdb=" N   TRP A   1 "
        pdb=" H1  TRP A   1 "
      ideal   model   delta    sigma   weight residual
     109.47  115.35   -5.88 3.00e+00 1.11e-01 3.85e+00
  ... (remaining 64 not shown)

  Histogram of dihedral angle deviations from ideal:
        0.38 -    35.77: 13
       35.77 -    71.16: 0
       71.16 -   106.55: 0
      106.55 -   141.95: 0
      141.95 -   177.34: 1
  Dihedral angle restraints: 14
    sinusoidal: 3
      harmonic: 11
  Sorted by residual:
  dihedral pdb=" O   GLY A   3 "
           pdb=" C   GLY A   3 "
           pdb=" OXT GLY A   3 "
           pdb=" HXT GLY A   3 "
      ideal   model   delta  harmonic     sigma   weight residual
       0.00  177.34 -177.34     0      3.00e+01 1.11e-03 3.49e+01
  dihedral pdb=" CA  GLY A   2 "
           pdb=" C   GLY A   2 "
           pdb=" N   GLY A   3 "
           pdb=" CA  GLY A   3 "
      ideal   model   delta  harmonic     sigma   weight residual
     180.00  171.43    8.57     0      5.00e+00 4.00e-02 2.94e+00
  dihedral pdb=" CA  TRP A   1 "
           pdb=" CB  TRP A   1 "
           pdb=" CG  TRP A   1 "
           pdb=" CD1 TRP A   1 "
      ideal   model   delta sinusoidal    sigma   weight residual
     -90.00  -70.62  -19.38     2      2.00e+01 2.50e-03 1.32e+00
  ... (remaining 11 not shown)

  Histogram of chiral volume deviations from ideal:
       0.047 -    0.047: 1
       0.047 -    0.047: 0
       0.047 -    0.047: 0
       0.047 -    0.047: 0
       0.047 -    0.047: 0
  Chirality restraints: 1
  Sorted by residual:
  chirality pdb=" CA  TRP A   1 "
            pdb=" C   TRP A   1 "
            pdb=" N   TRP A   1 "
            pdb=" CB  TRP A   1 "
    both_signs  ideal   model   delta    sigma   weight residual
      False     -2.51   -2.46   -0.05 2.00e-01 2.50e+01 5.47e-02

  Planarity restraints: 6
  Sorted by residual:
                                 delta    sigma   weight rms_deltas residual
  plane pdb=" CB  TRP A   1 "    0.028 2.00e-02 2.50e+03   1.56e-02 9.72e+00
        pdb=" CG  TRP A   1 "   -0.017 2.00e-02 2.50e+03
        pdb=" CD1 TRP A   1 "   -0.014 2.00e-02 2.50e+03
        pdb=" HD1 TRP A   1 "   -0.024 2.00e-02 2.50e+03
        pdb=" NE1 TRP A   1 "    0.013 2.00e-02 2.50e+03
        pdb=" HE1 TRP A   1 "    0.002 2.00e-02 2.50e+03
        pdb=" CE2 TRP A   1 "    0.025 2.00e-02 2.50e+03
        pdb=" CZ2 TRP A   1 "    0.006 2.00e-02 2.50e+03
        pdb=" HZ2 TRP A   1 "    0.002 2.00e-02 2.50e+03
        pdb=" CH2 TRP A   1 "   -0.003 2.00e-02 2.50e+03
        pdb=" HH2 TRP A   1 "    0.005 2.00e-02 2.50e+03
        pdb=" CZ3 TRP A   1 "   -0.013 2.00e-02 2.50e+03
        pdb=" HZ3 TRP A   1 "   -0.014 2.00e-02 2.50e+03
        pdb=" CE3 TRP A   1 "   -0.017 2.00e-02 2.50e+03
        pdb=" HE3 TRP A   1 "    0.022 2.00e-02 2.50e+03
        pdb=" CD2 TRP A   1 "   -0.003 2.00e-02 2.50e+03
                                 delta    sigma   weight rms_deltas residual
  plane pdb=" O   GLY A   3 "    0.008 2.00e-02 2.50e+03   1.64e-02 3.37e+00
        pdb=" C   GLY A   3 "    0.006 2.00e-02 2.50e+03
        pdb=" OXT GLY A   3 "   -0.027 2.00e-02 2.50e+03
        pdb=" HXT GLY A   3 "    0.021 2.00e-02 2.50e+03
        pdb=" CA  GLY A   3 "   -0.009 2.00e-02 2.50e+03
                                 delta    sigma   weight rms_deltas residual
  plane pdb=" C   TRP A   1 "   -0.025 2.00e-02 2.50e+03   1.43e-02 2.05e+00
        pdb=" O   TRP A   1 "    0.010 2.00e-02 2.50e+03
        pdb=" CA  TRP A   1 "    0.007 2.00e-02 2.50e+03
        pdb=" N   GLY A   2 "    0.008 2.00e-02 2.50e+03
  ... (remaining 3 not shown)

  Histogram of nonbonded interaction distances:
        1.78 -     2.40: 14
        2.40 -     3.02: 56
        3.02 -     3.64: 57
        3.64 -     4.26: 86
        4.26 -     4.88: 119
  Nonbonded interactions: 332
  Sorted by model distance:
  nonbonded pdb=" H1  TRP A   1 "
            pdb=" H   GLY A   2 "
     model   vdw
     1.776 2.100
  nonbonded pdb=" HA  TRP A   1 "
            pdb=" H2  TRP A   1 "
     model   vdw
     2.153 1.816
  nonbonded pdb=" HXT GLY A   3 "
            pdb=" HA1 GLY A   3 "
     model   vdw
     2.200 2.270
  nonbonded pdb=" HA  TRP A   1 "
            pdb=" HB1 TRP A   1 "
     model   vdw
     2.267 1.952
  nonbonded pdb=" O   GLY A   3 "
            pdb=" H   GLY A   3 "
     model   vdw
     2.279 1.970
  ... (remaining 327 not shown)

  NOTE: a complete listing of the restraints can be obtained by requesting
        output of .geo file.

                   ----------xray_structure summary----------                  

Number of scattering types: 4
  Type Number    sf(0)   Gaussians
   O       4      7.97       2
   N       4      6.97       2
   C      15      5.97       2
   H      18      1.00       2
  sf(0) = scattering factor at diffraction angle 0.
Number of scatterers: 41
At special positions: 0
Unit cell: (12.294, 13.908, 11.688, 90, 90, 90)
Space group: P 1 (No. 1)

End of input processing
r_work=0.4656 r_free=0.1795
params.data_weight: None
params.restraints: qm
rmsd(b), start:  0.0868
mc:   0 R: 0.0583 rmsd(b):  0.2064 restraint_scale:  2.0 min_steps: 31
mc:   1 R: 0.0566 rmsd(b):  0.2334 restraint_scale:  4.0 min_steps: 16
mc:   2 R: 0.0534 rmsd(b):  0.2130 restraint_scale:  8.0 min_steps: 10
mc:   3 R: 0.0467 rmsd(b):  0.2154 restraint_scale: 16.0 min_steps: 18
mc:   4 R: 0.0425 rmsd(b):  0.2150 restraint_scale: 32.0 min_steps: 5
mc:   5 R: 0.0476 rmsd(b):  0.2213 restraint_scale: 64.0 min_steps: 12
mc:   6 R: 0.0433 rmsd(b):  0.2085 restraint_scale: 128.0 min_steps: 17
mc:   7 R: 0.0456 rmsd(b):  0.2128 restraint_scale: 256.0 min_steps: 27
mc:   8 R: 0.0406 rmsd(b):  0.2100 restraint_scale: 512.0 min_steps: 12
mc:   9 R: 0.0541 rmsd(b):  0.2164 restraint_scale: 1024.0 min_steps: 19
mc:  10 R: 0.0541 rmsd(b):  0.2164 restraint_scale: 2048.0 min_steps: 5
Convergence reached, stop now.
see the result structure:  ./p26/04_results/refine_qm/212_WGG14-new/0.9/8.pdb
Time: 349.9131
