phenix.python
you are importing  adaptive calculator, and it does nothing. Please give it energy, force....... 

============================== Collecting inputs ==============================


                   ----------Processing X-ray data----------                   

F-obs:
  /scratch/m_zhen01/31011.lupus.uni-muenster.de/p26/02_mtz/204_WG04-new.mtz:F-obs
Miller array info: None
Observation type: xray.amplitude
Type of data: double, size=193
Type of sigmas: None
Number of Miller indices: 193
Anomalous flag: False
Unit cell: (9.785, 13.624, 14.786, 90, 90, 90)
Space group: P 1 (No. 1)
Systematic absences: 0
Centric reflections: 0
Resolution range: 3.99309 2.50482
Completeness in resolution range: 1
Completeness with d_max=infinity: 0.756863

Number of F-obs in resolution range:                   193
Number of F-obs<0 (these reflections will be rejected): 0
Number of F-obs=0 (these reflections will be used in refinement): 0
Refinement resolution range: d_max =   3.9931
                             d_min =   2.5048

R-free flags:
  /scratch/m_zhen01/31011.lupus.uni-muenster.de/p26/02_mtz/204_WG04-new.mtz:R-free-flags
Miller array info: /scratch/m_zhen01/31011.lupus.uni-muenster.de/p26/02_mtz/204_WG04-new.mtz:R-free-flags
Observation type: None
Type of data: int, size=193
Type of sigmas: None
Number of Miller indices: 193
Anomalous flag: False
Unit cell: (9.785, 13.624, 14.786, 90, 90, 90)
Space group: P 1 (No. 1)
Systematic absences: 0
Centric reflections: 0
Resolution range: 3.99309 2.50482
Completeness in resolution range: 1
Completeness with d_max=infinity: 0.756863
Wavelength: 1.0000

Test (R-free flags) flag value: 1

Number of work/free reflections by resolution:
                                  work free  %free
  bin  1: 3.9931 - 3.6539 [23/23]   23    0   0.0%
  bin  2: 3.6539 - 3.4068 [14/14]   12    2  14.3%
  bin  3: 3.4068 - 3.2153 [24/24]   22    2   8.3%
  bin  4: 3.2153 - 3.0607 [26/26]   26    0   0.0%
  bin  5: 3.0607 - 2.9321 [15/15]   15    0   0.0%
  bin  6: 2.9321 - 2.8228 [18/18]   18    0   0.0%
  bin  7: 2.8228 - 2.7281 [24/24]   20    4  16.7%
  bin  8: 2.7281 - 2.6449 [21/21]   21    0   0.0%
  bin  9: 2.6449 - 2.5711 [18/18]   18    0   0.0%
  bin 10: 2.5711 - 2.5048 [10/10]   10    0   0.0%
                          overall  185    8   4.1%

                   ----------Processing PDB file(s)----------                  

  Monomer Library directory:
    "/tmp1/m_zhen01/phenix-installer-1.10.1-2155-intel-linux-2.6-x86_64-centos5/phenix-1.10.1-2155/modules/chem_data/mon_lib"
  Total number of atoms: 34
  Number of models: 1
  Model: ""
    Number of chains: 1
    Chain: "A"
      Number of atoms: 34
      Number of conformers: 1
      Conformer: ""
        Number of residues, atoms: 2, 34
          Classifications: {'peptide': 2}
          Modifications used: {'NH2NOTPRO': 1, 'COOH': 1}
          Link IDs: {'TRANS': 1}
  Time building chain proxies: 0.08, per 1000 atoms: 2.35
  Number of scatterers: 34
  At special positions: 0
  Unit cell: (9.785, 13.624, 14.786, 90, 90, 90)
  Space group: P 1 (No. 1)
  Number of sites at special positions: 0
  Number of scattering types: 4
    Type Number    sf(0)
     O       3      8.00
     N       3      7.00
     C      13      6.00
     H      15      1.00
    sf(0) = scattering factor at diffraction angle 0.

  Number of disulfides: simple=0, symmetry=0

  Automatic linking
    Parameters for automatic linking
      Linking & cutoffs
        Metal                : False - 3.50
        Amimo acid           : False - 1.90
        Carbohydrate         : True  - 1.99
        Ligands              : True  - 1.99
        Amino acid - RNA/DNA : False
      
  Number of custom bonds: simple=0, symmetry=0
  Time building additional restraints: 0.02
  Conformation dependent library (CDL) restraints added in 428.9 microseconds
  
  Adding C-beta torsion restraints...
  Number of C-beta restraints generated:  2
  Time building geometry restraints manager: 0.03 seconds

  NOTE: a complete listing of the restraints can be obtained by requesting
        output of .geo file.

  Histogram of bond lengths:
        0.84 -     0.99: 14
        0.99 -     1.13: 1
        1.13 -     1.27: 2
        1.27 -     1.41: 11
        1.41 -     1.56: 7
  Bond restraints: 35
  Sorted by residual:
  bond pdb=" CB  TRP A   1 "
       pdb=" HB1 TRP A   1 "
    ideal  model  delta    sigma   weight residual
    0.970  0.916  0.054 2.00e-02 2.50e+03 7.16e+00
  bond pdb=" CG  TRP A   1 "
       pdb=" CD2 TRP A   1 "
    ideal  model  delta    sigma   weight residual
    1.433  1.462 -0.029 1.80e-02 3.09e+03 2.56e+00
  bond pdb=" C   TRP A   1 "
       pdb=" CA  TRP A   1 "
    ideal  model  delta    sigma   weight residual
    1.525  1.557 -0.032 2.10e-02 2.27e+03 2.26e+00
  bond pdb=" N   TRP A   1 "
       pdb=" H1  TRP A   1 "
    ideal  model  delta    sigma   weight residual
    0.960  0.988 -0.028 2.00e-02 2.50e+03 1.96e+00
  bond pdb=" CB  TRP A   1 "
       pdb=" HB2 TRP A   1 "
    ideal  model  delta    sigma   weight residual
    0.970  0.944  0.026 2.00e-02 2.50e+03 1.72e+00
  ... (remaining 30 not shown)

  Histogram of bond angle deviations from ideal:
      105.76 -   111.62: 23
      111.62 -   117.49: 7
      117.49 -   123.35: 18
      123.35 -   129.21: 8
      129.21 -   135.07: 1
  Bond angle restraints: 57
  Sorted by residual:
  angle pdb=" H1  TRP A   1 "
        pdb=" N   TRP A   1 "
        pdb=" H2  TRP A   1 "
      ideal   model   delta    sigma   weight residual
     109.47  114.09   -4.62 3.00e+00 1.11e-01 2.37e+00
  angle pdb=" CB  TRP A   1 "
        pdb=" CG  TRP A   1 "
        pdb=" CD2 TRP A   1 "
      ideal   model   delta    sigma   weight residual
     126.80  128.55   -1.75 1.40e+00 5.10e-01 1.56e+00
  angle pdb=" CA  TRP A   1 "
        pdb=" CB  TRP A   1 "
        pdb=" CG  TRP A   1 "
      ideal   model   delta    sigma   weight residual
     113.60  111.27    2.33 1.90e+00 2.77e-01 1.50e+00
  angle pdb=" NE1 TRP A   1 "
        pdb=" CE2 TRP A   1 "
        pdb=" CD2 TRP A   1 "
      ideal   model   delta    sigma   weight residual
     107.40  108.94   -1.54 1.30e+00 5.92e-01 1.41e+00
  angle pdb=" C   TRP A   1 "
        pdb=" N   GLY A   2 "
        pdb=" CA  GLY A   2 "
      ideal   model   delta    sigma   weight residual
     121.70  119.58    2.12 1.80e+00 3.09e-01 1.39e+00
  ... (remaining 52 not shown)

  Histogram of dihedral angle deviations from ideal:
        0.55 -    35.78: 11
       35.78 -    71.01: 0
       71.01 -   106.24: 1
      106.24 -   141.47: 0
      141.47 -   176.70: 1
  Dihedral angle restraints: 13
    sinusoidal: 3
      harmonic: 10
  Sorted by residual:
  dihedral pdb=" O   GLY A   2 "
           pdb=" OXT GLY A   2 "
           pdb=" C   GLY A   2 "
           pdb=" HXT GLY A   2 "
      ideal   model   delta  harmonic     sigma   weight residual
       0.00  176.70 -176.70     0      3.00e+01 1.11e-03 3.47e+01
  dihedral pdb=" OXT GLY A   2 "
           pdb=" C   GLY A   2 "
           pdb=" CA  GLY A   2 "
           pdb=" N   GLY A   2 "
      ideal   model   delta sinusoidal    sigma   weight residual
     160.00   86.29   73.71     2      3.00e+01 1.11e-03 4.91e+00
  dihedral pdb=" CA  TRP A   1 "
           pdb=" C   TRP A   1 "
           pdb=" N   GLY A   2 "
           pdb=" CA  GLY A   2 "
      ideal   model   delta  harmonic     sigma   weight residual
     180.00  175.04    4.96     0      5.00e+00 4.00e-02 9.86e-01
  ... (remaining 10 not shown)

  Histogram of chiral volume deviations from ideal:
       0.141 -    0.141: 1
       0.141 -    0.141: 0
       0.141 -    0.141: 0
       0.141 -    0.141: 0
       0.141 -    0.141: 0
  Chirality restraints: 1
  Sorted by residual:
  chirality pdb=" CA  TRP A   1 "
            pdb=" C   TRP A   1 "
            pdb=" N   TRP A   1 "
            pdb=" CB  TRP A   1 "
    both_signs  ideal   model   delta    sigma   weight residual
      False     -2.51   -2.65    0.14 2.00e-01 2.50e+01 4.97e-01

  Planarity restraints: 4
  Sorted by residual:
                                 delta    sigma   weight rms_deltas residual
  plane pdb=" CB  TRP A   1 "   -0.015 2.00e-02 2.50e+03   1.00e-02 4.00e+00
        pdb=" CG  TRP A   1 "    0.008 2.00e-02 2.50e+03
        pdb=" CD1 TRP A   1 "   -0.012 2.00e-02 2.50e+03
        pdb=" HD1 TRP A   1 "    0.002 2.00e-02 2.50e+03
        pdb=" NE1 TRP A   1 "    0.010 2.00e-02 2.50e+03
        pdb=" HE1 TRP A   1 "    0.019 2.00e-02 2.50e+03
        pdb=" CE2 TRP A   1 "   -0.004 2.00e-02 2.50e+03
        pdb=" CZ2 TRP A   1 "    0.000 2.00e-02 2.50e+03
        pdb=" HZ2 TRP A   1 "   -0.015 2.00e-02 2.50e+03
        pdb=" CH2 TRP A   1 "   -0.009 2.00e-02 2.50e+03
        pdb=" HH2 TRP A   1 "    0.002 2.00e-02 2.50e+03
        pdb=" CZ3 TRP A   1 "   -0.002 2.00e-02 2.50e+03
        pdb=" HZ3 TRP A   1 "    0.010 2.00e-02 2.50e+03
        pdb=" CE3 TRP A   1 "   -0.005 2.00e-02 2.50e+03
        pdb=" HE3 TRP A   1 "    0.015 2.00e-02 2.50e+03
        pdb=" CD2 TRP A   1 "   -0.005 2.00e-02 2.50e+03
                                 delta    sigma   weight rms_deltas residual
  plane pdb=" C   TRP A   1 "   -0.010 2.00e-02 2.50e+03   1.86e-02 3.46e+00
        pdb=" CA  GLY A   2 "   -0.008 2.00e-02 2.50e+03
        pdb=" N   GLY A   2 "    0.032 2.00e-02 2.50e+03
        pdb=" H   GLY A   2 "   -0.014 2.00e-02 2.50e+03
                                 delta    sigma   weight rms_deltas residual
  plane pdb=" OXT GLY A   2 "    0.026 2.00e-02 2.50e+03   1.62e-02 3.30e+00
        pdb=" C   GLY A   2 "   -0.001 2.00e-02 2.50e+03
        pdb=" O   GLY A   2 "   -0.010 2.00e-02 2.50e+03
        pdb=" HXT GLY A   2 "   -0.022 2.00e-02 2.50e+03
        pdb=" CA  GLY A   2 "    0.007 2.00e-02 2.50e+03
  ... (remaining 1 not shown)

  Histogram of nonbonded interaction distances:
        1.91 -     2.50: 19
        2.50 -     3.10: 45
        3.10 -     3.70: 71
        3.70 -     4.30: 60
        4.30 -     4.90: 71
  Nonbonded interactions: 266
  Sorted by model distance:
  nonbonded pdb=" H1  TRP A   1 "
            pdb=" H   GLY A   2 "
     model   vdw
     1.906 2.100
  nonbonded pdb=" HA  TRP A   1 "
            pdb=" H2  TRP A   1 "
     model   vdw
     2.107 1.816
  nonbonded pdb=" HA2 GLY A   2 "
            pdb=" H   GLY A   2 "
     model   vdw
     2.166 1.816
  nonbonded pdb=" HXT GLY A   2 "
            pdb=" HA1 GLY A   2 "
     model   vdw
     2.179 2.270
  nonbonded pdb=" H2  TRP A   1 "
            pdb=" HB1 TRP A   1 "
     model   vdw
     2.231 2.270
  ... (remaining 261 not shown)

  NOTE: a complete listing of the restraints can be obtained by requesting
        output of .geo file.

                   ----------xray_structure summary----------                  

Number of scattering types: 4
  Type Number    sf(0)   Gaussians
   O       3      7.97       2
   N       3      6.97       2
   C      13      5.97       2
   H      15      1.00       2
  sf(0) = scattering factor at diffraction angle 0.
Number of scatterers: 34
At special positions: 0
Unit cell: (9.785, 13.624, 14.786, 90, 90, 90)
Space group: P 1 (No. 1)

End of input processing
r_work=0.2634 r_free=0.1214
params.data_weight: None
params.restraints: qm
rmsd(b), start:  0.0904
mc:   0 R: 0.0854 rmsd(b):  0.0477 restraint_scale:  2.0 min_steps: 31
mc:   1 R: 0.0263 rmsd(b):  0.0202 restraint_scale:  2.0 min_steps: 21
mc:   2 R: 0.0096 rmsd(b):  0.0180 restraint_scale:  2.0 min_steps: 25
mc:   3 R: 0.0064 rmsd(b):  0.0174 restraint_scale:  2.0 min_steps: 9
mc:   4 R: 0.0058 rmsd(b):  0.0176 restraint_scale:  2.0 min_steps: 6
Convergence reached, stop now.
see the result structure:  ./p26/04_results/refine_qm/204_WG04-new/0.3/6.pdb
Time: 168.2884
