phenix.python
you are importing  adaptive calculator, and it does nothing. Please give it energy, force....... 

============================== Collecting inputs ==============================


                   ----------Processing X-ray data----------                   

F-obs:
  /scratch/m_zhen01/31011.lupus.uni-muenster.de/p26/02_mtz/200_WG13-new.mtz:F-obs
Miller array info: None
Observation type: xray.amplitude
Type of data: double, size=182
Type of sigmas: None
Number of Miller indices: 182
Anomalous flag: False
Unit cell: (12.646, 10.326, 13.899, 90, 90, 90)
Space group: P 1 (No. 1)
Systematic absences: 0
Centric reflections: 0
Resolution range: 3.99915 2.51363
Completeness in resolution range: 1
Completeness with d_max=infinity: 0.752066

Number of F-obs in resolution range:                   182
Number of F-obs<0 (these reflections will be rejected): 0
Number of F-obs=0 (these reflections will be used in refinement): 0
Refinement resolution range: d_max =   3.9992
                             d_min =   2.5136

R-free flags:
  /scratch/m_zhen01/31011.lupus.uni-muenster.de/p26/02_mtz/200_WG13-new.mtz:R-free-flags
Miller array info: /scratch/m_zhen01/31011.lupus.uni-muenster.de/p26/02_mtz/200_WG13-new.mtz:R-free-flags
Observation type: None
Type of data: int, size=182
Type of sigmas: None
Number of Miller indices: 182
Anomalous flag: False
Unit cell: (12.646, 10.326, 13.899, 90, 90, 90)
Space group: P 1 (No. 1)
Systematic absences: 0
Centric reflections: 0
Resolution range: 3.99915 2.51363
Completeness in resolution range: 1
Completeness with d_max=infinity: 0.752066
Wavelength: 1.0000

Test (R-free flags) flag value: 1

Number of work/free reflections by resolution:
                                  work free  %free
  bin  1: 3.9992 - 3.6617 [18/18]   16    2  11.1%
  bin  2: 3.6617 - 3.4154 [14/14]   14    0   0.0%
  bin  3: 3.4154 - 3.2243 [22/22]   20    2   9.1%
  bin  4: 3.2243 - 3.0698 [15/15]   15    0   0.0%
  bin  5: 3.0698 - 2.9413 [30/30]   28    2   6.7%
  bin  6: 2.9413 - 2.8319 [ 8/8 ]    8    0   0.0%
  bin  7: 2.8319 - 2.7371 [15/15]   15    0   0.0%
  bin  8: 2.7371 - 2.6539 [18/18]   16    2  11.1%
  bin  9: 2.6539 - 2.5800 [23/23]   23    0   0.0%
  bin 10: 2.5800 - 2.5136 [19/19]   19    0   0.0%
                          overall  174    8   4.4%

                   ----------Processing PDB file(s)----------                  

  Monomer Library directory:
    "/tmp1/m_zhen01/phenix-installer-1.10.1-2155-intel-linux-2.6-x86_64-centos5/phenix-1.10.1-2155/modules/chem_data/mon_lib"
  Total number of atoms: 34
  Number of models: 1
  Model: ""
    Number of chains: 1
    Chain: "A"
      Number of atoms: 34
      Number of conformers: 1
      Conformer: ""
        Number of residues, atoms: 2, 34
          Classifications: {'peptide': 2}
          Modifications used: {'NH2NOTPRO': 1, 'COOH': 1}
          Link IDs: {'TRANS': 1}
  Time building chain proxies: 0.08, per 1000 atoms: 2.35
  Number of scatterers: 34
  At special positions: 0
  Unit cell: (12.646, 10.326, 13.899, 90, 90, 90)
  Space group: P 1 (No. 1)
  Number of sites at special positions: 0
  Number of scattering types: 4
    Type Number    sf(0)
     O       3      8.00
     N       3      7.00
     C      13      6.00
     H      15      1.00
    sf(0) = scattering factor at diffraction angle 0.

  Number of disulfides: simple=0, symmetry=0

  Automatic linking
    Parameters for automatic linking
      Linking & cutoffs
        Metal                : False - 3.50
        Amimo acid           : False - 1.90
        Carbohydrate         : True  - 1.99
        Ligands              : True  - 1.99
        Amino acid - RNA/DNA : False
      
  Number of custom bonds: simple=0, symmetry=0
  Time building additional restraints: 0.02
  Conformation dependent library (CDL) restraints added in 510.9 microseconds
  
  Adding C-beta torsion restraints...
  Number of C-beta restraints generated:  2
  Time building geometry restraints manager: 0.03 seconds

  NOTE: a complete listing of the restraints can be obtained by requesting
        output of .geo file.

  Histogram of bond lengths:
        0.80 -     0.95: 8
        0.95 -     1.09: 7
        1.09 -     1.24: 2
        1.24 -     1.39: 6
        1.39 -     1.54: 12
  Bond restraints: 35
  Sorted by residual:
  bond pdb=" N   GLY A   2 "
       pdb=" H   GLY A   2 "
    ideal  model  delta    sigma   weight residual
    0.860  0.799  0.061 2.00e-02 2.50e+03 9.43e+00
  bond pdb=" C   TRP A   1 "
       pdb=" N   GLY A   2 "
    ideal  model  delta    sigma   weight residual
    1.329  1.296  0.033 1.40e-02 5.10e+03 5.55e+00
  bond pdb=" CB  TRP A   1 "
       pdb=" HB2 TRP A   1 "
    ideal  model  delta    sigma   weight residual
    0.970  1.013 -0.043 2.00e-02 2.50e+03 4.53e+00
  bond pdb=" NE1 TRP A   1 "
       pdb=" HE1 TRP A   1 "
    ideal  model  delta    sigma   weight residual
    0.860  0.823  0.037 2.00e-02 2.50e+03 3.43e+00
  bond pdb=" CH2 TRP A   1 "
       pdb=" CZ3 TRP A   1 "
    ideal  model  delta    sigma   weight residual
    1.400  1.445 -0.045 2.50e-02 1.60e+03 3.19e+00
  ... (remaining 30 not shown)

  Histogram of bond angle deviations from ideal:
      101.25 -   107.53: 6
      107.53 -   113.80: 18
      113.80 -   120.07: 15
      120.07 -   126.35: 13
      126.35 -   132.62: 5
  Bond angle restraints: 57
  Sorted by residual:
  angle pdb=" O   TRP A   1 "
        pdb=" C   TRP A   1 "
        pdb=" N   GLY A   2 "
      ideal   model   delta    sigma   weight residual
     123.00  119.36    3.64 1.60e+00 3.91e-01 5.18e+00
  angle pdb=" HB2 TRP A   1 "
        pdb=" CB  TRP A   1 "
        pdb=" CG  TRP A   1 "
      ideal   model   delta    sigma   weight residual
     108.00  101.25    6.75 3.00e+00 1.11e-01 5.06e+00
  angle pdb=" C   TRP A   1 "
        pdb=" N   GLY A   2 "
        pdb=" CA  GLY A   2 "
      ideal   model   delta    sigma   weight residual
     121.70  118.55    3.15 1.80e+00 3.09e-01 3.06e+00
  angle pdb=" C   TRP A   1 "
        pdb=" N   GLY A   2 "
        pdb=" H   GLY A   2 "
      ideal   model   delta    sigma   weight residual
     124.30  129.40   -5.10 3.00e+00 1.11e-01 2.89e+00
  angle pdb=" O   TRP A   1 "
        pdb=" C   TRP A   1 "
        pdb=" CA  TRP A   1 "
      ideal   model   delta    sigma   weight residual
     120.80  123.53   -2.73 1.70e+00 3.46e-01 2.58e+00
  ... (remaining 52 not shown)

  Histogram of dihedral angle deviations from ideal:
        0.09 -     2.95: 9
        2.95 -     5.82: 2
        5.82 -     8.68: 0
        8.68 -    11.54: 1
       11.54 -    14.40: 1
  Dihedral angle restraints: 13
    sinusoidal: 3
      harmonic: 10
  Sorted by residual:
  dihedral pdb=" CB  TRP A   1 "
           pdb=" CG  TRP A   1 "
           pdb=" CD1 TRP A   1 "
           pdb=" HD1 TRP A   1 "
      ideal   model   delta  harmonic     sigma   weight residual
       0.00    4.56   -4.56     0      5.00e+00 4.00e-02 8.31e-01
  dihedral pdb=" CA  TRP A   1 "
           pdb=" CB  TRP A   1 "
           pdb=" CG  TRP A   1 "
           pdb=" CD1 TRP A   1 "
      ideal   model   delta sinusoidal    sigma   weight residual
     -90.00  -79.51  -10.49     2      2.00e+01 2.50e-03 3.98e-01
  dihedral pdb=" OXT GLY A   2 "
           pdb=" C   GLY A   2 "
           pdb=" CA  GLY A   2 "
           pdb=" N   GLY A   2 "
      ideal   model   delta sinusoidal    sigma   weight residual
     160.00  145.60   14.40     2      3.00e+01 1.11e-03 3.30e-01
  ... (remaining 10 not shown)

  Histogram of chiral volume deviations from ideal:
       0.009 -    0.009: 1
       0.009 -    0.009: 0
       0.009 -    0.009: 0
       0.009 -    0.009: 0
       0.009 -    0.009: 0
  Chirality restraints: 1
  Sorted by residual:
  chirality pdb=" CA  TRP A   1 "
            pdb=" C   TRP A   1 "
            pdb=" N   TRP A   1 "
            pdb=" CB  TRP A   1 "
    both_signs  ideal   model   delta    sigma   weight residual
      False     -2.51   -2.50   -0.01 2.00e-01 2.50e+01 1.84e-03

  Planarity restraints: 4
  Sorted by residual:
                                 delta    sigma   weight rms_deltas residual
  plane pdb=" CB  TRP A   1 "    0.010 2.00e-02 2.50e+03   2.08e-02 1.73e+01
        pdb=" CG  TRP A   1 "   -0.048 2.00e-02 2.50e+03
        pdb=" CD1 TRP A   1 "    0.009 2.00e-02 2.50e+03
        pdb=" HD1 TRP A   1 "    0.031 2.00e-02 2.50e+03
        pdb=" NE1 TRP A   1 "    0.002 2.00e-02 2.50e+03
        pdb=" HE1 TRP A   1 "    0.011 2.00e-02 2.50e+03
        pdb=" CE2 TRP A   1 "   -0.009 2.00e-02 2.50e+03
        pdb=" CZ2 TRP A   1 "   -0.002 2.00e-02 2.50e+03
        pdb=" HZ2 TRP A   1 "   -0.035 2.00e-02 2.50e+03
        pdb=" CH2 TRP A   1 "    0.020 2.00e-02 2.50e+03
        pdb=" HH2 TRP A   1 "    0.001 2.00e-02 2.50e+03
        pdb=" CZ3 TRP A   1 "    0.018 2.00e-02 2.50e+03
        pdb=" HZ3 TRP A   1 "    0.021 2.00e-02 2.50e+03
        pdb=" CE3 TRP A   1 "    0.002 2.00e-02 2.50e+03
        pdb=" HE3 TRP A   1 "   -0.027 2.00e-02 2.50e+03
        pdb=" CD2 TRP A   1 "   -0.005 2.00e-02 2.50e+03
                                 delta    sigma   weight rms_deltas residual
  plane pdb=" O   GLY A   2 "    0.003 2.00e-02 2.50e+03   4.20e-03 2.21e-01
        pdb=" C   GLY A   2 "   -0.008 2.00e-02 2.50e+03
        pdb=" OXT GLY A   2 "    0.000 2.00e-02 2.50e+03
        pdb=" HXT GLY A   2 "    0.002 2.00e-02 2.50e+03
        pdb=" CA  GLY A   2 "    0.003 2.00e-02 2.50e+03
                                 delta    sigma   weight rms_deltas residual
  plane pdb=" C   TRP A   1 "    0.005 2.00e-02 2.50e+03   2.82e-03 7.97e-02
        pdb=" O   TRP A   1 "   -0.002 2.00e-02 2.50e+03
        pdb=" CA  TRP A   1 "   -0.001 2.00e-02 2.50e+03
        pdb=" N   GLY A   2 "   -0.002 2.00e-02 2.50e+03
  ... (remaining 1 not shown)

  Histogram of nonbonded interaction distances:
        1.63 -     2.28: 5
        2.28 -     2.92: 41
        2.92 -     3.57: 56
        3.57 -     4.22: 74
        4.22 -     4.87: 74
  Nonbonded interactions: 250
  Sorted by model distance:
  nonbonded pdb=" HA  TRP A   1 "
            pdb=" H2  TRP A   1 "
     model   vdw
     1.629 1.816
  nonbonded pdb=" H2  TRP A   1 "
            pdb=" HB1 TRP A   1 "
     model   vdw
     2.018 2.270
  nonbonded pdb=" H2  TRP A   1 "
            pdb=" CB  TRP A   1 "
     model   vdw
     2.130 2.376
  nonbonded pdb=" HA  TRP A   1 "
            pdb=" H1  TRP A   1 "
     model   vdw
     2.203 1.816
  nonbonded pdb=" HZ3 TRP A   1 "
            pdb=" HE3 TRP A   1 "
     model   vdw
     2.213 1.680
  ... (remaining 245 not shown)

  NOTE: a complete listing of the restraints can be obtained by requesting
        output of .geo file.

                   ----------xray_structure summary----------                  

Number of scattering types: 4
  Type Number    sf(0)   Gaussians
   O       3      7.97       2
   N       3      6.97       2
   C      13      5.97       2
   H      15      1.00       2
  sf(0) = scattering factor at diffraction angle 0.
Number of scatterers: 34
At special positions: 0
Unit cell: (12.646, 10.326, 13.899, 90, 90, 90)
Space group: P 1 (No. 1)

End of input processing
r_work=0.4506 r_free=0.7223
params.data_weight: None
params.restraints: qm
rmsd(b), start:  0.0918
mc:   0 R: 0.2183 rmsd(b):  0.1120 restraint_scale:  2.0 min_steps: 48
mc:   1 R: 0.0512 rmsd(b):  0.0381 restraint_scale:  4.0 min_steps: 43
mc:   2 R: 0.0151 rmsd(b):  0.0268 restraint_scale:  4.0 min_steps: 23
mc:   3 R: 0.0084 rmsd(b):  0.0269 restraint_scale:  4.0 min_steps: 27
mc:   4 R: 0.0084 rmsd(b):  0.0271 restraint_scale:  4.0 min_steps: 15
Convergence reached, stop now.
see the result structure:  ./p26/04_results/refine_qm/200_WG13-new/0.6/1.pdb
Time: 221.4191
