phenix.python
you are importing  adaptive calculator, and it does nothing. Please give it energy, force....... 

============================== Collecting inputs ==============================


                   ----------Processing X-ray data----------                   

F-obs:
  /scratch/m_zhen01/30994.lupus.uni-muenster.de/p26/02_mtz/248_GFA01-new.mtz:F-obs
Miller array info: None
Observation type: xray.amplitude
Type of data: double, size=227
Type of sigmas: None
Number of Miller indices: 227
Anomalous flag: False
Unit cell: (9.958, 13.159, 16.81, 90, 90, 90)
Space group: P 1 (No. 1)
Systematic absences: 0
Centric reflections: 0
Resolution range: 3.97031 2.50701
Completeness in resolution range: 1
Completeness with d_max=infinity: 0.761745

Number of F-obs in resolution range:                   227
Number of F-obs<0 (these reflections will be rejected): 0
Number of F-obs=0 (these reflections will be used in refinement): 0
Refinement resolution range: d_max =   3.9703
                             d_min =   2.5070

R-free flags:
  /scratch/m_zhen01/30994.lupus.uni-muenster.de/p26/02_mtz/248_GFA01-new.mtz:R-free-flags
Miller array info: /scratch/m_zhen01/30994.lupus.uni-muenster.de/p26/02_mtz/248_GFA01-new.mtz:R-free-flags
Observation type: None
Type of data: int, size=227
Type of sigmas: None
Number of Miller indices: 227
Anomalous flag: False
Unit cell: (9.958, 13.159, 16.81, 90, 90, 90)
Space group: P 1 (No. 1)
Systematic absences: 0
Centric reflections: 0
Resolution range: 3.97031 2.50701
Completeness in resolution range: 1
Completeness with d_max=infinity: 0.761745
Wavelength: 1.0000

Test (R-free flags) flag value: 1

Number of work/free reflections by resolution:
                                  work free  %free
  bin  1: 3.9703 - 3.6405 [24/24]   22    2   8.3%
  bin  2: 3.6405 - 3.3985 [16/16]   16    0   0.0%
  bin  3: 3.3985 - 3.2103 [31/31]   27    4  12.9%
  bin  4: 3.2103 - 3.0579 [28/28]   28    0   0.0%
  bin  5: 3.0579 - 2.9308 [10/10]   10    0   0.0%
  bin  6: 2.9308 - 2.8226 [28/28]   28    0   0.0%
  bin  7: 2.8226 - 2.7287 [15/15]   15    0   0.0%
  bin  8: 2.7287 - 2.6462 [18/18]   16    2  11.1%
  bin  9: 2.6462 - 2.5728 [33/33]   29    4  12.1%
  bin 10: 2.5728 - 2.5070 [24/24]   24    0   0.0%
                          overall  215   12   5.3%

                   ----------Processing PDB file(s)----------                  

  Monomer Library directory:
    "/tmp1/m_zhen01/phenix-installer-1.10.1-2155-intel-linux-2.6-x86_64-centos5/phenix-1.10.1-2155/modules/chem_data/mon_lib"
  Total number of atoms: 40
  Number of models: 1
  Model: ""
    Number of chains: 1
    Chain: "A"
      Number of atoms: 40
      Number of conformers: 1
      Conformer: ""
        Number of residues, atoms: 3, 40
          Classifications: {'peptide': 3}
          Modifications used: {'NH2NOTPRO': 1, 'COOH': 1}
          Link IDs: {'TRANS': 2}
  Time building chain proxies: 0.09, per 1000 atoms: 2.25
  Number of scatterers: 40
  At special positions: 0
  Unit cell: (9.958, 13.159, 16.81, 90, 90, 90)
  Space group: P 1 (No. 1)
  Number of sites at special positions: 0
  Number of scattering types: 4
    Type Number    sf(0)
     O       4      8.00
     N       3      7.00
     C      14      6.00
     H      19      1.00
    sf(0) = scattering factor at diffraction angle 0.

  Number of disulfides: simple=0, symmetry=0

  Automatic linking
    Parameters for automatic linking
      Linking & cutoffs
        Metal                : False - 3.50
        Amimo acid           : False - 1.90
        Carbohydrate         : True  - 1.99
        Ligands              : True  - 1.99
        Amino acid - RNA/DNA : False
      
  Number of custom bonds: simple=0, symmetry=0
  Time building additional restraints: 0.03
  Conformation dependent library (CDL) restraints added in 3.8 milliseconds
  
  Adding C-beta torsion restraints...
  Number of C-beta restraints generated:  4
  Time building geometry restraints manager: 0.04 seconds

  NOTE: a complete listing of the restraints can be obtained by requesting
        output of .geo file.

  Histogram of bond lengths:
        0.85 -     1.00: 16
        1.00 -     1.15: 3
        1.15 -     1.31: 3
        1.31 -     1.46: 11
        1.46 -     1.61: 7
  Bond restraints: 40
  Sorted by residual:
  bond pdb=" CZ  PHE A   2 "
       pdb=" HZ  PHE A   2 "
    ideal  model  delta    sigma   weight residual
    0.930  1.012 -0.082 2.00e-02 2.50e+03 1.67e+01
  bond pdb=" CA  ALA A   3 "
       pdb=" CB  ALA A   3 "
    ideal  model  delta    sigma   weight residual
    1.521  1.610 -0.089 3.30e-02 9.18e+02 7.22e+00
  bond pdb=" CB  PHE A   2 "
       pdb=" HB1 PHE A   2 "
    ideal  model  delta    sigma   weight residual
    0.970  1.019 -0.049 2.00e-02 2.50e+03 6.04e+00
  bond pdb=" CE2 PHE A   2 "
       pdb=" CD2 PHE A   2 "
    ideal  model  delta    sigma   weight residual
    1.382  1.451 -0.069 3.00e-02 1.11e+03 5.31e+00
  bond pdb=" CA  GLY A   1 "
       pdb=" HA2 GLY A   1 "
    ideal  model  delta    sigma   weight residual
    0.970  1.007 -0.037 2.00e-02 2.50e+03 3.42e+00
  ... (remaining 35 not shown)

  Histogram of bond angle deviations from ideal:
      104.05 -   108.15: 11
      108.15 -   112.25: 16
      112.25 -   116.34: 10
      116.34 -   120.44: 11
      120.44 -   124.53: 18
  Bond angle restraints: 66
  Sorted by residual:
  angle pdb=" C   GLY A   1 "
        pdb=" N   PHE A   2 "
        pdb=" CA  PHE A   2 "
      ideal   model   delta    sigma   weight residual
     123.23  119.07    4.16 1.57e+00 4.06e-01 7.01e+00
  angle pdb=" C   ALA A   3 "
        pdb=" CA  ALA A   3 "
        pdb=" CB  ALA A   3 "
      ideal   model   delta    sigma   weight residual
     110.50  114.13   -3.63 1.50e+00 4.44e-01 5.84e+00
  angle pdb=" HA1 GLY A   1 "
        pdb=" CA  GLY A   1 "
        pdb=" N   GLY A   1 "
      ideal   model   delta    sigma   weight residual
     110.00  104.05    5.95 3.00e+00 1.11e-01 3.93e+00
  angle pdb=" OXT ALA A   3 "
        pdb=" C   ALA A   3 "
        pdb=" CA  ALA A   3 "
      ideal   model   delta    sigma   weight residual
     118.60  124.50   -5.90 3.00e+00 1.11e-01 3.86e+00
  angle pdb=" C   GLY A   1 "
        pdb=" CA  GLY A   1 "
        pdb=" N   GLY A   1 "
      ideal   model   delta    sigma   weight residual
     113.30  108.48    4.82 2.90e+00 1.19e-01 2.76e+00
  ... (remaining 61 not shown)

  Histogram of dihedral angle deviations from ideal:
        0.08 -     3.16: 13
        3.16 -     6.25: 1
        6.25 -     9.33: 0
        9.33 -    12.42: 0
       12.42 -    15.50: 2
  Dihedral angle restraints: 16
    sinusoidal: 4
      harmonic: 12
  Sorted by residual:
  dihedral pdb=" CG  PHE A   2 "
           pdb=" CB  PHE A   2 "
           pdb=" CA  PHE A   2 "
           pdb=" N   PHE A   2 "
      ideal   model   delta sinusoidal    sigma   weight residual
     180.00 -164.50  -15.50     3      1.50e+01 4.44e-03 1.48e+00
  dihedral pdb=" C   ALA A   3 "
           pdb=" N   ALA A   3 "
           pdb=" CA  ALA A   3 "
           pdb=" CB  ALA A   3 "
      ideal   model   delta  harmonic     sigma   weight residual
    -122.60 -124.32    1.72     0      2.50e+00 1.60e-01 4.72e-01
  dihedral pdb=" C   PHE A   2 "
           pdb=" N   PHE A   2 "
           pdb=" CA  PHE A   2 "
           pdb=" CB  PHE A   2 "
      ideal   model   delta  harmonic     sigma   weight residual
    -122.60 -120.99   -1.61     0      2.50e+00 1.60e-01 4.15e-01
  ... (remaining 13 not shown)

  Histogram of chiral volume deviations from ideal:
       0.017 -    0.041: 1
       0.041 -    0.065: 0
       0.065 -    0.090: 0
       0.090 -    0.114: 0
       0.114 -    0.138: 1
  Chirality restraints: 2
  Sorted by residual:
  chirality pdb=" CA  ALA A   3 "
            pdb=" C   ALA A   3 "
            pdb=" CB  ALA A   3 "
            pdb=" N   ALA A   3 "
    both_signs  ideal   model   delta    sigma   weight residual
      False      2.48    2.62   -0.14 2.00e-01 2.50e+01 4.77e-01
  chirality pdb=" CA  PHE A   2 "
            pdb=" CB  PHE A   2 "
            pdb=" C   PHE A   2 "
            pdb=" N   PHE A   2 "
    both_signs  ideal   model   delta    sigma   weight residual
      False     -2.51   -2.49   -0.02 2.00e-01 2.50e+01 7.32e-03

  Planarity restraints: 6
  Sorted by residual:
                                 delta    sigma   weight rms_deltas residual
  plane pdb=" C   GLY A   1 "   -0.045 2.00e-02 2.50e+03   2.59e-02 6.70e+00
        pdb=" O   GLY A   1 "    0.017 2.00e-02 2.50e+03
        pdb=" CA  GLY A   1 "    0.013 2.00e-02 2.50e+03
        pdb=" N   PHE A   2 "    0.015 2.00e-02 2.50e+03
                                 delta    sigma   weight rms_deltas residual
  plane pdb=" C   PHE A   2 "   -0.008 2.00e-02 2.50e+03   1.54e-02 2.37e+00
        pdb=" CA  ALA A   3 "   -0.007 2.00e-02 2.50e+03
        pdb=" N   ALA A   3 "    0.027 2.00e-02 2.50e+03
        pdb=" H   ALA A   3 "   -0.012 2.00e-02 2.50e+03
                                 delta    sigma   weight rms_deltas residual
  plane pdb=" C   PHE A   2 "    0.025 2.00e-02 2.50e+03   1.47e-02 2.16e+00
        pdb=" O   PHE A   2 "   -0.010 2.00e-02 2.50e+03
        pdb=" CA  PHE A   2 "   -0.007 2.00e-02 2.50e+03
        pdb=" N   ALA A   3 "   -0.008 2.00e-02 2.50e+03
  ... (remaining 3 not shown)

  Histogram of nonbonded interaction distances:
        2.09 -     2.65: 37
        2.65 -     3.21: 44
        3.21 -     3.77: 67
        3.77 -     4.34: 52
        4.34 -     4.90: 98
  Nonbonded interactions: 298
  Sorted by model distance:
  nonbonded pdb=" H1  GLY A   1 "
            pdb=" H   PHE A   2 "
     model   vdw
     2.089 2.100
  nonbonded pdb=" O   ALA A   3 "
            pdb=" H   ALA A   3 "
     model   vdw
     2.169 1.970
  nonbonded pdb=" HA1 GLY A   1 "
            pdb=" H1  GLY A   1 "
     model   vdw
     2.184 1.816
  nonbonded pdb=" HA  PHE A   2 "
            pdb=" H   ALA A   3 "
     model   vdw
     2.235 2.270
  nonbonded pdb=" O   ALA A   3 "
            pdb=" HXT ALA A   3 "
     model   vdw
     2.284 2.056
  ... (remaining 293 not shown)

  NOTE: a complete listing of the restraints can be obtained by requesting
        output of .geo file.

                   ----------xray_structure summary----------                  

Number of scattering types: 4
  Type Number    sf(0)   Gaussians
   O       4      7.97       2
   N       3      6.97       2
   C      14      5.97       2
   H      19      1.00       2
  sf(0) = scattering factor at diffraction angle 0.
Number of scatterers: 40
At special positions: 0
Unit cell: (9.958, 13.159, 16.81, 90, 90, 90)
Space group: P 1 (No. 1)

End of input processing
r_work=0.5359 r_free=0.7984
params.data_weight: 0.0
params.restraints: qm
rmsd(b), start:  0.0892
mc:   0 R: 0.5386 rmsd(b):  0.0271 restraint_scale:  1.0 min_steps: 53
mc:   1 R: 0.5386 rmsd(b):  0.0271 restraint_scale:  1.0 min_steps: 1
Convergence reached, stop now.
see the result structure:  ./p26/04_results/opt_qm/248_GFA01-new/1.2/8.pdb
Time: 66.1337
