phenix.python
you are importing  adaptive calculator, and it does nothing. Please give it energy, force....... 

============================== Collecting inputs ==============================


                   ----------Processing X-ray data----------                   

F-obs:
  /scratch/m_zhen01/31011.lupus.uni-muenster.de/p26/02_mtz/240_GFA11-new.mtz:F-obs
Miller array info: None
Observation type: xray.amplitude
Type of data: double, size=256
Type of sigmas: None
Number of Miller indices: 256
Anomalous flag: False
Unit cell: (16.574, 13.229, 10.986, 90, 90, 90)
Space group: P 1 (No. 1)
Systematic absences: 0
Centric reflections: 0
Resolution range: 3.97299 2.50733
Completeness in resolution range: 1
Completeness with d_max=infinity: 0.773414

Number of F-obs in resolution range:                   256
Number of F-obs<0 (these reflections will be rejected): 0
Number of F-obs=0 (these reflections will be used in refinement): 0
Refinement resolution range: d_max =   3.9730
                             d_min =   2.5073

R-free flags:
  /scratch/m_zhen01/31011.lupus.uni-muenster.de/p26/02_mtz/240_GFA11-new.mtz:R-free-flags
Miller array info: /scratch/m_zhen01/31011.lupus.uni-muenster.de/p26/02_mtz/240_GFA11-new.mtz:R-free-flags
Observation type: None
Type of data: int, size=256
Type of sigmas: None
Number of Miller indices: 256
Anomalous flag: False
Unit cell: (16.574, 13.229, 10.986, 90, 90, 90)
Space group: P 1 (No. 1)
Systematic absences: 0
Centric reflections: 0
Resolution range: 3.97299 2.50733
Completeness in resolution range: 1
Completeness with d_max=infinity: 0.773414
Wavelength: 1.0000

Test (R-free flags) flag value: 1

Number of work/free reflections by resolution:
                                  work free  %free
  bin  1: 3.9730 - 3.6423 [33/33]   25    8  24.2%
  bin  2: 3.6423 - 3.3999 [14/14]   14    0   0.0%
  bin  3: 3.3999 - 3.2114 [30/30]   30    0   0.0%
  bin  4: 3.2114 - 3.0588 [28/28]   24    4  14.3%
  bin  5: 3.0588 - 2.9315 [22/22]   22    0   0.0%
  bin  6: 2.9315 - 2.8232 [18/18]   18    0   0.0%
  bin  7: 2.8232 - 2.7292 [26/26]   24    2   7.7%
  bin  8: 2.7292 - 2.6466 [26/26]   26    0   0.0%
  bin  9: 2.6466 - 2.5732 [23/23]   23    0   0.0%
  bin 10: 2.5732 - 2.5073 [36/36]   34    2   5.6%
                          overall  240   16   6.2%

                   ----------Processing PDB file(s)----------                  

  Monomer Library directory:
    "/tmp1/m_zhen01/phenix-installer-1.10.1-2155-intel-linux-2.6-x86_64-centos5/phenix-1.10.1-2155/modules/chem_data/mon_lib"
  Total number of atoms: 40
  Number of models: 1
  Model: ""
    Number of chains: 1
    Chain: "A"
      Number of atoms: 40
      Number of conformers: 1
      Conformer: ""
        Number of residues, atoms: 3, 40
          Classifications: {'peptide': 3}
          Modifications used: {'NH2NOTPRO': 1, 'COOH': 1}
          Link IDs: {'TRANS': 2}
  Time building chain proxies: 0.09, per 1000 atoms: 2.25
  Number of scatterers: 40
  At special positions: 0
  Unit cell: (16.574, 13.229, 10.986, 90, 90, 90)
  Space group: P 1 (No. 1)
  Number of sites at special positions: 0
  Number of scattering types: 4
    Type Number    sf(0)
     O       4      8.00
     N       3      7.00
     C      14      6.00
     H      19      1.00
    sf(0) = scattering factor at diffraction angle 0.

  Number of disulfides: simple=0, symmetry=0

  Automatic linking
    Parameters for automatic linking
      Linking & cutoffs
        Metal                : False - 3.50
        Amimo acid           : False - 1.90
        Carbohydrate         : True  - 1.99
        Ligands              : True  - 1.99
        Amino acid - RNA/DNA : False
      
  Number of custom bonds: simple=0, symmetry=0
  Time building additional restraints: 0.03
  Conformation dependent library (CDL) restraints added in 3.9 milliseconds
  
  Adding C-beta torsion restraints...
  Number of C-beta restraints generated:  4
  Time building geometry restraints manager: 0.03 seconds

  NOTE: a complete listing of the restraints can be obtained by requesting
        output of .geo file.

  Histogram of bond lengths:
        0.83 -     0.97: 17
        0.97 -     1.12: 2
        1.12 -     1.26: 3
        1.26 -     1.41: 8
        1.41 -     1.55: 10
  Bond restraints: 40
  Sorted by residual:
  bond pdb=" CB  ALA A   3 "
       pdb=" HB2 ALA A   3 "
    ideal  model  delta    sigma   weight residual
    0.970  0.931  0.039 2.00e-02 2.50e+03 3.88e+00
  bond pdb=" C   GLY A   1 "
       pdb=" CA  GLY A   1 "
    ideal  model  delta    sigma   weight residual
    1.516  1.481  0.035 1.80e-02 3.09e+03 3.81e+00
  bond pdb=" CZ  PHE A   2 "
       pdb=" HZ  PHE A   2 "
    ideal  model  delta    sigma   weight residual
    0.930  0.968 -0.038 2.00e-02 2.50e+03 3.58e+00
  bond pdb=" CB  ALA A   3 "
       pdb=" HB1 ALA A   3 "
    ideal  model  delta    sigma   weight residual
    0.970  0.934  0.036 2.00e-02 2.50e+03 3.28e+00
  bond pdb=" N   PHE A   2 "
       pdb=" H   PHE A   2 "
    ideal  model  delta    sigma   weight residual
    0.860  0.827  0.033 2.00e-02 2.50e+03 2.71e+00
  ... (remaining 35 not shown)

  Histogram of bond angle deviations from ideal:
      103.91 -   108.15: 6
      108.15 -   112.39: 24
      112.39 -   116.64: 5
      116.64 -   120.88: 19
      120.88 -   125.12: 12
  Bond angle restraints: 66
  Sorted by residual:
  angle pdb=" C   GLY A   1 "
        pdb=" CA  GLY A   1 "
        pdb=" N   GLY A   1 "
      ideal   model   delta    sigma   weight residual
     113.30  108.23    5.07 2.90e+00 1.19e-01 3.05e+00
  angle pdb=" CA  GLY A   1 "
        pdb=" N   GLY A   1 "
        pdb=" H1  GLY A   1 "
      ideal   model   delta    sigma   weight residual
     109.47  113.90   -4.43 3.00e+00 1.11e-01 2.18e+00
  angle pdb=" HB2 PHE A   2 "
        pdb=" CB  PHE A   2 "
        pdb=" CG  PHE A   2 "
      ideal   model   delta    sigma   weight residual
     108.00  103.91    4.09 3.00e+00 1.11e-01 1.86e+00
  angle pdb=" CB  PHE A   2 "
        pdb=" CA  PHE A   2 "
        pdb=" HA  PHE A   2 "
      ideal   model   delta    sigma   weight residual
     109.00  105.29    3.71 3.00e+00 1.11e-01 1.53e+00
  angle pdb=" C   PHE A   2 "
        pdb=" N   ALA A   3 "
        pdb=" CA  ALA A   3 "
      ideal   model   delta    sigma   weight residual
     121.70  123.86   -2.16 1.80e+00 3.09e-01 1.44e+00
  ... (remaining 61 not shown)

  Histogram of dihedral angle deviations from ideal:
        0.58 -    35.85: 15
       35.85 -    71.11: 0
       71.11 -   106.38: 0
      106.38 -   141.64: 0
      141.64 -   176.91: 1
  Dihedral angle restraints: 16
    sinusoidal: 4
      harmonic: 12
  Sorted by residual:
  dihedral pdb=" O   ALA A   3 "
           pdb=" C   ALA A   3 "
           pdb=" OXT ALA A   3 "
           pdb=" HXT ALA A   3 "
      ideal   model   delta  harmonic     sigma   weight residual
       0.00 -176.91  176.91     0      3.00e+01 1.11e-03 3.48e+01
  dihedral pdb=" CG  PHE A   2 "
           pdb=" CB  PHE A   2 "
           pdb=" CA  PHE A   2 "
           pdb=" N   PHE A   2 "
      ideal   model   delta sinusoidal    sigma   weight residual
      60.00   78.13  -18.13     3      1.50e+01 4.44e-03 1.98e+00
  dihedral pdb=" CD1 PHE A   2 "
           pdb=" CB  PHE A   2 "
           pdb=" CG  PHE A   2 "
           pdb=" CA  PHE A   2 "
      ideal   model   delta sinusoidal    sigma   weight residual
     -90.00 -111.62   21.62     2      2.00e+01 2.50e-03 1.63e+00
  ... (remaining 13 not shown)

  Histogram of chiral volume deviations from ideal:
       0.118 -    0.120: 1
       0.120 -    0.123: 0
       0.123 -    0.126: 0
       0.126 -    0.128: 0
       0.128 -    0.131: 1
  Chirality restraints: 2
  Sorted by residual:
  chirality pdb=" CA  PHE A   2 "
            pdb=" CB  PHE A   2 "
            pdb=" C   PHE A   2 "
            pdb=" N   PHE A   2 "
    both_signs  ideal   model   delta    sigma   weight residual
      False     -2.51   -2.38   -0.13 2.00e-01 2.50e+01 4.27e-01
  chirality pdb=" CA  ALA A   3 "
            pdb=" C   ALA A   3 "
            pdb=" CB  ALA A   3 "
            pdb=" N   ALA A   3 "
    both_signs  ideal   model   delta    sigma   weight residual
      False      2.48    2.60   -0.12 2.00e-01 2.50e+01 3.48e-01

  Planarity restraints: 6
  Sorted by residual:
                                 delta    sigma   weight rms_deltas residual
  plane pdb=" CB  PHE A   2 "   -0.023 2.00e-02 2.50e+03   2.05e-02 1.27e+01
        pdb=" CG  PHE A   2 "    0.012 2.00e-02 2.50e+03
        pdb=" CD2 PHE A   2 "   -0.015 2.00e-02 2.50e+03
        pdb=" HD2 PHE A   2 "    0.031 2.00e-02 2.50e+03
        pdb=" CE2 PHE A   2 "    0.017 2.00e-02 2.50e+03
        pdb=" HE2 PHE A   2 "   -0.024 2.00e-02 2.50e+03
        pdb=" CZ  PHE A   2 "    0.005 2.00e-02 2.50e+03
        pdb=" HZ  PHE A   2 "   -0.025 2.00e-02 2.50e+03
        pdb=" CE1 PHE A   2 "    0.005 2.00e-02 2.50e+03
        pdb=" HE1 PHE A   2 "    0.020 2.00e-02 2.50e+03
        pdb=" CD1 PHE A   2 "    0.023 2.00e-02 2.50e+03
        pdb=" HD1 PHE A   2 "   -0.026 2.00e-02 2.50e+03
                                 delta    sigma   weight rms_deltas residual
  plane pdb=" C   GLY A   1 "    0.034 2.00e-02 2.50e+03   1.97e-02 3.86e+00
        pdb=" O   GLY A   1 "   -0.012 2.00e-02 2.50e+03
        pdb=" CA  GLY A   1 "   -0.010 2.00e-02 2.50e+03
        pdb=" N   PHE A   2 "   -0.012 2.00e-02 2.50e+03
                                 delta    sigma   weight rms_deltas residual
  plane pdb=" C   PHE A   2 "    0.025 2.00e-02 2.50e+03   1.44e-02 2.07e+00
        pdb=" O   PHE A   2 "   -0.009 2.00e-02 2.50e+03
        pdb=" CA  PHE A   2 "   -0.007 2.00e-02 2.50e+03
        pdb=" N   ALA A   3 "   -0.008 2.00e-02 2.50e+03
  ... (remaining 3 not shown)

  Histogram of nonbonded interaction distances:
        2.09 -     2.65: 35
        2.65 -     3.21: 57
        3.21 -     3.77: 57
        3.77 -     4.33: 72
        4.33 -     4.90: 82
  Nonbonded interactions: 303
  Sorted by model distance:
  nonbonded pdb=" HD2 PHE A   2 "
            pdb=" H   PHE A   2 "
     model   vdw
     2.089 2.100
  nonbonded pdb=" HXT ALA A   3 "
            pdb=" HA  ALA A   3 "
     model   vdw
     2.133 2.270
  nonbonded pdb=" HZ  PHE A   2 "
            pdb=" HE1 PHE A   2 "
     model   vdw
     2.243 1.680
  nonbonded pdb=" HB2 ALA A   3 "
            pdb=" HA  ALA A   3 "
     model   vdw
     2.246 1.952
  nonbonded pdb=" HB1 PHE A   2 "
            pdb=" HA  PHE A   2 "
     model   vdw
     2.256 1.952
  ... (remaining 298 not shown)

  NOTE: a complete listing of the restraints can be obtained by requesting
        output of .geo file.

                   ----------xray_structure summary----------                  

Number of scattering types: 4
  Type Number    sf(0)   Gaussians
   O       4      7.97       2
   N       3      6.97       2
   C      14      5.97       2
   H      19      1.00       2
  sf(0) = scattering factor at diffraction angle 0.
Number of scatterers: 40
At special positions: 0
Unit cell: (16.574, 13.229, 10.986, 90, 90, 90)
Space group: P 1 (No. 1)

End of input processing
r_work=0.5634 r_free=0.6290
params.data_weight: None
params.restraints: qm
rmsd(b), start:  0.0912
mc:   0 R: 0.3755 rmsd(b):  0.8340 restraint_scale:  2.0 min_steps: 51
mc:   1 R: 0.2022 rmsd(b):  0.8288 restraint_scale:  4.0 min_steps: 54
mc:   2 R: 0.2100 rmsd(b):  0.8336 restraint_scale:  8.0 min_steps: 19
mc:   3 R: 0.2230 rmsd(b):  0.8111 restraint_scale: 16.0 min_steps: 41
mc:   4 R: 0.2514 rmsd(b):  0.6440 restraint_scale: 32.0 min_steps: 52
mc:   5 R: 0.2448 rmsd(b):  0.6925 restraint_scale: 64.0 min_steps: 55
mc:   6 R: 0.2522 rmsd(b):  0.6987 restraint_scale: 128.0 min_steps: 23
mc:   7 R: 0.2751 rmsd(b):  0.7181 restraint_scale: 256.0 min_steps: 43
mc:   8 R: 0.2740 rmsd(b):  0.7177 restraint_scale: 512.0 min_steps: 11
mc:   9 R: 0.4024 rmsd(b):  0.8259 restraint_scale: 1024.0 min_steps: 54
mc:  10 R: 0.4719 rmsd(b):  0.9006 restraint_scale: 2048.0 min_steps: 53
mc:  11 R: 0.4777 rmsd(b):  0.8884 restraint_scale: 4096.0 min_steps: 55
mc:  12 R: 0.4778 rmsd(b):  0.8886 restraint_scale: 8192.0 min_steps: 5
Convergence reached, stop now.
see the result structure:  ./p26/04_results/refine_qm/240_GFA11-new/1.5/9.pdb
Time: 692.0148
