phenix.python
you are importing  adaptive calculator, and it does nothing. Please give it energy, force....... 

============================== Collecting inputs ==============================


                   ----------Processing X-ray data----------                   

F-obs:
  /scratch/m_zhen01/30995.lupus.uni-muenster.de/p26/02_mtz/195_WG01-new.mtz:F-obs
Miller array info: None
Observation type: xray.amplitude
Type of data: double, size=188
Type of sigmas: None
Number of Miller indices: 188
Anomalous flag: False
Unit cell: (15.133, 10.304, 12.331, 90, 90, 90)
Space group: P 1 (No. 1)
Systematic absences: 0
Centric reflections: 0
Resolution range: 3.96662 2.52157
Completeness in resolution range: 1
Completeness with d_max=infinity: 0.752

Number of F-obs in resolution range:                   188
Number of F-obs<0 (these reflections will be rejected): 0
Number of F-obs=0 (these reflections will be used in refinement): 0
Refinement resolution range: d_max =   3.9666
                             d_min =   2.5216

R-free flags:
  /scratch/m_zhen01/30995.lupus.uni-muenster.de/p26/02_mtz/195_WG01-new.mtz:R-free-flags
Miller array info: /scratch/m_zhen01/30995.lupus.uni-muenster.de/p26/02_mtz/195_WG01-new.mtz:R-free-flags
Observation type: None
Type of data: int, size=188
Type of sigmas: None
Number of Miller indices: 188
Anomalous flag: False
Unit cell: (15.133, 10.304, 12.331, 90, 90, 90)
Space group: P 1 (No. 1)
Systematic absences: 0
Centric reflections: 0
Resolution range: 3.96662 2.52157
Completeness in resolution range: 1
Completeness with d_max=infinity: 0.752
Wavelength: 1.0000

Test (R-free flags) flag value: 1

Number of work/free reflections by resolution:
                                  work free  %free
  bin  1: 3.9666 - 3.6445 [21/21]   17    4  19.0%
  bin  2: 3.6445 - 3.4067 [25/25]   25    0   0.0%
  bin  3: 3.4067 - 3.2209 [10/10]    6    4  40.0%
  bin  4: 3.2209 - 3.0700 [19/19]   19    0   0.0%
  bin  5: 3.0700 - 2.9438 [25/25]   23    2   8.0%
  bin  6: 2.9438 - 2.8362 [16/16]   16    0   0.0%
  bin  7: 2.8362 - 2.7427 [18/18]   18    0   0.0%
  bin  8: 2.7427 - 2.6605 [14/14]   14    0   0.0%
  bin  9: 2.6605 - 2.5873 [20/20]   20    0   0.0%
  bin 10: 2.5873 - 2.5216 [20/20]   18    2  10.0%
                          overall  176   12   6.4%

                   ----------Processing PDB file(s)----------                  

  Monomer Library directory:
    "/tmp1/m_zhen01/phenix-installer-1.10.1-2155-intel-linux-2.6-x86_64-centos5/phenix-1.10.1-2155/modules/chem_data/mon_lib"
  Total number of atoms: 34
  Number of models: 1
  Model: ""
    Number of chains: 1
    Chain: "A"
      Number of atoms: 34
      Number of conformers: 1
      Conformer: ""
        Number of residues, atoms: 2, 34
          Classifications: {'peptide': 2}
          Modifications used: {'NH2NOTPRO': 1, 'COOH': 1}
          Link IDs: {'TRANS': 1}
  Time building chain proxies: 0.07, per 1000 atoms: 2.06
  Number of scatterers: 34
  At special positions: 0
  Unit cell: (15.133, 10.304, 12.331, 90, 90, 90)
  Space group: P 1 (No. 1)
  Number of sites at special positions: 0
  Number of scattering types: 4
    Type Number    sf(0)
     O       3      8.00
     N       3      7.00
     C      13      6.00
     H      15      1.00
    sf(0) = scattering factor at diffraction angle 0.

  Number of disulfides: simple=0, symmetry=0

  Automatic linking
    Parameters for automatic linking
      Linking & cutoffs
        Metal                : False - 3.50
        Amimo acid           : False - 1.90
        Carbohydrate         : True  - 1.99
        Ligands              : True  - 1.99
        Amino acid - RNA/DNA : False
      
  Number of custom bonds: simple=0, symmetry=0
  Time building additional restraints: 0.02
  Conformation dependent library (CDL) restraints added in 526.0 microseconds
  
  Adding C-beta torsion restraints...
  Number of C-beta restraints generated:  2
  Time building geometry restraints manager: 0.03 seconds

  NOTE: a complete listing of the restraints can be obtained by requesting
        output of .geo file.

  Histogram of bond lengths:
        0.85 -     0.99: 15
        0.99 -     1.12: 0
        1.12 -     1.26: 2
        1.26 -     1.39: 7
        1.39 -     1.53: 11
  Bond restraints: 35
  Sorted by residual:
  bond pdb=" CA  TRP A   1 "
       pdb=" HA  TRP A   1 "
    ideal  model  delta    sigma   weight residual
    0.970  0.926  0.044 2.00e-02 2.50e+03 4.81e+00
  bond pdb=" CH2 TRP A   1 "
       pdb=" HH2 TRP A   1 "
    ideal  model  delta    sigma   weight residual
    0.930  0.961 -0.031 2.00e-02 2.50e+03 2.42e+00
  bond pdb=" C   GLY A   2 "
       pdb=" OXT GLY A   2 "
    ideal  model  delta    sigma   weight residual
    1.330  1.361 -0.031 2.00e-02 2.50e+03 2.35e+00
  bond pdb=" OXT GLY A   2 "
       pdb=" HXT GLY A   2 "
    ideal  model  delta    sigma   weight residual
    0.948  0.976 -0.028 2.00e-02 2.50e+03 1.96e+00
  bond pdb=" CD1 TRP A   1 "
       pdb=" HD1 TRP A   1 "
    ideal  model  delta    sigma   weight residual
    0.930  0.958 -0.028 2.00e-02 2.50e+03 1.92e+00
  ... (remaining 30 not shown)

  Histogram of bond angle deviations from ideal:
      103.89 -   110.01: 16
      110.01 -   116.12: 13
      116.12 -   122.24: 13
      122.24 -   128.36: 13
      128.36 -   134.48: 2
  Bond angle restraints: 57
  Sorted by residual:
  angle pdb=" HA2 GLY A   2 "
        pdb=" CA  GLY A   2 "
        pdb=" N   GLY A   2 "
      ideal   model   delta    sigma   weight residual
     110.00  104.07    5.93 3.00e+00 1.11e-01 3.91e+00
  angle pdb=" CA  TRP A   1 "
        pdb=" CB  TRP A   1 "
        pdb=" HB1 TRP A   1 "
      ideal   model   delta    sigma   weight residual
     109.00  113.93   -4.93 3.00e+00 1.11e-01 2.70e+00
  angle pdb=" O   TRP A   1 "
        pdb=" C   TRP A   1 "
        pdb=" CA  TRP A   1 "
      ideal   model   delta    sigma   weight residual
     120.80  118.19    2.61 1.70e+00 3.46e-01 2.36e+00
  angle pdb=" CA  TRP A   1 "
        pdb=" C   TRP A   1 "
        pdb=" N   GLY A   2 "
      ideal   model   delta    sigma   weight residual
     116.20  119.01   -2.81 2.00e+00 2.50e-01 1.97e+00
  angle pdb=" HB2 TRP A   1 "
        pdb=" CB  TRP A   1 "
        pdb=" CG  TRP A   1 "
      ideal   model   delta    sigma   weight residual
     108.00  103.89    4.11 3.00e+00 1.11e-01 1.88e+00
  ... (remaining 52 not shown)

  Histogram of dihedral angle deviations from ideal:
        0.19 -    35.05: 11
       35.05 -    69.91: 1
       69.91 -   104.77: 0
      104.77 -   139.63: 0
      139.63 -   174.49: 1
  Dihedral angle restraints: 13
    sinusoidal: 3
      harmonic: 10
  Sorted by residual:
  dihedral pdb=" O   GLY A   2 "
           pdb=" C   GLY A   2 "
           pdb=" OXT GLY A   2 "
           pdb=" HXT GLY A   2 "
      ideal   model   delta  harmonic     sigma   weight residual
       0.00  174.49 -174.49     0      3.00e+01 1.11e-03 3.38e+01
  dihedral pdb=" OXT GLY A   2 "
           pdb=" C   GLY A   2 "
           pdb=" CA  GLY A   2 "
           pdb=" N   GLY A   2 "
      ideal   model   delta sinusoidal    sigma   weight residual
     160.00 -149.74  -50.26     2      3.00e+01 1.11e-03 3.15e+00
  dihedral pdb=" CA  TRP A   1 "
           pdb=" C   TRP A   1 "
           pdb=" N   GLY A   2 "
           pdb=" CA  GLY A   2 "
      ideal   model   delta  harmonic     sigma   weight residual
    -180.00 -171.59   -8.41     0      5.00e+00 4.00e-02 2.83e+00
  ... (remaining 10 not shown)

  Histogram of chiral volume deviations from ideal:
       0.002 -    0.002: 1
       0.002 -    0.002: 0
       0.002 -    0.002: 0
       0.002 -    0.002: 0
       0.002 -    0.002: 0
  Chirality restraints: 1
  Sorted by residual:
  chirality pdb=" CA  TRP A   1 "
            pdb=" C   TRP A   1 "
            pdb=" N   TRP A   1 "
            pdb=" CB  TRP A   1 "
    both_signs  ideal   model   delta    sigma   weight residual
      False     -2.51   -2.51    0.00 2.00e-01 2.50e+01 1.02e-04

  Planarity restraints: 4
  Sorted by residual:
                                 delta    sigma   weight rms_deltas residual
  plane pdb=" CB  TRP A   1 "   -0.026 2.00e-02 2.50e+03   1.83e-02 1.33e+01
        pdb=" CG  TRP A   1 "    0.028 2.00e-02 2.50e+03
        pdb=" CD1 TRP A   1 "    0.006 2.00e-02 2.50e+03
        pdb=" HD1 TRP A   1 "    0.000 2.00e-02 2.50e+03
        pdb=" NE1 TRP A   1 "   -0.007 2.00e-02 2.50e+03
        pdb=" HE1 TRP A   1 "   -0.002 2.00e-02 2.50e+03
        pdb=" CE2 TRP A   1 "   -0.004 2.00e-02 2.50e+03
        pdb=" CZ2 TRP A   1 "   -0.007 2.00e-02 2.50e+03
        pdb=" HZ2 TRP A   1 "    0.000 2.00e-02 2.50e+03
        pdb=" CH2 TRP A   1 "   -0.031 2.00e-02 2.50e+03
        pdb=" HH2 TRP A   1 "    0.024 2.00e-02 2.50e+03
        pdb=" CZ3 TRP A   1 "    0.032 2.00e-02 2.50e+03
        pdb=" HZ3 TRP A   1 "   -0.029 2.00e-02 2.50e+03
        pdb=" CE3 TRP A   1 "   -0.008 2.00e-02 2.50e+03
        pdb=" HE3 TRP A   1 "    0.015 2.00e-02 2.50e+03
        pdb=" CD2 TRP A   1 "    0.008 2.00e-02 2.50e+03
                                 delta    sigma   weight rms_deltas residual
  plane pdb=" O   GLY A   2 "   -0.021 2.00e-02 2.50e+03   2.04e-02 5.23e+00
        pdb=" C   GLY A   2 "    0.024 2.00e-02 2.50e+03
        pdb=" OXT GLY A   2 "    0.021 2.00e-02 2.50e+03
        pdb=" HXT GLY A   2 "   -0.025 2.00e-02 2.50e+03
        pdb=" CA  GLY A   2 "    0.001 2.00e-02 2.50e+03
                                 delta    sigma   weight rms_deltas residual
  plane pdb=" C   TRP A   1 "    0.016 2.00e-02 2.50e+03   9.02e-03 8.14e-01
        pdb=" O   TRP A   1 "   -0.006 2.00e-02 2.50e+03
        pdb=" CA  TRP A   1 "   -0.005 2.00e-02 2.50e+03
        pdb=" N   GLY A   2 "   -0.005 2.00e-02 2.50e+03
  ... (remaining 1 not shown)

  Histogram of nonbonded interaction distances:
        2.20 -     2.74: 36
        2.74 -     3.28: 39
        3.28 -     3.82: 48
        3.82 -     4.36: 51
        4.36 -     4.90: 61
  Nonbonded interactions: 235
  Sorted by model distance:
  nonbonded pdb=" O   TRP A   1 "
            pdb=" HD1 TRP A   1 "
     model   vdw
     2.197 2.570
  nonbonded pdb=" O   TRP A   1 "
            pdb=" HA2 GLY A   2 "
     model   vdw
     2.237 2.740
  nonbonded pdb=" HZ2 TRP A   1 "
            pdb=" HH2 TRP A   1 "
     model   vdw
     2.245 1.680
  nonbonded pdb=" HZ3 TRP A   1 "
            pdb=" HE3 TRP A   1 "
     model   vdw
     2.293 1.680
  nonbonded pdb=" HXT GLY A   2 "
            pdb=" HA2 GLY A   2 "
     model   vdw
     2.298 2.270
  ... (remaining 230 not shown)

  NOTE: a complete listing of the restraints can be obtained by requesting
        output of .geo file.

                   ----------xray_structure summary----------                  

Number of scattering types: 4
  Type Number    sf(0)   Gaussians
   O       3      7.97       2
   N       3      6.97       2
   C      13      5.97       2
   H      15      1.00       2
  sf(0) = scattering factor at diffraction angle 0.
Number of scatterers: 34
At special positions: 0
Unit cell: (15.133, 10.304, 12.331, 90, 90, 90)
Space group: P 1 (No. 1)

End of input processing
r_work=0.5890 r_free=0.6990
params.data_weight: None
params.restraints: cctbx
rmsd(b), start:  0.0815
mc:   0 R: 0.4018 rmsd(b):  0.2778 restraint_scale:  2.0 min_steps: 54
mc:   1 R: 0.3223 rmsd(b):  0.1261 restraint_scale:  4.0 min_steps: 42
mc:   2 R: 0.3402 rmsd(b):  0.0688 restraint_scale:  8.0 min_steps: 29
mc:   3 R: 0.3604 rmsd(b):  0.0507 restraint_scale: 16.0 min_steps: 22
mc:   4 R: 0.3752 rmsd(b):  0.0338 restraint_scale: 32.0 min_steps: 41
mc:   5 R: 0.3254 rmsd(b):  0.0246 restraint_scale: 32.0 min_steps: 58
mc:   6 R: 0.3091 rmsd(b):  0.0192 restraint_scale: 32.0 min_steps: 38
mc:   7 R: 0.3137 rmsd(b):  0.0151 restraint_scale: 32.0 min_steps: 13
mc:   8 R: 0.3152 rmsd(b):  0.0139 restraint_scale: 32.0 min_steps: 16
mc:   9 R: 0.3124 rmsd(b):  0.0166 restraint_scale: 32.0 min_steps: 6
mc:  10 R: 0.3046 rmsd(b):  0.0231 restraint_scale: 32.0 min_steps: 17
mc:  11 R: 0.3108 rmsd(b):  0.0167 restraint_scale: 32.0 min_steps: 12
mc:  12 R: 0.3258 rmsd(b):  0.0097 restraint_scale: 16.0 min_steps: 29
mc:  13 R: 0.3062 rmsd(b):  0.0208 restraint_scale: 16.0 min_steps: 28
mc:  14 R: 0.3094 rmsd(b):  0.0179 restraint_scale: 16.0 min_steps: 8
mc:  15 R: 0.3080 rmsd(b):  0.0195 restraint_scale: 16.0 min_steps: 4
mc:  16 R: 0.3080 rmsd(b):  0.0195 restraint_scale: 16.0 min_steps: 1
Convergence reached, stop now.
see the result structure:  ./p26/04_results/refine_cctbx/195_WG01-new/1.5/7.pdb
Time: 9.0056
