phenix.python
you are importing  adaptive calculator, and it does nothing. Please give it energy, force....... 

============================== Collecting inputs ==============================


                   ----------Processing X-ray data----------                   

F-obs:
  /scratch/m_zhen01/31011.lupus.uni-muenster.de/p26/02_mtz/220_WGG12-new.mtz:F-obs
Miller array info: None
Observation type: xray.amplitude
Type of data: double, size=199
Type of sigmas: None
Number of Miller indices: 199
Anomalous flag: False
Unit cell: (12.478, 13.762, 11.515, 90, 90, 90)
Space group: P 1 (No. 1)
Systematic absences: 0
Centric reflections: 0
Resolution range: 3.98146 2.50959
Completeness in resolution range: 1
Completeness with d_max=infinity: 0.745318

Number of F-obs in resolution range:                   199
Number of F-obs<0 (these reflections will be rejected): 0
Number of F-obs=0 (these reflections will be used in refinement): 0
Refinement resolution range: d_max =   3.9815
                             d_min =   2.5096

R-free flags:
  /scratch/m_zhen01/31011.lupus.uni-muenster.de/p26/02_mtz/220_WGG12-new.mtz:R-free-flags
Miller array info: /scratch/m_zhen01/31011.lupus.uni-muenster.de/p26/02_mtz/220_WGG12-new.mtz:R-free-flags
Observation type: None
Type of data: int, size=199
Type of sigmas: None
Number of Miller indices: 199
Anomalous flag: False
Unit cell: (12.478, 13.762, 11.515, 90, 90, 90)
Space group: P 1 (No. 1)
Systematic absences: 0
Centric reflections: 0
Resolution range: 3.98146 2.50959
Completeness in resolution range: 1
Completeness with d_max=infinity: 0.745318
Wavelength: 1.0000

Test (R-free flags) flag value: 1

Number of work/free reflections by resolution:
                                  work free  %free
  bin  1: 3.9815 - 3.6487 [15/15]   11    4  26.7%
  bin  2: 3.6487 - 3.4051 [21/21]   21    0   0.0%
  bin  3: 3.4051 - 3.2157 [22/22]   22    0   0.0%
  bin  4: 3.2157 - 3.0625 [15/15]   11    4  26.7%
  bin  5: 3.0625 - 2.9349 [26/26]   26    0   0.0%
  bin  6: 2.9349 - 2.8262 [15/15]   15    0   0.0%
  bin  7: 2.8262 - 2.7320 [21/21]   21    0   0.0%
  bin  8: 2.7320 - 2.6492 [24/24]   24    0   0.0%
  bin  9: 2.6492 - 2.5756 [20/20]   20    0   0.0%
  bin 10: 2.5756 - 2.5096 [20/20]   16    4  20.0%
                          overall  187   12   6.0%

                   ----------Processing PDB file(s)----------                  

  Monomer Library directory:
    "/tmp1/m_zhen01/phenix-installer-1.10.1-2155-intel-linux-2.6-x86_64-centos5/phenix-1.10.1-2155/modules/chem_data/mon_lib"
  Total number of atoms: 41
  Number of models: 1
  Model: ""
    Number of chains: 1
    Chain: "A"
      Number of atoms: 41
      Number of conformers: 1
      Conformer: ""
        Number of residues, atoms: 3, 41
          Classifications: {'peptide': 3}
          Modifications used: {'NH2NOTPRO': 1, 'COOH': 1}
          Link IDs: {'TRANS': 2}
  Time building chain proxies: 0.07, per 1000 atoms: 1.71
  Number of scatterers: 41
  At special positions: 0
  Unit cell: (12.478, 13.762, 11.515, 90, 90, 90)
  Space group: P 1 (No. 1)
  Number of sites at special positions: 0
  Number of scattering types: 4
    Type Number    sf(0)
     O       4      8.00
     N       4      7.00
     C      15      6.00
     H      18      1.00
    sf(0) = scattering factor at diffraction angle 0.

  Number of disulfides: simple=0, symmetry=0

  Automatic linking
    Parameters for automatic linking
      Linking & cutoffs
        Metal                : False - 3.50
        Amimo acid           : False - 1.90
        Carbohydrate         : True  - 1.99
        Ligands              : True  - 1.99
        Amino acid - RNA/DNA : False
      
  Number of custom bonds: simple=0, symmetry=0
  Time building additional restraints: 0.03
  Conformation dependent library (CDL) restraints added in 2.8 milliseconds
  
  Adding C-beta torsion restraints...
  Number of C-beta restraints generated:  2
  Time building geometry restraints manager: 0.03 seconds

  NOTE: a complete listing of the restraints can be obtained by requesting
        output of .geo file.

  Histogram of bond lengths:
        0.86 -     0.99: 16
        0.99 -     1.12: 2
        1.12 -     1.25: 3
        1.25 -     1.39: 8
        1.39 -     1.52: 13
  Bond restraints: 42
  Sorted by residual:
  bond pdb=" CZ3 TRP A   1 "
       pdb=" HZ3 TRP A   1 "
    ideal  model  delta    sigma   weight residual
    0.930  0.875  0.055 2.00e-02 2.50e+03 7.69e+00
  bond pdb=" N   GLY A   2 "
       pdb=" H   GLY A   2 "
    ideal  model  delta    sigma   weight residual
    0.860  0.905 -0.045 2.00e-02 2.50e+03 5.06e+00
  bond pdb=" CH2 TRP A   1 "
       pdb=" CZ3 TRP A   1 "
    ideal  model  delta    sigma   weight residual
    1.400  1.455 -0.055 2.50e-02 1.60e+03 4.85e+00
  bond pdb=" CB  TRP A   1 "
       pdb=" HB2 TRP A   1 "
    ideal  model  delta    sigma   weight residual
    0.970  1.006 -0.036 2.00e-02 2.50e+03 3.27e+00
  bond pdb=" CA  GLY A   3 "
       pdb=" HA1 GLY A   3 "
    ideal  model  delta    sigma   weight residual
    0.970  1.001 -0.031 2.00e-02 2.50e+03 2.35e+00
  ... (remaining 37 not shown)

  Histogram of bond angle deviations from ideal:
      104.13 -   109.92: 22
      109.92 -   115.71: 10
      115.71 -   121.50: 23
      121.50 -   127.29: 11
      127.29 -   133.08: 3
  Bond angle restraints: 69
  Sorted by residual:
  angle pdb=" C   GLY A   2 "
        pdb=" CA  GLY A   2 "
        pdb=" N   GLY A   2 "
      ideal   model   delta    sigma   weight residual
     113.18  118.97   -5.79 2.37e+00 1.78e-01 5.98e+00
  angle pdb=" C   GLY A   2 "
        pdb=" N   GLY A   3 "
        pdb=" CA  GLY A   3 "
      ideal   model   delta    sigma   weight residual
     121.70  117.71    3.99 1.80e+00 3.09e-01 4.92e+00
  angle pdb=" C   TRP A   1 "
        pdb=" N   GLY A   2 "
        pdb=" CA  GLY A   2 "
      ideal   model   delta    sigma   weight residual
     121.41  117.11    4.30 1.96e+00 2.60e-01 4.82e+00
  angle pdb=" C   GLY A   3 "
        pdb=" CA  GLY A   3 "
        pdb=" N   GLY A   3 "
      ideal   model   delta    sigma   weight residual
     113.30  107.09    6.21 2.90e+00 1.19e-01 4.58e+00
  angle pdb=" HA2 GLY A   3 "
        pdb=" CA  GLY A   3 "
        pdb=" N   GLY A   3 "
      ideal   model   delta    sigma   weight residual
     110.00  115.09   -5.09 3.00e+00 1.11e-01 2.88e+00
  ... (remaining 64 not shown)

  Histogram of dihedral angle deviations from ideal:
        0.23 -    35.63: 13
       35.63 -    71.03: 0
       71.03 -   106.42: 0
      106.42 -   141.82: 0
      141.82 -   177.22: 1
  Dihedral angle restraints: 14
    sinusoidal: 3
      harmonic: 11
  Sorted by residual:
  dihedral pdb=" O   GLY A   3 "
           pdb=" C   GLY A   3 "
           pdb=" OXT GLY A   3 "
           pdb=" HXT GLY A   3 "
      ideal   model   delta  harmonic     sigma   weight residual
       0.00 -177.22  177.22     0      3.00e+01 1.11e-03 3.49e+01
  dihedral pdb=" CA  TRP A   1 "
           pdb=" CB  TRP A   1 "
           pdb=" CG  TRP A   1 "
           pdb=" CD1 TRP A   1 "
      ideal   model   delta sinusoidal    sigma   weight residual
     -90.00  -60.99  -29.01     2      2.00e+01 2.50e-03 2.82e+00
  dihedral pdb=" CA  GLY A   2 "
           pdb=" C   GLY A   2 "
           pdb=" N   GLY A   3 "
           pdb=" CA  GLY A   3 "
      ideal   model   delta  harmonic     sigma   weight residual
     180.00  172.71    7.29     0      5.00e+00 4.00e-02 2.13e+00
  ... (remaining 11 not shown)

  Histogram of chiral volume deviations from ideal:
       0.053 -    0.053: 1
       0.053 -    0.053: 0
       0.053 -    0.053: 0
       0.053 -    0.053: 0
       0.053 -    0.053: 0
  Chirality restraints: 1
  Sorted by residual:
  chirality pdb=" CA  TRP A   1 "
            pdb=" C   TRP A   1 "
            pdb=" N   TRP A   1 "
            pdb=" CB  TRP A   1 "
    both_signs  ideal   model   delta    sigma   weight residual
      False     -2.51   -2.46   -0.05 2.00e-01 2.50e+01 7.10e-02

  Planarity restraints: 6
  Sorted by residual:
                                 delta    sigma   weight rms_deltas residual
  plane pdb=" CB  TRP A   1 "   -0.018 2.00e-02 2.50e+03   1.11e-02 4.89e+00
        pdb=" CG  TRP A   1 "    0.007 2.00e-02 2.50e+03
        pdb=" CD1 TRP A   1 "    0.011 2.00e-02 2.50e+03
        pdb=" HD1 TRP A   1 "    0.016 2.00e-02 2.50e+03
        pdb=" NE1 TRP A   1 "   -0.013 2.00e-02 2.50e+03
        pdb=" HE1 TRP A   1 "   -0.024 2.00e-02 2.50e+03
        pdb=" CE2 TRP A   1 "    0.013 2.00e-02 2.50e+03
        pdb=" CZ2 TRP A   1 "    0.005 2.00e-02 2.50e+03
        pdb=" HZ2 TRP A   1 "    0.001 2.00e-02 2.50e+03
        pdb=" CH2 TRP A   1 "    0.009 2.00e-02 2.50e+03
        pdb=" HH2 TRP A   1 "   -0.001 2.00e-02 2.50e+03
        pdb=" CZ3 TRP A   1 "   -0.011 2.00e-02 2.50e+03
        pdb=" HZ3 TRP A   1 "   -0.004 2.00e-02 2.50e+03
        pdb=" CE3 TRP A   1 "   -0.001 2.00e-02 2.50e+03
        pdb=" HE3 TRP A   1 "    0.006 2.00e-02 2.50e+03
        pdb=" CD2 TRP A   1 "    0.003 2.00e-02 2.50e+03
                                 delta    sigma   weight rms_deltas residual
  plane pdb=" O   GLY A   3 "    0.010 2.00e-02 2.50e+03   9.99e-03 1.25e+00
        pdb=" C   GLY A   3 "   -0.011 2.00e-02 2.50e+03
        pdb=" OXT GLY A   3 "   -0.011 2.00e-02 2.50e+03
        pdb=" HXT GLY A   3 "    0.013 2.00e-02 2.50e+03
        pdb=" CA  GLY A   3 "   -0.001 2.00e-02 2.50e+03
                                 delta    sigma   weight rms_deltas residual
  plane pdb=" C   GLY A   2 "   -0.003 2.00e-02 2.50e+03   5.50e-03 3.03e-01
        pdb=" CA  GLY A   3 "   -0.002 2.00e-02 2.50e+03
        pdb=" N   GLY A   3 "    0.009 2.00e-02 2.50e+03
        pdb=" H   GLY A   3 "   -0.004 2.00e-02 2.50e+03
  ... (remaining 3 not shown)

  Histogram of nonbonded interaction distances:
        2.19 -     2.73: 43
        2.73 -     3.27: 51
        3.27 -     3.81: 58
        3.81 -     4.35: 69
        4.35 -     4.90: 95
  Nonbonded interactions: 316
  Sorted by model distance:
  nonbonded pdb=" H   GLY A   2 "
            pdb=" H   GLY A   3 "
     model   vdw
     2.191 2.100
  nonbonded pdb=" O   GLY A   3 "
            pdb=" H   GLY A   3 "
     model   vdw
     2.195 1.970
  nonbonded pdb=" HZ3 TRP A   1 "
            pdb=" HE3 TRP A   1 "
     model   vdw
     2.227 1.680
  nonbonded pdb=" HA  TRP A   1 "
            pdb=" H1  TRP A   1 "
     model   vdw
     2.244 1.816
  nonbonded pdb=" H2  TRP A   1 "
            pdb=" H   GLY A   2 "
     model   vdw
     2.256 2.100
  ... (remaining 311 not shown)

  NOTE: a complete listing of the restraints can be obtained by requesting
        output of .geo file.

                   ----------xray_structure summary----------                  

Number of scattering types: 4
  Type Number    sf(0)   Gaussians
   O       4      7.97       2
   N       4      6.97       2
   C      15      5.97       2
   H      18      1.00       2
  sf(0) = scattering factor at diffraction angle 0.
Number of scatterers: 41
At special positions: 0
Unit cell: (12.478, 13.762, 11.515, 90, 90, 90)
Space group: P 1 (No. 1)

End of input processing
r_work=0.5036 r_free=0.5862
params.data_weight: None
params.restraints: qm
rmsd(b), start:  0.0825
mc:   0 R: 0.2910 rmsd(b):  0.4115 restraint_scale:  2.0 min_steps: 51
mc:   1 R: 0.2576 rmsd(b):  0.4658 restraint_scale:  4.0 min_steps: 50
mc:   2 R: 0.2703 rmsd(b):  0.4815 restraint_scale:  8.0 min_steps: 16
mc:   3 R: 0.2808 rmsd(b):  0.4890 restraint_scale: 16.0 min_steps: 26
mc:   4 R: 0.2952 rmsd(b):  0.4740 restraint_scale: 32.0 min_steps: 26
mc:   5 R: 0.3119 rmsd(b):  0.4909 restraint_scale: 64.0 min_steps: 52
mc:   6 R: 0.3245 rmsd(b):  0.4985 restraint_scale: 128.0 min_steps: 31
mc:   7 R: 0.3620 rmsd(b):  0.5248 restraint_scale: 256.0 min_steps: 52
mc:   8 R: 0.3942 rmsd(b):  0.5432 restraint_scale: 512.0 min_steps: 52
mc:   9 R: 0.3942 rmsd(b):  0.5434 restraint_scale: 1024.0 min_steps: 4
Convergence reached, stop now.
see the result structure:  ./p26/04_results/refine_qm/220_WGG12-new/1.2/8.pdb
Time: 440.5410
