phenix.python
you are importing  adaptive calculator, and it does nothing. Please give it energy, force....... 

============================== Collecting inputs ==============================


                   ----------Processing X-ray data----------                   

F-obs:
  /scratch/m_zhen01/30995.lupus.uni-muenster.de/p26/02_mtz/256_FGG366-new.mtz:F-obs
Miller array info: None
Observation type: xray.amplitude
Type of data: double, size=225
Type of sigmas: None
Number of Miller indices: 225
Anomalous flag: False
Unit cell: (17.505, 12.566, 10.301, 90, 90, 90)
Space group: P 1 (No. 1)
Systematic absences: 0
Centric reflections: 0
Resolution range: 3.9832 2.50071
Completeness in resolution range: 1
Completeness with d_max=infinity: 0.760135

Number of F-obs in resolution range:                   225
Number of F-obs<0 (these reflections will be rejected): 0
Number of F-obs=0 (these reflections will be used in refinement): 0
Refinement resolution range: d_max =   3.9832
                             d_min =   2.5007

R-free flags:
  /scratch/m_zhen01/30995.lupus.uni-muenster.de/p26/02_mtz/256_FGG366-new.mtz:R-free-flags
Miller array info: /scratch/m_zhen01/30995.lupus.uni-muenster.de/p26/02_mtz/256_FGG366-new.mtz:R-free-flags
Observation type: None
Type of data: int, size=225
Type of sigmas: None
Number of Miller indices: 225
Anomalous flag: False
Unit cell: (17.505, 12.566, 10.301, 90, 90, 90)
Space group: P 1 (No. 1)
Systematic absences: 0
Centric reflections: 0
Resolution range: 3.9832 2.50071
Completeness in resolution range: 1
Completeness with d_max=infinity: 0.760135
Wavelength: 1.0000

Test (R-free flags) flag value: 1

Number of work/free reflections by resolution:
                                  work free  %free
  bin  1: 3.9832 - 3.6458 [28/28]   28    0   0.0%
  bin  2: 3.6458 - 3.3998 [14/14]   14    0   0.0%
  bin  3: 3.3998 - 3.2091 [32/32]   30    2   6.2%
  bin  4: 3.2091 - 3.0550 [19/19]   15    4  21.1%
  bin  5: 3.0550 - 2.9268 [30/30]   30    0   0.0%
  bin  6: 2.9268 - 2.8178 [29/29]   25    4  13.8%
  bin  7: 2.8178 - 2.7234 [ 8/8 ]    8    0   0.0%
  bin  8: 2.7234 - 2.6404 [26/26]   26    0   0.0%
  bin  9: 2.6404 - 2.5668 [17/17]   17    0   0.0%
  bin 10: 2.5668 - 2.5007 [22/22]   20    2   9.1%
                          overall  213   12   5.3%

                   ----------Processing PDB file(s)----------                  

  Monomer Library directory:
    "/tmp1/m_zhen01/phenix-installer-1.10.1-2155-intel-linux-2.6-x86_64-centos5/phenix-1.10.1-2155/modules/chem_data/mon_lib"
  Total number of atoms: 37
  Number of models: 1
  Model: ""
    Number of chains: 1
    Chain: "A"
      Number of atoms: 37
      Number of conformers: 1
      Conformer: ""
        Number of residues, atoms: 3, 37
          Classifications: {'peptide': 3}
          Modifications used: {'NH2NOTPRO': 1, 'COOH': 1}
          Link IDs: {'TRANS': 2}
  Time building chain proxies: 0.07, per 1000 atoms: 1.89
  Number of scatterers: 37
  At special positions: 0
  Unit cell: (17.505, 12.566, 10.301, 90, 90, 90)
  Space group: P 1 (No. 1)
  Number of sites at special positions: 0
  Number of scattering types: 4
    Type Number    sf(0)
     O       4      8.00
     N       3      7.00
     C      13      6.00
     H      17      1.00
    sf(0) = scattering factor at diffraction angle 0.

  Number of disulfides: simple=0, symmetry=0

  Automatic linking
    Parameters for automatic linking
      Linking & cutoffs
        Metal                : False - 3.50
        Amimo acid           : False - 1.90
        Carbohydrate         : True  - 1.99
        Ligands              : True  - 1.99
        Amino acid - RNA/DNA : False
      
  Number of custom bonds: simple=0, symmetry=0
  Time building additional restraints: 0.02
  Conformation dependent library (CDL) restraints added in 2.5 milliseconds
  
  Adding C-beta torsion restraints...
  Number of C-beta restraints generated:  2
  Time building geometry restraints manager: 0.02 seconds

  NOTE: a complete listing of the restraints can be obtained by requesting
        output of .geo file.

  Histogram of bond lengths:
        0.85 -     0.99: 15
        0.99 -     1.13: 2
        1.13 -     1.27: 3
        1.27 -     1.40: 8
        1.40 -     1.54: 9
  Bond restraints: 37
  Sorted by residual:
  bond pdb=" C   GLY A   2 "
       pdb=" N   GLY A   3 "
    ideal  model  delta    sigma   weight residual
    1.329  1.298  0.031 1.40e-02 5.10e+03 4.89e+00
  bond pdb=" C   GLY A   2 "
       pdb=" CA  GLY A   2 "
    ideal  model  delta    sigma   weight residual
    1.514  1.485  0.029 1.41e-02 5.03e+03 4.26e+00
  bond pdb=" CE2 PHE A   1 "
       pdb=" HE2 PHE A   1 "
    ideal  model  delta    sigma   weight residual
    0.930  0.890  0.040 2.00e-02 2.50e+03 3.91e+00
  bond pdb=" CA  GLY A   3 "
       pdb=" HA1 GLY A   3 "
    ideal  model  delta    sigma   weight residual
    0.970  1.004 -0.034 2.00e-02 2.50e+03 2.82e+00
  bond pdb=" CB  PHE A   1 "
       pdb=" CG  PHE A   1 "
    ideal  model  delta    sigma   weight residual
    1.502  1.540 -0.038 2.30e-02 1.89e+03 2.71e+00
  ... (remaining 32 not shown)

  Histogram of bond angle deviations from ideal:
      105.00 -   109.24: 14
      109.24 -   113.49: 12
      113.49 -   117.73: 6
      117.73 -   121.97: 23
      121.97 -   126.22: 5
  Bond angle restraints: 60
  Sorted by residual:
  angle pdb=" C   PHE A   1 "
        pdb=" N   GLY A   2 "
        pdb=" CA  GLY A   2 "
      ideal   model   delta    sigma   weight residual
     121.41  118.46    2.95 1.96e+00 2.60e-01 2.27e+00
  angle pdb=" O   GLY A   3 "
        pdb=" C   GLY A   3 "
        pdb=" CA  GLY A   3 "
      ideal   model   delta    sigma   weight residual
     118.60  114.67    3.93 3.00e+00 1.11e-01 1.71e+00
  angle pdb=" HA1 GLY A   2 "
        pdb=" CA  GLY A   2 "
        pdb=" HA2 GLY A   2 "
      ideal   model   delta    sigma   weight residual
     109.00  112.59   -3.59 3.00e+00 1.11e-01 1.43e+00
  angle pdb=" H1  PHE A   1 "
        pdb=" N   PHE A   1 "
        pdb=" H2  PHE A   1 "
      ideal   model   delta    sigma   weight residual
     109.47  106.01    3.46 3.00e+00 1.11e-01 1.33e+00
  angle pdb=" N   PHE A   1 "
        pdb=" CA  PHE A   1 "
        pdb=" HA  PHE A   1 "
      ideal   model   delta    sigma   weight residual
     110.00  106.79    3.21 3.00e+00 1.11e-01 1.15e+00
  ... (remaining 55 not shown)

  Histogram of dihedral angle deviations from ideal:
        0.82 -     2.57: 9
        2.57 -     4.32: 2
        4.32 -     6.08: 1
        6.08 -     7.83: 0
        7.83 -     9.58: 1
  Dihedral angle restraints: 13
    sinusoidal: 3
      harmonic: 10
  Sorted by residual:
  dihedral pdb=" C   PHE A   1 "
           pdb=" N   PHE A   1 "
           pdb=" CA  PHE A   1 "
           pdb=" CB  PHE A   1 "
      ideal   model   delta  harmonic     sigma   weight residual
    -122.60 -124.29    1.69     0      2.50e+00 1.60e-01 4.58e-01
  dihedral pdb=" CA  PHE A   1 "
           pdb=" C   PHE A   1 "
           pdb=" N   GLY A   2 "
           pdb=" CA  GLY A   2 "
      ideal   model   delta  harmonic     sigma   weight residual
    -180.00 -176.66   -3.34     0      5.00e+00 4.00e-02 4.45e-01
  dihedral pdb=" N   PHE A   1 "
           pdb=" C   PHE A   1 "
           pdb=" CA  PHE A   1 "
           pdb=" CB  PHE A   1 "
      ideal   model   delta  harmonic     sigma   weight residual
     122.80  124.03   -1.23     0      2.50e+00 1.60e-01 2.44e-01
  ... (remaining 10 not shown)

  Histogram of chiral volume deviations from ideal:
       0.076 -    0.076: 1
       0.076 -    0.076: 0
       0.076 -    0.076: 0
       0.076 -    0.076: 0
       0.076 -    0.076: 0
  Chirality restraints: 1
  Sorted by residual:
  chirality pdb=" CA  PHE A   1 "
            pdb=" C   PHE A   1 "
            pdb=" N   PHE A   1 "
            pdb=" CB  PHE A   1 "
    both_signs  ideal   model   delta    sigma   weight residual
      False     -2.51   -2.43   -0.08 2.00e-01 2.50e+01 1.45e-01

  Planarity restraints: 6
  Sorted by residual:
                                 delta    sigma   weight rms_deltas residual
  plane pdb=" CB  PHE A   1 "    0.009 2.00e-02 2.50e+03   9.16e-03 2.52e+00
        pdb=" CG  PHE A   1 "   -0.000 2.00e-02 2.50e+03
        pdb=" CD2 PHE A   1 "    0.006 2.00e-02 2.50e+03
        pdb=" HD2 PHE A   1 "   -0.008 2.00e-02 2.50e+03
        pdb=" CE2 PHE A   1 "   -0.002 2.00e-02 2.50e+03
        pdb=" HE2 PHE A   1 "   -0.012 2.00e-02 2.50e+03
        pdb=" CZ  PHE A   1 "    0.017 2.00e-02 2.50e+03
        pdb=" HZ  PHE A   1 "    0.000 2.00e-02 2.50e+03
        pdb=" CE1 PHE A   1 "    0.008 2.00e-02 2.50e+03
        pdb=" HE1 PHE A   1 "   -0.007 2.00e-02 2.50e+03
        pdb=" CD1 PHE A   1 "    0.004 2.00e-02 2.50e+03
        pdb=" HD1 PHE A   1 "   -0.016 2.00e-02 2.50e+03
                                 delta    sigma   weight rms_deltas residual
  plane pdb=" O   GLY A   3 "    0.005 2.00e-02 2.50e+03   6.65e-03 5.53e-01
        pdb=" C   GLY A   3 "   -0.013 2.00e-02 2.50e+03
        pdb=" OXT GLY A   3 "    0.005 2.00e-02 2.50e+03
        pdb=" HXT GLY A   3 "   -0.001 2.00e-02 2.50e+03
        pdb=" CA  GLY A   3 "    0.003 2.00e-02 2.50e+03
                                 delta    sigma   weight rms_deltas residual
  plane pdb=" C   GLY A   2 "   -0.011 2.00e-02 2.50e+03   6.60e-03 4.35e-01
        pdb=" O   GLY A   2 "    0.004 2.00e-02 2.50e+03
        pdb=" CA  GLY A   2 "    0.003 2.00e-02 2.50e+03
        pdb=" N   GLY A   3 "    0.004 2.00e-02 2.50e+03
  ... (remaining 3 not shown)

  Histogram of nonbonded interaction distances:
        2.13 -     2.68: 41
        2.68 -     3.23: 52
        3.23 -     3.78: 44
        3.78 -     4.33: 40
        4.33 -     4.87: 71
  Nonbonded interactions: 248
  Sorted by model distance:
  nonbonded pdb=" HA2 GLY A   2 "
            pdb=" H   GLY A   2 "
     model   vdw
     2.131 1.816
  nonbonded pdb=" H1  PHE A   1 "
            pdb=" HD2 PHE A   1 "
     model   vdw
     2.189 2.100
  nonbonded pdb=" H2  PHE A   1 "
            pdb=" H   GLY A   2 "
     model   vdw
     2.205 2.100
  nonbonded pdb=" HE1 PHE A   1 "
            pdb=" HD1 PHE A   1 "
     model   vdw
     2.235 1.680
  nonbonded pdb=" O   PHE A   1 "
            pdb=" H   GLY A   3 "
     model   vdw
     2.237 1.970
  ... (remaining 243 not shown)

  NOTE: a complete listing of the restraints can be obtained by requesting
        output of .geo file.

                   ----------xray_structure summary----------                  

Number of scattering types: 4
  Type Number    sf(0)   Gaussians
   O       4      7.97       2
   N       3      6.97       2
   C      13      5.97       2
   H      17      1.00       2
  sf(0) = scattering factor at diffraction angle 0.
Number of scatterers: 37
At special positions: 0
Unit cell: (17.505, 12.566, 10.301, 90, 90, 90)
Space group: P 1 (No. 1)

End of input processing
r_work=0.4162 r_free=0.3471
params.data_weight: None
params.restraints: cctbx
rmsd(b), start:  0.0902
mc:   0 R: 0.1006 rmsd(b):  0.0512 restraint_scale:  2.0 min_steps: 34
mc:   1 R: 0.0294 rmsd(b):  0.0120 restraint_scale:  2.0 min_steps: 26
mc:   2 R: 0.0131 rmsd(b):  0.0532 restraint_scale:  4.0 min_steps: 29
mc:   3 R: 0.0110 rmsd(b):  0.0574 restraint_scale:  8.0 min_steps: 13
mc:   4 R: 0.0108 rmsd(b):  0.0530 restraint_scale: 16.0 min_steps: 6
Convergence reached, stop now.
see the result structure:  ./p26/04_results/refine_cctbx/256_FGG366-new/0.6/0.pdb
Time: 5.7382
