phenix.python
you are importing  adaptive calculator, and it does nothing. Please give it energy, force....... 

============================== Collecting inputs ==============================


                   ----------Processing X-ray data----------                   

F-obs:
  /scratch/m_zhen01/30995.lupus.uni-muenster.de/p26/02_mtz/256_FGG366-new.mtz:F-obs
Miller array info: None
Observation type: xray.amplitude
Type of data: double, size=225
Type of sigmas: None
Number of Miller indices: 225
Anomalous flag: False
Unit cell: (17.505, 12.566, 10.301, 90, 90, 90)
Space group: P 1 (No. 1)
Systematic absences: 0
Centric reflections: 0
Resolution range: 3.9832 2.50071
Completeness in resolution range: 1
Completeness with d_max=infinity: 0.760135

Number of F-obs in resolution range:                   225
Number of F-obs<0 (these reflections will be rejected): 0
Number of F-obs=0 (these reflections will be used in refinement): 0
Refinement resolution range: d_max =   3.9832
                             d_min =   2.5007

R-free flags:
  /scratch/m_zhen01/30995.lupus.uni-muenster.de/p26/02_mtz/256_FGG366-new.mtz:R-free-flags
Miller array info: /scratch/m_zhen01/30995.lupus.uni-muenster.de/p26/02_mtz/256_FGG366-new.mtz:R-free-flags
Observation type: None
Type of data: int, size=225
Type of sigmas: None
Number of Miller indices: 225
Anomalous flag: False
Unit cell: (17.505, 12.566, 10.301, 90, 90, 90)
Space group: P 1 (No. 1)
Systematic absences: 0
Centric reflections: 0
Resolution range: 3.9832 2.50071
Completeness in resolution range: 1
Completeness with d_max=infinity: 0.760135
Wavelength: 1.0000

Test (R-free flags) flag value: 1

Number of work/free reflections by resolution:
                                  work free  %free
  bin  1: 3.9832 - 3.6458 [28/28]   28    0   0.0%
  bin  2: 3.6458 - 3.3998 [14/14]   14    0   0.0%
  bin  3: 3.3998 - 3.2091 [32/32]   30    2   6.2%
  bin  4: 3.2091 - 3.0550 [19/19]   15    4  21.1%
  bin  5: 3.0550 - 2.9268 [30/30]   30    0   0.0%
  bin  6: 2.9268 - 2.8178 [29/29]   25    4  13.8%
  bin  7: 2.8178 - 2.7234 [ 8/8 ]    8    0   0.0%
  bin  8: 2.7234 - 2.6404 [26/26]   26    0   0.0%
  bin  9: 2.6404 - 2.5668 [17/17]   17    0   0.0%
  bin 10: 2.5668 - 2.5007 [22/22]   20    2   9.1%
                          overall  213   12   5.3%

                   ----------Processing PDB file(s)----------                  

  Monomer Library directory:
    "/tmp1/m_zhen01/phenix-installer-1.10.1-2155-intel-linux-2.6-x86_64-centos5/phenix-1.10.1-2155/modules/chem_data/mon_lib"
  Total number of atoms: 37
  Number of models: 1
  Model: ""
    Number of chains: 1
    Chain: "A"
      Number of atoms: 37
      Number of conformers: 1
      Conformer: ""
        Number of residues, atoms: 3, 37
          Classifications: {'peptide': 3}
          Modifications used: {'NH2NOTPRO': 1, 'COOH': 1}
          Link IDs: {'TRANS': 2}
  Time building chain proxies: 0.07, per 1000 atoms: 1.89
  Number of scatterers: 37
  At special positions: 0
  Unit cell: (17.505, 12.566, 10.301, 90, 90, 90)
  Space group: P 1 (No. 1)
  Number of sites at special positions: 0
  Number of scattering types: 4
    Type Number    sf(0)
     O       4      8.00
     N       3      7.00
     C      13      6.00
     H      17      1.00
    sf(0) = scattering factor at diffraction angle 0.

  Number of disulfides: simple=0, symmetry=0

  Automatic linking
    Parameters for automatic linking
      Linking & cutoffs
        Metal                : False - 3.50
        Amimo acid           : False - 1.90
        Carbohydrate         : True  - 1.99
        Ligands              : True  - 1.99
        Amino acid - RNA/DNA : False
      
  Number of custom bonds: simple=0, symmetry=0
  Time building additional restraints: 0.02
  Conformation dependent library (CDL) restraints added in 2.5 milliseconds
  
  Adding C-beta torsion restraints...
  Number of C-beta restraints generated:  2
  Time building geometry restraints manager: 0.03 seconds

  NOTE: a complete listing of the restraints can be obtained by requesting
        output of .geo file.

  Histogram of bond lengths:
        0.84 -     0.98: 14
        0.98 -     1.12: 3
        1.12 -     1.26: 3
        1.26 -     1.40: 8
        1.40 -     1.54: 9
  Bond restraints: 37
  Sorted by residual:
  bond pdb=" C   GLY A   2 "
       pdb=" N   GLY A   3 "
    ideal  model  delta    sigma   weight residual
    1.329  1.297  0.032 1.40e-02 5.10e+03 5.17e+00
  bond pdb=" C   GLY A   2 "
       pdb=" CA  GLY A   2 "
    ideal  model  delta    sigma   weight residual
    1.514  1.483  0.032 1.41e-02 5.03e+03 5.01e+00
  bond pdb=" CA  GLY A   3 "
       pdb=" N   GLY A   3 "
    ideal  model  delta    sigma   weight residual
    1.451  1.482 -0.031 1.60e-02 3.91e+03 3.69e+00
  bond pdb=" CA  PHE A   1 "
       pdb=" HA  PHE A   1 "
    ideal  model  delta    sigma   weight residual
    0.970  0.932  0.038 2.00e-02 2.50e+03 3.54e+00
  bond pdb=" CA  GLY A   3 "
       pdb=" HA1 GLY A   3 "
    ideal  model  delta    sigma   weight residual
    0.970  1.005 -0.035 2.00e-02 2.50e+03 3.09e+00
  ... (remaining 32 not shown)

  Histogram of bond angle deviations from ideal:
      104.84 -   108.98: 13
      108.98 -   113.12: 12
      113.12 -   117.26: 6
      117.26 -   121.40: 22
      121.40 -   125.54: 7
  Bond angle restraints: 60
  Sorted by residual:
  angle pdb=" C   PHE A   1 "
        pdb=" N   GLY A   2 "
        pdb=" CA  GLY A   2 "
      ideal   model   delta    sigma   weight residual
     121.41  118.54    2.87 1.96e+00 2.60e-01 2.15e+00
  angle pdb=" C   GLY A   2 "
        pdb=" N   GLY A   3 "
        pdb=" CA  GLY A   3 "
      ideal   model   delta    sigma   weight residual
     121.70  119.10    2.60 1.80e+00 3.09e-01 2.08e+00
  angle pdb=" C   GLY A   3 "
        pdb=" CA  GLY A   3 "
        pdb=" HA1 GLY A   3 "
      ideal   model   delta    sigma   weight residual
     109.00  104.84    4.16 3.00e+00 1.11e-01 1.92e+00
  angle pdb=" HA1 GLY A   3 "
        pdb=" CA  GLY A   3 "
        pdb=" N   GLY A   3 "
      ideal   model   delta    sigma   weight residual
     110.00  113.76   -3.76 3.00e+00 1.11e-01 1.57e+00
  angle pdb=" O   GLY A   3 "
        pdb=" C   GLY A   3 "
        pdb=" CA  GLY A   3 "
      ideal   model   delta    sigma   weight residual
     118.60  115.15    3.45 3.00e+00 1.11e-01 1.32e+00
  ... (remaining 55 not shown)

  Histogram of dihedral angle deviations from ideal:
        0.10 -     2.10: 8
        2.10 -     4.10: 3
        4.10 -     6.10: 0
        6.10 -     8.10: 1
        8.10 -    10.11: 1
  Dihedral angle restraints: 13
    sinusoidal: 3
      harmonic: 10
  Sorted by residual:
  dihedral pdb=" CA  GLY A   2 "
           pdb=" C   GLY A   2 "
           pdb=" N   GLY A   3 "
           pdb=" CA  GLY A   3 "
      ideal   model   delta  harmonic     sigma   weight residual
    -180.00 -176.38   -3.62     0      5.00e+00 4.00e-02 5.25e-01
  dihedral pdb=" CA  PHE A   1 "
           pdb=" C   PHE A   1 "
           pdb=" N   GLY A   2 "
           pdb=" CA  GLY A   2 "
      ideal   model   delta  harmonic     sigma   weight residual
    -180.00 -176.51   -3.49     0      5.00e+00 4.00e-02 4.86e-01
  dihedral pdb=" N   PHE A   1 "
           pdb=" CA  PHE A   1 "
           pdb=" CB  PHE A   1 "
           pdb=" CG  PHE A   1 "
      ideal   model   delta sinusoidal    sigma   weight residual
     -60.00  -67.84    7.84     3      1.50e+01 4.44e-03 3.94e-01
  ... (remaining 10 not shown)

  Histogram of chiral volume deviations from ideal:
       0.095 -    0.095: 1
       0.095 -    0.095: 0
       0.095 -    0.095: 0
       0.095 -    0.095: 0
       0.095 -    0.095: 0
  Chirality restraints: 1
  Sorted by residual:
  chirality pdb=" CA  PHE A   1 "
            pdb=" C   PHE A   1 "
            pdb=" N   PHE A   1 "
            pdb=" CB  PHE A   1 "
    both_signs  ideal   model   delta    sigma   weight residual
      False     -2.51   -2.42   -0.10 2.00e-01 2.50e+01 2.26e-01

  Planarity restraints: 6
  Sorted by residual:
                                 delta    sigma   weight rms_deltas residual
  plane pdb=" O   GLY A   3 "    0.009 2.00e-02 2.50e+03   1.11e-02 1.55e+00
        pdb=" C   GLY A   3 "   -0.019 2.00e-02 2.50e+03
        pdb=" OXT GLY A   3 "    0.012 2.00e-02 2.50e+03
        pdb=" HXT GLY A   3 "   -0.005 2.00e-02 2.50e+03
        pdb=" CA  GLY A   3 "    0.003 2.00e-02 2.50e+03
                                 delta    sigma   weight rms_deltas residual
  plane pdb=" CB  PHE A   1 "    0.012 2.00e-02 2.50e+03   6.28e-03 1.18e+00
        pdb=" CG  PHE A   1 "   -0.002 2.00e-02 2.50e+03
        pdb=" CD2 PHE A   1 "    0.004 2.00e-02 2.50e+03
        pdb=" HD2 PHE A   1 "   -0.006 2.00e-02 2.50e+03
        pdb=" CE2 PHE A   1 "   -0.002 2.00e-02 2.50e+03
        pdb=" HE2 PHE A   1 "   -0.006 2.00e-02 2.50e+03
        pdb=" CZ  PHE A   1 "    0.008 2.00e-02 2.50e+03
        pdb=" HZ  PHE A   1 "    0.005 2.00e-02 2.50e+03
        pdb=" CE1 PHE A   1 "   -0.002 2.00e-02 2.50e+03
        pdb=" HE1 PHE A   1 "    0.001 2.00e-02 2.50e+03
        pdb=" CD1 PHE A   1 "    0.000 2.00e-02 2.50e+03
        pdb=" HD1 PHE A   1 "   -0.011 2.00e-02 2.50e+03
                                 delta    sigma   weight rms_deltas residual
  plane pdb=" C   PHE A   1 "   -0.015 2.00e-02 2.50e+03   8.63e-03 7.45e-01
        pdb=" O   PHE A   1 "    0.006 2.00e-02 2.50e+03
        pdb=" CA  PHE A   1 "    0.004 2.00e-02 2.50e+03
        pdb=" N   GLY A   2 "    0.005 2.00e-02 2.50e+03
  ... (remaining 3 not shown)

  Histogram of nonbonded interaction distances:
        2.16 -     2.71: 44
        2.71 -     3.25: 49
        3.25 -     3.79: 45
        3.79 -     4.34: 38
        4.34 -     4.88: 72
  Nonbonded interactions: 248
  Sorted by model distance:
  nonbonded pdb=" HA2 GLY A   2 "
            pdb=" H   GLY A   2 "
     model   vdw
     2.161 1.816
  nonbonded pdb=" H1  PHE A   1 "
            pdb=" HD2 PHE A   1 "
     model   vdw
     2.180 2.100
  nonbonded pdb=" O   PHE A   1 "
            pdb=" H   GLY A   3 "
     model   vdw
     2.197 1.970
  nonbonded pdb=" HE1 PHE A   1 "
            pdb=" HD1 PHE A   1 "
     model   vdw
     2.240 1.680
  nonbonded pdb=" O   GLY A   3 "
            pdb=" HXT GLY A   3 "
     model   vdw
     2.247 2.056
  ... (remaining 243 not shown)

  NOTE: a complete listing of the restraints can be obtained by requesting
        output of .geo file.

                   ----------xray_structure summary----------                  

Number of scattering types: 4
  Type Number    sf(0)   Gaussians
   O       4      7.97       2
   N       3      6.97       2
   C      13      5.97       2
   H      17      1.00       2
  sf(0) = scattering factor at diffraction angle 0.
Number of scatterers: 37
At special positions: 0
Unit cell: (17.505, 12.566, 10.301, 90, 90, 90)
Space group: P 1 (No. 1)

End of input processing
r_work=0.4238 r_free=0.3623
params.data_weight: None
params.restraints: cctbx
rmsd(b), start:  0.0883
mc:   0 R: 0.1083 rmsd(b):  0.0559 restraint_scale:  2.0 min_steps: 34
mc:   1 R: 0.0318 rmsd(b):  0.0120 restraint_scale:  2.0 min_steps: 20
mc:   2 R: 0.0130 rmsd(b):  0.0569 restraint_scale:  4.0 min_steps: 25
mc:   3 R: 0.0123 rmsd(b):  0.0576 restraint_scale:  8.0 min_steps: 4
Convergence reached, stop now.
see the result structure:  ./p26/04_results/refine_cctbx/256_FGG366-new/0.6/7.pdb
Time: 5.4132
