phenix.python
you are importing  adaptive calculator, and it does nothing. Please give it energy, force....... 

============================== Collecting inputs ==============================


                   ----------Processing X-ray data----------                   

F-obs:
  /scratch/m_zhen01/30995.lupus.uni-muenster.de/p26/02_mtz/246_GFA16-new.mtz:F-obs
Miller array info: None
Observation type: xray.amplitude
Type of data: double, size=210
Type of sigmas: None
Number of Miller indices: 210
Anomalous flag: False
Unit cell: (17.049, 11.973, 10.115, 90, 90, 90)
Space group: P 1 (No. 1)
Systematic absences: 0
Centric reflections: 0
Resolution range: 3.991 2.50138
Completeness in resolution range: 1
Completeness with d_max=infinity: 0.76087

Number of F-obs in resolution range:                   210
Number of F-obs<0 (these reflections will be rejected): 0
Number of F-obs=0 (these reflections will be used in refinement): 0
Refinement resolution range: d_max =   3.9910
                             d_min =   2.5014

R-free flags:
  /scratch/m_zhen01/30995.lupus.uni-muenster.de/p26/02_mtz/246_GFA16-new.mtz:R-free-flags
Miller array info: /scratch/m_zhen01/30995.lupus.uni-muenster.de/p26/02_mtz/246_GFA16-new.mtz:R-free-flags
Observation type: None
Type of data: int, size=210
Type of sigmas: None
Number of Miller indices: 210
Anomalous flag: False
Unit cell: (17.049, 11.973, 10.115, 90, 90, 90)
Space group: P 1 (No. 1)
Systematic absences: 0
Centric reflections: 0
Resolution range: 3.991 2.50138
Completeness in resolution range: 1
Completeness with d_max=infinity: 0.76087
Wavelength: 1.0000

Test (R-free flags) flag value: 1

Number of work/free reflections by resolution:
                                  work free  %free
  bin  1: 3.9910 - 3.6510 [23/23]   21    2   8.7%
  bin  2: 3.6510 - 3.4035 [21/21]   21    0   0.0%
  bin  3: 3.4035 - 3.2119 [17/17]   15    2  11.8%
  bin  4: 3.2119 - 3.0572 [28/28]   28    0   0.0%
  bin  5: 3.0572 - 2.9286 [15/15]   15    0   0.0%
  bin  6: 2.9286 - 2.8192 [27/27]   25    2   7.4%
  bin  7: 2.8192 - 2.7245 [24/24]   24    0   0.0%
  bin  8: 2.7245 - 2.6414 [12/12]   12    0   0.0%
  bin  9: 2.6414 - 2.5676 [14/14]   10    4  28.6%
  bin 10: 2.5676 - 2.5014 [29/29]   29    0   0.0%
                          overall  200   10   4.8%

                   ----------Processing PDB file(s)----------                  

  Monomer Library directory:
    "/tmp1/m_zhen01/phenix-installer-1.10.1-2155-intel-linux-2.6-x86_64-centos5/phenix-1.10.1-2155/modules/chem_data/mon_lib"
  Total number of atoms: 40
  Number of models: 1
  Model: ""
    Number of chains: 1
    Chain: "A"
      Number of atoms: 40
      Number of conformers: 1
      Conformer: ""
        Number of residues, atoms: 3, 40
          Classifications: {'peptide': 3}
          Modifications used: {'NH2NOTPRO': 1, 'COOH': 1}
          Link IDs: {'TRANS': 2}
  Time building chain proxies: 0.09, per 1000 atoms: 2.25
  Number of scatterers: 40
  At special positions: 0
  Unit cell: (17.049, 11.973, 10.115, 90, 90, 90)
  Space group: P 1 (No. 1)
  Number of sites at special positions: 0
  Number of scattering types: 4
    Type Number    sf(0)
     O       4      8.00
     N       3      7.00
     C      14      6.00
     H      19      1.00
    sf(0) = scattering factor at diffraction angle 0.

  Number of disulfides: simple=0, symmetry=0

  Automatic linking
    Parameters for automatic linking
      Linking & cutoffs
        Metal                : False - 3.50
        Amimo acid           : False - 1.90
        Carbohydrate         : True  - 1.99
        Ligands              : True  - 1.99
        Amino acid - RNA/DNA : False
      
  Number of custom bonds: simple=0, symmetry=0
  Time building additional restraints: 0.03
  Conformation dependent library (CDL) restraints added in 3.8 milliseconds
  
  Adding C-beta torsion restraints...
  Number of C-beta restraints generated:  4
  Time building geometry restraints manager: 0.03 seconds

  NOTE: a complete listing of the restraints can be obtained by requesting
        output of .geo file.

  Histogram of bond lengths:
        0.82 -     0.97: 10
        0.97 -     1.11: 9
        1.11 -     1.26: 3
        1.26 -     1.40: 9
        1.40 -     1.54: 9
  Bond restraints: 40
  Sorted by residual:
  bond pdb=" N   ALA A   3 "
       pdb=" H   ALA A   3 "
    ideal  model  delta    sigma   weight residual
    0.860  0.823  0.037 2.00e-02 2.50e+03 3.46e+00
  bond pdb=" CE2 PHE A   2 "
       pdb=" CD2 PHE A   2 "
    ideal  model  delta    sigma   weight residual
    1.382  1.331  0.051 3.00e-02 1.11e+03 2.87e+00
  bond pdb=" N   PHE A   2 "
       pdb=" H   PHE A   2 "
    ideal  model  delta    sigma   weight residual
    0.860  0.826  0.034 2.00e-02 2.50e+03 2.86e+00
  bond pdb=" CE1 PHE A   2 "
       pdb=" HE1 PHE A   2 "
    ideal  model  delta    sigma   weight residual
    0.930  0.901  0.029 2.00e-02 2.50e+03 2.09e+00
  bond pdb=" N   GLY A   1 "
       pdb=" H2  GLY A   1 "
    ideal  model  delta    sigma   weight residual
    0.960  0.932  0.028 2.00e-02 2.50e+03 1.90e+00
  ... (remaining 35 not shown)

  Histogram of bond angle deviations from ideal:
      102.49 -   107.34: 9
      107.34 -   112.19: 21
      112.19 -   117.03: 7
      117.03 -   121.88: 21
      121.88 -   126.72: 8
  Bond angle restraints: 66
  Sorted by residual:
  angle pdb=" C   GLY A   1 "
        pdb=" N   PHE A   2 "
        pdb=" CA  PHE A   2 "
      ideal   model   delta    sigma   weight residual
     121.54  126.72   -5.18 1.91e+00 2.74e-01 7.36e+00
  angle pdb=" O   ALA A   3 "
        pdb=" C   ALA A   3 "
        pdb=" CA  ALA A   3 "
      ideal   model   delta    sigma   weight residual
     118.60  112.70    5.90 3.00e+00 1.11e-01 3.87e+00
  angle pdb=" HB2 PHE A   2 "
        pdb=" CB  PHE A   2 "
        pdb=" CG  PHE A   2 "
      ideal   model   delta    sigma   weight residual
     108.00  102.49    5.51 3.00e+00 1.11e-01 3.37e+00
  angle pdb=" HB1 PHE A   2 "
        pdb=" CB  PHE A   2 "
        pdb=" CA  PHE A   2 "
      ideal   model   delta    sigma   weight residual
     109.00  104.27    4.73 3.00e+00 1.11e-01 2.49e+00
  angle pdb=" HB1 PHE A   2 "
        pdb=" CB  PHE A   2 "
        pdb=" CG  PHE A   2 "
      ideal   model   delta    sigma   weight residual
     108.00  112.10   -4.10 3.00e+00 1.11e-01 1.87e+00
  ... (remaining 61 not shown)

  Histogram of dihedral angle deviations from ideal:
        0.22 -    35.55: 14
       35.55 -    70.89: 1
       70.89 -   106.23: 0
      106.23 -   141.57: 0
      141.57 -   176.91: 1
  Dihedral angle restraints: 16
    sinusoidal: 4
      harmonic: 12
  Sorted by residual:
  dihedral pdb=" O   ALA A   3 "
           pdb=" C   ALA A   3 "
           pdb=" OXT ALA A   3 "
           pdb=" HXT ALA A   3 "
      ideal   model   delta  harmonic     sigma   weight residual
       0.00  176.91 -176.91     0      3.00e+01 1.11e-03 3.48e+01
  dihedral pdb=" CA  GLY A   1 "
           pdb=" C   GLY A   1 "
           pdb=" N   PHE A   2 "
           pdb=" CA  PHE A   2 "
      ideal   model   delta  harmonic     sigma   weight residual
     180.00  168.52   11.48     0      5.00e+00 4.00e-02 5.28e+00
  dihedral pdb=" OXT ALA A   3 "
           pdb=" C   ALA A   3 "
           pdb=" CA  ALA A   3 "
           pdb=" N   ALA A   3 "
      ideal   model   delta sinusoidal    sigma   weight residual
     -20.00  -67.51   47.51     2      3.00e+01 1.11e-03 2.90e+00
  ... (remaining 13 not shown)

  Histogram of chiral volume deviations from ideal:
       0.009 -    0.022: 1
       0.022 -    0.036: 0
       0.036 -    0.049: 0
       0.049 -    0.063: 0
       0.063 -    0.076: 1
  Chirality restraints: 2
  Sorted by residual:
  chirality pdb=" CA  PHE A   2 "
            pdb=" CB  PHE A   2 "
            pdb=" C   PHE A   2 "
            pdb=" N   PHE A   2 "
    both_signs  ideal   model   delta    sigma   weight residual
      False     -2.51   -2.43   -0.08 2.00e-01 2.50e+01 1.46e-01
  chirality pdb=" CA  ALA A   3 "
            pdb=" C   ALA A   3 "
            pdb=" CB  ALA A   3 "
            pdb=" N   ALA A   3 "
    both_signs  ideal   model   delta    sigma   weight residual
      False      2.48    2.49   -0.01 2.00e-01 2.50e+01 1.95e-03

  Planarity restraints: 6
  Sorted by residual:
                                 delta    sigma   weight rms_deltas residual
  plane pdb=" CB  PHE A   2 "   -0.010 2.00e-02 2.50e+03   1.07e-02 3.41e+00
        pdb=" CG  PHE A   2 "   -0.008 2.00e-02 2.50e+03
        pdb=" CD1 PHE A   2 "   -0.003 2.00e-02 2.50e+03
        pdb=" HD1 PHE A   2 "    0.020 2.00e-02 2.50e+03
        pdb=" CE1 PHE A   2 "   -0.003 2.00e-02 2.50e+03
        pdb=" HE1 PHE A   2 "   -0.009 2.00e-02 2.50e+03
        pdb=" CZ  PHE A   2 "    0.007 2.00e-02 2.50e+03
        pdb=" HZ  PHE A   2 "    0.003 2.00e-02 2.50e+03
        pdb=" CE2 PHE A   2 "   -0.021 2.00e-02 2.50e+03
        pdb=" HE2 PHE A   2 "    0.006 2.00e-02 2.50e+03
        pdb=" CD2 PHE A   2 "    0.007 2.00e-02 2.50e+03
        pdb=" HD2 PHE A   2 "    0.011 2.00e-02 2.50e+03
                                 delta    sigma   weight rms_deltas residual
  plane pdb=" O   ALA A   3 "   -0.011 2.00e-02 2.50e+03   1.26e-02 1.97e+00
        pdb=" C   ALA A   3 "    0.008 2.00e-02 2.50e+03
        pdb=" OXT ALA A   3 "    0.017 2.00e-02 2.50e+03
        pdb=" HXT ALA A   3 "   -0.017 2.00e-02 2.50e+03
        pdb=" CA  ALA A   3 "    0.004 2.00e-02 2.50e+03
                                 delta    sigma   weight rms_deltas residual
  plane pdb=" C   GLY A   1 "   -0.019 2.00e-02 2.50e+03   1.12e-02 1.26e+00
        pdb=" O   GLY A   1 "    0.007 2.00e-02 2.50e+03
        pdb=" CA  GLY A   1 "    0.005 2.00e-02 2.50e+03
        pdb=" N   PHE A   2 "    0.007 2.00e-02 2.50e+03
  ... (remaining 3 not shown)

  Histogram of nonbonded interaction distances:
        1.77 -     2.40: 18
        2.40 -     3.02: 63
        3.02 -     3.65: 73
        3.65 -     4.27: 71
        4.27 -     4.90: 97
  Nonbonded interactions: 322
  Sorted by model distance:
  nonbonded pdb=" O   PHE A   2 "
            pdb=" HXT ALA A   3 "
     model   vdw
     1.771 1.970
  nonbonded pdb=" O   GLY A   1 "
            pdb=" H   ALA A   3 "
     model   vdw
     2.058 1.970
  nonbonded pdb=" HB1 PHE A   2 "
            pdb=" H   ALA A   3 "
     model   vdw
     2.060 2.270
  nonbonded pdb=" HA  ALA A   3 "
            pdb=" H   ALA A   3 "
     model   vdw
     2.089 1.816
  nonbonded pdb=" HA  PHE A   2 "
            pdb=" H   PHE A   2 "
     model   vdw
     2.110 1.816
  ... (remaining 317 not shown)

  NOTE: a complete listing of the restraints can be obtained by requesting
        output of .geo file.

                   ----------xray_structure summary----------                  

Number of scattering types: 4
  Type Number    sf(0)   Gaussians
   O       4      7.97       2
   N       3      6.97       2
   C      14      5.97       2
   H      19      1.00       2
  sf(0) = scattering factor at diffraction angle 0.
Number of scatterers: 40
At special positions: 0
Unit cell: (17.049, 11.973, 10.115, 90, 90, 90)
Space group: P 1 (No. 1)

End of input processing
r_work=0.4584 r_free=0.5700
params.data_weight: None
params.restraints: cctbx
rmsd(b), start:  0.0920
mc:   0 R: 0.1457 rmsd(b):  0.0624 restraint_scale:  2.0 min_steps: 38
mc:   1 R: 0.1184 rmsd(b):  0.0473 restraint_scale:  4.0 min_steps: 27
mc:   2 R: 0.1456 rmsd(b):  0.0208 restraint_scale:  4.0 min_steps: 25
mc:   3 R: 0.1257 rmsd(b):  0.0343 restraint_scale:  8.0 min_steps: 14
mc:   4 R: 0.1278 rmsd(b):  0.0308 restraint_scale: 16.0 min_steps: 3
mc:   5 R: 0.1450 rmsd(b):  0.0209 restraint_scale: 16.0 min_steps: 23
mc:   6 R: 0.1579 rmsd(b):  0.0146 restraint_scale: 16.0 min_steps: 13
mc:   7 R: 0.1377 rmsd(b):  0.0263 restraint_scale: 16.0 min_steps: 20
mc:   8 R: 0.1549 rmsd(b):  0.0159 restraint_scale: 16.0 min_steps: 18
mc:   9 R: 0.1678 rmsd(b):  0.0109 restraint_scale: 16.0 min_steps: 21
mc:  10 R: 0.1506 rmsd(b):  0.0199 restraint_scale: 16.0 min_steps: 12
mc:  11 R: 0.1577 rmsd(b):  0.0142 restraint_scale: 16.0 min_steps: 8
mc:  12 R: 0.1511 rmsd(b):  0.0190 restraint_scale: 16.0 min_steps: 9
mc:  13 R: 0.1511 rmsd(b):  0.0190 restraint_scale: 16.0 min_steps: 1
Convergence reached, stop now.
see the result structure:  ./p26/04_results/refine_cctbx/246_GFA16-new/0.9/9.pdb
Time: 7.8597
