phenix.python
you are importing  adaptive calculator, and it does nothing. Please give it energy, force....... 

============================== Collecting inputs ==============================


                   ----------Processing X-ray data----------                   

F-obs:
  /scratch/m_zhen01/30995.lupus.uni-muenster.de/p26/02_mtz/247_GFA03-new.mtz:F-obs
Miller array info: None
Observation type: xray.amplitude
Type of data: double, size=227
Type of sigmas: None
Number of Miller indices: 227
Anomalous flag: False
Unit cell: (16.841, 13.139, 9.995, 90, 90, 90)
Space group: P 1 (No. 1)
Systematic absences: 0
Centric reflections: 0
Resolution range: 3.97746 2.50702
Completeness in resolution range: 1
Completeness with d_max=infinity: 0.761745

Number of F-obs in resolution range:                   227
Number of F-obs<0 (these reflections will be rejected): 0
Number of F-obs=0 (these reflections will be used in refinement): 0
Refinement resolution range: d_max =   3.9775
                             d_min =   2.5070

R-free flags:
  /scratch/m_zhen01/30995.lupus.uni-muenster.de/p26/02_mtz/247_GFA03-new.mtz:R-free-flags
Miller array info: /scratch/m_zhen01/30995.lupus.uni-muenster.de/p26/02_mtz/247_GFA03-new.mtz:R-free-flags
Observation type: None
Type of data: int, size=227
Type of sigmas: None
Number of Miller indices: 227
Anomalous flag: False
Unit cell: (16.841, 13.139, 9.995, 90, 90, 90)
Space group: P 1 (No. 1)
Systematic absences: 0
Centric reflections: 0
Resolution range: 3.97746 2.50702
Completeness in resolution range: 1
Completeness with d_max=infinity: 0.761745
Wavelength: 1.0000

Test (R-free flags) flag value: 1

Number of work/free reflections by resolution:
                                  work free  %free
  bin  1: 3.9775 - 3.6450 [24/24]   24    0   0.0%
  bin  2: 3.6450 - 3.4016 [16/16]   16    0   0.0%
  bin  3: 3.4016 - 3.2125 [31/31]   27    4  12.9%
  bin  4: 3.2125 - 3.0594 [28/28]   24    4  14.3%
  bin  5: 3.0594 - 2.9319 [10/10]    8    2  20.0%
  bin  6: 2.9319 - 2.8233 [28/28]   28    0   0.0%
  bin  7: 2.8233 - 2.7292 [19/19]   19    0   0.0%
  bin  8: 2.7292 - 2.6465 [18/18]   18    0   0.0%
  bin  9: 2.6465 - 2.5730 [29/29]   27    2   6.9%
  bin 10: 2.5730 - 2.5070 [24/24]   24    0   0.0%
                          overall  215   12   5.3%

                   ----------Processing PDB file(s)----------                  

  Monomer Library directory:
    "/tmp1/m_zhen01/phenix-installer-1.10.1-2155-intel-linux-2.6-x86_64-centos5/phenix-1.10.1-2155/modules/chem_data/mon_lib"
  Total number of atoms: 40
  Number of models: 1
  Model: ""
    Number of chains: 1
    Chain: "A"
      Number of atoms: 40
      Number of conformers: 1
      Conformer: ""
        Number of residues, atoms: 3, 40
          Classifications: {'peptide': 3}
          Modifications used: {'NH2NOTPRO': 1, 'COOH': 1}
          Link IDs: {'TRANS': 2}
  Time building chain proxies: 0.09, per 1000 atoms: 2.25
  Number of scatterers: 40
  At special positions: 0
  Unit cell: (16.841, 13.139, 9.995, 90, 90, 90)
  Space group: P 1 (No. 1)
  Number of sites at special positions: 0
  Number of scattering types: 4
    Type Number    sf(0)
     O       4      8.00
     N       3      7.00
     C      14      6.00
     H      19      1.00
    sf(0) = scattering factor at diffraction angle 0.

  Number of disulfides: simple=0, symmetry=0

  Automatic linking
    Parameters for automatic linking
      Linking & cutoffs
        Metal                : False - 3.50
        Amimo acid           : False - 1.90
        Carbohydrate         : True  - 1.99
        Ligands              : True  - 1.99
        Amino acid - RNA/DNA : False
      
  Number of custom bonds: simple=0, symmetry=0
  Time building additional restraints: 0.03
  Conformation dependent library (CDL) restraints added in 3.5 milliseconds
  
  Adding C-beta torsion restraints...
  Number of C-beta restraints generated:  4
  Time building geometry restraints manager: 0.04 seconds

  NOTE: a complete listing of the restraints can be obtained by requesting
        output of .geo file.

  Histogram of bond lengths:
        0.86 -     0.99: 18
        0.99 -     1.13: 1
        1.13 -     1.27: 3
        1.27 -     1.40: 7
        1.40 -     1.54: 11
  Bond restraints: 40
  Sorted by residual:
  bond pdb=" CB  ALA A   3 "
       pdb=" HB3 ALA A   3 "
    ideal  model  delta    sigma   weight residual
    0.970  1.034 -0.064 2.00e-02 2.50e+03 1.02e+01
  bond pdb=" CB  PHE A   2 "
       pdb=" HB1 PHE A   2 "
    ideal  model  delta    sigma   weight residual
    0.970  0.919  0.051 2.00e-02 2.50e+03 6.45e+00
  bond pdb=" CE2 PHE A   2 "
       pdb=" HE2 PHE A   2 "
    ideal  model  delta    sigma   weight residual
    0.930  0.969 -0.039 2.00e-02 2.50e+03 3.87e+00
  bond pdb=" CA  ALA A   3 "
       pdb=" CB  ALA A   3 "
    ideal  model  delta    sigma   weight residual
    1.521  1.458  0.063 3.30e-02 9.18e+02 3.64e+00
  bond pdb=" CD1 PHE A   2 "
       pdb=" HD1 PHE A   2 "
    ideal  model  delta    sigma   weight residual
    0.930  0.965 -0.035 2.00e-02 2.50e+03 3.00e+00
  ... (remaining 35 not shown)

  Histogram of bond angle deviations from ideal:
      103.29 -   107.92: 7
      107.92 -   112.54: 22
      112.54 -   117.16: 8
      117.16 -   121.78: 20
      121.78 -   126.40: 9
  Bond angle restraints: 66
  Sorted by residual:
  angle pdb=" C   ALA A   3 "
        pdb=" CA  ALA A   3 "
        pdb=" HA  ALA A   3 "
      ideal   model   delta    sigma   weight residual
     109.00  103.29    5.71 3.00e+00 1.11e-01 3.62e+00
  angle pdb=" C   GLY A   1 "
        pdb=" N   PHE A   2 "
        pdb=" CA  PHE A   2 "
      ideal   model   delta    sigma   weight residual
     121.33  123.92   -2.59 1.40e+00 5.10e-01 3.43e+00
  angle pdb=" OXT ALA A   3 "
        pdb=" C   ALA A   3 "
        pdb=" CA  ALA A   3 "
      ideal   model   delta    sigma   weight residual
     118.60  113.19    5.41 3.00e+00 1.11e-01 3.25e+00
  angle pdb=" CB  PHE A   2 "
        pdb=" CG  PHE A   2 "
        pdb=" CD1 PHE A   2 "
      ideal   model   delta    sigma   weight residual
     120.70  117.68    3.02 1.70e+00 3.46e-01 3.15e+00
  angle pdb=" C   GLY A   1 "
        pdb=" CA  GLY A   1 "
        pdb=" HA1 GLY A   1 "
      ideal   model   delta    sigma   weight residual
     109.00  103.75    5.25 3.00e+00 1.11e-01 3.06e+00
  ... (remaining 61 not shown)

  Histogram of dihedral angle deviations from ideal:
        0.11 -     5.34: 12
        5.34 -    10.57: 2
       10.57 -    15.80: 0
       15.80 -    21.03: 1
       21.03 -    26.25: 1
  Dihedral angle restraints: 16
    sinusoidal: 4
      harmonic: 12
  Sorted by residual:
  dihedral pdb=" CA  GLY A   1 "
           pdb=" C   GLY A   1 "
           pdb=" N   PHE A   2 "
           pdb=" CA  PHE A   2 "
      ideal   model   delta  harmonic     sigma   weight residual
    -180.00 -174.58   -5.42     0      5.00e+00 4.00e-02 1.18e+00
  dihedral pdb=" OXT ALA A   3 "
           pdb=" C   ALA A   3 "
           pdb=" CA  ALA A   3 "
           pdb=" N   ALA A   3 "
      ideal   model   delta sinusoidal    sigma   weight residual
     160.00 -173.75  -26.25     2      3.00e+01 1.11e-03 1.04e+00
  dihedral pdb=" CD1 PHE A   2 "
           pdb=" CB  PHE A   2 "
           pdb=" CG  PHE A   2 "
           pdb=" CA  PHE A   2 "
      ideal   model   delta sinusoidal    sigma   weight residual
     -90.00 -106.06   16.06     2      2.00e+01 2.50e-03 9.18e-01
  ... (remaining 13 not shown)

  Histogram of chiral volume deviations from ideal:
       0.026 -    0.062: 1
       0.062 -    0.098: 0
       0.098 -    0.133: 0
       0.133 -    0.169: 0
       0.169 -    0.205: 1
  Chirality restraints: 2
  Sorted by residual:
  chirality pdb=" CA  ALA A   3 "
            pdb=" C   ALA A   3 "
            pdb=" CB  ALA A   3 "
            pdb=" N   ALA A   3 "
    both_signs  ideal   model   delta    sigma   weight residual
      False      2.48    2.28    0.20 2.00e-01 2.50e+01 1.05e+00
  chirality pdb=" CA  PHE A   2 "
            pdb=" CB  PHE A   2 "
            pdb=" C   PHE A   2 "
            pdb=" N   PHE A   2 "
    both_signs  ideal   model   delta    sigma   weight residual
      False     -2.51   -2.48   -0.03 2.00e-01 2.50e+01 1.72e-02

  Planarity restraints: 6
  Sorted by residual:
                                 delta    sigma   weight rms_deltas residual
  plane pdb=" CB  PHE A   2 "    0.001 2.00e-02 2.50e+03   1.53e-02 7.02e+00
        pdb=" CG  PHE A   2 "    0.007 2.00e-02 2.50e+03
        pdb=" CD1 PHE A   2 "    0.013 2.00e-02 2.50e+03
        pdb=" HD1 PHE A   2 "   -0.008 2.00e-02 2.50e+03
        pdb=" CE1 PHE A   2 "    0.013 2.00e-02 2.50e+03
        pdb=" HE1 PHE A   2 "   -0.021 2.00e-02 2.50e+03
        pdb=" CZ  PHE A   2 "    0.018 2.00e-02 2.50e+03
        pdb=" HZ  PHE A   2 "   -0.020 2.00e-02 2.50e+03
        pdb=" CE2 PHE A   2 "    0.018 2.00e-02 2.50e+03
        pdb=" HE2 PHE A   2 "    0.004 2.00e-02 2.50e+03
        pdb=" CD2 PHE A   2 "    0.002 2.00e-02 2.50e+03
        pdb=" HD2 PHE A   2 "   -0.029 2.00e-02 2.50e+03
                                 delta    sigma   weight rms_deltas residual
  plane pdb=" C   PHE A   2 "    0.009 2.00e-02 2.50e+03   1.72e-02 2.95e+00
        pdb=" CA  ALA A   3 "    0.007 2.00e-02 2.50e+03
        pdb=" N   ALA A   3 "   -0.030 2.00e-02 2.50e+03
        pdb=" H   ALA A   3 "    0.013 2.00e-02 2.50e+03
                                 delta    sigma   weight rms_deltas residual
  plane pdb=" O   ALA A   3 "    0.004 2.00e-02 2.50e+03   1.22e-02 1.86e+00
        pdb=" C   ALA A   3 "   -0.019 2.00e-02 2.50e+03
        pdb=" OXT ALA A   3 "   -0.009 2.00e-02 2.50e+03
        pdb=" HXT ALA A   3 "    0.013 2.00e-02 2.50e+03
        pdb=" CA  ALA A   3 "    0.011 2.00e-02 2.50e+03
  ... (remaining 3 not shown)

  Histogram of nonbonded interaction distances:
        2.18 -     2.72: 45
        2.72 -     3.26: 51
        3.26 -     3.80: 55
        3.80 -     4.34: 47
        4.34 -     4.88: 100
  Nonbonded interactions: 298
  Sorted by model distance:
  nonbonded pdb=" H2  GLY A   1 "
            pdb=" H   PHE A   2 "
     model   vdw
     2.176 2.100
  nonbonded pdb=" HB1 PHE A   2 "
            pdb=" HD1 PHE A   2 "
     model   vdw
     2.200 2.270
  nonbonded pdb=" HB1 ALA A   3 "
            pdb=" HA  ALA A   3 "
     model   vdw
     2.289 1.952
  nonbonded pdb=" HA2 GLY A   1 "
            pdb=" H1  GLY A   1 "
     model   vdw
     2.290 1.816
  nonbonded pdb=" HB2 ALA A   3 "
            pdb=" HA  ALA A   3 "
     model   vdw
     2.306 1.952
  ... (remaining 293 not shown)

  NOTE: a complete listing of the restraints can be obtained by requesting
        output of .geo file.

                   ----------xray_structure summary----------                  

Number of scattering types: 4
  Type Number    sf(0)   Gaussians
   O       4      7.97       2
   N       3      6.97       2
   C      14      5.97       2
   H      19      1.00       2
  sf(0) = scattering factor at diffraction angle 0.
Number of scatterers: 40
At special positions: 0
Unit cell: (16.841, 13.139, 9.995, 90, 90, 90)
Space group: P 1 (No. 1)

End of input processing
r_work=0.5006 r_free=0.5915
params.data_weight: None
params.restraints: cctbx
rmsd(b), start:  0.0813
mc:   0 R: 0.4939 rmsd(b):  0.0005 restraint_scale:  0.5 min_steps: 53
mc:   1 R: 0.3379 rmsd(b):  0.2616 restraint_scale:  1.0 min_steps: 46
mc:   2 R: 0.0859 rmsd(b):  0.0526 restraint_scale:  2.0 min_steps: 45
mc:   3 R: 0.0298 rmsd(b):  0.0205 restraint_scale:  2.0 min_steps: 29
mc:   4 R: 0.0164 rmsd(b):  0.0524 restraint_scale:  4.0 min_steps: 20
mc:   5 R: 0.0164 rmsd(b):  0.0524 restraint_scale:  8.0 min_steps: 1
Convergence reached, stop now.
see the result structure:  ./p26/04_results/refine_cctbx/247_GFA03-new/0.9/0.pdb
Time: 6.8862
