phenix.python
you are importing  adaptive calculator, and it does nothing. Please give it energy, force....... 

============================== Collecting inputs ==============================


                   ----------Processing X-ray data----------                   

F-obs:
  /scratch/m_zhen01/30993.lupus.uni-muenster.de/p26/02_mtz/231_GGF01-new.mtz:F-obs
Miller array info: None
Observation type: xray.amplitude
Type of data: double, size=171
Type of sigmas: None
Number of Miller indices: 171
Anomalous flag: False
Unit cell: (12.408, 13.107, 10.683, 90, 90, 90)
Space group: P 1 (No. 1)
Systematic absences: 0
Centric reflections: 0
Resolution range: 3.94428 2.52193
Completeness in resolution range: 1
Completeness with d_max=infinity: 0.753304

Number of F-obs in resolution range:                   171
Number of F-obs<0 (these reflections will be rejected): 0
Number of F-obs=0 (these reflections will be used in refinement): 0
Refinement resolution range: d_max =   3.9443
                             d_min =   2.5219

R-free flags:
  /scratch/m_zhen01/30993.lupus.uni-muenster.de/p26/02_mtz/231_GGF01-new.mtz:R-free-flags
Miller array info: /scratch/m_zhen01/30993.lupus.uni-muenster.de/p26/02_mtz/231_GGF01-new.mtz:R-free-flags
Observation type: None
Type of data: int, size=171
Type of sigmas: None
Number of Miller indices: 171
Anomalous flag: False
Unit cell: (12.408, 13.107, 10.683, 90, 90, 90)
Space group: P 1 (No. 1)
Systematic absences: 0
Centric reflections: 0
Resolution range: 3.94428 2.52193
Completeness in resolution range: 1
Completeness with d_max=infinity: 0.753304
Wavelength: 1.0000

Test (R-free flags) flag value: 1

Number of work/free reflections by resolution:
                                  work free  %free
  bin  1: 3.9443 - 3.6303 [20/20]   20    0   0.0%
  bin  2: 3.6303 - 3.3972 [13/13]   13    0   0.0%
  bin  3: 3.3972 - 3.2143 [21/21]   21    0   0.0%
  bin  4: 3.2143 - 3.0654 [13/13]   11    2  15.4%
  bin  5: 3.0654 - 2.9408 [22/22]   20    2   9.1%
  bin  6: 2.9408 - 2.8342 [14/14]   14    0   0.0%
  bin  7: 2.8342 - 2.7415 [14/14]   14    0   0.0%
  bin  8: 2.7415 - 2.6599 [17/17]   17    0   0.0%
  bin  9: 2.6599 - 2.5873 [17/17]   13    4  23.5%
  bin 10: 2.5873 - 2.5219 [20/20]   20    0   0.0%
                          overall  163    8   4.7%

                   ----------Processing PDB file(s)----------                  

  Monomer Library directory:
    "/tmp1/m_zhen01/phenix-installer-1.10.1-2155-intel-linux-2.6-x86_64-centos5/phenix-1.10.1-2155/modules/chem_data/mon_lib"
  Total number of atoms: 37
  Number of models: 1
  Model: ""
    Number of chains: 1
    Chain: "A"
      Number of atoms: 37
      Number of conformers: 1
      Conformer: ""
        Number of residues, atoms: 3, 37
          Classifications: {'peptide': 3}
          Modifications used: {'NH2NOTPRO': 1, 'COOH': 1}
          Link IDs: {'TRANS': 2}
  Time building chain proxies: 0.07, per 1000 atoms: 1.89
  Number of scatterers: 37
  At special positions: 0
  Unit cell: (12.408, 13.107, 10.683, 90, 90, 90)
  Space group: P 1 (No. 1)
  Number of sites at special positions: 0
  Number of scattering types: 4
    Type Number    sf(0)
     O       4      8.00
     N       3      7.00
     C      13      6.00
     H      17      1.00
    sf(0) = scattering factor at diffraction angle 0.

  Number of disulfides: simple=0, symmetry=0

  Automatic linking
    Parameters for automatic linking
      Linking & cutoffs
        Metal                : False - 3.50
        Amimo acid           : False - 1.90
        Carbohydrate         : True  - 1.99
        Ligands              : True  - 1.99
        Amino acid - RNA/DNA : False
      
  Number of custom bonds: simple=0, symmetry=0
  Time building additional restraints: 0.02
  Conformation dependent library (CDL) restraints added in 2.5 milliseconds
  
  Adding C-beta torsion restraints...
  Number of C-beta restraints generated:  2
  Time building geometry restraints manager: 0.03 seconds

  NOTE: a complete listing of the restraints can be obtained by requesting
        output of .geo file.

  Histogram of bond lengths:
        0.83 -     0.98: 15
        0.98 -     1.12: 2
        1.12 -     1.27: 3
        1.27 -     1.41: 9
        1.41 -     1.56: 8
  Bond restraints: 37
  Sorted by residual:
  bond pdb=" C   GLY A   1 "
       pdb=" CA  GLY A   1 "
    ideal  model  delta    sigma   weight residual
    1.516  1.558 -0.042 1.80e-02 3.09e+03 5.54e+00
  bond pdb=" C   GLY A   1 "
       pdb=" O   GLY A   1 "
    ideal  model  delta    sigma   weight residual
    1.231  1.188  0.043 2.00e-02 2.50e+03 4.67e+00
  bond pdb=" CE2 PHE A   3 "
       pdb=" HE2 PHE A   3 "
    ideal  model  delta    sigma   weight residual
    0.930  0.969 -0.039 2.00e-02 2.50e+03 3.77e+00
  bond pdb=" CE1 PHE A   3 "
       pdb=" HE1 PHE A   3 "
    ideal  model  delta    sigma   weight residual
    0.930  0.962 -0.032 2.00e-02 2.50e+03 2.48e+00
  bond pdb=" N   PHE A   3 "
       pdb=" H   PHE A   3 "
    ideal  model  delta    sigma   weight residual
    0.860  0.829  0.031 2.00e-02 2.50e+03 2.36e+00
  ... (remaining 32 not shown)

  Histogram of bond angle deviations from ideal:
      102.75 -   107.05: 7
      107.05 -   111.35: 10
      111.35 -   115.65: 9
      115.65 -   119.95: 19
      119.95 -   124.26: 15
  Bond angle restraints: 60
  Sorted by residual:
  angle pdb=" C   GLY A   2 "
        pdb=" N   PHE A   3 "
        pdb=" CA  PHE A   3 "
      ideal   model   delta    sigma   weight residual
     121.70  116.72    4.98 1.80e+00 3.09e-01 7.65e+00
  angle pdb=" HA1 GLY A   1 "
        pdb=" CA  GLY A   1 "
        pdb=" N   GLY A   1 "
      ideal   model   delta    sigma   weight residual
     110.00  102.75    7.25 3.00e+00 1.11e-01 5.83e+00
  angle pdb=" HB1 PHE A   3 "
        pdb=" CB  PHE A   3 "
        pdb=" HB2 PHE A   3 "
      ideal   model   delta    sigma   weight residual
     110.00  117.01   -7.01 3.00e+00 1.11e-01 5.47e+00
  angle pdb=" CA  PHE A   3 "
        pdb=" N   PHE A   3 "
        pdb=" H   PHE A   3 "
      ideal   model   delta    sigma   weight residual
     114.00  119.02   -5.02 3.00e+00 1.11e-01 2.80e+00
  angle pdb=" C   PHE A   3 "
        pdb=" OXT PHE A   3 "
        pdb=" HXT PHE A   3 "
      ideal   model   delta    sigma   weight residual
     108.00  112.68   -4.68 3.00e+00 1.11e-01 2.43e+00
  ... (remaining 55 not shown)

  Histogram of dihedral angle deviations from ideal:
        0.02 -    34.94: 12
       34.94 -    69.86: 0
       69.86 -   104.77: 0
      104.77 -   139.69: 0
      139.69 -   174.61: 1
  Dihedral angle restraints: 13
    sinusoidal: 3
      harmonic: 10
  Sorted by residual:
  dihedral pdb=" O   PHE A   3 "
           pdb=" C   PHE A   3 "
           pdb=" OXT PHE A   3 "
           pdb=" HXT PHE A   3 "
      ideal   model   delta  harmonic     sigma   weight residual
       0.00 -174.61  174.61     0      3.00e+01 1.11e-03 3.39e+01
  dihedral pdb=" CA  PHE A   3 "
           pdb=" CB  PHE A   3 "
           pdb=" CG  PHE A   3 "
           pdb=" CD1 PHE A   3 "
      ideal   model   delta sinusoidal    sigma   weight residual
     -90.00  -70.63  -19.37     2      2.00e+01 2.50e-03 1.32e+00
  dihedral pdb=" N   PHE A   3 "
           pdb=" CA  PHE A   3 "
           pdb=" CB  PHE A   3 "
           pdb=" CG  PHE A   3 "
      ideal   model   delta sinusoidal    sigma   weight residual
      60.00   70.43  -10.43     3      1.50e+01 4.44e-03 6.90e-01
  ... (remaining 10 not shown)

  Histogram of chiral volume deviations from ideal:
       0.015 -    0.015: 1
       0.015 -    0.015: 0
       0.015 -    0.015: 0
       0.015 -    0.015: 0
       0.015 -    0.015: 0
  Chirality restraints: 1
  Sorted by residual:
  chirality pdb=" CA  PHE A   3 "
            pdb=" C   PHE A   3 "
            pdb=" N   PHE A   3 "
            pdb=" CB  PHE A   3 "
    both_signs  ideal   model   delta    sigma   weight residual
      False     -2.51   -2.53    0.01 2.00e-01 2.50e+01 5.51e-03

  Planarity restraints: 6
  Sorted by residual:
                                 delta    sigma   weight rms_deltas residual
  plane pdb=" O   PHE A   3 "   -0.017 2.00e-02 2.50e+03   2.16e-02 5.86e+00
        pdb=" C   PHE A   3 "    0.007 2.00e-02 2.50e+03
        pdb=" OXT PHE A   3 "    0.033 2.00e-02 2.50e+03
        pdb=" HXT PHE A   3 "   -0.029 2.00e-02 2.50e+03
        pdb=" CA  PHE A   3 "    0.006 2.00e-02 2.50e+03
                                 delta    sigma   weight rms_deltas residual
  plane pdb=" CB  PHE A   3 "    0.001 2.00e-02 2.50e+03   1.28e-02 4.92e+00
        pdb=" CG  PHE A   3 "   -0.005 2.00e-02 2.50e+03
        pdb=" CD2 PHE A   3 "    0.001 2.00e-02 2.50e+03
        pdb=" HD2 PHE A   3 "    0.012 2.00e-02 2.50e+03
        pdb=" CE2 PHE A   3 "   -0.025 2.00e-02 2.50e+03
        pdb=" HE2 PHE A   3 "    0.019 2.00e-02 2.50e+03
        pdb=" CZ  PHE A   3 "   -0.013 2.00e-02 2.50e+03
        pdb=" HZ  PHE A   3 "   -0.008 2.00e-02 2.50e+03
        pdb=" CE1 PHE A   3 "    0.007 2.00e-02 2.50e+03
        pdb=" HE1 PHE A   3 "    0.022 2.00e-02 2.50e+03
        pdb=" CD1 PHE A   3 "   -0.003 2.00e-02 2.50e+03
        pdb=" HD1 PHE A   3 "   -0.007 2.00e-02 2.50e+03
                                 delta    sigma   weight rms_deltas residual
  plane pdb=" C   GLY A   2 "    0.020 2.00e-02 2.50e+03   1.14e-02 1.30e+00
        pdb=" O   GLY A   2 "   -0.007 2.00e-02 2.50e+03
        pdb=" CA  GLY A   2 "   -0.006 2.00e-02 2.50e+03
        pdb=" N   PHE A   3 "   -0.007 2.00e-02 2.50e+03
  ... (remaining 3 not shown)

  Histogram of nonbonded interaction distances:
        2.03 -     2.60: 32
        2.60 -     3.18: 55
        3.18 -     3.75: 73
        3.75 -     4.32: 74
        4.32 -     4.89: 83
  Nonbonded interactions: 317
  Sorted by model distance:
  nonbonded pdb=" H   PHE A   3 "
            pdb=" HD1 PHE A   3 "
     model   vdw
     2.033 2.100
  nonbonded pdb=" HA2 GLY A   2 "
            pdb=" H   GLY A   2 "
     model   vdw
     2.190 1.816
  nonbonded pdb=" HZ  PHE A   3 "
            pdb=" HE1 PHE A   3 "
     model   vdw
     2.262 1.680
  nonbonded pdb=" HA1 GLY A   1 "
            pdb=" H2  GLY A   1 "
     model   vdw
     2.276 1.816
  nonbonded pdb=" HA2 GLY A   1 "
            pdb=" H1  GLY A   1 "
     model   vdw
     2.294 1.816
  ... (remaining 312 not shown)

  NOTE: a complete listing of the restraints can be obtained by requesting
        output of .geo file.

                   ----------xray_structure summary----------                  

Number of scattering types: 4
  Type Number    sf(0)   Gaussians
   O       4      7.97       2
   N       3      6.97       2
   C      13      5.97       2
   H      17      1.00       2
  sf(0) = scattering factor at diffraction angle 0.
Number of scatterers: 37
At special positions: 0
Unit cell: (12.408, 13.107, 10.683, 90, 90, 90)
Space group: P 1 (No. 1)

End of input processing
r_work=0.4707 r_free=0.3117
params.data_weight: 0.0
params.restraints: cctbx
rmsd(b), start:  0.0868
mc:   0 R: 0.4673 rmsd(b):  0.0010 restraint_scale:  1.0 min_steps: 56
mc:   1 R: 0.4704 rmsd(b):  0.0010 restraint_scale:  1.0 min_steps: 54
mc:   2 R: 0.4668 rmsd(b):  0.0007 restraint_scale:  1.0 min_steps: 53
mc:   3 R: 0.4688 rmsd(b):  0.0006 restraint_scale:  1.0 min_steps: 54
mc:   4 R: 0.4676 rmsd(b):  0.0007 restraint_scale:  1.0 min_steps: 53
mc:   5 R: 0.4683 rmsd(b):  0.0007 restraint_scale:  1.0 min_steps: 54
mc:   6 R: 0.4685 rmsd(b):  0.0006 restraint_scale:  1.0 min_steps: 54
mc:   7 R: 0.4695 rmsd(b):  0.0007 restraint_scale:  1.0 min_steps: 56
mc:   8 R: 0.4697 rmsd(b):  0.0007 restraint_scale:  1.0 min_steps: 53
mc:   9 R: 0.4702 rmsd(b):  0.0007 restraint_scale:  1.0 min_steps: 54
mc:  10 R: 0.4703 rmsd(b):  0.0007 restraint_scale:  1.0 min_steps: 56
mc:  11 R: 0.4705 rmsd(b):  0.0007 restraint_scale:  1.0 min_steps: 56
Convergence reached, stop now.
see the result structure:  ./p26/04_results/opt_cctbx/231_GGF01-new/0.9/6.pdb
Time: 7.0124
