phenix.python
you are importing  adaptive calculator, and it does nothing. Please give it energy, force....... 

============================== Collecting inputs ==============================


                   ----------Processing X-ray data----------                   

F-obs:
  /scratch/m_zhen01/31011.lupus.uni-muenster.de/p26/02_mtz/230_GGF09-new.mtz:F-obs
Miller array info: None
Observation type: xray.amplitude
Type of data: double, size=208
Type of sigmas: None
Number of Miller indices: 208
Anomalous flag: False
Unit cell: (13.158, 10.74, 14.911, 90, 90, 90)
Space group: P 1 (No. 1)
Systematic absences: 0
Centric reflections: 0
Resolution range: 3.9658 2.51082
Completeness in resolution range: 1
Completeness with d_max=infinity: 0.742857

Number of F-obs in resolution range:                   208
Number of F-obs<0 (these reflections will be rejected): 0
Number of F-obs=0 (these reflections will be used in refinement): 0
Refinement resolution range: d_max =   3.9658
                             d_min =   2.5108

R-free flags:
  /scratch/m_zhen01/31011.lupus.uni-muenster.de/p26/02_mtz/230_GGF09-new.mtz:R-free-flags
Miller array info: /scratch/m_zhen01/31011.lupus.uni-muenster.de/p26/02_mtz/230_GGF09-new.mtz:R-free-flags
Observation type: None
Type of data: int, size=208
Type of sigmas: None
Number of Miller indices: 208
Anomalous flag: False
Unit cell: (13.158, 10.74, 14.911, 90, 90, 90)
Space group: P 1 (No. 1)
Systematic absences: 0
Centric reflections: 0
Resolution range: 3.9658 2.51082
Completeness in resolution range: 1
Completeness with d_max=infinity: 0.742857
Wavelength: 1.0000

Test (R-free flags) flag value: 1

Number of work/free reflections by resolution:
                                  work free  %free
  bin  1: 3.9658 - 3.6393 [15/15]   15    0   0.0%
  bin  2: 3.6393 - 3.3992 [25/25]   24    1   4.0%
  bin  3: 3.3992 - 3.2120 [19/19]   17    2  10.5%
  bin  4: 3.2120 - 3.0603 [34/34]   34    0   0.0%
  bin  5: 3.0603 - 2.9337 [ 7/7 ]    7    0   0.0%
  bin  6: 2.9337 - 2.8258 [20/20]   18    2  10.0%
  bin  7: 2.8258 - 2.7321 [26/26]   26    0   0.0%
  bin  8: 2.7321 - 2.6498 [15/15]   15    0   0.0%
  bin  9: 2.6498 - 2.5766 [27/27]   23    4  14.8%
  bin 10: 2.5766 - 2.5108 [20/20]   20    0   0.0%
                          overall  199    9   4.3%

                   ----------Processing PDB file(s)----------                  

  Monomer Library directory:
    "/tmp1/m_zhen01/phenix-installer-1.10.1-2155-intel-linux-2.6-x86_64-centos5/phenix-1.10.1-2155/modules/chem_data/mon_lib"
  Total number of atoms: 37
  Number of models: 1
  Model: ""
    Number of chains: 1
    Chain: "A"
      Number of atoms: 37
      Number of conformers: 1
      Conformer: ""
        Number of residues, atoms: 3, 37
          Classifications: {'peptide': 3}
          Modifications used: {'NH2NOTPRO': 1, 'COOH': 1}
          Link IDs: {'TRANS': 2}
  Time building chain proxies: 0.08, per 1000 atoms: 2.16
  Number of scatterers: 37
  At special positions: 0
  Unit cell: (13.158, 10.74, 14.911, 90, 90, 90)
  Space group: P 1 (No. 1)
  Number of sites at special positions: 0
  Number of scattering types: 4
    Type Number    sf(0)
     O       4      8.00
     N       3      7.00
     C      13      6.00
     H      17      1.00
    sf(0) = scattering factor at diffraction angle 0.

  Number of disulfides: simple=0, symmetry=0

  Automatic linking
    Parameters for automatic linking
      Linking & cutoffs
        Metal                : False - 3.50
        Amimo acid           : False - 1.90
        Carbohydrate         : True  - 1.99
        Ligands              : True  - 1.99
        Amino acid - RNA/DNA : False
      
  Number of custom bonds: simple=0, symmetry=0
  Time building additional restraints: 0.02
  Conformation dependent library (CDL) restraints added in 2.8 milliseconds
  
  Adding C-beta torsion restraints...
  Number of C-beta restraints generated:  2
  Time building geometry restraints manager: 0.02 seconds

  NOTE: a complete listing of the restraints can be obtained by requesting
        output of .geo file.

  Histogram of bond lengths:
        0.83 -     0.97: 14
        0.97 -     1.12: 3
        1.12 -     1.26: 3
        1.26 -     1.40: 8
        1.40 -     1.54: 9
  Bond restraints: 37
  Sorted by residual:
  bond pdb=" O   PHE A   3 "
       pdb=" C   PHE A   3 "
    ideal  model  delta    sigma   weight residual
    1.185  1.234 -0.049 2.00e-02 2.50e+03 6.07e+00
  bond pdb=" CD2 PHE A   3 "
       pdb=" HD2 PHE A   3 "
    ideal  model  delta    sigma   weight residual
    0.930  0.882  0.048 2.00e-02 2.50e+03 5.81e+00
  bond pdb=" CZ  PHE A   3 "
       pdb=" HZ  PHE A   3 "
    ideal  model  delta    sigma   weight residual
    0.930  0.891  0.039 2.00e-02 2.50e+03 3.86e+00
  bond pdb=" C   GLY A   2 "
       pdb=" N   PHE A   3 "
    ideal  model  delta    sigma   weight residual
    1.329  1.355 -0.026 1.40e-02 5.10e+03 3.48e+00
  bond pdb=" CA  GLY A   2 "
       pdb=" HA2 GLY A   2 "
    ideal  model  delta    sigma   weight residual
    0.970  0.934  0.036 2.00e-02 2.50e+03 3.16e+00
  ... (remaining 32 not shown)

  Histogram of bond angle deviations from ideal:
      104.36 -   108.64: 11
      108.64 -   112.93: 12
      112.93 -   117.21: 7
      117.21 -   121.49: 19
      121.49 -   125.77: 11
  Bond angle restraints: 60
  Sorted by residual:
  angle pdb=" C   GLY A   1 "
        pdb=" CA  GLY A   1 "
        pdb=" N   GLY A   1 "
      ideal   model   delta    sigma   weight residual
     113.30  107.49    5.81 2.90e+00 1.19e-01 4.01e+00
  angle pdb=" HA1 GLY A   1 "
        pdb=" CA  GLY A   1 "
        pdb=" HA2 GLY A   1 "
      ideal   model   delta    sigma   weight residual
     109.00  114.34   -5.34 3.00e+00 1.11e-01 3.17e+00
  angle pdb=" N   PHE A   3 "
        pdb=" CA  PHE A   3 "
        pdb=" CB  PHE A   3 "
      ideal   model   delta    sigma   weight residual
     110.50  113.31   -2.81 1.70e+00 3.46e-01 2.73e+00
  angle pdb=" CA  GLY A   1 "
        pdb=" N   GLY A   1 "
        pdb=" H1  GLY A   1 "
      ideal   model   delta    sigma   weight residual
     109.47  114.28   -4.81 3.00e+00 1.11e-01 2.57e+00
  angle pdb=" HA  PHE A   3 "
        pdb=" CA  PHE A   3 "
        pdb=" CB  PHE A   3 "
      ideal   model   delta    sigma   weight residual
     109.00  104.36    4.64 3.00e+00 1.11e-01 2.39e+00
  ... (remaining 55 not shown)

  Histogram of dihedral angle deviations from ideal:
        0.13 -     3.00: 9
        3.00 -     5.86: 0
        5.86 -     8.72: 3
        8.72 -    11.59: 0
       11.59 -    14.45: 1
  Dihedral angle restraints: 13
    sinusoidal: 3
      harmonic: 10
  Sorted by residual:
  dihedral pdb=" CA  GLY A   1 "
           pdb=" C   GLY A   1 "
           pdb=" N   GLY A   2 "
           pdb=" CA  GLY A   2 "
      ideal   model   delta  harmonic     sigma   weight residual
     180.00 -173.98   -6.02     0      5.00e+00 4.00e-02 1.45e+00
  dihedral pdb=" N   PHE A   3 "
           pdb=" CA  PHE A   3 "
           pdb=" CB  PHE A   3 "
           pdb=" CG  PHE A   3 "
      ideal   model   delta sinusoidal    sigma   weight residual
      60.00   74.45  -14.45     3      1.50e+01 4.44e-03 1.29e+00
  dihedral pdb=" N   PHE A   3 "
           pdb=" C   PHE A   3 "
           pdb=" CA  PHE A   3 "
           pdb=" CB  PHE A   3 "
      ideal   model   delta  harmonic     sigma   weight residual
     122.80  124.50   -1.70     0      2.50e+00 1.60e-01 4.60e-01
  ... (remaining 10 not shown)

  Histogram of chiral volume deviations from ideal:
       0.048 -    0.048: 1
       0.048 -    0.048: 0
       0.048 -    0.048: 0
       0.048 -    0.048: 0
       0.048 -    0.048: 0
  Chirality restraints: 1
  Sorted by residual:
  chirality pdb=" CA  PHE A   3 "
            pdb=" C   PHE A   3 "
            pdb=" N   PHE A   3 "
            pdb=" CB  PHE A   3 "
    both_signs  ideal   model   delta    sigma   weight residual
      False     -2.51   -2.46   -0.05 2.00e-01 2.50e+01 5.67e-02

  Planarity restraints: 6
  Sorted by residual:
                                 delta    sigma   weight rms_deltas residual
  plane pdb=" CB  PHE A   3 "    0.004 2.00e-02 2.50e+03   1.62e-02 7.83e+00
        pdb=" CG  PHE A   3 "   -0.007 2.00e-02 2.50e+03
        pdb=" CD1 PHE A   3 "   -0.020 2.00e-02 2.50e+03
        pdb=" HD1 PHE A   3 "   -0.003 2.00e-02 2.50e+03
        pdb=" CE1 PHE A   3 "    0.019 2.00e-02 2.50e+03
        pdb=" HE1 PHE A   3 "   -0.007 2.00e-02 2.50e+03
        pdb=" CZ  PHE A   3 "    0.017 2.00e-02 2.50e+03
        pdb=" HZ  PHE A   3 "    0.009 2.00e-02 2.50e+03
        pdb=" CE2 PHE A   3 "    0.001 2.00e-02 2.50e+03
        pdb=" HE2 PHE A   3 "   -0.035 2.00e-02 2.50e+03
        pdb=" CD2 PHE A   3 "   -0.005 2.00e-02 2.50e+03
        pdb=" HD2 PHE A   3 "    0.026 2.00e-02 2.50e+03
                                 delta    sigma   weight rms_deltas residual
  plane pdb=" C   GLY A   2 "   -0.022 2.00e-02 2.50e+03   1.30e-02 1.69e+00
        pdb=" O   GLY A   2 "    0.008 2.00e-02 2.50e+03
        pdb=" CA  GLY A   2 "    0.007 2.00e-02 2.50e+03
        pdb=" N   PHE A   3 "    0.008 2.00e-02 2.50e+03
                                 delta    sigma   weight rms_deltas residual
  plane pdb=" C   GLY A   1 "   -0.002 2.00e-02 2.50e+03   4.00e-03 1.60e-01
        pdb=" CA  GLY A   2 "   -0.002 2.00e-02 2.50e+03
        pdb=" N   GLY A   2 "    0.007 2.00e-02 2.50e+03
        pdb=" H   GLY A   2 "   -0.003 2.00e-02 2.50e+03
  ... (remaining 3 not shown)

  Histogram of nonbonded interaction distances:
        1.91 -     2.51: 23
        2.51 -     3.10: 53
        3.10 -     3.70: 68
        3.70 -     4.29: 71
        4.29 -     4.89: 98
  Nonbonded interactions: 313
  Sorted by model distance:
  nonbonded pdb=" HA1 GLY A   1 "
            pdb=" H2  GLY A   1 "
     model   vdw
     1.910 1.816
  nonbonded pdb=" H1  GLY A   1 "
            pdb=" H   GLY A   2 "
     model   vdw
     2.025 2.100
  nonbonded pdb=" C   GLY A   1 "
            pdb=" H2  GLY A   1 "
     model   vdw
     2.040 2.240
  nonbonded pdb=" HA2 GLY A   2 "
            pdb=" H   GLY A   2 "
     model   vdw
     2.093 1.816
  nonbonded pdb=" HZ  PHE A   3 "
            pdb=" HE2 PHE A   3 "
     model   vdw
     2.209 1.680
  ... (remaining 308 not shown)

  NOTE: a complete listing of the restraints can be obtained by requesting
        output of .geo file.

                   ----------xray_structure summary----------                  

Number of scattering types: 4
  Type Number    sf(0)   Gaussians
   O       4      7.97       2
   N       3      6.97       2
   C      13      5.97       2
   H      17      1.00       2
  sf(0) = scattering factor at diffraction angle 0.
Number of scatterers: 37
At special positions: 0
Unit cell: (13.158, 10.74, 14.911, 90, 90, 90)
Space group: P 1 (No. 1)

End of input processing
r_work=0.5119 r_free=0.6508
params.data_weight: None
params.restraints: qm
rmsd(b), start:  0.1000
mc:   0 R: 0.2294 rmsd(b):  0.7072 restraint_scale:  2.0 min_steps: 42
mc:   1 R: 0.0953 rmsd(b):  0.7809 restraint_scale:  4.0 min_steps: 30
mc:   2 R: 0.0664 rmsd(b):  0.9054 restraint_scale:  8.0 min_steps: 47
mc:   3 R: 0.0456 rmsd(b):  1.0144 restraint_scale: 16.0 min_steps: 48
mc:   4 R: 0.0475 rmsd(b):  1.0103 restraint_scale: 32.0 min_steps: 12
mc:   5 R: 0.0501 rmsd(b):  1.0122 restraint_scale: 64.0 min_steps: 10
mc:   6 R: 0.0802 rmsd(b):  1.0354 restraint_scale: 128.0 min_steps: 24
mc:   7 R: 0.1184 rmsd(b):  1.0545 restraint_scale: 256.0 min_steps: 20
mc:   8 R: 0.1646 rmsd(b):  1.0577 restraint_scale: 512.0 min_steps: 57
mc:   9 R: 0.1546 rmsd(b):  1.0656 restraint_scale: 1024.0 min_steps: 53
mc:  10 R: 0.1577 rmsd(b):  1.0668 restraint_scale: 2048.0 min_steps: 41
mc:  11 R: 0.1577 rmsd(b):  1.0668 restraint_scale: 4096.0 min_steps: 4
Convergence reached, stop now.
see the result structure:  ./p26/04_results/refine_qm/230_GGF09-new/1.2/5.pdb
Time: 518.6837
