phenix.python
you are importing  adaptive calculator, and it does nothing. Please give it energy, force....... 

============================== Collecting inputs ==============================


                   ----------Processing X-ray data----------                   

F-obs:
  /scratch/m_zhen01/31011.lupus.uni-muenster.de/p26/02_mtz/230_GGF09-new.mtz:F-obs
Miller array info: None
Observation type: xray.amplitude
Type of data: double, size=208
Type of sigmas: None
Number of Miller indices: 208
Anomalous flag: False
Unit cell: (13.158, 10.74, 14.911, 90, 90, 90)
Space group: P 1 (No. 1)
Systematic absences: 0
Centric reflections: 0
Resolution range: 3.9658 2.51082
Completeness in resolution range: 1
Completeness with d_max=infinity: 0.742857

Number of F-obs in resolution range:                   208
Number of F-obs<0 (these reflections will be rejected): 0
Number of F-obs=0 (these reflections will be used in refinement): 0
Refinement resolution range: d_max =   3.9658
                             d_min =   2.5108

R-free flags:
  /scratch/m_zhen01/31011.lupus.uni-muenster.de/p26/02_mtz/230_GGF09-new.mtz:R-free-flags
Miller array info: /scratch/m_zhen01/31011.lupus.uni-muenster.de/p26/02_mtz/230_GGF09-new.mtz:R-free-flags
Observation type: None
Type of data: int, size=208
Type of sigmas: None
Number of Miller indices: 208
Anomalous flag: False
Unit cell: (13.158, 10.74, 14.911, 90, 90, 90)
Space group: P 1 (No. 1)
Systematic absences: 0
Centric reflections: 0
Resolution range: 3.9658 2.51082
Completeness in resolution range: 1
Completeness with d_max=infinity: 0.742857
Wavelength: 1.0000

Test (R-free flags) flag value: 1

Number of work/free reflections by resolution:
                                  work free  %free
  bin  1: 3.9658 - 3.6393 [15/15]   15    0   0.0%
  bin  2: 3.6393 - 3.3992 [25/25]   24    1   4.0%
  bin  3: 3.3992 - 3.2120 [19/19]   17    2  10.5%
  bin  4: 3.2120 - 3.0603 [34/34]   34    0   0.0%
  bin  5: 3.0603 - 2.9337 [ 7/7 ]    7    0   0.0%
  bin  6: 2.9337 - 2.8258 [20/20]   18    2  10.0%
  bin  7: 2.8258 - 2.7321 [26/26]   26    0   0.0%
  bin  8: 2.7321 - 2.6498 [15/15]   15    0   0.0%
  bin  9: 2.6498 - 2.5766 [27/27]   23    4  14.8%
  bin 10: 2.5766 - 2.5108 [20/20]   20    0   0.0%
                          overall  199    9   4.3%

                   ----------Processing PDB file(s)----------                  

  Monomer Library directory:
    "/tmp1/m_zhen01/phenix-installer-1.10.1-2155-intel-linux-2.6-x86_64-centos5/phenix-1.10.1-2155/modules/chem_data/mon_lib"
  Total number of atoms: 37
  Number of models: 1
  Model: ""
    Number of chains: 1
    Chain: "A"
      Number of atoms: 37
      Number of conformers: 1
      Conformer: ""
        Number of residues, atoms: 3, 37
          Classifications: {'peptide': 3}
          Modifications used: {'NH2NOTPRO': 1, 'COOH': 1}
          Link IDs: {'TRANS': 2}
  Time building chain proxies: 0.07, per 1000 atoms: 1.89
  Number of scatterers: 37
  At special positions: 0
  Unit cell: (13.158, 10.74, 14.911, 90, 90, 90)
  Space group: P 1 (No. 1)
  Number of sites at special positions: 0
  Number of scattering types: 4
    Type Number    sf(0)
     O       4      8.00
     N       3      7.00
     C      13      6.00
     H      17      1.00
    sf(0) = scattering factor at diffraction angle 0.

  Number of disulfides: simple=0, symmetry=0

  Automatic linking
    Parameters for automatic linking
      Linking & cutoffs
        Metal                : False - 3.50
        Amimo acid           : False - 1.90
        Carbohydrate         : True  - 1.99
        Ligands              : True  - 1.99
        Amino acid - RNA/DNA : False
      
  Number of custom bonds: simple=0, symmetry=0
  Time building additional restraints: 0.02
  Conformation dependent library (CDL) restraints added in 3.0 milliseconds
  
  Adding C-beta torsion restraints...
  Number of C-beta restraints generated:  2
  Time building geometry restraints manager: 0.03 seconds

  NOTE: a complete listing of the restraints can be obtained by requesting
        output of .geo file.

  Histogram of bond lengths:
        0.84 -     0.98: 11
        0.98 -     1.12: 6
        1.12 -     1.26: 3
        1.26 -     1.40: 7
        1.40 -     1.54: 10
  Bond restraints: 37
  Sorted by residual:
  bond pdb=" CA  GLY A   1 "
       pdb=" HA2 GLY A   1 "
    ideal  model  delta    sigma   weight residual
    0.970  1.017 -0.047 2.00e-02 2.50e+03 5.58e+00
  bond pdb=" OXT PHE A   3 "
       pdb=" HXT PHE A   3 "
    ideal  model  delta    sigma   weight residual
    0.948  0.992 -0.044 2.00e-02 2.50e+03 4.91e+00
  bond pdb=" CZ  PHE A   3 "
       pdb=" HZ  PHE A   3 "
    ideal  model  delta    sigma   weight residual
    0.930  0.974 -0.044 2.00e-02 2.50e+03 4.75e+00
  bond pdb=" C   GLY A   1 "
       pdb=" O   GLY A   1 "
    ideal  model  delta    sigma   weight residual
    1.231  1.192  0.039 2.00e-02 2.50e+03 3.82e+00
  bond pdb=" CA  PHE A   3 "
       pdb=" HA  PHE A   3 "
    ideal  model  delta    sigma   weight residual
    0.970  0.931  0.039 2.00e-02 2.50e+03 3.77e+00
  ... (remaining 32 not shown)

  Histogram of bond angle deviations from ideal:
      101.77 -   106.75: 8
      106.75 -   111.73: 10
      111.73 -   116.72: 12
      116.72 -   121.70: 23
      121.70 -   126.68: 7
  Bond angle restraints: 60
  Sorted by residual:
  angle pdb=" O   GLY A   1 "
        pdb=" C   GLY A   1 "
        pdb=" N   GLY A   2 "
      ideal   model   delta    sigma   weight residual
     123.00  119.53    3.47 1.60e+00 3.91e-01 4.70e+00
  angle pdb=" HB1 PHE A   3 "
        pdb=" CB  PHE A   3 "
        pdb=" CG  PHE A   3 "
      ideal   model   delta    sigma   weight residual
     108.00  101.77    6.23 3.00e+00 1.11e-01 4.31e+00
  angle pdb=" HB2 PHE A   3 "
        pdb=" CB  PHE A   3 "
        pdb=" CG  PHE A   3 "
      ideal   model   delta    sigma   weight residual
     108.00  101.83    6.17 3.00e+00 1.11e-01 4.23e+00
  angle pdb=" CA  GLY A   1 "
        pdb=" C   GLY A   1 "
        pdb=" N   GLY A   2 "
      ideal   model   delta    sigma   weight residual
     116.20  120.18   -3.98 2.00e+00 2.50e-01 3.97e+00
  angle pdb=" CA  GLY A   1 "
        pdb=" N   GLY A   1 "
        pdb=" H1  GLY A   1 "
      ideal   model   delta    sigma   weight residual
     109.47  104.12    5.35 3.00e+00 1.11e-01 3.18e+00
  ... (remaining 55 not shown)

  Histogram of dihedral angle deviations from ideal:
        0.55 -     3.50: 9
        3.50 -     6.45: 2
        6.45 -     9.40: 0
        9.40 -    12.35: 1
       12.35 -    15.30: 1
  Dihedral angle restraints: 13
    sinusoidal: 3
      harmonic: 10
  Sorted by residual:
  dihedral pdb=" N   PHE A   3 "
           pdb=" CA  PHE A   3 "
           pdb=" CB  PHE A   3 "
           pdb=" CG  PHE A   3 "
      ideal   model   delta sinusoidal    sigma   weight residual
      60.00   75.30  -15.30     3      1.50e+01 4.44e-03 1.44e+00
  dihedral pdb=" N   PHE A   3 "
           pdb=" C   PHE A   3 "
           pdb=" CA  PHE A   3 "
           pdb=" CB  PHE A   3 "
      ideal   model   delta  harmonic     sigma   weight residual
     122.80  119.90    2.90     0      2.50e+00 1.60e-01 1.35e+00
  dihedral pdb=" CA  GLY A   1 "
           pdb=" C   GLY A   1 "
           pdb=" N   GLY A   2 "
           pdb=" CA  GLY A   2 "
      ideal   model   delta  harmonic     sigma   weight residual
     180.00  176.08    3.92     0      5.00e+00 4.00e-02 6.14e-01
  ... (remaining 10 not shown)

  Histogram of chiral volume deviations from ideal:
       0.085 -    0.085: 1
       0.085 -    0.085: 0
       0.085 -    0.085: 0
       0.085 -    0.085: 0
       0.085 -    0.085: 0
  Chirality restraints: 1
  Sorted by residual:
  chirality pdb=" CA  PHE A   3 "
            pdb=" C   PHE A   3 "
            pdb=" N   PHE A   3 "
            pdb=" CB  PHE A   3 "
    both_signs  ideal   model   delta    sigma   weight residual
      False     -2.51   -2.60    0.08 2.00e-01 2.50e+01 1.79e-01

  Planarity restraints: 6
  Sorted by residual:
                                 delta    sigma   weight rms_deltas residual
  plane pdb=" CB  PHE A   3 "   -0.027 2.00e-02 2.50e+03   1.83e-02 1.01e+01
        pdb=" CG  PHE A   3 "    0.020 2.00e-02 2.50e+03
        pdb=" CD1 PHE A   3 "    0.011 2.00e-02 2.50e+03
        pdb=" HD1 PHE A   3 "   -0.022 2.00e-02 2.50e+03
        pdb=" CE1 PHE A   3 "    0.007 2.00e-02 2.50e+03
        pdb=" HE1 PHE A   3 "    0.027 2.00e-02 2.50e+03
        pdb=" CZ  PHE A   3 "   -0.009 2.00e-02 2.50e+03
        pdb=" HZ  PHE A   3 "   -0.032 2.00e-02 2.50e+03
        pdb=" CE2 PHE A   3 "    0.008 2.00e-02 2.50e+03
        pdb=" HE2 PHE A   3 "   -0.005 2.00e-02 2.50e+03
        pdb=" CD2 PHE A   3 "    0.016 2.00e-02 2.50e+03
        pdb=" HD2 PHE A   3 "    0.007 2.00e-02 2.50e+03
                                 delta    sigma   weight rms_deltas residual
  plane pdb=" C   GLY A   2 "   -0.012 2.00e-02 2.50e+03   2.33e-02 5.42e+00
        pdb=" CA  PHE A   3 "   -0.010 2.00e-02 2.50e+03
        pdb=" N   PHE A   3 "    0.040 2.00e-02 2.50e+03
        pdb=" H   PHE A   3 "   -0.018 2.00e-02 2.50e+03
                                 delta    sigma   weight rms_deltas residual
  plane pdb=" C   GLY A   1 "   -0.024 2.00e-02 2.50e+03   1.39e-02 1.93e+00
        pdb=" O   GLY A   1 "    0.009 2.00e-02 2.50e+03
        pdb=" CA  GLY A   1 "    0.007 2.00e-02 2.50e+03
        pdb=" N   GLY A   2 "    0.008 2.00e-02 2.50e+03
  ... (remaining 3 not shown)

  Histogram of nonbonded interaction distances:
        2.08 -     2.65: 30
        2.65 -     3.21: 48
        3.21 -     3.77: 63
        3.77 -     4.34: 72
        4.34 -     4.90: 85
  Nonbonded interactions: 298
  Sorted by model distance:
  nonbonded pdb=" HA2 GLY A   1 "
            pdb=" H1  GLY A   1 "
     model   vdw
     2.085 1.816
  nonbonded pdb=" O   PHE A   3 "
            pdb=" H   PHE A   3 "
     model   vdw
     2.163 1.970
  nonbonded pdb=" O   GLY A   1 "
            pdb=" HA1 GLY A   2 "
     model   vdw
     2.242 2.740
  nonbonded pdb=" HA2 GLY A   2 "
            pdb=" H   GLY A   2 "
     model   vdw
     2.249 1.816
  nonbonded pdb=" HE1 PHE A   3 "
            pdb=" HZ  PHE A   3 "
     model   vdw
     2.292 1.680
  ... (remaining 293 not shown)

  NOTE: a complete listing of the restraints can be obtained by requesting
        output of .geo file.

                   ----------xray_structure summary----------                  

Number of scattering types: 4
  Type Number    sf(0)   Gaussians
   O       4      7.97       2
   N       3      6.97       2
   C      13      5.97       2
   H      17      1.00       2
  sf(0) = scattering factor at diffraction angle 0.
Number of scatterers: 37
At special positions: 0
Unit cell: (13.158, 10.74, 14.911, 90, 90, 90)
Space group: P 1 (No. 1)

End of input processing
r_work=0.5141 r_free=0.5591
params.data_weight: None
params.restraints: qm
rmsd(b), start:  0.0846
mc:   0 R: 0.1441 rmsd(b):  0.0539 restraint_scale:  2.0 min_steps: 43
mc:   1 R: 0.0360 rmsd(b):  0.0242 restraint_scale:  2.0 min_steps: 26
mc:   2 R: 0.0180 rmsd(b):  0.0252 restraint_scale:  2.0 min_steps: 24
mc:   3 R: 0.0077 rmsd(b):  0.0466 restraint_scale:  4.0 min_steps: 40
mc:   4 R: 0.0076 rmsd(b):  0.0484 restraint_scale:  8.0 min_steps: 26
mc:   5 R: 0.0076 rmsd(b):  0.0486 restraint_scale: 16.0 min_steps: 6
Convergence reached, stop now.
see the result structure:  ./p26/04_results/refine_qm/230_GGF09-new/1.2/6.pdb
Time: 252.0610
