phenix.python
you are importing  adaptive calculator, and it does nothing. Please give it energy, force....... 

============================== Collecting inputs ==============================


                   ----------Processing X-ray data----------                   

F-obs:
  /scratch/m_zhen01/30993.lupus.uni-muenster.de/p26/02_mtz/201_WG12-new.mtz:F-obs
Miller array info: None
Observation type: xray.amplitude
Type of data: double, size=181
Type of sigmas: None
Number of Miller indices: 181
Anomalous flag: False
Unit cell: (13.714, 12.215, 10.637, 90, 90, 90)
Space group: P 1 (No. 1)
Systematic absences: 0
Centric reflections: 0
Resolution range: 3.97392 2.50207
Completeness in resolution range: 1
Completeness with d_max=infinity: 0.763713

Number of F-obs in resolution range:                   181
Number of F-obs<0 (these reflections will be rejected): 0
Number of F-obs=0 (these reflections will be used in refinement): 0
Refinement resolution range: d_max =   3.9739
                             d_min =   2.5021

R-free flags:
  /scratch/m_zhen01/30993.lupus.uni-muenster.de/p26/02_mtz/201_WG12-new.mtz:R-free-flags
Miller array info: /scratch/m_zhen01/30993.lupus.uni-muenster.de/p26/02_mtz/201_WG12-new.mtz:R-free-flags
Observation type: None
Type of data: int, size=181
Type of sigmas: None
Number of Miller indices: 181
Anomalous flag: False
Unit cell: (13.714, 12.215, 10.637, 90, 90, 90)
Space group: P 1 (No. 1)
Systematic absences: 0
Centric reflections: 0
Resolution range: 3.97392 2.50207
Completeness in resolution range: 1
Completeness with d_max=infinity: 0.763713
Wavelength: 1.0000

Test (R-free flags) flag value: 1

Number of work/free reflections by resolution:
                                  work free  %free
  bin  1: 3.9739 - 3.6405 [22/22]   16    6  27.3%
  bin  2: 3.6405 - 3.3967 [18/18]   18    0   0.0%
  bin  3: 3.3967 - 3.2074 [18/18]   18    0   0.0%
  bin  4: 3.2074 - 3.0543 [12/12]   12    0   0.0%
  bin  5: 3.0543 - 2.9268 [21/21]   19    2   9.5%
  bin  6: 2.9268 - 2.8182 [18/18]   18    0   0.0%
  bin  7: 2.8182 - 2.7241 [17/17]   17    0   0.0%
  bin  8: 2.7241 - 2.6414 [13/13]   13    0   0.0%
  bin  9: 2.6414 - 2.5680 [26/26]   22    4  15.4%
  bin 10: 2.5680 - 2.5021 [16/16]   16    0   0.0%
                          overall  169   12   6.6%

                   ----------Processing PDB file(s)----------                  

  Monomer Library directory:
    "/tmp1/m_zhen01/phenix-installer-1.10.1-2155-intel-linux-2.6-x86_64-centos5/phenix-1.10.1-2155/modules/chem_data/mon_lib"
  Total number of atoms: 34
  Number of models: 1
  Model: ""
    Number of chains: 1
    Chain: "A"
      Number of atoms: 34
      Number of conformers: 1
      Conformer: ""
        Number of residues, atoms: 2, 34
          Classifications: {'peptide': 2}
          Modifications used: {'NH2NOTPRO': 1, 'COOH': 1}
          Link IDs: {'TRANS': 1}
  Time building chain proxies: 0.07, per 1000 atoms: 2.06
  Number of scatterers: 34
  At special positions: 0
  Unit cell: (13.714, 12.215, 10.637, 90, 90, 90)
  Space group: P 1 (No. 1)
  Number of sites at special positions: 0
  Number of scattering types: 4
    Type Number    sf(0)
     O       3      8.00
     N       3      7.00
     C      13      6.00
     H      15      1.00
    sf(0) = scattering factor at diffraction angle 0.

  Number of disulfides: simple=0, symmetry=0

  Automatic linking
    Parameters for automatic linking
      Linking & cutoffs
        Metal                : False - 3.50
        Amimo acid           : False - 1.90
        Carbohydrate         : True  - 1.99
        Ligands              : True  - 1.99
        Amino acid - RNA/DNA : False
      
  Number of custom bonds: simple=0, symmetry=0
  Time building additional restraints: 0.02
  Conformation dependent library (CDL) restraints added in 520.9 microseconds
  
  Adding C-beta torsion restraints...
  Number of C-beta restraints generated:  2
  Time building geometry restraints manager: 0.03 seconds

  NOTE: a complete listing of the restraints can be obtained by requesting
        output of .geo file.

  Histogram of bond lengths:
        0.86 -     1.00: 14
        1.00 -     1.14: 1
        1.14 -     1.29: 2
        1.29 -     1.43: 10
        1.43 -     1.57: 8
  Bond restraints: 35
  Sorted by residual:
  bond pdb=" CA  TRP A   1 "
       pdb=" CB  TRP A   1 "
    ideal  model  delta    sigma   weight residual
    1.530  1.569 -0.039 2.00e-02 2.50e+03 3.80e+00
  bond pdb=" CA  GLY A   2 "
       pdb=" HA1 GLY A   2 "
    ideal  model  delta    sigma   weight residual
    0.970  1.008 -0.038 2.00e-02 2.50e+03 3.63e+00
  bond pdb=" C   TRP A   1 "
       pdb=" CA  TRP A   1 "
    ideal  model  delta    sigma   weight residual
    1.525  1.563 -0.038 2.10e-02 2.27e+03 3.35e+00
  bond pdb=" CE2 TRP A   1 "
       pdb=" CZ2 TRP A   1 "
    ideal  model  delta    sigma   weight residual
    1.394  1.432 -0.038 2.10e-02 2.27e+03 3.32e+00
  bond pdb=" CB  TRP A   1 "
       pdb=" CG  TRP A   1 "
    ideal  model  delta    sigma   weight residual
    1.498  1.444  0.054 3.10e-02 1.04e+03 3.04e+00
  ... (remaining 30 not shown)

  Histogram of bond angle deviations from ideal:
      104.95 -   110.55: 21
      110.55 -   116.14: 4
      116.14 -   121.74: 18
      121.74 -   127.34: 11
      127.34 -   132.93: 3
  Bond angle restraints: 57
  Sorted by residual:
  angle pdb=" CA  TRP A   1 "
        pdb=" CB  TRP A   1 "
        pdb=" CG  TRP A   1 "
      ideal   model   delta    sigma   weight residual
     113.60  120.72   -7.12 1.90e+00 2.77e-01 1.40e+01
  angle pdb=" C   TRP A   1 "
        pdb=" CA  TRP A   1 "
        pdb=" CB  TRP A   1 "
      ideal   model   delta    sigma   weight residual
     110.10  114.31   -4.21 1.90e+00 2.77e-01 4.92e+00
  angle pdb=" O   TRP A   1 "
        pdb=" C   TRP A   1 "
        pdb=" CA  TRP A   1 "
      ideal   model   delta    sigma   weight residual
     120.80  117.18    3.62 1.70e+00 3.46e-01 4.54e+00
  angle pdb=" CA  TRP A   1 "
        pdb=" C   TRP A   1 "
        pdb=" N   GLY A   2 "
      ideal   model   delta    sigma   weight residual
     116.20  119.60   -3.40 2.00e+00 2.50e-01 2.89e+00
  angle pdb=" CA  TRP A   1 "
        pdb=" N   TRP A   1 "
        pdb=" H1  TRP A   1 "
      ideal   model   delta    sigma   weight residual
     109.47  113.71   -4.24 3.00e+00 1.11e-01 1.99e+00
  ... (remaining 52 not shown)

  Histogram of dihedral angle deviations from ideal:
        0.34 -    36.22: 11
       36.22 -    72.11: 1
       72.11 -   108.00: 0
      108.00 -   143.89: 0
      143.89 -   179.78: 1
  Dihedral angle restraints: 13
    sinusoidal: 3
      harmonic: 10
  Sorted by residual:
  dihedral pdb=" O   GLY A   2 "
           pdb=" C   GLY A   2 "
           pdb=" OXT GLY A   2 "
           pdb=" HXT GLY A   2 "
      ideal   model   delta  harmonic     sigma   weight residual
       0.00  179.78 -179.78     0      3.00e+01 1.11e-03 3.59e+01
  dihedral pdb=" N   TRP A   1 "
           pdb=" CA  TRP A   1 "
           pdb=" CB  TRP A   1 "
           pdb=" CG  TRP A   1 "
      ideal   model   delta sinusoidal    sigma   weight residual
      60.00   92.46  -32.46     3      1.50e+01 4.44e-03 5.35e+00
  dihedral pdb=" OXT GLY A   2 "
           pdb=" C   GLY A   2 "
           pdb=" CA  GLY A   2 "
           pdb=" N   GLY A   2 "
      ideal   model   delta sinusoidal    sigma   weight residual
     -20.00  -91.23   71.23     2      3.00e+01 1.11e-03 4.78e+00
  ... (remaining 10 not shown)

  Histogram of chiral volume deviations from ideal:
       0.064 -    0.064: 1
       0.064 -    0.064: 0
       0.064 -    0.064: 0
       0.064 -    0.064: 0
       0.064 -    0.064: 0
  Chirality restraints: 1
  Sorted by residual:
  chirality pdb=" CA  TRP A   1 "
            pdb=" C   TRP A   1 "
            pdb=" N   TRP A   1 "
            pdb=" CB  TRP A   1 "
    both_signs  ideal   model   delta    sigma   weight residual
      False     -2.51   -2.57    0.06 2.00e-01 2.50e+01 1.03e-01

  Planarity restraints: 4
  Sorted by residual:
                                 delta    sigma   weight rms_deltas residual
  plane pdb=" CB  TRP A   1 "    0.028 2.00e-02 2.50e+03   1.93e-02 1.49e+01
        pdb=" CG  TRP A   1 "   -0.017 2.00e-02 2.50e+03
        pdb=" CD1 TRP A   1 "   -0.007 2.00e-02 2.50e+03
        pdb=" HD1 TRP A   1 "   -0.008 2.00e-02 2.50e+03
        pdb=" NE1 TRP A   1 "    0.006 2.00e-02 2.50e+03
        pdb=" HE1 TRP A   1 "    0.010 2.00e-02 2.50e+03
        pdb=" CE2 TRP A   1 "   -0.018 2.00e-02 2.50e+03
        pdb=" CZ2 TRP A   1 "   -0.031 2.00e-02 2.50e+03
        pdb=" HZ2 TRP A   1 "   -0.002 2.00e-02 2.50e+03
        pdb=" CH2 TRP A   1 "    0.010 2.00e-02 2.50e+03
        pdb=" HH2 TRP A   1 "    0.039 2.00e-02 2.50e+03
        pdb=" CZ3 TRP A   1 "    0.001 2.00e-02 2.50e+03
        pdb=" HZ3 TRP A   1 "   -0.032 2.00e-02 2.50e+03
        pdb=" CE3 TRP A   1 "    0.015 2.00e-02 2.50e+03
        pdb=" HE3 TRP A   1 "   -0.013 2.00e-02 2.50e+03
        pdb=" CD2 TRP A   1 "    0.020 2.00e-02 2.50e+03
                                 delta    sigma   weight rms_deltas residual
  plane pdb=" C   TRP A   1 "   -0.027 2.00e-02 2.50e+03   1.56e-02 2.42e+00
        pdb=" O   TRP A   1 "    0.010 2.00e-02 2.50e+03
        pdb=" CA  TRP A   1 "    0.008 2.00e-02 2.50e+03
        pdb=" N   GLY A   2 "    0.009 2.00e-02 2.50e+03
                                 delta    sigma   weight rms_deltas residual
  plane pdb=" C   TRP A   1 "    0.001 2.00e-02 2.50e+03   1.24e-03 1.54e-02
        pdb=" CA  GLY A   2 "    0.001 2.00e-02 2.50e+03
        pdb=" N   GLY A   2 "   -0.002 2.00e-02 2.50e+03
        pdb=" H   GLY A   2 "    0.001 2.00e-02 2.50e+03
  ... (remaining 1 not shown)

  Histogram of nonbonded interaction distances:
        2.14 -     2.69: 27
        2.69 -     3.24: 46
        3.24 -     3.79: 51
        3.79 -     4.35: 56
        4.35 -     4.90: 57
  Nonbonded interactions: 237
  Sorted by model distance:
  nonbonded pdb=" HXT GLY A   2 "
            pdb=" HA2 GLY A   2 "
     model   vdw
     2.135 2.270
  nonbonded pdb=" HA1 GLY A   2 "
            pdb=" H   GLY A   2 "
     model   vdw
     2.151 1.816
  nonbonded pdb=" H2  TRP A   1 "
            pdb=" H   GLY A   2 "
     model   vdw
     2.174 2.100
  nonbonded pdb=" HA  TRP A   1 "
            pdb=" HB2 TRP A   1 "
     model   vdw
     2.218 1.952
  nonbonded pdb=" HZ3 TRP A   1 "
            pdb=" HE3 TRP A   1 "
     model   vdw
     2.326 1.680
  ... (remaining 232 not shown)

  NOTE: a complete listing of the restraints can be obtained by requesting
        output of .geo file.

                   ----------xray_structure summary----------                  

Number of scattering types: 4
  Type Number    sf(0)   Gaussians
   O       3      7.97       2
   N       3      6.97       2
   C      13      5.97       2
   H      15      1.00       2
  sf(0) = scattering factor at diffraction angle 0.
Number of scatterers: 34
At special positions: 0
Unit cell: (13.714, 12.215, 10.637, 90, 90, 90)
Space group: P 1 (No. 1)

End of input processing
r_work=0.5012 r_free=0.3457
params.data_weight: 0.0
params.restraints: cctbx
rmsd(b), start:  0.0851
mc:   0 R: 0.5026 rmsd(b):  0.0030 restraint_scale:  1.0 min_steps: 55
mc:   1 R: 0.4762 rmsd(b):  0.0017 restraint_scale:  1.0 min_steps: 54
mc:   2 R: 0.4764 rmsd(b):  0.0009 restraint_scale:  1.0 min_steps: 56
mc:   3 R: 0.4724 rmsd(b):  0.0009 restraint_scale:  1.0 min_steps: 55
mc:   4 R: 0.4764 rmsd(b):  0.0014 restraint_scale:  1.0 min_steps: 53
mc:   5 R: 0.4772 rmsd(b):  0.0007 restraint_scale:  1.0 min_steps: 55
mc:   6 R: 0.4775 rmsd(b):  0.0009 restraint_scale:  1.0 min_steps: 53
mc:   7 R: 0.4788 rmsd(b):  0.0005 restraint_scale:  1.0 min_steps: 53
mc:   8 R: 0.4788 rmsd(b):  0.0006 restraint_scale:  1.0 min_steps: 53
mc:   9 R: 0.4777 rmsd(b):  0.0006 restraint_scale:  1.0 min_steps: 54
mc:  10 R: 0.4760 rmsd(b):  0.0007 restraint_scale:  1.0 min_steps: 54
mc:  11 R: 0.4752 rmsd(b):  0.0005 restraint_scale:  1.0 min_steps: 53
mc:  12 R: 0.4747 rmsd(b):  0.0006 restraint_scale:  1.0 min_steps: 54
mc:  13 R: 0.4750 rmsd(b):  0.0006 restraint_scale:  1.0 min_steps: 53
mc:  14 R: 0.4749 rmsd(b):  0.0006 restraint_scale:  1.0 min_steps: 57
Convergence reached, stop now.
see the result structure:  ./p26/04_results/opt_cctbx/201_WG12-new/0.9/8.pdb
Time: 7.5094
