phenix.python
you are importing  adaptive calculator, and it does nothing. Please give it energy, force....... 

============================== Collecting inputs ==============================


                   ----------Processing X-ray data----------                   

F-obs:
  /scratch/m_zhen01/30994.lupus.uni-muenster.de/p26/02_mtz/196_WG14-new.mtz:F-obs
Miller array info: None
Observation type: xray.amplitude
Type of data: double, size=203
Type of sigmas: None
Number of Miller indices: 203
Anomalous flag: False
Unit cell: (10.871, 14.682, 12.272, 90, 90, 90)
Space group: P 1 (No. 1)
Systematic absences: 0
Centric reflections: 0
Resolution range: 3.94058 2.51066
Completeness in resolution range: 1
Completeness with d_max=infinity: 0.7603

Number of F-obs in resolution range:                   203
Number of F-obs<0 (these reflections will be rejected): 0
Number of F-obs=0 (these reflections will be used in refinement): 0
Refinement resolution range: d_max =   3.9406
                             d_min =   2.5107

R-free flags:
  /scratch/m_zhen01/30994.lupus.uni-muenster.de/p26/02_mtz/196_WG14-new.mtz:R-free-flags
Miller array info: /scratch/m_zhen01/30994.lupus.uni-muenster.de/p26/02_mtz/196_WG14-new.mtz:R-free-flags
Observation type: None
Type of data: int, size=203
Type of sigmas: None
Number of Miller indices: 203
Anomalous flag: False
Unit cell: (10.871, 14.682, 12.272, 90, 90, 90)
Space group: P 1 (No. 1)
Systematic absences: 0
Centric reflections: 0
Resolution range: 3.94058 2.51066
Completeness in resolution range: 1
Completeness with d_max=infinity: 0.7603
Wavelength: 1.0000

Test (R-free flags) flag value: 1

Number of work/free reflections by resolution:
                                  work free  %free
  bin  1: 3.9406 - 3.6230 [18/18]   16    2  11.1%
  bin  2: 3.6230 - 3.3881 [26/26]   26    0   0.0%
  bin  3: 3.3881 - 3.2043 [12/12]   10    2  16.7%
  bin  4: 3.2043 - 3.0548 [19/19]   19    0   0.0%
  bin  5: 3.0548 - 2.9298 [27/27]   23    4  14.8%
  bin  6: 2.9298 - 2.8230 [20/20]   20    0   0.0%
  bin  7: 2.8230 - 2.7303 [10/10]   10    0   0.0%
  bin  8: 2.7303 - 2.6486 [27/27]   27    0   0.0%
  bin  9: 2.6486 - 2.5760 [18/18]   18    0   0.0%
  bin 10: 2.5760 - 2.5107 [26/26]   22    4  15.4%
                          overall  191   12   5.9%

                   ----------Processing PDB file(s)----------                  

  Monomer Library directory:
    "/tmp1/m_zhen01/phenix-installer-1.10.1-2155-intel-linux-2.6-x86_64-centos5/phenix-1.10.1-2155/modules/chem_data/mon_lib"
  Total number of atoms: 34
  Number of models: 1
  Model: ""
    Number of chains: 1
    Chain: "A"
      Number of atoms: 34
      Number of conformers: 1
      Conformer: ""
        Number of residues, atoms: 2, 34
          Classifications: {'peptide': 2}
          Modifications used: {'NH2NOTPRO': 1, 'COOH': 1}
          Link IDs: {'TRANS': 1}
  Time building chain proxies: 0.07, per 1000 atoms: 2.06
  Number of scatterers: 34
  At special positions: 0
  Unit cell: (10.871, 14.682, 12.272, 90, 90, 90)
  Space group: P 1 (No. 1)
  Number of sites at special positions: 0
  Number of scattering types: 4
    Type Number    sf(0)
     O       3      8.00
     N       3      7.00
     C      13      6.00
     H      15      1.00
    sf(0) = scattering factor at diffraction angle 0.

  Number of disulfides: simple=0, symmetry=0

  Automatic linking
    Parameters for automatic linking
      Linking & cutoffs
        Metal                : False - 3.50
        Amimo acid           : False - 1.90
        Carbohydrate         : True  - 1.99
        Ligands              : True  - 1.99
        Amino acid - RNA/DNA : False
      
  Number of custom bonds: simple=0, symmetry=0
  Time building additional restraints: 0.02
  Conformation dependent library (CDL) restraints added in 513.8 microseconds
  
  Adding C-beta torsion restraints...
  Number of C-beta restraints generated:  2
  Time building geometry restraints manager: 0.02 seconds

  NOTE: a complete listing of the restraints can be obtained by requesting
        output of .geo file.

  Histogram of bond lengths:
        0.86 -     1.00: 14
        1.00 -     1.13: 1
        1.13 -     1.27: 2
        1.27 -     1.41: 11
        1.41 -     1.55: 7
  Bond restraints: 35
  Sorted by residual:
  bond pdb=" CZ3 TRP A   1 "
       pdb=" HZ3 TRP A   1 "
    ideal  model  delta    sigma   weight residual
    0.930  0.862  0.068 2.00e-02 2.50e+03 1.14e+01
  bond pdb=" C   GLY A   2 "
       pdb=" O   GLY A   2 "
    ideal  model  delta    sigma   weight residual
    1.185  1.135  0.050 2.00e-02 2.50e+03 6.37e+00
  bond pdb=" CH2 TRP A   1 "
       pdb=" HH2 TRP A   1 "
    ideal  model  delta    sigma   weight residual
    0.930  0.886  0.044 2.00e-02 2.50e+03 4.81e+00
  bond pdb=" CB  TRP A   1 "
       pdb=" CG  TRP A   1 "
    ideal  model  delta    sigma   weight residual
    1.498  1.437  0.061 3.10e-02 1.04e+03 3.88e+00
  bond pdb=" CA  GLY A   2 "
       pdb=" HA1 GLY A   2 "
    ideal  model  delta    sigma   weight residual
    0.970  1.004 -0.034 2.00e-02 2.50e+03 2.85e+00
  ... (remaining 30 not shown)

  Histogram of bond angle deviations from ideal:
      105.43 -   111.32: 22
      111.32 -   117.22: 7
      117.22 -   123.11: 18
      123.11 -   129.01: 8
      129.01 -   134.90: 2
  Bond angle restraints: 57
  Sorted by residual:
  angle pdb=" CA  TRP A   1 "
        pdb=" CB  TRP A   1 "
        pdb=" CG  TRP A   1 "
      ideal   model   delta    sigma   weight residual
     113.60  110.81    2.79 1.90e+00 2.77e-01 2.16e+00
  angle pdb=" C   GLY A   2 "
        pdb=" CA  GLY A   2 "
        pdb=" HA2 GLY A   2 "
      ideal   model   delta    sigma   weight residual
     109.00  113.31   -4.31 3.00e+00 1.11e-01 2.07e+00
  angle pdb=" C   TRP A   1 "
        pdb=" CA  TRP A   1 "
        pdb=" N   TRP A   1 "
      ideal   model   delta    sigma   weight residual
     111.00  106.99    4.01 2.80e+00 1.28e-01 2.05e+00
  angle pdb=" O   GLY A   2 "
        pdb=" C   GLY A   2 "
        pdb=" CA  GLY A   2 "
      ideal   model   delta    sigma   weight residual
     118.60  115.20    3.40 3.00e+00 1.11e-01 1.29e+00
  angle pdb=" C   GLY A   2 "
        pdb=" CA  GLY A   2 "
        pdb=" HA1 GLY A   2 "
      ideal   model   delta    sigma   weight residual
     109.00  105.75    3.25 3.00e+00 1.11e-01 1.18e+00
  ... (remaining 52 not shown)

  Histogram of dihedral angle deviations from ideal:
        0.18 -     2.08: 5
        2.08 -     3.99: 4
        3.99 -     5.89: 2
        5.89 -     7.79: 1
        7.79 -     9.69: 1
  Dihedral angle restraints: 13
    sinusoidal: 3
      harmonic: 10
  Sorted by residual:
  dihedral pdb=" CA  TRP A   1 "
           pdb=" C   TRP A   1 "
           pdb=" N   GLY A   2 "
           pdb=" CA  GLY A   2 "
      ideal   model   delta  harmonic     sigma   weight residual
    -180.00 -170.31   -9.69     0      5.00e+00 4.00e-02 3.76e+00
  dihedral pdb=" N   TRP A   1 "
           pdb=" C   TRP A   1 "
           pdb=" CA  TRP A   1 "
           pdb=" CB  TRP A   1 "
      ideal   model   delta  harmonic     sigma   weight residual
     122.80  119.94    2.86     0      2.50e+00 1.60e-01 1.31e+00
  dihedral pdb=" C   TRP A   1 "
           pdb=" N   TRP A   1 "
           pdb=" CA  TRP A   1 "
           pdb=" CB  TRP A   1 "
      ideal   model   delta  harmonic     sigma   weight residual
    -122.60 -120.19   -2.41     0      2.50e+00 1.60e-01 9.28e-01
  ... (remaining 10 not shown)

  Histogram of chiral volume deviations from ideal:
       0.154 -    0.154: 1
       0.154 -    0.154: 0
       0.154 -    0.154: 0
       0.154 -    0.154: 0
       0.154 -    0.154: 0
  Chirality restraints: 1
  Sorted by residual:
  chirality pdb=" CA  TRP A   1 "
            pdb=" C   TRP A   1 "
            pdb=" N   TRP A   1 "
            pdb=" CB  TRP A   1 "
    both_signs  ideal   model   delta    sigma   weight residual
      False     -2.51   -2.66    0.15 2.00e-01 2.50e+01 5.91e-01

  Planarity restraints: 4
  Sorted by residual:
                                 delta    sigma   weight rms_deltas residual
  plane pdb=" C   TRP A   1 "    0.008 2.00e-02 2.50e+03   1.51e-02 2.29e+00
        pdb=" CA  GLY A   2 "    0.007 2.00e-02 2.50e+03
        pdb=" N   GLY A   2 "   -0.026 2.00e-02 2.50e+03
        pdb=" H   GLY A   2 "    0.011 2.00e-02 2.50e+03
                                 delta    sigma   weight rms_deltas residual
  plane pdb=" C   TRP A   1 "    0.025 2.00e-02 2.50e+03   1.47e-02 2.16e+00
        pdb=" O   TRP A   1 "   -0.010 2.00e-02 2.50e+03
        pdb=" CA  TRP A   1 "   -0.007 2.00e-02 2.50e+03
        pdb=" N   GLY A   2 "   -0.008 2.00e-02 2.50e+03
                                 delta    sigma   weight rms_deltas residual
  plane pdb=" CB  TRP A   1 "    0.004 2.00e-02 2.50e+03   7.18e-03 2.06e+00
        pdb=" CG  TRP A   1 "   -0.018 2.00e-02 2.50e+03
        pdb=" CD1 TRP A   1 "    0.011 2.00e-02 2.50e+03
        pdb=" HD1 TRP A   1 "    0.001 2.00e-02 2.50e+03
        pdb=" NE1 TRP A   1 "   -0.000 2.00e-02 2.50e+03
        pdb=" HE1 TRP A   1 "    0.009 2.00e-02 2.50e+03
        pdb=" CE2 TRP A   1 "   -0.012 2.00e-02 2.50e+03
        pdb=" CZ2 TRP A   1 "   -0.009 2.00e-02 2.50e+03
        pdb=" HZ2 TRP A   1 "    0.002 2.00e-02 2.50e+03
        pdb=" CH2 TRP A   1 "    0.001 2.00e-02 2.50e+03
        pdb=" HH2 TRP A   1 "    0.001 2.00e-02 2.50e+03
        pdb=" CZ3 TRP A   1 "    0.000 2.00e-02 2.50e+03
        pdb=" HZ3 TRP A   1 "    0.007 2.00e-02 2.50e+03
        pdb=" CE3 TRP A   1 "    0.004 2.00e-02 2.50e+03
        pdb=" HE3 TRP A   1 "    0.001 2.00e-02 2.50e+03
        pdb=" CD2 TRP A   1 "   -0.003 2.00e-02 2.50e+03
  ... (remaining 1 not shown)

  Histogram of nonbonded interaction distances:
        2.17 -     2.71: 26
        2.71 -     3.26: 55
        3.26 -     3.80: 50
        3.80 -     4.35: 74
        4.35 -     4.89: 86
  Nonbonded interactions: 291
  Sorted by model distance:
  nonbonded pdb=" O   TRP A   1 "
            pdb=" H1  TRP A   1 "
     model   vdw
     2.169 1.970
  nonbonded pdb=" HH2 TRP A   1 "
            pdb=" HZ3 TRP A   1 "
     model   vdw
     2.226 1.680
  nonbonded pdb=" O   GLY A   2 "
            pdb=" HXT GLY A   2 "
     model   vdw
     2.243 2.056
  nonbonded pdb=" C   TRP A   1 "
            pdb=" H1  TRP A   1 "
     model   vdw
     2.263 2.240
  nonbonded pdb=" HZ3 TRP A   1 "
            pdb=" HE3 TRP A   1 "
     model   vdw
     2.286 1.680
  ... (remaining 286 not shown)

  NOTE: a complete listing of the restraints can be obtained by requesting
        output of .geo file.

                   ----------xray_structure summary----------                  

Number of scattering types: 4
  Type Number    sf(0)   Gaussians
   O       3      7.97       2
   N       3      6.97       2
   C      13      5.97       2
   H      15      1.00       2
  sf(0) = scattering factor at diffraction angle 0.
Number of scatterers: 34
At special positions: 0
Unit cell: (10.871, 14.682, 12.272, 90, 90, 90)
Space group: P 1 (No. 1)

End of input processing
r_work=0.1830 r_free=0.3229
params.data_weight: 0.0
params.restraints: qm
rmsd(b), start:  0.0888
mc:   0 R: 0.1866 rmsd(b):  0.0276 restraint_scale:  1.0 min_steps: 52
mc:   1 R: 0.1865 rmsd(b):  0.0276 restraint_scale:  1.0 min_steps: 10
Convergence reached, stop now.
see the result structure:  ./p26/04_results/opt_qm/196_WG14-new/0.3/3.pdb
Time: 72.5753
