phenix.python
you are importing  adaptive calculator, and it does nothing. Please give it energy, force....... 

============================== Collecting inputs ==============================


                   ----------Processing X-ray data----------                   

F-obs:
  /scratch/m_zhen01/31011.lupus.uni-muenster.de/p26/02_mtz/247_GFA03-new.mtz:F-obs
Miller array info: None
Observation type: xray.amplitude
Type of data: double, size=227
Type of sigmas: None
Number of Miller indices: 227
Anomalous flag: False
Unit cell: (16.841, 13.139, 9.995, 90, 90, 90)
Space group: P 1 (No. 1)
Systematic absences: 0
Centric reflections: 0
Resolution range: 3.97746 2.50702
Completeness in resolution range: 1
Completeness with d_max=infinity: 0.761745

Number of F-obs in resolution range:                   227
Number of F-obs<0 (these reflections will be rejected): 0
Number of F-obs=0 (these reflections will be used in refinement): 0
Refinement resolution range: d_max =   3.9775
                             d_min =   2.5070

R-free flags:
  /scratch/m_zhen01/31011.lupus.uni-muenster.de/p26/02_mtz/247_GFA03-new.mtz:R-free-flags
Miller array info: /scratch/m_zhen01/31011.lupus.uni-muenster.de/p26/02_mtz/247_GFA03-new.mtz:R-free-flags
Observation type: None
Type of data: int, size=227
Type of sigmas: None
Number of Miller indices: 227
Anomalous flag: False
Unit cell: (16.841, 13.139, 9.995, 90, 90, 90)
Space group: P 1 (No. 1)
Systematic absences: 0
Centric reflections: 0
Resolution range: 3.97746 2.50702
Completeness in resolution range: 1
Completeness with d_max=infinity: 0.761745
Wavelength: 1.0000

Test (R-free flags) flag value: 1

Number of work/free reflections by resolution:
                                  work free  %free
  bin  1: 3.9775 - 3.6450 [24/24]   24    0   0.0%
  bin  2: 3.6450 - 3.4016 [16/16]   16    0   0.0%
  bin  3: 3.4016 - 3.2125 [31/31]   27    4  12.9%
  bin  4: 3.2125 - 3.0594 [28/28]   24    4  14.3%
  bin  5: 3.0594 - 2.9319 [10/10]    8    2  20.0%
  bin  6: 2.9319 - 2.8233 [28/28]   28    0   0.0%
  bin  7: 2.8233 - 2.7292 [19/19]   19    0   0.0%
  bin  8: 2.7292 - 2.6465 [18/18]   18    0   0.0%
  bin  9: 2.6465 - 2.5730 [29/29]   27    2   6.9%
  bin 10: 2.5730 - 2.5070 [24/24]   24    0   0.0%
                          overall  215   12   5.3%

                   ----------Processing PDB file(s)----------                  

  Monomer Library directory:
    "/tmp1/m_zhen01/phenix-installer-1.10.1-2155-intel-linux-2.6-x86_64-centos5/phenix-1.10.1-2155/modules/chem_data/mon_lib"
  Total number of atoms: 40
  Number of models: 1
  Model: ""
    Number of chains: 1
    Chain: "A"
      Number of atoms: 40
      Number of conformers: 1
      Conformer: ""
        Number of residues, atoms: 3, 40
          Classifications: {'peptide': 3}
          Modifications used: {'NH2NOTPRO': 1, 'COOH': 1}
          Link IDs: {'TRANS': 2}
  Time building chain proxies: 0.09, per 1000 atoms: 2.25
  Number of scatterers: 40
  At special positions: 0
  Unit cell: (16.841, 13.139, 9.995, 90, 90, 90)
  Space group: P 1 (No. 1)
  Number of sites at special positions: 0
  Number of scattering types: 4
    Type Number    sf(0)
     O       4      8.00
     N       3      7.00
     C      14      6.00
     H      19      1.00
    sf(0) = scattering factor at diffraction angle 0.

  Number of disulfides: simple=0, symmetry=0

  Automatic linking
    Parameters for automatic linking
      Linking & cutoffs
        Metal                : False - 3.50
        Amimo acid           : False - 1.90
        Carbohydrate         : True  - 1.99
        Ligands              : True  - 1.99
        Amino acid - RNA/DNA : False
      
  Number of custom bonds: simple=0, symmetry=0
  Time building additional restraints: 0.03
  Conformation dependent library (CDL) restraints added in 3.5 milliseconds
  
  Adding C-beta torsion restraints...
  Number of C-beta restraints generated:  4
  Time building geometry restraints manager: 0.03 seconds

  NOTE: a complete listing of the restraints can be obtained by requesting
        output of .geo file.

  Histogram of bond lengths:
        0.87 -     1.01: 19
        1.01 -     1.15: 0
        1.15 -     1.29: 3
        1.29 -     1.44: 9
        1.44 -     1.58: 9
  Bond restraints: 40
  Sorted by residual:
  bond pdb=" CB  PHE A   2 "
       pdb=" HB2 PHE A   2 "
    ideal  model  delta    sigma   weight residual
    0.970  0.903  0.067 2.00e-02 2.50e+03 1.12e+01
  bond pdb=" CZ  PHE A   2 "
       pdb=" HZ  PHE A   2 "
    ideal  model  delta    sigma   weight residual
    0.930  0.882  0.048 2.00e-02 2.50e+03 5.88e+00
  bond pdb=" CA  ALA A   3 "
       pdb=" N   ALA A   3 "
    ideal  model  delta    sigma   weight residual
    1.458  1.501 -0.043 1.90e-02 2.77e+03 5.09e+00
  bond pdb=" CA  GLY A   1 "
       pdb=" N   GLY A   1 "
    ideal  model  delta    sigma   weight residual
    1.451  1.484 -0.033 1.60e-02 3.91e+03 4.25e+00
  bond pdb=" CA  ALA A   3 "
       pdb=" CB  ALA A   3 "
    ideal  model  delta    sigma   weight residual
    1.521  1.580 -0.059 3.30e-02 9.18e+02 3.25e+00
  ... (remaining 35 not shown)

  Histogram of bond angle deviations from ideal:
      102.02 -   106.99: 9
      106.99 -   111.97: 18
      111.97 -   116.94: 11
      116.94 -   121.91: 21
      121.91 -   126.89: 7
  Bond angle restraints: 66
  Sorted by residual:
  angle pdb=" C   GLY A   1 "
        pdb=" CA  GLY A   1 "
        pdb=" HA1 GLY A   1 "
      ideal   model   delta    sigma   weight residual
     109.00  102.02    6.98 3.00e+00 1.11e-01 5.42e+00
  angle pdb=" HA2 GLY A   1 "
        pdb=" CA  GLY A   1 "
        pdb=" N   GLY A   1 "
      ideal   model   delta    sigma   weight residual
     110.00  114.87   -4.87 3.00e+00 1.11e-01 2.64e+00
  angle pdb=" CA  ALA A   3 "
        pdb=" CB  ALA A   3 "
        pdb=" HB2 ALA A   3 "
      ideal   model   delta    sigma   weight residual
     109.00  113.75   -4.75 3.00e+00 1.11e-01 2.51e+00
  angle pdb=" C   ALA A   3 "
        pdb=" CA  ALA A   3 "
        pdb=" CB  ALA A   3 "
      ideal   model   delta    sigma   weight residual
     110.50  112.52   -2.02 1.50e+00 4.44e-01 1.81e+00
  angle pdb=" C   GLY A   1 "
        pdb=" N   PHE A   2 "
        pdb=" CA  PHE A   2 "
      ideal   model   delta    sigma   weight residual
     121.40  123.34   -1.94 1.52e+00 4.33e-01 1.64e+00
  ... (remaining 61 not shown)

  Histogram of dihedral angle deviations from ideal:
        0.27 -     4.07: 10
        4.07 -     7.88: 4
        7.88 -    11.68: 1
       11.68 -    15.49: 0
       15.49 -    19.30: 1
  Dihedral angle restraints: 16
    sinusoidal: 4
      harmonic: 12
  Sorted by residual:
  dihedral pdb=" CA  PHE A   2 "
           pdb=" C   PHE A   2 "
           pdb=" N   ALA A   3 "
           pdb=" CA  ALA A   3 "
      ideal   model   delta  harmonic     sigma   weight residual
    -180.00 -170.20   -9.80     0      5.00e+00 4.00e-02 3.84e+00
  dihedral pdb=" C   ALA A   3 "
           pdb=" N   ALA A   3 "
           pdb=" CA  ALA A   3 "
           pdb=" CB  ALA A   3 "
      ideal   model   delta  harmonic     sigma   weight residual
    -122.60 -125.98    3.38     0      2.50e+00 1.60e-01 1.83e+00
  dihedral pdb=" OXT ALA A   3 "
           pdb=" C   ALA A   3 "
           pdb=" CA  ALA A   3 "
           pdb=" N   ALA A   3 "
      ideal   model   delta sinusoidal    sigma   weight residual
     160.00  179.30  -19.30     2      3.00e+01 1.11e-03 5.82e-01
  ... (remaining 13 not shown)

  Histogram of chiral volume deviations from ideal:
       0.007 -    0.018: 1
       0.018 -    0.030: 0
       0.030 -    0.041: 0
       0.041 -    0.052: 0
       0.052 -    0.064: 1
  Chirality restraints: 2
  Sorted by residual:
  chirality pdb=" CA  ALA A   3 "
            pdb=" C   ALA A   3 "
            pdb=" CB  ALA A   3 "
            pdb=" N   ALA A   3 "
    both_signs  ideal   model   delta    sigma   weight residual
      False      2.48    2.55   -0.06 2.00e-01 2.50e+01 1.01e-01
  chirality pdb=" CA  PHE A   2 "
            pdb=" CB  PHE A   2 "
            pdb=" C   PHE A   2 "
            pdb=" N   PHE A   2 "
    both_signs  ideal   model   delta    sigma   weight residual
      False     -2.51   -2.50   -0.01 2.00e-01 2.50e+01 1.14e-03

  Planarity restraints: 6
  Sorted by residual:
                                 delta    sigma   weight rms_deltas residual
  plane pdb=" CB  PHE A   2 "   -0.004 2.00e-02 2.50e+03   1.12e-02 3.74e+00
        pdb=" CG  PHE A   2 "    0.004 2.00e-02 2.50e+03
        pdb=" CD1 PHE A   2 "   -0.018 2.00e-02 2.50e+03
        pdb=" HD1 PHE A   2 "    0.005 2.00e-02 2.50e+03
        pdb=" CE1 PHE A   2 "    0.024 2.00e-02 2.50e+03
        pdb=" HE1 PHE A   2 "   -0.007 2.00e-02 2.50e+03
        pdb=" CZ  PHE A   2 "    0.007 2.00e-02 2.50e+03
        pdb=" HZ  PHE A   2 "   -0.010 2.00e-02 2.50e+03
        pdb=" CE2 PHE A   2 "    0.008 2.00e-02 2.50e+03
        pdb=" HE2 PHE A   2 "   -0.008 2.00e-02 2.50e+03
        pdb=" CD2 PHE A   2 "   -0.010 2.00e-02 2.50e+03
        pdb=" HD2 PHE A   2 "    0.011 2.00e-02 2.50e+03
                                 delta    sigma   weight rms_deltas residual
  plane pdb=" O   ALA A   3 "    0.009 2.00e-02 2.50e+03   1.07e-02 1.44e+00
        pdb=" C   ALA A   3 "   -0.016 2.00e-02 2.50e+03
        pdb=" OXT ALA A   3 "    0.014 2.00e-02 2.50e+03
        pdb=" HXT ALA A   3 "   -0.008 2.00e-02 2.50e+03
        pdb=" CA  ALA A   3 "    0.001 2.00e-02 2.50e+03
                                 delta    sigma   weight rms_deltas residual
  plane pdb=" C   GLY A   1 "    0.004 2.00e-02 2.50e+03   7.83e-03 6.13e-01
        pdb=" CA  PHE A   2 "    0.003 2.00e-02 2.50e+03
        pdb=" N   PHE A   2 "   -0.013 2.00e-02 2.50e+03
        pdb=" H   PHE A   2 "    0.006 2.00e-02 2.50e+03
  ... (remaining 3 not shown)

  Histogram of nonbonded interaction distances:
        1.88 -     2.48: 24
        2.48 -     3.09: 52
        3.09 -     3.69: 56
        3.69 -     4.30: 65
        4.30 -     4.90: 89
  Nonbonded interactions: 286
  Sorted by model distance:
  nonbonded pdb=" HA2 GLY A   1 "
            pdb=" H2  GLY A   1 "
     model   vdw
     1.879 1.816
  nonbonded pdb=" C   GLY A   1 "
            pdb=" H2  GLY A   1 "
     model   vdw
     2.194 2.240
  nonbonded pdb=" H2  GLY A   1 "
            pdb=" H   PHE A   2 "
     model   vdw
     2.247 2.100
  nonbonded pdb=" HE1 PHE A   2 "
            pdb=" HZ  PHE A   2 "
     model   vdw
     2.250 1.680
  nonbonded pdb=" HA  PHE A   2 "
            pdb=" H   ALA A   3 "
     model   vdw
     2.253 2.270
  ... (remaining 281 not shown)

  NOTE: a complete listing of the restraints can be obtained by requesting
        output of .geo file.

                   ----------xray_structure summary----------                  

Number of scattering types: 4
  Type Number    sf(0)   Gaussians
   O       4      7.97       2
   N       3      6.97       2
   C      14      5.97       2
   H      19      1.00       2
  sf(0) = scattering factor at diffraction angle 0.
Number of scatterers: 40
At special positions: 0
Unit cell: (16.841, 13.139, 9.995, 90, 90, 90)
Space group: P 1 (No. 1)

End of input processing
r_work=0.4806 r_free=0.3503
params.data_weight: None
params.restraints: qm
rmsd(b), start:  0.0919
mc:   0 R: 0.1865 rmsd(b):  0.2646 restraint_scale:  2.0 min_steps: 52
mc:   1 R: 0.1521 rmsd(b):  0.2398 restraint_scale:  4.0 min_steps: 37
mc:   2 R: 0.1521 rmsd(b):  0.2398 restraint_scale:  8.0 min_steps: 1
Convergence reached, stop now.
see the result structure:  ./p26/04_results/refine_qm/247_GFA03-new/0.9/6.pdb
Time: 118.4683
