phenix.python
you are importing  adaptive calculator, and it does nothing. Please give it energy, force....... 

============================== Collecting inputs ==============================


                   ----------Processing X-ray data----------                   

F-obs:
  /scratch/m_zhen01/30995.lupus.uni-muenster.de/p26/02_mtz/243_GFA13-new.mtz:F-obs
Miller array info: None
Observation type: xray.amplitude
Type of data: double, size=224
Type of sigmas: None
Number of Miller indices: 224
Anomalous flag: False
Unit cell: (12.507, 10.299, 17.393, 90, 90, 90)
Space group: P 1 (No. 1)
Systematic absences: 0
Centric reflections: 0
Resolution range: 3.97519 2.5014
Completeness in resolution range: 1
Completeness with d_max=infinity: 0.759322

Number of F-obs in resolution range:                   224
Number of F-obs<0 (these reflections will be rejected): 0
Number of F-obs=0 (these reflections will be used in refinement): 0
Refinement resolution range: d_max =   3.9752
                             d_min =   2.5014

R-free flags:
  /scratch/m_zhen01/30995.lupus.uni-muenster.de/p26/02_mtz/243_GFA13-new.mtz:R-free-flags
Miller array info: /scratch/m_zhen01/30995.lupus.uni-muenster.de/p26/02_mtz/243_GFA13-new.mtz:R-free-flags
Observation type: None
Type of data: int, size=224
Type of sigmas: None
Number of Miller indices: 224
Anomalous flag: False
Unit cell: (12.507, 10.299, 17.393, 90, 90, 90)
Space group: P 1 (No. 1)
Systematic absences: 0
Centric reflections: 0
Resolution range: 3.97519 2.5014
Completeness in resolution range: 1
Completeness with d_max=infinity: 0.759322
Wavelength: 1.0000

Test (R-free flags) flag value: 1

Number of work/free reflections by resolution:
                                  work free  %free
  bin  1: 3.9752 - 3.6411 [28/28]   28    0   0.0%
  bin  2: 3.6411 - 3.3968 [12/12]   11    1   8.3%
  bin  3: 3.3968 - 3.2072 [34/34]   34    0   0.0%
  bin  4: 3.2072 - 3.0540 [17/17]   15    2  11.8%
  bin  5: 3.0540 - 2.9263 [28/28]   28    0   0.0%
  bin  6: 2.9263 - 2.8176 [29/29]   27    2   6.9%
  bin  7: 2.8176 - 2.7235 [ 8/8 ]    8    0   0.0%
  bin  8: 2.7235 - 2.6408 [24/24]   24    0   0.0%
  bin  9: 2.6408 - 2.5673 [23/23]   23    0   0.0%
  bin 10: 2.5673 - 2.5014 [21/21]   17    4  19.0%
                          overall  215    9   4.0%

                   ----------Processing PDB file(s)----------                  

  Monomer Library directory:
    "/tmp1/m_zhen01/phenix-installer-1.10.1-2155-intel-linux-2.6-x86_64-centos5/phenix-1.10.1-2155/modules/chem_data/mon_lib"
  Total number of atoms: 40
  Number of models: 1
  Model: ""
    Number of chains: 1
    Chain: "A"
      Number of atoms: 40
      Number of conformers: 1
      Conformer: ""
        Number of residues, atoms: 3, 40
          Classifications: {'peptide': 3}
          Modifications used: {'NH2NOTPRO': 1, 'COOH': 1}
          Link IDs: {'TRANS': 2}
  Time building chain proxies: 0.09, per 1000 atoms: 2.25
  Number of scatterers: 40
  At special positions: 0
  Unit cell: (12.507, 10.299, 17.393, 90, 90, 90)
  Space group: P 1 (No. 1)
  Number of sites at special positions: 0
  Number of scattering types: 4
    Type Number    sf(0)
     O       4      8.00
     N       3      7.00
     C      14      6.00
     H      19      1.00
    sf(0) = scattering factor at diffraction angle 0.

  Number of disulfides: simple=0, symmetry=0

  Automatic linking
    Parameters for automatic linking
      Linking & cutoffs
        Metal                : False - 3.50
        Amimo acid           : False - 1.90
        Carbohydrate         : True  - 1.99
        Ligands              : True  - 1.99
        Amino acid - RNA/DNA : False
      
  Number of custom bonds: simple=0, symmetry=0
  Time building additional restraints: 0.03
  Conformation dependent library (CDL) restraints added in 3.4 milliseconds
  
  Adding C-beta torsion restraints...
  Number of C-beta restraints generated:  4
  Time building geometry restraints manager: 0.03 seconds

  NOTE: a complete listing of the restraints can be obtained by requesting
        output of .geo file.

  Histogram of bond lengths:
        0.84 -     0.98: 15
        0.98 -     1.12: 4
        1.12 -     1.26: 3
        1.26 -     1.40: 8
        1.40 -     1.54: 10
  Bond restraints: 40
  Sorted by residual:
  bond pdb=" CA  ALA A   3 "
       pdb=" N   ALA A   3 "
    ideal  model  delta    sigma   weight residual
    1.458  1.493 -0.035 1.90e-02 2.77e+03 3.41e+00
  bond pdb=" C   PHE A   2 "
       pdb=" N   ALA A   3 "
    ideal  model  delta    sigma   weight residual
    1.329  1.351 -0.022 1.40e-02 5.10e+03 2.51e+00
  bond pdb=" C   PHE A   2 "
       pdb=" CA  PHE A   2 "
    ideal  model  delta    sigma   weight residual
    1.528  1.540 -0.013 8.80e-03 1.29e+04 2.08e+00
  bond pdb=" CA  GLY A   1 "
       pdb=" HA2 GLY A   1 "
    ideal  model  delta    sigma   weight residual
    0.970  0.997 -0.027 2.00e-02 2.50e+03 1.87e+00
  bond pdb=" C   GLY A   1 "
       pdb=" CA  GLY A   1 "
    ideal  model  delta    sigma   weight residual
    1.516  1.493  0.023 1.80e-02 3.09e+03 1.69e+00
  ... (remaining 35 not shown)

  Histogram of bond angle deviations from ideal:
      103.21 -   107.99: 10
      107.99 -   112.78: 23
      112.78 -   117.56: 3
      117.56 -   122.34: 24
      122.34 -   127.13: 6
  Bond angle restraints: 66
  Sorted by residual:
  angle pdb=" CB  PHE A   2 "
        pdb=" CA  PHE A   2 "
        pdb=" C   PHE A   2 "
      ideal   model   delta    sigma   weight residual
     116.63  112.09    4.54 1.16e+00 7.43e-01 1.53e+01
  angle pdb=" CA  GLY A   1 "
        pdb=" N   GLY A   1 "
        pdb=" H1  GLY A   1 "
      ideal   model   delta    sigma   weight residual
     109.47  119.10   -9.63 3.00e+00 1.11e-01 1.03e+01
  angle pdb=" CG  PHE A   2 "
        pdb=" CB  PHE A   2 "
        pdb=" CA  PHE A   2 "
      ideal   model   delta    sigma   weight residual
     113.80  111.37    2.43 1.00e+00 1.00e+00 5.92e+00
  angle pdb=" HA1 GLY A   1 "
        pdb=" CA  GLY A   1 "
        pdb=" N   GLY A   1 "
      ideal   model   delta    sigma   weight residual
     110.00  103.21    6.79 3.00e+00 1.11e-01 5.12e+00
  angle pdb=" CA  PHE A   2 "
        pdb=" C   PHE A   2 "
        pdb=" N   ALA A   3 "
      ideal   model   delta    sigma   weight residual
     119.63  118.18    1.45 8.10e-01 1.52e+00 3.21e+00
  ... (remaining 61 not shown)

  Histogram of dihedral angle deviations from ideal:
        0.00 -     2.80: 10
        2.80 -     5.60: 2
        5.60 -     8.40: 0
        8.40 -    11.20: 2
       11.20 -    14.00: 2
  Dihedral angle restraints: 16
    sinusoidal: 4
      harmonic: 12
  Sorted by residual:
  dihedral pdb=" CG  PHE A   2 "
           pdb=" CB  PHE A   2 "
           pdb=" CA  PHE A   2 "
           pdb=" N   PHE A   2 "
      ideal   model   delta sinusoidal    sigma   weight residual
     -60.00  -74.00   14.00     3      1.50e+01 4.44e-03 1.22e+00
  dihedral pdb=" C   ALA A   3 "
           pdb=" N   ALA A   3 "
           pdb=" CA  ALA A   3 "
           pdb=" CB  ALA A   3 "
      ideal   model   delta  harmonic     sigma   weight residual
    -122.60 -124.79    2.19     0      2.50e+00 1.60e-01 7.66e-01
  dihedral pdb=" HB3 ALA A   3 "
           pdb=" CA  ALA A   3 "
           pdb=" CB  ALA A   3 "
           pdb=" N   ALA A   3 "
      ideal   model   delta sinusoidal    sigma   weight residual
     -60.00  -70.15   10.15     3      1.50e+01 4.44e-03 6.54e-01
  ... (remaining 13 not shown)

  Histogram of chiral volume deviations from ideal:
       0.002 -    0.010: 1
       0.010 -    0.019: 0
       0.019 -    0.027: 0
       0.027 -    0.036: 0
       0.036 -    0.045: 1
  Chirality restraints: 2
  Sorted by residual:
  chirality pdb=" CA  ALA A   3 "
            pdb=" C   ALA A   3 "
            pdb=" CB  ALA A   3 "
            pdb=" N   ALA A   3 "
    both_signs  ideal   model   delta    sigma   weight residual
      False      2.48    2.53   -0.04 2.00e-01 2.50e+01 4.97e-02
  chirality pdb=" CA  PHE A   2 "
            pdb=" CB  PHE A   2 "
            pdb=" C   PHE A   2 "
            pdb=" N   PHE A   2 "
    both_signs  ideal   model   delta    sigma   weight residual
      False     -2.51   -2.51    0.00 2.00e-01 2.50e+01 7.93e-05

  Planarity restraints: 6
  Sorted by residual:
                                 delta    sigma   weight rms_deltas residual
  plane pdb=" CB  PHE A   2 "   -0.026 2.00e-02 2.50e+03   1.33e-02 5.33e+00
        pdb=" CG  PHE A   2 "    0.031 2.00e-02 2.50e+03
        pdb=" CD2 PHE A   2 "    0.014 2.00e-02 2.50e+03
        pdb=" HD2 PHE A   2 "   -0.005 2.00e-02 2.50e+03
        pdb=" CE2 PHE A   2 "   -0.007 2.00e-02 2.50e+03
        pdb=" HE2 PHE A   2 "   -0.002 2.00e-02 2.50e+03
        pdb=" CZ  PHE A   2 "   -0.001 2.00e-02 2.50e+03
        pdb=" HZ  PHE A   2 "   -0.004 2.00e-02 2.50e+03
        pdb=" CE1 PHE A   2 "    0.008 2.00e-02 2.50e+03
        pdb=" HE1 PHE A   2 "   -0.010 2.00e-02 2.50e+03
        pdb=" CD1 PHE A   2 "    0.004 2.00e-02 2.50e+03
        pdb=" HD1 PHE A   2 "   -0.001 2.00e-02 2.50e+03
                                 delta    sigma   weight rms_deltas residual
  plane pdb=" C   PHE A   2 "    0.007 2.00e-02 2.50e+03   1.34e-02 1.80e+00
        pdb=" CA  ALA A   3 "    0.005 2.00e-02 2.50e+03
        pdb=" N   ALA A   3 "   -0.023 2.00e-02 2.50e+03
        pdb=" H   ALA A   3 "    0.010 2.00e-02 2.50e+03
                                 delta    sigma   weight rms_deltas residual
  plane pdb=" O   ALA A   3 "   -0.009 2.00e-02 2.50e+03   1.15e-02 1.66e+00
        pdb=" C   ALA A   3 "    0.021 2.00e-02 2.50e+03
        pdb=" OXT ALA A   3 "   -0.010 2.00e-02 2.50e+03
        pdb=" HXT ALA A   3 "    0.003 2.00e-02 2.50e+03
        pdb=" CA  ALA A   3 "   -0.005 2.00e-02 2.50e+03
  ... (remaining 3 not shown)

  Histogram of nonbonded interaction distances:
        1.86 -     2.46: 20
        2.46 -     3.07: 60
        3.07 -     3.68: 60
        3.68 -     4.29: 71
        4.29 -     4.90: 87
  Nonbonded interactions: 298
  Sorted by model distance:
  nonbonded pdb=" HA2 GLY A   1 "
            pdb=" H2  GLY A   1 "
     model   vdw
     1.855 1.816
  nonbonded pdb=" HB2 PHE A   2 "
            pdb=" H   ALA A   3 "
     model   vdw
     1.961 2.270
  nonbonded pdb=" HA  PHE A   2 "
            pdb=" H   PHE A   2 "
     model   vdw
     2.131 1.816
  nonbonded pdb=" HA2 GLY A   1 "
            pdb=" H   PHE A   2 "
     model   vdw
     2.158 2.270
  nonbonded pdb=" O   ALA A   3 "
            pdb=" HXT ALA A   3 "
     model   vdw
     2.193 2.056
  ... (remaining 293 not shown)

  NOTE: a complete listing of the restraints can be obtained by requesting
        output of .geo file.

                   ----------xray_structure summary----------                  

Number of scattering types: 4
  Type Number    sf(0)   Gaussians
   O       4      7.97       2
   N       3      6.97       2
   C      14      5.97       2
   H      19      1.00       2
  sf(0) = scattering factor at diffraction angle 0.
Number of scatterers: 40
At special positions: 0
Unit cell: (12.507, 10.299, 17.393, 90, 90, 90)
Space group: P 1 (No. 1)

End of input processing
r_work=0.4837 r_free=0.4589
params.data_weight: None
params.restraints: cctbx
rmsd(b), start:  0.0900
mc:   0 R: 0.1725 rmsd(b):  0.1088 restraint_scale:  2.0 min_steps: 45
mc:   1 R: 0.0455 rmsd(b):  0.0290 restraint_scale:  2.0 min_steps: 54
mc:   2 R: 0.0134 rmsd(b):  0.0167 restraint_scale:  2.0 min_steps: 22
mc:   3 R: 0.0054 rmsd(b):  0.0268 restraint_scale:  2.0 min_steps: 37
mc:   4 R: 0.0048 rmsd(b):  0.0278 restraint_scale:  2.0 min_steps: 15
Convergence reached, stop now.
see the result structure:  ./p26/04_results/refine_cctbx/243_GFA13-new/1.2/2.pdb
Time: 6.0286
