phenix.python
you are importing  adaptive calculator, and it does nothing. Please give it energy, force....... 

============================== Collecting inputs ==============================


                   ----------Processing X-ray data----------                   

F-obs:
  /scratch/m_zhen01/30995.lupus.uni-muenster.de/p26/02_mtz/243_GFA13-new.mtz:F-obs
Miller array info: None
Observation type: xray.amplitude
Type of data: double, size=224
Type of sigmas: None
Number of Miller indices: 224
Anomalous flag: False
Unit cell: (12.507, 10.299, 17.393, 90, 90, 90)
Space group: P 1 (No. 1)
Systematic absences: 0
Centric reflections: 0
Resolution range: 3.97519 2.5014
Completeness in resolution range: 1
Completeness with d_max=infinity: 0.759322

Number of F-obs in resolution range:                   224
Number of F-obs<0 (these reflections will be rejected): 0
Number of F-obs=0 (these reflections will be used in refinement): 0
Refinement resolution range: d_max =   3.9752
                             d_min =   2.5014

R-free flags:
  /scratch/m_zhen01/30995.lupus.uni-muenster.de/p26/02_mtz/243_GFA13-new.mtz:R-free-flags
Miller array info: /scratch/m_zhen01/30995.lupus.uni-muenster.de/p26/02_mtz/243_GFA13-new.mtz:R-free-flags
Observation type: None
Type of data: int, size=224
Type of sigmas: None
Number of Miller indices: 224
Anomalous flag: False
Unit cell: (12.507, 10.299, 17.393, 90, 90, 90)
Space group: P 1 (No. 1)
Systematic absences: 0
Centric reflections: 0
Resolution range: 3.97519 2.5014
Completeness in resolution range: 1
Completeness with d_max=infinity: 0.759322
Wavelength: 1.0000

Test (R-free flags) flag value: 1

Number of work/free reflections by resolution:
                                  work free  %free
  bin  1: 3.9752 - 3.6411 [28/28]   28    0   0.0%
  bin  2: 3.6411 - 3.3968 [12/12]   11    1   8.3%
  bin  3: 3.3968 - 3.2072 [34/34]   34    0   0.0%
  bin  4: 3.2072 - 3.0540 [17/17]   15    2  11.8%
  bin  5: 3.0540 - 2.9263 [28/28]   28    0   0.0%
  bin  6: 2.9263 - 2.8176 [29/29]   27    2   6.9%
  bin  7: 2.8176 - 2.7235 [ 8/8 ]    8    0   0.0%
  bin  8: 2.7235 - 2.6408 [24/24]   24    0   0.0%
  bin  9: 2.6408 - 2.5673 [23/23]   23    0   0.0%
  bin 10: 2.5673 - 2.5014 [21/21]   17    4  19.0%
                          overall  215    9   4.0%

                   ----------Processing PDB file(s)----------                  

  Monomer Library directory:
    "/tmp1/m_zhen01/phenix-installer-1.10.1-2155-intel-linux-2.6-x86_64-centos5/phenix-1.10.1-2155/modules/chem_data/mon_lib"
  Total number of atoms: 40
  Number of models: 1
  Model: ""
    Number of chains: 1
    Chain: "A"
      Number of atoms: 40
      Number of conformers: 1
      Conformer: ""
        Number of residues, atoms: 3, 40
          Classifications: {'peptide': 3}
          Modifications used: {'NH2NOTPRO': 1, 'COOH': 1}
          Link IDs: {'TRANS': 2}
  Time building chain proxies: 0.09, per 1000 atoms: 2.25
  Number of scatterers: 40
  At special positions: 0
  Unit cell: (12.507, 10.299, 17.393, 90, 90, 90)
  Space group: P 1 (No. 1)
  Number of sites at special positions: 0
  Number of scattering types: 4
    Type Number    sf(0)
     O       4      8.00
     N       3      7.00
     C      14      6.00
     H      19      1.00
    sf(0) = scattering factor at diffraction angle 0.

  Number of disulfides: simple=0, symmetry=0

  Automatic linking
    Parameters for automatic linking
      Linking & cutoffs
        Metal                : False - 3.50
        Amimo acid           : False - 1.90
        Carbohydrate         : True  - 1.99
        Ligands              : True  - 1.99
        Amino acid - RNA/DNA : False
      
  Number of custom bonds: simple=0, symmetry=0
  Time building additional restraints: 0.03
  Conformation dependent library (CDL) restraints added in 3.4 milliseconds
  
  Adding C-beta torsion restraints...
  Number of C-beta restraints generated:  4
  Time building geometry restraints manager: 0.03 seconds

  NOTE: a complete listing of the restraints can be obtained by requesting
        output of .geo file.

  Histogram of bond lengths:
        0.83 -     0.97: 14
        0.97 -     1.12: 5
        1.12 -     1.26: 3
        1.26 -     1.41: 9
        1.41 -     1.55: 9
  Bond restraints: 40
  Sorted by residual:
  bond pdb=" C   ALA A   3 "
       pdb=" OXT ALA A   3 "
    ideal  model  delta    sigma   weight residual
    1.330  1.389 -0.059 2.00e-02 2.50e+03 8.58e+00
  bond pdb=" C   PHE A   2 "
       pdb=" O   PHE A   2 "
    ideal  model  delta    sigma   weight residual
    1.242  1.220  0.021 1.00e-02 1.00e+04 4.49e+00
  bond pdb=" CZ  PHE A   2 "
       pdb=" HZ  PHE A   2 "
    ideal  model  delta    sigma   weight residual
    0.930  0.898  0.032 2.00e-02 2.50e+03 2.63e+00
  bond pdb=" N   ALA A   3 "
       pdb=" H   ALA A   3 "
    ideal  model  delta    sigma   weight residual
    0.860  0.828  0.032 2.00e-02 2.50e+03 2.63e+00
  bond pdb=" CB  PHE A   2 "
       pdb=" CG  PHE A   2 "
    ideal  model  delta    sigma   weight residual
    1.502  1.469  0.033 2.30e-02 1.89e+03 2.04e+00
  ... (remaining 35 not shown)

  Histogram of bond angle deviations from ideal:
      103.05 -   107.42: 6
      107.42 -   111.79: 21
      111.79 -   116.15: 9
      116.15 -   120.52: 15
      120.52 -   124.89: 15
  Bond angle restraints: 66
  Sorted by residual:
  angle pdb=" CA  PHE A   2 "
        pdb=" C   PHE A   2 "
        pdb=" N   ALA A   3 "
      ideal   model   delta    sigma   weight residual
     119.63  117.00    2.63 8.10e-01 1.52e+00 1.05e+01
  angle pdb=" CG  PHE A   2 "
        pdb=" CB  PHE A   2 "
        pdb=" CA  PHE A   2 "
      ideal   model   delta    sigma   weight residual
     113.80  111.60    2.20 1.00e+00 1.00e+00 4.82e+00
  angle pdb=" HA  ALA A   3 "
        pdb=" CA  ALA A   3 "
        pdb=" N   ALA A   3 "
      ideal   model   delta    sigma   weight residual
     110.00  103.55    6.45 3.00e+00 1.11e-01 4.63e+00
  angle pdb=" O   GLY A   1 "
        pdb=" C   GLY A   1 "
        pdb=" CA  GLY A   1 "
      ideal   model   delta    sigma   weight residual
     120.80  124.64   -3.84 2.10e+00 2.27e-01 3.34e+00
  angle pdb=" CB  PHE A   2 "
        pdb=" CG  PHE A   2 "
        pdb=" CD1 PHE A   2 "
      ideal   model   delta    sigma   weight residual
     120.70  123.77   -3.07 1.70e+00 3.46e-01 3.26e+00
  ... (remaining 61 not shown)

  Histogram of dihedral angle deviations from ideal:
        0.18 -     4.11: 11
        4.11 -     8.04: 1
        8.04 -    11.98: 2
       11.98 -    15.91: 1
       15.91 -    19.84: 1
  Dihedral angle restraints: 16
    sinusoidal: 4
      harmonic: 12
  Sorted by residual:
  dihedral pdb=" CA  GLY A   1 "
           pdb=" C   GLY A   1 "
           pdb=" N   PHE A   2 "
           pdb=" CA  PHE A   2 "
      ideal   model   delta  harmonic     sigma   weight residual
    -180.00 -173.04   -6.96     0      5.00e+00 4.00e-02 1.94e+00
  dihedral pdb=" C   PHE A   2 "
           pdb=" N   PHE A   2 "
           pdb=" CA  PHE A   2 "
           pdb=" CB  PHE A   2 "
      ideal   model   delta  harmonic     sigma   weight residual
    -122.60 -125.32    2.72     0      2.50e+00 1.60e-01 1.19e+00
  dihedral pdb=" CG  PHE A   2 "
           pdb=" CB  PHE A   2 "
           pdb=" CA  PHE A   2 "
           pdb=" N   PHE A   2 "
      ideal   model   delta sinusoidal    sigma   weight residual
     -60.00  -70.97   10.97     3      1.50e+01 4.44e-03 7.60e-01
  ... (remaining 13 not shown)

  Histogram of chiral volume deviations from ideal:
       0.008 -    0.015: 1
       0.015 -    0.021: 0
       0.021 -    0.028: 0
       0.028 -    0.035: 0
       0.035 -    0.041: 1
  Chirality restraints: 2
  Sorted by residual:
  chirality pdb=" CA  PHE A   2 "
            pdb=" CB  PHE A   2 "
            pdb=" C   PHE A   2 "
            pdb=" N   PHE A   2 "
    both_signs  ideal   model   delta    sigma   weight residual
      False     -2.51   -2.55    0.04 2.00e-01 2.50e+01 4.23e-02
  chirality pdb=" CA  ALA A   3 "
            pdb=" C   ALA A   3 "
            pdb=" CB  ALA A   3 "
            pdb=" N   ALA A   3 "
    both_signs  ideal   model   delta    sigma   weight residual
      False      2.48    2.48    0.01 2.00e-01 2.50e+01 1.74e-03

  Planarity restraints: 6
  Sorted by residual:
                                 delta    sigma   weight rms_deltas residual
  plane pdb=" C   PHE A   2 "    0.031 2.00e-02 2.50e+03   1.81e-02 3.26e+00
        pdb=" O   PHE A   2 "   -0.012 2.00e-02 2.50e+03
        pdb=" CA  PHE A   2 "   -0.009 2.00e-02 2.50e+03
        pdb=" N   ALA A   3 "   -0.010 2.00e-02 2.50e+03
                                 delta    sigma   weight rms_deltas residual
  plane pdb=" CB  PHE A   2 "   -0.010 2.00e-02 2.50e+03   9.82e-03 2.89e+00
        pdb=" CG  PHE A   2 "    0.018 2.00e-02 2.50e+03
        pdb=" CD2 PHE A   2 "   -0.008 2.00e-02 2.50e+03
        pdb=" HD2 PHE A   2 "    0.013 2.00e-02 2.50e+03
        pdb=" CE2 PHE A   2 "    0.005 2.00e-02 2.50e+03
        pdb=" HE2 PHE A   2 "   -0.010 2.00e-02 2.50e+03
        pdb=" CZ  PHE A   2 "   -0.009 2.00e-02 2.50e+03
        pdb=" HZ  PHE A   2 "    0.004 2.00e-02 2.50e+03
        pdb=" CE1 PHE A   2 "   -0.009 2.00e-02 2.50e+03
        pdb=" HE1 PHE A   2 "    0.014 2.00e-02 2.50e+03
        pdb=" CD1 PHE A   2 "   -0.003 2.00e-02 2.50e+03
        pdb=" HD1 PHE A   2 "   -0.006 2.00e-02 2.50e+03
                                 delta    sigma   weight rms_deltas residual
  plane pdb=" C   PHE A   2 "   -0.004 2.00e-02 2.50e+03   8.54e-03 7.30e-01
        pdb=" CA  ALA A   3 "   -0.004 2.00e-02 2.50e+03
        pdb=" N   ALA A   3 "    0.015 2.00e-02 2.50e+03
        pdb=" H   ALA A   3 "   -0.007 2.00e-02 2.50e+03
  ... (remaining 3 not shown)

  Histogram of nonbonded interaction distances:
        2.04 -     2.61: 35
        2.61 -     3.18: 57
        3.18 -     3.75: 54
        3.75 -     4.32: 69
        4.32 -     4.90: 78
  Nonbonded interactions: 293
  Sorted by model distance:
  nonbonded pdb=" C   GLY A   1 "
            pdb=" H2  GLY A   1 "
     model   vdw
     2.037 2.240
  nonbonded pdb=" HB2 PHE A   2 "
            pdb=" H   ALA A   3 "
     model   vdw
     2.083 2.270
  nonbonded pdb=" HA  PHE A   2 "
            pdb=" H   PHE A   2 "
     model   vdw
     2.090 1.816
  nonbonded pdb=" HA2 GLY A   1 "
            pdb=" H2  GLY A   1 "
     model   vdw
     2.101 1.816
  nonbonded pdb=" HA2 GLY A   1 "
            pdb=" H   PHE A   2 "
     model   vdw
     2.164 2.270
  ... (remaining 288 not shown)

  NOTE: a complete listing of the restraints can be obtained by requesting
        output of .geo file.

                   ----------xray_structure summary----------                  

Number of scattering types: 4
  Type Number    sf(0)   Gaussians
   O       4      7.97       2
   N       3      6.97       2
   C      14      5.97       2
   H      19      1.00       2
  sf(0) = scattering factor at diffraction angle 0.
Number of scatterers: 40
At special positions: 0
Unit cell: (12.507, 10.299, 17.393, 90, 90, 90)
Space group: P 1 (No. 1)

End of input processing
r_work=0.4810 r_free=0.4368
params.data_weight: None
params.restraints: cctbx
rmsd(b), start:  0.0918
mc:   0 R: 0.1543 rmsd(b):  0.0888 restraint_scale:  2.0 min_steps: 52
mc:   1 R: 0.0453 rmsd(b):  0.0222 restraint_scale:  2.0 min_steps: 26
mc:   2 R: 0.0316 rmsd(b):  0.0305 restraint_scale:  4.0 min_steps: 15
mc:   3 R: 0.0210 rmsd(b):  0.0232 restraint_scale:  4.0 min_steps: 58
mc:   4 R: 0.0155 rmsd(b):  0.0227 restraint_scale:  4.0 min_steps: 16
mc:   5 R: 0.0137 rmsd(b):  0.0233 restraint_scale:  4.0 min_steps: 7
mc:   6 R: 0.0131 rmsd(b):  0.0236 restraint_scale:  4.0 min_steps: 9
Convergence reached, stop now.
see the result structure:  ./p26/04_results/refine_cctbx/243_GFA13-new/1.2/5.pdb
Time: 6.1438
