phenix.python
you are importing  adaptive calculator, and it does nothing. Please give it energy, force....... 

============================== Collecting inputs ==============================


                   ----------Processing X-ray data----------                   

F-obs:
  /scratch/m_zhen01/31011.lupus.uni-muenster.de/p26/02_mtz/261_FGG444-new.mtz:F-obs
Miller array info: None
Observation type: xray.amplitude
Type of data: double, size=188
Type of sigmas: None
Number of Miller indices: 188
Anomalous flag: False
Unit cell: (14.405, 13.122, 10.023, 90, 90, 90)
Space group: P 1 (No. 1)
Systematic absences: 0
Centric reflections: 0
Resolution range: 3.9826 2.50028
Completeness in resolution range: 1
Completeness with d_max=infinity: 0.752

Number of F-obs in resolution range:                   188
Number of F-obs<0 (these reflections will be rejected): 0
Number of F-obs=0 (these reflections will be used in refinement): 0
Refinement resolution range: d_max =   3.9826
                             d_min =   2.5003

R-free flags:
  /scratch/m_zhen01/31011.lupus.uni-muenster.de/p26/02_mtz/261_FGG444-new.mtz:R-free-flags
Miller array info: /scratch/m_zhen01/31011.lupus.uni-muenster.de/p26/02_mtz/261_FGG444-new.mtz:R-free-flags
Observation type: None
Type of data: int, size=188
Type of sigmas: None
Number of Miller indices: 188
Anomalous flag: False
Unit cell: (14.405, 13.122, 10.023, 90, 90, 90)
Space group: P 1 (No. 1)
Systematic absences: 0
Centric reflections: 0
Resolution range: 3.9826 2.50028
Completeness in resolution range: 1
Completeness with d_max=infinity: 0.752
Wavelength: 1.0000

Test (R-free flags) flag value: 1

Number of work/free reflections by resolution:
                                  work free  %free
  bin  1: 3.9826 - 3.6452 [18/18]   12    6  33.3%
  bin  2: 3.6452 - 3.3992 [17/17]   17    0   0.0%
  bin  3: 3.3992 - 3.2085 [24/24]   24    0   0.0%
  bin  4: 3.2085 - 3.0545 [18/18]   18    0   0.0%
  bin  5: 3.0545 - 2.9263 [22/22]   20    2   9.1%
  bin  6: 2.9263 - 2.8173 [15/15]   15    0   0.0%
  bin  7: 2.8173 - 2.7229 [14/14]   14    0   0.0%
  bin  8: 2.7229 - 2.6400 [28/28]   28    0   0.0%
  bin  9: 2.6400 - 2.5663 [13/13]   13    0   0.0%
  bin 10: 2.5663 - 2.5003 [19/19]   15    4  21.1%
                          overall  176   12   6.4%

                   ----------Processing PDB file(s)----------                  

  Monomer Library directory:
    "/tmp1/m_zhen01/phenix-installer-1.10.1-2155-intel-linux-2.6-x86_64-centos5/phenix-1.10.1-2155/modules/chem_data/mon_lib"
  Total number of atoms: 37
  Number of models: 1
  Model: ""
    Number of chains: 1
    Chain: "A"
      Number of atoms: 37
      Number of conformers: 1
      Conformer: ""
        Number of residues, atoms: 3, 37
          Classifications: {'peptide': 3}
          Modifications used: {'NH2NOTPRO': 1, 'COOH': 1}
          Link IDs: {'TRANS': 2}
  Time building chain proxies: 0.07, per 1000 atoms: 1.89
  Number of scatterers: 37
  At special positions: 0
  Unit cell: (14.405, 13.122, 10.023, 90, 90, 90)
  Space group: P 1 (No. 1)
  Number of sites at special positions: 0
  Number of scattering types: 4
    Type Number    sf(0)
     O       4      8.00
     N       3      7.00
     C      13      6.00
     H      17      1.00
    sf(0) = scattering factor at diffraction angle 0.

  Number of disulfides: simple=0, symmetry=0

  Automatic linking
    Parameters for automatic linking
      Linking & cutoffs
        Metal                : False - 3.50
        Amimo acid           : False - 1.90
        Carbohydrate         : True  - 1.99
        Ligands              : True  - 1.99
        Amino acid - RNA/DNA : False
      
  Number of custom bonds: simple=0, symmetry=0
  Time building additional restraints: 0.02
  Conformation dependent library (CDL) restraints added in 2.9 milliseconds
  
  Adding C-beta torsion restraints...
  Number of C-beta restraints generated:  2
  Time building geometry restraints manager: 0.03 seconds

  NOTE: a complete listing of the restraints can be obtained by requesting
        output of .geo file.

  Histogram of bond lengths:
        0.88 -     1.01: 17
        1.01 -     1.14: 0
        1.14 -     1.28: 3
        1.28 -     1.41: 8
        1.41 -     1.54: 9
  Bond restraints: 37
  Sorted by residual:
  bond pdb=" N   GLY A   2 "
       pdb=" H   GLY A   2 "
    ideal  model  delta    sigma   weight residual
    0.860  0.931 -0.071 2.00e-02 2.50e+03 1.26e+01
  bond pdb=" N   PHE A   1 "
       pdb=" H1  PHE A   1 "
    ideal  model  delta    sigma   weight residual
    0.960  0.928  0.032 2.00e-02 2.50e+03 2.56e+00
  bond pdb=" N   PHE A   1 "
       pdb=" H2  PHE A   1 "
    ideal  model  delta    sigma   weight residual
    0.960  0.930  0.030 2.00e-02 2.50e+03 2.31e+00
  bond pdb=" CA  GLY A   3 "
       pdb=" HA2 GLY A   3 "
    ideal  model  delta    sigma   weight residual
    0.970  1.000 -0.030 2.00e-02 2.50e+03 2.24e+00
  bond pdb=" CA  PHE A   1 "
       pdb=" HA  PHE A   1 "
    ideal  model  delta    sigma   weight residual
    0.970  0.941  0.029 2.00e-02 2.50e+03 2.13e+00
  ... (remaining 32 not shown)

  Histogram of bond angle deviations from ideal:
      105.49 -   110.04: 17
      110.04 -   114.58: 11
      114.58 -   119.13: 10
      119.13 -   123.68: 20
      123.68 -   128.22: 2
  Bond angle restraints: 60
  Sorted by residual:
  angle pdb=" C   GLY A   2 "
        pdb=" CA  GLY A   2 "
        pdb=" N   GLY A   2 "
      ideal   model   delta    sigma   weight residual
     111.50  109.18    2.32 1.74e+00 3.30e-01 1.79e+00
  angle pdb=" C   PHE A   1 "
        pdb=" N   GLY A   2 "
        pdb=" H   GLY A   2 "
      ideal   model   delta    sigma   weight residual
     124.30  128.22   -3.92 3.00e+00 1.11e-01 1.71e+00
  angle pdb=" CB  PHE A   1 "
        pdb=" CG  PHE A   1 "
        pdb=" CD1 PHE A   1 "
      ideal   model   delta    sigma   weight residual
     120.70  118.50    2.20 1.70e+00 3.46e-01 1.67e+00
  angle pdb=" CB  PHE A   1 "
        pdb=" CG  PHE A   1 "
        pdb=" CD2 PHE A   1 "
      ideal   model   delta    sigma   weight residual
     120.70  122.86   -2.16 1.70e+00 3.46e-01 1.61e+00
  angle pdb=" HA  PHE A   1 "
        pdb=" CA  PHE A   1 "
        pdb=" CB  PHE A   1 "
      ideal   model   delta    sigma   weight residual
     109.00  105.49    3.51 3.00e+00 1.11e-01 1.37e+00
  ... (remaining 55 not shown)

  Histogram of dihedral angle deviations from ideal:
        0.10 -    35.42: 12
       35.42 -    70.73: 0
       70.73 -   106.05: 0
      106.05 -   141.37: 0
      141.37 -   176.68: 1
  Dihedral angle restraints: 13
    sinusoidal: 3
      harmonic: 10
  Sorted by residual:
  dihedral pdb=" O   GLY A   3 "
           pdb=" C   GLY A   3 "
           pdb=" OXT GLY A   3 "
           pdb=" HXT GLY A   3 "
      ideal   model   delta  harmonic     sigma   weight residual
       0.00 -176.68  176.68     0      3.00e+01 1.11e-03 3.47e+01
  dihedral pdb=" CA  GLY A   2 "
           pdb=" C   GLY A   2 "
           pdb=" N   GLY A   3 "
           pdb=" CA  GLY A   3 "
      ideal   model   delta  harmonic     sigma   weight residual
     180.00  171.57    8.43     0      5.00e+00 4.00e-02 2.84e+00
  dihedral pdb=" N   PHE A   1 "
           pdb=" C   PHE A   1 "
           pdb=" CA  PHE A   1 "
           pdb=" CB  PHE A   1 "
      ideal   model   delta  harmonic     sigma   weight residual
     122.80  121.07    1.73     0      2.50e+00 1.60e-01 4.77e-01
  ... (remaining 10 not shown)

  Histogram of chiral volume deviations from ideal:
       0.056 -    0.056: 1
       0.056 -    0.056: 0
       0.056 -    0.056: 0
       0.056 -    0.056: 0
       0.056 -    0.056: 0
  Chirality restraints: 1
  Sorted by residual:
  chirality pdb=" CA  PHE A   1 "
            pdb=" C   PHE A   1 "
            pdb=" N   PHE A   1 "
            pdb=" CB  PHE A   1 "
    both_signs  ideal   model   delta    sigma   weight residual
      False     -2.51   -2.57    0.06 2.00e-01 2.50e+01 7.91e-02

  Planarity restraints: 6
  Sorted by residual:
                                 delta    sigma   weight rms_deltas residual
  plane pdb=" CB  PHE A   1 "    0.009 2.00e-02 2.50e+03   1.14e-02 3.92e+00
        pdb=" CG  PHE A   1 "    0.015 2.00e-02 2.50e+03
        pdb=" CD1 PHE A   1 "   -0.007 2.00e-02 2.50e+03
        pdb=" HD1 PHE A   1 "   -0.009 2.00e-02 2.50e+03
        pdb=" CE1 PHE A   1 "    0.009 2.00e-02 2.50e+03
        pdb=" HE1 PHE A   1 "   -0.017 2.00e-02 2.50e+03
        pdb=" CZ  PHE A   1 "    0.003 2.00e-02 2.50e+03
        pdb=" HZ  PHE A   1 "    0.022 2.00e-02 2.50e+03
        pdb=" CE2 PHE A   1 "   -0.002 2.00e-02 2.50e+03
        pdb=" HE2 PHE A   1 "   -0.014 2.00e-02 2.50e+03
        pdb=" CD2 PHE A   1 "   -0.002 2.00e-02 2.50e+03
        pdb=" HD2 PHE A   1 "   -0.007 2.00e-02 2.50e+03
                                 delta    sigma   weight rms_deltas residual
  plane pdb=" C   PHE A   1 "   -0.032 2.00e-02 2.50e+03   1.86e-02 3.44e+00
        pdb=" O   PHE A   1 "    0.012 2.00e-02 2.50e+03
        pdb=" CA  PHE A   1 "    0.009 2.00e-02 2.50e+03
        pdb=" N   GLY A   2 "    0.011 2.00e-02 2.50e+03
                                 delta    sigma   weight rms_deltas residual
  plane pdb=" O   GLY A   3 "    0.012 2.00e-02 2.50e+03   1.37e-02 2.36e+00
        pdb=" C   GLY A   3 "   -0.007 2.00e-02 2.50e+03
        pdb=" OXT GLY A   3 "   -0.020 2.00e-02 2.50e+03
        pdb=" HXT GLY A   3 "    0.019 2.00e-02 2.50e+03
        pdb=" CA  GLY A   3 "   -0.004 2.00e-02 2.50e+03
  ... (remaining 3 not shown)

  Histogram of nonbonded interaction distances:
        2.12 -     2.68: 36
        2.68 -     3.23: 50
        3.23 -     3.79: 48
        3.79 -     4.34: 62
        4.34 -     4.90: 74
  Nonbonded interactions: 270
  Sorted by model distance:
  nonbonded pdb=" HA2 GLY A   3 "
            pdb=" H   GLY A   3 "
     model   vdw
     2.120 1.816
  nonbonded pdb=" H2  PHE A   1 "
            pdb=" H   GLY A   2 "
     model   vdw
     2.132 2.100
  nonbonded pdb=" HXT GLY A   3 "
            pdb=" HA1 GLY A   3 "
     model   vdw
     2.160 2.270
  nonbonded pdb=" HA1 GLY A   2 "
            pdb=" H   GLY A   2 "
     model   vdw
     2.179 1.816
  nonbonded pdb=" HA  PHE A   1 "
            pdb=" HB2 PHE A   1 "
     model   vdw
     2.231 1.952
  ... (remaining 265 not shown)

  NOTE: a complete listing of the restraints can be obtained by requesting
        output of .geo file.

                   ----------xray_structure summary----------                  

Number of scattering types: 4
  Type Number    sf(0)   Gaussians
   O       4      7.97       2
   N       3      6.97       2
   C      13      5.97       2
   H      17      1.00       2
  sf(0) = scattering factor at diffraction angle 0.
Number of scatterers: 37
At special positions: 0
Unit cell: (14.405, 13.122, 10.023, 90, 90, 90)
Space group: P 1 (No. 1)

End of input processing
r_work=0.5171 r_free=0.3841
params.data_weight: None
params.restraints: qm
rmsd(b), start:  0.0810
mc:   0 R: 0.2167 rmsd(b):  0.0535 restraint_scale:  2.0 min_steps: 35
mc:   1 R: 0.0912 rmsd(b):  0.3642 restraint_scale:  4.0 min_steps: 32
mc:   2 R: 0.0620 rmsd(b):  0.3788 restraint_scale:  8.0 min_steps: 22
mc:   3 R: 0.0550 rmsd(b):  0.3785 restraint_scale: 16.0 min_steps: 4
mc:   4 R: 0.0698 rmsd(b):  0.3744 restraint_scale: 32.0 min_steps: 13
mc:   5 R: 0.0763 rmsd(b):  0.3736 restraint_scale: 64.0 min_steps: 16
mc:   6 R: 0.0826 rmsd(b):  0.3736 restraint_scale: 128.0 min_steps: 8
mc:   7 R: 0.0973 rmsd(b):  0.3738 restraint_scale: 256.0 min_steps: 9
mc:   8 R: 0.0973 rmsd(b):  0.3737 restraint_scale: 512.0 min_steps: 1
Convergence reached, stop now.
see the result structure:  ./p26/04_results/refine_qm/261_FGG444-new/0.9/8.pdb
Time: 283.2787
